{"ts": "2026-05-01T19:26:31.922258+00:00", "level": "INFO", "jobId": "02c59c38-c27d-4c85-a929-c5b7de7615a6", "keyword": "khai trương store", "step": "start", "message": "Job started (attempt 1/1)", "data": {"w": 2}, "seq": 48463}
{"ts": "2026-05-01T19:26:38.959009+00:00", "level": "INFO", "jobId": "02c59c38-c27d-4c85-a929-c5b7de7615a6", "keyword": "khai trương store", "step": "login", "message": "Already logged in (home).", "data": {"w": 2}, "seq": 48466}
{"ts": "2026-05-01T19:26:38.960285+00:00", "level": "INFO", "jobId": "02c59c38-c27d-4c85-a929-c5b7de7615a6", "keyword": "khai trương store", "step": "search", "message": "Searching keyword: \"khai trương store\"", "data": {"w": 2}, "seq": 48467}
{"ts": "2026-05-01T19:26:44.047759+00:00", "level": "INFO", "jobId": "02c59c38-c27d-4c85-a929-c5b7de7615a6", "keyword": "khai trương store", "step": "capture", "message": "Start capturing all posts until end of results.", "data": {"w": 2}, "seq": 48471}
{"ts": "2026-05-01T19:26:44.065903+00:00", "level": "INFO", "jobId": "02c59c38-c27d-4c85-a929-c5b7de7615a6", "keyword": "khai trương store", "step": "capture", "message": "Output folder: Lan 1 - 0226", "data": {"w": 2}, "seq": 48472}
{"ts": "2026-05-01T19:26:58.198605+00:00", "level": "INFO", "jobId": "02c59c38-c27d-4c85-a929-c5b7de7615a6", "keyword": "khai trương store", "step": "capture", "message": "Capturing posinset=1 (1/∞)…", "data": {"w": 2}, "seq": 48485}
{"ts": "2026-05-01T19:26:59.904606+00:00", "level": "INFO", "jobId": "02c59c38-c27d-4c85-a929-c5b7de7615a6", "keyword": "khai trương store", "step": "capture", "message": "Saved post_001.png (posinset=1)", "data": {"w": 2}, "seq": 48488}
{"ts": "2026-05-01T19:26:59.906074+00:00", "level": "INFO", "jobId": "02c59c38-c27d-4c85-a929-c5b7de7615a6", "keyword": "khai trương store", "step": "cooldown", "message": "Cooldown 1.0s (after capture)", "data": {"w": 2}, "seq": 48489}
{"ts": "2026-05-01T19:27:01.058005+00:00", "level": "INFO", "jobId": "02c59c38-c27d-4c85-a929-c5b7de7615a6", "keyword": "khai trương store", "step": "capture", "message": "Capturing posinset=2 (2/∞)…", "data": {"w": 2}, "seq": 48490}
{"ts": "2026-05-01T19:27:02.758362+00:00", "level": "INFO", "jobId": "02c59c38-c27d-4c85-a929-c5b7de7615a6", "keyword": "khai trương store", "step": "capture", "message": "Saved post_002.png (posinset=2)", "data": {"w": 2}, "seq": 48494}
{"ts": "2026-05-01T19:27:02.759367+00:00", "level": "INFO", "jobId": "02c59c38-c27d-4c85-a929-c5b7de7615a6", "keyword": "khai trương store", "step": "cooldown", "message": "Cooldown 1.0s (after capture)", "data": {"w": 2}, "seq": 48495}
{"ts": "2026-05-01T19:27:03.786216+00:00", "level": "INFO", "jobId": "02c59c38-c27d-4c85-a929-c5b7de7615a6", "keyword": "khai trương store", "step": "capture", "message": "Capturing posinset=3 (3/∞)…", "data": {"w": 2}, "seq": 48496}
{"ts": "2026-05-01T19:27:05.427912+00:00", "level": "INFO", "jobId": "02c59c38-c27d-4c85-a929-c5b7de7615a6", "keyword": "khai trương store", "step": "capture", "message": "Saved post_003.png (posinset=3)", "data": {"w": 2}, "seq": 48499}
{"ts": "2026-05-01T19:27:05.429431+00:00", "level": "INFO", "jobId": "02c59c38-c27d-4c85-a929-c5b7de7615a6", "keyword": "khai trương store", "step": "cooldown", "message": "Cooldown 1.0s (after capture)", "data": {"w": 2}, "seq": 48500}
{"ts": "2026-05-01T19:27:06.487034+00:00", "level": "INFO", "jobId": "02c59c38-c27d-4c85-a929-c5b7de7615a6", "keyword": "khai trương store", "step": "capture", "message": "Capturing posinset=4 (4/∞)…", "data": {"w": 2}, "seq": 48502}
{"ts": "2026-05-01T19:27:08.110943+00:00", "level": "INFO", "jobId": "02c59c38-c27d-4c85-a929-c5b7de7615a6", "keyword": "khai trương store", "step": "capture", "message": "Saved post_004.png (posinset=4)", "data": {"w": 2}, "seq": 48503}
{"ts": "2026-05-01T19:27:08.111946+00:00", "level": "INFO", "jobId": "02c59c38-c27d-4c85-a929-c5b7de7615a6", "keyword": "khai trương store", "step": "cooldown", "message": "Cooldown 1.0s (after capture)", "data": {"w": 2}, "seq": 48504}
{"ts": "2026-05-01T19:27:09.137123+00:00", "level": "INFO", "jobId": "02c59c38-c27d-4c85-a929-c5b7de7615a6", "keyword": "khai trương store", "step": "heartbeat", "message": "Worker alive", "data": {"w": 2, "elapsed_s": 37}, "seq": 48509}
{"ts": "2026-05-01T19:27:09.139130+00:00", "level": "INFO", "jobId": "02c59c38-c27d-4c85-a929-c5b7de7615a6", "keyword": "khai trương store", "step": "capture", "message": "Capturing posinset=5 (5/∞)…", "data": {"w": 2}, "seq": 48510}
{"ts": "2026-05-01T19:27:10.489768+00:00", "level": "INFO", "jobId": "02c59c38-c27d-4c85-a929-c5b7de7615a6", "keyword": "khai trương store", "step": "capture", "message": "Saved post_005.png (posinset=5)", "data": {"w": 2}, "seq": 48514}
{"ts": "2026-05-01T19:27:10.490775+00:00", "level": "INFO", "jobId": "02c59c38-c27d-4c85-a929-c5b7de7615a6", "keyword": "khai trương store", "step": "cooldown", "message": "Cooldown 1.0s (after capture)", "data": {"w": 2}, "seq": 48515}
{"ts": "2026-05-01T19:27:11.507976+00:00", "level": "INFO", "jobId": "02c59c38-c27d-4c85-a929-c5b7de7615a6", "keyword": "khai trương store", "step": "capture", "message": "Capturing posinset=6 (6/∞)…", "data": {"w": 2}, "seq": 48518}
{"ts": "2026-05-01T19:27:13.016490+00:00", "level": "INFO", "jobId": "02c59c38-c27d-4c85-a929-c5b7de7615a6", "keyword": "khai trương store", "step": "capture", "message": "Saved post_006.png (posinset=6)", "data": {"w": 2}, "seq": 48519}
{"ts": "2026-05-01T19:27:13.018490+00:00", "level": "INFO", "jobId": "02c59c38-c27d-4c85-a929-c5b7de7615a6", "keyword": "khai trương store", "step": "cooldown", "message": "Cooldown 1.0s (after capture)", "data": {"w": 2}, "seq": 48520}
{"ts": "2026-05-01T19:27:14.044202+00:00", "level": "INFO", "jobId": "02c59c38-c27d-4c85-a929-c5b7de7615a6", "keyword": "khai trương store", "step": "capture", "message": "Capturing posinset=7 (7/∞)…", "data": {"w": 2}, "seq": 48522}
{"ts": "2026-05-01T19:27:16.006961+00:00", "level": "INFO", "jobId": "02c59c38-c27d-4c85-a929-c5b7de7615a6", "keyword": "khai trương store", "step": "capture", "message": "Saved post_007.png (posinset=7)", "data": {"w": 2}, "seq": 48523}
{"ts": "2026-05-01T19:27:16.007961+00:00", "level": "INFO", "jobId": "02c59c38-c27d-4c85-a929-c5b7de7615a6", "keyword": "khai trương store", "step": "cooldown", "message": "Cooldown 1.0s (after capture)", "data": {"w": 2}, "seq": 48524}
{"ts": "2026-05-01T19:27:17.055589+00:00", "level": "INFO", "jobId": "02c59c38-c27d-4c85-a929-c5b7de7615a6", "keyword": "khai trương store", "step": "capture", "message": "Capturing posinset=8 (8/∞)…", "data": {"w": 2}, "seq": 48525}
{"ts": "2026-05-01T19:27:18.693211+00:00", "level": "INFO", "jobId": "02c59c38-c27d-4c85-a929-c5b7de7615a6", "keyword": "khai trương store", "step": "capture", "message": "Saved post_008.png (posinset=8)", "data": {"w": 2}, "seq": 48526}
{"ts": "2026-05-01T19:27:18.694217+00:00", "level": "INFO", "jobId": "02c59c38-c27d-4c85-a929-c5b7de7615a6", "keyword": "khai trương store", "step": "cooldown", "message": "Cooldown 1.0s (after capture)", "data": {"w": 2}, "seq": 48527}
{"ts": "2026-05-01T19:27:19.710078+00:00", "level": "INFO", "jobId": "02c59c38-c27d-4c85-a929-c5b7de7615a6", "keyword": "khai trương store", "step": "capture", "message": "Capturing posinset=9 (9/∞)…", "data": {"w": 2}, "seq": 48530}
{"ts": "2026-05-01T19:27:21.612198+00:00", "level": "INFO", "jobId": "02c59c38-c27d-4c85-a929-c5b7de7615a6", "keyword": "khai trương store", "step": "capture", "message": "Saved post_009.png (posinset=9)", "data": {"w": 2}, "seq": 48536}
{"ts": "2026-05-01T19:27:21.614200+00:00", "level": "INFO", "jobId": "02c59c38-c27d-4c85-a929-c5b7de7615a6", "keyword": "khai trương store", "step": "cooldown", "message": "Cooldown 1.0s (after capture)", "data": {"w": 2}, "seq": 48537}
{"ts": "2026-05-01T19:27:22.637851+00:00", "level": "INFO", "jobId": "02c59c38-c27d-4c85-a929-c5b7de7615a6", "keyword": "khai trương store", "step": "capture", "message": "Capturing posinset=10 (10/∞)…", "data": {"w": 2}, "seq": 48540}
{"ts": "2026-05-01T19:27:24.041271+00:00", "level": "INFO", "jobId": "02c59c38-c27d-4c85-a929-c5b7de7615a6", "keyword": "khai trương store", "step": "capture", "message": "Saved post_010.png (posinset=10)", "data": {"w": 2}, "seq": 48542}
{"ts": "2026-05-01T19:27:24.042270+00:00", "level": "INFO", "jobId": "02c59c38-c27d-4c85-a929-c5b7de7615a6", "keyword": "khai trương store", "step": "cooldown", "message": "Cooldown 1.0s (after capture)", "data": {"w": 2}, "seq": 48543}
{"ts": "2026-05-01T19:27:25.074478+00:00", "level": "INFO", "jobId": "02c59c38-c27d-4c85-a929-c5b7de7615a6", "keyword": "khai trương store", "step": "heartbeat", "message": "Worker alive", "data": {"w": 2, "elapsed_s": 53}, "seq": 48546}
{"ts": "2026-05-01T19:27:25.075479+00:00", "level": "INFO", "jobId": "02c59c38-c27d-4c85-a929-c5b7de7615a6", "keyword": "khai trương store", "step": "capture", "message": "Capturing posinset=11 (11/∞)…", "data": {"w": 2}, "seq": 48547}
{"ts": "2026-05-01T19:27:27.989022+00:00", "level": "INFO", "jobId": "02c59c38-c27d-4c85-a929-c5b7de7615a6", "keyword": "khai trương store", "step": "capture", "message": "Saved post_011.png (posinset=11)", "data": {"w": 2}, "seq": 48549}
{"ts": "2026-05-01T19:27:27.991027+00:00", "level": "INFO", "jobId": "02c59c38-c27d-4c85-a929-c5b7de7615a6", "keyword": "khai trương store", "step": "cooldown", "message": "Cooldown 1.0s (after capture)", "data": {"w": 2}, "seq": 48550}
{"ts": "2026-05-01T19:27:29.010596+00:00", "level": "INFO", "jobId": "02c59c38-c27d-4c85-a929-c5b7de7615a6", "keyword": "khai trương store", "step": "capture", "message": "Capturing posinset=12 (12/∞)…", "data": {"w": 2}, "seq": 48553}
{"ts": "2026-05-01T19:27:30.640902+00:00", "level": "INFO", "jobId": "02c59c38-c27d-4c85-a929-c5b7de7615a6", "keyword": "khai trương store", "step": "capture", "message": "Saved post_012.png (posinset=12)", "data": {"w": 2}, "seq": 48555}
{"ts": "2026-05-01T19:27:30.643397+00:00", "level": "INFO", "jobId": "02c59c38-c27d-4c85-a929-c5b7de7615a6", "keyword": "khai trương store", "step": "cooldown", "message": "Cooldown 1.0s (after capture)", "data": {"w": 2}, "seq": 48556}
{"ts": "2026-05-01T19:27:31.680801+00:00", "level": "INFO", "jobId": "02c59c38-c27d-4c85-a929-c5b7de7615a6", "keyword": "khai trương store", "step": "capture", "message": "Capturing posinset=13 (13/∞)…", "data": {"w": 2}, "seq": 48557}
{"ts": "2026-05-01T19:27:32.974161+00:00", "level": "INFO", "jobId": "02c59c38-c27d-4c85-a929-c5b7de7615a6", "keyword": "khai trương store", "step": "capture", "message": "Saved post_013.png (posinset=13)", "data": {"w": 2}, "seq": 48561}
{"ts": "2026-05-01T19:27:32.975159+00:00", "level": "INFO", "jobId": "02c59c38-c27d-4c85-a929-c5b7de7615a6", "keyword": "khai trương store", "step": "cooldown", "message": "Cooldown 1.0s (after capture)", "data": {"w": 2}, "seq": 48562}
{"ts": "2026-05-01T19:27:34.004498+00:00", "level": "INFO", "jobId": "02c59c38-c27d-4c85-a929-c5b7de7615a6", "keyword": "khai trương store", "step": "capture", "message": "Capturing posinset=14 (14/∞)…", "data": {"w": 2}, "seq": 48563}
{"ts": "2026-05-01T19:27:36.044042+00:00", "level": "INFO", "jobId": "02c59c38-c27d-4c85-a929-c5b7de7615a6", "keyword": "khai trương store", "step": "capture", "message": "Saved post_014.png (posinset=14)", "data": {"w": 2}, "seq": 48566}
{"ts": "2026-05-01T19:27:36.045040+00:00", "level": "INFO", "jobId": "02c59c38-c27d-4c85-a929-c5b7de7615a6", "keyword": "khai trương store", "step": "cooldown", "message": "Cooldown 1.0s (after capture)", "data": {"w": 2}, "seq": 48567}
{"ts": "2026-05-01T19:27:37.073834+00:00", "level": "INFO", "jobId": "02c59c38-c27d-4c85-a929-c5b7de7615a6", "keyword": "khai trương store", "step": "capture", "message": "Capturing posinset=15 (15/∞)…", "data": {"w": 2}, "seq": 48570}
{"ts": "2026-05-01T19:27:38.624651+00:00", "level": "INFO", "jobId": "02c59c38-c27d-4c85-a929-c5b7de7615a6", "keyword": "khai trương store", "step": "capture", "message": "Saved post_015.png (posinset=15)", "data": {"w": 2}, "seq": 48571}
{"ts": "2026-05-01T19:27:38.626650+00:00", "level": "INFO", "jobId": "02c59c38-c27d-4c85-a929-c5b7de7615a6", "keyword": "khai trương store", "step": "cooldown", "message": "Cooldown 1.0s (after capture)", "data": {"w": 2}, "seq": 48572}
{"ts": "2026-05-01T19:27:39.654731+00:00", "level": "INFO", "jobId": "02c59c38-c27d-4c85-a929-c5b7de7615a6", "keyword": "khai trương store", "step": "capture", "message": "Capturing posinset=16 (16/∞)…", "data": {"w": 2}, "seq": 48577}
{"ts": "2026-05-01T19:27:41.430067+00:00", "level": "INFO", "jobId": "02c59c38-c27d-4c85-a929-c5b7de7615a6", "keyword": "khai trương store", "step": "capture", "message": "Saved post_016.png (posinset=16)", "data": {"w": 2}, "seq": 48581}
{"ts": "2026-05-01T19:27:41.435067+00:00", "level": "INFO", "jobId": "02c59c38-c27d-4c85-a929-c5b7de7615a6", "keyword": "khai trương store", "step": "cooldown", "message": "Cooldown 1.0s (after capture)", "data": {"w": 2}, "seq": 48582}
{"ts": "2026-05-01T19:27:42.839180+00:00", "level": "INFO", "jobId": "02c59c38-c27d-4c85-a929-c5b7de7615a6", "keyword": "khai trương store", "step": "heartbeat", "message": "Worker alive", "data": {"w": 2, "elapsed_s": 70}, "seq": 48585}
{"ts": "2026-05-01T19:27:42.840355+00:00", "level": "INFO", "jobId": "02c59c38-c27d-4c85-a929-c5b7de7615a6", "keyword": "khai trương store", "step": "capture", "message": "Capturing posinset=17 (17/∞)…", "data": {"w": 2}, "seq": 48586}
{"ts": "2026-05-01T19:27:44.856591+00:00", "level": "INFO", "jobId": "02c59c38-c27d-4c85-a929-c5b7de7615a6", "keyword": "khai trương store", "step": "capture", "message": "Saved post_017.png (posinset=17)", "data": {"w": 2}, "seq": 48588}
{"ts": "2026-05-01T19:27:44.857591+00:00", "level": "INFO", "jobId": "02c59c38-c27d-4c85-a929-c5b7de7615a6", "keyword": "khai trương store", "step": "cooldown", "message": "Cooldown 1.0s (after capture)", "data": {"w": 2}, "seq": 48589}
{"ts": "2026-05-01T19:27:45.876184+00:00", "level": "INFO", "jobId": "02c59c38-c27d-4c85-a929-c5b7de7615a6", "keyword": "khai trương store", "step": "capture", "message": "Capturing posinset=18 (18/∞)…", "data": {"w": 2}, "seq": 48592}
{"ts": "2026-05-01T19:27:47.684111+00:00", "level": "INFO", "jobId": "02c59c38-c27d-4c85-a929-c5b7de7615a6", "keyword": "khai trương store", "step": "capture", "message": "Saved post_018.png (posinset=18)", "data": {"w": 2}, "seq": 48594}
{"ts": "2026-05-01T19:27:47.685114+00:00", "level": "INFO", "jobId": "02c59c38-c27d-4c85-a929-c5b7de7615a6", "keyword": "khai trương store", "step": "cooldown", "message": "Cooldown 1.0s (after capture)", "data": {"w": 2}, "seq": 48595}
{"ts": "2026-05-01T19:27:48.716231+00:00", "level": "INFO", "jobId": "02c59c38-c27d-4c85-a929-c5b7de7615a6", "keyword": "khai trương store", "step": "capture", "message": "Capturing posinset=19 (19/∞)…", "data": {"w": 2}, "seq": 48596}
{"ts": "2026-05-01T19:27:50.081498+00:00", "level": "INFO", "jobId": "02c59c38-c27d-4c85-a929-c5b7de7615a6", "keyword": "khai trương store", "step": "capture", "message": "Saved post_019.png (posinset=19)", "data": {"w": 2}, "seq": 48599}
{"ts": "2026-05-01T19:27:50.082506+00:00", "level": "INFO", "jobId": "02c59c38-c27d-4c85-a929-c5b7de7615a6", "keyword": "khai trương store", "step": "cooldown", "message": "Cooldown 1.0s (after capture)", "data": {"w": 2}, "seq": 48600}
{"ts": "2026-05-01T19:27:51.116662+00:00", "level": "INFO", "jobId": "02c59c38-c27d-4c85-a929-c5b7de7615a6", "keyword": "khai trương store", "step": "capture", "message": "Capturing posinset=20 (20/∞)…", "data": {"w": 2}, "seq": 48602}
{"ts": "2026-05-01T19:27:52.692012+00:00", "level": "INFO", "jobId": "02c59c38-c27d-4c85-a929-c5b7de7615a6", "keyword": "khai trương store", "step": "capture", "message": "Saved post_020.png (posinset=20)", "data": {"w": 2}, "seq": 48603}
{"ts": "2026-05-01T19:27:52.693011+00:00", "level": "INFO", "jobId": "02c59c38-c27d-4c85-a929-c5b7de7615a6", "keyword": "khai trương store", "step": "cooldown", "message": "Cooldown 1.0s (after capture)", "data": {"w": 2}, "seq": 48604}
{"ts": "2026-05-01T19:27:53.722218+00:00", "level": "INFO", "jobId": "02c59c38-c27d-4c85-a929-c5b7de7615a6", "keyword": "khai trương store", "step": "capture", "message": "Capturing posinset=21 (21/∞)…", "data": {"w": 2}, "seq": 48607}
{"ts": "2026-05-01T19:27:55.137752+00:00", "level": "INFO", "jobId": "02c59c38-c27d-4c85-a929-c5b7de7615a6", "keyword": "khai trương store", "step": "capture", "message": "Saved post_021.png (posinset=21)", "data": {"w": 2}, "seq": 48610}
{"ts": "2026-05-01T19:27:55.139259+00:00", "level": "INFO", "jobId": "02c59c38-c27d-4c85-a929-c5b7de7615a6", "keyword": "khai trương store", "step": "cooldown", "message": "Cooldown 1.0s (after capture)", "data": {"w": 2}, "seq": 48611}
{"ts": "2026-05-01T19:27:56.714671+00:00", "level": "INFO", "jobId": "02c59c38-c27d-4c85-a929-c5b7de7615a6", "keyword": "khai trương store", "step": "capture", "message": "Capturing posinset=22 (22/∞)…", "data": {"w": 2}, "seq": 48612}
{"ts": "2026-05-01T19:28:00.685219+00:00", "level": "INFO", "jobId": "02c59c38-c27d-4c85-a929-c5b7de7615a6", "keyword": "khai trương store", "step": "capture", "message": "Saved post_022.png (posinset=22)", "data": {"w": 2}, "seq": 48616}
{"ts": "2026-05-01T19:28:00.686270+00:00", "level": "INFO", "jobId": "02c59c38-c27d-4c85-a929-c5b7de7615a6", "keyword": "khai trương store", "step": "cooldown", "message": "Cooldown 1.0s (after capture)", "data": {"w": 2}, "seq": 48617}
{"ts": "2026-05-01T19:28:01.701835+00:00", "level": "INFO", "jobId": "02c59c38-c27d-4c85-a929-c5b7de7615a6", "keyword": "khai trương store", "step": "heartbeat", "message": "Worker alive", "data": {"w": 2, "elapsed_s": 89}, "seq": 48622}
{"ts": "2026-05-01T19:28:01.701835+00:00", "level": "INFO", "jobId": "02c59c38-c27d-4c85-a929-c5b7de7615a6", "keyword": "khai trương store", "step": "capture", "message": "Capturing posinset=23 (23/∞)…", "data": {"w": 2}, "seq": 48623}
{"ts": "2026-05-01T19:28:02.932416+00:00", "level": "INFO", "jobId": "02c59c38-c27d-4c85-a929-c5b7de7615a6", "keyword": "khai trương store", "step": "capture", "message": "Saved post_023.png (posinset=23)", "data": {"w": 2}, "seq": 48627}
{"ts": "2026-05-01T19:28:02.933462+00:00", "level": "INFO", "jobId": "02c59c38-c27d-4c85-a929-c5b7de7615a6", "keyword": "khai trương store", "step": "cooldown", "message": "Cooldown 1.0s (after capture)", "data": {"w": 2}, "seq": 48628}
{"ts": "2026-05-01T19:28:03.958063+00:00", "level": "INFO", "jobId": "02c59c38-c27d-4c85-a929-c5b7de7615a6", "keyword": "khai trương store", "step": "capture", "message": "Capturing posinset=24 (24/∞)…", "data": {"w": 2}, "seq": 48631}
{"ts": "2026-05-01T19:28:05.471287+00:00", "level": "INFO", "jobId": "02c59c38-c27d-4c85-a929-c5b7de7615a6", "keyword": "khai trương store", "step": "capture", "message": "Saved post_024.png (posinset=24)", "data": {"w": 2}, "seq": 48633}
{"ts": "2026-05-01T19:28:05.472290+00:00", "level": "INFO", "jobId": "02c59c38-c27d-4c85-a929-c5b7de7615a6", "keyword": "khai trương store", "step": "cooldown", "message": "Cooldown 1.0s (after capture)", "data": {"w": 2}, "seq": 48634}
{"ts": "2026-05-01T19:28:06.504164+00:00", "level": "INFO", "jobId": "02c59c38-c27d-4c85-a929-c5b7de7615a6", "keyword": "khai trương store", "step": "capture", "message": "Capturing posinset=25 (25/∞)…", "data": {"w": 2}, "seq": 48635}
{"ts": "2026-05-01T19:28:08.135436+00:00", "level": "INFO", "jobId": "02c59c38-c27d-4c85-a929-c5b7de7615a6", "keyword": "khai trương store", "step": "capture", "message": "Saved post_025.png (posinset=25)", "data": {"w": 2}, "seq": 48638}
{"ts": "2026-05-01T19:28:08.136511+00:00", "level": "INFO", "jobId": "02c59c38-c27d-4c85-a929-c5b7de7615a6", "keyword": "khai trương store", "step": "cooldown", "message": "Cooldown 1.0s (after capture)", "data": {"w": 2}, "seq": 48639}
{"ts": "2026-05-01T19:28:09.169563+00:00", "level": "INFO", "jobId": "02c59c38-c27d-4c85-a929-c5b7de7615a6", "keyword": "khai trương store", "step": "capture", "message": "Capturing posinset=26 (26/∞)…", "data": {"w": 2}, "seq": 48641}
{"ts": "2026-05-01T19:28:10.807089+00:00", "level": "INFO", "jobId": "02c59c38-c27d-4c85-a929-c5b7de7615a6", "keyword": "khai trương store", "step": "capture", "message": "Saved post_026.png (posinset=26)", "data": {"w": 2}, "seq": 48642}
{"ts": "2026-05-01T19:28:10.808088+00:00", "level": "INFO", "jobId": "02c59c38-c27d-4c85-a929-c5b7de7615a6", "keyword": "khai trương store", "step": "cooldown", "message": "Cooldown 1.0s (after capture)", "data": {"w": 2}, "seq": 48643}
{"ts": "2026-05-01T19:28:12.547782+00:00", "level": "INFO", "jobId": "02c59c38-c27d-4c85-a929-c5b7de7615a6", "keyword": "khai trương store", "step": "capture", "message": "Capturing posinset=27 (27/∞)…", "data": {"w": 2}, "seq": 48646}
{"ts": "2026-05-01T19:28:14.630010+00:00", "level": "INFO", "jobId": "02c59c38-c27d-4c85-a929-c5b7de7615a6", "keyword": "khai trương store", "step": "capture", "message": "Saved post_027.png (posinset=27)", "data": {"w": 2}, "seq": 48652}
{"ts": "2026-05-01T19:28:14.631296+00:00", "level": "INFO", "jobId": "02c59c38-c27d-4c85-a929-c5b7de7615a6", "keyword": "khai trương store", "step": "cooldown", "message": "Cooldown 1.0s (after capture)", "data": {"w": 2}, "seq": 48653}
{"ts": "2026-05-01T19:28:15.652217+00:00", "level": "INFO", "jobId": "02c59c38-c27d-4c85-a929-c5b7de7615a6", "keyword": "khai trương store", "step": "capture", "message": "Capturing posinset=28 (28/∞)…", "data": {"w": 2}, "seq": 48656}
{"ts": "2026-05-01T19:28:18.516749+00:00", "level": "INFO", "jobId": "02c59c38-c27d-4c85-a929-c5b7de7615a6", "keyword": "khai trương store", "step": "capture", "message": "Saved post_028.png (posinset=28)", "data": {"w": 2}, "seq": 48658}
{"ts": "2026-05-01T19:28:18.518095+00:00", "level": "INFO", "jobId": "02c59c38-c27d-4c85-a929-c5b7de7615a6", "keyword": "khai trương store", "step": "cooldown", "message": "Cooldown 1.0s (after capture)", "data": {"w": 2}, "seq": 48659}
{"ts": "2026-05-01T19:28:19.533813+00:00", "level": "INFO", "jobId": "02c59c38-c27d-4c85-a929-c5b7de7615a6", "keyword": "khai trương store", "step": "heartbeat", "message": "Worker alive", "data": {"w": 2, "elapsed_s": 107}, "seq": 48662}
{"ts": "2026-05-01T19:28:19.534874+00:00", "level": "INFO", "jobId": "02c59c38-c27d-4c85-a929-c5b7de7615a6", "keyword": "khai trương store", "step": "capture", "message": "Capturing posinset=29 (29/∞)…", "data": {"w": 2}, "seq": 48663}
{"ts": "2026-05-01T19:28:21.053553+00:00", "level": "INFO", "jobId": "02c59c38-c27d-4c85-a929-c5b7de7615a6", "keyword": "khai trương store", "step": "capture", "message": "Saved post_029.png (posinset=29)", "data": {"w": 2}, "seq": 48665}
{"ts": "2026-05-01T19:28:21.055560+00:00", "level": "INFO", "jobId": "02c59c38-c27d-4c85-a929-c5b7de7615a6", "keyword": "khai trương store", "step": "cooldown", "message": "Cooldown 1.0s (after capture)", "data": {"w": 2}, "seq": 48666}
{"ts": "2026-05-01T19:28:22.085569+00:00", "level": "INFO", "jobId": "02c59c38-c27d-4c85-a929-c5b7de7615a6", "keyword": "khai trương store", "step": "capture", "message": "Capturing posinset=30 (30/∞)…", "data": {"w": 2}, "seq": 48667}
{"ts": "2026-05-01T19:28:23.570018+00:00", "level": "INFO", "jobId": "02c59c38-c27d-4c85-a929-c5b7de7615a6", "keyword": "khai trương store", "step": "capture", "message": "Saved post_030.png (posinset=30)", "data": {"w": 2}, "seq": 48675}
{"ts": "2026-05-01T19:28:23.572239+00:00", "level": "INFO", "jobId": "02c59c38-c27d-4c85-a929-c5b7de7615a6", "keyword": "khai trương store", "step": "cooldown", "message": "Cooldown 1.0s (after capture)", "data": {"w": 2}, "seq": 48676}
{"ts": "2026-05-01T19:28:24.600747+00:00", "level": "INFO", "jobId": "02c59c38-c27d-4c85-a929-c5b7de7615a6", "keyword": "khai trương store", "step": "capture", "message": "Capturing posinset=31 (31/∞)…", "data": {"w": 2}, "seq": 48677}
{"ts": "2026-05-01T19:28:26.255978+00:00", "level": "INFO", "jobId": "02c59c38-c27d-4c85-a929-c5b7de7615a6", "keyword": "khai trương store", "step": "capture", "message": "Saved post_031.png (posinset=31)", "data": {"w": 2}, "seq": 48678}
{"ts": "2026-05-01T19:28:26.256990+00:00", "level": "INFO", "jobId": "02c59c38-c27d-4c85-a929-c5b7de7615a6", "keyword": "khai trương store", "step": "cooldown", "message": "Cooldown 1.0s (after capture)", "data": {"w": 2}, "seq": 48679}
{"ts": "2026-05-01T19:28:27.547644+00:00", "level": "INFO", "jobId": "02c59c38-c27d-4c85-a929-c5b7de7615a6", "keyword": "khai trương store", "step": "capture", "message": "Capturing posinset=32 (32/∞)…", "data": {"w": 2}, "seq": 48682}
{"ts": "2026-05-01T19:28:32.398370+00:00", "level": "INFO", "jobId": "02c59c38-c27d-4c85-a929-c5b7de7615a6", "keyword": "khai trương store", "step": "capture", "message": "Capturing posinset=32 (32/∞)…", "data": {"w": 2}, "seq": 48687}
{"ts": "2026-05-01T19:28:34.208020+00:00", "level": "INFO", "jobId": "02c59c38-c27d-4c85-a929-c5b7de7615a6", "keyword": "khai trương store", "step": "capture", "message": "Saved post_032.png (posinset=32)", "data": {"w": 2}, "seq": 48691}
{"ts": "2026-05-01T19:28:34.210087+00:00", "level": "INFO", "jobId": "02c59c38-c27d-4c85-a929-c5b7de7615a6", "keyword": "khai trương store", "step": "cooldown", "message": "Cooldown 1.0s (after capture)", "data": {"w": 2}, "seq": 48692}
{"ts": "2026-05-01T19:28:35.236506+00:00", "level": "INFO", "jobId": "02c59c38-c27d-4c85-a929-c5b7de7615a6", "keyword": "khai trương store", "step": "heartbeat", "message": "Worker alive", "data": {"w": 2, "elapsed_s": 123}, "seq": 48694}
{"ts": "2026-05-01T19:28:35.238016+00:00", "level": "INFO", "jobId": "02c59c38-c27d-4c85-a929-c5b7de7615a6", "keyword": "khai trương store", "step": "capture", "message": "Capturing posinset=33 (33/∞)…", "data": {"w": 2}, "seq": 48695}
{"ts": "2026-05-01T19:28:37.353096+00:00", "level": "INFO", "jobId": "02c59c38-c27d-4c85-a929-c5b7de7615a6", "keyword": "khai trương store", "step": "capture", "message": "Saved post_033.png (posinset=33)", "data": {"w": 2}, "seq": 48696}
{"ts": "2026-05-01T19:28:37.354093+00:00", "level": "INFO", "jobId": "02c59c38-c27d-4c85-a929-c5b7de7615a6", "keyword": "khai trương store", "step": "cooldown", "message": "Cooldown 1.0s (after capture)", "data": {"w": 2}, "seq": 48697}
{"ts": "2026-05-01T19:28:38.382474+00:00", "level": "INFO", "jobId": "02c59c38-c27d-4c85-a929-c5b7de7615a6", "keyword": "khai trương store", "step": "capture", "message": "Capturing posinset=34 (34/∞)…", "data": {"w": 2}, "seq": 48700}
{"ts": "2026-05-01T19:28:42.238899+00:00", "level": "INFO", "jobId": "02c59c38-c27d-4c85-a929-c5b7de7615a6", "keyword": "khai trương store", "step": "capture", "message": "Saved post_034.png (posinset=34)", "data": {"w": 2}, "seq": 48708}
{"ts": "2026-05-01T19:28:42.240198+00:00", "level": "INFO", "jobId": "02c59c38-c27d-4c85-a929-c5b7de7615a6", "keyword": "khai trương store", "step": "cooldown", "message": "Cooldown 1.0s (after capture)", "data": {"w": 2}, "seq": 48709}
{"ts": "2026-05-01T19:28:43.266842+00:00", "level": "INFO", "jobId": "02c59c38-c27d-4c85-a929-c5b7de7615a6", "keyword": "khai trương store", "step": "capture", "message": "Capturing posinset=35 (35/∞)…", "data": {"w": 2}, "seq": 48711}
{"ts": "2026-05-01T19:28:45.337076+00:00", "level": "INFO", "jobId": "02c59c38-c27d-4c85-a929-c5b7de7615a6", "keyword": "khai trương store", "step": "capture", "message": "Saved post_035.png (posinset=35)", "data": {"w": 2}, "seq": 48712}
{"ts": "2026-05-01T19:28:45.341357+00:00", "level": "INFO", "jobId": "02c59c38-c27d-4c85-a929-c5b7de7615a6", "keyword": "khai trương store", "step": "cooldown", "message": "Cooldown 1.0s (after capture)", "data": {"w": 2}, "seq": 48713}
{"ts": "2026-05-01T19:28:46.424261+00:00", "level": "INFO", "jobId": "02c59c38-c27d-4c85-a929-c5b7de7615a6", "keyword": "khai trương store", "step": "capture", "message": "Capturing posinset=36 (36/∞)…", "data": {"w": 2}, "seq": 48718}
{"ts": "2026-05-01T19:28:48.025500+00:00", "level": "INFO", "jobId": "02c59c38-c27d-4c85-a929-c5b7de7615a6", "keyword": "khai trương store", "step": "capture", "message": "Saved post_036.png (posinset=36)", "data": {"w": 2}, "seq": 48722}
{"ts": "2026-05-01T19:28:48.027921+00:00", "level": "INFO", "jobId": "02c59c38-c27d-4c85-a929-c5b7de7615a6", "keyword": "khai trương store", "step": "cooldown", "message": "Cooldown 1.0s (after capture)", "data": {"w": 2}, "seq": 48723}
{"ts": "2026-05-01T19:28:49.064613+00:00", "level": "INFO", "jobId": "02c59c38-c27d-4c85-a929-c5b7de7615a6", "keyword": "khai trương store", "step": "capture", "message": "Capturing posinset=37 (37/∞)…", "data": {"w": 2}, "seq": 48726}
{"ts": "2026-05-01T19:28:51.702410+00:00", "level": "INFO", "jobId": "02c59c38-c27d-4c85-a929-c5b7de7615a6", "keyword": "khai trương store", "step": "capture", "message": "Saved post_037.png (posinset=37)", "data": {"w": 2}, "seq": 48728}
{"ts": "2026-05-01T19:28:51.704568+00:00", "level": "INFO", "jobId": "02c59c38-c27d-4c85-a929-c5b7de7615a6", "keyword": "khai trương store", "step": "cooldown", "message": "Cooldown 1.0s (after capture)", "data": {"w": 2}, "seq": 48729}
{"ts": "2026-05-01T19:28:52.747529+00:00", "level": "INFO", "jobId": "02c59c38-c27d-4c85-a929-c5b7de7615a6", "keyword": "khai trương store", "step": "heartbeat", "message": "Worker alive", "data": {"w": 2, "elapsed_s": 140}, "seq": 48732}
{"ts": "2026-05-01T19:28:52.749529+00:00", "level": "INFO", "jobId": "02c59c38-c27d-4c85-a929-c5b7de7615a6", "keyword": "khai trương store", "step": "capture", "message": "Capturing posinset=38 (38/∞)…", "data": {"w": 2}, "seq": 48733}
{"ts": "2026-05-01T19:28:54.447165+00:00", "level": "INFO", "jobId": "02c59c38-c27d-4c85-a929-c5b7de7615a6", "keyword": "khai trương store", "step": "capture", "message": "Saved post_038.png (posinset=38)", "data": {"w": 2}, "seq": 48738}
{"ts": "2026-05-01T19:28:54.449165+00:00", "level": "INFO", "jobId": "02c59c38-c27d-4c85-a929-c5b7de7615a6", "keyword": "khai trương store", "step": "cooldown", "message": "Cooldown 1.0s (after capture)", "data": {"w": 2}, "seq": 48739}
{"ts": "2026-05-01T19:28:55.607266+00:00", "level": "INFO", "jobId": "02c59c38-c27d-4c85-a929-c5b7de7615a6", "keyword": "khai trương store", "step": "capture", "message": "Capturing posinset=39 (39/∞)…", "data": {"w": 2}, "seq": 48740}
{"ts": "2026-05-01T19:28:57.788505+00:00", "level": "INFO", "jobId": "02c59c38-c27d-4c85-a929-c5b7de7615a6", "keyword": "khai trương store", "step": "capture", "message": "Saved post_039.png (posinset=39)", "data": {"w": 2}, "seq": 48743}
{"ts": "2026-05-01T19:28:57.789909+00:00", "level": "INFO", "jobId": "02c59c38-c27d-4c85-a929-c5b7de7615a6", "keyword": "khai trương store", "step": "cooldown", "message": "Cooldown 1.0s (after capture)", "data": {"w": 2}, "seq": 48744}
{"ts": "2026-05-01T19:28:58.815404+00:00", "level": "INFO", "jobId": "02c59c38-c27d-4c85-a929-c5b7de7615a6", "keyword": "khai trương store", "step": "capture", "message": "Capturing posinset=40 (40/∞)…", "data": {"w": 2}, "seq": 48746}
{"ts": "2026-05-01T19:29:00.640618+00:00", "level": "INFO", "jobId": "02c59c38-c27d-4c85-a929-c5b7de7615a6", "keyword": "khai trương store", "step": "capture", "message": "Saved post_040.png (posinset=40)", "data": {"w": 2}, "seq": 48749}
{"ts": "2026-05-01T19:29:00.642011+00:00", "level": "INFO", "jobId": "02c59c38-c27d-4c85-a929-c5b7de7615a6", "keyword": "khai trương store", "step": "cooldown", "message": "Cooldown 1.0s (after capture)", "data": {"w": 2}, "seq": 48750}
{"ts": "2026-05-01T19:29:01.676808+00:00", "level": "INFO", "jobId": "02c59c38-c27d-4c85-a929-c5b7de7615a6", "keyword": "khai trương store", "step": "capture", "message": "Capturing posinset=41 (41/∞)…", "data": {"w": 2}, "seq": 48753}
{"ts": "2026-05-01T19:29:03.335118+00:00", "level": "INFO", "jobId": "02c59c38-c27d-4c85-a929-c5b7de7615a6", "keyword": "khai trương store", "step": "capture", "message": "Saved post_041.png (posinset=41)", "data": {"w": 2}, "seq": 48754}
{"ts": "2026-05-01T19:29:03.336196+00:00", "level": "INFO", "jobId": "02c59c38-c27d-4c85-a929-c5b7de7615a6", "keyword": "khai trương store", "step": "cooldown", "message": "Cooldown 1.0s (after capture)", "data": {"w": 2}, "seq": 48755}
{"ts": "2026-05-01T19:29:04.917419+00:00", "level": "INFO", "jobId": "02c59c38-c27d-4c85-a929-c5b7de7615a6", "keyword": "khai trương store", "step": "capture", "message": "Capturing posinset=42 (42/∞)…", "data": {"w": 2}, "seq": 48762}
{"ts": "2026-05-01T19:29:08.168485+00:00", "level": "INFO", "jobId": "02c59c38-c27d-4c85-a929-c5b7de7615a6", "keyword": "khai trương store", "step": "capture", "message": "Saved post_042.png (posinset=42)", "data": {"w": 2}, "seq": 48764}
{"ts": "2026-05-01T19:29:08.172486+00:00", "level": "INFO", "jobId": "02c59c38-c27d-4c85-a929-c5b7de7615a6", "keyword": "khai trương store", "step": "cooldown", "message": "Cooldown 1.0s (after capture)", "data": {"w": 2}, "seq": 48765}
{"ts": "2026-05-01T19:29:09.209810+00:00", "level": "INFO", "jobId": "02c59c38-c27d-4c85-a929-c5b7de7615a6", "keyword": "khai trương store", "step": "heartbeat", "message": "Worker alive", "data": {"w": 2, "elapsed_s": 157}, "seq": 48768}
{"ts": "2026-05-01T19:29:09.216369+00:00", "level": "INFO", "jobId": "02c59c38-c27d-4c85-a929-c5b7de7615a6", "keyword": "khai trương store", "step": "capture", "message": "Capturing posinset=43 (43/∞)…", "data": {"w": 2}, "seq": 48769}
{"ts": "2026-05-01T19:29:12.672795+00:00", "level": "INFO", "jobId": "02c59c38-c27d-4c85-a929-c5b7de7615a6", "keyword": "khai trương store", "step": "capture", "message": "Saved post_043.png (posinset=43)", "data": {"w": 2}, "seq": 48771}
{"ts": "2026-05-01T19:29:12.674635+00:00", "level": "INFO", "jobId": "02c59c38-c27d-4c85-a929-c5b7de7615a6", "keyword": "khai trương store", "step": "cooldown", "message": "Cooldown 1.0s (after capture)", "data": {"w": 2}, "seq": 48772}
{"ts": "2026-05-01T19:29:13.828976+00:00", "level": "INFO", "jobId": "02c59c38-c27d-4c85-a929-c5b7de7615a6", "keyword": "khai trương store", "step": "capture", "message": "Capturing posinset=44 (44/∞)…", "data": {"w": 2}, "seq": 48775}
{"ts": "2026-05-01T19:29:16.215468+00:00", "level": "INFO", "jobId": "02c59c38-c27d-4c85-a929-c5b7de7615a6", "keyword": "khai trương store", "step": "capture", "message": "Saved post_044.png (posinset=44)", "data": {"w": 2}, "seq": 48779}
{"ts": "2026-05-01T19:29:16.217469+00:00", "level": "INFO", "jobId": "02c59c38-c27d-4c85-a929-c5b7de7615a6", "keyword": "khai trương store", "step": "cooldown", "message": "Cooldown 1.0s (after capture)", "data": {"w": 2}, "seq": 48780}
{"ts": "2026-05-01T19:29:17.272703+00:00", "level": "INFO", "jobId": "02c59c38-c27d-4c85-a929-c5b7de7615a6", "keyword": "khai trương store", "step": "capture", "message": "Capturing posinset=45 (45/∞)…", "data": {"w": 2}, "seq": 48782}
{"ts": "2026-05-01T19:29:19.338079+00:00", "level": "INFO", "jobId": "02c59c38-c27d-4c85-a929-c5b7de7615a6", "keyword": "khai trương store", "step": "capture", "message": "Saved post_045.png (posinset=45)", "data": {"w": 2}, "seq": 48785}
{"ts": "2026-05-01T19:29:19.340360+00:00", "level": "INFO", "jobId": "02c59c38-c27d-4c85-a929-c5b7de7615a6", "keyword": "khai trương store", "step": "cooldown", "message": "Cooldown 1.0s (after capture)", "data": {"w": 2}, "seq": 48786}
{"ts": "2026-05-01T19:29:20.364289+00:00", "level": "INFO", "jobId": "02c59c38-c27d-4c85-a929-c5b7de7615a6", "keyword": "khai trương store", "step": "capture", "message": "Capturing posinset=46 (46/∞)…", "data": {"w": 2}, "seq": 48791}
{"ts": "2026-05-01T19:29:22.342048+00:00", "level": "INFO", "jobId": "02c59c38-c27d-4c85-a929-c5b7de7615a6", "keyword": "khai trương store", "step": "capture", "message": "Saved post_046.png (posinset=46)", "data": {"w": 2}, "seq": 48795}
{"ts": "2026-05-01T19:29:22.344247+00:00", "level": "INFO", "jobId": "02c59c38-c27d-4c85-a929-c5b7de7615a6", "keyword": "khai trương store", "step": "cooldown", "message": "Cooldown 1.0s (after capture)", "data": {"w": 2}, "seq": 48796}
{"ts": "2026-05-01T19:29:23.781976+00:00", "level": "INFO", "jobId": "02c59c38-c27d-4c85-a929-c5b7de7615a6", "keyword": "khai trương store", "step": "capture", "message": "Capturing posinset=47 (47/∞)…", "data": {"w": 2}, "seq": 48797}
{"ts": "2026-05-01T19:29:26.078739+00:00", "level": "INFO", "jobId": "02c59c38-c27d-4c85-a929-c5b7de7615a6", "keyword": "khai trương store", "step": "capture", "message": "Saved post_047.png (posinset=47)", "data": {"w": 2}, "seq": 48802}
{"ts": "2026-05-01T19:29:26.080911+00:00", "level": "INFO", "jobId": "02c59c38-c27d-4c85-a929-c5b7de7615a6", "keyword": "khai trương store", "step": "cooldown", "message": "Cooldown 1.0s (after capture)", "data": {"w": 2}, "seq": 48803}
{"ts": "2026-05-01T19:29:27.115925+00:00", "level": "INFO", "jobId": "02c59c38-c27d-4c85-a929-c5b7de7615a6", "keyword": "khai trương store", "step": "heartbeat", "message": "Worker alive", "data": {"w": 2, "elapsed_s": 175}, "seq": 48805}
{"ts": "2026-05-01T19:29:27.117576+00:00", "level": "INFO", "jobId": "02c59c38-c27d-4c85-a929-c5b7de7615a6", "keyword": "khai trương store", "step": "capture", "message": "Capturing posinset=48 (48/∞)…", "data": {"w": 2}, "seq": 48806}
{"ts": "2026-05-01T19:29:28.734439+00:00", "level": "INFO", "jobId": "02c59c38-c27d-4c85-a929-c5b7de7615a6", "keyword": "khai trương store", "step": "capture", "message": "Saved post_048.png (posinset=48)", "data": {"w": 2}, "seq": 48808}
{"ts": "2026-05-01T19:29:28.735783+00:00", "level": "INFO", "jobId": "02c59c38-c27d-4c85-a929-c5b7de7615a6", "keyword": "khai trương store", "step": "cooldown", "message": "Cooldown 1.0s (after capture)", "data": {"w": 2}, "seq": 48809}
{"ts": "2026-05-01T19:29:29.757509+00:00", "level": "INFO", "jobId": "02c59c38-c27d-4c85-a929-c5b7de7615a6", "keyword": "khai trương store", "step": "capture", "message": "Capturing posinset=49 (49/∞)…", "data": {"w": 2}, "seq": 48810}
{"ts": "2026-05-01T19:29:31.989905+00:00", "level": "INFO", "jobId": "02c59c38-c27d-4c85-a929-c5b7de7615a6", "keyword": "khai trương store", "step": "capture", "message": "Saved post_049.png (posinset=49)", "data": {"w": 2}, "seq": 48812}
{"ts": "2026-05-01T19:29:31.991138+00:00", "level": "INFO", "jobId": "02c59c38-c27d-4c85-a929-c5b7de7615a6", "keyword": "khai trương store", "step": "cooldown", "message": "Cooldown 1.0s (after capture)", "data": {"w": 2}, "seq": 48813}
{"ts": "2026-05-01T19:29:33.017531+00:00", "level": "INFO", "jobId": "02c59c38-c27d-4c85-a929-c5b7de7615a6", "keyword": "khai trương store", "step": "capture", "message": "Capturing posinset=50 (50/∞)…", "data": {"w": 2}, "seq": 48815}
{"ts": "2026-05-01T19:29:37.903900+00:00", "level": "INFO", "jobId": "02c59c38-c27d-4c85-a929-c5b7de7615a6", "keyword": "khai trương store", "step": "capture", "message": "Saved post_050.png (posinset=50)", "data": {"w": 2}, "seq": 48820}
{"ts": "2026-05-01T19:29:37.905901+00:00", "level": "INFO", "jobId": "02c59c38-c27d-4c85-a929-c5b7de7615a6", "keyword": "khai trương store", "step": "cooldown", "message": "Cooldown 1.0s (after capture)", "data": {"w": 2}, "seq": 48821}
{"ts": "2026-05-01T19:29:38.942915+00:00", "level": "INFO", "jobId": "02c59c38-c27d-4c85-a929-c5b7de7615a6", "keyword": "khai trương store", "step": "capture", "message": "Capturing posinset=51 (51/∞)…", "data": {"w": 2}, "seq": 48822}
{"ts": "2026-05-01T19:29:40.371217+00:00", "level": "INFO", "jobId": "02c59c38-c27d-4c85-a929-c5b7de7615a6", "keyword": "khai trương store", "step": "capture", "message": "Saved post_051.png (posinset=51)", "data": {"w": 2}, "seq": 48823}
{"ts": "2026-05-01T19:29:40.372224+00:00", "level": "INFO", "jobId": "02c59c38-c27d-4c85-a929-c5b7de7615a6", "keyword": "khai trương store", "step": "cooldown", "message": "Cooldown 1.0s (after capture)", "data": {"w": 2}, "seq": 48824}
{"ts": "2026-05-01T19:29:41.768324+00:00", "level": "INFO", "jobId": "02c59c38-c27d-4c85-a929-c5b7de7615a6", "keyword": "khai trương store", "step": "capture", "message": "Capturing posinset=52 (52/∞)…", "data": {"w": 2}, "seq": 48825}
{"ts": "2026-05-01T19:29:46.256950+00:00", "level": "INFO", "jobId": "02c59c38-c27d-4c85-a929-c5b7de7615a6", "keyword": "khai trương store", "step": "capture", "message": "Saved post_052.png (posinset=52)", "data": {"w": 2}, "seq": 48828}
{"ts": "2026-05-01T19:29:46.258488+00:00", "level": "INFO", "jobId": "02c59c38-c27d-4c85-a929-c5b7de7615a6", "keyword": "khai trương store", "step": "cooldown", "message": "Cooldown 1.0s (after capture)", "data": {"w": 2}, "seq": 48829}
{"ts": "2026-05-01T19:29:47.422132+00:00", "level": "INFO", "jobId": "02c59c38-c27d-4c85-a929-c5b7de7615a6", "keyword": "khai trương store", "step": "heartbeat", "message": "Worker alive", "data": {"w": 2, "elapsed_s": 195}, "seq": 48830}
{"ts": "2026-05-01T19:29:47.436137+00:00", "level": "INFO", "jobId": "02c59c38-c27d-4c85-a929-c5b7de7615a6", "keyword": "khai trương store", "step": "capture", "message": "Capturing posinset=53 (53/∞)…", "data": {"w": 2}, "seq": 48831}
{"ts": "2026-05-01T19:29:50.317067+00:00", "level": "INFO", "jobId": "02c59c38-c27d-4c85-a929-c5b7de7615a6", "keyword": "khai trương store", "step": "capture", "message": "Saved post_053.png (posinset=53)", "data": {"w": 2}, "seq": 48832}
{"ts": "2026-05-01T19:29:50.318062+00:00", "level": "INFO", "jobId": "02c59c38-c27d-4c85-a929-c5b7de7615a6", "keyword": "khai trương store", "step": "cooldown", "message": "Cooldown 1.0s (after capture)", "data": {"w": 2}, "seq": 48833}
{"ts": "2026-05-01T19:29:51.335607+00:00", "level": "INFO", "jobId": "02c59c38-c27d-4c85-a929-c5b7de7615a6", "keyword": "khai trương store", "step": "capture", "message": "Capturing posinset=54 (54/∞)…", "data": {"w": 2}, "seq": 48834}
{"ts": "2026-05-01T19:29:52.686340+00:00", "level": "INFO", "jobId": "02c59c38-c27d-4c85-a929-c5b7de7615a6", "keyword": "khai trương store", "step": "capture", "message": "Saved post_054.png (posinset=54)", "data": {"w": 2}, "seq": 48835}
{"ts": "2026-05-01T19:29:52.687340+00:00", "level": "INFO", "jobId": "02c59c38-c27d-4c85-a929-c5b7de7615a6", "keyword": "khai trương store", "step": "cooldown", "message": "Cooldown 1.0s (after capture)", "data": {"w": 2}, "seq": 48836}
{"ts": "2026-05-01T19:29:53.721355+00:00", "level": "INFO", "jobId": "02c59c38-c27d-4c85-a929-c5b7de7615a6", "keyword": "khai trương store", "step": "capture", "message": "Capturing posinset=55 (55/∞)…", "data": {"w": 2}, "seq": 48837}
{"ts": "2026-05-01T19:29:55.825520+00:00", "level": "INFO", "jobId": "02c59c38-c27d-4c85-a929-c5b7de7615a6", "keyword": "khai trương store", "step": "capture", "message": "Saved post_055.png (posinset=55)", "data": {"w": 2}, "seq": 48840}
{"ts": "2026-05-01T19:29:55.827585+00:00", "level": "INFO", "jobId": "02c59c38-c27d-4c85-a929-c5b7de7615a6", "keyword": "khai trương store", "step": "cooldown", "message": "Cooldown 1.0s (after capture)", "data": {"w": 2}, "seq": 48841}
{"ts": "2026-05-01T19:29:57.239938+00:00", "level": "INFO", "jobId": "02c59c38-c27d-4c85-a929-c5b7de7615a6", "keyword": "khai trương store", "step": "capture", "message": "Capturing posinset=56 (56/∞)…", "data": {"w": 2}, "seq": 48845}
{"ts": "2026-05-01T19:29:59.733405+00:00", "level": "INFO", "jobId": "02c59c38-c27d-4c85-a929-c5b7de7615a6", "keyword": "khai trương store", "step": "capture", "message": "Saved post_056.png (posinset=56)", "data": {"w": 2}, "seq": 48850}
{"ts": "2026-05-01T19:29:59.735264+00:00", "level": "INFO", "jobId": "02c59c38-c27d-4c85-a929-c5b7de7615a6", "keyword": "khai trương store", "step": "cooldown", "message": "Cooldown 1.0s (after capture)", "data": {"w": 2}, "seq": 48851}
{"ts": "2026-05-01T19:30:00.773158+00:00", "level": "INFO", "jobId": "02c59c38-c27d-4c85-a929-c5b7de7615a6", "keyword": "khai trương store", "step": "capture", "message": "Capturing posinset=57 (57/∞)…", "data": {"w": 2}, "seq": 48852}
{"ts": "2026-05-01T19:30:07.234614+00:00", "level": "INFO", "jobId": "02c59c38-c27d-4c85-a929-c5b7de7615a6", "keyword": "khai trương store", "step": "capture", "message": "Saved post_057.png (posinset=57)", "data": {"w": 2}, "seq": 48853}
{"ts": "2026-05-01T19:30:07.236706+00:00", "level": "INFO", "jobId": "02c59c38-c27d-4c85-a929-c5b7de7615a6", "keyword": "khai trương store", "step": "cooldown", "message": "Cooldown 1.0s (after capture)", "data": {"w": 2}, "seq": 48854}
{"ts": "2026-05-01T19:30:08.694806+00:00", "level": "INFO", "jobId": "02c59c38-c27d-4c85-a929-c5b7de7615a6", "keyword": "khai trương store", "step": "heartbeat", "message": "Worker alive", "data": {"w": 2, "elapsed_s": 216}, "seq": 48855}
{"ts": "2026-05-01T19:30:08.696808+00:00", "level": "INFO", "jobId": "02c59c38-c27d-4c85-a929-c5b7de7615a6", "keyword": "khai trương store", "step": "capture", "message": "Capturing posinset=58 (58/∞)…", "data": {"w": 2}, "seq": 48856}
{"ts": "2026-05-01T19:30:13.132188+00:00", "level": "INFO", "jobId": "02c59c38-c27d-4c85-a929-c5b7de7615a6", "keyword": "khai trương store", "step": "capture", "message": "Saved post_058.png (posinset=58)", "data": {"w": 2}, "seq": 48859}
{"ts": "2026-05-01T19:30:13.147786+00:00", "level": "INFO", "jobId": "02c59c38-c27d-4c85-a929-c5b7de7615a6", "keyword": "khai trương store", "step": "cooldown", "message": "Cooldown 1.0s (after capture)", "data": {"w": 2}, "seq": 48860}
{"ts": "2026-05-01T19:30:14.270035+00:00", "level": "INFO", "jobId": "02c59c38-c27d-4c85-a929-c5b7de7615a6", "keyword": "khai trương store", "step": "capture", "message": "Capturing posinset=59 (59/∞)…", "data": {"w": 2}, "seq": 48861}
{"ts": "2026-05-01T19:30:17.155150+00:00", "level": "INFO", "jobId": "02c59c38-c27d-4c85-a929-c5b7de7615a6", "keyword": "khai trương store", "step": "capture", "message": "Saved post_059.png (posinset=59)", "data": {"w": 2}, "seq": 48864}
{"ts": "2026-05-01T19:30:17.160239+00:00", "level": "INFO", "jobId": "02c59c38-c27d-4c85-a929-c5b7de7615a6", "keyword": "khai trương store", "step": "cooldown", "message": "Cooldown 1.0s (after capture)", "data": {"w": 2}, "seq": 48865}
{"ts": "2026-05-01T19:30:18.204945+00:00", "level": "INFO", "jobId": "02c59c38-c27d-4c85-a929-c5b7de7615a6", "keyword": "khai trương store", "step": "capture", "message": "Capturing posinset=60 (60/∞)…", "data": {"w": 2}, "seq": 48866}
{"ts": "2026-05-01T19:30:21.970278+00:00", "level": "INFO", "jobId": "02c59c38-c27d-4c85-a929-c5b7de7615a6", "keyword": "khai trương store", "step": "capture", "message": "Saved post_060.png (posinset=60)", "data": {"w": 2}, "seq": 48867}
{"ts": "2026-05-01T19:30:21.973930+00:00", "level": "INFO", "jobId": "02c59c38-c27d-4c85-a929-c5b7de7615a6", "keyword": "khai trương store", "step": "cooldown", "message": "Cooldown 1.0s (after capture)", "data": {"w": 2}, "seq": 48868}
{"ts": "2026-05-01T19:30:23.083481+00:00", "level": "INFO", "jobId": "02c59c38-c27d-4c85-a929-c5b7de7615a6", "keyword": "khai trương store", "step": "capture", "message": "Capturing posinset=61 (61/∞)…", "data": {"w": 2}, "seq": 48869}
{"ts": "2026-05-01T19:30:26.919445+00:00", "level": "INFO", "jobId": "02c59c38-c27d-4c85-a929-c5b7de7615a6", "keyword": "khai trương store", "step": "capture", "message": "Saved post_061.png (posinset=61)", "data": {"w": 2}, "seq": 48875}
{"ts": "2026-05-01T19:30:26.922508+00:00", "level": "INFO", "jobId": "02c59c38-c27d-4c85-a929-c5b7de7615a6", "keyword": "khai trương store", "step": "cooldown", "message": "Cooldown 1.0s (after capture)", "data": {"w": 2}, "seq": 48876}
{"ts": "2026-05-01T19:30:28.351085+00:00", "level": "INFO", "jobId": "02c59c38-c27d-4c85-a929-c5b7de7615a6", "keyword": "khai trương store", "step": "heartbeat", "message": "Worker alive", "data": {"w": 2, "elapsed_s": 236}, "seq": 48879}
{"ts": "2026-05-01T19:30:28.353085+00:00", "level": "INFO", "jobId": "02c59c38-c27d-4c85-a929-c5b7de7615a6", "keyword": "khai trương store", "step": "capture", "message": "Capturing posinset=62 (62/∞)…", "data": {"w": 2}, "seq": 48880}
{"ts": "2026-05-01T19:30:33.835974+00:00", "level": "INFO", "jobId": "02c59c38-c27d-4c85-a929-c5b7de7615a6", "keyword": "khai trương store", "step": "capture", "message": "Saved post_062.png (posinset=62)", "data": {"w": 2}, "seq": 48888}
{"ts": "2026-05-01T19:30:33.837354+00:00", "level": "INFO", "jobId": "02c59c38-c27d-4c85-a929-c5b7de7615a6", "keyword": "khai trương store", "step": "cooldown", "message": "Cooldown 1.0s (after capture)", "data": {"w": 2}, "seq": 48889}
{"ts": "2026-05-01T19:30:34.883268+00:00", "level": "INFO", "jobId": "02c59c38-c27d-4c85-a929-c5b7de7615a6", "keyword": "khai trương store", "step": "capture", "message": "Capturing posinset=63 (63/∞)…", "data": {"w": 2}, "seq": 48890}
{"ts": "2026-05-01T19:30:36.697278+00:00", "level": "INFO", "jobId": "02c59c38-c27d-4c85-a929-c5b7de7615a6", "keyword": "khai trương store", "step": "capture", "message": "Saved post_063.png (posinset=63)", "data": {"w": 2}, "seq": 48894}
{"ts": "2026-05-01T19:30:36.699787+00:00", "level": "INFO", "jobId": "02c59c38-c27d-4c85-a929-c5b7de7615a6", "keyword": "khai trương store", "step": "cooldown", "message": "Cooldown 1.0s (after capture)", "data": {"w": 2}, "seq": 48895}
{"ts": "2026-05-01T19:30:37.738519+00:00", "level": "INFO", "jobId": "02c59c38-c27d-4c85-a929-c5b7de7615a6", "keyword": "khai trương store", "step": "capture", "message": "Capturing posinset=64 (64/∞)…", "data": {"w": 2}, "seq": 48897}
{"ts": "2026-05-01T19:30:39.244353+00:00", "level": "INFO", "jobId": "02c59c38-c27d-4c85-a929-c5b7de7615a6", "keyword": "khai trương store", "step": "capture", "message": "Saved post_064.png (posinset=64)", "data": {"w": 2}, "seq": 48901}
{"ts": "2026-05-01T19:30:39.246887+00:00", "level": "INFO", "jobId": "02c59c38-c27d-4c85-a929-c5b7de7615a6", "keyword": "khai trương store", "step": "cooldown", "message": "Cooldown 1.0s (after capture)", "data": {"w": 2}, "seq": 48902}
{"ts": "2026-05-01T19:30:40.275567+00:00", "level": "INFO", "jobId": "02c59c38-c27d-4c85-a929-c5b7de7615a6", "keyword": "khai trương store", "step": "capture", "message": "Capturing posinset=65 (65/∞)…", "data": {"w": 2}, "seq": 48905}
{"ts": "2026-05-01T19:30:43.688655+00:00", "level": "INFO", "jobId": "02c59c38-c27d-4c85-a929-c5b7de7615a6", "keyword": "khai trương store", "step": "capture", "message": "Saved post_065.png (posinset=65)", "data": {"w": 2}, "seq": 48907}
{"ts": "2026-05-01T19:30:43.690655+00:00", "level": "INFO", "jobId": "02c59c38-c27d-4c85-a929-c5b7de7615a6", "keyword": "khai trương store", "step": "cooldown", "message": "Cooldown 1.0s (after capture)", "data": {"w": 2}, "seq": 48908}
{"ts": "2026-05-01T19:30:44.726841+00:00", "level": "INFO", "jobId": "02c59c38-c27d-4c85-a929-c5b7de7615a6", "keyword": "khai trương store", "step": "heartbeat", "message": "Worker alive", "data": {"w": 2, "elapsed_s": 252}, "seq": 48911}
{"ts": "2026-05-01T19:30:44.728840+00:00", "level": "INFO", "jobId": "02c59c38-c27d-4c85-a929-c5b7de7615a6", "keyword": "khai trương store", "step": "capture", "message": "Capturing posinset=66 (66/∞)…", "data": {"w": 2}, "seq": 48912}
{"ts": "2026-05-01T19:30:46.796893+00:00", "level": "INFO", "jobId": "02c59c38-c27d-4c85-a929-c5b7de7615a6", "keyword": "khai trương store", "step": "capture", "message": "Saved post_066.png (posinset=66)", "data": {"w": 2}, "seq": 48918}
{"ts": "2026-05-01T19:30:46.798267+00:00", "level": "INFO", "jobId": "02c59c38-c27d-4c85-a929-c5b7de7615a6", "keyword": "khai trương store", "step": "cooldown", "message": "Cooldown 1.0s (after capture)", "data": {"w": 2}, "seq": 48919}
{"ts": "2026-05-01T19:30:48.115923+00:00", "level": "INFO", "jobId": "02c59c38-c27d-4c85-a929-c5b7de7615a6", "keyword": "khai trương store", "step": "capture", "message": "Capturing posinset=67 (67/∞)…", "data": {"w": 2}, "seq": 48923}
{"ts": "2026-05-01T19:30:50.467720+00:00", "level": "INFO", "jobId": "02c59c38-c27d-4c85-a929-c5b7de7615a6", "keyword": "khai trương store", "step": "capture", "message": "Saved post_067.png (posinset=67)", "data": {"w": 2}, "seq": 48927}
{"ts": "2026-05-01T19:30:50.469158+00:00", "level": "INFO", "jobId": "02c59c38-c27d-4c85-a929-c5b7de7615a6", "keyword": "khai trương store", "step": "cooldown", "message": "Cooldown 1.0s (after capture)", "data": {"w": 2}, "seq": 48928}
{"ts": "2026-05-01T19:30:51.517637+00:00", "level": "INFO", "jobId": "02c59c38-c27d-4c85-a929-c5b7de7615a6", "keyword": "khai trương store", "step": "capture", "message": "Capturing posinset=68 (68/∞)…", "data": {"w": 2}, "seq": 48931}
{"ts": "2026-05-01T19:30:54.743498+00:00", "level": "INFO", "jobId": "02c59c38-c27d-4c85-a929-c5b7de7615a6", "keyword": "khai trương store", "step": "capture", "message": "Saved post_068.png (posinset=68)", "data": {"w": 2}, "seq": 48933}
{"ts": "2026-05-01T19:30:54.744499+00:00", "level": "INFO", "jobId": "02c59c38-c27d-4c85-a929-c5b7de7615a6", "keyword": "khai trương store", "step": "cooldown", "message": "Cooldown 1.0s (after capture)", "data": {"w": 2}, "seq": 48934}
{"ts": "2026-05-01T19:30:55.780373+00:00", "level": "INFO", "jobId": "02c59c38-c27d-4c85-a929-c5b7de7615a6", "keyword": "khai trương store", "step": "capture", "message": "Capturing posinset=69 (69/∞)…", "data": {"w": 2}, "seq": 48935}
{"ts": "2026-05-01T19:31:00.492841+00:00", "level": "INFO", "jobId": "02c59c38-c27d-4c85-a929-c5b7de7615a6", "keyword": "khai trương store", "step": "capture", "message": "Saved post_069.png (posinset=69)", "data": {"w": 2}, "seq": 48943}
{"ts": "2026-05-01T19:31:00.493876+00:00", "level": "INFO", "jobId": "02c59c38-c27d-4c85-a929-c5b7de7615a6", "keyword": "khai trương store", "step": "cooldown", "message": "Cooldown 1.0s (after capture)", "data": {"w": 2}, "seq": 48944}
{"ts": "2026-05-01T19:31:01.525996+00:00", "level": "INFO", "jobId": "02c59c38-c27d-4c85-a929-c5b7de7615a6", "keyword": "khai trương store", "step": "heartbeat", "message": "Worker alive", "data": {"w": 2, "elapsed_s": 269}, "seq": 48946}
{"ts": "2026-05-01T19:31:01.527020+00:00", "level": "INFO", "jobId": "02c59c38-c27d-4c85-a929-c5b7de7615a6", "keyword": "khai trương store", "step": "capture", "message": "Capturing posinset=70 (70/∞)…", "data": {"w": 2}, "seq": 48947}
{"ts": "2026-05-01T19:31:03.433095+00:00", "level": "INFO", "jobId": "02c59c38-c27d-4c85-a929-c5b7de7615a6", "keyword": "khai trương store", "step": "capture", "message": "Saved post_070.png (posinset=70)", "data": {"w": 2}, "seq": 48950}
{"ts": "2026-05-01T19:31:03.435281+00:00", "level": "INFO", "jobId": "02c59c38-c27d-4c85-a929-c5b7de7615a6", "keyword": "khai trương store", "step": "cooldown", "message": "Cooldown 1.0s (after capture)", "data": {"w": 2}, "seq": 48951}
{"ts": "2026-05-01T19:31:04.491302+00:00", "level": "INFO", "jobId": "02c59c38-c27d-4c85-a929-c5b7de7615a6", "keyword": "khai trương store", "step": "capture", "message": "Capturing posinset=71 (71/∞)…", "data": {"w": 2}, "seq": 48953}
{"ts": "2026-05-01T19:31:06.861293+00:00", "level": "INFO", "jobId": "02c59c38-c27d-4c85-a929-c5b7de7615a6", "keyword": "khai trương store", "step": "capture", "message": "Saved post_071.png (posinset=71)", "data": {"w": 2}, "seq": 48961}
{"ts": "2026-05-01T19:31:06.862503+00:00", "level": "INFO", "jobId": "02c59c38-c27d-4c85-a929-c5b7de7615a6", "keyword": "khai trương store", "step": "cooldown", "message": "Cooldown 1.0s (after capture)", "data": {"w": 2}, "seq": 48962}
{"ts": "2026-05-01T19:31:08.461731+00:00", "level": "INFO", "jobId": "02c59c38-c27d-4c85-a929-c5b7de7615a6", "keyword": "khai trương store", "step": "capture", "message": "Capturing posinset=72 (72/∞)…", "data": {"w": 2}, "seq": 48965}
{"ts": "2026-05-01T19:31:12.572710+00:00", "level": "INFO", "jobId": "02c59c38-c27d-4c85-a929-c5b7de7615a6", "keyword": "khai trương store", "step": "capture", "message": "Saved post_072.png (posinset=72)", "data": {"w": 2}, "seq": 48967}
{"ts": "2026-05-01T19:31:12.574697+00:00", "level": "INFO", "jobId": "02c59c38-c27d-4c85-a929-c5b7de7615a6", "keyword": "khai trương store", "step": "cooldown", "message": "Cooldown 1.0s (after capture)", "data": {"w": 2}, "seq": 48968}
{"ts": "2026-05-01T19:31:13.613234+00:00", "level": "INFO", "jobId": "02c59c38-c27d-4c85-a929-c5b7de7615a6", "keyword": "khai trương store", "step": "capture", "message": "Capturing posinset=73 (73/∞)…", "data": {"w": 2}, "seq": 48971}
{"ts": "2026-05-01T19:31:19.471269+00:00", "level": "INFO", "jobId": "02c59c38-c27d-4c85-a929-c5b7de7615a6", "keyword": "khai trương store", "step": "capture", "message": "Saved post_073.png (posinset=73)", "data": {"w": 2}, "seq": 48978}
{"ts": "2026-05-01T19:31:19.472487+00:00", "level": "INFO", "jobId": "02c59c38-c27d-4c85-a929-c5b7de7615a6", "keyword": "khai trương store", "step": "cooldown", "message": "Cooldown 1.0s (after capture)", "data": {"w": 2}, "seq": 48979}
{"ts": "2026-05-01T19:31:20.505059+00:00", "level": "INFO", "jobId": "02c59c38-c27d-4c85-a929-c5b7de7615a6", "keyword": "khai trương store", "step": "heartbeat", "message": "Worker alive", "data": {"w": 2, "elapsed_s": 288}, "seq": 48984}
{"ts": "2026-05-01T19:31:20.506073+00:00", "level": "INFO", "jobId": "02c59c38-c27d-4c85-a929-c5b7de7615a6", "keyword": "khai trương store", "step": "capture", "message": "Capturing posinset=74 (74/∞)…", "data": {"w": 2}, "seq": 48985}
{"ts": "2026-05-01T19:31:25.941427+00:00", "level": "INFO", "jobId": "02c59c38-c27d-4c85-a929-c5b7de7615a6", "keyword": "khai trương store", "step": "capture", "message": "Saved post_074.png (posinset=74)", "data": {"w": 2}, "seq": 48992}
{"ts": "2026-05-01T19:31:25.943427+00:00", "level": "INFO", "jobId": "02c59c38-c27d-4c85-a929-c5b7de7615a6", "keyword": "khai trương store", "step": "cooldown", "message": "Cooldown 1.0s (after capture)", "data": {"w": 2}, "seq": 48993}
{"ts": "2026-05-01T19:31:26.993570+00:00", "level": "INFO", "jobId": "02c59c38-c27d-4c85-a929-c5b7de7615a6", "keyword": "khai trương store", "step": "capture", "message": "Capturing posinset=75 (75/∞)…", "data": {"w": 2}, "seq": 48994}
{"ts": "2026-05-01T19:31:29.679626+00:00", "level": "INFO", "jobId": "02c59c38-c27d-4c85-a929-c5b7de7615a6", "keyword": "khai trương store", "step": "capture", "message": "Saved post_075.png (posinset=75)", "data": {"w": 2}, "seq": 48999}
{"ts": "2026-05-01T19:31:29.681628+00:00", "level": "INFO", "jobId": "02c59c38-c27d-4c85-a929-c5b7de7615a6", "keyword": "khai trương store", "step": "cooldown", "message": "Cooldown 1.0s (after capture)", "data": {"w": 2}, "seq": 49000}
{"ts": "2026-05-01T19:31:30.722334+00:00", "level": "INFO", "jobId": "02c59c38-c27d-4c85-a929-c5b7de7615a6", "keyword": "khai trương store", "step": "capture", "message": "Capturing posinset=76 (76/∞)…", "data": {"w": 2}, "seq": 49001}
{"ts": "2026-05-01T19:31:33.870739+00:00", "level": "INFO", "jobId": "02c59c38-c27d-4c85-a929-c5b7de7615a6", "keyword": "khai trương store", "step": "capture", "message": "Saved post_076.png (posinset=76)", "data": {"w": 2}, "seq": 49005}
{"ts": "2026-05-01T19:31:33.873736+00:00", "level": "INFO", "jobId": "02c59c38-c27d-4c85-a929-c5b7de7615a6", "keyword": "khai trương store", "step": "cooldown", "message": "Cooldown 1.0s (after capture)", "data": {"w": 2}, "seq": 49006}
{"ts": "2026-05-01T19:31:35.331398+00:00", "level": "INFO", "jobId": "02c59c38-c27d-4c85-a929-c5b7de7615a6", "keyword": "khai trương store", "step": "capture", "message": "Capturing posinset=77 (77/∞)…", "data": {"w": 2}, "seq": 49009}
{"ts": "2026-05-01T19:31:38.743964+00:00", "level": "INFO", "jobId": "02c59c38-c27d-4c85-a929-c5b7de7615a6", "keyword": "khai trương store", "step": "capture", "message": "Saved post_077.png (posinset=77)", "data": {"w": 2}, "seq": 49015}
{"ts": "2026-05-01T19:31:38.744963+00:00", "level": "INFO", "jobId": "02c59c38-c27d-4c85-a929-c5b7de7615a6", "keyword": "khai trương store", "step": "cooldown", "message": "Cooldown 1.0s (after capture)", "data": {"w": 2}, "seq": 49016}
{"ts": "2026-05-01T19:31:39.836943+00:00", "level": "INFO", "jobId": "02c59c38-c27d-4c85-a929-c5b7de7615a6", "keyword": "khai trương store", "step": "heartbeat", "message": "Worker alive", "data": {"w": 2, "elapsed_s": 307}, "seq": 49018}
{"ts": "2026-05-01T19:31:39.838951+00:00", "level": "INFO", "jobId": "02c59c38-c27d-4c85-a929-c5b7de7615a6", "keyword": "khai trương store", "step": "capture", "message": "Capturing posinset=78 (78/∞)…", "data": {"w": 2}, "seq": 49019}
{"ts": "2026-05-01T19:31:42.909332+00:00", "level": "INFO", "jobId": "02c59c38-c27d-4c85-a929-c5b7de7615a6", "keyword": "khai trương store", "step": "capture", "message": "Saved post_078.png (posinset=78)", "data": {"w": 2}, "seq": 49026}
{"ts": "2026-05-01T19:31:42.910332+00:00", "level": "INFO", "jobId": "02c59c38-c27d-4c85-a929-c5b7de7615a6", "keyword": "khai trương store", "step": "cooldown", "message": "Cooldown 1.0s (after capture)", "data": {"w": 2}, "seq": 49027}
{"ts": "2026-05-01T19:31:43.965324+00:00", "level": "INFO", "jobId": "02c59c38-c27d-4c85-a929-c5b7de7615a6", "keyword": "khai trương store", "step": "capture", "message": "Capturing posinset=79 (79/∞)…", "data": {"w": 2}, "seq": 49029}
{"ts": "2026-05-01T19:31:50.599495+00:00", "level": "INFO", "jobId": "02c59c38-c27d-4c85-a929-c5b7de7615a6", "keyword": "khai trương store", "step": "capture", "message": "Saved post_079.png (posinset=79)", "data": {"w": 2}, "seq": 49036}
{"ts": "2026-05-01T19:31:50.601495+00:00", "level": "INFO", "jobId": "02c59c38-c27d-4c85-a929-c5b7de7615a6", "keyword": "khai trương store", "step": "cooldown", "message": "Cooldown 1.0s (after capture)", "data": {"w": 2}, "seq": 49037}
{"ts": "2026-05-01T19:31:51.642183+00:00", "level": "INFO", "jobId": "02c59c38-c27d-4c85-a929-c5b7de7615a6", "keyword": "khai trương store", "step": "capture", "message": "Capturing posinset=80 (80/∞)…", "data": {"w": 2}, "seq": 49040}
{"ts": "2026-05-01T19:31:53.510784+00:00", "level": "INFO", "jobId": "02c59c38-c27d-4c85-a929-c5b7de7615a6", "keyword": "khai trương store", "step": "capture", "message": "Saved post_080.png (posinset=80)", "data": {"w": 2}, "seq": 49045}
{"ts": "2026-05-01T19:31:53.513839+00:00", "level": "INFO", "jobId": "02c59c38-c27d-4c85-a929-c5b7de7615a6", "keyword": "khai trương store", "step": "cooldown", "message": "Cooldown 1.0s (after capture)", "data": {"w": 2}, "seq": 49046}
{"ts": "2026-05-01T19:31:54.578730+00:00", "level": "INFO", "jobId": "02c59c38-c27d-4c85-a929-c5b7de7615a6", "keyword": "khai trương store", "step": "capture", "message": "Capturing posinset=81 (81/∞)…", "data": {"w": 2}, "seq": 49049}
{"ts": "2026-05-01T19:31:56.573873+00:00", "level": "INFO", "jobId": "02c59c38-c27d-4c85-a929-c5b7de7615a6", "keyword": "khai trương store", "step": "capture", "message": "Saved post_081.png (posinset=81)", "data": {"w": 2}, "seq": 49051}
{"ts": "2026-05-01T19:31:56.574872+00:00", "level": "INFO", "jobId": "02c59c38-c27d-4c85-a929-c5b7de7615a6", "keyword": "khai trương store", "step": "cooldown", "message": "Cooldown 1.0s (after capture)", "data": {"w": 2}, "seq": 49052}
{"ts": "2026-05-01T19:31:58.491147+00:00", "level": "INFO", "jobId": "02c59c38-c27d-4c85-a929-c5b7de7615a6", "keyword": "khai trương store", "step": "heartbeat", "message": "Worker alive", "data": {"w": 2, "elapsed_s": 326}, "seq": 49056}
{"ts": "2026-05-01T19:31:58.492500+00:00", "level": "INFO", "jobId": "02c59c38-c27d-4c85-a929-c5b7de7615a6", "keyword": "khai trương store", "step": "capture", "message": "Capturing posinset=82 (82/∞)…", "data": {"w": 2}, "seq": 49057}
{"ts": "2026-05-01T19:32:01.504132+00:00", "level": "INFO", "jobId": "02c59c38-c27d-4c85-a929-c5b7de7615a6", "keyword": "khai trương store", "step": "capture", "message": "Saved post_082.png (posinset=82)", "data": {"w": 2}, "seq": 49065}
{"ts": "2026-05-01T19:32:01.505200+00:00", "level": "INFO", "jobId": "02c59c38-c27d-4c85-a929-c5b7de7615a6", "keyword": "khai trương store", "step": "cooldown", "message": "Cooldown 1.0s (after capture)", "data": {"w": 2}, "seq": 49066}
{"ts": "2026-05-01T19:32:02.545536+00:00", "level": "INFO", "jobId": "02c59c38-c27d-4c85-a929-c5b7de7615a6", "keyword": "khai trương store", "step": "capture", "message": "Capturing posinset=83 (83/∞)…", "data": {"w": 2}, "seq": 49069}
{"ts": "2026-05-01T19:32:05.070965+00:00", "level": "INFO", "jobId": "02c59c38-c27d-4c85-a929-c5b7de7615a6", "keyword": "khai trương store", "step": "capture", "message": "Saved post_083.png (posinset=83)", "data": {"w": 2}, "seq": 49072}
{"ts": "2026-05-01T19:32:05.072041+00:00", "level": "INFO", "jobId": "02c59c38-c27d-4c85-a929-c5b7de7615a6", "keyword": "khai trương store", "step": "cooldown", "message": "Cooldown 1.0s (after capture)", "data": {"w": 2}, "seq": 49073}
{"ts": "2026-05-01T19:32:06.106762+00:00", "level": "INFO", "jobId": "02c59c38-c27d-4c85-a929-c5b7de7615a6", "keyword": "khai trương store", "step": "capture", "message": "Capturing posinset=84 (84/∞)…", "data": {"w": 2}, "seq": 49076}
{"ts": "2026-05-01T19:32:09.209963+00:00", "level": "INFO", "jobId": "02c59c38-c27d-4c85-a929-c5b7de7615a6", "keyword": "khai trương store", "step": "capture", "message": "Saved post_084.png (posinset=84)", "data": {"w": 2}, "seq": 49081}
{"ts": "2026-05-01T19:32:09.210963+00:00", "level": "INFO", "jobId": "02c59c38-c27d-4c85-a929-c5b7de7615a6", "keyword": "khai trương store", "step": "cooldown", "message": "Cooldown 1.0s (after capture)", "data": {"w": 2}, "seq": 49082}
{"ts": "2026-05-01T19:32:10.257129+00:00", "level": "INFO", "jobId": "02c59c38-c27d-4c85-a929-c5b7de7615a6", "keyword": "khai trương store", "step": "capture", "message": "Capturing posinset=85 (85/∞)…", "data": {"w": 2}, "seq": 49083}
{"ts": "2026-05-01T19:32:13.303660+00:00", "level": "INFO", "jobId": "02c59c38-c27d-4c85-a929-c5b7de7615a6", "keyword": "khai trương store", "step": "capture", "message": "Saved post_085.png (posinset=85)", "data": {"w": 2}, "seq": 49087}
{"ts": "2026-05-01T19:32:13.305660+00:00", "level": "INFO", "jobId": "02c59c38-c27d-4c85-a929-c5b7de7615a6", "keyword": "khai trương store", "step": "cooldown", "message": "Cooldown 1.0s (after capture)", "data": {"w": 2}, "seq": 49088}
{"ts": "2026-05-01T19:32:15.104701+00:00", "level": "INFO", "jobId": "02c59c38-c27d-4c85-a929-c5b7de7615a6", "keyword": "khai trương store", "step": "heartbeat", "message": "Worker alive", "data": {"w": 2, "elapsed_s": 343}, "seq": 49092}
{"ts": "2026-05-01T19:32:15.107194+00:00", "level": "INFO", "jobId": "02c59c38-c27d-4c85-a929-c5b7de7615a6", "keyword": "khai trương store", "step": "capture", "message": "Capturing posinset=86 (86/∞)…", "data": {"w": 2}, "seq": 49093}
{"ts": "2026-05-01T19:32:19.415651+00:00", "level": "INFO", "jobId": "02c59c38-c27d-4c85-a929-c5b7de7615a6", "keyword": "khai trương store", "step": "capture", "message": "Saved post_086.png (posinset=86)", "data": {"w": 2}, "seq": 49097}
{"ts": "2026-05-01T19:32:19.417107+00:00", "level": "INFO", "jobId": "02c59c38-c27d-4c85-a929-c5b7de7615a6", "keyword": "khai trương store", "step": "cooldown", "message": "Cooldown 1.0s (after capture)", "data": {"w": 2}, "seq": 49098}
{"ts": "2026-05-01T19:32:20.636787+00:00", "level": "INFO", "jobId": "02c59c38-c27d-4c85-a929-c5b7de7615a6", "keyword": "khai trương store", "step": "capture", "message": "Capturing posinset=87 (87/∞)…", "data": {"w": 2}, "seq": 49099}
{"ts": "2026-05-01T19:32:24.506238+00:00", "level": "INFO", "jobId": "02c59c38-c27d-4c85-a929-c5b7de7615a6", "keyword": "khai trương store", "step": "capture", "message": "Saved post_087.png (posinset=87)", "data": {"w": 2}, "seq": 49108}
{"ts": "2026-05-01T19:32:24.508239+00:00", "level": "INFO", "jobId": "02c59c38-c27d-4c85-a929-c5b7de7615a6", "keyword": "khai trương store", "step": "cooldown", "message": "Cooldown 1.0s (after capture)", "data": {"w": 2}, "seq": 49109}
{"ts": "2026-05-01T19:32:25.579008+00:00", "level": "INFO", "jobId": "02c59c38-c27d-4c85-a929-c5b7de7615a6", "keyword": "khai trương store", "step": "capture", "message": "Capturing posinset=88 (88/∞)…", "data": {"w": 2}, "seq": 49112}
{"ts": "2026-05-01T19:32:28.375200+00:00", "level": "INFO", "jobId": "02c59c38-c27d-4c85-a929-c5b7de7615a6", "keyword": "khai trương store", "step": "capture", "message": "Saved post_088.png (posinset=88)", "data": {"w": 2}, "seq": 49116}
{"ts": "2026-05-01T19:32:28.377209+00:00", "level": "INFO", "jobId": "02c59c38-c27d-4c85-a929-c5b7de7615a6", "keyword": "khai trương store", "step": "cooldown", "message": "Cooldown 1.0s (after capture)", "data": {"w": 2}, "seq": 49117}
{"ts": "2026-05-01T19:32:29.447169+00:00", "level": "INFO", "jobId": "02c59c38-c27d-4c85-a929-c5b7de7615a6", "keyword": "khai trương store", "step": "capture", "message": "Capturing posinset=89 (89/∞)…", "data": {"w": 2}, "seq": 49119}
{"ts": "2026-05-01T19:32:31.574658+00:00", "level": "INFO", "jobId": "02c59c38-c27d-4c85-a929-c5b7de7615a6", "keyword": "khai trương store", "step": "capture", "message": "Saved post_089.png (posinset=89)", "data": {"w": 2}, "seq": 49124}
{"ts": "2026-05-01T19:32:31.576910+00:00", "level": "INFO", "jobId": "02c59c38-c27d-4c85-a929-c5b7de7615a6", "keyword": "khai trương store", "step": "cooldown", "message": "Cooldown 1.0s (after capture)", "data": {"w": 2}, "seq": 49125}
{"ts": "2026-05-01T19:32:32.635667+00:00", "level": "INFO", "jobId": "02c59c38-c27d-4c85-a929-c5b7de7615a6", "keyword": "khai trương store", "step": "heartbeat", "message": "Worker alive", "data": {"w": 2, "elapsed_s": 360}, "seq": 49128}
{"ts": "2026-05-01T19:32:32.636671+00:00", "level": "INFO", "jobId": "02c59c38-c27d-4c85-a929-c5b7de7615a6", "keyword": "khai trương store", "step": "capture", "message": "Capturing posinset=90 (90/∞)…", "data": {"w": 2}, "seq": 49129}
{"ts": "2026-05-01T19:32:34.684908+00:00", "level": "INFO", "jobId": "02c59c38-c27d-4c85-a929-c5b7de7615a6", "keyword": "khai trương store", "step": "capture", "message": "Saved post_090.png (posinset=90)", "data": {"w": 2}, "seq": 49133}
{"ts": "2026-05-01T19:32:34.687385+00:00", "level": "INFO", "jobId": "02c59c38-c27d-4c85-a929-c5b7de7615a6", "keyword": "khai trương store", "step": "cooldown", "message": "Cooldown 1.0s (after capture)", "data": {"w": 2}, "seq": 49134}
{"ts": "2026-05-01T19:32:35.729238+00:00", "level": "INFO", "jobId": "02c59c38-c27d-4c85-a929-c5b7de7615a6", "keyword": "khai trương store", "step": "capture", "message": "Capturing posinset=91 (91/∞)…", "data": {"w": 2}, "seq": 49135}
{"ts": "2026-05-01T19:32:37.197447+00:00", "level": "INFO", "jobId": "02c59c38-c27d-4c85-a929-c5b7de7615a6", "keyword": "khai trương store", "step": "capture", "message": "Capturing posinset=91 (91/∞)…", "data": {"w": 2}, "seq": 49140}
{"ts": "2026-05-01T19:32:38.689493+00:00", "level": "INFO", "jobId": "02c59c38-c27d-4c85-a929-c5b7de7615a6", "keyword": "khai trương store", "step": "capture", "message": "Capturing posinset=91 (91/∞)…", "data": {"w": 2}, "seq": 49143}
{"ts": "2026-05-01T19:32:40.151987+00:00", "level": "INFO", "jobId": "02c59c38-c27d-4c85-a929-c5b7de7615a6", "keyword": "khai trương store", "step": "capture", "message": "Capturing posinset=91 (91/∞)…", "data": {"w": 2}, "seq": 49146}
{"ts": "2026-05-01T19:32:41.557524+00:00", "level": "INFO", "jobId": "02c59c38-c27d-4c85-a929-c5b7de7615a6", "keyword": "khai trương store", "step": "capture", "message": "Capturing posinset=91 (91/∞)…", "data": {"w": 2}, "seq": 49149}
{"ts": "2026-05-01T19:32:43.101588+00:00", "level": "INFO", "jobId": "02c59c38-c27d-4c85-a929-c5b7de7615a6", "keyword": "khai trương store", "step": "capture", "message": "Capturing posinset=91 (91/∞)…", "data": {"w": 2}, "seq": 49152}
{"ts": "2026-05-01T19:32:44.548683+00:00", "level": "INFO", "jobId": "02c59c38-c27d-4c85-a929-c5b7de7615a6", "keyword": "khai trương store", "step": "capture", "message": "Capturing posinset=91 (91/∞)…", "data": {"w": 2}, "seq": 49154}
{"ts": "2026-05-01T19:32:56.546040+00:00", "level": "INFO", "jobId": "02c59c38-c27d-4c85-a929-c5b7de7615a6", "keyword": "khai trương store", "step": "heartbeat", "message": "Worker alive", "data": {"w": 2, "elapsed_s": 384}, "seq": 49168}
{"ts": "2026-05-01T19:32:56.547058+00:00", "level": "INFO", "jobId": "02c59c38-c27d-4c85-a929-c5b7de7615a6", "keyword": "khai trương store", "step": "capture", "message": "Capturing posinset=91 (91/∞)…", "data": {"w": 2}, "seq": 49169}
{"ts": "2026-05-01T19:33:08.371416+00:00", "level": "INFO", "jobId": "02c59c38-c27d-4c85-a929-c5b7de7615a6", "keyword": "khai trương store", "step": "capture", "message": "Capturing posinset=91 (91/∞)…", "data": {"w": 2}, "seq": 49185}
{"ts": "2026-05-01T19:33:10.005768+00:00", "level": "INFO", "jobId": "02c59c38-c27d-4c85-a929-c5b7de7615a6", "keyword": "khai trương store", "step": "capture", "message": "Reached end of results (maxPos=90). Stopping capture loop.", "data": {"w": 2}, "seq": 49187}
{"ts": "2026-05-01T19:33:10.035975+00:00", "level": "INFO", "jobId": "02c59c38-c27d-4c85-a929-c5b7de7615a6", "keyword": "khai trương store", "step": "capture", "message": "Capture loop finished (unlimited). Saved=90", "data": {"w": 2}, "seq": 49188}
{"ts": "2026-05-01T19:33:10.037476+00:00", "level": "INFO", "jobId": "02c59c38-c27d-4c85-a929-c5b7de7615a6", "keyword": "khai trương store", "step": "done", "message": "Completed. Saved=90", "data": {"w": 2}, "seq": 49189}
