{"ts": "2026-05-01T19:17:21.045794+00:00", "level": "INFO", "jobId": "188cc36b-dae3-4be9-a2bb-59782c35f9a5", "keyword": "khai trương therapy", "step": "start", "message": "Job started (attempt 1/1)", "data": {"w": 1}, "seq": 47348}
{"ts": "2026-05-01T19:17:30.530559+00:00", "level": "INFO", "jobId": "188cc36b-dae3-4be9-a2bb-59782c35f9a5", "keyword": "khai trương therapy", "step": "login", "message": "Already logged in (home).", "data": {"w": 1}, "seq": 47359}
{"ts": "2026-05-01T19:17:30.531969+00:00", "level": "INFO", "jobId": "188cc36b-dae3-4be9-a2bb-59782c35f9a5", "keyword": "khai trương therapy", "step": "search", "message": "Searching keyword: \"khai trương therapy\"", "data": {"w": 1}, "seq": 47360}
{"ts": "2026-05-01T19:17:38.011458+00:00", "level": "INFO", "jobId": "188cc36b-dae3-4be9-a2bb-59782c35f9a5", "keyword": "khai trương therapy", "step": "capture", "message": "Start capturing all posts until end of results.", "data": {"w": 1}, "seq": 47368}
{"ts": "2026-05-01T19:17:38.045402+00:00", "level": "INFO", "jobId": "188cc36b-dae3-4be9-a2bb-59782c35f9a5", "keyword": "khai trương therapy", "step": "capture", "message": "Output folder: Lan 1 - 0217", "data": {"w": 1}, "seq": 47369}
{"ts": "2026-05-01T19:17:49.913956+00:00", "level": "INFO", "jobId": "188cc36b-dae3-4be9-a2bb-59782c35f9a5", "keyword": "khai trương therapy", "step": "capture", "message": "Capturing posinset=1 (1/∞)…", "data": {"w": 1}, "seq": 47380}
{"ts": "2026-05-01T19:17:53.230581+00:00", "level": "INFO", "jobId": "188cc36b-dae3-4be9-a2bb-59782c35f9a5", "keyword": "khai trương therapy", "step": "capture", "message": "Saved post_001.png (posinset=1)", "data": {"w": 1}, "seq": 47388}
{"ts": "2026-05-01T19:17:53.232077+00:00", "level": "INFO", "jobId": "188cc36b-dae3-4be9-a2bb-59782c35f9a5", "keyword": "khai trương therapy", "step": "cooldown", "message": "Cooldown 1.0s (after capture)", "data": {"w": 1}, "seq": 47389}
{"ts": "2026-05-01T19:17:54.253075+00:00", "level": "INFO", "jobId": "188cc36b-dae3-4be9-a2bb-59782c35f9a5", "keyword": "khai trương therapy", "step": "capture", "message": "Capturing posinset=2 (2/∞)…", "data": {"w": 1}, "seq": 47390}
{"ts": "2026-05-01T19:17:55.949077+00:00", "level": "INFO", "jobId": "188cc36b-dae3-4be9-a2bb-59782c35f9a5", "keyword": "khai trương therapy", "step": "capture", "message": "Saved post_002.png (posinset=2)", "data": {"w": 1}, "seq": 47393}
{"ts": "2026-05-01T19:17:55.950887+00:00", "level": "INFO", "jobId": "188cc36b-dae3-4be9-a2bb-59782c35f9a5", "keyword": "khai trương therapy", "step": "cooldown", "message": "Cooldown 1.0s (after capture)", "data": {"w": 1}, "seq": 47394}
{"ts": "2026-05-01T19:17:56.976335+00:00", "level": "INFO", "jobId": "188cc36b-dae3-4be9-a2bb-59782c35f9a5", "keyword": "khai trương therapy", "step": "capture", "message": "Capturing posinset=3 (3/∞)…", "data": {"w": 1}, "seq": 47398}
{"ts": "2026-05-01T19:17:58.547360+00:00", "level": "INFO", "jobId": "188cc36b-dae3-4be9-a2bb-59782c35f9a5", "keyword": "khai trương therapy", "step": "capture", "message": "Saved post_003.png (posinset=3)", "data": {"w": 1}, "seq": 47400}
{"ts": "2026-05-01T19:17:58.549849+00:00", "level": "INFO", "jobId": "188cc36b-dae3-4be9-a2bb-59782c35f9a5", "keyword": "khai trương therapy", "step": "cooldown", "message": "Cooldown 1.0s (after capture)", "data": {"w": 1}, "seq": 47401}
{"ts": "2026-05-01T19:17:59.575533+00:00", "level": "INFO", "jobId": "188cc36b-dae3-4be9-a2bb-59782c35f9a5", "keyword": "khai trương therapy", "step": "capture", "message": "Capturing posinset=4 (4/∞)…", "data": {"w": 1}, "seq": 47404}
{"ts": "2026-05-01T19:18:00.939904+00:00", "level": "INFO", "jobId": "188cc36b-dae3-4be9-a2bb-59782c35f9a5", "keyword": "khai trương therapy", "step": "capture", "message": "Saved post_004.png (posinset=4)", "data": {"w": 1}, "seq": 47406}
{"ts": "2026-05-01T19:18:00.942239+00:00", "level": "INFO", "jobId": "188cc36b-dae3-4be9-a2bb-59782c35f9a5", "keyword": "khai trương therapy", "step": "cooldown", "message": "Cooldown 1.0s (after capture)", "data": {"w": 1}, "seq": 47407}
{"ts": "2026-05-01T19:18:01.957920+00:00", "level": "INFO", "jobId": "188cc36b-dae3-4be9-a2bb-59782c35f9a5", "keyword": "khai trương therapy", "step": "capture", "message": "Capturing posinset=5 (5/∞)…", "data": {"w": 1}, "seq": 47410}
{"ts": "2026-05-01T19:18:03.312985+00:00", "level": "INFO", "jobId": "188cc36b-dae3-4be9-a2bb-59782c35f9a5", "keyword": "khai trương therapy", "step": "capture", "message": "Saved post_005.png (posinset=5)", "data": {"w": 1}, "seq": 47415}
{"ts": "2026-05-01T19:18:03.313985+00:00", "level": "INFO", "jobId": "188cc36b-dae3-4be9-a2bb-59782c35f9a5", "keyword": "khai trương therapy", "step": "cooldown", "message": "Cooldown 1.0s (after capture)", "data": {"w": 1}, "seq": 47416}
{"ts": "2026-05-01T19:18:04.346721+00:00", "level": "INFO", "jobId": "188cc36b-dae3-4be9-a2bb-59782c35f9a5", "keyword": "khai trương therapy", "step": "heartbeat", "message": "Worker alive", "data": {"w": 1, "elapsed_s": 43}, "seq": 47418}
{"ts": "2026-05-01T19:18:04.348720+00:00", "level": "INFO", "jobId": "188cc36b-dae3-4be9-a2bb-59782c35f9a5", "keyword": "khai trương therapy", "step": "capture", "message": "Capturing posinset=6 (6/∞)…", "data": {"w": 1}, "seq": 47419}
{"ts": "2026-05-01T19:18:06.026728+00:00", "level": "INFO", "jobId": "188cc36b-dae3-4be9-a2bb-59782c35f9a5", "keyword": "khai trương therapy", "step": "capture", "message": "Saved post_006.png (posinset=6)", "data": {"w": 1}, "seq": 47422}
{"ts": "2026-05-01T19:18:06.027732+00:00", "level": "INFO", "jobId": "188cc36b-dae3-4be9-a2bb-59782c35f9a5", "keyword": "khai trương therapy", "step": "cooldown", "message": "Cooldown 1.0s (after capture)", "data": {"w": 1}, "seq": 47423}
{"ts": "2026-05-01T19:18:07.126923+00:00", "level": "INFO", "jobId": "188cc36b-dae3-4be9-a2bb-59782c35f9a5", "keyword": "khai trương therapy", "step": "capture", "message": "Capturing posinset=7 (7/∞)…", "data": {"w": 1}, "seq": 47424}
{"ts": "2026-05-01T19:18:08.814705+00:00", "level": "INFO", "jobId": "188cc36b-dae3-4be9-a2bb-59782c35f9a5", "keyword": "khai trương therapy", "step": "capture", "message": "Saved post_007.png (posinset=7)", "data": {"w": 1}, "seq": 47429}
{"ts": "2026-05-01T19:18:08.817705+00:00", "level": "INFO", "jobId": "188cc36b-dae3-4be9-a2bb-59782c35f9a5", "keyword": "khai trương therapy", "step": "cooldown", "message": "Cooldown 1.0s (after capture)", "data": {"w": 1}, "seq": 47430}
{"ts": "2026-05-01T19:18:09.843239+00:00", "level": "INFO", "jobId": "188cc36b-dae3-4be9-a2bb-59782c35f9a5", "keyword": "khai trương therapy", "step": "capture", "message": "Capturing posinset=8 (8/∞)…", "data": {"w": 1}, "seq": 47432}
{"ts": "2026-05-01T19:18:11.696655+00:00", "level": "INFO", "jobId": "188cc36b-dae3-4be9-a2bb-59782c35f9a5", "keyword": "khai trương therapy", "step": "capture", "message": "Saved post_008.png (posinset=8)", "data": {"w": 1}, "seq": 47433}
{"ts": "2026-05-01T19:18:11.699658+00:00", "level": "INFO", "jobId": "188cc36b-dae3-4be9-a2bb-59782c35f9a5", "keyword": "khai trương therapy", "step": "cooldown", "message": "Cooldown 1.0s (after capture)", "data": {"w": 1}, "seq": 47434}
{"ts": "2026-05-01T19:18:12.726796+00:00", "level": "INFO", "jobId": "188cc36b-dae3-4be9-a2bb-59782c35f9a5", "keyword": "khai trương therapy", "step": "capture", "message": "Capturing posinset=9 (9/∞)…", "data": {"w": 1}, "seq": 47437}
{"ts": "2026-05-01T19:18:14.729866+00:00", "level": "INFO", "jobId": "188cc36b-dae3-4be9-a2bb-59782c35f9a5", "keyword": "khai trương therapy", "step": "capture", "message": "Saved post_009.png (posinset=9)", "data": {"w": 1}, "seq": 47439}
{"ts": "2026-05-01T19:18:14.733889+00:00", "level": "INFO", "jobId": "188cc36b-dae3-4be9-a2bb-59782c35f9a5", "keyword": "khai trương therapy", "step": "cooldown", "message": "Cooldown 1.0s (after capture)", "data": {"w": 1}, "seq": 47440}
{"ts": "2026-05-01T19:18:15.758961+00:00", "level": "INFO", "jobId": "188cc36b-dae3-4be9-a2bb-59782c35f9a5", "keyword": "khai trương therapy", "step": "capture", "message": "Capturing posinset=10 (10/∞)…", "data": {"w": 1}, "seq": 47445}
{"ts": "2026-05-01T19:18:17.159211+00:00", "level": "INFO", "jobId": "188cc36b-dae3-4be9-a2bb-59782c35f9a5", "keyword": "khai trương therapy", "step": "capture", "message": "Saved post_010.png (posinset=10)", "data": {"w": 1}, "seq": 47448}
{"ts": "2026-05-01T19:18:17.160665+00:00", "level": "INFO", "jobId": "188cc36b-dae3-4be9-a2bb-59782c35f9a5", "keyword": "khai trương therapy", "step": "cooldown", "message": "Cooldown 1.0s (after capture)", "data": {"w": 1}, "seq": 47449}
{"ts": "2026-05-01T19:18:18.179914+00:00", "level": "INFO", "jobId": "188cc36b-dae3-4be9-a2bb-59782c35f9a5", "keyword": "khai trương therapy", "step": "capture", "message": "Capturing posinset=11 (11/∞)…", "data": {"w": 1}, "seq": 47452}
{"ts": "2026-05-01T19:18:19.762885+00:00", "level": "INFO", "jobId": "188cc36b-dae3-4be9-a2bb-59782c35f9a5", "keyword": "khai trương therapy", "step": "capture", "message": "Saved post_011.png (posinset=11)", "data": {"w": 1}, "seq": 47454}
{"ts": "2026-05-01T19:18:19.764098+00:00", "level": "INFO", "jobId": "188cc36b-dae3-4be9-a2bb-59782c35f9a5", "keyword": "khai trương therapy", "step": "cooldown", "message": "Cooldown 1.0s (after capture)", "data": {"w": 1}, "seq": 47455}
{"ts": "2026-05-01T19:18:20.787444+00:00", "level": "INFO", "jobId": "188cc36b-dae3-4be9-a2bb-59782c35f9a5", "keyword": "khai trương therapy", "step": "heartbeat", "message": "Worker alive", "data": {"w": 1, "elapsed_s": 59}, "seq": 47458}
{"ts": "2026-05-01T19:18:20.788449+00:00", "level": "INFO", "jobId": "188cc36b-dae3-4be9-a2bb-59782c35f9a5", "keyword": "khai trương therapy", "step": "capture", "message": "Capturing posinset=12 (12/∞)…", "data": {"w": 1}, "seq": 47459}
{"ts": "2026-05-01T19:18:22.066850+00:00", "level": "INFO", "jobId": "188cc36b-dae3-4be9-a2bb-59782c35f9a5", "keyword": "khai trương therapy", "step": "capture", "message": "Saved post_012.png (posinset=12)", "data": {"w": 1}, "seq": 47464}
{"ts": "2026-05-01T19:18:22.069254+00:00", "level": "INFO", "jobId": "188cc36b-dae3-4be9-a2bb-59782c35f9a5", "keyword": "khai trương therapy", "step": "cooldown", "message": "Cooldown 1.0s (after capture)", "data": {"w": 1}, "seq": 47465}
{"ts": "2026-05-01T19:18:23.099677+00:00", "level": "INFO", "jobId": "188cc36b-dae3-4be9-a2bb-59782c35f9a5", "keyword": "khai trương therapy", "step": "capture", "message": "Capturing posinset=13 (13/∞)…", "data": {"w": 1}, "seq": 47467}
{"ts": "2026-05-01T19:18:25.650748+00:00", "level": "INFO", "jobId": "188cc36b-dae3-4be9-a2bb-59782c35f9a5", "keyword": "khai trương therapy", "step": "capture", "message": "Saved post_013.png (posinset=13)", "data": {"w": 1}, "seq": 47470}
{"ts": "2026-05-01T19:18:25.651796+00:00", "level": "INFO", "jobId": "188cc36b-dae3-4be9-a2bb-59782c35f9a5", "keyword": "khai trương therapy", "step": "cooldown", "message": "Cooldown 1.0s (after capture)", "data": {"w": 1}, "seq": 47471}
{"ts": "2026-05-01T19:18:26.685975+00:00", "level": "INFO", "jobId": "188cc36b-dae3-4be9-a2bb-59782c35f9a5", "keyword": "khai trương therapy", "step": "capture", "message": "Capturing posinset=14 (14/∞)…", "data": {"w": 1}, "seq": 47473}
{"ts": "2026-05-01T19:18:28.121126+00:00", "level": "INFO", "jobId": "188cc36b-dae3-4be9-a2bb-59782c35f9a5", "keyword": "khai trương therapy", "step": "capture", "message": "Saved post_014.png (posinset=14)", "data": {"w": 1}, "seq": 47478}
{"ts": "2026-05-01T19:18:28.123507+00:00", "level": "INFO", "jobId": "188cc36b-dae3-4be9-a2bb-59782c35f9a5", "keyword": "khai trương therapy", "step": "cooldown", "message": "Cooldown 1.0s (after capture)", "data": {"w": 1}, "seq": 47479}
{"ts": "2026-05-01T19:18:29.710400+00:00", "level": "INFO", "jobId": "188cc36b-dae3-4be9-a2bb-59782c35f9a5", "keyword": "khai trương therapy", "step": "capture", "message": "Capturing posinset=15 (15/∞)…", "data": {"w": 1}, "seq": 47482}
{"ts": "2026-05-01T19:18:31.755022+00:00", "level": "INFO", "jobId": "188cc36b-dae3-4be9-a2bb-59782c35f9a5", "keyword": "khai trương therapy", "step": "capture", "message": "Saved post_015.png (posinset=15)", "data": {"w": 1}, "seq": 47487}
{"ts": "2026-05-01T19:18:31.756403+00:00", "level": "INFO", "jobId": "188cc36b-dae3-4be9-a2bb-59782c35f9a5", "keyword": "khai trương therapy", "step": "cooldown", "message": "Cooldown 1.0s (after capture)", "data": {"w": 1}, "seq": 47488}
{"ts": "2026-05-01T19:18:32.790556+00:00", "level": "INFO", "jobId": "188cc36b-dae3-4be9-a2bb-59782c35f9a5", "keyword": "khai trương therapy", "step": "capture", "message": "Capturing posinset=16 (16/∞)…", "data": {"w": 1}, "seq": 47489}
{"ts": "2026-05-01T19:18:35.788591+00:00", "level": "INFO", "jobId": "188cc36b-dae3-4be9-a2bb-59782c35f9a5", "keyword": "khai trương therapy", "step": "capture", "message": "Saved post_016.png (posinset=16)", "data": {"w": 1}, "seq": 47492}
{"ts": "2026-05-01T19:18:35.792591+00:00", "level": "INFO", "jobId": "188cc36b-dae3-4be9-a2bb-59782c35f9a5", "keyword": "khai trương therapy", "step": "cooldown", "message": "Cooldown 1.0s (after capture)", "data": {"w": 1}, "seq": 47493}
{"ts": "2026-05-01T19:18:36.844081+00:00", "level": "INFO", "jobId": "188cc36b-dae3-4be9-a2bb-59782c35f9a5", "keyword": "khai trương therapy", "step": "heartbeat", "message": "Worker alive", "data": {"w": 1, "elapsed_s": 75}, "seq": 47495}
{"ts": "2026-05-01T19:18:36.854081+00:00", "level": "INFO", "jobId": "188cc36b-dae3-4be9-a2bb-59782c35f9a5", "keyword": "khai trương therapy", "step": "capture", "message": "Capturing posinset=17 (17/∞)…", "data": {"w": 1}, "seq": 47496}
{"ts": "2026-05-01T19:18:38.518501+00:00", "level": "INFO", "jobId": "188cc36b-dae3-4be9-a2bb-59782c35f9a5", "keyword": "khai trương therapy", "step": "capture", "message": "Saved post_017.png (posinset=17)", "data": {"w": 1}, "seq": 47497}
{"ts": "2026-05-01T19:18:38.519501+00:00", "level": "INFO", "jobId": "188cc36b-dae3-4be9-a2bb-59782c35f9a5", "keyword": "khai trương therapy", "step": "cooldown", "message": "Cooldown 1.0s (after capture)", "data": {"w": 1}, "seq": 47498}
{"ts": "2026-05-01T19:18:39.554031+00:00", "level": "INFO", "jobId": "188cc36b-dae3-4be9-a2bb-59782c35f9a5", "keyword": "khai trương therapy", "step": "capture", "message": "Capturing posinset=18 (18/∞)…", "data": {"w": 1}, "seq": 47503}
{"ts": "2026-05-01T19:18:41.219680+00:00", "level": "INFO", "jobId": "188cc36b-dae3-4be9-a2bb-59782c35f9a5", "keyword": "khai trương therapy", "step": "capture", "message": "Saved post_018.png (posinset=18)", "data": {"w": 1}, "seq": 47507}
{"ts": "2026-05-01T19:18:41.220680+00:00", "level": "INFO", "jobId": "188cc36b-dae3-4be9-a2bb-59782c35f9a5", "keyword": "khai trương therapy", "step": "cooldown", "message": "Cooldown 1.0s (after capture)", "data": {"w": 1}, "seq": 47508}
{"ts": "2026-05-01T19:18:42.256135+00:00", "level": "INFO", "jobId": "188cc36b-dae3-4be9-a2bb-59782c35f9a5", "keyword": "khai trương therapy", "step": "capture", "message": "Capturing posinset=19 (19/∞)…", "data": {"w": 1}, "seq": 47509}
{"ts": "2026-05-01T19:18:43.952033+00:00", "level": "INFO", "jobId": "188cc36b-dae3-4be9-a2bb-59782c35f9a5", "keyword": "khai trương therapy", "step": "capture", "message": "Saved post_019.png (posinset=19)", "data": {"w": 1}, "seq": 47514}
{"ts": "2026-05-01T19:18:43.953028+00:00", "level": "INFO", "jobId": "188cc36b-dae3-4be9-a2bb-59782c35f9a5", "keyword": "khai trương therapy", "step": "cooldown", "message": "Cooldown 1.0s (after capture)", "data": {"w": 1}, "seq": 47515}
{"ts": "2026-05-01T19:18:44.987324+00:00", "level": "INFO", "jobId": "188cc36b-dae3-4be9-a2bb-59782c35f9a5", "keyword": "khai trương therapy", "step": "capture", "message": "Capturing posinset=20 (20/∞)…", "data": {"w": 1}, "seq": 47516}
{"ts": "2026-05-01T19:18:50.779428+00:00", "level": "INFO", "jobId": "188cc36b-dae3-4be9-a2bb-59782c35f9a5", "keyword": "khai trương therapy", "step": "capture", "message": "Capturing posinset=20 (20/∞)…", "data": {"w": 1}, "seq": 47522}
{"ts": "2026-05-01T19:18:52.272414+00:00", "level": "INFO", "jobId": "188cc36b-dae3-4be9-a2bb-59782c35f9a5", "keyword": "khai trương therapy", "step": "capture", "message": "Saved post_020.png (posinset=20)", "data": {"w": 1}, "seq": 47524}
{"ts": "2026-05-01T19:18:52.274414+00:00", "level": "INFO", "jobId": "188cc36b-dae3-4be9-a2bb-59782c35f9a5", "keyword": "khai trương therapy", "step": "cooldown", "message": "Cooldown 1.0s (after capture)", "data": {"w": 1}, "seq": 47525}
{"ts": "2026-05-01T19:18:53.470688+00:00", "level": "INFO", "jobId": "188cc36b-dae3-4be9-a2bb-59782c35f9a5", "keyword": "khai trương therapy", "step": "heartbeat", "message": "Worker alive", "data": {"w": 1, "elapsed_s": 92}, "seq": 47526}
{"ts": "2026-05-01T19:18:53.471689+00:00", "level": "INFO", "jobId": "188cc36b-dae3-4be9-a2bb-59782c35f9a5", "keyword": "khai trương therapy", "step": "capture", "message": "Capturing posinset=21 (21/∞)…", "data": {"w": 1}, "seq": 47527}
{"ts": "2026-05-01T19:18:56.031693+00:00", "level": "INFO", "jobId": "188cc36b-dae3-4be9-a2bb-59782c35f9a5", "keyword": "khai trương therapy", "step": "capture", "message": "Saved post_021.png (posinset=21)", "data": {"w": 1}, "seq": 47528}
{"ts": "2026-05-01T19:18:56.034695+00:00", "level": "INFO", "jobId": "188cc36b-dae3-4be9-a2bb-59782c35f9a5", "keyword": "khai trương therapy", "step": "cooldown", "message": "Cooldown 1.0s (after capture)", "data": {"w": 1}, "seq": 47529}
{"ts": "2026-05-01T19:18:57.058125+00:00", "level": "INFO", "jobId": "188cc36b-dae3-4be9-a2bb-59782c35f9a5", "keyword": "khai trương therapy", "step": "capture", "message": "Capturing posinset=22 (22/∞)…", "data": {"w": 1}, "seq": 47534}
{"ts": "2026-05-01T19:18:58.814796+00:00", "level": "INFO", "jobId": "188cc36b-dae3-4be9-a2bb-59782c35f9a5", "keyword": "khai trương therapy", "step": "capture", "message": "Saved post_022.png (posinset=22)", "data": {"w": 1}, "seq": 47538}
{"ts": "2026-05-01T19:18:58.817353+00:00", "level": "INFO", "jobId": "188cc36b-dae3-4be9-a2bb-59782c35f9a5", "keyword": "khai trương therapy", "step": "cooldown", "message": "Cooldown 1.0s (after capture)", "data": {"w": 1}, "seq": 47539}
{"ts": "2026-05-01T19:18:59.863448+00:00", "level": "INFO", "jobId": "188cc36b-dae3-4be9-a2bb-59782c35f9a5", "keyword": "khai trương therapy", "step": "capture", "message": "Capturing posinset=23 (23/∞)…", "data": {"w": 1}, "seq": 47540}
{"ts": "2026-05-01T19:19:02.146306+00:00", "level": "INFO", "jobId": "188cc36b-dae3-4be9-a2bb-59782c35f9a5", "keyword": "khai trương therapy", "step": "capture", "message": "Saved post_023.png (posinset=23)", "data": {"w": 1}, "seq": 47543}
{"ts": "2026-05-01T19:19:02.147807+00:00", "level": "INFO", "jobId": "188cc36b-dae3-4be9-a2bb-59782c35f9a5", "keyword": "khai trương therapy", "step": "cooldown", "message": "Cooldown 1.0s (after capture)", "data": {"w": 1}, "seq": 47544}
{"ts": "2026-05-01T19:19:03.171838+00:00", "level": "INFO", "jobId": "188cc36b-dae3-4be9-a2bb-59782c35f9a5", "keyword": "khai trương therapy", "step": "capture", "message": "Capturing posinset=24 (24/∞)…", "data": {"w": 1}, "seq": 47548}
{"ts": "2026-05-01T19:19:04.835063+00:00", "level": "INFO", "jobId": "188cc36b-dae3-4be9-a2bb-59782c35f9a5", "keyword": "khai trương therapy", "step": "capture", "message": "Saved post_024.png (posinset=24)", "data": {"w": 1}, "seq": 47551}
{"ts": "2026-05-01T19:19:04.837063+00:00", "level": "INFO", "jobId": "188cc36b-dae3-4be9-a2bb-59782c35f9a5", "keyword": "khai trương therapy", "step": "cooldown", "message": "Cooldown 1.0s (after capture)", "data": {"w": 1}, "seq": 47552}
{"ts": "2026-05-01T19:19:05.857416+00:00", "level": "INFO", "jobId": "188cc36b-dae3-4be9-a2bb-59782c35f9a5", "keyword": "khai trương therapy", "step": "capture", "message": "Capturing posinset=25 (25/∞)…", "data": {"w": 1}, "seq": 47553}
{"ts": "2026-05-01T19:19:07.732984+00:00", "level": "INFO", "jobId": "188cc36b-dae3-4be9-a2bb-59782c35f9a5", "keyword": "khai trương therapy", "step": "capture", "message": "Saved post_025.png (posinset=25)", "data": {"w": 1}, "seq": 47558}
{"ts": "2026-05-01T19:19:07.733972+00:00", "level": "INFO", "jobId": "188cc36b-dae3-4be9-a2bb-59782c35f9a5", "keyword": "khai trương therapy", "step": "cooldown", "message": "Cooldown 1.0s (after capture)", "data": {"w": 1}, "seq": 47559}
{"ts": "2026-05-01T19:19:08.753266+00:00", "level": "INFO", "jobId": "188cc36b-dae3-4be9-a2bb-59782c35f9a5", "keyword": "khai trương therapy", "step": "heartbeat", "message": "Worker alive", "data": {"w": 1, "elapsed_s": 107}, "seq": 47562}
{"ts": "2026-05-01T19:19:08.754453+00:00", "level": "INFO", "jobId": "188cc36b-dae3-4be9-a2bb-59782c35f9a5", "keyword": "khai trương therapy", "step": "capture", "message": "Capturing posinset=26 (26/∞)…", "data": {"w": 1}, "seq": 47563}
{"ts": "2026-05-01T19:19:11.755311+00:00", "level": "INFO", "jobId": "188cc36b-dae3-4be9-a2bb-59782c35f9a5", "keyword": "khai trương therapy", "step": "capture", "message": "Saved post_026.png (posinset=26)", "data": {"w": 1}, "seq": 47567}
{"ts": "2026-05-01T19:19:11.756689+00:00", "level": "INFO", "jobId": "188cc36b-dae3-4be9-a2bb-59782c35f9a5", "keyword": "khai trương therapy", "step": "cooldown", "message": "Cooldown 1.0s (after capture)", "data": {"w": 1}, "seq": 47568}
{"ts": "2026-05-01T19:19:12.784923+00:00", "level": "INFO", "jobId": "188cc36b-dae3-4be9-a2bb-59782c35f9a5", "keyword": "khai trương therapy", "step": "capture", "message": "Capturing posinset=27 (27/∞)…", "data": {"w": 1}, "seq": 47571}
{"ts": "2026-05-01T19:19:14.175407+00:00", "level": "INFO", "jobId": "188cc36b-dae3-4be9-a2bb-59782c35f9a5", "keyword": "khai trương therapy", "step": "capture", "message": "Saved post_027.png (posinset=27)", "data": {"w": 1}, "seq": 47576}
{"ts": "2026-05-01T19:19:14.176727+00:00", "level": "INFO", "jobId": "188cc36b-dae3-4be9-a2bb-59782c35f9a5", "keyword": "khai trương therapy", "step": "cooldown", "message": "Cooldown 1.0s (after capture)", "data": {"w": 1}, "seq": 47577}
{"ts": "2026-05-01T19:19:15.215758+00:00", "level": "INFO", "jobId": "188cc36b-dae3-4be9-a2bb-59782c35f9a5", "keyword": "khai trương therapy", "step": "capture", "message": "Capturing posinset=28 (28/∞)…", "data": {"w": 1}, "seq": 47579}
{"ts": "2026-05-01T19:19:17.115158+00:00", "level": "INFO", "jobId": "188cc36b-dae3-4be9-a2bb-59782c35f9a5", "keyword": "khai trương therapy", "step": "capture", "message": "Saved post_028.png (posinset=28)", "data": {"w": 1}, "seq": 47580}
{"ts": "2026-05-01T19:19:17.117158+00:00", "level": "INFO", "jobId": "188cc36b-dae3-4be9-a2bb-59782c35f9a5", "keyword": "khai trương therapy", "step": "cooldown", "message": "Cooldown 1.0s (after capture)", "data": {"w": 1}, "seq": 47581}
{"ts": "2026-05-01T19:19:18.724900+00:00", "level": "INFO", "jobId": "188cc36b-dae3-4be9-a2bb-59782c35f9a5", "keyword": "khai trương therapy", "step": "capture", "message": "Capturing posinset=29 (29/∞)…", "data": {"w": 1}, "seq": 47585}
{"ts": "2026-05-01T19:19:25.933968+00:00", "level": "INFO", "jobId": "188cc36b-dae3-4be9-a2bb-59782c35f9a5", "keyword": "khai trương therapy", "step": "heartbeat", "message": "Worker alive", "data": {"w": 1, "elapsed_s": 124}, "seq": 47590}
{"ts": "2026-05-01T19:19:25.937191+00:00", "level": "INFO", "jobId": "188cc36b-dae3-4be9-a2bb-59782c35f9a5", "keyword": "khai trương therapy", "step": "capture", "message": "Capturing posinset=29 (29/∞)…", "data": {"w": 1}, "seq": 47591}
{"ts": "2026-05-01T19:19:28.138033+00:00", "level": "INFO", "jobId": "188cc36b-dae3-4be9-a2bb-59782c35f9a5", "keyword": "khai trương therapy", "step": "capture", "message": "Saved post_029.png (posinset=29)", "data": {"w": 1}, "seq": 47597}
{"ts": "2026-05-01T19:19:28.139249+00:00", "level": "INFO", "jobId": "188cc36b-dae3-4be9-a2bb-59782c35f9a5", "keyword": "khai trương therapy", "step": "cooldown", "message": "Cooldown 1.0s (after capture)", "data": {"w": 1}, "seq": 47598}
{"ts": "2026-05-01T19:19:29.194279+00:00", "level": "INFO", "jobId": "188cc36b-dae3-4be9-a2bb-59782c35f9a5", "keyword": "khai trương therapy", "step": "capture", "message": "Capturing posinset=30 (30/∞)…", "data": {"w": 1}, "seq": 47600}
{"ts": "2026-05-01T19:19:31.381958+00:00", "level": "INFO", "jobId": "188cc36b-dae3-4be9-a2bb-59782c35f9a5", "keyword": "khai trương therapy", "step": "capture", "message": "Saved post_030.png (posinset=30)", "data": {"w": 1}, "seq": 47603}
{"ts": "2026-05-01T19:19:31.382958+00:00", "level": "INFO", "jobId": "188cc36b-dae3-4be9-a2bb-59782c35f9a5", "keyword": "khai trương therapy", "step": "cooldown", "message": "Cooldown 1.0s (after capture)", "data": {"w": 1}, "seq": 47604}
{"ts": "2026-05-01T19:19:32.410249+00:00", "level": "INFO", "jobId": "188cc36b-dae3-4be9-a2bb-59782c35f9a5", "keyword": "khai trương therapy", "step": "capture", "message": "Capturing posinset=31 (31/∞)…", "data": {"w": 1}, "seq": 47608}
{"ts": "2026-05-01T19:19:34.546679+00:00", "level": "INFO", "jobId": "188cc36b-dae3-4be9-a2bb-59782c35f9a5", "keyword": "khai trương therapy", "step": "capture", "message": "Saved post_031.png (posinset=31)", "data": {"w": 1}, "seq": 47613}
{"ts": "2026-05-01T19:19:34.551838+00:00", "level": "INFO", "jobId": "188cc36b-dae3-4be9-a2bb-59782c35f9a5", "keyword": "khai trương therapy", "step": "cooldown", "message": "Cooldown 1.0s (after capture)", "data": {"w": 1}, "seq": 47614}
{"ts": "2026-05-01T19:19:35.580204+00:00", "level": "INFO", "jobId": "188cc36b-dae3-4be9-a2bb-59782c35f9a5", "keyword": "khai trương therapy", "step": "capture", "message": "Capturing posinset=32 (32/∞)…", "data": {"w": 1}, "seq": 47615}
{"ts": "2026-05-01T19:19:37.825291+00:00", "level": "INFO", "jobId": "188cc36b-dae3-4be9-a2bb-59782c35f9a5", "keyword": "khai trương therapy", "step": "capture", "message": "Saved post_032.png (posinset=32)", "data": {"w": 1}, "seq": 47617}
{"ts": "2026-05-01T19:19:37.829731+00:00", "level": "INFO", "jobId": "188cc36b-dae3-4be9-a2bb-59782c35f9a5", "keyword": "khai trương therapy", "step": "cooldown", "message": "Cooldown 1.0s (after capture)", "data": {"w": 1}, "seq": 47618}
{"ts": "2026-05-01T19:19:38.854907+00:00", "level": "INFO", "jobId": "188cc36b-dae3-4be9-a2bb-59782c35f9a5", "keyword": "khai trương therapy", "step": "capture", "message": "Capturing posinset=33 (33/∞)…", "data": {"w": 1}, "seq": 47621}
{"ts": "2026-05-01T19:19:40.884733+00:00", "level": "INFO", "jobId": "188cc36b-dae3-4be9-a2bb-59782c35f9a5", "keyword": "khai trương therapy", "step": "capture", "message": "Saved post_033.png (posinset=33)", "data": {"w": 1}, "seq": 47624}
{"ts": "2026-05-01T19:19:40.885999+00:00", "level": "INFO", "jobId": "188cc36b-dae3-4be9-a2bb-59782c35f9a5", "keyword": "khai trương therapy", "step": "cooldown", "message": "Cooldown 1.0s (after capture)", "data": {"w": 1}, "seq": 47625}
{"ts": "2026-05-01T19:19:41.919421+00:00", "level": "INFO", "jobId": "188cc36b-dae3-4be9-a2bb-59782c35f9a5", "keyword": "khai trương therapy", "step": "heartbeat", "message": "Worker alive", "data": {"w": 1, "elapsed_s": 140}, "seq": 47626}
{"ts": "2026-05-01T19:19:41.921563+00:00", "level": "INFO", "jobId": "188cc36b-dae3-4be9-a2bb-59782c35f9a5", "keyword": "khai trương therapy", "step": "capture", "message": "Capturing posinset=34 (34/∞)…", "data": {"w": 1}, "seq": 47627}
{"ts": "2026-05-01T19:19:43.865453+00:00", "level": "INFO", "jobId": "188cc36b-dae3-4be9-a2bb-59782c35f9a5", "keyword": "khai trương therapy", "step": "capture", "message": "Saved post_034.png (posinset=34)", "data": {"w": 1}, "seq": 47631}
{"ts": "2026-05-01T19:19:43.866813+00:00", "level": "INFO", "jobId": "188cc36b-dae3-4be9-a2bb-59782c35f9a5", "keyword": "khai trương therapy", "step": "cooldown", "message": "Cooldown 1.0s (after capture)", "data": {"w": 1}, "seq": 47632}
{"ts": "2026-05-01T19:19:44.901248+00:00", "level": "INFO", "jobId": "188cc36b-dae3-4be9-a2bb-59782c35f9a5", "keyword": "khai trương therapy", "step": "capture", "message": "Capturing posinset=35 (35/∞)…", "data": {"w": 1}, "seq": 47633}
{"ts": "2026-05-01T19:19:46.901712+00:00", "level": "INFO", "jobId": "188cc36b-dae3-4be9-a2bb-59782c35f9a5", "keyword": "khai trương therapy", "step": "capture", "message": "Saved post_035.png (posinset=35)", "data": {"w": 1}, "seq": 47638}
{"ts": "2026-05-01T19:19:46.903724+00:00", "level": "INFO", "jobId": "188cc36b-dae3-4be9-a2bb-59782c35f9a5", "keyword": "khai trương therapy", "step": "cooldown", "message": "Cooldown 1.0s (after capture)", "data": {"w": 1}, "seq": 47639}
{"ts": "2026-05-01T19:19:47.983885+00:00", "level": "INFO", "jobId": "188cc36b-dae3-4be9-a2bb-59782c35f9a5", "keyword": "khai trương therapy", "step": "capture", "message": "Capturing posinset=36 (36/∞)…", "data": {"w": 1}, "seq": 47642}
{"ts": "2026-05-01T19:19:50.126353+00:00", "level": "INFO", "jobId": "188cc36b-dae3-4be9-a2bb-59782c35f9a5", "keyword": "khai trương therapy", "step": "capture", "message": "Saved post_036.png (posinset=36)", "data": {"w": 1}, "seq": 47644}
{"ts": "2026-05-01T19:19:50.128191+00:00", "level": "INFO", "jobId": "188cc36b-dae3-4be9-a2bb-59782c35f9a5", "keyword": "khai trương therapy", "step": "cooldown", "message": "Cooldown 1.0s (after capture)", "data": {"w": 1}, "seq": 47645}
{"ts": "2026-05-01T19:19:51.161960+00:00", "level": "INFO", "jobId": "188cc36b-dae3-4be9-a2bb-59782c35f9a5", "keyword": "khai trương therapy", "step": "capture", "message": "Capturing posinset=37 (37/∞)…", "data": {"w": 1}, "seq": 47647}
{"ts": "2026-05-01T19:19:52.644052+00:00", "level": "INFO", "jobId": "188cc36b-dae3-4be9-a2bb-59782c35f9a5", "keyword": "khai trương therapy", "step": "capture", "message": "Saved post_037.png (posinset=37)", "data": {"w": 1}, "seq": 47651}
{"ts": "2026-05-01T19:19:52.645052+00:00", "level": "INFO", "jobId": "188cc36b-dae3-4be9-a2bb-59782c35f9a5", "keyword": "khai trương therapy", "step": "cooldown", "message": "Cooldown 1.0s (after capture)", "data": {"w": 1}, "seq": 47652}
{"ts": "2026-05-01T19:19:53.674990+00:00", "level": "INFO", "jobId": "188cc36b-dae3-4be9-a2bb-59782c35f9a5", "keyword": "khai trương therapy", "step": "capture", "message": "Capturing posinset=38 (38/∞)…", "data": {"w": 1}, "seq": 47654}
{"ts": "2026-05-01T19:19:55.016871+00:00", "level": "INFO", "jobId": "188cc36b-dae3-4be9-a2bb-59782c35f9a5", "keyword": "khai trương therapy", "step": "capture", "message": "Saved post_038.png (posinset=38)", "data": {"w": 1}, "seq": 47657}
{"ts": "2026-05-01T19:19:55.017871+00:00", "level": "INFO", "jobId": "188cc36b-dae3-4be9-a2bb-59782c35f9a5", "keyword": "khai trương therapy", "step": "cooldown", "message": "Cooldown 1.0s (after capture)", "data": {"w": 1}, "seq": 47658}
{"ts": "2026-05-01T19:19:56.064057+00:00", "level": "INFO", "jobId": "188cc36b-dae3-4be9-a2bb-59782c35f9a5", "keyword": "khai trương therapy", "step": "capture", "message": "Capturing posinset=39 (39/∞)…", "data": {"w": 1}, "seq": 47662}
{"ts": "2026-05-01T19:19:58.282650+00:00", "level": "INFO", "jobId": "188cc36b-dae3-4be9-a2bb-59782c35f9a5", "keyword": "khai trương therapy", "step": "capture", "message": "Saved post_039.png (posinset=39)", "data": {"w": 1}, "seq": 47664}
{"ts": "2026-05-01T19:19:58.324666+00:00", "level": "INFO", "jobId": "188cc36b-dae3-4be9-a2bb-59782c35f9a5", "keyword": "khai trương therapy", "step": "cooldown", "message": "Cooldown 1.0s (after capture)", "data": {"w": 1}, "seq": 47665}
{"ts": "2026-05-01T19:19:59.337345+00:00", "level": "INFO", "jobId": "188cc36b-dae3-4be9-a2bb-59782c35f9a5", "keyword": "khai trương therapy", "step": "heartbeat", "message": "Worker alive", "data": {"w": 1, "elapsed_s": 158}, "seq": 47666}
{"ts": "2026-05-01T19:19:59.351185+00:00", "level": "INFO", "jobId": "188cc36b-dae3-4be9-a2bb-59782c35f9a5", "keyword": "khai trương therapy", "step": "capture", "message": "Capturing posinset=40 (40/∞)…", "data": {"w": 1}, "seq": 47667}
{"ts": "2026-05-01T19:20:00.686032+00:00", "level": "INFO", "jobId": "188cc36b-dae3-4be9-a2bb-59782c35f9a5", "keyword": "khai trương therapy", "step": "capture", "message": "Saved post_040.png (posinset=40)", "data": {"w": 1}, "seq": 47669}
{"ts": "2026-05-01T19:20:00.687080+00:00", "level": "INFO", "jobId": "188cc36b-dae3-4be9-a2bb-59782c35f9a5", "keyword": "khai trương therapy", "step": "cooldown", "message": "Cooldown 1.0s (after capture)", "data": {"w": 1}, "seq": 47670}
{"ts": "2026-05-01T19:20:01.716712+00:00", "level": "INFO", "jobId": "188cc36b-dae3-4be9-a2bb-59782c35f9a5", "keyword": "khai trương therapy", "step": "capture", "message": "Capturing posinset=41 (41/∞)…", "data": {"w": 1}, "seq": 47672}
{"ts": "2026-05-01T19:20:03.065152+00:00", "level": "INFO", "jobId": "188cc36b-dae3-4be9-a2bb-59782c35f9a5", "keyword": "khai trương therapy", "step": "capture", "message": "Saved post_041.png (posinset=41)", "data": {"w": 1}, "seq": 47673}
{"ts": "2026-05-01T19:20:03.065152+00:00", "level": "INFO", "jobId": "188cc36b-dae3-4be9-a2bb-59782c35f9a5", "keyword": "khai trương therapy", "step": "cooldown", "message": "Cooldown 1.0s (after capture)", "data": {"w": 1}, "seq": 47674}
{"ts": "2026-05-01T19:20:04.081071+00:00", "level": "INFO", "jobId": "188cc36b-dae3-4be9-a2bb-59782c35f9a5", "keyword": "khai trương therapy", "step": "capture", "message": "Capturing posinset=42 (42/∞)…", "data": {"w": 1}, "seq": 47676}
{"ts": "2026-05-01T19:20:06.004716+00:00", "level": "INFO", "jobId": "188cc36b-dae3-4be9-a2bb-59782c35f9a5", "keyword": "khai trương therapy", "step": "capture", "message": "Saved post_042.png (posinset=42)", "data": {"w": 1}, "seq": 47677}
{"ts": "2026-05-01T19:20:06.007094+00:00", "level": "INFO", "jobId": "188cc36b-dae3-4be9-a2bb-59782c35f9a5", "keyword": "khai trương therapy", "step": "cooldown", "message": "Cooldown 1.0s (after capture)", "data": {"w": 1}, "seq": 47678}
{"ts": "2026-05-01T19:20:07.442183+00:00", "level": "INFO", "jobId": "188cc36b-dae3-4be9-a2bb-59782c35f9a5", "keyword": "khai trương therapy", "step": "capture", "message": "Capturing posinset=43 (43/∞)…", "data": {"w": 1}, "seq": 47679}
{"ts": "2026-05-01T19:20:09.392081+00:00", "level": "INFO", "jobId": "188cc36b-dae3-4be9-a2bb-59782c35f9a5", "keyword": "khai trương therapy", "step": "capture", "message": "Saved post_043.png (posinset=43)", "data": {"w": 1}, "seq": 47683}
{"ts": "2026-05-01T19:20:09.394079+00:00", "level": "INFO", "jobId": "188cc36b-dae3-4be9-a2bb-59782c35f9a5", "keyword": "khai trương therapy", "step": "cooldown", "message": "Cooldown 1.0s (after capture)", "data": {"w": 1}, "seq": 47684}
{"ts": "2026-05-01T19:20:10.420485+00:00", "level": "INFO", "jobId": "188cc36b-dae3-4be9-a2bb-59782c35f9a5", "keyword": "khai trương therapy", "step": "capture", "message": "Capturing posinset=44 (44/∞)…", "data": {"w": 1}, "seq": 47685}
{"ts": "2026-05-01T19:20:11.838906+00:00", "level": "INFO", "jobId": "188cc36b-dae3-4be9-a2bb-59782c35f9a5", "keyword": "khai trương therapy", "step": "capture", "message": "Saved post_044.png (posinset=44)", "data": {"w": 1}, "seq": 47686}
{"ts": "2026-05-01T19:20:11.840910+00:00", "level": "INFO", "jobId": "188cc36b-dae3-4be9-a2bb-59782c35f9a5", "keyword": "khai trương therapy", "step": "cooldown", "message": "Cooldown 1.0s (after capture)", "data": {"w": 1}, "seq": 47687}
{"ts": "2026-05-01T19:20:12.859791+00:00", "level": "INFO", "jobId": "188cc36b-dae3-4be9-a2bb-59782c35f9a5", "keyword": "khai trương therapy", "step": "capture", "message": "Capturing posinset=45 (45/∞)…", "data": {"w": 1}, "seq": 47690}
{"ts": "2026-05-01T19:20:14.641722+00:00", "level": "INFO", "jobId": "188cc36b-dae3-4be9-a2bb-59782c35f9a5", "keyword": "khai trương therapy", "step": "capture", "message": "Saved post_045.png (posinset=45)", "data": {"w": 1}, "seq": 47692}
{"ts": "2026-05-01T19:20:14.642737+00:00", "level": "INFO", "jobId": "188cc36b-dae3-4be9-a2bb-59782c35f9a5", "keyword": "khai trương therapy", "step": "cooldown", "message": "Cooldown 1.0s (after capture)", "data": {"w": 1}, "seq": 47693}
{"ts": "2026-05-01T19:20:15.669826+00:00", "level": "INFO", "jobId": "188cc36b-dae3-4be9-a2bb-59782c35f9a5", "keyword": "khai trương therapy", "step": "heartbeat", "message": "Worker alive", "data": {"w": 1, "elapsed_s": 174}, "seq": 47694}
{"ts": "2026-05-01T19:20:15.670827+00:00", "level": "INFO", "jobId": "188cc36b-dae3-4be9-a2bb-59782c35f9a5", "keyword": "khai trương therapy", "step": "capture", "message": "Capturing posinset=46 (46/∞)…", "data": {"w": 1}, "seq": 47695}
{"ts": "2026-05-01T19:20:17.248440+00:00", "level": "INFO", "jobId": "188cc36b-dae3-4be9-a2bb-59782c35f9a5", "keyword": "khai trương therapy", "step": "capture", "message": "Saved post_046.png (posinset=46)", "data": {"w": 1}, "seq": 47696}
{"ts": "2026-05-01T19:20:17.250933+00:00", "level": "INFO", "jobId": "188cc36b-dae3-4be9-a2bb-59782c35f9a5", "keyword": "khai trương therapy", "step": "cooldown", "message": "Cooldown 1.0s (after capture)", "data": {"w": 1}, "seq": 47697}
{"ts": "2026-05-01T19:20:18.463916+00:00", "level": "INFO", "jobId": "188cc36b-dae3-4be9-a2bb-59782c35f9a5", "keyword": "khai trương therapy", "step": "capture", "message": "Capturing posinset=47 (47/∞)…", "data": {"w": 1}, "seq": 47698}
{"ts": "2026-05-01T19:20:21.458449+00:00", "level": "INFO", "jobId": "188cc36b-dae3-4be9-a2bb-59782c35f9a5", "keyword": "khai trương therapy", "step": "capture", "message": "Saved post_047.png (posinset=47)", "data": {"w": 1}, "seq": 47705}
{"ts": "2026-05-01T19:20:21.459462+00:00", "level": "INFO", "jobId": "188cc36b-dae3-4be9-a2bb-59782c35f9a5", "keyword": "khai trương therapy", "step": "cooldown", "message": "Cooldown 1.0s (after capture)", "data": {"w": 1}, "seq": 47706}
{"ts": "2026-05-01T19:20:22.487871+00:00", "level": "INFO", "jobId": "188cc36b-dae3-4be9-a2bb-59782c35f9a5", "keyword": "khai trương therapy", "step": "capture", "message": "Capturing posinset=48 (48/∞)…", "data": {"w": 1}, "seq": 47707}
{"ts": "2026-05-01T19:20:25.013654+00:00", "level": "INFO", "jobId": "188cc36b-dae3-4be9-a2bb-59782c35f9a5", "keyword": "khai trương therapy", "step": "capture", "message": "Saved post_048.png (posinset=48)", "data": {"w": 1}, "seq": 47708}
{"ts": "2026-05-01T19:20:25.030654+00:00", "level": "INFO", "jobId": "188cc36b-dae3-4be9-a2bb-59782c35f9a5", "keyword": "khai trương therapy", "step": "cooldown", "message": "Cooldown 1.0s (after capture)", "data": {"w": 1}, "seq": 47709}
{"ts": "2026-05-01T19:20:26.093151+00:00", "level": "INFO", "jobId": "188cc36b-dae3-4be9-a2bb-59782c35f9a5", "keyword": "khai trương therapy", "step": "capture", "message": "Capturing posinset=49 (49/∞)…", "data": {"w": 1}, "seq": 47714}
{"ts": "2026-05-01T19:20:29.488753+00:00", "level": "INFO", "jobId": "188cc36b-dae3-4be9-a2bb-59782c35f9a5", "keyword": "khai trương therapy", "step": "capture", "message": "Saved post_049.png (posinset=49)", "data": {"w": 1}, "seq": 47717}
{"ts": "2026-05-01T19:20:29.489751+00:00", "level": "INFO", "jobId": "188cc36b-dae3-4be9-a2bb-59782c35f9a5", "keyword": "khai trương therapy", "step": "cooldown", "message": "Cooldown 1.0s (after capture)", "data": {"w": 1}, "seq": 47718}
{"ts": "2026-05-01T19:20:30.526456+00:00", "level": "INFO", "jobId": "188cc36b-dae3-4be9-a2bb-59782c35f9a5", "keyword": "khai trương therapy", "step": "capture", "message": "Capturing posinset=50 (50/∞)…", "data": {"w": 1}, "seq": 47721}
{"ts": "2026-05-01T19:20:35.006380+00:00", "level": "INFO", "jobId": "188cc36b-dae3-4be9-a2bb-59782c35f9a5", "keyword": "khai trương therapy", "step": "capture", "message": "Saved post_050.png (posinset=50)", "data": {"w": 1}, "seq": 47722}
{"ts": "2026-05-01T19:20:35.008880+00:00", "level": "INFO", "jobId": "188cc36b-dae3-4be9-a2bb-59782c35f9a5", "keyword": "khai trương therapy", "step": "cooldown", "message": "Cooldown 1.0s (after capture)", "data": {"w": 1}, "seq": 47723}
{"ts": "2026-05-01T19:20:36.045111+00:00", "level": "INFO", "jobId": "188cc36b-dae3-4be9-a2bb-59782c35f9a5", "keyword": "khai trương therapy", "step": "heartbeat", "message": "Worker alive", "data": {"w": 1, "elapsed_s": 194}, "seq": 47724}
{"ts": "2026-05-01T19:20:36.046130+00:00", "level": "INFO", "jobId": "188cc36b-dae3-4be9-a2bb-59782c35f9a5", "keyword": "khai trương therapy", "step": "capture", "message": "Capturing posinset=51 (51/∞)…", "data": {"w": 1}, "seq": 47725}
{"ts": "2026-05-01T19:20:38.690385+00:00", "level": "INFO", "jobId": "188cc36b-dae3-4be9-a2bb-59782c35f9a5", "keyword": "khai trương therapy", "step": "capture", "message": "Saved post_051.png (posinset=51)", "data": {"w": 1}, "seq": 47731}
{"ts": "2026-05-01T19:20:38.691633+00:00", "level": "INFO", "jobId": "188cc36b-dae3-4be9-a2bb-59782c35f9a5", "keyword": "khai trương therapy", "step": "cooldown", "message": "Cooldown 1.0s (after capture)", "data": {"w": 1}, "seq": 47732}
{"ts": "2026-05-01T19:20:40.811248+00:00", "level": "INFO", "jobId": "188cc36b-dae3-4be9-a2bb-59782c35f9a5", "keyword": "khai trương therapy", "step": "capture", "message": "Capturing posinset=52 (52/∞)…", "data": {"w": 1}, "seq": 47734}
{"ts": "2026-05-01T19:20:42.910372+00:00", "level": "INFO", "jobId": "188cc36b-dae3-4be9-a2bb-59782c35f9a5", "keyword": "khai trương therapy", "step": "capture", "message": "Saved post_052.png (posinset=52)", "data": {"w": 1}, "seq": 47738}
{"ts": "2026-05-01T19:20:42.911776+00:00", "level": "INFO", "jobId": "188cc36b-dae3-4be9-a2bb-59782c35f9a5", "keyword": "khai trương therapy", "step": "cooldown", "message": "Cooldown 1.0s (after capture)", "data": {"w": 1}, "seq": 47739}
{"ts": "2026-05-01T19:20:43.954961+00:00", "level": "INFO", "jobId": "188cc36b-dae3-4be9-a2bb-59782c35f9a5", "keyword": "khai trương therapy", "step": "capture", "message": "Capturing posinset=53 (53/∞)…", "data": {"w": 1}, "seq": 47742}
{"ts": "2026-05-01T19:20:45.755029+00:00", "level": "INFO", "jobId": "188cc36b-dae3-4be9-a2bb-59782c35f9a5", "keyword": "khai trương therapy", "step": "capture", "message": "Saved post_053.png (posinset=53)", "data": {"w": 1}, "seq": 47748}
{"ts": "2026-05-01T19:20:45.757029+00:00", "level": "INFO", "jobId": "188cc36b-dae3-4be9-a2bb-59782c35f9a5", "keyword": "khai trương therapy", "step": "cooldown", "message": "Cooldown 1.0s (after capture)", "data": {"w": 1}, "seq": 47749}
{"ts": "2026-05-01T19:20:46.786592+00:00", "level": "INFO", "jobId": "188cc36b-dae3-4be9-a2bb-59782c35f9a5", "keyword": "khai trương therapy", "step": "capture", "message": "Capturing posinset=54 (54/∞)…", "data": {"w": 1}, "seq": 47752}
{"ts": "2026-05-01T19:20:48.774376+00:00", "level": "INFO", "jobId": "188cc36b-dae3-4be9-a2bb-59782c35f9a5", "keyword": "khai trương therapy", "step": "capture", "message": "Saved post_054.png (posinset=54)", "data": {"w": 1}, "seq": 47756}
{"ts": "2026-05-01T19:20:48.776376+00:00", "level": "INFO", "jobId": "188cc36b-dae3-4be9-a2bb-59782c35f9a5", "keyword": "khai trương therapy", "step": "cooldown", "message": "Cooldown 1.0s (after capture)", "data": {"w": 1}, "seq": 47757}
{"ts": "2026-05-01T19:20:49.804573+00:00", "level": "INFO", "jobId": "188cc36b-dae3-4be9-a2bb-59782c35f9a5", "keyword": "khai trương therapy", "step": "capture", "message": "Capturing posinset=55 (55/∞)…", "data": {"w": 1}, "seq": 47761}
{"ts": "2026-05-01T19:20:51.686656+00:00", "level": "INFO", "jobId": "188cc36b-dae3-4be9-a2bb-59782c35f9a5", "keyword": "khai trương therapy", "step": "capture", "message": "Saved post_055.png (posinset=55)", "data": {"w": 1}, "seq": 47765}
{"ts": "2026-05-01T19:20:51.687675+00:00", "level": "INFO", "jobId": "188cc36b-dae3-4be9-a2bb-59782c35f9a5", "keyword": "khai trương therapy", "step": "cooldown", "message": "Cooldown 1.0s (after capture)", "data": {"w": 1}, "seq": 47766}
{"ts": "2026-05-01T19:20:52.721737+00:00", "level": "INFO", "jobId": "188cc36b-dae3-4be9-a2bb-59782c35f9a5", "keyword": "khai trương therapy", "step": "heartbeat", "message": "Worker alive", "data": {"w": 1, "elapsed_s": 211}, "seq": 47768}
{"ts": "2026-05-01T19:20:52.722746+00:00", "level": "INFO", "jobId": "188cc36b-dae3-4be9-a2bb-59782c35f9a5", "keyword": "khai trương therapy", "step": "capture", "message": "Capturing posinset=56 (56/∞)…", "data": {"w": 1}, "seq": 47769}
{"ts": "2026-05-01T19:20:55.220336+00:00", "level": "INFO", "jobId": "188cc36b-dae3-4be9-a2bb-59782c35f9a5", "keyword": "khai trương therapy", "step": "capture", "message": "Saved post_056.png (posinset=56)", "data": {"w": 1}, "seq": 47772}
{"ts": "2026-05-01T19:20:55.221659+00:00", "level": "INFO", "jobId": "188cc36b-dae3-4be9-a2bb-59782c35f9a5", "keyword": "khai trương therapy", "step": "cooldown", "message": "Cooldown 1.0s (after capture)", "data": {"w": 1}, "seq": 47773}
{"ts": "2026-05-01T19:20:56.250033+00:00", "level": "INFO", "jobId": "188cc36b-dae3-4be9-a2bb-59782c35f9a5", "keyword": "khai trương therapy", "step": "capture", "message": "Capturing posinset=57 (57/∞)…", "data": {"w": 1}, "seq": 47776}
{"ts": "2026-05-01T19:20:58.226575+00:00", "level": "INFO", "jobId": "188cc36b-dae3-4be9-a2bb-59782c35f9a5", "keyword": "khai trương therapy", "step": "capture", "message": "Saved post_057.png (posinset=57)", "data": {"w": 1}, "seq": 47781}
{"ts": "2026-05-01T19:20:58.228046+00:00", "level": "INFO", "jobId": "188cc36b-dae3-4be9-a2bb-59782c35f9a5", "keyword": "khai trương therapy", "step": "cooldown", "message": "Cooldown 1.0s (after capture)", "data": {"w": 1}, "seq": 47782}
{"ts": "2026-05-01T19:20:59.284655+00:00", "level": "INFO", "jobId": "188cc36b-dae3-4be9-a2bb-59782c35f9a5", "keyword": "khai trương therapy", "step": "capture", "message": "Capturing posinset=58 (58/∞)…", "data": {"w": 1}, "seq": 47784}
{"ts": "2026-05-01T19:21:04.738876+00:00", "level": "INFO", "jobId": "188cc36b-dae3-4be9-a2bb-59782c35f9a5", "keyword": "khai trương therapy", "step": "capture", "message": "Capturing posinset=58 (58/∞)…", "data": {"w": 1}, "seq": 47791}
{"ts": "2026-05-01T19:21:09.258416+00:00", "level": "INFO", "jobId": "188cc36b-dae3-4be9-a2bb-59782c35f9a5", "keyword": "khai trương therapy", "step": "capture", "message": "Saved post_058.png (posinset=58)", "data": {"w": 1}, "seq": 47799}
{"ts": "2026-05-01T19:21:09.273866+00:00", "level": "INFO", "jobId": "188cc36b-dae3-4be9-a2bb-59782c35f9a5", "keyword": "khai trương therapy", "step": "cooldown", "message": "Cooldown 1.0s (after capture)", "data": {"w": 1}, "seq": 47800}
{"ts": "2026-05-01T19:21:10.327100+00:00", "level": "INFO", "jobId": "188cc36b-dae3-4be9-a2bb-59782c35f9a5", "keyword": "khai trương therapy", "step": "heartbeat", "message": "Worker alive", "data": {"w": 1, "elapsed_s": 229}, "seq": 47803}
{"ts": "2026-05-01T19:21:10.328216+00:00", "level": "INFO", "jobId": "188cc36b-dae3-4be9-a2bb-59782c35f9a5", "keyword": "khai trương therapy", "step": "capture", "message": "Capturing posinset=59 (59/∞)…", "data": {"w": 1}, "seq": 47804}
{"ts": "2026-05-01T19:21:12.380981+00:00", "level": "INFO", "jobId": "188cc36b-dae3-4be9-a2bb-59782c35f9a5", "keyword": "khai trương therapy", "step": "capture", "message": "Saved post_059.png (posinset=59)", "data": {"w": 1}, "seq": 47807}
{"ts": "2026-05-01T19:21:12.381980+00:00", "level": "INFO", "jobId": "188cc36b-dae3-4be9-a2bb-59782c35f9a5", "keyword": "khai trương therapy", "step": "cooldown", "message": "Cooldown 1.0s (after capture)", "data": {"w": 1}, "seq": 47808}
{"ts": "2026-05-01T19:21:13.420274+00:00", "level": "INFO", "jobId": "188cc36b-dae3-4be9-a2bb-59782c35f9a5", "keyword": "khai trương therapy", "step": "capture", "message": "Capturing posinset=60 (60/∞)…", "data": {"w": 1}, "seq": 47811}
{"ts": "2026-05-01T19:21:15.928048+00:00", "level": "INFO", "jobId": "188cc36b-dae3-4be9-a2bb-59782c35f9a5", "keyword": "khai trương therapy", "step": "capture", "message": "Saved post_060.png (posinset=60)", "data": {"w": 1}, "seq": 47815}
{"ts": "2026-05-01T19:21:15.930044+00:00", "level": "INFO", "jobId": "188cc36b-dae3-4be9-a2bb-59782c35f9a5", "keyword": "khai trương therapy", "step": "cooldown", "message": "Cooldown 1.0s (after capture)", "data": {"w": 1}, "seq": 47816}
{"ts": "2026-05-01T19:21:16.966072+00:00", "level": "INFO", "jobId": "188cc36b-dae3-4be9-a2bb-59782c35f9a5", "keyword": "khai trương therapy", "step": "capture", "message": "Capturing posinset=61 (61/∞)…", "data": {"w": 1}, "seq": 47818}
{"ts": "2026-05-01T19:21:18.789240+00:00", "level": "INFO", "jobId": "188cc36b-dae3-4be9-a2bb-59782c35f9a5", "keyword": "khai trương therapy", "step": "capture", "message": "Saved post_061.png (posinset=61)", "data": {"w": 1}, "seq": 47823}
{"ts": "2026-05-01T19:21:18.790240+00:00", "level": "INFO", "jobId": "188cc36b-dae3-4be9-a2bb-59782c35f9a5", "keyword": "khai trương therapy", "step": "cooldown", "message": "Cooldown 1.0s (after capture)", "data": {"w": 1}, "seq": 47824}
{"ts": "2026-05-01T19:21:19.830613+00:00", "level": "INFO", "jobId": "188cc36b-dae3-4be9-a2bb-59782c35f9a5", "keyword": "khai trương therapy", "step": "capture", "message": "Capturing posinset=62 (62/∞)…", "data": {"w": 1}, "seq": 47827}
{"ts": "2026-05-01T19:21:23.126685+00:00", "level": "INFO", "jobId": "188cc36b-dae3-4be9-a2bb-59782c35f9a5", "keyword": "khai trương therapy", "step": "capture", "message": "Saved post_062.png (posinset=62)", "data": {"w": 1}, "seq": 47831}
{"ts": "2026-05-01T19:21:23.132376+00:00", "level": "INFO", "jobId": "188cc36b-dae3-4be9-a2bb-59782c35f9a5", "keyword": "khai trương therapy", "step": "cooldown", "message": "Cooldown 1.0s (after capture)", "data": {"w": 1}, "seq": 47832}
{"ts": "2026-05-01T19:21:24.171391+00:00", "level": "INFO", "jobId": "188cc36b-dae3-4be9-a2bb-59782c35f9a5", "keyword": "khai trương therapy", "step": "capture", "message": "Capturing posinset=63 (63/∞)…", "data": {"w": 1}, "seq": 47833}
{"ts": "2026-05-01T19:21:26.558200+00:00", "level": "INFO", "jobId": "188cc36b-dae3-4be9-a2bb-59782c35f9a5", "keyword": "khai trương therapy", "step": "capture", "message": "Saved post_063.png (posinset=63)", "data": {"w": 1}, "seq": 47839}
{"ts": "2026-05-01T19:21:26.559666+00:00", "level": "INFO", "jobId": "188cc36b-dae3-4be9-a2bb-59782c35f9a5", "keyword": "khai trương therapy", "step": "cooldown", "message": "Cooldown 1.0s (after capture)", "data": {"w": 1}, "seq": 47840}
{"ts": "2026-05-01T19:21:27.588074+00:00", "level": "INFO", "jobId": "188cc36b-dae3-4be9-a2bb-59782c35f9a5", "keyword": "khai trương therapy", "step": "heartbeat", "message": "Worker alive", "data": {"w": 1, "elapsed_s": 246}, "seq": 47845}
{"ts": "2026-05-01T19:21:27.589263+00:00", "level": "INFO", "jobId": "188cc36b-dae3-4be9-a2bb-59782c35f9a5", "keyword": "khai trương therapy", "step": "capture", "message": "Capturing posinset=64 (64/∞)…", "data": {"w": 1}, "seq": 47846}
{"ts": "2026-05-01T19:21:30.120095+00:00", "level": "INFO", "jobId": "188cc36b-dae3-4be9-a2bb-59782c35f9a5", "keyword": "khai trương therapy", "step": "capture", "message": "Saved post_064.png (posinset=64)", "data": {"w": 1}, "seq": 47849}
{"ts": "2026-05-01T19:21:30.121125+00:00", "level": "INFO", "jobId": "188cc36b-dae3-4be9-a2bb-59782c35f9a5", "keyword": "khai trương therapy", "step": "cooldown", "message": "Cooldown 1.0s (after capture)", "data": {"w": 1}, "seq": 47850}
{"ts": "2026-05-01T19:21:31.203356+00:00", "level": "INFO", "jobId": "188cc36b-dae3-4be9-a2bb-59782c35f9a5", "keyword": "khai trương therapy", "step": "capture", "message": "Capturing posinset=65 (65/∞)…", "data": {"w": 1}, "seq": 47852}
{"ts": "2026-05-01T19:21:34.187892+00:00", "level": "INFO", "jobId": "188cc36b-dae3-4be9-a2bb-59782c35f9a5", "keyword": "khai trương therapy", "step": "capture", "message": "Saved post_065.png (posinset=65)", "data": {"w": 1}, "seq": 47856}
{"ts": "2026-05-01T19:21:34.189892+00:00", "level": "INFO", "jobId": "188cc36b-dae3-4be9-a2bb-59782c35f9a5", "keyword": "khai trương therapy", "step": "cooldown", "message": "Cooldown 1.0s (after capture)", "data": {"w": 1}, "seq": 47857}
{"ts": "2026-05-01T19:21:35.228679+00:00", "level": "INFO", "jobId": "188cc36b-dae3-4be9-a2bb-59782c35f9a5", "keyword": "khai trương therapy", "step": "capture", "message": "Capturing posinset=66 (66/∞)…", "data": {"w": 1}, "seq": 47858}
{"ts": "2026-05-01T19:21:37.210966+00:00", "level": "INFO", "jobId": "188cc36b-dae3-4be9-a2bb-59782c35f9a5", "keyword": "khai trương therapy", "step": "capture", "message": "Saved post_066.png (posinset=66)", "data": {"w": 1}, "seq": 47861}
{"ts": "2026-05-01T19:21:37.213950+00:00", "level": "INFO", "jobId": "188cc36b-dae3-4be9-a2bb-59782c35f9a5", "keyword": "khai trương therapy", "step": "cooldown", "message": "Cooldown 1.0s (after capture)", "data": {"w": 1}, "seq": 47862}
{"ts": "2026-05-01T19:21:38.277848+00:00", "level": "INFO", "jobId": "188cc36b-dae3-4be9-a2bb-59782c35f9a5", "keyword": "khai trương therapy", "step": "capture", "message": "Capturing posinset=67 (67/∞)…", "data": {"w": 1}, "seq": 47864}
{"ts": "2026-05-01T19:21:40.877781+00:00", "level": "INFO", "jobId": "188cc36b-dae3-4be9-a2bb-59782c35f9a5", "keyword": "khai trương therapy", "step": "capture", "message": "Saved post_067.png (posinset=67)", "data": {"w": 1}, "seq": 47868}
{"ts": "2026-05-01T19:21:40.880140+00:00", "level": "INFO", "jobId": "188cc36b-dae3-4be9-a2bb-59782c35f9a5", "keyword": "khai trương therapy", "step": "cooldown", "message": "Cooldown 1.0s (after capture)", "data": {"w": 1}, "seq": 47869}
{"ts": "2026-05-01T19:21:41.928200+00:00", "level": "INFO", "jobId": "188cc36b-dae3-4be9-a2bb-59782c35f9a5", "keyword": "khai trương therapy", "step": "capture", "message": "Capturing posinset=68 (68/∞)…", "data": {"w": 1}, "seq": 47872}
{"ts": "2026-05-01T19:21:44.142315+00:00", "level": "INFO", "jobId": "188cc36b-dae3-4be9-a2bb-59782c35f9a5", "keyword": "khai trương therapy", "step": "capture", "message": "Saved post_068.png (posinset=68)", "data": {"w": 1}, "seq": 47879}
{"ts": "2026-05-01T19:21:44.145311+00:00", "level": "INFO", "jobId": "188cc36b-dae3-4be9-a2bb-59782c35f9a5", "keyword": "khai trương therapy", "step": "cooldown", "message": "Cooldown 1.0s (after capture)", "data": {"w": 1}, "seq": 47880}
{"ts": "2026-05-01T19:21:45.200878+00:00", "level": "INFO", "jobId": "188cc36b-dae3-4be9-a2bb-59782c35f9a5", "keyword": "khai trương therapy", "step": "heartbeat", "message": "Worker alive", "data": {"w": 1, "elapsed_s": 264}, "seq": 47881}
{"ts": "2026-05-01T19:21:45.200878+00:00", "level": "INFO", "jobId": "188cc36b-dae3-4be9-a2bb-59782c35f9a5", "keyword": "khai trương therapy", "step": "capture", "message": "Capturing posinset=69 (69/∞)…", "data": {"w": 1}, "seq": 47882}
{"ts": "2026-05-01T19:21:48.133469+00:00", "level": "INFO", "jobId": "188cc36b-dae3-4be9-a2bb-59782c35f9a5", "keyword": "khai trương therapy", "step": "capture", "message": "Saved post_069.png (posinset=69)", "data": {"w": 1}, "seq": 47886}
{"ts": "2026-05-01T19:21:48.134469+00:00", "level": "INFO", "jobId": "188cc36b-dae3-4be9-a2bb-59782c35f9a5", "keyword": "khai trương therapy", "step": "cooldown", "message": "Cooldown 1.0s (after capture)", "data": {"w": 1}, "seq": 47887}
{"ts": "2026-05-01T19:21:49.173271+00:00", "level": "INFO", "jobId": "188cc36b-dae3-4be9-a2bb-59782c35f9a5", "keyword": "khai trương therapy", "step": "capture", "message": "Capturing posinset=70 (70/∞)…", "data": {"w": 1}, "seq": 47890}
{"ts": "2026-05-01T19:21:51.767142+00:00", "level": "INFO", "jobId": "188cc36b-dae3-4be9-a2bb-59782c35f9a5", "keyword": "khai trương therapy", "step": "capture", "message": "Saved post_070.png (posinset=70)", "data": {"w": 1}, "seq": 47894}
{"ts": "2026-05-01T19:21:51.768141+00:00", "level": "INFO", "jobId": "188cc36b-dae3-4be9-a2bb-59782c35f9a5", "keyword": "khai trương therapy", "step": "cooldown", "message": "Cooldown 1.0s (after capture)", "data": {"w": 1}, "seq": 47895}
{"ts": "2026-05-01T19:21:52.804989+00:00", "level": "INFO", "jobId": "188cc36b-dae3-4be9-a2bb-59782c35f9a5", "keyword": "khai trương therapy", "step": "capture", "message": "Capturing posinset=71 (71/∞)…", "data": {"w": 1}, "seq": 47899}
{"ts": "2026-05-01T19:21:55.463981+00:00", "level": "INFO", "jobId": "188cc36b-dae3-4be9-a2bb-59782c35f9a5", "keyword": "khai trương therapy", "step": "capture", "message": "Saved post_071.png (posinset=71)", "data": {"w": 1}, "seq": 47903}
{"ts": "2026-05-01T19:21:55.464981+00:00", "level": "INFO", "jobId": "188cc36b-dae3-4be9-a2bb-59782c35f9a5", "keyword": "khai trương therapy", "step": "cooldown", "message": "Cooldown 1.0s (after capture)", "data": {"w": 1}, "seq": 47904}
{"ts": "2026-05-01T19:21:57.579259+00:00", "level": "INFO", "jobId": "188cc36b-dae3-4be9-a2bb-59782c35f9a5", "keyword": "khai trương therapy", "step": "capture", "message": "Capturing posinset=72 (72/∞)…", "data": {"w": 1}, "seq": 47906}
{"ts": "2026-05-01T19:22:00.682152+00:00", "level": "INFO", "jobId": "188cc36b-dae3-4be9-a2bb-59782c35f9a5", "keyword": "khai trương therapy", "step": "capture", "message": "Saved post_072.png (posinset=72)", "data": {"w": 1}, "seq": 47911}
{"ts": "2026-05-01T19:22:00.683261+00:00", "level": "INFO", "jobId": "188cc36b-dae3-4be9-a2bb-59782c35f9a5", "keyword": "khai trương therapy", "step": "cooldown", "message": "Cooldown 1.0s (after capture)", "data": {"w": 1}, "seq": 47912}
{"ts": "2026-05-01T19:22:01.712378+00:00", "level": "INFO", "jobId": "188cc36b-dae3-4be9-a2bb-59782c35f9a5", "keyword": "khai trương therapy", "step": "heartbeat", "message": "Worker alive", "data": {"w": 1, "elapsed_s": 280}, "seq": 47915}
{"ts": "2026-05-01T19:22:01.713378+00:00", "level": "INFO", "jobId": "188cc36b-dae3-4be9-a2bb-59782c35f9a5", "keyword": "khai trương therapy", "step": "capture", "message": "Capturing posinset=73 (73/∞)…", "data": {"w": 1}, "seq": 47916}
{"ts": "2026-05-01T19:22:04.051042+00:00", "level": "INFO", "jobId": "188cc36b-dae3-4be9-a2bb-59782c35f9a5", "keyword": "khai trương therapy", "step": "capture", "message": "Saved post_073.png (posinset=73)", "data": {"w": 1}, "seq": 47922}
{"ts": "2026-05-01T19:22:04.052041+00:00", "level": "INFO", "jobId": "188cc36b-dae3-4be9-a2bb-59782c35f9a5", "keyword": "khai trương therapy", "step": "cooldown", "message": "Cooldown 1.0s (after capture)", "data": {"w": 1}, "seq": 47923}
{"ts": "2026-05-01T19:22:05.100197+00:00", "level": "INFO", "jobId": "188cc36b-dae3-4be9-a2bb-59782c35f9a5", "keyword": "khai trương therapy", "step": "capture", "message": "Capturing posinset=74 (74/∞)…", "data": {"w": 1}, "seq": 47926}
{"ts": "2026-05-01T19:22:07.511137+00:00", "level": "INFO", "jobId": "188cc36b-dae3-4be9-a2bb-59782c35f9a5", "keyword": "khai trương therapy", "step": "capture", "message": "Saved post_074.png (posinset=74)", "data": {"w": 1}, "seq": 47930}
{"ts": "2026-05-01T19:22:07.513135+00:00", "level": "INFO", "jobId": "188cc36b-dae3-4be9-a2bb-59782c35f9a5", "keyword": "khai trương therapy", "step": "cooldown", "message": "Cooldown 1.0s (after capture)", "data": {"w": 1}, "seq": 47931}
{"ts": "2026-05-01T19:22:08.552004+00:00", "level": "INFO", "jobId": "188cc36b-dae3-4be9-a2bb-59782c35f9a5", "keyword": "khai trương therapy", "step": "capture", "message": "Capturing posinset=75 (75/∞)…", "data": {"w": 1}, "seq": 47935}
{"ts": "2026-05-01T19:22:11.130129+00:00", "level": "INFO", "jobId": "188cc36b-dae3-4be9-a2bb-59782c35f9a5", "keyword": "khai trương therapy", "step": "capture", "message": "Saved post_075.png (posinset=75)", "data": {"w": 1}, "seq": 47937}
{"ts": "2026-05-01T19:22:11.131129+00:00", "level": "INFO", "jobId": "188cc36b-dae3-4be9-a2bb-59782c35f9a5", "keyword": "khai trương therapy", "step": "cooldown", "message": "Cooldown 1.0s (after capture)", "data": {"w": 1}, "seq": 47938}
{"ts": "2026-05-01T19:22:12.172479+00:00", "level": "INFO", "jobId": "188cc36b-dae3-4be9-a2bb-59782c35f9a5", "keyword": "khai trương therapy", "step": "capture", "message": "Capturing posinset=76 (76/∞)…", "data": {"w": 1}, "seq": 47941}
{"ts": "2026-05-01T19:22:14.437860+00:00", "level": "INFO", "jobId": "188cc36b-dae3-4be9-a2bb-59782c35f9a5", "keyword": "khai trương therapy", "step": "capture", "message": "Saved post_076.png (posinset=76)", "data": {"w": 1}, "seq": 47947}
{"ts": "2026-05-01T19:22:14.439149+00:00", "level": "INFO", "jobId": "188cc36b-dae3-4be9-a2bb-59782c35f9a5", "keyword": "khai trương therapy", "step": "cooldown", "message": "Cooldown 1.0s (after capture)", "data": {"w": 1}, "seq": 47948}
{"ts": "2026-05-01T19:22:15.698067+00:00", "level": "INFO", "jobId": "188cc36b-dae3-4be9-a2bb-59782c35f9a5", "keyword": "khai trương therapy", "step": "capture", "message": "Capturing posinset=77 (77/∞)…", "data": {"w": 1}, "seq": 47951}
{"ts": "2026-05-01T19:22:18.077590+00:00", "level": "INFO", "jobId": "188cc36b-dae3-4be9-a2bb-59782c35f9a5", "keyword": "khai trương therapy", "step": "capture", "message": "Saved post_077.png (posinset=77)", "data": {"w": 1}, "seq": 47956}
{"ts": "2026-05-01T19:22:18.079590+00:00", "level": "INFO", "jobId": "188cc36b-dae3-4be9-a2bb-59782c35f9a5", "keyword": "khai trương therapy", "step": "cooldown", "message": "Cooldown 1.0s (after capture)", "data": {"w": 1}, "seq": 47957}
{"ts": "2026-05-01T19:22:19.122417+00:00", "level": "INFO", "jobId": "188cc36b-dae3-4be9-a2bb-59782c35f9a5", "keyword": "khai trương therapy", "step": "heartbeat", "message": "Worker alive", "data": {"w": 1, "elapsed_s": 298}, "seq": 47958}
{"ts": "2026-05-01T19:22:19.124521+00:00", "level": "INFO", "jobId": "188cc36b-dae3-4be9-a2bb-59782c35f9a5", "keyword": "khai trương therapy", "step": "capture", "message": "Capturing posinset=78 (78/∞)…", "data": {"w": 1}, "seq": 47959}
{"ts": "2026-05-01T19:22:20.844801+00:00", "level": "INFO", "jobId": "188cc36b-dae3-4be9-a2bb-59782c35f9a5", "keyword": "khai trương therapy", "step": "capture", "message": "Saved post_078.png (posinset=78)", "data": {"w": 1}, "seq": 47967}
{"ts": "2026-05-01T19:22:20.845798+00:00", "level": "INFO", "jobId": "188cc36b-dae3-4be9-a2bb-59782c35f9a5", "keyword": "khai trương therapy", "step": "cooldown", "message": "Cooldown 1.0s (after capture)", "data": {"w": 1}, "seq": 47968}
{"ts": "2026-05-01T19:22:21.896455+00:00", "level": "INFO", "jobId": "188cc36b-dae3-4be9-a2bb-59782c35f9a5", "keyword": "khai trương therapy", "step": "capture", "message": "Capturing posinset=79 (79/∞)…", "data": {"w": 1}, "seq": 47969}
{"ts": "2026-05-01T19:22:24.215544+00:00", "level": "INFO", "jobId": "188cc36b-dae3-4be9-a2bb-59782c35f9a5", "keyword": "khai trương therapy", "step": "capture", "message": "Saved post_079.png (posinset=79)", "data": {"w": 1}, "seq": 47973}
{"ts": "2026-05-01T19:22:24.218961+00:00", "level": "INFO", "jobId": "188cc36b-dae3-4be9-a2bb-59782c35f9a5", "keyword": "khai trương therapy", "step": "cooldown", "message": "Cooldown 1.0s (after capture)", "data": {"w": 1}, "seq": 47974}
{"ts": "2026-05-01T19:22:25.256763+00:00", "level": "INFO", "jobId": "188cc36b-dae3-4be9-a2bb-59782c35f9a5", "keyword": "khai trương therapy", "step": "capture", "message": "Capturing posinset=80 (80/∞)…", "data": {"w": 1}, "seq": 47977}
{"ts": "2026-05-01T19:22:27.487964+00:00", "level": "INFO", "jobId": "188cc36b-dae3-4be9-a2bb-59782c35f9a5", "keyword": "khai trương therapy", "step": "capture", "message": "Saved post_080.png (posinset=80)", "data": {"w": 1}, "seq": 47982}
{"ts": "2026-05-01T19:22:27.489965+00:00", "level": "INFO", "jobId": "188cc36b-dae3-4be9-a2bb-59782c35f9a5", "keyword": "khai trương therapy", "step": "cooldown", "message": "Cooldown 1.0s (after capture)", "data": {"w": 1}, "seq": 47983}
{"ts": "2026-05-01T19:22:28.521924+00:00", "level": "INFO", "jobId": "188cc36b-dae3-4be9-a2bb-59782c35f9a5", "keyword": "khai trương therapy", "step": "capture", "message": "Capturing posinset=81 (81/∞)…", "data": {"w": 1}, "seq": 47984}
{"ts": "2026-05-01T19:22:31.155884+00:00", "level": "INFO", "jobId": "188cc36b-dae3-4be9-a2bb-59782c35f9a5", "keyword": "khai trương therapy", "step": "capture", "message": "Saved post_081.png (posinset=81)", "data": {"w": 1}, "seq": 47989}
{"ts": "2026-05-01T19:22:31.157217+00:00", "level": "INFO", "jobId": "188cc36b-dae3-4be9-a2bb-59782c35f9a5", "keyword": "khai trương therapy", "step": "cooldown", "message": "Cooldown 1.0s (after capture)", "data": {"w": 1}, "seq": 47990}
{"ts": "2026-05-01T19:22:32.446296+00:00", "level": "INFO", "jobId": "188cc36b-dae3-4be9-a2bb-59782c35f9a5", "keyword": "khai trương therapy", "step": "capture", "message": "Capturing posinset=82 (82/∞)…", "data": {"w": 1}, "seq": 47993}
{"ts": "2026-05-01T19:22:35.102771+00:00", "level": "INFO", "jobId": "188cc36b-dae3-4be9-a2bb-59782c35f9a5", "keyword": "khai trương therapy", "step": "capture", "message": "Saved post_082.png (posinset=82)", "data": {"w": 1}, "seq": 47998}
{"ts": "2026-05-01T19:22:35.104771+00:00", "level": "INFO", "jobId": "188cc36b-dae3-4be9-a2bb-59782c35f9a5", "keyword": "khai trương therapy", "step": "cooldown", "message": "Cooldown 1.0s (after capture)", "data": {"w": 1}, "seq": 47999}
{"ts": "2026-05-01T19:22:36.160584+00:00", "level": "INFO", "jobId": "188cc36b-dae3-4be9-a2bb-59782c35f9a5", "keyword": "khai trương therapy", "step": "heartbeat", "message": "Worker alive", "data": {"w": 1, "elapsed_s": 315}, "seq": 48002}
{"ts": "2026-05-01T19:22:36.161595+00:00", "level": "INFO", "jobId": "188cc36b-dae3-4be9-a2bb-59782c35f9a5", "keyword": "khai trương therapy", "step": "capture", "message": "Capturing posinset=83 (83/∞)…", "data": {"w": 1}, "seq": 48003}
{"ts": "2026-05-01T19:22:39.024064+00:00", "level": "INFO", "jobId": "188cc36b-dae3-4be9-a2bb-59782c35f9a5", "keyword": "khai trương therapy", "step": "capture", "message": "Saved post_083.png (posinset=83)", "data": {"w": 1}, "seq": 48007}
{"ts": "2026-05-01T19:22:39.025063+00:00", "level": "INFO", "jobId": "188cc36b-dae3-4be9-a2bb-59782c35f9a5", "keyword": "khai trương therapy", "step": "cooldown", "message": "Cooldown 1.0s (after capture)", "data": {"w": 1}, "seq": 48008}
{"ts": "2026-05-01T19:22:40.062495+00:00", "level": "INFO", "jobId": "188cc36b-dae3-4be9-a2bb-59782c35f9a5", "keyword": "khai trương therapy", "step": "capture", "message": "Capturing posinset=84 (84/∞)…", "data": {"w": 1}, "seq": 48013}
{"ts": "2026-05-01T19:22:42.780303+00:00", "level": "INFO", "jobId": "188cc36b-dae3-4be9-a2bb-59782c35f9a5", "keyword": "khai trương therapy", "step": "capture", "message": "Saved post_084.png (posinset=84)", "data": {"w": 1}, "seq": 48015}
{"ts": "2026-05-01T19:22:42.782304+00:00", "level": "INFO", "jobId": "188cc36b-dae3-4be9-a2bb-59782c35f9a5", "keyword": "khai trương therapy", "step": "cooldown", "message": "Cooldown 1.0s (after capture)", "data": {"w": 1}, "seq": 48016}
{"ts": "2026-05-01T19:22:43.908919+00:00", "level": "INFO", "jobId": "188cc36b-dae3-4be9-a2bb-59782c35f9a5", "keyword": "khai trương therapy", "step": "capture", "message": "Capturing posinset=85 (85/∞)…", "data": {"w": 1}, "seq": 48017}
{"ts": "2026-05-01T19:22:46.002747+00:00", "level": "INFO", "jobId": "188cc36b-dae3-4be9-a2bb-59782c35f9a5", "keyword": "khai trương therapy", "step": "capture", "message": "Saved post_085.png (posinset=85)", "data": {"w": 1}, "seq": 48021}
{"ts": "2026-05-01T19:22:46.003746+00:00", "level": "INFO", "jobId": "188cc36b-dae3-4be9-a2bb-59782c35f9a5", "keyword": "khai trương therapy", "step": "cooldown", "message": "Cooldown 1.0s (after capture)", "data": {"w": 1}, "seq": 48022}
{"ts": "2026-05-01T19:22:47.059076+00:00", "level": "INFO", "jobId": "188cc36b-dae3-4be9-a2bb-59782c35f9a5", "keyword": "khai trương therapy", "step": "capture", "message": "Capturing posinset=86 (86/∞)…", "data": {"w": 1}, "seq": 48023}
{"ts": "2026-05-01T19:22:48.599519+00:00", "level": "INFO", "jobId": "188cc36b-dae3-4be9-a2bb-59782c35f9a5", "keyword": "khai trương therapy", "step": "capture", "message": "Capturing posinset=86 (86/∞)…", "data": {"w": 1}, "seq": 48030}
{"ts": "2026-05-01T19:22:50.156478+00:00", "level": "INFO", "jobId": "188cc36b-dae3-4be9-a2bb-59782c35f9a5", "keyword": "khai trương therapy", "step": "capture", "message": "Capturing posinset=86 (86/∞)…", "data": {"w": 1}, "seq": 48031}
{"ts": "2026-05-01T19:22:51.728774+00:00", "level": "INFO", "jobId": "188cc36b-dae3-4be9-a2bb-59782c35f9a5", "keyword": "khai trương therapy", "step": "heartbeat", "message": "Worker alive", "data": {"w": 1, "elapsed_s": 330}, "seq": 48036}
{"ts": "2026-05-01T19:22:51.729773+00:00", "level": "INFO", "jobId": "188cc36b-dae3-4be9-a2bb-59782c35f9a5", "keyword": "khai trương therapy", "step": "capture", "message": "Capturing posinset=86 (86/∞)…", "data": {"w": 1}, "seq": 48037}
{"ts": "2026-05-01T19:22:53.236459+00:00", "level": "INFO", "jobId": "188cc36b-dae3-4be9-a2bb-59782c35f9a5", "keyword": "khai trương therapy", "step": "capture", "message": "Capturing posinset=86 (86/∞)…", "data": {"w": 1}, "seq": 48042}
{"ts": "2026-05-01T19:22:54.697042+00:00", "level": "INFO", "jobId": "188cc36b-dae3-4be9-a2bb-59782c35f9a5", "keyword": "khai trương therapy", "step": "capture", "message": "Capturing posinset=86 (86/∞)…", "data": {"w": 1}, "seq": 48045}
{"ts": "2026-05-01T19:22:56.168315+00:00", "level": "INFO", "jobId": "188cc36b-dae3-4be9-a2bb-59782c35f9a5", "keyword": "khai trương therapy", "step": "capture", "message": "Capturing posinset=86 (86/∞)…", "data": {"w": 1}, "seq": 48049}
{"ts": "2026-05-01T19:23:08.133387+00:00", "level": "INFO", "jobId": "188cc36b-dae3-4be9-a2bb-59782c35f9a5", "keyword": "khai trương therapy", "step": "heartbeat", "message": "Worker alive", "data": {"w": 1, "elapsed_s": 347}, "seq": 48061}
{"ts": "2026-05-01T19:23:08.134394+00:00", "level": "INFO", "jobId": "188cc36b-dae3-4be9-a2bb-59782c35f9a5", "keyword": "khai trương therapy", "step": "capture", "message": "Capturing posinset=86 (86/∞)…", "data": {"w": 1}, "seq": 48062}
{"ts": "2026-05-01T19:23:20.123559+00:00", "level": "INFO", "jobId": "188cc36b-dae3-4be9-a2bb-59782c35f9a5", "keyword": "khai trương therapy", "step": "capture", "message": "Capturing posinset=86 (86/∞)…", "data": {"w": 1}, "seq": 48083}
{"ts": "2026-05-01T19:23:21.702555+00:00", "level": "INFO", "jobId": "188cc36b-dae3-4be9-a2bb-59782c35f9a5", "keyword": "khai trương therapy", "step": "capture", "message": "Reached end of results (maxPos=85). Stopping capture loop.", "data": {"w": 1}, "seq": 48086}
{"ts": "2026-05-01T19:23:21.745932+00:00", "level": "INFO", "jobId": "188cc36b-dae3-4be9-a2bb-59782c35f9a5", "keyword": "khai trương therapy", "step": "capture", "message": "Capture loop finished (unlimited). Saved=85", "data": {"w": 1}, "seq": 48087}
{"ts": "2026-05-01T19:23:21.747014+00:00", "level": "INFO", "jobId": "188cc36b-dae3-4be9-a2bb-59782c35f9a5", "keyword": "khai trương therapy", "step": "done", "message": "Completed. Saved=85", "data": {"w": 1}, "seq": 48088}
