{"ts": "2026-05-01T19:11:22.682218+00:00", "level": "INFO", "jobId": "2e495497-8ce1-43c4-9859-6119453c47af", "keyword": "đang setup", "step": "start", "message": "Job started (attempt 1/1)", "data": {"w": 1}, "seq": 46539}
{"ts": "2026-05-01T19:11:28.226798+00:00", "level": "INFO", "jobId": "2e495497-8ce1-43c4-9859-6119453c47af", "keyword": "đang setup", "step": "login", "message": "Already logged in (home).", "data": {"w": 1}, "seq": 46546}
{"ts": "2026-05-01T19:11:28.228798+00:00", "level": "INFO", "jobId": "2e495497-8ce1-43c4-9859-6119453c47af", "keyword": "đang setup", "step": "search", "message": "Searching keyword: \"đang setup\"", "data": {"w": 1}, "seq": 46547}
{"ts": "2026-05-01T19:11:34.718888+00:00", "level": "INFO", "jobId": "2e495497-8ce1-43c4-9859-6119453c47af", "keyword": "đang setup", "step": "capture", "message": "Start capturing all posts until end of results.", "data": {"w": 1}, "seq": 46556}
{"ts": "2026-05-01T19:11:34.721888+00:00", "level": "INFO", "jobId": "2e495497-8ce1-43c4-9859-6119453c47af", "keyword": "đang setup", "step": "capture", "message": "Output folder: Lan 1 - 0211", "data": {"w": 1}, "seq": 46557}
{"ts": "2026-05-01T19:11:44.725036+00:00", "level": "INFO", "jobId": "2e495497-8ce1-43c4-9859-6119453c47af", "keyword": "đang setup", "step": "capture", "message": "Guard: forcing top before first capture (y=2486, primary=0)", "data": {"w": 1}, "seq": 46569}
{"ts": "2026-05-01T19:11:45.049361+00:00", "level": "INFO", "jobId": "2e495497-8ce1-43c4-9859-6119453c47af", "keyword": "đang setup", "step": "capture", "message": "Capturing posinset=1 (1/∞)…", "data": {"w": 1}, "seq": 46570}
{"ts": "2026-05-01T19:11:47.001269+00:00", "level": "INFO", "jobId": "2e495497-8ce1-43c4-9859-6119453c47af", "keyword": "đang setup", "step": "capture", "message": "Saved post_001.png (posinset=1)", "data": {"w": 1}, "seq": 46577}
{"ts": "2026-05-01T19:11:47.003772+00:00", "level": "INFO", "jobId": "2e495497-8ce1-43c4-9859-6119453c47af", "keyword": "đang setup", "step": "cooldown", "message": "Cooldown 1.0s (after capture)", "data": {"w": 1}, "seq": 46578}
{"ts": "2026-05-01T19:11:48.052175+00:00", "level": "INFO", "jobId": "2e495497-8ce1-43c4-9859-6119453c47af", "keyword": "đang setup", "step": "capture", "message": "Capturing posinset=2 (2/∞)…", "data": {"w": 1}, "seq": 46579}
{"ts": "2026-05-01T19:11:49.673686+00:00", "level": "INFO", "jobId": "2e495497-8ce1-43c4-9859-6119453c47af", "keyword": "đang setup", "step": "capture", "message": "Saved post_002.png (posinset=2)", "data": {"w": 1}, "seq": 46585}
{"ts": "2026-05-01T19:11:49.675726+00:00", "level": "INFO", "jobId": "2e495497-8ce1-43c4-9859-6119453c47af", "keyword": "đang setup", "step": "cooldown", "message": "Cooldown 1.0s (after capture)", "data": {"w": 1}, "seq": 46586}
{"ts": "2026-05-01T19:11:50.699236+00:00", "level": "INFO", "jobId": "2e495497-8ce1-43c4-9859-6119453c47af", "keyword": "đang setup", "step": "capture", "message": "Capturing posinset=3 (3/∞)…", "data": {"w": 1}, "seq": 46588}
{"ts": "2026-05-01T19:11:52.179003+00:00", "level": "INFO", "jobId": "2e495497-8ce1-43c4-9859-6119453c47af", "keyword": "đang setup", "step": "capture", "message": "Saved post_003.png (posinset=3)", "data": {"w": 1}, "seq": 46591}
{"ts": "2026-05-01T19:11:52.181063+00:00", "level": "INFO", "jobId": "2e495497-8ce1-43c4-9859-6119453c47af", "keyword": "đang setup", "step": "cooldown", "message": "Cooldown 1.0s (after capture)", "data": {"w": 1}, "seq": 46592}
{"ts": "2026-05-01T19:11:53.205193+00:00", "level": "INFO", "jobId": "2e495497-8ce1-43c4-9859-6119453c47af", "keyword": "đang setup", "step": "capture", "message": "Capturing posinset=4 (4/∞)…", "data": {"w": 1}, "seq": 46594}
{"ts": "2026-05-01T19:11:54.410615+00:00", "level": "INFO", "jobId": "2e495497-8ce1-43c4-9859-6119453c47af", "keyword": "đang setup", "step": "capture", "message": "Saved post_004.png (posinset=4)", "data": {"w": 1}, "seq": 46595}
{"ts": "2026-05-01T19:11:54.411614+00:00", "level": "INFO", "jobId": "2e495497-8ce1-43c4-9859-6119453c47af", "keyword": "đang setup", "step": "cooldown", "message": "Cooldown 1.0s (after capture)", "data": {"w": 1}, "seq": 46596}
{"ts": "2026-05-01T19:11:55.421387+00:00", "level": "INFO", "jobId": "2e495497-8ce1-43c4-9859-6119453c47af", "keyword": "đang setup", "step": "capture", "message": "Capturing posinset=5 (5/∞)…", "data": {"w": 1}, "seq": 46599}
{"ts": "2026-05-01T19:11:58.555608+00:00", "level": "INFO", "jobId": "2e495497-8ce1-43c4-9859-6119453c47af", "keyword": "đang setup", "step": "capture", "message": "Saved post_005.png (posinset=5)", "data": {"w": 1}, "seq": 46605}
{"ts": "2026-05-01T19:11:58.556835+00:00", "level": "INFO", "jobId": "2e495497-8ce1-43c4-9859-6119453c47af", "keyword": "đang setup", "step": "cooldown", "message": "Cooldown 1.0s (after capture)", "data": {"w": 1}, "seq": 46606}
{"ts": "2026-05-01T19:11:59.569618+00:00", "level": "INFO", "jobId": "2e495497-8ce1-43c4-9859-6119453c47af", "keyword": "đang setup", "step": "heartbeat", "message": "Worker alive", "data": {"w": 1, "elapsed_s": 36}, "seq": 46607}
{"ts": "2026-05-01T19:11:59.570989+00:00", "level": "INFO", "jobId": "2e495497-8ce1-43c4-9859-6119453c47af", "keyword": "đang setup", "step": "capture", "message": "Capturing posinset=6 (6/∞)…", "data": {"w": 1}, "seq": 46608}
{"ts": "2026-05-01T19:12:00.875346+00:00", "level": "INFO", "jobId": "2e495497-8ce1-43c4-9859-6119453c47af", "keyword": "đang setup", "step": "capture", "message": "Saved post_006.png (posinset=6)", "data": {"w": 1}, "seq": 46611}
{"ts": "2026-05-01T19:12:00.877494+00:00", "level": "INFO", "jobId": "2e495497-8ce1-43c4-9859-6119453c47af", "keyword": "đang setup", "step": "cooldown", "message": "Cooldown 1.0s (after capture)", "data": {"w": 1}, "seq": 46612}
{"ts": "2026-05-01T19:12:01.888668+00:00", "level": "INFO", "jobId": "2e495497-8ce1-43c4-9859-6119453c47af", "keyword": "đang setup", "step": "capture", "message": "Capturing posinset=7 (7/∞)…", "data": {"w": 1}, "seq": 46615}
{"ts": "2026-05-01T19:12:03.064377+00:00", "level": "INFO", "jobId": "2e495497-8ce1-43c4-9859-6119453c47af", "keyword": "đang setup", "step": "capture", "message": "Saved post_007.png (posinset=7)", "data": {"w": 1}, "seq": 46619}
{"ts": "2026-05-01T19:12:03.066483+00:00", "level": "INFO", "jobId": "2e495497-8ce1-43c4-9859-6119453c47af", "keyword": "đang setup", "step": "cooldown", "message": "Cooldown 1.0s (after capture)", "data": {"w": 1}, "seq": 46620}
{"ts": "2026-05-01T19:12:04.089236+00:00", "level": "INFO", "jobId": "2e495497-8ce1-43c4-9859-6119453c47af", "keyword": "đang setup", "step": "capture", "message": "Capturing posinset=8 (8/∞)…", "data": {"w": 1}, "seq": 46622}
{"ts": "2026-05-01T19:12:05.436465+00:00", "level": "INFO", "jobId": "2e495497-8ce1-43c4-9859-6119453c47af", "keyword": "đang setup", "step": "capture", "message": "Saved post_008.png (posinset=8)", "data": {"w": 1}, "seq": 46627}
{"ts": "2026-05-01T19:12:05.437465+00:00", "level": "INFO", "jobId": "2e495497-8ce1-43c4-9859-6119453c47af", "keyword": "đang setup", "step": "cooldown", "message": "Cooldown 1.0s (after capture)", "data": {"w": 1}, "seq": 46628}
{"ts": "2026-05-01T19:12:06.455611+00:00", "level": "INFO", "jobId": "2e495497-8ce1-43c4-9859-6119453c47af", "keyword": "đang setup", "step": "capture", "message": "Capturing posinset=9 (9/∞)…", "data": {"w": 1}, "seq": 46631}
{"ts": "2026-05-01T19:12:08.188313+00:00", "level": "INFO", "jobId": "2e495497-8ce1-43c4-9859-6119453c47af", "keyword": "đang setup", "step": "capture", "message": "Saved post_009.png (posinset=9)", "data": {"w": 1}, "seq": 46632}
{"ts": "2026-05-01T19:12:08.190312+00:00", "level": "INFO", "jobId": "2e495497-8ce1-43c4-9859-6119453c47af", "keyword": "đang setup", "step": "cooldown", "message": "Cooldown 1.0s (after capture)", "data": {"w": 1}, "seq": 46633}
{"ts": "2026-05-01T19:12:09.202063+00:00", "level": "INFO", "jobId": "2e495497-8ce1-43c4-9859-6119453c47af", "keyword": "đang setup", "step": "capture", "message": "Capturing posinset=10 (10/∞)…", "data": {"w": 1}, "seq": 46636}
{"ts": "2026-05-01T19:12:10.461562+00:00", "level": "INFO", "jobId": "2e495497-8ce1-43c4-9859-6119453c47af", "keyword": "đang setup", "step": "capture", "message": "Saved post_010.png (posinset=10)", "data": {"w": 1}, "seq": 46640}
{"ts": "2026-05-01T19:12:10.464058+00:00", "level": "INFO", "jobId": "2e495497-8ce1-43c4-9859-6119453c47af", "keyword": "đang setup", "step": "cooldown", "message": "Cooldown 1.0s (after capture)", "data": {"w": 1}, "seq": 46641}
{"ts": "2026-05-01T19:12:11.744738+00:00", "level": "INFO", "jobId": "2e495497-8ce1-43c4-9859-6119453c47af", "keyword": "đang setup", "step": "capture", "message": "Capturing posinset=11 (11/∞)…", "data": {"w": 1}, "seq": 46645}
{"ts": "2026-05-01T19:12:13.903116+00:00", "level": "INFO", "jobId": "2e495497-8ce1-43c4-9859-6119453c47af", "keyword": "đang setup", "step": "capture", "message": "Saved post_011.png (posinset=11)", "data": {"w": 1}, "seq": 46647}
{"ts": "2026-05-01T19:12:13.905142+00:00", "level": "INFO", "jobId": "2e495497-8ce1-43c4-9859-6119453c47af", "keyword": "đang setup", "step": "cooldown", "message": "Cooldown 1.0s (after capture)", "data": {"w": 1}, "seq": 46648}
{"ts": "2026-05-01T19:12:14.923337+00:00", "level": "INFO", "jobId": "2e495497-8ce1-43c4-9859-6119453c47af", "keyword": "đang setup", "step": "heartbeat", "message": "Worker alive", "data": {"w": 1, "elapsed_s": 52}, "seq": 46651}
{"ts": "2026-05-01T19:12:14.925485+00:00", "level": "INFO", "jobId": "2e495497-8ce1-43c4-9859-6119453c47af", "keyword": "đang setup", "step": "capture", "message": "Capturing posinset=12 (12/∞)…", "data": {"w": 1}, "seq": 46652}
{"ts": "2026-05-01T19:12:16.953417+00:00", "level": "INFO", "jobId": "2e495497-8ce1-43c4-9859-6119453c47af", "keyword": "đang setup", "step": "capture", "message": "Saved post_012.png (posinset=12)", "data": {"w": 1}, "seq": 46659}
{"ts": "2026-05-01T19:12:16.954415+00:00", "level": "INFO", "jobId": "2e495497-8ce1-43c4-9859-6119453c47af", "keyword": "đang setup", "step": "cooldown", "message": "Cooldown 1.0s (after capture)", "data": {"w": 1}, "seq": 46660}
{"ts": "2026-05-01T19:12:17.994848+00:00", "level": "INFO", "jobId": "2e495497-8ce1-43c4-9859-6119453c47af", "keyword": "đang setup", "step": "capture", "message": "Capturing posinset=13 (13/∞)…", "data": {"w": 1}, "seq": 46661}
{"ts": "2026-05-01T19:12:19.614707+00:00", "level": "INFO", "jobId": "2e495497-8ce1-43c4-9859-6119453c47af", "keyword": "đang setup", "step": "capture", "message": "Saved post_013.png (posinset=13)", "data": {"w": 1}, "seq": 46666}
{"ts": "2026-05-01T19:12:19.615720+00:00", "level": "INFO", "jobId": "2e495497-8ce1-43c4-9859-6119453c47af", "keyword": "đang setup", "step": "cooldown", "message": "Cooldown 1.0s (after capture)", "data": {"w": 1}, "seq": 46667}
{"ts": "2026-05-01T19:12:20.654250+00:00", "level": "INFO", "jobId": "2e495497-8ce1-43c4-9859-6119453c47af", "keyword": "đang setup", "step": "capture", "message": "Capturing posinset=14 (14/∞)…", "data": {"w": 1}, "seq": 46670}
{"ts": "2026-05-01T19:12:22.145711+00:00", "level": "INFO", "jobId": "2e495497-8ce1-43c4-9859-6119453c47af", "keyword": "đang setup", "step": "capture", "message": "Saved post_014.png (posinset=14)", "data": {"w": 1}, "seq": 46673}
{"ts": "2026-05-01T19:12:22.145711+00:00", "level": "INFO", "jobId": "2e495497-8ce1-43c4-9859-6119453c47af", "keyword": "đang setup", "step": "cooldown", "message": "Cooldown 1.0s (after capture)", "data": {"w": 1}, "seq": 46674}
{"ts": "2026-05-01T19:12:23.677894+00:00", "level": "INFO", "jobId": "2e495497-8ce1-43c4-9859-6119453c47af", "keyword": "đang setup", "step": "capture", "message": "Capturing posinset=15 (15/∞)…", "data": {"w": 1}, "seq": 46679}
{"ts": "2026-05-01T19:12:26.752218+00:00", "level": "INFO", "jobId": "2e495497-8ce1-43c4-9859-6119453c47af", "keyword": "đang setup", "step": "capture", "message": "Saved post_015.png (posinset=15)", "data": {"w": 1}, "seq": 46685}
{"ts": "2026-05-01T19:12:26.753223+00:00", "level": "INFO", "jobId": "2e495497-8ce1-43c4-9859-6119453c47af", "keyword": "đang setup", "step": "cooldown", "message": "Cooldown 1.0s (after capture)", "data": {"w": 1}, "seq": 46686}
{"ts": "2026-05-01T19:12:27.773498+00:00", "level": "INFO", "jobId": "2e495497-8ce1-43c4-9859-6119453c47af", "keyword": "đang setup", "step": "capture", "message": "Capturing posinset=16 (16/∞)…", "data": {"w": 1}, "seq": 46689}
{"ts": "2026-05-01T19:12:29.687332+00:00", "level": "INFO", "jobId": "2e495497-8ce1-43c4-9859-6119453c47af", "keyword": "đang setup", "step": "capture", "message": "Saved post_016.png (posinset=16)", "data": {"w": 1}, "seq": 46692}
{"ts": "2026-05-01T19:12:29.688356+00:00", "level": "INFO", "jobId": "2e495497-8ce1-43c4-9859-6119453c47af", "keyword": "đang setup", "step": "cooldown", "message": "Cooldown 1.0s (after capture)", "data": {"w": 1}, "seq": 46693}
{"ts": "2026-05-01T19:12:30.906627+00:00", "level": "INFO", "jobId": "2e495497-8ce1-43c4-9859-6119453c47af", "keyword": "đang setup", "step": "heartbeat", "message": "Worker alive", "data": {"w": 1, "elapsed_s": 68}, "seq": 46694}
{"ts": "2026-05-01T19:12:30.921924+00:00", "level": "INFO", "jobId": "2e495497-8ce1-43c4-9859-6119453c47af", "keyword": "đang setup", "step": "capture", "message": "Capturing posinset=17 (17/∞)…", "data": {"w": 1}, "seq": 46695}
{"ts": "2026-05-01T19:12:32.854447+00:00", "level": "INFO", "jobId": "2e495497-8ce1-43c4-9859-6119453c47af", "keyword": "đang setup", "step": "capture", "message": "Saved post_017.png (posinset=17)", "data": {"w": 1}, "seq": 46696}
{"ts": "2026-05-01T19:12:32.855447+00:00", "level": "INFO", "jobId": "2e495497-8ce1-43c4-9859-6119453c47af", "keyword": "đang setup", "step": "cooldown", "message": "Cooldown 1.0s (after capture)", "data": {"w": 1}, "seq": 46697}
{"ts": "2026-05-01T19:12:33.871834+00:00", "level": "INFO", "jobId": "2e495497-8ce1-43c4-9859-6119453c47af", "keyword": "đang setup", "step": "capture", "message": "Capturing posinset=18 (18/∞)…", "data": {"w": 1}, "seq": 46700}
{"ts": "2026-05-01T19:12:35.281683+00:00", "level": "INFO", "jobId": "2e495497-8ce1-43c4-9859-6119453c47af", "keyword": "đang setup", "step": "capture", "message": "Saved post_018.png (posinset=18)", "data": {"w": 1}, "seq": 46705}
{"ts": "2026-05-01T19:12:35.298390+00:00", "level": "INFO", "jobId": "2e495497-8ce1-43c4-9859-6119453c47af", "keyword": "đang setup", "step": "cooldown", "message": "Cooldown 1.0s (after capture)", "data": {"w": 1}, "seq": 46706}
{"ts": "2026-05-01T19:12:36.327855+00:00", "level": "INFO", "jobId": "2e495497-8ce1-43c4-9859-6119453c47af", "keyword": "đang setup", "step": "capture", "message": "Capturing posinset=19 (19/∞)…", "data": {"w": 1}, "seq": 46711}
{"ts": "2026-05-01T19:12:38.069211+00:00", "level": "INFO", "jobId": "2e495497-8ce1-43c4-9859-6119453c47af", "keyword": "đang setup", "step": "capture", "message": "Saved post_019.png (posinset=19)", "data": {"w": 1}, "seq": 46713}
{"ts": "2026-05-01T19:12:38.071598+00:00", "level": "INFO", "jobId": "2e495497-8ce1-43c4-9859-6119453c47af", "keyword": "đang setup", "step": "cooldown", "message": "Cooldown 1.0s (after capture)", "data": {"w": 1}, "seq": 46714}
{"ts": "2026-05-01T19:12:39.097551+00:00", "level": "INFO", "jobId": "2e495497-8ce1-43c4-9859-6119453c47af", "keyword": "đang setup", "step": "capture", "message": "Capturing posinset=20 (20/∞)…", "data": {"w": 1}, "seq": 46719}
{"ts": "2026-05-01T19:12:40.279717+00:00", "level": "INFO", "jobId": "2e495497-8ce1-43c4-9859-6119453c47af", "keyword": "đang setup", "step": "capture", "message": "Saved post_020.png (posinset=20)", "data": {"w": 1}, "seq": 46722}
{"ts": "2026-05-01T19:12:40.281896+00:00", "level": "INFO", "jobId": "2e495497-8ce1-43c4-9859-6119453c47af", "keyword": "đang setup", "step": "cooldown", "message": "Cooldown 1.0s (after capture)", "data": {"w": 1}, "seq": 46723}
{"ts": "2026-05-01T19:12:41.314253+00:00", "level": "INFO", "jobId": "2e495497-8ce1-43c4-9859-6119453c47af", "keyword": "đang setup", "step": "capture", "message": "Capturing posinset=21 (21/∞)…", "data": {"w": 1}, "seq": 46724}
{"ts": "2026-05-01T19:12:43.000331+00:00", "level": "INFO", "jobId": "2e495497-8ce1-43c4-9859-6119453c47af", "keyword": "đang setup", "step": "capture", "message": "Saved post_021.png (posinset=21)", "data": {"w": 1}, "seq": 46729}
{"ts": "2026-05-01T19:12:43.002321+00:00", "level": "INFO", "jobId": "2e495497-8ce1-43c4-9859-6119453c47af", "keyword": "đang setup", "step": "cooldown", "message": "Cooldown 1.0s (after capture)", "data": {"w": 1}, "seq": 46730}
{"ts": "2026-05-01T19:12:44.022468+00:00", "level": "INFO", "jobId": "2e495497-8ce1-43c4-9859-6119453c47af", "keyword": "đang setup", "step": "capture", "message": "Capturing posinset=22 (22/∞)…", "data": {"w": 1}, "seq": 46733}
{"ts": "2026-05-01T19:12:45.435448+00:00", "level": "INFO", "jobId": "2e495497-8ce1-43c4-9859-6119453c47af", "keyword": "đang setup", "step": "capture", "message": "Saved post_022.png (posinset=22)", "data": {"w": 1}, "seq": 46736}
{"ts": "2026-05-01T19:12:45.438527+00:00", "level": "INFO", "jobId": "2e495497-8ce1-43c4-9859-6119453c47af", "keyword": "đang setup", "step": "cooldown", "message": "Cooldown 1.0s (after capture)", "data": {"w": 1}, "seq": 46737}
{"ts": "2026-05-01T19:12:46.469423+00:00", "level": "INFO", "jobId": "2e495497-8ce1-43c4-9859-6119453c47af", "keyword": "đang setup", "step": "heartbeat", "message": "Worker alive", "data": {"w": 1, "elapsed_s": 83}, "seq": 46740}
{"ts": "2026-05-01T19:12:46.470789+00:00", "level": "INFO", "jobId": "2e495497-8ce1-43c4-9859-6119453c47af", "keyword": "đang setup", "step": "capture", "message": "Capturing posinset=23 (23/∞)…", "data": {"w": 1}, "seq": 46741}
{"ts": "2026-05-01T19:12:47.916555+00:00", "level": "INFO", "jobId": "2e495497-8ce1-43c4-9859-6119453c47af", "keyword": "đang setup", "step": "capture", "message": "Saved post_023.png (posinset=23)", "data": {"w": 1}, "seq": 46744}
{"ts": "2026-05-01T19:12:47.917624+00:00", "level": "INFO", "jobId": "2e495497-8ce1-43c4-9859-6119453c47af", "keyword": "đang setup", "step": "cooldown", "message": "Cooldown 1.0s (after capture)", "data": {"w": 1}, "seq": 46745}
{"ts": "2026-05-01T19:12:48.947450+00:00", "level": "INFO", "jobId": "2e495497-8ce1-43c4-9859-6119453c47af", "keyword": "đang setup", "step": "capture", "message": "Capturing posinset=24 (24/∞)…", "data": {"w": 1}, "seq": 46746}
{"ts": "2026-05-01T19:12:50.901876+00:00", "level": "INFO", "jobId": "2e495497-8ce1-43c4-9859-6119453c47af", "keyword": "đang setup", "step": "capture", "message": "Saved post_024.png (posinset=24)", "data": {"w": 1}, "seq": 46751}
{"ts": "2026-05-01T19:12:50.902877+00:00", "level": "INFO", "jobId": "2e495497-8ce1-43c4-9859-6119453c47af", "keyword": "đang setup", "step": "cooldown", "message": "Cooldown 1.0s (after capture)", "data": {"w": 1}, "seq": 46752}
{"ts": "2026-05-01T19:12:52.426039+00:00", "level": "INFO", "jobId": "2e495497-8ce1-43c4-9859-6119453c47af", "keyword": "đang setup", "step": "capture", "message": "Capturing posinset=25 (25/∞)…", "data": {"w": 1}, "seq": 46753}
{"ts": "2026-05-01T19:12:54.703719+00:00", "level": "INFO", "jobId": "2e495497-8ce1-43c4-9859-6119453c47af", "keyword": "đang setup", "step": "capture", "message": "Saved post_025.png (posinset=25)", "data": {"w": 1}, "seq": 46757}
{"ts": "2026-05-01T19:12:54.705821+00:00", "level": "INFO", "jobId": "2e495497-8ce1-43c4-9859-6119453c47af", "keyword": "đang setup", "step": "cooldown", "message": "Cooldown 1.0s (after capture)", "data": {"w": 1}, "seq": 46758}
{"ts": "2026-05-01T19:12:55.729576+00:00", "level": "INFO", "jobId": "2e495497-8ce1-43c4-9859-6119453c47af", "keyword": "đang setup", "step": "capture", "message": "Capturing posinset=26 (26/∞)…", "data": {"w": 1}, "seq": 46761}
{"ts": "2026-05-01T19:12:57.547526+00:00", "level": "INFO", "jobId": "2e495497-8ce1-43c4-9859-6119453c47af", "keyword": "đang setup", "step": "capture", "message": "Saved post_026.png (posinset=26)", "data": {"w": 1}, "seq": 46766}
{"ts": "2026-05-01T19:12:57.548622+00:00", "level": "INFO", "jobId": "2e495497-8ce1-43c4-9859-6119453c47af", "keyword": "đang setup", "step": "cooldown", "message": "Cooldown 1.0s (after capture)", "data": {"w": 1}, "seq": 46767}
{"ts": "2026-05-01T19:12:58.577690+00:00", "level": "INFO", "jobId": "2e495497-8ce1-43c4-9859-6119453c47af", "keyword": "đang setup", "step": "capture", "message": "Capturing posinset=27 (27/∞)…", "data": {"w": 1}, "seq": 46769}
{"ts": "2026-05-01T19:13:01.485215+00:00", "level": "INFO", "jobId": "2e495497-8ce1-43c4-9859-6119453c47af", "keyword": "đang setup", "step": "capture", "message": "Saved post_027.png (posinset=27)", "data": {"w": 1}, "seq": 46775}
{"ts": "2026-05-01T19:13:01.486500+00:00", "level": "INFO", "jobId": "2e495497-8ce1-43c4-9859-6119453c47af", "keyword": "đang setup", "step": "cooldown", "message": "Cooldown 1.0s (after capture)", "data": {"w": 1}, "seq": 46776}
{"ts": "2026-05-01T19:13:02.510067+00:00", "level": "INFO", "jobId": "2e495497-8ce1-43c4-9859-6119453c47af", "keyword": "đang setup", "step": "heartbeat", "message": "Worker alive", "data": {"w": 1, "elapsed_s": 99}, "seq": 46778}
{"ts": "2026-05-01T19:13:02.512533+00:00", "level": "INFO", "jobId": "2e495497-8ce1-43c4-9859-6119453c47af", "keyword": "đang setup", "step": "capture", "message": "Capturing posinset=28 (28/∞)…", "data": {"w": 1}, "seq": 46779}
{"ts": "2026-05-01T19:13:03.802800+00:00", "level": "INFO", "jobId": "2e495497-8ce1-43c4-9859-6119453c47af", "keyword": "đang setup", "step": "capture", "message": "Saved post_028.png (posinset=28)", "data": {"w": 1}, "seq": 46782}
{"ts": "2026-05-01T19:13:03.803803+00:00", "level": "INFO", "jobId": "2e495497-8ce1-43c4-9859-6119453c47af", "keyword": "đang setup", "step": "cooldown", "message": "Cooldown 1.0s (after capture)", "data": {"w": 1}, "seq": 46783}
{"ts": "2026-05-01T19:13:04.838507+00:00", "level": "INFO", "jobId": "2e495497-8ce1-43c4-9859-6119453c47af", "keyword": "đang setup", "step": "capture", "message": "Capturing posinset=29 (29/∞)…", "data": {"w": 1}, "seq": 46786}
{"ts": "2026-05-01T19:13:07.989114+00:00", "level": "INFO", "jobId": "2e495497-8ce1-43c4-9859-6119453c47af", "keyword": "đang setup", "step": "capture", "message": "Saved post_029.png (posinset=29)", "data": {"w": 1}, "seq": 46790}
{"ts": "2026-05-01T19:13:07.991115+00:00", "level": "INFO", "jobId": "2e495497-8ce1-43c4-9859-6119453c47af", "keyword": "đang setup", "step": "cooldown", "message": "Cooldown 1.0s (after capture)", "data": {"w": 1}, "seq": 46791}
{"ts": "2026-05-01T19:13:09.018899+00:00", "level": "INFO", "jobId": "2e495497-8ce1-43c4-9859-6119453c47af", "keyword": "đang setup", "step": "capture", "message": "Capturing posinset=30 (30/∞)…", "data": {"w": 1}, "seq": 46794}
{"ts": "2026-05-01T19:13:10.812441+00:00", "level": "INFO", "jobId": "2e495497-8ce1-43c4-9859-6119453c47af", "keyword": "đang setup", "step": "capture", "message": "Saved post_030.png (posinset=30)", "data": {"w": 1}, "seq": 46796}
{"ts": "2026-05-01T19:13:10.812441+00:00", "level": "INFO", "jobId": "2e495497-8ce1-43c4-9859-6119453c47af", "keyword": "đang setup", "step": "cooldown", "message": "Cooldown 1.0s (after capture)", "data": {"w": 1}, "seq": 46797}
{"ts": "2026-05-01T19:13:11.840803+00:00", "level": "INFO", "jobId": "2e495497-8ce1-43c4-9859-6119453c47af", "keyword": "đang setup", "step": "capture", "message": "Capturing posinset=31 (31/∞)…", "data": {"w": 1}, "seq": 46798}
{"ts": "2026-05-01T19:13:13.767218+00:00", "level": "INFO", "jobId": "2e495497-8ce1-43c4-9859-6119453c47af", "keyword": "đang setup", "step": "capture", "message": "Saved post_031.png (posinset=31)", "data": {"w": 1}, "seq": 46801}
{"ts": "2026-05-01T19:13:13.768232+00:00", "level": "INFO", "jobId": "2e495497-8ce1-43c4-9859-6119453c47af", "keyword": "đang setup", "step": "cooldown", "message": "Cooldown 1.0s (after capture)", "data": {"w": 1}, "seq": 46802}
{"ts": "2026-05-01T19:13:14.781438+00:00", "level": "INFO", "jobId": "2e495497-8ce1-43c4-9859-6119453c47af", "keyword": "đang setup", "step": "capture", "message": "Capturing posinset=32 (32/∞)…", "data": {"w": 1}, "seq": 46805}
{"ts": "2026-05-01T19:13:16.221008+00:00", "level": "INFO", "jobId": "2e495497-8ce1-43c4-9859-6119453c47af", "keyword": "đang setup", "step": "capture", "message": "Saved post_032.png (posinset=32)", "data": {"w": 1}, "seq": 46808}
{"ts": "2026-05-01T19:13:16.222059+00:00", "level": "INFO", "jobId": "2e495497-8ce1-43c4-9859-6119453c47af", "keyword": "đang setup", "step": "cooldown", "message": "Cooldown 1.0s (after capture)", "data": {"w": 1}, "seq": 46809}
{"ts": "2026-05-01T19:13:17.244791+00:00", "level": "INFO", "jobId": "2e495497-8ce1-43c4-9859-6119453c47af", "keyword": "đang setup", "step": "capture", "message": "Capturing posinset=33 (33/∞)…", "data": {"w": 1}, "seq": 46810}
{"ts": "2026-05-01T19:13:18.606489+00:00", "level": "INFO", "jobId": "2e495497-8ce1-43c4-9859-6119453c47af", "keyword": "đang setup", "step": "capture", "message": "Saved post_033.png (posinset=33)", "data": {"w": 1}, "seq": 46813}
{"ts": "2026-05-01T19:13:18.607547+00:00", "level": "INFO", "jobId": "2e495497-8ce1-43c4-9859-6119453c47af", "keyword": "đang setup", "step": "cooldown", "message": "Cooldown 1.0s (after capture)", "data": {"w": 1}, "seq": 46814}
{"ts": "2026-05-01T19:13:20.712086+00:00", "level": "INFO", "jobId": "2e495497-8ce1-43c4-9859-6119453c47af", "keyword": "đang setup", "step": "heartbeat", "message": "Worker alive", "data": {"w": 1, "elapsed_s": 118}, "seq": 46816}
{"ts": "2026-05-01T19:13:20.714084+00:00", "level": "INFO", "jobId": "2e495497-8ce1-43c4-9859-6119453c47af", "keyword": "đang setup", "step": "capture", "message": "Capturing posinset=34 (34/∞)…", "data": {"w": 1}, "seq": 46817}
{"ts": "2026-05-01T19:13:24.170977+00:00", "level": "INFO", "jobId": "2e495497-8ce1-43c4-9859-6119453c47af", "keyword": "đang setup", "step": "capture", "message": "Saved post_034.png (posinset=34)", "data": {"w": 1}, "seq": 46818}
{"ts": "2026-05-01T19:13:24.173003+00:00", "level": "INFO", "jobId": "2e495497-8ce1-43c4-9859-6119453c47af", "keyword": "đang setup", "step": "cooldown", "message": "Cooldown 1.0s (after capture)", "data": {"w": 1}, "seq": 46819}
{"ts": "2026-05-01T19:13:25.200974+00:00", "level": "INFO", "jobId": "2e495497-8ce1-43c4-9859-6119453c47af", "keyword": "đang setup", "step": "capture", "message": "Capturing posinset=35 (35/∞)…", "data": {"w": 1}, "seq": 46824}
{"ts": "2026-05-01T19:13:26.777419+00:00", "level": "INFO", "jobId": "2e495497-8ce1-43c4-9859-6119453c47af", "keyword": "đang setup", "step": "capture", "message": "Saved post_035.png (posinset=35)", "data": {"w": 1}, "seq": 46826}
{"ts": "2026-05-01T19:13:26.779813+00:00", "level": "INFO", "jobId": "2e495497-8ce1-43c4-9859-6119453c47af", "keyword": "đang setup", "step": "cooldown", "message": "Cooldown 1.0s (after capture)", "data": {"w": 1}, "seq": 46827}
{"ts": "2026-05-01T19:13:27.797010+00:00", "level": "INFO", "jobId": "2e495497-8ce1-43c4-9859-6119453c47af", "keyword": "đang setup", "step": "capture", "message": "Capturing posinset=36 (36/∞)…", "data": {"w": 1}, "seq": 46828}
{"ts": "2026-05-01T19:13:29.678357+00:00", "level": "INFO", "jobId": "2e495497-8ce1-43c4-9859-6119453c47af", "keyword": "đang setup", "step": "capture", "message": "Saved post_036.png (posinset=36)", "data": {"w": 1}, "seq": 46831}
{"ts": "2026-05-01T19:13:29.679384+00:00", "level": "INFO", "jobId": "2e495497-8ce1-43c4-9859-6119453c47af", "keyword": "đang setup", "step": "cooldown", "message": "Cooldown 1.0s (after capture)", "data": {"w": 1}, "seq": 46832}
{"ts": "2026-05-01T19:13:30.701091+00:00", "level": "INFO", "jobId": "2e495497-8ce1-43c4-9859-6119453c47af", "keyword": "đang setup", "step": "capture", "message": "Capturing posinset=37 (37/∞)…", "data": {"w": 1}, "seq": 46834}
{"ts": "2026-05-01T19:13:32.248015+00:00", "level": "INFO", "jobId": "2e495497-8ce1-43c4-9859-6119453c47af", "keyword": "đang setup", "step": "capture", "message": "Saved post_037.png (posinset=37)", "data": {"w": 1}, "seq": 46835}
{"ts": "2026-05-01T19:13:32.249015+00:00", "level": "INFO", "jobId": "2e495497-8ce1-43c4-9859-6119453c47af", "keyword": "đang setup", "step": "cooldown", "message": "Cooldown 1.0s (after capture)", "data": {"w": 1}, "seq": 46836}
{"ts": "2026-05-01T19:13:33.273594+00:00", "level": "INFO", "jobId": "2e495497-8ce1-43c4-9859-6119453c47af", "keyword": "đang setup", "step": "capture", "message": "Capturing posinset=38 (38/∞)…", "data": {"w": 1}, "seq": 46839}
{"ts": "2026-05-01T19:13:34.850272+00:00", "level": "INFO", "jobId": "2e495497-8ce1-43c4-9859-6119453c47af", "keyword": "đang setup", "step": "capture", "message": "Saved post_038.png (posinset=38)", "data": {"w": 1}, "seq": 46842}
{"ts": "2026-05-01T19:13:34.851347+00:00", "level": "INFO", "jobId": "2e495497-8ce1-43c4-9859-6119453c47af", "keyword": "đang setup", "step": "cooldown", "message": "Cooldown 1.0s (after capture)", "data": {"w": 1}, "seq": 46843}
{"ts": "2026-05-01T19:13:35.868841+00:00", "level": "INFO", "jobId": "2e495497-8ce1-43c4-9859-6119453c47af", "keyword": "đang setup", "step": "heartbeat", "message": "Worker alive", "data": {"w": 1, "elapsed_s": 133}, "seq": 46844}
{"ts": "2026-05-01T19:13:35.868841+00:00", "level": "INFO", "jobId": "2e495497-8ce1-43c4-9859-6119453c47af", "keyword": "đang setup", "step": "capture", "message": "Capturing posinset=39 (39/∞)…", "data": {"w": 1}, "seq": 46845}
{"ts": "2026-05-01T19:13:37.401633+00:00", "level": "INFO", "jobId": "2e495497-8ce1-43c4-9859-6119453c47af", "keyword": "đang setup", "step": "capture", "message": "Saved post_039.png (posinset=39)", "data": {"w": 1}, "seq": 46849}
{"ts": "2026-05-01T19:13:37.402657+00:00", "level": "INFO", "jobId": "2e495497-8ce1-43c4-9859-6119453c47af", "keyword": "đang setup", "step": "cooldown", "message": "Cooldown 1.0s (after capture)", "data": {"w": 1}, "seq": 46850}
{"ts": "2026-05-01T19:13:38.745355+00:00", "level": "INFO", "jobId": "2e495497-8ce1-43c4-9859-6119453c47af", "keyword": "đang setup", "step": "capture", "message": "Capturing posinset=40 (40/∞)…", "data": {"w": 1}, "seq": 46856}
{"ts": "2026-05-01T19:13:44.071386+00:00", "level": "INFO", "jobId": "2e495497-8ce1-43c4-9859-6119453c47af", "keyword": "đang setup", "step": "capture", "message": "Saved post_040.png (posinset=40)", "data": {"w": 1}, "seq": 46862}
{"ts": "2026-05-01T19:13:44.073550+00:00", "level": "INFO", "jobId": "2e495497-8ce1-43c4-9859-6119453c47af", "keyword": "đang setup", "step": "cooldown", "message": "Cooldown 1.0s (after capture)", "data": {"w": 1}, "seq": 46863}
{"ts": "2026-05-01T19:13:45.107213+00:00", "level": "INFO", "jobId": "2e495497-8ce1-43c4-9859-6119453c47af", "keyword": "đang setup", "step": "capture", "message": "Capturing posinset=41 (41/∞)…", "data": {"w": 1}, "seq": 46864}
{"ts": "2026-05-01T19:13:48.308882+00:00", "level": "INFO", "jobId": "2e495497-8ce1-43c4-9859-6119453c47af", "keyword": "đang setup", "step": "capture", "message": "Saved post_041.png (posinset=41)", "data": {"w": 1}, "seq": 46870}
{"ts": "2026-05-01T19:13:48.311614+00:00", "level": "INFO", "jobId": "2e495497-8ce1-43c4-9859-6119453c47af", "keyword": "đang setup", "step": "cooldown", "message": "Cooldown 1.0s (after capture)", "data": {"w": 1}, "seq": 46871}
{"ts": "2026-05-01T19:13:49.370746+00:00", "level": "INFO", "jobId": "2e495497-8ce1-43c4-9859-6119453c47af", "keyword": "đang setup", "step": "capture", "message": "Capturing posinset=42 (42/∞)…", "data": {"w": 1}, "seq": 46872}
{"ts": "2026-05-01T19:13:52.308066+00:00", "level": "INFO", "jobId": "2e495497-8ce1-43c4-9859-6119453c47af", "keyword": "đang setup", "step": "capture", "message": "Saved post_042.png (posinset=42)", "data": {"w": 1}, "seq": 46875}
{"ts": "2026-05-01T19:13:52.311066+00:00", "level": "INFO", "jobId": "2e495497-8ce1-43c4-9859-6119453c47af", "keyword": "đang setup", "step": "cooldown", "message": "Cooldown 1.0s (after capture)", "data": {"w": 1}, "seq": 46876}
{"ts": "2026-05-01T19:13:53.394600+00:00", "level": "INFO", "jobId": "2e495497-8ce1-43c4-9859-6119453c47af", "keyword": "đang setup", "step": "heartbeat", "message": "Worker alive", "data": {"w": 1, "elapsed_s": 150}, "seq": 46879}
{"ts": "2026-05-01T19:13:53.395600+00:00", "level": "INFO", "jobId": "2e495497-8ce1-43c4-9859-6119453c47af", "keyword": "đang setup", "step": "capture", "message": "Capturing posinset=43 (43/∞)…", "data": {"w": 1}, "seq": 46880}
{"ts": "2026-05-01T19:13:55.766674+00:00", "level": "INFO", "jobId": "2e495497-8ce1-43c4-9859-6119453c47af", "keyword": "đang setup", "step": "capture", "message": "Saved post_043.png (posinset=43)", "data": {"w": 1}, "seq": 46882}
{"ts": "2026-05-01T19:13:55.768034+00:00", "level": "INFO", "jobId": "2e495497-8ce1-43c4-9859-6119453c47af", "keyword": "đang setup", "step": "cooldown", "message": "Cooldown 1.0s (after capture)", "data": {"w": 1}, "seq": 46883}
{"ts": "2026-05-01T19:13:56.806483+00:00", "level": "INFO", "jobId": "2e495497-8ce1-43c4-9859-6119453c47af", "keyword": "đang setup", "step": "capture", "message": "Capturing posinset=44 (44/∞)…", "data": {"w": 1}, "seq": 46884}
{"ts": "2026-05-01T19:13:58.642338+00:00", "level": "INFO", "jobId": "2e495497-8ce1-43c4-9859-6119453c47af", "keyword": "đang setup", "step": "capture", "message": "Saved post_044.png (posinset=44)", "data": {"w": 1}, "seq": 46890}
{"ts": "2026-05-01T19:13:58.642338+00:00", "level": "INFO", "jobId": "2e495497-8ce1-43c4-9859-6119453c47af", "keyword": "đang setup", "step": "cooldown", "message": "Cooldown 1.0s (after capture)", "data": {"w": 1}, "seq": 46891}
{"ts": "2026-05-01T19:14:00.267075+00:00", "level": "INFO", "jobId": "2e495497-8ce1-43c4-9859-6119453c47af", "keyword": "đang setup", "step": "capture", "message": "Capturing posinset=45 (45/∞)…", "data": {"w": 1}, "seq": 46895}
{"ts": "2026-05-01T19:14:02.239960+00:00", "level": "INFO", "jobId": "2e495497-8ce1-43c4-9859-6119453c47af", "keyword": "đang setup", "step": "capture", "message": "Saved post_045.png (posinset=45)", "data": {"w": 1}, "seq": 46897}
{"ts": "2026-05-01T19:14:02.240960+00:00", "level": "INFO", "jobId": "2e495497-8ce1-43c4-9859-6119453c47af", "keyword": "đang setup", "step": "cooldown", "message": "Cooldown 1.0s (after capture)", "data": {"w": 1}, "seq": 46898}
{"ts": "2026-05-01T19:14:03.275954+00:00", "level": "INFO", "jobId": "2e495497-8ce1-43c4-9859-6119453c47af", "keyword": "đang setup", "step": "capture", "message": "Capturing posinset=46 (46/∞)…", "data": {"w": 1}, "seq": 46901}
{"ts": "2026-05-01T19:14:04.999932+00:00", "level": "INFO", "jobId": "2e495497-8ce1-43c4-9859-6119453c47af", "keyword": "đang setup", "step": "capture", "message": "Saved post_046.png (posinset=46)", "data": {"w": 1}, "seq": 46905}
{"ts": "2026-05-01T19:14:05.002222+00:00", "level": "INFO", "jobId": "2e495497-8ce1-43c4-9859-6119453c47af", "keyword": "đang setup", "step": "cooldown", "message": "Cooldown 1.0s (after capture)", "data": {"w": 1}, "seq": 46906}
{"ts": "2026-05-01T19:14:06.033416+00:00", "level": "INFO", "jobId": "2e495497-8ce1-43c4-9859-6119453c47af", "keyword": "đang setup", "step": "capture", "message": "Capturing posinset=47 (47/∞)…", "data": {"w": 1}, "seq": 46910}
{"ts": "2026-05-01T19:14:07.808484+00:00", "level": "INFO", "jobId": "2e495497-8ce1-43c4-9859-6119453c47af", "keyword": "đang setup", "step": "capture", "message": "Saved post_047.png (posinset=47)", "data": {"w": 1}, "seq": 46914}
{"ts": "2026-05-01T19:14:07.810520+00:00", "level": "INFO", "jobId": "2e495497-8ce1-43c4-9859-6119453c47af", "keyword": "đang setup", "step": "cooldown", "message": "Cooldown 1.0s (after capture)", "data": {"w": 1}, "seq": 46915}
{"ts": "2026-05-01T19:14:08.844385+00:00", "level": "INFO", "jobId": "2e495497-8ce1-43c4-9859-6119453c47af", "keyword": "đang setup", "step": "heartbeat", "message": "Worker alive", "data": {"w": 1, "elapsed_s": 166}, "seq": 46920}
{"ts": "2026-05-01T19:14:08.844385+00:00", "level": "INFO", "jobId": "2e495497-8ce1-43c4-9859-6119453c47af", "keyword": "đang setup", "step": "capture", "message": "Capturing posinset=48 (48/∞)…", "data": {"w": 1}, "seq": 46921}
{"ts": "2026-05-01T19:14:10.479518+00:00", "level": "INFO", "jobId": "2e495497-8ce1-43c4-9859-6119453c47af", "keyword": "đang setup", "step": "capture", "message": "Saved post_048.png (posinset=48)", "data": {"w": 1}, "seq": 46926}
{"ts": "2026-05-01T19:14:10.480647+00:00", "level": "INFO", "jobId": "2e495497-8ce1-43c4-9859-6119453c47af", "keyword": "đang setup", "step": "cooldown", "message": "Cooldown 1.0s (after capture)", "data": {"w": 1}, "seq": 46927}
{"ts": "2026-05-01T19:14:11.521643+00:00", "level": "INFO", "jobId": "2e495497-8ce1-43c4-9859-6119453c47af", "keyword": "đang setup", "step": "capture", "message": "Capturing posinset=49 (49/∞)…", "data": {"w": 1}, "seq": 46929}
{"ts": "2026-05-01T19:14:13.811528+00:00", "level": "INFO", "jobId": "2e495497-8ce1-43c4-9859-6119453c47af", "keyword": "đang setup", "step": "capture", "message": "Saved post_049.png (posinset=49)", "data": {"w": 1}, "seq": 46935}
{"ts": "2026-05-01T19:14:13.813885+00:00", "level": "INFO", "jobId": "2e495497-8ce1-43c4-9859-6119453c47af", "keyword": "đang setup", "step": "cooldown", "message": "Cooldown 1.0s (after capture)", "data": {"w": 1}, "seq": 46936}
{"ts": "2026-05-01T19:14:15.305630+00:00", "level": "INFO", "jobId": "2e495497-8ce1-43c4-9859-6119453c47af", "keyword": "đang setup", "step": "capture", "message": "Capturing posinset=50 (50/∞)…", "data": {"w": 1}, "seq": 46938}
{"ts": "2026-05-01T19:14:20.583506+00:00", "level": "INFO", "jobId": "2e495497-8ce1-43c4-9859-6119453c47af", "keyword": "đang setup", "step": "capture", "message": "Saved post_050.png (posinset=50)", "data": {"w": 1}, "seq": 46944}
{"ts": "2026-05-01T19:14:20.585765+00:00", "level": "INFO", "jobId": "2e495497-8ce1-43c4-9859-6119453c47af", "keyword": "đang setup", "step": "cooldown", "message": "Cooldown 1.0s (after capture)", "data": {"w": 1}, "seq": 46945}
{"ts": "2026-05-01T19:14:21.608925+00:00", "level": "INFO", "jobId": "2e495497-8ce1-43c4-9859-6119453c47af", "keyword": "đang setup", "step": "capture", "message": "Capturing posinset=51 (51/∞)…", "data": {"w": 1}, "seq": 46949}
{"ts": "2026-05-01T19:14:23.863477+00:00", "level": "INFO", "jobId": "2e495497-8ce1-43c4-9859-6119453c47af", "keyword": "đang setup", "step": "capture", "message": "Saved post_051.png (posinset=51)", "data": {"w": 1}, "seq": 46953}
{"ts": "2026-05-01T19:14:23.865480+00:00", "level": "INFO", "jobId": "2e495497-8ce1-43c4-9859-6119453c47af", "keyword": "đang setup", "step": "cooldown", "message": "Cooldown 1.0s (after capture)", "data": {"w": 1}, "seq": 46954}
{"ts": "2026-05-01T19:14:24.914164+00:00", "level": "INFO", "jobId": "2e495497-8ce1-43c4-9859-6119453c47af", "keyword": "đang setup", "step": "heartbeat", "message": "Worker alive", "data": {"w": 1, "elapsed_s": 182}, "seq": 46957}
{"ts": "2026-05-01T19:14:24.916533+00:00", "level": "INFO", "jobId": "2e495497-8ce1-43c4-9859-6119453c47af", "keyword": "đang setup", "step": "capture", "message": "Capturing posinset=52 (52/∞)…", "data": {"w": 1}, "seq": 46958}
{"ts": "2026-05-01T19:14:26.820962+00:00", "level": "INFO", "jobId": "2e495497-8ce1-43c4-9859-6119453c47af", "keyword": "đang setup", "step": "capture", "message": "Saved post_052.png (posinset=52)", "data": {"w": 1}, "seq": 46964}
{"ts": "2026-05-01T19:14:26.822370+00:00", "level": "INFO", "jobId": "2e495497-8ce1-43c4-9859-6119453c47af", "keyword": "đang setup", "step": "cooldown", "message": "Cooldown 1.0s (after capture)", "data": {"w": 1}, "seq": 46965}
{"ts": "2026-05-01T19:14:27.881301+00:00", "level": "INFO", "jobId": "2e495497-8ce1-43c4-9859-6119453c47af", "keyword": "đang setup", "step": "capture", "message": "Capturing posinset=53 (53/∞)…", "data": {"w": 1}, "seq": 46966}
{"ts": "2026-05-01T19:14:31.390178+00:00", "level": "INFO", "jobId": "2e495497-8ce1-43c4-9859-6119453c47af", "keyword": "đang setup", "step": "capture", "message": "Saved post_053.png (posinset=53)", "data": {"w": 1}, "seq": 46972}
{"ts": "2026-05-01T19:14:31.391182+00:00", "level": "INFO", "jobId": "2e495497-8ce1-43c4-9859-6119453c47af", "keyword": "đang setup", "step": "cooldown", "message": "Cooldown 1.0s (after capture)", "data": {"w": 1}, "seq": 46973}
{"ts": "2026-05-01T19:14:32.420656+00:00", "level": "INFO", "jobId": "2e495497-8ce1-43c4-9859-6119453c47af", "keyword": "đang setup", "step": "capture", "message": "Capturing posinset=54 (54/∞)…", "data": {"w": 1}, "seq": 46976}
{"ts": "2026-05-01T19:14:34.515682+00:00", "level": "INFO", "jobId": "2e495497-8ce1-43c4-9859-6119453c47af", "keyword": "đang setup", "step": "capture", "message": "Saved post_054.png (posinset=54)", "data": {"w": 1}, "seq": 46980}
{"ts": "2026-05-01T19:14:34.517132+00:00", "level": "INFO", "jobId": "2e495497-8ce1-43c4-9859-6119453c47af", "keyword": "đang setup", "step": "cooldown", "message": "Cooldown 1.0s (after capture)", "data": {"w": 1}, "seq": 46981}
{"ts": "2026-05-01T19:14:36.288928+00:00", "level": "INFO", "jobId": "2e495497-8ce1-43c4-9859-6119453c47af", "keyword": "đang setup", "step": "capture", "message": "Capturing posinset=55 (55/∞)…", "data": {"w": 1}, "seq": 46986}
{"ts": "2026-05-01T19:14:39.183604+00:00", "level": "INFO", "jobId": "2e495497-8ce1-43c4-9859-6119453c47af", "keyword": "đang setup", "step": "capture", "message": "Saved post_055.png (posinset=55)", "data": {"w": 1}, "seq": 46992}
{"ts": "2026-05-01T19:14:39.185001+00:00", "level": "INFO", "jobId": "2e495497-8ce1-43c4-9859-6119453c47af", "keyword": "đang setup", "step": "cooldown", "message": "Cooldown 1.0s (after capture)", "data": {"w": 1}, "seq": 46993}
{"ts": "2026-05-01T19:14:40.213832+00:00", "level": "INFO", "jobId": "2e495497-8ce1-43c4-9859-6119453c47af", "keyword": "đang setup", "step": "heartbeat", "message": "Worker alive", "data": {"w": 1, "elapsed_s": 197}, "seq": 46995}
{"ts": "2026-05-01T19:14:40.215196+00:00", "level": "INFO", "jobId": "2e495497-8ce1-43c4-9859-6119453c47af", "keyword": "đang setup", "step": "capture", "message": "Capturing posinset=56 (56/∞)…", "data": {"w": 1}, "seq": 46996}
{"ts": "2026-05-01T19:14:41.811553+00:00", "level": "INFO", "jobId": "2e495497-8ce1-43c4-9859-6119453c47af", "keyword": "đang setup", "step": "capture", "message": "Saved post_056.png (posinset=56)", "data": {"w": 1}, "seq": 47001}
{"ts": "2026-05-01T19:14:41.812741+00:00", "level": "INFO", "jobId": "2e495497-8ce1-43c4-9859-6119453c47af", "keyword": "đang setup", "step": "cooldown", "message": "Cooldown 1.0s (after capture)", "data": {"w": 1}, "seq": 47002}
{"ts": "2026-05-01T19:14:42.850141+00:00", "level": "INFO", "jobId": "2e495497-8ce1-43c4-9859-6119453c47af", "keyword": "đang setup", "step": "capture", "message": "Capturing posinset=57 (57/∞)…", "data": {"w": 1}, "seq": 47003}
{"ts": "2026-05-01T19:14:44.885505+00:00", "level": "INFO", "jobId": "2e495497-8ce1-43c4-9859-6119453c47af", "keyword": "đang setup", "step": "capture", "message": "Saved post_057.png (posinset=57)", "data": {"w": 1}, "seq": 47011}
{"ts": "2026-05-01T19:14:44.886921+00:00", "level": "INFO", "jobId": "2e495497-8ce1-43c4-9859-6119453c47af", "keyword": "đang setup", "step": "cooldown", "message": "Cooldown 1.0s (after capture)", "data": {"w": 1}, "seq": 47012}
{"ts": "2026-05-01T19:14:45.922003+00:00", "level": "INFO", "jobId": "2e495497-8ce1-43c4-9859-6119453c47af", "keyword": "đang setup", "step": "capture", "message": "Capturing posinset=58 (58/∞)…", "data": {"w": 1}, "seq": 47015}
{"ts": "2026-05-01T19:14:47.067176+00:00", "level": "WARN", "jobId": "2e495497-8ce1-43c4-9859-6119453c47af", "keyword": "đang setup", "step": "capture", "message": "Expand \"Xem thêm\" failed; will still screenshot. posinset=58 see_more_candidates=1 err=See-more still present in post after expansion attempts (left=1).", "data": {"w": 1}, "seq": 47017}
{"ts": "2026-05-01T19:14:47.520821+00:00", "level": "WARN", "jobId": "2e495497-8ce1-43c4-9859-6119453c47af", "keyword": "đang setup", "step": "capture", "message": "Expand \"Xem thêm\" still failing; will screenshot anyway. posinset=58 err=See-more still present in post after expansion attempts (left=1).", "data": {"w": 1}, "seq": 47018}
{"ts": "2026-05-01T19:14:47.951868+00:00", "level": "INFO", "jobId": "2e495497-8ce1-43c4-9859-6119453c47af", "keyword": "đang setup", "step": "capture", "message": "Saved post_058.png (posinset=58)", "data": {"w": 1}, "seq": 47021}
{"ts": "2026-05-01T19:14:47.952886+00:00", "level": "INFO", "jobId": "2e495497-8ce1-43c4-9859-6119453c47af", "keyword": "đang setup", "step": "cooldown", "message": "Cooldown 1.0s (after capture)", "data": {"w": 1}, "seq": 47022}
{"ts": "2026-05-01T19:14:49.876567+00:00", "level": "INFO", "jobId": "2e495497-8ce1-43c4-9859-6119453c47af", "keyword": "đang setup", "step": "capture", "message": "Capturing posinset=59 (59/∞)…", "data": {"w": 1}, "seq": 47027}
{"ts": "2026-05-01T19:14:54.223909+00:00", "level": "INFO", "jobId": "2e495497-8ce1-43c4-9859-6119453c47af", "keyword": "đang setup", "step": "capture", "message": "Saved post_059.png (posinset=59)", "data": {"w": 1}, "seq": 47031}
{"ts": "2026-05-01T19:14:54.225045+00:00", "level": "INFO", "jobId": "2e495497-8ce1-43c4-9859-6119453c47af", "keyword": "đang setup", "step": "cooldown", "message": "Cooldown 1.0s (after capture)", "data": {"w": 1}, "seq": 47032}
{"ts": "2026-05-01T19:14:55.302327+00:00", "level": "INFO", "jobId": "2e495497-8ce1-43c4-9859-6119453c47af", "keyword": "đang setup", "step": "heartbeat", "message": "Worker alive", "data": {"w": 1, "elapsed_s": 212}, "seq": 47033}
{"ts": "2026-05-01T19:14:55.304327+00:00", "level": "INFO", "jobId": "2e495497-8ce1-43c4-9859-6119453c47af", "keyword": "đang setup", "step": "capture", "message": "Capturing posinset=60 (60/∞)…", "data": {"w": 1}, "seq": 47034}
{"ts": "2026-05-01T19:14:57.279630+00:00", "level": "INFO", "jobId": "2e495497-8ce1-43c4-9859-6119453c47af", "keyword": "đang setup", "step": "capture", "message": "Saved post_060.png (posinset=60)", "data": {"w": 1}, "seq": 47039}
{"ts": "2026-05-01T19:14:57.281629+00:00", "level": "INFO", "jobId": "2e495497-8ce1-43c4-9859-6119453c47af", "keyword": "đang setup", "step": "cooldown", "message": "Cooldown 1.0s (after capture)", "data": {"w": 1}, "seq": 47040}
{"ts": "2026-05-01T19:14:58.322160+00:00", "level": "INFO", "jobId": "2e495497-8ce1-43c4-9859-6119453c47af", "keyword": "đang setup", "step": "capture", "message": "Capturing posinset=61 (61/∞)…", "data": {"w": 1}, "seq": 47043}
{"ts": "2026-05-01T19:15:00.279196+00:00", "level": "INFO", "jobId": "2e495497-8ce1-43c4-9859-6119453c47af", "keyword": "đang setup", "step": "capture", "message": "Saved post_061.png (posinset=61)", "data": {"w": 1}, "seq": 47048}
{"ts": "2026-05-01T19:15:00.282195+00:00", "level": "INFO", "jobId": "2e495497-8ce1-43c4-9859-6119453c47af", "keyword": "đang setup", "step": "cooldown", "message": "Cooldown 1.0s (after capture)", "data": {"w": 1}, "seq": 47049}
{"ts": "2026-05-01T19:15:01.330740+00:00", "level": "INFO", "jobId": "2e495497-8ce1-43c4-9859-6119453c47af", "keyword": "đang setup", "step": "capture", "message": "Capturing posinset=62 (62/∞)…", "data": {"w": 1}, "seq": 47050}
{"ts": "2026-05-01T19:15:03.889106+00:00", "level": "INFO", "jobId": "2e495497-8ce1-43c4-9859-6119453c47af", "keyword": "đang setup", "step": "capture", "message": "Saved post_062.png (posinset=62)", "data": {"w": 1}, "seq": 47056}
{"ts": "2026-05-01T19:15:03.891565+00:00", "level": "INFO", "jobId": "2e495497-8ce1-43c4-9859-6119453c47af", "keyword": "đang setup", "step": "cooldown", "message": "Cooldown 1.0s (after capture)", "data": {"w": 1}, "seq": 47057}
{"ts": "2026-05-01T19:15:04.923566+00:00", "level": "INFO", "jobId": "2e495497-8ce1-43c4-9859-6119453c47af", "keyword": "đang setup", "step": "capture", "message": "Capturing posinset=63 (63/∞)…", "data": {"w": 1}, "seq": 47062}
{"ts": "2026-05-01T19:15:07.632694+00:00", "level": "INFO", "jobId": "2e495497-8ce1-43c4-9859-6119453c47af", "keyword": "đang setup", "step": "capture", "message": "Saved post_063.png (posinset=63)", "data": {"w": 1}, "seq": 47068}
{"ts": "2026-05-01T19:15:07.633693+00:00", "level": "INFO", "jobId": "2e495497-8ce1-43c4-9859-6119453c47af", "keyword": "đang setup", "step": "cooldown", "message": "Cooldown 1.0s (after capture)", "data": {"w": 1}, "seq": 47069}
{"ts": "2026-05-01T19:15:08.671537+00:00", "level": "INFO", "jobId": "2e495497-8ce1-43c4-9859-6119453c47af", "keyword": "đang setup", "step": "capture", "message": "Capturing posinset=64 (64/∞)…", "data": {"w": 1}, "seq": 47071}
{"ts": "2026-05-01T19:15:11.137304+00:00", "level": "INFO", "jobId": "2e495497-8ce1-43c4-9859-6119453c47af", "keyword": "đang setup", "step": "capture", "message": "Saved post_064.png (posinset=64)", "data": {"w": 1}, "seq": 47073}
{"ts": "2026-05-01T19:15:11.139306+00:00", "level": "INFO", "jobId": "2e495497-8ce1-43c4-9859-6119453c47af", "keyword": "đang setup", "step": "cooldown", "message": "Cooldown 1.0s (after capture)", "data": {"w": 1}, "seq": 47074}
{"ts": "2026-05-01T19:15:12.645836+00:00", "level": "INFO", "jobId": "2e495497-8ce1-43c4-9859-6119453c47af", "keyword": "đang setup", "step": "heartbeat", "message": "Worker alive", "data": {"w": 1, "elapsed_s": 229}, "seq": 47081}
{"ts": "2026-05-01T19:15:12.647837+00:00", "level": "INFO", "jobId": "2e495497-8ce1-43c4-9859-6119453c47af", "keyword": "đang setup", "step": "capture", "message": "Capturing posinset=65 (65/∞)…", "data": {"w": 1}, "seq": 47082}
{"ts": "2026-05-01T19:15:15.933188+00:00", "level": "INFO", "jobId": "2e495497-8ce1-43c4-9859-6119453c47af", "keyword": "đang setup", "step": "capture", "message": "Saved post_065.png (posinset=65)", "data": {"w": 1}, "seq": 47086}
{"ts": "2026-05-01T19:15:15.935189+00:00", "level": "INFO", "jobId": "2e495497-8ce1-43c4-9859-6119453c47af", "keyword": "đang setup", "step": "cooldown", "message": "Cooldown 1.0s (after capture)", "data": {"w": 1}, "seq": 47087}
{"ts": "2026-05-01T19:15:16.981662+00:00", "level": "INFO", "jobId": "2e495497-8ce1-43c4-9859-6119453c47af", "keyword": "đang setup", "step": "capture", "message": "Capturing posinset=66 (66/∞)…", "data": {"w": 1}, "seq": 47089}
{"ts": "2026-05-01T19:15:21.719675+00:00", "level": "INFO", "jobId": "2e495497-8ce1-43c4-9859-6119453c47af", "keyword": "đang setup", "step": "capture", "message": "Saved post_066.png (posinset=66)", "data": {"w": 1}, "seq": 47098}
{"ts": "2026-05-01T19:15:21.721761+00:00", "level": "INFO", "jobId": "2e495497-8ce1-43c4-9859-6119453c47af", "keyword": "đang setup", "step": "cooldown", "message": "Cooldown 1.0s (after capture)", "data": {"w": 1}, "seq": 47099}
{"ts": "2026-05-01T19:15:22.756664+00:00", "level": "INFO", "jobId": "2e495497-8ce1-43c4-9859-6119453c47af", "keyword": "đang setup", "step": "capture", "message": "Capturing posinset=67 (67/∞)…", "data": {"w": 1}, "seq": 47103}
{"ts": "2026-05-01T19:15:24.623575+00:00", "level": "INFO", "jobId": "2e495497-8ce1-43c4-9859-6119453c47af", "keyword": "đang setup", "step": "capture", "message": "Saved post_067.png (posinset=67)", "data": {"w": 1}, "seq": 47108}
{"ts": "2026-05-01T19:15:24.627747+00:00", "level": "INFO", "jobId": "2e495497-8ce1-43c4-9859-6119453c47af", "keyword": "đang setup", "step": "cooldown", "message": "Cooldown 1.0s (after capture)", "data": {"w": 1}, "seq": 47109}
{"ts": "2026-05-01T19:15:25.708460+00:00", "level": "INFO", "jobId": "2e495497-8ce1-43c4-9859-6119453c47af", "keyword": "đang setup", "step": "capture", "message": "Capturing posinset=68 (68/∞)…", "data": {"w": 1}, "seq": 47111}
{"ts": "2026-05-01T19:15:29.366557+00:00", "level": "INFO", "jobId": "2e495497-8ce1-43c4-9859-6119453c47af", "keyword": "đang setup", "step": "capture", "message": "Saved post_068.png (posinset=68)", "data": {"w": 1}, "seq": 47112}
{"ts": "2026-05-01T19:15:29.367558+00:00", "level": "INFO", "jobId": "2e495497-8ce1-43c4-9859-6119453c47af", "keyword": "đang setup", "step": "cooldown", "message": "Cooldown 1.0s (after capture)", "data": {"w": 1}, "seq": 47113}
{"ts": "2026-05-01T19:15:30.404014+00:00", "level": "INFO", "jobId": "2e495497-8ce1-43c4-9859-6119453c47af", "keyword": "đang setup", "step": "heartbeat", "message": "Worker alive", "data": {"w": 1, "elapsed_s": 247}, "seq": 47116}
{"ts": "2026-05-01T19:15:30.406073+00:00", "level": "INFO", "jobId": "2e495497-8ce1-43c4-9859-6119453c47af", "keyword": "đang setup", "step": "capture", "message": "Capturing posinset=69 (69/∞)…", "data": {"w": 1}, "seq": 47117}
{"ts": "2026-05-01T19:15:34.218185+00:00", "level": "INFO", "jobId": "2e495497-8ce1-43c4-9859-6119453c47af", "keyword": "đang setup", "step": "capture", "message": "Saved post_069.png (posinset=69)", "data": {"w": 1}, "seq": 47123}
{"ts": "2026-05-01T19:15:34.220186+00:00", "level": "INFO", "jobId": "2e495497-8ce1-43c4-9859-6119453c47af", "keyword": "đang setup", "step": "cooldown", "message": "Cooldown 1.0s (after capture)", "data": {"w": 1}, "seq": 47124}
{"ts": "2026-05-01T19:15:35.387812+00:00", "level": "INFO", "jobId": "2e495497-8ce1-43c4-9859-6119453c47af", "keyword": "đang setup", "step": "capture", "message": "Capturing posinset=70 (70/∞)…", "data": {"w": 1}, "seq": 47128}
{"ts": "2026-05-01T19:15:38.212736+00:00", "level": "INFO", "jobId": "2e495497-8ce1-43c4-9859-6119453c47af", "keyword": "đang setup", "step": "capture", "message": "Saved post_070.png (posinset=70)", "data": {"w": 1}, "seq": 47133}
{"ts": "2026-05-01T19:15:38.214736+00:00", "level": "INFO", "jobId": "2e495497-8ce1-43c4-9859-6119453c47af", "keyword": "đang setup", "step": "cooldown", "message": "Cooldown 1.0s (after capture)", "data": {"w": 1}, "seq": 47135}
{"ts": "2026-05-01T19:15:39.246930+00:00", "level": "INFO", "jobId": "2e495497-8ce1-43c4-9859-6119453c47af", "keyword": "đang setup", "step": "capture", "message": "Capturing posinset=71 (71/∞)…", "data": {"w": 1}, "seq": 47137}
{"ts": "2026-05-01T19:15:41.507793+00:00", "level": "INFO", "jobId": "2e495497-8ce1-43c4-9859-6119453c47af", "keyword": "đang setup", "step": "capture", "message": "Saved post_071.png (posinset=71)", "data": {"w": 1}, "seq": 47142}
{"ts": "2026-05-01T19:15:41.509020+00:00", "level": "INFO", "jobId": "2e495497-8ce1-43c4-9859-6119453c47af", "keyword": "đang setup", "step": "cooldown", "message": "Cooldown 1.0s (after capture)", "data": {"w": 1}, "seq": 47143}
{"ts": "2026-05-01T19:15:42.542957+00:00", "level": "INFO", "jobId": "2e495497-8ce1-43c4-9859-6119453c47af", "keyword": "đang setup", "step": "capture", "message": "Capturing posinset=72 (72/∞)…", "data": {"w": 1}, "seq": 47147}
{"ts": "2026-05-01T19:15:44.956644+00:00", "level": "INFO", "jobId": "2e495497-8ce1-43c4-9859-6119453c47af", "keyword": "đang setup", "step": "capture", "message": "Saved post_072.png (posinset=72)", "data": {"w": 1}, "seq": 47150}
{"ts": "2026-05-01T19:15:44.958645+00:00", "level": "INFO", "jobId": "2e495497-8ce1-43c4-9859-6119453c47af", "keyword": "đang setup", "step": "cooldown", "message": "Cooldown 1.0s (after capture)", "data": {"w": 1}, "seq": 47151}
{"ts": "2026-05-01T19:15:46.008251+00:00", "level": "INFO", "jobId": "2e495497-8ce1-43c4-9859-6119453c47af", "keyword": "đang setup", "step": "heartbeat", "message": "Worker alive", "data": {"w": 1, "elapsed_s": 263}, "seq": 47153}
{"ts": "2026-05-01T19:15:46.010251+00:00", "level": "INFO", "jobId": "2e495497-8ce1-43c4-9859-6119453c47af", "keyword": "đang setup", "step": "capture", "message": "Capturing posinset=73 (73/∞)…", "data": {"w": 1}, "seq": 47154}
{"ts": "2026-05-01T19:15:47.351094+00:00", "level": "WARN", "jobId": "2e495497-8ce1-43c4-9859-6119453c47af", "keyword": "đang setup", "step": "capture", "message": "Expand \"Xem thêm\" failed; will still screenshot. posinset=73 see_more_candidates=1 err=See-more still present in post after expansion attempts (left=1).", "data": {"w": 1}, "seq": 47158}
{"ts": "2026-05-01T19:15:47.880266+00:00", "level": "WARN", "jobId": "2e495497-8ce1-43c4-9859-6119453c47af", "keyword": "đang setup", "step": "capture", "message": "Expand \"Xem thêm\" still failing; will screenshot anyway. posinset=73 err=See-more still present in post after expansion attempts (left=1).", "data": {"w": 1}, "seq": 47161}
{"ts": "2026-05-01T19:15:48.330417+00:00", "level": "INFO", "jobId": "2e495497-8ce1-43c4-9859-6119453c47af", "keyword": "đang setup", "step": "capture", "message": "Saved post_073.png (posinset=73)", "data": {"w": 1}, "seq": 47162}
{"ts": "2026-05-01T19:15:48.331417+00:00", "level": "INFO", "jobId": "2e495497-8ce1-43c4-9859-6119453c47af", "keyword": "đang setup", "step": "cooldown", "message": "Cooldown 1.0s (after capture)", "data": {"w": 1}, "seq": 47163}
{"ts": "2026-05-01T19:15:49.368856+00:00", "level": "INFO", "jobId": "2e495497-8ce1-43c4-9859-6119453c47af", "keyword": "đang setup", "step": "capture", "message": "Capturing posinset=74 (74/∞)…", "data": {"w": 1}, "seq": 47166}
{"ts": "2026-05-01T19:15:53.136797+00:00", "level": "INFO", "jobId": "2e495497-8ce1-43c4-9859-6119453c47af", "keyword": "đang setup", "step": "capture", "message": "Saved post_074.png (posinset=74)", "data": {"w": 1}, "seq": 47172}
{"ts": "2026-05-01T19:15:53.138806+00:00", "level": "INFO", "jobId": "2e495497-8ce1-43c4-9859-6119453c47af", "keyword": "đang setup", "step": "cooldown", "message": "Cooldown 1.0s (after capture)", "data": {"w": 1}, "seq": 47173}
{"ts": "2026-05-01T19:15:54.185051+00:00", "level": "INFO", "jobId": "2e495497-8ce1-43c4-9859-6119453c47af", "keyword": "đang setup", "step": "capture", "message": "Capturing posinset=75 (75/∞)…", "data": {"w": 1}, "seq": 47177}
{"ts": "2026-05-01T19:15:56.294075+00:00", "level": "INFO", "jobId": "2e495497-8ce1-43c4-9859-6119453c47af", "keyword": "đang setup", "step": "capture", "message": "Saved post_075.png (posinset=75)", "data": {"w": 1}, "seq": 47179}
{"ts": "2026-05-01T19:15:56.295328+00:00", "level": "INFO", "jobId": "2e495497-8ce1-43c4-9859-6119453c47af", "keyword": "đang setup", "step": "cooldown", "message": "Cooldown 1.0s (after capture)", "data": {"w": 1}, "seq": 47180}
{"ts": "2026-05-01T19:15:57.316074+00:00", "level": "INFO", "jobId": "2e495497-8ce1-43c4-9859-6119453c47af", "keyword": "đang setup", "step": "capture", "message": "Capturing posinset=76 (76/∞)…", "data": {"w": 1}, "seq": 47185}
{"ts": "2026-05-01T19:15:59.287441+00:00", "level": "INFO", "jobId": "2e495497-8ce1-43c4-9859-6119453c47af", "keyword": "đang setup", "step": "capture", "message": "Saved post_076.png (posinset=76)", "data": {"w": 1}, "seq": 47191}
{"ts": "2026-05-01T19:15:59.289495+00:00", "level": "INFO", "jobId": "2e495497-8ce1-43c4-9859-6119453c47af", "keyword": "đang setup", "step": "cooldown", "message": "Cooldown 1.0s (after capture)", "data": {"w": 1}, "seq": 47192}
{"ts": "2026-05-01T19:16:00.332248+00:00", "level": "INFO", "jobId": "2e495497-8ce1-43c4-9859-6119453c47af", "keyword": "đang setup", "step": "capture", "message": "Capturing posinset=77 (77/∞)…", "data": {"w": 1}, "seq": 47193}
{"ts": "2026-05-01T19:16:02.273897+00:00", "level": "INFO", "jobId": "2e495497-8ce1-43c4-9859-6119453c47af", "keyword": "đang setup", "step": "capture", "message": "Saved post_077.png (posinset=77)", "data": {"w": 1}, "seq": 47198}
{"ts": "2026-05-01T19:16:02.275150+00:00", "level": "INFO", "jobId": "2e495497-8ce1-43c4-9859-6119453c47af", "keyword": "đang setup", "step": "cooldown", "message": "Cooldown 1.0s (after capture)", "data": {"w": 1}, "seq": 47201}
{"ts": "2026-05-01T19:16:03.308259+00:00", "level": "INFO", "jobId": "2e495497-8ce1-43c4-9859-6119453c47af", "keyword": "đang setup", "step": "heartbeat", "message": "Worker alive", "data": {"w": 1, "elapsed_s": 280}, "seq": 47203}
{"ts": "2026-05-01T19:16:03.309589+00:00", "level": "INFO", "jobId": "2e495497-8ce1-43c4-9859-6119453c47af", "keyword": "đang setup", "step": "capture", "message": "Capturing posinset=78 (78/∞)…", "data": {"w": 1}, "seq": 47204}
{"ts": "2026-05-01T19:16:08.974074+00:00", "level": "INFO", "jobId": "2e495497-8ce1-43c4-9859-6119453c47af", "keyword": "đang setup", "step": "capture", "message": "Saved post_078.png (posinset=78)", "data": {"w": 1}, "seq": 47214}
{"ts": "2026-05-01T19:16:08.975198+00:00", "level": "INFO", "jobId": "2e495497-8ce1-43c4-9859-6119453c47af", "keyword": "đang setup", "step": "cooldown", "message": "Cooldown 1.0s (after capture)", "data": {"w": 1}, "seq": 47215}
{"ts": "2026-05-01T19:16:10.019561+00:00", "level": "INFO", "jobId": "2e495497-8ce1-43c4-9859-6119453c47af", "keyword": "đang setup", "step": "capture", "message": "Capturing posinset=79 (79/∞)…", "data": {"w": 1}, "seq": 47219}
{"ts": "2026-05-01T19:16:11.623190+00:00", "level": "INFO", "jobId": "2e495497-8ce1-43c4-9859-6119453c47af", "keyword": "đang setup", "step": "capture", "message": "Saved post_079.png (posinset=79)", "data": {"w": 1}, "seq": 47223}
{"ts": "2026-05-01T19:16:11.624221+00:00", "level": "INFO", "jobId": "2e495497-8ce1-43c4-9859-6119453c47af", "keyword": "đang setup", "step": "cooldown", "message": "Cooldown 1.0s (after capture)", "data": {"w": 1}, "seq": 47224}
{"ts": "2026-05-01T19:16:13.022661+00:00", "level": "INFO", "jobId": "2e495497-8ce1-43c4-9859-6119453c47af", "keyword": "đang setup", "step": "capture", "message": "Capturing posinset=80 (80/∞)…", "data": {"w": 1}, "seq": 47226}
{"ts": "2026-05-01T19:16:16.676935+00:00", "level": "INFO", "jobId": "2e495497-8ce1-43c4-9859-6119453c47af", "keyword": "đang setup", "step": "capture", "message": "Saved post_080.png (posinset=80)", "data": {"w": 1}, "seq": 47232}
{"ts": "2026-05-01T19:16:16.678543+00:00", "level": "INFO", "jobId": "2e495497-8ce1-43c4-9859-6119453c47af", "keyword": "đang setup", "step": "cooldown", "message": "Cooldown 1.0s (after capture)", "data": {"w": 1}, "seq": 47233}
{"ts": "2026-05-01T19:16:17.977494+00:00", "level": "INFO", "jobId": "2e495497-8ce1-43c4-9859-6119453c47af", "keyword": "đang setup", "step": "capture", "message": "Capturing posinset=81 (81/∞)…", "data": {"w": 1}, "seq": 47236}
{"ts": "2026-05-01T19:16:21.047639+00:00", "level": "INFO", "jobId": "2e495497-8ce1-43c4-9859-6119453c47af", "keyword": "đang setup", "step": "capture", "message": "Saved post_081.png (posinset=81)", "data": {"w": 1}, "seq": 47238}
{"ts": "2026-05-01T19:16:21.049638+00:00", "level": "INFO", "jobId": "2e495497-8ce1-43c4-9859-6119453c47af", "keyword": "đang setup", "step": "cooldown", "message": "Cooldown 1.0s (after capture)", "data": {"w": 1}, "seq": 47239}
{"ts": "2026-05-01T19:16:22.089770+00:00", "level": "INFO", "jobId": "2e495497-8ce1-43c4-9859-6119453c47af", "keyword": "đang setup", "step": "heartbeat", "message": "Worker alive", "data": {"w": 1, "elapsed_s": 299}, "seq": 47242}
{"ts": "2026-05-01T19:16:22.090777+00:00", "level": "INFO", "jobId": "2e495497-8ce1-43c4-9859-6119453c47af", "keyword": "đang setup", "step": "capture", "message": "Capturing posinset=82 (82/∞)…", "data": {"w": 1}, "seq": 47243}
{"ts": "2026-05-01T19:16:24.459092+00:00", "level": "INFO", "jobId": "2e495497-8ce1-43c4-9859-6119453c47af", "keyword": "đang setup", "step": "capture", "message": "Saved post_082.png (posinset=82)", "data": {"w": 1}, "seq": 47248}
{"ts": "2026-05-01T19:16:24.461092+00:00", "level": "INFO", "jobId": "2e495497-8ce1-43c4-9859-6119453c47af", "keyword": "đang setup", "step": "cooldown", "message": "Cooldown 1.0s (after capture)", "data": {"w": 1}, "seq": 47249}
{"ts": "2026-05-01T19:16:25.500880+00:00", "level": "INFO", "jobId": "2e495497-8ce1-43c4-9859-6119453c47af", "keyword": "đang setup", "step": "capture", "message": "Capturing posinset=83 (83/∞)…", "data": {"w": 1}, "seq": 47253}
{"ts": "2026-05-01T19:16:28.443969+00:00", "level": "INFO", "jobId": "2e495497-8ce1-43c4-9859-6119453c47af", "keyword": "đang setup", "step": "capture", "message": "Saved post_083.png (posinset=83)", "data": {"w": 1}, "seq": 47255}
{"ts": "2026-05-01T19:16:28.448062+00:00", "level": "INFO", "jobId": "2e495497-8ce1-43c4-9859-6119453c47af", "keyword": "đang setup", "step": "cooldown", "message": "Cooldown 1.0s (after capture)", "data": {"w": 1}, "seq": 47256}
{"ts": "2026-05-01T19:16:29.518064+00:00", "level": "INFO", "jobId": "2e495497-8ce1-43c4-9859-6119453c47af", "keyword": "đang setup", "step": "capture", "message": "Capturing posinset=84 (84/∞)…", "data": {"w": 1}, "seq": 47257}
{"ts": "2026-05-01T19:16:31.965965+00:00", "level": "INFO", "jobId": "2e495497-8ce1-43c4-9859-6119453c47af", "keyword": "đang setup", "step": "capture", "message": "Saved post_084.png (posinset=84)", "data": {"w": 1}, "seq": 47263}
{"ts": "2026-05-01T19:16:31.967974+00:00", "level": "INFO", "jobId": "2e495497-8ce1-43c4-9859-6119453c47af", "keyword": "đang setup", "step": "cooldown", "message": "Cooldown 1.0s (after capture)", "data": {"w": 1}, "seq": 47264}
{"ts": "2026-05-01T19:16:33.687680+00:00", "level": "INFO", "jobId": "2e495497-8ce1-43c4-9859-6119453c47af", "keyword": "đang setup", "step": "capture", "message": "Capturing posinset=85 (85/∞)…", "data": {"w": 1}, "seq": 47269}
{"ts": "2026-05-01T19:16:36.605502+00:00", "level": "INFO", "jobId": "2e495497-8ce1-43c4-9859-6119453c47af", "keyword": "đang setup", "step": "capture", "message": "Saved post_085.png (posinset=85)", "data": {"w": 1}, "seq": 47271}
{"ts": "2026-05-01T19:16:36.607503+00:00", "level": "INFO", "jobId": "2e495497-8ce1-43c4-9859-6119453c47af", "keyword": "đang setup", "step": "cooldown", "message": "Cooldown 1.0s (after capture)", "data": {"w": 1}, "seq": 47272}
{"ts": "2026-05-01T19:16:37.656124+00:00", "level": "INFO", "jobId": "2e495497-8ce1-43c4-9859-6119453c47af", "keyword": "đang setup", "step": "heartbeat", "message": "Worker alive", "data": {"w": 1, "elapsed_s": 314}, "seq": 47273}
{"ts": "2026-05-01T19:16:37.658458+00:00", "level": "INFO", "jobId": "2e495497-8ce1-43c4-9859-6119453c47af", "keyword": "đang setup", "step": "capture", "message": "Capturing posinset=86 (86/∞)…", "data": {"w": 1}, "seq": 47274}
{"ts": "2026-05-01T19:16:40.352589+00:00", "level": "INFO", "jobId": "2e495497-8ce1-43c4-9859-6119453c47af", "keyword": "đang setup", "step": "capture", "message": "Saved post_086.png (posinset=86)", "data": {"w": 1}, "seq": 47279}
{"ts": "2026-05-01T19:16:40.353596+00:00", "level": "INFO", "jobId": "2e495497-8ce1-43c4-9859-6119453c47af", "keyword": "đang setup", "step": "cooldown", "message": "Cooldown 1.0s (after capture)", "data": {"w": 1}, "seq": 47280}
{"ts": "2026-05-01T19:16:41.386624+00:00", "level": "INFO", "jobId": "2e495497-8ce1-43c4-9859-6119453c47af", "keyword": "đang setup", "step": "capture", "message": "Capturing posinset=87 (87/∞)…", "data": {"w": 1}, "seq": 47284}
{"ts": "2026-05-01T19:16:43.805531+00:00", "level": "INFO", "jobId": "2e495497-8ce1-43c4-9859-6119453c47af", "keyword": "đang setup", "step": "capture", "message": "Saved post_087.png (posinset=87)", "data": {"w": 1}, "seq": 47287}
{"ts": "2026-05-01T19:16:43.806537+00:00", "level": "INFO", "jobId": "2e495497-8ce1-43c4-9859-6119453c47af", "keyword": "đang setup", "step": "cooldown", "message": "Cooldown 1.0s (after capture)", "data": {"w": 1}, "seq": 47288}
{"ts": "2026-05-01T19:16:44.854318+00:00", "level": "INFO", "jobId": "2e495497-8ce1-43c4-9859-6119453c47af", "keyword": "đang setup", "step": "capture", "message": "Capturing posinset=88 (88/∞)…", "data": {"w": 1}, "seq": 47290}
{"ts": "2026-05-01T19:16:46.386416+00:00", "level": "INFO", "jobId": "2e495497-8ce1-43c4-9859-6119453c47af", "keyword": "đang setup", "step": "capture", "message": "Capturing posinset=88 (88/∞)…", "data": {"w": 1}, "seq": 47291}
{"ts": "2026-05-01T19:16:47.955780+00:00", "level": "INFO", "jobId": "2e495497-8ce1-43c4-9859-6119453c47af", "keyword": "đang setup", "step": "capture", "message": "Capturing posinset=88 (88/∞)…", "data": {"w": 1}, "seq": 47294}
{"ts": "2026-05-01T19:16:49.667308+00:00", "level": "INFO", "jobId": "2e495497-8ce1-43c4-9859-6119453c47af", "keyword": "đang setup", "step": "capture", "message": "Capturing posinset=88 (88/∞)…", "data": {"w": 1}, "seq": 47296}
{"ts": "2026-05-01T19:16:51.566008+00:00", "level": "INFO", "jobId": "2e495497-8ce1-43c4-9859-6119453c47af", "keyword": "đang setup", "step": "capture", "message": "Capturing posinset=88 (88/∞)…", "data": {"w": 1}, "seq": 47299}
{"ts": "2026-05-01T19:16:53.159221+00:00", "level": "INFO", "jobId": "2e495497-8ce1-43c4-9859-6119453c47af", "keyword": "đang setup", "step": "heartbeat", "message": "Worker alive", "data": {"w": 1, "elapsed_s": 330}, "seq": 47303}
{"ts": "2026-05-01T19:16:53.161222+00:00", "level": "INFO", "jobId": "2e495497-8ce1-43c4-9859-6119453c47af", "keyword": "đang setup", "step": "capture", "message": "Capturing posinset=88 (88/∞)…", "data": {"w": 1}, "seq": 47304}
{"ts": "2026-05-01T19:16:54.862662+00:00", "level": "INFO", "jobId": "2e495497-8ce1-43c4-9859-6119453c47af", "keyword": "đang setup", "step": "capture", "message": "Capturing posinset=88 (88/∞)…", "data": {"w": 1}, "seq": 47309}
{"ts": "2026-05-01T19:17:06.583193+00:00", "level": "INFO", "jobId": "2e495497-8ce1-43c4-9859-6119453c47af", "keyword": "đang setup", "step": "capture", "message": "Capturing posinset=88 (88/∞)…", "data": {"w": 1}, "seq": 47331}
{"ts": "2026-05-01T19:17:19.271133+00:00", "level": "INFO", "jobId": "2e495497-8ce1-43c4-9859-6119453c47af", "keyword": "đang setup", "step": "heartbeat", "message": "Worker alive", "data": {"w": 1, "elapsed_s": 356}, "seq": 47343}
{"ts": "2026-05-01T19:17:19.273144+00:00", "level": "INFO", "jobId": "2e495497-8ce1-43c4-9859-6119453c47af", "keyword": "đang setup", "step": "capture", "message": "Capturing posinset=88 (88/∞)…", "data": {"w": 1}, "seq": 47344}
{"ts": "2026-05-01T19:17:20.984515+00:00", "level": "INFO", "jobId": "2e495497-8ce1-43c4-9859-6119453c47af", "keyword": "đang setup", "step": "capture", "message": "Reached end of results (maxPos=87). Stopping capture loop.", "data": {"w": 1}, "seq": 47345}
{"ts": "2026-05-01T19:17:21.036121+00:00", "level": "INFO", "jobId": "2e495497-8ce1-43c4-9859-6119453c47af", "keyword": "đang setup", "step": "capture", "message": "Capture loop finished (unlimited). Saved=87", "data": {"w": 1}, "seq": 47346}
{"ts": "2026-05-01T19:17:21.039794+00:00", "level": "INFO", "jobId": "2e495497-8ce1-43c4-9859-6119453c47af", "keyword": "đang setup", "step": "done", "message": "Completed. Saved=87", "data": {"w": 1}, "seq": 47347}
