{"ts": "2026-05-01T17:23:22.055371+00:00", "level": "INFO", "jobId": "373c95d2-52fa-463b-a9c0-51dcb085104e", "keyword": "nhân dịp khai trương", "step": "start", "message": "Job started (attempt 1/1)", "data": {"w": 0}, "seq": 35893}
{"ts": "2026-05-01T17:23:32.752313+00:00", "level": "INFO", "jobId": "373c95d2-52fa-463b-a9c0-51dcb085104e", "keyword": "nhân dịp khai trương", "step": "login", "message": "Already logged in (home).", "data": {"w": 0}, "seq": 35903}
{"ts": "2026-05-01T17:23:32.757050+00:00", "level": "INFO", "jobId": "373c95d2-52fa-463b-a9c0-51dcb085104e", "keyword": "nhân dịp khai trương", "step": "search", "message": "Searching keyword: \"nhân dịp khai trương\"", "data": {"w": 0}, "seq": 35904}
{"ts": "2026-05-01T17:23:42.316274+00:00", "level": "INFO", "jobId": "373c95d2-52fa-463b-a9c0-51dcb085104e", "keyword": "nhân dịp khai trương", "step": "capture", "message": "Start capturing all posts until end of results.", "data": {"w": 0}, "seq": 35911}
{"ts": "2026-05-01T17:23:42.353603+00:00", "level": "INFO", "jobId": "373c95d2-52fa-463b-a9c0-51dcb085104e", "keyword": "nhân dịp khai trương", "step": "capture", "message": "Output folder: Lan 1 - 0023", "data": {"w": 0}, "seq": 35912}
{"ts": "2026-05-01T17:23:57.343914+00:00", "level": "INFO", "jobId": "373c95d2-52fa-463b-a9c0-51dcb085104e", "keyword": "nhân dịp khai trương", "step": "capture", "message": "Capturing posinset=1 (1/∞)…", "data": {"w": 0}, "seq": 35919}
{"ts": "2026-05-01T17:23:59.757408+00:00", "level": "INFO", "jobId": "373c95d2-52fa-463b-a9c0-51dcb085104e", "keyword": "nhân dịp khai trương", "step": "capture", "message": "Saved post_001.png (posinset=1)", "data": {"w": 0}, "seq": 35922}
{"ts": "2026-05-01T17:23:59.760407+00:00", "level": "INFO", "jobId": "373c95d2-52fa-463b-a9c0-51dcb085104e", "keyword": "nhân dịp khai trương", "step": "cooldown", "message": "Cooldown 1.0s (after capture)", "data": {"w": 0}, "seq": 35923}
{"ts": "2026-05-01T17:24:00.799889+00:00", "level": "INFO", "jobId": "373c95d2-52fa-463b-a9c0-51dcb085104e", "keyword": "nhân dịp khai trương", "step": "capture", "message": "Capturing posinset=2 (2/∞)…", "data": {"w": 0}, "seq": 35924}
{"ts": "2026-05-01T17:24:03.298811+00:00", "level": "INFO", "jobId": "373c95d2-52fa-463b-a9c0-51dcb085104e", "keyword": "nhân dịp khai trương", "step": "capture", "message": "Saved post_002.png (posinset=2)", "data": {"w": 0}, "seq": 35925}
{"ts": "2026-05-01T17:24:03.299812+00:00", "level": "INFO", "jobId": "373c95d2-52fa-463b-a9c0-51dcb085104e", "keyword": "nhân dịp khai trương", "step": "cooldown", "message": "Cooldown 1.0s (after capture)", "data": {"w": 0}, "seq": 35926}
{"ts": "2026-05-01T17:24:04.332895+00:00", "level": "INFO", "jobId": "373c95d2-52fa-463b-a9c0-51dcb085104e", "keyword": "nhân dịp khai trương", "step": "capture", "message": "Capturing posinset=3 (3/∞)…", "data": {"w": 0}, "seq": 35929}
{"ts": "2026-05-01T17:24:05.966169+00:00", "level": "INFO", "jobId": "373c95d2-52fa-463b-a9c0-51dcb085104e", "keyword": "nhân dịp khai trương", "step": "capture", "message": "Saved post_003.png (posinset=3)", "data": {"w": 0}, "seq": 35933}
{"ts": "2026-05-01T17:24:05.967666+00:00", "level": "INFO", "jobId": "373c95d2-52fa-463b-a9c0-51dcb085104e", "keyword": "nhân dịp khai trương", "step": "cooldown", "message": "Cooldown 1.0s (after capture)", "data": {"w": 0}, "seq": 35934}
{"ts": "2026-05-01T17:24:07.001721+00:00", "level": "INFO", "jobId": "373c95d2-52fa-463b-a9c0-51dcb085104e", "keyword": "nhân dịp khai trương", "step": "capture", "message": "Capturing posinset=4 (4/∞)…", "data": {"w": 0}, "seq": 35937}
{"ts": "2026-05-01T17:24:08.479463+00:00", "level": "INFO", "jobId": "373c95d2-52fa-463b-a9c0-51dcb085104e", "keyword": "nhân dịp khai trương", "step": "capture", "message": "Saved post_004.png (posinset=4)", "data": {"w": 0}, "seq": 35940}
{"ts": "2026-05-01T17:24:08.480698+00:00", "level": "INFO", "jobId": "373c95d2-52fa-463b-a9c0-51dcb085104e", "keyword": "nhân dịp khai trương", "step": "cooldown", "message": "Cooldown 1.0s (after capture)", "data": {"w": 0}, "seq": 35941}
{"ts": "2026-05-01T17:24:09.506185+00:00", "level": "INFO", "jobId": "373c95d2-52fa-463b-a9c0-51dcb085104e", "keyword": "nhân dịp khai trương", "step": "capture", "message": "Capturing posinset=5 (5/∞)…", "data": {"w": 0}, "seq": 35943}
{"ts": "2026-05-01T17:24:10.967419+00:00", "level": "INFO", "jobId": "373c95d2-52fa-463b-a9c0-51dcb085104e", "keyword": "nhân dịp khai trương", "step": "capture", "message": "Saved post_005.png (posinset=5)", "data": {"w": 0}, "seq": 35944}
{"ts": "2026-05-01T17:24:10.969540+00:00", "level": "INFO", "jobId": "373c95d2-52fa-463b-a9c0-51dcb085104e", "keyword": "nhân dịp khai trương", "step": "cooldown", "message": "Cooldown 1.0s (after capture)", "data": {"w": 0}, "seq": 35945}
{"ts": "2026-05-01T17:24:13.658811+00:00", "level": "INFO", "jobId": "373c95d2-52fa-463b-a9c0-51dcb085104e", "keyword": "nhân dịp khai trương", "step": "heartbeat", "message": "Worker alive", "data": {"w": 0, "elapsed_s": 51}, "seq": 35948}
{"ts": "2026-05-01T17:24:13.661371+00:00", "level": "INFO", "jobId": "373c95d2-52fa-463b-a9c0-51dcb085104e", "keyword": "nhân dịp khai trương", "step": "capture", "message": "Capturing posinset=6 (6/∞)…", "data": {"w": 0}, "seq": 35949}
{"ts": "2026-05-01T17:24:15.735603+00:00", "level": "INFO", "jobId": "373c95d2-52fa-463b-a9c0-51dcb085104e", "keyword": "nhân dịp khai trương", "step": "capture", "message": "Saved post_006.png (posinset=6)", "data": {"w": 0}, "seq": 35953}
{"ts": "2026-05-01T17:24:15.740129+00:00", "level": "INFO", "jobId": "373c95d2-52fa-463b-a9c0-51dcb085104e", "keyword": "nhân dịp khai trương", "step": "cooldown", "message": "Cooldown 1.0s (after capture)", "data": {"w": 0}, "seq": 35954}
{"ts": "2026-05-01T17:24:16.762425+00:00", "level": "INFO", "jobId": "373c95d2-52fa-463b-a9c0-51dcb085104e", "keyword": "nhân dịp khai trương", "step": "capture", "message": "Capturing posinset=7 (7/∞)…", "data": {"w": 0}, "seq": 35957}
{"ts": "2026-05-01T17:24:18.758700+00:00", "level": "INFO", "jobId": "373c95d2-52fa-463b-a9c0-51dcb085104e", "keyword": "nhân dịp khai trương", "step": "capture", "message": "Saved post_007.png (posinset=7)", "data": {"w": 0}, "seq": 35960}
{"ts": "2026-05-01T17:24:18.758700+00:00", "level": "INFO", "jobId": "373c95d2-52fa-463b-a9c0-51dcb085104e", "keyword": "nhân dịp khai trương", "step": "cooldown", "message": "Cooldown 1.0s (after capture)", "data": {"w": 0}, "seq": 35961}
{"ts": "2026-05-01T17:24:19.773891+00:00", "level": "INFO", "jobId": "373c95d2-52fa-463b-a9c0-51dcb085104e", "keyword": "nhân dịp khai trương", "step": "capture", "message": "Capturing posinset=8 (8/∞)…", "data": {"w": 0}, "seq": 35965}
{"ts": "2026-05-01T17:24:21.220780+00:00", "level": "INFO", "jobId": "373c95d2-52fa-463b-a9c0-51dcb085104e", "keyword": "nhân dịp khai trương", "step": "capture", "message": "Saved post_008.png (posinset=8)", "data": {"w": 0}, "seq": 35967}
{"ts": "2026-05-01T17:24:21.222787+00:00", "level": "INFO", "jobId": "373c95d2-52fa-463b-a9c0-51dcb085104e", "keyword": "nhân dịp khai trương", "step": "cooldown", "message": "Cooldown 1.0s (after capture)", "data": {"w": 0}, "seq": 35968}
{"ts": "2026-05-01T17:24:22.236952+00:00", "level": "INFO", "jobId": "373c95d2-52fa-463b-a9c0-51dcb085104e", "keyword": "nhân dịp khai trương", "step": "capture", "message": "Capturing posinset=9 (9/∞)…", "data": {"w": 0}, "seq": 35971}
{"ts": "2026-05-01T17:24:24.062076+00:00", "level": "INFO", "jobId": "373c95d2-52fa-463b-a9c0-51dcb085104e", "keyword": "nhân dịp khai trương", "step": "capture", "message": "Saved post_009.png (posinset=9)", "data": {"w": 0}, "seq": 35976}
{"ts": "2026-05-01T17:24:24.063081+00:00", "level": "INFO", "jobId": "373c95d2-52fa-463b-a9c0-51dcb085104e", "keyword": "nhân dịp khai trương", "step": "cooldown", "message": "Cooldown 1.0s (after capture)", "data": {"w": 0}, "seq": 35977}
{"ts": "2026-05-01T17:24:25.079973+00:00", "level": "INFO", "jobId": "373c95d2-52fa-463b-a9c0-51dcb085104e", "keyword": "nhân dịp khai trương", "step": "capture", "message": "Capturing posinset=10 (10/∞)…", "data": {"w": 0}, "seq": 35979}
{"ts": "2026-05-01T17:24:27.495961+00:00", "level": "INFO", "jobId": "373c95d2-52fa-463b-a9c0-51dcb085104e", "keyword": "nhân dịp khai trương", "step": "capture", "message": "Saved post_010.png (posinset=10)", "data": {"w": 0}, "seq": 35980}
{"ts": "2026-05-01T17:24:27.496965+00:00", "level": "INFO", "jobId": "373c95d2-52fa-463b-a9c0-51dcb085104e", "keyword": "nhân dịp khai trương", "step": "cooldown", "message": "Cooldown 1.0s (after capture)", "data": {"w": 0}, "seq": 35981}
{"ts": "2026-05-01T17:24:29.136124+00:00", "level": "INFO", "jobId": "373c95d2-52fa-463b-a9c0-51dcb085104e", "keyword": "nhân dịp khai trương", "step": "heartbeat", "message": "Worker alive", "data": {"w": 0, "elapsed_s": 67}, "seq": 35984}
{"ts": "2026-05-01T17:24:29.138122+00:00", "level": "INFO", "jobId": "373c95d2-52fa-463b-a9c0-51dcb085104e", "keyword": "nhân dịp khai trương", "step": "capture", "message": "Capturing posinset=11 (11/∞)…", "data": {"w": 0}, "seq": 35985}
{"ts": "2026-05-01T17:24:32.102444+00:00", "level": "INFO", "jobId": "373c95d2-52fa-463b-a9c0-51dcb085104e", "keyword": "nhân dịp khai trương", "step": "capture", "message": "Saved post_011.png (posinset=11)", "data": {"w": 0}, "seq": 35988}
{"ts": "2026-05-01T17:24:32.104457+00:00", "level": "INFO", "jobId": "373c95d2-52fa-463b-a9c0-51dcb085104e", "keyword": "nhân dịp khai trương", "step": "cooldown", "message": "Cooldown 1.0s (after capture)", "data": {"w": 0}, "seq": 35989}
{"ts": "2026-05-01T17:24:33.127348+00:00", "level": "INFO", "jobId": "373c95d2-52fa-463b-a9c0-51dcb085104e", "keyword": "nhân dịp khai trương", "step": "capture", "message": "Capturing posinset=12 (12/∞)…", "data": {"w": 0}, "seq": 35990}
{"ts": "2026-05-01T17:24:34.407854+00:00", "level": "INFO", "jobId": "373c95d2-52fa-463b-a9c0-51dcb085104e", "keyword": "nhân dịp khai trương", "step": "capture", "message": "Saved post_012.png (posinset=12)", "data": {"w": 0}, "seq": 35991}
{"ts": "2026-05-01T17:24:34.409137+00:00", "level": "INFO", "jobId": "373c95d2-52fa-463b-a9c0-51dcb085104e", "keyword": "nhân dịp khai trương", "step": "cooldown", "message": "Cooldown 1.0s (after capture)", "data": {"w": 0}, "seq": 35992}
{"ts": "2026-05-01T17:24:35.429708+00:00", "level": "INFO", "jobId": "373c95d2-52fa-463b-a9c0-51dcb085104e", "keyword": "nhân dịp khai trương", "step": "capture", "message": "Capturing posinset=13 (13/∞)…", "data": {"w": 0}, "seq": 35993}
{"ts": "2026-05-01T17:24:37.629005+00:00", "level": "INFO", "jobId": "373c95d2-52fa-463b-a9c0-51dcb085104e", "keyword": "nhân dịp khai trương", "step": "capture", "message": "Saved post_013.png (posinset=13)", "data": {"w": 0}, "seq": 35997}
{"ts": "2026-05-01T17:24:37.630719+00:00", "level": "INFO", "jobId": "373c95d2-52fa-463b-a9c0-51dcb085104e", "keyword": "nhân dịp khai trương", "step": "cooldown", "message": "Cooldown 1.0s (after capture)", "data": {"w": 0}, "seq": 35998}
{"ts": "2026-05-01T17:24:38.659915+00:00", "level": "INFO", "jobId": "373c95d2-52fa-463b-a9c0-51dcb085104e", "keyword": "nhân dịp khai trương", "step": "capture", "message": "Capturing posinset=14 (14/∞)…", "data": {"w": 0}, "seq": 36001}
{"ts": "2026-05-01T17:24:40.081543+00:00", "level": "INFO", "jobId": "373c95d2-52fa-463b-a9c0-51dcb085104e", "keyword": "nhân dịp khai trương", "step": "capture", "message": "Saved post_014.png (posinset=14)", "data": {"w": 0}, "seq": 36005}
{"ts": "2026-05-01T17:24:40.083549+00:00", "level": "INFO", "jobId": "373c95d2-52fa-463b-a9c0-51dcb085104e", "keyword": "nhân dịp khai trương", "step": "cooldown", "message": "Cooldown 1.0s (after capture)", "data": {"w": 0}, "seq": 36006}
{"ts": "2026-05-01T17:24:41.122153+00:00", "level": "INFO", "jobId": "373c95d2-52fa-463b-a9c0-51dcb085104e", "keyword": "nhân dịp khai trương", "step": "capture", "message": "Capturing posinset=15 (15/∞)…", "data": {"w": 0}, "seq": 36009}
{"ts": "2026-05-01T17:24:42.879658+00:00", "level": "INFO", "jobId": "373c95d2-52fa-463b-a9c0-51dcb085104e", "keyword": "nhân dịp khai trương", "step": "capture", "message": "Saved post_015.png (posinset=15)", "data": {"w": 0}, "seq": 36012}
{"ts": "2026-05-01T17:24:42.881716+00:00", "level": "INFO", "jobId": "373c95d2-52fa-463b-a9c0-51dcb085104e", "keyword": "nhân dịp khai trương", "step": "cooldown", "message": "Cooldown 1.0s (after capture)", "data": {"w": 0}, "seq": 36013}
{"ts": "2026-05-01T17:24:43.912885+00:00", "level": "INFO", "jobId": "373c95d2-52fa-463b-a9c0-51dcb085104e", "keyword": "nhân dịp khai trương", "step": "capture", "message": "Capturing posinset=16 (16/∞)…", "data": {"w": 0}, "seq": 36015}
{"ts": "2026-05-01T17:24:48.190876+00:00", "level": "INFO", "jobId": "373c95d2-52fa-463b-a9c0-51dcb085104e", "keyword": "nhân dịp khai trương", "step": "heartbeat", "message": "Worker alive", "data": {"w": 0, "elapsed_s": 86}, "seq": 36017}
{"ts": "2026-05-01T17:24:48.192886+00:00", "level": "INFO", "jobId": "373c95d2-52fa-463b-a9c0-51dcb085104e", "keyword": "nhân dịp khai trương", "step": "capture", "message": "Capturing posinset=16 (16/∞)…", "data": {"w": 0}, "seq": 36018}
{"ts": "2026-05-01T17:24:50.133597+00:00", "level": "INFO", "jobId": "373c95d2-52fa-463b-a9c0-51dcb085104e", "keyword": "nhân dịp khai trương", "step": "capture", "message": "Saved post_016.png (posinset=16)", "data": {"w": 0}, "seq": 36021}
{"ts": "2026-05-01T17:24:50.133597+00:00", "level": "INFO", "jobId": "373c95d2-52fa-463b-a9c0-51dcb085104e", "keyword": "nhân dịp khai trương", "step": "cooldown", "message": "Cooldown 1.0s (after capture)", "data": {"w": 0}, "seq": 36022}
{"ts": "2026-05-01T17:24:51.161247+00:00", "level": "INFO", "jobId": "373c95d2-52fa-463b-a9c0-51dcb085104e", "keyword": "nhân dịp khai trương", "step": "capture", "message": "Capturing posinset=17 (17/∞)…", "data": {"w": 0}, "seq": 36025}
{"ts": "2026-05-01T17:24:53.075041+00:00", "level": "INFO", "jobId": "373c95d2-52fa-463b-a9c0-51dcb085104e", "keyword": "nhân dịp khai trương", "step": "capture", "message": "Saved post_017.png (posinset=17)", "data": {"w": 0}, "seq": 36026}
{"ts": "2026-05-01T17:24:53.075041+00:00", "level": "INFO", "jobId": "373c95d2-52fa-463b-a9c0-51dcb085104e", "keyword": "nhân dịp khai trương", "step": "cooldown", "message": "Cooldown 1.0s (after capture)", "data": {"w": 0}, "seq": 36027}
{"ts": "2026-05-01T17:24:54.093150+00:00", "level": "INFO", "jobId": "373c95d2-52fa-463b-a9c0-51dcb085104e", "keyword": "nhân dịp khai trương", "step": "capture", "message": "Capturing posinset=18 (18/∞)…", "data": {"w": 0}, "seq": 36030}
{"ts": "2026-05-01T17:24:55.906141+00:00", "level": "INFO", "jobId": "373c95d2-52fa-463b-a9c0-51dcb085104e", "keyword": "nhân dịp khai trương", "step": "capture", "message": "Saved post_018.png (posinset=18)", "data": {"w": 0}, "seq": 36032}
{"ts": "2026-05-01T17:24:55.907140+00:00", "level": "INFO", "jobId": "373c95d2-52fa-463b-a9c0-51dcb085104e", "keyword": "nhân dịp khai trương", "step": "cooldown", "message": "Cooldown 1.0s (after capture)", "data": {"w": 0}, "seq": 36033}
{"ts": "2026-05-01T17:24:56.947007+00:00", "level": "INFO", "jobId": "373c95d2-52fa-463b-a9c0-51dcb085104e", "keyword": "nhân dịp khai trương", "step": "capture", "message": "Capturing posinset=19 (19/∞)…", "data": {"w": 0}, "seq": 36034}
{"ts": "2026-05-01T17:24:58.636651+00:00", "level": "INFO", "jobId": "373c95d2-52fa-463b-a9c0-51dcb085104e", "keyword": "nhân dịp khai trương", "step": "capture", "message": "Saved post_019.png (posinset=19)", "data": {"w": 0}, "seq": 36035}
{"ts": "2026-05-01T17:24:58.638664+00:00", "level": "INFO", "jobId": "373c95d2-52fa-463b-a9c0-51dcb085104e", "keyword": "nhân dịp khai trương", "step": "cooldown", "message": "Cooldown 1.0s (after capture)", "data": {"w": 0}, "seq": 36036}
{"ts": "2026-05-01T17:24:59.987870+00:00", "level": "INFO", "jobId": "373c95d2-52fa-463b-a9c0-51dcb085104e", "keyword": "nhân dịp khai trương", "step": "capture", "message": "Capturing posinset=20 (20/∞)…", "data": {"w": 0}, "seq": 36039}
{"ts": "2026-05-01T17:25:05.475105+00:00", "level": "INFO", "jobId": "373c95d2-52fa-463b-a9c0-51dcb085104e", "keyword": "nhân dịp khai trương", "step": "capture", "message": "Saved post_020.png (posinset=20)", "data": {"w": 0}, "seq": 36045}
{"ts": "2026-05-01T17:25:05.477237+00:00", "level": "INFO", "jobId": "373c95d2-52fa-463b-a9c0-51dcb085104e", "keyword": "nhân dịp khai trương", "step": "cooldown", "message": "Cooldown 1.0s (after capture)", "data": {"w": 0}, "seq": 36046}
{"ts": "2026-05-01T17:25:06.504696+00:00", "level": "INFO", "jobId": "373c95d2-52fa-463b-a9c0-51dcb085104e", "keyword": "nhân dịp khai trương", "step": "heartbeat", "message": "Worker alive", "data": {"w": 0, "elapsed_s": 104}, "seq": 36049}
{"ts": "2026-05-01T17:25:06.505696+00:00", "level": "INFO", "jobId": "373c95d2-52fa-463b-a9c0-51dcb085104e", "keyword": "nhân dịp khai trương", "step": "capture", "message": "Capturing posinset=21 (21/∞)…", "data": {"w": 0}, "seq": 36050}
{"ts": "2026-05-01T17:25:08.262614+00:00", "level": "INFO", "jobId": "373c95d2-52fa-463b-a9c0-51dcb085104e", "keyword": "nhân dịp khai trương", "step": "capture", "message": "Saved post_021.png (posinset=21)", "data": {"w": 0}, "seq": 36053}
{"ts": "2026-05-01T17:25:08.264628+00:00", "level": "INFO", "jobId": "373c95d2-52fa-463b-a9c0-51dcb085104e", "keyword": "nhân dịp khai trương", "step": "cooldown", "message": "Cooldown 1.0s (after capture)", "data": {"w": 0}, "seq": 36054}
{"ts": "2026-05-01T17:25:09.291112+00:00", "level": "INFO", "jobId": "373c95d2-52fa-463b-a9c0-51dcb085104e", "keyword": "nhân dịp khai trương", "step": "capture", "message": "Capturing posinset=22 (22/∞)…", "data": {"w": 0}, "seq": 36057}
{"ts": "2026-05-01T17:25:11.634810+00:00", "level": "INFO", "jobId": "373c95d2-52fa-463b-a9c0-51dcb085104e", "keyword": "nhân dịp khai trương", "step": "capture", "message": "Saved post_022.png (posinset=22)", "data": {"w": 0}, "seq": 36059}
{"ts": "2026-05-01T17:25:11.637580+00:00", "level": "INFO", "jobId": "373c95d2-52fa-463b-a9c0-51dcb085104e", "keyword": "nhân dịp khai trương", "step": "cooldown", "message": "Cooldown 1.0s (after capture)", "data": {"w": 0}, "seq": 36060}
{"ts": "2026-05-01T17:25:12.671722+00:00", "level": "INFO", "jobId": "373c95d2-52fa-463b-a9c0-51dcb085104e", "keyword": "nhân dịp khai trương", "step": "capture", "message": "Capturing posinset=23 (23/∞)…", "data": {"w": 0}, "seq": 36061}
{"ts": "2026-05-01T17:25:15.006133+00:00", "level": "INFO", "jobId": "373c95d2-52fa-463b-a9c0-51dcb085104e", "keyword": "nhân dịp khai trương", "step": "capture", "message": "Saved post_023.png (posinset=23)", "data": {"w": 0}, "seq": 36065}
{"ts": "2026-05-01T17:25:15.009133+00:00", "level": "INFO", "jobId": "373c95d2-52fa-463b-a9c0-51dcb085104e", "keyword": "nhân dịp khai trương", "step": "cooldown", "message": "Cooldown 1.0s (after capture)", "data": {"w": 0}, "seq": 36066}
{"ts": "2026-05-01T17:25:16.046892+00:00", "level": "INFO", "jobId": "373c95d2-52fa-463b-a9c0-51dcb085104e", "keyword": "nhân dịp khai trương", "step": "capture", "message": "Capturing posinset=24 (24/∞)…", "data": {"w": 0}, "seq": 36067}
{"ts": "2026-05-01T17:25:18.041588+00:00", "level": "INFO", "jobId": "373c95d2-52fa-463b-a9c0-51dcb085104e", "keyword": "nhân dịp khai trương", "step": "capture", "message": "Saved post_024.png (posinset=24)", "data": {"w": 0}, "seq": 36068}
{"ts": "2026-05-01T17:25:18.047385+00:00", "level": "INFO", "jobId": "373c95d2-52fa-463b-a9c0-51dcb085104e", "keyword": "nhân dịp khai trương", "step": "cooldown", "message": "Cooldown 1.0s (after capture)", "data": {"w": 0}, "seq": 36069}
{"ts": "2026-05-01T17:25:19.077837+00:00", "level": "INFO", "jobId": "373c95d2-52fa-463b-a9c0-51dcb085104e", "keyword": "nhân dịp khai trương", "step": "capture", "message": "Capturing posinset=25 (25/∞)…", "data": {"w": 0}, "seq": 36070}
{"ts": "2026-05-01T17:25:20.807969+00:00", "level": "INFO", "jobId": "373c95d2-52fa-463b-a9c0-51dcb085104e", "keyword": "nhân dịp khai trương", "step": "capture", "message": "Saved post_025.png (posinset=25)", "data": {"w": 0}, "seq": 36075}
{"ts": "2026-05-01T17:25:20.809970+00:00", "level": "INFO", "jobId": "373c95d2-52fa-463b-a9c0-51dcb085104e", "keyword": "nhân dịp khai trương", "step": "cooldown", "message": "Cooldown 1.0s (after capture)", "data": {"w": 0}, "seq": 36076}
{"ts": "2026-05-01T17:25:21.837568+00:00", "level": "INFO", "jobId": "373c95d2-52fa-463b-a9c0-51dcb085104e", "keyword": "nhân dịp khai trương", "step": "heartbeat", "message": "Worker alive", "data": {"w": 0, "elapsed_s": 119}, "seq": 36077}
{"ts": "2026-05-01T17:25:21.844503+00:00", "level": "INFO", "jobId": "373c95d2-52fa-463b-a9c0-51dcb085104e", "keyword": "nhân dịp khai trương", "step": "capture", "message": "Capturing posinset=26 (26/∞)…", "data": {"w": 0}, "seq": 36078}
{"ts": "2026-05-01T17:25:24.119344+00:00", "level": "INFO", "jobId": "373c95d2-52fa-463b-a9c0-51dcb085104e", "keyword": "nhân dịp khai trương", "step": "capture", "message": "Saved post_026.png (posinset=26)", "data": {"w": 0}, "seq": 36083}
{"ts": "2026-05-01T17:25:24.120600+00:00", "level": "INFO", "jobId": "373c95d2-52fa-463b-a9c0-51dcb085104e", "keyword": "nhân dịp khai trương", "step": "cooldown", "message": "Cooldown 1.0s (after capture)", "data": {"w": 0}, "seq": 36084}
{"ts": "2026-05-01T17:25:25.138521+00:00", "level": "INFO", "jobId": "373c95d2-52fa-463b-a9c0-51dcb085104e", "keyword": "nhân dịp khai trương", "step": "capture", "message": "Capturing posinset=27 (27/∞)…", "data": {"w": 0}, "seq": 36088}
{"ts": "2026-05-01T17:25:28.372817+00:00", "level": "INFO", "jobId": "373c95d2-52fa-463b-a9c0-51dcb085104e", "keyword": "nhân dịp khai trương", "step": "capture", "message": "Saved post_027.png (posinset=27)", "data": {"w": 0}, "seq": 36089}
{"ts": "2026-05-01T17:25:28.374275+00:00", "level": "INFO", "jobId": "373c95d2-52fa-463b-a9c0-51dcb085104e", "keyword": "nhân dịp khai trương", "step": "cooldown", "message": "Cooldown 1.0s (after capture)", "data": {"w": 0}, "seq": 36090}
{"ts": "2026-05-01T17:25:29.402279+00:00", "level": "INFO", "jobId": "373c95d2-52fa-463b-a9c0-51dcb085104e", "keyword": "nhân dịp khai trương", "step": "capture", "message": "Capturing posinset=28 (28/∞)…", "data": {"w": 0}, "seq": 36092}
{"ts": "2026-05-01T17:25:31.253338+00:00", "level": "INFO", "jobId": "373c95d2-52fa-463b-a9c0-51dcb085104e", "keyword": "nhân dịp khai trương", "step": "capture", "message": "Saved post_028.png (posinset=28)", "data": {"w": 0}, "seq": 36098}
{"ts": "2026-05-01T17:25:31.254338+00:00", "level": "INFO", "jobId": "373c95d2-52fa-463b-a9c0-51dcb085104e", "keyword": "nhân dịp khai trương", "step": "cooldown", "message": "Cooldown 1.0s (after capture)", "data": {"w": 0}, "seq": 36099}
{"ts": "2026-05-01T17:25:32.288890+00:00", "level": "INFO", "jobId": "373c95d2-52fa-463b-a9c0-51dcb085104e", "keyword": "nhân dịp khai trương", "step": "capture", "message": "Capturing posinset=29 (29/∞)…", "data": {"w": 0}, "seq": 36100}
{"ts": "2026-05-01T17:25:34.268645+00:00", "level": "INFO", "jobId": "373c95d2-52fa-463b-a9c0-51dcb085104e", "keyword": "nhân dịp khai trương", "step": "capture", "message": "Saved post_029.png (posinset=29)", "data": {"w": 0}, "seq": 36103}
{"ts": "2026-05-01T17:25:34.270646+00:00", "level": "INFO", "jobId": "373c95d2-52fa-463b-a9c0-51dcb085104e", "keyword": "nhân dịp khai trương", "step": "cooldown", "message": "Cooldown 1.0s (after capture)", "data": {"w": 0}, "seq": 36104}
{"ts": "2026-05-01T17:25:35.943111+00:00", "level": "INFO", "jobId": "373c95d2-52fa-463b-a9c0-51dcb085104e", "keyword": "nhân dịp khai trương", "step": "capture", "message": "Capturing posinset=30 (30/∞)…", "data": {"w": 0}, "seq": 36108}
{"ts": "2026-05-01T17:25:39.008355+00:00", "level": "INFO", "jobId": "373c95d2-52fa-463b-a9c0-51dcb085104e", "keyword": "nhân dịp khai trương", "step": "capture", "message": "Saved post_030.png (posinset=30)", "data": {"w": 0}, "seq": 36112}
{"ts": "2026-05-01T17:25:39.019918+00:00", "level": "INFO", "jobId": "373c95d2-52fa-463b-a9c0-51dcb085104e", "keyword": "nhân dịp khai trương", "step": "cooldown", "message": "Cooldown 1.0s (after capture)", "data": {"w": 0}, "seq": 36113}
{"ts": "2026-05-01T17:25:40.043633+00:00", "level": "INFO", "jobId": "373c95d2-52fa-463b-a9c0-51dcb085104e", "keyword": "nhân dịp khai trương", "step": "heartbeat", "message": "Worker alive", "data": {"w": 0, "elapsed_s": 137}, "seq": 36116}
{"ts": "2026-05-01T17:25:40.055173+00:00", "level": "INFO", "jobId": "373c95d2-52fa-463b-a9c0-51dcb085104e", "keyword": "nhân dịp khai trương", "step": "capture", "message": "Capturing posinset=31 (31/∞)…", "data": {"w": 0}, "seq": 36117}
{"ts": "2026-05-01T17:25:43.379544+00:00", "level": "INFO", "jobId": "373c95d2-52fa-463b-a9c0-51dcb085104e", "keyword": "nhân dịp khai trương", "step": "capture", "message": "Saved post_031.png (posinset=31)", "data": {"w": 0}, "seq": 36118}
{"ts": "2026-05-01T17:25:43.380831+00:00", "level": "INFO", "jobId": "373c95d2-52fa-463b-a9c0-51dcb085104e", "keyword": "nhân dịp khai trương", "step": "cooldown", "message": "Cooldown 1.0s (after capture)", "data": {"w": 0}, "seq": 36119}
{"ts": "2026-05-01T17:25:44.401582+00:00", "level": "INFO", "jobId": "373c95d2-52fa-463b-a9c0-51dcb085104e", "keyword": "nhân dịp khai trương", "step": "capture", "message": "Capturing posinset=32 (32/∞)…", "data": {"w": 0}, "seq": 36122}
{"ts": "2026-05-01T17:25:46.057912+00:00", "level": "INFO", "jobId": "373c95d2-52fa-463b-a9c0-51dcb085104e", "keyword": "nhân dịp khai trương", "step": "capture", "message": "Saved post_032.png (posinset=32)", "data": {"w": 0}, "seq": 36124}
{"ts": "2026-05-01T17:25:46.070427+00:00", "level": "INFO", "jobId": "373c95d2-52fa-463b-a9c0-51dcb085104e", "keyword": "nhân dịp khai trương", "step": "cooldown", "message": "Cooldown 1.0s (after capture)", "data": {"w": 0}, "seq": 36125}
{"ts": "2026-05-01T17:25:47.112497+00:00", "level": "INFO", "jobId": "373c95d2-52fa-463b-a9c0-51dcb085104e", "keyword": "nhân dịp khai trương", "step": "capture", "message": "Capturing posinset=33 (33/∞)…", "data": {"w": 0}, "seq": 36126}
{"ts": "2026-05-01T17:25:49.547511+00:00", "level": "INFO", "jobId": "373c95d2-52fa-463b-a9c0-51dcb085104e", "keyword": "nhân dịp khai trương", "step": "capture", "message": "Saved post_033.png (posinset=33)", "data": {"w": 0}, "seq": 36129}
{"ts": "2026-05-01T17:25:49.551383+00:00", "level": "INFO", "jobId": "373c95d2-52fa-463b-a9c0-51dcb085104e", "keyword": "nhân dịp khai trương", "step": "cooldown", "message": "Cooldown 1.0s (after capture)", "data": {"w": 0}, "seq": 36130}
{"ts": "2026-05-01T17:25:50.584633+00:00", "level": "INFO", "jobId": "373c95d2-52fa-463b-a9c0-51dcb085104e", "keyword": "nhân dịp khai trương", "step": "capture", "message": "Capturing posinset=34 (34/∞)…", "data": {"w": 0}, "seq": 36133}
{"ts": "2026-05-01T17:25:52.680158+00:00", "level": "INFO", "jobId": "373c95d2-52fa-463b-a9c0-51dcb085104e", "keyword": "nhân dịp khai trương", "step": "capture", "message": "Saved post_034.png (posinset=34)", "data": {"w": 0}, "seq": 36137}
{"ts": "2026-05-01T17:25:52.682165+00:00", "level": "INFO", "jobId": "373c95d2-52fa-463b-a9c0-51dcb085104e", "keyword": "nhân dịp khai trương", "step": "cooldown", "message": "Cooldown 1.0s (after capture)", "data": {"w": 0}, "seq": 36138}
{"ts": "2026-05-01T17:25:53.707603+00:00", "level": "INFO", "jobId": "373c95d2-52fa-463b-a9c0-51dcb085104e", "keyword": "nhân dịp khai trương", "step": "capture", "message": "Capturing posinset=35 (35/∞)…", "data": {"w": 0}, "seq": 36139}
{"ts": "2026-05-01T17:25:55.416985+00:00", "level": "INFO", "jobId": "373c95d2-52fa-463b-a9c0-51dcb085104e", "keyword": "nhân dịp khai trương", "step": "capture", "message": "Saved post_035.png (posinset=35)", "data": {"w": 0}, "seq": 36142}
{"ts": "2026-05-01T17:25:55.419123+00:00", "level": "INFO", "jobId": "373c95d2-52fa-463b-a9c0-51dcb085104e", "keyword": "nhân dịp khai trương", "step": "cooldown", "message": "Cooldown 1.0s (after capture)", "data": {"w": 0}, "seq": 36143}
{"ts": "2026-05-01T17:25:56.452393+00:00", "level": "INFO", "jobId": "373c95d2-52fa-463b-a9c0-51dcb085104e", "keyword": "nhân dịp khai trương", "step": "heartbeat", "message": "Worker alive", "data": {"w": 0, "elapsed_s": 154}, "seq": 36147}
{"ts": "2026-05-01T17:25:56.453859+00:00", "level": "INFO", "jobId": "373c95d2-52fa-463b-a9c0-51dcb085104e", "keyword": "nhân dịp khai trương", "step": "capture", "message": "Capturing posinset=36 (36/∞)…", "data": {"w": 0}, "seq": 36148}
{"ts": "2026-05-01T17:25:57.763277+00:00", "level": "INFO", "jobId": "373c95d2-52fa-463b-a9c0-51dcb085104e", "keyword": "nhân dịp khai trương", "step": "capture", "message": "Capturing posinset=36 (36/∞)…", "data": {"w": 0}, "seq": 36151}
{"ts": "2026-05-01T17:25:59.284786+00:00", "level": "INFO", "jobId": "373c95d2-52fa-463b-a9c0-51dcb085104e", "keyword": "nhân dịp khai trương", "step": "capture", "message": "Capturing posinset=36 (36/∞)…", "data": {"w": 0}, "seq": 36152}
{"ts": "2026-05-01T17:26:03.399267+00:00", "level": "INFO", "jobId": "373c95d2-52fa-463b-a9c0-51dcb085104e", "keyword": "nhân dịp khai trương", "step": "capture", "message": "Capturing posinset=36 (36/∞)…", "data": {"w": 0}, "seq": 36158}
{"ts": "2026-05-01T17:26:05.315520+00:00", "level": "INFO", "jobId": "373c95d2-52fa-463b-a9c0-51dcb085104e", "keyword": "nhân dịp khai trương", "step": "capture", "message": "Saved post_036.png (posinset=36)", "data": {"w": 0}, "seq": 36160}
{"ts": "2026-05-01T17:26:05.316519+00:00", "level": "INFO", "jobId": "373c95d2-52fa-463b-a9c0-51dcb085104e", "keyword": "nhân dịp khai trương", "step": "cooldown", "message": "Cooldown 1.0s (after capture)", "data": {"w": 0}, "seq": 36161}
{"ts": "2026-05-01T17:26:06.333901+00:00", "level": "INFO", "jobId": "373c95d2-52fa-463b-a9c0-51dcb085104e", "keyword": "nhân dịp khai trương", "step": "capture", "message": "Capturing posinset=37 (37/∞)…", "data": {"w": 0}, "seq": 36162}
{"ts": "2026-05-01T17:26:08.474901+00:00", "level": "INFO", "jobId": "373c95d2-52fa-463b-a9c0-51dcb085104e", "keyword": "nhân dịp khai trương", "step": "capture", "message": "Saved post_037.png (posinset=37)", "data": {"w": 0}, "seq": 36167}
{"ts": "2026-05-01T17:26:08.476909+00:00", "level": "INFO", "jobId": "373c95d2-52fa-463b-a9c0-51dcb085104e", "keyword": "nhân dịp khai trương", "step": "cooldown", "message": "Cooldown 1.0s (after capture)", "data": {"w": 0}, "seq": 36168}
{"ts": "2026-05-01T17:26:09.501711+00:00", "level": "INFO", "jobId": "373c95d2-52fa-463b-a9c0-51dcb085104e", "keyword": "nhân dịp khai trương", "step": "capture", "message": "Capturing posinset=38 (38/∞)…", "data": {"w": 0}, "seq": 36169}
{"ts": "2026-05-01T17:26:11.957717+00:00", "level": "INFO", "jobId": "373c95d2-52fa-463b-a9c0-51dcb085104e", "keyword": "nhân dịp khai trương", "step": "capture", "message": "Saved post_038.png (posinset=38)", "data": {"w": 0}, "seq": 36170}
{"ts": "2026-05-01T17:26:11.958715+00:00", "level": "INFO", "jobId": "373c95d2-52fa-463b-a9c0-51dcb085104e", "keyword": "nhân dịp khai trương", "step": "cooldown", "message": "Cooldown 1.0s (after capture)", "data": {"w": 0}, "seq": 36171}
{"ts": "2026-05-01T17:26:13.000234+00:00", "level": "INFO", "jobId": "373c95d2-52fa-463b-a9c0-51dcb085104e", "keyword": "nhân dịp khai trương", "step": "heartbeat", "message": "Worker alive", "data": {"w": 0, "elapsed_s": 170}, "seq": 36174}
{"ts": "2026-05-01T17:26:13.004238+00:00", "level": "INFO", "jobId": "373c95d2-52fa-463b-a9c0-51dcb085104e", "keyword": "nhân dịp khai trương", "step": "capture", "message": "Capturing posinset=39 (39/∞)…", "data": {"w": 0}, "seq": 36175}
{"ts": "2026-05-01T17:26:15.166217+00:00", "level": "INFO", "jobId": "373c95d2-52fa-463b-a9c0-51dcb085104e", "keyword": "nhân dịp khai trương", "step": "capture", "message": "Saved post_039.png (posinset=39)", "data": {"w": 0}, "seq": 36178}
{"ts": "2026-05-01T17:26:15.167217+00:00", "level": "INFO", "jobId": "373c95d2-52fa-463b-a9c0-51dcb085104e", "keyword": "nhân dịp khai trương", "step": "cooldown", "message": "Cooldown 1.0s (after capture)", "data": {"w": 0}, "seq": 36179}
{"ts": "2026-05-01T17:26:16.207432+00:00", "level": "INFO", "jobId": "373c95d2-52fa-463b-a9c0-51dcb085104e", "keyword": "nhân dịp khai trương", "step": "capture", "message": "Capturing posinset=40 (40/∞)…", "data": {"w": 0}, "seq": 36180}
{"ts": "2026-05-01T17:26:18.313408+00:00", "level": "INFO", "jobId": "373c95d2-52fa-463b-a9c0-51dcb085104e", "keyword": "nhân dịp khai trương", "step": "capture", "message": "Saved post_040.png (posinset=40)", "data": {"w": 0}, "seq": 36184}
{"ts": "2026-05-01T17:26:18.314408+00:00", "level": "INFO", "jobId": "373c95d2-52fa-463b-a9c0-51dcb085104e", "keyword": "nhân dịp khai trương", "step": "cooldown", "message": "Cooldown 1.0s (after capture)", "data": {"w": 0}, "seq": 36185}
{"ts": "2026-05-01T17:26:19.373936+00:00", "level": "INFO", "jobId": "373c95d2-52fa-463b-a9c0-51dcb085104e", "keyword": "nhân dịp khai trương", "step": "capture", "message": "Capturing posinset=41 (41/∞)…", "data": {"w": 0}, "seq": 36186}
{"ts": "2026-05-01T17:26:21.698267+00:00", "level": "INFO", "jobId": "373c95d2-52fa-463b-a9c0-51dcb085104e", "keyword": "nhân dịp khai trương", "step": "capture", "message": "Saved post_041.png (posinset=41)", "data": {"w": 0}, "seq": 36190}
{"ts": "2026-05-01T17:26:21.699266+00:00", "level": "INFO", "jobId": "373c95d2-52fa-463b-a9c0-51dcb085104e", "keyword": "nhân dịp khai trương", "step": "cooldown", "message": "Cooldown 1.0s (after capture)", "data": {"w": 0}, "seq": 36191}
{"ts": "2026-05-01T17:26:22.743735+00:00", "level": "INFO", "jobId": "373c95d2-52fa-463b-a9c0-51dcb085104e", "keyword": "nhân dịp khai trương", "step": "capture", "message": "Capturing posinset=42 (42/∞)…", "data": {"w": 0}, "seq": 36194}
{"ts": "2026-05-01T17:26:25.762916+00:00", "level": "INFO", "jobId": "373c95d2-52fa-463b-a9c0-51dcb085104e", "keyword": "nhân dịp khai trương", "step": "capture", "message": "Saved post_042.png (posinset=42)", "data": {"w": 0}, "seq": 36196}
{"ts": "2026-05-01T17:26:25.763916+00:00", "level": "INFO", "jobId": "373c95d2-52fa-463b-a9c0-51dcb085104e", "keyword": "nhân dịp khai trương", "step": "cooldown", "message": "Cooldown 1.0s (after capture)", "data": {"w": 0}, "seq": 36197}
{"ts": "2026-05-01T17:26:26.792101+00:00", "level": "INFO", "jobId": "373c95d2-52fa-463b-a9c0-51dcb085104e", "keyword": "nhân dịp khai trương", "step": "capture", "message": "Capturing posinset=43 (43/∞)…", "data": {"w": 0}, "seq": 36198}
{"ts": "2026-05-01T17:26:29.644425+00:00", "level": "INFO", "jobId": "373c95d2-52fa-463b-a9c0-51dcb085104e", "keyword": "nhân dịp khai trương", "step": "capture", "message": "Saved post_043.png (posinset=43)", "data": {"w": 0}, "seq": 36201}
{"ts": "2026-05-01T17:26:29.646437+00:00", "level": "INFO", "jobId": "373c95d2-52fa-463b-a9c0-51dcb085104e", "keyword": "nhân dịp khai trương", "step": "cooldown", "message": "Cooldown 1.0s (after capture)", "data": {"w": 0}, "seq": 36202}
{"ts": "2026-05-01T17:26:30.698611+00:00", "level": "INFO", "jobId": "373c95d2-52fa-463b-a9c0-51dcb085104e", "keyword": "nhân dịp khai trương", "step": "heartbeat", "message": "Worker alive", "data": {"w": 0, "elapsed_s": 188}, "seq": 36205}
{"ts": "2026-05-01T17:26:30.700996+00:00", "level": "INFO", "jobId": "373c95d2-52fa-463b-a9c0-51dcb085104e", "keyword": "nhân dịp khai trương", "step": "capture", "message": "Capturing posinset=44 (44/∞)…", "data": {"w": 0}, "seq": 36206}
{"ts": "2026-05-01T17:26:33.525230+00:00", "level": "INFO", "jobId": "373c95d2-52fa-463b-a9c0-51dcb085104e", "keyword": "nhân dịp khai trương", "step": "capture", "message": "Saved post_044.png (posinset=44)", "data": {"w": 0}, "seq": 36207}
{"ts": "2026-05-01T17:26:33.527802+00:00", "level": "INFO", "jobId": "373c95d2-52fa-463b-a9c0-51dcb085104e", "keyword": "nhân dịp khai trương", "step": "cooldown", "message": "Cooldown 1.0s (after capture)", "data": {"w": 0}, "seq": 36208}
{"ts": "2026-05-01T17:26:35.053363+00:00", "level": "INFO", "jobId": "373c95d2-52fa-463b-a9c0-51dcb085104e", "keyword": "nhân dịp khai trương", "step": "capture", "message": "Capturing posinset=45 (45/∞)…", "data": {"w": 0}, "seq": 36211}
{"ts": "2026-05-01T17:26:39.991509+00:00", "level": "INFO", "jobId": "373c95d2-52fa-463b-a9c0-51dcb085104e", "keyword": "nhân dịp khai trương", "step": "capture", "message": "Saved post_045.png (posinset=45)", "data": {"w": 0}, "seq": 36213}
{"ts": "2026-05-01T17:26:39.993509+00:00", "level": "INFO", "jobId": "373c95d2-52fa-463b-a9c0-51dcb085104e", "keyword": "nhân dịp khai trương", "step": "cooldown", "message": "Cooldown 1.0s (after capture)", "data": {"w": 0}, "seq": 36214}
{"ts": "2026-05-01T17:26:41.041799+00:00", "level": "INFO", "jobId": "373c95d2-52fa-463b-a9c0-51dcb085104e", "keyword": "nhân dịp khai trương", "step": "capture", "message": "Capturing posinset=46 (46/∞)…", "data": {"w": 0}, "seq": 36217}
{"ts": "2026-05-01T17:26:43.908131+00:00", "level": "INFO", "jobId": "373c95d2-52fa-463b-a9c0-51dcb085104e", "keyword": "nhân dịp khai trương", "step": "capture", "message": "Saved post_046.png (posinset=46)", "data": {"w": 0}, "seq": 36221}
{"ts": "2026-05-01T17:26:43.908131+00:00", "level": "INFO", "jobId": "373c95d2-52fa-463b-a9c0-51dcb085104e", "keyword": "nhân dịp khai trương", "step": "cooldown", "message": "Cooldown 1.0s (after capture)", "data": {"w": 0}, "seq": 36222}
{"ts": "2026-05-01T17:26:44.941605+00:00", "level": "INFO", "jobId": "373c95d2-52fa-463b-a9c0-51dcb085104e", "keyword": "nhân dịp khai trương", "step": "capture", "message": "Capturing posinset=47 (47/∞)…", "data": {"w": 0}, "seq": 36223}
{"ts": "2026-05-01T17:26:48.466245+00:00", "level": "INFO", "jobId": "373c95d2-52fa-463b-a9c0-51dcb085104e", "keyword": "nhân dịp khai trương", "step": "capture", "message": "Saved post_047.png (posinset=47)", "data": {"w": 0}, "seq": 36230}
{"ts": "2026-05-01T17:26:48.467334+00:00", "level": "INFO", "jobId": "373c95d2-52fa-463b-a9c0-51dcb085104e", "keyword": "nhân dịp khai trương", "step": "cooldown", "message": "Cooldown 1.0s (after capture)", "data": {"w": 0}, "seq": 36231}
{"ts": "2026-05-01T17:26:49.509537+00:00", "level": "INFO", "jobId": "373c95d2-52fa-463b-a9c0-51dcb085104e", "keyword": "nhân dịp khai trương", "step": "heartbeat", "message": "Worker alive", "data": {"w": 0, "elapsed_s": 207}, "seq": 36233}
{"ts": "2026-05-01T17:26:49.510549+00:00", "level": "INFO", "jobId": "373c95d2-52fa-463b-a9c0-51dcb085104e", "keyword": "nhân dịp khai trương", "step": "capture", "message": "Capturing posinset=48 (48/∞)…", "data": {"w": 0}, "seq": 36234}
{"ts": "2026-05-01T17:26:52.490515+00:00", "level": "INFO", "jobId": "373c95d2-52fa-463b-a9c0-51dcb085104e", "keyword": "nhân dịp khai trương", "step": "capture", "message": "Saved post_048.png (posinset=48)", "data": {"w": 0}, "seq": 36235}
{"ts": "2026-05-01T17:26:52.491515+00:00", "level": "INFO", "jobId": "373c95d2-52fa-463b-a9c0-51dcb085104e", "keyword": "nhân dịp khai trương", "step": "cooldown", "message": "Cooldown 1.0s (after capture)", "data": {"w": 0}, "seq": 36236}
{"ts": "2026-05-01T17:26:54.452037+00:00", "level": "INFO", "jobId": "373c95d2-52fa-463b-a9c0-51dcb085104e", "keyword": "nhân dịp khai trương", "step": "capture", "message": "Capturing posinset=49 (49/∞)…", "data": {"w": 0}, "seq": 36242}
{"ts": "2026-05-01T17:27:03.586013+00:00", "level": "INFO", "jobId": "373c95d2-52fa-463b-a9c0-51dcb085104e", "keyword": "nhân dịp khai trương", "step": "capture", "message": "Saved post_049.png (posinset=49)", "data": {"w": 0}, "seq": 36251}
{"ts": "2026-05-01T17:27:03.588039+00:00", "level": "INFO", "jobId": "373c95d2-52fa-463b-a9c0-51dcb085104e", "keyword": "nhân dịp khai trương", "step": "cooldown", "message": "Cooldown 1.0s (after capture)", "data": {"w": 0}, "seq": 36252}
{"ts": "2026-05-01T17:27:04.636779+00:00", "level": "INFO", "jobId": "373c95d2-52fa-463b-a9c0-51dcb085104e", "keyword": "nhân dịp khai trương", "step": "heartbeat", "message": "Worker alive", "data": {"w": 0, "elapsed_s": 222}, "seq": 36253}
{"ts": "2026-05-01T17:27:04.638778+00:00", "level": "INFO", "jobId": "373c95d2-52fa-463b-a9c0-51dcb085104e", "keyword": "nhân dịp khai trương", "step": "capture", "message": "Capturing posinset=50 (50/∞)…", "data": {"w": 0}, "seq": 36254}
{"ts": "2026-05-01T17:27:08.783102+00:00", "level": "INFO", "jobId": "373c95d2-52fa-463b-a9c0-51dcb085104e", "keyword": "nhân dịp khai trương", "step": "capture", "message": "Saved post_050.png (posinset=50)", "data": {"w": 0}, "seq": 36261}
{"ts": "2026-05-01T17:27:08.785120+00:00", "level": "INFO", "jobId": "373c95d2-52fa-463b-a9c0-51dcb085104e", "keyword": "nhân dịp khai trương", "step": "cooldown", "message": "Cooldown 1.0s (after capture)", "data": {"w": 0}, "seq": 36262}
{"ts": "2026-05-01T17:27:09.827123+00:00", "level": "INFO", "jobId": "373c95d2-52fa-463b-a9c0-51dcb085104e", "keyword": "nhân dịp khai trương", "step": "capture", "message": "Capturing posinset=51 (51/∞)…", "data": {"w": 0}, "seq": 36263}
{"ts": "2026-05-01T17:27:13.359932+00:00", "level": "INFO", "jobId": "373c95d2-52fa-463b-a9c0-51dcb085104e", "keyword": "nhân dịp khai trương", "step": "capture", "message": "Saved post_051.png (posinset=51)", "data": {"w": 0}, "seq": 36265}
{"ts": "2026-05-01T17:27:13.362249+00:00", "level": "INFO", "jobId": "373c95d2-52fa-463b-a9c0-51dcb085104e", "keyword": "nhân dịp khai trương", "step": "cooldown", "message": "Cooldown 1.0s (after capture)", "data": {"w": 0}, "seq": 36266}
{"ts": "2026-05-01T17:27:14.491283+00:00", "level": "INFO", "jobId": "373c95d2-52fa-463b-a9c0-51dcb085104e", "keyword": "nhân dịp khai trương", "step": "capture", "message": "Capturing posinset=52 (52/∞)…", "data": {"w": 0}, "seq": 36267}
{"ts": "2026-05-01T17:27:17.484608+00:00", "level": "INFO", "jobId": "373c95d2-52fa-463b-a9c0-51dcb085104e", "keyword": "nhân dịp khai trương", "step": "capture", "message": "Saved post_052.png (posinset=52)", "data": {"w": 0}, "seq": 36271}
{"ts": "2026-05-01T17:27:17.486617+00:00", "level": "INFO", "jobId": "373c95d2-52fa-463b-a9c0-51dcb085104e", "keyword": "nhân dịp khai trương", "step": "cooldown", "message": "Cooldown 1.0s (after capture)", "data": {"w": 0}, "seq": 36272}
{"ts": "2026-05-01T17:27:18.512451+00:00", "level": "INFO", "jobId": "373c95d2-52fa-463b-a9c0-51dcb085104e", "keyword": "nhân dịp khai trương", "step": "capture", "message": "Capturing posinset=53 (53/∞)…", "data": {"w": 0}, "seq": 36273}
{"ts": "2026-05-01T17:27:21.608037+00:00", "level": "INFO", "jobId": "373c95d2-52fa-463b-a9c0-51dcb085104e", "keyword": "nhân dịp khai trương", "step": "capture", "message": "Saved post_053.png (posinset=53)", "data": {"w": 0}, "seq": 36274}
{"ts": "2026-05-01T17:27:21.609206+00:00", "level": "INFO", "jobId": "373c95d2-52fa-463b-a9c0-51dcb085104e", "keyword": "nhân dịp khai trương", "step": "cooldown", "message": "Cooldown 1.0s (after capture)", "data": {"w": 0}, "seq": 36275}
{"ts": "2026-05-01T17:27:22.668125+00:00", "level": "INFO", "jobId": "373c95d2-52fa-463b-a9c0-51dcb085104e", "keyword": "nhân dịp khai trương", "step": "heartbeat", "message": "Worker alive", "data": {"w": 0, "elapsed_s": 240}, "seq": 36276}
{"ts": "2026-05-01T17:27:22.670131+00:00", "level": "INFO", "jobId": "373c95d2-52fa-463b-a9c0-51dcb085104e", "keyword": "nhân dịp khai trương", "step": "capture", "message": "Capturing posinset=54 (54/∞)…", "data": {"w": 0}, "seq": 36277}
{"ts": "2026-05-01T17:27:26.431065+00:00", "level": "INFO", "jobId": "373c95d2-52fa-463b-a9c0-51dcb085104e", "keyword": "nhân dịp khai trương", "step": "capture", "message": "Saved post_054.png (posinset=54)", "data": {"w": 0}, "seq": 36282}
{"ts": "2026-05-01T17:27:26.439226+00:00", "level": "INFO", "jobId": "373c95d2-52fa-463b-a9c0-51dcb085104e", "keyword": "nhân dịp khai trương", "step": "cooldown", "message": "Cooldown 1.0s (after capture)", "data": {"w": 0}, "seq": 36283}
{"ts": "2026-05-01T17:27:27.516505+00:00", "level": "INFO", "jobId": "373c95d2-52fa-463b-a9c0-51dcb085104e", "keyword": "nhân dịp khai trương", "step": "capture", "message": "Capturing posinset=55 (55/∞)…", "data": {"w": 0}, "seq": 36284}
{"ts": "2026-05-01T17:27:30.730489+00:00", "level": "INFO", "jobId": "373c95d2-52fa-463b-a9c0-51dcb085104e", "keyword": "nhân dịp khai trương", "step": "capture", "message": "Saved post_055.png (posinset=55)", "data": {"w": 0}, "seq": 36285}
{"ts": "2026-05-01T17:27:30.735488+00:00", "level": "INFO", "jobId": "373c95d2-52fa-463b-a9c0-51dcb085104e", "keyword": "nhân dịp khai trương", "step": "cooldown", "message": "Cooldown 1.0s (after capture)", "data": {"w": 0}, "seq": 36286}
{"ts": "2026-05-01T17:27:31.870258+00:00", "level": "INFO", "jobId": "373c95d2-52fa-463b-a9c0-51dcb085104e", "keyword": "nhân dịp khai trương", "step": "capture", "message": "Capturing posinset=56 (56/∞)…", "data": {"w": 0}, "seq": 36287}
{"ts": "2026-05-01T17:27:35.033235+00:00", "level": "INFO", "jobId": "373c95d2-52fa-463b-a9c0-51dcb085104e", "keyword": "nhân dịp khai trương", "step": "capture", "message": "Saved post_056.png (posinset=56)", "data": {"w": 0}, "seq": 36292}
{"ts": "2026-05-01T17:27:35.045920+00:00", "level": "INFO", "jobId": "373c95d2-52fa-463b-a9c0-51dcb085104e", "keyword": "nhân dịp khai trương", "step": "cooldown", "message": "Cooldown 1.0s (after capture)", "data": {"w": 0}, "seq": 36293}
{"ts": "2026-05-01T17:27:36.149630+00:00", "level": "INFO", "jobId": "373c95d2-52fa-463b-a9c0-51dcb085104e", "keyword": "nhân dịp khai trương", "step": "capture", "message": "Capturing posinset=57 (57/∞)…", "data": {"w": 0}, "seq": 36294}
{"ts": "2026-05-01T17:27:40.217847+00:00", "level": "INFO", "jobId": "373c95d2-52fa-463b-a9c0-51dcb085104e", "keyword": "nhân dịp khai trương", "step": "capture", "message": "Saved post_057.png (posinset=57)", "data": {"w": 0}, "seq": 36298}
{"ts": "2026-05-01T17:27:40.218847+00:00", "level": "INFO", "jobId": "373c95d2-52fa-463b-a9c0-51dcb085104e", "keyword": "nhân dịp khai trương", "step": "cooldown", "message": "Cooldown 1.0s (after capture)", "data": {"w": 0}, "seq": 36299}
{"ts": "2026-05-01T17:27:41.305034+00:00", "level": "INFO", "jobId": "373c95d2-52fa-463b-a9c0-51dcb085104e", "keyword": "nhân dịp khai trương", "step": "heartbeat", "message": "Worker alive", "data": {"w": 0, "elapsed_s": 259}, "seq": 36302}
{"ts": "2026-05-01T17:27:41.306035+00:00", "level": "INFO", "jobId": "373c95d2-52fa-463b-a9c0-51dcb085104e", "keyword": "nhân dịp khai trương", "step": "capture", "message": "Capturing posinset=58 (58/∞)…", "data": {"w": 0}, "seq": 36303}
{"ts": "2026-05-01T17:27:45.624641+00:00", "level": "INFO", "jobId": "373c95d2-52fa-463b-a9c0-51dcb085104e", "keyword": "nhân dịp khai trương", "step": "capture", "message": "Saved post_058.png (posinset=58)", "data": {"w": 0}, "seq": 36309}
{"ts": "2026-05-01T17:27:45.626642+00:00", "level": "INFO", "jobId": "373c95d2-52fa-463b-a9c0-51dcb085104e", "keyword": "nhân dịp khai trương", "step": "cooldown", "message": "Cooldown 1.0s (after capture)", "data": {"w": 0}, "seq": 36310}
{"ts": "2026-05-01T17:27:47.028957+00:00", "level": "INFO", "jobId": "373c95d2-52fa-463b-a9c0-51dcb085104e", "keyword": "nhân dịp khai trương", "step": "capture", "message": "Capturing posinset=59 (59/∞)…", "data": {"w": 0}, "seq": 36313}
{"ts": "2026-05-01T17:27:57.712229+00:00", "level": "INFO", "jobId": "373c95d2-52fa-463b-a9c0-51dcb085104e", "keyword": "nhân dịp khai trương", "step": "capture", "message": "Saved post_059.png (posinset=59)", "data": {"w": 0}, "seq": 36322}
{"ts": "2026-05-01T17:27:57.713229+00:00", "level": "INFO", "jobId": "373c95d2-52fa-463b-a9c0-51dcb085104e", "keyword": "nhân dịp khai trương", "step": "cooldown", "message": "Cooldown 1.0s (after capture)", "data": {"w": 0}, "seq": 36323}
{"ts": "2026-05-01T17:27:58.781006+00:00", "level": "INFO", "jobId": "373c95d2-52fa-463b-a9c0-51dcb085104e", "keyword": "nhân dịp khai trương", "step": "heartbeat", "message": "Worker alive", "data": {"w": 0, "elapsed_s": 276}, "seq": 36324}
{"ts": "2026-05-01T17:27:58.793553+00:00", "level": "INFO", "jobId": "373c95d2-52fa-463b-a9c0-51dcb085104e", "keyword": "nhân dịp khai trương", "step": "capture", "message": "Capturing posinset=60 (60/∞)…", "data": {"w": 0}, "seq": 36325}
{"ts": "2026-05-01T17:28:03.783856+00:00", "level": "INFO", "jobId": "373c95d2-52fa-463b-a9c0-51dcb085104e", "keyword": "nhân dịp khai trương", "step": "capture", "message": "Saved post_060.png (posinset=60)", "data": {"w": 0}, "seq": 36328}
{"ts": "2026-05-01T17:28:03.783856+00:00", "level": "INFO", "jobId": "373c95d2-52fa-463b-a9c0-51dcb085104e", "keyword": "nhân dịp khai trương", "step": "cooldown", "message": "Cooldown 1.0s (after capture)", "data": {"w": 0}, "seq": 36329}
{"ts": "2026-05-01T17:28:04.827561+00:00", "level": "INFO", "jobId": "373c95d2-52fa-463b-a9c0-51dcb085104e", "keyword": "nhân dịp khai trương", "step": "capture", "message": "Capturing posinset=61 (61/∞)…", "data": {"w": 0}, "seq": 36332}
{"ts": "2026-05-01T17:28:09.317718+00:00", "level": "INFO", "jobId": "373c95d2-52fa-463b-a9c0-51dcb085104e", "keyword": "nhân dịp khai trương", "step": "capture", "message": "Saved post_061.png (posinset=61)", "data": {"w": 0}, "seq": 36338}
{"ts": "2026-05-01T17:28:09.321785+00:00", "level": "INFO", "jobId": "373c95d2-52fa-463b-a9c0-51dcb085104e", "keyword": "nhân dịp khai trương", "step": "cooldown", "message": "Cooldown 1.0s (after capture)", "data": {"w": 0}, "seq": 36339}
{"ts": "2026-05-01T17:28:10.363849+00:00", "level": "INFO", "jobId": "373c95d2-52fa-463b-a9c0-51dcb085104e", "keyword": "nhân dịp khai trương", "step": "capture", "message": "Capturing posinset=62 (62/∞)…", "data": {"w": 0}, "seq": 36340}
{"ts": "2026-05-01T17:28:13.031672+00:00", "level": "INFO", "jobId": "373c95d2-52fa-463b-a9c0-51dcb085104e", "keyword": "nhân dịp khai trương", "step": "capture", "message": "Saved post_062.png (posinset=62)", "data": {"w": 0}, "seq": 36347}
{"ts": "2026-05-01T17:28:13.032974+00:00", "level": "INFO", "jobId": "373c95d2-52fa-463b-a9c0-51dcb085104e", "keyword": "nhân dịp khai trương", "step": "cooldown", "message": "Cooldown 1.0s (after capture)", "data": {"w": 0}, "seq": 36348}
{"ts": "2026-05-01T17:28:14.093066+00:00", "level": "INFO", "jobId": "373c95d2-52fa-463b-a9c0-51dcb085104e", "keyword": "nhân dịp khai trương", "step": "heartbeat", "message": "Worker alive", "data": {"w": 0, "elapsed_s": 292}, "seq": 36349}
{"ts": "2026-05-01T17:28:14.107319+00:00", "level": "INFO", "jobId": "373c95d2-52fa-463b-a9c0-51dcb085104e", "keyword": "nhân dịp khai trương", "step": "capture", "message": "Capturing posinset=63 (63/∞)…", "data": {"w": 0}, "seq": 36350}
{"ts": "2026-05-01T17:28:17.094780+00:00", "level": "INFO", "jobId": "373c95d2-52fa-463b-a9c0-51dcb085104e", "keyword": "nhân dịp khai trương", "step": "capture", "message": "Saved post_063.png (posinset=63)", "data": {"w": 0}, "seq": 36355}
{"ts": "2026-05-01T17:28:17.096818+00:00", "level": "INFO", "jobId": "373c95d2-52fa-463b-a9c0-51dcb085104e", "keyword": "nhân dịp khai trương", "step": "cooldown", "message": "Cooldown 1.0s (after capture)", "data": {"w": 0}, "seq": 36356}
{"ts": "2026-05-01T17:28:18.115885+00:00", "level": "INFO", "jobId": "373c95d2-52fa-463b-a9c0-51dcb085104e", "keyword": "nhân dịp khai trương", "step": "capture", "message": "Capturing posinset=64 (64/∞)…", "data": {"w": 0}, "seq": 36358}
{"ts": "2026-05-01T17:28:19.878373+00:00", "level": "INFO", "jobId": "373c95d2-52fa-463b-a9c0-51dcb085104e", "keyword": "nhân dịp khai trương", "step": "capture", "message": "Saved post_064.png (posinset=64)", "data": {"w": 0}, "seq": 36359}
{"ts": "2026-05-01T17:28:19.880373+00:00", "level": "INFO", "jobId": "373c95d2-52fa-463b-a9c0-51dcb085104e", "keyword": "nhân dịp khai trương", "step": "cooldown", "message": "Cooldown 1.0s (after capture)", "data": {"w": 0}, "seq": 36360}
{"ts": "2026-05-01T17:28:20.929792+00:00", "level": "INFO", "jobId": "373c95d2-52fa-463b-a9c0-51dcb085104e", "keyword": "nhân dịp khai trương", "step": "capture", "message": "Capturing posinset=65 (65/∞)…", "data": {"w": 0}, "seq": 36363}
{"ts": "2026-05-01T17:28:22.498369+00:00", "level": "INFO", "jobId": "373c95d2-52fa-463b-a9c0-51dcb085104e", "keyword": "nhân dịp khai trương", "step": "capture", "message": "Saved post_065.png (posinset=65)", "data": {"w": 0}, "seq": 36365}
{"ts": "2026-05-01T17:28:22.499747+00:00", "level": "INFO", "jobId": "373c95d2-52fa-463b-a9c0-51dcb085104e", "keyword": "nhân dịp khai trương", "step": "cooldown", "message": "Cooldown 1.0s (after capture)", "data": {"w": 0}, "seq": 36366}
{"ts": "2026-05-01T17:28:23.522917+00:00", "level": "INFO", "jobId": "373c95d2-52fa-463b-a9c0-51dcb085104e", "keyword": "nhân dịp khai trương", "step": "capture", "message": "Capturing posinset=66 (66/∞)…", "data": {"w": 0}, "seq": 36367}
{"ts": "2026-05-01T17:28:25.898125+00:00", "level": "INFO", "jobId": "373c95d2-52fa-463b-a9c0-51dcb085104e", "keyword": "nhân dịp khai trương", "step": "capture", "message": "Saved post_066.png (posinset=66)", "data": {"w": 0}, "seq": 36370}
{"ts": "2026-05-01T17:28:25.900301+00:00", "level": "INFO", "jobId": "373c95d2-52fa-463b-a9c0-51dcb085104e", "keyword": "nhân dịp khai trương", "step": "cooldown", "message": "Cooldown 1.0s (after capture)", "data": {"w": 0}, "seq": 36371}
{"ts": "2026-05-01T17:28:26.951608+00:00", "level": "INFO", "jobId": "373c95d2-52fa-463b-a9c0-51dcb085104e", "keyword": "nhân dịp khai trương", "step": "capture", "message": "Capturing posinset=67 (67/∞)…", "data": {"w": 0}, "seq": 36372}
{"ts": "2026-05-01T17:28:30.794907+00:00", "level": "INFO", "jobId": "373c95d2-52fa-463b-a9c0-51dcb085104e", "keyword": "nhân dịp khai trương", "step": "capture", "message": "Saved post_067.png (posinset=67)", "data": {"w": 0}, "seq": 36376}
{"ts": "2026-05-01T17:28:30.795907+00:00", "level": "INFO", "jobId": "373c95d2-52fa-463b-a9c0-51dcb085104e", "keyword": "nhân dịp khai trương", "step": "cooldown", "message": "Cooldown 1.0s (after capture)", "data": {"w": 0}, "seq": 36377}
{"ts": "2026-05-01T17:28:32.656978+00:00", "level": "INFO", "jobId": "373c95d2-52fa-463b-a9c0-51dcb085104e", "keyword": "nhân dịp khai trương", "step": "heartbeat", "message": "Worker alive", "data": {"w": 0, "elapsed_s": 310}, "seq": 36378}
{"ts": "2026-05-01T17:28:32.658977+00:00", "level": "INFO", "jobId": "373c95d2-52fa-463b-a9c0-51dcb085104e", "keyword": "nhân dịp khai trương", "step": "capture", "message": "Capturing posinset=68 (68/∞)…", "data": {"w": 0}, "seq": 36379}
{"ts": "2026-05-01T17:28:36.092783+00:00", "level": "INFO", "jobId": "373c95d2-52fa-463b-a9c0-51dcb085104e", "keyword": "nhân dịp khai trương", "step": "capture", "message": "Saved post_068.png (posinset=68)", "data": {"w": 0}, "seq": 36384}
{"ts": "2026-05-01T17:28:36.094076+00:00", "level": "INFO", "jobId": "373c95d2-52fa-463b-a9c0-51dcb085104e", "keyword": "nhân dịp khai trương", "step": "cooldown", "message": "Cooldown 1.0s (after capture)", "data": {"w": 0}, "seq": 36385}
{"ts": "2026-05-01T17:28:37.127301+00:00", "level": "INFO", "jobId": "373c95d2-52fa-463b-a9c0-51dcb085104e", "keyword": "nhân dịp khai trương", "step": "capture", "message": "Capturing posinset=69 (69/∞)…", "data": {"w": 0}, "seq": 36386}
{"ts": "2026-05-01T17:28:39.297020+00:00", "level": "INFO", "jobId": "373c95d2-52fa-463b-a9c0-51dcb085104e", "keyword": "nhân dịp khai trương", "step": "capture", "message": "Saved post_069.png (posinset=69)", "data": {"w": 0}, "seq": 36387}
{"ts": "2026-05-01T17:28:39.298469+00:00", "level": "INFO", "jobId": "373c95d2-52fa-463b-a9c0-51dcb085104e", "keyword": "nhân dịp khai trương", "step": "cooldown", "message": "Cooldown 1.0s (after capture)", "data": {"w": 0}, "seq": 36388}
{"ts": "2026-05-01T17:28:40.345817+00:00", "level": "INFO", "jobId": "373c95d2-52fa-463b-a9c0-51dcb085104e", "keyword": "nhân dịp khai trương", "step": "capture", "message": "Capturing posinset=70 (70/∞)…", "data": {"w": 0}, "seq": 36391}
{"ts": "2026-05-01T17:28:43.417324+00:00", "level": "INFO", "jobId": "373c95d2-52fa-463b-a9c0-51dcb085104e", "keyword": "nhân dịp khai trương", "step": "capture", "message": "Saved post_070.png (posinset=70)", "data": {"w": 0}, "seq": 36394}
{"ts": "2026-05-01T17:28:43.419328+00:00", "level": "INFO", "jobId": "373c95d2-52fa-463b-a9c0-51dcb085104e", "keyword": "nhân dịp khai trương", "step": "cooldown", "message": "Cooldown 1.0s (after capture)", "data": {"w": 0}, "seq": 36395}
{"ts": "2026-05-01T17:28:44.475142+00:00", "level": "INFO", "jobId": "373c95d2-52fa-463b-a9c0-51dcb085104e", "keyword": "nhân dịp khai trương", "step": "capture", "message": "Capturing posinset=71 (71/∞)…", "data": {"w": 0}, "seq": 36396}
{"ts": "2026-05-01T17:28:47.990400+00:00", "level": "INFO", "jobId": "373c95d2-52fa-463b-a9c0-51dcb085104e", "keyword": "nhân dịp khai trương", "step": "capture", "message": "Saved post_071.png (posinset=71)", "data": {"w": 0}, "seq": 36404}
{"ts": "2026-05-01T17:28:47.993113+00:00", "level": "INFO", "jobId": "373c95d2-52fa-463b-a9c0-51dcb085104e", "keyword": "nhân dịp khai trương", "step": "cooldown", "message": "Cooldown 1.0s (after capture)", "data": {"w": 0}, "seq": 36405}
{"ts": "2026-05-01T17:28:49.273519+00:00", "level": "INFO", "jobId": "373c95d2-52fa-463b-a9c0-51dcb085104e", "keyword": "nhân dịp khai trương", "step": "heartbeat", "message": "Worker alive", "data": {"w": 0, "elapsed_s": 327}, "seq": 36406}
{"ts": "2026-05-01T17:28:49.274519+00:00", "level": "INFO", "jobId": "373c95d2-52fa-463b-a9c0-51dcb085104e", "keyword": "nhân dịp khai trương", "step": "capture", "message": "Capturing posinset=72 (72/∞)…", "data": {"w": 0}, "seq": 36407}
{"ts": "2026-05-01T17:28:53.237633+00:00", "level": "INFO", "jobId": "373c95d2-52fa-463b-a9c0-51dcb085104e", "keyword": "nhân dịp khai trương", "step": "capture", "message": "Saved post_072.png (posinset=72)", "data": {"w": 0}, "seq": 36408}
{"ts": "2026-05-01T17:28:53.274761+00:00", "level": "INFO", "jobId": "373c95d2-52fa-463b-a9c0-51dcb085104e", "keyword": "nhân dịp khai trương", "step": "cooldown", "message": "Cooldown 1.0s (after capture)", "data": {"w": 0}, "seq": 36409}
{"ts": "2026-05-01T17:28:54.562840+00:00", "level": "INFO", "jobId": "373c95d2-52fa-463b-a9c0-51dcb085104e", "keyword": "nhân dịp khai trương", "step": "capture", "message": "Capturing posinset=73 (73/∞)…", "data": {"w": 0}, "seq": 36410}
{"ts": "2026-05-01T17:29:01.541185+00:00", "level": "INFO", "jobId": "373c95d2-52fa-463b-a9c0-51dcb085104e", "keyword": "nhân dịp khai trương", "step": "capture", "message": "Saved post_073.png (posinset=73)", "data": {"w": 0}, "seq": 36413}
{"ts": "2026-05-01T17:29:01.543194+00:00", "level": "INFO", "jobId": "373c95d2-52fa-463b-a9c0-51dcb085104e", "keyword": "nhân dịp khai trương", "step": "cooldown", "message": "Cooldown 1.0s (after capture)", "data": {"w": 0}, "seq": 36414}
{"ts": "2026-05-01T17:29:03.983569+00:00", "level": "INFO", "jobId": "373c95d2-52fa-463b-a9c0-51dcb085104e", "keyword": "nhân dịp khai trương", "step": "capture", "message": "Capturing posinset=74 (74/∞)…", "data": {"w": 0}, "seq": 36415}
{"ts": "2026-05-01T17:29:12.033056+00:00", "level": "INFO", "jobId": "373c95d2-52fa-463b-a9c0-51dcb085104e", "keyword": "nhân dịp khai trương", "step": "capture", "message": "Saved post_074.png (posinset=74)", "data": {"w": 0}, "seq": 36422}
{"ts": "2026-05-01T17:29:12.036054+00:00", "level": "INFO", "jobId": "373c95d2-52fa-463b-a9c0-51dcb085104e", "keyword": "nhân dịp khai trương", "step": "cooldown", "message": "Cooldown 1.0s (after capture)", "data": {"w": 0}, "seq": 36423}
{"ts": "2026-05-01T17:29:13.271822+00:00", "level": "INFO", "jobId": "373c95d2-52fa-463b-a9c0-51dcb085104e", "keyword": "nhân dịp khai trương", "step": "heartbeat", "message": "Worker alive", "data": {"w": 0, "elapsed_s": 351}, "seq": 36424}
{"ts": "2026-05-01T17:29:13.273821+00:00", "level": "INFO", "jobId": "373c95d2-52fa-463b-a9c0-51dcb085104e", "keyword": "nhân dịp khai trương", "step": "capture", "message": "Capturing posinset=75 (75/∞)…", "data": {"w": 0}, "seq": 36425}
{"ts": "2026-05-01T17:29:20.804377+00:00", "level": "INFO", "jobId": "373c95d2-52fa-463b-a9c0-51dcb085104e", "keyword": "nhân dịp khai trương", "step": "capture", "message": "Saved post_075.png (posinset=75)", "data": {"w": 0}, "seq": 36429}
{"ts": "2026-05-01T17:29:20.806387+00:00", "level": "INFO", "jobId": "373c95d2-52fa-463b-a9c0-51dcb085104e", "keyword": "nhân dịp khai trương", "step": "cooldown", "message": "Cooldown 1.0s (after capture)", "data": {"w": 0}, "seq": 36430}
{"ts": "2026-05-01T17:29:21.942343+00:00", "level": "INFO", "jobId": "373c95d2-52fa-463b-a9c0-51dcb085104e", "keyword": "nhân dịp khai trương", "step": "capture", "message": "Capturing posinset=76 (76/∞)…", "data": {"w": 0}, "seq": 36432}
{"ts": "2026-05-01T17:29:25.271299+00:00", "level": "INFO", "jobId": "373c95d2-52fa-463b-a9c0-51dcb085104e", "keyword": "nhân dịp khai trương", "step": "capture", "message": "Saved post_076.png (posinset=76)", "data": {"w": 0}, "seq": 36436}
{"ts": "2026-05-01T17:29:25.274299+00:00", "level": "INFO", "jobId": "373c95d2-52fa-463b-a9c0-51dcb085104e", "keyword": "nhân dịp khai trương", "step": "cooldown", "message": "Cooldown 1.0s (after capture)", "data": {"w": 0}, "seq": 36437}
{"ts": "2026-05-01T17:29:26.316523+00:00", "level": "INFO", "jobId": "373c95d2-52fa-463b-a9c0-51dcb085104e", "keyword": "nhân dịp khai trương", "step": "capture", "message": "Capturing posinset=77 (77/∞)…", "data": {"w": 0}, "seq": 36440}
{"ts": "2026-05-01T17:29:30.735794+00:00", "level": "INFO", "jobId": "373c95d2-52fa-463b-a9c0-51dcb085104e", "keyword": "nhân dịp khai trương", "step": "capture", "message": "Saved post_077.png (posinset=77)", "data": {"w": 0}, "seq": 36449}
{"ts": "2026-05-01T17:29:30.737858+00:00", "level": "INFO", "jobId": "373c95d2-52fa-463b-a9c0-51dcb085104e", "keyword": "nhân dịp khai trương", "step": "cooldown", "message": "Cooldown 1.0s (after capture)", "data": {"w": 0}, "seq": 36450}
{"ts": "2026-05-01T17:29:33.017644+00:00", "level": "INFO", "jobId": "373c95d2-52fa-463b-a9c0-51dcb085104e", "keyword": "nhân dịp khai trương", "step": "heartbeat", "message": "Worker alive", "data": {"w": 0, "elapsed_s": 370}, "seq": 36453}
{"ts": "2026-05-01T17:29:33.020643+00:00", "level": "INFO", "jobId": "373c95d2-52fa-463b-a9c0-51dcb085104e", "keyword": "nhân dịp khai trương", "step": "capture", "message": "Capturing posinset=78 (78/∞)…", "data": {"w": 0}, "seq": 36454}
{"ts": "2026-05-01T17:29:41.204777+00:00", "level": "INFO", "jobId": "373c95d2-52fa-463b-a9c0-51dcb085104e", "keyword": "nhân dịp khai trương", "step": "capture", "message": "Saved post_078.png (posinset=78)", "data": {"w": 0}, "seq": 36464}
{"ts": "2026-05-01T17:29:41.205782+00:00", "level": "INFO", "jobId": "373c95d2-52fa-463b-a9c0-51dcb085104e", "keyword": "nhân dịp khai trương", "step": "cooldown", "message": "Cooldown 1.0s (after capture)", "data": {"w": 0}, "seq": 36465}
{"ts": "2026-05-01T17:29:42.238470+00:00", "level": "INFO", "jobId": "373c95d2-52fa-463b-a9c0-51dcb085104e", "keyword": "nhân dịp khai trương", "step": "capture", "message": "Capturing posinset=79 (79/∞)…", "data": {"w": 0}, "seq": 36466}
{"ts": "2026-05-01T17:29:49.595702+00:00", "level": "INFO", "jobId": "373c95d2-52fa-463b-a9c0-51dcb085104e", "keyword": "nhân dịp khai trương", "step": "capture", "message": "Saved post_079.png (posinset=79)", "data": {"w": 0}, "seq": 36475}
{"ts": "2026-05-01T17:29:49.598697+00:00", "level": "INFO", "jobId": "373c95d2-52fa-463b-a9c0-51dcb085104e", "keyword": "nhân dịp khai trương", "step": "cooldown", "message": "Cooldown 1.0s (after capture)", "data": {"w": 0}, "seq": 36476}
{"ts": "2026-05-01T17:29:50.681742+00:00", "level": "INFO", "jobId": "373c95d2-52fa-463b-a9c0-51dcb085104e", "keyword": "nhân dịp khai trương", "step": "heartbeat", "message": "Worker alive", "data": {"w": 0, "elapsed_s": 388}, "seq": 36480}
{"ts": "2026-05-01T17:29:50.682800+00:00", "level": "INFO", "jobId": "373c95d2-52fa-463b-a9c0-51dcb085104e", "keyword": "nhân dịp khai trương", "step": "capture", "message": "Capturing posinset=80 (80/∞)…", "data": {"w": 0}, "seq": 36481}
{"ts": "2026-05-01T17:29:55.249153+00:00", "level": "INFO", "jobId": "373c95d2-52fa-463b-a9c0-51dcb085104e", "keyword": "nhân dịp khai trương", "step": "capture", "message": "Saved post_080.png (posinset=80)", "data": {"w": 0}, "seq": 36487}
{"ts": "2026-05-01T17:29:55.251161+00:00", "level": "INFO", "jobId": "373c95d2-52fa-463b-a9c0-51dcb085104e", "keyword": "nhân dịp khai trương", "step": "cooldown", "message": "Cooldown 1.0s (after capture)", "data": {"w": 0}, "seq": 36488}
{"ts": "2026-05-01T17:29:56.304251+00:00", "level": "INFO", "jobId": "373c95d2-52fa-463b-a9c0-51dcb085104e", "keyword": "nhân dịp khai trương", "step": "capture", "message": "Capturing posinset=81 (81/∞)…", "data": {"w": 0}, "seq": 36489}
{"ts": "2026-05-01T17:29:59.354835+00:00", "level": "INFO", "jobId": "373c95d2-52fa-463b-a9c0-51dcb085104e", "keyword": "nhân dịp khai trương", "step": "capture", "message": "Saved post_081.png (posinset=81)", "data": {"w": 0}, "seq": 36497}
{"ts": "2026-05-01T17:29:59.356587+00:00", "level": "INFO", "jobId": "373c95d2-52fa-463b-a9c0-51dcb085104e", "keyword": "nhân dịp khai trương", "step": "cooldown", "message": "Cooldown 1.0s (after capture)", "data": {"w": 0}, "seq": 36498}
{"ts": "2026-05-01T17:30:00.394113+00:00", "level": "INFO", "jobId": "373c95d2-52fa-463b-a9c0-51dcb085104e", "keyword": "nhân dịp khai trương", "step": "capture", "message": "Capturing posinset=82 (82/∞)…", "data": {"w": 0}, "seq": 36501}
{"ts": "2026-05-01T17:30:02.660492+00:00", "level": "INFO", "jobId": "373c95d2-52fa-463b-a9c0-51dcb085104e", "keyword": "nhân dịp khai trương", "step": "capture", "message": "Saved post_082.png (posinset=82)", "data": {"w": 0}, "seq": 36507}
{"ts": "2026-05-01T17:30:02.662492+00:00", "level": "INFO", "jobId": "373c95d2-52fa-463b-a9c0-51dcb085104e", "keyword": "nhân dịp khai trương", "step": "cooldown", "message": "Cooldown 1.0s (after capture)", "data": {"w": 0}, "seq": 36508}
{"ts": "2026-05-01T17:30:03.693879+00:00", "level": "INFO", "jobId": "373c95d2-52fa-463b-a9c0-51dcb085104e", "keyword": "nhân dịp khai trương", "step": "capture", "message": "Capturing posinset=83 (83/∞)…", "data": {"w": 0}, "seq": 36511}
{"ts": "2026-05-01T17:30:12.749457+00:00", "level": "INFO", "jobId": "373c95d2-52fa-463b-a9c0-51dcb085104e", "keyword": "nhân dịp khai trương", "step": "capture", "message": "Saved post_083.png (posinset=83)", "data": {"w": 0}, "seq": 36524}
{"ts": "2026-05-01T17:30:12.750464+00:00", "level": "INFO", "jobId": "373c95d2-52fa-463b-a9c0-51dcb085104e", "keyword": "nhân dịp khai trương", "step": "cooldown", "message": "Cooldown 1.0s (after capture)", "data": {"w": 0}, "seq": 36525}
{"ts": "2026-05-01T17:30:13.801056+00:00", "level": "INFO", "jobId": "373c95d2-52fa-463b-a9c0-51dcb085104e", "keyword": "nhân dịp khai trương", "step": "heartbeat", "message": "Worker alive", "data": {"w": 0, "elapsed_s": 411}, "seq": 36527}
{"ts": "2026-05-01T17:30:13.801056+00:00", "level": "INFO", "jobId": "373c95d2-52fa-463b-a9c0-51dcb085104e", "keyword": "nhân dịp khai trương", "step": "capture", "message": "Capturing posinset=84 (84/∞)…", "data": {"w": 0}, "seq": 36528}
{"ts": "2026-05-01T17:30:18.217921+00:00", "level": "INFO", "jobId": "373c95d2-52fa-463b-a9c0-51dcb085104e", "keyword": "nhân dịp khai trương", "step": "capture", "message": "Saved post_084.png (posinset=84)", "data": {"w": 0}, "seq": 36538}
{"ts": "2026-05-01T17:30:18.218927+00:00", "level": "INFO", "jobId": "373c95d2-52fa-463b-a9c0-51dcb085104e", "keyword": "nhân dịp khai trương", "step": "cooldown", "message": "Cooldown 1.0s (after capture)", "data": {"w": 0}, "seq": 36539}
{"ts": "2026-05-01T17:30:19.286178+00:00", "level": "INFO", "jobId": "373c95d2-52fa-463b-a9c0-51dcb085104e", "keyword": "nhân dịp khai trương", "step": "capture", "message": "Capturing posinset=85 (85/∞)…", "data": {"w": 0}, "seq": 36541}
{"ts": "2026-05-01T17:30:21.699134+00:00", "level": "INFO", "jobId": "373c95d2-52fa-463b-a9c0-51dcb085104e", "keyword": "nhân dịp khai trương", "step": "capture", "message": "Saved post_085.png (posinset=85)", "data": {"w": 0}, "seq": 36546}
{"ts": "2026-05-01T17:30:21.700134+00:00", "level": "INFO", "jobId": "373c95d2-52fa-463b-a9c0-51dcb085104e", "keyword": "nhân dịp khai trương", "step": "cooldown", "message": "Cooldown 1.0s (after capture)", "data": {"w": 0}, "seq": 36547}
{"ts": "2026-05-01T17:30:22.873876+00:00", "level": "INFO", "jobId": "373c95d2-52fa-463b-a9c0-51dcb085104e", "keyword": "nhân dịp khai trương", "step": "capture", "message": "Capturing posinset=86 (86/∞)…", "data": {"w": 0}, "seq": 36550}
{"ts": "2026-05-01T17:30:27.758674+00:00", "level": "INFO", "jobId": "373c95d2-52fa-463b-a9c0-51dcb085104e", "keyword": "nhân dịp khai trương", "step": "capture", "message": "Saved post_086.png (posinset=86)", "data": {"w": 0}, "seq": 36554}
{"ts": "2026-05-01T17:30:27.760362+00:00", "level": "INFO", "jobId": "373c95d2-52fa-463b-a9c0-51dcb085104e", "keyword": "nhân dịp khai trương", "step": "cooldown", "message": "Cooldown 1.0s (after capture)", "data": {"w": 0}, "seq": 36555}
{"ts": "2026-05-01T17:30:28.831555+00:00", "level": "INFO", "jobId": "373c95d2-52fa-463b-a9c0-51dcb085104e", "keyword": "nhân dịp khai trương", "step": "heartbeat", "message": "Worker alive", "data": {"w": 0, "elapsed_s": 426}, "seq": 36556}
{"ts": "2026-05-01T17:30:28.832555+00:00", "level": "INFO", "jobId": "373c95d2-52fa-463b-a9c0-51dcb085104e", "keyword": "nhân dịp khai trương", "step": "capture", "message": "Capturing posinset=87 (87/∞)…", "data": {"w": 0}, "seq": 36557}
{"ts": "2026-05-01T17:30:33.475679+00:00", "level": "INFO", "jobId": "373c95d2-52fa-463b-a9c0-51dcb085104e", "keyword": "nhân dịp khai trương", "step": "capture", "message": "Saved post_087.png (posinset=87)", "data": {"w": 0}, "seq": 36561}
{"ts": "2026-05-01T17:30:33.477175+00:00", "level": "INFO", "jobId": "373c95d2-52fa-463b-a9c0-51dcb085104e", "keyword": "nhân dịp khai trương", "step": "cooldown", "message": "Cooldown 1.0s (after capture)", "data": {"w": 0}, "seq": 36562}
{"ts": "2026-05-01T17:30:34.640457+00:00", "level": "INFO", "jobId": "373c95d2-52fa-463b-a9c0-51dcb085104e", "keyword": "nhân dịp khai trương", "step": "capture", "message": "Capturing posinset=88 (88/∞)…", "data": {"w": 0}, "seq": 36567}
{"ts": "2026-05-01T17:30:38.888272+00:00", "level": "INFO", "jobId": "373c95d2-52fa-463b-a9c0-51dcb085104e", "keyword": "nhân dịp khai trương", "step": "capture", "message": "Saved post_088.png (posinset=88)", "data": {"w": 0}, "seq": 36575}
{"ts": "2026-05-01T17:30:38.890740+00:00", "level": "INFO", "jobId": "373c95d2-52fa-463b-a9c0-51dcb085104e", "keyword": "nhân dịp khai trương", "step": "cooldown", "message": "Cooldown 1.0s (after capture)", "data": {"w": 0}, "seq": 36576}
{"ts": "2026-05-01T17:30:41.082026+00:00", "level": "INFO", "jobId": "373c95d2-52fa-463b-a9c0-51dcb085104e", "keyword": "nhân dịp khai trương", "step": "capture", "message": "Capturing posinset=89 (89/∞)…", "data": {"w": 0}, "seq": 36579}
{"ts": "2026-05-01T17:30:48.001791+00:00", "level": "INFO", "jobId": "373c95d2-52fa-463b-a9c0-51dcb085104e", "keyword": "nhân dịp khai trương", "step": "capture", "message": "Saved post_089.png (posinset=89)", "data": {"w": 0}, "seq": 36587}
{"ts": "2026-05-01T17:30:48.002968+00:00", "level": "INFO", "jobId": "373c95d2-52fa-463b-a9c0-51dcb085104e", "keyword": "nhân dịp khai trương", "step": "cooldown", "message": "Cooldown 1.0s (after capture)", "data": {"w": 0}, "seq": 36588}
{"ts": "2026-05-01T17:30:49.037909+00:00", "level": "INFO", "jobId": "373c95d2-52fa-463b-a9c0-51dcb085104e", "keyword": "nhân dịp khai trương", "step": "heartbeat", "message": "Worker alive", "data": {"w": 0, "elapsed_s": 446}, "seq": 36589}
{"ts": "2026-05-01T17:30:49.049615+00:00", "level": "INFO", "jobId": "373c95d2-52fa-463b-a9c0-51dcb085104e", "keyword": "nhân dịp khai trương", "step": "capture", "message": "Capturing posinset=90 (90/∞)…", "data": {"w": 0}, "seq": 36590}
{"ts": "2026-05-01T17:30:52.742731+00:00", "level": "INFO", "jobId": "373c95d2-52fa-463b-a9c0-51dcb085104e", "keyword": "nhân dịp khai trương", "step": "capture", "message": "Saved post_090.png (posinset=90)", "data": {"w": 0}, "seq": 36597}
{"ts": "2026-05-01T17:30:52.744731+00:00", "level": "INFO", "jobId": "373c95d2-52fa-463b-a9c0-51dcb085104e", "keyword": "nhân dịp khai trương", "step": "cooldown", "message": "Cooldown 1.0s (after capture)", "data": {"w": 0}, "seq": 36598}
{"ts": "2026-05-01T17:30:53.782173+00:00", "level": "INFO", "jobId": "373c95d2-52fa-463b-a9c0-51dcb085104e", "keyword": "nhân dịp khai trương", "step": "capture", "message": "Capturing posinset=91 (91/∞)…", "data": {"w": 0}, "seq": 36600}
{"ts": "2026-05-01T17:30:57.143282+00:00", "level": "INFO", "jobId": "373c95d2-52fa-463b-a9c0-51dcb085104e", "keyword": "nhân dịp khai trương", "step": "capture", "message": "Saved post_091.png (posinset=91)", "data": {"w": 0}, "seq": 36608}
{"ts": "2026-05-01T17:30:57.144282+00:00", "level": "INFO", "jobId": "373c95d2-52fa-463b-a9c0-51dcb085104e", "keyword": "nhân dịp khai trương", "step": "cooldown", "message": "Cooldown 1.0s (after capture)", "data": {"w": 0}, "seq": 36609}
{"ts": "2026-05-01T17:30:58.366834+00:00", "level": "INFO", "jobId": "373c95d2-52fa-463b-a9c0-51dcb085104e", "keyword": "nhân dịp khai trương", "step": "capture", "message": "Capturing posinset=92 (92/∞)…", "data": {"w": 0}, "seq": 36612}
{"ts": "2026-05-01T17:31:03.949399+00:00", "level": "INFO", "jobId": "373c95d2-52fa-463b-a9c0-51dcb085104e", "keyword": "nhân dịp khai trương", "step": "capture", "message": "Saved post_092.png (posinset=92)", "data": {"w": 0}, "seq": 36620}
{"ts": "2026-05-01T17:31:03.954404+00:00", "level": "INFO", "jobId": "373c95d2-52fa-463b-a9c0-51dcb085104e", "keyword": "nhân dịp khai trương", "step": "cooldown", "message": "Cooldown 1.0s (after capture)", "data": {"w": 0}, "seq": 36621}
{"ts": "2026-05-01T17:31:05.053887+00:00", "level": "INFO", "jobId": "373c95d2-52fa-463b-a9c0-51dcb085104e", "keyword": "nhân dịp khai trương", "step": "heartbeat", "message": "Worker alive", "data": {"w": 0, "elapsed_s": 462}, "seq": 36622}
{"ts": "2026-05-01T17:31:05.054890+00:00", "level": "INFO", "jobId": "373c95d2-52fa-463b-a9c0-51dcb085104e", "keyword": "nhân dịp khai trương", "step": "capture", "message": "Capturing posinset=93 (93/∞)…", "data": {"w": 0}, "seq": 36623}
{"ts": "2026-05-01T17:31:07.022377+00:00", "level": "INFO", "jobId": "373c95d2-52fa-463b-a9c0-51dcb085104e", "keyword": "nhân dịp khai trương", "step": "capture", "message": "Capturing posinset=93 (93/∞)…", "data": {"w": 0}, "seq": 36629}
{"ts": "2026-05-01T17:31:08.640060+00:00", "level": "INFO", "jobId": "373c95d2-52fa-463b-a9c0-51dcb085104e", "keyword": "nhân dịp khai trương", "step": "capture", "message": "Capturing posinset=93 (93/∞)…", "data": {"w": 0}, "seq": 36632}
{"ts": "2026-05-01T17:31:10.556988+00:00", "level": "INFO", "jobId": "373c95d2-52fa-463b-a9c0-51dcb085104e", "keyword": "nhân dịp khai trương", "step": "capture", "message": "Capturing posinset=93 (93/∞)…", "data": {"w": 0}, "seq": 36638}
{"ts": "2026-05-01T17:31:22.556710+00:00", "level": "INFO", "jobId": "373c95d2-52fa-463b-a9c0-51dcb085104e", "keyword": "nhân dịp khai trương", "step": "heartbeat", "message": "Worker alive", "data": {"w": 0, "elapsed_s": 480}, "seq": 36656}
{"ts": "2026-05-01T17:31:22.557708+00:00", "level": "INFO", "jobId": "373c95d2-52fa-463b-a9c0-51dcb085104e", "keyword": "nhân dịp khai trương", "step": "capture", "message": "Capturing posinset=93 (93/∞)…", "data": {"w": 0}, "seq": 36657}
{"ts": "2026-05-01T17:31:34.587687+00:00", "level": "INFO", "jobId": "373c95d2-52fa-463b-a9c0-51dcb085104e", "keyword": "nhân dịp khai trương", "step": "capture", "message": "Capturing posinset=93 (93/∞)…", "data": {"w": 0}, "seq": 36680}
{"ts": "2026-05-01T17:31:36.765364+00:00", "level": "INFO", "jobId": "373c95d2-52fa-463b-a9c0-51dcb085104e", "keyword": "nhân dịp khai trương", "step": "capture", "message": "Reached end of results (maxPos=92). Stopping capture loop.", "data": {"w": 0}, "seq": 36683}
{"ts": "2026-05-01T17:31:36.844554+00:00", "level": "INFO", "jobId": "373c95d2-52fa-463b-a9c0-51dcb085104e", "keyword": "nhân dịp khai trương", "step": "capture", "message": "Capture loop finished (unlimited). Saved=92", "data": {"w": 0}, "seq": 36684}
{"ts": "2026-05-01T17:31:36.846562+00:00", "level": "INFO", "jobId": "373c95d2-52fa-463b-a9c0-51dcb085104e", "keyword": "nhân dịp khai trương", "step": "done", "message": "Completed. Saved=92", "data": {"w": 0}, "seq": 36685}
