{"ts": "2026-05-01T19:07:36.831583+00:00", "level": "INFO", "jobId": "3838d339-1f67-4357-be5a-ea74e57712a7", "keyword": "khai trương tiệm", "step": "start", "message": "Job started (attempt 1/1)", "data": {"w": 2}, "seq": 45956}
{"ts": "2026-05-01T19:07:44.322902+00:00", "level": "INFO", "jobId": "3838d339-1f67-4357-be5a-ea74e57712a7", "keyword": "khai trương tiệm", "step": "login", "message": "Already logged in (home).", "data": {"w": 2}, "seq": 45969}
{"ts": "2026-05-01T19:07:44.325902+00:00", "level": "INFO", "jobId": "3838d339-1f67-4357-be5a-ea74e57712a7", "keyword": "khai trương tiệm", "step": "search", "message": "Searching keyword: \"khai trương tiệm\"", "data": {"w": 2}, "seq": 45970}
{"ts": "2026-05-01T19:07:49.180337+00:00", "level": "INFO", "jobId": "3838d339-1f67-4357-be5a-ea74e57712a7", "keyword": "khai trương tiệm", "step": "capture", "message": "Start capturing all posts until end of results.", "data": {"w": 2}, "seq": 45978}
{"ts": "2026-05-01T19:07:49.182337+00:00", "level": "INFO", "jobId": "3838d339-1f67-4357-be5a-ea74e57712a7", "keyword": "khai trương tiệm", "step": "capture", "message": "Output folder: Lan 1 - 0207", "data": {"w": 2}, "seq": 45979}
{"ts": "2026-05-01T19:07:52.886378+00:00", "level": "INFO", "jobId": "3838d339-1f67-4357-be5a-ea74e57712a7", "keyword": "khai trương tiệm", "step": "capture", "message": "Waiting for posts to appear (avoid blank capture)…", "data": {"w": 2}, "seq": 45985}
{"ts": "2026-05-01T19:07:53.129919+00:00", "level": "INFO", "jobId": "3838d339-1f67-4357-be5a-ea74e57712a7", "keyword": "khai trương tiệm", "step": "capture", "message": "Post-detect debug: {'hasMain': True, 'url': 'https://www.facebook.com/search/posts/?q=khai%20tr%C6%B0%C6%A1ng%20ti%E1%BB%87m&filters=eyJyZWNlbnRfcG9zdHM6MCI6IntcIm5hbWVcIjpcInJlY2VudF9wb3N0c1wiLFwiYXJnc1wiOlwiXCJ9In0%3D', 'title': '(1) khai trương tiệm - Kết quả tìm kiếm | Facebook', 'hasLoginInputs': False, 'consentLike': False, 'bodyHead': '\\xa0\\n1 đoạn chat chưa đọc\\n1\\nKết quả tìm kiếm\\nBộ lọc\\nTất cả\\nMọi người\\nThước phim\\nMarketplace\\nTrang\\nNhóm\\nSự kiện', 'roleArticle': 1, 'divRoleArticle': 1, 'articleTag': 0, 'feedUnit': 0, 'anyPagelet': 0, 'adPreview': 0, 'imgs': 0, 'videos': 0, 'progress': 0, 'busy': '', 'firstArticle': {'tag': 'div', 'role': 'article', 'textLen': 0, 'hasImg': False, 'hasVideo': False, 'hasLink': False, 'hasPermalink': False}}", "data": {"w": 2}, "seq": 45988}
{"ts": "2026-05-01T19:07:58.352608+00:00", "level": "INFO", "jobId": "3838d339-1f67-4357-be5a-ea74e57712a7", "keyword": "khai trương tiệm", "step": "capture", "message": "Capturing posinset=1 (1/∞)…", "data": {"w": 2}, "seq": 45995}
{"ts": "2026-05-01T19:08:00.367278+00:00", "level": "INFO", "jobId": "3838d339-1f67-4357-be5a-ea74e57712a7", "keyword": "khai trương tiệm", "step": "capture", "message": "Saved post_001.png (posinset=1)", "data": {"w": 2}, "seq": 45997}
{"ts": "2026-05-01T19:08:00.368301+00:00", "level": "INFO", "jobId": "3838d339-1f67-4357-be5a-ea74e57712a7", "keyword": "khai trương tiệm", "step": "cooldown", "message": "Cooldown 1.0s (after capture)", "data": {"w": 2}, "seq": 45998}
{"ts": "2026-05-01T19:08:01.389353+00:00", "level": "INFO", "jobId": "3838d339-1f67-4357-be5a-ea74e57712a7", "keyword": "khai trương tiệm", "step": "capture", "message": "Capturing posinset=2 (2/∞)…", "data": {"w": 2}, "seq": 46002}
{"ts": "2026-05-01T19:08:03.023639+00:00", "level": "INFO", "jobId": "3838d339-1f67-4357-be5a-ea74e57712a7", "keyword": "khai trương tiệm", "step": "capture", "message": "Saved post_002.png (posinset=2)", "data": {"w": 2}, "seq": 46004}
{"ts": "2026-05-01T19:08:03.024759+00:00", "level": "INFO", "jobId": "3838d339-1f67-4357-be5a-ea74e57712a7", "keyword": "khai trương tiệm", "step": "cooldown", "message": "Cooldown 1.0s (after capture)", "data": {"w": 2}, "seq": 46005}
{"ts": "2026-05-01T19:08:04.050781+00:00", "level": "INFO", "jobId": "3838d339-1f67-4357-be5a-ea74e57712a7", "keyword": "khai trương tiệm", "step": "capture", "message": "Capturing posinset=3 (3/∞)…", "data": {"w": 2}, "seq": 46008}
{"ts": "2026-05-01T19:08:05.193152+00:00", "level": "INFO", "jobId": "3838d339-1f67-4357-be5a-ea74e57712a7", "keyword": "khai trương tiệm", "step": "capture", "message": "Saved post_003.png (posinset=3)", "data": {"w": 2}, "seq": 46012}
{"ts": "2026-05-01T19:08:05.194153+00:00", "level": "INFO", "jobId": "3838d339-1f67-4357-be5a-ea74e57712a7", "keyword": "khai trương tiệm", "step": "cooldown", "message": "Cooldown 1.0s (after capture)", "data": {"w": 2}, "seq": 46013}
{"ts": "2026-05-01T19:08:06.235540+00:00", "level": "INFO", "jobId": "3838d339-1f67-4357-be5a-ea74e57712a7", "keyword": "khai trương tiệm", "step": "capture", "message": "Capturing posinset=4 (4/∞)…", "data": {"w": 2}, "seq": 46017}
{"ts": "2026-05-01T19:08:07.963211+00:00", "level": "INFO", "jobId": "3838d339-1f67-4357-be5a-ea74e57712a7", "keyword": "khai trương tiệm", "step": "capture", "message": "Saved post_004.png (posinset=4)", "data": {"w": 2}, "seq": 46021}
{"ts": "2026-05-01T19:08:07.965620+00:00", "level": "INFO", "jobId": "3838d339-1f67-4357-be5a-ea74e57712a7", "keyword": "khai trương tiệm", "step": "cooldown", "message": "Cooldown 1.0s (after capture)", "data": {"w": 2}, "seq": 46022}
{"ts": "2026-05-01T19:08:08.983346+00:00", "level": "INFO", "jobId": "3838d339-1f67-4357-be5a-ea74e57712a7", "keyword": "khai trương tiệm", "step": "capture", "message": "Capturing posinset=5 (5/∞)…", "data": {"w": 2}, "seq": 46025}
{"ts": "2026-05-01T19:08:10.230920+00:00", "level": "INFO", "jobId": "3838d339-1f67-4357-be5a-ea74e57712a7", "keyword": "khai trương tiệm", "step": "capture", "message": "Saved post_005.png (posinset=5)", "data": {"w": 2}, "seq": 46028}
{"ts": "2026-05-01T19:08:10.232924+00:00", "level": "INFO", "jobId": "3838d339-1f67-4357-be5a-ea74e57712a7", "keyword": "khai trương tiệm", "step": "cooldown", "message": "Cooldown 1.0s (after capture)", "data": {"w": 2}, "seq": 46029}
{"ts": "2026-05-01T19:08:11.261081+00:00", "level": "INFO", "jobId": "3838d339-1f67-4357-be5a-ea74e57712a7", "keyword": "khai trương tiệm", "step": "heartbeat", "message": "Worker alive", "data": {"w": 2, "elapsed_s": 34}, "seq": 46033}
{"ts": "2026-05-01T19:08:11.262082+00:00", "level": "INFO", "jobId": "3838d339-1f67-4357-be5a-ea74e57712a7", "keyword": "khai trương tiệm", "step": "capture", "message": "Capturing posinset=6 (6/∞)…", "data": {"w": 2}, "seq": 46034}
{"ts": "2026-05-01T19:08:12.386633+00:00", "level": "INFO", "jobId": "3838d339-1f67-4357-be5a-ea74e57712a7", "keyword": "khai trương tiệm", "step": "capture", "message": "Saved post_006.png (posinset=6)", "data": {"w": 2}, "seq": 46038}
{"ts": "2026-05-01T19:08:12.387637+00:00", "level": "INFO", "jobId": "3838d339-1f67-4357-be5a-ea74e57712a7", "keyword": "khai trương tiệm", "step": "cooldown", "message": "Cooldown 1.0s (after capture)", "data": {"w": 2}, "seq": 46039}
{"ts": "2026-05-01T19:08:13.419854+00:00", "level": "INFO", "jobId": "3838d339-1f67-4357-be5a-ea74e57712a7", "keyword": "khai trương tiệm", "step": "capture", "message": "Capturing posinset=7 (7/∞)…", "data": {"w": 2}, "seq": 46042}
{"ts": "2026-05-01T19:08:16.112090+00:00", "level": "INFO", "jobId": "3838d339-1f67-4357-be5a-ea74e57712a7", "keyword": "khai trương tiệm", "step": "capture", "message": "Saved post_007.png (posinset=7)", "data": {"w": 2}, "seq": 46046}
{"ts": "2026-05-01T19:08:16.116130+00:00", "level": "INFO", "jobId": "3838d339-1f67-4357-be5a-ea74e57712a7", "keyword": "khai trương tiệm", "step": "cooldown", "message": "Cooldown 1.0s (after capture)", "data": {"w": 2}, "seq": 46047}
{"ts": "2026-05-01T19:08:17.132458+00:00", "level": "INFO", "jobId": "3838d339-1f67-4357-be5a-ea74e57712a7", "keyword": "khai trương tiệm", "step": "capture", "message": "Capturing posinset=8 (8/∞)…", "data": {"w": 2}, "seq": 46048}
{"ts": "2026-05-01T19:08:18.379924+00:00", "level": "INFO", "jobId": "3838d339-1f67-4357-be5a-ea74e57712a7", "keyword": "khai trương tiệm", "step": "capture", "message": "Saved post_008.png (posinset=8)", "data": {"w": 2}, "seq": 46053}
{"ts": "2026-05-01T19:08:18.380934+00:00", "level": "INFO", "jobId": "3838d339-1f67-4357-be5a-ea74e57712a7", "keyword": "khai trương tiệm", "step": "cooldown", "message": "Cooldown 1.0s (after capture)", "data": {"w": 2}, "seq": 46054}
{"ts": "2026-05-01T19:08:19.401294+00:00", "level": "INFO", "jobId": "3838d339-1f67-4357-be5a-ea74e57712a7", "keyword": "khai trương tiệm", "step": "capture", "message": "Capturing posinset=9 (9/∞)…", "data": {"w": 2}, "seq": 46057}
{"ts": "2026-05-01T19:08:20.968843+00:00", "level": "INFO", "jobId": "3838d339-1f67-4357-be5a-ea74e57712a7", "keyword": "khai trương tiệm", "step": "capture", "message": "Saved post_009.png (posinset=9)", "data": {"w": 2}, "seq": 46060}
{"ts": "2026-05-01T19:08:20.970844+00:00", "level": "INFO", "jobId": "3838d339-1f67-4357-be5a-ea74e57712a7", "keyword": "khai trương tiệm", "step": "cooldown", "message": "Cooldown 1.0s (after capture)", "data": {"w": 2}, "seq": 46061}
{"ts": "2026-05-01T19:08:21.988940+00:00", "level": "INFO", "jobId": "3838d339-1f67-4357-be5a-ea74e57712a7", "keyword": "khai trương tiệm", "step": "capture", "message": "Capturing posinset=10 (10/∞)…", "data": {"w": 2}, "seq": 46065}
{"ts": "2026-05-01T19:08:23.272653+00:00", "level": "INFO", "jobId": "3838d339-1f67-4357-be5a-ea74e57712a7", "keyword": "khai trương tiệm", "step": "capture", "message": "Saved post_010.png (posinset=10)", "data": {"w": 2}, "seq": 46067}
{"ts": "2026-05-01T19:08:23.273651+00:00", "level": "INFO", "jobId": "3838d339-1f67-4357-be5a-ea74e57712a7", "keyword": "khai trương tiệm", "step": "cooldown", "message": "Cooldown 1.0s (after capture)", "data": {"w": 2}, "seq": 46068}
{"ts": "2026-05-01T19:08:24.909042+00:00", "level": "INFO", "jobId": "3838d339-1f67-4357-be5a-ea74e57712a7", "keyword": "khai trương tiệm", "step": "capture", "message": "Capturing posinset=11 (11/∞)…", "data": {"w": 2}, "seq": 46074}
{"ts": "2026-05-01T19:08:26.609146+00:00", "level": "INFO", "jobId": "3838d339-1f67-4357-be5a-ea74e57712a7", "keyword": "khai trương tiệm", "step": "capture", "message": "Saved post_011.png (posinset=11)", "data": {"w": 2}, "seq": 46077}
{"ts": "2026-05-01T19:08:26.612327+00:00", "level": "INFO", "jobId": "3838d339-1f67-4357-be5a-ea74e57712a7", "keyword": "khai trương tiệm", "step": "cooldown", "message": "Cooldown 1.0s (after capture)", "data": {"w": 2}, "seq": 46078}
{"ts": "2026-05-01T19:08:27.636512+00:00", "level": "INFO", "jobId": "3838d339-1f67-4357-be5a-ea74e57712a7", "keyword": "khai trương tiệm", "step": "heartbeat", "message": "Worker alive", "data": {"w": 2, "elapsed_s": 50}, "seq": 46081}
{"ts": "2026-05-01T19:08:27.637842+00:00", "level": "INFO", "jobId": "3838d339-1f67-4357-be5a-ea74e57712a7", "keyword": "khai trương tiệm", "step": "capture", "message": "Capturing posinset=12 (12/∞)…", "data": {"w": 2}, "seq": 46082}
{"ts": "2026-05-01T19:08:29.106624+00:00", "level": "INFO", "jobId": "3838d339-1f67-4357-be5a-ea74e57712a7", "keyword": "khai trương tiệm", "step": "capture", "message": "Saved post_012.png (posinset=12)", "data": {"w": 2}, "seq": 46087}
{"ts": "2026-05-01T19:08:29.107660+00:00", "level": "INFO", "jobId": "3838d339-1f67-4357-be5a-ea74e57712a7", "keyword": "khai trương tiệm", "step": "cooldown", "message": "Cooldown 1.0s (after capture)", "data": {"w": 2}, "seq": 46088}
{"ts": "2026-05-01T19:08:30.141496+00:00", "level": "INFO", "jobId": "3838d339-1f67-4357-be5a-ea74e57712a7", "keyword": "khai trương tiệm", "step": "capture", "message": "Capturing posinset=13 (13/∞)…", "data": {"w": 2}, "seq": 46089}
{"ts": "2026-05-01T19:08:31.632473+00:00", "level": "INFO", "jobId": "3838d339-1f67-4357-be5a-ea74e57712a7", "keyword": "khai trương tiệm", "step": "capture", "message": "Saved post_013.png (posinset=13)", "data": {"w": 2}, "seq": 46096}
{"ts": "2026-05-01T19:08:31.633822+00:00", "level": "INFO", "jobId": "3838d339-1f67-4357-be5a-ea74e57712a7", "keyword": "khai trương tiệm", "step": "cooldown", "message": "Cooldown 1.0s (after capture)", "data": {"w": 2}, "seq": 46097}
{"ts": "2026-05-01T19:08:32.646994+00:00", "level": "INFO", "jobId": "3838d339-1f67-4357-be5a-ea74e57712a7", "keyword": "khai trương tiệm", "step": "capture", "message": "Capturing posinset=14 (14/∞)…", "data": {"w": 2}, "seq": 46099}
{"ts": "2026-05-01T19:08:34.066402+00:00", "level": "INFO", "jobId": "3838d339-1f67-4357-be5a-ea74e57712a7", "keyword": "khai trương tiệm", "step": "capture", "message": "Saved post_014.png (posinset=14)", "data": {"w": 2}, "seq": 46104}
{"ts": "2026-05-01T19:08:34.068401+00:00", "level": "INFO", "jobId": "3838d339-1f67-4357-be5a-ea74e57712a7", "keyword": "khai trương tiệm", "step": "cooldown", "message": "Cooldown 1.0s (after capture)", "data": {"w": 2}, "seq": 46105}
{"ts": "2026-05-01T19:08:36.503119+00:00", "level": "INFO", "jobId": "3838d339-1f67-4357-be5a-ea74e57712a7", "keyword": "khai trương tiệm", "step": "capture", "message": "Capturing posinset=15 (15/∞)…", "data": {"w": 2}, "seq": 46108}
{"ts": "2026-05-01T19:08:38.661886+00:00", "level": "INFO", "jobId": "3838d339-1f67-4357-be5a-ea74e57712a7", "keyword": "khai trương tiệm", "step": "capture", "message": "Saved post_015.png (posinset=15)", "data": {"w": 2}, "seq": 46109}
{"ts": "2026-05-01T19:08:38.663882+00:00", "level": "INFO", "jobId": "3838d339-1f67-4357-be5a-ea74e57712a7", "keyword": "khai trương tiệm", "step": "cooldown", "message": "Cooldown 1.0s (after capture)", "data": {"w": 2}, "seq": 46110}
{"ts": "2026-05-01T19:08:39.685067+00:00", "level": "INFO", "jobId": "3838d339-1f67-4357-be5a-ea74e57712a7", "keyword": "khai trương tiệm", "step": "capture", "message": "Capturing posinset=16 (16/∞)…", "data": {"w": 2}, "seq": 46113}
{"ts": "2026-05-01T19:08:41.079120+00:00", "level": "INFO", "jobId": "3838d339-1f67-4357-be5a-ea74e57712a7", "keyword": "khai trương tiệm", "step": "capture", "message": "Saved post_016.png (posinset=16)", "data": {"w": 2}, "seq": 46119}
{"ts": "2026-05-01T19:08:41.080122+00:00", "level": "INFO", "jobId": "3838d339-1f67-4357-be5a-ea74e57712a7", "keyword": "khai trương tiệm", "step": "cooldown", "message": "Cooldown 1.0s (after capture)", "data": {"w": 2}, "seq": 46120}
{"ts": "2026-05-01T19:08:42.097020+00:00", "level": "INFO", "jobId": "3838d339-1f67-4357-be5a-ea74e57712a7", "keyword": "khai trương tiệm", "step": "capture", "message": "Capturing posinset=17 (17/∞)…", "data": {"w": 2}, "seq": 46121}
{"ts": "2026-05-01T19:08:42.950932+00:00", "level": "WARN", "jobId": "3838d339-1f67-4357-be5a-ea74e57712a7", "keyword": "khai trương tiệm", "step": "capture", "message": "Expand \"Xem thêm\" failed; will still screenshot. posinset=17 see_more_candidates=1 err=See-more still present in post after expansion attempts (left=1).", "data": {"w": 2}, "seq": 46126}
{"ts": "2026-05-01T19:08:43.245708+00:00", "level": "WARN", "jobId": "3838d339-1f67-4357-be5a-ea74e57712a7", "keyword": "khai trương tiệm", "step": "capture", "message": "Expand \"Xem thêm\" still failing; will screenshot anyway. posinset=17 err=See-more still present in post after expansion attempts (left=1).", "data": {"w": 2}, "seq": 46128}
{"ts": "2026-05-01T19:08:43.454163+00:00", "level": "INFO", "jobId": "3838d339-1f67-4357-be5a-ea74e57712a7", "keyword": "khai trương tiệm", "step": "capture", "message": "Saved post_017.png (posinset=17)", "data": {"w": 2}, "seq": 46129}
{"ts": "2026-05-01T19:08:43.456390+00:00", "level": "INFO", "jobId": "3838d339-1f67-4357-be5a-ea74e57712a7", "keyword": "khai trương tiệm", "step": "cooldown", "message": "Cooldown 1.0s (after capture)", "data": {"w": 2}, "seq": 46130}
{"ts": "2026-05-01T19:08:44.476650+00:00", "level": "INFO", "jobId": "3838d339-1f67-4357-be5a-ea74e57712a7", "keyword": "khai trương tiệm", "step": "heartbeat", "message": "Worker alive", "data": {"w": 2, "elapsed_s": 67}, "seq": 46132}
{"ts": "2026-05-01T19:08:44.477676+00:00", "level": "INFO", "jobId": "3838d339-1f67-4357-be5a-ea74e57712a7", "keyword": "khai trương tiệm", "step": "capture", "message": "Capturing posinset=18 (18/∞)…", "data": {"w": 2}, "seq": 46133}
{"ts": "2026-05-01T19:08:46.046068+00:00", "level": "INFO", "jobId": "3838d339-1f67-4357-be5a-ea74e57712a7", "keyword": "khai trương tiệm", "step": "capture", "message": "Saved post_018.png (posinset=18)", "data": {"w": 2}, "seq": 46136}
{"ts": "2026-05-01T19:08:46.048388+00:00", "level": "INFO", "jobId": "3838d339-1f67-4357-be5a-ea74e57712a7", "keyword": "khai trương tiệm", "step": "cooldown", "message": "Cooldown 1.0s (after capture)", "data": {"w": 2}, "seq": 46137}
{"ts": "2026-05-01T19:08:47.065971+00:00", "level": "INFO", "jobId": "3838d339-1f67-4357-be5a-ea74e57712a7", "keyword": "khai trương tiệm", "step": "capture", "message": "Capturing posinset=19 (19/∞)…", "data": {"w": 2}, "seq": 46142}
{"ts": "2026-05-01T19:08:48.464051+00:00", "level": "INFO", "jobId": "3838d339-1f67-4357-be5a-ea74e57712a7", "keyword": "khai trương tiệm", "step": "capture", "message": "Saved post_019.png (posinset=19)", "data": {"w": 2}, "seq": 46144}
{"ts": "2026-05-01T19:08:48.465051+00:00", "level": "INFO", "jobId": "3838d339-1f67-4357-be5a-ea74e57712a7", "keyword": "khai trương tiệm", "step": "cooldown", "message": "Cooldown 1.0s (after capture)", "data": {"w": 2}, "seq": 46145}
{"ts": "2026-05-01T19:08:49.481516+00:00", "level": "INFO", "jobId": "3838d339-1f67-4357-be5a-ea74e57712a7", "keyword": "khai trương tiệm", "step": "capture", "message": "Capturing posinset=20 (20/∞)…", "data": {"w": 2}, "seq": 46150}
{"ts": "2026-05-01T19:08:50.996958+00:00", "level": "INFO", "jobId": "3838d339-1f67-4357-be5a-ea74e57712a7", "keyword": "khai trương tiệm", "step": "capture", "message": "Saved post_020.png (posinset=20)", "data": {"w": 2}, "seq": 46153}
{"ts": "2026-05-01T19:08:50.997960+00:00", "level": "INFO", "jobId": "3838d339-1f67-4357-be5a-ea74e57712a7", "keyword": "khai trương tiệm", "step": "cooldown", "message": "Cooldown 1.0s (after capture)", "data": {"w": 2}, "seq": 46154}
{"ts": "2026-05-01T19:08:52.441467+00:00", "level": "INFO", "jobId": "3838d339-1f67-4357-be5a-ea74e57712a7", "keyword": "khai trương tiệm", "step": "capture", "message": "Capturing posinset=21 (21/∞)…", "data": {"w": 2}, "seq": 46155}
{"ts": "2026-05-01T19:08:54.386329+00:00", "level": "INFO", "jobId": "3838d339-1f67-4357-be5a-ea74e57712a7", "keyword": "khai trương tiệm", "step": "capture", "message": "Saved post_021.png (posinset=21)", "data": {"w": 2}, "seq": 46161}
{"ts": "2026-05-01T19:08:54.387330+00:00", "level": "INFO", "jobId": "3838d339-1f67-4357-be5a-ea74e57712a7", "keyword": "khai trương tiệm", "step": "cooldown", "message": "Cooldown 1.0s (after capture)", "data": {"w": 2}, "seq": 46162}
{"ts": "2026-05-01T19:08:55.421951+00:00", "level": "INFO", "jobId": "3838d339-1f67-4357-be5a-ea74e57712a7", "keyword": "khai trương tiệm", "step": "capture", "message": "Capturing posinset=22 (22/∞)…", "data": {"w": 2}, "seq": 46164}
{"ts": "2026-05-01T19:08:57.273228+00:00", "level": "INFO", "jobId": "3838d339-1f67-4357-be5a-ea74e57712a7", "keyword": "khai trương tiệm", "step": "capture", "message": "Saved post_022.png (posinset=22)", "data": {"w": 2}, "seq": 46165}
{"ts": "2026-05-01T19:08:57.279226+00:00", "level": "INFO", "jobId": "3838d339-1f67-4357-be5a-ea74e57712a7", "keyword": "khai trương tiệm", "step": "cooldown", "message": "Cooldown 1.0s (after capture)", "data": {"w": 2}, "seq": 46166}
{"ts": "2026-05-01T19:08:58.309602+00:00", "level": "INFO", "jobId": "3838d339-1f67-4357-be5a-ea74e57712a7", "keyword": "khai trương tiệm", "step": "capture", "message": "Capturing posinset=23 (23/∞)…", "data": {"w": 2}, "seq": 46171}
{"ts": "2026-05-01T19:08:59.809125+00:00", "level": "INFO", "jobId": "3838d339-1f67-4357-be5a-ea74e57712a7", "keyword": "khai trương tiệm", "step": "capture", "message": "Saved post_023.png (posinset=23)", "data": {"w": 2}, "seq": 46175}
{"ts": "2026-05-01T19:08:59.810125+00:00", "level": "INFO", "jobId": "3838d339-1f67-4357-be5a-ea74e57712a7", "keyword": "khai trương tiệm", "step": "cooldown", "message": "Cooldown 1.0s (after capture)", "data": {"w": 2}, "seq": 46176}
{"ts": "2026-05-01T19:09:00.835471+00:00", "level": "INFO", "jobId": "3838d339-1f67-4357-be5a-ea74e57712a7", "keyword": "khai trương tiệm", "step": "heartbeat", "message": "Worker alive", "data": {"w": 2, "elapsed_s": 84}, "seq": 46179}
{"ts": "2026-05-01T19:09:00.837526+00:00", "level": "INFO", "jobId": "3838d339-1f67-4357-be5a-ea74e57712a7", "keyword": "khai trương tiệm", "step": "capture", "message": "Capturing posinset=24 (24/∞)…", "data": {"w": 2}, "seq": 46180}
{"ts": "2026-05-01T19:09:01.770795+00:00", "level": "WARN", "jobId": "3838d339-1f67-4357-be5a-ea74e57712a7", "keyword": "khai trương tiệm", "step": "capture", "message": "Expand \"Xem thêm\" failed; will still screenshot. posinset=24 see_more_candidates=1 err=See-more still present in post after expansion attempts (left=1).", "data": {"w": 2}, "seq": 46184}
{"ts": "2026-05-01T19:09:02.055355+00:00", "level": "WARN", "jobId": "3838d339-1f67-4357-be5a-ea74e57712a7", "keyword": "khai trương tiệm", "step": "capture", "message": "Expand \"Xem thêm\" still failing; will screenshot anyway. posinset=24 err=See-more still present in post after expansion attempts (left=1).", "data": {"w": 2}, "seq": 46185}
{"ts": "2026-05-01T19:09:02.235121+00:00", "level": "INFO", "jobId": "3838d339-1f67-4357-be5a-ea74e57712a7", "keyword": "khai trương tiệm", "step": "capture", "message": "Saved post_024.png (posinset=24)", "data": {"w": 2}, "seq": 46186}
{"ts": "2026-05-01T19:09:02.236372+00:00", "level": "INFO", "jobId": "3838d339-1f67-4357-be5a-ea74e57712a7", "keyword": "khai trương tiệm", "step": "cooldown", "message": "Cooldown 1.0s (after capture)", "data": {"w": 2}, "seq": 46187}
{"ts": "2026-05-01T19:09:03.639243+00:00", "level": "INFO", "jobId": "3838d339-1f67-4357-be5a-ea74e57712a7", "keyword": "khai trương tiệm", "step": "capture", "message": "Capturing posinset=25 (25/∞)…", "data": {"w": 2}, "seq": 46190}
{"ts": "2026-05-01T19:09:05.550580+00:00", "level": "INFO", "jobId": "3838d339-1f67-4357-be5a-ea74e57712a7", "keyword": "khai trương tiệm", "step": "capture", "message": "Saved post_025.png (posinset=25)", "data": {"w": 2}, "seq": 46197}
{"ts": "2026-05-01T19:09:05.552973+00:00", "level": "INFO", "jobId": "3838d339-1f67-4357-be5a-ea74e57712a7", "keyword": "khai trương tiệm", "step": "cooldown", "message": "Cooldown 1.0s (after capture)", "data": {"w": 2}, "seq": 46198}
{"ts": "2026-05-01T19:09:06.583096+00:00", "level": "INFO", "jobId": "3838d339-1f67-4357-be5a-ea74e57712a7", "keyword": "khai trương tiệm", "step": "capture", "message": "Capturing posinset=26 (26/∞)…", "data": {"w": 2}, "seq": 46199}
{"ts": "2026-05-01T19:09:07.919233+00:00", "level": "INFO", "jobId": "3838d339-1f67-4357-be5a-ea74e57712a7", "keyword": "khai trương tiệm", "step": "capture", "message": "Saved post_026.png (posinset=26)", "data": {"w": 2}, "seq": 46205}
{"ts": "2026-05-01T19:09:07.920246+00:00", "level": "INFO", "jobId": "3838d339-1f67-4357-be5a-ea74e57712a7", "keyword": "khai trương tiệm", "step": "cooldown", "message": "Cooldown 1.0s (after capture)", "data": {"w": 2}, "seq": 46206}
{"ts": "2026-05-01T19:09:08.952055+00:00", "level": "INFO", "jobId": "3838d339-1f67-4357-be5a-ea74e57712a7", "keyword": "khai trương tiệm", "step": "capture", "message": "Capturing posinset=27 (27/∞)…", "data": {"w": 2}, "seq": 46208}
{"ts": "2026-05-01T19:09:09.845367+00:00", "level": "WARN", "jobId": "3838d339-1f67-4357-be5a-ea74e57712a7", "keyword": "khai trương tiệm", "step": "capture", "message": "Expand \"Xem thêm\" failed; will still screenshot. posinset=27 see_more_candidates=1 err=See-more still present in post after expansion attempts (left=1).", "data": {"w": 2}, "seq": 46213}
{"ts": "2026-05-01T19:09:10.140846+00:00", "level": "WARN", "jobId": "3838d339-1f67-4357-be5a-ea74e57712a7", "keyword": "khai trương tiệm", "step": "capture", "message": "Expand \"Xem thêm\" still failing; will screenshot anyway. posinset=27 err=See-more still present in post after expansion attempts (left=1).", "data": {"w": 2}, "seq": 46214}
{"ts": "2026-05-01T19:09:10.286727+00:00", "level": "INFO", "jobId": "3838d339-1f67-4357-be5a-ea74e57712a7", "keyword": "khai trương tiệm", "step": "capture", "message": "Saved post_027.png (posinset=27)", "data": {"w": 2}, "seq": 46215}
{"ts": "2026-05-01T19:09:10.287704+00:00", "level": "INFO", "jobId": "3838d339-1f67-4357-be5a-ea74e57712a7", "keyword": "khai trương tiệm", "step": "cooldown", "message": "Cooldown 1.0s (after capture)", "data": {"w": 2}, "seq": 46216}
{"ts": "2026-05-01T19:09:11.310701+00:00", "level": "INFO", "jobId": "3838d339-1f67-4357-be5a-ea74e57712a7", "keyword": "khai trương tiệm", "step": "capture", "message": "Capturing posinset=28 (28/∞)…", "data": {"w": 2}, "seq": 46219}
{"ts": "2026-05-01T19:09:12.868720+00:00", "level": "INFO", "jobId": "3838d339-1f67-4357-be5a-ea74e57712a7", "keyword": "khai trương tiệm", "step": "capture", "message": "Saved post_028.png (posinset=28)", "data": {"w": 2}, "seq": 46220}
{"ts": "2026-05-01T19:09:12.870051+00:00", "level": "INFO", "jobId": "3838d339-1f67-4357-be5a-ea74e57712a7", "keyword": "khai trương tiệm", "step": "cooldown", "message": "Cooldown 1.0s (after capture)", "data": {"w": 2}, "seq": 46221}
{"ts": "2026-05-01T19:09:13.887942+00:00", "level": "INFO", "jobId": "3838d339-1f67-4357-be5a-ea74e57712a7", "keyword": "khai trương tiệm", "step": "capture", "message": "Capturing posinset=29 (29/∞)…", "data": {"w": 2}, "seq": 46223}
{"ts": "2026-05-01T19:09:14.826934+00:00", "level": "INFO", "jobId": "3838d339-1f67-4357-be5a-ea74e57712a7", "keyword": "khai trương tiệm", "step": "capture", "message": "Saved post_029.png (posinset=29)", "data": {"w": 2}, "seq": 46226}
{"ts": "2026-05-01T19:09:14.827941+00:00", "level": "INFO", "jobId": "3838d339-1f67-4357-be5a-ea74e57712a7", "keyword": "khai trương tiệm", "step": "cooldown", "message": "Cooldown 1.0s (after capture)", "data": {"w": 2}, "seq": 46227}
{"ts": "2026-05-01T19:09:15.842747+00:00", "level": "INFO", "jobId": "3838d339-1f67-4357-be5a-ea74e57712a7", "keyword": "khai trương tiệm", "step": "heartbeat", "message": "Worker alive", "data": {"w": 2, "elapsed_s": 99}, "seq": 46232}
{"ts": "2026-05-01T19:09:15.843752+00:00", "level": "INFO", "jobId": "3838d339-1f67-4357-be5a-ea74e57712a7", "keyword": "khai trương tiệm", "step": "capture", "message": "Capturing posinset=30 (30/∞)…", "data": {"w": 2}, "seq": 46233}
{"ts": "2026-05-01T19:09:17.977524+00:00", "level": "INFO", "jobId": "3838d339-1f67-4357-be5a-ea74e57712a7", "keyword": "khai trương tiệm", "step": "capture", "message": "Saved post_030.png (posinset=30)", "data": {"w": 2}, "seq": 46237}
{"ts": "2026-05-01T19:09:17.978702+00:00", "level": "INFO", "jobId": "3838d339-1f67-4357-be5a-ea74e57712a7", "keyword": "khai trương tiệm", "step": "cooldown", "message": "Cooldown 1.0s (after capture)", "data": {"w": 2}, "seq": 46238}
{"ts": "2026-05-01T19:09:18.990150+00:00", "level": "INFO", "jobId": "3838d339-1f67-4357-be5a-ea74e57712a7", "keyword": "khai trương tiệm", "step": "capture", "message": "Capturing posinset=31 (31/∞)…", "data": {"w": 2}, "seq": 46242}
{"ts": "2026-05-01T19:09:20.409473+00:00", "level": "INFO", "jobId": "3838d339-1f67-4357-be5a-ea74e57712a7", "keyword": "khai trương tiệm", "step": "capture", "message": "Saved post_031.png (posinset=31)", "data": {"w": 2}, "seq": 46247}
{"ts": "2026-05-01T19:09:20.410476+00:00", "level": "INFO", "jobId": "3838d339-1f67-4357-be5a-ea74e57712a7", "keyword": "khai trương tiệm", "step": "cooldown", "message": "Cooldown 1.0s (after capture)", "data": {"w": 2}, "seq": 46248}
{"ts": "2026-05-01T19:09:21.435906+00:00", "level": "INFO", "jobId": "3838d339-1f67-4357-be5a-ea74e57712a7", "keyword": "khai trương tiệm", "step": "capture", "message": "Capturing posinset=32 (32/∞)…", "data": {"w": 2}, "seq": 46252}
{"ts": "2026-05-01T19:09:22.718180+00:00", "level": "INFO", "jobId": "3838d339-1f67-4357-be5a-ea74e57712a7", "keyword": "khai trương tiệm", "step": "capture", "message": "Saved post_032.png (posinset=32)", "data": {"w": 2}, "seq": 46256}
{"ts": "2026-05-01T19:09:22.720181+00:00", "level": "INFO", "jobId": "3838d339-1f67-4357-be5a-ea74e57712a7", "keyword": "khai trương tiệm", "step": "cooldown", "message": "Cooldown 1.0s (after capture)", "data": {"w": 2}, "seq": 46257}
{"ts": "2026-05-01T19:09:23.745423+00:00", "level": "INFO", "jobId": "3838d339-1f67-4357-be5a-ea74e57712a7", "keyword": "khai trương tiệm", "step": "capture", "message": "Capturing posinset=33 (33/∞)…", "data": {"w": 2}, "seq": 46261}
{"ts": "2026-05-01T19:09:25.687505+00:00", "level": "INFO", "jobId": "3838d339-1f67-4357-be5a-ea74e57712a7", "keyword": "khai trương tiệm", "step": "capture", "message": "Saved post_033.png (posinset=33)", "data": {"w": 2}, "seq": 46264}
{"ts": "2026-05-01T19:09:25.688781+00:00", "level": "INFO", "jobId": "3838d339-1f67-4357-be5a-ea74e57712a7", "keyword": "khai trương tiệm", "step": "cooldown", "message": "Cooldown 1.0s (after capture)", "data": {"w": 2}, "seq": 46265}
{"ts": "2026-05-01T19:09:26.712171+00:00", "level": "INFO", "jobId": "3838d339-1f67-4357-be5a-ea74e57712a7", "keyword": "khai trương tiệm", "step": "capture", "message": "Capturing posinset=34 (34/∞)…", "data": {"w": 2}, "seq": 46269}
{"ts": "2026-05-01T19:09:28.028796+00:00", "level": "INFO", "jobId": "3838d339-1f67-4357-be5a-ea74e57712a7", "keyword": "khai trương tiệm", "step": "capture", "message": "Saved post_034.png (posinset=34)", "data": {"w": 2}, "seq": 46274}
{"ts": "2026-05-01T19:09:28.029811+00:00", "level": "INFO", "jobId": "3838d339-1f67-4357-be5a-ea74e57712a7", "keyword": "khai trương tiệm", "step": "cooldown", "message": "Cooldown 1.0s (after capture)", "data": {"w": 2}, "seq": 46275}
{"ts": "2026-05-01T19:09:29.917557+00:00", "level": "INFO", "jobId": "3838d339-1f67-4357-be5a-ea74e57712a7", "keyword": "khai trương tiệm", "step": "capture", "message": "Capturing posinset=35 (35/∞)…", "data": {"w": 2}, "seq": 46276}
{"ts": "2026-05-01T19:09:33.454062+00:00", "level": "INFO", "jobId": "3838d339-1f67-4357-be5a-ea74e57712a7", "keyword": "khai trương tiệm", "step": "capture", "message": "Saved post_035.png (posinset=35)", "data": {"w": 2}, "seq": 46282}
{"ts": "2026-05-01T19:09:33.457058+00:00", "level": "INFO", "jobId": "3838d339-1f67-4357-be5a-ea74e57712a7", "keyword": "khai trương tiệm", "step": "cooldown", "message": "Cooldown 1.0s (after capture)", "data": {"w": 2}, "seq": 46283}
{"ts": "2026-05-01T19:09:34.489621+00:00", "level": "INFO", "jobId": "3838d339-1f67-4357-be5a-ea74e57712a7", "keyword": "khai trương tiệm", "step": "heartbeat", "message": "Worker alive", "data": {"w": 2, "elapsed_s": 117}, "seq": 46286}
{"ts": "2026-05-01T19:09:34.490624+00:00", "level": "INFO", "jobId": "3838d339-1f67-4357-be5a-ea74e57712a7", "keyword": "khai trương tiệm", "step": "capture", "message": "Capturing posinset=36 (36/∞)…", "data": {"w": 2}, "seq": 46287}
{"ts": "2026-05-01T19:09:36.145223+00:00", "level": "INFO", "jobId": "3838d339-1f67-4357-be5a-ea74e57712a7", "keyword": "khai trương tiệm", "step": "capture", "message": "Saved post_036.png (posinset=36)", "data": {"w": 2}, "seq": 46289}
{"ts": "2026-05-01T19:09:36.146252+00:00", "level": "INFO", "jobId": "3838d339-1f67-4357-be5a-ea74e57712a7", "keyword": "khai trương tiệm", "step": "cooldown", "message": "Cooldown 1.0s (after capture)", "data": {"w": 2}, "seq": 46290}
{"ts": "2026-05-01T19:09:37.207031+00:00", "level": "INFO", "jobId": "3838d339-1f67-4357-be5a-ea74e57712a7", "keyword": "khai trương tiệm", "step": "capture", "message": "Capturing posinset=37 (37/∞)…", "data": {"w": 2}, "seq": 46291}
{"ts": "2026-05-01T19:09:38.907920+00:00", "level": "INFO", "jobId": "3838d339-1f67-4357-be5a-ea74e57712a7", "keyword": "khai trương tiệm", "step": "capture", "message": "Saved post_037.png (posinset=37)", "data": {"w": 2}, "seq": 46298}
{"ts": "2026-05-01T19:09:38.911950+00:00", "level": "INFO", "jobId": "3838d339-1f67-4357-be5a-ea74e57712a7", "keyword": "khai trương tiệm", "step": "cooldown", "message": "Cooldown 1.0s (after capture)", "data": {"w": 2}, "seq": 46299}
{"ts": "2026-05-01T19:09:39.945977+00:00", "level": "INFO", "jobId": "3838d339-1f67-4357-be5a-ea74e57712a7", "keyword": "khai trương tiệm", "step": "capture", "message": "Capturing posinset=38 (38/∞)…", "data": {"w": 2}, "seq": 46301}
{"ts": "2026-05-01T19:09:41.994155+00:00", "level": "INFO", "jobId": "3838d339-1f67-4357-be5a-ea74e57712a7", "keyword": "khai trương tiệm", "step": "capture", "message": "Saved post_038.png (posinset=38)", "data": {"w": 2}, "seq": 46302}
{"ts": "2026-05-01T19:09:41.995459+00:00", "level": "INFO", "jobId": "3838d339-1f67-4357-be5a-ea74e57712a7", "keyword": "khai trương tiệm", "step": "cooldown", "message": "Cooldown 1.0s (after capture)", "data": {"w": 2}, "seq": 46303}
{"ts": "2026-05-01T19:09:43.025054+00:00", "level": "INFO", "jobId": "3838d339-1f67-4357-be5a-ea74e57712a7", "keyword": "khai trương tiệm", "step": "capture", "message": "Capturing posinset=39 (39/∞)…", "data": {"w": 2}, "seq": 46308}
{"ts": "2026-05-01T19:09:45.094611+00:00", "level": "INFO", "jobId": "3838d339-1f67-4357-be5a-ea74e57712a7", "keyword": "khai trương tiệm", "step": "capture", "message": "Saved post_039.png (posinset=39)", "data": {"w": 2}, "seq": 46311}
{"ts": "2026-05-01T19:09:45.098612+00:00", "level": "INFO", "jobId": "3838d339-1f67-4357-be5a-ea74e57712a7", "keyword": "khai trương tiệm", "step": "cooldown", "message": "Cooldown 1.0s (after capture)", "data": {"w": 2}, "seq": 46312}
{"ts": "2026-05-01T19:09:46.206667+00:00", "level": "INFO", "jobId": "3838d339-1f67-4357-be5a-ea74e57712a7", "keyword": "khai trương tiệm", "step": "capture", "message": "Capturing posinset=40 (40/∞)…", "data": {"w": 2}, "seq": 46313}
{"ts": "2026-05-01T19:09:47.757499+00:00", "level": "INFO", "jobId": "3838d339-1f67-4357-be5a-ea74e57712a7", "keyword": "khai trương tiệm", "step": "capture", "message": "Saved post_040.png (posinset=40)", "data": {"w": 2}, "seq": 46316}
{"ts": "2026-05-01T19:09:47.758984+00:00", "level": "INFO", "jobId": "3838d339-1f67-4357-be5a-ea74e57712a7", "keyword": "khai trương tiệm", "step": "cooldown", "message": "Cooldown 1.0s (after capture)", "data": {"w": 2}, "seq": 46317}
{"ts": "2026-05-01T19:09:48.778533+00:00", "level": "INFO", "jobId": "3838d339-1f67-4357-be5a-ea74e57712a7", "keyword": "khai trương tiệm", "step": "capture", "message": "Capturing posinset=41 (41/∞)…", "data": {"w": 2}, "seq": 46319}
{"ts": "2026-05-01T19:09:53.472688+00:00", "level": "INFO", "jobId": "3838d339-1f67-4357-be5a-ea74e57712a7", "keyword": "khai trương tiệm", "step": "heartbeat", "message": "Worker alive", "data": {"w": 2, "elapsed_s": 136}, "seq": 46322}
{"ts": "2026-05-01T19:09:53.473846+00:00", "level": "INFO", "jobId": "3838d339-1f67-4357-be5a-ea74e57712a7", "keyword": "khai trương tiệm", "step": "capture", "message": "Capturing posinset=41 (41/∞)…", "data": {"w": 2}, "seq": 46323}
{"ts": "2026-05-01T19:09:55.589308+00:00", "level": "INFO", "jobId": "3838d339-1f67-4357-be5a-ea74e57712a7", "keyword": "khai trương tiệm", "step": "capture", "message": "Saved post_041.png (posinset=41)", "data": {"w": 2}, "seq": 46327}
{"ts": "2026-05-01T19:09:55.590308+00:00", "level": "INFO", "jobId": "3838d339-1f67-4357-be5a-ea74e57712a7", "keyword": "khai trương tiệm", "step": "cooldown", "message": "Cooldown 1.0s (after capture)", "data": {"w": 2}, "seq": 46328}
{"ts": "2026-05-01T19:09:56.637110+00:00", "level": "INFO", "jobId": "3838d339-1f67-4357-be5a-ea74e57712a7", "keyword": "khai trương tiệm", "step": "capture", "message": "Capturing posinset=42 (42/∞)…", "data": {"w": 2}, "seq": 46333}
{"ts": "2026-05-01T19:09:58.352972+00:00", "level": "INFO", "jobId": "3838d339-1f67-4357-be5a-ea74e57712a7", "keyword": "khai trương tiệm", "step": "capture", "message": "Saved post_042.png (posinset=42)", "data": {"w": 2}, "seq": 46336}
{"ts": "2026-05-01T19:09:58.354971+00:00", "level": "INFO", "jobId": "3838d339-1f67-4357-be5a-ea74e57712a7", "keyword": "khai trương tiệm", "step": "cooldown", "message": "Cooldown 1.0s (after capture)", "data": {"w": 2}, "seq": 46337}
{"ts": "2026-05-01T19:09:59.383999+00:00", "level": "INFO", "jobId": "3838d339-1f67-4357-be5a-ea74e57712a7", "keyword": "khai trương tiệm", "step": "capture", "message": "Capturing posinset=43 (43/∞)…", "data": {"w": 2}, "seq": 46340}
{"ts": "2026-05-01T19:10:02.280631+00:00", "level": "INFO", "jobId": "3838d339-1f67-4357-be5a-ea74e57712a7", "keyword": "khai trương tiệm", "step": "capture", "message": "Saved post_043.png (posinset=43)", "data": {"w": 2}, "seq": 46342}
{"ts": "2026-05-01T19:10:02.285633+00:00", "level": "INFO", "jobId": "3838d339-1f67-4357-be5a-ea74e57712a7", "keyword": "khai trương tiệm", "step": "cooldown", "message": "Cooldown 1.0s (after capture)", "data": {"w": 2}, "seq": 46343}
{"ts": "2026-05-01T19:10:03.311221+00:00", "level": "INFO", "jobId": "3838d339-1f67-4357-be5a-ea74e57712a7", "keyword": "khai trương tiệm", "step": "capture", "message": "Capturing posinset=44 (44/∞)…", "data": {"w": 2}, "seq": 46348}
{"ts": "2026-05-01T19:10:04.979082+00:00", "level": "INFO", "jobId": "3838d339-1f67-4357-be5a-ea74e57712a7", "keyword": "khai trương tiệm", "step": "capture", "message": "Saved post_044.png (posinset=44)", "data": {"w": 2}, "seq": 46351}
{"ts": "2026-05-01T19:10:04.981088+00:00", "level": "INFO", "jobId": "3838d339-1f67-4357-be5a-ea74e57712a7", "keyword": "khai trương tiệm", "step": "cooldown", "message": "Cooldown 1.0s (after capture)", "data": {"w": 2}, "seq": 46352}
{"ts": "2026-05-01T19:10:06.008750+00:00", "level": "INFO", "jobId": "3838d339-1f67-4357-be5a-ea74e57712a7", "keyword": "khai trương tiệm", "step": "capture", "message": "Capturing posinset=45 (45/∞)…", "data": {"w": 2}, "seq": 46355}
{"ts": "2026-05-01T19:10:07.553387+00:00", "level": "INFO", "jobId": "3838d339-1f67-4357-be5a-ea74e57712a7", "keyword": "khai trương tiệm", "step": "capture", "message": "Saved post_045.png (posinset=45)", "data": {"w": 2}, "seq": 46360}
{"ts": "2026-05-01T19:10:07.554677+00:00", "level": "INFO", "jobId": "3838d339-1f67-4357-be5a-ea74e57712a7", "keyword": "khai trương tiệm", "step": "cooldown", "message": "Cooldown 1.0s (after capture)", "data": {"w": 2}, "seq": 46361}
{"ts": "2026-05-01T19:10:09.185469+00:00", "level": "INFO", "jobId": "3838d339-1f67-4357-be5a-ea74e57712a7", "keyword": "khai trương tiệm", "step": "heartbeat", "message": "Worker alive", "data": {"w": 2, "elapsed_s": 152}, "seq": 46362}
{"ts": "2026-05-01T19:10:09.189470+00:00", "level": "INFO", "jobId": "3838d339-1f67-4357-be5a-ea74e57712a7", "keyword": "khai trương tiệm", "step": "capture", "message": "Capturing posinset=46 (46/∞)…", "data": {"w": 2}, "seq": 46363}
{"ts": "2026-05-01T19:10:12.635481+00:00", "level": "INFO", "jobId": "3838d339-1f67-4357-be5a-ea74e57712a7", "keyword": "khai trương tiệm", "step": "capture", "message": "Capturing posinset=46 (46/∞)…", "data": {"w": 2}, "seq": 46371}
{"ts": "2026-05-01T19:10:14.202071+00:00", "level": "INFO", "jobId": "3838d339-1f67-4357-be5a-ea74e57712a7", "keyword": "khai trương tiệm", "step": "capture", "message": "Saved post_046.png (posinset=46)", "data": {"w": 2}, "seq": 46372}
{"ts": "2026-05-01T19:10:14.203071+00:00", "level": "INFO", "jobId": "3838d339-1f67-4357-be5a-ea74e57712a7", "keyword": "khai trương tiệm", "step": "cooldown", "message": "Cooldown 1.0s (after capture)", "data": {"w": 2}, "seq": 46373}
{"ts": "2026-05-01T19:10:15.231517+00:00", "level": "INFO", "jobId": "3838d339-1f67-4357-be5a-ea74e57712a7", "keyword": "khai trương tiệm", "step": "capture", "message": "Capturing posinset=47 (47/∞)…", "data": {"w": 2}, "seq": 46378}
{"ts": "2026-05-01T19:10:16.486123+00:00", "level": "INFO", "jobId": "3838d339-1f67-4357-be5a-ea74e57712a7", "keyword": "khai trương tiệm", "step": "capture", "message": "Saved post_047.png (posinset=47)", "data": {"w": 2}, "seq": 46382}
{"ts": "2026-05-01T19:10:16.487262+00:00", "level": "INFO", "jobId": "3838d339-1f67-4357-be5a-ea74e57712a7", "keyword": "khai trương tiệm", "step": "cooldown", "message": "Cooldown 1.0s (after capture)", "data": {"w": 2}, "seq": 46383}
{"ts": "2026-05-01T19:10:17.511586+00:00", "level": "INFO", "jobId": "3838d339-1f67-4357-be5a-ea74e57712a7", "keyword": "khai trương tiệm", "step": "capture", "message": "Capturing posinset=48 (48/∞)…", "data": {"w": 2}, "seq": 46384}
{"ts": "2026-05-01T19:10:19.723092+00:00", "level": "INFO", "jobId": "3838d339-1f67-4357-be5a-ea74e57712a7", "keyword": "khai trương tiệm", "step": "capture", "message": "Saved post_048.png (posinset=48)", "data": {"w": 2}, "seq": 46390}
{"ts": "2026-05-01T19:10:19.725558+00:00", "level": "INFO", "jobId": "3838d339-1f67-4357-be5a-ea74e57712a7", "keyword": "khai trương tiệm", "step": "cooldown", "message": "Cooldown 1.0s (after capture)", "data": {"w": 2}, "seq": 46391}
{"ts": "2026-05-01T19:10:20.759661+00:00", "level": "INFO", "jobId": "3838d339-1f67-4357-be5a-ea74e57712a7", "keyword": "khai trương tiệm", "step": "capture", "message": "Capturing posinset=49 (49/∞)…", "data": {"w": 2}, "seq": 46393}
{"ts": "2026-05-01T19:10:22.139991+00:00", "level": "INFO", "jobId": "3838d339-1f67-4357-be5a-ea74e57712a7", "keyword": "khai trương tiệm", "step": "capture", "message": "Saved post_049.png (posinset=49)", "data": {"w": 2}, "seq": 46396}
{"ts": "2026-05-01T19:10:22.141793+00:00", "level": "INFO", "jobId": "3838d339-1f67-4357-be5a-ea74e57712a7", "keyword": "khai trương tiệm", "step": "cooldown", "message": "Cooldown 1.0s (after capture)", "data": {"w": 2}, "seq": 46397}
{"ts": "2026-05-01T19:10:23.367859+00:00", "level": "INFO", "jobId": "3838d339-1f67-4357-be5a-ea74e57712a7", "keyword": "khai trương tiệm", "step": "capture", "message": "Capturing posinset=50 (50/∞)…", "data": {"w": 2}, "seq": 46401}
{"ts": "2026-05-01T19:10:26.287872+00:00", "level": "INFO", "jobId": "3838d339-1f67-4357-be5a-ea74e57712a7", "keyword": "khai trương tiệm", "step": "capture", "message": "Saved post_050.png (posinset=50)", "data": {"w": 2}, "seq": 46407}
{"ts": "2026-05-01T19:10:26.290010+00:00", "level": "INFO", "jobId": "3838d339-1f67-4357-be5a-ea74e57712a7", "keyword": "khai trương tiệm", "step": "cooldown", "message": "Cooldown 1.0s (after capture)", "data": {"w": 2}, "seq": 46408}
{"ts": "2026-05-01T19:10:27.333571+00:00", "level": "INFO", "jobId": "3838d339-1f67-4357-be5a-ea74e57712a7", "keyword": "khai trương tiệm", "step": "heartbeat", "message": "Worker alive", "data": {"w": 2, "elapsed_s": 170}, "seq": 46412}
{"ts": "2026-05-01T19:10:27.335789+00:00", "level": "INFO", "jobId": "3838d339-1f67-4357-be5a-ea74e57712a7", "keyword": "khai trương tiệm", "step": "capture", "message": "Capturing posinset=51 (51/∞)…", "data": {"w": 2}, "seq": 46413}
{"ts": "2026-05-01T19:10:29.382798+00:00", "level": "INFO", "jobId": "3838d339-1f67-4357-be5a-ea74e57712a7", "keyword": "khai trương tiệm", "step": "capture", "message": "Saved post_051.png (posinset=51)", "data": {"w": 2}, "seq": 46414}
{"ts": "2026-05-01T19:10:29.384024+00:00", "level": "INFO", "jobId": "3838d339-1f67-4357-be5a-ea74e57712a7", "keyword": "khai trương tiệm", "step": "cooldown", "message": "Cooldown 1.0s (after capture)", "data": {"w": 2}, "seq": 46415}
{"ts": "2026-05-01T19:10:30.403476+00:00", "level": "INFO", "jobId": "3838d339-1f67-4357-be5a-ea74e57712a7", "keyword": "khai trương tiệm", "step": "capture", "message": "Capturing posinset=52 (52/∞)…", "data": {"w": 2}, "seq": 46420}
{"ts": "2026-05-01T19:10:32.147334+00:00", "level": "INFO", "jobId": "3838d339-1f67-4357-be5a-ea74e57712a7", "keyword": "khai trương tiệm", "step": "capture", "message": "Saved post_052.png (posinset=52)", "data": {"w": 2}, "seq": 46424}
{"ts": "2026-05-01T19:10:32.149704+00:00", "level": "INFO", "jobId": "3838d339-1f67-4357-be5a-ea74e57712a7", "keyword": "khai trương tiệm", "step": "cooldown", "message": "Cooldown 1.0s (after capture)", "data": {"w": 2}, "seq": 46425}
{"ts": "2026-05-01T19:10:33.198931+00:00", "level": "INFO", "jobId": "3838d339-1f67-4357-be5a-ea74e57712a7", "keyword": "khai trương tiệm", "step": "capture", "message": "Capturing posinset=53 (53/∞)…", "data": {"w": 2}, "seq": 46428}
{"ts": "2026-05-01T19:10:34.754194+00:00", "level": "INFO", "jobId": "3838d339-1f67-4357-be5a-ea74e57712a7", "keyword": "khai trương tiệm", "step": "capture", "message": "Saved post_053.png (posinset=53)", "data": {"w": 2}, "seq": 46432}
{"ts": "2026-05-01T19:10:34.755359+00:00", "level": "INFO", "jobId": "3838d339-1f67-4357-be5a-ea74e57712a7", "keyword": "khai trương tiệm", "step": "cooldown", "message": "Cooldown 1.0s (after capture)", "data": {"w": 2}, "seq": 46433}
{"ts": "2026-05-01T19:10:35.792282+00:00", "level": "INFO", "jobId": "3838d339-1f67-4357-be5a-ea74e57712a7", "keyword": "khai trương tiệm", "step": "capture", "message": "Capturing posinset=54 (54/∞)…", "data": {"w": 2}, "seq": 46435}
{"ts": "2026-05-01T19:10:37.166716+00:00", "level": "INFO", "jobId": "3838d339-1f67-4357-be5a-ea74e57712a7", "keyword": "khai trương tiệm", "step": "capture", "message": "Saved post_054.png (posinset=54)", "data": {"w": 2}, "seq": 46436}
{"ts": "2026-05-01T19:10:37.167731+00:00", "level": "INFO", "jobId": "3838d339-1f67-4357-be5a-ea74e57712a7", "keyword": "khai trương tiệm", "step": "cooldown", "message": "Cooldown 1.0s (after capture)", "data": {"w": 2}, "seq": 46437}
{"ts": "2026-05-01T19:10:38.198117+00:00", "level": "INFO", "jobId": "3838d339-1f67-4357-be5a-ea74e57712a7", "keyword": "khai trương tiệm", "step": "capture", "message": "Capturing posinset=55 (55/∞)…", "data": {"w": 2}, "seq": 46440}
{"ts": "2026-05-01T19:10:40.137809+00:00", "level": "INFO", "jobId": "3838d339-1f67-4357-be5a-ea74e57712a7", "keyword": "khai trương tiệm", "step": "capture", "message": "Saved post_055.png (posinset=55)", "data": {"w": 2}, "seq": 46442}
{"ts": "2026-05-01T19:10:40.138812+00:00", "level": "INFO", "jobId": "3838d339-1f67-4357-be5a-ea74e57712a7", "keyword": "khai trương tiệm", "step": "cooldown", "message": "Cooldown 1.0s (after capture)", "data": {"w": 2}, "seq": 46443}
{"ts": "2026-05-01T19:10:42.068909+00:00", "level": "INFO", "jobId": "3838d339-1f67-4357-be5a-ea74e57712a7", "keyword": "khai trương tiệm", "step": "capture", "message": "Capturing posinset=56 (56/∞)…", "data": {"w": 2}, "seq": 46447}
{"ts": "2026-05-01T19:10:44.113454+00:00", "level": "INFO", "jobId": "3838d339-1f67-4357-be5a-ea74e57712a7", "keyword": "khai trương tiệm", "step": "capture", "message": "Saved post_056.png (posinset=56)", "data": {"w": 2}, "seq": 46450}
{"ts": "2026-05-01T19:10:44.115438+00:00", "level": "INFO", "jobId": "3838d339-1f67-4357-be5a-ea74e57712a7", "keyword": "khai trương tiệm", "step": "cooldown", "message": "Cooldown 1.0s (after capture)", "data": {"w": 2}, "seq": 46451}
{"ts": "2026-05-01T19:10:45.134273+00:00", "level": "INFO", "jobId": "3838d339-1f67-4357-be5a-ea74e57712a7", "keyword": "khai trương tiệm", "step": "heartbeat", "message": "Worker alive", "data": {"w": 2, "elapsed_s": 188}, "seq": 46455}
{"ts": "2026-05-01T19:10:45.135816+00:00", "level": "INFO", "jobId": "3838d339-1f67-4357-be5a-ea74e57712a7", "keyword": "khai trương tiệm", "step": "capture", "message": "Capturing posinset=57 (57/∞)…", "data": {"w": 2}, "seq": 46456}
{"ts": "2026-05-01T19:10:47.097343+00:00", "level": "INFO", "jobId": "3838d339-1f67-4357-be5a-ea74e57712a7", "keyword": "khai trương tiệm", "step": "capture", "message": "Saved post_057.png (posinset=57)", "data": {"w": 2}, "seq": 46461}
{"ts": "2026-05-01T19:10:47.098342+00:00", "level": "INFO", "jobId": "3838d339-1f67-4357-be5a-ea74e57712a7", "keyword": "khai trương tiệm", "step": "cooldown", "message": "Cooldown 1.0s (after capture)", "data": {"w": 2}, "seq": 46462}
{"ts": "2026-05-01T19:10:48.134379+00:00", "level": "INFO", "jobId": "3838d339-1f67-4357-be5a-ea74e57712a7", "keyword": "khai trương tiệm", "step": "capture", "message": "Capturing posinset=58 (58/∞)…", "data": {"w": 2}, "seq": 46465}
{"ts": "2026-05-01T19:10:52.069016+00:00", "level": "INFO", "jobId": "3838d339-1f67-4357-be5a-ea74e57712a7", "keyword": "khai trương tiệm", "step": "capture", "message": "Saved post_058.png (posinset=58)", "data": {"w": 2}, "seq": 46472}
{"ts": "2026-05-01T19:10:52.078021+00:00", "level": "INFO", "jobId": "3838d339-1f67-4357-be5a-ea74e57712a7", "keyword": "khai trương tiệm", "step": "cooldown", "message": "Cooldown 1.0s (after capture)", "data": {"w": 2}, "seq": 46473}
{"ts": "2026-05-01T19:10:53.111293+00:00", "level": "INFO", "jobId": "3838d339-1f67-4357-be5a-ea74e57712a7", "keyword": "khai trương tiệm", "step": "capture", "message": "Capturing posinset=59 (59/∞)…", "data": {"w": 2}, "seq": 46475}
{"ts": "2026-05-01T19:10:55.135040+00:00", "level": "INFO", "jobId": "3838d339-1f67-4357-be5a-ea74e57712a7", "keyword": "khai trương tiệm", "step": "capture", "message": "Saved post_059.png (posinset=59)", "data": {"w": 2}, "seq": 46479}
{"ts": "2026-05-01T19:10:55.137504+00:00", "level": "INFO", "jobId": "3838d339-1f67-4357-be5a-ea74e57712a7", "keyword": "khai trương tiệm", "step": "cooldown", "message": "Cooldown 1.0s (after capture)", "data": {"w": 2}, "seq": 46480}
{"ts": "2026-05-01T19:10:56.179301+00:00", "level": "INFO", "jobId": "3838d339-1f67-4357-be5a-ea74e57712a7", "keyword": "khai trương tiệm", "step": "capture", "message": "Capturing posinset=60 (60/∞)…", "data": {"w": 2}, "seq": 46482}
{"ts": "2026-05-01T19:10:58.093784+00:00", "level": "INFO", "jobId": "3838d339-1f67-4357-be5a-ea74e57712a7", "keyword": "khai trương tiệm", "step": "capture", "message": "Saved post_060.png (posinset=60)", "data": {"w": 2}, "seq": 46484}
{"ts": "2026-05-01T19:10:58.095072+00:00", "level": "INFO", "jobId": "3838d339-1f67-4357-be5a-ea74e57712a7", "keyword": "khai trương tiệm", "step": "cooldown", "message": "Cooldown 1.0s (after capture)", "data": {"w": 2}, "seq": 46485}
{"ts": "2026-05-01T19:10:59.860402+00:00", "level": "INFO", "jobId": "3838d339-1f67-4357-be5a-ea74e57712a7", "keyword": "khai trương tiệm", "step": "capture", "message": "Capturing posinset=61 (61/∞)…", "data": {"w": 2}, "seq": 46486}
{"ts": "2026-05-01T19:11:02.944496+00:00", "level": "INFO", "jobId": "3838d339-1f67-4357-be5a-ea74e57712a7", "keyword": "khai trương tiệm", "step": "capture", "message": "Saved post_061.png (posinset=61)", "data": {"w": 2}, "seq": 46489}
{"ts": "2026-05-01T19:11:02.945974+00:00", "level": "INFO", "jobId": "3838d339-1f67-4357-be5a-ea74e57712a7", "keyword": "khai trương tiệm", "step": "cooldown", "message": "Cooldown 1.0s (after capture)", "data": {"w": 2}, "seq": 46490}
{"ts": "2026-05-01T19:11:03.967775+00:00", "level": "INFO", "jobId": "3838d339-1f67-4357-be5a-ea74e57712a7", "keyword": "khai trương tiệm", "step": "heartbeat", "message": "Worker alive", "data": {"w": 2, "elapsed_s": 207}, "seq": 46493}
{"ts": "2026-05-01T19:11:03.968791+00:00", "level": "INFO", "jobId": "3838d339-1f67-4357-be5a-ea74e57712a7", "keyword": "khai trương tiệm", "step": "capture", "message": "Capturing posinset=62 (62/∞)…", "data": {"w": 2}, "seq": 46494}
{"ts": "2026-05-01T19:11:05.566605+00:00", "level": "INFO", "jobId": "3838d339-1f67-4357-be5a-ea74e57712a7", "keyword": "khai trương tiệm", "step": "capture", "message": "Saved post_062.png (posinset=62)", "data": {"w": 2}, "seq": 46496}
{"ts": "2026-05-01T19:11:05.567662+00:00", "level": "INFO", "jobId": "3838d339-1f67-4357-be5a-ea74e57712a7", "keyword": "khai trương tiệm", "step": "cooldown", "message": "Cooldown 1.0s (after capture)", "data": {"w": 2}, "seq": 46497}
{"ts": "2026-05-01T19:11:06.598541+00:00", "level": "INFO", "jobId": "3838d339-1f67-4357-be5a-ea74e57712a7", "keyword": "khai trương tiệm", "step": "capture", "message": "Capturing posinset=63 (63/∞)…", "data": {"w": 2}, "seq": 46498}
{"ts": "2026-05-01T19:11:07.963809+00:00", "level": "INFO", "jobId": "3838d339-1f67-4357-be5a-ea74e57712a7", "keyword": "khai trương tiệm", "step": "capture", "message": "Saved post_063.png (posinset=63)", "data": {"w": 2}, "seq": 46502}
{"ts": "2026-05-01T19:11:07.964856+00:00", "level": "INFO", "jobId": "3838d339-1f67-4357-be5a-ea74e57712a7", "keyword": "khai trương tiệm", "step": "cooldown", "message": "Cooldown 1.0s (after capture)", "data": {"w": 2}, "seq": 46503}
{"ts": "2026-05-01T19:11:09.009989+00:00", "level": "INFO", "jobId": "3838d339-1f67-4357-be5a-ea74e57712a7", "keyword": "khai trương tiệm", "step": "capture", "message": "Capturing posinset=64 (64/∞)…", "data": {"w": 2}, "seq": 46506}
{"ts": "2026-05-01T19:11:10.705621+00:00", "level": "INFO", "jobId": "3838d339-1f67-4357-be5a-ea74e57712a7", "keyword": "khai trương tiệm", "step": "capture", "message": "Saved post_064.png (posinset=64)", "data": {"w": 2}, "seq": 46509}
{"ts": "2026-05-01T19:11:10.707622+00:00", "level": "INFO", "jobId": "3838d339-1f67-4357-be5a-ea74e57712a7", "keyword": "khai trương tiệm", "step": "cooldown", "message": "Cooldown 1.0s (after capture)", "data": {"w": 2}, "seq": 46510}
{"ts": "2026-05-01T19:11:11.726417+00:00", "level": "INFO", "jobId": "3838d339-1f67-4357-be5a-ea74e57712a7", "keyword": "khai trương tiệm", "step": "capture", "message": "Capturing posinset=65 (65/∞)…", "data": {"w": 2}, "seq": 46512}
{"ts": "2026-05-01T19:11:13.857265+00:00", "level": "INFO", "jobId": "3838d339-1f67-4357-be5a-ea74e57712a7", "keyword": "khai trương tiệm", "step": "capture", "message": "Saved post_065.png (posinset=65)", "data": {"w": 2}, "seq": 46515}
{"ts": "2026-05-01T19:11:13.859763+00:00", "level": "INFO", "jobId": "3838d339-1f67-4357-be5a-ea74e57712a7", "keyword": "khai trương tiệm", "step": "cooldown", "message": "Cooldown 1.0s (after capture)", "data": {"w": 2}, "seq": 46516}
{"ts": "2026-05-01T19:11:15.288739+00:00", "level": "INFO", "jobId": "3838d339-1f67-4357-be5a-ea74e57712a7", "keyword": "khai trương tiệm", "step": "capture", "message": "Capturing posinset=66 (66/∞)…", "data": {"w": 2}, "seq": 46518}
{"ts": "2026-05-01T19:11:17.137000+00:00", "level": "INFO", "jobId": "3838d339-1f67-4357-be5a-ea74e57712a7", "keyword": "khai trương tiệm", "step": "capture", "message": "Saved post_066.png (posinset=66)", "data": {"w": 2}, "seq": 46519}
{"ts": "2026-05-01T19:11:17.139002+00:00", "level": "INFO", "jobId": "3838d339-1f67-4357-be5a-ea74e57712a7", "keyword": "khai trương tiệm", "step": "cooldown", "message": "Cooldown 1.0s (after capture)", "data": {"w": 2}, "seq": 46520}
{"ts": "2026-05-01T19:11:18.166059+00:00", "level": "INFO", "jobId": "3838d339-1f67-4357-be5a-ea74e57712a7", "keyword": "khai trương tiệm", "step": "capture", "message": "Capturing posinset=67 (67/∞)…", "data": {"w": 2}, "seq": 46523}
{"ts": "2026-05-01T19:11:20.076888+00:00", "level": "INFO", "jobId": "3838d339-1f67-4357-be5a-ea74e57712a7", "keyword": "khai trương tiệm", "step": "capture", "message": "Saved post_067.png (posinset=67)", "data": {"w": 2}, "seq": 46527}
{"ts": "2026-05-01T19:11:20.077887+00:00", "level": "INFO", "jobId": "3838d339-1f67-4357-be5a-ea74e57712a7", "keyword": "khai trương tiệm", "step": "cooldown", "message": "Cooldown 1.0s (after capture)", "data": {"w": 2}, "seq": 46528}
{"ts": "2026-05-01T19:11:21.111451+00:00", "level": "INFO", "jobId": "3838d339-1f67-4357-be5a-ea74e57712a7", "keyword": "khai trương tiệm", "step": "heartbeat", "message": "Worker alive", "data": {"w": 2, "elapsed_s": 224}, "seq": 46533}
{"ts": "2026-05-01T19:11:21.112449+00:00", "level": "INFO", "jobId": "3838d339-1f67-4357-be5a-ea74e57712a7", "keyword": "khai trương tiệm", "step": "capture", "message": "Capturing posinset=68 (68/∞)…", "data": {"w": 2}, "seq": 46534}
{"ts": "2026-05-01T19:11:22.730448+00:00", "level": "INFO", "jobId": "3838d339-1f67-4357-be5a-ea74e57712a7", "keyword": "khai trương tiệm", "step": "capture", "message": "Saved post_068.png (posinset=68)", "data": {"w": 2}, "seq": 46540}
{"ts": "2026-05-01T19:11:22.730448+00:00", "level": "INFO", "jobId": "3838d339-1f67-4357-be5a-ea74e57712a7", "keyword": "khai trương tiệm", "step": "cooldown", "message": "Cooldown 1.0s (after capture)", "data": {"w": 2}, "seq": 46541}
{"ts": "2026-05-01T19:11:24.614545+00:00", "level": "INFO", "jobId": "3838d339-1f67-4357-be5a-ea74e57712a7", "keyword": "khai trương tiệm", "step": "capture", "message": "Capturing posinset=69 (69/∞)…", "data": {"w": 2}, "seq": 46542}
{"ts": "2026-05-01T19:11:29.429701+00:00", "level": "INFO", "jobId": "3838d339-1f67-4357-be5a-ea74e57712a7", "keyword": "khai trương tiệm", "step": "capture", "message": "Saved post_069.png (posinset=69)", "data": {"w": 2}, "seq": 46548}
{"ts": "2026-05-01T19:11:29.431701+00:00", "level": "INFO", "jobId": "3838d339-1f67-4357-be5a-ea74e57712a7", "keyword": "khai trương tiệm", "step": "cooldown", "message": "Cooldown 1.0s (after capture)", "data": {"w": 2}, "seq": 46549}
{"ts": "2026-05-01T19:11:30.464682+00:00", "level": "INFO", "jobId": "3838d339-1f67-4357-be5a-ea74e57712a7", "keyword": "khai trương tiệm", "step": "capture", "message": "Capturing posinset=70 (70/∞)…", "data": {"w": 2}, "seq": 46552}
{"ts": "2026-05-01T19:11:34.013093+00:00", "level": "INFO", "jobId": "3838d339-1f67-4357-be5a-ea74e57712a7", "keyword": "khai trương tiệm", "step": "capture", "message": "Saved post_070.png (posinset=70)", "data": {"w": 2}, "seq": 46554}
{"ts": "2026-05-01T19:11:34.016092+00:00", "level": "INFO", "jobId": "3838d339-1f67-4357-be5a-ea74e57712a7", "keyword": "khai trương tiệm", "step": "cooldown", "message": "Cooldown 1.0s (after capture)", "data": {"w": 2}, "seq": 46555}
{"ts": "2026-05-01T19:11:35.076362+00:00", "level": "INFO", "jobId": "3838d339-1f67-4357-be5a-ea74e57712a7", "keyword": "khai trương tiệm", "step": "capture", "message": "Capturing posinset=71 (71/∞)…", "data": {"w": 2}, "seq": 46558}
{"ts": "2026-05-01T19:11:41.971376+00:00", "level": "INFO", "jobId": "3838d339-1f67-4357-be5a-ea74e57712a7", "keyword": "khai trương tiệm", "step": "capture", "message": "Saved post_071.png (posinset=71)", "data": {"w": 2}, "seq": 46563}
{"ts": "2026-05-01T19:11:41.973380+00:00", "level": "INFO", "jobId": "3838d339-1f67-4357-be5a-ea74e57712a7", "keyword": "khai trương tiệm", "step": "cooldown", "message": "Cooldown 1.0s (after capture)", "data": {"w": 2}, "seq": 46564}
{"ts": "2026-05-01T19:11:43.020590+00:00", "level": "INFO", "jobId": "3838d339-1f67-4357-be5a-ea74e57712a7", "keyword": "khai trương tiệm", "step": "heartbeat", "message": "Worker alive", "data": {"w": 2, "elapsed_s": 246}, "seq": 46565}
{"ts": "2026-05-01T19:11:43.023591+00:00", "level": "INFO", "jobId": "3838d339-1f67-4357-be5a-ea74e57712a7", "keyword": "khai trương tiệm", "step": "capture", "message": "Capturing posinset=72 (72/∞)…", "data": {"w": 2}, "seq": 46566}
{"ts": "2026-05-01T19:11:45.844638+00:00", "level": "INFO", "jobId": "3838d339-1f67-4357-be5a-ea74e57712a7", "keyword": "khai trương tiệm", "step": "capture", "message": "Saved post_072.png (posinset=72)", "data": {"w": 2}, "seq": 46573}
{"ts": "2026-05-01T19:11:45.845639+00:00", "level": "INFO", "jobId": "3838d339-1f67-4357-be5a-ea74e57712a7", "keyword": "khai trương tiệm", "step": "cooldown", "message": "Cooldown 1.0s (after capture)", "data": {"w": 2}, "seq": 46574}
{"ts": "2026-05-01T19:11:46.894181+00:00", "level": "INFO", "jobId": "3838d339-1f67-4357-be5a-ea74e57712a7", "keyword": "khai trương tiệm", "step": "capture", "message": "Capturing posinset=73 (73/∞)…", "data": {"w": 2}, "seq": 46576}
{"ts": "2026-05-01T19:11:48.927078+00:00", "level": "INFO", "jobId": "3838d339-1f67-4357-be5a-ea74e57712a7", "keyword": "khai trương tiệm", "step": "capture", "message": "Saved post_073.png (posinset=73)", "data": {"w": 2}, "seq": 46582}
{"ts": "2026-05-01T19:11:48.929078+00:00", "level": "INFO", "jobId": "3838d339-1f67-4357-be5a-ea74e57712a7", "keyword": "khai trương tiệm", "step": "cooldown", "message": "Cooldown 1.0s (after capture)", "data": {"w": 2}, "seq": 46583}
{"ts": "2026-05-01T19:11:50.041948+00:00", "level": "INFO", "jobId": "3838d339-1f67-4357-be5a-ea74e57712a7", "keyword": "khai trương tiệm", "step": "capture", "message": "Capturing posinset=74 (74/∞)…", "data": {"w": 2}, "seq": 46587}
{"ts": "2026-05-01T19:11:51.847967+00:00", "level": "INFO", "jobId": "3838d339-1f67-4357-be5a-ea74e57712a7", "keyword": "khai trương tiệm", "step": "capture", "message": "Saved post_074.png (posinset=74)", "data": {"w": 2}, "seq": 46589}
{"ts": "2026-05-01T19:11:51.849968+00:00", "level": "INFO", "jobId": "3838d339-1f67-4357-be5a-ea74e57712a7", "keyword": "khai trương tiệm", "step": "cooldown", "message": "Cooldown 1.0s (after capture)", "data": {"w": 2}, "seq": 46590}
{"ts": "2026-05-01T19:11:52.875557+00:00", "level": "INFO", "jobId": "3838d339-1f67-4357-be5a-ea74e57712a7", "keyword": "khai trương tiệm", "step": "capture", "message": "Capturing posinset=75 (75/∞)…", "data": {"w": 2}, "seq": 46593}
{"ts": "2026-05-01T19:11:54.641726+00:00", "level": "INFO", "jobId": "3838d339-1f67-4357-be5a-ea74e57712a7", "keyword": "khai trương tiệm", "step": "capture", "message": "Saved post_075.png (posinset=75)", "data": {"w": 2}, "seq": 46597}
{"ts": "2026-05-01T19:11:54.642932+00:00", "level": "INFO", "jobId": "3838d339-1f67-4357-be5a-ea74e57712a7", "keyword": "khai trương tiệm", "step": "cooldown", "message": "Cooldown 1.0s (after capture)", "data": {"w": 2}, "seq": 46598}
{"ts": "2026-05-01T19:11:55.674647+00:00", "level": "INFO", "jobId": "3838d339-1f67-4357-be5a-ea74e57712a7", "keyword": "khai trương tiệm", "step": "capture", "message": "Capturing posinset=76 (76/∞)…", "data": {"w": 2}, "seq": 46600}
{"ts": "2026-05-01T19:12:00.649326+00:00", "level": "INFO", "jobId": "3838d339-1f67-4357-be5a-ea74e57712a7", "keyword": "khai trương tiệm", "step": "heartbeat", "message": "Worker alive", "data": {"w": 2, "elapsed_s": 263}, "seq": 46609}
{"ts": "2026-05-01T19:12:00.652520+00:00", "level": "INFO", "jobId": "3838d339-1f67-4357-be5a-ea74e57712a7", "keyword": "khai trương tiệm", "step": "capture", "message": "Capturing posinset=76 (76/∞)…", "data": {"w": 2}, "seq": 46610}
{"ts": "2026-05-01T19:12:02.227634+00:00", "level": "INFO", "jobId": "3838d339-1f67-4357-be5a-ea74e57712a7", "keyword": "khai trương tiệm", "step": "capture", "message": "Saved post_076.png (posinset=76)", "data": {"w": 2}, "seq": 46617}
{"ts": "2026-05-01T19:12:02.227634+00:00", "level": "INFO", "jobId": "3838d339-1f67-4357-be5a-ea74e57712a7", "keyword": "khai trương tiệm", "step": "cooldown", "message": "Cooldown 1.0s (after capture)", "data": {"w": 2}, "seq": 46618}
{"ts": "2026-05-01T19:12:03.252440+00:00", "level": "INFO", "jobId": "3838d339-1f67-4357-be5a-ea74e57712a7", "keyword": "khai trương tiệm", "step": "capture", "message": "Capturing posinset=77 (77/∞)…", "data": {"w": 2}, "seq": 46621}
{"ts": "2026-05-01T19:12:04.993345+00:00", "level": "INFO", "jobId": "3838d339-1f67-4357-be5a-ea74e57712a7", "keyword": "khai trương tiệm", "step": "capture", "message": "Saved post_077.png (posinset=77)", "data": {"w": 2}, "seq": 46625}
{"ts": "2026-05-01T19:12:04.994617+00:00", "level": "INFO", "jobId": "3838d339-1f67-4357-be5a-ea74e57712a7", "keyword": "khai trương tiệm", "step": "cooldown", "message": "Cooldown 1.0s (after capture)", "data": {"w": 2}, "seq": 46626}
{"ts": "2026-05-01T19:12:06.031790+00:00", "level": "INFO", "jobId": "3838d339-1f67-4357-be5a-ea74e57712a7", "keyword": "khai trương tiệm", "step": "capture", "message": "Capturing posinset=78 (78/∞)…", "data": {"w": 2}, "seq": 46630}
{"ts": "2026-05-01T19:12:08.363880+00:00", "level": "INFO", "jobId": "3838d339-1f67-4357-be5a-ea74e57712a7", "keyword": "khai trương tiệm", "step": "capture", "message": "Saved post_078.png (posinset=78)", "data": {"w": 2}, "seq": 46634}
{"ts": "2026-05-01T19:12:08.364888+00:00", "level": "INFO", "jobId": "3838d339-1f67-4357-be5a-ea74e57712a7", "keyword": "khai trương tiệm", "step": "cooldown", "message": "Cooldown 1.0s (after capture)", "data": {"w": 2}, "seq": 46635}
{"ts": "2026-05-01T19:12:09.400216+00:00", "level": "INFO", "jobId": "3838d339-1f67-4357-be5a-ea74e57712a7", "keyword": "khai trương tiệm", "step": "capture", "message": "Capturing posinset=79 (79/∞)…", "data": {"w": 2}, "seq": 46637}
{"ts": "2026-05-01T19:12:11.035020+00:00", "level": "INFO", "jobId": "3838d339-1f67-4357-be5a-ea74e57712a7", "keyword": "khai trương tiệm", "step": "capture", "message": "Saved post_079.png (posinset=79)", "data": {"w": 2}, "seq": 46642}
{"ts": "2026-05-01T19:12:11.036284+00:00", "level": "INFO", "jobId": "3838d339-1f67-4357-be5a-ea74e57712a7", "keyword": "khai trương tiệm", "step": "cooldown", "message": "Cooldown 1.0s (after capture)", "data": {"w": 2}, "seq": 46643}
{"ts": "2026-05-01T19:12:12.087044+00:00", "level": "INFO", "jobId": "3838d339-1f67-4357-be5a-ea74e57712a7", "keyword": "khai trương tiệm", "step": "capture", "message": "Capturing posinset=80 (80/∞)…", "data": {"w": 2}, "seq": 46646}
{"ts": "2026-05-01T19:12:15.369175+00:00", "level": "INFO", "jobId": "3838d339-1f67-4357-be5a-ea74e57712a7", "keyword": "khai trương tiệm", "step": "capture", "message": "Saved post_080.png (posinset=80)", "data": {"w": 2}, "seq": 46653}
{"ts": "2026-05-01T19:12:15.370185+00:00", "level": "INFO", "jobId": "3838d339-1f67-4357-be5a-ea74e57712a7", "keyword": "khai trương tiệm", "step": "cooldown", "message": "Cooldown 1.0s (after capture)", "data": {"w": 2}, "seq": 46654}
{"ts": "2026-05-01T19:12:16.411701+00:00", "level": "INFO", "jobId": "3838d339-1f67-4357-be5a-ea74e57712a7", "keyword": "khai trương tiệm", "step": "heartbeat", "message": "Worker alive", "data": {"w": 2, "elapsed_s": 279}, "seq": 46657}
{"ts": "2026-05-01T19:12:16.413931+00:00", "level": "INFO", "jobId": "3838d339-1f67-4357-be5a-ea74e57712a7", "keyword": "khai trương tiệm", "step": "capture", "message": "Capturing posinset=81 (81/∞)…", "data": {"w": 2}, "seq": 46658}
{"ts": "2026-05-01T19:12:18.933888+00:00", "level": "INFO", "jobId": "3838d339-1f67-4357-be5a-ea74e57712a7", "keyword": "khai trương tiệm", "step": "capture", "message": "Saved post_081.png (posinset=81)", "data": {"w": 2}, "seq": 46662}
{"ts": "2026-05-01T19:12:18.935888+00:00", "level": "INFO", "jobId": "3838d339-1f67-4357-be5a-ea74e57712a7", "keyword": "khai trương tiệm", "step": "cooldown", "message": "Cooldown 1.0s (after capture)", "data": {"w": 2}, "seq": 46663}
{"ts": "2026-05-01T19:12:19.986996+00:00", "level": "INFO", "jobId": "3838d339-1f67-4357-be5a-ea74e57712a7", "keyword": "khai trương tiệm", "step": "capture", "message": "Capturing posinset=82 (82/∞)…", "data": {"w": 2}, "seq": 46668}
{"ts": "2026-05-01T19:12:21.756790+00:00", "level": "INFO", "jobId": "3838d339-1f67-4357-be5a-ea74e57712a7", "keyword": "khai trương tiệm", "step": "capture", "message": "Saved post_082.png (posinset=82)", "data": {"w": 2}, "seq": 46671}
{"ts": "2026-05-01T19:12:21.758792+00:00", "level": "INFO", "jobId": "3838d339-1f67-4357-be5a-ea74e57712a7", "keyword": "khai trương tiệm", "step": "cooldown", "message": "Cooldown 1.0s (after capture)", "data": {"w": 2}, "seq": 46672}
{"ts": "2026-05-01T19:12:22.787797+00:00", "level": "INFO", "jobId": "3838d339-1f67-4357-be5a-ea74e57712a7", "keyword": "khai trương tiệm", "step": "capture", "message": "Capturing posinset=83 (83/∞)…", "data": {"w": 2}, "seq": 46677}
{"ts": "2026-05-01T19:12:24.814722+00:00", "level": "INFO", "jobId": "3838d339-1f67-4357-be5a-ea74e57712a7", "keyword": "khai trương tiệm", "step": "capture", "message": "Saved post_083.png (posinset=83)", "data": {"w": 2}, "seq": 46680}
{"ts": "2026-05-01T19:12:24.816722+00:00", "level": "INFO", "jobId": "3838d339-1f67-4357-be5a-ea74e57712a7", "keyword": "khai trương tiệm", "step": "cooldown", "message": "Cooldown 1.0s (after capture)", "data": {"w": 2}, "seq": 46681}
{"ts": "2026-05-01T19:12:25.861010+00:00", "level": "INFO", "jobId": "3838d339-1f67-4357-be5a-ea74e57712a7", "keyword": "khai trương tiệm", "step": "capture", "message": "Capturing posinset=84 (84/∞)…", "data": {"w": 2}, "seq": 46682}
{"ts": "2026-05-01T19:12:27.650962+00:00", "level": "INFO", "jobId": "3838d339-1f67-4357-be5a-ea74e57712a7", "keyword": "khai trương tiệm", "step": "capture", "message": "Saved post_084.png (posinset=84)", "data": {"w": 2}, "seq": 46687}
{"ts": "2026-05-01T19:12:27.651971+00:00", "level": "INFO", "jobId": "3838d339-1f67-4357-be5a-ea74e57712a7", "keyword": "khai trương tiệm", "step": "cooldown", "message": "Cooldown 1.0s (after capture)", "data": {"w": 2}, "seq": 46688}
{"ts": "2026-05-01T19:12:29.250490+00:00", "level": "INFO", "jobId": "3838d339-1f67-4357-be5a-ea74e57712a7", "keyword": "khai trương tiệm", "step": "capture", "message": "Capturing posinset=85 (85/∞)…", "data": {"w": 2}, "seq": 46691}
{"ts": "2026-05-01T19:12:33.122621+00:00", "level": "INFO", "jobId": "3838d339-1f67-4357-be5a-ea74e57712a7", "keyword": "khai trương tiệm", "step": "capture", "message": "Saved post_085.png (posinset=85)", "data": {"w": 2}, "seq": 46698}
{"ts": "2026-05-01T19:12:33.123630+00:00", "level": "INFO", "jobId": "3838d339-1f67-4357-be5a-ea74e57712a7", "keyword": "khai trương tiệm", "step": "cooldown", "message": "Cooldown 1.0s (after capture)", "data": {"w": 2}, "seq": 46699}
{"ts": "2026-05-01T19:12:34.152102+00:00", "level": "INFO", "jobId": "3838d339-1f67-4357-be5a-ea74e57712a7", "keyword": "khai trương tiệm", "step": "heartbeat", "message": "Worker alive", "data": {"w": 2, "elapsed_s": 297}, "seq": 46701}
{"ts": "2026-05-01T19:12:34.153102+00:00", "level": "INFO", "jobId": "3838d339-1f67-4357-be5a-ea74e57712a7", "keyword": "khai trương tiệm", "step": "capture", "message": "Capturing posinset=86 (86/∞)…", "data": {"w": 2}, "seq": 46702}
{"ts": "2026-05-01T19:12:35.958461+00:00", "level": "INFO", "jobId": "3838d339-1f67-4357-be5a-ea74e57712a7", "keyword": "khai trương tiệm", "step": "capture", "message": "Saved post_086.png (posinset=86)", "data": {"w": 2}, "seq": 46709}
{"ts": "2026-05-01T19:12:35.959605+00:00", "level": "INFO", "jobId": "3838d339-1f67-4357-be5a-ea74e57712a7", "keyword": "khai trương tiệm", "step": "cooldown", "message": "Cooldown 1.0s (after capture)", "data": {"w": 2}, "seq": 46710}
{"ts": "2026-05-01T19:12:36.998319+00:00", "level": "INFO", "jobId": "3838d339-1f67-4357-be5a-ea74e57712a7", "keyword": "khai trương tiệm", "step": "capture", "message": "Capturing posinset=87 (87/∞)…", "data": {"w": 2}, "seq": 46712}
{"ts": "2026-05-01T19:12:38.891257+00:00", "level": "INFO", "jobId": "3838d339-1f67-4357-be5a-ea74e57712a7", "keyword": "khai trương tiệm", "step": "capture", "message": "Saved post_087.png (posinset=87)", "data": {"w": 2}, "seq": 46717}
{"ts": "2026-05-01T19:12:38.892267+00:00", "level": "INFO", "jobId": "3838d339-1f67-4357-be5a-ea74e57712a7", "keyword": "khai trương tiệm", "step": "cooldown", "message": "Cooldown 1.0s (after capture)", "data": {"w": 2}, "seq": 46718}
{"ts": "2026-05-01T19:12:39.917702+00:00", "level": "INFO", "jobId": "3838d339-1f67-4357-be5a-ea74e57712a7", "keyword": "khai trương tiệm", "step": "capture", "message": "Capturing posinset=88 (88/∞)…", "data": {"w": 2}, "seq": 46721}
{"ts": "2026-05-01T19:12:42.039765+00:00", "level": "INFO", "jobId": "3838d339-1f67-4357-be5a-ea74e57712a7", "keyword": "khai trương tiệm", "step": "capture", "message": "Saved post_088.png (posinset=88)", "data": {"w": 2}, "seq": 46725}
{"ts": "2026-05-01T19:12:42.041766+00:00", "level": "INFO", "jobId": "3838d339-1f67-4357-be5a-ea74e57712a7", "keyword": "khai trương tiệm", "step": "cooldown", "message": "Cooldown 1.0s (after capture)", "data": {"w": 2}, "seq": 46726}
{"ts": "2026-05-01T19:12:43.149528+00:00", "level": "INFO", "jobId": "3838d339-1f67-4357-be5a-ea74e57712a7", "keyword": "khai trương tiệm", "step": "capture", "message": "Capturing posinset=89 (89/∞)…", "data": {"w": 2}, "seq": 46731}
{"ts": "2026-05-01T19:12:45.351207+00:00", "level": "INFO", "jobId": "3838d339-1f67-4357-be5a-ea74e57712a7", "keyword": "khai trương tiệm", "step": "capture", "message": "Saved post_089.png (posinset=89)", "data": {"w": 2}, "seq": 46734}
{"ts": "2026-05-01T19:12:45.353207+00:00", "level": "INFO", "jobId": "3838d339-1f67-4357-be5a-ea74e57712a7", "keyword": "khai trương tiệm", "step": "cooldown", "message": "Cooldown 1.0s (after capture)", "data": {"w": 2}, "seq": 46735}
{"ts": "2026-05-01T19:12:46.648758+00:00", "level": "INFO", "jobId": "3838d339-1f67-4357-be5a-ea74e57712a7", "keyword": "khai trương tiệm", "step": "capture", "message": "Capturing posinset=90 (90/∞)…", "data": {"w": 2}, "seq": 46742}
{"ts": "2026-05-01T19:12:48.957653+00:00", "level": "INFO", "jobId": "3838d339-1f67-4357-be5a-ea74e57712a7", "keyword": "khai trương tiệm", "step": "capture", "message": "Saved post_090.png (posinset=90)", "data": {"w": 2}, "seq": 46747}
{"ts": "2026-05-01T19:12:48.959557+00:00", "level": "INFO", "jobId": "3838d339-1f67-4357-be5a-ea74e57712a7", "keyword": "khai trương tiệm", "step": "cooldown", "message": "Cooldown 1.0s (after capture)", "data": {"w": 2}, "seq": 46748}
{"ts": "2026-05-01T19:12:50.074944+00:00", "level": "INFO", "jobId": "3838d339-1f67-4357-be5a-ea74e57712a7", "keyword": "khai trương tiệm", "step": "heartbeat", "message": "Worker alive", "data": {"w": 2, "elapsed_s": 313}, "seq": 46749}
{"ts": "2026-05-01T19:12:50.077342+00:00", "level": "INFO", "jobId": "3838d339-1f67-4357-be5a-ea74e57712a7", "keyword": "khai trương tiệm", "step": "capture", "message": "Capturing posinset=91 (91/∞)…", "data": {"w": 2}, "seq": 46750}
{"ts": "2026-05-01T19:12:52.988147+00:00", "level": "INFO", "jobId": "3838d339-1f67-4357-be5a-ea74e57712a7", "keyword": "khai trương tiệm", "step": "capture", "message": "Saved post_091.png (posinset=91)", "data": {"w": 2}, "seq": 46754}
{"ts": "2026-05-01T19:12:52.990436+00:00", "level": "INFO", "jobId": "3838d339-1f67-4357-be5a-ea74e57712a7", "keyword": "khai trương tiệm", "step": "cooldown", "message": "Cooldown 1.0s (after capture)", "data": {"w": 2}, "seq": 46755}
{"ts": "2026-05-01T19:12:54.031284+00:00", "level": "INFO", "jobId": "3838d339-1f67-4357-be5a-ea74e57712a7", "keyword": "khai trương tiệm", "step": "capture", "message": "Capturing posinset=92 (92/∞)…", "data": {"w": 2}, "seq": 46756}
{"ts": "2026-05-01T19:12:56.837648+00:00", "level": "INFO", "jobId": "3838d339-1f67-4357-be5a-ea74e57712a7", "keyword": "khai trương tiệm", "step": "capture", "message": "Saved post_092.png (posinset=92)", "data": {"w": 2}, "seq": 46764}
{"ts": "2026-05-01T19:12:56.840978+00:00", "level": "INFO", "jobId": "3838d339-1f67-4357-be5a-ea74e57712a7", "keyword": "khai trương tiệm", "step": "cooldown", "message": "Cooldown 1.0s (after capture)", "data": {"w": 2}, "seq": 46765}
{"ts": "2026-05-01T19:12:57.907504+00:00", "level": "INFO", "jobId": "3838d339-1f67-4357-be5a-ea74e57712a7", "keyword": "khai trương tiệm", "step": "capture", "message": "Capturing posinset=93 (93/∞)…", "data": {"w": 2}, "seq": 46768}
{"ts": "2026-05-01T19:12:59.884104+00:00", "level": "INFO", "jobId": "3838d339-1f67-4357-be5a-ea74e57712a7", "keyword": "khai trương tiệm", "step": "capture", "message": "Saved post_093.png (posinset=93)", "data": {"w": 2}, "seq": 46771}
{"ts": "2026-05-01T19:12:59.885103+00:00", "level": "INFO", "jobId": "3838d339-1f67-4357-be5a-ea74e57712a7", "keyword": "khai trương tiệm", "step": "cooldown", "message": "Cooldown 1.0s (after capture)", "data": {"w": 2}, "seq": 46772}
{"ts": "2026-05-01T19:13:00.933074+00:00", "level": "INFO", "jobId": "3838d339-1f67-4357-be5a-ea74e57712a7", "keyword": "khai trương tiệm", "step": "capture", "message": "Capturing posinset=94 (94/∞)…", "data": {"w": 2}, "seq": 46774}
{"ts": "2026-05-01T19:13:02.806948+00:00", "level": "INFO", "jobId": "3838d339-1f67-4357-be5a-ea74e57712a7", "keyword": "khai trương tiệm", "step": "capture", "message": "Saved post_094.png (posinset=94)", "data": {"w": 2}, "seq": 46780}
{"ts": "2026-05-01T19:13:02.811949+00:00", "level": "INFO", "jobId": "3838d339-1f67-4357-be5a-ea74e57712a7", "keyword": "khai trương tiệm", "step": "cooldown", "message": "Cooldown 1.0s (after capture)", "data": {"w": 2}, "seq": 46781}
{"ts": "2026-05-01T19:13:03.857288+00:00", "level": "INFO", "jobId": "3838d339-1f67-4357-be5a-ea74e57712a7", "keyword": "khai trương tiệm", "step": "capture", "message": "Capturing posinset=95 (95/∞)…", "data": {"w": 2}, "seq": 46785}
{"ts": "2026-05-01T19:13:05.246900+00:00", "level": "INFO", "jobId": "3838d339-1f67-4357-be5a-ea74e57712a7", "keyword": "khai trương tiệm", "step": "heartbeat", "message": "Worker alive", "data": {"w": 2, "elapsed_s": 328}, "seq": 46787}
{"ts": "2026-05-01T19:13:05.247900+00:00", "level": "INFO", "jobId": "3838d339-1f67-4357-be5a-ea74e57712a7", "keyword": "khai trương tiệm", "step": "capture", "message": "Capturing posinset=95 (95/∞)…", "data": {"w": 2}, "seq": 46788}
{"ts": "2026-05-01T19:13:07.131798+00:00", "level": "INFO", "jobId": "3838d339-1f67-4357-be5a-ea74e57712a7", "keyword": "khai trương tiệm", "step": "capture", "message": "Capturing posinset=95 (95/∞)…", "data": {"w": 2}, "seq": 46789}
{"ts": "2026-05-01T19:13:08.841567+00:00", "level": "INFO", "jobId": "3838d339-1f67-4357-be5a-ea74e57712a7", "keyword": "khai trương tiệm", "step": "capture", "message": "Capturing posinset=95 (95/∞)…", "data": {"w": 2}, "seq": 46793}
{"ts": "2026-05-01T19:13:10.449665+00:00", "level": "INFO", "jobId": "3838d339-1f67-4357-be5a-ea74e57712a7", "keyword": "khai trương tiệm", "step": "capture", "message": "Capturing posinset=95 (95/∞)…", "data": {"w": 2}, "seq": 46795}
{"ts": "2026-05-01T19:13:11.898017+00:00", "level": "INFO", "jobId": "3838d339-1f67-4357-be5a-ea74e57712a7", "keyword": "khai trương tiệm", "step": "capture", "message": "Capturing posinset=95 (95/∞)…", "data": {"w": 2}, "seq": 46799}
{"ts": "2026-05-01T19:13:13.479776+00:00", "level": "INFO", "jobId": "3838d339-1f67-4357-be5a-ea74e57712a7", "keyword": "khai trương tiệm", "step": "capture", "message": "Capturing posinset=95 (95/∞)…", "data": {"w": 2}, "seq": 46800}
{"ts": "2026-05-01T19:13:25.137244+00:00", "level": "INFO", "jobId": "3838d339-1f67-4357-be5a-ea74e57712a7", "keyword": "khai trương tiệm", "step": "heartbeat", "message": "Worker alive", "data": {"w": 2, "elapsed_s": 348}, "seq": 46822}
{"ts": "2026-05-01T19:13:25.138392+00:00", "level": "INFO", "jobId": "3838d339-1f67-4357-be5a-ea74e57712a7", "keyword": "khai trương tiệm", "step": "capture", "message": "Capturing posinset=95 (95/∞)…", "data": {"w": 2}, "seq": 46823}
{"ts": "2026-05-01T19:13:37.149759+00:00", "level": "INFO", "jobId": "3838d339-1f67-4357-be5a-ea74e57712a7", "keyword": "khai trương tiệm", "step": "capture", "message": "Capturing posinset=95 (95/∞)…", "data": {"w": 2}, "seq": 46848}
{"ts": "2026-05-01T19:13:38.578297+00:00", "level": "INFO", "jobId": "3838d339-1f67-4357-be5a-ea74e57712a7", "keyword": "khai trương tiệm", "step": "capture", "message": "Reached end of results (maxPos=94). Stopping capture loop.", "data": {"w": 2}, "seq": 46852}
{"ts": "2026-05-01T19:13:38.657776+00:00", "level": "INFO", "jobId": "3838d339-1f67-4357-be5a-ea74e57712a7", "keyword": "khai trương tiệm", "step": "capture", "message": "Capture loop finished (unlimited). Saved=94", "data": {"w": 2}, "seq": 46853}
{"ts": "2026-05-01T19:13:38.658793+00:00", "level": "INFO", "jobId": "3838d339-1f67-4357-be5a-ea74e57712a7", "keyword": "khai trương tiệm", "step": "done", "message": "Completed. Saved=94", "data": {"w": 2}, "seq": 46854}
