{"ts": "2026-05-01T17:06:47.228841+00:00", "level": "INFO", "jobId": "81284e56-fdc8-4de4-8aaa-86b8b936cf05", "keyword": "đồng loạt khai trương", "step": "start", "message": "Job started (attempt 1/1)", "data": {"w": 2}, "seq": 33702}
{"ts": "2026-05-01T17:06:50.975782+00:00", "level": "INFO", "jobId": "81284e56-fdc8-4de4-8aaa-86b8b936cf05", "keyword": "đồng loạt khai trương", "step": "login", "message": "Already logged in (home).", "data": {"w": 2}, "seq": 33710}
{"ts": "2026-05-01T17:06:50.977282+00:00", "level": "INFO", "jobId": "81284e56-fdc8-4de4-8aaa-86b8b936cf05", "keyword": "đồng loạt khai trương", "step": "search", "message": "Searching keyword: \"đồng loạt khai trương\"", "data": {"w": 2}, "seq": 33711}
{"ts": "2026-05-01T17:06:57.258087+00:00", "level": "INFO", "jobId": "81284e56-fdc8-4de4-8aaa-86b8b936cf05", "keyword": "đồng loạt khai trương", "step": "capture", "message": "Start capturing all posts until end of results.", "data": {"w": 2}, "seq": 33720}
{"ts": "2026-05-01T17:06:57.261083+00:00", "level": "INFO", "jobId": "81284e56-fdc8-4de4-8aaa-86b8b936cf05", "keyword": "đồng loạt khai trương", "step": "capture", "message": "Output folder: Lan 1 - 0006", "data": {"w": 2}, "seq": 33721}
{"ts": "2026-05-01T17:07:05.554322+00:00", "level": "INFO", "jobId": "81284e56-fdc8-4de4-8aaa-86b8b936cf05", "keyword": "đồng loạt khai trương", "step": "capture", "message": "Capturing posinset=1 (1/∞)…", "data": {"w": 2}, "seq": 33732}
{"ts": "2026-05-01T17:07:07.764059+00:00", "level": "INFO", "jobId": "81284e56-fdc8-4de4-8aaa-86b8b936cf05", "keyword": "đồng loạt khai trương", "step": "capture", "message": "Saved post_001.png (posinset=1)", "data": {"w": 2}, "seq": 33738}
{"ts": "2026-05-01T17:07:07.765265+00:00", "level": "INFO", "jobId": "81284e56-fdc8-4de4-8aaa-86b8b936cf05", "keyword": "đồng loạt khai trương", "step": "cooldown", "message": "Cooldown 1.0s (after capture)", "data": {"w": 2}, "seq": 33739}
{"ts": "2026-05-01T17:07:08.797099+00:00", "level": "INFO", "jobId": "81284e56-fdc8-4de4-8aaa-86b8b936cf05", "keyword": "đồng loạt khai trương", "step": "capture", "message": "Capturing posinset=2 (2/∞)…", "data": {"w": 2}, "seq": 33742}
{"ts": "2026-05-01T17:07:10.325903+00:00", "level": "INFO", "jobId": "81284e56-fdc8-4de4-8aaa-86b8b936cf05", "keyword": "đồng loạt khai trương", "step": "capture", "message": "Saved post_002.png (posinset=2)", "data": {"w": 2}, "seq": 33745}
{"ts": "2026-05-01T17:07:10.325903+00:00", "level": "INFO", "jobId": "81284e56-fdc8-4de4-8aaa-86b8b936cf05", "keyword": "đồng loạt khai trương", "step": "cooldown", "message": "Cooldown 1.0s (after capture)", "data": {"w": 2}, "seq": 33746}
{"ts": "2026-05-01T17:07:11.352017+00:00", "level": "INFO", "jobId": "81284e56-fdc8-4de4-8aaa-86b8b936cf05", "keyword": "đồng loạt khai trương", "step": "capture", "message": "Capturing posinset=3 (3/∞)…", "data": {"w": 2}, "seq": 33750}
{"ts": "2026-05-01T17:07:12.685674+00:00", "level": "INFO", "jobId": "81284e56-fdc8-4de4-8aaa-86b8b936cf05", "keyword": "đồng loạt khai trương", "step": "capture", "message": "Saved post_003.png (posinset=3)", "data": {"w": 2}, "seq": 33754}
{"ts": "2026-05-01T17:07:12.688674+00:00", "level": "INFO", "jobId": "81284e56-fdc8-4de4-8aaa-86b8b936cf05", "keyword": "đồng loạt khai trương", "step": "cooldown", "message": "Cooldown 1.0s (after capture)", "data": {"w": 2}, "seq": 33755}
{"ts": "2026-05-01T17:07:13.716329+00:00", "level": "INFO", "jobId": "81284e56-fdc8-4de4-8aaa-86b8b936cf05", "keyword": "đồng loạt khai trương", "step": "capture", "message": "Capturing posinset=4 (4/∞)…", "data": {"w": 2}, "seq": 33758}
{"ts": "2026-05-01T17:07:14.948715+00:00", "level": "INFO", "jobId": "81284e56-fdc8-4de4-8aaa-86b8b936cf05", "keyword": "đồng loạt khai trương", "step": "capture", "message": "Saved post_004.png (posinset=4)", "data": {"w": 2}, "seq": 33762}
{"ts": "2026-05-01T17:07:14.949728+00:00", "level": "INFO", "jobId": "81284e56-fdc8-4de4-8aaa-86b8b936cf05", "keyword": "đồng loạt khai trương", "step": "cooldown", "message": "Cooldown 1.0s (after capture)", "data": {"w": 2}, "seq": 33763}
{"ts": "2026-05-01T17:07:15.971624+00:00", "level": "INFO", "jobId": "81284e56-fdc8-4de4-8aaa-86b8b936cf05", "keyword": "đồng loạt khai trương", "step": "capture", "message": "Capturing posinset=5 (5/∞)…", "data": {"w": 2}, "seq": 33766}
{"ts": "2026-05-01T17:07:17.824563+00:00", "level": "INFO", "jobId": "81284e56-fdc8-4de4-8aaa-86b8b936cf05", "keyword": "đồng loạt khai trương", "step": "capture", "message": "Saved post_005.png (posinset=5)", "data": {"w": 2}, "seq": 33768}
{"ts": "2026-05-01T17:07:17.826041+00:00", "level": "INFO", "jobId": "81284e56-fdc8-4de4-8aaa-86b8b936cf05", "keyword": "đồng loạt khai trương", "step": "cooldown", "message": "Cooldown 1.0s (after capture)", "data": {"w": 2}, "seq": 33769}
{"ts": "2026-05-01T17:07:19.336375+00:00", "level": "INFO", "jobId": "81284e56-fdc8-4de4-8aaa-86b8b936cf05", "keyword": "đồng loạt khai trương", "step": "heartbeat", "message": "Worker alive", "data": {"w": 2, "elapsed_s": 32}, "seq": 33773}
{"ts": "2026-05-01T17:07:19.337586+00:00", "level": "INFO", "jobId": "81284e56-fdc8-4de4-8aaa-86b8b936cf05", "keyword": "đồng loạt khai trương", "step": "capture", "message": "Capturing posinset=6 (6/∞)…", "data": {"w": 2}, "seq": 33774}
{"ts": "2026-05-01T17:07:22.657169+00:00", "level": "INFO", "jobId": "81284e56-fdc8-4de4-8aaa-86b8b936cf05", "keyword": "đồng loạt khai trương", "step": "capture", "message": "Saved post_006.png (posinset=6)", "data": {"w": 2}, "seq": 33779}
{"ts": "2026-05-01T17:07:22.659176+00:00", "level": "INFO", "jobId": "81284e56-fdc8-4de4-8aaa-86b8b936cf05", "keyword": "đồng loạt khai trương", "step": "cooldown", "message": "Cooldown 1.0s (after capture)", "data": {"w": 2}, "seq": 33780}
{"ts": "2026-05-01T17:07:23.675275+00:00", "level": "INFO", "jobId": "81284e56-fdc8-4de4-8aaa-86b8b936cf05", "keyword": "đồng loạt khai trương", "step": "capture", "message": "Capturing posinset=7 (7/∞)…", "data": {"w": 2}, "seq": 33782}
{"ts": "2026-05-01T17:07:24.860625+00:00", "level": "INFO", "jobId": "81284e56-fdc8-4de4-8aaa-86b8b936cf05", "keyword": "đồng loạt khai trương", "step": "capture", "message": "Saved post_007.png (posinset=7)", "data": {"w": 2}, "seq": 33783}
{"ts": "2026-05-01T17:07:24.863955+00:00", "level": "INFO", "jobId": "81284e56-fdc8-4de4-8aaa-86b8b936cf05", "keyword": "đồng loạt khai trương", "step": "cooldown", "message": "Cooldown 1.0s (after capture)", "data": {"w": 2}, "seq": 33784}
{"ts": "2026-05-01T17:07:25.885397+00:00", "level": "INFO", "jobId": "81284e56-fdc8-4de4-8aaa-86b8b936cf05", "keyword": "đồng loạt khai trương", "step": "capture", "message": "Capturing posinset=8 (8/∞)…", "data": {"w": 2}, "seq": 33787}
{"ts": "2026-05-01T17:07:27.994443+00:00", "level": "INFO", "jobId": "81284e56-fdc8-4de4-8aaa-86b8b936cf05", "keyword": "đồng loạt khai trương", "step": "capture", "message": "Saved post_008.png (posinset=8)", "data": {"w": 2}, "seq": 33789}
{"ts": "2026-05-01T17:07:27.999875+00:00", "level": "INFO", "jobId": "81284e56-fdc8-4de4-8aaa-86b8b936cf05", "keyword": "đồng loạt khai trương", "step": "cooldown", "message": "Cooldown 1.0s (after capture)", "data": {"w": 2}, "seq": 33790}
{"ts": "2026-05-01T17:07:29.059162+00:00", "level": "INFO", "jobId": "81284e56-fdc8-4de4-8aaa-86b8b936cf05", "keyword": "đồng loạt khai trương", "step": "capture", "message": "Capturing posinset=9 (9/∞)…", "data": {"w": 2}, "seq": 33793}
{"ts": "2026-05-01T17:07:30.972968+00:00", "level": "INFO", "jobId": "81284e56-fdc8-4de4-8aaa-86b8b936cf05", "keyword": "đồng loạt khai trương", "step": "capture", "message": "Saved post_009.png (posinset=9)", "data": {"w": 2}, "seq": 33795}
{"ts": "2026-05-01T17:07:30.974968+00:00", "level": "INFO", "jobId": "81284e56-fdc8-4de4-8aaa-86b8b936cf05", "keyword": "đồng loạt khai trương", "step": "cooldown", "message": "Cooldown 1.0s (after capture)", "data": {"w": 2}, "seq": 33796}
{"ts": "2026-05-01T17:07:32.020019+00:00", "level": "INFO", "jobId": "81284e56-fdc8-4de4-8aaa-86b8b936cf05", "keyword": "đồng loạt khai trương", "step": "capture", "message": "Capturing posinset=10 (10/∞)…", "data": {"w": 2}, "seq": 33797}
{"ts": "2026-05-01T17:07:34.918700+00:00", "level": "INFO", "jobId": "81284e56-fdc8-4de4-8aaa-86b8b936cf05", "keyword": "đồng loạt khai trương", "step": "capture", "message": "Saved post_010.png (posinset=10)", "data": {"w": 2}, "seq": 33804}
{"ts": "2026-05-01T17:07:34.921700+00:00", "level": "INFO", "jobId": "81284e56-fdc8-4de4-8aaa-86b8b936cf05", "keyword": "đồng loạt khai trương", "step": "cooldown", "message": "Cooldown 1.0s (after capture)", "data": {"w": 2}, "seq": 33805}
{"ts": "2026-05-01T17:07:36.296171+00:00", "level": "INFO", "jobId": "81284e56-fdc8-4de4-8aaa-86b8b936cf05", "keyword": "đồng loạt khai trương", "step": "heartbeat", "message": "Worker alive", "data": {"w": 2, "elapsed_s": 49}, "seq": 33808}
{"ts": "2026-05-01T17:07:36.299177+00:00", "level": "INFO", "jobId": "81284e56-fdc8-4de4-8aaa-86b8b936cf05", "keyword": "đồng loạt khai trương", "step": "capture", "message": "Capturing posinset=11 (11/∞)…", "data": {"w": 2}, "seq": 33809}
{"ts": "2026-05-01T17:07:38.451649+00:00", "level": "INFO", "jobId": "81284e56-fdc8-4de4-8aaa-86b8b936cf05", "keyword": "đồng loạt khai trương", "step": "capture", "message": "Saved post_011.png (posinset=11)", "data": {"w": 2}, "seq": 33811}
{"ts": "2026-05-01T17:07:38.453648+00:00", "level": "INFO", "jobId": "81284e56-fdc8-4de4-8aaa-86b8b936cf05", "keyword": "đồng loạt khai trương", "step": "cooldown", "message": "Cooldown 1.0s (after capture)", "data": {"w": 2}, "seq": 33812}
{"ts": "2026-05-01T17:07:39.542102+00:00", "level": "INFO", "jobId": "81284e56-fdc8-4de4-8aaa-86b8b936cf05", "keyword": "đồng loạt khai trương", "step": "capture", "message": "Capturing posinset=12 (12/∞)…", "data": {"w": 2}, "seq": 33813}
{"ts": "2026-05-01T17:07:41.378461+00:00", "level": "INFO", "jobId": "81284e56-fdc8-4de4-8aaa-86b8b936cf05", "keyword": "đồng loạt khai trương", "step": "capture", "message": "Saved post_012.png (posinset=12)", "data": {"w": 2}, "seq": 33814}
{"ts": "2026-05-01T17:07:41.380481+00:00", "level": "INFO", "jobId": "81284e56-fdc8-4de4-8aaa-86b8b936cf05", "keyword": "đồng loạt khai trương", "step": "cooldown", "message": "Cooldown 1.0s (after capture)", "data": {"w": 2}, "seq": 33815}
{"ts": "2026-05-01T17:07:42.400585+00:00", "level": "INFO", "jobId": "81284e56-fdc8-4de4-8aaa-86b8b936cf05", "keyword": "đồng loạt khai trương", "step": "capture", "message": "Capturing posinset=13 (13/∞)…", "data": {"w": 2}, "seq": 33818}
{"ts": "2026-05-01T17:07:43.905853+00:00", "level": "INFO", "jobId": "81284e56-fdc8-4de4-8aaa-86b8b936cf05", "keyword": "đồng loạt khai trương", "step": "capture", "message": "Saved post_013.png (posinset=13)", "data": {"w": 2}, "seq": 33820}
{"ts": "2026-05-01T17:07:43.906854+00:00", "level": "INFO", "jobId": "81284e56-fdc8-4de4-8aaa-86b8b936cf05", "keyword": "đồng loạt khai trương", "step": "cooldown", "message": "Cooldown 1.0s (after capture)", "data": {"w": 2}, "seq": 33821}
{"ts": "2026-05-01T17:07:44.926023+00:00", "level": "INFO", "jobId": "81284e56-fdc8-4de4-8aaa-86b8b936cf05", "keyword": "đồng loạt khai trương", "step": "capture", "message": "Capturing posinset=14 (14/∞)…", "data": {"w": 2}, "seq": 33824}
{"ts": "2026-05-01T17:07:46.652532+00:00", "level": "INFO", "jobId": "81284e56-fdc8-4de4-8aaa-86b8b936cf05", "keyword": "đồng loạt khai trương", "step": "capture", "message": "Saved post_014.png (posinset=14)", "data": {"w": 2}, "seq": 33826}
{"ts": "2026-05-01T17:07:46.653532+00:00", "level": "INFO", "jobId": "81284e56-fdc8-4de4-8aaa-86b8b936cf05", "keyword": "đồng loạt khai trương", "step": "cooldown", "message": "Cooldown 1.0s (after capture)", "data": {"w": 2}, "seq": 33827}
{"ts": "2026-05-01T17:07:47.684728+00:00", "level": "INFO", "jobId": "81284e56-fdc8-4de4-8aaa-86b8b936cf05", "keyword": "đồng loạt khai trương", "step": "capture", "message": "Capturing posinset=15 (15/∞)…", "data": {"w": 2}, "seq": 33829}
{"ts": "2026-05-01T17:07:49.003223+00:00", "level": "INFO", "jobId": "81284e56-fdc8-4de4-8aaa-86b8b936cf05", "keyword": "đồng loạt khai trương", "step": "capture", "message": "Saved post_015.png (posinset=15)", "data": {"w": 2}, "seq": 33836}
{"ts": "2026-05-01T17:07:49.004488+00:00", "level": "INFO", "jobId": "81284e56-fdc8-4de4-8aaa-86b8b936cf05", "keyword": "đồng loạt khai trương", "step": "cooldown", "message": "Cooldown 1.0s (after capture)", "data": {"w": 2}, "seq": 33837}
{"ts": "2026-05-01T17:07:50.352786+00:00", "level": "INFO", "jobId": "81284e56-fdc8-4de4-8aaa-86b8b936cf05", "keyword": "đồng loạt khai trương", "step": "capture", "message": "Capturing posinset=16 (16/∞)…", "data": {"w": 2}, "seq": 33840}
{"ts": "2026-05-01T17:07:52.801695+00:00", "level": "INFO", "jobId": "81284e56-fdc8-4de4-8aaa-86b8b936cf05", "keyword": "đồng loạt khai trương", "step": "heartbeat", "message": "Worker alive", "data": {"w": 2, "elapsed_s": 65}, "seq": 33844}
{"ts": "2026-05-01T17:07:52.803695+00:00", "level": "INFO", "jobId": "81284e56-fdc8-4de4-8aaa-86b8b936cf05", "keyword": "đồng loạt khai trương", "step": "capture", "message": "Capturing posinset=16 (16/∞)…", "data": {"w": 2}, "seq": 33845}
{"ts": "2026-05-01T17:07:55.104364+00:00", "level": "INFO", "jobId": "81284e56-fdc8-4de4-8aaa-86b8b936cf05", "keyword": "đồng loạt khai trương", "step": "capture", "message": "Saved post_016.png (posinset=16)", "data": {"w": 2}, "seq": 33848}
{"ts": "2026-05-01T17:07:55.106682+00:00", "level": "INFO", "jobId": "81284e56-fdc8-4de4-8aaa-86b8b936cf05", "keyword": "đồng loạt khai trương", "step": "cooldown", "message": "Cooldown 1.0s (after capture)", "data": {"w": 2}, "seq": 33849}
{"ts": "2026-05-01T17:07:56.139352+00:00", "level": "INFO", "jobId": "81284e56-fdc8-4de4-8aaa-86b8b936cf05", "keyword": "đồng loạt khai trương", "step": "capture", "message": "Capturing posinset=17 (17/∞)…", "data": {"w": 2}, "seq": 33852}
{"ts": "2026-05-01T17:07:57.914886+00:00", "level": "INFO", "jobId": "81284e56-fdc8-4de4-8aaa-86b8b936cf05", "keyword": "đồng loạt khai trương", "step": "capture", "message": "Saved post_017.png (posinset=17)", "data": {"w": 2}, "seq": 33854}
{"ts": "2026-05-01T17:07:57.915974+00:00", "level": "INFO", "jobId": "81284e56-fdc8-4de4-8aaa-86b8b936cf05", "keyword": "đồng loạt khai trương", "step": "cooldown", "message": "Cooldown 1.0s (after capture)", "data": {"w": 2}, "seq": 33855}
{"ts": "2026-05-01T17:07:58.956505+00:00", "level": "INFO", "jobId": "81284e56-fdc8-4de4-8aaa-86b8b936cf05", "keyword": "đồng loạt khai trương", "step": "capture", "message": "Capturing posinset=18 (18/∞)…", "data": {"w": 2}, "seq": 33856}
{"ts": "2026-05-01T17:08:03.684390+00:00", "level": "INFO", "jobId": "81284e56-fdc8-4de4-8aaa-86b8b936cf05", "keyword": "đồng loạt khai trương", "step": "capture", "message": "Saved post_018.png (posinset=18)", "data": {"w": 2}, "seq": 33860}
{"ts": "2026-05-01T17:08:03.688664+00:00", "level": "INFO", "jobId": "81284e56-fdc8-4de4-8aaa-86b8b936cf05", "keyword": "đồng loạt khai trương", "step": "cooldown", "message": "Cooldown 1.0s (after capture)", "data": {"w": 2}, "seq": 33861}
{"ts": "2026-05-01T17:08:04.736298+00:00", "level": "INFO", "jobId": "81284e56-fdc8-4de4-8aaa-86b8b936cf05", "keyword": "đồng loạt khai trương", "step": "capture", "message": "Capturing posinset=19 (19/∞)…", "data": {"w": 2}, "seq": 33862}
{"ts": "2026-05-01T17:08:07.817211+00:00", "level": "INFO", "jobId": "81284e56-fdc8-4de4-8aaa-86b8b936cf05", "keyword": "đồng loạt khai trương", "step": "capture", "message": "Saved post_019.png (posinset=19)", "data": {"w": 2}, "seq": 33867}
{"ts": "2026-05-01T17:08:07.820210+00:00", "level": "INFO", "jobId": "81284e56-fdc8-4de4-8aaa-86b8b936cf05", "keyword": "đồng loạt khai trương", "step": "cooldown", "message": "Cooldown 1.0s (after capture)", "data": {"w": 2}, "seq": 33868}
{"ts": "2026-05-01T17:08:08.919265+00:00", "level": "INFO", "jobId": "81284e56-fdc8-4de4-8aaa-86b8b936cf05", "keyword": "đồng loạt khai trương", "step": "heartbeat", "message": "Worker alive", "data": {"w": 2, "elapsed_s": 81}, "seq": 33871}
{"ts": "2026-05-01T17:08:08.921586+00:00", "level": "INFO", "jobId": "81284e56-fdc8-4de4-8aaa-86b8b936cf05", "keyword": "đồng loạt khai trương", "step": "capture", "message": "Capturing posinset=20 (20/∞)…", "data": {"w": 2}, "seq": 33872}
{"ts": "2026-05-01T17:08:11.237311+00:00", "level": "INFO", "jobId": "81284e56-fdc8-4de4-8aaa-86b8b936cf05", "keyword": "đồng loạt khai trương", "step": "capture", "message": "Saved post_020.png (posinset=20)", "data": {"w": 2}, "seq": 33876}
{"ts": "2026-05-01T17:08:11.240093+00:00", "level": "INFO", "jobId": "81284e56-fdc8-4de4-8aaa-86b8b936cf05", "keyword": "đồng loạt khai trương", "step": "cooldown", "message": "Cooldown 1.0s (after capture)", "data": {"w": 2}, "seq": 33877}
{"ts": "2026-05-01T17:08:13.120656+00:00", "level": "INFO", "jobId": "81284e56-fdc8-4de4-8aaa-86b8b936cf05", "keyword": "đồng loạt khai trương", "step": "capture", "message": "Capturing posinset=21 (21/∞)…", "data": {"w": 2}, "seq": 33880}
{"ts": "2026-05-01T17:08:15.460766+00:00", "level": "INFO", "jobId": "81284e56-fdc8-4de4-8aaa-86b8b936cf05", "keyword": "đồng loạt khai trương", "step": "capture", "message": "Saved post_021.png (posinset=21)", "data": {"w": 2}, "seq": 33884}
{"ts": "2026-05-01T17:08:15.460766+00:00", "level": "INFO", "jobId": "81284e56-fdc8-4de4-8aaa-86b8b936cf05", "keyword": "đồng loạt khai trương", "step": "cooldown", "message": "Cooldown 1.0s (after capture)", "data": {"w": 2}, "seq": 33885}
{"ts": "2026-05-01T17:08:16.486776+00:00", "level": "INFO", "jobId": "81284e56-fdc8-4de4-8aaa-86b8b936cf05", "keyword": "đồng loạt khai trương", "step": "capture", "message": "Capturing posinset=22 (22/∞)…", "data": {"w": 2}, "seq": 33888}
{"ts": "2026-05-01T17:08:19.581825+00:00", "level": "INFO", "jobId": "81284e56-fdc8-4de4-8aaa-86b8b936cf05", "keyword": "đồng loạt khai trương", "step": "capture", "message": "Saved post_022.png (posinset=22)", "data": {"w": 2}, "seq": 33896}
{"ts": "2026-05-01T17:08:19.582824+00:00", "level": "INFO", "jobId": "81284e56-fdc8-4de4-8aaa-86b8b936cf05", "keyword": "đồng loạt khai trương", "step": "cooldown", "message": "Cooldown 1.0s (after capture)", "data": {"w": 2}, "seq": 33897}
{"ts": "2026-05-01T17:08:20.606367+00:00", "level": "INFO", "jobId": "81284e56-fdc8-4de4-8aaa-86b8b936cf05", "keyword": "đồng loạt khai trương", "step": "capture", "message": "Capturing posinset=23 (23/∞)…", "data": {"w": 2}, "seq": 33900}
{"ts": "2026-05-01T17:08:22.047591+00:00", "level": "INFO", "jobId": "81284e56-fdc8-4de4-8aaa-86b8b936cf05", "keyword": "đồng loạt khai trương", "step": "capture", "message": "Saved post_023.png (posinset=23)", "data": {"w": 2}, "seq": 33905}
{"ts": "2026-05-01T17:08:22.048597+00:00", "level": "INFO", "jobId": "81284e56-fdc8-4de4-8aaa-86b8b936cf05", "keyword": "đồng loạt khai trương", "step": "cooldown", "message": "Cooldown 1.0s (after capture)", "data": {"w": 2}, "seq": 33906}
{"ts": "2026-05-01T17:08:23.064836+00:00", "level": "INFO", "jobId": "81284e56-fdc8-4de4-8aaa-86b8b936cf05", "keyword": "đồng loạt khai trương", "step": "capture", "message": "Capturing posinset=24 (24/∞)…", "data": {"w": 2}, "seq": 33909}
{"ts": "2026-05-01T17:08:24.490157+00:00", "level": "INFO", "jobId": "81284e56-fdc8-4de4-8aaa-86b8b936cf05", "keyword": "đồng loạt khai trương", "step": "capture", "message": "Saved post_024.png (posinset=24)", "data": {"w": 2}, "seq": 33914}
{"ts": "2026-05-01T17:08:24.491252+00:00", "level": "INFO", "jobId": "81284e56-fdc8-4de4-8aaa-86b8b936cf05", "keyword": "đồng loạt khai trương", "step": "cooldown", "message": "Cooldown 1.0s (after capture)", "data": {"w": 2}, "seq": 33915}
{"ts": "2026-05-01T17:08:25.521700+00:00", "level": "INFO", "jobId": "81284e56-fdc8-4de4-8aaa-86b8b936cf05", "keyword": "đồng loạt khai trương", "step": "heartbeat", "message": "Worker alive", "data": {"w": 2, "elapsed_s": 98}, "seq": 33917}
{"ts": "2026-05-01T17:08:25.521700+00:00", "level": "INFO", "jobId": "81284e56-fdc8-4de4-8aaa-86b8b936cf05", "keyword": "đồng loạt khai trương", "step": "capture", "message": "Capturing posinset=25 (25/∞)…", "data": {"w": 2}, "seq": 33918}
{"ts": "2026-05-01T17:08:28.146508+00:00", "level": "INFO", "jobId": "81284e56-fdc8-4de4-8aaa-86b8b936cf05", "keyword": "đồng loạt khai trương", "step": "capture", "message": "Saved post_025.png (posinset=25)", "data": {"w": 2}, "seq": 33926}
{"ts": "2026-05-01T17:08:28.147508+00:00", "level": "INFO", "jobId": "81284e56-fdc8-4de4-8aaa-86b8b936cf05", "keyword": "đồng loạt khai trương", "step": "cooldown", "message": "Cooldown 1.0s (after capture)", "data": {"w": 2}, "seq": 33927}
{"ts": "2026-05-01T17:08:29.165328+00:00", "level": "INFO", "jobId": "81284e56-fdc8-4de4-8aaa-86b8b936cf05", "keyword": "đồng loạt khai trương", "step": "capture", "message": "Capturing posinset=26 (26/∞)…", "data": {"w": 2}, "seq": 33932}
{"ts": "2026-05-01T17:08:30.343905+00:00", "level": "INFO", "jobId": "81284e56-fdc8-4de4-8aaa-86b8b936cf05", "keyword": "đồng loạt khai trương", "step": "capture", "message": "Capturing posinset=26 (26/∞)…", "data": {"w": 2}, "seq": 33935}
{"ts": "2026-05-01T17:08:31.628718+00:00", "level": "INFO", "jobId": "81284e56-fdc8-4de4-8aaa-86b8b936cf05", "keyword": "đồng loạt khai trương", "step": "capture", "message": "Capturing posinset=26 (26/∞)…", "data": {"w": 2}, "seq": 33938}
{"ts": "2026-05-01T17:08:33.980837+00:00", "level": "INFO", "jobId": "81284e56-fdc8-4de4-8aaa-86b8b936cf05", "keyword": "đồng loạt khai trương", "step": "capture", "message": "Capturing posinset=26 (26/∞)…", "data": {"w": 2}, "seq": 33945}
{"ts": "2026-05-01T17:08:35.633526+00:00", "level": "INFO", "jobId": "81284e56-fdc8-4de4-8aaa-86b8b936cf05", "keyword": "đồng loạt khai trương", "step": "capture", "message": "Saved post_026.png (posinset=26)", "data": {"w": 2}, "seq": 33948}
{"ts": "2026-05-01T17:08:35.633526+00:00", "level": "INFO", "jobId": "81284e56-fdc8-4de4-8aaa-86b8b936cf05", "keyword": "đồng loạt khai trương", "step": "cooldown", "message": "Cooldown 1.0s (after capture)", "data": {"w": 2}, "seq": 33949}
{"ts": "2026-05-01T17:08:36.731835+00:00", "level": "INFO", "jobId": "81284e56-fdc8-4de4-8aaa-86b8b936cf05", "keyword": "đồng loạt khai trương", "step": "capture", "message": "Capturing posinset=27 (27/∞)…", "data": {"w": 2}, "seq": 33952}
{"ts": "2026-05-01T17:08:39.404877+00:00", "level": "INFO", "jobId": "81284e56-fdc8-4de4-8aaa-86b8b936cf05", "keyword": "đồng loạt khai trương", "step": "capture", "message": "Saved post_027.png (posinset=27)", "data": {"w": 2}, "seq": 33956}
{"ts": "2026-05-01T17:08:39.407884+00:00", "level": "INFO", "jobId": "81284e56-fdc8-4de4-8aaa-86b8b936cf05", "keyword": "đồng loạt khai trương", "step": "cooldown", "message": "Cooldown 1.0s (after capture)", "data": {"w": 2}, "seq": 33957}
{"ts": "2026-05-01T17:08:40.433694+00:00", "level": "INFO", "jobId": "81284e56-fdc8-4de4-8aaa-86b8b936cf05", "keyword": "đồng loạt khai trương", "step": "capture", "message": "Capturing posinset=28 (28/∞)…", "data": {"w": 2}, "seq": 33960}
{"ts": "2026-05-01T17:08:41.908639+00:00", "level": "INFO", "jobId": "81284e56-fdc8-4de4-8aaa-86b8b936cf05", "keyword": "đồng loạt khai trương", "step": "capture", "message": "Saved post_028.png (posinset=28)", "data": {"w": 2}, "seq": 33965}
{"ts": "2026-05-01T17:08:41.909743+00:00", "level": "INFO", "jobId": "81284e56-fdc8-4de4-8aaa-86b8b936cf05", "keyword": "đồng loạt khai trương", "step": "cooldown", "message": "Cooldown 1.0s (after capture)", "data": {"w": 2}, "seq": 33966}
{"ts": "2026-05-01T17:08:42.931215+00:00", "level": "INFO", "jobId": "81284e56-fdc8-4de4-8aaa-86b8b936cf05", "keyword": "đồng loạt khai trương", "step": "heartbeat", "message": "Worker alive", "data": {"w": 2, "elapsed_s": 115}, "seq": 33969}
{"ts": "2026-05-01T17:08:42.932130+00:00", "level": "INFO", "jobId": "81284e56-fdc8-4de4-8aaa-86b8b936cf05", "keyword": "đồng loạt khai trương", "step": "capture", "message": "Capturing posinset=29 (29/∞)…", "data": {"w": 2}, "seq": 33970}
{"ts": "2026-05-01T17:08:44.249507+00:00", "level": "INFO", "jobId": "81284e56-fdc8-4de4-8aaa-86b8b936cf05", "keyword": "đồng loạt khai trương", "step": "capture", "message": "Saved post_029.png (posinset=29)", "data": {"w": 2}, "seq": 33976}
{"ts": "2026-05-01T17:08:44.250657+00:00", "level": "INFO", "jobId": "81284e56-fdc8-4de4-8aaa-86b8b936cf05", "keyword": "đồng loạt khai trương", "step": "cooldown", "message": "Cooldown 1.0s (after capture)", "data": {"w": 2}, "seq": 33977}
{"ts": "2026-05-01T17:08:45.940328+00:00", "level": "INFO", "jobId": "81284e56-fdc8-4de4-8aaa-86b8b936cf05", "keyword": "đồng loạt khai trương", "step": "capture", "message": "Capturing posinset=30 (30/∞)…", "data": {"w": 2}, "seq": 33980}
{"ts": "2026-05-01T17:08:49.761453+00:00", "level": "INFO", "jobId": "81284e56-fdc8-4de4-8aaa-86b8b936cf05", "keyword": "đồng loạt khai trương", "step": "capture", "message": "Saved post_030.png (posinset=30)", "data": {"w": 2}, "seq": 33988}
{"ts": "2026-05-01T17:08:49.762452+00:00", "level": "INFO", "jobId": "81284e56-fdc8-4de4-8aaa-86b8b936cf05", "keyword": "đồng loạt khai trương", "step": "cooldown", "message": "Cooldown 1.0s (after capture)", "data": {"w": 2}, "seq": 33989}
{"ts": "2026-05-01T17:08:50.779753+00:00", "level": "INFO", "jobId": "81284e56-fdc8-4de4-8aaa-86b8b936cf05", "keyword": "đồng loạt khai trương", "step": "capture", "message": "Capturing posinset=31 (31/∞)…", "data": {"w": 2}, "seq": 33994}
{"ts": "2026-05-01T17:08:52.175483+00:00", "level": "INFO", "jobId": "81284e56-fdc8-4de4-8aaa-86b8b936cf05", "keyword": "đồng loạt khai trương", "step": "capture", "message": "Saved post_031.png (posinset=31)", "data": {"w": 2}, "seq": 33997}
{"ts": "2026-05-01T17:08:52.176602+00:00", "level": "INFO", "jobId": "81284e56-fdc8-4de4-8aaa-86b8b936cf05", "keyword": "đồng loạt khai trương", "step": "cooldown", "message": "Cooldown 1.0s (after capture)", "data": {"w": 2}, "seq": 33998}
{"ts": "2026-05-01T17:08:53.211915+00:00", "level": "INFO", "jobId": "81284e56-fdc8-4de4-8aaa-86b8b936cf05", "keyword": "đồng loạt khai trương", "step": "capture", "message": "Capturing posinset=32 (32/∞)…", "data": {"w": 2}, "seq": 34001}
{"ts": "2026-05-01T17:08:54.987318+00:00", "level": "INFO", "jobId": "81284e56-fdc8-4de4-8aaa-86b8b936cf05", "keyword": "đồng loạt khai trương", "step": "capture", "message": "Saved post_032.png (posinset=32)", "data": {"w": 2}, "seq": 34003}
{"ts": "2026-05-01T17:08:54.989315+00:00", "level": "INFO", "jobId": "81284e56-fdc8-4de4-8aaa-86b8b936cf05", "keyword": "đồng loạt khai trương", "step": "cooldown", "message": "Cooldown 1.0s (after capture)", "data": {"w": 2}, "seq": 34004}
{"ts": "2026-05-01T17:08:56.064702+00:00", "level": "INFO", "jobId": "81284e56-fdc8-4de4-8aaa-86b8b936cf05", "keyword": "đồng loạt khai trương", "step": "capture", "message": "Capturing posinset=33 (33/∞)…", "data": {"w": 2}, "seq": 34006}
{"ts": "2026-05-01T17:08:58.084445+00:00", "level": "INFO", "jobId": "81284e56-fdc8-4de4-8aaa-86b8b936cf05", "keyword": "đồng loạt khai trương", "step": "capture", "message": "Saved post_033.png (posinset=33)", "data": {"w": 2}, "seq": 34011}
{"ts": "2026-05-01T17:08:58.086514+00:00", "level": "INFO", "jobId": "81284e56-fdc8-4de4-8aaa-86b8b936cf05", "keyword": "đồng loạt khai trương", "step": "cooldown", "message": "Cooldown 1.0s (after capture)", "data": {"w": 2}, "seq": 34012}
{"ts": "2026-05-01T17:08:59.112081+00:00", "level": "INFO", "jobId": "81284e56-fdc8-4de4-8aaa-86b8b936cf05", "keyword": "đồng loạt khai trương", "step": "heartbeat", "message": "Worker alive", "data": {"w": 2, "elapsed_s": 131}, "seq": 34014}
{"ts": "2026-05-01T17:08:59.112081+00:00", "level": "INFO", "jobId": "81284e56-fdc8-4de4-8aaa-86b8b936cf05", "keyword": "đồng loạt khai trương", "step": "capture", "message": "Capturing posinset=34 (34/∞)…", "data": {"w": 2}, "seq": 34015}
{"ts": "2026-05-01T17:09:00.679456+00:00", "level": "INFO", "jobId": "81284e56-fdc8-4de4-8aaa-86b8b936cf05", "keyword": "đồng loạt khai trương", "step": "capture", "message": "Saved post_034.png (posinset=34)", "data": {"w": 2}, "seq": 34023}
{"ts": "2026-05-01T17:09:00.679456+00:00", "level": "INFO", "jobId": "81284e56-fdc8-4de4-8aaa-86b8b936cf05", "keyword": "đồng loạt khai trương", "step": "cooldown", "message": "Cooldown 1.0s (after capture)", "data": {"w": 2}, "seq": 34024}
{"ts": "2026-05-01T17:09:01.711818+00:00", "level": "INFO", "jobId": "81284e56-fdc8-4de4-8aaa-86b8b936cf05", "keyword": "đồng loạt khai trương", "step": "capture", "message": "Capturing posinset=35 (35/∞)…", "data": {"w": 2}, "seq": 34025}
{"ts": "2026-05-01T17:09:04.649428+00:00", "level": "INFO", "jobId": "81284e56-fdc8-4de4-8aaa-86b8b936cf05", "keyword": "đồng loạt khai trương", "step": "capture", "message": "Saved post_035.png (posinset=35)", "data": {"w": 2}, "seq": 34034}
{"ts": "2026-05-01T17:09:04.651573+00:00", "level": "INFO", "jobId": "81284e56-fdc8-4de4-8aaa-86b8b936cf05", "keyword": "đồng loạt khai trương", "step": "cooldown", "message": "Cooldown 1.0s (after capture)", "data": {"w": 2}, "seq": 34035}
{"ts": "2026-05-01T17:09:06.320066+00:00", "level": "INFO", "jobId": "81284e56-fdc8-4de4-8aaa-86b8b936cf05", "keyword": "đồng loạt khai trương", "step": "capture", "message": "Capturing posinset=36 (36/∞)…", "data": {"w": 2}, "seq": 34039}
{"ts": "2026-05-01T17:09:08.529833+00:00", "level": "INFO", "jobId": "81284e56-fdc8-4de4-8aaa-86b8b936cf05", "keyword": "đồng loạt khai trương", "step": "capture", "message": "Saved post_036.png (posinset=36)", "data": {"w": 2}, "seq": 34044}
{"ts": "2026-05-01T17:09:08.531080+00:00", "level": "INFO", "jobId": "81284e56-fdc8-4de4-8aaa-86b8b936cf05", "keyword": "đồng loạt khai trương", "step": "cooldown", "message": "Cooldown 1.0s (after capture)", "data": {"w": 2}, "seq": 34045}
{"ts": "2026-05-01T17:09:09.574508+00:00", "level": "INFO", "jobId": "81284e56-fdc8-4de4-8aaa-86b8b936cf05", "keyword": "đồng loạt khai trương", "step": "capture", "message": "Capturing posinset=37 (37/∞)…", "data": {"w": 2}, "seq": 34048}
{"ts": "2026-05-01T17:09:10.989095+00:00", "level": "INFO", "jobId": "81284e56-fdc8-4de4-8aaa-86b8b936cf05", "keyword": "đồng loạt khai trương", "step": "capture", "message": "Saved post_037.png (posinset=37)", "data": {"w": 2}, "seq": 34053}
{"ts": "2026-05-01T17:09:10.990580+00:00", "level": "INFO", "jobId": "81284e56-fdc8-4de4-8aaa-86b8b936cf05", "keyword": "đồng loạt khai trương", "step": "cooldown", "message": "Cooldown 1.0s (after capture)", "data": {"w": 2}, "seq": 34054}
{"ts": "2026-05-01T17:09:12.024895+00:00", "level": "INFO", "jobId": "81284e56-fdc8-4de4-8aaa-86b8b936cf05", "keyword": "đồng loạt khai trương", "step": "capture", "message": "Capturing posinset=38 (38/∞)…", "data": {"w": 2}, "seq": 34055}
{"ts": "2026-05-01T17:09:13.660980+00:00", "level": "INFO", "jobId": "81284e56-fdc8-4de4-8aaa-86b8b936cf05", "keyword": "đồng loạt khai trương", "step": "capture", "message": "Saved post_038.png (posinset=38)", "data": {"w": 2}, "seq": 34058}
{"ts": "2026-05-01T17:09:13.661980+00:00", "level": "INFO", "jobId": "81284e56-fdc8-4de4-8aaa-86b8b936cf05", "keyword": "đồng loạt khai trương", "step": "cooldown", "message": "Cooldown 1.0s (after capture)", "data": {"w": 2}, "seq": 34059}
{"ts": "2026-05-01T17:09:14.687614+00:00", "level": "INFO", "jobId": "81284e56-fdc8-4de4-8aaa-86b8b936cf05", "keyword": "đồng loạt khai trương", "step": "heartbeat", "message": "Worker alive", "data": {"w": 2, "elapsed_s": 147}, "seq": 34064}
{"ts": "2026-05-01T17:09:14.689627+00:00", "level": "INFO", "jobId": "81284e56-fdc8-4de4-8aaa-86b8b936cf05", "keyword": "đồng loạt khai trương", "step": "capture", "message": "Capturing posinset=39 (39/∞)…", "data": {"w": 2}, "seq": 34065}
{"ts": "2026-05-01T17:09:16.555178+00:00", "level": "INFO", "jobId": "81284e56-fdc8-4de4-8aaa-86b8b936cf05", "keyword": "đồng loạt khai trương", "step": "capture", "message": "Saved post_039.png (posinset=39)", "data": {"w": 2}, "seq": 34070}
{"ts": "2026-05-01T17:09:16.556632+00:00", "level": "INFO", "jobId": "81284e56-fdc8-4de4-8aaa-86b8b936cf05", "keyword": "đồng loạt khai trương", "step": "cooldown", "message": "Cooldown 1.0s (after capture)", "data": {"w": 2}, "seq": 34071}
{"ts": "2026-05-01T17:09:17.575436+00:00", "level": "INFO", "jobId": "81284e56-fdc8-4de4-8aaa-86b8b936cf05", "keyword": "đồng loạt khai trương", "step": "capture", "message": "Capturing posinset=40 (40/∞)…", "data": {"w": 2}, "seq": 34074}
{"ts": "2026-05-01T17:09:19.979924+00:00", "level": "INFO", "jobId": "81284e56-fdc8-4de4-8aaa-86b8b936cf05", "keyword": "đồng loạt khai trương", "step": "capture", "message": "Saved post_040.png (posinset=40)", "data": {"w": 2}, "seq": 34080}
{"ts": "2026-05-01T17:09:19.979924+00:00", "level": "INFO", "jobId": "81284e56-fdc8-4de4-8aaa-86b8b936cf05", "keyword": "đồng loạt khai trương", "step": "cooldown", "message": "Cooldown 1.0s (after capture)", "data": {"w": 2}, "seq": 34081}
{"ts": "2026-05-01T17:09:21.705773+00:00", "level": "INFO", "jobId": "81284e56-fdc8-4de4-8aaa-86b8b936cf05", "keyword": "đồng loạt khai trương", "step": "capture", "message": "Capturing posinset=41 (41/∞)…", "data": {"w": 2}, "seq": 34084}
{"ts": "2026-05-01T17:09:25.813411+00:00", "level": "INFO", "jobId": "81284e56-fdc8-4de4-8aaa-86b8b936cf05", "keyword": "đồng loạt khai trương", "step": "capture", "message": "Saved post_041.png (posinset=41)", "data": {"w": 2}, "seq": 34092}
{"ts": "2026-05-01T17:09:25.817123+00:00", "level": "INFO", "jobId": "81284e56-fdc8-4de4-8aaa-86b8b936cf05", "keyword": "đồng loạt khai trương", "step": "cooldown", "message": "Cooldown 1.0s (after capture)", "data": {"w": 2}, "seq": 34093}
{"ts": "2026-05-01T17:09:26.857133+00:00", "level": "INFO", "jobId": "81284e56-fdc8-4de4-8aaa-86b8b936cf05", "keyword": "đồng loạt khai trương", "step": "capture", "message": "Capturing posinset=42 (42/∞)…", "data": {"w": 2}, "seq": 34096}
{"ts": "2026-05-01T17:09:30.032621+00:00", "level": "INFO", "jobId": "81284e56-fdc8-4de4-8aaa-86b8b936cf05", "keyword": "đồng loạt khai trương", "step": "capture", "message": "Saved post_042.png (posinset=42)", "data": {"w": 2}, "seq": 34101}
{"ts": "2026-05-01T17:09:30.040318+00:00", "level": "INFO", "jobId": "81284e56-fdc8-4de4-8aaa-86b8b936cf05", "keyword": "đồng loạt khai trương", "step": "cooldown", "message": "Cooldown 1.0s (after capture)", "data": {"w": 2}, "seq": 34102}
{"ts": "2026-05-01T17:09:31.109271+00:00", "level": "INFO", "jobId": "81284e56-fdc8-4de4-8aaa-86b8b936cf05", "keyword": "đồng loạt khai trương", "step": "heartbeat", "message": "Worker alive", "data": {"w": 2, "elapsed_s": 163}, "seq": 34103}
{"ts": "2026-05-01T17:09:31.109271+00:00", "level": "INFO", "jobId": "81284e56-fdc8-4de4-8aaa-86b8b936cf05", "keyword": "đồng loạt khai trương", "step": "capture", "message": "Capturing posinset=43 (43/∞)…", "data": {"w": 2}, "seq": 34104}
{"ts": "2026-05-01T17:09:32.696953+00:00", "level": "INFO", "jobId": "81284e56-fdc8-4de4-8aaa-86b8b936cf05", "keyword": "đồng loạt khai trương", "step": "capture", "message": "Saved post_043.png (posinset=43)", "data": {"w": 2}, "seq": 34110}
{"ts": "2026-05-01T17:09:32.698214+00:00", "level": "INFO", "jobId": "81284e56-fdc8-4de4-8aaa-86b8b936cf05", "keyword": "đồng loạt khai trương", "step": "cooldown", "message": "Cooldown 1.0s (after capture)", "data": {"w": 2}, "seq": 34111}
{"ts": "2026-05-01T17:09:33.741184+00:00", "level": "INFO", "jobId": "81284e56-fdc8-4de4-8aaa-86b8b936cf05", "keyword": "đồng loạt khai trương", "step": "capture", "message": "Capturing posinset=44 (44/∞)…", "data": {"w": 2}, "seq": 34114}
{"ts": "2026-05-01T17:09:35.539460+00:00", "level": "INFO", "jobId": "81284e56-fdc8-4de4-8aaa-86b8b936cf05", "keyword": "đồng loạt khai trương", "step": "capture", "message": "Saved post_044.png (posinset=44)", "data": {"w": 2}, "seq": 34121}
{"ts": "2026-05-01T17:09:35.540843+00:00", "level": "INFO", "jobId": "81284e56-fdc8-4de4-8aaa-86b8b936cf05", "keyword": "đồng loạt khai trương", "step": "cooldown", "message": "Cooldown 1.0s (after capture)", "data": {"w": 2}, "seq": 34122}
{"ts": "2026-05-01T17:09:36.581165+00:00", "level": "INFO", "jobId": "81284e56-fdc8-4de4-8aaa-86b8b936cf05", "keyword": "đồng loạt khai trương", "step": "capture", "message": "Capturing posinset=45 (45/∞)…", "data": {"w": 2}, "seq": 34124}
{"ts": "2026-05-01T17:09:38.130370+00:00", "level": "INFO", "jobId": "81284e56-fdc8-4de4-8aaa-86b8b936cf05", "keyword": "đồng loạt khai trương", "step": "capture", "message": "Saved post_045.png (posinset=45)", "data": {"w": 2}, "seq": 34130}
{"ts": "2026-05-01T17:09:38.133245+00:00", "level": "INFO", "jobId": "81284e56-fdc8-4de4-8aaa-86b8b936cf05", "keyword": "đồng loạt khai trương", "step": "cooldown", "message": "Cooldown 1.0s (after capture)", "data": {"w": 2}, "seq": 34131}
{"ts": "2026-05-01T17:09:39.188225+00:00", "level": "INFO", "jobId": "81284e56-fdc8-4de4-8aaa-86b8b936cf05", "keyword": "đồng loạt khai trương", "step": "capture", "message": "Capturing posinset=46 (46/∞)…", "data": {"w": 2}, "seq": 34133}
{"ts": "2026-05-01T17:09:42.688031+00:00", "level": "INFO", "jobId": "81284e56-fdc8-4de4-8aaa-86b8b936cf05", "keyword": "đồng loạt khai trương", "step": "capture", "message": "Capturing posinset=46 (46/∞)…", "data": {"w": 2}, "seq": 34139}
{"ts": "2026-05-01T17:09:44.905465+00:00", "level": "INFO", "jobId": "81284e56-fdc8-4de4-8aaa-86b8b936cf05", "keyword": "đồng loạt khai trương", "step": "capture", "message": "Saved post_046.png (posinset=46)", "data": {"w": 2}, "seq": 34143}
{"ts": "2026-05-01T17:09:44.907534+00:00", "level": "INFO", "jobId": "81284e56-fdc8-4de4-8aaa-86b8b936cf05", "keyword": "đồng loạt khai trương", "step": "cooldown", "message": "Cooldown 1.0s (after capture)", "data": {"w": 2}, "seq": 34144}
{"ts": "2026-05-01T17:09:45.942451+00:00", "level": "INFO", "jobId": "81284e56-fdc8-4de4-8aaa-86b8b936cf05", "keyword": "đồng loạt khai trương", "step": "capture", "message": "Capturing posinset=47 (47/∞)…", "data": {"w": 2}, "seq": 34146}
{"ts": "2026-05-01T17:09:50.330516+00:00", "level": "INFO", "jobId": "81284e56-fdc8-4de4-8aaa-86b8b936cf05", "keyword": "đồng loạt khai trương", "step": "capture", "message": "Saved post_047.png (posinset=47)", "data": {"w": 2}, "seq": 34153}
{"ts": "2026-05-01T17:09:50.330516+00:00", "level": "INFO", "jobId": "81284e56-fdc8-4de4-8aaa-86b8b936cf05", "keyword": "đồng loạt khai trương", "step": "cooldown", "message": "Cooldown 1.0s (after capture)", "data": {"w": 2}, "seq": 34154}
{"ts": "2026-05-01T17:09:51.363282+00:00", "level": "INFO", "jobId": "81284e56-fdc8-4de4-8aaa-86b8b936cf05", "keyword": "đồng loạt khai trương", "step": "heartbeat", "message": "Worker alive", "data": {"w": 2, "elapsed_s": 184}, "seq": 34159}
{"ts": "2026-05-01T17:09:51.363282+00:00", "level": "INFO", "jobId": "81284e56-fdc8-4de4-8aaa-86b8b936cf05", "keyword": "đồng loạt khai trương", "step": "capture", "message": "Capturing posinset=48 (48/∞)…", "data": {"w": 2}, "seq": 34160}
{"ts": "2026-05-01T17:09:53.387589+00:00", "level": "INFO", "jobId": "81284e56-fdc8-4de4-8aaa-86b8b936cf05", "keyword": "đồng loạt khai trương", "step": "capture", "message": "Saved post_048.png (posinset=48)", "data": {"w": 2}, "seq": 34165}
{"ts": "2026-05-01T17:09:53.388667+00:00", "level": "INFO", "jobId": "81284e56-fdc8-4de4-8aaa-86b8b936cf05", "keyword": "đồng loạt khai trương", "step": "cooldown", "message": "Cooldown 1.0s (after capture)", "data": {"w": 2}, "seq": 34166}
{"ts": "2026-05-01T17:09:54.408739+00:00", "level": "INFO", "jobId": "81284e56-fdc8-4de4-8aaa-86b8b936cf05", "keyword": "đồng loạt khai trương", "step": "capture", "message": "Capturing posinset=49 (49/∞)…", "data": {"w": 2}, "seq": 34170}
{"ts": "2026-05-01T17:09:58.748536+00:00", "level": "INFO", "jobId": "81284e56-fdc8-4de4-8aaa-86b8b936cf05", "keyword": "đồng loạt khai trương", "step": "capture", "message": "Saved post_049.png (posinset=49)", "data": {"w": 2}, "seq": 34178}
{"ts": "2026-05-01T17:09:58.751504+00:00", "level": "INFO", "jobId": "81284e56-fdc8-4de4-8aaa-86b8b936cf05", "keyword": "đồng loạt khai trương", "step": "cooldown", "message": "Cooldown 1.0s (after capture)", "data": {"w": 2}, "seq": 34179}
{"ts": "2026-05-01T17:09:59.792249+00:00", "level": "INFO", "jobId": "81284e56-fdc8-4de4-8aaa-86b8b936cf05", "keyword": "đồng loạt khai trương", "step": "capture", "message": "Capturing posinset=50 (50/∞)…", "data": {"w": 2}, "seq": 34184}
{"ts": "2026-05-01T17:10:01.973833+00:00", "level": "INFO", "jobId": "81284e56-fdc8-4de4-8aaa-86b8b936cf05", "keyword": "đồng loạt khai trương", "step": "capture", "message": "Saved post_050.png (posinset=50)", "data": {"w": 2}, "seq": 34187}
{"ts": "2026-05-01T17:10:01.985418+00:00", "level": "INFO", "jobId": "81284e56-fdc8-4de4-8aaa-86b8b936cf05", "keyword": "đồng loạt khai trương", "step": "cooldown", "message": "Cooldown 1.0s (after capture)", "data": {"w": 2}, "seq": 34188}
{"ts": "2026-05-01T17:10:03.425564+00:00", "level": "INFO", "jobId": "81284e56-fdc8-4de4-8aaa-86b8b936cf05", "keyword": "đồng loạt khai trương", "step": "capture", "message": "Capturing posinset=51 (51/∞)…", "data": {"w": 2}, "seq": 34191}
{"ts": "2026-05-01T17:10:07.164456+00:00", "level": "INFO", "jobId": "81284e56-fdc8-4de4-8aaa-86b8b936cf05", "keyword": "đồng loạt khai trương", "step": "capture", "message": "Saved post_051.png (posinset=51)", "data": {"w": 2}, "seq": 34196}
{"ts": "2026-05-01T17:10:07.166463+00:00", "level": "INFO", "jobId": "81284e56-fdc8-4de4-8aaa-86b8b936cf05", "keyword": "đồng loạt khai trương", "step": "cooldown", "message": "Cooldown 1.0s (after capture)", "data": {"w": 2}, "seq": 34197}
{"ts": "2026-05-01T17:10:08.242462+00:00", "level": "INFO", "jobId": "81284e56-fdc8-4de4-8aaa-86b8b936cf05", "keyword": "đồng loạt khai trương", "step": "heartbeat", "message": "Worker alive", "data": {"w": 2, "elapsed_s": 201}, "seq": 34198}
{"ts": "2026-05-01T17:10:08.244460+00:00", "level": "INFO", "jobId": "81284e56-fdc8-4de4-8aaa-86b8b936cf05", "keyword": "đồng loạt khai trương", "step": "capture", "message": "Capturing posinset=52 (52/∞)…", "data": {"w": 2}, "seq": 34199}
{"ts": "2026-05-01T17:10:12.012687+00:00", "level": "INFO", "jobId": "81284e56-fdc8-4de4-8aaa-86b8b936cf05", "keyword": "đồng loạt khai trương", "step": "capture", "message": "Saved post_052.png (posinset=52)", "data": {"w": 2}, "seq": 34210}
{"ts": "2026-05-01T17:10:12.012687+00:00", "level": "INFO", "jobId": "81284e56-fdc8-4de4-8aaa-86b8b936cf05", "keyword": "đồng loạt khai trương", "step": "cooldown", "message": "Cooldown 1.0s (after capture)", "data": {"w": 2}, "seq": 34211}
{"ts": "2026-05-01T17:10:13.082282+00:00", "level": "INFO", "jobId": "81284e56-fdc8-4de4-8aaa-86b8b936cf05", "keyword": "đồng loạt khai trương", "step": "capture", "message": "Capturing posinset=53 (53/∞)…", "data": {"w": 2}, "seq": 34213}
{"ts": "2026-05-01T17:10:14.768560+00:00", "level": "INFO", "jobId": "81284e56-fdc8-4de4-8aaa-86b8b936cf05", "keyword": "đồng loạt khai trương", "step": "capture", "message": "Saved post_053.png (posinset=53)", "data": {"w": 2}, "seq": 34217}
{"ts": "2026-05-01T17:10:14.769570+00:00", "level": "INFO", "jobId": "81284e56-fdc8-4de4-8aaa-86b8b936cf05", "keyword": "đồng loạt khai trương", "step": "cooldown", "message": "Cooldown 1.0s (after capture)", "data": {"w": 2}, "seq": 34218}
{"ts": "2026-05-01T17:10:15.799049+00:00", "level": "INFO", "jobId": "81284e56-fdc8-4de4-8aaa-86b8b936cf05", "keyword": "đồng loạt khai trương", "step": "capture", "message": "Capturing posinset=54 (54/∞)…", "data": {"w": 2}, "seq": 34221}
{"ts": "2026-05-01T17:10:17.465447+00:00", "level": "INFO", "jobId": "81284e56-fdc8-4de4-8aaa-86b8b936cf05", "keyword": "đồng loạt khai trương", "step": "capture", "message": "Saved post_054.png (posinset=54)", "data": {"w": 2}, "seq": 34225}
{"ts": "2026-05-01T17:10:17.466748+00:00", "level": "INFO", "jobId": "81284e56-fdc8-4de4-8aaa-86b8b936cf05", "keyword": "đồng loạt khai trương", "step": "cooldown", "message": "Cooldown 1.0s (after capture)", "data": {"w": 2}, "seq": 34226}
{"ts": "2026-05-01T17:10:18.491363+00:00", "level": "INFO", "jobId": "81284e56-fdc8-4de4-8aaa-86b8b936cf05", "keyword": "đồng loạt khai trương", "step": "capture", "message": "Capturing posinset=55 (55/∞)…", "data": {"w": 2}, "seq": 34228}
{"ts": "2026-05-01T17:10:23.928531+00:00", "level": "INFO", "jobId": "81284e56-fdc8-4de4-8aaa-86b8b936cf05", "keyword": "đồng loạt khai trương", "step": "capture", "message": "Saved post_055.png (posinset=55)", "data": {"w": 2}, "seq": 34237}
{"ts": "2026-05-01T17:10:23.929900+00:00", "level": "INFO", "jobId": "81284e56-fdc8-4de4-8aaa-86b8b936cf05", "keyword": "đồng loạt khai trương", "step": "cooldown", "message": "Cooldown 1.0s (after capture)", "data": {"w": 2}, "seq": 34238}
{"ts": "2026-05-01T17:10:24.956727+00:00", "level": "INFO", "jobId": "81284e56-fdc8-4de4-8aaa-86b8b936cf05", "keyword": "đồng loạt khai trương", "step": "heartbeat", "message": "Worker alive", "data": {"w": 2, "elapsed_s": 217}, "seq": 34240}
{"ts": "2026-05-01T17:10:24.958717+00:00", "level": "INFO", "jobId": "81284e56-fdc8-4de4-8aaa-86b8b936cf05", "keyword": "đồng loạt khai trương", "step": "capture", "message": "Capturing posinset=56 (56/∞)…", "data": {"w": 2}, "seq": 34241}
{"ts": "2026-05-01T17:10:27.531485+00:00", "level": "INFO", "jobId": "81284e56-fdc8-4de4-8aaa-86b8b936cf05", "keyword": "đồng loạt khai trương", "step": "capture", "message": "Saved post_056.png (posinset=56)", "data": {"w": 2}, "seq": 34246}
{"ts": "2026-05-01T17:10:27.533710+00:00", "level": "INFO", "jobId": "81284e56-fdc8-4de4-8aaa-86b8b936cf05", "keyword": "đồng loạt khai trương", "step": "cooldown", "message": "Cooldown 1.0s (after capture)", "data": {"w": 2}, "seq": 34247}
{"ts": "2026-05-01T17:10:28.561400+00:00", "level": "INFO", "jobId": "81284e56-fdc8-4de4-8aaa-86b8b936cf05", "keyword": "đồng loạt khai trương", "step": "capture", "message": "Capturing posinset=57 (57/∞)…", "data": {"w": 2}, "seq": 34250}
{"ts": "2026-05-01T17:10:32.379884+00:00", "level": "INFO", "jobId": "81284e56-fdc8-4de4-8aaa-86b8b936cf05", "keyword": "đồng loạt khai trương", "step": "capture", "message": "Saved post_057.png (posinset=57)", "data": {"w": 2}, "seq": 34260}
{"ts": "2026-05-01T17:10:32.381891+00:00", "level": "INFO", "jobId": "81284e56-fdc8-4de4-8aaa-86b8b936cf05", "keyword": "đồng loạt khai trương", "step": "cooldown", "message": "Cooldown 1.0s (after capture)", "data": {"w": 2}, "seq": 34261}
{"ts": "2026-05-01T17:10:33.413068+00:00", "level": "INFO", "jobId": "81284e56-fdc8-4de4-8aaa-86b8b936cf05", "keyword": "đồng loạt khai trương", "step": "capture", "message": "Capturing posinset=58 (58/∞)…", "data": {"w": 2}, "seq": 34264}
{"ts": "2026-05-01T17:10:35.524742+00:00", "level": "INFO", "jobId": "81284e56-fdc8-4de4-8aaa-86b8b936cf05", "keyword": "đồng loạt khai trương", "step": "capture", "message": "Saved post_058.png (posinset=58)", "data": {"w": 2}, "seq": 34265}
{"ts": "2026-05-01T17:10:35.526742+00:00", "level": "INFO", "jobId": "81284e56-fdc8-4de4-8aaa-86b8b936cf05", "keyword": "đồng loạt khai trương", "step": "cooldown", "message": "Cooldown 1.0s (after capture)", "data": {"w": 2}, "seq": 34266}
{"ts": "2026-05-01T17:10:36.561222+00:00", "level": "INFO", "jobId": "81284e56-fdc8-4de4-8aaa-86b8b936cf05", "keyword": "đồng loạt khai trương", "step": "capture", "message": "Capturing posinset=59 (59/∞)…", "data": {"w": 2}, "seq": 34268}
{"ts": "2026-05-01T17:10:41.539913+00:00", "level": "INFO", "jobId": "81284e56-fdc8-4de4-8aaa-86b8b936cf05", "keyword": "đồng loạt khai trương", "step": "capture", "message": "Saved post_059.png (posinset=59)", "data": {"w": 2}, "seq": 34279}
{"ts": "2026-05-01T17:10:41.541923+00:00", "level": "INFO", "jobId": "81284e56-fdc8-4de4-8aaa-86b8b936cf05", "keyword": "đồng loạt khai trương", "step": "cooldown", "message": "Cooldown 1.0s (after capture)", "data": {"w": 2}, "seq": 34280}
{"ts": "2026-05-01T17:10:42.569254+00:00", "level": "INFO", "jobId": "81284e56-fdc8-4de4-8aaa-86b8b936cf05", "keyword": "đồng loạt khai trương", "step": "heartbeat", "message": "Worker alive", "data": {"w": 2, "elapsed_s": 235}, "seq": 34283}
{"ts": "2026-05-01T17:10:42.571473+00:00", "level": "INFO", "jobId": "81284e56-fdc8-4de4-8aaa-86b8b936cf05", "keyword": "đồng loạt khai trương", "step": "capture", "message": "Capturing posinset=60 (60/∞)…", "data": {"w": 2}, "seq": 34284}
{"ts": "2026-05-01T17:10:44.098124+00:00", "level": "INFO", "jobId": "81284e56-fdc8-4de4-8aaa-86b8b936cf05", "keyword": "đồng loạt khai trương", "step": "capture", "message": "Saved post_060.png (posinset=60)", "data": {"w": 2}, "seq": 34288}
{"ts": "2026-05-01T17:10:44.101021+00:00", "level": "INFO", "jobId": "81284e56-fdc8-4de4-8aaa-86b8b936cf05", "keyword": "đồng loạt khai trương", "step": "cooldown", "message": "Cooldown 1.0s (after capture)", "data": {"w": 2}, "seq": 34289}
{"ts": "2026-05-01T17:10:45.125841+00:00", "level": "INFO", "jobId": "81284e56-fdc8-4de4-8aaa-86b8b936cf05", "keyword": "đồng loạt khai trương", "step": "capture", "message": "Capturing posinset=61 (61/∞)…", "data": {"w": 2}, "seq": 34294}
{"ts": "2026-05-01T17:10:47.577069+00:00", "level": "INFO", "jobId": "81284e56-fdc8-4de4-8aaa-86b8b936cf05", "keyword": "đồng loạt khai trương", "step": "capture", "message": "Saved post_061.png (posinset=61)", "data": {"w": 2}, "seq": 34296}
{"ts": "2026-05-01T17:10:47.578243+00:00", "level": "INFO", "jobId": "81284e56-fdc8-4de4-8aaa-86b8b936cf05", "keyword": "đồng loạt khai trương", "step": "cooldown", "message": "Cooldown 1.0s (after capture)", "data": {"w": 2}, "seq": 34297}
{"ts": "2026-05-01T17:10:48.615752+00:00", "level": "INFO", "jobId": "81284e56-fdc8-4de4-8aaa-86b8b936cf05", "keyword": "đồng loạt khai trương", "step": "capture", "message": "Capturing posinset=62 (62/∞)…", "data": {"w": 2}, "seq": 34301}
{"ts": "2026-05-01T17:10:50.834790+00:00", "level": "INFO", "jobId": "81284e56-fdc8-4de4-8aaa-86b8b936cf05", "keyword": "đồng loạt khai trương", "step": "capture", "message": "Saved post_062.png (posinset=62)", "data": {"w": 2}, "seq": 34306}
{"ts": "2026-05-01T17:10:50.835727+00:00", "level": "INFO", "jobId": "81284e56-fdc8-4de4-8aaa-86b8b936cf05", "keyword": "đồng loạt khai trương", "step": "cooldown", "message": "Cooldown 1.0s (after capture)", "data": {"w": 2}, "seq": 34307}
{"ts": "2026-05-01T17:10:51.862058+00:00", "level": "INFO", "jobId": "81284e56-fdc8-4de4-8aaa-86b8b936cf05", "keyword": "đồng loạt khai trương", "step": "capture", "message": "Capturing posinset=63 (63/∞)…", "data": {"w": 2}, "seq": 34310}
{"ts": "2026-05-01T17:10:54.874147+00:00", "level": "INFO", "jobId": "81284e56-fdc8-4de4-8aaa-86b8b936cf05", "keyword": "đồng loạt khai trương", "step": "capture", "message": "Saved post_063.png (posinset=63)", "data": {"w": 2}, "seq": 34311}
{"ts": "2026-05-01T17:10:54.875901+00:00", "level": "INFO", "jobId": "81284e56-fdc8-4de4-8aaa-86b8b936cf05", "keyword": "đồng loạt khai trương", "step": "cooldown", "message": "Cooldown 1.0s (after capture)", "data": {"w": 2}, "seq": 34312}
{"ts": "2026-05-01T17:10:55.929485+00:00", "level": "INFO", "jobId": "81284e56-fdc8-4de4-8aaa-86b8b936cf05", "keyword": "đồng loạt khai trương", "step": "capture", "message": "Capturing posinset=64 (64/∞)…", "data": {"w": 2}, "seq": 34314}
{"ts": "2026-05-01T17:10:58.311601+00:00", "level": "INFO", "jobId": "81284e56-fdc8-4de4-8aaa-86b8b936cf05", "keyword": "đồng loạt khai trương", "step": "capture", "message": "Saved post_064.png (posinset=64)", "data": {"w": 2}, "seq": 34318}
{"ts": "2026-05-01T17:10:58.312706+00:00", "level": "INFO", "jobId": "81284e56-fdc8-4de4-8aaa-86b8b936cf05", "keyword": "đồng loạt khai trương", "step": "cooldown", "message": "Cooldown 1.0s (after capture)", "data": {"w": 2}, "seq": 34319}
{"ts": "2026-05-01T17:10:59.704207+00:00", "level": "INFO", "jobId": "81284e56-fdc8-4de4-8aaa-86b8b936cf05", "keyword": "đồng loạt khai trương", "step": "heartbeat", "message": "Worker alive", "data": {"w": 2, "elapsed_s": 252}, "seq": 34320}
{"ts": "2026-05-01T17:10:59.705491+00:00", "level": "INFO", "jobId": "81284e56-fdc8-4de4-8aaa-86b8b936cf05", "keyword": "đồng loạt khai trương", "step": "capture", "message": "Capturing posinset=65 (65/∞)…", "data": {"w": 2}, "seq": 34321}
{"ts": "2026-05-01T17:11:05.727405+00:00", "level": "INFO", "jobId": "81284e56-fdc8-4de4-8aaa-86b8b936cf05", "keyword": "đồng loạt khai trương", "step": "capture", "message": "Saved post_065.png (posinset=65)", "data": {"w": 2}, "seq": 34328}
{"ts": "2026-05-01T17:11:05.744911+00:00", "level": "INFO", "jobId": "81284e56-fdc8-4de4-8aaa-86b8b936cf05", "keyword": "đồng loạt khai trương", "step": "cooldown", "message": "Cooldown 1.0s (after capture)", "data": {"w": 2}, "seq": 34329}
{"ts": "2026-05-01T17:11:06.789332+00:00", "level": "INFO", "jobId": "81284e56-fdc8-4de4-8aaa-86b8b936cf05", "keyword": "đồng loạt khai trương", "step": "capture", "message": "Capturing posinset=66 (66/∞)…", "data": {"w": 2}, "seq": 34332}
{"ts": "2026-05-01T17:11:08.511255+00:00", "level": "INFO", "jobId": "81284e56-fdc8-4de4-8aaa-86b8b936cf05", "keyword": "đồng loạt khai trương", "step": "capture", "message": "Saved post_066.png (posinset=66)", "data": {"w": 2}, "seq": 34336}
{"ts": "2026-05-01T17:11:08.512248+00:00", "level": "INFO", "jobId": "81284e56-fdc8-4de4-8aaa-86b8b936cf05", "keyword": "đồng loạt khai trương", "step": "cooldown", "message": "Cooldown 1.0s (after capture)", "data": {"w": 2}, "seq": 34337}
{"ts": "2026-05-01T17:11:09.544305+00:00", "level": "INFO", "jobId": "81284e56-fdc8-4de4-8aaa-86b8b936cf05", "keyword": "đồng loạt khai trương", "step": "capture", "message": "Capturing posinset=67 (67/∞)…", "data": {"w": 2}, "seq": 34339}
{"ts": "2026-05-01T17:11:12.017834+00:00", "level": "INFO", "jobId": "81284e56-fdc8-4de4-8aaa-86b8b936cf05", "keyword": "đồng loạt khai trương", "step": "capture", "message": "Saved post_067.png (posinset=67)", "data": {"w": 2}, "seq": 34342}
{"ts": "2026-05-01T17:11:12.019862+00:00", "level": "INFO", "jobId": "81284e56-fdc8-4de4-8aaa-86b8b936cf05", "keyword": "đồng loạt khai trương", "step": "cooldown", "message": "Cooldown 1.0s (after capture)", "data": {"w": 2}, "seq": 34343}
{"ts": "2026-05-01T17:11:13.055354+00:00", "level": "INFO", "jobId": "81284e56-fdc8-4de4-8aaa-86b8b936cf05", "keyword": "đồng loạt khai trương", "step": "capture", "message": "Capturing posinset=68 (68/∞)…", "data": {"w": 2}, "seq": 34345}
{"ts": "2026-05-01T17:11:15.162519+00:00", "level": "INFO", "jobId": "81284e56-fdc8-4de4-8aaa-86b8b936cf05", "keyword": "đồng loạt khai trương", "step": "capture", "message": "Saved post_068.png (posinset=68)", "data": {"w": 2}, "seq": 34348}
{"ts": "2026-05-01T17:11:15.164524+00:00", "level": "INFO", "jobId": "81284e56-fdc8-4de4-8aaa-86b8b936cf05", "keyword": "đồng loạt khai trương", "step": "cooldown", "message": "Cooldown 1.0s (after capture)", "data": {"w": 2}, "seq": 34349}
{"ts": "2026-05-01T17:11:16.197693+00:00", "level": "INFO", "jobId": "81284e56-fdc8-4de4-8aaa-86b8b936cf05", "keyword": "đồng loạt khai trương", "step": "heartbeat", "message": "Worker alive", "data": {"w": 2, "elapsed_s": 268}, "seq": 34351}
{"ts": "2026-05-01T17:11:16.199399+00:00", "level": "INFO", "jobId": "81284e56-fdc8-4de4-8aaa-86b8b936cf05", "keyword": "đồng loạt khai trương", "step": "capture", "message": "Capturing posinset=69 (69/∞)…", "data": {"w": 2}, "seq": 34352}
{"ts": "2026-05-01T17:11:19.725500+00:00", "level": "INFO", "jobId": "81284e56-fdc8-4de4-8aaa-86b8b936cf05", "keyword": "đồng loạt khai trương", "step": "capture", "message": "Saved post_069.png (posinset=69)", "data": {"w": 2}, "seq": 34358}
{"ts": "2026-05-01T17:11:19.726504+00:00", "level": "INFO", "jobId": "81284e56-fdc8-4de4-8aaa-86b8b936cf05", "keyword": "đồng loạt khai trương", "step": "cooldown", "message": "Cooldown 1.0s (after capture)", "data": {"w": 2}, "seq": 34359}
{"ts": "2026-05-01T17:11:21.090153+00:00", "level": "INFO", "jobId": "81284e56-fdc8-4de4-8aaa-86b8b936cf05", "keyword": "đồng loạt khai trương", "step": "capture", "message": "Capturing posinset=70 (70/∞)…", "data": {"w": 2}, "seq": 34364}
{"ts": "2026-05-01T17:11:30.138579+00:00", "level": "INFO", "jobId": "81284e56-fdc8-4de4-8aaa-86b8b936cf05", "keyword": "đồng loạt khai trương", "step": "capture", "message": "Saved post_070.png (posinset=70)", "data": {"w": 2}, "seq": 34373}
{"ts": "2026-05-01T17:11:30.139579+00:00", "level": "INFO", "jobId": "81284e56-fdc8-4de4-8aaa-86b8b936cf05", "keyword": "đồng loạt khai trương", "step": "cooldown", "message": "Cooldown 1.0s (after capture)", "data": {"w": 2}, "seq": 34374}
{"ts": "2026-05-01T17:11:31.593015+00:00", "level": "INFO", "jobId": "81284e56-fdc8-4de4-8aaa-86b8b936cf05", "keyword": "đồng loạt khai trương", "step": "heartbeat", "message": "Worker alive", "data": {"w": 2, "elapsed_s": 284}, "seq": 34375}
{"ts": "2026-05-01T17:11:31.597013+00:00", "level": "INFO", "jobId": "81284e56-fdc8-4de4-8aaa-86b8b936cf05", "keyword": "đồng loạt khai trương", "step": "capture", "message": "Capturing posinset=71 (71/∞)…", "data": {"w": 2}, "seq": 34376}
{"ts": "2026-05-01T17:11:36.166966+00:00", "level": "INFO", "jobId": "81284e56-fdc8-4de4-8aaa-86b8b936cf05", "keyword": "đồng loạt khai trương", "step": "capture", "message": "Saved post_071.png (posinset=71)", "data": {"w": 2}, "seq": 34380}
{"ts": "2026-05-01T17:11:36.168538+00:00", "level": "INFO", "jobId": "81284e56-fdc8-4de4-8aaa-86b8b936cf05", "keyword": "đồng loạt khai trương", "step": "cooldown", "message": "Cooldown 1.0s (after capture)", "data": {"w": 2}, "seq": 34381}
{"ts": "2026-05-01T17:11:37.238107+00:00", "level": "INFO", "jobId": "81284e56-fdc8-4de4-8aaa-86b8b936cf05", "keyword": "đồng loạt khai trương", "step": "capture", "message": "Capturing posinset=72 (72/∞)…", "data": {"w": 2}, "seq": 34384}
{"ts": "2026-05-01T17:11:40.888448+00:00", "level": "INFO", "jobId": "81284e56-fdc8-4de4-8aaa-86b8b936cf05", "keyword": "đồng loạt khai trương", "step": "capture", "message": "Saved post_072.png (posinset=72)", "data": {"w": 2}, "seq": 34387}
{"ts": "2026-05-01T17:11:40.890448+00:00", "level": "INFO", "jobId": "81284e56-fdc8-4de4-8aaa-86b8b936cf05", "keyword": "đồng loạt khai trương", "step": "cooldown", "message": "Cooldown 1.0s (after capture)", "data": {"w": 2}, "seq": 34388}
{"ts": "2026-05-01T17:11:41.957203+00:00", "level": "INFO", "jobId": "81284e56-fdc8-4de4-8aaa-86b8b936cf05", "keyword": "đồng loạt khai trương", "step": "capture", "message": "Capturing posinset=73 (73/∞)…", "data": {"w": 2}, "seq": 34391}
{"ts": "2026-05-01T17:11:45.145706+00:00", "level": "INFO", "jobId": "81284e56-fdc8-4de4-8aaa-86b8b936cf05", "keyword": "đồng loạt khai trương", "step": "capture", "message": "Saved post_073.png (posinset=73)", "data": {"w": 2}, "seq": 34394}
{"ts": "2026-05-01T17:11:45.147818+00:00", "level": "INFO", "jobId": "81284e56-fdc8-4de4-8aaa-86b8b936cf05", "keyword": "đồng loạt khai trương", "step": "cooldown", "message": "Cooldown 1.0s (after capture)", "data": {"w": 2}, "seq": 34395}
{"ts": "2026-05-01T17:11:46.189311+00:00", "level": "INFO", "jobId": "81284e56-fdc8-4de4-8aaa-86b8b936cf05", "keyword": "đồng loạt khai trương", "step": "capture", "message": "Capturing posinset=74 (74/∞)…", "data": {"w": 2}, "seq": 34398}
{"ts": "2026-05-01T17:11:48.656484+00:00", "level": "INFO", "jobId": "81284e56-fdc8-4de4-8aaa-86b8b936cf05", "keyword": "đồng loạt khai trương", "step": "capture", "message": "Saved post_074.png (posinset=74)", "data": {"w": 2}, "seq": 34405}
{"ts": "2026-05-01T17:11:48.657483+00:00", "level": "INFO", "jobId": "81284e56-fdc8-4de4-8aaa-86b8b936cf05", "keyword": "đồng loạt khai trương", "step": "cooldown", "message": "Cooldown 1.0s (after capture)", "data": {"w": 2}, "seq": 34406}
{"ts": "2026-05-01T17:11:50.659063+00:00", "level": "INFO", "jobId": "81284e56-fdc8-4de4-8aaa-86b8b936cf05", "keyword": "đồng loạt khai trương", "step": "heartbeat", "message": "Worker alive", "data": {"w": 2, "elapsed_s": 303}, "seq": 34410}
{"ts": "2026-05-01T17:11:50.661063+00:00", "level": "INFO", "jobId": "81284e56-fdc8-4de4-8aaa-86b8b936cf05", "keyword": "đồng loạt khai trương", "step": "capture", "message": "Capturing posinset=75 (75/∞)…", "data": {"w": 2}, "seq": 34411}
{"ts": "2026-05-01T17:11:59.311478+00:00", "level": "INFO", "jobId": "81284e56-fdc8-4de4-8aaa-86b8b936cf05", "keyword": "đồng loạt khai trương", "step": "capture", "message": "Saved post_075.png (posinset=75)", "data": {"w": 2}, "seq": 34424}
{"ts": "2026-05-01T17:11:59.313476+00:00", "level": "INFO", "jobId": "81284e56-fdc8-4de4-8aaa-86b8b936cf05", "keyword": "đồng loạt khai trương", "step": "cooldown", "message": "Cooldown 1.0s (after capture)", "data": {"w": 2}, "seq": 34425}
{"ts": "2026-05-01T17:12:00.390280+00:00", "level": "INFO", "jobId": "81284e56-fdc8-4de4-8aaa-86b8b936cf05", "keyword": "đồng loạt khai trương", "step": "capture", "message": "Capturing posinset=76 (76/∞)…", "data": {"w": 2}, "seq": 34426}
{"ts": "2026-05-01T17:12:03.092006+00:00", "level": "INFO", "jobId": "81284e56-fdc8-4de4-8aaa-86b8b936cf05", "keyword": "đồng loạt khai trương", "step": "capture", "message": "Saved post_076.png (posinset=76)", "data": {"w": 2}, "seq": 34433}
{"ts": "2026-05-01T17:12:03.097581+00:00", "level": "INFO", "jobId": "81284e56-fdc8-4de4-8aaa-86b8b936cf05", "keyword": "đồng loạt khai trương", "step": "cooldown", "message": "Cooldown 1.0s (after capture)", "data": {"w": 2}, "seq": 34434}
{"ts": "2026-05-01T17:12:04.153605+00:00", "level": "INFO", "jobId": "81284e56-fdc8-4de4-8aaa-86b8b936cf05", "keyword": "đồng loạt khai trương", "step": "capture", "message": "Capturing posinset=77 (77/∞)…", "data": {"w": 2}, "seq": 34439}
{"ts": "2026-05-01T17:12:07.958338+00:00", "level": "INFO", "jobId": "81284e56-fdc8-4de4-8aaa-86b8b936cf05", "keyword": "đồng loạt khai trương", "step": "capture", "message": "Saved post_077.png (posinset=77)", "data": {"w": 2}, "seq": 34445}
{"ts": "2026-05-01T17:12:07.960112+00:00", "level": "INFO", "jobId": "81284e56-fdc8-4de4-8aaa-86b8b936cf05", "keyword": "đồng loạt khai trương", "step": "cooldown", "message": "Cooldown 1.0s (after capture)", "data": {"w": 2}, "seq": 34446}
{"ts": "2026-05-01T17:12:09.004719+00:00", "level": "INFO", "jobId": "81284e56-fdc8-4de4-8aaa-86b8b936cf05", "keyword": "đồng loạt khai trương", "step": "heartbeat", "message": "Worker alive", "data": {"w": 2, "elapsed_s": 321}, "seq": 34449}
{"ts": "2026-05-01T17:12:09.005720+00:00", "level": "INFO", "jobId": "81284e56-fdc8-4de4-8aaa-86b8b936cf05", "keyword": "đồng loạt khai trương", "step": "capture", "message": "Capturing posinset=78 (78/∞)…", "data": {"w": 2}, "seq": 34450}
{"ts": "2026-05-01T17:12:11.140766+00:00", "level": "INFO", "jobId": "81284e56-fdc8-4de4-8aaa-86b8b936cf05", "keyword": "đồng loạt khai trương", "step": "capture", "message": "Saved post_078.png (posinset=78)", "data": {"w": 2}, "seq": 34457}
{"ts": "2026-05-01T17:12:11.144859+00:00", "level": "INFO", "jobId": "81284e56-fdc8-4de4-8aaa-86b8b936cf05", "keyword": "đồng loạt khai trương", "step": "cooldown", "message": "Cooldown 1.0s (after capture)", "data": {"w": 2}, "seq": 34458}
{"ts": "2026-05-01T17:12:12.192107+00:00", "level": "INFO", "jobId": "81284e56-fdc8-4de4-8aaa-86b8b936cf05", "keyword": "đồng loạt khai trương", "step": "capture", "message": "Capturing posinset=79 (79/∞)…", "data": {"w": 2}, "seq": 34462}
{"ts": "2026-05-01T17:12:15.616896+00:00", "level": "INFO", "jobId": "81284e56-fdc8-4de4-8aaa-86b8b936cf05", "keyword": "đồng loạt khai trương", "step": "capture", "message": "Saved post_079.png (posinset=79)", "data": {"w": 2}, "seq": 34464}
{"ts": "2026-05-01T17:12:15.619895+00:00", "level": "INFO", "jobId": "81284e56-fdc8-4de4-8aaa-86b8b936cf05", "keyword": "đồng loạt khai trương", "step": "cooldown", "message": "Cooldown 1.0s (after capture)", "data": {"w": 2}, "seq": 34465}
{"ts": "2026-05-01T17:12:17.869149+00:00", "level": "INFO", "jobId": "81284e56-fdc8-4de4-8aaa-86b8b936cf05", "keyword": "đồng loạt khai trương", "step": "capture", "message": "Capturing posinset=80 (80/∞)…", "data": {"w": 2}, "seq": 34470}
{"ts": "2026-05-01T17:12:20.307888+00:00", "level": "INFO", "jobId": "81284e56-fdc8-4de4-8aaa-86b8b936cf05", "keyword": "đồng loạt khai trương", "step": "capture", "message": "Saved post_080.png (posinset=80)", "data": {"w": 2}, "seq": 34477}
{"ts": "2026-05-01T17:12:20.312050+00:00", "level": "INFO", "jobId": "81284e56-fdc8-4de4-8aaa-86b8b936cf05", "keyword": "đồng loạt khai trương", "step": "cooldown", "message": "Cooldown 1.0s (after capture)", "data": {"w": 2}, "seq": 34478}
{"ts": "2026-05-01T17:12:21.340891+00:00", "level": "INFO", "jobId": "81284e56-fdc8-4de4-8aaa-86b8b936cf05", "keyword": "đồng loạt khai trương", "step": "capture", "message": "Capturing posinset=81 (81/∞)…", "data": {"w": 2}, "seq": 34482}
{"ts": "2026-05-01T17:12:23.249548+00:00", "level": "INFO", "jobId": "81284e56-fdc8-4de4-8aaa-86b8b936cf05", "keyword": "đồng loạt khai trương", "step": "capture", "message": "Saved post_081.png (posinset=81)", "data": {"w": 2}, "seq": 34488}
{"ts": "2026-05-01T17:12:23.249548+00:00", "level": "INFO", "jobId": "81284e56-fdc8-4de4-8aaa-86b8b936cf05", "keyword": "đồng loạt khai trương", "step": "cooldown", "message": "Cooldown 1.0s (after capture)", "data": {"w": 2}, "seq": 34489}
{"ts": "2026-05-01T17:12:24.294509+00:00", "level": "INFO", "jobId": "81284e56-fdc8-4de4-8aaa-86b8b936cf05", "keyword": "đồng loạt khai trương", "step": "heartbeat", "message": "Worker alive", "data": {"w": 2, "elapsed_s": 337}, "seq": 34491}
{"ts": "2026-05-01T17:12:24.295509+00:00", "level": "INFO", "jobId": "81284e56-fdc8-4de4-8aaa-86b8b936cf05", "keyword": "đồng loạt khai trương", "step": "capture", "message": "Capturing posinset=82 (82/∞)…", "data": {"w": 2}, "seq": 34492}
{"ts": "2026-05-01T17:12:27.324837+00:00", "level": "INFO", "jobId": "81284e56-fdc8-4de4-8aaa-86b8b936cf05", "keyword": "đồng loạt khai trương", "step": "capture", "message": "Saved post_082.png (posinset=82)", "data": {"w": 2}, "seq": 34499}
{"ts": "2026-05-01T17:12:27.327628+00:00", "level": "INFO", "jobId": "81284e56-fdc8-4de4-8aaa-86b8b936cf05", "keyword": "đồng loạt khai trương", "step": "cooldown", "message": "Cooldown 1.0s (after capture)", "data": {"w": 2}, "seq": 34500}
{"ts": "2026-05-01T17:12:28.393066+00:00", "level": "INFO", "jobId": "81284e56-fdc8-4de4-8aaa-86b8b936cf05", "keyword": "đồng loạt khai trương", "step": "capture", "message": "Capturing posinset=83 (83/∞)…", "data": {"w": 2}, "seq": 34504}
{"ts": "2026-05-01T17:12:34.519331+00:00", "level": "INFO", "jobId": "81284e56-fdc8-4de4-8aaa-86b8b936cf05", "keyword": "đồng loạt khai trương", "step": "capture", "message": "Saved post_083.png (posinset=83)", "data": {"w": 2}, "seq": 34518}
{"ts": "2026-05-01T17:12:34.520371+00:00", "level": "INFO", "jobId": "81284e56-fdc8-4de4-8aaa-86b8b936cf05", "keyword": "đồng loạt khai trương", "step": "cooldown", "message": "Cooldown 1.0s (after capture)", "data": {"w": 2}, "seq": 34519}
{"ts": "2026-05-01T17:12:35.558323+00:00", "level": "INFO", "jobId": "81284e56-fdc8-4de4-8aaa-86b8b936cf05", "keyword": "đồng loạt khai trương", "step": "capture", "message": "Capturing posinset=84 (84/∞)…", "data": {"w": 2}, "seq": 34522}
{"ts": "2026-05-01T17:12:38.044166+00:00", "level": "INFO", "jobId": "81284e56-fdc8-4de4-8aaa-86b8b936cf05", "keyword": "đồng loạt khai trương", "step": "capture", "message": "Saved post_084.png (posinset=84)", "data": {"w": 2}, "seq": 34526}
{"ts": "2026-05-01T17:12:38.046177+00:00", "level": "INFO", "jobId": "81284e56-fdc8-4de4-8aaa-86b8b936cf05", "keyword": "đồng loạt khai trương", "step": "cooldown", "message": "Cooldown 1.0s (after capture)", "data": {"w": 2}, "seq": 34527}
{"ts": "2026-05-01T17:12:39.463056+00:00", "level": "INFO", "jobId": "81284e56-fdc8-4de4-8aaa-86b8b936cf05", "keyword": "đồng loạt khai trương", "step": "heartbeat", "message": "Worker alive", "data": {"w": 2, "elapsed_s": 352}, "seq": 34529}
{"ts": "2026-05-01T17:12:39.465075+00:00", "level": "INFO", "jobId": "81284e56-fdc8-4de4-8aaa-86b8b936cf05", "keyword": "đồng loạt khai trương", "step": "capture", "message": "Capturing posinset=85 (85/∞)…", "data": {"w": 2}, "seq": 34530}
{"ts": "2026-05-01T17:12:43.672342+00:00", "level": "INFO", "jobId": "81284e56-fdc8-4de4-8aaa-86b8b936cf05", "keyword": "đồng loạt khai trương", "step": "capture", "message": "Capturing posinset=85 (85/∞)…", "data": {"w": 2}, "seq": 34539}
{"ts": "2026-05-01T17:12:47.223667+00:00", "level": "INFO", "jobId": "81284e56-fdc8-4de4-8aaa-86b8b936cf05", "keyword": "đồng loạt khai trương", "step": "capture", "message": "Saved post_085.png (posinset=85)", "data": {"w": 2}, "seq": 34546}
{"ts": "2026-05-01T17:12:47.225077+00:00", "level": "INFO", "jobId": "81284e56-fdc8-4de4-8aaa-86b8b936cf05", "keyword": "đồng loạt khai trương", "step": "cooldown", "message": "Cooldown 1.0s (after capture)", "data": {"w": 2}, "seq": 34547}
{"ts": "2026-05-01T17:12:48.265410+00:00", "level": "INFO", "jobId": "81284e56-fdc8-4de4-8aaa-86b8b936cf05", "keyword": "đồng loạt khai trương", "step": "capture", "message": "Capturing posinset=86 (86/∞)…", "data": {"w": 2}, "seq": 34549}
{"ts": "2026-05-01T17:12:50.711414+00:00", "level": "INFO", "jobId": "81284e56-fdc8-4de4-8aaa-86b8b936cf05", "keyword": "đồng loạt khai trương", "step": "capture", "message": "Saved post_086.png (posinset=86)", "data": {"w": 2}, "seq": 34552}
{"ts": "2026-05-01T17:12:50.711414+00:00", "level": "INFO", "jobId": "81284e56-fdc8-4de4-8aaa-86b8b936cf05", "keyword": "đồng loạt khai trương", "step": "cooldown", "message": "Cooldown 1.0s (after capture)", "data": {"w": 2}, "seq": 34553}
{"ts": "2026-05-01T17:12:51.789215+00:00", "level": "INFO", "jobId": "81284e56-fdc8-4de4-8aaa-86b8b936cf05", "keyword": "đồng loạt khai trương", "step": "capture", "message": "Capturing posinset=87 (87/∞)…", "data": {"w": 2}, "seq": 34558}
{"ts": "2026-05-01T17:12:59.824834+00:00", "level": "INFO", "jobId": "81284e56-fdc8-4de4-8aaa-86b8b936cf05", "keyword": "đồng loạt khai trương", "step": "capture", "message": "Saved post_087.png (posinset=87)", "data": {"w": 2}, "seq": 34575}
{"ts": "2026-05-01T17:12:59.824834+00:00", "level": "INFO", "jobId": "81284e56-fdc8-4de4-8aaa-86b8b936cf05", "keyword": "đồng loạt khai trương", "step": "cooldown", "message": "Cooldown 1.0s (after capture)", "data": {"w": 2}, "seq": 34576}
{"ts": "2026-05-01T17:13:00.883208+00:00", "level": "INFO", "jobId": "81284e56-fdc8-4de4-8aaa-86b8b936cf05", "keyword": "đồng loạt khai trương", "step": "heartbeat", "message": "Worker alive", "data": {"w": 2, "elapsed_s": 373}, "seq": 34580}
{"ts": "2026-05-01T17:13:00.883208+00:00", "level": "INFO", "jobId": "81284e56-fdc8-4de4-8aaa-86b8b936cf05", "keyword": "đồng loạt khai trương", "step": "capture", "message": "Capturing posinset=88 (88/∞)…", "data": {"w": 2}, "seq": 34581}
{"ts": "2026-05-01T17:13:03.608296+00:00", "level": "INFO", "jobId": "81284e56-fdc8-4de4-8aaa-86b8b936cf05", "keyword": "đồng loạt khai trương", "step": "capture", "message": "Saved post_088.png (posinset=88)", "data": {"w": 2}, "seq": 34584}
{"ts": "2026-05-01T17:13:03.612292+00:00", "level": "INFO", "jobId": "81284e56-fdc8-4de4-8aaa-86b8b936cf05", "keyword": "đồng loạt khai trương", "step": "cooldown", "message": "Cooldown 1.0s (after capture)", "data": {"w": 2}, "seq": 34585}
{"ts": "2026-05-01T17:13:04.961375+00:00", "level": "INFO", "jobId": "81284e56-fdc8-4de4-8aaa-86b8b936cf05", "keyword": "đồng loạt khai trương", "step": "capture", "message": "Capturing posinset=89 (89/∞)…", "data": {"w": 2}, "seq": 34586}
{"ts": "2026-05-01T17:13:08.948936+00:00", "level": "INFO", "jobId": "81284e56-fdc8-4de4-8aaa-86b8b936cf05", "keyword": "đồng loạt khai trương", "step": "capture", "message": "Saved post_089.png (posinset=89)", "data": {"w": 2}, "seq": 34592}
{"ts": "2026-05-01T17:13:08.949936+00:00", "level": "INFO", "jobId": "81284e56-fdc8-4de4-8aaa-86b8b936cf05", "keyword": "đồng loạt khai trương", "step": "cooldown", "message": "Cooldown 1.0s (after capture)", "data": {"w": 2}, "seq": 34593}
{"ts": "2026-05-01T17:13:10.030912+00:00", "level": "INFO", "jobId": "81284e56-fdc8-4de4-8aaa-86b8b936cf05", "keyword": "đồng loạt khai trương", "step": "capture", "message": "Capturing posinset=90 (90/∞)…", "data": {"w": 2}, "seq": 34596}
{"ts": "2026-05-01T17:13:11.995751+00:00", "level": "INFO", "jobId": "81284e56-fdc8-4de4-8aaa-86b8b936cf05", "keyword": "đồng loạt khai trương", "step": "capture", "message": "Capturing posinset=90 (90/∞)…", "data": {"w": 2}, "seq": 34602}
{"ts": "2026-05-01T17:13:13.866613+00:00", "level": "INFO", "jobId": "81284e56-fdc8-4de4-8aaa-86b8b936cf05", "keyword": "đồng loạt khai trương", "step": "capture", "message": "Capturing posinset=90 (90/∞)…", "data": {"w": 2}, "seq": 34607}
{"ts": "2026-05-01T17:13:15.864959+00:00", "level": "INFO", "jobId": "81284e56-fdc8-4de4-8aaa-86b8b936cf05", "keyword": "đồng loạt khai trương", "step": "capture", "message": "Capturing posinset=90 (90/∞)…", "data": {"w": 2}, "seq": 34610}
{"ts": "2026-05-01T17:13:17.760443+00:00", "level": "INFO", "jobId": "81284e56-fdc8-4de4-8aaa-86b8b936cf05", "keyword": "đồng loạt khai trương", "step": "heartbeat", "message": "Worker alive", "data": {"w": 2, "elapsed_s": 390}, "seq": 34614}
{"ts": "2026-05-01T17:13:17.762442+00:00", "level": "INFO", "jobId": "81284e56-fdc8-4de4-8aaa-86b8b936cf05", "keyword": "đồng loạt khai trương", "step": "capture", "message": "Capturing posinset=90 (90/∞)…", "data": {"w": 2}, "seq": 34615}
{"ts": "2026-05-01T17:13:19.405256+00:00", "level": "INFO", "jobId": "81284e56-fdc8-4de4-8aaa-86b8b936cf05", "keyword": "đồng loạt khai trương", "step": "capture", "message": "Reached stable end of results (maxPos=89, stable>=35s). Stopping.", "data": {"w": 2}, "seq": 34620}
{"ts": "2026-05-01T17:13:19.460540+00:00", "level": "INFO", "jobId": "81284e56-fdc8-4de4-8aaa-86b8b936cf05", "keyword": "đồng loạt khai trương", "step": "capture", "message": "Capture loop finished (unlimited). Saved=89", "data": {"w": 2}, "seq": 34621}
{"ts": "2026-05-01T17:13:19.462539+00:00", "level": "INFO", "jobId": "81284e56-fdc8-4de4-8aaa-86b8b936cf05", "keyword": "đồng loạt khai trương", "step": "done", "message": "Completed. Saved=89", "data": {"w": 2}, "seq": 34622}
