{"ts": "2026-05-01T17:00:00.231636+00:00", "level": "INFO", "jobId": "868d4e53-cad2-4525-8739-f132a3cecbde", "keyword": "khai trương hoành tráng", "step": "capture", "message": "Capturing posinset=89 (89/∞)…", "data": {"w": 0}, "seq": 32819}
{"ts": "2026-05-01T17:00:02.832651+00:00", "level": "INFO", "jobId": "868d4e53-cad2-4525-8739-f132a3cecbde", "keyword": "khai trương hoành tráng", "step": "capture", "message": "Saved post_089.png (posinset=89)", "data": {"w": 0}, "seq": 32823}
{"ts": "2026-05-01T17:00:02.833672+00:00", "level": "INFO", "jobId": "868d4e53-cad2-4525-8739-f132a3cecbde", "keyword": "khai trương hoành tráng", "step": "cooldown", "message": "Cooldown 1.0s (after capture)", "data": {"w": 0}, "seq": 32824}
{"ts": "2026-05-01T17:00:04.899960+00:00", "level": "INFO", "jobId": "868d4e53-cad2-4525-8739-f132a3cecbde", "keyword": "khai trương hoành tráng", "step": "heartbeat", "message": "Worker alive", "data": {"w": 0, "elapsed_s": 423}, "seq": 32827}
{"ts": "2026-05-01T17:00:04.903535+00:00", "level": "INFO", "jobId": "868d4e53-cad2-4525-8739-f132a3cecbde", "keyword": "khai trương hoành tráng", "step": "capture", "message": "Capturing posinset=90 (90/∞)…", "data": {"w": 0}, "seq": 32828}
{"ts": "2026-05-01T17:00:11.908490+00:00", "level": "INFO", "jobId": "868d4e53-cad2-4525-8739-f132a3cecbde", "keyword": "khai trương hoành tráng", "step": "capture", "message": "Saved post_090.png (posinset=90)", "data": {"w": 0}, "seq": 32838}
{"ts": "2026-05-01T17:00:11.909489+00:00", "level": "INFO", "jobId": "868d4e53-cad2-4525-8739-f132a3cecbde", "keyword": "khai trương hoành tráng", "step": "cooldown", "message": "Cooldown 1.0s (after capture)", "data": {"w": 0}, "seq": 32839}
{"ts": "2026-05-01T17:00:12.944997+00:00", "level": "INFO", "jobId": "868d4e53-cad2-4525-8739-f132a3cecbde", "keyword": "khai trương hoành tráng", "step": "capture", "message": "Capturing posinset=91 (91/∞)…", "data": {"w": 0}, "seq": 32844}
{"ts": "2026-05-01T17:00:14.836616+00:00", "level": "INFO", "jobId": "868d4e53-cad2-4525-8739-f132a3cecbde", "keyword": "khai trương hoành tráng", "step": "capture", "message": "Saved post_091.png (posinset=91)", "data": {"w": 0}, "seq": 32848}
{"ts": "2026-05-01T17:00:14.838627+00:00", "level": "INFO", "jobId": "868d4e53-cad2-4525-8739-f132a3cecbde", "keyword": "khai trương hoành tráng", "step": "cooldown", "message": "Cooldown 1.0s (after capture)", "data": {"w": 0}, "seq": 32849}
{"ts": "2026-05-01T17:00:15.937348+00:00", "level": "INFO", "jobId": "868d4e53-cad2-4525-8739-f132a3cecbde", "keyword": "khai trương hoành tráng", "step": "capture", "message": "Capturing posinset=92 (92/∞)…", "data": {"w": 0}, "seq": 32853}
{"ts": "2026-05-01T17:00:18.716806+00:00", "level": "INFO", "jobId": "868d4e53-cad2-4525-8739-f132a3cecbde", "keyword": "khai trương hoành tráng", "step": "capture", "message": "Saved post_092.png (posinset=92)", "data": {"w": 0}, "seq": 32855}
{"ts": "2026-05-01T17:00:18.716806+00:00", "level": "INFO", "jobId": "868d4e53-cad2-4525-8739-f132a3cecbde", "keyword": "khai trương hoành tráng", "step": "cooldown", "message": "Cooldown 1.0s (after capture)", "data": {"w": 0}, "seq": 32856}
{"ts": "2026-05-01T17:00:19.768844+00:00", "level": "INFO", "jobId": "868d4e53-cad2-4525-8739-f132a3cecbde", "keyword": "khai trương hoành tráng", "step": "capture", "message": "Capturing posinset=93 (93/∞)…", "data": {"w": 0}, "seq": 32858}
{"ts": "2026-05-01T17:00:21.393146+00:00", "level": "INFO", "jobId": "868d4e53-cad2-4525-8739-f132a3cecbde", "keyword": "khai trương hoành tráng", "step": "heartbeat", "message": "Worker alive", "data": {"w": 0, "elapsed_s": 440}, "seq": 32861}
{"ts": "2026-05-01T17:00:21.395545+00:00", "level": "INFO", "jobId": "868d4e53-cad2-4525-8739-f132a3cecbde", "keyword": "khai trương hoành tráng", "step": "capture", "message": "Capturing posinset=93 (93/∞)…", "data": {"w": 0}, "seq": 32862}
{"ts": "2026-05-01T17:00:22.985630+00:00", "level": "INFO", "jobId": "868d4e53-cad2-4525-8739-f132a3cecbde", "keyword": "khai trương hoành tráng", "step": "capture", "message": "Capturing posinset=93 (93/∞)…", "data": {"w": 0}, "seq": 32865}
{"ts": "2026-05-01T17:00:24.520524+00:00", "level": "INFO", "jobId": "868d4e53-cad2-4525-8739-f132a3cecbde", "keyword": "khai trương hoành tráng", "step": "capture", "message": "Capturing posinset=93 (93/∞)…", "data": {"w": 0}, "seq": 32869}
{"ts": "2026-05-01T17:00:25.948517+00:00", "level": "INFO", "jobId": "868d4e53-cad2-4525-8739-f132a3cecbde", "keyword": "khai trương hoành tráng", "step": "capture", "message": "Capturing posinset=93 (93/∞)…", "data": {"w": 0}, "seq": 32874}
{"ts": "2026-05-01T17:00:27.285309+00:00", "level": "INFO", "jobId": "868d4e53-cad2-4525-8739-f132a3cecbde", "keyword": "khai trương hoành tráng", "step": "capture", "message": "Capturing posinset=93 (93/∞)…", "data": {"w": 0}, "seq": 32877}
{"ts": "2026-05-01T17:00:28.850466+00:00", "level": "INFO", "jobId": "868d4e53-cad2-4525-8739-f132a3cecbde", "keyword": "khai trương hoành tráng", "step": "capture", "message": "Capturing posinset=93 (93/∞)…", "data": {"w": 0}, "seq": 32880}
{"ts": "2026-05-01T17:00:40.682889+00:00", "level": "INFO", "jobId": "868d4e53-cad2-4525-8739-f132a3cecbde", "keyword": "khai trương hoành tráng", "step": "heartbeat", "message": "Worker alive", "data": {"w": 0, "elapsed_s": 459}, "seq": 32901}
{"ts": "2026-05-01T17:00:40.694006+00:00", "level": "INFO", "jobId": "868d4e53-cad2-4525-8739-f132a3cecbde", "keyword": "khai trương hoành tráng", "step": "capture", "message": "Capturing posinset=93 (93/∞)…", "data": {"w": 0}, "seq": 32902}
{"ts": "2026-05-01T17:00:52.449790+00:00", "level": "INFO", "jobId": "868d4e53-cad2-4525-8739-f132a3cecbde", "keyword": "khai trương hoành tráng", "step": "capture", "message": "Capturing posinset=93 (93/∞)…", "data": {"w": 0}, "seq": 32919}
{"ts": "2026-05-01T17:00:53.984782+00:00", "level": "INFO", "jobId": "868d4e53-cad2-4525-8739-f132a3cecbde", "keyword": "khai trương hoành tráng", "step": "capture", "message": "Reached end of results (maxPos=92). Stopping capture loop.", "data": {"w": 0}, "seq": 32923}
{"ts": "2026-05-01T17:00:54.023413+00:00", "level": "INFO", "jobId": "868d4e53-cad2-4525-8739-f132a3cecbde", "keyword": "khai trương hoành tráng", "step": "capture", "message": "Capture loop finished (unlimited). Saved=92", "data": {"w": 0}, "seq": 32924}
{"ts": "2026-05-01T17:00:54.023413+00:00", "level": "INFO", "jobId": "868d4e53-cad2-4525-8739-f132a3cecbde", "keyword": "khai trương hoành tráng", "step": "done", "message": "Completed. Saved=92", "data": {"w": 0}, "seq": 32925}
