{"ts": "2026-05-01T17:00:01.728965+00:00", "level": "INFO", "jobId": "8698c85e-f7d1-4d89-a6cd-6abe804a1c69", "keyword": "khai trương đầu tiên", "step": "capture", "message": "Saved post_001.png (posinset=1)", "data": {"w": 2}, "seq": 32820}
{"ts": "2026-05-01T17:00:01.730966+00:00", "level": "INFO", "jobId": "8698c85e-f7d1-4d89-a6cd-6abe804a1c69", "keyword": "khai trương đầu tiên", "step": "cooldown", "message": "Cooldown 1.0s (after capture)", "data": {"w": 2}, "seq": 32821}
{"ts": "2026-05-01T17:00:02.766177+00:00", "level": "INFO", "jobId": "8698c85e-f7d1-4d89-a6cd-6abe804a1c69", "keyword": "khai trương đầu tiên", "step": "capture", "message": "Capturing posinset=2 (2/∞)…", "data": {"w": 2}, "seq": 32822}
{"ts": "2026-05-01T17:00:03.908213+00:00", "level": "INFO", "jobId": "8698c85e-f7d1-4d89-a6cd-6abe804a1c69", "keyword": "khai trương đầu tiên", "step": "capture", "message": "Saved post_002.png (posinset=2)", "data": {"w": 2}, "seq": 32825}
{"ts": "2026-05-01T17:00:03.910403+00:00", "level": "INFO", "jobId": "8698c85e-f7d1-4d89-a6cd-6abe804a1c69", "keyword": "khai trương đầu tiên", "step": "cooldown", "message": "Cooldown 1.0s (after capture)", "data": {"w": 2}, "seq": 32826}
{"ts": "2026-05-01T17:00:04.947785+00:00", "level": "INFO", "jobId": "8698c85e-f7d1-4d89-a6cd-6abe804a1c69", "keyword": "khai trương đầu tiên", "step": "capture", "message": "Capturing posinset=3 (3/∞)…", "data": {"w": 2}, "seq": 32829}
{"ts": "2026-05-01T17:00:06.332776+00:00", "level": "INFO", "jobId": "8698c85e-f7d1-4d89-a6cd-6abe804a1c69", "keyword": "khai trương đầu tiên", "step": "capture", "message": "Saved post_003.png (posinset=3)", "data": {"w": 2}, "seq": 32830}
{"ts": "2026-05-01T17:00:06.335360+00:00", "level": "INFO", "jobId": "8698c85e-f7d1-4d89-a6cd-6abe804a1c69", "keyword": "khai trương đầu tiên", "step": "cooldown", "message": "Cooldown 1.0s (after capture)", "data": {"w": 2}, "seq": 32831}
{"ts": "2026-05-01T17:00:07.357629+00:00", "level": "INFO", "jobId": "8698c85e-f7d1-4d89-a6cd-6abe804a1c69", "keyword": "khai trương đầu tiên", "step": "capture", "message": "Capturing posinset=4 (4/∞)…", "data": {"w": 2}, "seq": 32832}
{"ts": "2026-05-01T17:00:09.194386+00:00", "level": "INFO", "jobId": "8698c85e-f7d1-4d89-a6cd-6abe804a1c69", "keyword": "khai trương đầu tiên", "step": "capture", "message": "Saved post_004.png (posinset=4)", "data": {"w": 2}, "seq": 32833}
{"ts": "2026-05-01T17:00:09.207156+00:00", "level": "INFO", "jobId": "8698c85e-f7d1-4d89-a6cd-6abe804a1c69", "keyword": "khai trương đầu tiên", "step": "cooldown", "message": "Cooldown 1.0s (after capture)", "data": {"w": 2}, "seq": 32834}
{"ts": "2026-05-01T17:00:10.229061+00:00", "level": "INFO", "jobId": "8698c85e-f7d1-4d89-a6cd-6abe804a1c69", "keyword": "khai trương đầu tiên", "step": "capture", "message": "Capturing posinset=5 (5/∞)…", "data": {"w": 2}, "seq": 32835}
{"ts": "2026-05-01T17:00:12.011322+00:00", "level": "INFO", "jobId": "8698c85e-f7d1-4d89-a6cd-6abe804a1c69", "keyword": "khai trương đầu tiên", "step": "capture", "message": "Saved post_005.png (posinset=5)", "data": {"w": 2}, "seq": 32840}
{"ts": "2026-05-01T17:00:12.012828+00:00", "level": "INFO", "jobId": "8698c85e-f7d1-4d89-a6cd-6abe804a1c69", "keyword": "khai trương đầu tiên", "step": "cooldown", "message": "Cooldown 1.0s (after capture)", "data": {"w": 2}, "seq": 32841}
{"ts": "2026-05-01T17:00:13.029086+00:00", "level": "INFO", "jobId": "8698c85e-f7d1-4d89-a6cd-6abe804a1c69", "keyword": "khai trương đầu tiên", "step": "heartbeat", "message": "Worker alive", "data": {"w": 2, "elapsed_s": 36}, "seq": 32845}
{"ts": "2026-05-01T17:00:13.029086+00:00", "level": "INFO", "jobId": "8698c85e-f7d1-4d89-a6cd-6abe804a1c69", "keyword": "khai trương đầu tiên", "step": "capture", "message": "Capturing posinset=6 (6/∞)…", "data": {"w": 2}, "seq": 32846}
{"ts": "2026-05-01T17:00:14.248045+00:00", "level": "INFO", "jobId": "8698c85e-f7d1-4d89-a6cd-6abe804a1c69", "keyword": "khai trương đầu tiên", "step": "capture", "message": "Capturing posinset=6 (6/∞)…", "data": {"w": 2}, "seq": 32847}
{"ts": "2026-05-01T17:00:15.378741+00:00", "level": "INFO", "jobId": "8698c85e-f7d1-4d89-a6cd-6abe804a1c69", "keyword": "khai trương đầu tiên", "step": "capture", "message": "Capturing posinset=6 (6/∞)…", "data": {"w": 2}, "seq": 32852}
{"ts": "2026-05-01T17:00:19.693874+00:00", "level": "INFO", "jobId": "8698c85e-f7d1-4d89-a6cd-6abe804a1c69", "keyword": "khai trương đầu tiên", "step": "capture", "message": "Capturing posinset=6 (6/∞)…", "data": {"w": 2}, "seq": 32857}
{"ts": "2026-05-01T17:00:21.382656+00:00", "level": "INFO", "jobId": "8698c85e-f7d1-4d89-a6cd-6abe804a1c69", "keyword": "khai trương đầu tiên", "step": "capture", "message": "Saved post_006.png (posinset=6)", "data": {"w": 2}, "seq": 32859}
{"ts": "2026-05-01T17:00:21.382656+00:00", "level": "INFO", "jobId": "8698c85e-f7d1-4d89-a6cd-6abe804a1c69", "keyword": "khai trương đầu tiên", "step": "cooldown", "message": "Cooldown 1.0s (after capture)", "data": {"w": 2}, "seq": 32860}
{"ts": "2026-05-01T17:00:22.403663+00:00", "level": "INFO", "jobId": "8698c85e-f7d1-4d89-a6cd-6abe804a1c69", "keyword": "khai trương đầu tiên", "step": "capture", "message": "Capturing posinset=7 (7/∞)…", "data": {"w": 2}, "seq": 32864}
{"ts": "2026-05-01T17:00:23.487308+00:00", "level": "INFO", "jobId": "8698c85e-f7d1-4d89-a6cd-6abe804a1c69", "keyword": "khai trương đầu tiên", "step": "capture", "message": "Saved post_007.png (posinset=7)", "data": {"w": 2}, "seq": 32866}
{"ts": "2026-05-01T17:00:23.491400+00:00", "level": "INFO", "jobId": "8698c85e-f7d1-4d89-a6cd-6abe804a1c69", "keyword": "khai trương đầu tiên", "step": "cooldown", "message": "Cooldown 1.0s (after capture)", "data": {"w": 2}, "seq": 32867}
{"ts": "2026-05-01T17:00:24.510434+00:00", "level": "INFO", "jobId": "8698c85e-f7d1-4d89-a6cd-6abe804a1c69", "keyword": "khai trương đầu tiên", "step": "capture", "message": "Capturing posinset=8 (8/∞)…", "data": {"w": 2}, "seq": 32868}
{"ts": "2026-05-01T17:00:25.728574+00:00", "level": "INFO", "jobId": "8698c85e-f7d1-4d89-a6cd-6abe804a1c69", "keyword": "khai trương đầu tiên", "step": "capture", "message": "Saved post_008.png (posinset=8)", "data": {"w": 2}, "seq": 32872}
{"ts": "2026-05-01T17:00:25.729831+00:00", "level": "INFO", "jobId": "8698c85e-f7d1-4d89-a6cd-6abe804a1c69", "keyword": "khai trương đầu tiên", "step": "cooldown", "message": "Cooldown 1.0s (after capture)", "data": {"w": 2}, "seq": 32873}
{"ts": "2026-05-01T17:00:26.732054+00:00", "level": "INFO", "jobId": "8698c85e-f7d1-4d89-a6cd-6abe804a1c69", "keyword": "khai trương đầu tiên", "step": "capture", "message": "Capturing posinset=9 (9/∞)…", "data": {"w": 2}, "seq": 32876}
{"ts": "2026-05-01T17:00:28.123092+00:00", "level": "INFO", "jobId": "8698c85e-f7d1-4d89-a6cd-6abe804a1c69", "keyword": "khai trương đầu tiên", "step": "capture", "message": "Saved post_009.png (posinset=9)", "data": {"w": 2}, "seq": 32878}
{"ts": "2026-05-01T17:00:28.124366+00:00", "level": "INFO", "jobId": "8698c85e-f7d1-4d89-a6cd-6abe804a1c69", "keyword": "khai trương đầu tiên", "step": "cooldown", "message": "Cooldown 1.0s (after capture)", "data": {"w": 2}, "seq": 32879}
{"ts": "2026-05-01T17:00:29.133428+00:00", "level": "INFO", "jobId": "8698c85e-f7d1-4d89-a6cd-6abe804a1c69", "keyword": "khai trương đầu tiên", "step": "heartbeat", "message": "Worker alive", "data": {"w": 2, "elapsed_s": 52}, "seq": 32881}
{"ts": "2026-05-01T17:00:29.133428+00:00", "level": "INFO", "jobId": "8698c85e-f7d1-4d89-a6cd-6abe804a1c69", "keyword": "khai trương đầu tiên", "step": "capture", "message": "Capturing posinset=10 (10/∞)…", "data": {"w": 2}, "seq": 32882}
{"ts": "2026-05-01T17:00:30.562281+00:00", "level": "INFO", "jobId": "8698c85e-f7d1-4d89-a6cd-6abe804a1c69", "keyword": "khai trương đầu tiên", "step": "capture", "message": "Saved post_010.png (posinset=10)", "data": {"w": 2}, "seq": 32883}
{"ts": "2026-05-01T17:00:30.574845+00:00", "level": "INFO", "jobId": "8698c85e-f7d1-4d89-a6cd-6abe804a1c69", "keyword": "khai trương đầu tiên", "step": "cooldown", "message": "Cooldown 1.0s (after capture)", "data": {"w": 2}, "seq": 32884}
{"ts": "2026-05-01T17:00:31.604051+00:00", "level": "INFO", "jobId": "8698c85e-f7d1-4d89-a6cd-6abe804a1c69", "keyword": "khai trương đầu tiên", "step": "capture", "message": "Capturing posinset=11 (11/∞)…", "data": {"w": 2}, "seq": 32885}
{"ts": "2026-05-01T17:00:33.091999+00:00", "level": "INFO", "jobId": "8698c85e-f7d1-4d89-a6cd-6abe804a1c69", "keyword": "khai trương đầu tiên", "step": "capture", "message": "Saved post_011.png (posinset=11)", "data": {"w": 2}, "seq": 32886}
{"ts": "2026-05-01T17:00:33.091999+00:00", "level": "INFO", "jobId": "8698c85e-f7d1-4d89-a6cd-6abe804a1c69", "keyword": "khai trương đầu tiên", "step": "cooldown", "message": "Cooldown 1.0s (after capture)", "data": {"w": 2}, "seq": 32887}
{"ts": "2026-05-01T17:00:34.107609+00:00", "level": "INFO", "jobId": "8698c85e-f7d1-4d89-a6cd-6abe804a1c69", "keyword": "khai trương đầu tiên", "step": "capture", "message": "Capturing posinset=12 (12/∞)…", "data": {"w": 2}, "seq": 32888}
{"ts": "2026-05-01T17:00:35.605339+00:00", "level": "INFO", "jobId": "8698c85e-f7d1-4d89-a6cd-6abe804a1c69", "keyword": "khai trương đầu tiên", "step": "capture", "message": "Saved post_012.png (posinset=12)", "data": {"w": 2}, "seq": 32889}
{"ts": "2026-05-01T17:00:35.606440+00:00", "level": "INFO", "jobId": "8698c85e-f7d1-4d89-a6cd-6abe804a1c69", "keyword": "khai trương đầu tiên", "step": "cooldown", "message": "Cooldown 1.0s (after capture)", "data": {"w": 2}, "seq": 32890}
{"ts": "2026-05-01T17:00:36.633422+00:00", "level": "INFO", "jobId": "8698c85e-f7d1-4d89-a6cd-6abe804a1c69", "keyword": "khai trương đầu tiên", "step": "capture", "message": "Capturing posinset=13 (13/∞)…", "data": {"w": 2}, "seq": 32893}
{"ts": "2026-05-01T17:00:38.089320+00:00", "level": "INFO", "jobId": "8698c85e-f7d1-4d89-a6cd-6abe804a1c69", "keyword": "khai trương đầu tiên", "step": "capture", "message": "Saved post_013.png (posinset=13)", "data": {"w": 2}, "seq": 32896}
{"ts": "2026-05-01T17:00:38.090586+00:00", "level": "INFO", "jobId": "8698c85e-f7d1-4d89-a6cd-6abe804a1c69", "keyword": "khai trương đầu tiên", "step": "cooldown", "message": "Cooldown 1.0s (after capture)", "data": {"w": 2}, "seq": 32897}
{"ts": "2026-05-01T17:00:39.100060+00:00", "level": "INFO", "jobId": "8698c85e-f7d1-4d89-a6cd-6abe804a1c69", "keyword": "khai trương đầu tiên", "step": "capture", "message": "Capturing posinset=14 (14/∞)…", "data": {"w": 2}, "seq": 32898}
{"ts": "2026-05-01T17:00:40.383488+00:00", "level": "INFO", "jobId": "8698c85e-f7d1-4d89-a6cd-6abe804a1c69", "keyword": "khai trương đầu tiên", "step": "capture", "message": "Saved post_014.png (posinset=14)", "data": {"w": 2}, "seq": 32899}
{"ts": "2026-05-01T17:00:40.385973+00:00", "level": "INFO", "jobId": "8698c85e-f7d1-4d89-a6cd-6abe804a1c69", "keyword": "khai trương đầu tiên", "step": "cooldown", "message": "Cooldown 1.0s (after capture)", "data": {"w": 2}, "seq": 32900}
{"ts": "2026-05-01T17:00:41.400201+00:00", "level": "INFO", "jobId": "8698c85e-f7d1-4d89-a6cd-6abe804a1c69", "keyword": "khai trương đầu tiên", "step": "capture", "message": "Capturing posinset=15 (15/∞)…", "data": {"w": 2}, "seq": 32903}
{"ts": "2026-05-01T17:00:42.570698+00:00", "level": "INFO", "jobId": "8698c85e-f7d1-4d89-a6cd-6abe804a1c69", "keyword": "khai trương đầu tiên", "step": "capture", "message": "Saved post_015.png (posinset=15)", "data": {"w": 2}, "seq": 32904}
{"ts": "2026-05-01T17:00:42.572056+00:00", "level": "INFO", "jobId": "8698c85e-f7d1-4d89-a6cd-6abe804a1c69", "keyword": "khai trương đầu tiên", "step": "cooldown", "message": "Cooldown 1.0s (after capture)", "data": {"w": 2}, "seq": 32905}
{"ts": "2026-05-01T17:00:43.587358+00:00", "level": "INFO", "jobId": "8698c85e-f7d1-4d89-a6cd-6abe804a1c69", "keyword": "khai trương đầu tiên", "step": "capture", "message": "Capturing posinset=16 (16/∞)…", "data": {"w": 2}, "seq": 32906}
{"ts": "2026-05-01T17:00:44.746322+00:00", "level": "INFO", "jobId": "8698c85e-f7d1-4d89-a6cd-6abe804a1c69", "keyword": "khai trương đầu tiên", "step": "heartbeat", "message": "Worker alive", "data": {"w": 2, "elapsed_s": 67}, "seq": 32907}
{"ts": "2026-05-01T17:00:44.747886+00:00", "level": "INFO", "jobId": "8698c85e-f7d1-4d89-a6cd-6abe804a1c69", "keyword": "khai trương đầu tiên", "step": "capture", "message": "Capturing posinset=16 (16/∞)…", "data": {"w": 2}, "seq": 32908}
{"ts": "2026-05-01T17:00:45.876699+00:00", "level": "INFO", "jobId": "8698c85e-f7d1-4d89-a6cd-6abe804a1c69", "keyword": "khai trương đầu tiên", "step": "capture", "message": "Capturing posinset=16 (16/∞)…", "data": {"w": 2}, "seq": 32909}
{"ts": "2026-05-01T17:00:47.540017+00:00", "level": "INFO", "jobId": "8698c85e-f7d1-4d89-a6cd-6abe804a1c69", "keyword": "khai trương đầu tiên", "step": "capture", "message": "Capturing posinset=16 (16/∞)…", "data": {"w": 2}, "seq": 32912}
{"ts": "2026-05-01T17:00:49.011306+00:00", "level": "INFO", "jobId": "8698c85e-f7d1-4d89-a6cd-6abe804a1c69", "keyword": "khai trương đầu tiên", "step": "capture", "message": "Saved post_016.png (posinset=16)", "data": {"w": 2}, "seq": 32914}
{"ts": "2026-05-01T17:00:49.014466+00:00", "level": "INFO", "jobId": "8698c85e-f7d1-4d89-a6cd-6abe804a1c69", "keyword": "khai trương đầu tiên", "step": "cooldown", "message": "Cooldown 1.0s (after capture)", "data": {"w": 2}, "seq": 32915}
{"ts": "2026-05-01T17:00:50.058773+00:00", "level": "INFO", "jobId": "8698c85e-f7d1-4d89-a6cd-6abe804a1c69", "keyword": "khai trương đầu tiên", "step": "capture", "message": "Capturing posinset=17 (17/∞)…", "data": {"w": 2}, "seq": 32916}
{"ts": "2026-05-01T17:00:51.587632+00:00", "level": "INFO", "jobId": "8698c85e-f7d1-4d89-a6cd-6abe804a1c69", "keyword": "khai trương đầu tiên", "step": "capture", "message": "Saved post_017.png (posinset=17)", "data": {"w": 2}, "seq": 32917}
{"ts": "2026-05-01T17:00:51.588650+00:00", "level": "INFO", "jobId": "8698c85e-f7d1-4d89-a6cd-6abe804a1c69", "keyword": "khai trương đầu tiên", "step": "cooldown", "message": "Cooldown 1.0s (after capture)", "data": {"w": 2}, "seq": 32918}
{"ts": "2026-05-01T17:00:52.606984+00:00", "level": "INFO", "jobId": "8698c85e-f7d1-4d89-a6cd-6abe804a1c69", "keyword": "khai trương đầu tiên", "step": "capture", "message": "Capturing posinset=18 (18/∞)…", "data": {"w": 2}, "seq": 32920}
{"ts": "2026-05-01T17:00:53.726323+00:00", "level": "INFO", "jobId": "8698c85e-f7d1-4d89-a6cd-6abe804a1c69", "keyword": "khai trương đầu tiên", "step": "capture", "message": "Saved post_018.png (posinset=18)", "data": {"w": 2}, "seq": 32921}
{"ts": "2026-05-01T17:00:53.728012+00:00", "level": "INFO", "jobId": "8698c85e-f7d1-4d89-a6cd-6abe804a1c69", "keyword": "khai trương đầu tiên", "step": "cooldown", "message": "Cooldown 1.0s (after capture)", "data": {"w": 2}, "seq": 32922}
{"ts": "2026-05-01T17:00:54.755103+00:00", "level": "INFO", "jobId": "8698c85e-f7d1-4d89-a6cd-6abe804a1c69", "keyword": "khai trương đầu tiên", "step": "capture", "message": "Capturing posinset=19 (19/∞)…", "data": {"w": 2}, "seq": 32927}
{"ts": "2026-05-01T17:00:56.014392+00:00", "level": "INFO", "jobId": "8698c85e-f7d1-4d89-a6cd-6abe804a1c69", "keyword": "khai trương đầu tiên", "step": "capture", "message": "Saved post_019.png (posinset=19)", "data": {"w": 2}, "seq": 32928}
{"ts": "2026-05-01T17:00:56.015388+00:00", "level": "INFO", "jobId": "8698c85e-f7d1-4d89-a6cd-6abe804a1c69", "keyword": "khai trương đầu tiên", "step": "cooldown", "message": "Cooldown 1.0s (after capture)", "data": {"w": 2}, "seq": 32929}
{"ts": "2026-05-01T17:00:58.339499+00:00", "level": "INFO", "jobId": "8698c85e-f7d1-4d89-a6cd-6abe804a1c69", "keyword": "khai trương đầu tiên", "step": "capture", "message": "Capturing posinset=20 (20/∞)…", "data": {"w": 2}, "seq": 32930}
{"ts": "2026-05-01T17:01:05.584259+00:00", "level": "INFO", "jobId": "8698c85e-f7d1-4d89-a6cd-6abe804a1c69", "keyword": "khai trương đầu tiên", "step": "capture", "message": "Saved post_020.png (posinset=20)", "data": {"w": 2}, "seq": 32937}
{"ts": "2026-05-01T17:01:05.586255+00:00", "level": "INFO", "jobId": "8698c85e-f7d1-4d89-a6cd-6abe804a1c69", "keyword": "khai trương đầu tiên", "step": "cooldown", "message": "Cooldown 1.0s (after capture)", "data": {"w": 2}, "seq": 32938}
{"ts": "2026-05-01T17:01:06.621941+00:00", "level": "INFO", "jobId": "8698c85e-f7d1-4d89-a6cd-6abe804a1c69", "keyword": "khai trương đầu tiên", "step": "heartbeat", "message": "Worker alive", "data": {"w": 2, "elapsed_s": 89}, "seq": 32939}
{"ts": "2026-05-01T17:01:06.623992+00:00", "level": "INFO", "jobId": "8698c85e-f7d1-4d89-a6cd-6abe804a1c69", "keyword": "khai trương đầu tiên", "step": "capture", "message": "Capturing posinset=21 (21/∞)…", "data": {"w": 2}, "seq": 32940}
{"ts": "2026-05-01T17:01:09.163249+00:00", "level": "INFO", "jobId": "8698c85e-f7d1-4d89-a6cd-6abe804a1c69", "keyword": "khai trương đầu tiên", "step": "capture", "message": "Saved post_021.png (posinset=21)", "data": {"w": 2}, "seq": 32941}
{"ts": "2026-05-01T17:01:09.165249+00:00", "level": "INFO", "jobId": "8698c85e-f7d1-4d89-a6cd-6abe804a1c69", "keyword": "khai trương đầu tiên", "step": "cooldown", "message": "Cooldown 1.0s (after capture)", "data": {"w": 2}, "seq": 32942}
{"ts": "2026-05-01T17:01:10.336942+00:00", "level": "INFO", "jobId": "8698c85e-f7d1-4d89-a6cd-6abe804a1c69", "keyword": "khai trương đầu tiên", "step": "capture", "message": "Capturing posinset=22 (22/∞)…", "data": {"w": 2}, "seq": 32943}
{"ts": "2026-05-01T17:01:13.358105+00:00", "level": "INFO", "jobId": "8698c85e-f7d1-4d89-a6cd-6abe804a1c69", "keyword": "khai trương đầu tiên", "step": "capture", "message": "Saved post_022.png (posinset=22)", "data": {"w": 2}, "seq": 32946}
{"ts": "2026-05-01T17:01:13.360113+00:00", "level": "INFO", "jobId": "8698c85e-f7d1-4d89-a6cd-6abe804a1c69", "keyword": "khai trương đầu tiên", "step": "cooldown", "message": "Cooldown 1.0s (after capture)", "data": {"w": 2}, "seq": 32947}
{"ts": "2026-05-01T17:01:14.492326+00:00", "level": "INFO", "jobId": "8698c85e-f7d1-4d89-a6cd-6abe804a1c69", "keyword": "khai trương đầu tiên", "step": "capture", "message": "Capturing posinset=23 (23/∞)…", "data": {"w": 2}, "seq": 32948}
{"ts": "2026-05-01T17:01:17.457225+00:00", "level": "INFO", "jobId": "8698c85e-f7d1-4d89-a6cd-6abe804a1c69", "keyword": "khai trương đầu tiên", "step": "capture", "message": "Saved post_023.png (posinset=23)", "data": {"w": 2}, "seq": 32954}
{"ts": "2026-05-01T17:01:17.466225+00:00", "level": "INFO", "jobId": "8698c85e-f7d1-4d89-a6cd-6abe804a1c69", "keyword": "khai trương đầu tiên", "step": "cooldown", "message": "Cooldown 1.0s (after capture)", "data": {"w": 2}, "seq": 32955}
{"ts": "2026-05-01T17:01:18.535391+00:00", "level": "INFO", "jobId": "8698c85e-f7d1-4d89-a6cd-6abe804a1c69", "keyword": "khai trương đầu tiên", "step": "capture", "message": "Capturing posinset=24 (24/∞)…", "data": {"w": 2}, "seq": 32956}
{"ts": "2026-05-01T17:01:22.780257+00:00", "level": "INFO", "jobId": "8698c85e-f7d1-4d89-a6cd-6abe804a1c69", "keyword": "khai trương đầu tiên", "step": "capture", "message": "Saved post_024.png (posinset=24)", "data": {"w": 2}, "seq": 32959}
{"ts": "2026-05-01T17:01:22.782542+00:00", "level": "INFO", "jobId": "8698c85e-f7d1-4d89-a6cd-6abe804a1c69", "keyword": "khai trương đầu tiên", "step": "cooldown", "message": "Cooldown 1.0s (after capture)", "data": {"w": 2}, "seq": 32960}
{"ts": "2026-05-01T17:01:23.808108+00:00", "level": "INFO", "jobId": "8698c85e-f7d1-4d89-a6cd-6abe804a1c69", "keyword": "khai trương đầu tiên", "step": "heartbeat", "message": "Worker alive", "data": {"w": 2, "elapsed_s": 106}, "seq": 32963}
{"ts": "2026-05-01T17:01:23.808108+00:00", "level": "INFO", "jobId": "8698c85e-f7d1-4d89-a6cd-6abe804a1c69", "keyword": "khai trương đầu tiên", "step": "capture", "message": "Capturing posinset=25 (25/∞)…", "data": {"w": 2}, "seq": 32964}
{"ts": "2026-05-01T17:01:25.267648+00:00", "level": "INFO", "jobId": "8698c85e-f7d1-4d89-a6cd-6abe804a1c69", "keyword": "khai trương đầu tiên", "step": "capture", "message": "Saved post_025.png (posinset=25)", "data": {"w": 2}, "seq": 32966}
{"ts": "2026-05-01T17:01:25.269648+00:00", "level": "INFO", "jobId": "8698c85e-f7d1-4d89-a6cd-6abe804a1c69", "keyword": "khai trương đầu tiên", "step": "cooldown", "message": "Cooldown 1.0s (after capture)", "data": {"w": 2}, "seq": 32967}
{"ts": "2026-05-01T17:01:26.652307+00:00", "level": "INFO", "jobId": "8698c85e-f7d1-4d89-a6cd-6abe804a1c69", "keyword": "khai trương đầu tiên", "step": "capture", "message": "Capturing posinset=26 (26/∞)…", "data": {"w": 2}, "seq": 32971}
{"ts": "2026-05-01T17:01:29.569013+00:00", "level": "INFO", "jobId": "8698c85e-f7d1-4d89-a6cd-6abe804a1c69", "keyword": "khai trương đầu tiên", "step": "capture", "message": "Saved post_026.png (posinset=26)", "data": {"w": 2}, "seq": 32977}
{"ts": "2026-05-01T17:01:29.570012+00:00", "level": "INFO", "jobId": "8698c85e-f7d1-4d89-a6cd-6abe804a1c69", "keyword": "khai trương đầu tiên", "step": "cooldown", "message": "Cooldown 1.0s (after capture)", "data": {"w": 2}, "seq": 32978}
{"ts": "2026-05-01T17:01:30.589826+00:00", "level": "INFO", "jobId": "8698c85e-f7d1-4d89-a6cd-6abe804a1c69", "keyword": "khai trương đầu tiên", "step": "capture", "message": "Capturing posinset=27 (27/∞)…", "data": {"w": 2}, "seq": 32979}
{"ts": "2026-05-01T17:01:32.762990+00:00", "level": "INFO", "jobId": "8698c85e-f7d1-4d89-a6cd-6abe804a1c69", "keyword": "khai trương đầu tiên", "step": "capture", "message": "Saved post_027.png (posinset=27)", "data": {"w": 2}, "seq": 32986}
{"ts": "2026-05-01T17:01:32.765275+00:00", "level": "INFO", "jobId": "8698c85e-f7d1-4d89-a6cd-6abe804a1c69", "keyword": "khai trương đầu tiên", "step": "cooldown", "message": "Cooldown 1.0s (after capture)", "data": {"w": 2}, "seq": 32987}
{"ts": "2026-05-01T17:01:33.775618+00:00", "level": "INFO", "jobId": "8698c85e-f7d1-4d89-a6cd-6abe804a1c69", "keyword": "khai trương đầu tiên", "step": "capture", "message": "Capturing posinset=28 (28/∞)…", "data": {"w": 2}, "seq": 32990}
{"ts": "2026-05-01T17:01:35.231033+00:00", "level": "INFO", "jobId": "8698c85e-f7d1-4d89-a6cd-6abe804a1c69", "keyword": "khai trương đầu tiên", "step": "capture", "message": "Saved post_028.png (posinset=28)", "data": {"w": 2}, "seq": 32995}
{"ts": "2026-05-01T17:01:35.233037+00:00", "level": "INFO", "jobId": "8698c85e-f7d1-4d89-a6cd-6abe804a1c69", "keyword": "khai trương đầu tiên", "step": "cooldown", "message": "Cooldown 1.0s (after capture)", "data": {"w": 2}, "seq": 32996}
{"ts": "2026-05-01T17:01:36.333164+00:00", "level": "INFO", "jobId": "8698c85e-f7d1-4d89-a6cd-6abe804a1c69", "keyword": "khai trương đầu tiên", "step": "capture", "message": "Capturing posinset=29 (29/∞)…", "data": {"w": 2}, "seq": 32998}
{"ts": "2026-05-01T17:01:38.008608+00:00", "level": "INFO", "jobId": "8698c85e-f7d1-4d89-a6cd-6abe804a1c69", "keyword": "khai trương đầu tiên", "step": "capture", "message": "Saved post_029.png (posinset=29)", "data": {"w": 2}, "seq": 33001}
{"ts": "2026-05-01T17:01:38.010649+00:00", "level": "INFO", "jobId": "8698c85e-f7d1-4d89-a6cd-6abe804a1c69", "keyword": "khai trương đầu tiên", "step": "cooldown", "message": "Cooldown 1.0s (after capture)", "data": {"w": 2}, "seq": 33002}
{"ts": "2026-05-01T17:01:39.032054+00:00", "level": "INFO", "jobId": "8698c85e-f7d1-4d89-a6cd-6abe804a1c69", "keyword": "khai trương đầu tiên", "step": "heartbeat", "message": "Worker alive", "data": {"w": 2, "elapsed_s": 122}, "seq": 33004}
{"ts": "2026-05-01T17:01:39.032054+00:00", "level": "INFO", "jobId": "8698c85e-f7d1-4d89-a6cd-6abe804a1c69", "keyword": "khai trương đầu tiên", "step": "capture", "message": "Capturing posinset=30 (30/∞)…", "data": {"w": 2}, "seq": 33005}
{"ts": "2026-05-01T17:01:41.456025+00:00", "level": "INFO", "jobId": "8698c85e-f7d1-4d89-a6cd-6abe804a1c69", "keyword": "khai trương đầu tiên", "step": "capture", "message": "Saved post_030.png (posinset=30)", "data": {"w": 2}, "seq": 33009}
{"ts": "2026-05-01T17:01:41.458247+00:00", "level": "INFO", "jobId": "8698c85e-f7d1-4d89-a6cd-6abe804a1c69", "keyword": "khai trương đầu tiên", "step": "cooldown", "message": "Cooldown 1.0s (after capture)", "data": {"w": 2}, "seq": 33010}
{"ts": "2026-05-01T17:01:42.487502+00:00", "level": "INFO", "jobId": "8698c85e-f7d1-4d89-a6cd-6abe804a1c69", "keyword": "khai trương đầu tiên", "step": "capture", "message": "Capturing posinset=31 (31/∞)…", "data": {"w": 2}, "seq": 33013}
{"ts": "2026-05-01T17:01:43.847087+00:00", "level": "INFO", "jobId": "8698c85e-f7d1-4d89-a6cd-6abe804a1c69", "keyword": "khai trương đầu tiên", "step": "capture", "message": "Capturing posinset=31 (31/∞)…", "data": {"w": 2}, "seq": 33017}
{"ts": "2026-05-01T17:01:45.132184+00:00", "level": "INFO", "jobId": "8698c85e-f7d1-4d89-a6cd-6abe804a1c69", "keyword": "khai trương đầu tiên", "step": "capture", "message": "Capturing posinset=31 (31/∞)…", "data": {"w": 2}, "seq": 33022}
{"ts": "2026-05-01T17:01:47.632261+00:00", "level": "INFO", "jobId": "8698c85e-f7d1-4d89-a6cd-6abe804a1c69", "keyword": "khai trương đầu tiên", "step": "capture", "message": "Capturing posinset=31 (31/∞)…", "data": {"w": 2}, "seq": 33026}
{"ts": "2026-05-01T17:01:48.985888+00:00", "level": "INFO", "jobId": "8698c85e-f7d1-4d89-a6cd-6abe804a1c69", "keyword": "khai trương đầu tiên", "step": "capture", "message": "Saved post_031.png (posinset=31)", "data": {"w": 2}, "seq": 33028}
{"ts": "2026-05-01T17:01:48.987867+00:00", "level": "INFO", "jobId": "8698c85e-f7d1-4d89-a6cd-6abe804a1c69", "keyword": "khai trương đầu tiên", "step": "cooldown", "message": "Cooldown 1.0s (after capture)", "data": {"w": 2}, "seq": 33029}
{"ts": "2026-05-01T17:01:50.012421+00:00", "level": "INFO", "jobId": "8698c85e-f7d1-4d89-a6cd-6abe804a1c69", "keyword": "khai trương đầu tiên", "step": "capture", "message": "Capturing posinset=32 (32/∞)…", "data": {"w": 2}, "seq": 33032}
{"ts": "2026-05-01T17:01:51.546333+00:00", "level": "INFO", "jobId": "8698c85e-f7d1-4d89-a6cd-6abe804a1c69", "keyword": "khai trương đầu tiên", "step": "capture", "message": "Saved post_032.png (posinset=32)", "data": {"w": 2}, "seq": 33037}
{"ts": "2026-05-01T17:01:51.546333+00:00", "level": "INFO", "jobId": "8698c85e-f7d1-4d89-a6cd-6abe804a1c69", "keyword": "khai trương đầu tiên", "step": "cooldown", "message": "Cooldown 1.0s (after capture)", "data": {"w": 2}, "seq": 33038}
{"ts": "2026-05-01T17:01:52.573029+00:00", "level": "INFO", "jobId": "8698c85e-f7d1-4d89-a6cd-6abe804a1c69", "keyword": "khai trương đầu tiên", "step": "capture", "message": "Capturing posinset=33 (33/∞)…", "data": {"w": 2}, "seq": 33040}
{"ts": "2026-05-01T17:01:54.352617+00:00", "level": "INFO", "jobId": "8698c85e-f7d1-4d89-a6cd-6abe804a1c69", "keyword": "khai trương đầu tiên", "step": "capture", "message": "Saved post_033.png (posinset=33)", "data": {"w": 2}, "seq": 33041}
{"ts": "2026-05-01T17:01:54.354044+00:00", "level": "INFO", "jobId": "8698c85e-f7d1-4d89-a6cd-6abe804a1c69", "keyword": "khai trương đầu tiên", "step": "cooldown", "message": "Cooldown 1.0s (after capture)", "data": {"w": 2}, "seq": 33042}
{"ts": "2026-05-01T17:01:55.366694+00:00", "level": "INFO", "jobId": "8698c85e-f7d1-4d89-a6cd-6abe804a1c69", "keyword": "khai trương đầu tiên", "step": "heartbeat", "message": "Worker alive", "data": {"w": 2, "elapsed_s": 138}, "seq": 33047}
{"ts": "2026-05-01T17:01:55.379819+00:00", "level": "INFO", "jobId": "8698c85e-f7d1-4d89-a6cd-6abe804a1c69", "keyword": "khai trương đầu tiên", "step": "capture", "message": "Capturing posinset=34 (34/∞)…", "data": {"w": 2}, "seq": 33048}
{"ts": "2026-05-01T17:01:58.501792+00:00", "level": "INFO", "jobId": "8698c85e-f7d1-4d89-a6cd-6abe804a1c69", "keyword": "khai trương đầu tiên", "step": "capture", "message": "Saved post_034.png (posinset=34)", "data": {"w": 2}, "seq": 33054}
{"ts": "2026-05-01T17:01:58.504801+00:00", "level": "INFO", "jobId": "8698c85e-f7d1-4d89-a6cd-6abe804a1c69", "keyword": "khai trương đầu tiên", "step": "cooldown", "message": "Cooldown 1.0s (after capture)", "data": {"w": 2}, "seq": 33055}
{"ts": "2026-05-01T17:01:59.559935+00:00", "level": "INFO", "jobId": "8698c85e-f7d1-4d89-a6cd-6abe804a1c69", "keyword": "khai trương đầu tiên", "step": "capture", "message": "Capturing posinset=35 (35/∞)…", "data": {"w": 2}, "seq": 33056}
{"ts": "2026-05-01T17:02:01.342505+00:00", "level": "INFO", "jobId": "8698c85e-f7d1-4d89-a6cd-6abe804a1c69", "keyword": "khai trương đầu tiên", "step": "capture", "message": "Saved post_035.png (posinset=35)", "data": {"w": 2}, "seq": 33057}
{"ts": "2026-05-01T17:02:01.343521+00:00", "level": "INFO", "jobId": "8698c85e-f7d1-4d89-a6cd-6abe804a1c69", "keyword": "khai trương đầu tiên", "step": "cooldown", "message": "Cooldown 1.0s (after capture)", "data": {"w": 2}, "seq": 33058}
{"ts": "2026-05-01T17:02:02.678062+00:00", "level": "INFO", "jobId": "8698c85e-f7d1-4d89-a6cd-6abe804a1c69", "keyword": "khai trương đầu tiên", "step": "capture", "message": "Capturing posinset=36 (36/∞)…", "data": {"w": 2}, "seq": 33066}
{"ts": "2026-05-01T17:02:06.098726+00:00", "level": "INFO", "jobId": "8698c85e-f7d1-4d89-a6cd-6abe804a1c69", "keyword": "khai trương đầu tiên", "step": "capture", "message": "Saved post_036.png (posinset=36)", "data": {"w": 2}, "seq": 33072}
{"ts": "2026-05-01T17:02:06.099725+00:00", "level": "INFO", "jobId": "8698c85e-f7d1-4d89-a6cd-6abe804a1c69", "keyword": "khai trương đầu tiên", "step": "cooldown", "message": "Cooldown 1.0s (after capture)", "data": {"w": 2}, "seq": 33073}
{"ts": "2026-05-01T17:02:07.130349+00:00", "level": "INFO", "jobId": "8698c85e-f7d1-4d89-a6cd-6abe804a1c69", "keyword": "khai trương đầu tiên", "step": "capture", "message": "Capturing posinset=37 (37/∞)…", "data": {"w": 2}, "seq": 33076}
{"ts": "2026-05-01T17:02:08.566645+00:00", "level": "INFO", "jobId": "8698c85e-f7d1-4d89-a6cd-6abe804a1c69", "keyword": "khai trương đầu tiên", "step": "capture", "message": "Saved post_037.png (posinset=37)", "data": {"w": 2}, "seq": 33080}
{"ts": "2026-05-01T17:02:08.570384+00:00", "level": "INFO", "jobId": "8698c85e-f7d1-4d89-a6cd-6abe804a1c69", "keyword": "khai trương đầu tiên", "step": "cooldown", "message": "Cooldown 1.0s (after capture)", "data": {"w": 2}, "seq": 33081}
{"ts": "2026-05-01T17:02:09.606433+00:00", "level": "INFO", "jobId": "8698c85e-f7d1-4d89-a6cd-6abe804a1c69", "keyword": "khai trương đầu tiên", "step": "capture", "message": "Capturing posinset=38 (38/∞)…", "data": {"w": 2}, "seq": 33083}
{"ts": "2026-05-01T17:02:11.090100+00:00", "level": "INFO", "jobId": "8698c85e-f7d1-4d89-a6cd-6abe804a1c69", "keyword": "khai trương đầu tiên", "step": "capture", "message": "Saved post_038.png (posinset=38)", "data": {"w": 2}, "seq": 33088}
{"ts": "2026-05-01T17:02:11.091098+00:00", "level": "INFO", "jobId": "8698c85e-f7d1-4d89-a6cd-6abe804a1c69", "keyword": "khai trương đầu tiên", "step": "cooldown", "message": "Cooldown 1.0s (after capture)", "data": {"w": 2}, "seq": 33089}
{"ts": "2026-05-01T17:02:12.117561+00:00", "level": "INFO", "jobId": "8698c85e-f7d1-4d89-a6cd-6abe804a1c69", "keyword": "khai trương đầu tiên", "step": "heartbeat", "message": "Worker alive", "data": {"w": 2, "elapsed_s": 155}, "seq": 33092}
{"ts": "2026-05-01T17:02:12.118415+00:00", "level": "INFO", "jobId": "8698c85e-f7d1-4d89-a6cd-6abe804a1c69", "keyword": "khai trương đầu tiên", "step": "capture", "message": "Capturing posinset=39 (39/∞)…", "data": {"w": 2}, "seq": 33093}
{"ts": "2026-05-01T17:02:15.396756+00:00", "level": "INFO", "jobId": "8698c85e-f7d1-4d89-a6cd-6abe804a1c69", "keyword": "khai trương đầu tiên", "step": "capture", "message": "Saved post_039.png (posinset=39)", "data": {"w": 2}, "seq": 33101}
{"ts": "2026-05-01T17:02:15.398274+00:00", "level": "INFO", "jobId": "8698c85e-f7d1-4d89-a6cd-6abe804a1c69", "keyword": "khai trương đầu tiên", "step": "cooldown", "message": "Cooldown 1.0s (after capture)", "data": {"w": 2}, "seq": 33102}
{"ts": "2026-05-01T17:02:16.417209+00:00", "level": "INFO", "jobId": "8698c85e-f7d1-4d89-a6cd-6abe804a1c69", "keyword": "khai trương đầu tiên", "step": "capture", "message": "Capturing posinset=40 (40/∞)…", "data": {"w": 2}, "seq": 33105}
{"ts": "2026-05-01T17:02:17.876381+00:00", "level": "INFO", "jobId": "8698c85e-f7d1-4d89-a6cd-6abe804a1c69", "keyword": "khai trương đầu tiên", "step": "capture", "message": "Saved post_040.png (posinset=40)", "data": {"w": 2}, "seq": 33108}
{"ts": "2026-05-01T17:02:17.878605+00:00", "level": "INFO", "jobId": "8698c85e-f7d1-4d89-a6cd-6abe804a1c69", "keyword": "khai trương đầu tiên", "step": "cooldown", "message": "Cooldown 1.0s (after capture)", "data": {"w": 2}, "seq": 33109}
{"ts": "2026-05-01T17:02:19.486473+00:00", "level": "INFO", "jobId": "8698c85e-f7d1-4d89-a6cd-6abe804a1c69", "keyword": "khai trương đầu tiên", "step": "capture", "message": "Capturing posinset=41 (41/∞)…", "data": {"w": 2}, "seq": 33113}
{"ts": "2026-05-01T17:02:22.280345+00:00", "level": "INFO", "jobId": "8698c85e-f7d1-4d89-a6cd-6abe804a1c69", "keyword": "khai trương đầu tiên", "step": "capture", "message": "Saved post_041.png (posinset=41)", "data": {"w": 2}, "seq": 33118}
{"ts": "2026-05-01T17:02:22.281452+00:00", "level": "INFO", "jobId": "8698c85e-f7d1-4d89-a6cd-6abe804a1c69", "keyword": "khai trương đầu tiên", "step": "cooldown", "message": "Cooldown 1.0s (after capture)", "data": {"w": 2}, "seq": 33119}
{"ts": "2026-05-01T17:02:23.301493+00:00", "level": "INFO", "jobId": "8698c85e-f7d1-4d89-a6cd-6abe804a1c69", "keyword": "khai trương đầu tiên", "step": "capture", "message": "Capturing posinset=42 (42/∞)…", "data": {"w": 2}, "seq": 33122}
{"ts": "2026-05-01T17:02:25.297821+00:00", "level": "INFO", "jobId": "8698c85e-f7d1-4d89-a6cd-6abe804a1c69", "keyword": "khai trương đầu tiên", "step": "capture", "message": "Saved post_042.png (posinset=42)", "data": {"w": 2}, "seq": 33126}
{"ts": "2026-05-01T17:02:25.299852+00:00", "level": "INFO", "jobId": "8698c85e-f7d1-4d89-a6cd-6abe804a1c69", "keyword": "khai trương đầu tiên", "step": "cooldown", "message": "Cooldown 1.0s (after capture)", "data": {"w": 2}, "seq": 33127}
{"ts": "2026-05-01T17:02:26.347576+00:00", "level": "INFO", "jobId": "8698c85e-f7d1-4d89-a6cd-6abe804a1c69", "keyword": "khai trương đầu tiên", "step": "capture", "message": "Capturing posinset=43 (43/∞)…", "data": {"w": 2}, "seq": 33128}
{"ts": "2026-05-01T17:02:27.928930+00:00", "level": "INFO", "jobId": "8698c85e-f7d1-4d89-a6cd-6abe804a1c69", "keyword": "khai trương đầu tiên", "step": "capture", "message": "Saved post_043.png (posinset=43)", "data": {"w": 2}, "seq": 33131}
{"ts": "2026-05-01T17:02:27.930213+00:00", "level": "INFO", "jobId": "8698c85e-f7d1-4d89-a6cd-6abe804a1c69", "keyword": "khai trương đầu tiên", "step": "cooldown", "message": "Cooldown 1.0s (after capture)", "data": {"w": 2}, "seq": 33132}
{"ts": "2026-05-01T17:02:28.969378+00:00", "level": "INFO", "jobId": "8698c85e-f7d1-4d89-a6cd-6abe804a1c69", "keyword": "khai trương đầu tiên", "step": "heartbeat", "message": "Worker alive", "data": {"w": 2, "elapsed_s": 172}, "seq": 33134}
{"ts": "2026-05-01T17:02:28.970378+00:00", "level": "INFO", "jobId": "8698c85e-f7d1-4d89-a6cd-6abe804a1c69", "keyword": "khai trương đầu tiên", "step": "capture", "message": "Capturing posinset=44 (44/∞)…", "data": {"w": 2}, "seq": 33135}
{"ts": "2026-05-01T17:02:31.426445+00:00", "level": "INFO", "jobId": "8698c85e-f7d1-4d89-a6cd-6abe804a1c69", "keyword": "khai trương đầu tiên", "step": "capture", "message": "Saved post_044.png (posinset=44)", "data": {"w": 2}, "seq": 33138}
{"ts": "2026-05-01T17:02:31.427446+00:00", "level": "INFO", "jobId": "8698c85e-f7d1-4d89-a6cd-6abe804a1c69", "keyword": "khai trương đầu tiên", "step": "cooldown", "message": "Cooldown 1.0s (after capture)", "data": {"w": 2}, "seq": 33139}
{"ts": "2026-05-01T17:02:32.454542+00:00", "level": "INFO", "jobId": "8698c85e-f7d1-4d89-a6cd-6abe804a1c69", "keyword": "khai trương đầu tiên", "step": "capture", "message": "Capturing posinset=45 (45/∞)…", "data": {"w": 2}, "seq": 33141}
{"ts": "2026-05-01T17:02:34.444044+00:00", "level": "INFO", "jobId": "8698c85e-f7d1-4d89-a6cd-6abe804a1c69", "keyword": "khai trương đầu tiên", "step": "capture", "message": "Saved post_045.png (posinset=45)", "data": {"w": 2}, "seq": 33144}
{"ts": "2026-05-01T17:02:34.444044+00:00", "level": "INFO", "jobId": "8698c85e-f7d1-4d89-a6cd-6abe804a1c69", "keyword": "khai trương đầu tiên", "step": "cooldown", "message": "Cooldown 1.0s (after capture)", "data": {"w": 2}, "seq": 33145}
{"ts": "2026-05-01T17:02:35.681170+00:00", "level": "INFO", "jobId": "8698c85e-f7d1-4d89-a6cd-6abe804a1c69", "keyword": "khai trương đầu tiên", "step": "capture", "message": "Capturing posinset=46 (46/∞)…", "data": {"w": 2}, "seq": 33149}
{"ts": "2026-05-01T17:02:40.563930+00:00", "level": "INFO", "jobId": "8698c85e-f7d1-4d89-a6cd-6abe804a1c69", "keyword": "khai trương đầu tiên", "step": "capture", "message": "Saved post_046.png (posinset=46)", "data": {"w": 2}, "seq": 33159}
{"ts": "2026-05-01T17:02:40.571044+00:00", "level": "INFO", "jobId": "8698c85e-f7d1-4d89-a6cd-6abe804a1c69", "keyword": "khai trương đầu tiên", "step": "cooldown", "message": "Cooldown 1.0s (after capture)", "data": {"w": 2}, "seq": 33160}
{"ts": "2026-05-01T17:02:41.663167+00:00", "level": "INFO", "jobId": "8698c85e-f7d1-4d89-a6cd-6abe804a1c69", "keyword": "khai trương đầu tiên", "step": "capture", "message": "Capturing posinset=47 (47/∞)…", "data": {"w": 2}, "seq": 33163}
{"ts": "2026-05-01T17:02:45.356196+00:00", "level": "INFO", "jobId": "8698c85e-f7d1-4d89-a6cd-6abe804a1c69", "keyword": "khai trương đầu tiên", "step": "capture", "message": "Saved post_047.png (posinset=47)", "data": {"w": 2}, "seq": 33165}
{"ts": "2026-05-01T17:02:45.358538+00:00", "level": "INFO", "jobId": "8698c85e-f7d1-4d89-a6cd-6abe804a1c69", "keyword": "khai trương đầu tiên", "step": "cooldown", "message": "Cooldown 1.0s (after capture)", "data": {"w": 2}, "seq": 33166}
{"ts": "2026-05-01T17:02:46.379419+00:00", "level": "INFO", "jobId": "8698c85e-f7d1-4d89-a6cd-6abe804a1c69", "keyword": "khai trương đầu tiên", "step": "heartbeat", "message": "Worker alive", "data": {"w": 2, "elapsed_s": 189}, "seq": 33171}
{"ts": "2026-05-01T17:02:46.380820+00:00", "level": "INFO", "jobId": "8698c85e-f7d1-4d89-a6cd-6abe804a1c69", "keyword": "khai trương đầu tiên", "step": "capture", "message": "Capturing posinset=48 (48/∞)…", "data": {"w": 2}, "seq": 33172}
{"ts": "2026-05-01T17:02:48.031637+00:00", "level": "INFO", "jobId": "8698c85e-f7d1-4d89-a6cd-6abe804a1c69", "keyword": "khai trương đầu tiên", "step": "capture", "message": "Saved post_048.png (posinset=48)", "data": {"w": 2}, "seq": 33175}
{"ts": "2026-05-01T17:02:48.033738+00:00", "level": "INFO", "jobId": "8698c85e-f7d1-4d89-a6cd-6abe804a1c69", "keyword": "khai trương đầu tiên", "step": "cooldown", "message": "Cooldown 1.0s (after capture)", "data": {"w": 2}, "seq": 33176}
{"ts": "2026-05-01T17:02:49.067156+00:00", "level": "INFO", "jobId": "8698c85e-f7d1-4d89-a6cd-6abe804a1c69", "keyword": "khai trương đầu tiên", "step": "capture", "message": "Capturing posinset=49 (49/∞)…", "data": {"w": 2}, "seq": 33179}
{"ts": "2026-05-01T17:02:50.926209+00:00", "level": "INFO", "jobId": "8698c85e-f7d1-4d89-a6cd-6abe804a1c69", "keyword": "khai trương đầu tiên", "step": "capture", "message": "Saved post_049.png (posinset=49)", "data": {"w": 2}, "seq": 33183}
{"ts": "2026-05-01T17:02:50.927251+00:00", "level": "INFO", "jobId": "8698c85e-f7d1-4d89-a6cd-6abe804a1c69", "keyword": "khai trương đầu tiên", "step": "cooldown", "message": "Cooldown 1.0s (after capture)", "data": {"w": 2}, "seq": 33184}
{"ts": "2026-05-01T17:02:51.949053+00:00", "level": "INFO", "jobId": "8698c85e-f7d1-4d89-a6cd-6abe804a1c69", "keyword": "khai trương đầu tiên", "step": "capture", "message": "Capturing posinset=50 (50/∞)…", "data": {"w": 2}, "seq": 33187}
{"ts": "2026-05-01T17:02:53.463355+00:00", "level": "INFO", "jobId": "8698c85e-f7d1-4d89-a6cd-6abe804a1c69", "keyword": "khai trương đầu tiên", "step": "capture", "message": "Saved post_050.png (posinset=50)", "data": {"w": 2}, "seq": 33191}
{"ts": "2026-05-01T17:02:53.465405+00:00", "level": "INFO", "jobId": "8698c85e-f7d1-4d89-a6cd-6abe804a1c69", "keyword": "khai trương đầu tiên", "step": "cooldown", "message": "Cooldown 1.0s (after capture)", "data": {"w": 2}, "seq": 33192}
{"ts": "2026-05-01T17:02:55.171860+00:00", "level": "INFO", "jobId": "8698c85e-f7d1-4d89-a6cd-6abe804a1c69", "keyword": "khai trương đầu tiên", "step": "capture", "message": "Capturing posinset=51 (51/∞)…", "data": {"w": 2}, "seq": 33195}
{"ts": "2026-05-01T17:02:58.009882+00:00", "level": "INFO", "jobId": "8698c85e-f7d1-4d89-a6cd-6abe804a1c69", "keyword": "khai trương đầu tiên", "step": "capture", "message": "Saved post_051.png (posinset=51)", "data": {"w": 2}, "seq": 33202}
{"ts": "2026-05-01T17:02:58.012005+00:00", "level": "INFO", "jobId": "8698c85e-f7d1-4d89-a6cd-6abe804a1c69", "keyword": "khai trương đầu tiên", "step": "cooldown", "message": "Cooldown 1.0s (after capture)", "data": {"w": 2}, "seq": 33203}
{"ts": "2026-05-01T17:02:59.055503+00:00", "level": "INFO", "jobId": "8698c85e-f7d1-4d89-a6cd-6abe804a1c69", "keyword": "khai trương đầu tiên", "step": "capture", "message": "Capturing posinset=52 (52/∞)…", "data": {"w": 2}, "seq": 33206}
{"ts": "2026-05-01T17:03:01.037792+00:00", "level": "INFO", "jobId": "8698c85e-f7d1-4d89-a6cd-6abe804a1c69", "keyword": "khai trương đầu tiên", "step": "capture", "message": "Saved post_052.png (posinset=52)", "data": {"w": 2}, "seq": 33209}
{"ts": "2026-05-01T17:03:01.038790+00:00", "level": "INFO", "jobId": "8698c85e-f7d1-4d89-a6cd-6abe804a1c69", "keyword": "khai trương đầu tiên", "step": "cooldown", "message": "Cooldown 1.0s (after capture)", "data": {"w": 2}, "seq": 33210}
{"ts": "2026-05-01T17:03:02.073141+00:00", "level": "INFO", "jobId": "8698c85e-f7d1-4d89-a6cd-6abe804a1c69", "keyword": "khai trương đầu tiên", "step": "heartbeat", "message": "Worker alive", "data": {"w": 2, "elapsed_s": 205}, "seq": 33212}
{"ts": "2026-05-01T17:03:02.074141+00:00", "level": "INFO", "jobId": "8698c85e-f7d1-4d89-a6cd-6abe804a1c69", "keyword": "khai trương đầu tiên", "step": "capture", "message": "Capturing posinset=53 (53/∞)…", "data": {"w": 2}, "seq": 33213}
{"ts": "2026-05-01T17:03:04.922665+00:00", "level": "INFO", "jobId": "8698c85e-f7d1-4d89-a6cd-6abe804a1c69", "keyword": "khai trương đầu tiên", "step": "capture", "message": "Saved post_053.png (posinset=53)", "data": {"w": 2}, "seq": 33218}
{"ts": "2026-05-01T17:03:04.923667+00:00", "level": "INFO", "jobId": "8698c85e-f7d1-4d89-a6cd-6abe804a1c69", "keyword": "khai trương đầu tiên", "step": "cooldown", "message": "Cooldown 1.0s (after capture)", "data": {"w": 2}, "seq": 33219}
{"ts": "2026-05-01T17:03:05.986527+00:00", "level": "INFO", "jobId": "8698c85e-f7d1-4d89-a6cd-6abe804a1c69", "keyword": "khai trương đầu tiên", "step": "capture", "message": "Capturing posinset=54 (54/∞)…", "data": {"w": 2}, "seq": 33220}
{"ts": "2026-05-01T17:03:08.039352+00:00", "level": "INFO", "jobId": "8698c85e-f7d1-4d89-a6cd-6abe804a1c69", "keyword": "khai trương đầu tiên", "step": "capture", "message": "Saved post_054.png (posinset=54)", "data": {"w": 2}, "seq": 33221}
{"ts": "2026-05-01T17:03:08.043364+00:00", "level": "INFO", "jobId": "8698c85e-f7d1-4d89-a6cd-6abe804a1c69", "keyword": "khai trương đầu tiên", "step": "cooldown", "message": "Cooldown 1.0s (after capture)", "data": {"w": 2}, "seq": 33222}
{"ts": "2026-05-01T17:03:09.082156+00:00", "level": "INFO", "jobId": "8698c85e-f7d1-4d89-a6cd-6abe804a1c69", "keyword": "khai trương đầu tiên", "step": "capture", "message": "Capturing posinset=55 (55/∞)…", "data": {"w": 2}, "seq": 33225}
{"ts": "2026-05-01T17:03:11.072136+00:00", "level": "INFO", "jobId": "8698c85e-f7d1-4d89-a6cd-6abe804a1c69", "keyword": "khai trương đầu tiên", "step": "capture", "message": "Saved post_055.png (posinset=55)", "data": {"w": 2}, "seq": 33229}
{"ts": "2026-05-01T17:03:11.073584+00:00", "level": "INFO", "jobId": "8698c85e-f7d1-4d89-a6cd-6abe804a1c69", "keyword": "khai trương đầu tiên", "step": "cooldown", "message": "Cooldown 1.0s (after capture)", "data": {"w": 2}, "seq": 33230}
{"ts": "2026-05-01T17:03:13.900854+00:00", "level": "INFO", "jobId": "8698c85e-f7d1-4d89-a6cd-6abe804a1c69", "keyword": "khai trương đầu tiên", "step": "capture", "message": "Capturing posinset=56 (56/∞)…", "data": {"w": 2}, "seq": 33232}
{"ts": "2026-05-01T17:03:21.354052+00:00", "level": "INFO", "jobId": "8698c85e-f7d1-4d89-a6cd-6abe804a1c69", "keyword": "khai trương đầu tiên", "step": "capture", "message": "Saved post_056.png (posinset=56)", "data": {"w": 2}, "seq": 33240}
{"ts": "2026-05-01T17:03:21.356110+00:00", "level": "INFO", "jobId": "8698c85e-f7d1-4d89-a6cd-6abe804a1c69", "keyword": "khai trương đầu tiên", "step": "cooldown", "message": "Cooldown 1.0s (after capture)", "data": {"w": 2}, "seq": 33241}
{"ts": "2026-05-01T17:03:22.430870+00:00", "level": "INFO", "jobId": "8698c85e-f7d1-4d89-a6cd-6abe804a1c69", "keyword": "khai trương đầu tiên", "step": "heartbeat", "message": "Worker alive", "data": {"w": 2, "elapsed_s": 225}, "seq": 33246}
{"ts": "2026-05-01T17:03:22.431867+00:00", "level": "INFO", "jobId": "8698c85e-f7d1-4d89-a6cd-6abe804a1c69", "keyword": "khai trương đầu tiên", "step": "capture", "message": "Capturing posinset=57 (57/∞)…", "data": {"w": 2}, "seq": 33247}
{"ts": "2026-05-01T17:03:25.632317+00:00", "level": "INFO", "jobId": "8698c85e-f7d1-4d89-a6cd-6abe804a1c69", "keyword": "khai trương đầu tiên", "step": "capture", "message": "Saved post_057.png (posinset=57)", "data": {"w": 2}, "seq": 33251}
{"ts": "2026-05-01T17:03:25.636337+00:00", "level": "INFO", "jobId": "8698c85e-f7d1-4d89-a6cd-6abe804a1c69", "keyword": "khai trương đầu tiên", "step": "cooldown", "message": "Cooldown 1.0s (after capture)", "data": {"w": 2}, "seq": 33252}
{"ts": "2026-05-01T17:03:26.705555+00:00", "level": "INFO", "jobId": "8698c85e-f7d1-4d89-a6cd-6abe804a1c69", "keyword": "khai trương đầu tiên", "step": "capture", "message": "Capturing posinset=58 (58/∞)…", "data": {"w": 2}, "seq": 33254}
{"ts": "2026-05-01T17:03:28.857916+00:00", "level": "INFO", "jobId": "8698c85e-f7d1-4d89-a6cd-6abe804a1c69", "keyword": "khai trương đầu tiên", "step": "capture", "message": "Saved post_058.png (posinset=58)", "data": {"w": 2}, "seq": 33257}
{"ts": "2026-05-01T17:03:28.859635+00:00", "level": "INFO", "jobId": "8698c85e-f7d1-4d89-a6cd-6abe804a1c69", "keyword": "khai trương đầu tiên", "step": "cooldown", "message": "Cooldown 1.0s (after capture)", "data": {"w": 2}, "seq": 33258}
{"ts": "2026-05-01T17:03:29.896983+00:00", "level": "INFO", "jobId": "8698c85e-f7d1-4d89-a6cd-6abe804a1c69", "keyword": "khai trương đầu tiên", "step": "capture", "message": "Capturing posinset=59 (59/∞)…", "data": {"w": 2}, "seq": 33260}
{"ts": "2026-05-01T17:03:31.855963+00:00", "level": "INFO", "jobId": "8698c85e-f7d1-4d89-a6cd-6abe804a1c69", "keyword": "khai trương đầu tiên", "step": "capture", "message": "Saved post_059.png (posinset=59)", "data": {"w": 2}, "seq": 33265}
{"ts": "2026-05-01T17:03:31.856971+00:00", "level": "INFO", "jobId": "8698c85e-f7d1-4d89-a6cd-6abe804a1c69", "keyword": "khai trương đầu tiên", "step": "cooldown", "message": "Cooldown 1.0s (after capture)", "data": {"w": 2}, "seq": 33266}
{"ts": "2026-05-01T17:03:33.866404+00:00", "level": "INFO", "jobId": "8698c85e-f7d1-4d89-a6cd-6abe804a1c69", "keyword": "khai trương đầu tiên", "step": "capture", "message": "Capturing posinset=60 (60/∞)…", "data": {"w": 2}, "seq": 33267}
{"ts": "2026-05-01T17:03:36.561027+00:00", "level": "INFO", "jobId": "8698c85e-f7d1-4d89-a6cd-6abe804a1c69", "keyword": "khai trương đầu tiên", "step": "capture", "message": "Saved post_060.png (posinset=60)", "data": {"w": 2}, "seq": 33269}
{"ts": "2026-05-01T17:03:36.563040+00:00", "level": "INFO", "jobId": "8698c85e-f7d1-4d89-a6cd-6abe804a1c69", "keyword": "khai trương đầu tiên", "step": "cooldown", "message": "Cooldown 1.0s (after capture)", "data": {"w": 2}, "seq": 33270}
{"ts": "2026-05-01T17:03:37.606010+00:00", "level": "INFO", "jobId": "8698c85e-f7d1-4d89-a6cd-6abe804a1c69", "keyword": "khai trương đầu tiên", "step": "heartbeat", "message": "Worker alive", "data": {"w": 2, "elapsed_s": 240}, "seq": 33273}
{"ts": "2026-05-01T17:03:37.607425+00:00", "level": "INFO", "jobId": "8698c85e-f7d1-4d89-a6cd-6abe804a1c69", "keyword": "khai trương đầu tiên", "step": "capture", "message": "Capturing posinset=61 (61/∞)…", "data": {"w": 2}, "seq": 33274}
{"ts": "2026-05-01T17:03:39.827625+00:00", "level": "INFO", "jobId": "8698c85e-f7d1-4d89-a6cd-6abe804a1c69", "keyword": "khai trương đầu tiên", "step": "capture", "message": "Saved post_061.png (posinset=61)", "data": {"w": 2}, "seq": 33280}
{"ts": "2026-05-01T17:03:39.830066+00:00", "level": "INFO", "jobId": "8698c85e-f7d1-4d89-a6cd-6abe804a1c69", "keyword": "khai trương đầu tiên", "step": "cooldown", "message": "Cooldown 1.0s (after capture)", "data": {"w": 2}, "seq": 33281}
{"ts": "2026-05-01T17:03:40.863737+00:00", "level": "INFO", "jobId": "8698c85e-f7d1-4d89-a6cd-6abe804a1c69", "keyword": "khai trương đầu tiên", "step": "capture", "message": "Capturing posinset=62 (62/∞)…", "data": {"w": 2}, "seq": 33285}
{"ts": "2026-05-01T17:03:42.872094+00:00", "level": "INFO", "jobId": "8698c85e-f7d1-4d89-a6cd-6abe804a1c69", "keyword": "khai trương đầu tiên", "step": "capture", "message": "Saved post_062.png (posinset=62)", "data": {"w": 2}, "seq": 33288}
{"ts": "2026-05-01T17:03:42.874878+00:00", "level": "INFO", "jobId": "8698c85e-f7d1-4d89-a6cd-6abe804a1c69", "keyword": "khai trương đầu tiên", "step": "cooldown", "message": "Cooldown 1.0s (after capture)", "data": {"w": 2}, "seq": 33289}
{"ts": "2026-05-01T17:03:43.921035+00:00", "level": "INFO", "jobId": "8698c85e-f7d1-4d89-a6cd-6abe804a1c69", "keyword": "khai trương đầu tiên", "step": "capture", "message": "Capturing posinset=63 (63/∞)…", "data": {"w": 2}, "seq": 33291}
{"ts": "2026-05-01T17:03:48.130896+00:00", "level": "INFO", "jobId": "8698c85e-f7d1-4d89-a6cd-6abe804a1c69", "keyword": "khai trương đầu tiên", "step": "capture", "message": "Saved post_063.png (posinset=63)", "data": {"w": 2}, "seq": 33300}
{"ts": "2026-05-01T17:03:48.131894+00:00", "level": "INFO", "jobId": "8698c85e-f7d1-4d89-a6cd-6abe804a1c69", "keyword": "khai trương đầu tiên", "step": "cooldown", "message": "Cooldown 1.0s (after capture)", "data": {"w": 2}, "seq": 33301}
{"ts": "2026-05-01T17:03:49.159365+00:00", "level": "INFO", "jobId": "8698c85e-f7d1-4d89-a6cd-6abe804a1c69", "keyword": "khai trương đầu tiên", "step": "capture", "message": "Capturing posinset=64 (64/∞)…", "data": {"w": 2}, "seq": 33306}
{"ts": "2026-05-01T17:03:51.060387+00:00", "level": "INFO", "jobId": "8698c85e-f7d1-4d89-a6cd-6abe804a1c69", "keyword": "khai trương đầu tiên", "step": "capture", "message": "Saved post_064.png (posinset=64)", "data": {"w": 2}, "seq": 33308}
{"ts": "2026-05-01T17:03:51.062401+00:00", "level": "INFO", "jobId": "8698c85e-f7d1-4d89-a6cd-6abe804a1c69", "keyword": "khai trương đầu tiên", "step": "cooldown", "message": "Cooldown 1.0s (after capture)", "data": {"w": 2}, "seq": 33309}
{"ts": "2026-05-01T17:03:52.089032+00:00", "level": "INFO", "jobId": "8698c85e-f7d1-4d89-a6cd-6abe804a1c69", "keyword": "khai trương đầu tiên", "step": "capture", "message": "Capturing posinset=65 (65/∞)…", "data": {"w": 2}, "seq": 33312}
{"ts": "2026-05-01T17:03:58.278764+00:00", "level": "INFO", "jobId": "8698c85e-f7d1-4d89-a6cd-6abe804a1c69", "keyword": "khai trương đầu tiên", "step": "capture", "message": "Saved post_065.png (posinset=65)", "data": {"w": 2}, "seq": 33320}
{"ts": "2026-05-01T17:03:58.280773+00:00", "level": "INFO", "jobId": "8698c85e-f7d1-4d89-a6cd-6abe804a1c69", "keyword": "khai trương đầu tiên", "step": "cooldown", "message": "Cooldown 1.0s (after capture)", "data": {"w": 2}, "seq": 33321}
{"ts": "2026-05-01T17:03:59.318649+00:00", "level": "INFO", "jobId": "8698c85e-f7d1-4d89-a6cd-6abe804a1c69", "keyword": "khai trương đầu tiên", "step": "heartbeat", "message": "Worker alive", "data": {"w": 2, "elapsed_s": 262}, "seq": 33322}
{"ts": "2026-05-01T17:03:59.321490+00:00", "level": "INFO", "jobId": "8698c85e-f7d1-4d89-a6cd-6abe804a1c69", "keyword": "khai trương đầu tiên", "step": "capture", "message": "Capturing posinset=66 (66/∞)…", "data": {"w": 2}, "seq": 33323}
{"ts": "2026-05-01T17:04:00.994316+00:00", "level": "INFO", "jobId": "8698c85e-f7d1-4d89-a6cd-6abe804a1c69", "keyword": "khai trương đầu tiên", "step": "capture", "message": "Capturing posinset=66 (66/∞)…", "data": {"w": 2}, "seq": 33328}
{"ts": "2026-05-01T17:04:02.427028+00:00", "level": "INFO", "jobId": "8698c85e-f7d1-4d89-a6cd-6abe804a1c69", "keyword": "khai trương đầu tiên", "step": "capture", "message": "Capturing posinset=66 (66/∞)…", "data": {"w": 2}, "seq": 33332}
{"ts": "2026-05-01T17:04:06.010742+00:00", "level": "INFO", "jobId": "8698c85e-f7d1-4d89-a6cd-6abe804a1c69", "keyword": "khai trương đầu tiên", "step": "capture", "message": "Capturing posinset=66 (66/∞)…", "data": {"w": 2}, "seq": 33337}
{"ts": "2026-05-01T17:04:07.982618+00:00", "level": "INFO", "jobId": "8698c85e-f7d1-4d89-a6cd-6abe804a1c69", "keyword": "khai trương đầu tiên", "step": "capture", "message": "Saved post_066.png (posinset=66)", "data": {"w": 2}, "seq": 33343}
{"ts": "2026-05-01T17:04:07.983126+00:00", "level": "INFO", "jobId": "8698c85e-f7d1-4d89-a6cd-6abe804a1c69", "keyword": "khai trương đầu tiên", "step": "cooldown", "message": "Cooldown 1.0s (after capture)", "data": {"w": 2}, "seq": 33344}
{"ts": "2026-05-01T17:04:09.016753+00:00", "level": "INFO", "jobId": "8698c85e-f7d1-4d89-a6cd-6abe804a1c69", "keyword": "khai trương đầu tiên", "step": "capture", "message": "Capturing posinset=67 (67/∞)…", "data": {"w": 2}, "seq": 33346}
{"ts": "2026-05-01T17:04:11.383567+00:00", "level": "INFO", "jobId": "8698c85e-f7d1-4d89-a6cd-6abe804a1c69", "keyword": "khai trương đầu tiên", "step": "capture", "message": "Saved post_067.png (posinset=67)", "data": {"w": 2}, "seq": 33349}
{"ts": "2026-05-01T17:04:11.384566+00:00", "level": "INFO", "jobId": "8698c85e-f7d1-4d89-a6cd-6abe804a1c69", "keyword": "khai trương đầu tiên", "step": "cooldown", "message": "Cooldown 1.0s (after capture)", "data": {"w": 2}, "seq": 33350}
{"ts": "2026-05-01T17:04:12.407261+00:00", "level": "INFO", "jobId": "8698c85e-f7d1-4d89-a6cd-6abe804a1c69", "keyword": "khai trương đầu tiên", "step": "capture", "message": "Capturing posinset=68 (68/∞)…", "data": {"w": 2}, "seq": 33354}
{"ts": "2026-05-01T17:04:14.462933+00:00", "level": "INFO", "jobId": "8698c85e-f7d1-4d89-a6cd-6abe804a1c69", "keyword": "khai trương đầu tiên", "step": "capture", "message": "Saved post_068.png (posinset=68)", "data": {"w": 2}, "seq": 33359}
{"ts": "2026-05-01T17:04:14.464977+00:00", "level": "INFO", "jobId": "8698c85e-f7d1-4d89-a6cd-6abe804a1c69", "keyword": "khai trương đầu tiên", "step": "cooldown", "message": "Cooldown 1.0s (after capture)", "data": {"w": 2}, "seq": 33360}
{"ts": "2026-05-01T17:04:15.492033+00:00", "level": "INFO", "jobId": "8698c85e-f7d1-4d89-a6cd-6abe804a1c69", "keyword": "khai trương đầu tiên", "step": "heartbeat", "message": "Worker alive", "data": {"w": 2, "elapsed_s": 278}, "seq": 33361}
{"ts": "2026-05-01T17:04:15.493042+00:00", "level": "INFO", "jobId": "8698c85e-f7d1-4d89-a6cd-6abe804a1c69", "keyword": "khai trương đầu tiên", "step": "capture", "message": "Capturing posinset=69 (69/∞)…", "data": {"w": 2}, "seq": 33362}
{"ts": "2026-05-01T17:04:19.460192+00:00", "level": "INFO", "jobId": "8698c85e-f7d1-4d89-a6cd-6abe804a1c69", "keyword": "khai trương đầu tiên", "step": "capture", "message": "Saved post_069.png (posinset=69)", "data": {"w": 2}, "seq": 33363}
{"ts": "2026-05-01T17:04:19.462191+00:00", "level": "INFO", "jobId": "8698c85e-f7d1-4d89-a6cd-6abe804a1c69", "keyword": "khai trương đầu tiên", "step": "cooldown", "message": "Cooldown 1.0s (after capture)", "data": {"w": 2}, "seq": 33364}
{"ts": "2026-05-01T17:04:20.495888+00:00", "level": "INFO", "jobId": "8698c85e-f7d1-4d89-a6cd-6abe804a1c69", "keyword": "khai trương đầu tiên", "step": "capture", "message": "Capturing posinset=70 (70/∞)…", "data": {"w": 2}, "seq": 33367}
{"ts": "2026-05-01T17:04:22.861623+00:00", "level": "INFO", "jobId": "8698c85e-f7d1-4d89-a6cd-6abe804a1c69", "keyword": "khai trương đầu tiên", "step": "capture", "message": "Saved post_070.png (posinset=70)", "data": {"w": 2}, "seq": 33372}
{"ts": "2026-05-01T17:04:22.862663+00:00", "level": "INFO", "jobId": "8698c85e-f7d1-4d89-a6cd-6abe804a1c69", "keyword": "khai trương đầu tiên", "step": "cooldown", "message": "Cooldown 1.0s (after capture)", "data": {"w": 2}, "seq": 33373}
{"ts": "2026-05-01T17:04:24.610243+00:00", "level": "INFO", "jobId": "8698c85e-f7d1-4d89-a6cd-6abe804a1c69", "keyword": "khai trương đầu tiên", "step": "capture", "message": "Capturing posinset=71 (71/∞)…", "data": {"w": 2}, "seq": 33375}
{"ts": "2026-05-01T17:04:30.559851+00:00", "level": "INFO", "jobId": "8698c85e-f7d1-4d89-a6cd-6abe804a1c69", "keyword": "khai trương đầu tiên", "step": "capture", "message": "Saved post_071.png (posinset=71)", "data": {"w": 2}, "seq": 33380}
{"ts": "2026-05-01T17:04:30.562307+00:00", "level": "INFO", "jobId": "8698c85e-f7d1-4d89-a6cd-6abe804a1c69", "keyword": "khai trương đầu tiên", "step": "cooldown", "message": "Cooldown 1.0s (after capture)", "data": {"w": 2}, "seq": 33381}
{"ts": "2026-05-01T17:04:31.603441+00:00", "level": "INFO", "jobId": "8698c85e-f7d1-4d89-a6cd-6abe804a1c69", "keyword": "khai trương đầu tiên", "step": "heartbeat", "message": "Worker alive", "data": {"w": 2, "elapsed_s": 294}, "seq": 33382}
{"ts": "2026-05-01T17:04:31.605453+00:00", "level": "INFO", "jobId": "8698c85e-f7d1-4d89-a6cd-6abe804a1c69", "keyword": "khai trương đầu tiên", "step": "capture", "message": "Capturing posinset=72 (72/∞)…", "data": {"w": 2}, "seq": 33383}
{"ts": "2026-05-01T17:04:35.370462+00:00", "level": "INFO", "jobId": "8698c85e-f7d1-4d89-a6cd-6abe804a1c69", "keyword": "khai trương đầu tiên", "step": "capture", "message": "Saved post_072.png (posinset=72)", "data": {"w": 2}, "seq": 33390}
{"ts": "2026-05-01T17:04:35.373478+00:00", "level": "INFO", "jobId": "8698c85e-f7d1-4d89-a6cd-6abe804a1c69", "keyword": "khai trương đầu tiên", "step": "cooldown", "message": "Cooldown 1.0s (after capture)", "data": {"w": 2}, "seq": 33391}
{"ts": "2026-05-01T17:04:36.407914+00:00", "level": "INFO", "jobId": "8698c85e-f7d1-4d89-a6cd-6abe804a1c69", "keyword": "khai trương đầu tiên", "step": "capture", "message": "Capturing posinset=73 (73/∞)…", "data": {"w": 2}, "seq": 33392}
{"ts": "2026-05-01T17:04:40.426070+00:00", "level": "INFO", "jobId": "8698c85e-f7d1-4d89-a6cd-6abe804a1c69", "keyword": "khai trương đầu tiên", "step": "capture", "message": "Saved post_073.png (posinset=73)", "data": {"w": 2}, "seq": 33395}
{"ts": "2026-05-01T17:04:40.427500+00:00", "level": "INFO", "jobId": "8698c85e-f7d1-4d89-a6cd-6abe804a1c69", "keyword": "khai trương đầu tiên", "step": "cooldown", "message": "Cooldown 1.0s (after capture)", "data": {"w": 2}, "seq": 33396}
{"ts": "2026-05-01T17:04:41.475714+00:00", "level": "INFO", "jobId": "8698c85e-f7d1-4d89-a6cd-6abe804a1c69", "keyword": "khai trương đầu tiên", "step": "capture", "message": "Capturing posinset=74 (74/∞)…", "data": {"w": 2}, "seq": 33399}
{"ts": "2026-05-01T17:04:46.245116+00:00", "level": "INFO", "jobId": "8698c85e-f7d1-4d89-a6cd-6abe804a1c69", "keyword": "khai trương đầu tiên", "step": "capture", "message": "Saved post_074.png (posinset=74)", "data": {"w": 2}, "seq": 33403}
{"ts": "2026-05-01T17:04:46.247478+00:00", "level": "INFO", "jobId": "8698c85e-f7d1-4d89-a6cd-6abe804a1c69", "keyword": "khai trương đầu tiên", "step": "cooldown", "message": "Cooldown 1.0s (after capture)", "data": {"w": 2}, "seq": 33404}
{"ts": "2026-05-01T17:04:47.411754+00:00", "level": "INFO", "jobId": "8698c85e-f7d1-4d89-a6cd-6abe804a1c69", "keyword": "khai trương đầu tiên", "step": "heartbeat", "message": "Worker alive", "data": {"w": 2, "elapsed_s": 310}, "seq": 33408}
{"ts": "2026-05-01T17:04:47.474323+00:00", "level": "INFO", "jobId": "8698c85e-f7d1-4d89-a6cd-6abe804a1c69", "keyword": "khai trương đầu tiên", "step": "capture", "message": "Capturing posinset=75 (75/∞)…", "data": {"w": 2}, "seq": 33409}
{"ts": "2026-05-01T17:04:57.446403+00:00", "level": "INFO", "jobId": "8698c85e-f7d1-4d89-a6cd-6abe804a1c69", "keyword": "khai trương đầu tiên", "step": "capture", "message": "Saved post_075.png (posinset=75)", "data": {"w": 2}, "seq": 33416}
{"ts": "2026-05-01T17:04:57.450336+00:00", "level": "INFO", "jobId": "8698c85e-f7d1-4d89-a6cd-6abe804a1c69", "keyword": "khai trương đầu tiên", "step": "cooldown", "message": "Cooldown 1.0s (after capture)", "data": {"w": 2}, "seq": 33417}
{"ts": "2026-05-01T17:04:58.509744+00:00", "level": "INFO", "jobId": "8698c85e-f7d1-4d89-a6cd-6abe804a1c69", "keyword": "khai trương đầu tiên", "step": "capture", "message": "Capturing posinset=76 (76/∞)…", "data": {"w": 2}, "seq": 33420}
{"ts": "2026-05-01T17:05:01.286175+00:00", "level": "INFO", "jobId": "8698c85e-f7d1-4d89-a6cd-6abe804a1c69", "keyword": "khai trương đầu tiên", "step": "capture", "message": "Capturing posinset=76 (76/∞)…", "data": {"w": 2}, "seq": 33424}
{"ts": "2026-05-01T17:05:03.229954+00:00", "level": "INFO", "jobId": "8698c85e-f7d1-4d89-a6cd-6abe804a1c69", "keyword": "khai trương đầu tiên", "step": "heartbeat", "message": "Worker alive", "data": {"w": 2, "elapsed_s": 326}, "seq": 33429}
{"ts": "2026-05-01T17:05:03.230962+00:00", "level": "INFO", "jobId": "8698c85e-f7d1-4d89-a6cd-6abe804a1c69", "keyword": "khai trương đầu tiên", "step": "capture", "message": "Capturing posinset=76 (76/∞)…", "data": {"w": 2}, "seq": 33430}
{"ts": "2026-05-01T17:05:05.177845+00:00", "level": "INFO", "jobId": "8698c85e-f7d1-4d89-a6cd-6abe804a1c69", "keyword": "khai trương đầu tiên", "step": "capture", "message": "Capturing posinset=76 (76/∞)…", "data": {"w": 2}, "seq": 33432}
{"ts": "2026-05-01T17:05:08.879913+00:00", "level": "INFO", "jobId": "8698c85e-f7d1-4d89-a6cd-6abe804a1c69", "keyword": "khai trương đầu tiên", "step": "capture", "message": "Capturing posinset=76 (76/∞)…", "data": {"w": 2}, "seq": 33438}
{"ts": "2026-05-01T17:05:10.900715+00:00", "level": "INFO", "jobId": "8698c85e-f7d1-4d89-a6cd-6abe804a1c69", "keyword": "khai trương đầu tiên", "step": "capture", "message": "Saved post_076.png (posinset=76)", "data": {"w": 2}, "seq": 33444}
{"ts": "2026-05-01T17:05:10.902176+00:00", "level": "INFO", "jobId": "8698c85e-f7d1-4d89-a6cd-6abe804a1c69", "keyword": "khai trương đầu tiên", "step": "cooldown", "message": "Cooldown 1.0s (after capture)", "data": {"w": 2}, "seq": 33445}
{"ts": "2026-05-01T17:05:11.933901+00:00", "level": "INFO", "jobId": "8698c85e-f7d1-4d89-a6cd-6abe804a1c69", "keyword": "khai trương đầu tiên", "step": "capture", "message": "Capturing posinset=77 (77/∞)…", "data": {"w": 2}, "seq": 33450}
{"ts": "2026-05-01T17:05:13.871648+00:00", "level": "INFO", "jobId": "8698c85e-f7d1-4d89-a6cd-6abe804a1c69", "keyword": "khai trương đầu tiên", "step": "capture", "message": "Saved post_077.png (posinset=77)", "data": {"w": 2}, "seq": 33453}
{"ts": "2026-05-01T17:05:13.873665+00:00", "level": "INFO", "jobId": "8698c85e-f7d1-4d89-a6cd-6abe804a1c69", "keyword": "khai trương đầu tiên", "step": "cooldown", "message": "Cooldown 1.0s (after capture)", "data": {"w": 2}, "seq": 33454}
{"ts": "2026-05-01T17:05:14.897747+00:00", "level": "INFO", "jobId": "8698c85e-f7d1-4d89-a6cd-6abe804a1c69", "keyword": "khai trương đầu tiên", "step": "capture", "message": "Capturing posinset=78 (78/∞)…", "data": {"w": 2}, "seq": 33459}
{"ts": "2026-05-01T17:05:16.538709+00:00", "level": "INFO", "jobId": "8698c85e-f7d1-4d89-a6cd-6abe804a1c69", "keyword": "khai trương đầu tiên", "step": "capture", "message": "Saved post_078.png (posinset=78)", "data": {"w": 2}, "seq": 33464}
{"ts": "2026-05-01T17:05:16.539709+00:00", "level": "INFO", "jobId": "8698c85e-f7d1-4d89-a6cd-6abe804a1c69", "keyword": "khai trương đầu tiên", "step": "cooldown", "message": "Cooldown 1.0s (after capture)", "data": {"w": 2}, "seq": 33465}
{"ts": "2026-05-01T17:05:17.566027+00:00", "level": "INFO", "jobId": "8698c85e-f7d1-4d89-a6cd-6abe804a1c69", "keyword": "khai trương đầu tiên", "step": "capture", "message": "Capturing posinset=79 (79/∞)…", "data": {"w": 2}, "seq": 33470}
{"ts": "2026-05-01T17:05:19.530336+00:00", "level": "INFO", "jobId": "8698c85e-f7d1-4d89-a6cd-6abe804a1c69", "keyword": "khai trương đầu tiên", "step": "capture", "message": "Saved post_079.png (posinset=79)", "data": {"w": 2}, "seq": 33475}
{"ts": "2026-05-01T17:05:19.531504+00:00", "level": "INFO", "jobId": "8698c85e-f7d1-4d89-a6cd-6abe804a1c69", "keyword": "khai trương đầu tiên", "step": "cooldown", "message": "Cooldown 1.0s (after capture)", "data": {"w": 2}, "seq": 33476}
{"ts": "2026-05-01T17:05:20.564968+00:00", "level": "INFO", "jobId": "8698c85e-f7d1-4d89-a6cd-6abe804a1c69", "keyword": "khai trương đầu tiên", "step": "heartbeat", "message": "Worker alive", "data": {"w": 2, "elapsed_s": 343}, "seq": 33479}
{"ts": "2026-05-01T17:05:20.567624+00:00", "level": "INFO", "jobId": "8698c85e-f7d1-4d89-a6cd-6abe804a1c69", "keyword": "khai trương đầu tiên", "step": "capture", "message": "Capturing posinset=80 (80/∞)…", "data": {"w": 2}, "seq": 33480}
{"ts": "2026-05-01T17:05:22.516546+00:00", "level": "INFO", "jobId": "8698c85e-f7d1-4d89-a6cd-6abe804a1c69", "keyword": "khai trương đầu tiên", "step": "capture", "message": "Saved post_080.png (posinset=80)", "data": {"w": 2}, "seq": 33485}
{"ts": "2026-05-01T17:05:22.517546+00:00", "level": "INFO", "jobId": "8698c85e-f7d1-4d89-a6cd-6abe804a1c69", "keyword": "khai trương đầu tiên", "step": "cooldown", "message": "Cooldown 1.0s (after capture)", "data": {"w": 2}, "seq": 33486}
{"ts": "2026-05-01T17:05:23.557741+00:00", "level": "INFO", "jobId": "8698c85e-f7d1-4d89-a6cd-6abe804a1c69", "keyword": "khai trương đầu tiên", "step": "capture", "message": "Capturing posinset=81 (81/∞)…", "data": {"w": 2}, "seq": 33489}
{"ts": "2026-05-01T17:05:24.929421+00:00", "level": "INFO", "jobId": "8698c85e-f7d1-4d89-a6cd-6abe804a1c69", "keyword": "khai trương đầu tiên", "step": "capture", "message": "Capturing posinset=81 (81/∞)…", "data": {"w": 2}, "seq": 33494}
{"ts": "2026-05-01T17:05:27.567721+00:00", "level": "INFO", "jobId": "8698c85e-f7d1-4d89-a6cd-6abe804a1c69", "keyword": "khai trương đầu tiên", "step": "capture", "message": "Capturing posinset=81 (81/∞)…", "data": {"w": 2}, "seq": 33502}
{"ts": "2026-05-01T17:05:29.669836+00:00", "level": "INFO", "jobId": "8698c85e-f7d1-4d89-a6cd-6abe804a1c69", "keyword": "khai trương đầu tiên", "step": "capture", "message": "Saved post_081.png (posinset=81)", "data": {"w": 2}, "seq": 33508}
{"ts": "2026-05-01T17:05:29.670902+00:00", "level": "INFO", "jobId": "8698c85e-f7d1-4d89-a6cd-6abe804a1c69", "keyword": "khai trương đầu tiên", "step": "cooldown", "message": "Cooldown 1.0s (after capture)", "data": {"w": 2}, "seq": 33509}
{"ts": "2026-05-01T17:05:30.709892+00:00", "level": "INFO", "jobId": "8698c85e-f7d1-4d89-a6cd-6abe804a1c69", "keyword": "khai trương đầu tiên", "step": "capture", "message": "Capturing posinset=82 (82/∞)…", "data": {"w": 2}, "seq": 33511}
{"ts": "2026-05-01T17:05:34.491729+00:00", "level": "INFO", "jobId": "8698c85e-f7d1-4d89-a6cd-6abe804a1c69", "keyword": "khai trương đầu tiên", "step": "capture", "message": "Saved post_082.png (posinset=82)", "data": {"w": 2}, "seq": 33519}
{"ts": "2026-05-01T17:05:34.493768+00:00", "level": "INFO", "jobId": "8698c85e-f7d1-4d89-a6cd-6abe804a1c69", "keyword": "khai trương đầu tiên", "step": "cooldown", "message": "Cooldown 1.0s (after capture)", "data": {"w": 2}, "seq": 33520}
{"ts": "2026-05-01T17:05:35.535830+00:00", "level": "INFO", "jobId": "8698c85e-f7d1-4d89-a6cd-6abe804a1c69", "keyword": "khai trương đầu tiên", "step": "capture", "message": "Capturing posinset=83 (83/∞)…", "data": {"w": 2}, "seq": 33522}
{"ts": "2026-05-01T17:05:38.322159+00:00", "level": "INFO", "jobId": "8698c85e-f7d1-4d89-a6cd-6abe804a1c69", "keyword": "khai trương đầu tiên", "step": "capture", "message": "Saved post_083.png (posinset=83)", "data": {"w": 2}, "seq": 33531}
{"ts": "2026-05-01T17:05:38.324499+00:00", "level": "INFO", "jobId": "8698c85e-f7d1-4d89-a6cd-6abe804a1c69", "keyword": "khai trương đầu tiên", "step": "cooldown", "message": "Cooldown 1.0s (after capture)", "data": {"w": 2}, "seq": 33532}
{"ts": "2026-05-01T17:05:39.366250+00:00", "level": "INFO", "jobId": "8698c85e-f7d1-4d89-a6cd-6abe804a1c69", "keyword": "khai trương đầu tiên", "step": "heartbeat", "message": "Worker alive", "data": {"w": 2, "elapsed_s": 362}, "seq": 33534}
{"ts": "2026-05-01T17:05:39.370484+00:00", "level": "INFO", "jobId": "8698c85e-f7d1-4d89-a6cd-6abe804a1c69", "keyword": "khai trương đầu tiên", "step": "capture", "message": "Capturing posinset=84 (84/∞)…", "data": {"w": 2}, "seq": 33535}
{"ts": "2026-05-01T17:05:41.440038+00:00", "level": "INFO", "jobId": "8698c85e-f7d1-4d89-a6cd-6abe804a1c69", "keyword": "khai trương đầu tiên", "step": "capture", "message": "Saved post_084.png (posinset=84)", "data": {"w": 2}, "seq": 33541}
{"ts": "2026-05-01T17:05:41.444129+00:00", "level": "INFO", "jobId": "8698c85e-f7d1-4d89-a6cd-6abe804a1c69", "keyword": "khai trương đầu tiên", "step": "cooldown", "message": "Cooldown 1.0s (after capture)", "data": {"w": 2}, "seq": 33542}
{"ts": "2026-05-01T17:05:43.814181+00:00", "level": "INFO", "jobId": "8698c85e-f7d1-4d89-a6cd-6abe804a1c69", "keyword": "khai trương đầu tiên", "step": "capture", "message": "Capturing posinset=85 (85/∞)…", "data": {"w": 2}, "seq": 33546}
{"ts": "2026-05-01T17:05:47.414334+00:00", "level": "INFO", "jobId": "8698c85e-f7d1-4d89-a6cd-6abe804a1c69", "keyword": "khai trương đầu tiên", "step": "capture", "message": "Saved post_085.png (posinset=85)", "data": {"w": 2}, "seq": 33556}
{"ts": "2026-05-01T17:05:47.415365+00:00", "level": "INFO", "jobId": "8698c85e-f7d1-4d89-a6cd-6abe804a1c69", "keyword": "khai trương đầu tiên", "step": "cooldown", "message": "Cooldown 1.0s (after capture)", "data": {"w": 2}, "seq": 33557}
{"ts": "2026-05-01T17:05:48.452466+00:00", "level": "INFO", "jobId": "8698c85e-f7d1-4d89-a6cd-6abe804a1c69", "keyword": "khai trương đầu tiên", "step": "capture", "message": "Capturing posinset=86 (86/∞)…", "data": {"w": 2}, "seq": 33560}
{"ts": "2026-05-01T17:05:50.637835+00:00", "level": "INFO", "jobId": "8698c85e-f7d1-4d89-a6cd-6abe804a1c69", "keyword": "khai trương đầu tiên", "step": "capture", "message": "Saved post_086.png (posinset=86)", "data": {"w": 2}, "seq": 33567}
{"ts": "2026-05-01T17:05:50.637835+00:00", "level": "INFO", "jobId": "8698c85e-f7d1-4d89-a6cd-6abe804a1c69", "keyword": "khai trương đầu tiên", "step": "cooldown", "message": "Cooldown 1.0s (after capture)", "data": {"w": 2}, "seq": 33568}
{"ts": "2026-05-01T17:05:51.684729+00:00", "level": "INFO", "jobId": "8698c85e-f7d1-4d89-a6cd-6abe804a1c69", "keyword": "khai trương đầu tiên", "step": "capture", "message": "Capturing posinset=87 (87/∞)…", "data": {"w": 2}, "seq": 33570}
{"ts": "2026-05-01T17:05:53.753768+00:00", "level": "INFO", "jobId": "8698c85e-f7d1-4d89-a6cd-6abe804a1c69", "keyword": "khai trương đầu tiên", "step": "capture", "message": "Saved post_087.png (posinset=87)", "data": {"w": 2}, "seq": 33574}
{"ts": "2026-05-01T17:05:53.765119+00:00", "level": "INFO", "jobId": "8698c85e-f7d1-4d89-a6cd-6abe804a1c69", "keyword": "khai trương đầu tiên", "step": "cooldown", "message": "Cooldown 1.0s (after capture)", "data": {"w": 2}, "seq": 33575}
{"ts": "2026-05-01T17:05:54.800744+00:00", "level": "INFO", "jobId": "8698c85e-f7d1-4d89-a6cd-6abe804a1c69", "keyword": "khai trương đầu tiên", "step": "heartbeat", "message": "Worker alive", "data": {"w": 2, "elapsed_s": 377}, "seq": 33577}
{"ts": "2026-05-01T17:05:54.802138+00:00", "level": "INFO", "jobId": "8698c85e-f7d1-4d89-a6cd-6abe804a1c69", "keyword": "khai trương đầu tiên", "step": "capture", "message": "Capturing posinset=88 (88/∞)…", "data": {"w": 2}, "seq": 33578}
{"ts": "2026-05-01T17:05:57.516183+00:00", "level": "INFO", "jobId": "8698c85e-f7d1-4d89-a6cd-6abe804a1c69", "keyword": "khai trương đầu tiên", "step": "capture", "message": "Saved post_088.png (posinset=88)", "data": {"w": 2}, "seq": 33580}
{"ts": "2026-05-01T17:05:57.519183+00:00", "level": "INFO", "jobId": "8698c85e-f7d1-4d89-a6cd-6abe804a1c69", "keyword": "khai trương đầu tiên", "step": "cooldown", "message": "Cooldown 1.0s (after capture)", "data": {"w": 2}, "seq": 33581}
{"ts": "2026-05-01T17:05:58.543898+00:00", "level": "INFO", "jobId": "8698c85e-f7d1-4d89-a6cd-6abe804a1c69", "keyword": "khai trương đầu tiên", "step": "capture", "message": "Capturing posinset=89 (89/∞)…", "data": {"w": 2}, "seq": 33585}
{"ts": "2026-05-01T17:06:04.217372+00:00", "level": "INFO", "jobId": "8698c85e-f7d1-4d89-a6cd-6abe804a1c69", "keyword": "khai trương đầu tiên", "step": "capture", "message": "Saved post_089.png (posinset=89)", "data": {"w": 2}, "seq": 33596}
{"ts": "2026-05-01T17:06:04.220449+00:00", "level": "INFO", "jobId": "8698c85e-f7d1-4d89-a6cd-6abe804a1c69", "keyword": "khai trương đầu tiên", "step": "cooldown", "message": "Cooldown 1.0s (after capture)", "data": {"w": 2}, "seq": 33597}
{"ts": "2026-05-01T17:06:05.250463+00:00", "level": "INFO", "jobId": "8698c85e-f7d1-4d89-a6cd-6abe804a1c69", "keyword": "khai trương đầu tiên", "step": "capture", "message": "Capturing posinset=90 (90/∞)…", "data": {"w": 2}, "seq": 33599}
{"ts": "2026-05-01T17:06:06.898627+00:00", "level": "INFO", "jobId": "8698c85e-f7d1-4d89-a6cd-6abe804a1c69", "keyword": "khai trương đầu tiên", "step": "capture", "message": "Saved post_090.png (posinset=90)", "data": {"w": 2}, "seq": 33606}
{"ts": "2026-05-01T17:06:06.899630+00:00", "level": "INFO", "jobId": "8698c85e-f7d1-4d89-a6cd-6abe804a1c69", "keyword": "khai trương đầu tiên", "step": "cooldown", "message": "Cooldown 1.0s (after capture)", "data": {"w": 2}, "seq": 33607}
{"ts": "2026-05-01T17:06:08.151672+00:00", "level": "INFO", "jobId": "8698c85e-f7d1-4d89-a6cd-6abe804a1c69", "keyword": "khai trương đầu tiên", "step": "capture", "message": "Capturing posinset=91 (91/∞)…", "data": {"w": 2}, "seq": 33609}
{"ts": "2026-05-01T17:06:12.142216+00:00", "level": "INFO", "jobId": "8698c85e-f7d1-4d89-a6cd-6abe804a1c69", "keyword": "khai trương đầu tiên", "step": "heartbeat", "message": "Worker alive", "data": {"w": 2, "elapsed_s": 395}, "seq": 33619}
{"ts": "2026-05-01T17:06:12.142216+00:00", "level": "INFO", "jobId": "8698c85e-f7d1-4d89-a6cd-6abe804a1c69", "keyword": "khai trương đầu tiên", "step": "capture", "message": "Capturing posinset=91 (91/∞)…", "data": {"w": 2}, "seq": 33620}
{"ts": "2026-05-01T17:06:15.136445+00:00", "level": "INFO", "jobId": "8698c85e-f7d1-4d89-a6cd-6abe804a1c69", "keyword": "khai trương đầu tiên", "step": "capture", "message": "Saved post_091.png (posinset=91)", "data": {"w": 2}, "seq": 33625}
{"ts": "2026-05-01T17:06:15.137798+00:00", "level": "INFO", "jobId": "8698c85e-f7d1-4d89-a6cd-6abe804a1c69", "keyword": "khai trương đầu tiên", "step": "cooldown", "message": "Cooldown 1.0s (after capture)", "data": {"w": 2}, "seq": 33626}
{"ts": "2026-05-01T17:06:16.198957+00:00", "level": "INFO", "jobId": "8698c85e-f7d1-4d89-a6cd-6abe804a1c69", "keyword": "khai trương đầu tiên", "step": "capture", "message": "Capturing posinset=92 (92/∞)…", "data": {"w": 2}, "seq": 33629}
{"ts": "2026-05-01T17:06:18.299314+00:00", "level": "INFO", "jobId": "8698c85e-f7d1-4d89-a6cd-6abe804a1c69", "keyword": "khai trương đầu tiên", "step": "capture", "message": "Saved post_092.png (posinset=92)", "data": {"w": 2}, "seq": 33632}
{"ts": "2026-05-01T17:06:18.300586+00:00", "level": "INFO", "jobId": "8698c85e-f7d1-4d89-a6cd-6abe804a1c69", "keyword": "khai trương đầu tiên", "step": "cooldown", "message": "Cooldown 1.0s (after capture)", "data": {"w": 2}, "seq": 33633}
{"ts": "2026-05-01T17:06:19.340174+00:00", "level": "INFO", "jobId": "8698c85e-f7d1-4d89-a6cd-6abe804a1c69", "keyword": "khai trương đầu tiên", "step": "capture", "message": "Capturing posinset=93 (93/∞)…", "data": {"w": 2}, "seq": 33637}
{"ts": "2026-05-01T17:06:27.833634+00:00", "level": "INFO", "jobId": "8698c85e-f7d1-4d89-a6cd-6abe804a1c69", "keyword": "khai trương đầu tiên", "step": "capture", "message": "Saved post_093.png (posinset=93)", "data": {"w": 2}, "seq": 33650}
{"ts": "2026-05-01T17:06:27.836102+00:00", "level": "INFO", "jobId": "8698c85e-f7d1-4d89-a6cd-6abe804a1c69", "keyword": "khai trương đầu tiên", "step": "cooldown", "message": "Cooldown 1.0s (after capture)", "data": {"w": 2}, "seq": 33651}
{"ts": "2026-05-01T17:06:28.873801+00:00", "level": "INFO", "jobId": "8698c85e-f7d1-4d89-a6cd-6abe804a1c69", "keyword": "khai trương đầu tiên", "step": "heartbeat", "message": "Worker alive", "data": {"w": 2, "elapsed_s": 411}, "seq": 33654}
{"ts": "2026-05-01T17:06:28.873801+00:00", "level": "INFO", "jobId": "8698c85e-f7d1-4d89-a6cd-6abe804a1c69", "keyword": "khai trương đầu tiên", "step": "capture", "message": "Capturing posinset=94 (94/∞)…", "data": {"w": 2}, "seq": 33655}
{"ts": "2026-05-01T17:06:31.491243+00:00", "level": "INFO", "jobId": "8698c85e-f7d1-4d89-a6cd-6abe804a1c69", "keyword": "khai trương đầu tiên", "step": "capture", "message": "Saved post_094.png (posinset=94)", "data": {"w": 2}, "seq": 33659}
{"ts": "2026-05-01T17:06:31.491243+00:00", "level": "INFO", "jobId": "8698c85e-f7d1-4d89-a6cd-6abe804a1c69", "keyword": "khai trương đầu tiên", "step": "cooldown", "message": "Cooldown 1.0s (after capture)", "data": {"w": 2}, "seq": 33660}
{"ts": "2026-05-01T17:06:32.558110+00:00", "level": "INFO", "jobId": "8698c85e-f7d1-4d89-a6cd-6abe804a1c69", "keyword": "khai trương đầu tiên", "step": "capture", "message": "Capturing posinset=95 (95/∞)…", "data": {"w": 2}, "seq": 33664}
{"ts": "2026-05-01T17:06:40.191587+00:00", "level": "INFO", "jobId": "8698c85e-f7d1-4d89-a6cd-6abe804a1c69", "keyword": "khai trương đầu tiên", "step": "capture", "message": "Saved post_095.png (posinset=95)", "data": {"w": 2}, "seq": 33681}
{"ts": "2026-05-01T17:06:40.193314+00:00", "level": "INFO", "jobId": "8698c85e-f7d1-4d89-a6cd-6abe804a1c69", "keyword": "khai trương đầu tiên", "step": "cooldown", "message": "Cooldown 1.0s (after capture)", "data": {"w": 2}, "seq": 33682}
{"ts": "2026-05-01T17:06:41.253826+00:00", "level": "INFO", "jobId": "8698c85e-f7d1-4d89-a6cd-6abe804a1c69", "keyword": "khai trương đầu tiên", "step": "capture", "message": "Capturing posinset=96 (96/∞)…", "data": {"w": 2}, "seq": 33685}
{"ts": "2026-05-01T17:06:43.762713+00:00", "level": "INFO", "jobId": "8698c85e-f7d1-4d89-a6cd-6abe804a1c69", "keyword": "khai trương đầu tiên", "step": "capture", "message": "Capturing posinset=96 (96/∞)…", "data": {"w": 2}, "seq": 33688}
{"ts": "2026-05-01T17:06:45.693487+00:00", "level": "INFO", "jobId": "8698c85e-f7d1-4d89-a6cd-6abe804a1c69", "keyword": "khai trương đầu tiên", "step": "heartbeat", "message": "Worker alive", "data": {"w": 2, "elapsed_s": 428}, "seq": 33693}
{"ts": "2026-05-01T17:06:45.705753+00:00", "level": "INFO", "jobId": "8698c85e-f7d1-4d89-a6cd-6abe804a1c69", "keyword": "khai trương đầu tiên", "step": "capture", "message": "Capturing posinset=96 (96/∞)…", "data": {"w": 2}, "seq": 33694}
{"ts": "2026-05-01T17:06:47.185566+00:00", "level": "INFO", "jobId": "8698c85e-f7d1-4d89-a6cd-6abe804a1c69", "keyword": "khai trương đầu tiên", "step": "capture", "message": "Reached stable end of results (maxPos=95, stable>=35s). Stopping.", "data": {"w": 2}, "seq": 33699}
{"ts": "2026-05-01T17:06:47.224251+00:00", "level": "INFO", "jobId": "8698c85e-f7d1-4d89-a6cd-6abe804a1c69", "keyword": "khai trương đầu tiên", "step": "capture", "message": "Capture loop finished (unlimited). Saved=95", "data": {"w": 2}, "seq": 33700}
{"ts": "2026-05-01T17:06:47.224251+00:00", "level": "INFO", "jobId": "8698c85e-f7d1-4d89-a6cd-6abe804a1c69", "keyword": "khai trương đầu tiên", "step": "done", "message": "Completed. Saved=95", "data": {"w": 2}, "seq": 33701}
