{"ts": "2026-05-01T17:04:35.108674+00:00", "level": "INFO", "jobId": "89df1f92-2376-4c63-8002-737c4775153d", "keyword": "khai trương đồng giá", "step": "start", "message": "Job started (attempt 1/1)", "data": {"w": 1}, "seq": 33387}
{"ts": "2026-05-01T17:04:46.925572+00:00", "level": "INFO", "jobId": "89df1f92-2376-4c63-8002-737c4775153d", "keyword": "khai trương đồng giá", "step": "login", "message": "Already logged in (home).", "data": {"w": 1}, "seq": 33406}
{"ts": "2026-05-01T17:04:46.930571+00:00", "level": "INFO", "jobId": "89df1f92-2376-4c63-8002-737c4775153d", "keyword": "khai trương đồng giá", "step": "search", "message": "Searching keyword: \"khai trương đồng giá\"", "data": {"w": 1}, "seq": 33407}
{"ts": "2026-05-01T17:04:52.089431+00:00", "level": "INFO", "jobId": "89df1f92-2376-4c63-8002-737c4775153d", "keyword": "khai trương đồng giá", "step": "capture", "message": "Start capturing all posts until end of results.", "data": {"w": 1}, "seq": 33414}
{"ts": "2026-05-01T17:04:52.093431+00:00", "level": "INFO", "jobId": "89df1f92-2376-4c63-8002-737c4775153d", "keyword": "khai trương đồng giá", "step": "capture", "message": "Output folder: Lan 1 - 0004", "data": {"w": 1}, "seq": 33415}
{"ts": "2026-05-01T17:04:58.411912+00:00", "level": "INFO", "jobId": "89df1f92-2376-4c63-8002-737c4775153d", "keyword": "khai trương đồng giá", "step": "capture", "message": "Waiting for posts to appear (avoid blank capture)…", "data": {"w": 1}, "seq": 33418}
{"ts": "2026-05-01T17:04:58.427321+00:00", "level": "INFO", "jobId": "89df1f92-2376-4c63-8002-737c4775153d", "keyword": "khai trương đồng giá", "step": "capture", "message": "Post-detect debug: {'hasMain': True, 'url': 'https://www.facebook.com/search/posts/?q=khai%20tr%C6%B0%C6%A1ng%20%C4%91%E1%BB%93ng%20gi%C3%A1&filters=eyJyZWNlbnRfcG9zdHM6MCI6IntcIm5hbWVcIjpcInJlY2VudF9wb3N0c1wiLFwiYXJnc1wiOlwiXCJ9In0%3D', 'title': '(1) khai trương đồng giá - Kết quả tìm kiếm | Facebook', 'hasLoginInputs': False, 'consentLike': False, 'bodyHead': '\\xa0\\n1 đoạn chat chưa đọc\\n1\\nKết quả tìm kiếm\\nBộ lọc\\nTất cả\\nMọi người\\nThước phim\\nMarketplace\\nTrang\\nNhóm\\nSự kiện', 'roleArticle': 1, 'divRoleArticle': 1, 'articleTag': 0, 'feedUnit': 0, 'anyPagelet': 0, 'adPreview': 0, 'imgs': 0, 'videos': 0, 'progress': 0, 'busy': '', 'firstArticle': {'tag': 'div', 'role': 'article', 'textLen': 0, 'hasImg': False, 'hasVideo': False, 'hasLink': False, 'hasPermalink': False}}", "data": {"w": 1}, "seq": 33419}
{"ts": "2026-05-01T17:05:02.498735+00:00", "level": "INFO", "jobId": "89df1f92-2376-4c63-8002-737c4775153d", "keyword": "khai trương đồng giá", "step": "capture", "message": "Guard: forcing top before first capture (y=1915, primary=0)", "data": {"w": 1}, "seq": 33425}
{"ts": "2026-05-01T17:05:02.650993+00:00", "level": "INFO", "jobId": "89df1f92-2376-4c63-8002-737c4775153d", "keyword": "khai trương đồng giá", "step": "capture", "message": "Capturing posinset=1 (1/∞)…", "data": {"w": 1}, "seq": 33426}
{"ts": "2026-05-01T17:05:06.519683+00:00", "level": "INFO", "jobId": "89df1f92-2376-4c63-8002-737c4775153d", "keyword": "khai trương đồng giá", "step": "capture", "message": "Saved post_001.png (posinset=1)", "data": {"w": 1}, "seq": 33433}
{"ts": "2026-05-01T17:05:06.524205+00:00", "level": "INFO", "jobId": "89df1f92-2376-4c63-8002-737c4775153d", "keyword": "khai trương đồng giá", "step": "cooldown", "message": "Cooldown 1.0s (after capture)", "data": {"w": 1}, "seq": 33434}
{"ts": "2026-05-01T17:05:07.619031+00:00", "level": "INFO", "jobId": "89df1f92-2376-4c63-8002-737c4775153d", "keyword": "khai trương đồng giá", "step": "capture", "message": "Capturing posinset=2 (2/∞)…", "data": {"w": 1}, "seq": 33435}
{"ts": "2026-05-01T17:05:09.287559+00:00", "level": "INFO", "jobId": "89df1f92-2376-4c63-8002-737c4775153d", "keyword": "khai trương đồng giá", "step": "capture", "message": "Saved post_002.png (posinset=2)", "data": {"w": 1}, "seq": 33439}
{"ts": "2026-05-01T17:05:09.288558+00:00", "level": "INFO", "jobId": "89df1f92-2376-4c63-8002-737c4775153d", "keyword": "khai trương đồng giá", "step": "cooldown", "message": "Cooldown 1.0s (after capture)", "data": {"w": 1}, "seq": 33440}
{"ts": "2026-05-01T17:05:10.324258+00:00", "level": "INFO", "jobId": "89df1f92-2376-4c63-8002-737c4775153d", "keyword": "khai trương đồng giá", "step": "capture", "message": "Capturing posinset=3 (3/∞)…", "data": {"w": 1}, "seq": 33443}
{"ts": "2026-05-01T17:05:11.505959+00:00", "level": "INFO", "jobId": "89df1f92-2376-4c63-8002-737c4775153d", "keyword": "khai trương đồng giá", "step": "capture", "message": "Saved post_003.png (posinset=3)", "data": {"w": 1}, "seq": 33448}
{"ts": "2026-05-01T17:05:11.507263+00:00", "level": "INFO", "jobId": "89df1f92-2376-4c63-8002-737c4775153d", "keyword": "khai trương đồng giá", "step": "cooldown", "message": "Cooldown 1.0s (after capture)", "data": {"w": 1}, "seq": 33449}
{"ts": "2026-05-01T17:05:12.524519+00:00", "level": "INFO", "jobId": "89df1f92-2376-4c63-8002-737c4775153d", "keyword": "khai trương đồng giá", "step": "capture", "message": "Capturing posinset=4 (4/∞)…", "data": {"w": 1}, "seq": 33452}
{"ts": "2026-05-01T17:05:14.305605+00:00", "level": "INFO", "jobId": "89df1f92-2376-4c63-8002-737c4775153d", "keyword": "khai trương đồng giá", "step": "capture", "message": "Saved post_004.png (posinset=4)", "data": {"w": 1}, "seq": 33455}
{"ts": "2026-05-01T17:05:14.306917+00:00", "level": "INFO", "jobId": "89df1f92-2376-4c63-8002-737c4775153d", "keyword": "khai trương đồng giá", "step": "cooldown", "message": "Cooldown 1.0s (after capture)", "data": {"w": 1}, "seq": 33456}
{"ts": "2026-05-01T17:05:15.317660+00:00", "level": "INFO", "jobId": "89df1f92-2376-4c63-8002-737c4775153d", "keyword": "khai trương đồng giá", "step": "capture", "message": "Capturing posinset=5 (5/∞)…", "data": {"w": 1}, "seq": 33460}
{"ts": "2026-05-01T17:05:16.338117+00:00", "level": "INFO", "jobId": "89df1f92-2376-4c63-8002-737c4775153d", "keyword": "khai trương đồng giá", "step": "capture", "message": "Saved post_005.png (posinset=5)", "data": {"w": 1}, "seq": 33462}
{"ts": "2026-05-01T17:05:16.339562+00:00", "level": "INFO", "jobId": "89df1f92-2376-4c63-8002-737c4775153d", "keyword": "khai trương đồng giá", "step": "cooldown", "message": "Cooldown 1.0s (after capture)", "data": {"w": 1}, "seq": 33463}
{"ts": "2026-05-01T17:05:17.354627+00:00", "level": "INFO", "jobId": "89df1f92-2376-4c63-8002-737c4775153d", "keyword": "khai trương đồng giá", "step": "heartbeat", "message": "Worker alive", "data": {"w": 1, "elapsed_s": 42}, "seq": 33466}
{"ts": "2026-05-01T17:05:17.358102+00:00", "level": "INFO", "jobId": "89df1f92-2376-4c63-8002-737c4775153d", "keyword": "khai trương đồng giá", "step": "capture", "message": "Capturing posinset=6 (6/∞)…", "data": {"w": 1}, "seq": 33467}
{"ts": "2026-05-01T17:05:18.367348+00:00", "level": "INFO", "jobId": "89df1f92-2376-4c63-8002-737c4775153d", "keyword": "khai trương đồng giá", "step": "capture", "message": "Saved post_006.png (posinset=6)", "data": {"w": 1}, "seq": 33471}
{"ts": "2026-05-01T17:05:18.369349+00:00", "level": "INFO", "jobId": "89df1f92-2376-4c63-8002-737c4775153d", "keyword": "khai trương đồng giá", "step": "cooldown", "message": "Cooldown 1.0s (after capture)", "data": {"w": 1}, "seq": 33472}
{"ts": "2026-05-01T17:05:19.384599+00:00", "level": "INFO", "jobId": "89df1f92-2376-4c63-8002-737c4775153d", "keyword": "khai trương đồng giá", "step": "capture", "message": "Capturing posinset=7 (7/∞)…", "data": {"w": 1}, "seq": 33474}
{"ts": "2026-05-01T17:05:20.628992+00:00", "level": "INFO", "jobId": "89df1f92-2376-4c63-8002-737c4775153d", "keyword": "khai trương đồng giá", "step": "capture", "message": "Saved post_007.png (posinset=7)", "data": {"w": 1}, "seq": 33481}
{"ts": "2026-05-01T17:05:20.630201+00:00", "level": "INFO", "jobId": "89df1f92-2376-4c63-8002-737c4775153d", "keyword": "khai trương đồng giá", "step": "cooldown", "message": "Cooldown 1.0s (after capture)", "data": {"w": 1}, "seq": 33482}
{"ts": "2026-05-01T17:05:21.649390+00:00", "level": "INFO", "jobId": "89df1f92-2376-4c63-8002-737c4775153d", "keyword": "khai trương đồng giá", "step": "capture", "message": "Capturing posinset=8 (8/∞)…", "data": {"w": 1}, "seq": 33484}
{"ts": "2026-05-01T17:05:22.969562+00:00", "level": "INFO", "jobId": "89df1f92-2376-4c63-8002-737c4775153d", "keyword": "khai trương đồng giá", "step": "capture", "message": "Saved post_008.png (posinset=8)", "data": {"w": 1}, "seq": 33487}
{"ts": "2026-05-01T17:05:22.970985+00:00", "level": "INFO", "jobId": "89df1f92-2376-4c63-8002-737c4775153d", "keyword": "khai trương đồng giá", "step": "cooldown", "message": "Cooldown 1.0s (after capture)", "data": {"w": 1}, "seq": 33488}
{"ts": "2026-05-01T17:05:23.984260+00:00", "level": "INFO", "jobId": "89df1f92-2376-4c63-8002-737c4775153d", "keyword": "khai trương đồng giá", "step": "capture", "message": "Capturing posinset=9 (9/∞)…", "data": {"w": 1}, "seq": 33492}
{"ts": "2026-05-01T17:05:25.129827+00:00", "level": "INFO", "jobId": "89df1f92-2376-4c63-8002-737c4775153d", "keyword": "khai trương đồng giá", "step": "capture", "message": "Saved post_009.png (posinset=9)", "data": {"w": 1}, "seq": 33495}
{"ts": "2026-05-01T17:05:25.130915+00:00", "level": "INFO", "jobId": "89df1f92-2376-4c63-8002-737c4775153d", "keyword": "khai trương đồng giá", "step": "cooldown", "message": "Cooldown 1.0s (after capture)", "data": {"w": 1}, "seq": 33496}
{"ts": "2026-05-01T17:05:26.156800+00:00", "level": "INFO", "jobId": "89df1f92-2376-4c63-8002-737c4775153d", "keyword": "khai trương đồng giá", "step": "capture", "message": "Capturing posinset=10 (10/∞)…", "data": {"w": 1}, "seq": 33497}
{"ts": "2026-05-01T17:05:27.669149+00:00", "level": "INFO", "jobId": "89df1f92-2376-4c63-8002-737c4775153d", "keyword": "khai trương đồng giá", "step": "capture", "message": "Saved post_010.png (posinset=10)", "data": {"w": 1}, "seq": 33503}
{"ts": "2026-05-01T17:05:27.670166+00:00", "level": "INFO", "jobId": "89df1f92-2376-4c63-8002-737c4775153d", "keyword": "khai trương đồng giá", "step": "cooldown", "message": "Cooldown 1.0s (after capture)", "data": {"w": 1}, "seq": 33504}
{"ts": "2026-05-01T17:05:28.688672+00:00", "level": "INFO", "jobId": "89df1f92-2376-4c63-8002-737c4775153d", "keyword": "khai trương đồng giá", "step": "capture", "message": "Capturing posinset=11 (11/∞)…", "data": {"w": 1}, "seq": 33505}
{"ts": "2026-05-01T17:05:31.231039+00:00", "level": "INFO", "jobId": "89df1f92-2376-4c63-8002-737c4775153d", "keyword": "khai trương đồng giá", "step": "capture", "message": "Capturing posinset=11 (11/∞)…", "data": {"w": 1}, "seq": 33512}
{"ts": "2026-05-01T17:05:33.219074+00:00", "level": "INFO", "jobId": "89df1f92-2376-4c63-8002-737c4775153d", "keyword": "khai trương đồng giá", "step": "capture", "message": "Saved post_011.png (posinset=11)", "data": {"w": 1}, "seq": 33515}
{"ts": "2026-05-01T17:05:33.221074+00:00", "level": "INFO", "jobId": "89df1f92-2376-4c63-8002-737c4775153d", "keyword": "khai trương đồng giá", "step": "cooldown", "message": "Cooldown 1.0s (after capture)", "data": {"w": 1}, "seq": 33516}
{"ts": "2026-05-01T17:05:34.255689+00:00", "level": "INFO", "jobId": "89df1f92-2376-4c63-8002-737c4775153d", "keyword": "khai trương đồng giá", "step": "heartbeat", "message": "Worker alive", "data": {"w": 1, "elapsed_s": 59}, "seq": 33517}
{"ts": "2026-05-01T17:05:34.256689+00:00", "level": "INFO", "jobId": "89df1f92-2376-4c63-8002-737c4775153d", "keyword": "khai trương đồng giá", "step": "capture", "message": "Capturing posinset=12 (12/∞)…", "data": {"w": 1}, "seq": 33518}
{"ts": "2026-05-01T17:05:35.753027+00:00", "level": "INFO", "jobId": "89df1f92-2376-4c63-8002-737c4775153d", "keyword": "khai trương đồng giá", "step": "capture", "message": "Saved post_012.png (posinset=12)", "data": {"w": 1}, "seq": 33523}
{"ts": "2026-05-01T17:05:35.753027+00:00", "level": "INFO", "jobId": "89df1f92-2376-4c63-8002-737c4775153d", "keyword": "khai trương đồng giá", "step": "cooldown", "message": "Cooldown 1.0s (after capture)", "data": {"w": 1}, "seq": 33524}
{"ts": "2026-05-01T17:05:36.784043+00:00", "level": "INFO", "jobId": "89df1f92-2376-4c63-8002-737c4775153d", "keyword": "khai trương đồng giá", "step": "capture", "message": "Capturing posinset=13 (13/∞)…", "data": {"w": 1}, "seq": 33527}
{"ts": "2026-05-01T17:05:38.106295+00:00", "level": "INFO", "jobId": "89df1f92-2376-4c63-8002-737c4775153d", "keyword": "khai trương đồng giá", "step": "capture", "message": "Saved post_013.png (posinset=13)", "data": {"w": 1}, "seq": 33529}
{"ts": "2026-05-01T17:05:38.106802+00:00", "level": "INFO", "jobId": "89df1f92-2376-4c63-8002-737c4775153d", "keyword": "khai trương đồng giá", "step": "cooldown", "message": "Cooldown 1.0s (after capture)", "data": {"w": 1}, "seq": 33530}
{"ts": "2026-05-01T17:05:39.119057+00:00", "level": "INFO", "jobId": "89df1f92-2376-4c63-8002-737c4775153d", "keyword": "khai trương đồng giá", "step": "capture", "message": "Capturing posinset=14 (14/∞)…", "data": {"w": 1}, "seq": 33533}
{"ts": "2026-05-01T17:05:41.128967+00:00", "level": "INFO", "jobId": "89df1f92-2376-4c63-8002-737c4775153d", "keyword": "khai trương đồng giá", "step": "capture", "message": "Saved post_014.png (posinset=14)", "data": {"w": 1}, "seq": 33539}
{"ts": "2026-05-01T17:05:41.130270+00:00", "level": "INFO", "jobId": "89df1f92-2376-4c63-8002-737c4775153d", "keyword": "khai trương đồng giá", "step": "cooldown", "message": "Cooldown 1.0s (after capture)", "data": {"w": 1}, "seq": 33540}
{"ts": "2026-05-01T17:05:42.166313+00:00", "level": "INFO", "jobId": "89df1f92-2376-4c63-8002-737c4775153d", "keyword": "khai trương đồng giá", "step": "capture", "message": "Capturing posinset=15 (15/∞)…", "data": {"w": 1}, "seq": 33543}
{"ts": "2026-05-01T17:05:43.939805+00:00", "level": "INFO", "jobId": "89df1f92-2376-4c63-8002-737c4775153d", "keyword": "khai trương đồng giá", "step": "capture", "message": "Saved post_015.png (posinset=15)", "data": {"w": 1}, "seq": 33547}
{"ts": "2026-05-01T17:05:43.941427+00:00", "level": "INFO", "jobId": "89df1f92-2376-4c63-8002-737c4775153d", "keyword": "khai trương đồng giá", "step": "cooldown", "message": "Cooldown 1.0s (after capture)", "data": {"w": 1}, "seq": 33548}
{"ts": "2026-05-01T17:05:45.005357+00:00", "level": "INFO", "jobId": "89df1f92-2376-4c63-8002-737c4775153d", "keyword": "khai trương đồng giá", "step": "capture", "message": "Capturing posinset=16 (16/∞)…", "data": {"w": 1}, "seq": 33551}
{"ts": "2026-05-01T17:05:46.426444+00:00", "level": "INFO", "jobId": "89df1f92-2376-4c63-8002-737c4775153d", "keyword": "khai trương đồng giá", "step": "capture", "message": "Saved post_016.png (posinset=16)", "data": {"w": 1}, "seq": 33552}
{"ts": "2026-05-01T17:05:46.431447+00:00", "level": "INFO", "jobId": "89df1f92-2376-4c63-8002-737c4775153d", "keyword": "khai trương đồng giá", "step": "cooldown", "message": "Cooldown 1.0s (after capture)", "data": {"w": 1}, "seq": 33553}
{"ts": "2026-05-01T17:05:47.449679+00:00", "level": "INFO", "jobId": "89df1f92-2376-4c63-8002-737c4775153d", "keyword": "khai trương đồng giá", "step": "capture", "message": "Capturing posinset=17 (17/∞)…", "data": {"w": 1}, "seq": 33558}
{"ts": "2026-05-01T17:05:48.755738+00:00", "level": "INFO", "jobId": "89df1f92-2376-4c63-8002-737c4775153d", "keyword": "khai trương đồng giá", "step": "capture", "message": "Saved post_017.png (posinset=17)", "data": {"w": 1}, "seq": 33561}
{"ts": "2026-05-01T17:05:48.757401+00:00", "level": "INFO", "jobId": "89df1f92-2376-4c63-8002-737c4775153d", "keyword": "khai trương đồng giá", "step": "cooldown", "message": "Cooldown 1.0s (after capture)", "data": {"w": 1}, "seq": 33562}
{"ts": "2026-05-01T17:05:49.777763+00:00", "level": "INFO", "jobId": "89df1f92-2376-4c63-8002-737c4775153d", "keyword": "khai trương đồng giá", "step": "heartbeat", "message": "Worker alive", "data": {"w": 1, "elapsed_s": 74}, "seq": 33565}
{"ts": "2026-05-01T17:05:49.778764+00:00", "level": "INFO", "jobId": "89df1f92-2376-4c63-8002-737c4775153d", "keyword": "khai trương đồng giá", "step": "capture", "message": "Capturing posinset=18 (18/∞)…", "data": {"w": 1}, "seq": 33566}
{"ts": "2026-05-01T17:05:52.245527+00:00", "level": "INFO", "jobId": "89df1f92-2376-4c63-8002-737c4775153d", "keyword": "khai trương đồng giá", "step": "capture", "message": "Saved post_018.png (posinset=18)", "data": {"w": 1}, "seq": 33571}
{"ts": "2026-05-01T17:05:52.247933+00:00", "level": "INFO", "jobId": "89df1f92-2376-4c63-8002-737c4775153d", "keyword": "khai trương đồng giá", "step": "cooldown", "message": "Cooldown 1.0s (after capture)", "data": {"w": 1}, "seq": 33572}
{"ts": "2026-05-01T17:05:53.263174+00:00", "level": "INFO", "jobId": "89df1f92-2376-4c63-8002-737c4775153d", "keyword": "khai trương đồng giá", "step": "capture", "message": "Capturing posinset=19 (19/∞)…", "data": {"w": 1}, "seq": 33573}
{"ts": "2026-05-01T17:05:54.450565+00:00", "level": "INFO", "jobId": "89df1f92-2376-4c63-8002-737c4775153d", "keyword": "khai trương đồng giá", "step": "capture", "message": "Capturing posinset=19 (19/∞)…", "data": {"w": 1}, "seq": 33576}
{"ts": "2026-05-01T17:05:55.619762+00:00", "level": "INFO", "jobId": "89df1f92-2376-4c63-8002-737c4775153d", "keyword": "khai trương đồng giá", "step": "capture", "message": "Capturing posinset=19 (19/∞)…", "data": {"w": 1}, "seq": 33579}
{"ts": "2026-05-01T17:05:58.541883+00:00", "level": "INFO", "jobId": "89df1f92-2376-4c63-8002-737c4775153d", "keyword": "khai trương đồng giá", "step": "capture", "message": "Capturing posinset=19 (19/∞)…", "data": {"w": 1}, "seq": 33584}
{"ts": "2026-05-01T17:06:00.845653+00:00", "level": "INFO", "jobId": "89df1f92-2376-4c63-8002-737c4775153d", "keyword": "khai trương đồng giá", "step": "capture", "message": "Saved post_019.png (posinset=19)", "data": {"w": 1}, "seq": 33587}
{"ts": "2026-05-01T17:06:00.848865+00:00", "level": "INFO", "jobId": "89df1f92-2376-4c63-8002-737c4775153d", "keyword": "khai trương đồng giá", "step": "cooldown", "message": "Cooldown 1.0s (after capture)", "data": {"w": 1}, "seq": 33588}
{"ts": "2026-05-01T17:06:01.867281+00:00", "level": "INFO", "jobId": "89df1f92-2376-4c63-8002-737c4775153d", "keyword": "khai trương đồng giá", "step": "capture", "message": "Capturing posinset=20 (20/∞)…", "data": {"w": 1}, "seq": 33591}
{"ts": "2026-05-01T17:06:03.368703+00:00", "level": "INFO", "jobId": "89df1f92-2376-4c63-8002-737c4775153d", "keyword": "khai trương đồng giá", "step": "capture", "message": "Saved post_020.png (posinset=20)", "data": {"w": 1}, "seq": 33594}
{"ts": "2026-05-01T17:06:03.369703+00:00", "level": "INFO", "jobId": "89df1f92-2376-4c63-8002-737c4775153d", "keyword": "khai trương đồng giá", "step": "cooldown", "message": "Cooldown 1.0s (after capture)", "data": {"w": 1}, "seq": 33595}
{"ts": "2026-05-01T17:06:04.388950+00:00", "level": "INFO", "jobId": "89df1f92-2376-4c63-8002-737c4775153d", "keyword": "khai trương đồng giá", "step": "capture", "message": "Capturing posinset=21 (21/∞)…", "data": {"w": 1}, "seq": 33598}
{"ts": "2026-05-01T17:06:05.698281+00:00", "level": "INFO", "jobId": "89df1f92-2376-4c63-8002-737c4775153d", "keyword": "khai trương đồng giá", "step": "capture", "message": "Saved post_021.png (posinset=21)", "data": {"w": 1}, "seq": 33600}
{"ts": "2026-05-01T17:06:05.699281+00:00", "level": "INFO", "jobId": "89df1f92-2376-4c63-8002-737c4775153d", "keyword": "khai trương đồng giá", "step": "cooldown", "message": "Cooldown 1.0s (after capture)", "data": {"w": 1}, "seq": 33601}
{"ts": "2026-05-01T17:06:06.716572+00:00", "level": "INFO", "jobId": "89df1f92-2376-4c63-8002-737c4775153d", "keyword": "khai trương đồng giá", "step": "heartbeat", "message": "Worker alive", "data": {"w": 1, "elapsed_s": 91}, "seq": 33604}
{"ts": "2026-05-01T17:06:06.719497+00:00", "level": "INFO", "jobId": "89df1f92-2376-4c63-8002-737c4775153d", "keyword": "khai trương đồng giá", "step": "capture", "message": "Capturing posinset=22 (22/∞)…", "data": {"w": 1}, "seq": 33605}
{"ts": "2026-05-01T17:06:08.320463+00:00", "level": "INFO", "jobId": "89df1f92-2376-4c63-8002-737c4775153d", "keyword": "khai trương đồng giá", "step": "capture", "message": "Saved post_022.png (posinset=22)", "data": {"w": 1}, "seq": 33610}
{"ts": "2026-05-01T17:06:08.322652+00:00", "level": "INFO", "jobId": "89df1f92-2376-4c63-8002-737c4775153d", "keyword": "khai trương đồng giá", "step": "cooldown", "message": "Cooldown 1.0s (after capture)", "data": {"w": 1}, "seq": 33611}
{"ts": "2026-05-01T17:06:09.351242+00:00", "level": "INFO", "jobId": "89df1f92-2376-4c63-8002-737c4775153d", "keyword": "khai trương đồng giá", "step": "capture", "message": "Capturing posinset=23 (23/∞)…", "data": {"w": 1}, "seq": 33612}
{"ts": "2026-05-01T17:06:11.051980+00:00", "level": "INFO", "jobId": "89df1f92-2376-4c63-8002-737c4775153d", "keyword": "khai trương đồng giá", "step": "capture", "message": "Saved post_023.png (posinset=23)", "data": {"w": 1}, "seq": 33616}
{"ts": "2026-05-01T17:06:11.079753+00:00", "level": "INFO", "jobId": "89df1f92-2376-4c63-8002-737c4775153d", "keyword": "khai trương đồng giá", "step": "cooldown", "message": "Cooldown 1.0s (after capture)", "data": {"w": 1}, "seq": 33617}
{"ts": "2026-05-01T17:06:12.110814+00:00", "level": "INFO", "jobId": "89df1f92-2376-4c63-8002-737c4775153d", "keyword": "khai trương đồng giá", "step": "capture", "message": "Capturing posinset=24 (24/∞)…", "data": {"w": 1}, "seq": 33618}
{"ts": "2026-05-01T17:06:14.832285+00:00", "level": "INFO", "jobId": "89df1f92-2376-4c63-8002-737c4775153d", "keyword": "khai trương đồng giá", "step": "capture", "message": "Saved post_024.png (posinset=24)", "data": {"w": 1}, "seq": 33623}
{"ts": "2026-05-01T17:06:14.833377+00:00", "level": "INFO", "jobId": "89df1f92-2376-4c63-8002-737c4775153d", "keyword": "khai trương đồng giá", "step": "cooldown", "message": "Cooldown 1.0s (after capture)", "data": {"w": 1}, "seq": 33624}
{"ts": "2026-05-01T17:06:15.866712+00:00", "level": "INFO", "jobId": "89df1f92-2376-4c63-8002-737c4775153d", "keyword": "khai trương đồng giá", "step": "capture", "message": "Capturing posinset=25 (25/∞)…", "data": {"w": 1}, "seq": 33628}
{"ts": "2026-05-01T17:06:17.428793+00:00", "level": "INFO", "jobId": "89df1f92-2376-4c63-8002-737c4775153d", "keyword": "khai trương đồng giá", "step": "capture", "message": "Saved post_025.png (posinset=25)", "data": {"w": 1}, "seq": 33630}
{"ts": "2026-05-01T17:06:17.431297+00:00", "level": "INFO", "jobId": "89df1f92-2376-4c63-8002-737c4775153d", "keyword": "khai trương đồng giá", "step": "cooldown", "message": "Cooldown 1.0s (after capture)", "data": {"w": 1}, "seq": 33631}
{"ts": "2026-05-01T17:06:18.447791+00:00", "level": "INFO", "jobId": "89df1f92-2376-4c63-8002-737c4775153d", "keyword": "khai trương đồng giá", "step": "capture", "message": "Capturing posinset=26 (26/∞)…", "data": {"w": 1}, "seq": 33634}
{"ts": "2026-05-01T17:06:19.726758+00:00", "level": "INFO", "jobId": "89df1f92-2376-4c63-8002-737c4775153d", "keyword": "khai trương đồng giá", "step": "capture", "message": "Saved post_026.png (posinset=26)", "data": {"w": 1}, "seq": 33640}
{"ts": "2026-05-01T17:06:19.728234+00:00", "level": "INFO", "jobId": "89df1f92-2376-4c63-8002-737c4775153d", "keyword": "khai trương đồng giá", "step": "cooldown", "message": "Cooldown 1.0s (after capture)", "data": {"w": 1}, "seq": 33641}
{"ts": "2026-05-01T17:06:20.751513+00:00", "level": "INFO", "jobId": "89df1f92-2376-4c63-8002-737c4775153d", "keyword": "khai trương đồng giá", "step": "capture", "message": "Capturing posinset=27 (27/∞)…", "data": {"w": 1}, "seq": 33642}
{"ts": "2026-05-01T17:06:22.350628+00:00", "level": "INFO", "jobId": "89df1f92-2376-4c63-8002-737c4775153d", "keyword": "khai trương đồng giá", "step": "capture", "message": "Saved post_027.png (posinset=27)", "data": {"w": 1}, "seq": 33643}
{"ts": "2026-05-01T17:06:22.352628+00:00", "level": "INFO", "jobId": "89df1f92-2376-4c63-8002-737c4775153d", "keyword": "khai trương đồng giá", "step": "cooldown", "message": "Cooldown 1.0s (after capture)", "data": {"w": 1}, "seq": 33644}
{"ts": "2026-05-01T17:06:23.866251+00:00", "level": "INFO", "jobId": "89df1f92-2376-4c63-8002-737c4775153d", "keyword": "khai trương đồng giá", "step": "heartbeat", "message": "Worker alive", "data": {"w": 1, "elapsed_s": 108}, "seq": 33648}
{"ts": "2026-05-01T17:06:23.866251+00:00", "level": "INFO", "jobId": "89df1f92-2376-4c63-8002-737c4775153d", "keyword": "khai trương đồng giá", "step": "capture", "message": "Capturing posinset=28 (28/∞)…", "data": {"w": 1}, "seq": 33649}
{"ts": "2026-05-01T17:06:27.879108+00:00", "level": "INFO", "jobId": "89df1f92-2376-4c63-8002-737c4775153d", "keyword": "khai trương đồng giá", "step": "capture", "message": "Saved post_028.png (posinset=28)", "data": {"w": 1}, "seq": 33652}
{"ts": "2026-05-01T17:06:27.882465+00:00", "level": "INFO", "jobId": "89df1f92-2376-4c63-8002-737c4775153d", "keyword": "khai trương đồng giá", "step": "cooldown", "message": "Cooldown 1.0s (after capture)", "data": {"w": 1}, "seq": 33653}
{"ts": "2026-05-01T17:06:28.904599+00:00", "level": "INFO", "jobId": "89df1f92-2376-4c63-8002-737c4775153d", "keyword": "khai trương đồng giá", "step": "capture", "message": "Capturing posinset=29 (29/∞)…", "data": {"w": 1}, "seq": 33656}
{"ts": "2026-05-01T17:06:30.904055+00:00", "level": "INFO", "jobId": "89df1f92-2376-4c63-8002-737c4775153d", "keyword": "khai trương đồng giá", "step": "capture", "message": "Saved post_029.png (posinset=29)", "data": {"w": 1}, "seq": 33657}
{"ts": "2026-05-01T17:06:30.904584+00:00", "level": "INFO", "jobId": "89df1f92-2376-4c63-8002-737c4775153d", "keyword": "khai trương đồng giá", "step": "cooldown", "message": "Cooldown 1.0s (after capture)", "data": {"w": 1}, "seq": 33658}
{"ts": "2026-05-01T17:06:31.942054+00:00", "level": "INFO", "jobId": "89df1f92-2376-4c63-8002-737c4775153d", "keyword": "khai trương đồng giá", "step": "capture", "message": "Capturing posinset=30 (30/∞)…", "data": {"w": 1}, "seq": 33663}
{"ts": "2026-05-01T17:06:33.559849+00:00", "level": "INFO", "jobId": "89df1f92-2376-4c63-8002-737c4775153d", "keyword": "khai trương đồng giá", "step": "capture", "message": "Saved post_030.png (posinset=30)", "data": {"w": 1}, "seq": 33666}
{"ts": "2026-05-01T17:06:33.560849+00:00", "level": "INFO", "jobId": "89df1f92-2376-4c63-8002-737c4775153d", "keyword": "khai trương đồng giá", "step": "cooldown", "message": "Cooldown 1.0s (after capture)", "data": {"w": 1}, "seq": 33667}
{"ts": "2026-05-01T17:06:34.594542+00:00", "level": "INFO", "jobId": "89df1f92-2376-4c63-8002-737c4775153d", "keyword": "khai trương đồng giá", "step": "capture", "message": "Capturing posinset=31 (31/∞)…", "data": {"w": 1}, "seq": 33668}
{"ts": "2026-05-01T17:06:36.327544+00:00", "level": "INFO", "jobId": "89df1f92-2376-4c63-8002-737c4775153d", "keyword": "khai trương đồng giá", "step": "capture", "message": "Saved post_031.png (posinset=31)", "data": {"w": 1}, "seq": 33673}
{"ts": "2026-05-01T17:06:36.328657+00:00", "level": "INFO", "jobId": "89df1f92-2376-4c63-8002-737c4775153d", "keyword": "khai trương đồng giá", "step": "cooldown", "message": "Cooldown 1.0s (after capture)", "data": {"w": 1}, "seq": 33674}
{"ts": "2026-05-01T17:06:37.356016+00:00", "level": "INFO", "jobId": "89df1f92-2376-4c63-8002-737c4775153d", "keyword": "khai trương đồng giá", "step": "capture", "message": "Capturing posinset=32 (32/∞)…", "data": {"w": 1}, "seq": 33675}
{"ts": "2026-05-01T17:06:39.395816+00:00", "level": "INFO", "jobId": "89df1f92-2376-4c63-8002-737c4775153d", "keyword": "khai trương đồng giá", "step": "capture", "message": "Saved post_032.png (posinset=32)", "data": {"w": 1}, "seq": 33679}
{"ts": "2026-05-01T17:06:39.395816+00:00", "level": "INFO", "jobId": "89df1f92-2376-4c63-8002-737c4775153d", "keyword": "khai trương đồng giá", "step": "cooldown", "message": "Cooldown 1.0s (after capture)", "data": {"w": 1}, "seq": 33680}
{"ts": "2026-05-01T17:06:40.794111+00:00", "level": "INFO", "jobId": "89df1f92-2376-4c63-8002-737c4775153d", "keyword": "khai trương đồng giá", "step": "heartbeat", "message": "Worker alive", "data": {"w": 1, "elapsed_s": 125}, "seq": 33683}
{"ts": "2026-05-01T17:06:40.795112+00:00", "level": "INFO", "jobId": "89df1f92-2376-4c63-8002-737c4775153d", "keyword": "khai trương đồng giá", "step": "capture", "message": "Capturing posinset=33 (33/∞)…", "data": {"w": 1}, "seq": 33684}
{"ts": "2026-05-01T17:06:44.076772+00:00", "level": "INFO", "jobId": "89df1f92-2376-4c63-8002-737c4775153d", "keyword": "khai trương đồng giá", "step": "capture", "message": "Saved post_033.png (posinset=33)", "data": {"w": 1}, "seq": 33689}
{"ts": "2026-05-01T17:06:44.078781+00:00", "level": "INFO", "jobId": "89df1f92-2376-4c63-8002-737c4775153d", "keyword": "khai trương đồng giá", "step": "cooldown", "message": "Cooldown 1.0s (after capture)", "data": {"w": 1}, "seq": 33690}
{"ts": "2026-05-01T17:06:45.106122+00:00", "level": "INFO", "jobId": "89df1f92-2376-4c63-8002-737c4775153d", "keyword": "khai trương đồng giá", "step": "capture", "message": "Capturing posinset=34 (34/∞)…", "data": {"w": 1}, "seq": 33692}
{"ts": "2026-05-01T17:06:46.934126+00:00", "level": "INFO", "jobId": "89df1f92-2376-4c63-8002-737c4775153d", "keyword": "khai trương đồng giá", "step": "capture", "message": "Saved post_034.png (posinset=34)", "data": {"w": 1}, "seq": 33697}
{"ts": "2026-05-01T17:06:46.938112+00:00", "level": "INFO", "jobId": "89df1f92-2376-4c63-8002-737c4775153d", "keyword": "khai trương đồng giá", "step": "cooldown", "message": "Cooldown 1.0s (after capture)", "data": {"w": 1}, "seq": 33698}
{"ts": "2026-05-01T17:06:47.970331+00:00", "level": "INFO", "jobId": "89df1f92-2376-4c63-8002-737c4775153d", "keyword": "khai trương đồng giá", "step": "capture", "message": "Capturing posinset=35 (35/∞)…", "data": {"w": 1}, "seq": 33704}
{"ts": "2026-05-01T17:06:49.761551+00:00", "level": "INFO", "jobId": "89df1f92-2376-4c63-8002-737c4775153d", "keyword": "khai trương đồng giá", "step": "capture", "message": "Saved post_035.png (posinset=35)", "data": {"w": 1}, "seq": 33705}
{"ts": "2026-05-01T17:06:49.779987+00:00", "level": "INFO", "jobId": "89df1f92-2376-4c63-8002-737c4775153d", "keyword": "khai trương đồng giá", "step": "cooldown", "message": "Cooldown 1.0s (after capture)", "data": {"w": 1}, "seq": 33706}
{"ts": "2026-05-01T17:06:50.846136+00:00", "level": "INFO", "jobId": "89df1f92-2376-4c63-8002-737c4775153d", "keyword": "khai trương đồng giá", "step": "capture", "message": "Capturing posinset=36 (36/∞)…", "data": {"w": 1}, "seq": 33709}
{"ts": "2026-05-01T17:06:53.324333+00:00", "level": "INFO", "jobId": "89df1f92-2376-4c63-8002-737c4775153d", "keyword": "khai trương đồng giá", "step": "capture", "message": "Saved post_036.png (posinset=36)", "data": {"w": 1}, "seq": 33714}
{"ts": "2026-05-01T17:06:53.326344+00:00", "level": "INFO", "jobId": "89df1f92-2376-4c63-8002-737c4775153d", "keyword": "khai trương đồng giá", "step": "cooldown", "message": "Cooldown 1.0s (after capture)", "data": {"w": 1}, "seq": 33715}
{"ts": "2026-05-01T17:06:54.438501+00:00", "level": "INFO", "jobId": "89df1f92-2376-4c63-8002-737c4775153d", "keyword": "khai trương đồng giá", "step": "capture", "message": "Capturing posinset=37 (37/∞)…", "data": {"w": 1}, "seq": 33716}
{"ts": "2026-05-01T17:06:57.270577+00:00", "level": "INFO", "jobId": "89df1f92-2376-4c63-8002-737c4775153d", "keyword": "khai trương đồng giá", "step": "capture", "message": "Saved post_037.png (posinset=37)", "data": {"w": 1}, "seq": 33722}
{"ts": "2026-05-01T17:06:57.272575+00:00", "level": "INFO", "jobId": "89df1f92-2376-4c63-8002-737c4775153d", "keyword": "khai trương đồng giá", "step": "cooldown", "message": "Cooldown 1.0s (after capture)", "data": {"w": 1}, "seq": 33723}
{"ts": "2026-05-01T17:06:59.739643+00:00", "level": "INFO", "jobId": "89df1f92-2376-4c63-8002-737c4775153d", "keyword": "khai trương đồng giá", "step": "heartbeat", "message": "Worker alive", "data": {"w": 1, "elapsed_s": 144}, "seq": 33724}
{"ts": "2026-05-01T17:06:59.741653+00:00", "level": "INFO", "jobId": "89df1f92-2376-4c63-8002-737c4775153d", "keyword": "khai trương đồng giá", "step": "capture", "message": "Capturing posinset=38 (38/∞)…", "data": {"w": 1}, "seq": 33725}
{"ts": "2026-05-01T17:07:02.890453+00:00", "level": "INFO", "jobId": "89df1f92-2376-4c63-8002-737c4775153d", "keyword": "khai trương đồng giá", "step": "capture", "message": "Saved post_038.png (posinset=38)", "data": {"w": 1}, "seq": 33726}
{"ts": "2026-05-01T17:07:02.896451+00:00", "level": "INFO", "jobId": "89df1f92-2376-4c63-8002-737c4775153d", "keyword": "khai trương đồng giá", "step": "cooldown", "message": "Cooldown 1.0s (after capture)", "data": {"w": 1}, "seq": 33727}
{"ts": "2026-05-01T17:07:03.945337+00:00", "level": "INFO", "jobId": "89df1f92-2376-4c63-8002-737c4775153d", "keyword": "khai trương đồng giá", "step": "capture", "message": "Capturing posinset=39 (39/∞)…", "data": {"w": 1}, "seq": 33730}
{"ts": "2026-05-01T17:07:06.674754+00:00", "level": "INFO", "jobId": "89df1f92-2376-4c63-8002-737c4775153d", "keyword": "khai trương đồng giá", "step": "capture", "message": "Saved post_039.png (posinset=39)", "data": {"w": 1}, "seq": 33733}
{"ts": "2026-05-01T17:07:06.674754+00:00", "level": "INFO", "jobId": "89df1f92-2376-4c63-8002-737c4775153d", "keyword": "khai trương đồng giá", "step": "cooldown", "message": "Cooldown 1.0s (after capture)", "data": {"w": 1}, "seq": 33734}
{"ts": "2026-05-01T17:07:07.695684+00:00", "level": "INFO", "jobId": "89df1f92-2376-4c63-8002-737c4775153d", "keyword": "khai trương đồng giá", "step": "capture", "message": "Capturing posinset=40 (40/∞)…", "data": {"w": 1}, "seq": 33737}
{"ts": "2026-05-01T17:07:09.335367+00:00", "level": "INFO", "jobId": "89df1f92-2376-4c63-8002-737c4775153d", "keyword": "khai trương đồng giá", "step": "capture", "message": "Saved post_040.png (posinset=40)", "data": {"w": 1}, "seq": 33743}
{"ts": "2026-05-01T17:07:09.337368+00:00", "level": "INFO", "jobId": "89df1f92-2376-4c63-8002-737c4775153d", "keyword": "khai trương đồng giá", "step": "cooldown", "message": "Cooldown 1.0s (after capture)", "data": {"w": 1}, "seq": 33744}
{"ts": "2026-05-01T17:07:10.370973+00:00", "level": "INFO", "jobId": "89df1f92-2376-4c63-8002-737c4775153d", "keyword": "khai trương đồng giá", "step": "capture", "message": "Capturing posinset=41 (41/∞)…", "data": {"w": 1}, "seq": 33747}
{"ts": "2026-05-01T17:07:11.744536+00:00", "level": "INFO", "jobId": "89df1f92-2376-4c63-8002-737c4775153d", "keyword": "khai trương đồng giá", "step": "capture", "message": "Saved post_041.png (posinset=41)", "data": {"w": 1}, "seq": 33752}
{"ts": "2026-05-01T17:07:11.746536+00:00", "level": "INFO", "jobId": "89df1f92-2376-4c63-8002-737c4775153d", "keyword": "khai trương đồng giá", "step": "cooldown", "message": "Cooldown 1.0s (after capture)", "data": {"w": 1}, "seq": 33753}
{"ts": "2026-05-01T17:07:12.780094+00:00", "level": "INFO", "jobId": "89df1f92-2376-4c63-8002-737c4775153d", "keyword": "khai trương đồng giá", "step": "capture", "message": "Capturing posinset=42 (42/∞)…", "data": {"w": 1}, "seq": 33756}
{"ts": "2026-05-01T17:07:14.138106+00:00", "level": "INFO", "jobId": "89df1f92-2376-4c63-8002-737c4775153d", "keyword": "khai trương đồng giá", "step": "capture", "message": "Saved post_042.png (posinset=42)", "data": {"w": 1}, "seq": 33759}
{"ts": "2026-05-01T17:07:14.139108+00:00", "level": "INFO", "jobId": "89df1f92-2376-4c63-8002-737c4775153d", "keyword": "khai trương đồng giá", "step": "cooldown", "message": "Cooldown 1.0s (after capture)", "data": {"w": 1}, "seq": 33760}
{"ts": "2026-05-01T17:07:15.171496+00:00", "level": "INFO", "jobId": "89df1f92-2376-4c63-8002-737c4775153d", "keyword": "khai trương đồng giá", "step": "heartbeat", "message": "Worker alive", "data": {"w": 1, "elapsed_s": 160}, "seq": 33764}
{"ts": "2026-05-01T17:07:15.172597+00:00", "level": "INFO", "jobId": "89df1f92-2376-4c63-8002-737c4775153d", "keyword": "khai trương đồng giá", "step": "capture", "message": "Capturing posinset=43 (43/∞)…", "data": {"w": 1}, "seq": 33765}
{"ts": "2026-05-01T17:07:18.947017+00:00", "level": "INFO", "jobId": "89df1f92-2376-4c63-8002-737c4775153d", "keyword": "khai trương đồng giá", "step": "capture", "message": "Saved post_043.png (posinset=43)", "data": {"w": 1}, "seq": 33771}
{"ts": "2026-05-01T17:07:18.949020+00:00", "level": "INFO", "jobId": "89df1f92-2376-4c63-8002-737c4775153d", "keyword": "khai trương đồng giá", "step": "cooldown", "message": "Cooldown 1.0s (after capture)", "data": {"w": 1}, "seq": 33772}
{"ts": "2026-05-01T17:07:19.986890+00:00", "level": "INFO", "jobId": "89df1f92-2376-4c63-8002-737c4775153d", "keyword": "khai trương đồng giá", "step": "capture", "message": "Capturing posinset=44 (44/∞)…", "data": {"w": 1}, "seq": 33776}
{"ts": "2026-05-01T17:07:22.502036+00:00", "level": "INFO", "jobId": "89df1f92-2376-4c63-8002-737c4775153d", "keyword": "khai trương đồng giá", "step": "capture", "message": "Saved post_044.png (posinset=44)", "data": {"w": 1}, "seq": 33777}
{"ts": "2026-05-01T17:07:22.503035+00:00", "level": "INFO", "jobId": "89df1f92-2376-4c63-8002-737c4775153d", "keyword": "khai trương đồng giá", "step": "cooldown", "message": "Cooldown 1.0s (after capture)", "data": {"w": 1}, "seq": 33778}
{"ts": "2026-05-01T17:07:23.530102+00:00", "level": "INFO", "jobId": "89df1f92-2376-4c63-8002-737c4775153d", "keyword": "khai trương đồng giá", "step": "capture", "message": "Capturing posinset=45 (45/∞)…", "data": {"w": 1}, "seq": 33781}
{"ts": "2026-05-01T17:07:25.176933+00:00", "level": "INFO", "jobId": "89df1f92-2376-4c63-8002-737c4775153d", "keyword": "khai trương đồng giá", "step": "capture", "message": "Saved post_045.png (posinset=45)", "data": {"w": 1}, "seq": 33785}
{"ts": "2026-05-01T17:07:25.180632+00:00", "level": "INFO", "jobId": "89df1f92-2376-4c63-8002-737c4775153d", "keyword": "khai trương đồng giá", "step": "cooldown", "message": "Cooldown 1.0s (after capture)", "data": {"w": 1}, "seq": 33786}
{"ts": "2026-05-01T17:07:26.234589+00:00", "level": "INFO", "jobId": "89df1f92-2376-4c63-8002-737c4775153d", "keyword": "khai trương đồng giá", "step": "capture", "message": "Capturing posinset=46 (46/∞)…", "data": {"w": 1}, "seq": 33788}
{"ts": "2026-05-01T17:07:28.534053+00:00", "level": "INFO", "jobId": "89df1f92-2376-4c63-8002-737c4775153d", "keyword": "khai trương đồng giá", "step": "capture", "message": "Saved post_046.png (posinset=46)", "data": {"w": 1}, "seq": 33791}
{"ts": "2026-05-01T17:07:28.535057+00:00", "level": "INFO", "jobId": "89df1f92-2376-4c63-8002-737c4775153d", "keyword": "khai trương đồng giá", "step": "cooldown", "message": "Cooldown 1.0s (after capture)", "data": {"w": 1}, "seq": 33792}
{"ts": "2026-05-01T17:07:29.575098+00:00", "level": "INFO", "jobId": "89df1f92-2376-4c63-8002-737c4775153d", "keyword": "khai trương đồng giá", "step": "capture", "message": "Capturing posinset=47 (47/∞)…", "data": {"w": 1}, "seq": 33794}
{"ts": "2026-05-01T17:07:32.025631+00:00", "level": "INFO", "jobId": "89df1f92-2376-4c63-8002-737c4775153d", "keyword": "khai trương đồng giá", "step": "capture", "message": "Saved post_047.png (posinset=47)", "data": {"w": 1}, "seq": 33798}
{"ts": "2026-05-01T17:07:32.026631+00:00", "level": "INFO", "jobId": "89df1f92-2376-4c63-8002-737c4775153d", "keyword": "khai trương đồng giá", "step": "cooldown", "message": "Cooldown 1.0s (after capture)", "data": {"w": 1}, "seq": 33799}
{"ts": "2026-05-01T17:07:33.090843+00:00", "level": "INFO", "jobId": "89df1f92-2376-4c63-8002-737c4775153d", "keyword": "khai trương đồng giá", "step": "heartbeat", "message": "Worker alive", "data": {"w": 1, "elapsed_s": 177}, "seq": 33800}
{"ts": "2026-05-01T17:07:33.092843+00:00", "level": "INFO", "jobId": "89df1f92-2376-4c63-8002-737c4775153d", "keyword": "khai trương đồng giá", "step": "capture", "message": "Capturing posinset=48 (48/∞)…", "data": {"w": 1}, "seq": 33801}
{"ts": "2026-05-01T17:07:36.138187+00:00", "level": "INFO", "jobId": "89df1f92-2376-4c63-8002-737c4775153d", "keyword": "khai trương đồng giá", "step": "capture", "message": "Saved post_048.png (posinset=48)", "data": {"w": 1}, "seq": 33806}
{"ts": "2026-05-01T17:07:36.139186+00:00", "level": "INFO", "jobId": "89df1f92-2376-4c63-8002-737c4775153d", "keyword": "khai trương đồng giá", "step": "cooldown", "message": "Cooldown 1.0s (after capture)", "data": {"w": 1}, "seq": 33807}
{"ts": "2026-05-01T17:07:37.893384+00:00", "level": "INFO", "jobId": "89df1f92-2376-4c63-8002-737c4775153d", "keyword": "khai trương đồng giá", "step": "capture", "message": "Capturing posinset=49 (49/∞)…", "data": {"w": 1}, "seq": 33810}
{"ts": "2026-05-01T17:07:41.407282+00:00", "level": "INFO", "jobId": "89df1f92-2376-4c63-8002-737c4775153d", "keyword": "khai trương đồng giá", "step": "capture", "message": "Saved post_049.png (posinset=49)", "data": {"w": 1}, "seq": 33816}
{"ts": "2026-05-01T17:07:41.408772+00:00", "level": "INFO", "jobId": "89df1f92-2376-4c63-8002-737c4775153d", "keyword": "khai trương đồng giá", "step": "cooldown", "message": "Cooldown 1.0s (after capture)", "data": {"w": 1}, "seq": 33817}
{"ts": "2026-05-01T17:07:42.440256+00:00", "level": "INFO", "jobId": "89df1f92-2376-4c63-8002-737c4775153d", "keyword": "khai trương đồng giá", "step": "capture", "message": "Capturing posinset=50 (50/∞)…", "data": {"w": 1}, "seq": 33819}
{"ts": "2026-05-01T17:07:44.679119+00:00", "level": "INFO", "jobId": "89df1f92-2376-4c63-8002-737c4775153d", "keyword": "khai trương đồng giá", "step": "capture", "message": "Saved post_050.png (posinset=50)", "data": {"w": 1}, "seq": 33822}
{"ts": "2026-05-01T17:07:44.681400+00:00", "level": "INFO", "jobId": "89df1f92-2376-4c63-8002-737c4775153d", "keyword": "khai trương đồng giá", "step": "cooldown", "message": "Cooldown 1.0s (after capture)", "data": {"w": 1}, "seq": 33823}
{"ts": "2026-05-01T17:07:45.723416+00:00", "level": "INFO", "jobId": "89df1f92-2376-4c63-8002-737c4775153d", "keyword": "khai trương đồng giá", "step": "capture", "message": "Capturing posinset=51 (51/∞)…", "data": {"w": 1}, "seq": 33825}
{"ts": "2026-05-01T17:07:48.249395+00:00", "level": "INFO", "jobId": "89df1f92-2376-4c63-8002-737c4775153d", "keyword": "khai trương đồng giá", "step": "capture", "message": "Saved post_051.png (posinset=51)", "data": {"w": 1}, "seq": 33830}
{"ts": "2026-05-01T17:07:48.251343+00:00", "level": "INFO", "jobId": "89df1f92-2376-4c63-8002-737c4775153d", "keyword": "khai trương đồng giá", "step": "cooldown", "message": "Cooldown 1.0s (after capture)", "data": {"w": 1}, "seq": 33831}
{"ts": "2026-05-01T17:07:49.276648+00:00", "level": "INFO", "jobId": "89df1f92-2376-4c63-8002-737c4775153d", "keyword": "khai trương đồng giá", "step": "heartbeat", "message": "Worker alive", "data": {"w": 1, "elapsed_s": 194}, "seq": 33838}
{"ts": "2026-05-01T17:07:49.278623+00:00", "level": "INFO", "jobId": "89df1f92-2376-4c63-8002-737c4775153d", "keyword": "khai trương đồng giá", "step": "capture", "message": "Capturing posinset=52 (52/∞)…", "data": {"w": 1}, "seq": 33839}
{"ts": "2026-05-01T17:07:51.439371+00:00", "level": "INFO", "jobId": "89df1f92-2376-4c63-8002-737c4775153d", "keyword": "khai trương đồng giá", "step": "capture", "message": "Saved post_052.png (posinset=52)", "data": {"w": 1}, "seq": 33841}
{"ts": "2026-05-01T17:07:51.440372+00:00", "level": "INFO", "jobId": "89df1f92-2376-4c63-8002-737c4775153d", "keyword": "khai trương đồng giá", "step": "cooldown", "message": "Cooldown 1.0s (after capture)", "data": {"w": 1}, "seq": 33842}
{"ts": "2026-05-01T17:07:52.480128+00:00", "level": "INFO", "jobId": "89df1f92-2376-4c63-8002-737c4775153d", "keyword": "khai trương đồng giá", "step": "capture", "message": "Capturing posinset=53 (53/∞)…", "data": {"w": 1}, "seq": 33843}
{"ts": "2026-05-01T17:07:55.654433+00:00", "level": "INFO", "jobId": "89df1f92-2376-4c63-8002-737c4775153d", "keyword": "khai trương đồng giá", "step": "capture", "message": "Saved post_053.png (posinset=53)", "data": {"w": 1}, "seq": 33850}
{"ts": "2026-05-01T17:07:55.659155+00:00", "level": "INFO", "jobId": "89df1f92-2376-4c63-8002-737c4775153d", "keyword": "khai trương đồng giá", "step": "cooldown", "message": "Cooldown 1.0s (after capture)", "data": {"w": 1}, "seq": 33851}
{"ts": "2026-05-01T17:07:56.699767+00:00", "level": "INFO", "jobId": "89df1f92-2376-4c63-8002-737c4775153d", "keyword": "khai trương đồng giá", "step": "capture", "message": "Capturing posinset=54 (54/∞)…", "data": {"w": 1}, "seq": 33853}
{"ts": "2026-05-01T17:08:00.186950+00:00", "level": "INFO", "jobId": "89df1f92-2376-4c63-8002-737c4775153d", "keyword": "khai trương đồng giá", "step": "capture", "message": "Capturing posinset=54 (54/∞)…", "data": {"w": 1}, "seq": 33857}
{"ts": "2026-05-01T17:08:05.744762+00:00", "level": "INFO", "jobId": "89df1f92-2376-4c63-8002-737c4775153d", "keyword": "khai trương đồng giá", "step": "capture", "message": "Saved post_054.png (posinset=54)", "data": {"w": 1}, "seq": 33863}
{"ts": "2026-05-01T17:08:05.750246+00:00", "level": "INFO", "jobId": "89df1f92-2376-4c63-8002-737c4775153d", "keyword": "khai trương đồng giá", "step": "cooldown", "message": "Cooldown 1.0s (after capture)", "data": {"w": 1}, "seq": 33864}
{"ts": "2026-05-01T17:08:06.837876+00:00", "level": "INFO", "jobId": "89df1f92-2376-4c63-8002-737c4775153d", "keyword": "khai trương đồng giá", "step": "heartbeat", "message": "Worker alive", "data": {"w": 1, "elapsed_s": 211}, "seq": 33865}
{"ts": "2026-05-01T17:08:06.837876+00:00", "level": "INFO", "jobId": "89df1f92-2376-4c63-8002-737c4775153d", "keyword": "khai trương đồng giá", "step": "capture", "message": "Capturing posinset=55 (55/∞)…", "data": {"w": 1}, "seq": 33866}
{"ts": "2026-05-01T17:08:09.919264+00:00", "level": "INFO", "jobId": "89df1f92-2376-4c63-8002-737c4775153d", "keyword": "khai trương đồng giá", "step": "capture", "message": "Saved post_055.png (posinset=55)", "data": {"w": 1}, "seq": 33873}
{"ts": "2026-05-01T17:08:09.921384+00:00", "level": "INFO", "jobId": "89df1f92-2376-4c63-8002-737c4775153d", "keyword": "khai trương đồng giá", "step": "cooldown", "message": "Cooldown 1.0s (after capture)", "data": {"w": 1}, "seq": 33874}
{"ts": "2026-05-01T17:08:10.977350+00:00", "level": "INFO", "jobId": "89df1f92-2376-4c63-8002-737c4775153d", "keyword": "khai trương đồng giá", "step": "capture", "message": "Capturing posinset=56 (56/∞)…", "data": {"w": 1}, "seq": 33875}
{"ts": "2026-05-01T17:08:14.181024+00:00", "level": "INFO", "jobId": "89df1f92-2376-4c63-8002-737c4775153d", "keyword": "khai trương đồng giá", "step": "capture", "message": "Saved post_056.png (posinset=56)", "data": {"w": 1}, "seq": 33881}
{"ts": "2026-05-01T17:08:14.183144+00:00", "level": "INFO", "jobId": "89df1f92-2376-4c63-8002-737c4775153d", "keyword": "khai trương đồng giá", "step": "cooldown", "message": "Cooldown 1.0s (after capture)", "data": {"w": 1}, "seq": 33882}
{"ts": "2026-05-01T17:08:15.226485+00:00", "level": "INFO", "jobId": "89df1f92-2376-4c63-8002-737c4775153d", "keyword": "khai trương đồng giá", "step": "capture", "message": "Capturing posinset=57 (57/∞)…", "data": {"w": 1}, "seq": 33883}
{"ts": "2026-05-01T17:08:17.166287+00:00", "level": "INFO", "jobId": "89df1f92-2376-4c63-8002-737c4775153d", "keyword": "khai trương đồng giá", "step": "capture", "message": "Saved post_057.png (posinset=57)", "data": {"w": 1}, "seq": 33890}
{"ts": "2026-05-01T17:08:17.167289+00:00", "level": "INFO", "jobId": "89df1f92-2376-4c63-8002-737c4775153d", "keyword": "khai trương đồng giá", "step": "cooldown", "message": "Cooldown 1.0s (after capture)", "data": {"w": 1}, "seq": 33891}
{"ts": "2026-05-01T17:08:18.203074+00:00", "level": "INFO", "jobId": "89df1f92-2376-4c63-8002-737c4775153d", "keyword": "khai trương đồng giá", "step": "capture", "message": "Capturing posinset=58 (58/∞)…", "data": {"w": 1}, "seq": 33892}
{"ts": "2026-05-01T17:08:20.317129+00:00", "level": "INFO", "jobId": "89df1f92-2376-4c63-8002-737c4775153d", "keyword": "khai trương đồng giá", "step": "capture", "message": "Saved post_058.png (posinset=58)", "data": {"w": 1}, "seq": 33898}
{"ts": "2026-05-01T17:08:20.319129+00:00", "level": "INFO", "jobId": "89df1f92-2376-4c63-8002-737c4775153d", "keyword": "khai trương đồng giá", "step": "cooldown", "message": "Cooldown 1.0s (after capture)", "data": {"w": 1}, "seq": 33899}
{"ts": "2026-05-01T17:08:21.351802+00:00", "level": "INFO", "jobId": "89df1f92-2376-4c63-8002-737c4775153d", "keyword": "khai trương đồng giá", "step": "capture", "message": "Capturing posinset=59 (59/∞)…", "data": {"w": 1}, "seq": 33903}
{"ts": "2026-05-01T17:08:22.901784+00:00", "level": "INFO", "jobId": "89df1f92-2376-4c63-8002-737c4775153d", "keyword": "khai trương đồng giá", "step": "capture", "message": "Saved post_059.png (posinset=59)", "data": {"w": 1}, "seq": 33907}
{"ts": "2026-05-01T17:08:22.901784+00:00", "level": "INFO", "jobId": "89df1f92-2376-4c63-8002-737c4775153d", "keyword": "khai trương đồng giá", "step": "cooldown", "message": "Cooldown 1.0s (after capture)", "data": {"w": 1}, "seq": 33908}
{"ts": "2026-05-01T17:08:23.942975+00:00", "level": "INFO", "jobId": "89df1f92-2376-4c63-8002-737c4775153d", "keyword": "khai trương đồng giá", "step": "heartbeat", "message": "Worker alive", "data": {"w": 1, "elapsed_s": 228}, "seq": 33912}
{"ts": "2026-05-01T17:08:23.942975+00:00", "level": "INFO", "jobId": "89df1f92-2376-4c63-8002-737c4775153d", "keyword": "khai trương đồng giá", "step": "capture", "message": "Capturing posinset=60 (60/∞)…", "data": {"w": 1}, "seq": 33913}
{"ts": "2026-05-01T17:08:25.731144+00:00", "level": "INFO", "jobId": "89df1f92-2376-4c63-8002-737c4775153d", "keyword": "khai trương đồng giá", "step": "capture", "message": "Saved post_060.png (posinset=60)", "data": {"w": 1}, "seq": 33919}
{"ts": "2026-05-01T17:08:25.733153+00:00", "level": "INFO", "jobId": "89df1f92-2376-4c63-8002-737c4775153d", "keyword": "khai trương đồng giá", "step": "cooldown", "message": "Cooldown 1.0s (after capture)", "data": {"w": 1}, "seq": 33920}
{"ts": "2026-05-01T17:08:26.757492+00:00", "level": "INFO", "jobId": "89df1f92-2376-4c63-8002-737c4775153d", "keyword": "khai trương đồng giá", "step": "capture", "message": "Capturing posinset=61 (61/∞)…", "data": {"w": 1}, "seq": 33923}
{"ts": "2026-05-01T17:08:28.810759+00:00", "level": "INFO", "jobId": "89df1f92-2376-4c63-8002-737c4775153d", "keyword": "khai trương đồng giá", "step": "capture", "message": "Saved post_061.png (posinset=61)", "data": {"w": 1}, "seq": 33930}
{"ts": "2026-05-01T17:08:28.811756+00:00", "level": "INFO", "jobId": "89df1f92-2376-4c63-8002-737c4775153d", "keyword": "khai trương đồng giá", "step": "cooldown", "message": "Cooldown 1.0s (after capture)", "data": {"w": 1}, "seq": 33931}
{"ts": "2026-05-01T17:08:29.833170+00:00", "level": "INFO", "jobId": "89df1f92-2376-4c63-8002-737c4775153d", "keyword": "khai trương đồng giá", "step": "capture", "message": "Capturing posinset=62 (62/∞)…", "data": {"w": 1}, "seq": 33934}
{"ts": "2026-05-01T17:08:31.698643+00:00", "level": "INFO", "jobId": "89df1f92-2376-4c63-8002-737c4775153d", "keyword": "khai trương đồng giá", "step": "capture", "message": "Saved post_062.png (posinset=62)", "data": {"w": 1}, "seq": 33939}
{"ts": "2026-05-01T17:08:31.699936+00:00", "level": "INFO", "jobId": "89df1f92-2376-4c63-8002-737c4775153d", "keyword": "khai trương đồng giá", "step": "cooldown", "message": "Cooldown 1.0s (after capture)", "data": {"w": 1}, "seq": 33940}
{"ts": "2026-05-01T17:08:32.743117+00:00", "level": "INFO", "jobId": "89df1f92-2376-4c63-8002-737c4775153d", "keyword": "khai trương đồng giá", "step": "capture", "message": "Capturing posinset=63 (63/∞)…", "data": {"w": 1}, "seq": 33942}
{"ts": "2026-05-01T17:08:34.278432+00:00", "level": "INFO", "jobId": "89df1f92-2376-4c63-8002-737c4775153d", "keyword": "khai trương đồng giá", "step": "capture", "message": "Capturing posinset=63 (63/∞)…", "data": {"w": 1}, "seq": 33946}
{"ts": "2026-05-01T17:08:38.975434+00:00", "level": "INFO", "jobId": "89df1f92-2376-4c63-8002-737c4775153d", "keyword": "khai trương đồng giá", "step": "heartbeat", "message": "Worker alive", "data": {"w": 1, "elapsed_s": 243}, "seq": 33954}
{"ts": "2026-05-01T17:08:38.982184+00:00", "level": "INFO", "jobId": "89df1f92-2376-4c63-8002-737c4775153d", "keyword": "khai trương đồng giá", "step": "capture", "message": "Capturing posinset=63 (63/∞)…", "data": {"w": 1}, "seq": 33955}
{"ts": "2026-05-01T17:08:40.600925+00:00", "level": "INFO", "jobId": "89df1f92-2376-4c63-8002-737c4775153d", "keyword": "khai trương đồng giá", "step": "capture", "message": "Saved post_063.png (posinset=63)", "data": {"w": 1}, "seq": 33961}
{"ts": "2026-05-01T17:08:40.602244+00:00", "level": "INFO", "jobId": "89df1f92-2376-4c63-8002-737c4775153d", "keyword": "khai trương đồng giá", "step": "cooldown", "message": "Cooldown 1.0s (after capture)", "data": {"w": 1}, "seq": 33962}
{"ts": "2026-05-01T17:08:41.641109+00:00", "level": "INFO", "jobId": "89df1f92-2376-4c63-8002-737c4775153d", "keyword": "khai trương đồng giá", "step": "capture", "message": "Capturing posinset=64 (64/∞)…", "data": {"w": 1}, "seq": 33964}
{"ts": "2026-05-01T17:08:43.115625+00:00", "level": "INFO", "jobId": "89df1f92-2376-4c63-8002-737c4775153d", "keyword": "khai trương đồng giá", "step": "capture", "message": "Saved post_064.png (posinset=64)", "data": {"w": 1}, "seq": 33971}
{"ts": "2026-05-01T17:08:43.116789+00:00", "level": "INFO", "jobId": "89df1f92-2376-4c63-8002-737c4775153d", "keyword": "khai trương đồng giá", "step": "cooldown", "message": "Cooldown 1.0s (after capture)", "data": {"w": 1}, "seq": 33972}
{"ts": "2026-05-01T17:08:44.160554+00:00", "level": "INFO", "jobId": "89df1f92-2376-4c63-8002-737c4775153d", "keyword": "khai trương đồng giá", "step": "capture", "message": "Capturing posinset=65 (65/∞)…", "data": {"w": 1}, "seq": 33975}
{"ts": "2026-05-01T17:08:46.681967+00:00", "level": "INFO", "jobId": "89df1f92-2376-4c63-8002-737c4775153d", "keyword": "khai trương đồng giá", "step": "capture", "message": "Saved post_065.png (posinset=65)", "data": {"w": 1}, "seq": 33982}
{"ts": "2026-05-01T17:08:46.682972+00:00", "level": "INFO", "jobId": "89df1f92-2376-4c63-8002-737c4775153d", "keyword": "khai trương đồng giá", "step": "cooldown", "message": "Cooldown 1.0s (after capture)", "data": {"w": 1}, "seq": 33983}
{"ts": "2026-05-01T17:08:47.727770+00:00", "level": "INFO", "jobId": "89df1f92-2376-4c63-8002-737c4775153d", "keyword": "khai trương đồng giá", "step": "capture", "message": "Capturing posinset=66 (66/∞)…", "data": {"w": 1}, "seq": 33984}
{"ts": "2026-05-01T17:08:49.907479+00:00", "level": "INFO", "jobId": "89df1f92-2376-4c63-8002-737c4775153d", "keyword": "khai trương đồng giá", "step": "capture", "message": "Saved post_066.png (posinset=66)", "data": {"w": 1}, "seq": 33990}
{"ts": "2026-05-01T17:08:49.908480+00:00", "level": "INFO", "jobId": "89df1f92-2376-4c63-8002-737c4775153d", "keyword": "khai trương đồng giá", "step": "cooldown", "message": "Cooldown 1.0s (after capture)", "data": {"w": 1}, "seq": 33991}
{"ts": "2026-05-01T17:08:50.930775+00:00", "level": "INFO", "jobId": "89df1f92-2376-4c63-8002-737c4775153d", "keyword": "khai trương đồng giá", "step": "capture", "message": "Capturing posinset=67 (67/∞)…", "data": {"w": 1}, "seq": 33995}
{"ts": "2026-05-01T17:08:56.232079+00:00", "level": "INFO", "jobId": "89df1f92-2376-4c63-8002-737c4775153d", "keyword": "khai trương đồng giá", "step": "capture", "message": "Saved post_067.png (posinset=67)", "data": {"w": 1}, "seq": 34007}
{"ts": "2026-05-01T17:08:56.233762+00:00", "level": "INFO", "jobId": "89df1f92-2376-4c63-8002-737c4775153d", "keyword": "khai trương đồng giá", "step": "cooldown", "message": "Cooldown 1.0s (after capture)", "data": {"w": 1}, "seq": 34008}
{"ts": "2026-05-01T17:08:57.282201+00:00", "level": "INFO", "jobId": "89df1f92-2376-4c63-8002-737c4775153d", "keyword": "khai trương đồng giá", "step": "heartbeat", "message": "Worker alive", "data": {"w": 1, "elapsed_s": 262}, "seq": 34009}
{"ts": "2026-05-01T17:08:57.286714+00:00", "level": "INFO", "jobId": "89df1f92-2376-4c63-8002-737c4775153d", "keyword": "khai trương đồng giá", "step": "capture", "message": "Capturing posinset=68 (68/∞)…", "data": {"w": 1}, "seq": 34010}
{"ts": "2026-05-01T17:08:59.350153+00:00", "level": "INFO", "jobId": "89df1f92-2376-4c63-8002-737c4775153d", "keyword": "khai trương đồng giá", "step": "capture", "message": "Saved post_068.png (posinset=68)", "data": {"w": 1}, "seq": 34016}
{"ts": "2026-05-01T17:08:59.352315+00:00", "level": "INFO", "jobId": "89df1f92-2376-4c63-8002-737c4775153d", "keyword": "khai trương đồng giá", "step": "cooldown", "message": "Cooldown 1.0s (after capture)", "data": {"w": 1}, "seq": 34017}
{"ts": "2026-05-01T17:09:00.397596+00:00", "level": "INFO", "jobId": "89df1f92-2376-4c63-8002-737c4775153d", "keyword": "khai trương đồng giá", "step": "capture", "message": "Capturing posinset=69 (69/∞)…", "data": {"w": 1}, "seq": 34020}
{"ts": "2026-05-01T17:09:02.092808+00:00", "level": "INFO", "jobId": "89df1f92-2376-4c63-8002-737c4775153d", "keyword": "khai trương đồng giá", "step": "capture", "message": "Saved post_069.png (posinset=69)", "data": {"w": 1}, "seq": 34028}
{"ts": "2026-05-01T17:09:02.094075+00:00", "level": "INFO", "jobId": "89df1f92-2376-4c63-8002-737c4775153d", "keyword": "khai trương đồng giá", "step": "cooldown", "message": "Cooldown 1.0s (after capture)", "data": {"w": 1}, "seq": 34029}
{"ts": "2026-05-01T17:09:03.124503+00:00", "level": "INFO", "jobId": "89df1f92-2376-4c63-8002-737c4775153d", "keyword": "khai trương đồng giá", "step": "capture", "message": "Capturing posinset=70 (70/∞)…", "data": {"w": 1}, "seq": 34031}
{"ts": "2026-05-01T17:09:05.169287+00:00", "level": "INFO", "jobId": "89df1f92-2376-4c63-8002-737c4775153d", "keyword": "khai trương đồng giá", "step": "capture", "message": "Saved post_070.png (posinset=70)", "data": {"w": 1}, "seq": 34036}
{"ts": "2026-05-01T17:09:05.171286+00:00", "level": "INFO", "jobId": "89df1f92-2376-4c63-8002-737c4775153d", "keyword": "khai trương đồng giá", "step": "cooldown", "message": "Cooldown 1.0s (after capture)", "data": {"w": 1}, "seq": 34037}
{"ts": "2026-05-01T17:09:06.588923+00:00", "level": "INFO", "jobId": "89df1f92-2376-4c63-8002-737c4775153d", "keyword": "khai trương đồng giá", "step": "capture", "message": "Capturing posinset=71 (71/∞)…", "data": {"w": 1}, "seq": 34040}
{"ts": "2026-05-01T17:09:09.564501+00:00", "level": "INFO", "jobId": "89df1f92-2376-4c63-8002-737c4775153d", "keyword": "khai trương đồng giá", "step": "capture", "message": "Saved post_071.png (posinset=71)", "data": {"w": 1}, "seq": 34046}
{"ts": "2026-05-01T17:09:09.568447+00:00", "level": "INFO", "jobId": "89df1f92-2376-4c63-8002-737c4775153d", "keyword": "khai trương đồng giá", "step": "cooldown", "message": "Cooldown 1.0s (after capture)", "data": {"w": 1}, "seq": 34047}
{"ts": "2026-05-01T17:09:10.615257+00:00", "level": "INFO", "jobId": "89df1f92-2376-4c63-8002-737c4775153d", "keyword": "khai trương đồng giá", "step": "capture", "message": "Capturing posinset=72 (72/∞)…", "data": {"w": 1}, "seq": 34051}
{"ts": "2026-05-01T17:09:12.628343+00:00", "level": "INFO", "jobId": "89df1f92-2376-4c63-8002-737c4775153d", "keyword": "khai trương đồng giá", "step": "capture", "message": "Saved post_072.png (posinset=72)", "data": {"w": 1}, "seq": 34056}
{"ts": "2026-05-01T17:09:12.629547+00:00", "level": "INFO", "jobId": "89df1f92-2376-4c63-8002-737c4775153d", "keyword": "khai trương đồng giá", "step": "cooldown", "message": "Cooldown 1.0s (after capture)", "data": {"w": 1}, "seq": 34057}
{"ts": "2026-05-01T17:09:13.668512+00:00", "level": "INFO", "jobId": "89df1f92-2376-4c63-8002-737c4775153d", "keyword": "khai trương đồng giá", "step": "heartbeat", "message": "Worker alive", "data": {"w": 1, "elapsed_s": 278}, "seq": 34060}
{"ts": "2026-05-01T17:09:13.669517+00:00", "level": "INFO", "jobId": "89df1f92-2376-4c63-8002-737c4775153d", "keyword": "khai trương đồng giá", "step": "capture", "message": "Capturing posinset=73 (73/∞)…", "data": {"w": 1}, "seq": 34061}
{"ts": "2026-05-01T17:09:15.420539+00:00", "level": "INFO", "jobId": "89df1f92-2376-4c63-8002-737c4775153d", "keyword": "khai trương đồng giá", "step": "capture", "message": "Saved post_073.png (posinset=73)", "data": {"w": 1}, "seq": 34067}
{"ts": "2026-05-01T17:09:15.422535+00:00", "level": "INFO", "jobId": "89df1f92-2376-4c63-8002-737c4775153d", "keyword": "khai trương đồng giá", "step": "cooldown", "message": "Cooldown 1.0s (after capture)", "data": {"w": 1}, "seq": 34068}
{"ts": "2026-05-01T17:09:16.496414+00:00", "level": "INFO", "jobId": "89df1f92-2376-4c63-8002-737c4775153d", "keyword": "khai trương đồng giá", "step": "capture", "message": "Capturing posinset=74 (74/∞)…", "data": {"w": 1}, "seq": 34069}
{"ts": "2026-05-01T17:09:18.778551+00:00", "level": "INFO", "jobId": "89df1f92-2376-4c63-8002-737c4775153d", "keyword": "khai trương đồng giá", "step": "capture", "message": "Saved post_074.png (posinset=74)", "data": {"w": 1}, "seq": 34077}
{"ts": "2026-05-01T17:09:18.779551+00:00", "level": "INFO", "jobId": "89df1f92-2376-4c63-8002-737c4775153d", "keyword": "khai trương đồng giá", "step": "cooldown", "message": "Cooldown 1.0s (after capture)", "data": {"w": 1}, "seq": 34078}
{"ts": "2026-05-01T17:09:19.822876+00:00", "level": "INFO", "jobId": "89df1f92-2376-4c63-8002-737c4775153d", "keyword": "khai trương đồng giá", "step": "capture", "message": "Capturing posinset=75 (75/∞)…", "data": {"w": 1}, "seq": 34079}
{"ts": "2026-05-01T17:09:22.373068+00:00", "level": "INFO", "jobId": "89df1f92-2376-4c63-8002-737c4775153d", "keyword": "khai trương đồng giá", "step": "capture", "message": "Saved post_075.png (posinset=75)", "data": {"w": 1}, "seq": 34086}
{"ts": "2026-05-01T17:09:22.374069+00:00", "level": "INFO", "jobId": "89df1f92-2376-4c63-8002-737c4775153d", "keyword": "khai trương đồng giá", "step": "cooldown", "message": "Cooldown 1.0s (after capture)", "data": {"w": 1}, "seq": 34087}
{"ts": "2026-05-01T17:09:23.770059+00:00", "level": "INFO", "jobId": "89df1f92-2376-4c63-8002-737c4775153d", "keyword": "khai trương đồng giá", "step": "capture", "message": "Capturing posinset=76 (76/∞)…", "data": {"w": 1}, "seq": 34090}
{"ts": "2026-05-01T17:09:27.189984+00:00", "level": "INFO", "jobId": "89df1f92-2376-4c63-8002-737c4775153d", "keyword": "khai trương đồng giá", "step": "capture", "message": "Saved post_076.png (posinset=76)", "data": {"w": 1}, "seq": 34097}
{"ts": "2026-05-01T17:09:27.193437+00:00", "level": "INFO", "jobId": "89df1f92-2376-4c63-8002-737c4775153d", "keyword": "khai trương đồng giá", "step": "cooldown", "message": "Cooldown 1.0s (after capture)", "data": {"w": 1}, "seq": 34098}
{"ts": "2026-05-01T17:09:28.340787+00:00", "level": "INFO", "jobId": "89df1f92-2376-4c63-8002-737c4775153d", "keyword": "khai trương đồng giá", "step": "capture", "message": "Capturing posinset=77 (77/∞)…", "data": {"w": 1}, "seq": 34100}
{"ts": "2026-05-01T17:09:31.879483+00:00", "level": "INFO", "jobId": "89df1f92-2376-4c63-8002-737c4775153d", "keyword": "khai trương đồng giá", "step": "capture", "message": "Saved post_077.png (posinset=77)", "data": {"w": 1}, "seq": 34107}
{"ts": "2026-05-01T17:09:31.880617+00:00", "level": "INFO", "jobId": "89df1f92-2376-4c63-8002-737c4775153d", "keyword": "khai trương đồng giá", "step": "cooldown", "message": "Cooldown 1.0s (after capture)", "data": {"w": 1}, "seq": 34108}
{"ts": "2026-05-01T17:09:32.912511+00:00", "level": "INFO", "jobId": "89df1f92-2376-4c63-8002-737c4775153d", "keyword": "khai trương đồng giá", "step": "heartbeat", "message": "Worker alive", "data": {"w": 1, "elapsed_s": 297}, "seq": 34112}
{"ts": "2026-05-01T17:09:32.912511+00:00", "level": "INFO", "jobId": "89df1f92-2376-4c63-8002-737c4775153d", "keyword": "khai trương đồng giá", "step": "capture", "message": "Capturing posinset=78 (78/∞)…", "data": {"w": 1}, "seq": 34113}
{"ts": "2026-05-01T17:09:34.560819+00:00", "level": "INFO", "jobId": "89df1f92-2376-4c63-8002-737c4775153d", "keyword": "khai trương đồng giá", "step": "capture", "message": "Saved post_078.png (posinset=78)", "data": {"w": 1}, "seq": 34117}
{"ts": "2026-05-01T17:09:34.563185+00:00", "level": "INFO", "jobId": "89df1f92-2376-4c63-8002-737c4775153d", "keyword": "khai trương đồng giá", "step": "cooldown", "message": "Cooldown 1.0s (after capture)", "data": {"w": 1}, "seq": 34118}
{"ts": "2026-05-01T17:09:35.596348+00:00", "level": "INFO", "jobId": "89df1f92-2376-4c63-8002-737c4775153d", "keyword": "khai trương đồng giá", "step": "capture", "message": "Capturing posinset=79 (79/∞)…", "data": {"w": 1}, "seq": 34123}
{"ts": "2026-05-01T17:09:37.543151+00:00", "level": "INFO", "jobId": "89df1f92-2376-4c63-8002-737c4775153d", "keyword": "khai trương đồng giá", "step": "capture", "message": "Saved post_079.png (posinset=79)", "data": {"w": 1}, "seq": 34127}
{"ts": "2026-05-01T17:09:37.545079+00:00", "level": "INFO", "jobId": "89df1f92-2376-4c63-8002-737c4775153d", "keyword": "khai trương đồng giá", "step": "cooldown", "message": "Cooldown 1.0s (after capture)", "data": {"w": 1}, "seq": 34128}
{"ts": "2026-05-01T17:09:38.585808+00:00", "level": "INFO", "jobId": "89df1f92-2376-4c63-8002-737c4775153d", "keyword": "khai trương đồng giá", "step": "capture", "message": "Capturing posinset=80 (80/∞)…", "data": {"w": 1}, "seq": 34132}
{"ts": "2026-05-01T17:09:41.756843+00:00", "level": "INFO", "jobId": "89df1f92-2376-4c63-8002-737c4775153d", "keyword": "khai trương đồng giá", "step": "capture", "message": "Saved post_080.png (posinset=80)", "data": {"w": 1}, "seq": 34137}
{"ts": "2026-05-01T17:09:41.758579+00:00", "level": "INFO", "jobId": "89df1f92-2376-4c63-8002-737c4775153d", "keyword": "khai trương đồng giá", "step": "cooldown", "message": "Cooldown 1.0s (after capture)", "data": {"w": 1}, "seq": 34138}
{"ts": "2026-05-01T17:09:43.185651+00:00", "level": "INFO", "jobId": "89df1f92-2376-4c63-8002-737c4775153d", "keyword": "khai trương đồng giá", "step": "capture", "message": "Capturing posinset=81 (81/∞)…", "data": {"w": 1}, "seq": 34142}
{"ts": "2026-05-01T17:09:46.798166+00:00", "level": "INFO", "jobId": "89df1f92-2376-4c63-8002-737c4775153d", "keyword": "khai trương đồng giá", "step": "capture", "message": "Capturing posinset=81 (81/∞)…", "data": {"w": 1}, "seq": 34147}
{"ts": "2026-05-01T17:09:49.667514+00:00", "level": "INFO", "jobId": "89df1f92-2376-4c63-8002-737c4775153d", "keyword": "khai trương đồng giá", "step": "capture", "message": "Saved post_081.png (posinset=81)", "data": {"w": 1}, "seq": 34151}
{"ts": "2026-05-01T17:09:49.667514+00:00", "level": "INFO", "jobId": "89df1f92-2376-4c63-8002-737c4775153d", "keyword": "khai trương đồng giá", "step": "cooldown", "message": "Cooldown 1.0s (after capture)", "data": {"w": 1}, "seq": 34152}
{"ts": "2026-05-01T17:09:50.711292+00:00", "level": "INFO", "jobId": "89df1f92-2376-4c63-8002-737c4775153d", "keyword": "khai trương đồng giá", "step": "heartbeat", "message": "Worker alive", "data": {"w": 1, "elapsed_s": 315}, "seq": 34157}
{"ts": "2026-05-01T17:09:50.712062+00:00", "level": "INFO", "jobId": "89df1f92-2376-4c63-8002-737c4775153d", "keyword": "khai trương đồng giá", "step": "capture", "message": "Capturing posinset=82 (82/∞)…", "data": {"w": 1}, "seq": 34158}
{"ts": "2026-05-01T17:09:52.345350+00:00", "level": "INFO", "jobId": "89df1f92-2376-4c63-8002-737c4775153d", "keyword": "khai trương đồng giá", "step": "capture", "message": "Saved post_082.png (posinset=82)", "data": {"w": 1}, "seq": 34163}
{"ts": "2026-05-01T17:09:52.347799+00:00", "level": "INFO", "jobId": "89df1f92-2376-4c63-8002-737c4775153d", "keyword": "khai trương đồng giá", "step": "cooldown", "message": "Cooldown 1.0s (after capture)", "data": {"w": 1}, "seq": 34164}
{"ts": "2026-05-01T17:09:53.399653+00:00", "level": "INFO", "jobId": "89df1f92-2376-4c63-8002-737c4775153d", "keyword": "khai trương đồng giá", "step": "capture", "message": "Capturing posinset=83 (83/∞)…", "data": {"w": 1}, "seq": 34167}
{"ts": "2026-05-01T17:09:55.853187+00:00", "level": "INFO", "jobId": "89df1f92-2376-4c63-8002-737c4775153d", "keyword": "khai trương đồng giá", "step": "capture", "message": "Saved post_083.png (posinset=83)", "data": {"w": 1}, "seq": 34172}
{"ts": "2026-05-01T17:09:55.854663+00:00", "level": "INFO", "jobId": "89df1f92-2376-4c63-8002-737c4775153d", "keyword": "khai trương đồng giá", "step": "cooldown", "message": "Cooldown 1.0s (after capture)", "data": {"w": 1}, "seq": 34173}
{"ts": "2026-05-01T17:09:56.905667+00:00", "level": "INFO", "jobId": "89df1f92-2376-4c63-8002-737c4775153d", "keyword": "khai trương đồng giá", "step": "capture", "message": "Capturing posinset=84 (84/∞)…", "data": {"w": 1}, "seq": 34176}
{"ts": "2026-05-01T17:09:58.914142+00:00", "level": "INFO", "jobId": "89df1f92-2376-4c63-8002-737c4775153d", "keyword": "khai trương đồng giá", "step": "capture", "message": "Saved post_084.png (posinset=84)", "data": {"w": 1}, "seq": 34180}
{"ts": "2026-05-01T17:09:58.916437+00:00", "level": "INFO", "jobId": "89df1f92-2376-4c63-8002-737c4775153d", "keyword": "khai trương đồng giá", "step": "cooldown", "message": "Cooldown 1.0s (after capture)", "data": {"w": 1}, "seq": 34181}
{"ts": "2026-05-01T17:10:00.601242+00:00", "level": "INFO", "jobId": "89df1f92-2376-4c63-8002-737c4775153d", "keyword": "khai trương đồng giá", "step": "capture", "message": "Capturing posinset=85 (85/∞)…", "data": {"w": 1}, "seq": 34185}
{"ts": "2026-05-01T17:10:09.988361+00:00", "level": "INFO", "jobId": "89df1f92-2376-4c63-8002-737c4775153d", "keyword": "khai trương đồng giá", "step": "capture", "message": "Saved post_085.png (posinset=85)", "data": {"w": 1}, "seq": 34204}
{"ts": "2026-05-01T17:10:09.989360+00:00", "level": "INFO", "jobId": "89df1f92-2376-4c63-8002-737c4775153d", "keyword": "khai trương đồng giá", "step": "cooldown", "message": "Cooldown 1.0s (after capture)", "data": {"w": 1}, "seq": 34205}
{"ts": "2026-05-01T17:10:11.017601+00:00", "level": "INFO", "jobId": "89df1f92-2376-4c63-8002-737c4775153d", "keyword": "khai trương đồng giá", "step": "heartbeat", "message": "Worker alive", "data": {"w": 1, "elapsed_s": 335}, "seq": 34206}
{"ts": "2026-05-01T17:10:11.017601+00:00", "level": "INFO", "jobId": "89df1f92-2376-4c63-8002-737c4775153d", "keyword": "khai trương đồng giá", "step": "capture", "message": "Capturing posinset=86 (86/∞)…", "data": {"w": 1}, "seq": 34207}
{"ts": "2026-05-01T17:10:13.186302+00:00", "level": "INFO", "jobId": "89df1f92-2376-4c63-8002-737c4775153d", "keyword": "khai trương đồng giá", "step": "capture", "message": "Saved post_086.png (posinset=86)", "data": {"w": 1}, "seq": 34214}
{"ts": "2026-05-01T17:10:13.188312+00:00", "level": "INFO", "jobId": "89df1f92-2376-4c63-8002-737c4775153d", "keyword": "khai trương đồng giá", "step": "cooldown", "message": "Cooldown 1.0s (after capture)", "data": {"w": 1}, "seq": 34215}
{"ts": "2026-05-01T17:10:14.229887+00:00", "level": "INFO", "jobId": "89df1f92-2376-4c63-8002-737c4775153d", "keyword": "khai trương đồng giá", "step": "capture", "message": "Capturing posinset=87 (87/∞)…", "data": {"w": 1}, "seq": 34216}
{"ts": "2026-05-01T17:10:16.617436+00:00", "level": "INFO", "jobId": "89df1f92-2376-4c63-8002-737c4775153d", "keyword": "khai trương đồng giá", "step": "capture", "message": "Saved post_087.png (posinset=87)", "data": {"w": 1}, "seq": 34223}
{"ts": "2026-05-01T17:10:16.618456+00:00", "level": "INFO", "jobId": "89df1f92-2376-4c63-8002-737c4775153d", "keyword": "khai trương đồng giá", "step": "cooldown", "message": "Cooldown 1.0s (after capture)", "data": {"w": 1}, "seq": 34224}
{"ts": "2026-05-01T17:10:17.650855+00:00", "level": "INFO", "jobId": "89df1f92-2376-4c63-8002-737c4775153d", "keyword": "khai trương đồng giá", "step": "capture", "message": "Capturing posinset=88 (88/∞)…", "data": {"w": 1}, "seq": 34227}
{"ts": "2026-05-01T17:10:19.948041+00:00", "level": "INFO", "jobId": "89df1f92-2376-4c63-8002-737c4775153d", "keyword": "khai trương đồng giá", "step": "capture", "message": "Saved post_088.png (posinset=88)", "data": {"w": 1}, "seq": 34232}
{"ts": "2026-05-01T17:10:19.950050+00:00", "level": "INFO", "jobId": "89df1f92-2376-4c63-8002-737c4775153d", "keyword": "khai trương đồng giá", "step": "cooldown", "message": "Cooldown 1.0s (after capture)", "data": {"w": 1}, "seq": 34233}
{"ts": "2026-05-01T17:10:21.020625+00:00", "level": "INFO", "jobId": "89df1f92-2376-4c63-8002-737c4775153d", "keyword": "khai trương đồng giá", "step": "capture", "message": "Capturing posinset=89 (89/∞)…", "data": {"w": 1}, "seq": 34234}
{"ts": "2026-05-01T17:10:28.498249+00:00", "level": "INFO", "jobId": "89df1f92-2376-4c63-8002-737c4775153d", "keyword": "khai trương đồng giá", "step": "capture", "message": "Saved post_089.png (posinset=89)", "data": {"w": 1}, "seq": 34248}
{"ts": "2026-05-01T17:10:28.499630+00:00", "level": "INFO", "jobId": "89df1f92-2376-4c63-8002-737c4775153d", "keyword": "khai trương đồng giá", "step": "cooldown", "message": "Cooldown 1.0s (after capture)", "data": {"w": 1}, "seq": 34249}
{"ts": "2026-05-01T17:10:29.533025+00:00", "level": "INFO", "jobId": "89df1f92-2376-4c63-8002-737c4775153d", "keyword": "khai trương đồng giá", "step": "heartbeat", "message": "Worker alive", "data": {"w": 1, "elapsed_s": 354}, "seq": 34253}
{"ts": "2026-05-01T17:10:29.534023+00:00", "level": "INFO", "jobId": "89df1f92-2376-4c63-8002-737c4775153d", "keyword": "khai trương đồng giá", "step": "capture", "message": "Capturing posinset=90 (90/∞)…", "data": {"w": 1}, "seq": 34254}
{"ts": "2026-05-01T17:10:31.262379+00:00", "level": "INFO", "jobId": "89df1f92-2376-4c63-8002-737c4775153d", "keyword": "khai trương đồng giá", "step": "capture", "message": "Saved post_090.png (posinset=90)", "data": {"w": 1}, "seq": 34256}
{"ts": "2026-05-01T17:10:31.263370+00:00", "level": "INFO", "jobId": "89df1f92-2376-4c63-8002-737c4775153d", "keyword": "khai trương đồng giá", "step": "cooldown", "message": "Cooldown 1.0s (after capture)", "data": {"w": 1}, "seq": 34257}
{"ts": "2026-05-01T17:10:32.662237+00:00", "level": "INFO", "jobId": "89df1f92-2376-4c63-8002-737c4775153d", "keyword": "khai trương đồng giá", "step": "capture", "message": "Capturing posinset=91 (91/∞)…", "data": {"w": 1}, "seq": 34263}
{"ts": "2026-05-01T17:10:36.967223+00:00", "level": "INFO", "jobId": "89df1f92-2376-4c63-8002-737c4775153d", "keyword": "khai trương đồng giá", "step": "capture", "message": "Saved post_091.png (posinset=91)", "data": {"w": 1}, "seq": 34269}
{"ts": "2026-05-01T17:10:36.969223+00:00", "level": "INFO", "jobId": "89df1f92-2376-4c63-8002-737c4775153d", "keyword": "khai trương đồng giá", "step": "cooldown", "message": "Cooldown 1.0s (after capture)", "data": {"w": 1}, "seq": 34270}
{"ts": "2026-05-01T17:10:38.034076+00:00", "level": "INFO", "jobId": "89df1f92-2376-4c63-8002-737c4775153d", "keyword": "khai trương đồng giá", "step": "capture", "message": "Capturing posinset=92 (92/∞)…", "data": {"w": 1}, "seq": 34273}
{"ts": "2026-05-01T17:10:40.914318+00:00", "level": "INFO", "jobId": "89df1f92-2376-4c63-8002-737c4775153d", "keyword": "khai trương đồng giá", "step": "capture", "message": "Saved post_092.png (posinset=92)", "data": {"w": 1}, "seq": 34277}
{"ts": "2026-05-01T17:10:40.915318+00:00", "level": "INFO", "jobId": "89df1f92-2376-4c63-8002-737c4775153d", "keyword": "khai trương đồng giá", "step": "cooldown", "message": "Cooldown 1.0s (after capture)", "data": {"w": 1}, "seq": 34278}
{"ts": "2026-05-01T17:10:41.951822+00:00", "level": "INFO", "jobId": "89df1f92-2376-4c63-8002-737c4775153d", "keyword": "khai trương đồng giá", "step": "capture", "message": "Capturing posinset=93 (93/∞)…", "data": {"w": 1}, "seq": 34282}
{"ts": "2026-05-01T17:10:43.449816+00:00", "level": "INFO", "jobId": "89df1f92-2376-4c63-8002-737c4775153d", "keyword": "khai trương đồng giá", "step": "capture", "message": "Capturing posinset=93 (93/∞)…", "data": {"w": 1}, "seq": 34287}
{"ts": "2026-05-01T17:10:44.951805+00:00", "level": "INFO", "jobId": "89df1f92-2376-4c63-8002-737c4775153d", "keyword": "khai trương đồng giá", "step": "heartbeat", "message": "Worker alive", "data": {"w": 1, "elapsed_s": 369}, "seq": 34292}
{"ts": "2026-05-01T17:10:44.953517+00:00", "level": "INFO", "jobId": "89df1f92-2376-4c63-8002-737c4775153d", "keyword": "khai trương đồng giá", "step": "capture", "message": "Capturing posinset=93 (93/∞)…", "data": {"w": 1}, "seq": 34293}
{"ts": "2026-05-01T17:10:46.536349+00:00", "level": "INFO", "jobId": "89df1f92-2376-4c63-8002-737c4775153d", "keyword": "khai trương đồng giá", "step": "capture", "message": "Capturing posinset=93 (93/∞)…", "data": {"w": 1}, "seq": 34295}
{"ts": "2026-05-01T17:10:48.195932+00:00", "level": "INFO", "jobId": "89df1f92-2376-4c63-8002-737c4775153d", "keyword": "khai trương đồng giá", "step": "capture", "message": "Capturing posinset=93 (93/∞)…", "data": {"w": 1}, "seq": 34300}
{"ts": "2026-05-01T17:10:49.802693+00:00", "level": "INFO", "jobId": "89df1f92-2376-4c63-8002-737c4775153d", "keyword": "khai trương đồng giá", "step": "capture", "message": "Capturing posinset=93 (93/∞)…", "data": {"w": 1}, "seq": 34303}
{"ts": "2026-05-01T17:10:51.731557+00:00", "level": "INFO", "jobId": "89df1f92-2376-4c63-8002-737c4775153d", "keyword": "khai trương đồng giá", "step": "capture", "message": "Capturing posinset=93 (93/∞)…", "data": {"w": 1}, "seq": 34309}
{"ts": "2026-05-01T17:11:03.963269+00:00", "level": "INFO", "jobId": "89df1f92-2376-4c63-8002-737c4775153d", "keyword": "khai trương đồng giá", "step": "heartbeat", "message": "Worker alive", "data": {"w": 1, "elapsed_s": 388}, "seq": 34326}
{"ts": "2026-05-01T17:11:03.966539+00:00", "level": "INFO", "jobId": "89df1f92-2376-4c63-8002-737c4775153d", "keyword": "khai trương đồng giá", "step": "capture", "message": "Capturing posinset=93 (93/∞)…", "data": {"w": 1}, "seq": 34327}
{"ts": "2026-05-01T17:11:17.707139+00:00", "level": "INFO", "jobId": "89df1f92-2376-4c63-8002-737c4775153d", "keyword": "khai trương đồng giá", "step": "capture", "message": "Capturing posinset=93 (93/∞)…", "data": {"w": 1}, "seq": 34353}
{"ts": "2026-05-01T17:11:20.040079+00:00", "level": "INFO", "jobId": "89df1f92-2376-4c63-8002-737c4775153d", "keyword": "khai trương đồng giá", "step": "capture", "message": "Reached stable end of results (maxPos=92, stable>=35s). Stopping.", "data": {"w": 1}, "seq": 34360}
{"ts": "2026-05-01T17:11:20.106368+00:00", "level": "INFO", "jobId": "89df1f92-2376-4c63-8002-737c4775153d", "keyword": "khai trương đồng giá", "step": "capture", "message": "Capture loop finished (unlimited). Saved=92", "data": {"w": 1}, "seq": 34361}
{"ts": "2026-05-01T17:11:20.107384+00:00", "level": "INFO", "jobId": "89df1f92-2376-4c63-8002-737c4775153d", "keyword": "khai trương đồng giá", "step": "done", "message": "Completed. Saved=92", "data": {"w": 1}, "seq": 34362}
