{"ts": "2026-05-01T17:00:54.023413+00:00", "level": "INFO", "jobId": "924c957a-3cde-4959-ae5c-e2862c1bc4ac", "keyword": "khai trương cửa hàng", "step": "start", "message": "Job started (attempt 1/1)", "data": {"w": 0}, "seq": 32926}
{"ts": "2026-05-01T17:01:05.531841+00:00", "level": "INFO", "jobId": "924c957a-3cde-4959-ae5c-e2862c1bc4ac", "keyword": "khai trương cửa hàng", "step": "login", "message": "Already logged in (home).", "data": {"w": 0}, "seq": 32935}
{"ts": "2026-05-01T17:01:05.535842+00:00", "level": "INFO", "jobId": "924c957a-3cde-4959-ae5c-e2862c1bc4ac", "keyword": "khai trương cửa hàng", "step": "search", "message": "Searching keyword: \"khai trương cửa hàng\"", "data": {"w": 0}, "seq": 32936}
{"ts": "2026-05-01T17:01:12.068051+00:00", "level": "INFO", "jobId": "924c957a-3cde-4959-ae5c-e2862c1bc4ac", "keyword": "khai trương cửa hàng", "step": "capture", "message": "Start capturing all posts until end of results.", "data": {"w": 0}, "seq": 32944}
{"ts": "2026-05-01T17:01:12.070060+00:00", "level": "INFO", "jobId": "924c957a-3cde-4959-ae5c-e2862c1bc4ac", "keyword": "khai trương cửa hàng", "step": "capture", "message": "Output folder: Lan 1 - 0001", "data": {"w": 0}, "seq": 32945}
{"ts": "2026-05-01T17:01:16.433670+00:00", "level": "INFO", "jobId": "924c957a-3cde-4959-ae5c-e2862c1bc4ac", "keyword": "khai trương cửa hàng", "step": "capture", "message": "Waiting for posts to appear (avoid blank capture)…", "data": {"w": 0}, "seq": 32951}
{"ts": "2026-05-01T17:01:17.034206+00:00", "level": "INFO", "jobId": "924c957a-3cde-4959-ae5c-e2862c1bc4ac", "keyword": "khai trương cửa hàng", "step": "capture", "message": "Post-detect debug: {'hasMain': True, 'url': 'https://www.facebook.com/search/posts/?q=khai%20tr%C6%B0%C6%A1ng%20c%E1%BB%ADa%20h%C3%A0ng&filters=eyJyZWNlbnRfcG9zdHM6MCI6IntcIm5hbWVcIjpcInJlY2VudF9wb3N0c1wiLFwiYXJnc1wiOlwiXCJ9In0%3D', 'title': '(1) khai trương cửa hàng - Kết quả tìm kiếm | Facebook', 'hasLoginInputs': False, 'consentLike': False, 'bodyHead': '\\xa0\\n1 đoạn chat chưa đọc\\n1\\nKết quả tìm kiếm\\nBộ lọc\\nTất cả\\nMọi người\\nThước phim\\nMarketplace\\nTrang\\nNhóm\\nSự kiện', 'roleArticle': 1, 'divRoleArticle': 1, 'articleTag': 0, 'feedUnit': 0, 'anyPagelet': 0, 'adPreview': 0, 'imgs': 0, 'videos': 0, 'progress': 0, 'busy': '', 'firstArticle': {'tag': 'div', 'role': 'article', 'textLen': 0, 'hasImg': False, 'hasVideo': False, 'hasLink': False, 'hasPermalink': False}}", "data": {"w": 0}, "seq": 32952}
{"ts": "2026-05-01T17:01:19.782664+00:00", "level": "INFO", "jobId": "924c957a-3cde-4959-ae5c-e2862c1bc4ac", "keyword": "khai trương cửa hàng", "step": "capture", "message": "Guard: forcing top before first capture (y=2077, primary=0)", "data": {"w": 0}, "seq": 32957}
{"ts": "2026-05-01T17:01:19.840039+00:00", "level": "INFO", "jobId": "924c957a-3cde-4959-ae5c-e2862c1bc4ac", "keyword": "khai trương cửa hàng", "step": "capture", "message": "Capturing posinset=1 (1/∞)…", "data": {"w": 0}, "seq": 32958}
{"ts": "2026-05-01T17:01:22.831930+00:00", "level": "INFO", "jobId": "924c957a-3cde-4959-ae5c-e2862c1bc4ac", "keyword": "khai trương cửa hàng", "step": "capture", "message": "Saved post_001.png (posinset=1)", "data": {"w": 0}, "seq": 32961}
{"ts": "2026-05-01T17:01:22.837527+00:00", "level": "INFO", "jobId": "924c957a-3cde-4959-ae5c-e2862c1bc4ac", "keyword": "khai trương cửa hàng", "step": "cooldown", "message": "Cooldown 1.0s (after capture)", "data": {"w": 0}, "seq": 32962}
{"ts": "2026-05-01T17:01:23.863381+00:00", "level": "INFO", "jobId": "924c957a-3cde-4959-ae5c-e2862c1bc4ac", "keyword": "khai trương cửa hàng", "step": "capture", "message": "Capturing posinset=2 (2/∞)…", "data": {"w": 0}, "seq": 32965}
{"ts": "2026-05-01T17:01:25.533479+00:00", "level": "INFO", "jobId": "924c957a-3cde-4959-ae5c-e2862c1bc4ac", "keyword": "khai trương cửa hàng", "step": "capture", "message": "Saved post_002.png (posinset=2)", "data": {"w": 0}, "seq": 32968}
{"ts": "2026-05-01T17:01:25.534479+00:00", "level": "INFO", "jobId": "924c957a-3cde-4959-ae5c-e2862c1bc4ac", "keyword": "khai trương cửa hàng", "step": "cooldown", "message": "Cooldown 1.0s (after capture)", "data": {"w": 0}, "seq": 32969}
{"ts": "2026-05-01T17:01:26.622368+00:00", "level": "INFO", "jobId": "924c957a-3cde-4959-ae5c-e2862c1bc4ac", "keyword": "khai trương cửa hàng", "step": "capture", "message": "Capturing posinset=3 (3/∞)…", "data": {"w": 0}, "seq": 32970}
{"ts": "2026-05-01T17:01:28.416244+00:00", "level": "INFO", "jobId": "924c957a-3cde-4959-ae5c-e2862c1bc4ac", "keyword": "khai trương cửa hàng", "step": "capture", "message": "Saved post_003.png (posinset=3)", "data": {"w": 0}, "seq": 32974}
{"ts": "2026-05-01T17:01:28.417242+00:00", "level": "INFO", "jobId": "924c957a-3cde-4959-ae5c-e2862c1bc4ac", "keyword": "khai trương cửa hàng", "step": "cooldown", "message": "Cooldown 1.0s (after capture)", "data": {"w": 0}, "seq": 32975}
{"ts": "2026-05-01T17:01:29.433590+00:00", "level": "INFO", "jobId": "924c957a-3cde-4959-ae5c-e2862c1bc4ac", "keyword": "khai trương cửa hàng", "step": "capture", "message": "Capturing posinset=4 (4/∞)…", "data": {"w": 0}, "seq": 32976}
{"ts": "2026-05-01T17:01:30.638765+00:00", "level": "INFO", "jobId": "924c957a-3cde-4959-ae5c-e2862c1bc4ac", "keyword": "khai trương cửa hàng", "step": "capture", "message": "Saved post_004.png (posinset=4)", "data": {"w": 0}, "seq": 32980}
{"ts": "2026-05-01T17:01:30.640268+00:00", "level": "INFO", "jobId": "924c957a-3cde-4959-ae5c-e2862c1bc4ac", "keyword": "khai trương cửa hàng", "step": "cooldown", "message": "Cooldown 1.0s (after capture)", "data": {"w": 0}, "seq": 32981}
{"ts": "2026-05-01T17:01:31.648203+00:00", "level": "INFO", "jobId": "924c957a-3cde-4959-ae5c-e2862c1bc4ac", "keyword": "khai trương cửa hàng", "step": "capture", "message": "Capturing posinset=5 (5/∞)…", "data": {"w": 0}, "seq": 32984}
{"ts": "2026-05-01T17:01:32.781768+00:00", "level": "INFO", "jobId": "924c957a-3cde-4959-ae5c-e2862c1bc4ac", "keyword": "khai trương cửa hàng", "step": "capture", "message": "Saved post_005.png (posinset=5)", "data": {"w": 0}, "seq": 32988}
{"ts": "2026-05-01T17:01:32.783229+00:00", "level": "INFO", "jobId": "924c957a-3cde-4959-ae5c-e2862c1bc4ac", "keyword": "khai trương cửa hàng", "step": "cooldown", "message": "Cooldown 1.0s (after capture)", "data": {"w": 0}, "seq": 32989}
{"ts": "2026-05-01T17:01:33.800534+00:00", "level": "INFO", "jobId": "924c957a-3cde-4959-ae5c-e2862c1bc4ac", "keyword": "khai trương cửa hàng", "step": "heartbeat", "message": "Worker alive", "data": {"w": 0, "elapsed_s": 39}, "seq": 32991}
{"ts": "2026-05-01T17:01:33.800534+00:00", "level": "INFO", "jobId": "924c957a-3cde-4959-ae5c-e2862c1bc4ac", "keyword": "khai trương cửa hàng", "step": "capture", "message": "Capturing posinset=6 (6/∞)…", "data": {"w": 0}, "seq": 32992}
{"ts": "2026-05-01T17:01:34.848641+00:00", "level": "INFO", "jobId": "924c957a-3cde-4959-ae5c-e2862c1bc4ac", "keyword": "khai trương cửa hàng", "step": "capture", "message": "Saved post_006.png (posinset=6)", "data": {"w": 0}, "seq": 32993}
{"ts": "2026-05-01T17:01:34.848641+00:00", "level": "INFO", "jobId": "924c957a-3cde-4959-ae5c-e2862c1bc4ac", "keyword": "khai trương cửa hàng", "step": "cooldown", "message": "Cooldown 1.0s (after capture)", "data": {"w": 0}, "seq": 32994}
{"ts": "2026-05-01T17:01:35.873007+00:00", "level": "INFO", "jobId": "924c957a-3cde-4959-ae5c-e2862c1bc4ac", "keyword": "khai trương cửa hàng", "step": "capture", "message": "Capturing posinset=7 (7/∞)…", "data": {"w": 0}, "seq": 32997}
{"ts": "2026-05-01T17:01:37.497746+00:00", "level": "INFO", "jobId": "924c957a-3cde-4959-ae5c-e2862c1bc4ac", "keyword": "khai trương cửa hàng", "step": "capture", "message": "Saved post_007.png (posinset=7)", "data": {"w": 0}, "seq": 32999}
{"ts": "2026-05-01T17:01:37.499231+00:00", "level": "INFO", "jobId": "924c957a-3cde-4959-ae5c-e2862c1bc4ac", "keyword": "khai trương cửa hàng", "step": "cooldown", "message": "Cooldown 1.0s (after capture)", "data": {"w": 0}, "seq": 33000}
{"ts": "2026-05-01T17:01:38.511037+00:00", "level": "INFO", "jobId": "924c957a-3cde-4959-ae5c-e2862c1bc4ac", "keyword": "khai trương cửa hàng", "step": "capture", "message": "Capturing posinset=8 (8/∞)…", "data": {"w": 0}, "seq": 33003}
{"ts": "2026-05-01T17:01:39.731731+00:00", "level": "INFO", "jobId": "924c957a-3cde-4959-ae5c-e2862c1bc4ac", "keyword": "khai trương cửa hàng", "step": "capture", "message": "Saved post_008.png (posinset=8)", "data": {"w": 0}, "seq": 33006}
{"ts": "2026-05-01T17:01:39.732730+00:00", "level": "INFO", "jobId": "924c957a-3cde-4959-ae5c-e2862c1bc4ac", "keyword": "khai trương cửa hàng", "step": "cooldown", "message": "Cooldown 1.0s (after capture)", "data": {"w": 0}, "seq": 33007}
{"ts": "2026-05-01T17:01:40.748740+00:00", "level": "INFO", "jobId": "924c957a-3cde-4959-ae5c-e2862c1bc4ac", "keyword": "khai trương cửa hàng", "step": "capture", "message": "Capturing posinset=9 (9/∞)…", "data": {"w": 0}, "seq": 33008}
{"ts": "2026-05-01T17:01:41.831562+00:00", "level": "INFO", "jobId": "924c957a-3cde-4959-ae5c-e2862c1bc4ac", "keyword": "khai trương cửa hàng", "step": "capture", "message": "Saved post_009.png (posinset=9)", "data": {"w": 0}, "seq": 33011}
{"ts": "2026-05-01T17:01:41.833042+00:00", "level": "INFO", "jobId": "924c957a-3cde-4959-ae5c-e2862c1bc4ac", "keyword": "khai trương cửa hàng", "step": "cooldown", "message": "Cooldown 1.0s (after capture)", "data": {"w": 0}, "seq": 33012}
{"ts": "2026-05-01T17:01:42.848919+00:00", "level": "INFO", "jobId": "924c957a-3cde-4959-ae5c-e2862c1bc4ac", "keyword": "khai trương cửa hàng", "step": "capture", "message": "Capturing posinset=10 (10/∞)…", "data": {"w": 0}, "seq": 33014}
{"ts": "2026-05-01T17:01:43.979690+00:00", "level": "INFO", "jobId": "924c957a-3cde-4959-ae5c-e2862c1bc4ac", "keyword": "khai trương cửa hàng", "step": "capture", "message": "Saved post_010.png (posinset=10)", "data": {"w": 0}, "seq": 33018}
{"ts": "2026-05-01T17:01:43.980687+00:00", "level": "INFO", "jobId": "924c957a-3cde-4959-ae5c-e2862c1bc4ac", "keyword": "khai trương cửa hàng", "step": "cooldown", "message": "Cooldown 1.0s (after capture)", "data": {"w": 0}, "seq": 33019}
{"ts": "2026-05-01T17:01:45.146192+00:00", "level": "INFO", "jobId": "924c957a-3cde-4959-ae5c-e2862c1bc4ac", "keyword": "khai trương cửa hàng", "step": "capture", "message": "Capturing posinset=11 (11/∞)…", "data": {"w": 0}, "seq": 33023}
{"ts": "2026-05-01T17:01:46.866665+00:00", "level": "INFO", "jobId": "924c957a-3cde-4959-ae5c-e2862c1bc4ac", "keyword": "khai trương cửa hàng", "step": "capture", "message": "Saved post_011.png (posinset=11)", "data": {"w": 0}, "seq": 33024}
{"ts": "2026-05-01T17:01:46.868792+00:00", "level": "INFO", "jobId": "924c957a-3cde-4959-ae5c-e2862c1bc4ac", "keyword": "khai trương cửa hàng", "step": "cooldown", "message": "Cooldown 1.0s (after capture)", "data": {"w": 0}, "seq": 33025}
{"ts": "2026-05-01T17:01:47.878798+00:00", "level": "INFO", "jobId": "924c957a-3cde-4959-ae5c-e2862c1bc4ac", "keyword": "khai trương cửa hàng", "step": "capture", "message": "Capturing posinset=12 (12/∞)…", "data": {"w": 0}, "seq": 33027}
{"ts": "2026-05-01T17:01:49.041263+00:00", "level": "INFO", "jobId": "924c957a-3cde-4959-ae5c-e2862c1bc4ac", "keyword": "khai trương cửa hàng", "step": "capture", "message": "Saved post_012.png (posinset=12)", "data": {"w": 0}, "seq": 33030}
{"ts": "2026-05-01T17:01:49.043261+00:00", "level": "INFO", "jobId": "924c957a-3cde-4959-ae5c-e2862c1bc4ac", "keyword": "khai trương cửa hàng", "step": "cooldown", "message": "Cooldown 1.0s (after capture)", "data": {"w": 0}, "seq": 33031}
{"ts": "2026-05-01T17:01:50.063719+00:00", "level": "INFO", "jobId": "924c957a-3cde-4959-ae5c-e2862c1bc4ac", "keyword": "khai trương cửa hàng", "step": "heartbeat", "message": "Worker alive", "data": {"w": 0, "elapsed_s": 56}, "seq": 33033}
{"ts": "2026-05-01T17:01:50.064928+00:00", "level": "INFO", "jobId": "924c957a-3cde-4959-ae5c-e2862c1bc4ac", "keyword": "khai trương cửa hàng", "step": "capture", "message": "Capturing posinset=13 (13/∞)…", "data": {"w": 0}, "seq": 33034}
{"ts": "2026-05-01T17:01:51.229340+00:00", "level": "INFO", "jobId": "924c957a-3cde-4959-ae5c-e2862c1bc4ac", "keyword": "khai trương cửa hàng", "step": "capture", "message": "Saved post_013.png (posinset=13)", "data": {"w": 0}, "seq": 33035}
{"ts": "2026-05-01T17:01:51.230664+00:00", "level": "INFO", "jobId": "924c957a-3cde-4959-ae5c-e2862c1bc4ac", "keyword": "khai trương cửa hàng", "step": "cooldown", "message": "Cooldown 1.0s (after capture)", "data": {"w": 0}, "seq": 33036}
{"ts": "2026-05-01T17:01:52.246555+00:00", "level": "INFO", "jobId": "924c957a-3cde-4959-ae5c-e2862c1bc4ac", "keyword": "khai trương cửa hàng", "step": "capture", "message": "Capturing posinset=14 (14/∞)…", "data": {"w": 0}, "seq": 33039}
{"ts": "2026-05-01T17:01:54.387178+00:00", "level": "INFO", "jobId": "924c957a-3cde-4959-ae5c-e2862c1bc4ac", "keyword": "khai trương cửa hàng", "step": "capture", "message": "Saved post_014.png (posinset=14)", "data": {"w": 0}, "seq": 33043}
{"ts": "2026-05-01T17:01:54.388414+00:00", "level": "INFO", "jobId": "924c957a-3cde-4959-ae5c-e2862c1bc4ac", "keyword": "khai trương cửa hàng", "step": "cooldown", "message": "Cooldown 1.0s (after capture)", "data": {"w": 0}, "seq": 33044}
{"ts": "2026-05-01T17:01:55.406519+00:00", "level": "INFO", "jobId": "924c957a-3cde-4959-ae5c-e2862c1bc4ac", "keyword": "khai trương cửa hàng", "step": "capture", "message": "Capturing posinset=15 (15/∞)…", "data": {"w": 0}, "seq": 33049}
{"ts": "2026-05-01T17:01:56.438971+00:00", "level": "INFO", "jobId": "924c957a-3cde-4959-ae5c-e2862c1bc4ac", "keyword": "khai trương cửa hàng", "step": "capture", "message": "Saved post_015.png (posinset=15)", "data": {"w": 0}, "seq": 33051}
{"ts": "2026-05-01T17:01:56.445970+00:00", "level": "INFO", "jobId": "924c957a-3cde-4959-ae5c-e2862c1bc4ac", "keyword": "khai trương cửa hàng", "step": "cooldown", "message": "Cooldown 1.0s (after capture)", "data": {"w": 0}, "seq": 33052}
{"ts": "2026-05-01T17:01:57.500705+00:00", "level": "INFO", "jobId": "924c957a-3cde-4959-ae5c-e2862c1bc4ac", "keyword": "khai trương cửa hàng", "step": "capture", "message": "Capturing posinset=16 (16/∞)…", "data": {"w": 0}, "seq": 33053}
{"ts": "2026-05-01T17:02:01.426838+00:00", "level": "INFO", "jobId": "924c957a-3cde-4959-ae5c-e2862c1bc4ac", "keyword": "khai trương cửa hàng", "step": "capture", "message": "Capturing posinset=16 (16/∞)…", "data": {"w": 0}, "seq": 33059}
{"ts": "2026-05-01T17:02:02.628714+00:00", "level": "INFO", "jobId": "924c957a-3cde-4959-ae5c-e2862c1bc4ac", "keyword": "khai trương cửa hàng", "step": "capture", "message": "Saved post_016.png (posinset=16)", "data": {"w": 0}, "seq": 33064}
{"ts": "2026-05-01T17:02:02.630887+00:00", "level": "INFO", "jobId": "924c957a-3cde-4959-ae5c-e2862c1bc4ac", "keyword": "khai trương cửa hàng", "step": "cooldown", "message": "Cooldown 1.0s (after capture)", "data": {"w": 0}, "seq": 33065}
{"ts": "2026-05-01T17:02:03.648231+00:00", "level": "INFO", "jobId": "924c957a-3cde-4959-ae5c-e2862c1bc4ac", "keyword": "khai trương cửa hàng", "step": "capture", "message": "Capturing posinset=17 (17/∞)…", "data": {"w": 0}, "seq": 33067}
{"ts": "2026-05-01T17:02:05.012800+00:00", "level": "INFO", "jobId": "924c957a-3cde-4959-ae5c-e2862c1bc4ac", "keyword": "khai trương cửa hàng", "step": "capture", "message": "Saved post_017.png (posinset=17)", "data": {"w": 0}, "seq": 33068}
{"ts": "2026-05-01T17:02:05.013801+00:00", "level": "INFO", "jobId": "924c957a-3cde-4959-ae5c-e2862c1bc4ac", "keyword": "khai trương cửa hàng", "step": "cooldown", "message": "Cooldown 1.0s (after capture)", "data": {"w": 0}, "seq": 33069}
{"ts": "2026-05-01T17:02:06.035839+00:00", "level": "INFO", "jobId": "924c957a-3cde-4959-ae5c-e2862c1bc4ac", "keyword": "khai trương cửa hàng", "step": "heartbeat", "message": "Worker alive", "data": {"w": 0, "elapsed_s": 72}, "seq": 33070}
{"ts": "2026-05-01T17:02:06.035839+00:00", "level": "INFO", "jobId": "924c957a-3cde-4959-ae5c-e2862c1bc4ac", "keyword": "khai trương cửa hàng", "step": "capture", "message": "Capturing posinset=18 (18/∞)…", "data": {"w": 0}, "seq": 33071}
{"ts": "2026-05-01T17:02:07.559221+00:00", "level": "INFO", "jobId": "924c957a-3cde-4959-ae5c-e2862c1bc4ac", "keyword": "khai trương cửa hàng", "step": "capture", "message": "Saved post_018.png (posinset=18)", "data": {"w": 0}, "seq": 33077}
{"ts": "2026-05-01T17:02:07.559221+00:00", "level": "INFO", "jobId": "924c957a-3cde-4959-ae5c-e2862c1bc4ac", "keyword": "khai trương cửa hàng", "step": "cooldown", "message": "Cooldown 1.0s (after capture)", "data": {"w": 0}, "seq": 33078}
{"ts": "2026-05-01T17:02:08.585380+00:00", "level": "INFO", "jobId": "924c957a-3cde-4959-ae5c-e2862c1bc4ac", "keyword": "khai trương cửa hàng", "step": "capture", "message": "Capturing posinset=19 (19/∞)…", "data": {"w": 0}, "seq": 33082}
{"ts": "2026-05-01T17:02:10.111048+00:00", "level": "INFO", "jobId": "924c957a-3cde-4959-ae5c-e2862c1bc4ac", "keyword": "khai trương cửa hàng", "step": "capture", "message": "Saved post_019.png (posinset=19)", "data": {"w": 0}, "seq": 33084}
{"ts": "2026-05-01T17:02:10.111048+00:00", "level": "INFO", "jobId": "924c957a-3cde-4959-ae5c-e2862c1bc4ac", "keyword": "khai trương cửa hàng", "step": "cooldown", "message": "Cooldown 1.0s (after capture)", "data": {"w": 0}, "seq": 33085}
{"ts": "2026-05-01T17:02:11.127715+00:00", "level": "INFO", "jobId": "924c957a-3cde-4959-ae5c-e2862c1bc4ac", "keyword": "khai trương cửa hàng", "step": "capture", "message": "Capturing posinset=20 (20/∞)…", "data": {"w": 0}, "seq": 33090}
{"ts": "2026-05-01T17:02:12.699214+00:00", "level": "INFO", "jobId": "924c957a-3cde-4959-ae5c-e2862c1bc4ac", "keyword": "khai trương cửa hàng", "step": "capture", "message": "Saved post_020.png (posinset=20)", "data": {"w": 0}, "seq": 33094}
{"ts": "2026-05-01T17:02:12.700316+00:00", "level": "INFO", "jobId": "924c957a-3cde-4959-ae5c-e2862c1bc4ac", "keyword": "khai trương cửa hàng", "step": "cooldown", "message": "Cooldown 1.0s (after capture)", "data": {"w": 0}, "seq": 33095}
{"ts": "2026-05-01T17:02:13.723818+00:00", "level": "INFO", "jobId": "924c957a-3cde-4959-ae5c-e2862c1bc4ac", "keyword": "khai trương cửa hàng", "step": "capture", "message": "Capturing posinset=21 (21/∞)…", "data": {"w": 0}, "seq": 33096}
{"ts": "2026-05-01T17:02:15.163650+00:00", "level": "INFO", "jobId": "924c957a-3cde-4959-ae5c-e2862c1bc4ac", "keyword": "khai trương cửa hàng", "step": "capture", "message": "Saved post_021.png (posinset=21)", "data": {"w": 0}, "seq": 33099}
{"ts": "2026-05-01T17:02:15.164740+00:00", "level": "INFO", "jobId": "924c957a-3cde-4959-ae5c-e2862c1bc4ac", "keyword": "khai trương cửa hàng", "step": "cooldown", "message": "Cooldown 1.0s (after capture)", "data": {"w": 0}, "seq": 33100}
{"ts": "2026-05-01T17:02:16.179356+00:00", "level": "INFO", "jobId": "924c957a-3cde-4959-ae5c-e2862c1bc4ac", "keyword": "khai trương cửa hàng", "step": "capture", "message": "Capturing posinset=22 (22/∞)…", "data": {"w": 0}, "seq": 33104}
{"ts": "2026-05-01T17:02:17.647392+00:00", "level": "INFO", "jobId": "924c957a-3cde-4959-ae5c-e2862c1bc4ac", "keyword": "khai trương cửa hàng", "step": "capture", "message": "Saved post_022.png (posinset=22)", "data": {"w": 0}, "seq": 33106}
{"ts": "2026-05-01T17:02:17.649396+00:00", "level": "INFO", "jobId": "924c957a-3cde-4959-ae5c-e2862c1bc4ac", "keyword": "khai trương cửa hàng", "step": "cooldown", "message": "Cooldown 1.0s (after capture)", "data": {"w": 0}, "seq": 33107}
{"ts": "2026-05-01T17:02:19.220300+00:00", "level": "INFO", "jobId": "924c957a-3cde-4959-ae5c-e2862c1bc4ac", "keyword": "khai trương cửa hàng", "step": "capture", "message": "Capturing posinset=23 (23/∞)…", "data": {"w": 0}, "seq": 33110}
{"ts": "2026-05-01T17:02:21.695910+00:00", "level": "INFO", "jobId": "924c957a-3cde-4959-ae5c-e2862c1bc4ac", "keyword": "khai trương cửa hàng", "step": "capture", "message": "Saved post_023.png (posinset=23)", "data": {"w": 0}, "seq": 33116}
{"ts": "2026-05-01T17:02:21.697911+00:00", "level": "INFO", "jobId": "924c957a-3cde-4959-ae5c-e2862c1bc4ac", "keyword": "khai trương cửa hàng", "step": "cooldown", "message": "Cooldown 1.0s (after capture)", "data": {"w": 0}, "seq": 33117}
{"ts": "2026-05-01T17:02:22.705812+00:00", "level": "INFO", "jobId": "924c957a-3cde-4959-ae5c-e2862c1bc4ac", "keyword": "khai trương cửa hàng", "step": "heartbeat", "message": "Worker alive", "data": {"w": 0, "elapsed_s": 88}, "seq": 33120}
{"ts": "2026-05-01T17:02:22.705812+00:00", "level": "INFO", "jobId": "924c957a-3cde-4959-ae5c-e2862c1bc4ac", "keyword": "khai trương cửa hàng", "step": "capture", "message": "Capturing posinset=24 (24/∞)…", "data": {"w": 0}, "seq": 33121}
{"ts": "2026-05-01T17:02:23.856878+00:00", "level": "INFO", "jobId": "924c957a-3cde-4959-ae5c-e2862c1bc4ac", "keyword": "khai trương cửa hàng", "step": "capture", "message": "Saved post_024.png (posinset=24)", "data": {"w": 0}, "seq": 33123}
{"ts": "2026-05-01T17:02:23.858883+00:00", "level": "INFO", "jobId": "924c957a-3cde-4959-ae5c-e2862c1bc4ac", "keyword": "khai trương cửa hàng", "step": "cooldown", "message": "Cooldown 1.0s (after capture)", "data": {"w": 0}, "seq": 33124}
{"ts": "2026-05-01T17:02:24.891813+00:00", "level": "INFO", "jobId": "924c957a-3cde-4959-ae5c-e2862c1bc4ac", "keyword": "khai trương cửa hàng", "step": "capture", "message": "Capturing posinset=25 (25/∞)…", "data": {"w": 0}, "seq": 33125}
{"ts": "2026-05-01T17:02:27.374806+00:00", "level": "INFO", "jobId": "924c957a-3cde-4959-ae5c-e2862c1bc4ac", "keyword": "khai trương cửa hàng", "step": "capture", "message": "Saved post_025.png (posinset=25)", "data": {"w": 0}, "seq": 33129}
{"ts": "2026-05-01T17:02:27.377314+00:00", "level": "INFO", "jobId": "924c957a-3cde-4959-ae5c-e2862c1bc4ac", "keyword": "khai trương cửa hàng", "step": "cooldown", "message": "Cooldown 1.0s (after capture)", "data": {"w": 0}, "seq": 33130}
{"ts": "2026-05-01T17:02:28.399683+00:00", "level": "INFO", "jobId": "924c957a-3cde-4959-ae5c-e2862c1bc4ac", "keyword": "khai trương cửa hàng", "step": "capture", "message": "Capturing posinset=26 (26/∞)…", "data": {"w": 0}, "seq": 33133}
{"ts": "2026-05-01T17:02:31.251548+00:00", "level": "INFO", "jobId": "924c957a-3cde-4959-ae5c-e2862c1bc4ac", "keyword": "khai trương cửa hàng", "step": "capture", "message": "Saved post_026.png (posinset=26)", "data": {"w": 0}, "seq": 33136}
{"ts": "2026-05-01T17:02:31.253567+00:00", "level": "INFO", "jobId": "924c957a-3cde-4959-ae5c-e2862c1bc4ac", "keyword": "khai trương cửa hàng", "step": "cooldown", "message": "Cooldown 1.0s (after capture)", "data": {"w": 0}, "seq": 33137}
{"ts": "2026-05-01T17:02:32.285939+00:00", "level": "INFO", "jobId": "924c957a-3cde-4959-ae5c-e2862c1bc4ac", "keyword": "khai trương cửa hàng", "step": "capture", "message": "Capturing posinset=27 (27/∞)…", "data": {"w": 0}, "seq": 33140}
{"ts": "2026-05-01T17:02:33.733498+00:00", "level": "INFO", "jobId": "924c957a-3cde-4959-ae5c-e2862c1bc4ac", "keyword": "khai trương cửa hàng", "step": "capture", "message": "Saved post_027.png (posinset=27)", "data": {"w": 0}, "seq": 33142}
{"ts": "2026-05-01T17:02:33.735519+00:00", "level": "INFO", "jobId": "924c957a-3cde-4959-ae5c-e2862c1bc4ac", "keyword": "khai trương cửa hàng", "step": "cooldown", "message": "Cooldown 1.0s (after capture)", "data": {"w": 0}, "seq": 33143}
{"ts": "2026-05-01T17:02:34.754630+00:00", "level": "INFO", "jobId": "924c957a-3cde-4959-ae5c-e2862c1bc4ac", "keyword": "khai trương cửa hàng", "step": "capture", "message": "Capturing posinset=28 (28/∞)…", "data": {"w": 0}, "seq": 33146}
{"ts": "2026-05-01T17:02:36.613677+00:00", "level": "INFO", "jobId": "924c957a-3cde-4959-ae5c-e2862c1bc4ac", "keyword": "khai trương cửa hàng", "step": "capture", "message": "Saved post_028.png (posinset=28)", "data": {"w": 0}, "seq": 33152}
{"ts": "2026-05-01T17:02:36.613677+00:00", "level": "INFO", "jobId": "924c957a-3cde-4959-ae5c-e2862c1bc4ac", "keyword": "khai trương cửa hàng", "step": "cooldown", "message": "Cooldown 1.0s (after capture)", "data": {"w": 0}, "seq": 33153}
{"ts": "2026-05-01T17:02:37.631945+00:00", "level": "INFO", "jobId": "924c957a-3cde-4959-ae5c-e2862c1bc4ac", "keyword": "khai trương cửa hàng", "step": "capture", "message": "Capturing posinset=29 (29/∞)…", "data": {"w": 0}, "seq": 33154}
{"ts": "2026-05-01T17:02:39.248145+00:00", "level": "INFO", "jobId": "924c957a-3cde-4959-ae5c-e2862c1bc4ac", "keyword": "khai trương cửa hàng", "step": "capture", "message": "Saved post_029.png (posinset=29)", "data": {"w": 0}, "seq": 33155}
{"ts": "2026-05-01T17:02:39.248490+00:00", "level": "INFO", "jobId": "924c957a-3cde-4959-ae5c-e2862c1bc4ac", "keyword": "khai trương cửa hàng", "step": "cooldown", "message": "Cooldown 1.0s (after capture)", "data": {"w": 0}, "seq": 33156}
{"ts": "2026-05-01T17:02:40.920195+00:00", "level": "INFO", "jobId": "924c957a-3cde-4959-ae5c-e2862c1bc4ac", "keyword": "khai trương cửa hàng", "step": "heartbeat", "message": "Worker alive", "data": {"w": 0, "elapsed_s": 106}, "seq": 33161}
{"ts": "2026-05-01T17:02:40.922197+00:00", "level": "INFO", "jobId": "924c957a-3cde-4959-ae5c-e2862c1bc4ac", "keyword": "khai trương cửa hàng", "step": "capture", "message": "Capturing posinset=30 (30/∞)…", "data": {"w": 0}, "seq": 33162}
{"ts": "2026-05-01T17:02:46.323247+00:00", "level": "INFO", "jobId": "924c957a-3cde-4959-ae5c-e2862c1bc4ac", "keyword": "khai trương cửa hàng", "step": "capture", "message": "Saved post_030.png (posinset=30)", "data": {"w": 0}, "seq": 33169}
{"ts": "2026-05-01T17:02:46.323247+00:00", "level": "INFO", "jobId": "924c957a-3cde-4959-ae5c-e2862c1bc4ac", "keyword": "khai trương cửa hàng", "step": "cooldown", "message": "Cooldown 1.0s (after capture)", "data": {"w": 0}, "seq": 33170}
{"ts": "2026-05-01T17:02:47.351645+00:00", "level": "INFO", "jobId": "924c957a-3cde-4959-ae5c-e2862c1bc4ac", "keyword": "khai trương cửa hàng", "step": "capture", "message": "Capturing posinset=31 (31/∞)…", "data": {"w": 0}, "seq": 33174}
{"ts": "2026-05-01T17:02:48.996004+00:00", "level": "INFO", "jobId": "924c957a-3cde-4959-ae5c-e2862c1bc4ac", "keyword": "khai trương cửa hàng", "step": "capture", "message": "Saved post_031.png (posinset=31)", "data": {"w": 0}, "seq": 33177}
{"ts": "2026-05-01T17:02:48.997173+00:00", "level": "INFO", "jobId": "924c957a-3cde-4959-ae5c-e2862c1bc4ac", "keyword": "khai trương cửa hàng", "step": "cooldown", "message": "Cooldown 1.0s (after capture)", "data": {"w": 0}, "seq": 33178}
{"ts": "2026-05-01T17:02:50.041343+00:00", "level": "INFO", "jobId": "924c957a-3cde-4959-ae5c-e2862c1bc4ac", "keyword": "khai trương cửa hàng", "step": "capture", "message": "Capturing posinset=32 (32/∞)…", "data": {"w": 0}, "seq": 33180}
{"ts": "2026-05-01T17:02:51.573700+00:00", "level": "INFO", "jobId": "924c957a-3cde-4959-ae5c-e2862c1bc4ac", "keyword": "khai trương cửa hàng", "step": "capture", "message": "Saved post_032.png (posinset=32)", "data": {"w": 0}, "seq": 33185}
{"ts": "2026-05-01T17:02:51.574700+00:00", "level": "INFO", "jobId": "924c957a-3cde-4959-ae5c-e2862c1bc4ac", "keyword": "khai trương cửa hàng", "step": "cooldown", "message": "Cooldown 1.0s (after capture)", "data": {"w": 0}, "seq": 33186}
{"ts": "2026-05-01T17:02:52.579929+00:00", "level": "INFO", "jobId": "924c957a-3cde-4959-ae5c-e2862c1bc4ac", "keyword": "khai trương cửa hàng", "step": "capture", "message": "Capturing posinset=33 (33/∞)…", "data": {"w": 0}, "seq": 33190}
{"ts": "2026-05-01T17:02:54.774908+00:00", "level": "INFO", "jobId": "924c957a-3cde-4959-ae5c-e2862c1bc4ac", "keyword": "khai trương cửa hàng", "step": "capture", "message": "Saved post_033.png (posinset=33)", "data": {"w": 0}, "seq": 33193}
{"ts": "2026-05-01T17:02:54.785410+00:00", "level": "INFO", "jobId": "924c957a-3cde-4959-ae5c-e2862c1bc4ac", "keyword": "khai trương cửa hàng", "step": "cooldown", "message": "Cooldown 1.0s (after capture)", "data": {"w": 0}, "seq": 33194}
{"ts": "2026-05-01T17:02:55.813914+00:00", "level": "INFO", "jobId": "924c957a-3cde-4959-ae5c-e2862c1bc4ac", "keyword": "khai trương cửa hàng", "step": "capture", "message": "Capturing posinset=34 (34/∞)…", "data": {"w": 0}, "seq": 33198}
{"ts": "2026-05-01T17:02:57.890756+00:00", "level": "INFO", "jobId": "924c957a-3cde-4959-ae5c-e2862c1bc4ac", "keyword": "khai trương cửa hàng", "step": "capture", "message": "Saved post_034.png (posinset=34)", "data": {"w": 0}, "seq": 33200}
{"ts": "2026-05-01T17:02:57.901123+00:00", "level": "INFO", "jobId": "924c957a-3cde-4959-ae5c-e2862c1bc4ac", "keyword": "khai trương cửa hàng", "step": "cooldown", "message": "Cooldown 1.0s (after capture)", "data": {"w": 0}, "seq": 33201}
{"ts": "2026-05-01T17:02:58.933378+00:00", "level": "INFO", "jobId": "924c957a-3cde-4959-ae5c-e2862c1bc4ac", "keyword": "khai trương cửa hàng", "step": "heartbeat", "message": "Worker alive", "data": {"w": 0, "elapsed_s": 124}, "seq": 33204}
{"ts": "2026-05-01T17:02:58.934585+00:00", "level": "INFO", "jobId": "924c957a-3cde-4959-ae5c-e2862c1bc4ac", "keyword": "khai trương cửa hàng", "step": "capture", "message": "Capturing posinset=35 (35/∞)…", "data": {"w": 0}, "seq": 33205}
{"ts": "2026-05-01T17:03:00.890351+00:00", "level": "INFO", "jobId": "924c957a-3cde-4959-ae5c-e2862c1bc4ac", "keyword": "khai trương cửa hàng", "step": "capture", "message": "Saved post_035.png (posinset=35)", "data": {"w": 0}, "seq": 33207}
{"ts": "2026-05-01T17:03:00.892351+00:00", "level": "INFO", "jobId": "924c957a-3cde-4959-ae5c-e2862c1bc4ac", "keyword": "khai trương cửa hàng", "step": "cooldown", "message": "Cooldown 1.0s (after capture)", "data": {"w": 0}, "seq": 33208}
{"ts": "2026-05-01T17:03:01.913354+00:00", "level": "INFO", "jobId": "924c957a-3cde-4959-ae5c-e2862c1bc4ac", "keyword": "khai trương cửa hàng", "step": "capture", "message": "Capturing posinset=36 (36/∞)…", "data": {"w": 0}, "seq": 33211}
{"ts": "2026-05-01T17:03:03.770062+00:00", "level": "INFO", "jobId": "924c957a-3cde-4959-ae5c-e2862c1bc4ac", "keyword": "khai trương cửa hàng", "step": "capture", "message": "Saved post_036.png (posinset=36)", "data": {"w": 0}, "seq": 33214}
{"ts": "2026-05-01T17:03:03.775087+00:00", "level": "INFO", "jobId": "924c957a-3cde-4959-ae5c-e2862c1bc4ac", "keyword": "khai trương cửa hàng", "step": "cooldown", "message": "Cooldown 1.0s (after capture)", "data": {"w": 0}, "seq": 33215}
{"ts": "2026-05-01T17:03:04.824938+00:00", "level": "INFO", "jobId": "924c957a-3cde-4959-ae5c-e2862c1bc4ac", "keyword": "khai trương cửa hàng", "step": "capture", "message": "Capturing posinset=37 (37/∞)…", "data": {"w": 0}, "seq": 33217}
{"ts": "2026-05-01T17:03:08.540761+00:00", "level": "INFO", "jobId": "924c957a-3cde-4959-ae5c-e2862c1bc4ac", "keyword": "khai trương cửa hàng", "step": "capture", "message": "Saved post_037.png (posinset=37)", "data": {"w": 0}, "seq": 33223}
{"ts": "2026-05-01T17:03:08.542080+00:00", "level": "INFO", "jobId": "924c957a-3cde-4959-ae5c-e2862c1bc4ac", "keyword": "khai trương cửa hàng", "step": "cooldown", "message": "Cooldown 1.0s (after capture)", "data": {"w": 0}, "seq": 33224}
{"ts": "2026-05-01T17:03:09.561129+00:00", "level": "INFO", "jobId": "924c957a-3cde-4959-ae5c-e2862c1bc4ac", "keyword": "khai trương cửa hàng", "step": "capture", "message": "Capturing posinset=38 (38/∞)…", "data": {"w": 0}, "seq": 33226}
{"ts": "2026-05-01T17:03:11.022774+00:00", "level": "INFO", "jobId": "924c957a-3cde-4959-ae5c-e2862c1bc4ac", "keyword": "khai trương cửa hàng", "step": "capture", "message": "Saved post_038.png (posinset=38)", "data": {"w": 0}, "seq": 33227}
{"ts": "2026-05-01T17:03:11.024779+00:00", "level": "INFO", "jobId": "924c957a-3cde-4959-ae5c-e2862c1bc4ac", "keyword": "khai trương cửa hàng", "step": "cooldown", "message": "Cooldown 1.0s (after capture)", "data": {"w": 0}, "seq": 33228}
{"ts": "2026-05-01T17:03:12.055485+00:00", "level": "INFO", "jobId": "924c957a-3cde-4959-ae5c-e2862c1bc4ac", "keyword": "khai trương cửa hàng", "step": "capture", "message": "Capturing posinset=39 (39/∞)…", "data": {"w": 0}, "seq": 33231}
{"ts": "2026-05-01T17:03:16.447322+00:00", "level": "INFO", "jobId": "924c957a-3cde-4959-ae5c-e2862c1bc4ac", "keyword": "khai trương cửa hàng", "step": "heartbeat", "message": "Worker alive", "data": {"w": 0, "elapsed_s": 142}, "seq": 33233}
{"ts": "2026-05-01T17:03:16.448747+00:00", "level": "INFO", "jobId": "924c957a-3cde-4959-ae5c-e2862c1bc4ac", "keyword": "khai trương cửa hàng", "step": "capture", "message": "Capturing posinset=39 (39/∞)…", "data": {"w": 0}, "seq": 33234}
{"ts": "2026-05-01T17:03:18.513982+00:00", "level": "INFO", "jobId": "924c957a-3cde-4959-ae5c-e2862c1bc4ac", "keyword": "khai trương cửa hàng", "step": "capture", "message": "Saved post_039.png (posinset=39)", "data": {"w": 0}, "seq": 33235}
{"ts": "2026-05-01T17:03:18.516308+00:00", "level": "INFO", "jobId": "924c957a-3cde-4959-ae5c-e2862c1bc4ac", "keyword": "khai trương cửa hàng", "step": "cooldown", "message": "Cooldown 1.0s (after capture)", "data": {"w": 0}, "seq": 33236}
{"ts": "2026-05-01T17:03:19.551204+00:00", "level": "INFO", "jobId": "924c957a-3cde-4959-ae5c-e2862c1bc4ac", "keyword": "khai trương cửa hàng", "step": "capture", "message": "Capturing posinset=40 (40/∞)…", "data": {"w": 0}, "seq": 33237}
{"ts": "2026-05-01T17:03:21.820177+00:00", "level": "INFO", "jobId": "924c957a-3cde-4959-ae5c-e2862c1bc4ac", "keyword": "khai trương cửa hàng", "step": "capture", "message": "Saved post_040.png (posinset=40)", "data": {"w": 0}, "seq": 33242}
{"ts": "2026-05-01T17:03:21.821188+00:00", "level": "INFO", "jobId": "924c957a-3cde-4959-ae5c-e2862c1bc4ac", "keyword": "khai trương cửa hàng", "step": "cooldown", "message": "Cooldown 1.0s (after capture)", "data": {"w": 0}, "seq": 33243}
{"ts": "2026-05-01T17:03:22.851807+00:00", "level": "INFO", "jobId": "924c957a-3cde-4959-ae5c-e2862c1bc4ac", "keyword": "khai trương cửa hàng", "step": "capture", "message": "Capturing posinset=41 (41/∞)…", "data": {"w": 0}, "seq": 33248}
{"ts": "2026-05-01T17:03:25.434808+00:00", "level": "INFO", "jobId": "924c957a-3cde-4959-ae5c-e2862c1bc4ac", "keyword": "khai trương cửa hàng", "step": "capture", "message": "Saved post_041.png (posinset=41)", "data": {"w": 0}, "seq": 33249}
{"ts": "2026-05-01T17:03:25.434808+00:00", "level": "INFO", "jobId": "924c957a-3cde-4959-ae5c-e2862c1bc4ac", "keyword": "khai trương cửa hàng", "step": "cooldown", "message": "Cooldown 1.0s (after capture)", "data": {"w": 0}, "seq": 33250}
{"ts": "2026-05-01T17:03:26.465138+00:00", "level": "INFO", "jobId": "924c957a-3cde-4959-ae5c-e2862c1bc4ac", "keyword": "khai trương cửa hàng", "step": "capture", "message": "Capturing posinset=42 (42/∞)…", "data": {"w": 0}, "seq": 33253}
{"ts": "2026-05-01T17:03:28.255240+00:00", "level": "INFO", "jobId": "924c957a-3cde-4959-ae5c-e2862c1bc4ac", "keyword": "khai trương cửa hàng", "step": "capture", "message": "Saved post_042.png (posinset=42)", "data": {"w": 0}, "seq": 33255}
{"ts": "2026-05-01T17:03:28.256445+00:00", "level": "INFO", "jobId": "924c957a-3cde-4959-ae5c-e2862c1bc4ac", "keyword": "khai trương cửa hàng", "step": "cooldown", "message": "Cooldown 1.0s (after capture)", "data": {"w": 0}, "seq": 33256}
{"ts": "2026-05-01T17:03:29.279804+00:00", "level": "INFO", "jobId": "924c957a-3cde-4959-ae5c-e2862c1bc4ac", "keyword": "khai trương cửa hàng", "step": "capture", "message": "Capturing posinset=43 (43/∞)…", "data": {"w": 0}, "seq": 33259}
{"ts": "2026-05-01T17:03:30.802653+00:00", "level": "INFO", "jobId": "924c957a-3cde-4959-ae5c-e2862c1bc4ac", "keyword": "khai trương cửa hàng", "step": "capture", "message": "Saved post_043.png (posinset=43)", "data": {"w": 0}, "seq": 33261}
{"ts": "2026-05-01T17:03:30.802653+00:00", "level": "INFO", "jobId": "924c957a-3cde-4959-ae5c-e2862c1bc4ac", "keyword": "khai trương cửa hàng", "step": "cooldown", "message": "Cooldown 1.0s (after capture)", "data": {"w": 0}, "seq": 33262}
{"ts": "2026-05-01T17:03:31.845916+00:00", "level": "INFO", "jobId": "924c957a-3cde-4959-ae5c-e2862c1bc4ac", "keyword": "khai trương cửa hàng", "step": "heartbeat", "message": "Worker alive", "data": {"w": 0, "elapsed_s": 157}, "seq": 33263}
{"ts": "2026-05-01T17:03:31.847925+00:00", "level": "INFO", "jobId": "924c957a-3cde-4959-ae5c-e2862c1bc4ac", "keyword": "khai trương cửa hàng", "step": "capture", "message": "Capturing posinset=44 (44/∞)…", "data": {"w": 0}, "seq": 33264}
{"ts": "2026-05-01T17:03:34.186675+00:00", "level": "INFO", "jobId": "924c957a-3cde-4959-ae5c-e2862c1bc4ac", "keyword": "khai trương cửa hàng", "step": "capture", "message": "Capturing posinset=44 (44/∞)…", "data": {"w": 0}, "seq": 33268}
{"ts": "2026-05-01T17:03:36.574448+00:00", "level": "INFO", "jobId": "924c957a-3cde-4959-ae5c-e2862c1bc4ac", "keyword": "khai trương cửa hàng", "step": "capture", "message": "Saved post_044.png (posinset=44)", "data": {"w": 0}, "seq": 33271}
{"ts": "2026-05-01T17:03:36.576652+00:00", "level": "INFO", "jobId": "924c957a-3cde-4959-ae5c-e2862c1bc4ac", "keyword": "khai trương cửa hàng", "step": "cooldown", "message": "Cooldown 1.0s (after capture)", "data": {"w": 0}, "seq": 33272}
{"ts": "2026-05-01T17:03:37.616823+00:00", "level": "INFO", "jobId": "924c957a-3cde-4959-ae5c-e2862c1bc4ac", "keyword": "khai trương cửa hàng", "step": "capture", "message": "Capturing posinset=45 (45/∞)…", "data": {"w": 0}, "seq": 33275}
{"ts": "2026-05-01T17:03:39.467859+00:00", "level": "INFO", "jobId": "924c957a-3cde-4959-ae5c-e2862c1bc4ac", "keyword": "khai trương cửa hàng", "step": "capture", "message": "Saved post_045.png (posinset=45)", "data": {"w": 0}, "seq": 33278}
{"ts": "2026-05-01T17:03:39.468859+00:00", "level": "INFO", "jobId": "924c957a-3cde-4959-ae5c-e2862c1bc4ac", "keyword": "khai trương cửa hàng", "step": "cooldown", "message": "Cooldown 1.0s (after capture)", "data": {"w": 0}, "seq": 33279}
{"ts": "2026-05-01T17:03:40.491406+00:00", "level": "INFO", "jobId": "924c957a-3cde-4959-ae5c-e2862c1bc4ac", "keyword": "khai trương cửa hàng", "step": "capture", "message": "Capturing posinset=46 (46/∞)…", "data": {"w": 0}, "seq": 33284}
{"ts": "2026-05-01T17:03:42.328293+00:00", "level": "INFO", "jobId": "924c957a-3cde-4959-ae5c-e2862c1bc4ac", "keyword": "khai trương cửa hàng", "step": "capture", "message": "Saved post_046.png (posinset=46)", "data": {"w": 0}, "seq": 33286}
{"ts": "2026-05-01T17:03:42.330696+00:00", "level": "INFO", "jobId": "924c957a-3cde-4959-ae5c-e2862c1bc4ac", "keyword": "khai trương cửa hàng", "step": "cooldown", "message": "Cooldown 1.0s (after capture)", "data": {"w": 0}, "seq": 33287}
{"ts": "2026-05-01T17:03:43.355380+00:00", "level": "INFO", "jobId": "924c957a-3cde-4959-ae5c-e2862c1bc4ac", "keyword": "khai trương cửa hàng", "step": "capture", "message": "Capturing posinset=47 (47/∞)…", "data": {"w": 0}, "seq": 33290}
{"ts": "2026-05-01T17:03:44.937957+00:00", "level": "INFO", "jobId": "924c957a-3cde-4959-ae5c-e2862c1bc4ac", "keyword": "khai trương cửa hàng", "step": "capture", "message": "Saved post_047.png (posinset=47)", "data": {"w": 0}, "seq": 33294}
{"ts": "2026-05-01T17:03:44.939055+00:00", "level": "INFO", "jobId": "924c957a-3cde-4959-ae5c-e2862c1bc4ac", "keyword": "khai trương cửa hàng", "step": "cooldown", "message": "Cooldown 1.0s (after capture)", "data": {"w": 0}, "seq": 33295}
{"ts": "2026-05-01T17:03:45.977198+00:00", "level": "INFO", "jobId": "924c957a-3cde-4959-ae5c-e2862c1bc4ac", "keyword": "khai trương cửa hàng", "step": "capture", "message": "Capturing posinset=48 (48/∞)…", "data": {"w": 0}, "seq": 33297}
{"ts": "2026-05-01T17:03:47.636363+00:00", "level": "INFO", "jobId": "924c957a-3cde-4959-ae5c-e2862c1bc4ac", "keyword": "khai trương cửa hàng", "step": "capture", "message": "Saved post_048.png (posinset=48)", "data": {"w": 0}, "seq": 33298}
{"ts": "2026-05-01T17:03:47.637363+00:00", "level": "INFO", "jobId": "924c957a-3cde-4959-ae5c-e2862c1bc4ac", "keyword": "khai trương cửa hàng", "step": "cooldown", "message": "Cooldown 1.0s (after capture)", "data": {"w": 0}, "seq": 33299}
{"ts": "2026-05-01T17:03:48.876444+00:00", "level": "INFO", "jobId": "924c957a-3cde-4959-ae5c-e2862c1bc4ac", "keyword": "khai trương cửa hàng", "step": "heartbeat", "message": "Worker alive", "data": {"w": 0, "elapsed_s": 174}, "seq": 33304}
{"ts": "2026-05-01T17:03:48.876444+00:00", "level": "INFO", "jobId": "924c957a-3cde-4959-ae5c-e2862c1bc4ac", "keyword": "khai trương cửa hàng", "step": "capture", "message": "Capturing posinset=49 (49/∞)…", "data": {"w": 0}, "seq": 33305}
{"ts": "2026-05-01T17:03:51.365450+00:00", "level": "INFO", "jobId": "924c957a-3cde-4959-ae5c-e2862c1bc4ac", "keyword": "khai trương cửa hàng", "step": "capture", "message": "Saved post_049.png (posinset=49)", "data": {"w": 0}, "seq": 33310}
{"ts": "2026-05-01T17:03:51.366708+00:00", "level": "INFO", "jobId": "924c957a-3cde-4959-ae5c-e2862c1bc4ac", "keyword": "khai trương cửa hàng", "step": "cooldown", "message": "Cooldown 1.0s (after capture)", "data": {"w": 0}, "seq": 33311}
{"ts": "2026-05-01T17:03:52.414922+00:00", "level": "INFO", "jobId": "924c957a-3cde-4959-ae5c-e2862c1bc4ac", "keyword": "khai trương cửa hàng", "step": "capture", "message": "Capturing posinset=50 (50/∞)…", "data": {"w": 0}, "seq": 33313}
{"ts": "2026-05-01T17:03:57.116054+00:00", "level": "INFO", "jobId": "924c957a-3cde-4959-ae5c-e2862c1bc4ac", "keyword": "khai trương cửa hàng", "step": "capture", "message": "Saved post_050.png (posinset=50)", "data": {"w": 0}, "seq": 33317}
{"ts": "2026-05-01T17:03:57.116054+00:00", "level": "INFO", "jobId": "924c957a-3cde-4959-ae5c-e2862c1bc4ac", "keyword": "khai trương cửa hàng", "step": "cooldown", "message": "Cooldown 1.0s (after capture)", "data": {"w": 0}, "seq": 33318}
{"ts": "2026-05-01T17:03:58.161907+00:00", "level": "INFO", "jobId": "924c957a-3cde-4959-ae5c-e2862c1bc4ac", "keyword": "khai trương cửa hàng", "step": "capture", "message": "Capturing posinset=51 (51/∞)…", "data": {"w": 0}, "seq": 33319}
{"ts": "2026-05-01T17:04:00.488324+00:00", "level": "INFO", "jobId": "924c957a-3cde-4959-ae5c-e2862c1bc4ac", "keyword": "khai trương cửa hàng", "step": "capture", "message": "Saved post_051.png (posinset=51)", "data": {"w": 0}, "seq": 33324}
{"ts": "2026-05-01T17:04:00.492343+00:00", "level": "INFO", "jobId": "924c957a-3cde-4959-ae5c-e2862c1bc4ac", "keyword": "khai trương cửa hàng", "step": "cooldown", "message": "Cooldown 1.0s (after capture)", "data": {"w": 0}, "seq": 33325}
{"ts": "2026-05-01T17:04:01.509435+00:00", "level": "INFO", "jobId": "924c957a-3cde-4959-ae5c-e2862c1bc4ac", "keyword": "khai trương cửa hàng", "step": "capture", "message": "Capturing posinset=52 (52/∞)…", "data": {"w": 0}, "seq": 33329}
{"ts": "2026-05-01T17:04:03.311718+00:00", "level": "INFO", "jobId": "924c957a-3cde-4959-ae5c-e2862c1bc4ac", "keyword": "khai trương cửa hàng", "step": "capture", "message": "Saved post_052.png (posinset=52)", "data": {"w": 0}, "seq": 33333}
{"ts": "2026-05-01T17:04:03.313711+00:00", "level": "INFO", "jobId": "924c957a-3cde-4959-ae5c-e2862c1bc4ac", "keyword": "khai trương cửa hàng", "step": "cooldown", "message": "Cooldown 1.0s (after capture)", "data": {"w": 0}, "seq": 33334}
{"ts": "2026-05-01T17:04:04.350331+00:00", "level": "INFO", "jobId": "924c957a-3cde-4959-ae5c-e2862c1bc4ac", "keyword": "khai trương cửa hàng", "step": "heartbeat", "message": "Worker alive", "data": {"w": 0, "elapsed_s": 190}, "seq": 33335}
{"ts": "2026-05-01T17:04:04.350331+00:00", "level": "INFO", "jobId": "924c957a-3cde-4959-ae5c-e2862c1bc4ac", "keyword": "khai trương cửa hàng", "step": "capture", "message": "Capturing posinset=53 (53/∞)…", "data": {"w": 0}, "seq": 33336}
{"ts": "2026-05-01T17:04:06.342047+00:00", "level": "INFO", "jobId": "924c957a-3cde-4959-ae5c-e2862c1bc4ac", "keyword": "khai trương cửa hàng", "step": "capture", "message": "Saved post_053.png (posinset=53)", "data": {"w": 0}, "seq": 33338}
{"ts": "2026-05-01T17:04:06.344112+00:00", "level": "INFO", "jobId": "924c957a-3cde-4959-ae5c-e2862c1bc4ac", "keyword": "khai trương cửa hàng", "step": "cooldown", "message": "Cooldown 1.0s (after capture)", "data": {"w": 0}, "seq": 33339}
{"ts": "2026-05-01T17:04:08.055899+00:00", "level": "INFO", "jobId": "924c957a-3cde-4959-ae5c-e2862c1bc4ac", "keyword": "khai trương cửa hàng", "step": "capture", "message": "Capturing posinset=54 (54/∞)…", "data": {"w": 0}, "seq": 33345}
{"ts": "2026-05-01T17:04:10.499652+00:00", "level": "INFO", "jobId": "924c957a-3cde-4959-ae5c-e2862c1bc4ac", "keyword": "khai trương cửa hàng", "step": "capture", "message": "Saved post_054.png (posinset=54)", "data": {"w": 0}, "seq": 33347}
{"ts": "2026-05-01T17:04:10.502062+00:00", "level": "INFO", "jobId": "924c957a-3cde-4959-ae5c-e2862c1bc4ac", "keyword": "khai trương cửa hàng", "step": "cooldown", "message": "Cooldown 1.0s (after capture)", "data": {"w": 0}, "seq": 33348}
{"ts": "2026-05-01T17:04:11.545654+00:00", "level": "INFO", "jobId": "924c957a-3cde-4959-ae5c-e2862c1bc4ac", "keyword": "khai trương cửa hàng", "step": "capture", "message": "Capturing posinset=55 (55/∞)…", "data": {"w": 0}, "seq": 33351}
{"ts": "2026-05-01T17:04:13.316369+00:00", "level": "INFO", "jobId": "924c957a-3cde-4959-ae5c-e2862c1bc4ac", "keyword": "khai trương cửa hàng", "step": "capture", "message": "Saved post_055.png (posinset=55)", "data": {"w": 0}, "seq": 33356}
{"ts": "2026-05-01T17:04:13.317465+00:00", "level": "INFO", "jobId": "924c957a-3cde-4959-ae5c-e2862c1bc4ac", "keyword": "khai trương cửa hàng", "step": "cooldown", "message": "Cooldown 1.0s (after capture)", "data": {"w": 0}, "seq": 33357}
{"ts": "2026-05-01T17:04:14.365289+00:00", "level": "INFO", "jobId": "924c957a-3cde-4959-ae5c-e2862c1bc4ac", "keyword": "khai trương cửa hàng", "step": "capture", "message": "Capturing posinset=56 (56/∞)…", "data": {"w": 0}, "seq": 33358}
{"ts": "2026-05-01T17:04:19.524280+00:00", "level": "INFO", "jobId": "924c957a-3cde-4959-ae5c-e2862c1bc4ac", "keyword": "khai trương cửa hàng", "step": "capture", "message": "Saved post_056.png (posinset=56)", "data": {"w": 0}, "seq": 33365}
{"ts": "2026-05-01T17:04:19.525789+00:00", "level": "INFO", "jobId": "924c957a-3cde-4959-ae5c-e2862c1bc4ac", "keyword": "khai trương cửa hàng", "step": "cooldown", "message": "Cooldown 1.0s (after capture)", "data": {"w": 0}, "seq": 33366}
{"ts": "2026-05-01T17:04:20.567846+00:00", "level": "INFO", "jobId": "924c957a-3cde-4959-ae5c-e2862c1bc4ac", "keyword": "khai trương cửa hàng", "step": "heartbeat", "message": "Worker alive", "data": {"w": 0, "elapsed_s": 206}, "seq": 33368}
{"ts": "2026-05-01T17:04:20.569786+00:00", "level": "INFO", "jobId": "924c957a-3cde-4959-ae5c-e2862c1bc4ac", "keyword": "khai trương cửa hàng", "step": "capture", "message": "Capturing posinset=57 (57/∞)…", "data": {"w": 0}, "seq": 33369}
{"ts": "2026-05-01T17:04:22.444254+00:00", "level": "INFO", "jobId": "924c957a-3cde-4959-ae5c-e2862c1bc4ac", "keyword": "khai trương cửa hàng", "step": "capture", "message": "Saved post_057.png (posinset=57)", "data": {"w": 0}, "seq": 33370}
{"ts": "2026-05-01T17:04:22.445755+00:00", "level": "INFO", "jobId": "924c957a-3cde-4959-ae5c-e2862c1bc4ac", "keyword": "khai trương cửa hàng", "step": "cooldown", "message": "Cooldown 1.0s (after capture)", "data": {"w": 0}, "seq": 33371}
{"ts": "2026-05-01T17:04:23.477308+00:00", "level": "INFO", "jobId": "924c957a-3cde-4959-ae5c-e2862c1bc4ac", "keyword": "khai trương cửa hàng", "step": "capture", "message": "Capturing posinset=58 (58/∞)…", "data": {"w": 0}, "seq": 33374}
{"ts": "2026-05-01T17:04:35.360586+00:00", "level": "INFO", "jobId": "924c957a-3cde-4959-ae5c-e2862c1bc4ac", "keyword": "khai trương cửa hàng", "step": "capture", "message": "Saved post_058.png (posinset=58)", "data": {"w": 0}, "seq": 33388}
{"ts": "2026-05-01T17:04:35.361590+00:00", "level": "INFO", "jobId": "924c957a-3cde-4959-ae5c-e2862c1bc4ac", "keyword": "khai trương cửa hàng", "step": "cooldown", "message": "Cooldown 1.0s (after capture)", "data": {"w": 0}, "seq": 33389}
{"ts": "2026-05-01T17:04:36.546273+00:00", "level": "INFO", "jobId": "924c957a-3cde-4959-ae5c-e2862c1bc4ac", "keyword": "khai trương cửa hàng", "step": "heartbeat", "message": "Worker alive", "data": {"w": 0, "elapsed_s": 222}, "seq": 33393}
{"ts": "2026-05-01T17:04:36.547273+00:00", "level": "INFO", "jobId": "924c957a-3cde-4959-ae5c-e2862c1bc4ac", "keyword": "khai trương cửa hàng", "step": "capture", "message": "Capturing posinset=59 (59/∞)…", "data": {"w": 0}, "seq": 33394}
{"ts": "2026-05-01T17:04:41.014233+00:00", "level": "INFO", "jobId": "924c957a-3cde-4959-ae5c-e2862c1bc4ac", "keyword": "khai trương cửa hàng", "step": "capture", "message": "Saved post_059.png (posinset=59)", "data": {"w": 0}, "seq": 33397}
{"ts": "2026-05-01T17:04:41.016112+00:00", "level": "INFO", "jobId": "924c957a-3cde-4959-ae5c-e2862c1bc4ac", "keyword": "khai trương cửa hàng", "step": "cooldown", "message": "Cooldown 1.0s (after capture)", "data": {"w": 0}, "seq": 33398}
{"ts": "2026-05-01T17:04:42.280002+00:00", "level": "INFO", "jobId": "924c957a-3cde-4959-ae5c-e2862c1bc4ac", "keyword": "khai trương cửa hàng", "step": "capture", "message": "Capturing posinset=60 (60/∞)…", "data": {"w": 0}, "seq": 33400}
{"ts": "2026-05-01T17:04:45.677546+00:00", "level": "INFO", "jobId": "924c957a-3cde-4959-ae5c-e2862c1bc4ac", "keyword": "khai trương cửa hàng", "step": "capture", "message": "Saved post_060.png (posinset=60)", "data": {"w": 0}, "seq": 33401}
{"ts": "2026-05-01T17:04:45.678545+00:00", "level": "INFO", "jobId": "924c957a-3cde-4959-ae5c-e2862c1bc4ac", "keyword": "khai trương cửa hàng", "step": "cooldown", "message": "Cooldown 1.0s (after capture)", "data": {"w": 0}, "seq": 33402}
{"ts": "2026-05-01T17:04:46.758673+00:00", "level": "INFO", "jobId": "924c957a-3cde-4959-ae5c-e2862c1bc4ac", "keyword": "khai trương cửa hàng", "step": "capture", "message": "Capturing posinset=61 (61/∞)…", "data": {"w": 0}, "seq": 33405}
{"ts": "2026-05-01T17:04:50.958677+00:00", "level": "INFO", "jobId": "924c957a-3cde-4959-ae5c-e2862c1bc4ac", "keyword": "khai trương cửa hàng", "step": "capture", "message": "Saved post_061.png (posinset=61)", "data": {"w": 0}, "seq": 33410}
{"ts": "2026-05-01T17:04:50.962677+00:00", "level": "INFO", "jobId": "924c957a-3cde-4959-ae5c-e2862c1bc4ac", "keyword": "khai trương cửa hàng", "step": "cooldown", "message": "Cooldown 1.0s (after capture)", "data": {"w": 0}, "seq": 33411}
{"ts": "2026-05-01T17:04:52.042207+00:00", "level": "INFO", "jobId": "924c957a-3cde-4959-ae5c-e2862c1bc4ac", "keyword": "khai trương cửa hàng", "step": "heartbeat", "message": "Worker alive", "data": {"w": 0, "elapsed_s": 238}, "seq": 33412}
{"ts": "2026-05-01T17:04:52.044215+00:00", "level": "INFO", "jobId": "924c957a-3cde-4959-ae5c-e2862c1bc4ac", "keyword": "khai trương cửa hàng", "step": "capture", "message": "Capturing posinset=62 (62/∞)…", "data": {"w": 0}, "seq": 33413}
{"ts": "2026-05-01T17:04:59.676759+00:00", "level": "INFO", "jobId": "924c957a-3cde-4959-ae5c-e2862c1bc4ac", "keyword": "khai trương cửa hàng", "step": "capture", "message": "Saved post_062.png (posinset=62)", "data": {"w": 0}, "seq": 33421}
{"ts": "2026-05-01T17:04:59.682559+00:00", "level": "INFO", "jobId": "924c957a-3cde-4959-ae5c-e2862c1bc4ac", "keyword": "khai trương cửa hàng", "step": "cooldown", "message": "Cooldown 1.0s (after capture)", "data": {"w": 0}, "seq": 33422}
{"ts": "2026-05-01T17:05:00.806308+00:00", "level": "INFO", "jobId": "924c957a-3cde-4959-ae5c-e2862c1bc4ac", "keyword": "khai trương cửa hàng", "step": "capture", "message": "Capturing posinset=63 (63/∞)…", "data": {"w": 0}, "seq": 33423}
{"ts": "2026-05-01T17:05:03.219518+00:00", "level": "INFO", "jobId": "924c957a-3cde-4959-ae5c-e2862c1bc4ac", "keyword": "khai trương cửa hàng", "step": "capture", "message": "Saved post_063.png (posinset=63)", "data": {"w": 0}, "seq": 33427}
{"ts": "2026-05-01T17:05:03.222885+00:00", "level": "INFO", "jobId": "924c957a-3cde-4959-ae5c-e2862c1bc4ac", "keyword": "khai trương cửa hàng", "step": "cooldown", "message": "Cooldown 1.0s (after capture)", "data": {"w": 0}, "seq": 33428}
{"ts": "2026-05-01T17:05:04.754459+00:00", "level": "INFO", "jobId": "924c957a-3cde-4959-ae5c-e2862c1bc4ac", "keyword": "khai trương cửa hàng", "step": "capture", "message": "Capturing posinset=64 (64/∞)…", "data": {"w": 0}, "seq": 33431}
{"ts": "2026-05-01T17:05:08.725470+00:00", "level": "INFO", "jobId": "924c957a-3cde-4959-ae5c-e2862c1bc4ac", "keyword": "khai trương cửa hàng", "step": "capture", "message": "Saved post_064.png (posinset=64)", "data": {"w": 0}, "seq": 33436}
{"ts": "2026-05-01T17:05:08.727480+00:00", "level": "INFO", "jobId": "924c957a-3cde-4959-ae5c-e2862c1bc4ac", "keyword": "khai trương cửa hàng", "step": "cooldown", "message": "Cooldown 1.0s (after capture)", "data": {"w": 0}, "seq": 33437}
{"ts": "2026-05-01T17:05:09.773327+00:00", "level": "INFO", "jobId": "924c957a-3cde-4959-ae5c-e2862c1bc4ac", "keyword": "khai trương cửa hàng", "step": "heartbeat", "message": "Worker alive", "data": {"w": 0, "elapsed_s": 255}, "seq": 33441}
{"ts": "2026-05-01T17:05:09.774729+00:00", "level": "INFO", "jobId": "924c957a-3cde-4959-ae5c-e2862c1bc4ac", "keyword": "khai trương cửa hàng", "step": "capture", "message": "Capturing posinset=65 (65/∞)…", "data": {"w": 0}, "seq": 33442}
{"ts": "2026-05-01T17:05:11.377487+00:00", "level": "INFO", "jobId": "924c957a-3cde-4959-ae5c-e2862c1bc4ac", "keyword": "khai trương cửa hàng", "step": "capture", "message": "Saved post_065.png (posinset=65)", "data": {"w": 0}, "seq": 33446}
{"ts": "2026-05-01T17:05:11.379368+00:00", "level": "INFO", "jobId": "924c957a-3cde-4959-ae5c-e2862c1bc4ac", "keyword": "khai trương cửa hàng", "step": "cooldown", "message": "Cooldown 1.0s (after capture)", "data": {"w": 0}, "seq": 33447}
{"ts": "2026-05-01T17:05:12.400474+00:00", "level": "INFO", "jobId": "924c957a-3cde-4959-ae5c-e2862c1bc4ac", "keyword": "khai trương cửa hàng", "step": "capture", "message": "Capturing posinset=66 (66/∞)…", "data": {"w": 0}, "seq": 33451}
{"ts": "2026-05-01T17:05:14.674221+00:00", "level": "INFO", "jobId": "924c957a-3cde-4959-ae5c-e2862c1bc4ac", "keyword": "khai trương cửa hàng", "step": "capture", "message": "Saved post_066.png (posinset=66)", "data": {"w": 0}, "seq": 33457}
{"ts": "2026-05-01T17:05:14.674221+00:00", "level": "INFO", "jobId": "924c957a-3cde-4959-ae5c-e2862c1bc4ac", "keyword": "khai trương cửa hàng", "step": "cooldown", "message": "Cooldown 1.0s (after capture)", "data": {"w": 0}, "seq": 33458}
{"ts": "2026-05-01T17:05:15.694914+00:00", "level": "INFO", "jobId": "924c957a-3cde-4959-ae5c-e2862c1bc4ac", "keyword": "khai trương cửa hàng", "step": "capture", "message": "Capturing posinset=67 (67/∞)…", "data": {"w": 0}, "seq": 33461}
{"ts": "2026-05-01T17:05:17.439376+00:00", "level": "INFO", "jobId": "924c957a-3cde-4959-ae5c-e2862c1bc4ac", "keyword": "khai trương cửa hàng", "step": "capture", "message": "Saved post_067.png (posinset=67)", "data": {"w": 0}, "seq": 33468}
{"ts": "2026-05-01T17:05:17.440397+00:00", "level": "INFO", "jobId": "924c957a-3cde-4959-ae5c-e2862c1bc4ac", "keyword": "khai trương cửa hàng", "step": "cooldown", "message": "Cooldown 1.0s (after capture)", "data": {"w": 0}, "seq": 33469}
{"ts": "2026-05-01T17:05:18.484303+00:00", "level": "INFO", "jobId": "924c957a-3cde-4959-ae5c-e2862c1bc4ac", "keyword": "khai trương cửa hàng", "step": "capture", "message": "Capturing posinset=68 (68/∞)…", "data": {"w": 0}, "seq": 33473}
{"ts": "2026-05-01T17:05:20.138405+00:00", "level": "INFO", "jobId": "924c957a-3cde-4959-ae5c-e2862c1bc4ac", "keyword": "khai trương cửa hàng", "step": "capture", "message": "Saved post_068.png (posinset=68)", "data": {"w": 0}, "seq": 33477}
{"ts": "2026-05-01T17:05:20.139702+00:00", "level": "INFO", "jobId": "924c957a-3cde-4959-ae5c-e2862c1bc4ac", "keyword": "khai trương cửa hàng", "step": "cooldown", "message": "Cooldown 1.0s (after capture)", "data": {"w": 0}, "seq": 33478}
{"ts": "2026-05-01T17:05:21.334849+00:00", "level": "INFO", "jobId": "924c957a-3cde-4959-ae5c-e2862c1bc4ac", "keyword": "khai trương cửa hàng", "step": "capture", "message": "Capturing posinset=69 (69/∞)…", "data": {"w": 0}, "seq": 33483}
{"ts": "2026-05-01T17:05:23.619730+00:00", "level": "INFO", "jobId": "924c957a-3cde-4959-ae5c-e2862c1bc4ac", "keyword": "khai trương cửa hàng", "step": "capture", "message": "Saved post_069.png (posinset=69)", "data": {"w": 0}, "seq": 33490}
{"ts": "2026-05-01T17:05:23.620729+00:00", "level": "INFO", "jobId": "924c957a-3cde-4959-ae5c-e2862c1bc4ac", "keyword": "khai trương cửa hàng", "step": "cooldown", "message": "Cooldown 1.0s (after capture)", "data": {"w": 0}, "seq": 33491}
{"ts": "2026-05-01T17:05:24.630313+00:00", "level": "INFO", "jobId": "924c957a-3cde-4959-ae5c-e2862c1bc4ac", "keyword": "khai trương cửa hàng", "step": "capture", "message": "Capturing posinset=70 (70/∞)…", "data": {"w": 0}, "seq": 33493}
{"ts": "2026-05-01T17:05:26.254383+00:00", "level": "INFO", "jobId": "924c957a-3cde-4959-ae5c-e2862c1bc4ac", "keyword": "khai trương cửa hàng", "step": "capture", "message": "Saved post_070.png (posinset=70)", "data": {"w": 0}, "seq": 33498}
{"ts": "2026-05-01T17:05:26.255387+00:00", "level": "INFO", "jobId": "924c957a-3cde-4959-ae5c-e2862c1bc4ac", "keyword": "khai trương cửa hàng", "step": "cooldown", "message": "Cooldown 1.0s (after capture)", "data": {"w": 0}, "seq": 33499}
{"ts": "2026-05-01T17:05:27.297223+00:00", "level": "INFO", "jobId": "924c957a-3cde-4959-ae5c-e2862c1bc4ac", "keyword": "khai trương cửa hàng", "step": "heartbeat", "message": "Worker alive", "data": {"w": 0, "elapsed_s": 273}, "seq": 33500}
{"ts": "2026-05-01T17:05:27.300205+00:00", "level": "INFO", "jobId": "924c957a-3cde-4959-ae5c-e2862c1bc4ac", "keyword": "khai trương cửa hàng", "step": "capture", "message": "Capturing posinset=71 (71/∞)…", "data": {"w": 0}, "seq": 33501}
{"ts": "2026-05-01T17:05:29.337840+00:00", "level": "INFO", "jobId": "924c957a-3cde-4959-ae5c-e2862c1bc4ac", "keyword": "khai trương cửa hàng", "step": "capture", "message": "Saved post_071.png (posinset=71)", "data": {"w": 0}, "seq": 33506}
{"ts": "2026-05-01T17:05:29.339059+00:00", "level": "INFO", "jobId": "924c957a-3cde-4959-ae5c-e2862c1bc4ac", "keyword": "khai trương cửa hàng", "step": "cooldown", "message": "Cooldown 1.0s (after capture)", "data": {"w": 0}, "seq": 33507}
{"ts": "2026-05-01T17:05:30.376783+00:00", "level": "INFO", "jobId": "924c957a-3cde-4959-ae5c-e2862c1bc4ac", "keyword": "khai trương cửa hàng", "step": "capture", "message": "Capturing posinset=72 (72/∞)…", "data": {"w": 0}, "seq": 33510}
{"ts": "2026-05-01T17:05:32.706796+00:00", "level": "INFO", "jobId": "924c957a-3cde-4959-ae5c-e2862c1bc4ac", "keyword": "khai trương cửa hàng", "step": "capture", "message": "Saved post_072.png (posinset=72)", "data": {"w": 0}, "seq": 33513}
{"ts": "2026-05-01T17:05:32.707795+00:00", "level": "INFO", "jobId": "924c957a-3cde-4959-ae5c-e2862c1bc4ac", "keyword": "khai trương cửa hàng", "step": "cooldown", "message": "Cooldown 1.0s (after capture)", "data": {"w": 0}, "seq": 33514}
{"ts": "2026-05-01T17:05:34.724774+00:00", "level": "INFO", "jobId": "924c957a-3cde-4959-ae5c-e2862c1bc4ac", "keyword": "khai trương cửa hàng", "step": "capture", "message": "Capturing posinset=73 (73/∞)…", "data": {"w": 0}, "seq": 33521}
{"ts": "2026-05-01T17:05:36.600063+00:00", "level": "INFO", "jobId": "924c957a-3cde-4959-ae5c-e2862c1bc4ac", "keyword": "khai trương cửa hàng", "step": "capture", "message": "Saved post_073.png (posinset=73)", "data": {"w": 0}, "seq": 33525}
{"ts": "2026-05-01T17:05:36.601546+00:00", "level": "INFO", "jobId": "924c957a-3cde-4959-ae5c-e2862c1bc4ac", "keyword": "khai trương cửa hàng", "step": "cooldown", "message": "Cooldown 1.0s (after capture)", "data": {"w": 0}, "seq": 33526}
{"ts": "2026-05-01T17:05:37.646395+00:00", "level": "INFO", "jobId": "924c957a-3cde-4959-ae5c-e2862c1bc4ac", "keyword": "khai trương cửa hàng", "step": "capture", "message": "Capturing posinset=74 (74/∞)…", "data": {"w": 0}, "seq": 33528}
{"ts": "2026-05-01T17:05:39.516076+00:00", "level": "INFO", "jobId": "924c957a-3cde-4959-ae5c-e2862c1bc4ac", "keyword": "khai trương cửa hàng", "step": "capture", "message": "Saved post_074.png (posinset=74)", "data": {"w": 0}, "seq": 33536}
{"ts": "2026-05-01T17:05:39.520087+00:00", "level": "INFO", "jobId": "924c957a-3cde-4959-ae5c-e2862c1bc4ac", "keyword": "khai trương cửa hàng", "step": "cooldown", "message": "Cooldown 1.0s (after capture)", "data": {"w": 0}, "seq": 33537}
{"ts": "2026-05-01T17:05:40.612995+00:00", "level": "INFO", "jobId": "924c957a-3cde-4959-ae5c-e2862c1bc4ac", "keyword": "khai trương cửa hàng", "step": "capture", "message": "Capturing posinset=75 (75/∞)…", "data": {"w": 0}, "seq": 33538}
{"ts": "2026-05-01T17:05:43.151323+00:00", "level": "INFO", "jobId": "924c957a-3cde-4959-ae5c-e2862c1bc4ac", "keyword": "khai trương cửa hàng", "step": "capture", "message": "Saved post_075.png (posinset=75)", "data": {"w": 0}, "seq": 33544}
{"ts": "2026-05-01T17:05:43.152323+00:00", "level": "INFO", "jobId": "924c957a-3cde-4959-ae5c-e2862c1bc4ac", "keyword": "khai trương cửa hàng", "step": "cooldown", "message": "Cooldown 1.0s (after capture)", "data": {"w": 0}, "seq": 33545}
{"ts": "2026-05-01T17:05:44.188313+00:00", "level": "INFO", "jobId": "924c957a-3cde-4959-ae5c-e2862c1bc4ac", "keyword": "khai trương cửa hàng", "step": "heartbeat", "message": "Worker alive", "data": {"w": 0, "elapsed_s": 290}, "seq": 33549}
{"ts": "2026-05-01T17:05:44.189313+00:00", "level": "INFO", "jobId": "924c957a-3cde-4959-ae5c-e2862c1bc4ac", "keyword": "khai trương cửa hàng", "step": "capture", "message": "Capturing posinset=76 (76/∞)…", "data": {"w": 0}, "seq": 33550}
{"ts": "2026-05-01T17:05:46.681900+00:00", "level": "INFO", "jobId": "924c957a-3cde-4959-ae5c-e2862c1bc4ac", "keyword": "khai trương cửa hàng", "step": "capture", "message": "Saved post_076.png (posinset=76)", "data": {"w": 0}, "seq": 33554}
{"ts": "2026-05-01T17:05:46.682906+00:00", "level": "INFO", "jobId": "924c957a-3cde-4959-ae5c-e2862c1bc4ac", "keyword": "khai trương cửa hàng", "step": "cooldown", "message": "Cooldown 1.0s (after capture)", "data": {"w": 0}, "seq": 33555}
{"ts": "2026-05-01T17:05:47.714571+00:00", "level": "INFO", "jobId": "924c957a-3cde-4959-ae5c-e2862c1bc4ac", "keyword": "khai trương cửa hàng", "step": "capture", "message": "Capturing posinset=77 (77/∞)…", "data": {"w": 0}, "seq": 33559}
{"ts": "2026-05-01T17:05:49.358728+00:00", "level": "INFO", "jobId": "924c957a-3cde-4959-ae5c-e2862c1bc4ac", "keyword": "khai trương cửa hàng", "step": "capture", "message": "Saved post_077.png (posinset=77)", "data": {"w": 0}, "seq": 33563}
{"ts": "2026-05-01T17:05:49.359790+00:00", "level": "INFO", "jobId": "924c957a-3cde-4959-ae5c-e2862c1bc4ac", "keyword": "khai trương cửa hàng", "step": "cooldown", "message": "Cooldown 1.0s (after capture)", "data": {"w": 0}, "seq": 33564}
{"ts": "2026-05-01T17:05:50.975966+00:00", "level": "INFO", "jobId": "924c957a-3cde-4959-ae5c-e2862c1bc4ac", "keyword": "khai trương cửa hàng", "step": "capture", "message": "Capturing posinset=78 (78/∞)…", "data": {"w": 0}, "seq": 33569}
{"ts": "2026-05-01T17:05:57.756164+00:00", "level": "INFO", "jobId": "924c957a-3cde-4959-ae5c-e2862c1bc4ac", "keyword": "khai trương cửa hàng", "step": "capture", "message": "Saved post_078.png (posinset=78)", "data": {"w": 0}, "seq": 33582}
{"ts": "2026-05-01T17:05:57.766754+00:00", "level": "INFO", "jobId": "924c957a-3cde-4959-ae5c-e2862c1bc4ac", "keyword": "khai trương cửa hàng", "step": "cooldown", "message": "Cooldown 1.0s (after capture)", "data": {"w": 0}, "seq": 33583}
{"ts": "2026-05-01T17:05:58.802128+00:00", "level": "INFO", "jobId": "924c957a-3cde-4959-ae5c-e2862c1bc4ac", "keyword": "khai trương cửa hàng", "step": "capture", "message": "Capturing posinset=79 (79/∞)…", "data": {"w": 0}, "seq": 33586}
{"ts": "2026-05-01T17:06:01.043607+00:00", "level": "INFO", "jobId": "924c957a-3cde-4959-ae5c-e2862c1bc4ac", "keyword": "khai trương cửa hàng", "step": "capture", "message": "Saved post_079.png (posinset=79)", "data": {"w": 0}, "seq": 33589}
{"ts": "2026-05-01T17:06:01.047637+00:00", "level": "INFO", "jobId": "924c957a-3cde-4959-ae5c-e2862c1bc4ac", "keyword": "khai trương cửa hàng", "step": "cooldown", "message": "Cooldown 1.0s (after capture)", "data": {"w": 0}, "seq": 33590}
{"ts": "2026-05-01T17:06:02.089183+00:00", "level": "INFO", "jobId": "924c957a-3cde-4959-ae5c-e2862c1bc4ac", "keyword": "khai trương cửa hàng", "step": "heartbeat", "message": "Worker alive", "data": {"w": 0, "elapsed_s": 308}, "seq": 33592}
{"ts": "2026-05-01T17:06:02.095318+00:00", "level": "INFO", "jobId": "924c957a-3cde-4959-ae5c-e2862c1bc4ac", "keyword": "khai trương cửa hàng", "step": "capture", "message": "Capturing posinset=80 (80/∞)…", "data": {"w": 0}, "seq": 33593}
{"ts": "2026-05-01T17:06:06.596042+00:00", "level": "INFO", "jobId": "924c957a-3cde-4959-ae5c-e2862c1bc4ac", "keyword": "khai trương cửa hàng", "step": "capture", "message": "Saved post_080.png (posinset=80)", "data": {"w": 0}, "seq": 33602}
{"ts": "2026-05-01T17:06:06.599597+00:00", "level": "INFO", "jobId": "924c957a-3cde-4959-ae5c-e2862c1bc4ac", "keyword": "khai trương cửa hàng", "step": "cooldown", "message": "Cooldown 1.0s (after capture)", "data": {"w": 0}, "seq": 33603}
{"ts": "2026-05-01T17:06:07.629176+00:00", "level": "INFO", "jobId": "924c957a-3cde-4959-ae5c-e2862c1bc4ac", "keyword": "khai trương cửa hàng", "step": "capture", "message": "Capturing posinset=81 (81/∞)…", "data": {"w": 0}, "seq": 33608}
{"ts": "2026-05-01T17:06:09.836458+00:00", "level": "INFO", "jobId": "924c957a-3cde-4959-ae5c-e2862c1bc4ac", "keyword": "khai trương cửa hàng", "step": "capture", "message": "Saved post_081.png (posinset=81)", "data": {"w": 0}, "seq": 33613}
{"ts": "2026-05-01T17:06:09.839399+00:00", "level": "INFO", "jobId": "924c957a-3cde-4959-ae5c-e2862c1bc4ac", "keyword": "khai trương cửa hàng", "step": "cooldown", "message": "Cooldown 1.0s (after capture)", "data": {"w": 0}, "seq": 33614}
{"ts": "2026-05-01T17:06:10.883052+00:00", "level": "INFO", "jobId": "924c957a-3cde-4959-ae5c-e2862c1bc4ac", "keyword": "khai trương cửa hàng", "step": "capture", "message": "Capturing posinset=82 (82/∞)…", "data": {"w": 0}, "seq": 33615}
{"ts": "2026-05-01T17:06:13.713967+00:00", "level": "INFO", "jobId": "924c957a-3cde-4959-ae5c-e2862c1bc4ac", "keyword": "khai trương cửa hàng", "step": "capture", "message": "Saved post_082.png (posinset=82)", "data": {"w": 0}, "seq": 33621}
{"ts": "2026-05-01T17:06:13.715978+00:00", "level": "INFO", "jobId": "924c957a-3cde-4959-ae5c-e2862c1bc4ac", "keyword": "khai trương cửa hàng", "step": "cooldown", "message": "Cooldown 1.0s (after capture)", "data": {"w": 0}, "seq": 33622}
{"ts": "2026-05-01T17:06:15.780141+00:00", "level": "INFO", "jobId": "924c957a-3cde-4959-ae5c-e2862c1bc4ac", "keyword": "khai trương cửa hàng", "step": "capture", "message": "Capturing posinset=83 (83/∞)…", "data": {"w": 0}, "seq": 33627}
{"ts": "2026-05-01T17:06:18.646199+00:00", "level": "INFO", "jobId": "924c957a-3cde-4959-ae5c-e2862c1bc4ac", "keyword": "khai trương cửa hàng", "step": "capture", "message": "Saved post_083.png (posinset=83)", "data": {"w": 0}, "seq": 33635}
{"ts": "2026-05-01T17:06:18.648373+00:00", "level": "INFO", "jobId": "924c957a-3cde-4959-ae5c-e2862c1bc4ac", "keyword": "khai trương cửa hàng", "step": "cooldown", "message": "Cooldown 1.0s (after capture)", "data": {"w": 0}, "seq": 33636}
{"ts": "2026-05-01T17:06:19.697581+00:00", "level": "INFO", "jobId": "924c957a-3cde-4959-ae5c-e2862c1bc4ac", "keyword": "khai trương cửa hàng", "step": "heartbeat", "message": "Worker alive", "data": {"w": 0, "elapsed_s": 325}, "seq": 33638}
{"ts": "2026-05-01T17:06:19.699746+00:00", "level": "INFO", "jobId": "924c957a-3cde-4959-ae5c-e2862c1bc4ac", "keyword": "khai trương cửa hàng", "step": "capture", "message": "Capturing posinset=84 (84/∞)…", "data": {"w": 0}, "seq": 33639}
{"ts": "2026-05-01T17:06:22.511847+00:00", "level": "INFO", "jobId": "924c957a-3cde-4959-ae5c-e2862c1bc4ac", "keyword": "khai trương cửa hàng", "step": "capture", "message": "Saved post_084.png (posinset=84)", "data": {"w": 0}, "seq": 33645}
{"ts": "2026-05-01T17:06:22.512921+00:00", "level": "INFO", "jobId": "924c957a-3cde-4959-ae5c-e2862c1bc4ac", "keyword": "khai trương cửa hàng", "step": "cooldown", "message": "Cooldown 1.0s (after capture)", "data": {"w": 0}, "seq": 33646}
{"ts": "2026-05-01T17:06:23.568546+00:00", "level": "INFO", "jobId": "924c957a-3cde-4959-ae5c-e2862c1bc4ac", "keyword": "khai trương cửa hàng", "step": "capture", "message": "Capturing posinset=85 (85/∞)…", "data": {"w": 0}, "seq": 33647}
{"ts": "2026-05-01T17:06:31.665318+00:00", "level": "INFO", "jobId": "924c957a-3cde-4959-ae5c-e2862c1bc4ac", "keyword": "khai trương cửa hàng", "step": "capture", "message": "Saved post_085.png (posinset=85)", "data": {"w": 0}, "seq": 33661}
{"ts": "2026-05-01T17:06:31.669691+00:00", "level": "INFO", "jobId": "924c957a-3cde-4959-ae5c-e2862c1bc4ac", "keyword": "khai trương cửa hàng", "step": "cooldown", "message": "Cooldown 1.0s (after capture)", "data": {"w": 0}, "seq": 33662}
{"ts": "2026-05-01T17:06:32.730260+00:00", "level": "INFO", "jobId": "924c957a-3cde-4959-ae5c-e2862c1bc4ac", "keyword": "khai trương cửa hàng", "step": "capture", "message": "Capturing posinset=86 (86/∞)…", "data": {"w": 0}, "seq": 33665}
{"ts": "2026-05-01T17:06:35.252991+00:00", "level": "INFO", "jobId": "924c957a-3cde-4959-ae5c-e2862c1bc4ac", "keyword": "khai trương cửa hàng", "step": "capture", "message": "Saved post_086.png (posinset=86)", "data": {"w": 0}, "seq": 33669}
{"ts": "2026-05-01T17:06:35.255019+00:00", "level": "INFO", "jobId": "924c957a-3cde-4959-ae5c-e2862c1bc4ac", "keyword": "khai trương cửa hàng", "step": "cooldown", "message": "Cooldown 1.0s (after capture)", "data": {"w": 0}, "seq": 33670}
{"ts": "2026-05-01T17:06:36.305862+00:00", "level": "INFO", "jobId": "924c957a-3cde-4959-ae5c-e2862c1bc4ac", "keyword": "khai trương cửa hàng", "step": "heartbeat", "message": "Worker alive", "data": {"w": 0, "elapsed_s": 342}, "seq": 33671}
{"ts": "2026-05-01T17:06:36.309094+00:00", "level": "INFO", "jobId": "924c957a-3cde-4959-ae5c-e2862c1bc4ac", "keyword": "khai trương cửa hàng", "step": "capture", "message": "Capturing posinset=87 (87/∞)…", "data": {"w": 0}, "seq": 33672}
{"ts": "2026-05-01T17:06:38.179859+00:00", "level": "INFO", "jobId": "924c957a-3cde-4959-ae5c-e2862c1bc4ac", "keyword": "khai trương cửa hàng", "step": "capture", "message": "Saved post_087.png (posinset=87)", "data": {"w": 0}, "seq": 33676}
{"ts": "2026-05-01T17:06:38.180874+00:00", "level": "INFO", "jobId": "924c957a-3cde-4959-ae5c-e2862c1bc4ac", "keyword": "khai trương cửa hàng", "step": "cooldown", "message": "Cooldown 1.0s (after capture)", "data": {"w": 0}, "seq": 33677}
{"ts": "2026-05-01T17:06:39.237370+00:00", "level": "INFO", "jobId": "924c957a-3cde-4959-ae5c-e2862c1bc4ac", "keyword": "khai trương cửa hàng", "step": "capture", "message": "Capturing posinset=88 (88/∞)…", "data": {"w": 0}, "seq": 33678}
{"ts": "2026-05-01T17:06:41.919703+00:00", "level": "INFO", "jobId": "924c957a-3cde-4959-ae5c-e2862c1bc4ac", "keyword": "khai trương cửa hàng", "step": "capture", "message": "Saved post_088.png (posinset=88)", "data": {"w": 0}, "seq": 33686}
{"ts": "2026-05-01T17:06:41.922951+00:00", "level": "INFO", "jobId": "924c957a-3cde-4959-ae5c-e2862c1bc4ac", "keyword": "khai trương cửa hàng", "step": "cooldown", "message": "Cooldown 1.0s (after capture)", "data": {"w": 0}, "seq": 33687}
{"ts": "2026-05-01T17:06:44.464895+00:00", "level": "INFO", "jobId": "924c957a-3cde-4959-ae5c-e2862c1bc4ac", "keyword": "khai trương cửa hàng", "step": "capture", "message": "Capturing posinset=89 (89/∞)…", "data": {"w": 0}, "seq": 33691}
{"ts": "2026-05-01T17:06:46.763098+00:00", "level": "INFO", "jobId": "924c957a-3cde-4959-ae5c-e2862c1bc4ac", "keyword": "khai trương cửa hàng", "step": "capture", "message": "Saved post_089.png (posinset=89)", "data": {"w": 0}, "seq": 33695}
{"ts": "2026-05-01T17:06:46.764111+00:00", "level": "INFO", "jobId": "924c957a-3cde-4959-ae5c-e2862c1bc4ac", "keyword": "khai trương cửa hàng", "step": "cooldown", "message": "Cooldown 1.0s (after capture)", "data": {"w": 0}, "seq": 33696}
{"ts": "2026-05-01T17:06:47.794374+00:00", "level": "INFO", "jobId": "924c957a-3cde-4959-ae5c-e2862c1bc4ac", "keyword": "khai trương cửa hàng", "step": "capture", "message": "Capturing posinset=90 (90/∞)…", "data": {"w": 0}, "seq": 33703}
{"ts": "2026-05-01T17:06:50.684538+00:00", "level": "INFO", "jobId": "924c957a-3cde-4959-ae5c-e2862c1bc4ac", "keyword": "khai trương cửa hàng", "step": "capture", "message": "Saved post_090.png (posinset=90)", "data": {"w": 0}, "seq": 33707}
{"ts": "2026-05-01T17:06:50.705920+00:00", "level": "INFO", "jobId": "924c957a-3cde-4959-ae5c-e2862c1bc4ac", "keyword": "khai trương cửa hàng", "step": "cooldown", "message": "Cooldown 1.0s (after capture)", "data": {"w": 0}, "seq": 33708}
{"ts": "2026-05-01T17:06:51.773241+00:00", "level": "INFO", "jobId": "924c957a-3cde-4959-ae5c-e2862c1bc4ac", "keyword": "khai trương cửa hàng", "step": "heartbeat", "message": "Worker alive", "data": {"w": 0, "elapsed_s": 357}, "seq": 33712}
{"ts": "2026-05-01T17:06:51.775239+00:00", "level": "INFO", "jobId": "924c957a-3cde-4959-ae5c-e2862c1bc4ac", "keyword": "khai trương cửa hàng", "step": "capture", "message": "Capturing posinset=91 (91/∞)…", "data": {"w": 0}, "seq": 33713}
{"ts": "2026-05-01T17:06:55.096992+00:00", "level": "INFO", "jobId": "924c957a-3cde-4959-ae5c-e2862c1bc4ac", "keyword": "khai trương cửa hàng", "step": "capture", "message": "Saved post_091.png (posinset=91)", "data": {"w": 0}, "seq": 33717}
{"ts": "2026-05-01T17:06:55.097992+00:00", "level": "INFO", "jobId": "924c957a-3cde-4959-ae5c-e2862c1bc4ac", "keyword": "khai trương cửa hàng", "step": "cooldown", "message": "Cooldown 1.0s (after capture)", "data": {"w": 0}, "seq": 33718}
{"ts": "2026-05-01T17:06:56.183258+00:00", "level": "INFO", "jobId": "924c957a-3cde-4959-ae5c-e2862c1bc4ac", "keyword": "khai trương cửa hàng", "step": "capture", "message": "Capturing posinset=92 (92/∞)…", "data": {"w": 0}, "seq": 33719}
{"ts": "2026-05-01T17:07:02.940053+00:00", "level": "INFO", "jobId": "924c957a-3cde-4959-ae5c-e2862c1bc4ac", "keyword": "khai trương cửa hàng", "step": "capture", "message": "Saved post_092.png (posinset=92)", "data": {"w": 0}, "seq": 33728}
{"ts": "2026-05-01T17:07:02.942050+00:00", "level": "INFO", "jobId": "924c957a-3cde-4959-ae5c-e2862c1bc4ac", "keyword": "khai trương cửa hàng", "step": "cooldown", "message": "Cooldown 1.0s (after capture)", "data": {"w": 0}, "seq": 33729}
{"ts": "2026-05-01T17:07:03.991718+00:00", "level": "INFO", "jobId": "924c957a-3cde-4959-ae5c-e2862c1bc4ac", "keyword": "khai trương cửa hàng", "step": "capture", "message": "Capturing posinset=93 (93/∞)…", "data": {"w": 0}, "seq": 33731}
{"ts": "2026-05-01T17:07:07.261171+00:00", "level": "INFO", "jobId": "924c957a-3cde-4959-ae5c-e2862c1bc4ac", "keyword": "khai trương cửa hàng", "step": "capture", "message": "Saved post_093.png (posinset=93)", "data": {"w": 0}, "seq": 33735}
{"ts": "2026-05-01T17:07:07.263171+00:00", "level": "INFO", "jobId": "924c957a-3cde-4959-ae5c-e2862c1bc4ac", "keyword": "khai trương cửa hàng", "step": "cooldown", "message": "Cooldown 1.0s (after capture)", "data": {"w": 0}, "seq": 33736}
{"ts": "2026-05-01T17:07:08.306400+00:00", "level": "INFO", "jobId": "924c957a-3cde-4959-ae5c-e2862c1bc4ac", "keyword": "khai trương cửa hàng", "step": "heartbeat", "message": "Worker alive", "data": {"w": 0, "elapsed_s": 374}, "seq": 33740}
{"ts": "2026-05-01T17:07:08.307400+00:00", "level": "INFO", "jobId": "924c957a-3cde-4959-ae5c-e2862c1bc4ac", "keyword": "khai trương cửa hàng", "step": "capture", "message": "Capturing posinset=94 (94/∞)…", "data": {"w": 0}, "seq": 33741}
{"ts": "2026-05-01T17:07:10.392435+00:00", "level": "INFO", "jobId": "924c957a-3cde-4959-ae5c-e2862c1bc4ac", "keyword": "khai trương cửa hàng", "step": "capture", "message": "Saved post_094.png (posinset=94)", "data": {"w": 0}, "seq": 33748}
{"ts": "2026-05-01T17:07:10.394444+00:00", "level": "INFO", "jobId": "924c957a-3cde-4959-ae5c-e2862c1bc4ac", "keyword": "khai trương cửa hàng", "step": "cooldown", "message": "Cooldown 1.0s (after capture)", "data": {"w": 0}, "seq": 33749}
{"ts": "2026-05-01T17:07:11.423556+00:00", "level": "INFO", "jobId": "924c957a-3cde-4959-ae5c-e2862c1bc4ac", "keyword": "khai trương cửa hàng", "step": "capture", "message": "Capturing posinset=95 (95/∞)…", "data": {"w": 0}, "seq": 33751}
{"ts": "2026-05-01T17:07:12.941897+00:00", "level": "INFO", "jobId": "924c957a-3cde-4959-ae5c-e2862c1bc4ac", "keyword": "khai trương cửa hàng", "step": "capture", "message": "Capturing posinset=95 (95/∞)…", "data": {"w": 0}, "seq": 33757}
{"ts": "2026-05-01T17:07:14.434145+00:00", "level": "INFO", "jobId": "924c957a-3cde-4959-ae5c-e2862c1bc4ac", "keyword": "khai trương cửa hàng", "step": "capture", "message": "Capturing posinset=95 (95/∞)…", "data": {"w": 0}, "seq": 33761}
{"ts": "2026-05-01T17:07:15.972665+00:00", "level": "INFO", "jobId": "924c957a-3cde-4959-ae5c-e2862c1bc4ac", "keyword": "khai trương cửa hàng", "step": "capture", "message": "Capturing posinset=95 (95/∞)…", "data": {"w": 0}, "seq": 33767}
{"ts": "2026-05-01T17:07:17.889386+00:00", "level": "INFO", "jobId": "924c957a-3cde-4959-ae5c-e2862c1bc4ac", "keyword": "khai trương cửa hàng", "step": "capture", "message": "Capturing posinset=95 (95/∞)…", "data": {"w": 0}, "seq": 33770}
{"ts": "2026-05-01T17:07:19.892120+00:00", "level": "INFO", "jobId": "924c957a-3cde-4959-ae5c-e2862c1bc4ac", "keyword": "khai trương cửa hàng", "step": "capture", "message": "Capturing posinset=95 (95/∞)…", "data": {"w": 0}, "seq": 33775}
{"ts": "2026-05-01T17:07:33.685781+00:00", "level": "INFO", "jobId": "924c957a-3cde-4959-ae5c-e2862c1bc4ac", "keyword": "khai trương cửa hàng", "step": "heartbeat", "message": "Worker alive", "data": {"w": 0, "elapsed_s": 399}, "seq": 33802}
{"ts": "2026-05-01T17:07:33.687785+00:00", "level": "INFO", "jobId": "924c957a-3cde-4959-ae5c-e2862c1bc4ac", "keyword": "khai trương cửa hàng", "step": "capture", "message": "Capturing posinset=95 (95/∞)…", "data": {"w": 0}, "seq": 33803}
{"ts": "2026-05-01T17:07:47.136762+00:00", "level": "INFO", "jobId": "924c957a-3cde-4959-ae5c-e2862c1bc4ac", "keyword": "khai trương cửa hàng", "step": "capture", "message": "Capturing posinset=95 (95/∞)…", "data": {"w": 0}, "seq": 33828}
{"ts": "2026-05-01T17:07:48.890145+00:00", "level": "INFO", "jobId": "924c957a-3cde-4959-ae5c-e2862c1bc4ac", "keyword": "khai trương cửa hàng", "step": "capture", "message": "Reached stable end of results (maxPos=94, stable>=35s). Stopping.", "data": {"w": 0}, "seq": 33832}
{"ts": "2026-05-01T17:07:48.920925+00:00", "level": "INFO", "jobId": "924c957a-3cde-4959-ae5c-e2862c1bc4ac", "keyword": "khai trương cửa hàng", "step": "capture", "message": "Capture loop finished (unlimited). Saved=94", "data": {"w": 0}, "seq": 33833}
{"ts": "2026-05-01T17:07:48.920925+00:00", "level": "INFO", "jobId": "924c957a-3cde-4959-ae5c-e2862c1bc4ac", "keyword": "khai trương cửa hàng", "step": "done", "message": "Completed. Saved=94", "data": {"w": 0}, "seq": 33834}
