{"ts": "2026-05-01T19:03:40.404735+00:00", "level": "INFO", "jobId": "c4ed4b61-ea29-486c-b0be-ade597a22e6e", "keyword": "sắp khai trương", "step": "start", "message": "Job started (attempt 1/1)", "data": {"w": 1}, "seq": 45405}
{"ts": "2026-05-01T19:03:55.618845+00:00", "level": "INFO", "jobId": "c4ed4b61-ea29-486c-b0be-ade597a22e6e", "keyword": "sắp khai trương", "step": "login", "message": "Already logged in (home).", "data": {"w": 1}, "seq": 45409}
{"ts": "2026-05-01T19:03:55.620913+00:00", "level": "INFO", "jobId": "c4ed4b61-ea29-486c-b0be-ade597a22e6e", "keyword": "sắp khai trương", "step": "search", "message": "Searching keyword: \"sắp khai trương\"", "data": {"w": 1}, "seq": 45410}
{"ts": "2026-05-01T19:04:02.804606+00:00", "level": "INFO", "jobId": "c4ed4b61-ea29-486c-b0be-ade597a22e6e", "keyword": "sắp khai trương", "step": "capture", "message": "Start capturing all posts until end of results.", "data": {"w": 1}, "seq": 45413}
{"ts": "2026-05-01T19:04:02.808624+00:00", "level": "INFO", "jobId": "c4ed4b61-ea29-486c-b0be-ade597a22e6e", "keyword": "sắp khai trương", "step": "capture", "message": "Output folder: Lan 1 - 0204", "data": {"w": 1}, "seq": 45414}
{"ts": "2026-05-01T19:04:15.653375+00:00", "level": "INFO", "jobId": "c4ed4b61-ea29-486c-b0be-ade597a22e6e", "keyword": "sắp khai trương", "step": "capture", "message": "Capturing posinset=1 (1/∞)…", "data": {"w": 1}, "seq": 45424}
{"ts": "2026-05-01T19:04:18.490022+00:00", "level": "INFO", "jobId": "c4ed4b61-ea29-486c-b0be-ade597a22e6e", "keyword": "sắp khai trương", "step": "capture", "message": "Saved post_001.png (posinset=1)", "data": {"w": 1}, "seq": 45425}
{"ts": "2026-05-01T19:04:18.492023+00:00", "level": "INFO", "jobId": "c4ed4b61-ea29-486c-b0be-ade597a22e6e", "keyword": "sắp khai trương", "step": "cooldown", "message": "Cooldown 1.0s (after capture)", "data": {"w": 1}, "seq": 45426}
{"ts": "2026-05-01T19:04:19.561743+00:00", "level": "INFO", "jobId": "c4ed4b61-ea29-486c-b0be-ade597a22e6e", "keyword": "sắp khai trương", "step": "capture", "message": "Capturing posinset=2 (2/∞)…", "data": {"w": 1}, "seq": 45427}
{"ts": "2026-05-01T19:04:21.832952+00:00", "level": "INFO", "jobId": "c4ed4b61-ea29-486c-b0be-ade597a22e6e", "keyword": "sắp khai trương", "step": "capture", "message": "Saved post_002.png (posinset=2)", "data": {"w": 1}, "seq": 45428}
{"ts": "2026-05-01T19:04:21.846520+00:00", "level": "INFO", "jobId": "c4ed4b61-ea29-486c-b0be-ade597a22e6e", "keyword": "sắp khai trương", "step": "cooldown", "message": "Cooldown 1.0s (after capture)", "data": {"w": 1}, "seq": 45429}
{"ts": "2026-05-01T19:04:22.867130+00:00", "level": "INFO", "jobId": "c4ed4b61-ea29-486c-b0be-ade597a22e6e", "keyword": "sắp khai trương", "step": "capture", "message": "Capturing posinset=3 (3/∞)…", "data": {"w": 1}, "seq": 45430}
{"ts": "2026-05-01T19:04:24.902889+00:00", "level": "INFO", "jobId": "c4ed4b61-ea29-486c-b0be-ade597a22e6e", "keyword": "sắp khai trương", "step": "capture", "message": "Saved post_003.png (posinset=3)", "data": {"w": 1}, "seq": 45433}
{"ts": "2026-05-01T19:04:24.905987+00:00", "level": "INFO", "jobId": "c4ed4b61-ea29-486c-b0be-ade597a22e6e", "keyword": "sắp khai trương", "step": "cooldown", "message": "Cooldown 1.0s (after capture)", "data": {"w": 1}, "seq": 45434}
{"ts": "2026-05-01T19:04:26.100814+00:00", "level": "INFO", "jobId": "c4ed4b61-ea29-486c-b0be-ade597a22e6e", "keyword": "sắp khai trương", "step": "capture", "message": "Capturing posinset=4 (4/∞)…", "data": {"w": 1}, "seq": 45435}
{"ts": "2026-05-01T19:04:31.436013+00:00", "level": "INFO", "jobId": "c4ed4b61-ea29-486c-b0be-ade597a22e6e", "keyword": "sắp khai trương", "step": "capture", "message": "Saved post_004.png (posinset=4)", "data": {"w": 1}, "seq": 45436}
{"ts": "2026-05-01T19:04:31.442013+00:00", "level": "INFO", "jobId": "c4ed4b61-ea29-486c-b0be-ade597a22e6e", "keyword": "sắp khai trương", "step": "cooldown", "message": "Cooldown 1.0s (after capture)", "data": {"w": 1}, "seq": 45437}
{"ts": "2026-05-01T19:04:32.526549+00:00", "level": "INFO", "jobId": "c4ed4b61-ea29-486c-b0be-ade597a22e6e", "keyword": "sắp khai trương", "step": "heartbeat", "message": "Worker alive", "data": {"w": 1, "elapsed_s": 52}, "seq": 45438}
{"ts": "2026-05-01T19:04:32.554187+00:00", "level": "INFO", "jobId": "c4ed4b61-ea29-486c-b0be-ade597a22e6e", "keyword": "sắp khai trương", "step": "capture", "message": "Capturing posinset=5 (5/∞)…", "data": {"w": 1}, "seq": 45439}
{"ts": "2026-05-01T19:04:36.330090+00:00", "level": "INFO", "jobId": "c4ed4b61-ea29-486c-b0be-ade597a22e6e", "keyword": "sắp khai trương", "step": "capture", "message": "Saved post_005.png (posinset=5)", "data": {"w": 1}, "seq": 45442}
{"ts": "2026-05-01T19:04:36.332092+00:00", "level": "INFO", "jobId": "c4ed4b61-ea29-486c-b0be-ade597a22e6e", "keyword": "sắp khai trương", "step": "cooldown", "message": "Cooldown 1.0s (after capture)", "data": {"w": 1}, "seq": 45443}
{"ts": "2026-05-01T19:04:37.356862+00:00", "level": "INFO", "jobId": "c4ed4b61-ea29-486c-b0be-ade597a22e6e", "keyword": "sắp khai trương", "step": "capture", "message": "Capturing posinset=6 (6/∞)…", "data": {"w": 1}, "seq": 45444}
{"ts": "2026-05-01T19:04:39.561046+00:00", "level": "INFO", "jobId": "c4ed4b61-ea29-486c-b0be-ade597a22e6e", "keyword": "sắp khai trương", "step": "capture", "message": "Saved post_006.png (posinset=6)", "data": {"w": 1}, "seq": 45447}
{"ts": "2026-05-01T19:04:39.563045+00:00", "level": "INFO", "jobId": "c4ed4b61-ea29-486c-b0be-ade597a22e6e", "keyword": "sắp khai trương", "step": "cooldown", "message": "Cooldown 1.0s (after capture)", "data": {"w": 1}, "seq": 45448}
{"ts": "2026-05-01T19:04:40.628930+00:00", "level": "INFO", "jobId": "c4ed4b61-ea29-486c-b0be-ade597a22e6e", "keyword": "sắp khai trương", "step": "capture", "message": "Capturing posinset=7 (7/∞)…", "data": {"w": 1}, "seq": 45449}
{"ts": "2026-05-01T19:04:49.165745+00:00", "level": "INFO", "jobId": "c4ed4b61-ea29-486c-b0be-ade597a22e6e", "keyword": "sắp khai trương", "step": "capture", "message": "Saved post_007.png (posinset=7)", "data": {"w": 1}, "seq": 45452}
{"ts": "2026-05-01T19:04:49.169746+00:00", "level": "INFO", "jobId": "c4ed4b61-ea29-486c-b0be-ade597a22e6e", "keyword": "sắp khai trương", "step": "cooldown", "message": "Cooldown 1.0s (after capture)", "data": {"w": 1}, "seq": 45453}
{"ts": "2026-05-01T19:04:50.220318+00:00", "level": "INFO", "jobId": "c4ed4b61-ea29-486c-b0be-ade597a22e6e", "keyword": "sắp khai trương", "step": "heartbeat", "message": "Worker alive", "data": {"w": 1, "elapsed_s": 69}, "seq": 45454}
{"ts": "2026-05-01T19:04:50.227318+00:00", "level": "INFO", "jobId": "c4ed4b61-ea29-486c-b0be-ade597a22e6e", "keyword": "sắp khai trương", "step": "capture", "message": "Capturing posinset=8 (8/∞)…", "data": {"w": 1}, "seq": 45455}
{"ts": "2026-05-01T19:04:52.763221+00:00", "level": "INFO", "jobId": "c4ed4b61-ea29-486c-b0be-ade597a22e6e", "keyword": "sắp khai trương", "step": "capture", "message": "Saved post_008.png (posinset=8)", "data": {"w": 1}, "seq": 45456}
{"ts": "2026-05-01T19:04:52.765221+00:00", "level": "INFO", "jobId": "c4ed4b61-ea29-486c-b0be-ade597a22e6e", "keyword": "sắp khai trương", "step": "cooldown", "message": "Cooldown 1.0s (after capture)", "data": {"w": 1}, "seq": 45457}
{"ts": "2026-05-01T19:04:53.804585+00:00", "level": "INFO", "jobId": "c4ed4b61-ea29-486c-b0be-ade597a22e6e", "keyword": "sắp khai trương", "step": "capture", "message": "Capturing posinset=9 (9/∞)…", "data": {"w": 1}, "seq": 45459}
{"ts": "2026-05-01T19:04:56.840556+00:00", "level": "INFO", "jobId": "c4ed4b61-ea29-486c-b0be-ade597a22e6e", "keyword": "sắp khai trương", "step": "capture", "message": "Saved post_009.png (posinset=9)", "data": {"w": 1}, "seq": 45461}
{"ts": "2026-05-01T19:04:56.842555+00:00", "level": "INFO", "jobId": "c4ed4b61-ea29-486c-b0be-ade597a22e6e", "keyword": "sắp khai trương", "step": "cooldown", "message": "Cooldown 1.0s (after capture)", "data": {"w": 1}, "seq": 45462}
{"ts": "2026-05-01T19:04:57.950290+00:00", "level": "INFO", "jobId": "c4ed4b61-ea29-486c-b0be-ade597a22e6e", "keyword": "sắp khai trương", "step": "capture", "message": "Capturing posinset=10 (10/∞)…", "data": {"w": 1}, "seq": 45463}
{"ts": "2026-05-01T19:05:00.918860+00:00", "level": "INFO", "jobId": "c4ed4b61-ea29-486c-b0be-ade597a22e6e", "keyword": "sắp khai trương", "step": "capture", "message": "Saved post_010.png (posinset=10)", "data": {"w": 1}, "seq": 45464}
{"ts": "2026-05-01T19:05:00.920860+00:00", "level": "INFO", "jobId": "c4ed4b61-ea29-486c-b0be-ade597a22e6e", "keyword": "sắp khai trương", "step": "cooldown", "message": "Cooldown 1.0s (after capture)", "data": {"w": 1}, "seq": 45465}
{"ts": "2026-05-01T19:05:03.358958+00:00", "level": "INFO", "jobId": "c4ed4b61-ea29-486c-b0be-ade597a22e6e", "keyword": "sắp khai trương", "step": "capture", "message": "Capturing posinset=11 (11/∞)…", "data": {"w": 1}, "seq": 45469}
{"ts": "2026-05-01T19:05:07.261532+00:00", "level": "INFO", "jobId": "c4ed4b61-ea29-486c-b0be-ade597a22e6e", "keyword": "sắp khai trương", "step": "capture", "message": "Saved post_011.png (posinset=11)", "data": {"w": 1}, "seq": 45475}
{"ts": "2026-05-01T19:05:07.265006+00:00", "level": "INFO", "jobId": "c4ed4b61-ea29-486c-b0be-ade597a22e6e", "keyword": "sắp khai trương", "step": "cooldown", "message": "Cooldown 1.0s (after capture)", "data": {"w": 1}, "seq": 45476}
{"ts": "2026-05-01T19:05:08.339645+00:00", "level": "INFO", "jobId": "c4ed4b61-ea29-486c-b0be-ade597a22e6e", "keyword": "sắp khai trương", "step": "heartbeat", "message": "Worker alive", "data": {"w": 1, "elapsed_s": 87}, "seq": 45477}
{"ts": "2026-05-01T19:05:08.343645+00:00", "level": "INFO", "jobId": "c4ed4b61-ea29-486c-b0be-ade597a22e6e", "keyword": "sắp khai trương", "step": "capture", "message": "Capturing posinset=12 (12/∞)…", "data": {"w": 1}, "seq": 45478}
{"ts": "2026-05-01T19:05:09.887783+00:00", "level": "INFO", "jobId": "c4ed4b61-ea29-486c-b0be-ade597a22e6e", "keyword": "sắp khai trương", "step": "capture", "message": "Saved post_012.png (posinset=12)", "data": {"w": 1}, "seq": 45483}
{"ts": "2026-05-01T19:05:09.888810+00:00", "level": "INFO", "jobId": "c4ed4b61-ea29-486c-b0be-ade597a22e6e", "keyword": "sắp khai trương", "step": "cooldown", "message": "Cooldown 1.0s (after capture)", "data": {"w": 1}, "seq": 45484}
{"ts": "2026-05-01T19:05:10.909595+00:00", "level": "INFO", "jobId": "c4ed4b61-ea29-486c-b0be-ade597a22e6e", "keyword": "sắp khai trương", "step": "capture", "message": "Capturing posinset=13 (13/∞)…", "data": {"w": 1}, "seq": 45487}
{"ts": "2026-05-01T19:05:12.493414+00:00", "level": "INFO", "jobId": "c4ed4b61-ea29-486c-b0be-ade597a22e6e", "keyword": "sắp khai trương", "step": "capture", "message": "Saved post_013.png (posinset=13)", "data": {"w": 1}, "seq": 45492}
{"ts": "2026-05-01T19:05:12.494918+00:00", "level": "INFO", "jobId": "c4ed4b61-ea29-486c-b0be-ade597a22e6e", "keyword": "sắp khai trương", "step": "cooldown", "message": "Cooldown 1.0s (after capture)", "data": {"w": 1}, "seq": 45493}
{"ts": "2026-05-01T19:05:13.526311+00:00", "level": "INFO", "jobId": "c4ed4b61-ea29-486c-b0be-ade597a22e6e", "keyword": "sắp khai trương", "step": "capture", "message": "Capturing posinset=14 (14/∞)…", "data": {"w": 1}, "seq": 45496}
{"ts": "2026-05-01T19:05:15.105845+00:00", "level": "INFO", "jobId": "c4ed4b61-ea29-486c-b0be-ade597a22e6e", "keyword": "sắp khai trương", "step": "capture", "message": "Saved post_014.png (posinset=14)", "data": {"w": 1}, "seq": 45503}
{"ts": "2026-05-01T19:05:15.107155+00:00", "level": "INFO", "jobId": "c4ed4b61-ea29-486c-b0be-ade597a22e6e", "keyword": "sắp khai trương", "step": "cooldown", "message": "Cooldown 1.0s (after capture)", "data": {"w": 1}, "seq": 45504}
{"ts": "2026-05-01T19:05:16.190616+00:00", "level": "INFO", "jobId": "c4ed4b61-ea29-486c-b0be-ade597a22e6e", "keyword": "sắp khai trương", "step": "capture", "message": "Capturing posinset=15 (15/∞)…", "data": {"w": 1}, "seq": 45505}
{"ts": "2026-05-01T19:05:17.849076+00:00", "level": "INFO", "jobId": "c4ed4b61-ea29-486c-b0be-ade597a22e6e", "keyword": "sắp khai trương", "step": "capture", "message": "Saved post_015.png (posinset=15)", "data": {"w": 1}, "seq": 45512}
{"ts": "2026-05-01T19:05:17.851075+00:00", "level": "INFO", "jobId": "c4ed4b61-ea29-486c-b0be-ade597a22e6e", "keyword": "sắp khai trương", "step": "cooldown", "message": "Cooldown 1.0s (after capture)", "data": {"w": 1}, "seq": 45513}
{"ts": "2026-05-01T19:05:18.878708+00:00", "level": "INFO", "jobId": "c4ed4b61-ea29-486c-b0be-ade597a22e6e", "keyword": "sắp khai trương", "step": "capture", "message": "Capturing posinset=16 (16/∞)…", "data": {"w": 1}, "seq": 45514}
{"ts": "2026-05-01T19:05:20.886254+00:00", "level": "INFO", "jobId": "c4ed4b61-ea29-486c-b0be-ade597a22e6e", "keyword": "sắp khai trương", "step": "capture", "message": "Saved post_016.png (posinset=16)", "data": {"w": 1}, "seq": 45522}
{"ts": "2026-05-01T19:05:20.889253+00:00", "level": "INFO", "jobId": "c4ed4b61-ea29-486c-b0be-ade597a22e6e", "keyword": "sắp khai trương", "step": "cooldown", "message": "Cooldown 1.0s (after capture)", "data": {"w": 1}, "seq": 45523}
{"ts": "2026-05-01T19:05:21.936952+00:00", "level": "INFO", "jobId": "c4ed4b61-ea29-486c-b0be-ade597a22e6e", "keyword": "sắp khai trương", "step": "capture", "message": "Capturing posinset=17 (17/∞)…", "data": {"w": 1}, "seq": 45524}
{"ts": "2026-05-01T19:05:23.705548+00:00", "level": "INFO", "jobId": "c4ed4b61-ea29-486c-b0be-ade597a22e6e", "keyword": "sắp khai trương", "step": "capture", "message": "Saved post_017.png (posinset=17)", "data": {"w": 1}, "seq": 45532}
{"ts": "2026-05-01T19:05:23.706548+00:00", "level": "INFO", "jobId": "c4ed4b61-ea29-486c-b0be-ade597a22e6e", "keyword": "sắp khai trương", "step": "cooldown", "message": "Cooldown 1.0s (after capture)", "data": {"w": 1}, "seq": 45533}
{"ts": "2026-05-01T19:05:24.735049+00:00", "level": "INFO", "jobId": "c4ed4b61-ea29-486c-b0be-ade597a22e6e", "keyword": "sắp khai trương", "step": "heartbeat", "message": "Worker alive", "data": {"w": 1, "elapsed_s": 104}, "seq": 45534}
{"ts": "2026-05-01T19:05:24.738043+00:00", "level": "INFO", "jobId": "c4ed4b61-ea29-486c-b0be-ade597a22e6e", "keyword": "sắp khai trương", "step": "capture", "message": "Capturing posinset=18 (18/∞)…", "data": {"w": 1}, "seq": 45535}
{"ts": "2026-05-01T19:05:26.208062+00:00", "level": "INFO", "jobId": "c4ed4b61-ea29-486c-b0be-ade597a22e6e", "keyword": "sắp khai trương", "step": "capture", "message": "Saved post_018.png (posinset=18)", "data": {"w": 1}, "seq": 45541}
{"ts": "2026-05-01T19:05:26.210062+00:00", "level": "INFO", "jobId": "c4ed4b61-ea29-486c-b0be-ade597a22e6e", "keyword": "sắp khai trương", "step": "cooldown", "message": "Cooldown 1.0s (after capture)", "data": {"w": 1}, "seq": 45542}
{"ts": "2026-05-01T19:05:27.592947+00:00", "level": "INFO", "jobId": "c4ed4b61-ea29-486c-b0be-ade597a22e6e", "keyword": "sắp khai trương", "step": "capture", "message": "Capturing posinset=19 (19/∞)…", "data": {"w": 1}, "seq": 45546}
{"ts": "2026-05-01T19:05:30.325070+00:00", "level": "INFO", "jobId": "c4ed4b61-ea29-486c-b0be-ade597a22e6e", "keyword": "sắp khai trương", "step": "capture", "message": "Saved post_019.png (posinset=19)", "data": {"w": 1}, "seq": 45551}
{"ts": "2026-05-01T19:05:30.326071+00:00", "level": "INFO", "jobId": "c4ed4b61-ea29-486c-b0be-ade597a22e6e", "keyword": "sắp khai trương", "step": "cooldown", "message": "Cooldown 1.0s (after capture)", "data": {"w": 1}, "seq": 45552}
{"ts": "2026-05-01T19:05:31.359147+00:00", "level": "INFO", "jobId": "c4ed4b61-ea29-486c-b0be-ade597a22e6e", "keyword": "sắp khai trương", "step": "capture", "message": "Capturing posinset=20 (20/∞)…", "data": {"w": 1}, "seq": 45555}
{"ts": "2026-05-01T19:05:33.097118+00:00", "level": "INFO", "jobId": "c4ed4b61-ea29-486c-b0be-ade597a22e6e", "keyword": "sắp khai trương", "step": "capture", "message": "Saved post_020.png (posinset=20)", "data": {"w": 1}, "seq": 45560}
{"ts": "2026-05-01T19:05:33.101117+00:00", "level": "INFO", "jobId": "c4ed4b61-ea29-486c-b0be-ade597a22e6e", "keyword": "sắp khai trương", "step": "cooldown", "message": "Cooldown 1.0s (after capture)", "data": {"w": 1}, "seq": 45561}
{"ts": "2026-05-01T19:05:34.139346+00:00", "level": "INFO", "jobId": "c4ed4b61-ea29-486c-b0be-ade597a22e6e", "keyword": "sắp khai trương", "step": "capture", "message": "Capturing posinset=21 (21/∞)…", "data": {"w": 1}, "seq": 45564}
{"ts": "2026-05-01T19:05:36.238057+00:00", "level": "INFO", "jobId": "c4ed4b61-ea29-486c-b0be-ade597a22e6e", "keyword": "sắp khai trương", "step": "capture", "message": "Saved post_021.png (posinset=21)", "data": {"w": 1}, "seq": 45569}
{"ts": "2026-05-01T19:05:36.255057+00:00", "level": "INFO", "jobId": "c4ed4b61-ea29-486c-b0be-ade597a22e6e", "keyword": "sắp khai trương", "step": "cooldown", "message": "Cooldown 1.0s (after capture)", "data": {"w": 1}, "seq": 45570}
{"ts": "2026-05-01T19:05:37.323259+00:00", "level": "INFO", "jobId": "c4ed4b61-ea29-486c-b0be-ade597a22e6e", "keyword": "sắp khai trương", "step": "capture", "message": "Capturing posinset=22 (22/∞)…", "data": {"w": 1}, "seq": 45573}
{"ts": "2026-05-01T19:05:39.552125+00:00", "level": "INFO", "jobId": "c4ed4b61-ea29-486c-b0be-ade597a22e6e", "keyword": "sắp khai trương", "step": "capture", "message": "Saved post_022.png (posinset=22)", "data": {"w": 1}, "seq": 45577}
{"ts": "2026-05-01T19:05:39.554124+00:00", "level": "INFO", "jobId": "c4ed4b61-ea29-486c-b0be-ade597a22e6e", "keyword": "sắp khai trương", "step": "cooldown", "message": "Cooldown 1.0s (after capture)", "data": {"w": 1}, "seq": 45578}
{"ts": "2026-05-01T19:05:41.144153+00:00", "level": "INFO", "jobId": "c4ed4b61-ea29-486c-b0be-ade597a22e6e", "keyword": "sắp khai trương", "step": "heartbeat", "message": "Worker alive", "data": {"w": 1, "elapsed_s": 120}, "seq": 45583}
{"ts": "2026-05-01T19:05:41.146496+00:00", "level": "INFO", "jobId": "c4ed4b61-ea29-486c-b0be-ade597a22e6e", "keyword": "sắp khai trương", "step": "capture", "message": "Capturing posinset=23 (23/∞)…", "data": {"w": 1}, "seq": 45584}
{"ts": "2026-05-01T19:05:43.072051+00:00", "level": "INFO", "jobId": "c4ed4b61-ea29-486c-b0be-ade597a22e6e", "keyword": "sắp khai trương", "step": "capture", "message": "Saved post_023.png (posinset=23)", "data": {"w": 1}, "seq": 45590}
{"ts": "2026-05-01T19:05:43.072051+00:00", "level": "INFO", "jobId": "c4ed4b61-ea29-486c-b0be-ade597a22e6e", "keyword": "sắp khai trương", "step": "cooldown", "message": "Cooldown 1.0s (after capture)", "data": {"w": 1}, "seq": 45591}
{"ts": "2026-05-01T19:05:44.088920+00:00", "level": "INFO", "jobId": "c4ed4b61-ea29-486c-b0be-ade597a22e6e", "keyword": "sắp khai trương", "step": "capture", "message": "Capturing posinset=24 (24/∞)…", "data": {"w": 1}, "seq": 45595}
{"ts": "2026-05-01T19:05:46.395492+00:00", "level": "INFO", "jobId": "c4ed4b61-ea29-486c-b0be-ade597a22e6e", "keyword": "sắp khai trương", "step": "capture", "message": "Saved post_024.png (posinset=24)", "data": {"w": 1}, "seq": 45598}
{"ts": "2026-05-01T19:05:46.397493+00:00", "level": "INFO", "jobId": "c4ed4b61-ea29-486c-b0be-ade597a22e6e", "keyword": "sắp khai trương", "step": "cooldown", "message": "Cooldown 1.0s (after capture)", "data": {"w": 1}, "seq": 45599}
{"ts": "2026-05-01T19:05:47.451272+00:00", "level": "INFO", "jobId": "c4ed4b61-ea29-486c-b0be-ade597a22e6e", "keyword": "sắp khai trương", "step": "capture", "message": "Capturing posinset=25 (25/∞)…", "data": {"w": 1}, "seq": 45602}
{"ts": "2026-05-01T19:05:49.358657+00:00", "level": "INFO", "jobId": "c4ed4b61-ea29-486c-b0be-ade597a22e6e", "keyword": "sắp khai trương", "step": "capture", "message": "Saved post_025.png (posinset=25)", "data": {"w": 1}, "seq": 45607}
{"ts": "2026-05-01T19:05:49.361024+00:00", "level": "INFO", "jobId": "c4ed4b61-ea29-486c-b0be-ade597a22e6e", "keyword": "sắp khai trương", "step": "cooldown", "message": "Cooldown 1.0s (after capture)", "data": {"w": 1}, "seq": 45608}
{"ts": "2026-05-01T19:05:50.390402+00:00", "level": "INFO", "jobId": "c4ed4b61-ea29-486c-b0be-ade597a22e6e", "keyword": "sắp khai trương", "step": "capture", "message": "Capturing posinset=26 (26/∞)…", "data": {"w": 1}, "seq": 45611}
{"ts": "2026-05-01T19:05:52.435078+00:00", "level": "INFO", "jobId": "c4ed4b61-ea29-486c-b0be-ade597a22e6e", "keyword": "sắp khai trương", "step": "capture", "message": "Saved post_026.png (posinset=26)", "data": {"w": 1}, "seq": 45616}
{"ts": "2026-05-01T19:05:52.437278+00:00", "level": "INFO", "jobId": "c4ed4b61-ea29-486c-b0be-ade597a22e6e", "keyword": "sắp khai trương", "step": "cooldown", "message": "Cooldown 1.0s (after capture)", "data": {"w": 1}, "seq": 45617}
{"ts": "2026-05-01T19:05:53.469423+00:00", "level": "INFO", "jobId": "c4ed4b61-ea29-486c-b0be-ade597a22e6e", "keyword": "sắp khai trương", "step": "capture", "message": "Capturing posinset=27 (27/∞)…", "data": {"w": 1}, "seq": 45620}
{"ts": "2026-05-01T19:05:55.657782+00:00", "level": "INFO", "jobId": "c4ed4b61-ea29-486c-b0be-ade597a22e6e", "keyword": "sắp khai trương", "step": "capture", "message": "Saved post_027.png (posinset=27)", "data": {"w": 1}, "seq": 45625}
{"ts": "2026-05-01T19:05:55.658845+00:00", "level": "INFO", "jobId": "c4ed4b61-ea29-486c-b0be-ade597a22e6e", "keyword": "sắp khai trương", "step": "cooldown", "message": "Cooldown 1.0s (after capture)", "data": {"w": 1}, "seq": 45626}
{"ts": "2026-05-01T19:05:57.519934+00:00", "level": "INFO", "jobId": "c4ed4b61-ea29-486c-b0be-ade597a22e6e", "keyword": "sắp khai trương", "step": "heartbeat", "message": "Worker alive", "data": {"w": 1, "elapsed_s": 137}, "seq": 45629}
{"ts": "2026-05-01T19:05:57.523933+00:00", "level": "INFO", "jobId": "c4ed4b61-ea29-486c-b0be-ade597a22e6e", "keyword": "sắp khai trương", "step": "capture", "message": "Capturing posinset=28 (28/∞)…", "data": {"w": 1}, "seq": 45630}
{"ts": "2026-05-01T19:05:59.653058+00:00", "level": "INFO", "jobId": "c4ed4b61-ea29-486c-b0be-ade597a22e6e", "keyword": "sắp khai trương", "step": "capture", "message": "Saved post_028.png (posinset=28)", "data": {"w": 1}, "seq": 45637}
{"ts": "2026-05-01T19:05:59.654065+00:00", "level": "INFO", "jobId": "c4ed4b61-ea29-486c-b0be-ade597a22e6e", "keyword": "sắp khai trương", "step": "cooldown", "message": "Cooldown 1.0s (after capture)", "data": {"w": 1}, "seq": 45638}
{"ts": "2026-05-01T19:06:00.670977+00:00", "level": "INFO", "jobId": "c4ed4b61-ea29-486c-b0be-ade597a22e6e", "keyword": "sắp khai trương", "step": "capture", "message": "Capturing posinset=29 (29/∞)…", "data": {"w": 1}, "seq": 45642}
{"ts": "2026-05-01T19:06:02.369400+00:00", "level": "INFO", "jobId": "c4ed4b61-ea29-486c-b0be-ade597a22e6e", "keyword": "sắp khai trương", "step": "capture", "message": "Saved post_029.png (posinset=29)", "data": {"w": 1}, "seq": 45646}
{"ts": "2026-05-01T19:06:02.371399+00:00", "level": "INFO", "jobId": "c4ed4b61-ea29-486c-b0be-ade597a22e6e", "keyword": "sắp khai trương", "step": "cooldown", "message": "Cooldown 1.0s (after capture)", "data": {"w": 1}, "seq": 45647}
{"ts": "2026-05-01T19:06:03.424643+00:00", "level": "INFO", "jobId": "c4ed4b61-ea29-486c-b0be-ade597a22e6e", "keyword": "sắp khai trương", "step": "capture", "message": "Capturing posinset=30 (30/∞)…", "data": {"w": 1}, "seq": 45651}
{"ts": "2026-05-01T19:06:05.771751+00:00", "level": "INFO", "jobId": "c4ed4b61-ea29-486c-b0be-ade597a22e6e", "keyword": "sắp khai trương", "step": "capture", "message": "Saved post_030.png (posinset=30)", "data": {"w": 1}, "seq": 45653}
{"ts": "2026-05-01T19:06:05.773755+00:00", "level": "INFO", "jobId": "c4ed4b61-ea29-486c-b0be-ade597a22e6e", "keyword": "sắp khai trương", "step": "cooldown", "message": "Cooldown 1.0s (after capture)", "data": {"w": 1}, "seq": 45654}
{"ts": "2026-05-01T19:06:06.803384+00:00", "level": "INFO", "jobId": "c4ed4b61-ea29-486c-b0be-ade597a22e6e", "keyword": "sắp khai trương", "step": "capture", "message": "Capturing posinset=31 (31/∞)…", "data": {"w": 1}, "seq": 45658}
{"ts": "2026-05-01T19:06:08.473271+00:00", "level": "INFO", "jobId": "c4ed4b61-ea29-486c-b0be-ade597a22e6e", "keyword": "sắp khai trương", "step": "capture", "message": "Saved post_031.png (posinset=31)", "data": {"w": 1}, "seq": 45662}
{"ts": "2026-05-01T19:06:08.474310+00:00", "level": "INFO", "jobId": "c4ed4b61-ea29-486c-b0be-ade597a22e6e", "keyword": "sắp khai trương", "step": "cooldown", "message": "Cooldown 1.0s (after capture)", "data": {"w": 1}, "seq": 45663}
{"ts": "2026-05-01T19:06:09.501224+00:00", "level": "INFO", "jobId": "c4ed4b61-ea29-486c-b0be-ade597a22e6e", "keyword": "sắp khai trương", "step": "capture", "message": "Capturing posinset=32 (32/∞)…", "data": {"w": 1}, "seq": 45667}
{"ts": "2026-05-01T19:06:10.749572+00:00", "level": "INFO", "jobId": "c4ed4b61-ea29-486c-b0be-ade597a22e6e", "keyword": "sắp khai trương", "step": "capture", "message": "Saved post_032.png (posinset=32)", "data": {"w": 1}, "seq": 45671}
{"ts": "2026-05-01T19:06:10.751945+00:00", "level": "INFO", "jobId": "c4ed4b61-ea29-486c-b0be-ade597a22e6e", "keyword": "sắp khai trương", "step": "cooldown", "message": "Cooldown 1.0s (after capture)", "data": {"w": 1}, "seq": 45672}
{"ts": "2026-05-01T19:06:12.137889+00:00", "level": "INFO", "jobId": "c4ed4b61-ea29-486c-b0be-ade597a22e6e", "keyword": "sắp khai trương", "step": "capture", "message": "Capturing posinset=33 (33/∞)…", "data": {"w": 1}, "seq": 45676}
{"ts": "2026-05-01T19:06:14.959671+00:00", "level": "INFO", "jobId": "c4ed4b61-ea29-486c-b0be-ade597a22e6e", "keyword": "sắp khai trương", "step": "capture", "message": "Saved post_033.png (posinset=33)", "data": {"w": 1}, "seq": 45684}
{"ts": "2026-05-01T19:06:14.962017+00:00", "level": "INFO", "jobId": "c4ed4b61-ea29-486c-b0be-ade597a22e6e", "keyword": "sắp khai trương", "step": "cooldown", "message": "Cooldown 1.0s (after capture)", "data": {"w": 1}, "seq": 45685}
{"ts": "2026-05-01T19:06:15.982733+00:00", "level": "INFO", "jobId": "c4ed4b61-ea29-486c-b0be-ade597a22e6e", "keyword": "sắp khai trương", "step": "heartbeat", "message": "Worker alive", "data": {"w": 1, "elapsed_s": 155}, "seq": 45690}
{"ts": "2026-05-01T19:06:15.983851+00:00", "level": "INFO", "jobId": "c4ed4b61-ea29-486c-b0be-ade597a22e6e", "keyword": "sắp khai trương", "step": "capture", "message": "Capturing posinset=34 (34/∞)…", "data": {"w": 1}, "seq": 45691}
{"ts": "2026-05-01T19:06:17.956468+00:00", "level": "INFO", "jobId": "c4ed4b61-ea29-486c-b0be-ade597a22e6e", "keyword": "sắp khai trương", "step": "capture", "message": "Saved post_034.png (posinset=34)", "data": {"w": 1}, "seq": 45695}
{"ts": "2026-05-01T19:06:17.957465+00:00", "level": "INFO", "jobId": "c4ed4b61-ea29-486c-b0be-ade597a22e6e", "keyword": "sắp khai trương", "step": "cooldown", "message": "Cooldown 1.0s (after capture)", "data": {"w": 1}, "seq": 45696}
{"ts": "2026-05-01T19:06:18.984333+00:00", "level": "INFO", "jobId": "c4ed4b61-ea29-486c-b0be-ade597a22e6e", "keyword": "sắp khai trương", "step": "capture", "message": "Capturing posinset=35 (35/∞)…", "data": {"w": 1}, "seq": 45700}
{"ts": "2026-05-01T19:06:20.682929+00:00", "level": "INFO", "jobId": "c4ed4b61-ea29-486c-b0be-ade597a22e6e", "keyword": "sắp khai trương", "step": "capture", "message": "Saved post_035.png (posinset=35)", "data": {"w": 1}, "seq": 45705}
{"ts": "2026-05-01T19:06:20.683929+00:00", "level": "INFO", "jobId": "c4ed4b61-ea29-486c-b0be-ade597a22e6e", "keyword": "sắp khai trương", "step": "cooldown", "message": "Cooldown 1.0s (after capture)", "data": {"w": 1}, "seq": 45706}
{"ts": "2026-05-01T19:06:21.734862+00:00", "level": "INFO", "jobId": "c4ed4b61-ea29-486c-b0be-ade597a22e6e", "keyword": "sắp khai trương", "step": "capture", "message": "Capturing posinset=36 (36/∞)…", "data": {"w": 1}, "seq": 45709}
{"ts": "2026-05-01T19:06:24.370668+00:00", "level": "INFO", "jobId": "c4ed4b61-ea29-486c-b0be-ade597a22e6e", "keyword": "sắp khai trương", "step": "capture", "message": "Saved post_036.png (posinset=36)", "data": {"w": 1}, "seq": 45713}
{"ts": "2026-05-01T19:06:24.380669+00:00", "level": "INFO", "jobId": "c4ed4b61-ea29-486c-b0be-ade597a22e6e", "keyword": "sắp khai trương", "step": "cooldown", "message": "Cooldown 1.0s (after capture)", "data": {"w": 1}, "seq": 45714}
{"ts": "2026-05-01T19:06:25.439240+00:00", "level": "INFO", "jobId": "c4ed4b61-ea29-486c-b0be-ade597a22e6e", "keyword": "sắp khai trương", "step": "capture", "message": "Capturing posinset=37 (37/∞)…", "data": {"w": 1}, "seq": 45716}
{"ts": "2026-05-01T19:06:27.474925+00:00", "level": "INFO", "jobId": "c4ed4b61-ea29-486c-b0be-ade597a22e6e", "keyword": "sắp khai trương", "step": "capture", "message": "Saved post_037.png (posinset=37)", "data": {"w": 1}, "seq": 45721}
{"ts": "2026-05-01T19:06:27.477921+00:00", "level": "INFO", "jobId": "c4ed4b61-ea29-486c-b0be-ade597a22e6e", "keyword": "sắp khai trương", "step": "cooldown", "message": "Cooldown 1.0s (after capture)", "data": {"w": 1}, "seq": 45722}
{"ts": "2026-05-01T19:06:29.101673+00:00", "level": "INFO", "jobId": "c4ed4b61-ea29-486c-b0be-ade597a22e6e", "keyword": "sắp khai trương", "step": "capture", "message": "Capturing posinset=38 (38/∞)…", "data": {"w": 1}, "seq": 45725}
{"ts": "2026-05-01T19:06:31.350034+00:00", "level": "INFO", "jobId": "c4ed4b61-ea29-486c-b0be-ade597a22e6e", "keyword": "sắp khai trương", "step": "capture", "message": "Saved post_038.png (posinset=38)", "data": {"w": 1}, "seq": 45734}
{"ts": "2026-05-01T19:06:31.351453+00:00", "level": "INFO", "jobId": "c4ed4b61-ea29-486c-b0be-ade597a22e6e", "keyword": "sắp khai trương", "step": "cooldown", "message": "Cooldown 1.0s (after capture)", "data": {"w": 1}, "seq": 45735}
{"ts": "2026-05-01T19:06:32.371937+00:00", "level": "INFO", "jobId": "c4ed4b61-ea29-486c-b0be-ade597a22e6e", "keyword": "sắp khai trương", "step": "heartbeat", "message": "Worker alive", "data": {"w": 1, "elapsed_s": 171}, "seq": 45738}
{"ts": "2026-05-01T19:06:32.372938+00:00", "level": "INFO", "jobId": "c4ed4b61-ea29-486c-b0be-ade597a22e6e", "keyword": "sắp khai trương", "step": "capture", "message": "Capturing posinset=39 (39/∞)…", "data": {"w": 1}, "seq": 45739}
{"ts": "2026-05-01T19:06:33.783759+00:00", "level": "INFO", "jobId": "c4ed4b61-ea29-486c-b0be-ade597a22e6e", "keyword": "sắp khai trương", "step": "capture", "message": "Saved post_039.png (posinset=39)", "data": {"w": 1}, "seq": 45744}
{"ts": "2026-05-01T19:06:33.785116+00:00", "level": "INFO", "jobId": "c4ed4b61-ea29-486c-b0be-ade597a22e6e", "keyword": "sắp khai trương", "step": "cooldown", "message": "Cooldown 1.0s (after capture)", "data": {"w": 1}, "seq": 45745}
{"ts": "2026-05-01T19:06:34.815733+00:00", "level": "INFO", "jobId": "c4ed4b61-ea29-486c-b0be-ade597a22e6e", "keyword": "sắp khai trương", "step": "capture", "message": "Capturing posinset=40 (40/∞)…", "data": {"w": 1}, "seq": 45746}
{"ts": "2026-05-01T19:06:36.460376+00:00", "level": "INFO", "jobId": "c4ed4b61-ea29-486c-b0be-ade597a22e6e", "keyword": "sắp khai trương", "step": "capture", "message": "Saved post_040.png (posinset=40)", "data": {"w": 1}, "seq": 45752}
{"ts": "2026-05-01T19:06:36.461550+00:00", "level": "INFO", "jobId": "c4ed4b61-ea29-486c-b0be-ade597a22e6e", "keyword": "sắp khai trương", "step": "cooldown", "message": "Cooldown 1.0s (after capture)", "data": {"w": 1}, "seq": 45753}
{"ts": "2026-05-01T19:06:37.499369+00:00", "level": "INFO", "jobId": "c4ed4b61-ea29-486c-b0be-ade597a22e6e", "keyword": "sắp khai trương", "step": "capture", "message": "Capturing posinset=41 (41/∞)…", "data": {"w": 1}, "seq": 45755}
{"ts": "2026-05-01T19:06:39.066536+00:00", "level": "INFO", "jobId": "c4ed4b61-ea29-486c-b0be-ade597a22e6e", "keyword": "sắp khai trương", "step": "capture", "message": "Saved post_041.png (posinset=41)", "data": {"w": 1}, "seq": 45761}
{"ts": "2026-05-01T19:06:39.067539+00:00", "level": "INFO", "jobId": "c4ed4b61-ea29-486c-b0be-ade597a22e6e", "keyword": "sắp khai trương", "step": "cooldown", "message": "Cooldown 1.0s (after capture)", "data": {"w": 1}, "seq": 45762}
{"ts": "2026-05-01T19:06:40.107332+00:00", "level": "INFO", "jobId": "c4ed4b61-ea29-486c-b0be-ade597a22e6e", "keyword": "sắp khai trương", "step": "capture", "message": "Capturing posinset=42 (42/∞)…", "data": {"w": 1}, "seq": 45764}
{"ts": "2026-05-01T19:06:41.989393+00:00", "level": "INFO", "jobId": "c4ed4b61-ea29-486c-b0be-ade597a22e6e", "keyword": "sắp khai trương", "step": "capture", "message": "Saved post_042.png (posinset=42)", "data": {"w": 1}, "seq": 45767}
{"ts": "2026-05-01T19:06:41.994392+00:00", "level": "INFO", "jobId": "c4ed4b61-ea29-486c-b0be-ade597a22e6e", "keyword": "sắp khai trương", "step": "cooldown", "message": "Cooldown 1.0s (after capture)", "data": {"w": 1}, "seq": 45768}
{"ts": "2026-05-01T19:06:43.025795+00:00", "level": "INFO", "jobId": "c4ed4b61-ea29-486c-b0be-ade597a22e6e", "keyword": "sắp khai trương", "step": "capture", "message": "Capturing posinset=43 (43/∞)…", "data": {"w": 1}, "seq": 45770}
{"ts": "2026-05-01T19:06:44.859807+00:00", "level": "INFO", "jobId": "c4ed4b61-ea29-486c-b0be-ade597a22e6e", "keyword": "sắp khai trương", "step": "capture", "message": "Saved post_043.png (posinset=43)", "data": {"w": 1}, "seq": 45774}
{"ts": "2026-05-01T19:06:44.861806+00:00", "level": "INFO", "jobId": "c4ed4b61-ea29-486c-b0be-ade597a22e6e", "keyword": "sắp khai trương", "step": "cooldown", "message": "Cooldown 1.0s (after capture)", "data": {"w": 1}, "seq": 45775}
{"ts": "2026-05-01T19:06:46.707512+00:00", "level": "INFO", "jobId": "c4ed4b61-ea29-486c-b0be-ade597a22e6e", "keyword": "sắp khai trương", "step": "capture", "message": "Capturing posinset=44 (44/∞)…", "data": {"w": 1}, "seq": 45780}
{"ts": "2026-05-01T19:06:49.741067+00:00", "level": "INFO", "jobId": "c4ed4b61-ea29-486c-b0be-ade597a22e6e", "keyword": "sắp khai trương", "step": "capture", "message": "Saved post_044.png (posinset=44)", "data": {"w": 1}, "seq": 45788}
{"ts": "2026-05-01T19:06:49.748068+00:00", "level": "INFO", "jobId": "c4ed4b61-ea29-486c-b0be-ade597a22e6e", "keyword": "sắp khai trương", "step": "cooldown", "message": "Cooldown 1.0s (after capture)", "data": {"w": 1}, "seq": 45789}
{"ts": "2026-05-01T19:06:50.821570+00:00", "level": "INFO", "jobId": "c4ed4b61-ea29-486c-b0be-ade597a22e6e", "keyword": "sắp khai trương", "step": "heartbeat", "message": "Worker alive", "data": {"w": 1, "elapsed_s": 190}, "seq": 45792}
{"ts": "2026-05-01T19:06:50.827566+00:00", "level": "INFO", "jobId": "c4ed4b61-ea29-486c-b0be-ade597a22e6e", "keyword": "sắp khai trương", "step": "capture", "message": "Capturing posinset=45 (45/∞)…", "data": {"w": 1}, "seq": 45793}
{"ts": "2026-05-01T19:06:53.249356+00:00", "level": "INFO", "jobId": "c4ed4b61-ea29-486c-b0be-ade597a22e6e", "keyword": "sắp khai trương", "step": "capture", "message": "Saved post_045.png (posinset=45)", "data": {"w": 1}, "seq": 45799}
{"ts": "2026-05-01T19:06:53.251357+00:00", "level": "INFO", "jobId": "c4ed4b61-ea29-486c-b0be-ade597a22e6e", "keyword": "sắp khai trương", "step": "cooldown", "message": "Cooldown 1.0s (after capture)", "data": {"w": 1}, "seq": 45800}
{"ts": "2026-05-01T19:06:54.291368+00:00", "level": "INFO", "jobId": "c4ed4b61-ea29-486c-b0be-ade597a22e6e", "keyword": "sắp khai trương", "step": "capture", "message": "Capturing posinset=46 (46/∞)…", "data": {"w": 1}, "seq": 45803}
{"ts": "2026-05-01T19:06:56.931421+00:00", "level": "WARN", "jobId": "c4ed4b61-ea29-486c-b0be-ade597a22e6e", "keyword": "sắp khai trương", "step": "capture", "message": "Post screenshot error (will retry): posinset=46 err=[Errno 28] No space left on device", "data": {"w": 1}, "seq": 45810}
{"ts": "2026-05-01T19:06:56.973873+00:00", "level": "INFO", "jobId": "c4ed4b61-ea29-486c-b0be-ade597a22e6e", "keyword": "sắp khai trương", "step": "capture", "message": "Capturing posinset=46 (46/∞)…", "data": {"w": 1}, "seq": 45811}
{"ts": "2026-05-01T19:06:58.439256+00:00", "level": "WARN", "jobId": "c4ed4b61-ea29-486c-b0be-ade597a22e6e", "keyword": "sắp khai trương", "step": "capture", "message": "Post screenshot error (will retry): posinset=46 err=[Errno 28] No space left on device", "data": {"w": 1}, "seq": 45814}
{"ts": "2026-05-01T19:06:58.470255+00:00", "level": "INFO", "jobId": "c4ed4b61-ea29-486c-b0be-ade597a22e6e", "keyword": "sắp khai trương", "step": "capture", "message": "Capturing posinset=46 (46/∞)…", "data": {"w": 1}, "seq": 45815}
{"ts": "2026-05-01T19:07:00.023510+00:00", "level": "WARN", "jobId": "c4ed4b61-ea29-486c-b0be-ade597a22e6e", "keyword": "sắp khai trương", "step": "capture", "message": "Post screenshot error (will retry): posinset=46 err=[Errno 28] No space left on device", "data": {"w": 1}, "seq": 45820}
{"ts": "2026-05-01T19:07:00.046662+00:00", "level": "INFO", "jobId": "c4ed4b61-ea29-486c-b0be-ade597a22e6e", "keyword": "sắp khai trương", "step": "capture", "message": "Capturing posinset=46 (46/∞)…", "data": {"w": 1}, "seq": 45821}
{"ts": "2026-05-01T19:07:01.576973+00:00", "level": "WARN", "jobId": "c4ed4b61-ea29-486c-b0be-ade597a22e6e", "keyword": "sắp khai trương", "step": "capture", "message": "Post screenshot error (will retry): posinset=46 err=[Errno 28] No space left on device", "data": {"w": 1}, "seq": 45824}
{"ts": "2026-05-01T19:07:01.603665+00:00", "level": "INFO", "jobId": "c4ed4b61-ea29-486c-b0be-ade597a22e6e", "keyword": "sắp khai trương", "step": "capture", "message": "Capturing posinset=46 (46/∞)…", "data": {"w": 1}, "seq": 45826}
{"ts": "2026-05-01T19:07:03.063045+00:00", "level": "WARN", "jobId": "c4ed4b61-ea29-486c-b0be-ade597a22e6e", "keyword": "sắp khai trương", "step": "capture", "message": "Post screenshot error (will retry): posinset=46 err=[Errno 28] No space left on device", "data": {"w": 1}, "seq": 45831}
{"ts": "2026-05-01T19:07:03.092298+00:00", "level": "INFO", "jobId": "c4ed4b61-ea29-486c-b0be-ade597a22e6e", "keyword": "sắp khai trương", "step": "capture", "message": "Capturing posinset=46 (46/∞)…", "data": {"w": 1}, "seq": 45832}
{"ts": "2026-05-01T19:07:04.582000+00:00", "level": "WARN", "jobId": "c4ed4b61-ea29-486c-b0be-ade597a22e6e", "keyword": "sắp khai trương", "step": "capture", "message": "Post screenshot error (will retry): posinset=46 err=[Errno 28] No space left on device", "data": {"w": 1}, "seq": 45838}
{"ts": "2026-05-01T19:07:04.611769+00:00", "level": "INFO", "jobId": "c4ed4b61-ea29-486c-b0be-ade597a22e6e", "keyword": "sắp khai trương", "step": "capture", "message": "Capturing posinset=46 (46/∞)…", "data": {"w": 1}, "seq": 45839}
{"ts": "2026-05-01T19:07:06.124483+00:00", "level": "WARN", "jobId": "c4ed4b61-ea29-486c-b0be-ade597a22e6e", "keyword": "sắp khai trương", "step": "capture", "message": "Post screenshot error (will retry): posinset=46 err=[Errno 28] No space left on device", "data": {"w": 1}, "seq": 45844}
{"ts": "2026-05-01T19:07:06.147529+00:00", "level": "INFO", "jobId": "c4ed4b61-ea29-486c-b0be-ade597a22e6e", "keyword": "sắp khai trương", "step": "heartbeat", "message": "Worker alive", "data": {"w": 1, "elapsed_s": 205}, "seq": 45845}
{"ts": "2026-05-01T19:07:06.149530+00:00", "level": "INFO", "jobId": "c4ed4b61-ea29-486c-b0be-ade597a22e6e", "keyword": "sắp khai trương", "step": "capture", "message": "Capturing posinset=46 (46/∞)…", "data": {"w": 1}, "seq": 45846}
{"ts": "2026-05-01T19:07:07.645113+00:00", "level": "WARN", "jobId": "c4ed4b61-ea29-486c-b0be-ade597a22e6e", "keyword": "sắp khai trương", "step": "capture", "message": "Post screenshot error (will retry): posinset=46 err=[Errno 28] No space left on device", "data": {"w": 1}, "seq": 45851}
{"ts": "2026-05-01T19:07:07.669742+00:00", "level": "INFO", "jobId": "c4ed4b61-ea29-486c-b0be-ade597a22e6e", "keyword": "sắp khai trương", "step": "capture", "message": "Capturing posinset=46 (46/∞)…", "data": {"w": 1}, "seq": 45852}
{"ts": "2026-05-01T19:07:09.065473+00:00", "level": "WARN", "jobId": "c4ed4b61-ea29-486c-b0be-ade597a22e6e", "keyword": "sắp khai trương", "step": "capture", "message": "Post screenshot error (will retry): posinset=46 err=[Errno 28] No space left on device", "data": {"w": 1}, "seq": 45857}
{"ts": "2026-05-01T19:07:09.095275+00:00", "level": "INFO", "jobId": "c4ed4b61-ea29-486c-b0be-ade597a22e6e", "keyword": "sắp khai trương", "step": "capture", "message": "Capturing posinset=46 (46/∞)…", "data": {"w": 1}, "seq": 45858}
{"ts": "2026-05-01T19:07:10.507945+00:00", "level": "WARN", "jobId": "c4ed4b61-ea29-486c-b0be-ade597a22e6e", "keyword": "sắp khai trương", "step": "capture", "message": "Post screenshot error (will retry): posinset=46 err=[Errno 28] No space left on device", "data": {"w": 1}, "seq": 45863}
{"ts": "2026-05-01T19:07:10.530372+00:00", "level": "INFO", "jobId": "c4ed4b61-ea29-486c-b0be-ade597a22e6e", "keyword": "sắp khai trương", "step": "capture", "message": "Capturing posinset=46 (46/∞)…", "data": {"w": 1}, "seq": 45864}
{"ts": "2026-05-01T19:07:12.058155+00:00", "level": "WARN", "jobId": "c4ed4b61-ea29-486c-b0be-ade597a22e6e", "keyword": "sắp khai trương", "step": "capture", "message": "Post screenshot error (will retry): posinset=46 err=[Errno 28] No space left on device", "data": {"w": 1}, "seq": 45869}
{"ts": "2026-05-01T19:07:12.081199+00:00", "level": "INFO", "jobId": "c4ed4b61-ea29-486c-b0be-ade597a22e6e", "keyword": "sắp khai trương", "step": "capture", "message": "Capturing posinset=46 (46/∞)…", "data": {"w": 1}, "seq": 45870}
{"ts": "2026-05-01T19:07:13.562520+00:00", "level": "WARN", "jobId": "c4ed4b61-ea29-486c-b0be-ade597a22e6e", "keyword": "sắp khai trương", "step": "capture", "message": "Post screenshot error (will retry): posinset=46 err=[Errno 28] No space left on device", "data": {"w": 1}, "seq": 45875}
{"ts": "2026-05-01T19:07:13.585146+00:00", "level": "INFO", "jobId": "c4ed4b61-ea29-486c-b0be-ade597a22e6e", "keyword": "sắp khai trương", "step": "capture", "message": "Capturing posinset=46 (46/∞)…", "data": {"w": 1}, "seq": 45876}
{"ts": "2026-05-01T19:07:15.083110+00:00", "level": "WARN", "jobId": "c4ed4b61-ea29-486c-b0be-ade597a22e6e", "keyword": "sắp khai trương", "step": "capture", "message": "Post screenshot error (will retry): posinset=46 err=[Errno 28] No space left on device", "data": {"w": 1}, "seq": 45881}
{"ts": "2026-05-01T19:07:15.104807+00:00", "level": "INFO", "jobId": "c4ed4b61-ea29-486c-b0be-ade597a22e6e", "keyword": "sắp khai trương", "step": "capture", "message": "Capturing posinset=46 (46/∞)…", "data": {"w": 1}, "seq": 45882}
{"ts": "2026-05-01T19:07:16.614557+00:00", "level": "WARN", "jobId": "c4ed4b61-ea29-486c-b0be-ade597a22e6e", "keyword": "sắp khai trương", "step": "capture", "message": "Post screenshot error (will retry): posinset=46 err=[Errno 28] No space left on device", "data": {"w": 1}, "seq": 45885}
{"ts": "2026-05-01T19:07:16.642942+00:00", "level": "INFO", "jobId": "c4ed4b61-ea29-486c-b0be-ade597a22e6e", "keyword": "sắp khai trương", "step": "capture", "message": "Capturing posinset=46 (46/∞)…", "data": {"w": 1}, "seq": 45886}
{"ts": "2026-05-01T19:07:18.163444+00:00", "level": "WARN", "jobId": "c4ed4b61-ea29-486c-b0be-ade597a22e6e", "keyword": "sắp khai trương", "step": "capture", "message": "Post screenshot error (will retry): posinset=46 err=[Errno 28] No space left on device", "data": {"w": 1}, "seq": 45892}
{"ts": "2026-05-01T19:07:18.194025+00:00", "level": "INFO", "jobId": "c4ed4b61-ea29-486c-b0be-ade597a22e6e", "keyword": "sắp khai trương", "step": "capture", "message": "Capturing posinset=46 (46/∞)…", "data": {"w": 1}, "seq": 45893}
{"ts": "2026-05-01T19:07:19.540548+00:00", "level": "WARN", "jobId": "c4ed4b61-ea29-486c-b0be-ade597a22e6e", "keyword": "sắp khai trương", "step": "capture", "message": "Post screenshot error (will retry): posinset=46 err=[Errno 28] No space left on device", "data": {"w": 1}, "seq": 45899}
{"ts": "2026-05-01T19:07:28.241869+00:00", "level": "INFO", "jobId": "c4ed4b61-ea29-486c-b0be-ade597a22e6e", "keyword": "sắp khai trương", "step": "capture", "message": "Capturing posinset=46 (46/∞)…", "data": {"w": 1}, "seq": 45936}
{"ts": "2026-05-01T19:07:30.136479+00:00", "level": "INFO", "jobId": "c4ed4b61-ea29-486c-b0be-ade597a22e6e", "keyword": "sắp khai trương", "step": "capture", "message": "Saved post_046.png (posinset=46)", "data": {"w": 1}, "seq": 45940}
{"ts": "2026-05-01T19:07:30.138472+00:00", "level": "INFO", "jobId": "c4ed4b61-ea29-486c-b0be-ade597a22e6e", "keyword": "sắp khai trương", "step": "cooldown", "message": "Cooldown 1.0s (after capture)", "data": {"w": 1}, "seq": 45941}
{"ts": "2026-05-01T19:07:31.165487+00:00", "level": "INFO", "jobId": "c4ed4b61-ea29-486c-b0be-ade597a22e6e", "keyword": "sắp khai trương", "step": "capture", "message": "Capturing posinset=47 (47/∞)…", "data": {"w": 1}, "seq": 45944}
{"ts": "2026-05-01T19:07:32.610345+00:00", "level": "INFO", "jobId": "c4ed4b61-ea29-486c-b0be-ade597a22e6e", "keyword": "sắp khai trương", "step": "capture", "message": "Saved post_047.png (posinset=47)", "data": {"w": 1}, "seq": 45946}
{"ts": "2026-05-01T19:07:32.611357+00:00", "level": "INFO", "jobId": "c4ed4b61-ea29-486c-b0be-ade597a22e6e", "keyword": "sắp khai trương", "step": "cooldown", "message": "Cooldown 1.0s (after capture)", "data": {"w": 1}, "seq": 45947}
{"ts": "2026-05-01T19:07:33.627989+00:00", "level": "INFO", "jobId": "c4ed4b61-ea29-486c-b0be-ade597a22e6e", "keyword": "sắp khai trương", "step": "capture", "message": "Capturing posinset=48 (48/∞)…", "data": {"w": 1}, "seq": 45948}
{"ts": "2026-05-01T19:07:35.222251+00:00", "level": "INFO", "jobId": "c4ed4b61-ea29-486c-b0be-ade597a22e6e", "keyword": "sắp khai trương", "step": "capture", "message": "Saved post_048.png (posinset=48)", "data": {"w": 1}, "seq": 45953}
{"ts": "2026-05-01T19:07:35.222251+00:00", "level": "INFO", "jobId": "c4ed4b61-ea29-486c-b0be-ade597a22e6e", "keyword": "sắp khai trương", "step": "cooldown", "message": "Cooldown 1.0s (after capture)", "data": {"w": 1}, "seq": 45954}
{"ts": "2026-05-01T19:07:36.776383+00:00", "level": "INFO", "jobId": "c4ed4b61-ea29-486c-b0be-ade597a22e6e", "keyword": "sắp khai trương", "step": "capture", "message": "Capturing posinset=49 (49/∞)…", "data": {"w": 1}, "seq": 45955}
{"ts": "2026-05-01T19:07:39.314089+00:00", "level": "INFO", "jobId": "c4ed4b61-ea29-486c-b0be-ade597a22e6e", "keyword": "sắp khai trương", "step": "capture", "message": "Saved post_049.png (posinset=49)", "data": {"w": 1}, "seq": 45959}
{"ts": "2026-05-01T19:07:39.316552+00:00", "level": "INFO", "jobId": "c4ed4b61-ea29-486c-b0be-ade597a22e6e", "keyword": "sắp khai trương", "step": "cooldown", "message": "Cooldown 1.0s (after capture)", "data": {"w": 1}, "seq": 45960}
{"ts": "2026-05-01T19:07:40.360732+00:00", "level": "INFO", "jobId": "c4ed4b61-ea29-486c-b0be-ade597a22e6e", "keyword": "sắp khai trương", "step": "heartbeat", "message": "Worker alive", "data": {"w": 1, "elapsed_s": 239}, "seq": 45962}
{"ts": "2026-05-01T19:07:40.364732+00:00", "level": "INFO", "jobId": "c4ed4b61-ea29-486c-b0be-ade597a22e6e", "keyword": "sắp khai trương", "step": "capture", "message": "Capturing posinset=50 (50/∞)…", "data": {"w": 1}, "seq": 45963}
{"ts": "2026-05-01T19:07:43.219122+00:00", "level": "INFO", "jobId": "c4ed4b61-ea29-486c-b0be-ade597a22e6e", "keyword": "sắp khai trương", "step": "capture", "message": "Saved post_050.png (posinset=50)", "data": {"w": 1}, "seq": 45964}
{"ts": "2026-05-01T19:07:43.221121+00:00", "level": "INFO", "jobId": "c4ed4b61-ea29-486c-b0be-ade597a22e6e", "keyword": "sắp khai trương", "step": "cooldown", "message": "Cooldown 1.0s (after capture)", "data": {"w": 1}, "seq": 45965}
{"ts": "2026-05-01T19:07:44.277105+00:00", "level": "INFO", "jobId": "c4ed4b61-ea29-486c-b0be-ade597a22e6e", "keyword": "sắp khai trương", "step": "capture", "message": "Capturing posinset=51 (51/∞)…", "data": {"w": 1}, "seq": 45968}
{"ts": "2026-05-01T19:07:46.898957+00:00", "level": "INFO", "jobId": "c4ed4b61-ea29-486c-b0be-ade597a22e6e", "keyword": "sắp khai trương", "step": "capture", "message": "Saved post_051.png (posinset=51)", "data": {"w": 1}, "seq": 45972}
{"ts": "2026-05-01T19:07:46.913954+00:00", "level": "INFO", "jobId": "c4ed4b61-ea29-486c-b0be-ade597a22e6e", "keyword": "sắp khai trương", "step": "cooldown", "message": "Cooldown 1.0s (after capture)", "data": {"w": 1}, "seq": 45973}
{"ts": "2026-05-01T19:07:48.003721+00:00", "level": "INFO", "jobId": "c4ed4b61-ea29-486c-b0be-ade597a22e6e", "keyword": "sắp khai trương", "step": "capture", "message": "Capturing posinset=52 (52/∞)…", "data": {"w": 1}, "seq": 45974}
{"ts": "2026-05-01T19:07:50.572315+00:00", "level": "INFO", "jobId": "c4ed4b61-ea29-486c-b0be-ade597a22e6e", "keyword": "sắp khai trương", "step": "capture", "message": "Saved post_052.png (posinset=52)", "data": {"w": 1}, "seq": 45980}
{"ts": "2026-05-01T19:07:50.573315+00:00", "level": "INFO", "jobId": "c4ed4b61-ea29-486c-b0be-ade597a22e6e", "keyword": "sắp khai trương", "step": "cooldown", "message": "Cooldown 1.0s (after capture)", "data": {"w": 1}, "seq": 45981}
{"ts": "2026-05-01T19:07:51.638543+00:00", "level": "INFO", "jobId": "c4ed4b61-ea29-486c-b0be-ade597a22e6e", "keyword": "sắp khai trương", "step": "capture", "message": "Capturing posinset=53 (53/∞)…", "data": {"w": 1}, "seq": 45982}
{"ts": "2026-05-01T19:07:54.387813+00:00", "level": "INFO", "jobId": "c4ed4b61-ea29-486c-b0be-ade597a22e6e", "keyword": "sắp khai trương", "step": "capture", "message": "Saved post_053.png (posinset=53)", "data": {"w": 1}, "seq": 45989}
{"ts": "2026-05-01T19:07:54.390812+00:00", "level": "INFO", "jobId": "c4ed4b61-ea29-486c-b0be-ade597a22e6e", "keyword": "sắp khai trương", "step": "cooldown", "message": "Cooldown 1.0s (after capture)", "data": {"w": 1}, "seq": 45990}
{"ts": "2026-05-01T19:07:55.452750+00:00", "level": "INFO", "jobId": "c4ed4b61-ea29-486c-b0be-ade597a22e6e", "keyword": "sắp khai trương", "step": "heartbeat", "message": "Worker alive", "data": {"w": 1, "elapsed_s": 255}, "seq": 45991}
{"ts": "2026-05-01T19:07:55.454751+00:00", "level": "INFO", "jobId": "c4ed4b61-ea29-486c-b0be-ade597a22e6e", "keyword": "sắp khai trương", "step": "capture", "message": "Capturing posinset=54 (54/∞)…", "data": {"w": 1}, "seq": 45992}
{"ts": "2026-05-01T19:08:01.021669+00:00", "level": "INFO", "jobId": "c4ed4b61-ea29-486c-b0be-ade597a22e6e", "keyword": "sắp khai trương", "step": "capture", "message": "Capturing posinset=54 (54/∞)…", "data": {"w": 1}, "seq": 45999}
{"ts": "2026-05-01T19:08:03.184261+00:00", "level": "INFO", "jobId": "c4ed4b61-ea29-486c-b0be-ade597a22e6e", "keyword": "sắp khai trương", "step": "capture", "message": "Saved post_054.png (posinset=54)", "data": {"w": 1}, "seq": 46006}
{"ts": "2026-05-01T19:08:03.185263+00:00", "level": "INFO", "jobId": "c4ed4b61-ea29-486c-b0be-ade597a22e6e", "keyword": "sắp khai trương", "step": "cooldown", "message": "Cooldown 1.0s (after capture)", "data": {"w": 1}, "seq": 46007}
{"ts": "2026-05-01T19:08:04.206370+00:00", "level": "INFO", "jobId": "c4ed4b61-ea29-486c-b0be-ade597a22e6e", "keyword": "sắp khai trương", "step": "capture", "message": "Capturing posinset=55 (55/∞)…", "data": {"w": 1}, "seq": 46009}
{"ts": "2026-05-01T19:08:06.000525+00:00", "level": "INFO", "jobId": "c4ed4b61-ea29-486c-b0be-ade597a22e6e", "keyword": "sắp khai trương", "step": "capture", "message": "Saved post_055.png (posinset=55)", "data": {"w": 1}, "seq": 46015}
{"ts": "2026-05-01T19:08:06.003525+00:00", "level": "INFO", "jobId": "c4ed4b61-ea29-486c-b0be-ade597a22e6e", "keyword": "sắp khai trương", "step": "cooldown", "message": "Cooldown 1.0s (after capture)", "data": {"w": 1}, "seq": 46016}
{"ts": "2026-05-01T19:08:07.133975+00:00", "level": "INFO", "jobId": "c4ed4b61-ea29-486c-b0be-ade597a22e6e", "keyword": "sắp khai trương", "step": "capture", "message": "Capturing posinset=56 (56/∞)…", "data": {"w": 1}, "seq": 46018}
{"ts": "2026-05-01T19:08:09.197896+00:00", "level": "INFO", "jobId": "c4ed4b61-ea29-486c-b0be-ade597a22e6e", "keyword": "sắp khai trương", "step": "capture", "message": "Saved post_056.png (posinset=56)", "data": {"w": 1}, "seq": 46026}
{"ts": "2026-05-01T19:08:09.199922+00:00", "level": "INFO", "jobId": "c4ed4b61-ea29-486c-b0be-ade597a22e6e", "keyword": "sắp khai trương", "step": "cooldown", "message": "Cooldown 1.0s (after capture)", "data": {"w": 1}, "seq": 46027}
{"ts": "2026-05-01T19:08:10.252919+00:00", "level": "INFO", "jobId": "c4ed4b61-ea29-486c-b0be-ade597a22e6e", "keyword": "sắp khai trương", "step": "capture", "message": "Capturing posinset=57 (57/∞)…", "data": {"w": 1}, "seq": 46030}
{"ts": "2026-05-01T19:08:12.006343+00:00", "level": "INFO", "jobId": "c4ed4b61-ea29-486c-b0be-ade597a22e6e", "keyword": "sắp khai trương", "step": "capture", "message": "Saved post_057.png (posinset=57)", "data": {"w": 1}, "seq": 46036}
{"ts": "2026-05-01T19:08:12.008595+00:00", "level": "INFO", "jobId": "c4ed4b61-ea29-486c-b0be-ade597a22e6e", "keyword": "sắp khai trương", "step": "cooldown", "message": "Cooldown 1.0s (after capture)", "data": {"w": 1}, "seq": 46037}
{"ts": "2026-05-01T19:08:14.149585+00:00", "level": "INFO", "jobId": "c4ed4b61-ea29-486c-b0be-ade597a22e6e", "keyword": "sắp khai trương", "step": "heartbeat", "message": "Worker alive", "data": {"w": 1, "elapsed_s": 273}, "seq": 46043}
{"ts": "2026-05-01T19:08:14.153584+00:00", "level": "INFO", "jobId": "c4ed4b61-ea29-486c-b0be-ade597a22e6e", "keyword": "sắp khai trương", "step": "capture", "message": "Capturing posinset=58 (58/∞)…", "data": {"w": 1}, "seq": 46044}
{"ts": "2026-05-01T19:08:17.706209+00:00", "level": "INFO", "jobId": "c4ed4b61-ea29-486c-b0be-ade597a22e6e", "keyword": "sắp khai trương", "step": "capture", "message": "Saved post_058.png (posinset=58)", "data": {"w": 1}, "seq": 46049}
{"ts": "2026-05-01T19:08:17.707255+00:00", "level": "INFO", "jobId": "c4ed4b61-ea29-486c-b0be-ade597a22e6e", "keyword": "sắp khai trương", "step": "cooldown", "message": "Cooldown 1.0s (after capture)", "data": {"w": 1}, "seq": 46050}
{"ts": "2026-05-01T19:08:18.736489+00:00", "level": "INFO", "jobId": "c4ed4b61-ea29-486c-b0be-ade597a22e6e", "keyword": "sắp khai trương", "step": "capture", "message": "Capturing posinset=59 (59/∞)…", "data": {"w": 1}, "seq": 46055}
{"ts": "2026-05-01T19:08:20.500406+00:00", "level": "INFO", "jobId": "c4ed4b61-ea29-486c-b0be-ade597a22e6e", "keyword": "sắp khai trương", "step": "capture", "message": "Saved post_059.png (posinset=59)", "data": {"w": 1}, "seq": 46058}
{"ts": "2026-05-01T19:08:20.504406+00:00", "level": "INFO", "jobId": "c4ed4b61-ea29-486c-b0be-ade597a22e6e", "keyword": "sắp khai trương", "step": "cooldown", "message": "Cooldown 1.0s (after capture)", "data": {"w": 1}, "seq": 46059}
{"ts": "2026-05-01T19:08:21.604222+00:00", "level": "INFO", "jobId": "c4ed4b61-ea29-486c-b0be-ade597a22e6e", "keyword": "sắp khai trương", "step": "capture", "message": "Capturing posinset=60 (60/∞)…", "data": {"w": 1}, "seq": 46064}
{"ts": "2026-05-01T19:08:23.521237+00:00", "level": "INFO", "jobId": "c4ed4b61-ea29-486c-b0be-ade597a22e6e", "keyword": "sắp khai trương", "step": "capture", "message": "Saved post_060.png (posinset=60)", "data": {"w": 1}, "seq": 46069}
{"ts": "2026-05-01T19:08:23.522238+00:00", "level": "INFO", "jobId": "c4ed4b61-ea29-486c-b0be-ade597a22e6e", "keyword": "sắp khai trương", "step": "cooldown", "message": "Cooldown 1.0s (after capture)", "data": {"w": 1}, "seq": 46070}
{"ts": "2026-05-01T19:08:24.558696+00:00", "level": "INFO", "jobId": "c4ed4b61-ea29-486c-b0be-ade597a22e6e", "keyword": "sắp khai trương", "step": "capture", "message": "Capturing posinset=61 (61/∞)…", "data": {"w": 1}, "seq": 46071}
{"ts": "2026-05-01T19:08:27.439240+00:00", "level": "INFO", "jobId": "c4ed4b61-ea29-486c-b0be-ade597a22e6e", "keyword": "sắp khai trương", "step": "capture", "message": "Saved post_061.png (posinset=61)", "data": {"w": 1}, "seq": 46079}
{"ts": "2026-05-01T19:08:27.441515+00:00", "level": "INFO", "jobId": "c4ed4b61-ea29-486c-b0be-ade597a22e6e", "keyword": "sắp khai trương", "step": "cooldown", "message": "Cooldown 1.0s (after capture)", "data": {"w": 1}, "seq": 46080}
{"ts": "2026-05-01T19:08:28.465992+00:00", "level": "INFO", "jobId": "c4ed4b61-ea29-486c-b0be-ade597a22e6e", "keyword": "sắp khai trương", "step": "capture", "message": "Capturing posinset=62 (62/∞)…", "data": {"w": 1}, "seq": 46085}
{"ts": "2026-05-01T19:08:30.190490+00:00", "level": "INFO", "jobId": "c4ed4b61-ea29-486c-b0be-ade597a22e6e", "keyword": "sắp khai trương", "step": "capture", "message": "Saved post_062.png (posinset=62)", "data": {"w": 1}, "seq": 46090}
{"ts": "2026-05-01T19:08:30.191596+00:00", "level": "INFO", "jobId": "c4ed4b61-ea29-486c-b0be-ade597a22e6e", "keyword": "sắp khai trương", "step": "cooldown", "message": "Cooldown 1.0s (after capture)", "data": {"w": 1}, "seq": 46091}
{"ts": "2026-05-01T19:08:31.240185+00:00", "level": "INFO", "jobId": "c4ed4b61-ea29-486c-b0be-ade597a22e6e", "keyword": "sắp khai trương", "step": "heartbeat", "message": "Worker alive", "data": {"w": 1, "elapsed_s": 290}, "seq": 46094}
{"ts": "2026-05-01T19:08:31.241185+00:00", "level": "INFO", "jobId": "c4ed4b61-ea29-486c-b0be-ade597a22e6e", "keyword": "sắp khai trương", "step": "capture", "message": "Capturing posinset=63 (63/∞)…", "data": {"w": 1}, "seq": 46095}
{"ts": "2026-05-01T19:08:33.196011+00:00", "level": "INFO", "jobId": "c4ed4b61-ea29-486c-b0be-ade597a22e6e", "keyword": "sắp khai trương", "step": "capture", "message": "Saved post_063.png (posinset=63)", "data": {"w": 1}, "seq": 46100}
{"ts": "2026-05-01T19:08:33.198007+00:00", "level": "INFO", "jobId": "c4ed4b61-ea29-486c-b0be-ade597a22e6e", "keyword": "sắp khai trương", "step": "cooldown", "message": "Cooldown 1.0s (after capture)", "data": {"w": 1}, "seq": 46101}
{"ts": "2026-05-01T19:08:34.482423+00:00", "level": "INFO", "jobId": "c4ed4b61-ea29-486c-b0be-ade597a22e6e", "keyword": "sắp khai trương", "step": "capture", "message": "Capturing posinset=64 (64/∞)…", "data": {"w": 1}, "seq": 46106}
{"ts": "2026-05-01T19:08:39.391612+00:00", "level": "INFO", "jobId": "c4ed4b61-ea29-486c-b0be-ade597a22e6e", "keyword": "sắp khai trương", "step": "capture", "message": "Saved post_064.png (posinset=64)", "data": {"w": 1}, "seq": 46111}
{"ts": "2026-05-01T19:08:39.394046+00:00", "level": "INFO", "jobId": "c4ed4b61-ea29-486c-b0be-ade597a22e6e", "keyword": "sắp khai trương", "step": "cooldown", "message": "Cooldown 1.0s (after capture)", "data": {"w": 1}, "seq": 46112}
{"ts": "2026-05-01T19:08:40.432347+00:00", "level": "INFO", "jobId": "c4ed4b61-ea29-486c-b0be-ade597a22e6e", "keyword": "sắp khai trương", "step": "capture", "message": "Capturing posinset=65 (65/∞)…", "data": {"w": 1}, "seq": 46116}
{"ts": "2026-05-01T19:08:42.158314+00:00", "level": "INFO", "jobId": "c4ed4b61-ea29-486c-b0be-ade597a22e6e", "keyword": "sắp khai trương", "step": "capture", "message": "Saved post_065.png (posinset=65)", "data": {"w": 1}, "seq": 46122}
{"ts": "2026-05-01T19:08:42.159656+00:00", "level": "INFO", "jobId": "c4ed4b61-ea29-486c-b0be-ade597a22e6e", "keyword": "sắp khai trương", "step": "cooldown", "message": "Cooldown 1.0s (after capture)", "data": {"w": 1}, "seq": 46123}
{"ts": "2026-05-01T19:08:43.192516+00:00", "level": "INFO", "jobId": "c4ed4b61-ea29-486c-b0be-ade597a22e6e", "keyword": "sắp khai trương", "step": "capture", "message": "Capturing posinset=66 (66/∞)…", "data": {"w": 1}, "seq": 46127}
{"ts": "2026-05-01T19:08:45.758696+00:00", "level": "INFO", "jobId": "c4ed4b61-ea29-486c-b0be-ade597a22e6e", "keyword": "sắp khai trương", "step": "capture", "message": "Saved post_066.png (posinset=66)", "data": {"w": 1}, "seq": 46134}
{"ts": "2026-05-01T19:08:45.762693+00:00", "level": "INFO", "jobId": "c4ed4b61-ea29-486c-b0be-ade597a22e6e", "keyword": "sắp khai trương", "step": "cooldown", "message": "Cooldown 1.0s (after capture)", "data": {"w": 1}, "seq": 46135}
{"ts": "2026-05-01T19:08:46.812781+00:00", "level": "INFO", "jobId": "c4ed4b61-ea29-486c-b0be-ade597a22e6e", "keyword": "sắp khai trương", "step": "heartbeat", "message": "Worker alive", "data": {"w": 1, "elapsed_s": 306}, "seq": 46140}
{"ts": "2026-05-01T19:08:46.813786+00:00", "level": "INFO", "jobId": "c4ed4b61-ea29-486c-b0be-ade597a22e6e", "keyword": "sắp khai trương", "step": "capture", "message": "Capturing posinset=67 (67/∞)…", "data": {"w": 1}, "seq": 46141}
{"ts": "2026-05-01T19:08:48.883369+00:00", "level": "INFO", "jobId": "c4ed4b61-ea29-486c-b0be-ade597a22e6e", "keyword": "sắp khai trương", "step": "capture", "message": "Saved post_067.png (posinset=67)", "data": {"w": 1}, "seq": 46146}
{"ts": "2026-05-01T19:08:48.884376+00:00", "level": "INFO", "jobId": "c4ed4b61-ea29-486c-b0be-ade597a22e6e", "keyword": "sắp khai trương", "step": "cooldown", "message": "Cooldown 1.0s (after capture)", "data": {"w": 1}, "seq": 46147}
{"ts": "2026-05-01T19:08:50.688070+00:00", "level": "INFO", "jobId": "c4ed4b61-ea29-486c-b0be-ade597a22e6e", "keyword": "sắp khai trương", "step": "capture", "message": "Capturing posinset=68 (68/∞)…", "data": {"w": 1}, "seq": 46152}
{"ts": "2026-05-01T19:08:53.322801+00:00", "level": "INFO", "jobId": "c4ed4b61-ea29-486c-b0be-ade597a22e6e", "keyword": "sắp khai trương", "step": "capture", "message": "Saved post_068.png (posinset=68)", "data": {"w": 1}, "seq": 46158}
{"ts": "2026-05-01T19:08:53.323800+00:00", "level": "INFO", "jobId": "c4ed4b61-ea29-486c-b0be-ade597a22e6e", "keyword": "sắp khai trương", "step": "cooldown", "message": "Cooldown 1.0s (after capture)", "data": {"w": 1}, "seq": 46159}
{"ts": "2026-05-01T19:08:54.364329+00:00", "level": "INFO", "jobId": "c4ed4b61-ea29-486c-b0be-ade597a22e6e", "keyword": "sắp khai trương", "step": "capture", "message": "Capturing posinset=69 (69/∞)…", "data": {"w": 1}, "seq": 46160}
{"ts": "2026-05-01T19:08:57.630815+00:00", "level": "INFO", "jobId": "c4ed4b61-ea29-486c-b0be-ade597a22e6e", "keyword": "sắp khai trương", "step": "capture", "message": "Saved post_069.png (posinset=69)", "data": {"w": 1}, "seq": 46169}
{"ts": "2026-05-01T19:08:57.631913+00:00", "level": "INFO", "jobId": "c4ed4b61-ea29-486c-b0be-ade597a22e6e", "keyword": "sắp khai trương", "step": "cooldown", "message": "Cooldown 1.0s (after capture)", "data": {"w": 1}, "seq": 46170}
{"ts": "2026-05-01T19:08:58.686059+00:00", "level": "INFO", "jobId": "c4ed4b61-ea29-486c-b0be-ade597a22e6e", "keyword": "sắp khai trương", "step": "capture", "message": "Capturing posinset=70 (70/∞)…", "data": {"w": 1}, "seq": 46174}
{"ts": "2026-05-01T19:09:01.279383+00:00", "level": "INFO", "jobId": "c4ed4b61-ea29-486c-b0be-ade597a22e6e", "keyword": "sắp khai trương", "step": "capture", "message": "Saved post_070.png (posinset=70)", "data": {"w": 1}, "seq": 46181}
{"ts": "2026-05-01T19:09:01.280387+00:00", "level": "INFO", "jobId": "c4ed4b61-ea29-486c-b0be-ade597a22e6e", "keyword": "sắp khai trương", "step": "cooldown", "message": "Cooldown 1.0s (after capture)", "data": {"w": 1}, "seq": 46182}
{"ts": "2026-05-01T19:09:02.320867+00:00", "level": "INFO", "jobId": "c4ed4b61-ea29-486c-b0be-ade597a22e6e", "keyword": "sắp khai trương", "step": "heartbeat", "message": "Worker alive", "data": {"w": 1, "elapsed_s": 321}, "seq": 46188}
{"ts": "2026-05-01T19:09:02.322864+00:00", "level": "INFO", "jobId": "c4ed4b61-ea29-486c-b0be-ade597a22e6e", "keyword": "sắp khai trương", "step": "capture", "message": "Capturing posinset=71 (71/∞)…", "data": {"w": 1}, "seq": 46189}
{"ts": "2026-05-01T19:09:04.383328+00:00", "level": "INFO", "jobId": "c4ed4b61-ea29-486c-b0be-ade597a22e6e", "keyword": "sắp khai trương", "step": "capture", "message": "Saved post_071.png (posinset=71)", "data": {"w": 1}, "seq": 46193}
{"ts": "2026-05-01T19:09:04.384968+00:00", "level": "INFO", "jobId": "c4ed4b61-ea29-486c-b0be-ade597a22e6e", "keyword": "sắp khai trương", "step": "cooldown", "message": "Cooldown 1.0s (after capture)", "data": {"w": 1}, "seq": 46194}
{"ts": "2026-05-01T19:09:05.426901+00:00", "level": "INFO", "jobId": "c4ed4b61-ea29-486c-b0be-ade597a22e6e", "keyword": "sắp khai trương", "step": "capture", "message": "Capturing posinset=72 (72/∞)…", "data": {"w": 1}, "seq": 46196}
{"ts": "2026-05-01T19:09:06.882424+00:00", "level": "INFO", "jobId": "c4ed4b61-ea29-486c-b0be-ade597a22e6e", "keyword": "sắp khai trương", "step": "capture", "message": "Saved post_072.png (posinset=72)", "data": {"w": 1}, "seq": 46202}
{"ts": "2026-05-01T19:09:06.883445+00:00", "level": "INFO", "jobId": "c4ed4b61-ea29-486c-b0be-ade597a22e6e", "keyword": "sắp khai trương", "step": "cooldown", "message": "Cooldown 1.0s (after capture)", "data": {"w": 1}, "seq": 46203}
{"ts": "2026-05-01T19:09:07.924565+00:00", "level": "INFO", "jobId": "c4ed4b61-ea29-486c-b0be-ade597a22e6e", "keyword": "sắp khai trương", "step": "capture", "message": "Capturing posinset=73 (73/∞)…", "data": {"w": 1}, "seq": 46207}
{"ts": "2026-05-01T19:09:09.490511+00:00", "level": "INFO", "jobId": "c4ed4b61-ea29-486c-b0be-ade597a22e6e", "keyword": "sắp khai trương", "step": "capture", "message": "Saved post_073.png (posinset=73)", "data": {"w": 1}, "seq": 46209}
{"ts": "2026-05-01T19:09:09.491538+00:00", "level": "INFO", "jobId": "c4ed4b61-ea29-486c-b0be-ade597a22e6e", "keyword": "sắp khai trương", "step": "cooldown", "message": "Cooldown 1.0s (after capture)", "data": {"w": 1}, "seq": 46210}
{"ts": "2026-05-01T19:09:10.666131+00:00", "level": "INFO", "jobId": "c4ed4b61-ea29-486c-b0be-ade597a22e6e", "keyword": "sắp khai trương", "step": "capture", "message": "Capturing posinset=74 (74/∞)…", "data": {"w": 1}, "seq": 46217}
{"ts": "2026-05-01T19:09:13.425494+00:00", "level": "INFO", "jobId": "c4ed4b61-ea29-486c-b0be-ade597a22e6e", "keyword": "sắp khai trương", "step": "capture", "message": "Capturing posinset=74 (74/∞)…", "data": {"w": 1}, "seq": 46222}
{"ts": "2026-05-01T19:09:14.930651+00:00", "level": "INFO", "jobId": "c4ed4b61-ea29-486c-b0be-ade597a22e6e", "keyword": "sắp khai trương", "step": "capture", "message": "Saved post_074.png (posinset=74)", "data": {"w": 1}, "seq": 46228}
{"ts": "2026-05-01T19:09:14.930651+00:00", "level": "INFO", "jobId": "c4ed4b61-ea29-486c-b0be-ade597a22e6e", "keyword": "sắp khai trương", "step": "cooldown", "message": "Cooldown 1.0s (after capture)", "data": {"w": 1}, "seq": 46229}
{"ts": "2026-05-01T19:09:15.962314+00:00", "level": "INFO", "jobId": "c4ed4b61-ea29-486c-b0be-ade597a22e6e", "keyword": "sắp khai trương", "step": "capture", "message": "Capturing posinset=75 (75/∞)…", "data": {"w": 1}, "seq": 46234}
{"ts": "2026-05-01T19:09:18.007439+00:00", "level": "INFO", "jobId": "c4ed4b61-ea29-486c-b0be-ade597a22e6e", "keyword": "sắp khai trương", "step": "capture", "message": "Saved post_075.png (posinset=75)", "data": {"w": 1}, "seq": 46239}
{"ts": "2026-05-01T19:09:18.008456+00:00", "level": "INFO", "jobId": "c4ed4b61-ea29-486c-b0be-ade597a22e6e", "keyword": "sắp khai trương", "step": "cooldown", "message": "Cooldown 1.0s (after capture)", "data": {"w": 1}, "seq": 46240}
{"ts": "2026-05-01T19:09:19.031430+00:00", "level": "INFO", "jobId": "c4ed4b61-ea29-486c-b0be-ade597a22e6e", "keyword": "sắp khai trương", "step": "heartbeat", "message": "Worker alive", "data": {"w": 1, "elapsed_s": 338}, "seq": 46243}
{"ts": "2026-05-01T19:09:19.033118+00:00", "level": "INFO", "jobId": "c4ed4b61-ea29-486c-b0be-ade597a22e6e", "keyword": "sắp khai trương", "step": "capture", "message": "Capturing posinset=76 (76/∞)…", "data": {"w": 1}, "seq": 46244}
{"ts": "2026-05-01T19:09:20.721182+00:00", "level": "INFO", "jobId": "c4ed4b61-ea29-486c-b0be-ade597a22e6e", "keyword": "sắp khai trương", "step": "capture", "message": "Saved post_076.png (posinset=76)", "data": {"w": 1}, "seq": 46250}
{"ts": "2026-05-01T19:09:20.722541+00:00", "level": "INFO", "jobId": "c4ed4b61-ea29-486c-b0be-ade597a22e6e", "keyword": "sắp khai trương", "step": "cooldown", "message": "Cooldown 1.0s (after capture)", "data": {"w": 1}, "seq": 46251}
{"ts": "2026-05-01T19:09:21.752732+00:00", "level": "INFO", "jobId": "c4ed4b61-ea29-486c-b0be-ade597a22e6e", "keyword": "sắp khai trương", "step": "capture", "message": "Capturing posinset=77 (77/∞)…", "data": {"w": 1}, "seq": 46253}
{"ts": "2026-05-01T19:09:23.500366+00:00", "level": "INFO", "jobId": "c4ed4b61-ea29-486c-b0be-ade597a22e6e", "keyword": "sắp khai trương", "step": "capture", "message": "Saved post_077.png (posinset=77)", "data": {"w": 1}, "seq": 46258}
{"ts": "2026-05-01T19:09:23.501367+00:00", "level": "INFO", "jobId": "c4ed4b61-ea29-486c-b0be-ade597a22e6e", "keyword": "sắp khai trương", "step": "cooldown", "message": "Cooldown 1.0s (after capture)", "data": {"w": 1}, "seq": 46259}
{"ts": "2026-05-01T19:09:24.543296+00:00", "level": "INFO", "jobId": "c4ed4b61-ea29-486c-b0be-ade597a22e6e", "keyword": "sắp khai trương", "step": "capture", "message": "Capturing posinset=78 (78/∞)…", "data": {"w": 1}, "seq": 46262}
{"ts": "2026-05-01T19:09:26.822588+00:00", "level": "INFO", "jobId": "c4ed4b61-ea29-486c-b0be-ade597a22e6e", "keyword": "sắp khai trương", "step": "capture", "message": "Saved post_078.png (posinset=78)", "data": {"w": 1}, "seq": 46270}
{"ts": "2026-05-01T19:09:26.822588+00:00", "level": "INFO", "jobId": "c4ed4b61-ea29-486c-b0be-ade597a22e6e", "keyword": "sắp khai trương", "step": "cooldown", "message": "Cooldown 1.0s (after capture)", "data": {"w": 1}, "seq": 46271}
{"ts": "2026-05-01T19:09:27.878794+00:00", "level": "INFO", "jobId": "c4ed4b61-ea29-486c-b0be-ade597a22e6e", "keyword": "sắp khai trương", "step": "capture", "message": "Capturing posinset=79 (79/∞)…", "data": {"w": 1}, "seq": 46273}
{"ts": "2026-05-01T19:09:32.771902+00:00", "level": "INFO", "jobId": "c4ed4b61-ea29-486c-b0be-ade597a22e6e", "keyword": "sắp khai trương", "step": "capture", "message": "Capturing posinset=79 (79/∞)…", "data": {"w": 1}, "seq": 46281}
{"ts": "2026-05-01T19:09:37.697405+00:00", "level": "INFO", "jobId": "c4ed4b61-ea29-486c-b0be-ade597a22e6e", "keyword": "sắp khai trương", "step": "capture", "message": "Saved post_079.png (posinset=79)", "data": {"w": 1}, "seq": 46292}
{"ts": "2026-05-01T19:09:37.699405+00:00", "level": "INFO", "jobId": "c4ed4b61-ea29-486c-b0be-ade597a22e6e", "keyword": "sắp khai trương", "step": "cooldown", "message": "Cooldown 1.0s (after capture)", "data": {"w": 1}, "seq": 46293}
{"ts": "2026-05-01T19:09:38.845387+00:00", "level": "INFO", "jobId": "c4ed4b61-ea29-486c-b0be-ade597a22e6e", "keyword": "sắp khai trương", "step": "heartbeat", "message": "Worker alive", "data": {"w": 1, "elapsed_s": 358}, "seq": 46296}
{"ts": "2026-05-01T19:09:38.846403+00:00", "level": "INFO", "jobId": "c4ed4b61-ea29-486c-b0be-ade597a22e6e", "keyword": "sắp khai trương", "step": "capture", "message": "Capturing posinset=80 (80/∞)…", "data": {"w": 1}, "seq": 46297}
{"ts": "2026-05-01T19:09:42.056723+00:00", "level": "INFO", "jobId": "c4ed4b61-ea29-486c-b0be-ade597a22e6e", "keyword": "sắp khai trương", "step": "capture", "message": "Saved post_080.png (posinset=80)", "data": {"w": 1}, "seq": 46306}
{"ts": "2026-05-01T19:09:42.058722+00:00", "level": "INFO", "jobId": "c4ed4b61-ea29-486c-b0be-ade597a22e6e", "keyword": "sắp khai trương", "step": "cooldown", "message": "Cooldown 1.0s (after capture)", "data": {"w": 1}, "seq": 46307}
{"ts": "2026-05-01T19:09:43.107490+00:00", "level": "INFO", "jobId": "c4ed4b61-ea29-486c-b0be-ade597a22e6e", "keyword": "sắp khai trương", "step": "capture", "message": "Capturing posinset=81 (81/∞)…", "data": {"w": 1}, "seq": 46309}
{"ts": "2026-05-01T19:09:47.018108+00:00", "level": "INFO", "jobId": "c4ed4b61-ea29-486c-b0be-ade597a22e6e", "keyword": "sắp khai trương", "step": "capture", "message": "Saved post_081.png (posinset=81)", "data": {"w": 1}, "seq": 46314}
{"ts": "2026-05-01T19:09:47.020108+00:00", "level": "INFO", "jobId": "c4ed4b61-ea29-486c-b0be-ade597a22e6e", "keyword": "sắp khai trương", "step": "cooldown", "message": "Cooldown 1.0s (after capture)", "data": {"w": 1}, "seq": 46315}
{"ts": "2026-05-01T19:09:48.060773+00:00", "level": "INFO", "jobId": "c4ed4b61-ea29-486c-b0be-ade597a22e6e", "keyword": "sắp khai trương", "step": "capture", "message": "Capturing posinset=82 (82/∞)…", "data": {"w": 1}, "seq": 46318}
{"ts": "2026-05-01T19:09:52.720012+00:00", "level": "INFO", "jobId": "c4ed4b61-ea29-486c-b0be-ade597a22e6e", "keyword": "sắp khai trương", "step": "capture", "message": "Saved post_082.png (posinset=82)", "data": {"w": 1}, "seq": 46320}
{"ts": "2026-05-01T19:09:52.723012+00:00", "level": "INFO", "jobId": "c4ed4b61-ea29-486c-b0be-ade597a22e6e", "keyword": "sắp khai trương", "step": "cooldown", "message": "Cooldown 1.0s (after capture)", "data": {"w": 1}, "seq": 46321}
{"ts": "2026-05-01T19:09:53.770889+00:00", "level": "INFO", "jobId": "c4ed4b61-ea29-486c-b0be-ade597a22e6e", "keyword": "sắp khai trương", "step": "capture", "message": "Capturing posinset=83 (83/∞)…", "data": {"w": 1}, "seq": 46324}
{"ts": "2026-05-01T19:09:56.323228+00:00", "level": "INFO", "jobId": "c4ed4b61-ea29-486c-b0be-ade597a22e6e", "keyword": "sắp khai trương", "step": "capture", "message": "Saved post_083.png (posinset=83)", "data": {"w": 1}, "seq": 46331}
{"ts": "2026-05-01T19:09:56.324228+00:00", "level": "INFO", "jobId": "c4ed4b61-ea29-486c-b0be-ade597a22e6e", "keyword": "sắp khai trương", "step": "cooldown", "message": "Cooldown 1.0s (after capture)", "data": {"w": 1}, "seq": 46332}
{"ts": "2026-05-01T19:09:57.357153+00:00", "level": "INFO", "jobId": "c4ed4b61-ea29-486c-b0be-ade597a22e6e", "keyword": "sắp khai trương", "step": "heartbeat", "message": "Worker alive", "data": {"w": 1, "elapsed_s": 376}, "seq": 46334}
{"ts": "2026-05-01T19:09:57.358566+00:00", "level": "INFO", "jobId": "c4ed4b61-ea29-486c-b0be-ade597a22e6e", "keyword": "sắp khai trương", "step": "capture", "message": "Capturing posinset=84 (84/∞)…", "data": {"w": 1}, "seq": 46335}
{"ts": "2026-05-01T19:10:02.358632+00:00", "level": "INFO", "jobId": "c4ed4b61-ea29-486c-b0be-ade597a22e6e", "keyword": "sắp khai trương", "step": "capture", "message": "Saved post_084.png (posinset=84)", "data": {"w": 1}, "seq": 46344}
{"ts": "2026-05-01T19:10:02.359632+00:00", "level": "INFO", "jobId": "c4ed4b61-ea29-486c-b0be-ade597a22e6e", "keyword": "sắp khai trương", "step": "cooldown", "message": "Cooldown 1.0s (after capture)", "data": {"w": 1}, "seq": 46345}
{"ts": "2026-05-01T19:10:03.402411+00:00", "level": "INFO", "jobId": "c4ed4b61-ea29-486c-b0be-ade597a22e6e", "keyword": "sắp khai trương", "step": "capture", "message": "Capturing posinset=85 (85/∞)…", "data": {"w": 1}, "seq": 46349}
{"ts": "2026-05-01T19:10:05.884859+00:00", "level": "INFO", "jobId": "c4ed4b61-ea29-486c-b0be-ade597a22e6e", "keyword": "sắp khai trương", "step": "capture", "message": "Saved post_085.png (posinset=85)", "data": {"w": 1}, "seq": 46353}
{"ts": "2026-05-01T19:10:05.887099+00:00", "level": "INFO", "jobId": "c4ed4b61-ea29-486c-b0be-ade597a22e6e", "keyword": "sắp khai trương", "step": "cooldown", "message": "Cooldown 1.0s (after capture)", "data": {"w": 1}, "seq": 46354}
{"ts": "2026-05-01T19:10:06.924475+00:00", "level": "INFO", "jobId": "c4ed4b61-ea29-486c-b0be-ade597a22e6e", "keyword": "sắp khai trương", "step": "capture", "message": "Capturing posinset=86 (86/∞)…", "data": {"w": 1}, "seq": 46358}
{"ts": "2026-05-01T19:10:11.101296+00:00", "level": "INFO", "jobId": "c4ed4b61-ea29-486c-b0be-ade597a22e6e", "keyword": "sắp khai trương", "step": "capture", "message": "Saved post_086.png (posinset=86)", "data": {"w": 1}, "seq": 46366}
{"ts": "2026-05-01T19:10:11.103296+00:00", "level": "INFO", "jobId": "c4ed4b61-ea29-486c-b0be-ade597a22e6e", "keyword": "sắp khai trương", "step": "cooldown", "message": "Cooldown 1.0s (after capture)", "data": {"w": 1}, "seq": 46367}
{"ts": "2026-05-01T19:10:12.138369+00:00", "level": "INFO", "jobId": "c4ed4b61-ea29-486c-b0be-ade597a22e6e", "keyword": "sắp khai trương", "step": "capture", "message": "Capturing posinset=87 (87/∞)…", "data": {"w": 1}, "seq": 46370}
{"ts": "2026-05-01T19:10:14.562202+00:00", "level": "INFO", "jobId": "c4ed4b61-ea29-486c-b0be-ade597a22e6e", "keyword": "sắp khai trương", "step": "capture", "message": "Saved post_087.png (posinset=87)", "data": {"w": 1}, "seq": 46374}
{"ts": "2026-05-01T19:10:14.563519+00:00", "level": "INFO", "jobId": "c4ed4b61-ea29-486c-b0be-ade597a22e6e", "keyword": "sắp khai trương", "step": "cooldown", "message": "Cooldown 1.0s (after capture)", "data": {"w": 1}, "seq": 46375}
{"ts": "2026-05-01T19:10:15.597989+00:00", "level": "INFO", "jobId": "c4ed4b61-ea29-486c-b0be-ade597a22e6e", "keyword": "sắp khai trương", "step": "heartbeat", "message": "Worker alive", "data": {"w": 1, "elapsed_s": 395}, "seq": 46379}
{"ts": "2026-05-01T19:10:15.599296+00:00", "level": "INFO", "jobId": "c4ed4b61-ea29-486c-b0be-ade597a22e6e", "keyword": "sắp khai trương", "step": "capture", "message": "Capturing posinset=88 (88/∞)…", "data": {"w": 1}, "seq": 46380}
{"ts": "2026-05-01T19:10:18.105038+00:00", "level": "INFO", "jobId": "c4ed4b61-ea29-486c-b0be-ade597a22e6e", "keyword": "sắp khai trương", "step": "capture", "message": "Saved post_088.png (posinset=88)", "data": {"w": 1}, "seq": 46385}
{"ts": "2026-05-01T19:10:18.106039+00:00", "level": "INFO", "jobId": "c4ed4b61-ea29-486c-b0be-ade597a22e6e", "keyword": "sắp khai trương", "step": "cooldown", "message": "Cooldown 1.0s (after capture)", "data": {"w": 1}, "seq": 46386}
{"ts": "2026-05-01T19:10:19.791193+00:00", "level": "INFO", "jobId": "c4ed4b61-ea29-486c-b0be-ade597a22e6e", "keyword": "sắp khai trương", "step": "capture", "message": "Capturing posinset=89 (89/∞)…", "data": {"w": 1}, "seq": 46392}
{"ts": "2026-05-01T19:10:22.895900+00:00", "level": "INFO", "jobId": "c4ed4b61-ea29-486c-b0be-ade597a22e6e", "keyword": "sắp khai trương", "step": "capture", "message": "Saved post_089.png (posinset=89)", "data": {"w": 1}, "seq": 46398}
{"ts": "2026-05-01T19:10:22.897157+00:00", "level": "INFO", "jobId": "c4ed4b61-ea29-486c-b0be-ade597a22e6e", "keyword": "sắp khai trương", "step": "cooldown", "message": "Cooldown 1.0s (after capture)", "data": {"w": 1}, "seq": 46399}
{"ts": "2026-05-01T19:10:23.949760+00:00", "level": "INFO", "jobId": "c4ed4b61-ea29-486c-b0be-ade597a22e6e", "keyword": "sắp khai trương", "step": "capture", "message": "Capturing posinset=90 (90/∞)…", "data": {"w": 1}, "seq": 46402}
{"ts": "2026-05-01T19:10:26.229491+00:00", "level": "INFO", "jobId": "c4ed4b61-ea29-486c-b0be-ade597a22e6e", "keyword": "sắp khai trương", "step": "capture", "message": "Saved post_090.png (posinset=90)", "data": {"w": 1}, "seq": 46405}
{"ts": "2026-05-01T19:10:26.230936+00:00", "level": "INFO", "jobId": "c4ed4b61-ea29-486c-b0be-ade597a22e6e", "keyword": "sắp khai trương", "step": "cooldown", "message": "Cooldown 1.0s (after capture)", "data": {"w": 1}, "seq": 46406}
{"ts": "2026-05-01T19:10:27.278526+00:00", "level": "INFO", "jobId": "c4ed4b61-ea29-486c-b0be-ade597a22e6e", "keyword": "sắp khai trương", "step": "capture", "message": "Capturing posinset=91 (91/∞)…", "data": {"w": 1}, "seq": 46411}
{"ts": "2026-05-01T19:10:29.915186+00:00", "level": "INFO", "jobId": "c4ed4b61-ea29-486c-b0be-ade597a22e6e", "keyword": "sắp khai trương", "step": "capture", "message": "Saved post_091.png (posinset=91)", "data": {"w": 1}, "seq": 46418}
{"ts": "2026-05-01T19:10:29.917366+00:00", "level": "INFO", "jobId": "c4ed4b61-ea29-486c-b0be-ade597a22e6e", "keyword": "sắp khai trương", "step": "cooldown", "message": "Cooldown 1.0s (after capture)", "data": {"w": 1}, "seq": 46419}
{"ts": "2026-05-01T19:10:30.945227+00:00", "level": "INFO", "jobId": "c4ed4b61-ea29-486c-b0be-ade597a22e6e", "keyword": "sắp khai trương", "step": "heartbeat", "message": "Worker alive", "data": {"w": 1, "elapsed_s": 410}, "seq": 46422}
{"ts": "2026-05-01T19:10:30.946224+00:00", "level": "INFO", "jobId": "c4ed4b61-ea29-486c-b0be-ade597a22e6e", "keyword": "sắp khai trương", "step": "capture", "message": "Capturing posinset=92 (92/∞)…", "data": {"w": 1}, "seq": 46423}
{"ts": "2026-05-01T19:10:33.883058+00:00", "level": "INFO", "jobId": "c4ed4b61-ea29-486c-b0be-ade597a22e6e", "keyword": "sắp khai trương", "step": "capture", "message": "Saved post_092.png (posinset=92)", "data": {"w": 1}, "seq": 46429}
{"ts": "2026-05-01T19:10:33.884299+00:00", "level": "INFO", "jobId": "c4ed4b61-ea29-486c-b0be-ade597a22e6e", "keyword": "sắp khai trương", "step": "cooldown", "message": "Cooldown 1.0s (after capture)", "data": {"w": 1}, "seq": 46430}
{"ts": "2026-05-01T19:10:34.919941+00:00", "level": "INFO", "jobId": "c4ed4b61-ea29-486c-b0be-ade597a22e6e", "keyword": "sắp khai trương", "step": "capture", "message": "Capturing posinset=93 (93/∞)…", "data": {"w": 1}, "seq": 46434}
{"ts": "2026-05-01T19:10:37.654175+00:00", "level": "INFO", "jobId": "c4ed4b61-ea29-486c-b0be-ade597a22e6e", "keyword": "sắp khai trương", "step": "capture", "message": "Saved post_093.png (posinset=93)", "data": {"w": 1}, "seq": 46438}
{"ts": "2026-05-01T19:10:37.655505+00:00", "level": "INFO", "jobId": "c4ed4b61-ea29-486c-b0be-ade597a22e6e", "keyword": "sắp khai trương", "step": "cooldown", "message": "Cooldown 1.0s (after capture)", "data": {"w": 1}, "seq": 46439}
{"ts": "2026-05-01T19:10:38.765007+00:00", "level": "INFO", "jobId": "c4ed4b61-ea29-486c-b0be-ade597a22e6e", "keyword": "sắp khai trương", "step": "capture", "message": "Capturing posinset=94 (94/∞)…", "data": {"w": 1}, "seq": 46441}
{"ts": "2026-05-01T19:10:43.953096+00:00", "level": "INFO", "jobId": "c4ed4b61-ea29-486c-b0be-ade597a22e6e", "keyword": "sắp khai trương", "step": "capture", "message": "Saved post_094.png (posinset=94)", "data": {"w": 1}, "seq": 46448}
{"ts": "2026-05-01T19:10:43.954121+00:00", "level": "INFO", "jobId": "c4ed4b61-ea29-486c-b0be-ade597a22e6e", "keyword": "sắp khai trương", "step": "cooldown", "message": "Cooldown 1.0s (after capture)", "data": {"w": 1}, "seq": 46449}
{"ts": "2026-05-01T19:10:44.990967+00:00", "level": "INFO", "jobId": "c4ed4b61-ea29-486c-b0be-ade597a22e6e", "keyword": "sắp khai trương", "step": "capture", "message": "Capturing posinset=95 (95/∞)…", "data": {"w": 1}, "seq": 46454}
{"ts": "2026-05-01T19:10:46.620359+00:00", "level": "INFO", "jobId": "c4ed4b61-ea29-486c-b0be-ade597a22e6e", "keyword": "sắp khai trương", "step": "heartbeat", "message": "Worker alive", "data": {"w": 1, "elapsed_s": 426}, "seq": 46459}
{"ts": "2026-05-01T19:10:46.622340+00:00", "level": "INFO", "jobId": "c4ed4b61-ea29-486c-b0be-ade597a22e6e", "keyword": "sắp khai trương", "step": "capture", "message": "Capturing posinset=95 (95/∞)…", "data": {"w": 1}, "seq": 46460}
{"ts": "2026-05-01T19:10:48.579401+00:00", "level": "INFO", "jobId": "c4ed4b61-ea29-486c-b0be-ade597a22e6e", "keyword": "sắp khai trương", "step": "capture", "message": "Capturing posinset=95 (95/∞)…", "data": {"w": 1}, "seq": 46466}
{"ts": "2026-05-01T19:10:50.379127+00:00", "level": "INFO", "jobId": "c4ed4b61-ea29-486c-b0be-ade597a22e6e", "keyword": "sắp khai trương", "step": "capture", "message": "Capturing posinset=95 (95/∞)…", "data": {"w": 1}, "seq": 46468}
{"ts": "2026-05-01T19:10:52.275473+00:00", "level": "INFO", "jobId": "c4ed4b61-ea29-486c-b0be-ade597a22e6e", "keyword": "sắp khai trương", "step": "capture", "message": "Capturing posinset=95 (95/∞)…", "data": {"w": 1}, "seq": 46474}
{"ts": "2026-05-01T19:10:53.888104+00:00", "level": "INFO", "jobId": "c4ed4b61-ea29-486c-b0be-ade597a22e6e", "keyword": "sắp khai trương", "step": "capture", "message": "Capturing posinset=95 (95/∞)…", "data": {"w": 1}, "seq": 46476}
{"ts": "2026-05-01T19:10:56.525878+00:00", "level": "INFO", "jobId": "c4ed4b61-ea29-486c-b0be-ade597a22e6e", "keyword": "sắp khai trương", "step": "capture", "message": "Capturing posinset=95 (95/∞)…", "data": {"w": 1}, "seq": 46483}
{"ts": "2026-05-01T19:11:08.562855+00:00", "level": "INFO", "jobId": "c4ed4b61-ea29-486c-b0be-ade597a22e6e", "keyword": "sắp khai trương", "step": "heartbeat", "message": "Worker alive", "data": {"w": 1, "elapsed_s": 448}, "seq": 46504}
{"ts": "2026-05-01T19:11:08.564329+00:00", "level": "INFO", "jobId": "c4ed4b61-ea29-486c-b0be-ade597a22e6e", "keyword": "sắp khai trương", "step": "capture", "message": "Capturing posinset=95 (95/∞)…", "data": {"w": 1}, "seq": 46505}
{"ts": "2026-05-01T19:11:20.990501+00:00", "level": "INFO", "jobId": "c4ed4b61-ea29-486c-b0be-ade597a22e6e", "keyword": "sắp khai trương", "step": "capture", "message": "Capturing posinset=95 (95/∞)…", "data": {"w": 1}, "seq": 46532}
{"ts": "2026-05-01T19:11:22.622803+00:00", "level": "INFO", "jobId": "c4ed4b61-ea29-486c-b0be-ade597a22e6e", "keyword": "sắp khai trương", "step": "capture", "message": "Reached stable end of results (maxPos=94, stable>=35s). Stopping.", "data": {"w": 1}, "seq": 46536}
{"ts": "2026-05-01T19:11:22.677219+00:00", "level": "INFO", "jobId": "c4ed4b61-ea29-486c-b0be-ade597a22e6e", "keyword": "sắp khai trương", "step": "capture", "message": "Capture loop finished (unlimited). Saved=94", "data": {"w": 1}, "seq": 46537}
{"ts": "2026-05-01T19:11:22.679218+00:00", "level": "INFO", "jobId": "c4ed4b61-ea29-486c-b0be-ade597a22e6e", "keyword": "sắp khai trương", "step": "done", "message": "Completed. Saved=94", "data": {"w": 1}, "seq": 46538}
