{"ts": "2026-05-01T19:13:38.661079+00:00", "level": "INFO", "jobId": "cb52317d-1712-4db6-8fd2-6d9d17dd05a9", "keyword": "khai trương spa", "step": "start", "message": "Job started (attempt 1/1)", "data": {"w": 2}, "seq": 46855}
{"ts": "2026-05-01T19:13:42.622629+00:00", "level": "INFO", "jobId": "cb52317d-1712-4db6-8fd2-6d9d17dd05a9", "keyword": "khai trương spa", "step": "login", "message": "Already logged in (home).", "data": {"w": 2}, "seq": 46859}
{"ts": "2026-05-01T19:13:42.638060+00:00", "level": "INFO", "jobId": "cb52317d-1712-4db6-8fd2-6d9d17dd05a9", "keyword": "khai trương spa", "step": "search", "message": "Searching keyword: \"khai trương spa\"", "data": {"w": 2}, "seq": 46860}
{"ts": "2026-05-01T19:13:47.362836+00:00", "level": "INFO", "jobId": "cb52317d-1712-4db6-8fd2-6d9d17dd05a9", "keyword": "khai trương spa", "step": "capture", "message": "Start capturing all posts until end of results.", "data": {"w": 2}, "seq": 46867}
{"ts": "2026-05-01T19:13:47.367836+00:00", "level": "INFO", "jobId": "cb52317d-1712-4db6-8fd2-6d9d17dd05a9", "keyword": "khai trương spa", "step": "capture", "message": "Output folder: Lan 1 - 0213", "data": {"w": 2}, "seq": 46868}
{"ts": "2026-05-01T19:13:54.455167+00:00", "level": "INFO", "jobId": "cb52317d-1712-4db6-8fd2-6d9d17dd05a9", "keyword": "khai trương spa", "step": "capture", "message": "Capturing posinset=1 (1/∞)…", "data": {"w": 2}, "seq": 46881}
{"ts": "2026-05-01T19:13:57.145345+00:00", "level": "INFO", "jobId": "cb52317d-1712-4db6-8fd2-6d9d17dd05a9", "keyword": "khai trương spa", "step": "capture", "message": "Saved post_001.png (posinset=1)", "data": {"w": 2}, "seq": 46885}
{"ts": "2026-05-01T19:13:57.146344+00:00", "level": "INFO", "jobId": "cb52317d-1712-4db6-8fd2-6d9d17dd05a9", "keyword": "khai trương spa", "step": "cooldown", "message": "Cooldown 1.0s (after capture)", "data": {"w": 2}, "seq": 46886}
{"ts": "2026-05-01T19:13:58.178708+00:00", "level": "INFO", "jobId": "cb52317d-1712-4db6-8fd2-6d9d17dd05a9", "keyword": "khai trương spa", "step": "capture", "message": "Capturing posinset=2 (2/∞)…", "data": {"w": 2}, "seq": 46889}
{"ts": "2026-05-01T19:13:59.946707+00:00", "level": "INFO", "jobId": "cb52317d-1712-4db6-8fd2-6d9d17dd05a9", "keyword": "khai trương spa", "step": "capture", "message": "Saved post_002.png (posinset=2)", "data": {"w": 2}, "seq": 46893}
{"ts": "2026-05-01T19:13:59.954665+00:00", "level": "INFO", "jobId": "cb52317d-1712-4db6-8fd2-6d9d17dd05a9", "keyword": "khai trương spa", "step": "cooldown", "message": "Cooldown 1.0s (after capture)", "data": {"w": 2}, "seq": 46894}
{"ts": "2026-05-01T19:14:00.984524+00:00", "level": "INFO", "jobId": "cb52317d-1712-4db6-8fd2-6d9d17dd05a9", "keyword": "khai trương spa", "step": "capture", "message": "Capturing posinset=3 (3/∞)…", "data": {"w": 2}, "seq": 46896}
{"ts": "2026-05-01T19:14:02.445221+00:00", "level": "INFO", "jobId": "cb52317d-1712-4db6-8fd2-6d9d17dd05a9", "keyword": "khai trương spa", "step": "capture", "message": "Saved post_003.png (posinset=3)", "data": {"w": 2}, "seq": 46899}
{"ts": "2026-05-01T19:14:02.447090+00:00", "level": "INFO", "jobId": "cb52317d-1712-4db6-8fd2-6d9d17dd05a9", "keyword": "khai trương spa", "step": "cooldown", "message": "Cooldown 1.0s (after capture)", "data": {"w": 2}, "seq": 46900}
{"ts": "2026-05-01T19:14:03.477814+00:00", "level": "INFO", "jobId": "cb52317d-1712-4db6-8fd2-6d9d17dd05a9", "keyword": "khai trương spa", "step": "capture", "message": "Capturing posinset=4 (4/∞)…", "data": {"w": 2}, "seq": 46902}
{"ts": "2026-05-01T19:14:05.108621+00:00", "level": "INFO", "jobId": "cb52317d-1712-4db6-8fd2-6d9d17dd05a9", "keyword": "khai trương spa", "step": "capture", "message": "Saved post_004.png (posinset=4)", "data": {"w": 2}, "seq": 46907}
{"ts": "2026-05-01T19:14:05.109620+00:00", "level": "INFO", "jobId": "cb52317d-1712-4db6-8fd2-6d9d17dd05a9", "keyword": "khai trương spa", "step": "cooldown", "message": "Cooldown 1.0s (after capture)", "data": {"w": 2}, "seq": 46908}
{"ts": "2026-05-01T19:14:06.120315+00:00", "level": "INFO", "jobId": "cb52317d-1712-4db6-8fd2-6d9d17dd05a9", "keyword": "khai trương spa", "step": "capture", "message": "Capturing posinset=5 (5/∞)…", "data": {"w": 2}, "seq": 46911}
{"ts": "2026-05-01T19:14:07.423943+00:00", "level": "INFO", "jobId": "cb52317d-1712-4db6-8fd2-6d9d17dd05a9", "keyword": "khai trương spa", "step": "capture", "message": "Saved post_005.png (posinset=5)", "data": {"w": 2}, "seq": 46912}
{"ts": "2026-05-01T19:14:07.424944+00:00", "level": "INFO", "jobId": "cb52317d-1712-4db6-8fd2-6d9d17dd05a9", "keyword": "khai trương spa", "step": "cooldown", "message": "Cooldown 1.0s (after capture)", "data": {"w": 2}, "seq": 46913}
{"ts": "2026-05-01T19:14:08.436591+00:00", "level": "INFO", "jobId": "cb52317d-1712-4db6-8fd2-6d9d17dd05a9", "keyword": "khai trương spa", "step": "heartbeat", "message": "Worker alive", "data": {"w": 2, "elapsed_s": 29}, "seq": 46918}
{"ts": "2026-05-01T19:14:08.437692+00:00", "level": "INFO", "jobId": "cb52317d-1712-4db6-8fd2-6d9d17dd05a9", "keyword": "khai trương spa", "step": "capture", "message": "Capturing posinset=6 (6/∞)…", "data": {"w": 2}, "seq": 46919}
{"ts": "2026-05-01T19:14:09.753778+00:00", "level": "INFO", "jobId": "cb52317d-1712-4db6-8fd2-6d9d17dd05a9", "keyword": "khai trương spa", "step": "capture", "message": "Saved post_006.png (posinset=6)", "data": {"w": 2}, "seq": 46924}
{"ts": "2026-05-01T19:14:09.755203+00:00", "level": "INFO", "jobId": "cb52317d-1712-4db6-8fd2-6d9d17dd05a9", "keyword": "khai trương spa", "step": "cooldown", "message": "Cooldown 1.0s (after capture)", "data": {"w": 2}, "seq": 46925}
{"ts": "2026-05-01T19:14:10.779275+00:00", "level": "INFO", "jobId": "cb52317d-1712-4db6-8fd2-6d9d17dd05a9", "keyword": "khai trương spa", "step": "capture", "message": "Capturing posinset=7 (7/∞)…", "data": {"w": 2}, "seq": 46928}
{"ts": "2026-05-01T19:14:12.688153+00:00", "level": "INFO", "jobId": "cb52317d-1712-4db6-8fd2-6d9d17dd05a9", "keyword": "khai trương spa", "step": "capture", "message": "Saved post_007.png (posinset=7)", "data": {"w": 2}, "seq": 46930}
{"ts": "2026-05-01T19:14:12.689154+00:00", "level": "INFO", "jobId": "cb52317d-1712-4db6-8fd2-6d9d17dd05a9", "keyword": "khai trương spa", "step": "cooldown", "message": "Cooldown 1.0s (after capture)", "data": {"w": 2}, "seq": 46931}
{"ts": "2026-05-01T19:14:13.710423+00:00", "level": "INFO", "jobId": "cb52317d-1712-4db6-8fd2-6d9d17dd05a9", "keyword": "khai trương spa", "step": "capture", "message": "Capturing posinset=8 (8/∞)…", "data": {"w": 2}, "seq": 46934}
{"ts": "2026-05-01T19:14:15.382913+00:00", "level": "INFO", "jobId": "cb52317d-1712-4db6-8fd2-6d9d17dd05a9", "keyword": "khai trương spa", "step": "capture", "message": "Saved post_008.png (posinset=8)", "data": {"w": 2}, "seq": 46939}
{"ts": "2026-05-01T19:14:15.385403+00:00", "level": "INFO", "jobId": "cb52317d-1712-4db6-8fd2-6d9d17dd05a9", "keyword": "khai trương spa", "step": "cooldown", "message": "Cooldown 1.0s (after capture)", "data": {"w": 2}, "seq": 46940}
{"ts": "2026-05-01T19:14:16.399357+00:00", "level": "INFO", "jobId": "cb52317d-1712-4db6-8fd2-6d9d17dd05a9", "keyword": "khai trương spa", "step": "capture", "message": "Capturing posinset=9 (9/∞)…", "data": {"w": 2}, "seq": 46941}
{"ts": "2026-05-01T19:14:20.241722+00:00", "level": "INFO", "jobId": "cb52317d-1712-4db6-8fd2-6d9d17dd05a9", "keyword": "khai trương spa", "step": "capture", "message": "Saved post_009.png (posinset=9)", "data": {"w": 2}, "seq": 46942}
{"ts": "2026-05-01T19:14:20.244680+00:00", "level": "INFO", "jobId": "cb52317d-1712-4db6-8fd2-6d9d17dd05a9", "keyword": "khai trương spa", "step": "cooldown", "message": "Cooldown 1.0s (after capture)", "data": {"w": 2}, "seq": 46943}
{"ts": "2026-05-01T19:14:21.289711+00:00", "level": "INFO", "jobId": "cb52317d-1712-4db6-8fd2-6d9d17dd05a9", "keyword": "khai trương spa", "step": "capture", "message": "Capturing posinset=10 (10/∞)…", "data": {"w": 2}, "seq": 46948}
{"ts": "2026-05-01T19:14:23.024648+00:00", "level": "INFO", "jobId": "cb52317d-1712-4db6-8fd2-6d9d17dd05a9", "keyword": "khai trương spa", "step": "capture", "message": "Saved post_010.png (posinset=10)", "data": {"w": 2}, "seq": 46951}
{"ts": "2026-05-01T19:14:23.028649+00:00", "level": "INFO", "jobId": "cb52317d-1712-4db6-8fd2-6d9d17dd05a9", "keyword": "khai trương spa", "step": "cooldown", "message": "Cooldown 1.0s (after capture)", "data": {"w": 2}, "seq": 46952}
{"ts": "2026-05-01T19:14:24.155464+00:00", "level": "INFO", "jobId": "cb52317d-1712-4db6-8fd2-6d9d17dd05a9", "keyword": "khai trương spa", "step": "heartbeat", "message": "Worker alive", "data": {"w": 2, "elapsed_s": 45}, "seq": 46955}
{"ts": "2026-05-01T19:14:24.175915+00:00", "level": "INFO", "jobId": "cb52317d-1712-4db6-8fd2-6d9d17dd05a9", "keyword": "khai trương spa", "step": "capture", "message": "Capturing posinset=11 (11/∞)…", "data": {"w": 2}, "seq": 46956}
{"ts": "2026-05-01T19:14:25.690606+00:00", "level": "INFO", "jobId": "cb52317d-1712-4db6-8fd2-6d9d17dd05a9", "keyword": "khai trương spa", "step": "capture", "message": "Saved post_011.png (posinset=11)", "data": {"w": 2}, "seq": 46959}
{"ts": "2026-05-01T19:14:25.693231+00:00", "level": "INFO", "jobId": "cb52317d-1712-4db6-8fd2-6d9d17dd05a9", "keyword": "khai trương spa", "step": "cooldown", "message": "Cooldown 1.0s (after capture)", "data": {"w": 2}, "seq": 46960}
{"ts": "2026-05-01T19:14:26.713713+00:00", "level": "INFO", "jobId": "cb52317d-1712-4db6-8fd2-6d9d17dd05a9", "keyword": "khai trương spa", "step": "capture", "message": "Capturing posinset=12 (12/∞)…", "data": {"w": 2}, "seq": 46963}
{"ts": "2026-05-01T19:14:28.531586+00:00", "level": "INFO", "jobId": "cb52317d-1712-4db6-8fd2-6d9d17dd05a9", "keyword": "khai trương spa", "step": "capture", "message": "Saved post_012.png (posinset=12)", "data": {"w": 2}, "seq": 46967}
{"ts": "2026-05-01T19:14:28.533643+00:00", "level": "INFO", "jobId": "cb52317d-1712-4db6-8fd2-6d9d17dd05a9", "keyword": "khai trương spa", "step": "cooldown", "message": "Cooldown 1.0s (after capture)", "data": {"w": 2}, "seq": 46968}
{"ts": "2026-05-01T19:14:29.804415+00:00", "level": "INFO", "jobId": "cb52317d-1712-4db6-8fd2-6d9d17dd05a9", "keyword": "khai trương spa", "step": "capture", "message": "Capturing posinset=13 (13/∞)…", "data": {"w": 2}, "seq": 46971}
{"ts": "2026-05-01T19:14:31.817615+00:00", "level": "INFO", "jobId": "cb52317d-1712-4db6-8fd2-6d9d17dd05a9", "keyword": "khai trương spa", "step": "capture", "message": "Saved post_013.png (posinset=13)", "data": {"w": 2}, "seq": 46974}
{"ts": "2026-05-01T19:14:31.818809+00:00", "level": "INFO", "jobId": "cb52317d-1712-4db6-8fd2-6d9d17dd05a9", "keyword": "khai trương spa", "step": "cooldown", "message": "Cooldown 1.0s (after capture)", "data": {"w": 2}, "seq": 46975}
{"ts": "2026-05-01T19:14:32.830057+00:00", "level": "INFO", "jobId": "cb52317d-1712-4db6-8fd2-6d9d17dd05a9", "keyword": "khai trương spa", "step": "capture", "message": "Capturing posinset=14 (14/∞)…", "data": {"w": 2}, "seq": 46977}
{"ts": "2026-05-01T19:14:34.549292+00:00", "level": "INFO", "jobId": "cb52317d-1712-4db6-8fd2-6d9d17dd05a9", "keyword": "khai trương spa", "step": "capture", "message": "Saved post_014.png (posinset=14)", "data": {"w": 2}, "seq": 46982}
{"ts": "2026-05-01T19:14:34.549292+00:00", "level": "INFO", "jobId": "cb52317d-1712-4db6-8fd2-6d9d17dd05a9", "keyword": "khai trương spa", "step": "cooldown", "message": "Cooldown 1.0s (after capture)", "data": {"w": 2}, "seq": 46983}
{"ts": "2026-05-01T19:14:35.565775+00:00", "level": "INFO", "jobId": "cb52317d-1712-4db6-8fd2-6d9d17dd05a9", "keyword": "khai trương spa", "step": "capture", "message": "Capturing posinset=15 (15/∞)…", "data": {"w": 2}, "seq": 46985}
{"ts": "2026-05-01T19:14:37.479234+00:00", "level": "INFO", "jobId": "cb52317d-1712-4db6-8fd2-6d9d17dd05a9", "keyword": "khai trương spa", "step": "capture", "message": "Saved post_015.png (posinset=15)", "data": {"w": 2}, "seq": 46987}
{"ts": "2026-05-01T19:14:37.481236+00:00", "level": "INFO", "jobId": "cb52317d-1712-4db6-8fd2-6d9d17dd05a9", "keyword": "khai trương spa", "step": "cooldown", "message": "Cooldown 1.0s (after capture)", "data": {"w": 2}, "seq": 46988}
{"ts": "2026-05-01T19:14:38.951491+00:00", "level": "INFO", "jobId": "cb52317d-1712-4db6-8fd2-6d9d17dd05a9", "keyword": "khai trương spa", "step": "capture", "message": "Capturing posinset=16 (16/∞)…", "data": {"w": 2}, "seq": 46991}
{"ts": "2026-05-01T19:14:40.385077+00:00", "level": "INFO", "jobId": "cb52317d-1712-4db6-8fd2-6d9d17dd05a9", "keyword": "khai trương spa", "step": "capture", "message": "Saved post_016.png (posinset=16)", "data": {"w": 2}, "seq": 46997}
{"ts": "2026-05-01T19:14:40.385077+00:00", "level": "INFO", "jobId": "cb52317d-1712-4db6-8fd2-6d9d17dd05a9", "keyword": "khai trương spa", "step": "cooldown", "message": "Cooldown 1.0s (after capture)", "data": {"w": 2}, "seq": 46998}
{"ts": "2026-05-01T19:14:41.419030+00:00", "level": "INFO", "jobId": "cb52317d-1712-4db6-8fd2-6d9d17dd05a9", "keyword": "khai trương spa", "step": "heartbeat", "message": "Worker alive", "data": {"w": 2, "elapsed_s": 62}, "seq": 46999}
{"ts": "2026-05-01T19:14:41.420037+00:00", "level": "INFO", "jobId": "cb52317d-1712-4db6-8fd2-6d9d17dd05a9", "keyword": "khai trương spa", "step": "capture", "message": "Capturing posinset=17 (17/∞)…", "data": {"w": 2}, "seq": 47000}
{"ts": "2026-05-01T19:14:42.923761+00:00", "level": "INFO", "jobId": "cb52317d-1712-4db6-8fd2-6d9d17dd05a9", "keyword": "khai trương spa", "step": "capture", "message": "Saved post_017.png (posinset=17)", "data": {"w": 2}, "seq": 47004}
{"ts": "2026-05-01T19:14:42.925361+00:00", "level": "INFO", "jobId": "cb52317d-1712-4db6-8fd2-6d9d17dd05a9", "keyword": "khai trương spa", "step": "cooldown", "message": "Cooldown 1.0s (after capture)", "data": {"w": 2}, "seq": 47005}
{"ts": "2026-05-01T19:14:43.957730+00:00", "level": "INFO", "jobId": "cb52317d-1712-4db6-8fd2-6d9d17dd05a9", "keyword": "khai trương spa", "step": "capture", "message": "Capturing posinset=18 (18/∞)…", "data": {"w": 2}, "seq": 47008}
{"ts": "2026-05-01T19:14:45.370083+00:00", "level": "INFO", "jobId": "cb52317d-1712-4db6-8fd2-6d9d17dd05a9", "keyword": "khai trương spa", "step": "capture", "message": "Saved post_018.png (posinset=18)", "data": {"w": 2}, "seq": 47013}
{"ts": "2026-05-01T19:14:45.371083+00:00", "level": "INFO", "jobId": "cb52317d-1712-4db6-8fd2-6d9d17dd05a9", "keyword": "khai trương spa", "step": "cooldown", "message": "Cooldown 1.0s (after capture)", "data": {"w": 2}, "seq": 47014}
{"ts": "2026-05-01T19:14:46.402790+00:00", "level": "INFO", "jobId": "cb52317d-1712-4db6-8fd2-6d9d17dd05a9", "keyword": "khai trương spa", "step": "capture", "message": "Capturing posinset=19 (19/∞)…", "data": {"w": 2}, "seq": 47016}
{"ts": "2026-05-01T19:14:47.788987+00:00", "level": "INFO", "jobId": "cb52317d-1712-4db6-8fd2-6d9d17dd05a9", "keyword": "khai trương spa", "step": "capture", "message": "Saved post_019.png (posinset=19)", "data": {"w": 2}, "seq": 47019}
{"ts": "2026-05-01T19:14:47.790404+00:00", "level": "INFO", "jobId": "cb52317d-1712-4db6-8fd2-6d9d17dd05a9", "keyword": "khai trương spa", "step": "cooldown", "message": "Cooldown 1.0s (after capture)", "data": {"w": 2}, "seq": 47020}
{"ts": "2026-05-01T19:14:49.245231+00:00", "level": "INFO", "jobId": "cb52317d-1712-4db6-8fd2-6d9d17dd05a9", "keyword": "khai trương spa", "step": "capture", "message": "Capturing posinset=20 (20/∞)…", "data": {"w": 2}, "seq": 47025}
{"ts": "2026-05-01T19:14:52.618512+00:00", "level": "INFO", "jobId": "cb52317d-1712-4db6-8fd2-6d9d17dd05a9", "keyword": "khai trương spa", "step": "capture", "message": "Saved post_020.png (posinset=20)", "data": {"w": 2}, "seq": 47028}
{"ts": "2026-05-01T19:14:52.620513+00:00", "level": "INFO", "jobId": "cb52317d-1712-4db6-8fd2-6d9d17dd05a9", "keyword": "khai trương spa", "step": "cooldown", "message": "Cooldown 1.0s (after capture)", "data": {"w": 2}, "seq": 47029}
{"ts": "2026-05-01T19:14:53.650877+00:00", "level": "INFO", "jobId": "cb52317d-1712-4db6-8fd2-6d9d17dd05a9", "keyword": "khai trương spa", "step": "capture", "message": "Capturing posinset=21 (21/∞)…", "data": {"w": 2}, "seq": 47030}
{"ts": "2026-05-01T19:14:55.440337+00:00", "level": "INFO", "jobId": "cb52317d-1712-4db6-8fd2-6d9d17dd05a9", "keyword": "khai trương spa", "step": "capture", "message": "Saved post_021.png (posinset=21)", "data": {"w": 2}, "seq": 47035}
{"ts": "2026-05-01T19:14:55.442337+00:00", "level": "INFO", "jobId": "cb52317d-1712-4db6-8fd2-6d9d17dd05a9", "keyword": "khai trương spa", "step": "cooldown", "message": "Cooldown 1.0s (after capture)", "data": {"w": 2}, "seq": 47036}
{"ts": "2026-05-01T19:14:56.499595+00:00", "level": "INFO", "jobId": "cb52317d-1712-4db6-8fd2-6d9d17dd05a9", "keyword": "khai trương spa", "step": "heartbeat", "message": "Worker alive", "data": {"w": 2, "elapsed_s": 77}, "seq": 47037}
{"ts": "2026-05-01T19:14:56.500594+00:00", "level": "INFO", "jobId": "cb52317d-1712-4db6-8fd2-6d9d17dd05a9", "keyword": "khai trương spa", "step": "capture", "message": "Capturing posinset=22 (22/∞)…", "data": {"w": 2}, "seq": 47038}
{"ts": "2026-05-01T19:14:58.600108+00:00", "level": "INFO", "jobId": "cb52317d-1712-4db6-8fd2-6d9d17dd05a9", "keyword": "khai trương spa", "step": "capture", "message": "Saved post_022.png (posinset=22)", "data": {"w": 2}, "seq": 47044}
{"ts": "2026-05-01T19:14:58.601236+00:00", "level": "INFO", "jobId": "cb52317d-1712-4db6-8fd2-6d9d17dd05a9", "keyword": "khai trương spa", "step": "cooldown", "message": "Cooldown 1.0s (after capture)", "data": {"w": 2}, "seq": 47045}
{"ts": "2026-05-01T19:14:59.627071+00:00", "level": "INFO", "jobId": "cb52317d-1712-4db6-8fd2-6d9d17dd05a9", "keyword": "khai trương spa", "step": "capture", "message": "Capturing posinset=23 (23/∞)…", "data": {"w": 2}, "seq": 47047}
{"ts": "2026-05-01T19:15:01.561918+00:00", "level": "INFO", "jobId": "cb52317d-1712-4db6-8fd2-6d9d17dd05a9", "keyword": "khai trương spa", "step": "capture", "message": "Saved post_023.png (posinset=23)", "data": {"w": 2}, "seq": 47051}
{"ts": "2026-05-01T19:15:01.584913+00:00", "level": "INFO", "jobId": "cb52317d-1712-4db6-8fd2-6d9d17dd05a9", "keyword": "khai trương spa", "step": "cooldown", "message": "Cooldown 1.0s (after capture)", "data": {"w": 2}, "seq": 47052}
{"ts": "2026-05-01T19:15:02.619361+00:00", "level": "INFO", "jobId": "cb52317d-1712-4db6-8fd2-6d9d17dd05a9", "keyword": "khai trương spa", "step": "capture", "message": "Capturing posinset=24 (24/∞)…", "data": {"w": 2}, "seq": 47053}
{"ts": "2026-05-01T19:15:04.357407+00:00", "level": "INFO", "jobId": "cb52317d-1712-4db6-8fd2-6d9d17dd05a9", "keyword": "khai trương spa", "step": "capture", "message": "Saved post_024.png (posinset=24)", "data": {"w": 2}, "seq": 47060}
{"ts": "2026-05-01T19:15:04.358806+00:00", "level": "INFO", "jobId": "cb52317d-1712-4db6-8fd2-6d9d17dd05a9", "keyword": "khai trương spa", "step": "cooldown", "message": "Cooldown 1.0s (after capture)", "data": {"w": 2}, "seq": 47061}
{"ts": "2026-05-01T19:15:05.380902+00:00", "level": "INFO", "jobId": "cb52317d-1712-4db6-8fd2-6d9d17dd05a9", "keyword": "khai trương spa", "step": "capture", "message": "Capturing posinset=25 (25/∞)…", "data": {"w": 2}, "seq": 47063}
{"ts": "2026-05-01T19:15:07.599073+00:00", "level": "INFO", "jobId": "cb52317d-1712-4db6-8fd2-6d9d17dd05a9", "keyword": "khai trương spa", "step": "capture", "message": "Saved post_025.png (posinset=25)", "data": {"w": 2}, "seq": 47066}
{"ts": "2026-05-01T19:15:07.601566+00:00", "level": "INFO", "jobId": "cb52317d-1712-4db6-8fd2-6d9d17dd05a9", "keyword": "khai trương spa", "step": "cooldown", "message": "Cooldown 1.0s (after capture)", "data": {"w": 2}, "seq": 47067}
{"ts": "2026-05-01T19:15:09.232460+00:00", "level": "INFO", "jobId": "cb52317d-1712-4db6-8fd2-6d9d17dd05a9", "keyword": "khai trương spa", "step": "capture", "message": "Capturing posinset=26 (26/∞)…", "data": {"w": 2}, "seq": 47072}
{"ts": "2026-05-01T19:15:11.565408+00:00", "level": "INFO", "jobId": "cb52317d-1712-4db6-8fd2-6d9d17dd05a9", "keyword": "khai trương spa", "step": "capture", "message": "Saved post_026.png (posinset=26)", "data": {"w": 2}, "seq": 47075}
{"ts": "2026-05-01T19:15:11.567407+00:00", "level": "INFO", "jobId": "cb52317d-1712-4db6-8fd2-6d9d17dd05a9", "keyword": "khai trương spa", "step": "cooldown", "message": "Cooldown 1.0s (after capture)", "data": {"w": 2}, "seq": 47076}
{"ts": "2026-05-01T19:15:12.596372+00:00", "level": "INFO", "jobId": "cb52317d-1712-4db6-8fd2-6d9d17dd05a9", "keyword": "khai trương spa", "step": "heartbeat", "message": "Worker alive", "data": {"w": 2, "elapsed_s": 93}, "seq": 47079}
{"ts": "2026-05-01T19:15:12.597392+00:00", "level": "INFO", "jobId": "cb52317d-1712-4db6-8fd2-6d9d17dd05a9", "keyword": "khai trương spa", "step": "capture", "message": "Capturing posinset=27 (27/∞)…", "data": {"w": 2}, "seq": 47080}
{"ts": "2026-05-01T19:15:14.958155+00:00", "level": "INFO", "jobId": "cb52317d-1712-4db6-8fd2-6d9d17dd05a9", "keyword": "khai trương spa", "step": "capture", "message": "Saved post_027.png (posinset=27)", "data": {"w": 2}, "seq": 47084}
{"ts": "2026-05-01T19:15:14.959282+00:00", "level": "INFO", "jobId": "cb52317d-1712-4db6-8fd2-6d9d17dd05a9", "keyword": "khai trương spa", "step": "cooldown", "message": "Cooldown 1.0s (after capture)", "data": {"w": 2}, "seq": 47085}
{"ts": "2026-05-01T19:15:15.984948+00:00", "level": "INFO", "jobId": "cb52317d-1712-4db6-8fd2-6d9d17dd05a9", "keyword": "khai trương spa", "step": "capture", "message": "Capturing posinset=28 (28/∞)…", "data": {"w": 2}, "seq": 47088}
{"ts": "2026-05-01T19:15:19.122830+00:00", "level": "INFO", "jobId": "cb52317d-1712-4db6-8fd2-6d9d17dd05a9", "keyword": "khai trương spa", "step": "capture", "message": "Saved post_028.png (posinset=28)", "data": {"w": 2}, "seq": 47093}
{"ts": "2026-05-01T19:15:19.123836+00:00", "level": "INFO", "jobId": "cb52317d-1712-4db6-8fd2-6d9d17dd05a9", "keyword": "khai trương spa", "step": "cooldown", "message": "Cooldown 1.0s (after capture)", "data": {"w": 2}, "seq": 47094}
{"ts": "2026-05-01T19:15:20.154924+00:00", "level": "INFO", "jobId": "cb52317d-1712-4db6-8fd2-6d9d17dd05a9", "keyword": "khai trương spa", "step": "capture", "message": "Capturing posinset=29 (29/∞)…", "data": {"w": 2}, "seq": 47095}
{"ts": "2026-05-01T19:15:21.518731+00:00", "level": "INFO", "jobId": "cb52317d-1712-4db6-8fd2-6d9d17dd05a9", "keyword": "khai trương spa", "step": "capture", "message": "Saved post_029.png (posinset=29)", "data": {"w": 2}, "seq": 47096}
{"ts": "2026-05-01T19:15:21.519728+00:00", "level": "INFO", "jobId": "cb52317d-1712-4db6-8fd2-6d9d17dd05a9", "keyword": "khai trương spa", "step": "cooldown", "message": "Cooldown 1.0s (after capture)", "data": {"w": 2}, "seq": 47097}
{"ts": "2026-05-01T19:15:22.539196+00:00", "level": "INFO", "jobId": "cb52317d-1712-4db6-8fd2-6d9d17dd05a9", "keyword": "khai trương spa", "step": "capture", "message": "Capturing posinset=30 (30/∞)…", "data": {"w": 2}, "seq": 47102}
{"ts": "2026-05-01T19:15:24.096893+00:00", "level": "INFO", "jobId": "cb52317d-1712-4db6-8fd2-6d9d17dd05a9", "keyword": "khai trương spa", "step": "capture", "message": "Saved post_030.png (posinset=30)", "data": {"w": 2}, "seq": 47106}
{"ts": "2026-05-01T19:15:24.097907+00:00", "level": "INFO", "jobId": "cb52317d-1712-4db6-8fd2-6d9d17dd05a9", "keyword": "khai trương spa", "step": "cooldown", "message": "Cooldown 1.0s (after capture)", "data": {"w": 2}, "seq": 47107}
{"ts": "2026-05-01T19:15:25.587607+00:00", "level": "INFO", "jobId": "cb52317d-1712-4db6-8fd2-6d9d17dd05a9", "keyword": "khai trương spa", "step": "capture", "message": "Capturing posinset=31 (31/∞)…", "data": {"w": 2}, "seq": 47110}
{"ts": "2026-05-01T19:15:29.885026+00:00", "level": "INFO", "jobId": "cb52317d-1712-4db6-8fd2-6d9d17dd05a9", "keyword": "khai trương spa", "step": "capture", "message": "Saved post_031.png (posinset=31)", "data": {"w": 2}, "seq": 47114}
{"ts": "2026-05-01T19:15:29.886194+00:00", "level": "INFO", "jobId": "cb52317d-1712-4db6-8fd2-6d9d17dd05a9", "keyword": "khai trương spa", "step": "cooldown", "message": "Cooldown 1.0s (after capture)", "data": {"w": 2}, "seq": 47115}
{"ts": "2026-05-01T19:15:30.917740+00:00", "level": "INFO", "jobId": "cb52317d-1712-4db6-8fd2-6d9d17dd05a9", "keyword": "khai trương spa", "step": "heartbeat", "message": "Worker alive", "data": {"w": 2, "elapsed_s": 112}, "seq": 47120}
{"ts": "2026-05-01T19:15:30.919952+00:00", "level": "INFO", "jobId": "cb52317d-1712-4db6-8fd2-6d9d17dd05a9", "keyword": "khai trương spa", "step": "capture", "message": "Capturing posinset=32 (32/∞)…", "data": {"w": 2}, "seq": 47121}
{"ts": "2026-05-01T19:15:34.257184+00:00", "level": "INFO", "jobId": "cb52317d-1712-4db6-8fd2-6d9d17dd05a9", "keyword": "khai trương spa", "step": "capture", "message": "Saved post_032.png (posinset=32)", "data": {"w": 2}, "seq": 47125}
{"ts": "2026-05-01T19:15:34.259184+00:00", "level": "INFO", "jobId": "cb52317d-1712-4db6-8fd2-6d9d17dd05a9", "keyword": "khai trương spa", "step": "cooldown", "message": "Cooldown 1.0s (after capture)", "data": {"w": 2}, "seq": 47126}
{"ts": "2026-05-01T19:15:35.296361+00:00", "level": "INFO", "jobId": "cb52317d-1712-4db6-8fd2-6d9d17dd05a9", "keyword": "khai trương spa", "step": "capture", "message": "Capturing posinset=33 (33/∞)…", "data": {"w": 2}, "seq": 47127}
{"ts": "2026-05-01T19:15:38.210736+00:00", "level": "INFO", "jobId": "cb52317d-1712-4db6-8fd2-6d9d17dd05a9", "keyword": "khai trương spa", "step": "capture", "message": "Saved post_033.png (posinset=33)", "data": {"w": 2}, "seq": 47132}
{"ts": "2026-05-01T19:15:38.213735+00:00", "level": "INFO", "jobId": "cb52317d-1712-4db6-8fd2-6d9d17dd05a9", "keyword": "khai trương spa", "step": "cooldown", "message": "Cooldown 1.0s (after capture)", "data": {"w": 2}, "seq": 47134}
{"ts": "2026-05-01T19:15:39.233476+00:00", "level": "INFO", "jobId": "cb52317d-1712-4db6-8fd2-6d9d17dd05a9", "keyword": "khai trương spa", "step": "capture", "message": "Capturing posinset=34 (34/∞)…", "data": {"w": 2}, "seq": 47136}
{"ts": "2026-05-01T19:15:41.040326+00:00", "level": "INFO", "jobId": "cb52317d-1712-4db6-8fd2-6d9d17dd05a9", "keyword": "khai trương spa", "step": "capture", "message": "Saved post_034.png (posinset=34)", "data": {"w": 2}, "seq": 47138}
{"ts": "2026-05-01T19:15:41.041325+00:00", "level": "INFO", "jobId": "cb52317d-1712-4db6-8fd2-6d9d17dd05a9", "keyword": "khai trương spa", "step": "cooldown", "message": "Cooldown 1.0s (after capture)", "data": {"w": 2}, "seq": 47139}
{"ts": "2026-05-01T19:15:42.071891+00:00", "level": "INFO", "jobId": "cb52317d-1712-4db6-8fd2-6d9d17dd05a9", "keyword": "khai trương spa", "step": "capture", "message": "Capturing posinset=35 (35/∞)…", "data": {"w": 2}, "seq": 47144}
{"ts": "2026-05-01T19:15:44.031181+00:00", "level": "INFO", "jobId": "cb52317d-1712-4db6-8fd2-6d9d17dd05a9", "keyword": "khai trương spa", "step": "capture", "message": "Saved post_035.png (posinset=35)", "data": {"w": 2}, "seq": 47148}
{"ts": "2026-05-01T19:15:44.042183+00:00", "level": "INFO", "jobId": "cb52317d-1712-4db6-8fd2-6d9d17dd05a9", "keyword": "khai trương spa", "step": "cooldown", "message": "Cooldown 1.0s (after capture)", "data": {"w": 2}, "seq": 47149}
{"ts": "2026-05-01T19:15:45.671833+00:00", "level": "INFO", "jobId": "cb52317d-1712-4db6-8fd2-6d9d17dd05a9", "keyword": "khai trương spa", "step": "capture", "message": "Capturing posinset=36 (36/∞)…", "data": {"w": 2}, "seq": 47152}
{"ts": "2026-05-01T19:15:47.859849+00:00", "level": "INFO", "jobId": "cb52317d-1712-4db6-8fd2-6d9d17dd05a9", "keyword": "khai trương spa", "step": "capture", "message": "Saved post_036.png (posinset=36)", "data": {"w": 2}, "seq": 47159}
{"ts": "2026-05-01T19:15:47.861848+00:00", "level": "INFO", "jobId": "cb52317d-1712-4db6-8fd2-6d9d17dd05a9", "keyword": "khai trương spa", "step": "cooldown", "message": "Cooldown 1.0s (after capture)", "data": {"w": 2}, "seq": 47160}
{"ts": "2026-05-01T19:15:48.882191+00:00", "level": "INFO", "jobId": "cb52317d-1712-4db6-8fd2-6d9d17dd05a9", "keyword": "khai trương spa", "step": "heartbeat", "message": "Worker alive", "data": {"w": 2, "elapsed_s": 130}, "seq": 47164}
{"ts": "2026-05-01T19:15:48.884714+00:00", "level": "INFO", "jobId": "cb52317d-1712-4db6-8fd2-6d9d17dd05a9", "keyword": "khai trương spa", "step": "capture", "message": "Capturing posinset=37 (37/∞)…", "data": {"w": 2}, "seq": 47165}
{"ts": "2026-05-01T19:15:50.947307+00:00", "level": "INFO", "jobId": "cb52317d-1712-4db6-8fd2-6d9d17dd05a9", "keyword": "khai trương spa", "step": "capture", "message": "Saved post_037.png (posinset=37)", "data": {"w": 2}, "seq": 47167}
{"ts": "2026-05-01T19:15:50.948790+00:00", "level": "INFO", "jobId": "cb52317d-1712-4db6-8fd2-6d9d17dd05a9", "keyword": "khai trương spa", "step": "cooldown", "message": "Cooldown 1.0s (after capture)", "data": {"w": 2}, "seq": 47168}
{"ts": "2026-05-01T19:15:52.029810+00:00", "level": "INFO", "jobId": "cb52317d-1712-4db6-8fd2-6d9d17dd05a9", "keyword": "khai trương spa", "step": "capture", "message": "Capturing posinset=38 (38/∞)…", "data": {"w": 2}, "seq": 47171}
{"ts": "2026-05-01T19:15:53.967523+00:00", "level": "INFO", "jobId": "cb52317d-1712-4db6-8fd2-6d9d17dd05a9", "keyword": "khai trương spa", "step": "capture", "message": "Saved post_038.png (posinset=38)", "data": {"w": 2}, "seq": 47175}
{"ts": "2026-05-01T19:15:53.968522+00:00", "level": "INFO", "jobId": "cb52317d-1712-4db6-8fd2-6d9d17dd05a9", "keyword": "khai trương spa", "step": "cooldown", "message": "Cooldown 1.0s (after capture)", "data": {"w": 2}, "seq": 47176}
{"ts": "2026-05-01T19:15:54.996368+00:00", "level": "INFO", "jobId": "cb52317d-1712-4db6-8fd2-6d9d17dd05a9", "keyword": "khai trương spa", "step": "capture", "message": "Capturing posinset=39 (39/∞)…", "data": {"w": 2}, "seq": 47178}
{"ts": "2026-05-01T19:15:56.430614+00:00", "level": "INFO", "jobId": "cb52317d-1712-4db6-8fd2-6d9d17dd05a9", "keyword": "khai trương spa", "step": "capture", "message": "Saved post_039.png (posinset=39)", "data": {"w": 2}, "seq": 47181}
{"ts": "2026-05-01T19:15:56.431638+00:00", "level": "INFO", "jobId": "cb52317d-1712-4db6-8fd2-6d9d17dd05a9", "keyword": "khai trương spa", "step": "cooldown", "message": "Cooldown 1.0s (after capture)", "data": {"w": 2}, "seq": 47182}
{"ts": "2026-05-01T19:15:57.460678+00:00", "level": "INFO", "jobId": "cb52317d-1712-4db6-8fd2-6d9d17dd05a9", "keyword": "khai trương spa", "step": "capture", "message": "Capturing posinset=40 (40/∞)…", "data": {"w": 2}, "seq": 47186}
{"ts": "2026-05-01T19:15:59.063145+00:00", "level": "INFO", "jobId": "cb52317d-1712-4db6-8fd2-6d9d17dd05a9", "keyword": "khai trương spa", "step": "capture", "message": "Saved post_040.png (posinset=40)", "data": {"w": 2}, "seq": 47189}
{"ts": "2026-05-01T19:15:59.064145+00:00", "level": "INFO", "jobId": "cb52317d-1712-4db6-8fd2-6d9d17dd05a9", "keyword": "khai trương spa", "step": "cooldown", "message": "Cooldown 1.0s (after capture)", "data": {"w": 2}, "seq": 47190}
{"ts": "2026-05-01T19:16:00.576188+00:00", "level": "INFO", "jobId": "cb52317d-1712-4db6-8fd2-6d9d17dd05a9", "keyword": "khai trương spa", "step": "capture", "message": "Capturing posinset=41 (41/∞)…", "data": {"w": 2}, "seq": 47194}
{"ts": "2026-05-01T19:16:02.275150+00:00", "level": "INFO", "jobId": "cb52317d-1712-4db6-8fd2-6d9d17dd05a9", "keyword": "khai trương spa", "step": "capture", "message": "Saved post_041.png (posinset=41)", "data": {"w": 2}, "seq": 47199}
{"ts": "2026-05-01T19:16:02.276157+00:00", "level": "INFO", "jobId": "cb52317d-1712-4db6-8fd2-6d9d17dd05a9", "keyword": "khai trương spa", "step": "cooldown", "message": "Cooldown 1.0s (after capture)", "data": {"w": 2}, "seq": 47200}
{"ts": "2026-05-01T19:16:03.295814+00:00", "level": "INFO", "jobId": "cb52317d-1712-4db6-8fd2-6d9d17dd05a9", "keyword": "khai trương spa", "step": "capture", "message": "Capturing posinset=42 (42/∞)…", "data": {"w": 2}, "seq": 47202}
{"ts": "2026-05-01T19:16:05.327290+00:00", "level": "INFO", "jobId": "cb52317d-1712-4db6-8fd2-6d9d17dd05a9", "keyword": "khai trương spa", "step": "capture", "message": "Saved post_042.png (posinset=42)", "data": {"w": 2}, "seq": 47205}
{"ts": "2026-05-01T19:16:05.328291+00:00", "level": "INFO", "jobId": "cb52317d-1712-4db6-8fd2-6d9d17dd05a9", "keyword": "khai trương spa", "step": "cooldown", "message": "Cooldown 1.0s (after capture)", "data": {"w": 2}, "seq": 47206}
{"ts": "2026-05-01T19:16:06.347986+00:00", "level": "INFO", "jobId": "cb52317d-1712-4db6-8fd2-6d9d17dd05a9", "keyword": "khai trương spa", "step": "heartbeat", "message": "Worker alive", "data": {"w": 2, "elapsed_s": 147}, "seq": 47209}
{"ts": "2026-05-01T19:16:06.349144+00:00", "level": "INFO", "jobId": "cb52317d-1712-4db6-8fd2-6d9d17dd05a9", "keyword": "khai trương spa", "step": "capture", "message": "Capturing posinset=43 (43/∞)…", "data": {"w": 2}, "seq": 47210}
{"ts": "2026-05-01T19:16:08.122050+00:00", "level": "INFO", "jobId": "cb52317d-1712-4db6-8fd2-6d9d17dd05a9", "keyword": "khai trương spa", "step": "capture", "message": "Saved post_043.png (posinset=43)", "data": {"w": 2}, "seq": 47212}
{"ts": "2026-05-01T19:16:08.123048+00:00", "level": "INFO", "jobId": "cb52317d-1712-4db6-8fd2-6d9d17dd05a9", "keyword": "khai trương spa", "step": "cooldown", "message": "Cooldown 1.0s (after capture)", "data": {"w": 2}, "seq": 47213}
{"ts": "2026-05-01T19:16:09.149187+00:00", "level": "INFO", "jobId": "cb52317d-1712-4db6-8fd2-6d9d17dd05a9", "keyword": "khai trương spa", "step": "capture", "message": "Capturing posinset=44 (44/∞)…", "data": {"w": 2}, "seq": 47216}
{"ts": "2026-05-01T19:16:10.635409+00:00", "level": "INFO", "jobId": "cb52317d-1712-4db6-8fd2-6d9d17dd05a9", "keyword": "khai trương spa", "step": "capture", "message": "Saved post_044.png (posinset=44)", "data": {"w": 2}, "seq": 47221}
{"ts": "2026-05-01T19:16:10.636410+00:00", "level": "INFO", "jobId": "cb52317d-1712-4db6-8fd2-6d9d17dd05a9", "keyword": "khai trương spa", "step": "cooldown", "message": "Cooldown 1.0s (after capture)", "data": {"w": 2}, "seq": 47222}
{"ts": "2026-05-01T19:16:11.658292+00:00", "level": "INFO", "jobId": "cb52317d-1712-4db6-8fd2-6d9d17dd05a9", "keyword": "khai trương spa", "step": "capture", "message": "Capturing posinset=45 (45/∞)…", "data": {"w": 2}, "seq": 47225}
{"ts": "2026-05-01T19:16:13.194099+00:00", "level": "INFO", "jobId": "cb52317d-1712-4db6-8fd2-6d9d17dd05a9", "keyword": "khai trương spa", "step": "capture", "message": "Saved post_045.png (posinset=45)", "data": {"w": 2}, "seq": 47227}
{"ts": "2026-05-01T19:16:13.196099+00:00", "level": "INFO", "jobId": "cb52317d-1712-4db6-8fd2-6d9d17dd05a9", "keyword": "khai trương spa", "step": "cooldown", "message": "Cooldown 1.0s (after capture)", "data": {"w": 2}, "seq": 47228}
{"ts": "2026-05-01T19:16:14.241596+00:00", "level": "INFO", "jobId": "cb52317d-1712-4db6-8fd2-6d9d17dd05a9", "keyword": "khai trương spa", "step": "capture", "message": "Capturing posinset=46 (46/∞)…", "data": {"w": 2}, "seq": 47231}
{"ts": "2026-05-01T19:16:20.128966+00:00", "level": "INFO", "jobId": "cb52317d-1712-4db6-8fd2-6d9d17dd05a9", "keyword": "khai trương spa", "step": "capture", "message": "Capturing posinset=46 (46/∞)…", "data": {"w": 2}, "seq": 47237}
{"ts": "2026-05-01T19:16:22.064974+00:00", "level": "INFO", "jobId": "cb52317d-1712-4db6-8fd2-6d9d17dd05a9", "keyword": "khai trương spa", "step": "capture", "message": "Saved post_046.png (posinset=46)", "data": {"w": 2}, "seq": 47240}
{"ts": "2026-05-01T19:16:22.066412+00:00", "level": "INFO", "jobId": "cb52317d-1712-4db6-8fd2-6d9d17dd05a9", "keyword": "khai trương spa", "step": "cooldown", "message": "Cooldown 1.0s (after capture)", "data": {"w": 2}, "seq": 47241}
{"ts": "2026-05-01T19:16:23.102317+00:00", "level": "INFO", "jobId": "cb52317d-1712-4db6-8fd2-6d9d17dd05a9", "keyword": "khai trương spa", "step": "heartbeat", "message": "Worker alive", "data": {"w": 2, "elapsed_s": 164}, "seq": 47244}
{"ts": "2026-05-01T19:16:23.103598+00:00", "level": "INFO", "jobId": "cb52317d-1712-4db6-8fd2-6d9d17dd05a9", "keyword": "khai trương spa", "step": "capture", "message": "Capturing posinset=47 (47/∞)…", "data": {"w": 2}, "seq": 47245}
{"ts": "2026-05-01T19:16:25.287119+00:00", "level": "INFO", "jobId": "cb52317d-1712-4db6-8fd2-6d9d17dd05a9", "keyword": "khai trương spa", "step": "capture", "message": "Saved post_047.png (posinset=47)", "data": {"w": 2}, "seq": 47251}
{"ts": "2026-05-01T19:16:25.288119+00:00", "level": "INFO", "jobId": "cb52317d-1712-4db6-8fd2-6d9d17dd05a9", "keyword": "khai trương spa", "step": "cooldown", "message": "Cooldown 1.0s (after capture)", "data": {"w": 2}, "seq": 47252}
{"ts": "2026-05-01T19:16:26.409319+00:00", "level": "INFO", "jobId": "cb52317d-1712-4db6-8fd2-6d9d17dd05a9", "keyword": "khai trương spa", "step": "capture", "message": "Capturing posinset=48 (48/∞)…", "data": {"w": 2}, "seq": 47254}
{"ts": "2026-05-01T19:16:30.197455+00:00", "level": "INFO", "jobId": "cb52317d-1712-4db6-8fd2-6d9d17dd05a9", "keyword": "khai trương spa", "step": "capture", "message": "Saved post_048.png (posinset=48)", "data": {"w": 2}, "seq": 47258}
{"ts": "2026-05-01T19:16:30.199454+00:00", "level": "INFO", "jobId": "cb52317d-1712-4db6-8fd2-6d9d17dd05a9", "keyword": "khai trương spa", "step": "cooldown", "message": "Cooldown 1.0s (after capture)", "data": {"w": 2}, "seq": 47259}
{"ts": "2026-05-01T19:16:31.270101+00:00", "level": "INFO", "jobId": "cb52317d-1712-4db6-8fd2-6d9d17dd05a9", "keyword": "khai trương spa", "step": "capture", "message": "Capturing posinset=49 (49/∞)…", "data": {"w": 2}, "seq": 47262}
{"ts": "2026-05-01T19:16:33.674681+00:00", "level": "INFO", "jobId": "cb52317d-1712-4db6-8fd2-6d9d17dd05a9", "keyword": "khai trương spa", "step": "capture", "message": "Saved post_049.png (posinset=49)", "data": {"w": 2}, "seq": 47267}
{"ts": "2026-05-01T19:16:33.675681+00:00", "level": "INFO", "jobId": "cb52317d-1712-4db6-8fd2-6d9d17dd05a9", "keyword": "khai trương spa", "step": "cooldown", "message": "Cooldown 1.0s (after capture)", "data": {"w": 2}, "seq": 47268}
{"ts": "2026-05-01T19:16:35.438950+00:00", "level": "INFO", "jobId": "cb52317d-1712-4db6-8fd2-6d9d17dd05a9", "keyword": "khai trương spa", "step": "capture", "message": "Capturing posinset=50 (50/∞)…", "data": {"w": 2}, "seq": 47270}
{"ts": "2026-05-01T19:16:39.750308+00:00", "level": "INFO", "jobId": "cb52317d-1712-4db6-8fd2-6d9d17dd05a9", "keyword": "khai trương spa", "step": "capture", "message": "Saved post_050.png (posinset=50)", "data": {"w": 2}, "seq": 47275}
{"ts": "2026-05-01T19:16:39.753301+00:00", "level": "INFO", "jobId": "cb52317d-1712-4db6-8fd2-6d9d17dd05a9", "keyword": "khai trương spa", "step": "cooldown", "message": "Cooldown 1.0s (after capture)", "data": {"w": 2}, "seq": 47276}
{"ts": "2026-05-01T19:16:40.787614+00:00", "level": "INFO", "jobId": "cb52317d-1712-4db6-8fd2-6d9d17dd05a9", "keyword": "khai trương spa", "step": "heartbeat", "message": "Worker alive", "data": {"w": 2, "elapsed_s": 182}, "seq": 47281}
{"ts": "2026-05-01T19:16:40.788916+00:00", "level": "INFO", "jobId": "cb52317d-1712-4db6-8fd2-6d9d17dd05a9", "keyword": "khai trương spa", "step": "capture", "message": "Capturing posinset=51 (51/∞)…", "data": {"w": 2}, "seq": 47282}
{"ts": "2026-05-01T19:16:43.637858+00:00", "level": "INFO", "jobId": "cb52317d-1712-4db6-8fd2-6d9d17dd05a9", "keyword": "khai trương spa", "step": "capture", "message": "Saved post_051.png (posinset=51)", "data": {"w": 2}, "seq": 47285}
{"ts": "2026-05-01T19:16:43.638871+00:00", "level": "INFO", "jobId": "cb52317d-1712-4db6-8fd2-6d9d17dd05a9", "keyword": "khai trương spa", "step": "cooldown", "message": "Cooldown 1.0s (after capture)", "data": {"w": 2}, "seq": 47286}
{"ts": "2026-05-01T19:16:44.674702+00:00", "level": "INFO", "jobId": "cb52317d-1712-4db6-8fd2-6d9d17dd05a9", "keyword": "khai trương spa", "step": "capture", "message": "Capturing posinset=52 (52/∞)…", "data": {"w": 2}, "seq": 47289}
{"ts": "2026-05-01T19:16:47.024249+00:00", "level": "INFO", "jobId": "cb52317d-1712-4db6-8fd2-6d9d17dd05a9", "keyword": "khai trương spa", "step": "capture", "message": "Saved post_052.png (posinset=52)", "data": {"w": 2}, "seq": 47292}
{"ts": "2026-05-01T19:16:47.027597+00:00", "level": "INFO", "jobId": "cb52317d-1712-4db6-8fd2-6d9d17dd05a9", "keyword": "khai trương spa", "step": "cooldown", "message": "Cooldown 1.0s (after capture)", "data": {"w": 2}, "seq": 47293}
{"ts": "2026-05-01T19:16:48.055443+00:00", "level": "INFO", "jobId": "cb52317d-1712-4db6-8fd2-6d9d17dd05a9", "keyword": "khai trương spa", "step": "capture", "message": "Capturing posinset=53 (53/∞)…", "data": {"w": 2}, "seq": 47295}
{"ts": "2026-05-01T19:16:50.961870+00:00", "level": "INFO", "jobId": "cb52317d-1712-4db6-8fd2-6d9d17dd05a9", "keyword": "khai trương spa", "step": "capture", "message": "Saved post_053.png (posinset=53)", "data": {"w": 2}, "seq": 47297}
{"ts": "2026-05-01T19:16:50.963899+00:00", "level": "INFO", "jobId": "cb52317d-1712-4db6-8fd2-6d9d17dd05a9", "keyword": "khai trương spa", "step": "cooldown", "message": "Cooldown 1.0s (after capture)", "data": {"w": 2}, "seq": 47298}
{"ts": "2026-05-01T19:16:52.058923+00:00", "level": "INFO", "jobId": "cb52317d-1712-4db6-8fd2-6d9d17dd05a9", "keyword": "khai trương spa", "step": "capture", "message": "Capturing posinset=54 (54/∞)…", "data": {"w": 2}, "seq": 47300}
{"ts": "2026-05-01T19:16:54.608756+00:00", "level": "INFO", "jobId": "cb52317d-1712-4db6-8fd2-6d9d17dd05a9", "keyword": "khai trương spa", "step": "capture", "message": "Saved post_054.png (posinset=54)", "data": {"w": 2}, "seq": 47307}
{"ts": "2026-05-01T19:16:54.610354+00:00", "level": "INFO", "jobId": "cb52317d-1712-4db6-8fd2-6d9d17dd05a9", "keyword": "khai trương spa", "step": "cooldown", "message": "Cooldown 1.0s (after capture)", "data": {"w": 2}, "seq": 47308}
{"ts": "2026-05-01T19:16:55.638488+00:00", "level": "INFO", "jobId": "cb52317d-1712-4db6-8fd2-6d9d17dd05a9", "keyword": "khai trương spa", "step": "capture", "message": "Capturing posinset=55 (55/∞)…", "data": {"w": 2}, "seq": 47310}
{"ts": "2026-05-01T19:16:57.265241+00:00", "level": "INFO", "jobId": "cb52317d-1712-4db6-8fd2-6d9d17dd05a9", "keyword": "khai trương spa", "step": "capture", "message": "Saved post_055.png (posinset=55)", "data": {"w": 2}, "seq": 47311}
{"ts": "2026-05-01T19:16:57.266747+00:00", "level": "INFO", "jobId": "cb52317d-1712-4db6-8fd2-6d9d17dd05a9", "keyword": "khai trương spa", "step": "cooldown", "message": "Cooldown 1.0s (after capture)", "data": {"w": 2}, "seq": 47312}
{"ts": "2026-05-01T19:16:58.632679+00:00", "level": "INFO", "jobId": "cb52317d-1712-4db6-8fd2-6d9d17dd05a9", "keyword": "khai trương spa", "step": "heartbeat", "message": "Worker alive", "data": {"w": 2, "elapsed_s": 199}, "seq": 47315}
{"ts": "2026-05-01T19:16:58.634974+00:00", "level": "INFO", "jobId": "cb52317d-1712-4db6-8fd2-6d9d17dd05a9", "keyword": "khai trương spa", "step": "capture", "message": "Capturing posinset=56 (56/∞)…", "data": {"w": 2}, "seq": 47316}
{"ts": "2026-05-01T19:17:02.443378+00:00", "level": "INFO", "jobId": "cb52317d-1712-4db6-8fd2-6d9d17dd05a9", "keyword": "khai trương spa", "step": "capture", "message": "Saved post_056.png (posinset=56)", "data": {"w": 2}, "seq": 47320}
{"ts": "2026-05-01T19:17:02.444634+00:00", "level": "INFO", "jobId": "cb52317d-1712-4db6-8fd2-6d9d17dd05a9", "keyword": "khai trương spa", "step": "cooldown", "message": "Cooldown 1.0s (after capture)", "data": {"w": 2}, "seq": 47321}
{"ts": "2026-05-01T19:17:03.472772+00:00", "level": "INFO", "jobId": "cb52317d-1712-4db6-8fd2-6d9d17dd05a9", "keyword": "khai trương spa", "step": "capture", "message": "Capturing posinset=57 (57/∞)…", "data": {"w": 2}, "seq": 47323}
{"ts": "2026-05-01T19:17:05.489919+00:00", "level": "INFO", "jobId": "cb52317d-1712-4db6-8fd2-6d9d17dd05a9", "keyword": "khai trương spa", "step": "capture", "message": "Saved post_057.png (posinset=57)", "data": {"w": 2}, "seq": 47326}
{"ts": "2026-05-01T19:17:05.492016+00:00", "level": "INFO", "jobId": "cb52317d-1712-4db6-8fd2-6d9d17dd05a9", "keyword": "khai trương spa", "step": "cooldown", "message": "Cooldown 1.0s (after capture)", "data": {"w": 2}, "seq": 47327}
{"ts": "2026-05-01T19:17:06.518839+00:00", "level": "INFO", "jobId": "cb52317d-1712-4db6-8fd2-6d9d17dd05a9", "keyword": "khai trương spa", "step": "capture", "message": "Capturing posinset=58 (58/∞)…", "data": {"w": 2}, "seq": 47330}
{"ts": "2026-05-01T19:17:09.337084+00:00", "level": "INFO", "jobId": "cb52317d-1712-4db6-8fd2-6d9d17dd05a9", "keyword": "khai trương spa", "step": "capture", "message": "Saved post_058.png (posinset=58)", "data": {"w": 2}, "seq": 47333}
{"ts": "2026-05-01T19:17:09.338083+00:00", "level": "INFO", "jobId": "cb52317d-1712-4db6-8fd2-6d9d17dd05a9", "keyword": "khai trương spa", "step": "cooldown", "message": "Cooldown 1.0s (after capture)", "data": {"w": 2}, "seq": 47334}
{"ts": "2026-05-01T19:17:10.387683+00:00", "level": "INFO", "jobId": "cb52317d-1712-4db6-8fd2-6d9d17dd05a9", "keyword": "khai trương spa", "step": "capture", "message": "Capturing posinset=59 (59/∞)…", "data": {"w": 2}, "seq": 47335}
{"ts": "2026-05-01T19:17:12.376307+00:00", "level": "INFO", "jobId": "cb52317d-1712-4db6-8fd2-6d9d17dd05a9", "keyword": "khai trương spa", "step": "capture", "message": "Saved post_059.png (posinset=59)", "data": {"w": 2}, "seq": 47336}
{"ts": "2026-05-01T19:17:12.378247+00:00", "level": "INFO", "jobId": "cb52317d-1712-4db6-8fd2-6d9d17dd05a9", "keyword": "khai trương spa", "step": "cooldown", "message": "Cooldown 1.0s (after capture)", "data": {"w": 2}, "seq": 47337}
{"ts": "2026-05-01T19:17:13.408527+00:00", "level": "INFO", "jobId": "cb52317d-1712-4db6-8fd2-6d9d17dd05a9", "keyword": "khai trương spa", "step": "capture", "message": "Capturing posinset=60 (60/∞)…", "data": {"w": 2}, "seq": 47338}
{"ts": "2026-05-01T19:17:16.947861+00:00", "level": "INFO", "jobId": "cb52317d-1712-4db6-8fd2-6d9d17dd05a9", "keyword": "khai trương spa", "step": "capture", "message": "Saved post_060.png (posinset=60)", "data": {"w": 2}, "seq": 47339}
{"ts": "2026-05-01T19:17:16.952860+00:00", "level": "INFO", "jobId": "cb52317d-1712-4db6-8fd2-6d9d17dd05a9", "keyword": "khai trương spa", "step": "cooldown", "message": "Cooldown 1.0s (after capture)", "data": {"w": 2}, "seq": 47340}
{"ts": "2026-05-01T19:17:19.138158+00:00", "level": "INFO", "jobId": "cb52317d-1712-4db6-8fd2-6d9d17dd05a9", "keyword": "khai trương spa", "step": "heartbeat", "message": "Worker alive", "data": {"w": 2, "elapsed_s": 220}, "seq": 47341}
{"ts": "2026-05-01T19:17:19.142377+00:00", "level": "INFO", "jobId": "cb52317d-1712-4db6-8fd2-6d9d17dd05a9", "keyword": "khai trương spa", "step": "capture", "message": "Capturing posinset=61 (61/∞)…", "data": {"w": 2}, "seq": 47342}
{"ts": "2026-05-01T19:17:22.630367+00:00", "level": "INFO", "jobId": "cb52317d-1712-4db6-8fd2-6d9d17dd05a9", "keyword": "khai trương spa", "step": "capture", "message": "Saved post_061.png (posinset=61)", "data": {"w": 2}, "seq": 47349}
{"ts": "2026-05-01T19:17:22.632488+00:00", "level": "INFO", "jobId": "cb52317d-1712-4db6-8fd2-6d9d17dd05a9", "keyword": "khai trương spa", "step": "cooldown", "message": "Cooldown 1.0s (after capture)", "data": {"w": 2}, "seq": 47350}
{"ts": "2026-05-01T19:17:24.086280+00:00", "level": "INFO", "jobId": "cb52317d-1712-4db6-8fd2-6d9d17dd05a9", "keyword": "khai trương spa", "step": "capture", "message": "Capturing posinset=62 (62/∞)…", "data": {"w": 2}, "seq": 47351}
{"ts": "2026-05-01T19:17:27.918687+00:00", "level": "INFO", "jobId": "cb52317d-1712-4db6-8fd2-6d9d17dd05a9", "keyword": "khai trương spa", "step": "capture", "message": "Saved post_062.png (posinset=62)", "data": {"w": 2}, "seq": 47356}
{"ts": "2026-05-01T19:17:27.922892+00:00", "level": "INFO", "jobId": "cb52317d-1712-4db6-8fd2-6d9d17dd05a9", "keyword": "khai trương spa", "step": "cooldown", "message": "Cooldown 1.0s (after capture)", "data": {"w": 2}, "seq": 47357}
{"ts": "2026-05-01T19:17:29.082193+00:00", "level": "INFO", "jobId": "cb52317d-1712-4db6-8fd2-6d9d17dd05a9", "keyword": "khai trương spa", "step": "capture", "message": "Capturing posinset=63 (63/∞)…", "data": {"w": 2}, "seq": 47358}
{"ts": "2026-05-01T19:17:32.781729+00:00", "level": "INFO", "jobId": "cb52317d-1712-4db6-8fd2-6d9d17dd05a9", "keyword": "khai trương spa", "step": "capture", "message": "Saved post_063.png (posinset=63)", "data": {"w": 2}, "seq": 47361}
{"ts": "2026-05-01T19:17:32.833730+00:00", "level": "INFO", "jobId": "cb52317d-1712-4db6-8fd2-6d9d17dd05a9", "keyword": "khai trương spa", "step": "cooldown", "message": "Cooldown 1.0s (after capture)", "data": {"w": 2}, "seq": 47362}
{"ts": "2026-05-01T19:17:34.264413+00:00", "level": "INFO", "jobId": "cb52317d-1712-4db6-8fd2-6d9d17dd05a9", "keyword": "khai trương spa", "step": "heartbeat", "message": "Worker alive", "data": {"w": 2, "elapsed_s": 235}, "seq": 47363}
{"ts": "2026-05-01T19:17:34.266414+00:00", "level": "INFO", "jobId": "cb52317d-1712-4db6-8fd2-6d9d17dd05a9", "keyword": "khai trương spa", "step": "capture", "message": "Capturing posinset=64 (64/∞)…", "data": {"w": 2}, "seq": 47364}
{"ts": "2026-05-01T19:17:39.276688+00:00", "level": "INFO", "jobId": "cb52317d-1712-4db6-8fd2-6d9d17dd05a9", "keyword": "khai trương spa", "step": "capture", "message": "Saved post_064.png (posinset=64)", "data": {"w": 2}, "seq": 47370}
{"ts": "2026-05-01T19:17:39.278626+00:00", "level": "INFO", "jobId": "cb52317d-1712-4db6-8fd2-6d9d17dd05a9", "keyword": "khai trương spa", "step": "cooldown", "message": "Cooldown 1.0s (after capture)", "data": {"w": 2}, "seq": 47371}
{"ts": "2026-05-01T19:17:40.409061+00:00", "level": "INFO", "jobId": "cb52317d-1712-4db6-8fd2-6d9d17dd05a9", "keyword": "khai trương spa", "step": "capture", "message": "Capturing posinset=65 (65/∞)…", "data": {"w": 2}, "seq": 47372}
{"ts": "2026-05-01T19:17:46.324063+00:00", "level": "INFO", "jobId": "cb52317d-1712-4db6-8fd2-6d9d17dd05a9", "keyword": "khai trương spa", "step": "capture", "message": "Saved post_065.png (posinset=65)", "data": {"w": 2}, "seq": 47377}
{"ts": "2026-05-01T19:17:46.328060+00:00", "level": "INFO", "jobId": "cb52317d-1712-4db6-8fd2-6d9d17dd05a9", "keyword": "khai trương spa", "step": "cooldown", "message": "Cooldown 1.0s (after capture)", "data": {"w": 2}, "seq": 47378}
{"ts": "2026-05-01T19:17:47.705493+00:00", "level": "INFO", "jobId": "cb52317d-1712-4db6-8fd2-6d9d17dd05a9", "keyword": "khai trương spa", "step": "capture", "message": "Capturing posinset=66 (66/∞)…", "data": {"w": 2}, "seq": 47379}
{"ts": "2026-05-01T19:17:50.878384+00:00", "level": "INFO", "jobId": "cb52317d-1712-4db6-8fd2-6d9d17dd05a9", "keyword": "khai trương spa", "step": "capture", "message": "Saved post_066.png (posinset=66)", "data": {"w": 2}, "seq": 47381}
{"ts": "2026-05-01T19:17:50.881352+00:00", "level": "INFO", "jobId": "cb52317d-1712-4db6-8fd2-6d9d17dd05a9", "keyword": "khai trương spa", "step": "cooldown", "message": "Cooldown 1.0s (after capture)", "data": {"w": 2}, "seq": 47382}
{"ts": "2026-05-01T19:17:52.004130+00:00", "level": "INFO", "jobId": "cb52317d-1712-4db6-8fd2-6d9d17dd05a9", "keyword": "khai trương spa", "step": "heartbeat", "message": "Worker alive", "data": {"w": 2, "elapsed_s": 253}, "seq": 47385}
{"ts": "2026-05-01T19:17:52.009131+00:00", "level": "INFO", "jobId": "cb52317d-1712-4db6-8fd2-6d9d17dd05a9", "keyword": "khai trương spa", "step": "capture", "message": "Capturing posinset=67 (67/∞)…", "data": {"w": 2}, "seq": 47386}
{"ts": "2026-05-01T19:17:55.652350+00:00", "level": "INFO", "jobId": "cb52317d-1712-4db6-8fd2-6d9d17dd05a9", "keyword": "khai trương spa", "step": "capture", "message": "Saved post_067.png (posinset=67)", "data": {"w": 2}, "seq": 47391}
{"ts": "2026-05-01T19:17:55.656351+00:00", "level": "INFO", "jobId": "cb52317d-1712-4db6-8fd2-6d9d17dd05a9", "keyword": "khai trương spa", "step": "cooldown", "message": "Cooldown 1.0s (after capture)", "data": {"w": 2}, "seq": 47392}
{"ts": "2026-05-01T19:17:56.689342+00:00", "level": "INFO", "jobId": "cb52317d-1712-4db6-8fd2-6d9d17dd05a9", "keyword": "khai trương spa", "step": "capture", "message": "Capturing posinset=68 (68/∞)…", "data": {"w": 2}, "seq": 47395}
{"ts": "2026-05-01T19:17:59.514228+00:00", "level": "INFO", "jobId": "cb52317d-1712-4db6-8fd2-6d9d17dd05a9", "keyword": "khai trương spa", "step": "capture", "message": "Saved post_068.png (posinset=68)", "data": {"w": 2}, "seq": 47402}
{"ts": "2026-05-01T19:17:59.515228+00:00", "level": "INFO", "jobId": "cb52317d-1712-4db6-8fd2-6d9d17dd05a9", "keyword": "khai trương spa", "step": "cooldown", "message": "Cooldown 1.0s (after capture)", "data": {"w": 2}, "seq": 47403}
{"ts": "2026-05-01T19:18:00.551374+00:00", "level": "INFO", "jobId": "cb52317d-1712-4db6-8fd2-6d9d17dd05a9", "keyword": "khai trương spa", "step": "capture", "message": "Capturing posinset=69 (69/∞)…", "data": {"w": 2}, "seq": 47405}
{"ts": "2026-05-01T19:18:02.312081+00:00", "level": "INFO", "jobId": "cb52317d-1712-4db6-8fd2-6d9d17dd05a9", "keyword": "khai trương spa", "step": "capture", "message": "Saved post_069.png (posinset=69)", "data": {"w": 2}, "seq": 47411}
{"ts": "2026-05-01T19:18:02.319081+00:00", "level": "INFO", "jobId": "cb52317d-1712-4db6-8fd2-6d9d17dd05a9", "keyword": "khai trương spa", "step": "cooldown", "message": "Cooldown 1.0s (after capture)", "data": {"w": 2}, "seq": 47412}
{"ts": "2026-05-01T19:18:03.369709+00:00", "level": "INFO", "jobId": "cb52317d-1712-4db6-8fd2-6d9d17dd05a9", "keyword": "khai trương spa", "step": "capture", "message": "Capturing posinset=70 (70/∞)…", "data": {"w": 2}, "seq": 47417}
{"ts": "2026-05-01T19:18:06.009164+00:00", "level": "INFO", "jobId": "cb52317d-1712-4db6-8fd2-6d9d17dd05a9", "keyword": "khai trương spa", "step": "capture", "message": "Saved post_070.png (posinset=70)", "data": {"w": 2}, "seq": 47420}
{"ts": "2026-05-01T19:18:06.010353+00:00", "level": "INFO", "jobId": "cb52317d-1712-4db6-8fd2-6d9d17dd05a9", "keyword": "khai trương spa", "step": "cooldown", "message": "Cooldown 1.0s (after capture)", "data": {"w": 2}, "seq": 47421}
{"ts": "2026-05-01T19:18:07.817719+00:00", "level": "INFO", "jobId": "cb52317d-1712-4db6-8fd2-6d9d17dd05a9", "keyword": "khai trương spa", "step": "heartbeat", "message": "Worker alive", "data": {"w": 2, "elapsed_s": 269}, "seq": 47427}
{"ts": "2026-05-01T19:18:07.819738+00:00", "level": "INFO", "jobId": "cb52317d-1712-4db6-8fd2-6d9d17dd05a9", "keyword": "khai trương spa", "step": "capture", "message": "Capturing posinset=71 (71/∞)…", "data": {"w": 2}, "seq": 47428}
{"ts": "2026-05-01T19:18:12.040362+00:00", "level": "INFO", "jobId": "cb52317d-1712-4db6-8fd2-6d9d17dd05a9", "keyword": "khai trương spa", "step": "capture", "message": "Saved post_071.png (posinset=71)", "data": {"w": 2}, "seq": 47435}
{"ts": "2026-05-01T19:18:12.041493+00:00", "level": "INFO", "jobId": "cb52317d-1712-4db6-8fd2-6d9d17dd05a9", "keyword": "khai trương spa", "step": "cooldown", "message": "Cooldown 1.0s (after capture)", "data": {"w": 2}, "seq": 47436}
{"ts": "2026-05-01T19:18:13.070818+00:00", "level": "INFO", "jobId": "cb52317d-1712-4db6-8fd2-6d9d17dd05a9", "keyword": "khai trương spa", "step": "capture", "message": "Capturing posinset=72 (72/∞)…", "data": {"w": 2}, "seq": 47438}
{"ts": "2026-05-01T19:18:15.073833+00:00", "level": "INFO", "jobId": "cb52317d-1712-4db6-8fd2-6d9d17dd05a9", "keyword": "khai trương spa", "step": "capture", "message": "Saved post_072.png (posinset=72)", "data": {"w": 2}, "seq": 47441}
{"ts": "2026-05-01T19:18:15.074838+00:00", "level": "INFO", "jobId": "cb52317d-1712-4db6-8fd2-6d9d17dd05a9", "keyword": "khai trương spa", "step": "cooldown", "message": "Cooldown 1.0s (after capture)", "data": {"w": 2}, "seq": 47442}
{"ts": "2026-05-01T19:18:16.100879+00:00", "level": "INFO", "jobId": "cb52317d-1712-4db6-8fd2-6d9d17dd05a9", "keyword": "khai trương spa", "step": "capture", "message": "Capturing posinset=73 (73/∞)…", "data": {"w": 2}, "seq": 47446}
{"ts": "2026-05-01T19:18:18.143628+00:00", "level": "INFO", "jobId": "cb52317d-1712-4db6-8fd2-6d9d17dd05a9", "keyword": "khai trương spa", "step": "capture", "message": "Saved post_073.png (posinset=73)", "data": {"w": 2}, "seq": 47450}
{"ts": "2026-05-01T19:18:18.144628+00:00", "level": "INFO", "jobId": "cb52317d-1712-4db6-8fd2-6d9d17dd05a9", "keyword": "khai trương spa", "step": "cooldown", "message": "Cooldown 1.0s (after capture)", "data": {"w": 2}, "seq": 47451}
{"ts": "2026-05-01T19:18:19.193788+00:00", "level": "INFO", "jobId": "cb52317d-1712-4db6-8fd2-6d9d17dd05a9", "keyword": "khai trương spa", "step": "capture", "message": "Capturing posinset=74 (74/∞)…", "data": {"w": 2}, "seq": 47453}
{"ts": "2026-05-01T19:18:21.477865+00:00", "level": "INFO", "jobId": "cb52317d-1712-4db6-8fd2-6d9d17dd05a9", "keyword": "khai trương spa", "step": "capture", "message": "Saved post_074.png (posinset=74)", "data": {"w": 2}, "seq": 47460}
{"ts": "2026-05-01T19:18:21.478866+00:00", "level": "INFO", "jobId": "cb52317d-1712-4db6-8fd2-6d9d17dd05a9", "keyword": "khai trương spa", "step": "cooldown", "message": "Cooldown 1.0s (after capture)", "data": {"w": 2}, "seq": 47461}
{"ts": "2026-05-01T19:18:22.766346+00:00", "level": "INFO", "jobId": "cb52317d-1712-4db6-8fd2-6d9d17dd05a9", "keyword": "khai trương spa", "step": "capture", "message": "Capturing posinset=75 (75/∞)…", "data": {"w": 2}, "seq": 47466}
{"ts": "2026-05-01T19:18:26.710082+00:00", "level": "INFO", "jobId": "cb52317d-1712-4db6-8fd2-6d9d17dd05a9", "keyword": "khai trương spa", "step": "capture", "message": "Saved post_075.png (posinset=75)", "data": {"w": 2}, "seq": 47474}
{"ts": "2026-05-01T19:18:26.711081+00:00", "level": "INFO", "jobId": "cb52317d-1712-4db6-8fd2-6d9d17dd05a9", "keyword": "khai trương spa", "step": "cooldown", "message": "Cooldown 1.0s (after capture)", "data": {"w": 2}, "seq": 47475}
{"ts": "2026-05-01T19:18:27.759525+00:00", "level": "INFO", "jobId": "cb52317d-1712-4db6-8fd2-6d9d17dd05a9", "keyword": "khai trương spa", "step": "heartbeat", "message": "Worker alive", "data": {"w": 2, "elapsed_s": 289}, "seq": 47476}
{"ts": "2026-05-01T19:18:27.767675+00:00", "level": "INFO", "jobId": "cb52317d-1712-4db6-8fd2-6d9d17dd05a9", "keyword": "khai trương spa", "step": "capture", "message": "Capturing posinset=76 (76/∞)…", "data": {"w": 2}, "seq": 47477}
{"ts": "2026-05-01T19:18:30.145360+00:00", "level": "INFO", "jobId": "cb52317d-1712-4db6-8fd2-6d9d17dd05a9", "keyword": "khai trương spa", "step": "capture", "message": "Saved post_076.png (posinset=76)", "data": {"w": 2}, "seq": 47483}
{"ts": "2026-05-01T19:18:30.147365+00:00", "level": "INFO", "jobId": "cb52317d-1712-4db6-8fd2-6d9d17dd05a9", "keyword": "khai trương spa", "step": "cooldown", "message": "Cooldown 1.0s (after capture)", "data": {"w": 2}, "seq": 47484}
{"ts": "2026-05-01T19:18:31.201346+00:00", "level": "INFO", "jobId": "cb52317d-1712-4db6-8fd2-6d9d17dd05a9", "keyword": "khai trương spa", "step": "capture", "message": "Capturing posinset=77 (77/∞)…", "data": {"w": 2}, "seq": 47486}
{"ts": "2026-05-01T19:18:35.169721+00:00", "level": "INFO", "jobId": "cb52317d-1712-4db6-8fd2-6d9d17dd05a9", "keyword": "khai trương spa", "step": "capture", "message": "Saved post_077.png (posinset=77)", "data": {"w": 2}, "seq": 47490}
{"ts": "2026-05-01T19:18:35.173715+00:00", "level": "INFO", "jobId": "cb52317d-1712-4db6-8fd2-6d9d17dd05a9", "keyword": "khai trương spa", "step": "cooldown", "message": "Cooldown 1.0s (after capture)", "data": {"w": 2}, "seq": 47491}
{"ts": "2026-05-01T19:18:36.260641+00:00", "level": "INFO", "jobId": "cb52317d-1712-4db6-8fd2-6d9d17dd05a9", "keyword": "khai trương spa", "step": "capture", "message": "Capturing posinset=78 (78/∞)…", "data": {"w": 2}, "seq": 47494}
{"ts": "2026-05-01T19:18:38.894370+00:00", "level": "INFO", "jobId": "cb52317d-1712-4db6-8fd2-6d9d17dd05a9", "keyword": "khai trương spa", "step": "capture", "message": "Saved post_078.png (posinset=78)", "data": {"w": 2}, "seq": 47499}
{"ts": "2026-05-01T19:18:38.897863+00:00", "level": "INFO", "jobId": "cb52317d-1712-4db6-8fd2-6d9d17dd05a9", "keyword": "khai trương spa", "step": "cooldown", "message": "Cooldown 1.0s (after capture)", "data": {"w": 2}, "seq": 47500}
{"ts": "2026-05-01T19:18:39.941518+00:00", "level": "INFO", "jobId": "cb52317d-1712-4db6-8fd2-6d9d17dd05a9", "keyword": "khai trương spa", "step": "capture", "message": "Capturing posinset=79 (79/∞)…", "data": {"w": 2}, "seq": 47504}
{"ts": "2026-05-01T19:18:42.668731+00:00", "level": "INFO", "jobId": "cb52317d-1712-4db6-8fd2-6d9d17dd05a9", "keyword": "khai trương spa", "step": "capture", "message": "Saved post_079.png (posinset=79)", "data": {"w": 2}, "seq": 47510}
{"ts": "2026-05-01T19:18:42.669731+00:00", "level": "INFO", "jobId": "cb52317d-1712-4db6-8fd2-6d9d17dd05a9", "keyword": "khai trương spa", "step": "cooldown", "message": "Cooldown 1.0s (after capture)", "data": {"w": 2}, "seq": 47511}
{"ts": "2026-05-01T19:18:43.719614+00:00", "level": "INFO", "jobId": "cb52317d-1712-4db6-8fd2-6d9d17dd05a9", "keyword": "khai trương spa", "step": "heartbeat", "message": "Worker alive", "data": {"w": 2, "elapsed_s": 305}, "seq": 47512}
{"ts": "2026-05-01T19:18:43.721613+00:00", "level": "INFO", "jobId": "cb52317d-1712-4db6-8fd2-6d9d17dd05a9", "keyword": "khai trương spa", "step": "capture", "message": "Capturing posinset=80 (80/∞)…", "data": {"w": 2}, "seq": 47513}
{"ts": "2026-05-01T19:18:48.333934+00:00", "level": "INFO", "jobId": "cb52317d-1712-4db6-8fd2-6d9d17dd05a9", "keyword": "khai trương spa", "step": "capture", "message": "Saved post_080.png (posinset=80)", "data": {"w": 2}, "seq": 47517}
{"ts": "2026-05-01T19:18:48.336933+00:00", "level": "INFO", "jobId": "cb52317d-1712-4db6-8fd2-6d9d17dd05a9", "keyword": "khai trương spa", "step": "cooldown", "message": "Cooldown 1.0s (after capture)", "data": {"w": 2}, "seq": 47518}
{"ts": "2026-05-01T19:18:50.270392+00:00", "level": "INFO", "jobId": "cb52317d-1712-4db6-8fd2-6d9d17dd05a9", "keyword": "khai trương spa", "step": "capture", "message": "Capturing posinset=81 (81/∞)…", "data": {"w": 2}, "seq": 47521}
{"ts": "2026-05-01T19:18:56.970325+00:00", "level": "INFO", "jobId": "cb52317d-1712-4db6-8fd2-6d9d17dd05a9", "keyword": "khai trương spa", "step": "capture", "message": "Saved post_081.png (posinset=81)", "data": {"w": 2}, "seq": 47532}
{"ts": "2026-05-01T19:18:56.971499+00:00", "level": "INFO", "jobId": "cb52317d-1712-4db6-8fd2-6d9d17dd05a9", "keyword": "khai trương spa", "step": "cooldown", "message": "Cooldown 1.0s (after capture)", "data": {"w": 2}, "seq": 47533}
{"ts": "2026-05-01T19:18:58.023335+00:00", "level": "INFO", "jobId": "cb52317d-1712-4db6-8fd2-6d9d17dd05a9", "keyword": "khai trương spa", "step": "capture", "message": "Capturing posinset=82 (82/∞)…", "data": {"w": 2}, "seq": 47537}
{"ts": "2026-05-01T19:19:02.938707+00:00", "level": "INFO", "jobId": "cb52317d-1712-4db6-8fd2-6d9d17dd05a9", "keyword": "khai trương spa", "step": "capture", "message": "Saved post_082.png (posinset=82)", "data": {"w": 2}, "seq": 47546}
{"ts": "2026-05-01T19:19:02.939722+00:00", "level": "INFO", "jobId": "cb52317d-1712-4db6-8fd2-6d9d17dd05a9", "keyword": "khai trương spa", "step": "cooldown", "message": "Cooldown 1.0s (after capture)", "data": {"w": 2}, "seq": 47547}
{"ts": "2026-05-01T19:19:03.988064+00:00", "level": "INFO", "jobId": "cb52317d-1712-4db6-8fd2-6d9d17dd05a9", "keyword": "khai trương spa", "step": "heartbeat", "message": "Worker alive", "data": {"w": 2, "elapsed_s": 325}, "seq": 47549}
{"ts": "2026-05-01T19:19:03.989361+00:00", "level": "INFO", "jobId": "cb52317d-1712-4db6-8fd2-6d9d17dd05a9", "keyword": "khai trương spa", "step": "capture", "message": "Capturing posinset=83 (83/∞)…", "data": {"w": 2}, "seq": 47550}
{"ts": "2026-05-01T19:19:07.469581+00:00", "level": "INFO", "jobId": "cb52317d-1712-4db6-8fd2-6d9d17dd05a9", "keyword": "khai trương spa", "step": "capture", "message": "Saved post_083.png (posinset=83)", "data": {"w": 2}, "seq": 47556}
{"ts": "2026-05-01T19:19:07.470581+00:00", "level": "INFO", "jobId": "cb52317d-1712-4db6-8fd2-6d9d17dd05a9", "keyword": "khai trương spa", "step": "cooldown", "message": "Cooldown 1.0s (after capture)", "data": {"w": 2}, "seq": 47557}
{"ts": "2026-05-01T19:19:08.494469+00:00", "level": "INFO", "jobId": "cb52317d-1712-4db6-8fd2-6d9d17dd05a9", "keyword": "khai trương spa", "step": "capture", "message": "Capturing posinset=84 (84/∞)…", "data": {"w": 2}, "seq": 47561}
{"ts": "2026-05-01T19:19:10.286789+00:00", "level": "INFO", "jobId": "cb52317d-1712-4db6-8fd2-6d9d17dd05a9", "keyword": "khai trương spa", "step": "capture", "message": "Saved post_084.png (posinset=84)", "data": {"w": 2}, "seq": 47564}
{"ts": "2026-05-01T19:19:10.287789+00:00", "level": "INFO", "jobId": "cb52317d-1712-4db6-8fd2-6d9d17dd05a9", "keyword": "khai trương spa", "step": "cooldown", "message": "Cooldown 1.0s (after capture)", "data": {"w": 2}, "seq": 47565}
{"ts": "2026-05-01T19:19:11.338641+00:00", "level": "INFO", "jobId": "cb52317d-1712-4db6-8fd2-6d9d17dd05a9", "keyword": "khai trương spa", "step": "capture", "message": "Capturing posinset=85 (85/∞)…", "data": {"w": 2}, "seq": 47566}
{"ts": "2026-05-01T19:19:13.405712+00:00", "level": "INFO", "jobId": "cb52317d-1712-4db6-8fd2-6d9d17dd05a9", "keyword": "khai trương spa", "step": "capture", "message": "Saved post_085.png (posinset=85)", "data": {"w": 2}, "seq": 47572}
{"ts": "2026-05-01T19:19:13.406712+00:00", "level": "INFO", "jobId": "cb52317d-1712-4db6-8fd2-6d9d17dd05a9", "keyword": "khai trương spa", "step": "cooldown", "message": "Cooldown 1.0s (after capture)", "data": {"w": 2}, "seq": 47573}
{"ts": "2026-05-01T19:19:14.838991+00:00", "level": "INFO", "jobId": "cb52317d-1712-4db6-8fd2-6d9d17dd05a9", "keyword": "khai trương spa", "step": "capture", "message": "Capturing posinset=86 (86/∞)…", "data": {"w": 2}, "seq": 47578}
{"ts": "2026-05-01T19:19:19.515372+00:00", "level": "INFO", "jobId": "cb52317d-1712-4db6-8fd2-6d9d17dd05a9", "keyword": "khai trương spa", "step": "capture", "message": "Saved post_086.png (posinset=86)", "data": {"w": 2}, "seq": 47586}
{"ts": "2026-05-01T19:19:19.516712+00:00", "level": "INFO", "jobId": "cb52317d-1712-4db6-8fd2-6d9d17dd05a9", "keyword": "khai trương spa", "step": "cooldown", "message": "Cooldown 1.0s (after capture)", "data": {"w": 2}, "seq": 47587}
{"ts": "2026-05-01T19:19:20.897782+00:00", "level": "INFO", "jobId": "cb52317d-1712-4db6-8fd2-6d9d17dd05a9", "keyword": "khai trương spa", "step": "heartbeat", "message": "Worker alive", "data": {"w": 2, "elapsed_s": 342}, "seq": 47588}
{"ts": "2026-05-01T19:19:20.899801+00:00", "level": "INFO", "jobId": "cb52317d-1712-4db6-8fd2-6d9d17dd05a9", "keyword": "khai trương spa", "step": "capture", "message": "Capturing posinset=87 (87/∞)…", "data": {"w": 2}, "seq": 47589}
{"ts": "2026-05-01T19:19:27.830786+00:00", "level": "INFO", "jobId": "cb52317d-1712-4db6-8fd2-6d9d17dd05a9", "keyword": "khai trương spa", "step": "capture", "message": "Saved post_087.png (posinset=87)", "data": {"w": 2}, "seq": 47594}
{"ts": "2026-05-01T19:19:27.830786+00:00", "level": "INFO", "jobId": "cb52317d-1712-4db6-8fd2-6d9d17dd05a9", "keyword": "khai trương spa", "step": "cooldown", "message": "Cooldown 1.0s (after capture)", "data": {"w": 2}, "seq": 47595}
{"ts": "2026-05-01T19:19:28.859140+00:00", "level": "INFO", "jobId": "cb52317d-1712-4db6-8fd2-6d9d17dd05a9", "keyword": "khai trương spa", "step": "capture", "message": "Capturing posinset=88 (88/∞)…", "data": {"w": 2}, "seq": 47599}
{"ts": "2026-05-01T19:19:31.179325+00:00", "level": "INFO", "jobId": "cb52317d-1712-4db6-8fd2-6d9d17dd05a9", "keyword": "khai trương spa", "step": "capture", "message": "Saved post_088.png (posinset=88)", "data": {"w": 2}, "seq": 47601}
{"ts": "2026-05-01T19:19:31.181322+00:00", "level": "INFO", "jobId": "cb52317d-1712-4db6-8fd2-6d9d17dd05a9", "keyword": "khai trương spa", "step": "cooldown", "message": "Cooldown 1.0s (after capture)", "data": {"w": 2}, "seq": 47602}
{"ts": "2026-05-01T19:19:32.219597+00:00", "level": "INFO", "jobId": "cb52317d-1712-4db6-8fd2-6d9d17dd05a9", "keyword": "khai trương spa", "step": "capture", "message": "Capturing posinset=89 (89/∞)…", "data": {"w": 2}, "seq": 47607}
{"ts": "2026-05-01T19:19:34.541131+00:00", "level": "INFO", "jobId": "cb52317d-1712-4db6-8fd2-6d9d17dd05a9", "keyword": "khai trương spa", "step": "capture", "message": "Saved post_089.png (posinset=89)", "data": {"w": 2}, "seq": 47611}
{"ts": "2026-05-01T19:19:34.542644+00:00", "level": "INFO", "jobId": "cb52317d-1712-4db6-8fd2-6d9d17dd05a9", "keyword": "khai trương spa", "step": "cooldown", "message": "Cooldown 1.0s (after capture)", "data": {"w": 2}, "seq": 47612}
{"ts": "2026-05-01T19:19:35.591226+00:00", "level": "INFO", "jobId": "cb52317d-1712-4db6-8fd2-6d9d17dd05a9", "keyword": "khai trương spa", "step": "capture", "message": "Capturing posinset=90 (90/∞)…", "data": {"w": 2}, "seq": 47616}
{"ts": "2026-05-01T19:19:38.545194+00:00", "level": "INFO", "jobId": "cb52317d-1712-4db6-8fd2-6d9d17dd05a9", "keyword": "khai trương spa", "step": "capture", "message": "Saved post_090.png (posinset=90)", "data": {"w": 2}, "seq": 47619}
{"ts": "2026-05-01T19:19:38.547194+00:00", "level": "INFO", "jobId": "cb52317d-1712-4db6-8fd2-6d9d17dd05a9", "keyword": "khai trương spa", "step": "cooldown", "message": "Cooldown 1.0s (after capture)", "data": {"w": 2}, "seq": 47620}
{"ts": "2026-05-01T19:19:39.922294+00:00", "level": "INFO", "jobId": "cb52317d-1712-4db6-8fd2-6d9d17dd05a9", "keyword": "khai trương spa", "step": "heartbeat", "message": "Worker alive", "data": {"w": 2, "elapsed_s": 361}, "seq": 47622}
{"ts": "2026-05-01T19:19:39.924557+00:00", "level": "INFO", "jobId": "cb52317d-1712-4db6-8fd2-6d9d17dd05a9", "keyword": "khai trương spa", "step": "capture", "message": "Capturing posinset=91 (91/∞)…", "data": {"w": 2}, "seq": 47623}
{"ts": "2026-05-01T19:19:42.613533+00:00", "level": "INFO", "jobId": "cb52317d-1712-4db6-8fd2-6d9d17dd05a9", "keyword": "khai trương spa", "step": "capture", "message": "Saved post_091.png (posinset=91)", "data": {"w": 2}, "seq": 47628}
{"ts": "2026-05-01T19:19:42.614534+00:00", "level": "INFO", "jobId": "cb52317d-1712-4db6-8fd2-6d9d17dd05a9", "keyword": "khai trương spa", "step": "cooldown", "message": "Cooldown 1.0s (after capture)", "data": {"w": 2}, "seq": 47629}
{"ts": "2026-05-01T19:19:43.668278+00:00", "level": "INFO", "jobId": "cb52317d-1712-4db6-8fd2-6d9d17dd05a9", "keyword": "khai trương spa", "step": "capture", "message": "Capturing posinset=92 (92/∞)…", "data": {"w": 2}, "seq": 47630}
{"ts": "2026-05-01T19:19:45.880648+00:00", "level": "INFO", "jobId": "cb52317d-1712-4db6-8fd2-6d9d17dd05a9", "keyword": "khai trương spa", "step": "capture", "message": "Saved post_092.png (posinset=92)", "data": {"w": 2}, "seq": 47634}
{"ts": "2026-05-01T19:19:45.883077+00:00", "level": "INFO", "jobId": "cb52317d-1712-4db6-8fd2-6d9d17dd05a9", "keyword": "khai trương spa", "step": "cooldown", "message": "Cooldown 1.0s (after capture)", "data": {"w": 2}, "seq": 47635}
{"ts": "2026-05-01T19:19:46.931294+00:00", "level": "INFO", "jobId": "cb52317d-1712-4db6-8fd2-6d9d17dd05a9", "keyword": "khai trương spa", "step": "capture", "message": "Capturing posinset=93 (93/∞)…", "data": {"w": 2}, "seq": 47640}
{"ts": "2026-05-01T19:19:48.630254+00:00", "level": "INFO", "jobId": "cb52317d-1712-4db6-8fd2-6d9d17dd05a9", "keyword": "khai trương spa", "step": "capture", "message": "Capturing posinset=93 (93/∞)…", "data": {"w": 2}, "seq": 47643}
{"ts": "2026-05-01T19:19:50.328218+00:00", "level": "INFO", "jobId": "cb52317d-1712-4db6-8fd2-6d9d17dd05a9", "keyword": "khai trương spa", "step": "capture", "message": "Capturing posinset=93 (93/∞)…", "data": {"w": 2}, "seq": 47646}
{"ts": "2026-05-01T19:19:51.678113+00:00", "level": "INFO", "jobId": "cb52317d-1712-4db6-8fd2-6d9d17dd05a9", "keyword": "khai trương spa", "step": "capture", "message": "Capturing posinset=93 (93/∞)…", "data": {"w": 2}, "seq": 47650}
{"ts": "2026-05-01T19:19:53.078043+00:00", "level": "INFO", "jobId": "cb52317d-1712-4db6-8fd2-6d9d17dd05a9", "keyword": "khai trương spa", "step": "capture", "message": "Capturing posinset=93 (93/∞)…", "data": {"w": 2}, "seq": 47653}
{"ts": "2026-05-01T19:19:54.448907+00:00", "level": "INFO", "jobId": "cb52317d-1712-4db6-8fd2-6d9d17dd05a9", "keyword": "khai trương spa", "step": "capture", "message": "Capturing posinset=93 (93/∞)…", "data": {"w": 2}, "seq": 47656}
{"ts": "2026-05-01T19:19:55.927640+00:00", "level": "INFO", "jobId": "cb52317d-1712-4db6-8fd2-6d9d17dd05a9", "keyword": "khai trương spa", "step": "heartbeat", "message": "Worker alive", "data": {"w": 2, "elapsed_s": 377}, "seq": 47660}
{"ts": "2026-05-01T19:19:55.928818+00:00", "level": "INFO", "jobId": "cb52317d-1712-4db6-8fd2-6d9d17dd05a9", "keyword": "khai trương spa", "step": "capture", "message": "Capturing posinset=93 (93/∞)…", "data": {"w": 2}, "seq": 47661}
{"ts": "2026-05-01T19:20:07.930158+00:00", "level": "INFO", "jobId": "cb52317d-1712-4db6-8fd2-6d9d17dd05a9", "keyword": "khai trương spa", "step": "capture", "message": "Capturing posinset=93 (93/∞)…", "data": {"w": 2}, "seq": 47680}
{"ts": "2026-05-01T19:20:19.782602+00:00", "level": "INFO", "jobId": "cb52317d-1712-4db6-8fd2-6d9d17dd05a9", "keyword": "khai trương spa", "step": "heartbeat", "message": "Worker alive", "data": {"w": 2, "elapsed_s": 401}, "seq": 47699}
{"ts": "2026-05-01T19:20:19.782602+00:00", "level": "INFO", "jobId": "cb52317d-1712-4db6-8fd2-6d9d17dd05a9", "keyword": "khai trương spa", "step": "capture", "message": "Capturing posinset=93 (93/∞)…", "data": {"w": 2}, "seq": 47700}
{"ts": "2026-05-01T19:20:21.322220+00:00", "level": "INFO", "jobId": "cb52317d-1712-4db6-8fd2-6d9d17dd05a9", "keyword": "khai trương spa", "step": "capture", "message": "Reached end of results (maxPos=92). Stopping capture loop.", "data": {"w": 2}, "seq": 47701}
{"ts": "2026-05-01T19:20:21.362775+00:00", "level": "INFO", "jobId": "cb52317d-1712-4db6-8fd2-6d9d17dd05a9", "keyword": "khai trương spa", "step": "capture", "message": "Capture loop finished (unlimited). Saved=92", "data": {"w": 2}, "seq": 47702}
{"ts": "2026-05-01T19:20:21.363966+00:00", "level": "INFO", "jobId": "cb52317d-1712-4db6-8fd2-6d9d17dd05a9", "keyword": "khai trương spa", "step": "done", "message": "Completed. Saved=92", "data": {"w": 2}, "seq": 47703}
