{"ts": "2026-05-01T19:23:21.749776+00:00", "level": "INFO", "jobId": "cd769ea6-d6fd-413f-afe0-a1ed321991fd", "keyword": "khai trương coffee", "step": "start", "message": "Job started (attempt 1/1)", "data": {"w": 1}, "seq": 48089}
{"ts": "2026-05-01T19:23:28.785667+00:00", "level": "INFO", "jobId": "cd769ea6-d6fd-413f-afe0-a1ed321991fd", "keyword": "khai trương coffee", "step": "login", "message": "Already logged in (home).", "data": {"w": 1}, "seq": 48096}
{"ts": "2026-05-01T19:23:28.787700+00:00", "level": "INFO", "jobId": "cd769ea6-d6fd-413f-afe0-a1ed321991fd", "keyword": "khai trương coffee", "step": "search", "message": "Searching keyword: \"khai trương coffee\"", "data": {"w": 1}, "seq": 48097}
{"ts": "2026-05-01T19:23:34.077544+00:00", "level": "INFO", "jobId": "cd769ea6-d6fd-413f-afe0-a1ed321991fd", "keyword": "khai trương coffee", "step": "capture", "message": "Start capturing all posts until end of results.", "data": {"w": 1}, "seq": 48101}
{"ts": "2026-05-01T19:23:34.085540+00:00", "level": "INFO", "jobId": "cd769ea6-d6fd-413f-afe0-a1ed321991fd", "keyword": "khai trương coffee", "step": "capture", "message": "Output folder: Lan 1 - 0223", "data": {"w": 1}, "seq": 48102}
{"ts": "2026-05-01T19:23:44.616271+00:00", "level": "INFO", "jobId": "cd769ea6-d6fd-413f-afe0-a1ed321991fd", "keyword": "khai trương coffee", "step": "capture", "message": "Waiting for posts to appear (avoid blank capture)…", "data": {"w": 1}, "seq": 48108}
{"ts": "2026-05-01T19:23:45.722432+00:00", "level": "INFO", "jobId": "cd769ea6-d6fd-413f-afe0-a1ed321991fd", "keyword": "khai trương coffee", "step": "capture", "message": "Post-detect debug: {'hasMain': True, 'url': 'https://www.facebook.com/search/posts/?q=khai%20tr%C6%B0%C6%A1ng%20coffee&filters=eyJyZWNlbnRfcG9zdHM6MCI6IntcIm5hbWVcIjpcInJlY2VudF9wb3N0c1wiLFwiYXJnc1wiOlwiXCJ9In0%3D', 'title': '(1) khai trương coffee - Kết quả tìm kiếm | Facebook', 'hasLoginInputs': False, 'consentLike': False, 'bodyHead': '\\xa0\\n1 đoạn chat chưa đọc\\n1\\nKết quả tìm kiếm\\nBộ lọc\\nTất cả\\nMọi người\\nThước phim\\nMarketplace\\nTrang\\nNhóm\\nSự kiện', 'roleArticle': 1, 'divRoleArticle': 1, 'articleTag': 0, 'feedUnit': 0, 'anyPagelet': 0, 'adPreview': 0, 'imgs': 0, 'videos': 0, 'progress': 0, 'busy': '', 'firstArticle': {'tag': 'div', 'role': 'article', 'textLen': 0, 'hasImg': False, 'hasVideo': False, 'hasLink': False, 'hasPermalink': False}}", "data": {"w": 1}, "seq": 48111}
{"ts": "2026-05-01T19:23:49.429686+00:00", "level": "INFO", "jobId": "cd769ea6-d6fd-413f-afe0-a1ed321991fd", "keyword": "khai trương coffee", "step": "capture", "message": "Capturing posinset=1 (1/∞)…", "data": {"w": 1}, "seq": 48117}
{"ts": "2026-05-01T19:23:53.980901+00:00", "level": "INFO", "jobId": "cd769ea6-d6fd-413f-afe0-a1ed321991fd", "keyword": "khai trương coffee", "step": "capture", "message": "Saved post_001.png (posinset=1)", "data": {"w": 1}, "seq": 48123}
{"ts": "2026-05-01T19:23:53.982303+00:00", "level": "INFO", "jobId": "cd769ea6-d6fd-413f-afe0-a1ed321991fd", "keyword": "khai trương coffee", "step": "cooldown", "message": "Cooldown 1.0s (after capture)", "data": {"w": 1}, "seq": 48124}
{"ts": "2026-05-01T19:23:55.013207+00:00", "level": "INFO", "jobId": "cd769ea6-d6fd-413f-afe0-a1ed321991fd", "keyword": "khai trương coffee", "step": "capture", "message": "Capturing posinset=2 (2/∞)…", "data": {"w": 1}, "seq": 48128}
{"ts": "2026-05-01T19:23:56.595606+00:00", "level": "INFO", "jobId": "cd769ea6-d6fd-413f-afe0-a1ed321991fd", "keyword": "khai trương coffee", "step": "capture", "message": "Saved post_002.png (posinset=2)", "data": {"w": 1}, "seq": 48130}
{"ts": "2026-05-01T19:23:56.595606+00:00", "level": "INFO", "jobId": "cd769ea6-d6fd-413f-afe0-a1ed321991fd", "keyword": "khai trương coffee", "step": "cooldown", "message": "Cooldown 1.0s (after capture)", "data": {"w": 1}, "seq": 48131}
{"ts": "2026-05-01T19:23:57.631792+00:00", "level": "INFO", "jobId": "cd769ea6-d6fd-413f-afe0-a1ed321991fd", "keyword": "khai trương coffee", "step": "capture", "message": "Capturing posinset=3 (3/∞)…", "data": {"w": 1}, "seq": 48132}
{"ts": "2026-05-01T19:23:59.172163+00:00", "level": "INFO", "jobId": "cd769ea6-d6fd-413f-afe0-a1ed321991fd", "keyword": "khai trương coffee", "step": "capture", "message": "Saved post_003.png (posinset=3)", "data": {"w": 1}, "seq": 48139}
{"ts": "2026-05-01T19:23:59.173161+00:00", "level": "INFO", "jobId": "cd769ea6-d6fd-413f-afe0-a1ed321991fd", "keyword": "khai trương coffee", "step": "cooldown", "message": "Cooldown 1.0s (after capture)", "data": {"w": 1}, "seq": 48140}
{"ts": "2026-05-01T19:24:00.203198+00:00", "level": "INFO", "jobId": "cd769ea6-d6fd-413f-afe0-a1ed321991fd", "keyword": "khai trương coffee", "step": "capture", "message": "Capturing posinset=4 (4/∞)…", "data": {"w": 1}, "seq": 48142}
{"ts": "2026-05-01T19:24:01.947401+00:00", "level": "INFO", "jobId": "cd769ea6-d6fd-413f-afe0-a1ed321991fd", "keyword": "khai trương coffee", "step": "capture", "message": "Saved post_004.png (posinset=4)", "data": {"w": 1}, "seq": 48145}
{"ts": "2026-05-01T19:24:01.949399+00:00", "level": "INFO", "jobId": "cd769ea6-d6fd-413f-afe0-a1ed321991fd", "keyword": "khai trương coffee", "step": "cooldown", "message": "Cooldown 1.0s (after capture)", "data": {"w": 1}, "seq": 48146}
{"ts": "2026-05-01T19:24:02.976134+00:00", "level": "INFO", "jobId": "cd769ea6-d6fd-413f-afe0-a1ed321991fd", "keyword": "khai trương coffee", "step": "heartbeat", "message": "Worker alive", "data": {"w": 1, "elapsed_s": 41}, "seq": 48147}
{"ts": "2026-05-01T19:24:02.978577+00:00", "level": "INFO", "jobId": "cd769ea6-d6fd-413f-afe0-a1ed321991fd", "keyword": "khai trương coffee", "step": "capture", "message": "Capturing posinset=5 (5/∞)…", "data": {"w": 1}, "seq": 48148}
{"ts": "2026-05-01T19:24:04.864938+00:00", "level": "INFO", "jobId": "cd769ea6-d6fd-413f-afe0-a1ed321991fd", "keyword": "khai trương coffee", "step": "capture", "message": "Saved post_005.png (posinset=5)", "data": {"w": 1}, "seq": 48150}
{"ts": "2026-05-01T19:24:04.866938+00:00", "level": "INFO", "jobId": "cd769ea6-d6fd-413f-afe0-a1ed321991fd", "keyword": "khai trương coffee", "step": "cooldown", "message": "Cooldown 1.0s (after capture)", "data": {"w": 1}, "seq": 48151}
{"ts": "2026-05-01T19:24:05.903187+00:00", "level": "INFO", "jobId": "cd769ea6-d6fd-413f-afe0-a1ed321991fd", "keyword": "khai trương coffee", "step": "capture", "message": "Capturing posinset=6 (6/∞)…", "data": {"w": 1}, "seq": 48152}
{"ts": "2026-05-01T19:24:08.230629+00:00", "level": "INFO", "jobId": "cd769ea6-d6fd-413f-afe0-a1ed321991fd", "keyword": "khai trương coffee", "step": "capture", "message": "Saved post_006.png (posinset=6)", "data": {"w": 1}, "seq": 48158}
{"ts": "2026-05-01T19:24:08.231629+00:00", "level": "INFO", "jobId": "cd769ea6-d6fd-413f-afe0-a1ed321991fd", "keyword": "khai trương coffee", "step": "cooldown", "message": "Cooldown 1.0s (after capture)", "data": {"w": 1}, "seq": 48159}
{"ts": "2026-05-01T19:24:09.259314+00:00", "level": "INFO", "jobId": "cd769ea6-d6fd-413f-afe0-a1ed321991fd", "keyword": "khai trương coffee", "step": "capture", "message": "Capturing posinset=7 (7/∞)…", "data": {"w": 1}, "seq": 48162}
{"ts": "2026-05-01T19:24:11.115175+00:00", "level": "INFO", "jobId": "cd769ea6-d6fd-413f-afe0-a1ed321991fd", "keyword": "khai trương coffee", "step": "capture", "message": "Saved post_007.png (posinset=7)", "data": {"w": 1}, "seq": 48166}
{"ts": "2026-05-01T19:24:11.117174+00:00", "level": "INFO", "jobId": "cd769ea6-d6fd-413f-afe0-a1ed321991fd", "keyword": "khai trương coffee", "step": "cooldown", "message": "Cooldown 1.0s (after capture)", "data": {"w": 1}, "seq": 48167}
{"ts": "2026-05-01T19:24:12.147431+00:00", "level": "INFO", "jobId": "cd769ea6-d6fd-413f-afe0-a1ed321991fd", "keyword": "khai trương coffee", "step": "capture", "message": "Capturing posinset=8 (8/∞)…", "data": {"w": 1}, "seq": 48168}
{"ts": "2026-05-01T19:24:13.587902+00:00", "level": "INFO", "jobId": "cd769ea6-d6fd-413f-afe0-a1ed321991fd", "keyword": "khai trương coffee", "step": "capture", "message": "Saved post_008.png (posinset=8)", "data": {"w": 1}, "seq": 48171}
{"ts": "2026-05-01T19:24:13.590308+00:00", "level": "INFO", "jobId": "cd769ea6-d6fd-413f-afe0-a1ed321991fd", "keyword": "khai trương coffee", "step": "cooldown", "message": "Cooldown 1.0s (after capture)", "data": {"w": 1}, "seq": 48172}
{"ts": "2026-05-01T19:24:14.615448+00:00", "level": "INFO", "jobId": "cd769ea6-d6fd-413f-afe0-a1ed321991fd", "keyword": "khai trương coffee", "step": "capture", "message": "Capturing posinset=9 (9/∞)…", "data": {"w": 1}, "seq": 48176}
{"ts": "2026-05-01T19:24:15.981719+00:00", "level": "INFO", "jobId": "cd769ea6-d6fd-413f-afe0-a1ed321991fd", "keyword": "khai trương coffee", "step": "capture", "message": "Saved post_009.png (posinset=9)", "data": {"w": 1}, "seq": 48180}
{"ts": "2026-05-01T19:24:15.982746+00:00", "level": "INFO", "jobId": "cd769ea6-d6fd-413f-afe0-a1ed321991fd", "keyword": "khai trương coffee", "step": "cooldown", "message": "Cooldown 1.0s (after capture)", "data": {"w": 1}, "seq": 48181}
{"ts": "2026-05-01T19:24:16.997736+00:00", "level": "INFO", "jobId": "cd769ea6-d6fd-413f-afe0-a1ed321991fd", "keyword": "khai trương coffee", "step": "capture", "message": "Capturing posinset=10 (10/∞)…", "data": {"w": 1}, "seq": 48184}
{"ts": "2026-05-01T19:24:18.769593+00:00", "level": "INFO", "jobId": "cd769ea6-d6fd-413f-afe0-a1ed321991fd", "keyword": "khai trương coffee", "step": "capture", "message": "Saved post_010.png (posinset=10)", "data": {"w": 1}, "seq": 48187}
{"ts": "2026-05-01T19:24:18.770591+00:00", "level": "INFO", "jobId": "cd769ea6-d6fd-413f-afe0-a1ed321991fd", "keyword": "khai trương coffee", "step": "cooldown", "message": "Cooldown 1.0s (after capture)", "data": {"w": 1}, "seq": 48188}
{"ts": "2026-05-01T19:24:19.800539+00:00", "level": "INFO", "jobId": "cd769ea6-d6fd-413f-afe0-a1ed321991fd", "keyword": "khai trương coffee", "step": "heartbeat", "message": "Worker alive", "data": {"w": 1, "elapsed_s": 58}, "seq": 48191}
{"ts": "2026-05-01T19:24:19.801564+00:00", "level": "INFO", "jobId": "cd769ea6-d6fd-413f-afe0-a1ed321991fd", "keyword": "khai trương coffee", "step": "capture", "message": "Capturing posinset=11 (11/∞)…", "data": {"w": 1}, "seq": 48192}
{"ts": "2026-05-01T19:24:21.367386+00:00", "level": "INFO", "jobId": "cd769ea6-d6fd-413f-afe0-a1ed321991fd", "keyword": "khai trương coffee", "step": "capture", "message": "Saved post_011.png (posinset=11)", "data": {"w": 1}, "seq": 48195}
{"ts": "2026-05-01T19:24:21.369659+00:00", "level": "INFO", "jobId": "cd769ea6-d6fd-413f-afe0-a1ed321991fd", "keyword": "khai trương coffee", "step": "cooldown", "message": "Cooldown 1.0s (after capture)", "data": {"w": 1}, "seq": 48196}
{"ts": "2026-05-01T19:24:22.396548+00:00", "level": "INFO", "jobId": "cd769ea6-d6fd-413f-afe0-a1ed321991fd", "keyword": "khai trương coffee", "step": "capture", "message": "Capturing posinset=12 (12/∞)…", "data": {"w": 1}, "seq": 48199}
{"ts": "2026-05-01T19:24:24.829124+00:00", "level": "INFO", "jobId": "cd769ea6-d6fd-413f-afe0-a1ed321991fd", "keyword": "khai trương coffee", "step": "capture", "message": "Saved post_012.png (posinset=12)", "data": {"w": 1}, "seq": 48201}
{"ts": "2026-05-01T19:24:24.830124+00:00", "level": "INFO", "jobId": "cd769ea6-d6fd-413f-afe0-a1ed321991fd", "keyword": "khai trương coffee", "step": "cooldown", "message": "Cooldown 1.0s (after capture)", "data": {"w": 1}, "seq": 48202}
{"ts": "2026-05-01T19:24:25.848528+00:00", "level": "INFO", "jobId": "cd769ea6-d6fd-413f-afe0-a1ed321991fd", "keyword": "khai trương coffee", "step": "capture", "message": "Capturing posinset=13 (13/∞)…", "data": {"w": 1}, "seq": 48205}
{"ts": "2026-05-01T19:24:27.896752+00:00", "level": "INFO", "jobId": "cd769ea6-d6fd-413f-afe0-a1ed321991fd", "keyword": "khai trương coffee", "step": "capture", "message": "Saved post_013.png (posinset=13)", "data": {"w": 1}, "seq": 48211}
{"ts": "2026-05-01T19:24:27.897752+00:00", "level": "INFO", "jobId": "cd769ea6-d6fd-413f-afe0-a1ed321991fd", "keyword": "khai trương coffee", "step": "cooldown", "message": "Cooldown 1.0s (after capture)", "data": {"w": 1}, "seq": 48212}
{"ts": "2026-05-01T19:24:29.495685+00:00", "level": "INFO", "jobId": "cd769ea6-d6fd-413f-afe0-a1ed321991fd", "keyword": "khai trương coffee", "step": "capture", "message": "Capturing posinset=14 (14/∞)…", "data": {"w": 1}, "seq": 48215}
{"ts": "2026-05-01T19:24:31.100210+00:00", "level": "INFO", "jobId": "cd769ea6-d6fd-413f-afe0-a1ed321991fd", "keyword": "khai trương coffee", "step": "capture", "message": "Saved post_014.png (posinset=14)", "data": {"w": 1}, "seq": 48217}
{"ts": "2026-05-01T19:24:31.101215+00:00", "level": "INFO", "jobId": "cd769ea6-d6fd-413f-afe0-a1ed321991fd", "keyword": "khai trương coffee", "step": "cooldown", "message": "Cooldown 1.0s (after capture)", "data": {"w": 1}, "seq": 48218}
{"ts": "2026-05-01T19:24:33.031715+00:00", "level": "INFO", "jobId": "cd769ea6-d6fd-413f-afe0-a1ed321991fd", "keyword": "khai trương coffee", "step": "capture", "message": "Capturing posinset=15 (15/∞)…", "data": {"w": 1}, "seq": 48223}
{"ts": "2026-05-01T19:24:34.928661+00:00", "level": "INFO", "jobId": "cd769ea6-d6fd-413f-afe0-a1ed321991fd", "keyword": "khai trương coffee", "step": "capture", "message": "Saved post_015.png (posinset=15)", "data": {"w": 1}, "seq": 48227}
{"ts": "2026-05-01T19:24:34.929661+00:00", "level": "INFO", "jobId": "cd769ea6-d6fd-413f-afe0-a1ed321991fd", "keyword": "khai trương coffee", "step": "cooldown", "message": "Cooldown 1.0s (after capture)", "data": {"w": 1}, "seq": 48228}
{"ts": "2026-05-01T19:24:35.965216+00:00", "level": "INFO", "jobId": "cd769ea6-d6fd-413f-afe0-a1ed321991fd", "keyword": "khai trương coffee", "step": "heartbeat", "message": "Worker alive", "data": {"w": 1, "elapsed_s": 74}, "seq": 48229}
{"ts": "2026-05-01T19:24:35.968216+00:00", "level": "INFO", "jobId": "cd769ea6-d6fd-413f-afe0-a1ed321991fd", "keyword": "khai trương coffee", "step": "capture", "message": "Capturing posinset=16 (16/∞)…", "data": {"w": 1}, "seq": 48230}
{"ts": "2026-05-01T19:24:37.847754+00:00", "level": "INFO", "jobId": "cd769ea6-d6fd-413f-afe0-a1ed321991fd", "keyword": "khai trương coffee", "step": "capture", "message": "Saved post_016.png (posinset=16)", "data": {"w": 1}, "seq": 48231}
{"ts": "2026-05-01T19:24:37.850425+00:00", "level": "INFO", "jobId": "cd769ea6-d6fd-413f-afe0-a1ed321991fd", "keyword": "khai trương coffee", "step": "cooldown", "message": "Cooldown 1.0s (after capture)", "data": {"w": 1}, "seq": 48232}
{"ts": "2026-05-01T19:24:38.878100+00:00", "level": "INFO", "jobId": "cd769ea6-d6fd-413f-afe0-a1ed321991fd", "keyword": "khai trương coffee", "step": "capture", "message": "Capturing posinset=17 (17/∞)…", "data": {"w": 1}, "seq": 48235}
{"ts": "2026-05-01T19:24:41.314217+00:00", "level": "INFO", "jobId": "cd769ea6-d6fd-413f-afe0-a1ed321991fd", "keyword": "khai trương coffee", "step": "capture", "message": "Saved post_017.png (posinset=17)", "data": {"w": 1}, "seq": 48237}
{"ts": "2026-05-01T19:24:41.316222+00:00", "level": "INFO", "jobId": "cd769ea6-d6fd-413f-afe0-a1ed321991fd", "keyword": "khai trương coffee", "step": "cooldown", "message": "Cooldown 1.0s (after capture)", "data": {"w": 1}, "seq": 48238}
{"ts": "2026-05-01T19:24:42.357663+00:00", "level": "INFO", "jobId": "cd769ea6-d6fd-413f-afe0-a1ed321991fd", "keyword": "khai trương coffee", "step": "capture", "message": "Capturing posinset=18 (18/∞)…", "data": {"w": 1}, "seq": 48239}
{"ts": "2026-05-01T19:24:44.344279+00:00", "level": "INFO", "jobId": "cd769ea6-d6fd-413f-afe0-a1ed321991fd", "keyword": "khai trương coffee", "step": "capture", "message": "Saved post_018.png (posinset=18)", "data": {"w": 1}, "seq": 48245}
{"ts": "2026-05-01T19:24:44.346279+00:00", "level": "INFO", "jobId": "cd769ea6-d6fd-413f-afe0-a1ed321991fd", "keyword": "khai trương coffee", "step": "cooldown", "message": "Cooldown 1.0s (after capture)", "data": {"w": 1}, "seq": 48246}
{"ts": "2026-05-01T19:24:46.284137+00:00", "level": "INFO", "jobId": "cd769ea6-d6fd-413f-afe0-a1ed321991fd", "keyword": "khai trương coffee", "step": "capture", "message": "Capturing posinset=19 (19/∞)…", "data": {"w": 1}, "seq": 48249}
{"ts": "2026-05-01T19:24:48.140612+00:00", "level": "INFO", "jobId": "cd769ea6-d6fd-413f-afe0-a1ed321991fd", "keyword": "khai trương coffee", "step": "capture", "message": "Saved post_019.png (posinset=19)", "data": {"w": 1}, "seq": 48253}
{"ts": "2026-05-01T19:24:48.142086+00:00", "level": "INFO", "jobId": "cd769ea6-d6fd-413f-afe0-a1ed321991fd", "keyword": "khai trương coffee", "step": "cooldown", "message": "Cooldown 1.0s (after capture)", "data": {"w": 1}, "seq": 48254}
{"ts": "2026-05-01T19:24:49.415974+00:00", "level": "INFO", "jobId": "cd769ea6-d6fd-413f-afe0-a1ed321991fd", "keyword": "khai trương coffee", "step": "capture", "message": "Capturing posinset=20 (20/∞)…", "data": {"w": 1}, "seq": 48255}
{"ts": "2026-05-01T19:24:51.808298+00:00", "level": "INFO", "jobId": "cd769ea6-d6fd-413f-afe0-a1ed321991fd", "keyword": "khai trương coffee", "step": "capture", "message": "Saved post_020.png (posinset=20)", "data": {"w": 1}, "seq": 48258}
{"ts": "2026-05-01T19:24:51.809298+00:00", "level": "INFO", "jobId": "cd769ea6-d6fd-413f-afe0-a1ed321991fd", "keyword": "khai trương coffee", "step": "cooldown", "message": "Cooldown 1.0s (after capture)", "data": {"w": 1}, "seq": 48259}
{"ts": "2026-05-01T19:24:52.833513+00:00", "level": "INFO", "jobId": "cd769ea6-d6fd-413f-afe0-a1ed321991fd", "keyword": "khai trương coffee", "step": "heartbeat", "message": "Worker alive", "data": {"w": 1, "elapsed_s": 91}, "seq": 48262}
{"ts": "2026-05-01T19:24:52.835799+00:00", "level": "INFO", "jobId": "cd769ea6-d6fd-413f-afe0-a1ed321991fd", "keyword": "khai trương coffee", "step": "capture", "message": "Capturing posinset=21 (21/∞)…", "data": {"w": 1}, "seq": 48263}
{"ts": "2026-05-01T19:24:54.795614+00:00", "level": "INFO", "jobId": "cd769ea6-d6fd-413f-afe0-a1ed321991fd", "keyword": "khai trương coffee", "step": "capture", "message": "Saved post_021.png (posinset=21)", "data": {"w": 1}, "seq": 48268}
{"ts": "2026-05-01T19:24:54.798909+00:00", "level": "INFO", "jobId": "cd769ea6-d6fd-413f-afe0-a1ed321991fd", "keyword": "khai trương coffee", "step": "cooldown", "message": "Cooldown 1.0s (after capture)", "data": {"w": 1}, "seq": 48269}
{"ts": "2026-05-01T19:24:55.827552+00:00", "level": "INFO", "jobId": "cd769ea6-d6fd-413f-afe0-a1ed321991fd", "keyword": "khai trương coffee", "step": "capture", "message": "Capturing posinset=22 (22/∞)…", "data": {"w": 1}, "seq": 48272}
{"ts": "2026-05-01T19:24:57.502264+00:00", "level": "INFO", "jobId": "cd769ea6-d6fd-413f-afe0-a1ed321991fd", "keyword": "khai trương coffee", "step": "capture", "message": "Saved post_022.png (posinset=22)", "data": {"w": 1}, "seq": 48273}
{"ts": "2026-05-01T19:24:57.503269+00:00", "level": "INFO", "jobId": "cd769ea6-d6fd-413f-afe0-a1ed321991fd", "keyword": "khai trương coffee", "step": "cooldown", "message": "Cooldown 1.0s (after capture)", "data": {"w": 1}, "seq": 48274}
{"ts": "2026-05-01T19:24:58.531435+00:00", "level": "INFO", "jobId": "cd769ea6-d6fd-413f-afe0-a1ed321991fd", "keyword": "khai trương coffee", "step": "capture", "message": "Capturing posinset=23 (23/∞)…", "data": {"w": 1}, "seq": 48277}
{"ts": "2026-05-01T19:25:01.163907+00:00", "level": "INFO", "jobId": "cd769ea6-d6fd-413f-afe0-a1ed321991fd", "keyword": "khai trương coffee", "step": "capture", "message": "Saved post_023.png (posinset=23)", "data": {"w": 1}, "seq": 48283}
{"ts": "2026-05-01T19:25:01.165907+00:00", "level": "INFO", "jobId": "cd769ea6-d6fd-413f-afe0-a1ed321991fd", "keyword": "khai trương coffee", "step": "cooldown", "message": "Cooldown 1.0s (after capture)", "data": {"w": 1}, "seq": 48284}
{"ts": "2026-05-01T19:25:02.451753+00:00", "level": "INFO", "jobId": "cd769ea6-d6fd-413f-afe0-a1ed321991fd", "keyword": "khai trương coffee", "step": "capture", "message": "Capturing posinset=24 (24/∞)…", "data": {"w": 1}, "seq": 48285}
{"ts": "2026-05-01T19:25:05.748497+00:00", "level": "INFO", "jobId": "cd769ea6-d6fd-413f-afe0-a1ed321991fd", "keyword": "khai trương coffee", "step": "capture", "message": "Saved post_024.png (posinset=24)", "data": {"w": 1}, "seq": 48289}
{"ts": "2026-05-01T19:25:05.749670+00:00", "level": "INFO", "jobId": "cd769ea6-d6fd-413f-afe0-a1ed321991fd", "keyword": "khai trương coffee", "step": "cooldown", "message": "Cooldown 1.0s (after capture)", "data": {"w": 1}, "seq": 48290}
{"ts": "2026-05-01T19:25:06.791384+00:00", "level": "INFO", "jobId": "cd769ea6-d6fd-413f-afe0-a1ed321991fd", "keyword": "khai trương coffee", "step": "capture", "message": "Capturing posinset=25 (25/∞)…", "data": {"w": 1}, "seq": 48291}
{"ts": "2026-05-01T19:25:08.656098+00:00", "level": "INFO", "jobId": "cd769ea6-d6fd-413f-afe0-a1ed321991fd", "keyword": "khai trương coffee", "step": "capture", "message": "Saved post_025.png (posinset=25)", "data": {"w": 1}, "seq": 48299}
{"ts": "2026-05-01T19:25:08.657520+00:00", "level": "INFO", "jobId": "cd769ea6-d6fd-413f-afe0-a1ed321991fd", "keyword": "khai trương coffee", "step": "cooldown", "message": "Cooldown 1.0s (after capture)", "data": {"w": 1}, "seq": 48300}
{"ts": "2026-05-01T19:25:09.677512+00:00", "level": "INFO", "jobId": "cd769ea6-d6fd-413f-afe0-a1ed321991fd", "keyword": "khai trương coffee", "step": "heartbeat", "message": "Worker alive", "data": {"w": 1, "elapsed_s": 107}, "seq": 48301}
{"ts": "2026-05-01T19:25:09.679068+00:00", "level": "INFO", "jobId": "cd769ea6-d6fd-413f-afe0-a1ed321991fd", "keyword": "khai trương coffee", "step": "capture", "message": "Capturing posinset=26 (26/∞)…", "data": {"w": 1}, "seq": 48302}
{"ts": "2026-05-01T19:25:11.281197+00:00", "level": "INFO", "jobId": "cd769ea6-d6fd-413f-afe0-a1ed321991fd", "keyword": "khai trương coffee", "step": "capture", "message": "Saved post_026.png (posinset=26)", "data": {"w": 1}, "seq": 48306}
{"ts": "2026-05-01T19:25:11.283557+00:00", "level": "INFO", "jobId": "cd769ea6-d6fd-413f-afe0-a1ed321991fd", "keyword": "khai trương coffee", "step": "cooldown", "message": "Cooldown 1.0s (after capture)", "data": {"w": 1}, "seq": 48307}
{"ts": "2026-05-01T19:25:12.310676+00:00", "level": "INFO", "jobId": "cd769ea6-d6fd-413f-afe0-a1ed321991fd", "keyword": "khai trương coffee", "step": "capture", "message": "Capturing posinset=27 (27/∞)…", "data": {"w": 1}, "seq": 48308}
{"ts": "2026-05-01T19:25:13.624366+00:00", "level": "INFO", "jobId": "cd769ea6-d6fd-413f-afe0-a1ed321991fd", "keyword": "khai trương coffee", "step": "capture", "message": "Saved post_027.png (posinset=27)", "data": {"w": 1}, "seq": 48313}
{"ts": "2026-05-01T19:25:13.625574+00:00", "level": "INFO", "jobId": "cd769ea6-d6fd-413f-afe0-a1ed321991fd", "keyword": "khai trương coffee", "step": "cooldown", "message": "Cooldown 1.0s (after capture)", "data": {"w": 1}, "seq": 48314}
{"ts": "2026-05-01T19:25:14.651929+00:00", "level": "INFO", "jobId": "cd769ea6-d6fd-413f-afe0-a1ed321991fd", "keyword": "khai trương coffee", "step": "capture", "message": "Capturing posinset=28 (28/∞)…", "data": {"w": 1}, "seq": 48316}
{"ts": "2026-05-01T19:25:17.573512+00:00", "level": "INFO", "jobId": "cd769ea6-d6fd-413f-afe0-a1ed321991fd", "keyword": "khai trương coffee", "step": "capture", "message": "Saved post_028.png (posinset=28)", "data": {"w": 1}, "seq": 48321}
{"ts": "2026-05-01T19:25:17.575008+00:00", "level": "INFO", "jobId": "cd769ea6-d6fd-413f-afe0-a1ed321991fd", "keyword": "khai trương coffee", "step": "cooldown", "message": "Cooldown 1.0s (after capture)", "data": {"w": 1}, "seq": 48322}
{"ts": "2026-05-01T19:25:18.601038+00:00", "level": "INFO", "jobId": "cd769ea6-d6fd-413f-afe0-a1ed321991fd", "keyword": "khai trương coffee", "step": "capture", "message": "Capturing posinset=29 (29/∞)…", "data": {"w": 1}, "seq": 48324}
{"ts": "2026-05-01T19:25:22.855892+00:00", "level": "INFO", "jobId": "cd769ea6-d6fd-413f-afe0-a1ed321991fd", "keyword": "khai trương coffee", "step": "capture", "message": "Saved post_029.png (posinset=29)", "data": {"w": 1}, "seq": 48325}
{"ts": "2026-05-01T19:25:22.874891+00:00", "level": "INFO", "jobId": "cd769ea6-d6fd-413f-afe0-a1ed321991fd", "keyword": "khai trương coffee", "step": "cooldown", "message": "Cooldown 1.0s (after capture)", "data": {"w": 1}, "seq": 48326}
{"ts": "2026-05-01T19:25:24.536085+00:00", "level": "INFO", "jobId": "cd769ea6-d6fd-413f-afe0-a1ed321991fd", "keyword": "khai trương coffee", "step": "capture", "message": "Capturing posinset=30 (30/∞)…", "data": {"w": 1}, "seq": 48327}
{"ts": "2026-05-01T19:25:28.665074+00:00", "level": "INFO", "jobId": "cd769ea6-d6fd-413f-afe0-a1ed321991fd", "keyword": "khai trương coffee", "step": "capture", "message": "Saved post_030.png (posinset=30)", "data": {"w": 1}, "seq": 48335}
{"ts": "2026-05-01T19:25:28.670073+00:00", "level": "INFO", "jobId": "cd769ea6-d6fd-413f-afe0-a1ed321991fd", "keyword": "khai trương coffee", "step": "cooldown", "message": "Cooldown 1.0s (after capture)", "data": {"w": 1}, "seq": 48336}
{"ts": "2026-05-01T19:25:29.711200+00:00", "level": "INFO", "jobId": "cd769ea6-d6fd-413f-afe0-a1ed321991fd", "keyword": "khai trương coffee", "step": "heartbeat", "message": "Worker alive", "data": {"w": 1, "elapsed_s": 127}, "seq": 48339}
{"ts": "2026-05-01T19:25:29.713256+00:00", "level": "INFO", "jobId": "cd769ea6-d6fd-413f-afe0-a1ed321991fd", "keyword": "khai trương coffee", "step": "capture", "message": "Capturing posinset=31 (31/∞)…", "data": {"w": 1}, "seq": 48340}
{"ts": "2026-05-01T19:25:31.833434+00:00", "level": "INFO", "jobId": "cd769ea6-d6fd-413f-afe0-a1ed321991fd", "keyword": "khai trương coffee", "step": "capture", "message": "Saved post_031.png (posinset=31)", "data": {"w": 1}, "seq": 48344}
{"ts": "2026-05-01T19:25:31.834726+00:00", "level": "INFO", "jobId": "cd769ea6-d6fd-413f-afe0-a1ed321991fd", "keyword": "khai trương coffee", "step": "cooldown", "message": "Cooldown 1.0s (after capture)", "data": {"w": 1}, "seq": 48345}
{"ts": "2026-05-01T19:25:32.879286+00:00", "level": "INFO", "jobId": "cd769ea6-d6fd-413f-afe0-a1ed321991fd", "keyword": "khai trương coffee", "step": "capture", "message": "Capturing posinset=32 (32/∞)…", "data": {"w": 1}, "seq": 48348}
{"ts": "2026-05-01T19:25:34.672342+00:00", "level": "INFO", "jobId": "cd769ea6-d6fd-413f-afe0-a1ed321991fd", "keyword": "khai trương coffee", "step": "capture", "message": "Saved post_032.png (posinset=32)", "data": {"w": 1}, "seq": 48351}
{"ts": "2026-05-01T19:25:34.673342+00:00", "level": "INFO", "jobId": "cd769ea6-d6fd-413f-afe0-a1ed321991fd", "keyword": "khai trương coffee", "step": "cooldown", "message": "Cooldown 1.0s (after capture)", "data": {"w": 1}, "seq": 48352}
{"ts": "2026-05-01T19:25:35.705348+00:00", "level": "INFO", "jobId": "cd769ea6-d6fd-413f-afe0-a1ed321991fd", "keyword": "khai trương coffee", "step": "capture", "message": "Capturing posinset=33 (33/∞)…", "data": {"w": 1}, "seq": 48354}
{"ts": "2026-05-01T19:25:37.446815+00:00", "level": "INFO", "jobId": "cd769ea6-d6fd-413f-afe0-a1ed321991fd", "keyword": "khai trương coffee", "step": "capture", "message": "Saved post_033.png (posinset=33)", "data": {"w": 1}, "seq": 48359}
{"ts": "2026-05-01T19:25:37.447849+00:00", "level": "INFO", "jobId": "cd769ea6-d6fd-413f-afe0-a1ed321991fd", "keyword": "khai trương coffee", "step": "cooldown", "message": "Cooldown 1.0s (after capture)", "data": {"w": 1}, "seq": 48360}
{"ts": "2026-05-01T19:25:38.473934+00:00", "level": "INFO", "jobId": "cd769ea6-d6fd-413f-afe0-a1ed321991fd", "keyword": "khai trương coffee", "step": "capture", "message": "Capturing posinset=34 (34/∞)…", "data": {"w": 1}, "seq": 48363}
{"ts": "2026-05-01T19:25:39.981462+00:00", "level": "INFO", "jobId": "cd769ea6-d6fd-413f-afe0-a1ed321991fd", "keyword": "khai trương coffee", "step": "capture", "message": "Saved post_034.png (posinset=34)", "data": {"w": 1}, "seq": 48364}
{"ts": "2026-05-01T19:25:39.983458+00:00", "level": "INFO", "jobId": "cd769ea6-d6fd-413f-afe0-a1ed321991fd", "keyword": "khai trương coffee", "step": "cooldown", "message": "Cooldown 1.0s (after capture)", "data": {"w": 1}, "seq": 48365}
{"ts": "2026-05-01T19:25:41.008696+00:00", "level": "INFO", "jobId": "cd769ea6-d6fd-413f-afe0-a1ed321991fd", "keyword": "khai trương coffee", "step": "capture", "message": "Capturing posinset=35 (35/∞)…", "data": {"w": 1}, "seq": 48368}
{"ts": "2026-05-01T19:25:43.126269+00:00", "level": "INFO", "jobId": "cd769ea6-d6fd-413f-afe0-a1ed321991fd", "keyword": "khai trương coffee", "step": "capture", "message": "Saved post_035.png (posinset=35)", "data": {"w": 1}, "seq": 48373}
{"ts": "2026-05-01T19:25:43.127455+00:00", "level": "INFO", "jobId": "cd769ea6-d6fd-413f-afe0-a1ed321991fd", "keyword": "khai trương coffee", "step": "cooldown", "message": "Cooldown 1.0s (after capture)", "data": {"w": 1}, "seq": 48374}
{"ts": "2026-05-01T19:25:44.157591+00:00", "level": "INFO", "jobId": "cd769ea6-d6fd-413f-afe0-a1ed321991fd", "keyword": "khai trương coffee", "step": "capture", "message": "Capturing posinset=36 (36/∞)…", "data": {"w": 1}, "seq": 48378}
{"ts": "2026-05-01T19:25:48.667960+00:00", "level": "INFO", "jobId": "cd769ea6-d6fd-413f-afe0-a1ed321991fd", "keyword": "khai trương coffee", "step": "capture", "message": "Saved post_036.png (posinset=36)", "data": {"w": 1}, "seq": 48382}
{"ts": "2026-05-01T19:25:48.669020+00:00", "level": "INFO", "jobId": "cd769ea6-d6fd-413f-afe0-a1ed321991fd", "keyword": "khai trương coffee", "step": "cooldown", "message": "Cooldown 1.0s (after capture)", "data": {"w": 1}, "seq": 48383}
{"ts": "2026-05-01T19:25:49.689653+00:00", "level": "INFO", "jobId": "cd769ea6-d6fd-413f-afe0-a1ed321991fd", "keyword": "khai trương coffee", "step": "heartbeat", "message": "Worker alive", "data": {"w": 1, "elapsed_s": 147}, "seq": 48385}
{"ts": "2026-05-01T19:25:49.691785+00:00", "level": "INFO", "jobId": "cd769ea6-d6fd-413f-afe0-a1ed321991fd", "keyword": "khai trương coffee", "step": "capture", "message": "Capturing posinset=37 (37/∞)…", "data": {"w": 1}, "seq": 48386}
{"ts": "2026-05-01T19:25:51.909100+00:00", "level": "INFO", "jobId": "cd769ea6-d6fd-413f-afe0-a1ed321991fd", "keyword": "khai trương coffee", "step": "capture", "message": "Saved post_037.png (posinset=37)", "data": {"w": 1}, "seq": 48391}
{"ts": "2026-05-01T19:25:51.910101+00:00", "level": "INFO", "jobId": "cd769ea6-d6fd-413f-afe0-a1ed321991fd", "keyword": "khai trương coffee", "step": "cooldown", "message": "Cooldown 1.0s (after capture)", "data": {"w": 1}, "seq": 48392}
{"ts": "2026-05-01T19:25:52.940294+00:00", "level": "INFO", "jobId": "cd769ea6-d6fd-413f-afe0-a1ed321991fd", "keyword": "khai trương coffee", "step": "capture", "message": "Capturing posinset=38 (38/∞)…", "data": {"w": 1}, "seq": 48394}
{"ts": "2026-05-01T19:25:54.620262+00:00", "level": "INFO", "jobId": "cd769ea6-d6fd-413f-afe0-a1ed321991fd", "keyword": "khai trương coffee", "step": "capture", "message": "Saved post_038.png (posinset=38)", "data": {"w": 1}, "seq": 48397}
{"ts": "2026-05-01T19:25:54.621285+00:00", "level": "INFO", "jobId": "cd769ea6-d6fd-413f-afe0-a1ed321991fd", "keyword": "khai trương coffee", "step": "cooldown", "message": "Cooldown 1.0s (after capture)", "data": {"w": 1}, "seq": 48398}
{"ts": "2026-05-01T19:25:55.661166+00:00", "level": "INFO", "jobId": "cd769ea6-d6fd-413f-afe0-a1ed321991fd", "keyword": "khai trương coffee", "step": "capture", "message": "Capturing posinset=39 (39/∞)…", "data": {"w": 1}, "seq": 48401}
{"ts": "2026-05-01T19:25:56.990978+00:00", "level": "INFO", "jobId": "cd769ea6-d6fd-413f-afe0-a1ed321991fd", "keyword": "khai trương coffee", "step": "capture", "message": "Saved post_039.png (posinset=39)", "data": {"w": 1}, "seq": 48403}
{"ts": "2026-05-01T19:25:56.991977+00:00", "level": "INFO", "jobId": "cd769ea6-d6fd-413f-afe0-a1ed321991fd", "keyword": "khai trương coffee", "step": "cooldown", "message": "Cooldown 1.0s (after capture)", "data": {"w": 1}, "seq": 48404}
{"ts": "2026-05-01T19:25:58.018341+00:00", "level": "INFO", "jobId": "cd769ea6-d6fd-413f-afe0-a1ed321991fd", "keyword": "khai trương coffee", "step": "capture", "message": "Capturing posinset=40 (40/∞)…", "data": {"w": 1}, "seq": 48407}
{"ts": "2026-05-01T19:25:59.305777+00:00", "level": "INFO", "jobId": "cd769ea6-d6fd-413f-afe0-a1ed321991fd", "keyword": "khai trương coffee", "step": "capture", "message": "Capturing posinset=40 (40/∞)…", "data": {"w": 1}, "seq": 48409}
{"ts": "2026-05-01T19:26:02.685591+00:00", "level": "INFO", "jobId": "cd769ea6-d6fd-413f-afe0-a1ed321991fd", "keyword": "khai trương coffee", "step": "capture", "message": "Capturing posinset=40 (40/∞)…", "data": {"w": 1}, "seq": 48414}
{"ts": "2026-05-01T19:26:04.500882+00:00", "level": "INFO", "jobId": "cd769ea6-d6fd-413f-afe0-a1ed321991fd", "keyword": "khai trương coffee", "step": "capture", "message": "Saved post_040.png (posinset=40)", "data": {"w": 1}, "seq": 48417}
{"ts": "2026-05-01T19:26:04.501890+00:00", "level": "INFO", "jobId": "cd769ea6-d6fd-413f-afe0-a1ed321991fd", "keyword": "khai trương coffee", "step": "cooldown", "message": "Cooldown 1.0s (after capture)", "data": {"w": 1}, "seq": 48418}
{"ts": "2026-05-01T19:26:05.529206+00:00", "level": "INFO", "jobId": "cd769ea6-d6fd-413f-afe0-a1ed321991fd", "keyword": "khai trương coffee", "step": "heartbeat", "message": "Worker alive", "data": {"w": 1, "elapsed_s": 163}, "seq": 48419}
{"ts": "2026-05-01T19:26:05.531664+00:00", "level": "INFO", "jobId": "cd769ea6-d6fd-413f-afe0-a1ed321991fd", "keyword": "khai trương coffee", "step": "capture", "message": "Capturing posinset=41 (41/∞)…", "data": {"w": 1}, "seq": 48420}
{"ts": "2026-05-01T19:26:07.434776+00:00", "level": "INFO", "jobId": "cd769ea6-d6fd-413f-afe0-a1ed321991fd", "keyword": "khai trương coffee", "step": "capture", "message": "Saved post_041.png (posinset=41)", "data": {"w": 1}, "seq": 48425}
{"ts": "2026-05-01T19:26:07.436171+00:00", "level": "INFO", "jobId": "cd769ea6-d6fd-413f-afe0-a1ed321991fd", "keyword": "khai trương coffee", "step": "cooldown", "message": "Cooldown 1.0s (after capture)", "data": {"w": 1}, "seq": 48426}
{"ts": "2026-05-01T19:26:08.456966+00:00", "level": "INFO", "jobId": "cd769ea6-d6fd-413f-afe0-a1ed321991fd", "keyword": "khai trương coffee", "step": "capture", "message": "Capturing posinset=42 (42/∞)…", "data": {"w": 1}, "seq": 48427}
{"ts": "2026-05-01T19:26:10.364437+00:00", "level": "INFO", "jobId": "cd769ea6-d6fd-413f-afe0-a1ed321991fd", "keyword": "khai trương coffee", "step": "capture", "message": "Saved post_042.png (posinset=42)", "data": {"w": 1}, "seq": 48428}
{"ts": "2026-05-01T19:26:10.365543+00:00", "level": "INFO", "jobId": "cd769ea6-d6fd-413f-afe0-a1ed321991fd", "keyword": "khai trương coffee", "step": "cooldown", "message": "Cooldown 1.0s (after capture)", "data": {"w": 1}, "seq": 48429}
{"ts": "2026-05-01T19:26:11.398496+00:00", "level": "INFO", "jobId": "cd769ea6-d6fd-413f-afe0-a1ed321991fd", "keyword": "khai trương coffee", "step": "capture", "message": "Capturing posinset=43 (43/∞)…", "data": {"w": 1}, "seq": 48430}
{"ts": "2026-05-01T19:26:12.985998+00:00", "level": "INFO", "jobId": "cd769ea6-d6fd-413f-afe0-a1ed321991fd", "keyword": "khai trương coffee", "step": "capture", "message": "Saved post_043.png (posinset=43)", "data": {"w": 1}, "seq": 48431}
{"ts": "2026-05-01T19:26:12.985998+00:00", "level": "INFO", "jobId": "cd769ea6-d6fd-413f-afe0-a1ed321991fd", "keyword": "khai trương coffee", "step": "cooldown", "message": "Cooldown 1.0s (after capture)", "data": {"w": 1}, "seq": 48432}
{"ts": "2026-05-01T19:26:14.012900+00:00", "level": "INFO", "jobId": "cd769ea6-d6fd-413f-afe0-a1ed321991fd", "keyword": "khai trương coffee", "step": "capture", "message": "Capturing posinset=44 (44/∞)…", "data": {"w": 1}, "seq": 48433}
{"ts": "2026-05-01T19:26:17.057363+00:00", "level": "INFO", "jobId": "cd769ea6-d6fd-413f-afe0-a1ed321991fd", "keyword": "khai trương coffee", "step": "capture", "message": "Saved post_044.png (posinset=44)", "data": {"w": 1}, "seq": 48434}
{"ts": "2026-05-01T19:26:17.059401+00:00", "level": "INFO", "jobId": "cd769ea6-d6fd-413f-afe0-a1ed321991fd", "keyword": "khai trương coffee", "step": "cooldown", "message": "Cooldown 1.0s (after capture)", "data": {"w": 1}, "seq": 48435}
{"ts": "2026-05-01T19:26:18.085099+00:00", "level": "INFO", "jobId": "cd769ea6-d6fd-413f-afe0-a1ed321991fd", "keyword": "khai trương coffee", "step": "capture", "message": "Capturing posinset=45 (45/∞)…", "data": {"w": 1}, "seq": 48436}
{"ts": "2026-05-01T19:26:19.949777+00:00", "level": "INFO", "jobId": "cd769ea6-d6fd-413f-afe0-a1ed321991fd", "keyword": "khai trương coffee", "step": "capture", "message": "Saved post_045.png (posinset=45)", "data": {"w": 1}, "seq": 48439}
{"ts": "2026-05-01T19:26:19.950777+00:00", "level": "INFO", "jobId": "cd769ea6-d6fd-413f-afe0-a1ed321991fd", "keyword": "khai trương coffee", "step": "cooldown", "message": "Cooldown 1.0s (after capture)", "data": {"w": 1}, "seq": 48440}
{"ts": "2026-05-01T19:26:20.974644+00:00", "level": "INFO", "jobId": "cd769ea6-d6fd-413f-afe0-a1ed321991fd", "keyword": "khai trương coffee", "step": "heartbeat", "message": "Worker alive", "data": {"w": 1, "elapsed_s": 179}, "seq": 48441}
{"ts": "2026-05-01T19:26:20.974644+00:00", "level": "INFO", "jobId": "cd769ea6-d6fd-413f-afe0-a1ed321991fd", "keyword": "khai trương coffee", "step": "capture", "message": "Capturing posinset=46 (46/∞)…", "data": {"w": 1}, "seq": 48442}
{"ts": "2026-05-01T19:26:22.830111+00:00", "level": "INFO", "jobId": "cd769ea6-d6fd-413f-afe0-a1ed321991fd", "keyword": "khai trương coffee", "step": "capture", "message": "Saved post_046.png (posinset=46)", "data": {"w": 1}, "seq": 48445}
{"ts": "2026-05-01T19:26:22.831435+00:00", "level": "INFO", "jobId": "cd769ea6-d6fd-413f-afe0-a1ed321991fd", "keyword": "khai trương coffee", "step": "cooldown", "message": "Cooldown 1.0s (after capture)", "data": {"w": 1}, "seq": 48446}
{"ts": "2026-05-01T19:26:23.863770+00:00", "level": "INFO", "jobId": "cd769ea6-d6fd-413f-afe0-a1ed321991fd", "keyword": "khai trương coffee", "step": "capture", "message": "Capturing posinset=47 (47/∞)…", "data": {"w": 1}, "seq": 48447}
{"ts": "2026-05-01T19:26:25.444881+00:00", "level": "INFO", "jobId": "cd769ea6-d6fd-413f-afe0-a1ed321991fd", "keyword": "khai trương coffee", "step": "capture", "message": "Saved post_047.png (posinset=47)", "data": {"w": 1}, "seq": 48450}
{"ts": "2026-05-01T19:26:25.445882+00:00", "level": "INFO", "jobId": "cd769ea6-d6fd-413f-afe0-a1ed321991fd", "keyword": "khai trương coffee", "step": "cooldown", "message": "Cooldown 1.0s (after capture)", "data": {"w": 1}, "seq": 48451}
{"ts": "2026-05-01T19:26:26.475635+00:00", "level": "INFO", "jobId": "cd769ea6-d6fd-413f-afe0-a1ed321991fd", "keyword": "khai trương coffee", "step": "capture", "message": "Capturing posinset=48 (48/∞)…", "data": {"w": 1}, "seq": 48452}
{"ts": "2026-05-01T19:26:28.271824+00:00", "level": "INFO", "jobId": "cd769ea6-d6fd-413f-afe0-a1ed321991fd", "keyword": "khai trương coffee", "step": "capture", "message": "Saved post_048.png (posinset=48)", "data": {"w": 1}, "seq": 48453}
{"ts": "2026-05-01T19:26:28.273979+00:00", "level": "INFO", "jobId": "cd769ea6-d6fd-413f-afe0-a1ed321991fd", "keyword": "khai trương coffee", "step": "cooldown", "message": "Cooldown 1.0s (after capture)", "data": {"w": 1}, "seq": 48454}
{"ts": "2026-05-01T19:26:29.296071+00:00", "level": "INFO", "jobId": "cd769ea6-d6fd-413f-afe0-a1ed321991fd", "keyword": "khai trương coffee", "step": "capture", "message": "Capturing posinset=49 (49/∞)…", "data": {"w": 1}, "seq": 48455}
{"ts": "2026-05-01T19:26:30.884193+00:00", "level": "INFO", "jobId": "cd769ea6-d6fd-413f-afe0-a1ed321991fd", "keyword": "khai trương coffee", "step": "capture", "message": "Saved post_049.png (posinset=49)", "data": {"w": 1}, "seq": 48457}
{"ts": "2026-05-01T19:26:30.886702+00:00", "level": "INFO", "jobId": "cd769ea6-d6fd-413f-afe0-a1ed321991fd", "keyword": "khai trương coffee", "step": "cooldown", "message": "Cooldown 1.0s (after capture)", "data": {"w": 1}, "seq": 48458}
{"ts": "2026-05-01T19:26:31.918681+00:00", "level": "INFO", "jobId": "cd769ea6-d6fd-413f-afe0-a1ed321991fd", "keyword": "khai trương coffee", "step": "capture", "message": "Capturing posinset=50 (50/∞)…", "data": {"w": 1}, "seq": 48461}
{"ts": "2026-05-01T19:26:38.291457+00:00", "level": "INFO", "jobId": "cd769ea6-d6fd-413f-afe0-a1ed321991fd", "keyword": "khai trương coffee", "step": "heartbeat", "message": "Worker alive", "data": {"w": 1, "elapsed_s": 196}, "seq": 48464}
{"ts": "2026-05-01T19:26:38.296456+00:00", "level": "INFO", "jobId": "cd769ea6-d6fd-413f-afe0-a1ed321991fd", "keyword": "khai trương coffee", "step": "capture", "message": "Capturing posinset=50 (50/∞)…", "data": {"w": 1}, "seq": 48465}
{"ts": "2026-05-01T19:26:41.674575+00:00", "level": "INFO", "jobId": "cd769ea6-d6fd-413f-afe0-a1ed321991fd", "keyword": "khai trương coffee", "step": "capture", "message": "Saved post_050.png (posinset=50)", "data": {"w": 1}, "seq": 48468}
{"ts": "2026-05-01T19:26:41.706979+00:00", "level": "INFO", "jobId": "cd769ea6-d6fd-413f-afe0-a1ed321991fd", "keyword": "khai trương coffee", "step": "cooldown", "message": "Cooldown 1.0s (after capture)", "data": {"w": 1}, "seq": 48469}
{"ts": "2026-05-01T19:26:42.852309+00:00", "level": "INFO", "jobId": "cd769ea6-d6fd-413f-afe0-a1ed321991fd", "keyword": "khai trương coffee", "step": "capture", "message": "Capturing posinset=51 (51/∞)…", "data": {"w": 1}, "seq": 48470}
{"ts": "2026-05-01T19:26:47.037125+00:00", "level": "INFO", "jobId": "cd769ea6-d6fd-413f-afe0-a1ed321991fd", "keyword": "khai trương coffee", "step": "capture", "message": "Saved post_051.png (posinset=51)", "data": {"w": 1}, "seq": 48477}
{"ts": "2026-05-01T19:26:47.040131+00:00", "level": "INFO", "jobId": "cd769ea6-d6fd-413f-afe0-a1ed321991fd", "keyword": "khai trương coffee", "step": "cooldown", "message": "Cooldown 1.0s (after capture)", "data": {"w": 1}, "seq": 48478}
{"ts": "2026-05-01T19:26:48.116722+00:00", "level": "INFO", "jobId": "cd769ea6-d6fd-413f-afe0-a1ed321991fd", "keyword": "khai trương coffee", "step": "capture", "message": "Capturing posinset=52 (52/∞)…", "data": {"w": 1}, "seq": 48479}
{"ts": "2026-05-01T19:26:52.176016+00:00", "level": "INFO", "jobId": "cd769ea6-d6fd-413f-afe0-a1ed321991fd", "keyword": "khai trương coffee", "step": "capture", "message": "Saved post_052.png (posinset=52)", "data": {"w": 1}, "seq": 48480}
{"ts": "2026-05-01T19:26:52.178017+00:00", "level": "INFO", "jobId": "cd769ea6-d6fd-413f-afe0-a1ed321991fd", "keyword": "khai trương coffee", "step": "cooldown", "message": "Cooldown 1.0s (after capture)", "data": {"w": 1}, "seq": 48481}
{"ts": "2026-05-01T19:26:53.253003+00:00", "level": "INFO", "jobId": "cd769ea6-d6fd-413f-afe0-a1ed321991fd", "keyword": "khai trương coffee", "step": "capture", "message": "Capturing posinset=53 (53/∞)…", "data": {"w": 1}, "seq": 48482}
{"ts": "2026-05-01T19:26:57.631820+00:00", "level": "INFO", "jobId": "cd769ea6-d6fd-413f-afe0-a1ed321991fd", "keyword": "khai trương coffee", "step": "capture", "message": "Saved post_053.png (posinset=53)", "data": {"w": 1}, "seq": 48483}
{"ts": "2026-05-01T19:26:57.632991+00:00", "level": "INFO", "jobId": "cd769ea6-d6fd-413f-afe0-a1ed321991fd", "keyword": "khai trương coffee", "step": "cooldown", "message": "Cooldown 1.0s (after capture)", "data": {"w": 1}, "seq": 48484}
{"ts": "2026-05-01T19:26:58.678173+00:00", "level": "INFO", "jobId": "cd769ea6-d6fd-413f-afe0-a1ed321991fd", "keyword": "khai trương coffee", "step": "heartbeat", "message": "Worker alive", "data": {"w": 1, "elapsed_s": 216}, "seq": 48486}
{"ts": "2026-05-01T19:26:58.679172+00:00", "level": "INFO", "jobId": "cd769ea6-d6fd-413f-afe0-a1ed321991fd", "keyword": "khai trương coffee", "step": "capture", "message": "Capturing posinset=54 (54/∞)…", "data": {"w": 1}, "seq": 48487}
{"ts": "2026-05-01T19:27:01.710865+00:00", "level": "INFO", "jobId": "cd769ea6-d6fd-413f-afe0-a1ed321991fd", "keyword": "khai trương coffee", "step": "capture", "message": "Saved post_054.png (posinset=54)", "data": {"w": 1}, "seq": 48491}
{"ts": "2026-05-01T19:27:01.711865+00:00", "level": "INFO", "jobId": "cd769ea6-d6fd-413f-afe0-a1ed321991fd", "keyword": "khai trương coffee", "step": "cooldown", "message": "Cooldown 1.0s (after capture)", "data": {"w": 1}, "seq": 48492}
{"ts": "2026-05-01T19:27:02.742580+00:00", "level": "INFO", "jobId": "cd769ea6-d6fd-413f-afe0-a1ed321991fd", "keyword": "khai trương coffee", "step": "capture", "message": "Capturing posinset=55 (55/∞)…", "data": {"w": 1}, "seq": 48493}
{"ts": "2026-05-01T19:27:05.291855+00:00", "level": "INFO", "jobId": "cd769ea6-d6fd-413f-afe0-a1ed321991fd", "keyword": "khai trương coffee", "step": "capture", "message": "Saved post_055.png (posinset=55)", "data": {"w": 1}, "seq": 48497}
{"ts": "2026-05-01T19:27:05.292859+00:00", "level": "INFO", "jobId": "cd769ea6-d6fd-413f-afe0-a1ed321991fd", "keyword": "khai trương coffee", "step": "cooldown", "message": "Cooldown 1.0s (after capture)", "data": {"w": 1}, "seq": 48498}
{"ts": "2026-05-01T19:27:06.351902+00:00", "level": "INFO", "jobId": "cd769ea6-d6fd-413f-afe0-a1ed321991fd", "keyword": "khai trương coffee", "step": "capture", "message": "Capturing posinset=56 (56/∞)…", "data": {"w": 1}, "seq": 48501}
{"ts": "2026-05-01T19:27:08.405968+00:00", "level": "INFO", "jobId": "cd769ea6-d6fd-413f-afe0-a1ed321991fd", "keyword": "khai trương coffee", "step": "capture", "message": "Saved post_056.png (posinset=56)", "data": {"w": 1}, "seq": 48505}
{"ts": "2026-05-01T19:27:08.406981+00:00", "level": "INFO", "jobId": "cd769ea6-d6fd-413f-afe0-a1ed321991fd", "keyword": "khai trương coffee", "step": "cooldown", "message": "Cooldown 1.0s (after capture)", "data": {"w": 1}, "seq": 48506}
{"ts": "2026-05-01T19:27:09.443357+00:00", "level": "INFO", "jobId": "cd769ea6-d6fd-413f-afe0-a1ed321991fd", "keyword": "khai trương coffee", "step": "capture", "message": "Capturing posinset=57 (57/∞)…", "data": {"w": 1}, "seq": 48511}
{"ts": "2026-05-01T19:27:11.178802+00:00", "level": "INFO", "jobId": "cd769ea6-d6fd-413f-afe0-a1ed321991fd", "keyword": "khai trương coffee", "step": "capture", "message": "Saved post_057.png (posinset=57)", "data": {"w": 1}, "seq": 48516}
{"ts": "2026-05-01T19:27:11.181803+00:00", "level": "INFO", "jobId": "cd769ea6-d6fd-413f-afe0-a1ed321991fd", "keyword": "khai trương coffee", "step": "cooldown", "message": "Cooldown 1.0s (after capture)", "data": {"w": 1}, "seq": 48517}
{"ts": "2026-05-01T19:27:13.129032+00:00", "level": "INFO", "jobId": "cd769ea6-d6fd-413f-afe0-a1ed321991fd", "keyword": "khai trương coffee", "step": "capture", "message": "Capturing posinset=58 (58/∞)…", "data": {"w": 1}, "seq": 48521}
{"ts": "2026-05-01T19:27:18.738282+00:00", "level": "INFO", "jobId": "cd769ea6-d6fd-413f-afe0-a1ed321991fd", "keyword": "khai trương coffee", "step": "capture", "message": "Saved post_058.png (posinset=58)", "data": {"w": 1}, "seq": 48528}
{"ts": "2026-05-01T19:27:18.739462+00:00", "level": "INFO", "jobId": "cd769ea6-d6fd-413f-afe0-a1ed321991fd", "keyword": "khai trương coffee", "step": "cooldown", "message": "Cooldown 1.0s (after capture)", "data": {"w": 1}, "seq": 48529}
{"ts": "2026-05-01T19:27:19.770901+00:00", "level": "INFO", "jobId": "cd769ea6-d6fd-413f-afe0-a1ed321991fd", "keyword": "khai trương coffee", "step": "heartbeat", "message": "Worker alive", "data": {"w": 1, "elapsed_s": 238}, "seq": 48531}
{"ts": "2026-05-01T19:27:19.771900+00:00", "level": "INFO", "jobId": "cd769ea6-d6fd-413f-afe0-a1ed321991fd", "keyword": "khai trương coffee", "step": "capture", "message": "Capturing posinset=59 (59/∞)…", "data": {"w": 1}, "seq": 48532}
{"ts": "2026-05-01T19:27:21.840849+00:00", "level": "INFO", "jobId": "cd769ea6-d6fd-413f-afe0-a1ed321991fd", "keyword": "khai trương coffee", "step": "capture", "message": "Saved post_059.png (posinset=59)", "data": {"w": 1}, "seq": 48538}
{"ts": "2026-05-01T19:27:21.841895+00:00", "level": "INFO", "jobId": "cd769ea6-d6fd-413f-afe0-a1ed321991fd", "keyword": "khai trương coffee", "step": "cooldown", "message": "Cooldown 1.0s (after capture)", "data": {"w": 1}, "seq": 48539}
{"ts": "2026-05-01T19:27:22.877235+00:00", "level": "INFO", "jobId": "cd769ea6-d6fd-413f-afe0-a1ed321991fd", "keyword": "khai trương coffee", "step": "capture", "message": "Capturing posinset=60 (60/∞)…", "data": {"w": 1}, "seq": 48541}
{"ts": "2026-05-01T19:27:24.789039+00:00", "level": "INFO", "jobId": "cd769ea6-d6fd-413f-afe0-a1ed321991fd", "keyword": "khai trương coffee", "step": "capture", "message": "Saved post_060.png (posinset=60)", "data": {"w": 1}, "seq": 48544}
{"ts": "2026-05-01T19:27:24.790038+00:00", "level": "INFO", "jobId": "cd769ea6-d6fd-413f-afe0-a1ed321991fd", "keyword": "khai trương coffee", "step": "cooldown", "message": "Cooldown 1.0s (after capture)", "data": {"w": 1}, "seq": 48545}
{"ts": "2026-05-01T19:27:25.820855+00:00", "level": "INFO", "jobId": "cd769ea6-d6fd-413f-afe0-a1ed321991fd", "keyword": "khai trương coffee", "step": "capture", "message": "Capturing posinset=61 (61/∞)…", "data": {"w": 1}, "seq": 48548}
{"ts": "2026-05-01T19:27:28.281694+00:00", "level": "INFO", "jobId": "cd769ea6-d6fd-413f-afe0-a1ed321991fd", "keyword": "khai trương coffee", "step": "capture", "message": "Saved post_061.png (posinset=61)", "data": {"w": 1}, "seq": 48551}
{"ts": "2026-05-01T19:27:28.285694+00:00", "level": "INFO", "jobId": "cd769ea6-d6fd-413f-afe0-a1ed321991fd", "keyword": "khai trương coffee", "step": "cooldown", "message": "Cooldown 1.0s (after capture)", "data": {"w": 1}, "seq": 48552}
{"ts": "2026-05-01T19:27:29.323866+00:00", "level": "INFO", "jobId": "cd769ea6-d6fd-413f-afe0-a1ed321991fd", "keyword": "khai trương coffee", "step": "capture", "message": "Capturing posinset=62 (62/∞)…", "data": {"w": 1}, "seq": 48554}
{"ts": "2026-05-01T19:27:31.888059+00:00", "level": "INFO", "jobId": "cd769ea6-d6fd-413f-afe0-a1ed321991fd", "keyword": "khai trương coffee", "step": "capture", "message": "Saved post_062.png (posinset=62)", "data": {"w": 1}, "seq": 48558}
{"ts": "2026-05-01T19:27:31.889161+00:00", "level": "INFO", "jobId": "cd769ea6-d6fd-413f-afe0-a1ed321991fd", "keyword": "khai trương coffee", "step": "cooldown", "message": "Cooldown 1.0s (after capture)", "data": {"w": 1}, "seq": 48559}
{"ts": "2026-05-01T19:27:32.926639+00:00", "level": "INFO", "jobId": "cd769ea6-d6fd-413f-afe0-a1ed321991fd", "keyword": "khai trương coffee", "step": "capture", "message": "Capturing posinset=63 (63/∞)…", "data": {"w": 1}, "seq": 48560}
{"ts": "2026-05-01T19:27:35.294140+00:00", "level": "INFO", "jobId": "cd769ea6-d6fd-413f-afe0-a1ed321991fd", "keyword": "khai trương coffee", "step": "capture", "message": "Saved post_063.png (posinset=63)", "data": {"w": 1}, "seq": 48564}
{"ts": "2026-05-01T19:27:35.296339+00:00", "level": "INFO", "jobId": "cd769ea6-d6fd-413f-afe0-a1ed321991fd", "keyword": "khai trương coffee", "step": "cooldown", "message": "Cooldown 1.0s (after capture)", "data": {"w": 1}, "seq": 48565}
{"ts": "2026-05-01T19:27:36.342519+00:00", "level": "INFO", "jobId": "cd769ea6-d6fd-413f-afe0-a1ed321991fd", "keyword": "khai trương coffee", "step": "heartbeat", "message": "Worker alive", "data": {"w": 1, "elapsed_s": 254}, "seq": 48568}
{"ts": "2026-05-01T19:27:36.345483+00:00", "level": "INFO", "jobId": "cd769ea6-d6fd-413f-afe0-a1ed321991fd", "keyword": "khai trương coffee", "step": "capture", "message": "Capturing posinset=64 (64/∞)…", "data": {"w": 1}, "seq": 48569}
{"ts": "2026-05-01T19:27:38.801095+00:00", "level": "INFO", "jobId": "cd769ea6-d6fd-413f-afe0-a1ed321991fd", "keyword": "khai trương coffee", "step": "capture", "message": "Saved post_064.png (posinset=64)", "data": {"w": 1}, "seq": 48573}
{"ts": "2026-05-01T19:27:38.802510+00:00", "level": "INFO", "jobId": "cd769ea6-d6fd-413f-afe0-a1ed321991fd", "keyword": "khai trương coffee", "step": "cooldown", "message": "Cooldown 1.0s (after capture)", "data": {"w": 1}, "seq": 48574}
{"ts": "2026-05-01T19:27:39.834569+00:00", "level": "INFO", "jobId": "cd769ea6-d6fd-413f-afe0-a1ed321991fd", "keyword": "khai trương coffee", "step": "capture", "message": "Capturing posinset=65 (65/∞)…", "data": {"w": 1}, "seq": 48578}
{"ts": "2026-05-01T19:27:42.087168+00:00", "level": "INFO", "jobId": "cd769ea6-d6fd-413f-afe0-a1ed321991fd", "keyword": "khai trương coffee", "step": "capture", "message": "Saved post_065.png (posinset=65)", "data": {"w": 1}, "seq": 48583}
{"ts": "2026-05-01T19:27:42.089170+00:00", "level": "INFO", "jobId": "cd769ea6-d6fd-413f-afe0-a1ed321991fd", "keyword": "khai trương coffee", "step": "cooldown", "message": "Cooldown 1.0s (after capture)", "data": {"w": 1}, "seq": 48584}
{"ts": "2026-05-01T19:27:43.130104+00:00", "level": "INFO", "jobId": "cd769ea6-d6fd-413f-afe0-a1ed321991fd", "keyword": "khai trương coffee", "step": "capture", "message": "Capturing posinset=66 (66/∞)…", "data": {"w": 1}, "seq": 48587}
{"ts": "2026-05-01T19:27:45.632695+00:00", "level": "INFO", "jobId": "cd769ea6-d6fd-413f-afe0-a1ed321991fd", "keyword": "khai trương coffee", "step": "capture", "message": "Saved post_066.png (posinset=66)", "data": {"w": 1}, "seq": 48590}
{"ts": "2026-05-01T19:27:45.633891+00:00", "level": "INFO", "jobId": "cd769ea6-d6fd-413f-afe0-a1ed321991fd", "keyword": "khai trương coffee", "step": "cooldown", "message": "Cooldown 1.0s (after capture)", "data": {"w": 1}, "seq": 48591}
{"ts": "2026-05-01T19:27:47.248910+00:00", "level": "INFO", "jobId": "cd769ea6-d6fd-413f-afe0-a1ed321991fd", "keyword": "khai trương coffee", "step": "capture", "message": "Capturing posinset=67 (67/∞)…", "data": {"w": 1}, "seq": 48593}
{"ts": "2026-05-01T19:27:50.043339+00:00", "level": "INFO", "jobId": "cd769ea6-d6fd-413f-afe0-a1ed321991fd", "keyword": "khai trương coffee", "step": "capture", "message": "Saved post_067.png (posinset=67)", "data": {"w": 1}, "seq": 48597}
{"ts": "2026-05-01T19:27:50.045658+00:00", "level": "INFO", "jobId": "cd769ea6-d6fd-413f-afe0-a1ed321991fd", "keyword": "khai trương coffee", "step": "cooldown", "message": "Cooldown 1.0s (after capture)", "data": {"w": 1}, "seq": 48598}
{"ts": "2026-05-01T19:27:51.091895+00:00", "level": "INFO", "jobId": "cd769ea6-d6fd-413f-afe0-a1ed321991fd", "keyword": "khai trương coffee", "step": "capture", "message": "Capturing posinset=68 (68/∞)…", "data": {"w": 1}, "seq": 48601}
{"ts": "2026-05-01T19:27:53.197835+00:00", "level": "INFO", "jobId": "cd769ea6-d6fd-413f-afe0-a1ed321991fd", "keyword": "khai trương coffee", "step": "capture", "message": "Saved post_068.png (posinset=68)", "data": {"w": 1}, "seq": 48605}
{"ts": "2026-05-01T19:27:53.199209+00:00", "level": "INFO", "jobId": "cd769ea6-d6fd-413f-afe0-a1ed321991fd", "keyword": "khai trương coffee", "step": "cooldown", "message": "Cooldown 1.0s (after capture)", "data": {"w": 1}, "seq": 48606}
{"ts": "2026-05-01T19:27:54.239321+00:00", "level": "INFO", "jobId": "cd769ea6-d6fd-413f-afe0-a1ed321991fd", "keyword": "khai trương coffee", "step": "heartbeat", "message": "Worker alive", "data": {"w": 1, "elapsed_s": 272}, "seq": 48608}
{"ts": "2026-05-01T19:27:54.242507+00:00", "level": "INFO", "jobId": "cd769ea6-d6fd-413f-afe0-a1ed321991fd", "keyword": "khai trương coffee", "step": "capture", "message": "Capturing posinset=69 (69/∞)…", "data": {"w": 1}, "seq": 48609}
{"ts": "2026-05-01T19:27:56.766615+00:00", "level": "INFO", "jobId": "cd769ea6-d6fd-413f-afe0-a1ed321991fd", "keyword": "khai trương coffee", "step": "capture", "message": "Saved post_069.png (posinset=69)", "data": {"w": 1}, "seq": 48613}
{"ts": "2026-05-01T19:27:56.766615+00:00", "level": "INFO", "jobId": "cd769ea6-d6fd-413f-afe0-a1ed321991fd", "keyword": "khai trương coffee", "step": "cooldown", "message": "Cooldown 1.0s (after capture)", "data": {"w": 1}, "seq": 48614}
{"ts": "2026-05-01T19:27:57.820066+00:00", "level": "INFO", "jobId": "cd769ea6-d6fd-413f-afe0-a1ed321991fd", "keyword": "khai trương coffee", "step": "capture", "message": "Capturing posinset=70 (70/∞)…", "data": {"w": 1}, "seq": 48615}
{"ts": "2026-05-01T19:28:01.267143+00:00", "level": "INFO", "jobId": "cd769ea6-d6fd-413f-afe0-a1ed321991fd", "keyword": "khai trương coffee", "step": "capture", "message": "Saved post_070.png (posinset=70)", "data": {"w": 1}, "seq": 48620}
{"ts": "2026-05-01T19:28:01.268730+00:00", "level": "INFO", "jobId": "cd769ea6-d6fd-413f-afe0-a1ed321991fd", "keyword": "khai trương coffee", "step": "cooldown", "message": "Cooldown 1.0s (after capture)", "data": {"w": 1}, "seq": 48621}
{"ts": "2026-05-01T19:28:02.290443+00:00", "level": "INFO", "jobId": "cd769ea6-d6fd-413f-afe0-a1ed321991fd", "keyword": "khai trương coffee", "step": "capture", "message": "Capturing posinset=71 (71/∞)…", "data": {"w": 1}, "seq": 48626}
{"ts": "2026-05-01T19:28:03.861564+00:00", "level": "INFO", "jobId": "cd769ea6-d6fd-413f-afe0-a1ed321991fd", "keyword": "khai trương coffee", "step": "capture", "message": "Saved post_071.png (posinset=71)", "data": {"w": 1}, "seq": 48629}
{"ts": "2026-05-01T19:28:03.862652+00:00", "level": "INFO", "jobId": "cd769ea6-d6fd-413f-afe0-a1ed321991fd", "keyword": "khai trương coffee", "step": "cooldown", "message": "Cooldown 1.0s (after capture)", "data": {"w": 1}, "seq": 48630}
{"ts": "2026-05-01T19:28:04.904704+00:00", "level": "INFO", "jobId": "cd769ea6-d6fd-413f-afe0-a1ed321991fd", "keyword": "khai trương coffee", "step": "capture", "message": "Capturing posinset=72 (72/∞)…", "data": {"w": 1}, "seq": 48632}
{"ts": "2026-05-01T19:28:07.144744+00:00", "level": "INFO", "jobId": "cd769ea6-d6fd-413f-afe0-a1ed321991fd", "keyword": "khai trương coffee", "step": "capture", "message": "Saved post_072.png (posinset=72)", "data": {"w": 1}, "seq": 48636}
{"ts": "2026-05-01T19:28:07.147048+00:00", "level": "INFO", "jobId": "cd769ea6-d6fd-413f-afe0-a1ed321991fd", "keyword": "khai trương coffee", "step": "cooldown", "message": "Cooldown 1.0s (after capture)", "data": {"w": 1}, "seq": 48637}
{"ts": "2026-05-01T19:28:08.787180+00:00", "level": "INFO", "jobId": "cd769ea6-d6fd-413f-afe0-a1ed321991fd", "keyword": "khai trương coffee", "step": "capture", "message": "Capturing posinset=73 (73/∞)…", "data": {"w": 1}, "seq": 48640}
{"ts": "2026-05-01T19:28:11.563398+00:00", "level": "INFO", "jobId": "cd769ea6-d6fd-413f-afe0-a1ed321991fd", "keyword": "khai trương coffee", "step": "capture", "message": "Saved post_073.png (posinset=73)", "data": {"w": 1}, "seq": 48644}
{"ts": "2026-05-01T19:28:11.565398+00:00", "level": "INFO", "jobId": "cd769ea6-d6fd-413f-afe0-a1ed321991fd", "keyword": "khai trương coffee", "step": "cooldown", "message": "Cooldown 1.0s (after capture)", "data": {"w": 1}, "seq": 48645}
{"ts": "2026-05-01T19:28:12.604610+00:00", "level": "INFO", "jobId": "cd769ea6-d6fd-413f-afe0-a1ed321991fd", "keyword": "khai trương coffee", "step": "heartbeat", "message": "Worker alive", "data": {"w": 1, "elapsed_s": 290}, "seq": 48649}
{"ts": "2026-05-01T19:28:12.605861+00:00", "level": "INFO", "jobId": "cd769ea6-d6fd-413f-afe0-a1ed321991fd", "keyword": "khai trương coffee", "step": "capture", "message": "Capturing posinset=74 (74/∞)…", "data": {"w": 1}, "seq": 48650}
{"ts": "2026-05-01T19:28:15.499034+00:00", "level": "INFO", "jobId": "cd769ea6-d6fd-413f-afe0-a1ed321991fd", "keyword": "khai trương coffee", "step": "capture", "message": "Saved post_074.png (posinset=74)", "data": {"w": 1}, "seq": 48654}
{"ts": "2026-05-01T19:28:15.499034+00:00", "level": "INFO", "jobId": "cd769ea6-d6fd-413f-afe0-a1ed321991fd", "keyword": "khai trương coffee", "step": "cooldown", "message": "Cooldown 1.0s (after capture)", "data": {"w": 1}, "seq": 48655}
{"ts": "2026-05-01T19:28:16.534199+00:00", "level": "INFO", "jobId": "cd769ea6-d6fd-413f-afe0-a1ed321991fd", "keyword": "khai trương coffee", "step": "capture", "message": "Capturing posinset=75 (75/∞)…", "data": {"w": 1}, "seq": 48657}
{"ts": "2026-05-01T19:28:18.811950+00:00", "level": "INFO", "jobId": "cd769ea6-d6fd-413f-afe0-a1ed321991fd", "keyword": "khai trương coffee", "step": "capture", "message": "Saved post_075.png (posinset=75)", "data": {"w": 1}, "seq": 48660}
{"ts": "2026-05-01T19:28:18.814452+00:00", "level": "INFO", "jobId": "cd769ea6-d6fd-413f-afe0-a1ed321991fd", "keyword": "khai trương coffee", "step": "cooldown", "message": "Cooldown 1.0s (after capture)", "data": {"w": 1}, "seq": 48661}
{"ts": "2026-05-01T19:28:19.848636+00:00", "level": "INFO", "jobId": "cd769ea6-d6fd-413f-afe0-a1ed321991fd", "keyword": "khai trương coffee", "step": "capture", "message": "Capturing posinset=76 (76/∞)…", "data": {"w": 1}, "seq": 48664}
{"ts": "2026-05-01T19:28:22.415002+00:00", "level": "INFO", "jobId": "cd769ea6-d6fd-413f-afe0-a1ed321991fd", "keyword": "khai trương coffee", "step": "capture", "message": "Saved post_076.png (posinset=76)", "data": {"w": 1}, "seq": 48670}
{"ts": "2026-05-01T19:28:22.416026+00:00", "level": "INFO", "jobId": "cd769ea6-d6fd-413f-afe0-a1ed321991fd", "keyword": "khai trương coffee", "step": "cooldown", "message": "Cooldown 1.0s (after capture)", "data": {"w": 1}, "seq": 48671}
{"ts": "2026-05-01T19:28:23.474661+00:00", "level": "INFO", "jobId": "cd769ea6-d6fd-413f-afe0-a1ed321991fd", "keyword": "khai trương coffee", "step": "capture", "message": "Capturing posinset=77 (77/∞)…", "data": {"w": 1}, "seq": 48672}
{"ts": "2026-05-01T19:28:26.517723+00:00", "level": "INFO", "jobId": "cd769ea6-d6fd-413f-afe0-a1ed321991fd", "keyword": "khai trương coffee", "step": "capture", "message": "Saved post_077.png (posinset=77)", "data": {"w": 1}, "seq": 48680}
{"ts": "2026-05-01T19:28:26.518726+00:00", "level": "INFO", "jobId": "cd769ea6-d6fd-413f-afe0-a1ed321991fd", "keyword": "khai trương coffee", "step": "cooldown", "message": "Cooldown 1.0s (after capture)", "data": {"w": 1}, "seq": 48681}
{"ts": "2026-05-01T19:28:29.616998+00:00", "level": "INFO", "jobId": "cd769ea6-d6fd-413f-afe0-a1ed321991fd", "keyword": "khai trương coffee", "step": "heartbeat", "message": "Worker alive", "data": {"w": 1, "elapsed_s": 307}, "seq": 48683}
{"ts": "2026-05-01T19:28:29.619009+00:00", "level": "INFO", "jobId": "cd769ea6-d6fd-413f-afe0-a1ed321991fd", "keyword": "khai trương coffee", "step": "capture", "message": "Capturing posinset=78 (78/∞)…", "data": {"w": 1}, "seq": 48684}
{"ts": "2026-05-01T19:28:33.497580+00:00", "level": "INFO", "jobId": "cd769ea6-d6fd-413f-afe0-a1ed321991fd", "keyword": "khai trương coffee", "step": "capture", "message": "Saved post_078.png (posinset=78)", "data": {"w": 1}, "seq": 48689}
{"ts": "2026-05-01T19:28:33.499579+00:00", "level": "INFO", "jobId": "cd769ea6-d6fd-413f-afe0-a1ed321991fd", "keyword": "khai trương coffee", "step": "cooldown", "message": "Cooldown 1.0s (after capture)", "data": {"w": 1}, "seq": 48690}
{"ts": "2026-05-01T19:28:34.547279+00:00", "level": "INFO", "jobId": "cd769ea6-d6fd-413f-afe0-a1ed321991fd", "keyword": "khai trương coffee", "step": "capture", "message": "Capturing posinset=79 (79/∞)…", "data": {"w": 1}, "seq": 48693}
{"ts": "2026-05-01T19:28:37.790372+00:00", "level": "INFO", "jobId": "cd769ea6-d6fd-413f-afe0-a1ed321991fd", "keyword": "khai trương coffee", "step": "capture", "message": "Saved post_079.png (posinset=79)", "data": {"w": 1}, "seq": 48698}
{"ts": "2026-05-01T19:28:37.792577+00:00", "level": "INFO", "jobId": "cd769ea6-d6fd-413f-afe0-a1ed321991fd", "keyword": "khai trương coffee", "step": "cooldown", "message": "Cooldown 1.0s (after capture)", "data": {"w": 1}, "seq": 48699}
{"ts": "2026-05-01T19:28:38.933664+00:00", "level": "INFO", "jobId": "cd769ea6-d6fd-413f-afe0-a1ed321991fd", "keyword": "khai trương coffee", "step": "capture", "message": "Capturing posinset=80 (80/∞)…", "data": {"w": 1}, "seq": 48701}
{"ts": "2026-05-01T19:28:41.933790+00:00", "level": "INFO", "jobId": "cd769ea6-d6fd-413f-afe0-a1ed321991fd", "keyword": "khai trương coffee", "step": "capture", "message": "Saved post_080.png (posinset=80)", "data": {"w": 1}, "seq": 48706}
{"ts": "2026-05-01T19:28:41.935792+00:00", "level": "INFO", "jobId": "cd769ea6-d6fd-413f-afe0-a1ed321991fd", "keyword": "khai trương coffee", "step": "cooldown", "message": "Cooldown 1.0s (after capture)", "data": {"w": 1}, "seq": 48707}
{"ts": "2026-05-01T19:28:42.978761+00:00", "level": "INFO", "jobId": "cd769ea6-d6fd-413f-afe0-a1ed321991fd", "keyword": "khai trương coffee", "step": "capture", "message": "Capturing posinset=81 (81/∞)…", "data": {"w": 1}, "seq": 48710}
{"ts": "2026-05-01T19:28:45.392313+00:00", "level": "INFO", "jobId": "cd769ea6-d6fd-413f-afe0-a1ed321991fd", "keyword": "khai trương coffee", "step": "capture", "message": "Saved post_081.png (posinset=81)", "data": {"w": 1}, "seq": 48714}
{"ts": "2026-05-01T19:28:45.395031+00:00", "level": "INFO", "jobId": "cd769ea6-d6fd-413f-afe0-a1ed321991fd", "keyword": "khai trương coffee", "step": "cooldown", "message": "Cooldown 1.0s (after capture)", "data": {"w": 1}, "seq": 48715}
{"ts": "2026-05-01T19:28:46.445628+00:00", "level": "INFO", "jobId": "cd769ea6-d6fd-413f-afe0-a1ed321991fd", "keyword": "khai trương coffee", "step": "heartbeat", "message": "Worker alive", "data": {"w": 1, "elapsed_s": 324}, "seq": 48719}
{"ts": "2026-05-01T19:28:46.447042+00:00", "level": "INFO", "jobId": "cd769ea6-d6fd-413f-afe0-a1ed321991fd", "keyword": "khai trương coffee", "step": "capture", "message": "Capturing posinset=82 (82/∞)…", "data": {"w": 1}, "seq": 48720}
{"ts": "2026-05-01T19:28:48.768029+00:00", "level": "INFO", "jobId": "cd769ea6-d6fd-413f-afe0-a1ed321991fd", "keyword": "khai trương coffee", "step": "capture", "message": "Saved post_082.png (posinset=82)", "data": {"w": 1}, "seq": 48724}
{"ts": "2026-05-01T19:28:48.769247+00:00", "level": "INFO", "jobId": "cd769ea6-d6fd-413f-afe0-a1ed321991fd", "keyword": "khai trương coffee", "step": "cooldown", "message": "Cooldown 1.0s (after capture)", "data": {"w": 1}, "seq": 48725}
{"ts": "2026-05-01T19:28:50.205303+00:00", "level": "INFO", "jobId": "cd769ea6-d6fd-413f-afe0-a1ed321991fd", "keyword": "khai trương coffee", "step": "capture", "message": "Capturing posinset=83 (83/∞)…", "data": {"w": 1}, "seq": 48727}
{"ts": "2026-05-01T19:28:52.985268+00:00", "level": "INFO", "jobId": "cd769ea6-d6fd-413f-afe0-a1ed321991fd", "keyword": "khai trương coffee", "step": "capture", "message": "Saved post_083.png (posinset=83)", "data": {"w": 1}, "seq": 48734}
{"ts": "2026-05-01T19:28:52.986274+00:00", "level": "INFO", "jobId": "cd769ea6-d6fd-413f-afe0-a1ed321991fd", "keyword": "khai trương coffee", "step": "cooldown", "message": "Cooldown 1.0s (after capture)", "data": {"w": 1}, "seq": 48735}
{"ts": "2026-05-01T19:28:54.049266+00:00", "level": "INFO", "jobId": "cd769ea6-d6fd-413f-afe0-a1ed321991fd", "keyword": "khai trương coffee", "step": "capture", "message": "Capturing posinset=84 (84/∞)…", "data": {"w": 1}, "seq": 48737}
{"ts": "2026-05-01T19:28:56.948375+00:00", "level": "INFO", "jobId": "cd769ea6-d6fd-413f-afe0-a1ed321991fd", "keyword": "khai trương coffee", "step": "capture", "message": "Saved post_084.png (posinset=84)", "data": {"w": 1}, "seq": 48741}
{"ts": "2026-05-01T19:28:56.952375+00:00", "level": "INFO", "jobId": "cd769ea6-d6fd-413f-afe0-a1ed321991fd", "keyword": "khai trương coffee", "step": "cooldown", "message": "Cooldown 1.0s (after capture)", "data": {"w": 1}, "seq": 48742}
{"ts": "2026-05-01T19:28:58.024672+00:00", "level": "INFO", "jobId": "cd769ea6-d6fd-413f-afe0-a1ed321991fd", "keyword": "khai trương coffee", "step": "capture", "message": "Capturing posinset=85 (85/∞)…", "data": {"w": 1}, "seq": 48745}
{"ts": "2026-05-01T19:29:00.546094+00:00", "level": "INFO", "jobId": "cd769ea6-d6fd-413f-afe0-a1ed321991fd", "keyword": "khai trương coffee", "step": "capture", "message": "Saved post_085.png (posinset=85)", "data": {"w": 1}, "seq": 48747}
{"ts": "2026-05-01T19:29:00.547094+00:00", "level": "INFO", "jobId": "cd769ea6-d6fd-413f-afe0-a1ed321991fd", "keyword": "khai trương coffee", "step": "cooldown", "message": "Cooldown 1.0s (after capture)", "data": {"w": 1}, "seq": 48748}
{"ts": "2026-05-01T19:29:01.576678+00:00", "level": "INFO", "jobId": "cd769ea6-d6fd-413f-afe0-a1ed321991fd", "keyword": "khai trương coffee", "step": "heartbeat", "message": "Worker alive", "data": {"w": 1, "elapsed_s": 339}, "seq": 48751}
{"ts": "2026-05-01T19:29:01.577679+00:00", "level": "INFO", "jobId": "cd769ea6-d6fd-413f-afe0-a1ed321991fd", "keyword": "khai trương coffee", "step": "capture", "message": "Capturing posinset=86 (86/∞)…", "data": {"w": 1}, "seq": 48752}
{"ts": "2026-05-01T19:29:04.028989+00:00", "level": "INFO", "jobId": "cd769ea6-d6fd-413f-afe0-a1ed321991fd", "keyword": "khai trương coffee", "step": "capture", "message": "Saved post_086.png (posinset=86)", "data": {"w": 1}, "seq": 48758}
{"ts": "2026-05-01T19:29:04.028989+00:00", "level": "INFO", "jobId": "cd769ea6-d6fd-413f-afe0-a1ed321991fd", "keyword": "khai trương coffee", "step": "cooldown", "message": "Cooldown 1.0s (after capture)", "data": {"w": 1}, "seq": 48759}
{"ts": "2026-05-01T19:29:05.118222+00:00", "level": "INFO", "jobId": "cd769ea6-d6fd-413f-afe0-a1ed321991fd", "keyword": "khai trương coffee", "step": "capture", "message": "Capturing posinset=87 (87/∞)…", "data": {"w": 1}, "seq": 48763}
{"ts": "2026-05-01T19:29:08.413959+00:00", "level": "INFO", "jobId": "cd769ea6-d6fd-413f-afe0-a1ed321991fd", "keyword": "khai trương coffee", "step": "capture", "message": "Saved post_087.png (posinset=87)", "data": {"w": 1}, "seq": 48766}
{"ts": "2026-05-01T19:29:08.417532+00:00", "level": "INFO", "jobId": "cd769ea6-d6fd-413f-afe0-a1ed321991fd", "keyword": "khai trương coffee", "step": "cooldown", "message": "Cooldown 1.0s (after capture)", "data": {"w": 1}, "seq": 48767}
{"ts": "2026-05-01T19:29:10.434948+00:00", "level": "INFO", "jobId": "cd769ea6-d6fd-413f-afe0-a1ed321991fd", "keyword": "khai trương coffee", "step": "capture", "message": "Capturing posinset=88 (88/∞)…", "data": {"w": 1}, "seq": 48770}
{"ts": "2026-05-01T19:29:15.321953+00:00", "level": "INFO", "jobId": "cd769ea6-d6fd-413f-afe0-a1ed321991fd", "keyword": "khai trương coffee", "step": "capture", "message": "Saved post_088.png (posinset=88)", "data": {"w": 1}, "seq": 48777}
{"ts": "2026-05-01T19:29:15.323014+00:00", "level": "INFO", "jobId": "cd769ea6-d6fd-413f-afe0-a1ed321991fd", "keyword": "khai trương coffee", "step": "cooldown", "message": "Cooldown 1.0s (after capture)", "data": {"w": 1}, "seq": 48778}
{"ts": "2026-05-01T19:29:16.381314+00:00", "level": "INFO", "jobId": "cd769ea6-d6fd-413f-afe0-a1ed321991fd", "keyword": "khai trương coffee", "step": "capture", "message": "Capturing posinset=89 (89/∞)…", "data": {"w": 1}, "seq": 48781}
{"ts": "2026-05-01T19:29:19.144479+00:00", "level": "INFO", "jobId": "cd769ea6-d6fd-413f-afe0-a1ed321991fd", "keyword": "khai trương coffee", "step": "capture", "message": "Saved post_089.png (posinset=89)", "data": {"w": 1}, "seq": 48783}
{"ts": "2026-05-01T19:29:19.145480+00:00", "level": "INFO", "jobId": "cd769ea6-d6fd-413f-afe0-a1ed321991fd", "keyword": "khai trương coffee", "step": "cooldown", "message": "Cooldown 1.0s (after capture)", "data": {"w": 1}, "seq": 48784}
{"ts": "2026-05-01T19:29:20.186169+00:00", "level": "INFO", "jobId": "cd769ea6-d6fd-413f-afe0-a1ed321991fd", "keyword": "khai trương coffee", "step": "heartbeat", "message": "Worker alive", "data": {"w": 1, "elapsed_s": 358}, "seq": 48789}
{"ts": "2026-05-01T19:29:20.187182+00:00", "level": "INFO", "jobId": "cd769ea6-d6fd-413f-afe0-a1ed321991fd", "keyword": "khai trương coffee", "step": "capture", "message": "Capturing posinset=90 (90/∞)…", "data": {"w": 1}, "seq": 48790}
{"ts": "2026-05-01T19:29:22.307469+00:00", "level": "INFO", "jobId": "cd769ea6-d6fd-413f-afe0-a1ed321991fd", "keyword": "khai trương coffee", "step": "capture", "message": "Capturing posinset=90 (90/∞)…", "data": {"w": 1}, "seq": 48794}
{"ts": "2026-05-01T19:29:24.473550+00:00", "level": "INFO", "jobId": "cd769ea6-d6fd-413f-afe0-a1ed321991fd", "keyword": "khai trương coffee", "step": "capture", "message": "Capturing posinset=90 (90/∞)…", "data": {"w": 1}, "seq": 48798}
{"ts": "2026-05-01T19:29:26.445618+00:00", "level": "INFO", "jobId": "cd769ea6-d6fd-413f-afe0-a1ed321991fd", "keyword": "khai trương coffee", "step": "capture", "message": "Capturing posinset=90 (90/∞)…", "data": {"w": 1}, "seq": 48804}
{"ts": "2026-05-01T19:29:28.522794+00:00", "level": "INFO", "jobId": "cd769ea6-d6fd-413f-afe0-a1ed321991fd", "keyword": "khai trương coffee", "step": "capture", "message": "Capturing posinset=90 (90/∞)…", "data": {"w": 1}, "seq": 48807}
{"ts": "2026-05-01T19:29:30.072424+00:00", "level": "INFO", "jobId": "cd769ea6-d6fd-413f-afe0-a1ed321991fd", "keyword": "khai trương coffee", "step": "capture", "message": "Capturing posinset=90 (90/∞)…", "data": {"w": 1}, "seq": 48811}
{"ts": "2026-05-01T19:29:32.096890+00:00", "level": "INFO", "jobId": "cd769ea6-d6fd-413f-afe0-a1ed321991fd", "keyword": "khai trương coffee", "step": "capture", "message": "Capturing posinset=90 (90/∞)…", "data": {"w": 1}, "seq": 48814}
{"ts": "2026-05-01T19:29:43.889276+00:00", "level": "INFO", "jobId": "cd769ea6-d6fd-413f-afe0-a1ed321991fd", "keyword": "khai trương coffee", "step": "heartbeat", "message": "Worker alive", "data": {"w": 1, "elapsed_s": 382}, "seq": 48826}
{"ts": "2026-05-01T19:29:43.890283+00:00", "level": "INFO", "jobId": "cd769ea6-d6fd-413f-afe0-a1ed321991fd", "keyword": "khai trương coffee", "step": "capture", "message": "Capturing posinset=90 (90/∞)…", "data": {"w": 1}, "seq": 48827}
{"ts": "2026-05-01T19:29:57.184260+00:00", "level": "INFO", "jobId": "cd769ea6-d6fd-413f-afe0-a1ed321991fd", "keyword": "khai trương coffee", "step": "capture", "message": "Capturing posinset=90 (90/∞)…", "data": {"w": 1}, "seq": 48844}
{"ts": "2026-05-01T19:29:59.289569+00:00", "level": "INFO", "jobId": "cd769ea6-d6fd-413f-afe0-a1ed321991fd", "keyword": "khai trương coffee", "step": "capture", "message": "Reached stable end of results (maxPos=89, stable>=35s). Stopping.", "data": {"w": 1}, "seq": 48846}
{"ts": "2026-05-01T19:29:59.344400+00:00", "level": "INFO", "jobId": "cd769ea6-d6fd-413f-afe0-a1ed321991fd", "keyword": "khai trương coffee", "step": "capture", "message": "Capture loop finished (unlimited). Saved=89", "data": {"w": 1}, "seq": 48847}
{"ts": "2026-05-01T19:29:59.345799+00:00", "level": "INFO", "jobId": "cd769ea6-d6fd-413f-afe0-a1ed321991fd", "keyword": "khai trương coffee", "step": "done", "message": "Completed. Saved=89", "data": {"w": 1}, "seq": 48848}
