{"ts": "2026-05-01T17:59:03.175181+00:00", "level": "INFO", "jobId": "d60ad18a-b08e-4101-93c6-d19956eaf82d", "keyword": "sự kiện khai trương", "step": "start", "message": "Job started (attempt 1/1)", "data": {"w": 1}, "seq": 39270}
{"ts": "2026-05-01T17:59:07.053130+00:00", "level": "INFO", "jobId": "d60ad18a-b08e-4101-93c6-d19956eaf82d", "keyword": "sự kiện khai trương", "step": "login", "message": "Already logged in (home).", "data": {"w": 1}, "seq": 39274}
{"ts": "2026-05-01T17:59:07.059132+00:00", "level": "INFO", "jobId": "d60ad18a-b08e-4101-93c6-d19956eaf82d", "keyword": "sự kiện khai trương", "step": "search", "message": "Searching keyword: \"sự kiện khai trương\"", "data": {"w": 1}, "seq": 39275}
{"ts": "2026-05-01T17:59:13.731267+00:00", "level": "INFO", "jobId": "d60ad18a-b08e-4101-93c6-d19956eaf82d", "keyword": "sự kiện khai trương", "step": "capture", "message": "Start capturing all posts until end of results.", "data": {"w": 1}, "seq": 39281}
{"ts": "2026-05-01T17:59:13.747016+00:00", "level": "INFO", "jobId": "d60ad18a-b08e-4101-93c6-d19956eaf82d", "keyword": "sự kiện khai trương", "step": "capture", "message": "Output folder: Lan 1 - 0059", "data": {"w": 1}, "seq": 39282}
{"ts": "2026-05-01T17:59:28.718405+00:00", "level": "INFO", "jobId": "d60ad18a-b08e-4101-93c6-d19956eaf82d", "keyword": "sự kiện khai trương", "step": "capture", "message": "Capturing posinset=1 (1/∞)…", "data": {"w": 1}, "seq": 39294}
{"ts": "2026-05-01T17:59:31.479669+00:00", "level": "INFO", "jobId": "d60ad18a-b08e-4101-93c6-d19956eaf82d", "keyword": "sự kiện khai trương", "step": "capture", "message": "Saved post_001.png (posinset=1)", "data": {"w": 1}, "seq": 39297}
{"ts": "2026-05-01T17:59:31.480668+00:00", "level": "INFO", "jobId": "d60ad18a-b08e-4101-93c6-d19956eaf82d", "keyword": "sự kiện khai trương", "step": "cooldown", "message": "Cooldown 1.0s (after capture)", "data": {"w": 1}, "seq": 39298}
{"ts": "2026-05-01T17:59:32.508394+00:00", "level": "INFO", "jobId": "d60ad18a-b08e-4101-93c6-d19956eaf82d", "keyword": "sự kiện khai trương", "step": "capture", "message": "Capturing posinset=2 (2/∞)…", "data": {"w": 1}, "seq": 39300}
{"ts": "2026-05-01T17:59:34.013275+00:00", "level": "INFO", "jobId": "d60ad18a-b08e-4101-93c6-d19956eaf82d", "keyword": "sự kiện khai trương", "step": "capture", "message": "Saved post_002.png (posinset=2)", "data": {"w": 1}, "seq": 39301}
{"ts": "2026-05-01T17:59:34.014901+00:00", "level": "INFO", "jobId": "d60ad18a-b08e-4101-93c6-d19956eaf82d", "keyword": "sự kiện khai trương", "step": "cooldown", "message": "Cooldown 1.0s (after capture)", "data": {"w": 1}, "seq": 39302}
{"ts": "2026-05-01T17:59:35.027564+00:00", "level": "INFO", "jobId": "d60ad18a-b08e-4101-93c6-d19956eaf82d", "keyword": "sự kiện khai trương", "step": "capture", "message": "Capturing posinset=3 (3/∞)…", "data": {"w": 1}, "seq": 39305}
{"ts": "2026-05-01T17:59:36.194396+00:00", "level": "INFO", "jobId": "d60ad18a-b08e-4101-93c6-d19956eaf82d", "keyword": "sự kiện khai trương", "step": "capture", "message": "Saved post_003.png (posinset=3)", "data": {"w": 1}, "seq": 39307}
{"ts": "2026-05-01T17:59:36.195662+00:00", "level": "INFO", "jobId": "d60ad18a-b08e-4101-93c6-d19956eaf82d", "keyword": "sự kiện khai trương", "step": "cooldown", "message": "Cooldown 1.0s (after capture)", "data": {"w": 1}, "seq": 39308}
{"ts": "2026-05-01T17:59:37.204714+00:00", "level": "INFO", "jobId": "d60ad18a-b08e-4101-93c6-d19956eaf82d", "keyword": "sự kiện khai trương", "step": "capture", "message": "Capturing posinset=4 (4/∞)…", "data": {"w": 1}, "seq": 39309}
{"ts": "2026-05-01T17:59:38.941521+00:00", "level": "INFO", "jobId": "d60ad18a-b08e-4101-93c6-d19956eaf82d", "keyword": "sự kiện khai trương", "step": "capture", "message": "Saved post_004.png (posinset=4)", "data": {"w": 1}, "seq": 39315}
{"ts": "2026-05-01T17:59:38.943521+00:00", "level": "INFO", "jobId": "d60ad18a-b08e-4101-93c6-d19956eaf82d", "keyword": "sự kiện khai trương", "step": "cooldown", "message": "Cooldown 1.0s (after capture)", "data": {"w": 1}, "seq": 39316}
{"ts": "2026-05-01T17:59:39.957201+00:00", "level": "INFO", "jobId": "d60ad18a-b08e-4101-93c6-d19956eaf82d", "keyword": "sự kiện khai trương", "step": "capture", "message": "Capturing posinset=5 (5/∞)…", "data": {"w": 1}, "seq": 39318}
{"ts": "2026-05-01T17:59:41.283713+00:00", "level": "INFO", "jobId": "d60ad18a-b08e-4101-93c6-d19956eaf82d", "keyword": "sự kiện khai trương", "step": "capture", "message": "Saved post_005.png (posinset=5)", "data": {"w": 1}, "seq": 39319}
{"ts": "2026-05-01T17:59:41.284959+00:00", "level": "INFO", "jobId": "d60ad18a-b08e-4101-93c6-d19956eaf82d", "keyword": "sự kiện khai trương", "step": "cooldown", "message": "Cooldown 1.0s (after capture)", "data": {"w": 1}, "seq": 39320}
{"ts": "2026-05-01T17:59:42.304637+00:00", "level": "INFO", "jobId": "d60ad18a-b08e-4101-93c6-d19956eaf82d", "keyword": "sự kiện khai trương", "step": "heartbeat", "message": "Worker alive", "data": {"w": 1, "elapsed_s": 39}, "seq": 39323}
{"ts": "2026-05-01T17:59:42.305801+00:00", "level": "INFO", "jobId": "d60ad18a-b08e-4101-93c6-d19956eaf82d", "keyword": "sự kiện khai trương", "step": "capture", "message": "Capturing posinset=6 (6/∞)…", "data": {"w": 1}, "seq": 39324}
{"ts": "2026-05-01T17:59:43.910360+00:00", "level": "INFO", "jobId": "d60ad18a-b08e-4101-93c6-d19956eaf82d", "keyword": "sự kiện khai trương", "step": "capture", "message": "Saved post_006.png (posinset=6)", "data": {"w": 1}, "seq": 39327}
{"ts": "2026-05-01T17:59:43.911498+00:00", "level": "INFO", "jobId": "d60ad18a-b08e-4101-93c6-d19956eaf82d", "keyword": "sự kiện khai trương", "step": "cooldown", "message": "Cooldown 1.0s (after capture)", "data": {"w": 1}, "seq": 39328}
{"ts": "2026-05-01T17:59:44.950906+00:00", "level": "INFO", "jobId": "d60ad18a-b08e-4101-93c6-d19956eaf82d", "keyword": "sự kiện khai trương", "step": "capture", "message": "Capturing posinset=7 (7/∞)…", "data": {"w": 1}, "seq": 39329}
{"ts": "2026-05-01T17:59:46.678828+00:00", "level": "INFO", "jobId": "d60ad18a-b08e-4101-93c6-d19956eaf82d", "keyword": "sự kiện khai trương", "step": "capture", "message": "Saved post_007.png (posinset=7)", "data": {"w": 1}, "seq": 39330}
{"ts": "2026-05-01T17:59:46.681744+00:00", "level": "INFO", "jobId": "d60ad18a-b08e-4101-93c6-d19956eaf82d", "keyword": "sự kiện khai trương", "step": "cooldown", "message": "Cooldown 1.0s (after capture)", "data": {"w": 1}, "seq": 39331}
{"ts": "2026-05-01T17:59:47.792572+00:00", "level": "INFO", "jobId": "d60ad18a-b08e-4101-93c6-d19956eaf82d", "keyword": "sự kiện khai trương", "step": "capture", "message": "Capturing posinset=8 (8/∞)…", "data": {"w": 1}, "seq": 39334}
{"ts": "2026-05-01T17:59:50.526813+00:00", "level": "INFO", "jobId": "d60ad18a-b08e-4101-93c6-d19956eaf82d", "keyword": "sự kiện khai trương", "step": "capture", "message": "Saved post_008.png (posinset=8)", "data": {"w": 1}, "seq": 39336}
{"ts": "2026-05-01T17:59:50.527812+00:00", "level": "INFO", "jobId": "d60ad18a-b08e-4101-93c6-d19956eaf82d", "keyword": "sự kiện khai trương", "step": "cooldown", "message": "Cooldown 1.0s (after capture)", "data": {"w": 1}, "seq": 39337}
{"ts": "2026-05-01T17:59:51.559481+00:00", "level": "INFO", "jobId": "d60ad18a-b08e-4101-93c6-d19956eaf82d", "keyword": "sự kiện khai trương", "step": "capture", "message": "Capturing posinset=9 (9/∞)…", "data": {"w": 1}, "seq": 39338}
{"ts": "2026-05-01T17:59:53.223179+00:00", "level": "INFO", "jobId": "d60ad18a-b08e-4101-93c6-d19956eaf82d", "keyword": "sự kiện khai trương", "step": "capture", "message": "Saved post_009.png (posinset=9)", "data": {"w": 1}, "seq": 39341}
{"ts": "2026-05-01T17:59:53.224178+00:00", "level": "INFO", "jobId": "d60ad18a-b08e-4101-93c6-d19956eaf82d", "keyword": "sự kiện khai trương", "step": "cooldown", "message": "Cooldown 1.0s (after capture)", "data": {"w": 1}, "seq": 39342}
{"ts": "2026-05-01T17:59:54.242118+00:00", "level": "INFO", "jobId": "d60ad18a-b08e-4101-93c6-d19956eaf82d", "keyword": "sự kiện khai trương", "step": "capture", "message": "Capturing posinset=10 (10/∞)…", "data": {"w": 1}, "seq": 39344}
{"ts": "2026-05-01T17:59:55.805059+00:00", "level": "INFO", "jobId": "d60ad18a-b08e-4101-93c6-d19956eaf82d", "keyword": "sự kiện khai trương", "step": "capture", "message": "Saved post_010.png (posinset=10)", "data": {"w": 1}, "seq": 39345}
{"ts": "2026-05-01T17:59:55.806566+00:00", "level": "INFO", "jobId": "d60ad18a-b08e-4101-93c6-d19956eaf82d", "keyword": "sự kiện khai trương", "step": "cooldown", "message": "Cooldown 1.0s (after capture)", "data": {"w": 1}, "seq": 39346}
{"ts": "2026-05-01T17:59:56.818141+00:00", "level": "INFO", "jobId": "d60ad18a-b08e-4101-93c6-d19956eaf82d", "keyword": "sự kiện khai trương", "step": "capture", "message": "Capturing posinset=11 (11/∞)…", "data": {"w": 1}, "seq": 39347}
{"ts": "2026-05-01T17:59:58.069769+00:00", "level": "INFO", "jobId": "d60ad18a-b08e-4101-93c6-d19956eaf82d", "keyword": "sự kiện khai trương", "step": "heartbeat", "message": "Worker alive", "data": {"w": 1, "elapsed_s": 54}, "seq": 39349}
{"ts": "2026-05-01T17:59:58.077540+00:00", "level": "INFO", "jobId": "d60ad18a-b08e-4101-93c6-d19956eaf82d", "keyword": "sự kiện khai trương", "step": "capture", "message": "Capturing posinset=11 (11/∞)…", "data": {"w": 1}, "seq": 39350}
{"ts": "2026-05-01T18:00:00.735723+00:00", "level": "INFO", "jobId": "d60ad18a-b08e-4101-93c6-d19956eaf82d", "keyword": "sự kiện khai trương", "step": "capture", "message": "Capturing posinset=11 (11/∞)…", "data": {"w": 1}, "seq": 39353}
{"ts": "2026-05-01T18:00:01.952314+00:00", "level": "INFO", "jobId": "d60ad18a-b08e-4101-93c6-d19956eaf82d", "keyword": "sự kiện khai trương", "step": "capture", "message": "Saved post_011.png (posinset=11)", "data": {"w": 1}, "seq": 39356}
{"ts": "2026-05-01T18:00:01.953595+00:00", "level": "INFO", "jobId": "d60ad18a-b08e-4101-93c6-d19956eaf82d", "keyword": "sự kiện khai trương", "step": "cooldown", "message": "Cooldown 1.0s (after capture)", "data": {"w": 1}, "seq": 39357}
{"ts": "2026-05-01T18:00:02.976428+00:00", "level": "INFO", "jobId": "d60ad18a-b08e-4101-93c6-d19956eaf82d", "keyword": "sự kiện khai trương", "step": "capture", "message": "Capturing posinset=12 (12/∞)…", "data": {"w": 1}, "seq": 39360}
{"ts": "2026-05-01T18:00:04.604681+00:00", "level": "INFO", "jobId": "d60ad18a-b08e-4101-93c6-d19956eaf82d", "keyword": "sự kiện khai trương", "step": "capture", "message": "Saved post_012.png (posinset=12)", "data": {"w": 1}, "seq": 39365}
{"ts": "2026-05-01T18:00:04.606684+00:00", "level": "INFO", "jobId": "d60ad18a-b08e-4101-93c6-d19956eaf82d", "keyword": "sự kiện khai trương", "step": "cooldown", "message": "Cooldown 1.0s (after capture)", "data": {"w": 1}, "seq": 39366}
{"ts": "2026-05-01T18:00:05.624788+00:00", "level": "INFO", "jobId": "d60ad18a-b08e-4101-93c6-d19956eaf82d", "keyword": "sự kiện khai trương", "step": "capture", "message": "Capturing posinset=13 (13/∞)…", "data": {"w": 1}, "seq": 39368}
{"ts": "2026-05-01T18:00:07.141625+00:00", "level": "INFO", "jobId": "d60ad18a-b08e-4101-93c6-d19956eaf82d", "keyword": "sự kiện khai trương", "step": "capture", "message": "Saved post_013.png (posinset=13)", "data": {"w": 1}, "seq": 39369}
{"ts": "2026-05-01T18:00:07.142694+00:00", "level": "INFO", "jobId": "d60ad18a-b08e-4101-93c6-d19956eaf82d", "keyword": "sự kiện khai trương", "step": "cooldown", "message": "Cooldown 1.0s (after capture)", "data": {"w": 1}, "seq": 39370}
{"ts": "2026-05-01T18:00:08.156471+00:00", "level": "INFO", "jobId": "d60ad18a-b08e-4101-93c6-d19956eaf82d", "keyword": "sự kiện khai trương", "step": "capture", "message": "Capturing posinset=14 (14/∞)…", "data": {"w": 1}, "seq": 39373}
{"ts": "2026-05-01T18:00:09.455329+00:00", "level": "INFO", "jobId": "d60ad18a-b08e-4101-93c6-d19956eaf82d", "keyword": "sự kiện khai trương", "step": "capture", "message": "Saved post_014.png (posinset=14)", "data": {"w": 1}, "seq": 39375}
{"ts": "2026-05-01T18:00:09.456330+00:00", "level": "INFO", "jobId": "d60ad18a-b08e-4101-93c6-d19956eaf82d", "keyword": "sự kiện khai trương", "step": "cooldown", "message": "Cooldown 1.0s (after capture)", "data": {"w": 1}, "seq": 39376}
{"ts": "2026-05-01T18:00:10.468198+00:00", "level": "INFO", "jobId": "d60ad18a-b08e-4101-93c6-d19956eaf82d", "keyword": "sự kiện khai trương", "step": "capture", "message": "Capturing posinset=15 (15/∞)…", "data": {"w": 1}, "seq": 39377}
{"ts": "2026-05-01T18:00:11.850266+00:00", "level": "INFO", "jobId": "d60ad18a-b08e-4101-93c6-d19956eaf82d", "keyword": "sự kiện khai trương", "step": "capture", "message": "Saved post_015.png (posinset=15)", "data": {"w": 1}, "seq": 39380}
{"ts": "2026-05-01T18:00:11.851274+00:00", "level": "INFO", "jobId": "d60ad18a-b08e-4101-93c6-d19956eaf82d", "keyword": "sự kiện khai trương", "step": "cooldown", "message": "Cooldown 1.0s (after capture)", "data": {"w": 1}, "seq": 39381}
{"ts": "2026-05-01T18:00:13.182966+00:00", "level": "INFO", "jobId": "d60ad18a-b08e-4101-93c6-d19956eaf82d", "keyword": "sự kiện khai trương", "step": "heartbeat", "message": "Worker alive", "data": {"w": 1, "elapsed_s": 70}, "seq": 39383}
{"ts": "2026-05-01T18:00:13.184979+00:00", "level": "INFO", "jobId": "d60ad18a-b08e-4101-93c6-d19956eaf82d", "keyword": "sự kiện khai trương", "step": "capture", "message": "Capturing posinset=16 (16/∞)…", "data": {"w": 1}, "seq": 39384}
{"ts": "2026-05-01T18:00:15.017916+00:00", "level": "INFO", "jobId": "d60ad18a-b08e-4101-93c6-d19956eaf82d", "keyword": "sự kiện khai trương", "step": "capture", "message": "Saved post_016.png (posinset=16)", "data": {"w": 1}, "seq": 39387}
{"ts": "2026-05-01T18:00:15.019281+00:00", "level": "INFO", "jobId": "d60ad18a-b08e-4101-93c6-d19956eaf82d", "keyword": "sự kiện khai trương", "step": "cooldown", "message": "Cooldown 1.0s (after capture)", "data": {"w": 1}, "seq": 39388}
{"ts": "2026-05-01T18:00:16.041037+00:00", "level": "INFO", "jobId": "d60ad18a-b08e-4101-93c6-d19956eaf82d", "keyword": "sự kiện khai trương", "step": "capture", "message": "Capturing posinset=17 (17/∞)…", "data": {"w": 1}, "seq": 39390}
{"ts": "2026-05-01T18:00:20.134212+00:00", "level": "INFO", "jobId": "d60ad18a-b08e-4101-93c6-d19956eaf82d", "keyword": "sự kiện khai trương", "step": "capture", "message": "Saved post_017.png (posinset=17)", "data": {"w": 1}, "seq": 39391}
{"ts": "2026-05-01T18:00:20.135212+00:00", "level": "INFO", "jobId": "d60ad18a-b08e-4101-93c6-d19956eaf82d", "keyword": "sự kiện khai trương", "step": "cooldown", "message": "Cooldown 1.0s (after capture)", "data": {"w": 1}, "seq": 39392}
{"ts": "2026-05-01T18:00:21.153063+00:00", "level": "INFO", "jobId": "d60ad18a-b08e-4101-93c6-d19956eaf82d", "keyword": "sự kiện khai trương", "step": "capture", "message": "Capturing posinset=18 (18/∞)…", "data": {"w": 1}, "seq": 39393}
{"ts": "2026-05-01T18:00:23.021702+00:00", "level": "INFO", "jobId": "d60ad18a-b08e-4101-93c6-d19956eaf82d", "keyword": "sự kiện khai trương", "step": "capture", "message": "Saved post_018.png (posinset=18)", "data": {"w": 1}, "seq": 39396}
{"ts": "2026-05-01T18:00:23.023736+00:00", "level": "INFO", "jobId": "d60ad18a-b08e-4101-93c6-d19956eaf82d", "keyword": "sự kiện khai trương", "step": "cooldown", "message": "Cooldown 1.0s (after capture)", "data": {"w": 1}, "seq": 39397}
{"ts": "2026-05-01T18:00:24.037666+00:00", "level": "INFO", "jobId": "d60ad18a-b08e-4101-93c6-d19956eaf82d", "keyword": "sự kiện khai trương", "step": "capture", "message": "Capturing posinset=19 (19/∞)…", "data": {"w": 1}, "seq": 39400}
{"ts": "2026-05-01T18:00:26.104070+00:00", "level": "INFO", "jobId": "d60ad18a-b08e-4101-93c6-d19956eaf82d", "keyword": "sự kiện khai trương", "step": "capture", "message": "Saved post_019.png (posinset=19)", "data": {"w": 1}, "seq": 39402}
{"ts": "2026-05-01T18:00:26.108054+00:00", "level": "INFO", "jobId": "d60ad18a-b08e-4101-93c6-d19956eaf82d", "keyword": "sự kiện khai trương", "step": "cooldown", "message": "Cooldown 1.0s (after capture)", "data": {"w": 1}, "seq": 39403}
{"ts": "2026-05-01T18:00:27.138876+00:00", "level": "INFO", "jobId": "d60ad18a-b08e-4101-93c6-d19956eaf82d", "keyword": "sự kiện khai trương", "step": "capture", "message": "Capturing posinset=20 (20/∞)…", "data": {"w": 1}, "seq": 39406}
{"ts": "2026-05-01T18:00:28.660842+00:00", "level": "INFO", "jobId": "d60ad18a-b08e-4101-93c6-d19956eaf82d", "keyword": "sự kiện khai trương", "step": "capture", "message": "Saved post_020.png (posinset=20)", "data": {"w": 1}, "seq": 39411}
{"ts": "2026-05-01T18:00:28.661852+00:00", "level": "INFO", "jobId": "d60ad18a-b08e-4101-93c6-d19956eaf82d", "keyword": "sự kiện khai trương", "step": "cooldown", "message": "Cooldown 1.0s (after capture)", "data": {"w": 1}, "seq": 39412}
{"ts": "2026-05-01T18:00:29.961255+00:00", "level": "INFO", "jobId": "d60ad18a-b08e-4101-93c6-d19956eaf82d", "keyword": "sự kiện khai trương", "step": "heartbeat", "message": "Worker alive", "data": {"w": 1, "elapsed_s": 86}, "seq": 39414}
{"ts": "2026-05-01T18:00:29.963254+00:00", "level": "INFO", "jobId": "d60ad18a-b08e-4101-93c6-d19956eaf82d", "keyword": "sự kiện khai trương", "step": "capture", "message": "Capturing posinset=21 (21/∞)…", "data": {"w": 1}, "seq": 39415}
{"ts": "2026-05-01T18:00:32.153198+00:00", "level": "INFO", "jobId": "d60ad18a-b08e-4101-93c6-d19956eaf82d", "keyword": "sự kiện khai trương", "step": "capture", "message": "Saved post_021.png (posinset=21)", "data": {"w": 1}, "seq": 39416}
{"ts": "2026-05-01T18:00:32.154202+00:00", "level": "INFO", "jobId": "d60ad18a-b08e-4101-93c6-d19956eaf82d", "keyword": "sự kiện khai trương", "step": "cooldown", "message": "Cooldown 1.0s (after capture)", "data": {"w": 1}, "seq": 39417}
{"ts": "2026-05-01T18:00:33.169332+00:00", "level": "INFO", "jobId": "d60ad18a-b08e-4101-93c6-d19956eaf82d", "keyword": "sự kiện khai trương", "step": "capture", "message": "Capturing posinset=22 (22/∞)…", "data": {"w": 1}, "seq": 39420}
{"ts": "2026-05-01T18:00:34.600527+00:00", "level": "INFO", "jobId": "d60ad18a-b08e-4101-93c6-d19956eaf82d", "keyword": "sự kiện khai trương", "step": "capture", "message": "Saved post_022.png (posinset=22)", "data": {"w": 1}, "seq": 39422}
{"ts": "2026-05-01T18:00:34.601527+00:00", "level": "INFO", "jobId": "d60ad18a-b08e-4101-93c6-d19956eaf82d", "keyword": "sự kiện khai trương", "step": "cooldown", "message": "Cooldown 1.0s (after capture)", "data": {"w": 1}, "seq": 39423}
{"ts": "2026-05-01T18:00:35.627582+00:00", "level": "INFO", "jobId": "d60ad18a-b08e-4101-93c6-d19956eaf82d", "keyword": "sự kiện khai trương", "step": "capture", "message": "Capturing posinset=23 (23/∞)…", "data": {"w": 1}, "seq": 39424}
{"ts": "2026-05-01T18:00:38.644384+00:00", "level": "INFO", "jobId": "d60ad18a-b08e-4101-93c6-d19956eaf82d", "keyword": "sự kiện khai trương", "step": "capture", "message": "Saved post_023.png (posinset=23)", "data": {"w": 1}, "seq": 39429}
{"ts": "2026-05-01T18:00:38.646850+00:00", "level": "INFO", "jobId": "d60ad18a-b08e-4101-93c6-d19956eaf82d", "keyword": "sự kiện khai trương", "step": "cooldown", "message": "Cooldown 1.0s (after capture)", "data": {"w": 1}, "seq": 39430}
{"ts": "2026-05-01T18:00:39.666125+00:00", "level": "INFO", "jobId": "d60ad18a-b08e-4101-93c6-d19956eaf82d", "keyword": "sự kiện khai trương", "step": "capture", "message": "Capturing posinset=24 (24/∞)…", "data": {"w": 1}, "seq": 39433}
{"ts": "2026-05-01T18:00:41.006321+00:00", "level": "INFO", "jobId": "d60ad18a-b08e-4101-93c6-d19956eaf82d", "keyword": "sự kiện khai trương", "step": "capture", "message": "Saved post_024.png (posinset=24)", "data": {"w": 1}, "seq": 39435}
{"ts": "2026-05-01T18:00:41.010427+00:00", "level": "INFO", "jobId": "d60ad18a-b08e-4101-93c6-d19956eaf82d", "keyword": "sự kiện khai trương", "step": "cooldown", "message": "Cooldown 1.0s (after capture)", "data": {"w": 1}, "seq": 39436}
{"ts": "2026-05-01T18:00:42.333225+00:00", "level": "INFO", "jobId": "d60ad18a-b08e-4101-93c6-d19956eaf82d", "keyword": "sự kiện khai trương", "step": "capture", "message": "Capturing posinset=25 (25/∞)…", "data": {"w": 1}, "seq": 39437}
{"ts": "2026-05-01T18:00:44.604957+00:00", "level": "INFO", "jobId": "d60ad18a-b08e-4101-93c6-d19956eaf82d", "keyword": "sự kiện khai trương", "step": "capture", "message": "Saved post_025.png (posinset=25)", "data": {"w": 1}, "seq": 39441}
{"ts": "2026-05-01T18:00:44.607638+00:00", "level": "INFO", "jobId": "d60ad18a-b08e-4101-93c6-d19956eaf82d", "keyword": "sự kiện khai trương", "step": "cooldown", "message": "Cooldown 1.0s (after capture)", "data": {"w": 1}, "seq": 39442}
{"ts": "2026-05-01T18:00:45.637592+00:00", "level": "INFO", "jobId": "d60ad18a-b08e-4101-93c6-d19956eaf82d", "keyword": "sự kiện khai trương", "step": "heartbeat", "message": "Worker alive", "data": {"w": 1, "elapsed_s": 102}, "seq": 39443}
{"ts": "2026-05-01T18:00:45.638947+00:00", "level": "INFO", "jobId": "d60ad18a-b08e-4101-93c6-d19956eaf82d", "keyword": "sự kiện khai trương", "step": "capture", "message": "Capturing posinset=26 (26/∞)…", "data": {"w": 1}, "seq": 39444}
{"ts": "2026-05-01T18:00:47.148006+00:00", "level": "INFO", "jobId": "d60ad18a-b08e-4101-93c6-d19956eaf82d", "keyword": "sự kiện khai trương", "step": "capture", "message": "Saved post_026.png (posinset=26)", "data": {"w": 1}, "seq": 39447}
{"ts": "2026-05-01T18:00:47.149006+00:00", "level": "INFO", "jobId": "d60ad18a-b08e-4101-93c6-d19956eaf82d", "keyword": "sự kiện khai trương", "step": "cooldown", "message": "Cooldown 1.0s (after capture)", "data": {"w": 1}, "seq": 39448}
{"ts": "2026-05-01T18:00:48.178267+00:00", "level": "INFO", "jobId": "d60ad18a-b08e-4101-93c6-d19956eaf82d", "keyword": "sự kiện khai trương", "step": "capture", "message": "Capturing posinset=27 (27/∞)…", "data": {"w": 1}, "seq": 39449}
{"ts": "2026-05-01T18:00:49.840689+00:00", "level": "INFO", "jobId": "d60ad18a-b08e-4101-93c6-d19956eaf82d", "keyword": "sự kiện khai trương", "step": "capture", "message": "Saved post_027.png (posinset=27)", "data": {"w": 1}, "seq": 39451}
{"ts": "2026-05-01T18:00:49.841690+00:00", "level": "INFO", "jobId": "d60ad18a-b08e-4101-93c6-d19956eaf82d", "keyword": "sự kiện khai trương", "step": "cooldown", "message": "Cooldown 1.0s (after capture)", "data": {"w": 1}, "seq": 39452}
{"ts": "2026-05-01T18:00:50.880218+00:00", "level": "INFO", "jobId": "d60ad18a-b08e-4101-93c6-d19956eaf82d", "keyword": "sự kiện khai trương", "step": "capture", "message": "Capturing posinset=28 (28/∞)…", "data": {"w": 1}, "seq": 39453}
{"ts": "2026-05-01T18:00:52.373334+00:00", "level": "INFO", "jobId": "d60ad18a-b08e-4101-93c6-d19956eaf82d", "keyword": "sự kiện khai trương", "step": "capture", "message": "Saved post_028.png (posinset=28)", "data": {"w": 1}, "seq": 39458}
{"ts": "2026-05-01T18:00:52.374603+00:00", "level": "INFO", "jobId": "d60ad18a-b08e-4101-93c6-d19956eaf82d", "keyword": "sự kiện khai trương", "step": "cooldown", "message": "Cooldown 1.0s (after capture)", "data": {"w": 1}, "seq": 39459}
{"ts": "2026-05-01T18:00:53.406696+00:00", "level": "INFO", "jobId": "d60ad18a-b08e-4101-93c6-d19956eaf82d", "keyword": "sự kiện khai trương", "step": "capture", "message": "Capturing posinset=29 (29/∞)…", "data": {"w": 1}, "seq": 39460}
{"ts": "2026-05-01T18:00:57.053036+00:00", "level": "INFO", "jobId": "d60ad18a-b08e-4101-93c6-d19956eaf82d", "keyword": "sự kiện khai trương", "step": "capture", "message": "Saved post_029.png (posinset=29)", "data": {"w": 1}, "seq": 39464}
{"ts": "2026-05-01T18:00:57.055694+00:00", "level": "INFO", "jobId": "d60ad18a-b08e-4101-93c6-d19956eaf82d", "keyword": "sự kiện khai trương", "step": "cooldown", "message": "Cooldown 1.0s (after capture)", "data": {"w": 1}, "seq": 39465}
{"ts": "2026-05-01T18:00:58.439479+00:00", "level": "INFO", "jobId": "d60ad18a-b08e-4101-93c6-d19956eaf82d", "keyword": "sự kiện khai trương", "step": "capture", "message": "Capturing posinset=30 (30/∞)…", "data": {"w": 1}, "seq": 39466}
{"ts": "2026-05-01T18:01:01.601955+00:00", "level": "INFO", "jobId": "d60ad18a-b08e-4101-93c6-d19956eaf82d", "keyword": "sự kiện khai trương", "step": "capture", "message": "Saved post_030.png (posinset=30)", "data": {"w": 1}, "seq": 39470}
{"ts": "2026-05-01T18:01:01.602955+00:00", "level": "INFO", "jobId": "d60ad18a-b08e-4101-93c6-d19956eaf82d", "keyword": "sự kiện khai trương", "step": "cooldown", "message": "Cooldown 1.0s (after capture)", "data": {"w": 1}, "seq": 39471}
{"ts": "2026-05-01T18:01:02.646973+00:00", "level": "INFO", "jobId": "d60ad18a-b08e-4101-93c6-d19956eaf82d", "keyword": "sự kiện khai trương", "step": "heartbeat", "message": "Worker alive", "data": {"w": 1, "elapsed_s": 119}, "seq": 39472}
{"ts": "2026-05-01T18:01:02.646973+00:00", "level": "INFO", "jobId": "d60ad18a-b08e-4101-93c6-d19956eaf82d", "keyword": "sự kiện khai trương", "step": "capture", "message": "Capturing posinset=31 (31/∞)…", "data": {"w": 1}, "seq": 39473}
{"ts": "2026-05-01T18:01:05.032122+00:00", "level": "INFO", "jobId": "d60ad18a-b08e-4101-93c6-d19956eaf82d", "keyword": "sự kiện khai trương", "step": "capture", "message": "Saved post_031.png (posinset=31)", "data": {"w": 1}, "seq": 39480}
{"ts": "2026-05-01T18:01:05.033121+00:00", "level": "INFO", "jobId": "d60ad18a-b08e-4101-93c6-d19956eaf82d", "keyword": "sự kiện khai trương", "step": "cooldown", "message": "Cooldown 1.0s (after capture)", "data": {"w": 1}, "seq": 39481}
{"ts": "2026-05-01T18:01:06.058254+00:00", "level": "INFO", "jobId": "d60ad18a-b08e-4101-93c6-d19956eaf82d", "keyword": "sự kiện khai trương", "step": "capture", "message": "Capturing posinset=32 (32/∞)…", "data": {"w": 1}, "seq": 39483}
{"ts": "2026-05-01T18:01:07.731861+00:00", "level": "INFO", "jobId": "d60ad18a-b08e-4101-93c6-d19956eaf82d", "keyword": "sự kiện khai trương", "step": "capture", "message": "Saved post_032.png (posinset=32)", "data": {"w": 1}, "seq": 39484}
{"ts": "2026-05-01T18:01:07.731861+00:00", "level": "INFO", "jobId": "d60ad18a-b08e-4101-93c6-d19956eaf82d", "keyword": "sự kiện khai trương", "step": "cooldown", "message": "Cooldown 1.0s (after capture)", "data": {"w": 1}, "seq": 39485}
{"ts": "2026-05-01T18:01:08.750576+00:00", "level": "INFO", "jobId": "d60ad18a-b08e-4101-93c6-d19956eaf82d", "keyword": "sự kiện khai trương", "step": "capture", "message": "Capturing posinset=33 (33/∞)…", "data": {"w": 1}, "seq": 39488}
{"ts": "2026-05-01T18:01:10.159754+00:00", "level": "INFO", "jobId": "d60ad18a-b08e-4101-93c6-d19956eaf82d", "keyword": "sự kiện khai trương", "step": "capture", "message": "Saved post_033.png (posinset=33)", "data": {"w": 1}, "seq": 39491}
{"ts": "2026-05-01T18:01:10.160802+00:00", "level": "INFO", "jobId": "d60ad18a-b08e-4101-93c6-d19956eaf82d", "keyword": "sự kiện khai trương", "step": "cooldown", "message": "Cooldown 1.0s (after capture)", "data": {"w": 1}, "seq": 39492}
{"ts": "2026-05-01T18:01:11.183257+00:00", "level": "INFO", "jobId": "d60ad18a-b08e-4101-93c6-d19956eaf82d", "keyword": "sự kiện khai trương", "step": "capture", "message": "Capturing posinset=34 (34/∞)…", "data": {"w": 1}, "seq": 39493}
{"ts": "2026-05-01T18:01:13.139586+00:00", "level": "INFO", "jobId": "d60ad18a-b08e-4101-93c6-d19956eaf82d", "keyword": "sự kiện khai trương", "step": "capture", "message": "Saved post_034.png (posinset=34)", "data": {"w": 1}, "seq": 39496}
{"ts": "2026-05-01T18:01:13.141725+00:00", "level": "INFO", "jobId": "d60ad18a-b08e-4101-93c6-d19956eaf82d", "keyword": "sự kiện khai trương", "step": "cooldown", "message": "Cooldown 1.0s (after capture)", "data": {"w": 1}, "seq": 39497}
{"ts": "2026-05-01T18:01:14.171739+00:00", "level": "INFO", "jobId": "d60ad18a-b08e-4101-93c6-d19956eaf82d", "keyword": "sự kiện khai trương", "step": "capture", "message": "Capturing posinset=35 (35/∞)…", "data": {"w": 1}, "seq": 39499}
{"ts": "2026-05-01T18:01:15.779139+00:00", "level": "INFO", "jobId": "d60ad18a-b08e-4101-93c6-d19956eaf82d", "keyword": "sự kiện khai trương", "step": "capture", "message": "Saved post_035.png (posinset=35)", "data": {"w": 1}, "seq": 39500}
{"ts": "2026-05-01T18:01:15.780571+00:00", "level": "INFO", "jobId": "d60ad18a-b08e-4101-93c6-d19956eaf82d", "keyword": "sự kiện khai trương", "step": "cooldown", "message": "Cooldown 1.0s (after capture)", "data": {"w": 1}, "seq": 39501}
{"ts": "2026-05-01T18:01:16.801571+00:00", "level": "INFO", "jobId": "d60ad18a-b08e-4101-93c6-d19956eaf82d", "keyword": "sự kiện khai trương", "step": "capture", "message": "Capturing posinset=36 (36/∞)…", "data": {"w": 1}, "seq": 39504}
{"ts": "2026-05-01T18:01:18.072733+00:00", "level": "INFO", "jobId": "d60ad18a-b08e-4101-93c6-d19956eaf82d", "keyword": "sự kiện khai trương", "step": "heartbeat", "message": "Worker alive", "data": {"w": 1, "elapsed_s": 134}, "seq": 39508}
{"ts": "2026-05-01T18:01:18.072733+00:00", "level": "INFO", "jobId": "d60ad18a-b08e-4101-93c6-d19956eaf82d", "keyword": "sự kiện khai trương", "step": "capture", "message": "Capturing posinset=36 (36/∞)…", "data": {"w": 1}, "seq": 39509}
{"ts": "2026-05-01T18:01:19.881048+00:00", "level": "INFO", "jobId": "d60ad18a-b08e-4101-93c6-d19956eaf82d", "keyword": "sự kiện khai trương", "step": "capture", "message": "Capturing posinset=36 (36/∞)…", "data": {"w": 1}, "seq": 39511}
{"ts": "2026-05-01T18:01:21.408769+00:00", "level": "INFO", "jobId": "d60ad18a-b08e-4101-93c6-d19956eaf82d", "keyword": "sự kiện khai trương", "step": "capture", "message": "Saved post_036.png (posinset=36)", "data": {"w": 1}, "seq": 39514}
{"ts": "2026-05-01T18:01:21.409918+00:00", "level": "INFO", "jobId": "d60ad18a-b08e-4101-93c6-d19956eaf82d", "keyword": "sự kiện khai trương", "step": "cooldown", "message": "Cooldown 1.0s (after capture)", "data": {"w": 1}, "seq": 39515}
{"ts": "2026-05-01T18:01:22.431778+00:00", "level": "INFO", "jobId": "d60ad18a-b08e-4101-93c6-d19956eaf82d", "keyword": "sự kiện khai trương", "step": "capture", "message": "Capturing posinset=37 (37/∞)…", "data": {"w": 1}, "seq": 39517}
{"ts": "2026-05-01T18:01:24.131274+00:00", "level": "INFO", "jobId": "d60ad18a-b08e-4101-93c6-d19956eaf82d", "keyword": "sự kiện khai trương", "step": "capture", "message": "Saved post_037.png (posinset=37)", "data": {"w": 1}, "seq": 39518}
{"ts": "2026-05-01T18:01:24.133088+00:00", "level": "INFO", "jobId": "d60ad18a-b08e-4101-93c6-d19956eaf82d", "keyword": "sự kiện khai trương", "step": "cooldown", "message": "Cooldown 1.0s (after capture)", "data": {"w": 1}, "seq": 39519}
{"ts": "2026-05-01T18:01:25.173632+00:00", "level": "INFO", "jobId": "d60ad18a-b08e-4101-93c6-d19956eaf82d", "keyword": "sự kiện khai trương", "step": "capture", "message": "Capturing posinset=38 (38/∞)…", "data": {"w": 1}, "seq": 39520}
{"ts": "2026-05-01T18:01:27.649136+00:00", "level": "INFO", "jobId": "d60ad18a-b08e-4101-93c6-d19956eaf82d", "keyword": "sự kiện khai trương", "step": "capture", "message": "Saved post_038.png (posinset=38)", "data": {"w": 1}, "seq": 39527}
{"ts": "2026-05-01T18:01:27.654238+00:00", "level": "INFO", "jobId": "d60ad18a-b08e-4101-93c6-d19956eaf82d", "keyword": "sự kiện khai trương", "step": "cooldown", "message": "Cooldown 1.0s (after capture)", "data": {"w": 1}, "seq": 39528}
{"ts": "2026-05-01T18:01:28.692901+00:00", "level": "INFO", "jobId": "d60ad18a-b08e-4101-93c6-d19956eaf82d", "keyword": "sự kiện khai trương", "step": "capture", "message": "Capturing posinset=39 (39/∞)…", "data": {"w": 1}, "seq": 39529}
{"ts": "2026-05-01T18:01:30.870849+00:00", "level": "INFO", "jobId": "d60ad18a-b08e-4101-93c6-d19956eaf82d", "keyword": "sự kiện khai trương", "step": "capture", "message": "Saved post_039.png (posinset=39)", "data": {"w": 1}, "seq": 39532}
{"ts": "2026-05-01T18:01:30.873847+00:00", "level": "INFO", "jobId": "d60ad18a-b08e-4101-93c6-d19956eaf82d", "keyword": "sự kiện khai trương", "step": "cooldown", "message": "Cooldown 1.0s (after capture)", "data": {"w": 1}, "seq": 39533}
{"ts": "2026-05-01T18:01:31.924270+00:00", "level": "INFO", "jobId": "d60ad18a-b08e-4101-93c6-d19956eaf82d", "keyword": "sự kiện khai trương", "step": "capture", "message": "Capturing posinset=40 (40/∞)…", "data": {"w": 1}, "seq": 39534}
{"ts": "2026-05-01T18:01:34.212049+00:00", "level": "INFO", "jobId": "d60ad18a-b08e-4101-93c6-d19956eaf82d", "keyword": "sự kiện khai trương", "step": "capture", "message": "Saved post_040.png (posinset=40)", "data": {"w": 1}, "seq": 39535}
{"ts": "2026-05-01T18:01:34.214556+00:00", "level": "INFO", "jobId": "d60ad18a-b08e-4101-93c6-d19956eaf82d", "keyword": "sự kiện khai trương", "step": "cooldown", "message": "Cooldown 1.0s (after capture)", "data": {"w": 1}, "seq": 39536}
{"ts": "2026-05-01T18:01:35.801325+00:00", "level": "INFO", "jobId": "d60ad18a-b08e-4101-93c6-d19956eaf82d", "keyword": "sự kiện khai trương", "step": "heartbeat", "message": "Worker alive", "data": {"w": 1, "elapsed_s": 152}, "seq": 39539}
{"ts": "2026-05-01T18:01:35.805325+00:00", "level": "INFO", "jobId": "d60ad18a-b08e-4101-93c6-d19956eaf82d", "keyword": "sự kiện khai trương", "step": "capture", "message": "Capturing posinset=41 (41/∞)…", "data": {"w": 1}, "seq": 39540}
{"ts": "2026-05-01T18:01:39.479123+00:00", "level": "INFO", "jobId": "d60ad18a-b08e-4101-93c6-d19956eaf82d", "keyword": "sự kiện khai trương", "step": "capture", "message": "Saved post_041.png (posinset=41)", "data": {"w": 1}, "seq": 39542}
{"ts": "2026-05-01T18:01:39.480141+00:00", "level": "INFO", "jobId": "d60ad18a-b08e-4101-93c6-d19956eaf82d", "keyword": "sự kiện khai trương", "step": "cooldown", "message": "Cooldown 1.0s (after capture)", "data": {"w": 1}, "seq": 39543}
{"ts": "2026-05-01T18:01:40.534088+00:00", "level": "INFO", "jobId": "d60ad18a-b08e-4101-93c6-d19956eaf82d", "keyword": "sự kiện khai trương", "step": "capture", "message": "Capturing posinset=42 (42/∞)…", "data": {"w": 1}, "seq": 39544}
{"ts": "2026-05-01T18:01:42.462657+00:00", "level": "INFO", "jobId": "d60ad18a-b08e-4101-93c6-d19956eaf82d", "keyword": "sự kiện khai trương", "step": "capture", "message": "Saved post_042.png (posinset=42)", "data": {"w": 1}, "seq": 39545}
{"ts": "2026-05-01T18:01:42.464166+00:00", "level": "INFO", "jobId": "d60ad18a-b08e-4101-93c6-d19956eaf82d", "keyword": "sự kiện khai trương", "step": "cooldown", "message": "Cooldown 1.0s (after capture)", "data": {"w": 1}, "seq": 39546}
{"ts": "2026-05-01T18:01:43.504737+00:00", "level": "INFO", "jobId": "d60ad18a-b08e-4101-93c6-d19956eaf82d", "keyword": "sự kiện khai trương", "step": "capture", "message": "Capturing posinset=43 (43/∞)…", "data": {"w": 1}, "seq": 39550}
{"ts": "2026-05-01T18:01:45.523983+00:00", "level": "INFO", "jobId": "d60ad18a-b08e-4101-93c6-d19956eaf82d", "keyword": "sự kiện khai trương", "step": "capture", "message": "Saved post_043.png (posinset=43)", "data": {"w": 1}, "seq": 39553}
{"ts": "2026-05-01T18:01:45.524998+00:00", "level": "INFO", "jobId": "d60ad18a-b08e-4101-93c6-d19956eaf82d", "keyword": "sự kiện khai trương", "step": "cooldown", "message": "Cooldown 1.0s (after capture)", "data": {"w": 1}, "seq": 39554}
{"ts": "2026-05-01T18:01:46.557172+00:00", "level": "INFO", "jobId": "d60ad18a-b08e-4101-93c6-d19956eaf82d", "keyword": "sự kiện khai trương", "step": "capture", "message": "Capturing posinset=44 (44/∞)…", "data": {"w": 1}, "seq": 39555}
{"ts": "2026-05-01T18:01:52.461876+00:00", "level": "INFO", "jobId": "d60ad18a-b08e-4101-93c6-d19956eaf82d", "keyword": "sự kiện khai trương", "step": "capture", "message": "Saved post_044.png (posinset=44)", "data": {"w": 1}, "seq": 39559}
{"ts": "2026-05-01T18:01:52.462880+00:00", "level": "INFO", "jobId": "d60ad18a-b08e-4101-93c6-d19956eaf82d", "keyword": "sự kiện khai trương", "step": "cooldown", "message": "Cooldown 1.0s (after capture)", "data": {"w": 1}, "seq": 39560}
{"ts": "2026-05-01T18:01:53.537749+00:00", "level": "INFO", "jobId": "d60ad18a-b08e-4101-93c6-d19956eaf82d", "keyword": "sự kiện khai trương", "step": "heartbeat", "message": "Worker alive", "data": {"w": 1, "elapsed_s": 170}, "seq": 39561}
{"ts": "2026-05-01T18:01:53.538752+00:00", "level": "INFO", "jobId": "d60ad18a-b08e-4101-93c6-d19956eaf82d", "keyword": "sự kiện khai trương", "step": "capture", "message": "Capturing posinset=45 (45/∞)…", "data": {"w": 1}, "seq": 39562}
{"ts": "2026-05-01T18:01:56.872578+00:00", "level": "INFO", "jobId": "d60ad18a-b08e-4101-93c6-d19956eaf82d", "keyword": "sự kiện khai trương", "step": "capture", "message": "Saved post_045.png (posinset=45)", "data": {"w": 1}, "seq": 39565}
{"ts": "2026-05-01T18:01:56.873583+00:00", "level": "INFO", "jobId": "d60ad18a-b08e-4101-93c6-d19956eaf82d", "keyword": "sự kiện khai trương", "step": "cooldown", "message": "Cooldown 1.0s (after capture)", "data": {"w": 1}, "seq": 39566}
{"ts": "2026-05-01T18:01:58.376078+00:00", "level": "INFO", "jobId": "d60ad18a-b08e-4101-93c6-d19956eaf82d", "keyword": "sự kiện khai trương", "step": "capture", "message": "Capturing posinset=46 (46/∞)…", "data": {"w": 1}, "seq": 39570}
{"ts": "2026-05-01T18:02:01.505754+00:00", "level": "INFO", "jobId": "d60ad18a-b08e-4101-93c6-d19956eaf82d", "keyword": "sự kiện khai trương", "step": "capture", "message": "Saved post_046.png (posinset=46)", "data": {"w": 1}, "seq": 39573}
{"ts": "2026-05-01T18:02:01.507080+00:00", "level": "INFO", "jobId": "d60ad18a-b08e-4101-93c6-d19956eaf82d", "keyword": "sự kiện khai trương", "step": "cooldown", "message": "Cooldown 1.0s (after capture)", "data": {"w": 1}, "seq": 39574}
{"ts": "2026-05-01T18:02:02.541768+00:00", "level": "INFO", "jobId": "d60ad18a-b08e-4101-93c6-d19956eaf82d", "keyword": "sự kiện khai trương", "step": "capture", "message": "Capturing posinset=47 (47/∞)…", "data": {"w": 1}, "seq": 39577}
{"ts": "2026-05-01T18:02:06.993541+00:00", "level": "INFO", "jobId": "d60ad18a-b08e-4101-93c6-d19956eaf82d", "keyword": "sự kiện khai trương", "step": "capture", "message": "Saved post_047.png (posinset=47)", "data": {"w": 1}, "seq": 39585}
{"ts": "2026-05-01T18:02:06.997589+00:00", "level": "INFO", "jobId": "d60ad18a-b08e-4101-93c6-d19956eaf82d", "keyword": "sự kiện khai trương", "step": "cooldown", "message": "Cooldown 1.0s (after capture)", "data": {"w": 1}, "seq": 39586}
{"ts": "2026-05-01T18:02:08.040914+00:00", "level": "INFO", "jobId": "d60ad18a-b08e-4101-93c6-d19956eaf82d", "keyword": "sự kiện khai trương", "step": "capture", "message": "Capturing posinset=48 (48/∞)…", "data": {"w": 1}, "seq": 39587}
{"ts": "2026-05-01T18:02:09.921917+00:00", "level": "INFO", "jobId": "d60ad18a-b08e-4101-93c6-d19956eaf82d", "keyword": "sự kiện khai trương", "step": "capture", "message": "Saved post_048.png (posinset=48)", "data": {"w": 1}, "seq": 39589}
{"ts": "2026-05-01T18:02:09.921917+00:00", "level": "INFO", "jobId": "d60ad18a-b08e-4101-93c6-d19956eaf82d", "keyword": "sự kiện khai trương", "step": "cooldown", "message": "Cooldown 1.0s (after capture)", "data": {"w": 1}, "seq": 39590}
{"ts": "2026-05-01T18:02:11.015549+00:00", "level": "INFO", "jobId": "d60ad18a-b08e-4101-93c6-d19956eaf82d", "keyword": "sự kiện khai trương", "step": "heartbeat", "message": "Worker alive", "data": {"w": 1, "elapsed_s": 187}, "seq": 39591}
{"ts": "2026-05-01T18:02:11.017546+00:00", "level": "INFO", "jobId": "d60ad18a-b08e-4101-93c6-d19956eaf82d", "keyword": "sự kiện khai trương", "step": "capture", "message": "Capturing posinset=49 (49/∞)…", "data": {"w": 1}, "seq": 39592}
{"ts": "2026-05-01T18:02:12.591790+00:00", "level": "INFO", "jobId": "d60ad18a-b08e-4101-93c6-d19956eaf82d", "keyword": "sự kiện khai trương", "step": "capture", "message": "Saved post_049.png (posinset=49)", "data": {"w": 1}, "seq": 39598}
{"ts": "2026-05-01T18:02:12.591790+00:00", "level": "INFO", "jobId": "d60ad18a-b08e-4101-93c6-d19956eaf82d", "keyword": "sự kiện khai trương", "step": "cooldown", "message": "Cooldown 1.0s (after capture)", "data": {"w": 1}, "seq": 39599}
{"ts": "2026-05-01T18:02:13.642318+00:00", "level": "INFO", "jobId": "d60ad18a-b08e-4101-93c6-d19956eaf82d", "keyword": "sự kiện khai trương", "step": "capture", "message": "Capturing posinset=50 (50/∞)…", "data": {"w": 1}, "seq": 39601}
{"ts": "2026-05-01T18:02:17.831369+00:00", "level": "INFO", "jobId": "d60ad18a-b08e-4101-93c6-d19956eaf82d", "keyword": "sự kiện khai trương", "step": "capture", "message": "Saved post_050.png (posinset=50)", "data": {"w": 1}, "seq": 39605}
{"ts": "2026-05-01T18:02:17.834482+00:00", "level": "INFO", "jobId": "d60ad18a-b08e-4101-93c6-d19956eaf82d", "keyword": "sự kiện khai trương", "step": "cooldown", "message": "Cooldown 1.0s (after capture)", "data": {"w": 1}, "seq": 39606}
{"ts": "2026-05-01T18:02:18.863968+00:00", "level": "INFO", "jobId": "d60ad18a-b08e-4101-93c6-d19956eaf82d", "keyword": "sự kiện khai trương", "step": "capture", "message": "Capturing posinset=51 (51/∞)…", "data": {"w": 1}, "seq": 39609}
{"ts": "2026-05-01T18:02:20.312461+00:00", "level": "INFO", "jobId": "d60ad18a-b08e-4101-93c6-d19956eaf82d", "keyword": "sự kiện khai trương", "step": "capture", "message": "Capturing posinset=51 (51/∞)…", "data": {"w": 1}, "seq": 39612}
{"ts": "2026-05-01T18:02:21.696892+00:00", "level": "INFO", "jobId": "d60ad18a-b08e-4101-93c6-d19956eaf82d", "keyword": "sự kiện khai trương", "step": "capture", "message": "Capturing posinset=51 (51/∞)…", "data": {"w": 1}, "seq": 39613}
{"ts": "2026-05-01T18:02:24.704919+00:00", "level": "INFO", "jobId": "d60ad18a-b08e-4101-93c6-d19956eaf82d", "keyword": "sự kiện khai trương", "step": "capture", "message": "Capturing posinset=51 (51/∞)…", "data": {"w": 1}, "seq": 39617}
{"ts": "2026-05-01T18:02:32.129583+00:00", "level": "INFO", "jobId": "d60ad18a-b08e-4101-93c6-d19956eaf82d", "keyword": "sự kiện khai trương", "step": "capture", "message": "Saved post_051.png (posinset=51)", "data": {"w": 1}, "seq": 39621}
{"ts": "2026-05-01T18:02:32.131598+00:00", "level": "INFO", "jobId": "d60ad18a-b08e-4101-93c6-d19956eaf82d", "keyword": "sự kiện khai trương", "step": "cooldown", "message": "Cooldown 1.0s (after capture)", "data": {"w": 1}, "seq": 39622}
{"ts": "2026-05-01T18:02:33.198119+00:00", "level": "INFO", "jobId": "d60ad18a-b08e-4101-93c6-d19956eaf82d", "keyword": "sự kiện khai trương", "step": "heartbeat", "message": "Worker alive", "data": {"w": 1, "elapsed_s": 210}, "seq": 39623}
{"ts": "2026-05-01T18:02:33.200289+00:00", "level": "INFO", "jobId": "d60ad18a-b08e-4101-93c6-d19956eaf82d", "keyword": "sự kiện khai trương", "step": "capture", "message": "Capturing posinset=52 (52/∞)…", "data": {"w": 1}, "seq": 39624}
{"ts": "2026-05-01T18:02:35.339069+00:00", "level": "INFO", "jobId": "d60ad18a-b08e-4101-93c6-d19956eaf82d", "keyword": "sự kiện khai trương", "step": "capture", "message": "Saved post_052.png (posinset=52)", "data": {"w": 1}, "seq": 39625}
{"ts": "2026-05-01T18:02:35.349415+00:00", "level": "INFO", "jobId": "d60ad18a-b08e-4101-93c6-d19956eaf82d", "keyword": "sự kiện khai trương", "step": "cooldown", "message": "Cooldown 1.0s (after capture)", "data": {"w": 1}, "seq": 39626}
{"ts": "2026-05-01T18:02:36.429511+00:00", "level": "INFO", "jobId": "d60ad18a-b08e-4101-93c6-d19956eaf82d", "keyword": "sự kiện khai trương", "step": "capture", "message": "Capturing posinset=53 (53/∞)…", "data": {"w": 1}, "seq": 39627}
{"ts": "2026-05-01T18:02:38.754357+00:00", "level": "INFO", "jobId": "d60ad18a-b08e-4101-93c6-d19956eaf82d", "keyword": "sự kiện khai trương", "step": "capture", "message": "Saved post_053.png (posinset=53)", "data": {"w": 1}, "seq": 39632}
{"ts": "2026-05-01T18:02:38.755630+00:00", "level": "INFO", "jobId": "d60ad18a-b08e-4101-93c6-d19956eaf82d", "keyword": "sự kiện khai trương", "step": "cooldown", "message": "Cooldown 1.0s (after capture)", "data": {"w": 1}, "seq": 39633}
{"ts": "2026-05-01T18:02:39.786209+00:00", "level": "INFO", "jobId": "d60ad18a-b08e-4101-93c6-d19956eaf82d", "keyword": "sự kiện khai trương", "step": "capture", "message": "Capturing posinset=54 (54/∞)…", "data": {"w": 1}, "seq": 39636}
{"ts": "2026-05-01T18:02:42.835529+00:00", "level": "INFO", "jobId": "d60ad18a-b08e-4101-93c6-d19956eaf82d", "keyword": "sự kiện khai trương", "step": "capture", "message": "Saved post_054.png (posinset=54)", "data": {"w": 1}, "seq": 39639}
{"ts": "2026-05-01T18:02:42.836664+00:00", "level": "INFO", "jobId": "d60ad18a-b08e-4101-93c6-d19956eaf82d", "keyword": "sự kiện khai trương", "step": "cooldown", "message": "Cooldown 1.0s (after capture)", "data": {"w": 1}, "seq": 39640}
{"ts": "2026-05-01T18:02:43.870963+00:00", "level": "INFO", "jobId": "d60ad18a-b08e-4101-93c6-d19956eaf82d", "keyword": "sự kiện khai trương", "step": "capture", "message": "Capturing posinset=55 (55/∞)…", "data": {"w": 1}, "seq": 39643}
{"ts": "2026-05-01T18:02:45.583279+00:00", "level": "INFO", "jobId": "d60ad18a-b08e-4101-93c6-d19956eaf82d", "keyword": "sự kiện khai trương", "step": "capture", "message": "Saved post_055.png (posinset=55)", "data": {"w": 1}, "seq": 39645}
{"ts": "2026-05-01T18:02:45.584279+00:00", "level": "INFO", "jobId": "d60ad18a-b08e-4101-93c6-d19956eaf82d", "keyword": "sự kiện khai trương", "step": "cooldown", "message": "Cooldown 1.0s (after capture)", "data": {"w": 1}, "seq": 39646}
{"ts": "2026-05-01T18:02:47.477394+00:00", "level": "INFO", "jobId": "d60ad18a-b08e-4101-93c6-d19956eaf82d", "keyword": "sự kiện khai trương", "step": "capture", "message": "Capturing posinset=56 (56/∞)…", "data": {"w": 1}, "seq": 39647}
{"ts": "2026-05-01T18:02:50.871675+00:00", "level": "INFO", "jobId": "d60ad18a-b08e-4101-93c6-d19956eaf82d", "keyword": "sự kiện khai trương", "step": "capture", "message": "Saved post_056.png (posinset=56)", "data": {"w": 1}, "seq": 39651}
{"ts": "2026-05-01T18:02:50.873170+00:00", "level": "INFO", "jobId": "d60ad18a-b08e-4101-93c6-d19956eaf82d", "keyword": "sự kiện khai trương", "step": "cooldown", "message": "Cooldown 1.0s (after capture)", "data": {"w": 1}, "seq": 39652}
{"ts": "2026-05-01T18:02:51.930180+00:00", "level": "INFO", "jobId": "d60ad18a-b08e-4101-93c6-d19956eaf82d", "keyword": "sự kiện khai trương", "step": "heartbeat", "message": "Worker alive", "data": {"w": 1, "elapsed_s": 228}, "seq": 39653}
{"ts": "2026-05-01T18:02:51.930180+00:00", "level": "INFO", "jobId": "d60ad18a-b08e-4101-93c6-d19956eaf82d", "keyword": "sự kiện khai trương", "step": "capture", "message": "Capturing posinset=57 (57/∞)…", "data": {"w": 1}, "seq": 39654}
{"ts": "2026-05-01T18:02:54.037560+00:00", "level": "INFO", "jobId": "d60ad18a-b08e-4101-93c6-d19956eaf82d", "keyword": "sự kiện khai trương", "step": "capture", "message": "Saved post_057.png (posinset=57)", "data": {"w": 1}, "seq": 39659}
{"ts": "2026-05-01T18:02:54.040753+00:00", "level": "INFO", "jobId": "d60ad18a-b08e-4101-93c6-d19956eaf82d", "keyword": "sự kiện khai trương", "step": "cooldown", "message": "Cooldown 1.0s (after capture)", "data": {"w": 1}, "seq": 39660}
{"ts": "2026-05-01T18:02:55.080650+00:00", "level": "INFO", "jobId": "d60ad18a-b08e-4101-93c6-d19956eaf82d", "keyword": "sự kiện khai trương", "step": "capture", "message": "Capturing posinset=58 (58/∞)…", "data": {"w": 1}, "seq": 39661}
{"ts": "2026-05-01T18:02:57.284007+00:00", "level": "INFO", "jobId": "d60ad18a-b08e-4101-93c6-d19956eaf82d", "keyword": "sự kiện khai trương", "step": "capture", "message": "Saved post_058.png (posinset=58)", "data": {"w": 1}, "seq": 39664}
{"ts": "2026-05-01T18:02:57.284007+00:00", "level": "INFO", "jobId": "d60ad18a-b08e-4101-93c6-d19956eaf82d", "keyword": "sự kiện khai trương", "step": "cooldown", "message": "Cooldown 1.0s (after capture)", "data": {"w": 1}, "seq": 39665}
{"ts": "2026-05-01T18:02:58.343513+00:00", "level": "INFO", "jobId": "d60ad18a-b08e-4101-93c6-d19956eaf82d", "keyword": "sự kiện khai trương", "step": "capture", "message": "Capturing posinset=59 (59/∞)…", "data": {"w": 1}, "seq": 39666}
{"ts": "2026-05-01T18:03:01.400719+00:00", "level": "INFO", "jobId": "d60ad18a-b08e-4101-93c6-d19956eaf82d", "keyword": "sự kiện khai trương", "step": "capture", "message": "Saved post_059.png (posinset=59)", "data": {"w": 1}, "seq": 39668}
{"ts": "2026-05-01T18:03:01.405941+00:00", "level": "INFO", "jobId": "d60ad18a-b08e-4101-93c6-d19956eaf82d", "keyword": "sự kiện khai trương", "step": "cooldown", "message": "Cooldown 1.0s (after capture)", "data": {"w": 1}, "seq": 39669}
{"ts": "2026-05-01T18:03:02.450999+00:00", "level": "INFO", "jobId": "d60ad18a-b08e-4101-93c6-d19956eaf82d", "keyword": "sự kiện khai trương", "step": "capture", "message": "Capturing posinset=60 (60/∞)…", "data": {"w": 1}, "seq": 39670}
{"ts": "2026-05-01T18:03:04.711321+00:00", "level": "INFO", "jobId": "d60ad18a-b08e-4101-93c6-d19956eaf82d", "keyword": "sự kiện khai trương", "step": "capture", "message": "Saved post_060.png (posinset=60)", "data": {"w": 1}, "seq": 39674}
{"ts": "2026-05-01T18:03:04.712312+00:00", "level": "INFO", "jobId": "d60ad18a-b08e-4101-93c6-d19956eaf82d", "keyword": "sự kiện khai trương", "step": "cooldown", "message": "Cooldown 1.0s (after capture)", "data": {"w": 1}, "seq": 39675}
{"ts": "2026-05-01T18:03:05.742405+00:00", "level": "INFO", "jobId": "d60ad18a-b08e-4101-93c6-d19956eaf82d", "keyword": "sự kiện khai trương", "step": "capture", "message": "Capturing posinset=61 (61/∞)…", "data": {"w": 1}, "seq": 39676}
{"ts": "2026-05-01T18:03:09.474933+00:00", "level": "INFO", "jobId": "d60ad18a-b08e-4101-93c6-d19956eaf82d", "keyword": "sự kiện khai trương", "step": "heartbeat", "message": "Worker alive", "data": {"w": 1, "elapsed_s": 246}, "seq": 39684}
{"ts": "2026-05-01T18:03:09.477055+00:00", "level": "INFO", "jobId": "d60ad18a-b08e-4101-93c6-d19956eaf82d", "keyword": "sự kiện khai trương", "step": "capture", "message": "Capturing posinset=61 (61/∞)…", "data": {"w": 1}, "seq": 39685}
{"ts": "2026-05-01T18:03:12.755800+00:00", "level": "INFO", "jobId": "d60ad18a-b08e-4101-93c6-d19956eaf82d", "keyword": "sự kiện khai trương", "step": "capture", "message": "Saved post_061.png (posinset=61)", "data": {"w": 1}, "seq": 39686}
{"ts": "2026-05-01T18:03:12.757813+00:00", "level": "INFO", "jobId": "d60ad18a-b08e-4101-93c6-d19956eaf82d", "keyword": "sự kiện khai trương", "step": "cooldown", "message": "Cooldown 1.0s (after capture)", "data": {"w": 1}, "seq": 39687}
{"ts": "2026-05-01T18:03:13.790571+00:00", "level": "INFO", "jobId": "d60ad18a-b08e-4101-93c6-d19956eaf82d", "keyword": "sự kiện khai trương", "step": "capture", "message": "Capturing posinset=62 (62/∞)…", "data": {"w": 1}, "seq": 39690}
{"ts": "2026-05-01T18:03:18.746647+00:00", "level": "INFO", "jobId": "d60ad18a-b08e-4101-93c6-d19956eaf82d", "keyword": "sự kiện khai trương", "step": "capture", "message": "Saved post_062.png (posinset=62)", "data": {"w": 1}, "seq": 39695}
{"ts": "2026-05-01T18:03:18.747668+00:00", "level": "INFO", "jobId": "d60ad18a-b08e-4101-93c6-d19956eaf82d", "keyword": "sự kiện khai trương", "step": "cooldown", "message": "Cooldown 1.0s (after capture)", "data": {"w": 1}, "seq": 39696}
{"ts": "2026-05-01T18:03:19.771368+00:00", "level": "INFO", "jobId": "d60ad18a-b08e-4101-93c6-d19956eaf82d", "keyword": "sự kiện khai trương", "step": "capture", "message": "Capturing posinset=63 (63/∞)…", "data": {"w": 1}, "seq": 39698}
{"ts": "2026-05-01T18:03:23.833883+00:00", "level": "INFO", "jobId": "d60ad18a-b08e-4101-93c6-d19956eaf82d", "keyword": "sự kiện khai trương", "step": "capture", "message": "Saved post_063.png (posinset=63)", "data": {"w": 1}, "seq": 39699}
{"ts": "2026-05-01T18:03:23.850923+00:00", "level": "INFO", "jobId": "d60ad18a-b08e-4101-93c6-d19956eaf82d", "keyword": "sự kiện khai trương", "step": "cooldown", "message": "Cooldown 1.0s (after capture)", "data": {"w": 1}, "seq": 39700}
{"ts": "2026-05-01T18:03:24.914335+00:00", "level": "INFO", "jobId": "d60ad18a-b08e-4101-93c6-d19956eaf82d", "keyword": "sự kiện khai trương", "step": "heartbeat", "message": "Worker alive", "data": {"w": 1, "elapsed_s": 261}, "seq": 39701}
{"ts": "2026-05-01T18:03:24.916345+00:00", "level": "INFO", "jobId": "d60ad18a-b08e-4101-93c6-d19956eaf82d", "keyword": "sự kiện khai trương", "step": "capture", "message": "Capturing posinset=64 (64/∞)…", "data": {"w": 1}, "seq": 39702}
{"ts": "2026-05-01T18:03:27.482281+00:00", "level": "INFO", "jobId": "d60ad18a-b08e-4101-93c6-d19956eaf82d", "keyword": "sự kiện khai trương", "step": "capture", "message": "Saved post_064.png (posinset=64)", "data": {"w": 1}, "seq": 39705}
{"ts": "2026-05-01T18:03:27.483280+00:00", "level": "INFO", "jobId": "d60ad18a-b08e-4101-93c6-d19956eaf82d", "keyword": "sự kiện khai trương", "step": "cooldown", "message": "Cooldown 1.0s (after capture)", "data": {"w": 1}, "seq": 39706}
{"ts": "2026-05-01T18:03:29.599974+00:00", "level": "INFO", "jobId": "d60ad18a-b08e-4101-93c6-d19956eaf82d", "keyword": "sự kiện khai trương", "step": "capture", "message": "Capturing posinset=65 (65/∞)…", "data": {"w": 1}, "seq": 39709}
{"ts": "2026-05-01T18:03:31.163923+00:00", "level": "WARN", "jobId": "d60ad18a-b08e-4101-93c6-d19956eaf82d", "keyword": "sự kiện khai trương", "step": "capture", "message": "Expand \"Xem thêm\" failed; will still screenshot. posinset=65 see_more_candidates=1 err=See-more still present in post after expansion attempts (left=1).", "data": {"w": 1}, "seq": 39712}
{"ts": "2026-05-01T18:03:31.620976+00:00", "level": "WARN", "jobId": "d60ad18a-b08e-4101-93c6-d19956eaf82d", "keyword": "sự kiện khai trương", "step": "capture", "message": "Expand \"Xem thêm\" still failing; will screenshot anyway. posinset=65 err=See-more still present in post after expansion attempts (left=1).", "data": {"w": 1}, "seq": 39715}
{"ts": "2026-05-01T18:03:31.957215+00:00", "level": "INFO", "jobId": "d60ad18a-b08e-4101-93c6-d19956eaf82d", "keyword": "sự kiện khai trương", "step": "capture", "message": "Saved post_065.png (posinset=65)", "data": {"w": 1}, "seq": 39716}
{"ts": "2026-05-01T18:03:31.960209+00:00", "level": "INFO", "jobId": "d60ad18a-b08e-4101-93c6-d19956eaf82d", "keyword": "sự kiện khai trương", "step": "cooldown", "message": "Cooldown 1.0s (after capture)", "data": {"w": 1}, "seq": 39717}
{"ts": "2026-05-01T18:03:33.021647+00:00", "level": "INFO", "jobId": "d60ad18a-b08e-4101-93c6-d19956eaf82d", "keyword": "sự kiện khai trương", "step": "capture", "message": "Capturing posinset=66 (66/∞)…", "data": {"w": 1}, "seq": 39718}
{"ts": "2026-05-01T18:03:35.049401+00:00", "level": "INFO", "jobId": "d60ad18a-b08e-4101-93c6-d19956eaf82d", "keyword": "sự kiện khai trương", "step": "capture", "message": "Saved post_066.png (posinset=66)", "data": {"w": 1}, "seq": 39719}
{"ts": "2026-05-01T18:03:35.052864+00:00", "level": "INFO", "jobId": "d60ad18a-b08e-4101-93c6-d19956eaf82d", "keyword": "sự kiện khai trương", "step": "cooldown", "message": "Cooldown 1.0s (after capture)", "data": {"w": 1}, "seq": 39720}
{"ts": "2026-05-01T18:03:36.101735+00:00", "level": "INFO", "jobId": "d60ad18a-b08e-4101-93c6-d19956eaf82d", "keyword": "sự kiện khai trương", "step": "capture", "message": "Capturing posinset=67 (67/∞)…", "data": {"w": 1}, "seq": 39723}
{"ts": "2026-05-01T18:03:38.064662+00:00", "level": "INFO", "jobId": "d60ad18a-b08e-4101-93c6-d19956eaf82d", "keyword": "sự kiện khai trương", "step": "capture", "message": "Saved post_067.png (posinset=67)", "data": {"w": 1}, "seq": 39728}
{"ts": "2026-05-01T18:03:38.076292+00:00", "level": "INFO", "jobId": "d60ad18a-b08e-4101-93c6-d19956eaf82d", "keyword": "sự kiện khai trương", "step": "cooldown", "message": "Cooldown 1.0s (after capture)", "data": {"w": 1}, "seq": 39729}
{"ts": "2026-05-01T18:03:39.110075+00:00", "level": "INFO", "jobId": "d60ad18a-b08e-4101-93c6-d19956eaf82d", "keyword": "sự kiện khai trương", "step": "capture", "message": "Capturing posinset=68 (68/∞)…", "data": {"w": 1}, "seq": 39730}
{"ts": "2026-05-01T18:03:40.828623+00:00", "level": "INFO", "jobId": "d60ad18a-b08e-4101-93c6-d19956eaf82d", "keyword": "sự kiện khai trương", "step": "capture", "message": "Saved post_068.png (posinset=68)", "data": {"w": 1}, "seq": 39731}
{"ts": "2026-05-01T18:03:40.828623+00:00", "level": "INFO", "jobId": "d60ad18a-b08e-4101-93c6-d19956eaf82d", "keyword": "sự kiện khai trương", "step": "cooldown", "message": "Cooldown 1.0s (after capture)", "data": {"w": 1}, "seq": 39732}
{"ts": "2026-05-01T18:03:41.863729+00:00", "level": "INFO", "jobId": "d60ad18a-b08e-4101-93c6-d19956eaf82d", "keyword": "sự kiện khai trương", "step": "heartbeat", "message": "Worker alive", "data": {"w": 1, "elapsed_s": 278}, "seq": 39733}
{"ts": "2026-05-01T18:03:41.874954+00:00", "level": "INFO", "jobId": "d60ad18a-b08e-4101-93c6-d19956eaf82d", "keyword": "sự kiện khai trương", "step": "capture", "message": "Capturing posinset=69 (69/∞)…", "data": {"w": 1}, "seq": 39734}
{"ts": "2026-05-01T18:03:43.637377+00:00", "level": "INFO", "jobId": "d60ad18a-b08e-4101-93c6-d19956eaf82d", "keyword": "sự kiện khai trương", "step": "capture", "message": "Saved post_069.png (posinset=69)", "data": {"w": 1}, "seq": 39740}
{"ts": "2026-05-01T18:03:43.638375+00:00", "level": "INFO", "jobId": "d60ad18a-b08e-4101-93c6-d19956eaf82d", "keyword": "sự kiện khai trương", "step": "cooldown", "message": "Cooldown 1.0s (after capture)", "data": {"w": 1}, "seq": 39741}
{"ts": "2026-05-01T18:03:44.705570+00:00", "level": "INFO", "jobId": "d60ad18a-b08e-4101-93c6-d19956eaf82d", "keyword": "sự kiện khai trương", "step": "capture", "message": "Capturing posinset=70 (70/∞)…", "data": {"w": 1}, "seq": 39743}
{"ts": "2026-05-01T18:03:46.732651+00:00", "level": "INFO", "jobId": "d60ad18a-b08e-4101-93c6-d19956eaf82d", "keyword": "sự kiện khai trương", "step": "capture", "message": "Saved post_070.png (posinset=70)", "data": {"w": 1}, "seq": 39744}
{"ts": "2026-05-01T18:03:46.744556+00:00", "level": "INFO", "jobId": "d60ad18a-b08e-4101-93c6-d19956eaf82d", "keyword": "sự kiện khai trương", "step": "cooldown", "message": "Cooldown 1.0s (after capture)", "data": {"w": 1}, "seq": 39745}
{"ts": "2026-05-01T18:03:48.496883+00:00", "level": "INFO", "jobId": "d60ad18a-b08e-4101-93c6-d19956eaf82d", "keyword": "sự kiện khai trương", "step": "capture", "message": "Capturing posinset=71 (71/∞)…", "data": {"w": 1}, "seq": 39748}
{"ts": "2026-05-01T18:03:54.836674+00:00", "level": "INFO", "jobId": "d60ad18a-b08e-4101-93c6-d19956eaf82d", "keyword": "sự kiện khai trương", "step": "capture", "message": "Saved post_071.png (posinset=71)", "data": {"w": 1}, "seq": 39755}
{"ts": "2026-05-01T18:03:54.849147+00:00", "level": "INFO", "jobId": "d60ad18a-b08e-4101-93c6-d19956eaf82d", "keyword": "sự kiện khai trương", "step": "cooldown", "message": "Cooldown 1.0s (after capture)", "data": {"w": 1}, "seq": 39756}
{"ts": "2026-05-01T18:03:55.896005+00:00", "level": "INFO", "jobId": "d60ad18a-b08e-4101-93c6-d19956eaf82d", "keyword": "sự kiện khai trương", "step": "capture", "message": "Capturing posinset=72 (72/∞)…", "data": {"w": 1}, "seq": 39757}
{"ts": "2026-05-01T18:03:57.778102+00:00", "level": "INFO", "jobId": "d60ad18a-b08e-4101-93c6-d19956eaf82d", "keyword": "sự kiện khai trương", "step": "capture", "message": "Saved post_072.png (posinset=72)", "data": {"w": 1}, "seq": 39758}
{"ts": "2026-05-01T18:03:57.783952+00:00", "level": "INFO", "jobId": "d60ad18a-b08e-4101-93c6-d19956eaf82d", "keyword": "sự kiện khai trương", "step": "cooldown", "message": "Cooldown 1.0s (after capture)", "data": {"w": 1}, "seq": 39759}
{"ts": "2026-05-01T18:03:58.839179+00:00", "level": "INFO", "jobId": "d60ad18a-b08e-4101-93c6-d19956eaf82d", "keyword": "sự kiện khai trương", "step": "heartbeat", "message": "Worker alive", "data": {"w": 1, "elapsed_s": 295}, "seq": 39760}
{"ts": "2026-05-01T18:03:58.842842+00:00", "level": "INFO", "jobId": "d60ad18a-b08e-4101-93c6-d19956eaf82d", "keyword": "sự kiện khai trương", "step": "capture", "message": "Capturing posinset=73 (73/∞)…", "data": {"w": 1}, "seq": 39761}
{"ts": "2026-05-01T18:04:05.434336+00:00", "level": "INFO", "jobId": "d60ad18a-b08e-4101-93c6-d19956eaf82d", "keyword": "sự kiện khai trương", "step": "capture", "message": "Saved post_073.png (posinset=73)", "data": {"w": 1}, "seq": 39765}
{"ts": "2026-05-01T18:04:05.434336+00:00", "level": "INFO", "jobId": "d60ad18a-b08e-4101-93c6-d19956eaf82d", "keyword": "sự kiện khai trương", "step": "cooldown", "message": "Cooldown 1.0s (after capture)", "data": {"w": 1}, "seq": 39766}
{"ts": "2026-05-01T18:04:06.488792+00:00", "level": "INFO", "jobId": "d60ad18a-b08e-4101-93c6-d19956eaf82d", "keyword": "sự kiện khai trương", "step": "capture", "message": "Capturing posinset=74 (74/∞)…", "data": {"w": 1}, "seq": 39767}
{"ts": "2026-05-01T18:04:11.448334+00:00", "level": "INFO", "jobId": "d60ad18a-b08e-4101-93c6-d19956eaf82d", "keyword": "sự kiện khai trương", "step": "capture", "message": "Saved post_074.png (posinset=74)", "data": {"w": 1}, "seq": 39770}
{"ts": "2026-05-01T18:04:11.460619+00:00", "level": "INFO", "jobId": "d60ad18a-b08e-4101-93c6-d19956eaf82d", "keyword": "sự kiện khai trương", "step": "cooldown", "message": "Cooldown 1.0s (after capture)", "data": {"w": 1}, "seq": 39771}
{"ts": "2026-05-01T18:04:12.494987+00:00", "level": "INFO", "jobId": "d60ad18a-b08e-4101-93c6-d19956eaf82d", "keyword": "sự kiện khai trương", "step": "capture", "message": "Capturing posinset=75 (75/∞)…", "data": {"w": 1}, "seq": 39774}
{"ts": "2026-05-01T18:04:19.388605+00:00", "level": "INFO", "jobId": "d60ad18a-b08e-4101-93c6-d19956eaf82d", "keyword": "sự kiện khai trương", "step": "capture", "message": "Saved post_075.png (posinset=75)", "data": {"w": 1}, "seq": 39775}
{"ts": "2026-05-01T18:04:19.389864+00:00", "level": "INFO", "jobId": "d60ad18a-b08e-4101-93c6-d19956eaf82d", "keyword": "sự kiện khai trương", "step": "cooldown", "message": "Cooldown 1.0s (after capture)", "data": {"w": 1}, "seq": 39776}
{"ts": "2026-05-01T18:04:20.456043+00:00", "level": "INFO", "jobId": "d60ad18a-b08e-4101-93c6-d19956eaf82d", "keyword": "sự kiện khai trương", "step": "heartbeat", "message": "Worker alive", "data": {"w": 1, "elapsed_s": 317}, "seq": 39777}
{"ts": "2026-05-01T18:04:20.458044+00:00", "level": "INFO", "jobId": "d60ad18a-b08e-4101-93c6-d19956eaf82d", "keyword": "sự kiện khai trương", "step": "capture", "message": "Capturing posinset=76 (76/∞)…", "data": {"w": 1}, "seq": 39778}
{"ts": "2026-05-01T18:04:22.224488+00:00", "level": "INFO", "jobId": "d60ad18a-b08e-4101-93c6-d19956eaf82d", "keyword": "sự kiện khai trương", "step": "capture", "message": "Capturing posinset=76 (76/∞)…", "data": {"w": 1}, "seq": 39783}
{"ts": "2026-05-01T18:04:23.859931+00:00", "level": "INFO", "jobId": "d60ad18a-b08e-4101-93c6-d19956eaf82d", "keyword": "sự kiện khai trương", "step": "capture", "message": "Capturing posinset=76 (76/∞)…", "data": {"w": 1}, "seq": 39787}
{"ts": "2026-05-01T18:04:30.657879+00:00", "level": "INFO", "jobId": "d60ad18a-b08e-4101-93c6-d19956eaf82d", "keyword": "sự kiện khai trương", "step": "capture", "message": "Capturing posinset=76 (76/∞)…", "data": {"w": 1}, "seq": 39791}
{"ts": "2026-05-01T18:04:34.189783+00:00", "level": "INFO", "jobId": "d60ad18a-b08e-4101-93c6-d19956eaf82d", "keyword": "sự kiện khai trương", "step": "capture", "message": "Saved post_076.png (posinset=76)", "data": {"w": 1}, "seq": 39796}
{"ts": "2026-05-01T18:04:34.189783+00:00", "level": "INFO", "jobId": "d60ad18a-b08e-4101-93c6-d19956eaf82d", "keyword": "sự kiện khai trương", "step": "cooldown", "message": "Cooldown 1.0s (after capture)", "data": {"w": 1}, "seq": 39797}
{"ts": "2026-05-01T18:04:35.257199+00:00", "level": "INFO", "jobId": "d60ad18a-b08e-4101-93c6-d19956eaf82d", "keyword": "sự kiện khai trương", "step": "capture", "message": "Capturing posinset=77 (77/∞)…", "data": {"w": 1}, "seq": 39798}
{"ts": "2026-05-01T18:04:38.245148+00:00", "level": "INFO", "jobId": "d60ad18a-b08e-4101-93c6-d19956eaf82d", "keyword": "sự kiện khai trương", "step": "capture", "message": "Saved post_077.png (posinset=77)", "data": {"w": 1}, "seq": 39801}
{"ts": "2026-05-01T18:04:38.247150+00:00", "level": "INFO", "jobId": "d60ad18a-b08e-4101-93c6-d19956eaf82d", "keyword": "sự kiện khai trương", "step": "cooldown", "message": "Cooldown 1.0s (after capture)", "data": {"w": 1}, "seq": 39802}
{"ts": "2026-05-01T18:04:39.288363+00:00", "level": "INFO", "jobId": "d60ad18a-b08e-4101-93c6-d19956eaf82d", "keyword": "sự kiện khai trương", "step": "heartbeat", "message": "Worker alive", "data": {"w": 1, "elapsed_s": 336}, "seq": 39804}
{"ts": "2026-05-01T18:04:39.289446+00:00", "level": "INFO", "jobId": "d60ad18a-b08e-4101-93c6-d19956eaf82d", "keyword": "sự kiện khai trương", "step": "capture", "message": "Capturing posinset=78 (78/∞)…", "data": {"w": 1}, "seq": 39805}
{"ts": "2026-05-01T18:04:41.613554+00:00", "level": "INFO", "jobId": "d60ad18a-b08e-4101-93c6-d19956eaf82d", "keyword": "sự kiện khai trương", "step": "capture", "message": "Saved post_078.png (posinset=78)", "data": {"w": 1}, "seq": 39806}
{"ts": "2026-05-01T18:04:41.615567+00:00", "level": "INFO", "jobId": "d60ad18a-b08e-4101-93c6-d19956eaf82d", "keyword": "sự kiện khai trương", "step": "cooldown", "message": "Cooldown 1.0s (after capture)", "data": {"w": 1}, "seq": 39807}
{"ts": "2026-05-01T18:04:42.651283+00:00", "level": "INFO", "jobId": "d60ad18a-b08e-4101-93c6-d19956eaf82d", "keyword": "sự kiện khai trương", "step": "capture", "message": "Capturing posinset=79 (79/∞)…", "data": {"w": 1}, "seq": 39810}
{"ts": "2026-05-01T18:04:44.752202+00:00", "level": "INFO", "jobId": "d60ad18a-b08e-4101-93c6-d19956eaf82d", "keyword": "sự kiện khai trương", "step": "capture", "message": "Saved post_079.png (posinset=79)", "data": {"w": 1}, "seq": 39812}
{"ts": "2026-05-01T18:04:44.754881+00:00", "level": "INFO", "jobId": "d60ad18a-b08e-4101-93c6-d19956eaf82d", "keyword": "sự kiện khai trương", "step": "cooldown", "message": "Cooldown 1.0s (after capture)", "data": {"w": 1}, "seq": 39813}
{"ts": "2026-05-01T18:04:45.791620+00:00", "level": "INFO", "jobId": "d60ad18a-b08e-4101-93c6-d19956eaf82d", "keyword": "sự kiện khai trương", "step": "capture", "message": "Capturing posinset=80 (80/∞)…", "data": {"w": 1}, "seq": 39814}
{"ts": "2026-05-01T18:04:53.307341+00:00", "level": "INFO", "jobId": "d60ad18a-b08e-4101-93c6-d19956eaf82d", "keyword": "sự kiện khai trương", "step": "capture", "message": "Saved post_080.png (posinset=80)", "data": {"w": 1}, "seq": 39819}
{"ts": "2026-05-01T18:04:53.310348+00:00", "level": "INFO", "jobId": "d60ad18a-b08e-4101-93c6-d19956eaf82d", "keyword": "sự kiện khai trương", "step": "cooldown", "message": "Cooldown 1.0s (after capture)", "data": {"w": 1}, "seq": 39820}
{"ts": "2026-05-01T18:04:54.362696+00:00", "level": "INFO", "jobId": "d60ad18a-b08e-4101-93c6-d19956eaf82d", "keyword": "sự kiện khai trương", "step": "heartbeat", "message": "Worker alive", "data": {"w": 1, "elapsed_s": 351}, "seq": 39825}
{"ts": "2026-05-01T18:04:54.364698+00:00", "level": "INFO", "jobId": "d60ad18a-b08e-4101-93c6-d19956eaf82d", "keyword": "sự kiện khai trương", "step": "capture", "message": "Capturing posinset=81 (81/∞)…", "data": {"w": 1}, "seq": 39826}
{"ts": "2026-05-01T18:04:56.670609+00:00", "level": "INFO", "jobId": "d60ad18a-b08e-4101-93c6-d19956eaf82d", "keyword": "sự kiện khai trương", "step": "capture", "message": "Saved post_081.png (posinset=81)", "data": {"w": 1}, "seq": 39830}
{"ts": "2026-05-01T18:04:56.671675+00:00", "level": "INFO", "jobId": "d60ad18a-b08e-4101-93c6-d19956eaf82d", "keyword": "sự kiện khai trương", "step": "cooldown", "message": "Cooldown 1.0s (after capture)", "data": {"w": 1}, "seq": 39831}
{"ts": "2026-05-01T18:04:57.721048+00:00", "level": "INFO", "jobId": "d60ad18a-b08e-4101-93c6-d19956eaf82d", "keyword": "sự kiện khai trương", "step": "capture", "message": "Capturing posinset=82 (82/∞)…", "data": {"w": 1}, "seq": 39832}
{"ts": "2026-05-01T18:05:01.833310+00:00", "level": "INFO", "jobId": "d60ad18a-b08e-4101-93c6-d19956eaf82d", "keyword": "sự kiện khai trương", "step": "capture", "message": "Saved post_082.png (posinset=82)", "data": {"w": 1}, "seq": 39836}
{"ts": "2026-05-01T18:05:01.833310+00:00", "level": "INFO", "jobId": "d60ad18a-b08e-4101-93c6-d19956eaf82d", "keyword": "sự kiện khai trương", "step": "cooldown", "message": "Cooldown 1.0s (after capture)", "data": {"w": 1}, "seq": 39837}
{"ts": "2026-05-01T18:05:02.894123+00:00", "level": "INFO", "jobId": "d60ad18a-b08e-4101-93c6-d19956eaf82d", "keyword": "sự kiện khai trương", "step": "capture", "message": "Capturing posinset=83 (83/∞)…", "data": {"w": 1}, "seq": 39838}
{"ts": "2026-05-01T18:05:05.154178+00:00", "level": "INFO", "jobId": "d60ad18a-b08e-4101-93c6-d19956eaf82d", "keyword": "sự kiện khai trương", "step": "capture", "message": "Saved post_083.png (posinset=83)", "data": {"w": 1}, "seq": 39841}
{"ts": "2026-05-01T18:05:05.159169+00:00", "level": "INFO", "jobId": "d60ad18a-b08e-4101-93c6-d19956eaf82d", "keyword": "sự kiện khai trương", "step": "cooldown", "message": "Cooldown 1.0s (after capture)", "data": {"w": 1}, "seq": 39842}
{"ts": "2026-05-01T18:05:06.218446+00:00", "level": "INFO", "jobId": "d60ad18a-b08e-4101-93c6-d19956eaf82d", "keyword": "sự kiện khai trương", "step": "capture", "message": "Capturing posinset=84 (84/∞)…", "data": {"w": 1}, "seq": 39845}
{"ts": "2026-05-01T18:05:14.447143+00:00", "level": "INFO", "jobId": "d60ad18a-b08e-4101-93c6-d19956eaf82d", "keyword": "sự kiện khai trương", "step": "capture", "message": "Saved post_084.png (posinset=84)", "data": {"w": 1}, "seq": 39853}
{"ts": "2026-05-01T18:05:14.449139+00:00", "level": "INFO", "jobId": "d60ad18a-b08e-4101-93c6-d19956eaf82d", "keyword": "sự kiện khai trương", "step": "cooldown", "message": "Cooldown 1.0s (after capture)", "data": {"w": 1}, "seq": 39854}
{"ts": "2026-05-01T18:05:15.800855+00:00", "level": "INFO", "jobId": "d60ad18a-b08e-4101-93c6-d19956eaf82d", "keyword": "sự kiện khai trương", "step": "heartbeat", "message": "Worker alive", "data": {"w": 1, "elapsed_s": 372}, "seq": 39855}
{"ts": "2026-05-01T18:05:15.803985+00:00", "level": "INFO", "jobId": "d60ad18a-b08e-4101-93c6-d19956eaf82d", "keyword": "sự kiện khai trương", "step": "capture", "message": "Capturing posinset=85 (85/∞)…", "data": {"w": 1}, "seq": 39856}
{"ts": "2026-05-01T18:05:18.739756+00:00", "level": "INFO", "jobId": "d60ad18a-b08e-4101-93c6-d19956eaf82d", "keyword": "sự kiện khai trương", "step": "capture", "message": "Saved post_085.png (posinset=85)", "data": {"w": 1}, "seq": 39860}
{"ts": "2026-05-01T18:05:18.741940+00:00", "level": "INFO", "jobId": "d60ad18a-b08e-4101-93c6-d19956eaf82d", "keyword": "sự kiện khai trương", "step": "cooldown", "message": "Cooldown 1.0s (after capture)", "data": {"w": 1}, "seq": 39861}
{"ts": "2026-05-01T18:05:19.787440+00:00", "level": "INFO", "jobId": "d60ad18a-b08e-4101-93c6-d19956eaf82d", "keyword": "sự kiện khai trương", "step": "capture", "message": "Capturing posinset=86 (86/∞)…", "data": {"w": 1}, "seq": 39862}
{"ts": "2026-05-01T18:05:23.461884+00:00", "level": "INFO", "jobId": "d60ad18a-b08e-4101-93c6-d19956eaf82d", "keyword": "sự kiện khai trương", "step": "capture", "message": "Capturing posinset=86 (86/∞)…", "data": {"w": 1}, "seq": 39870}
{"ts": "2026-05-01T18:05:25.690876+00:00", "level": "INFO", "jobId": "d60ad18a-b08e-4101-93c6-d19956eaf82d", "keyword": "sự kiện khai trương", "step": "capture", "message": "Saved post_086.png (posinset=86)", "data": {"w": 1}, "seq": 39871}
{"ts": "2026-05-01T18:05:25.690876+00:00", "level": "INFO", "jobId": "d60ad18a-b08e-4101-93c6-d19956eaf82d", "keyword": "sự kiện khai trương", "step": "cooldown", "message": "Cooldown 1.0s (after capture)", "data": {"w": 1}, "seq": 39872}
{"ts": "2026-05-01T18:05:26.741370+00:00", "level": "INFO", "jobId": "d60ad18a-b08e-4101-93c6-d19956eaf82d", "keyword": "sự kiện khai trương", "step": "capture", "message": "Capturing posinset=87 (87/∞)…", "data": {"w": 1}, "seq": 39873}
{"ts": "2026-05-01T18:05:28.684426+00:00", "level": "INFO", "jobId": "d60ad18a-b08e-4101-93c6-d19956eaf82d", "keyword": "sự kiện khai trương", "step": "capture", "message": "Saved post_087.png (posinset=87)", "data": {"w": 1}, "seq": 39879}
{"ts": "2026-05-01T18:05:28.687238+00:00", "level": "INFO", "jobId": "d60ad18a-b08e-4101-93c6-d19956eaf82d", "keyword": "sự kiện khai trương", "step": "cooldown", "message": "Cooldown 1.0s (after capture)", "data": {"w": 1}, "seq": 39880}
{"ts": "2026-05-01T18:05:29.726459+00:00", "level": "INFO", "jobId": "d60ad18a-b08e-4101-93c6-d19956eaf82d", "keyword": "sự kiện khai trương", "step": "capture", "message": "Capturing posinset=88 (88/∞)…", "data": {"w": 1}, "seq": 39883}
{"ts": "2026-05-01T18:05:31.348239+00:00", "level": "INFO", "jobId": "d60ad18a-b08e-4101-93c6-d19956eaf82d", "keyword": "sự kiện khai trương", "step": "capture", "message": "Saved post_088.png (posinset=88)", "data": {"w": 1}, "seq": 39886}
{"ts": "2026-05-01T18:05:31.349477+00:00", "level": "INFO", "jobId": "d60ad18a-b08e-4101-93c6-d19956eaf82d", "keyword": "sự kiện khai trương", "step": "cooldown", "message": "Cooldown 1.0s (after capture)", "data": {"w": 1}, "seq": 39887}
{"ts": "2026-05-01T18:05:32.380019+00:00", "level": "INFO", "jobId": "d60ad18a-b08e-4101-93c6-d19956eaf82d", "keyword": "sự kiện khai trương", "step": "heartbeat", "message": "Worker alive", "data": {"w": 1, "elapsed_s": 389}, "seq": 39889}
{"ts": "2026-05-01T18:05:32.380019+00:00", "level": "INFO", "jobId": "d60ad18a-b08e-4101-93c6-d19956eaf82d", "keyword": "sự kiện khai trương", "step": "capture", "message": "Capturing posinset=89 (89/∞)…", "data": {"w": 1}, "seq": 39890}
{"ts": "2026-05-01T18:05:34.355719+00:00", "level": "INFO", "jobId": "d60ad18a-b08e-4101-93c6-d19956eaf82d", "keyword": "sự kiện khai trương", "step": "capture", "message": "Saved post_089.png (posinset=89)", "data": {"w": 1}, "seq": 39891}
{"ts": "2026-05-01T18:05:34.356725+00:00", "level": "INFO", "jobId": "d60ad18a-b08e-4101-93c6-d19956eaf82d", "keyword": "sự kiện khai trương", "step": "cooldown", "message": "Cooldown 1.0s (after capture)", "data": {"w": 1}, "seq": 39892}
{"ts": "2026-05-01T18:05:35.404273+00:00", "level": "INFO", "jobId": "d60ad18a-b08e-4101-93c6-d19956eaf82d", "keyword": "sự kiện khai trương", "step": "capture", "message": "Capturing posinset=90 (90/∞)…", "data": {"w": 1}, "seq": 39895}
{"ts": "2026-05-01T18:05:42.663545+00:00", "level": "INFO", "jobId": "d60ad18a-b08e-4101-93c6-d19956eaf82d", "keyword": "sự kiện khai trương", "step": "capture", "message": "Saved post_090.png (posinset=90)", "data": {"w": 1}, "seq": 39900}
{"ts": "2026-05-01T18:05:42.665555+00:00", "level": "INFO", "jobId": "d60ad18a-b08e-4101-93c6-d19956eaf82d", "keyword": "sự kiện khai trương", "step": "cooldown", "message": "Cooldown 1.0s (after capture)", "data": {"w": 1}, "seq": 39901}
{"ts": "2026-05-01T18:05:43.723951+00:00", "level": "INFO", "jobId": "d60ad18a-b08e-4101-93c6-d19956eaf82d", "keyword": "sự kiện khai trương", "step": "capture", "message": "Capturing posinset=91 (91/∞)…", "data": {"w": 1}, "seq": 39902}
{"ts": "2026-05-01T18:05:45.558229+00:00", "level": "INFO", "jobId": "d60ad18a-b08e-4101-93c6-d19956eaf82d", "keyword": "sự kiện khai trương", "step": "capture", "message": "Capturing posinset=91 (91/∞)…", "data": {"w": 1}, "seq": 39905}
{"ts": "2026-05-01T18:05:47.658391+00:00", "level": "INFO", "jobId": "d60ad18a-b08e-4101-93c6-d19956eaf82d", "keyword": "sự kiện khai trương", "step": "heartbeat", "message": "Worker alive", "data": {"w": 1, "elapsed_s": 404}, "seq": 39908}
{"ts": "2026-05-01T18:05:47.660400+00:00", "level": "INFO", "jobId": "d60ad18a-b08e-4101-93c6-d19956eaf82d", "keyword": "sự kiện khai trương", "step": "capture", "message": "Capturing posinset=91 (91/∞)…", "data": {"w": 1}, "seq": 39909}
{"ts": "2026-05-01T18:05:51.824883+00:00", "level": "INFO", "jobId": "d60ad18a-b08e-4101-93c6-d19956eaf82d", "keyword": "sự kiện khai trương", "step": "capture", "message": "Saved post_091.png (posinset=91)", "data": {"w": 1}, "seq": 39912}
{"ts": "2026-05-01T18:05:51.826890+00:00", "level": "INFO", "jobId": "d60ad18a-b08e-4101-93c6-d19956eaf82d", "keyword": "sự kiện khai trương", "step": "cooldown", "message": "Cooldown 1.0s (after capture)", "data": {"w": 1}, "seq": 39913}
{"ts": "2026-05-01T18:05:52.870753+00:00", "level": "INFO", "jobId": "d60ad18a-b08e-4101-93c6-d19956eaf82d", "keyword": "sự kiện khai trương", "step": "capture", "message": "Capturing posinset=92 (92/∞)…", "data": {"w": 1}, "seq": 39915}
{"ts": "2026-05-01T18:05:54.987183+00:00", "level": "INFO", "jobId": "d60ad18a-b08e-4101-93c6-d19956eaf82d", "keyword": "sự kiện khai trương", "step": "capture", "message": "Saved post_092.png (posinset=92)", "data": {"w": 1}, "seq": 39916}
{"ts": "2026-05-01T18:05:54.993225+00:00", "level": "INFO", "jobId": "d60ad18a-b08e-4101-93c6-d19956eaf82d", "keyword": "sự kiện khai trương", "step": "cooldown", "message": "Cooldown 1.0s (after capture)", "data": {"w": 1}, "seq": 39917}
{"ts": "2026-05-01T18:05:56.032668+00:00", "level": "INFO", "jobId": "d60ad18a-b08e-4101-93c6-d19956eaf82d", "keyword": "sự kiện khai trương", "step": "capture", "message": "Capturing posinset=93 (93/∞)…", "data": {"w": 1}, "seq": 39920}
{"ts": "2026-05-01T18:05:57.813770+00:00", "level": "INFO", "jobId": "d60ad18a-b08e-4101-93c6-d19956eaf82d", "keyword": "sự kiện khai trương", "step": "capture", "message": "Saved post_093.png (posinset=93)", "data": {"w": 1}, "seq": 39922}
{"ts": "2026-05-01T18:05:57.814791+00:00", "level": "INFO", "jobId": "d60ad18a-b08e-4101-93c6-d19956eaf82d", "keyword": "sự kiện khai trương", "step": "cooldown", "message": "Cooldown 1.0s (after capture)", "data": {"w": 1}, "seq": 39923}
{"ts": "2026-05-01T18:05:58.870509+00:00", "level": "INFO", "jobId": "d60ad18a-b08e-4101-93c6-d19956eaf82d", "keyword": "sự kiện khai trương", "step": "capture", "message": "Capturing posinset=94 (94/∞)…", "data": {"w": 1}, "seq": 39924}
{"ts": "2026-05-01T18:06:04.058203+00:00", "level": "INFO", "jobId": "d60ad18a-b08e-4101-93c6-d19956eaf82d", "keyword": "sự kiện khai trương", "step": "capture", "message": "Saved post_094.png (posinset=94)", "data": {"w": 1}, "seq": 39929}
{"ts": "2026-05-01T18:06:04.077225+00:00", "level": "INFO", "jobId": "d60ad18a-b08e-4101-93c6-d19956eaf82d", "keyword": "sự kiện khai trương", "step": "cooldown", "message": "Cooldown 1.0s (after capture)", "data": {"w": 1}, "seq": 39930}
{"ts": "2026-05-01T18:06:05.148028+00:00", "level": "INFO", "jobId": "d60ad18a-b08e-4101-93c6-d19956eaf82d", "keyword": "sự kiện khai trương", "step": "heartbeat", "message": "Worker alive", "data": {"w": 1, "elapsed_s": 421}, "seq": 39931}
{"ts": "2026-05-01T18:06:05.150314+00:00", "level": "INFO", "jobId": "d60ad18a-b08e-4101-93c6-d19956eaf82d", "keyword": "sự kiện khai trương", "step": "capture", "message": "Capturing posinset=95 (95/∞)…", "data": {"w": 1}, "seq": 39932}
{"ts": "2026-05-01T18:06:07.314008+00:00", "level": "INFO", "jobId": "d60ad18a-b08e-4101-93c6-d19956eaf82d", "keyword": "sự kiện khai trương", "step": "capture", "message": "Saved post_095.png (posinset=95)", "data": {"w": 1}, "seq": 39933}
{"ts": "2026-05-01T18:06:07.315619+00:00", "level": "INFO", "jobId": "d60ad18a-b08e-4101-93c6-d19956eaf82d", "keyword": "sự kiện khai trương", "step": "cooldown", "message": "Cooldown 1.0s (after capture)", "data": {"w": 1}, "seq": 39934}
{"ts": "2026-05-01T18:06:08.368069+00:00", "level": "INFO", "jobId": "d60ad18a-b08e-4101-93c6-d19956eaf82d", "keyword": "sự kiện khai trương", "step": "capture", "message": "Capturing posinset=96 (96/∞)…", "data": {"w": 1}, "seq": 39935}
{"ts": "2026-05-01T18:06:11.398490+00:00", "level": "INFO", "jobId": "d60ad18a-b08e-4101-93c6-d19956eaf82d", "keyword": "sự kiện khai trương", "step": "capture", "message": "Saved post_096.png (posinset=96)", "data": {"w": 1}, "seq": 39936}
{"ts": "2026-05-01T18:06:11.400490+00:00", "level": "INFO", "jobId": "d60ad18a-b08e-4101-93c6-d19956eaf82d", "keyword": "sự kiện khai trương", "step": "cooldown", "message": "Cooldown 1.0s (after capture)", "data": {"w": 1}, "seq": 39937}
{"ts": "2026-05-01T18:06:12.443875+00:00", "level": "INFO", "jobId": "d60ad18a-b08e-4101-93c6-d19956eaf82d", "keyword": "sự kiện khai trương", "step": "capture", "message": "Capturing posinset=97 (97/∞)…", "data": {"w": 1}, "seq": 39940}
{"ts": "2026-05-01T18:06:13.975377+00:00", "level": "INFO", "jobId": "d60ad18a-b08e-4101-93c6-d19956eaf82d", "keyword": "sự kiện khai trương", "step": "capture", "message": "Capturing posinset=97 (97/∞)…", "data": {"w": 1}, "seq": 39942}
{"ts": "2026-05-01T18:06:15.501788+00:00", "level": "INFO", "jobId": "d60ad18a-b08e-4101-93c6-d19956eaf82d", "keyword": "sự kiện khai trương", "step": "capture", "message": "Capturing posinset=97 (97/∞)…", "data": {"w": 1}, "seq": 39943}
{"ts": "2026-05-01T18:06:17.206559+00:00", "level": "INFO", "jobId": "d60ad18a-b08e-4101-93c6-d19956eaf82d", "keyword": "sự kiện khai trương", "step": "capture", "message": "Capturing posinset=97 (97/∞)…", "data": {"w": 1}, "seq": 39944}
{"ts": "2026-05-01T18:06:18.763185+00:00", "level": "INFO", "jobId": "d60ad18a-b08e-4101-93c6-d19956eaf82d", "keyword": "sự kiện khai trương", "step": "capture", "message": "Capturing posinset=97 (97/∞)…", "data": {"w": 1}, "seq": 39951}
{"ts": "2026-05-01T18:06:20.297261+00:00", "level": "INFO", "jobId": "d60ad18a-b08e-4101-93c6-d19956eaf82d", "keyword": "sự kiện khai trương", "step": "heartbeat", "message": "Worker alive", "data": {"w": 1, "elapsed_s": 437}, "seq": 39954}
{"ts": "2026-05-01T18:06:20.299475+00:00", "level": "INFO", "jobId": "d60ad18a-b08e-4101-93c6-d19956eaf82d", "keyword": "sự kiện khai trương", "step": "capture", "message": "Capturing posinset=97 (97/∞)…", "data": {"w": 1}, "seq": 39955}
{"ts": "2026-05-01T18:06:21.915753+00:00", "level": "INFO", "jobId": "d60ad18a-b08e-4101-93c6-d19956eaf82d", "keyword": "sự kiện khai trương", "step": "capture", "message": "Capturing posinset=97 (97/∞)…", "data": {"w": 1}, "seq": 39956}
{"ts": "2026-05-01T18:06:33.744690+00:00", "level": "INFO", "jobId": "d60ad18a-b08e-4101-93c6-d19956eaf82d", "keyword": "sự kiện khai trương", "step": "capture", "message": "Capturing posinset=97 (97/∞)…", "data": {"w": 1}, "seq": 39965}
{"ts": "2026-05-01T18:06:45.759107+00:00", "level": "INFO", "jobId": "d60ad18a-b08e-4101-93c6-d19956eaf82d", "keyword": "sự kiện khai trương", "step": "heartbeat", "message": "Worker alive", "data": {"w": 1, "elapsed_s": 462}, "seq": 39972}
{"ts": "2026-05-01T18:06:45.762105+00:00", "level": "INFO", "jobId": "d60ad18a-b08e-4101-93c6-d19956eaf82d", "keyword": "sự kiện khai trương", "step": "capture", "message": "Capturing posinset=97 (97/∞)…", "data": {"w": 1}, "seq": 39973}
{"ts": "2026-05-01T18:06:49.183004+00:00", "level": "INFO", "jobId": "d60ad18a-b08e-4101-93c6-d19956eaf82d", "keyword": "sự kiện khai trương", "step": "capture", "message": "Reached stable end of results (maxPos=96, stable>=35s). Stopping.", "data": {"w": 1}, "seq": 39977}
{"ts": "2026-05-01T18:06:49.244033+00:00", "level": "INFO", "jobId": "d60ad18a-b08e-4101-93c6-d19956eaf82d", "keyword": "sự kiện khai trương", "step": "capture", "message": "Capture loop finished (unlimited). Saved=96", "data": {"w": 1}, "seq": 39978}
{"ts": "2026-05-01T18:06:49.246341+00:00", "level": "INFO", "jobId": "d60ad18a-b08e-4101-93c6-d19956eaf82d", "keyword": "sự kiện khai trương", "step": "done", "message": "Completed. Saved=96", "data": {"w": 1}, "seq": 39979}
