{"ts": "2026-05-01T19:33:10.051385+00:00", "level": "INFO", "jobId": "dca5378b-8c9d-4f8c-ad0b-27f12bf26804", "keyword": "khai trương nhà hàng", "step": "start", "message": "Job started (attempt 1/1)", "data": {"w": 2}, "seq": 49190}
{"ts": "2026-05-01T19:33:18.422129+00:00", "level": "INFO", "jobId": "dca5378b-8c9d-4f8c-ad0b-27f12bf26804", "keyword": "khai trương nhà hàng", "step": "login", "message": "Already logged in (home).", "data": {"w": 2}, "seq": 49197}
{"ts": "2026-05-01T19:33:18.424128+00:00", "level": "INFO", "jobId": "dca5378b-8c9d-4f8c-ad0b-27f12bf26804", "keyword": "khai trương nhà hàng", "step": "search", "message": "Searching keyword: \"khai trương nhà hàng\"", "data": {"w": 2}, "seq": 49198}
{"ts": "2026-05-01T19:33:25.846526+00:00", "level": "INFO", "jobId": "dca5378b-8c9d-4f8c-ad0b-27f12bf26804", "keyword": "khai trương nhà hàng", "step": "capture", "message": "Start capturing all posts until end of results.", "data": {"w": 2}, "seq": 49207}
{"ts": "2026-05-01T19:33:25.849525+00:00", "level": "INFO", "jobId": "dca5378b-8c9d-4f8c-ad0b-27f12bf26804", "keyword": "khai trương nhà hàng", "step": "capture", "message": "Output folder: Lan 1 - 0233", "data": {"w": 2}, "seq": 49208}
{"ts": "2026-05-01T19:33:30.947037+00:00", "level": "INFO", "jobId": "dca5378b-8c9d-4f8c-ad0b-27f12bf26804", "keyword": "khai trương nhà hàng", "step": "capture", "message": "Guard: forcing top before first capture (y=1691, primary=0)", "data": {"w": 2}, "seq": 49213}
{"ts": "2026-05-01T19:33:31.027635+00:00", "level": "INFO", "jobId": "dca5378b-8c9d-4f8c-ad0b-27f12bf26804", "keyword": "khai trương nhà hàng", "step": "capture", "message": "Capturing posinset=1 (1/∞)…", "data": {"w": 2}, "seq": 49214}
{"ts": "2026-05-01T19:33:35.598571+00:00", "level": "INFO", "jobId": "dca5378b-8c9d-4f8c-ad0b-27f12bf26804", "keyword": "khai trương nhà hàng", "step": "capture", "message": "Saved post_001.png (posinset=1)", "data": {"w": 2}, "seq": 49218}
{"ts": "2026-05-01T19:33:35.600571+00:00", "level": "INFO", "jobId": "dca5378b-8c9d-4f8c-ad0b-27f12bf26804", "keyword": "khai trương nhà hàng", "step": "cooldown", "message": "Cooldown 1.0s (after capture)", "data": {"w": 2}, "seq": 49219}
{"ts": "2026-05-01T19:33:36.654804+00:00", "level": "INFO", "jobId": "dca5378b-8c9d-4f8c-ad0b-27f12bf26804", "keyword": "khai trương nhà hàng", "step": "capture", "message": "Capturing posinset=2 (2/∞)…", "data": {"w": 2}, "seq": 49220}
{"ts": "2026-05-01T19:33:38.029729+00:00", "level": "INFO", "jobId": "dca5378b-8c9d-4f8c-ad0b-27f12bf26804", "keyword": "khai trương nhà hàng", "step": "capture", "message": "Saved post_002.png (posinset=2)", "data": {"w": 2}, "seq": 49223}
{"ts": "2026-05-01T19:33:38.031175+00:00", "level": "INFO", "jobId": "dca5378b-8c9d-4f8c-ad0b-27f12bf26804", "keyword": "khai trương nhà hàng", "step": "cooldown", "message": "Cooldown 1.0s (after capture)", "data": {"w": 2}, "seq": 49224}
{"ts": "2026-05-01T19:33:39.086222+00:00", "level": "INFO", "jobId": "dca5378b-8c9d-4f8c-ad0b-27f12bf26804", "keyword": "khai trương nhà hàng", "step": "capture", "message": "Capturing posinset=3 (3/∞)…", "data": {"w": 2}, "seq": 49226}
{"ts": "2026-05-01T19:33:40.349948+00:00", "level": "INFO", "jobId": "dca5378b-8c9d-4f8c-ad0b-27f12bf26804", "keyword": "khai trương nhà hàng", "step": "capture", "message": "Saved post_003.png (posinset=3)", "data": {"w": 2}, "seq": 49227}
{"ts": "2026-05-01T19:33:40.352206+00:00", "level": "INFO", "jobId": "dca5378b-8c9d-4f8c-ad0b-27f12bf26804", "keyword": "khai trương nhà hàng", "step": "cooldown", "message": "Cooldown 1.0s (after capture)", "data": {"w": 2}, "seq": 49228}
{"ts": "2026-05-01T19:33:41.378271+00:00", "level": "INFO", "jobId": "dca5378b-8c9d-4f8c-ad0b-27f12bf26804", "keyword": "khai trương nhà hàng", "step": "capture", "message": "Capturing posinset=4 (4/∞)…", "data": {"w": 2}, "seq": 49231}
{"ts": "2026-05-01T19:33:42.530307+00:00", "level": "INFO", "jobId": "dca5378b-8c9d-4f8c-ad0b-27f12bf26804", "keyword": "khai trương nhà hàng", "step": "capture", "message": "Saved post_004.png (posinset=4)", "data": {"w": 2}, "seq": 49235}
{"ts": "2026-05-01T19:33:42.531308+00:00", "level": "INFO", "jobId": "dca5378b-8c9d-4f8c-ad0b-27f12bf26804", "keyword": "khai trương nhà hàng", "step": "cooldown", "message": "Cooldown 1.0s (after capture)", "data": {"w": 2}, "seq": 49236}
{"ts": "2026-05-01T19:33:43.555286+00:00", "level": "INFO", "jobId": "dca5378b-8c9d-4f8c-ad0b-27f12bf26804", "keyword": "khai trương nhà hàng", "step": "capture", "message": "Capturing posinset=5 (5/∞)…", "data": {"w": 2}, "seq": 49239}
{"ts": "2026-05-01T19:33:44.689607+00:00", "level": "INFO", "jobId": "dca5378b-8c9d-4f8c-ad0b-27f12bf26804", "keyword": "khai trương nhà hàng", "step": "capture", "message": "Saved post_005.png (posinset=5)", "data": {"w": 2}, "seq": 49242}
{"ts": "2026-05-01T19:33:44.690607+00:00", "level": "INFO", "jobId": "dca5378b-8c9d-4f8c-ad0b-27f12bf26804", "keyword": "khai trương nhà hàng", "step": "cooldown", "message": "Cooldown 1.0s (after capture)", "data": {"w": 2}, "seq": 49243}
{"ts": "2026-05-01T19:33:45.704746+00:00", "level": "INFO", "jobId": "dca5378b-8c9d-4f8c-ad0b-27f12bf26804", "keyword": "khai trương nhà hàng", "step": "heartbeat", "message": "Worker alive", "data": {"w": 2, "elapsed_s": 35}, "seq": 49246}
{"ts": "2026-05-01T19:33:45.705348+00:00", "level": "INFO", "jobId": "dca5378b-8c9d-4f8c-ad0b-27f12bf26804", "keyword": "khai trương nhà hàng", "step": "capture", "message": "Capturing posinset=6 (6/∞)…", "data": {"w": 2}, "seq": 49247}
{"ts": "2026-05-01T19:33:47.044371+00:00", "level": "WARN", "jobId": "dca5378b-8c9d-4f8c-ad0b-27f12bf26804", "keyword": "khai trương nhà hàng", "step": "capture", "message": "Expand \"Xem thêm\" failed; will still screenshot. posinset=6 see_more_candidates=1 err=See-more still present in post after expansion attempts (left=1).", "data": {"w": 2}, "seq": 49250}
{"ts": "2026-05-01T19:33:47.369363+00:00", "level": "WARN", "jobId": "dca5378b-8c9d-4f8c-ad0b-27f12bf26804", "keyword": "khai trương nhà hàng", "step": "capture", "message": "Expand \"Xem thêm\" still failing; will screenshot anyway. posinset=6 err=See-more still present in post after expansion attempts (left=1).", "data": {"w": 2}, "seq": 49251}
{"ts": "2026-05-01T19:33:47.594369+00:00", "level": "INFO", "jobId": "dca5378b-8c9d-4f8c-ad0b-27f12bf26804", "keyword": "khai trương nhà hàng", "step": "capture", "message": "Saved post_006.png (posinset=6)", "data": {"w": 2}, "seq": 49252}
{"ts": "2026-05-01T19:33:47.595367+00:00", "level": "INFO", "jobId": "dca5378b-8c9d-4f8c-ad0b-27f12bf26804", "keyword": "khai trương nhà hàng", "step": "cooldown", "message": "Cooldown 1.0s (after capture)", "data": {"w": 2}, "seq": 49253}
{"ts": "2026-05-01T19:33:48.610661+00:00", "level": "INFO", "jobId": "dca5378b-8c9d-4f8c-ad0b-27f12bf26804", "keyword": "khai trương nhà hàng", "step": "capture", "message": "Capturing posinset=7 (7/∞)…", "data": {"w": 2}, "seq": 49257}
{"ts": "2026-05-01T19:33:50.088504+00:00", "level": "INFO", "jobId": "dca5378b-8c9d-4f8c-ad0b-27f12bf26804", "keyword": "khai trương nhà hàng", "step": "capture", "message": "Saved post_007.png (posinset=7)", "data": {"w": 2}, "seq": 49260}
{"ts": "2026-05-01T19:33:50.090504+00:00", "level": "INFO", "jobId": "dca5378b-8c9d-4f8c-ad0b-27f12bf26804", "keyword": "khai trương nhà hàng", "step": "cooldown", "message": "Cooldown 1.0s (after capture)", "data": {"w": 2}, "seq": 49261}
{"ts": "2026-05-01T19:33:51.103815+00:00", "level": "INFO", "jobId": "dca5378b-8c9d-4f8c-ad0b-27f12bf26804", "keyword": "khai trương nhà hàng", "step": "capture", "message": "Capturing posinset=8 (8/∞)…", "data": {"w": 2}, "seq": 49262}
{"ts": "2026-05-01T19:33:52.556775+00:00", "level": "INFO", "jobId": "dca5378b-8c9d-4f8c-ad0b-27f12bf26804", "keyword": "khai trương nhà hàng", "step": "capture", "message": "Saved post_008.png (posinset=8)", "data": {"w": 2}, "seq": 49264}
{"ts": "2026-05-01T19:33:52.558775+00:00", "level": "INFO", "jobId": "dca5378b-8c9d-4f8c-ad0b-27f12bf26804", "keyword": "khai trương nhà hàng", "step": "cooldown", "message": "Cooldown 1.0s (after capture)", "data": {"w": 2}, "seq": 49265}
{"ts": "2026-05-01T19:33:53.577881+00:00", "level": "INFO", "jobId": "dca5378b-8c9d-4f8c-ad0b-27f12bf26804", "keyword": "khai trương nhà hàng", "step": "capture", "message": "Capturing posinset=9 (9/∞)…", "data": {"w": 2}, "seq": 49267}
{"ts": "2026-05-01T19:33:54.878093+00:00", "level": "INFO", "jobId": "dca5378b-8c9d-4f8c-ad0b-27f12bf26804", "keyword": "khai trương nhà hàng", "step": "capture", "message": "Saved post_009.png (posinset=9)", "data": {"w": 2}, "seq": 49269}
{"ts": "2026-05-01T19:33:54.880268+00:00", "level": "INFO", "jobId": "dca5378b-8c9d-4f8c-ad0b-27f12bf26804", "keyword": "khai trương nhà hàng", "step": "cooldown", "message": "Cooldown 1.0s (after capture)", "data": {"w": 2}, "seq": 49270}
{"ts": "2026-05-01T19:33:55.893456+00:00", "level": "INFO", "jobId": "dca5378b-8c9d-4f8c-ad0b-27f12bf26804", "keyword": "khai trương nhà hàng", "step": "capture", "message": "Capturing posinset=10 (10/∞)…", "data": {"w": 2}, "seq": 49271}
{"ts": "2026-05-01T19:33:57.189905+00:00", "level": "INFO", "jobId": "dca5378b-8c9d-4f8c-ad0b-27f12bf26804", "keyword": "khai trương nhà hàng", "step": "capture", "message": "Saved post_010.png (posinset=10)", "data": {"w": 2}, "seq": 49273}
{"ts": "2026-05-01T19:33:57.191225+00:00", "level": "INFO", "jobId": "dca5378b-8c9d-4f8c-ad0b-27f12bf26804", "keyword": "khai trương nhà hàng", "step": "cooldown", "message": "Cooldown 1.0s (after capture)", "data": {"w": 2}, "seq": 49274}
{"ts": "2026-05-01T19:33:58.596417+00:00", "level": "INFO", "jobId": "dca5378b-8c9d-4f8c-ad0b-27f12bf26804", "keyword": "khai trương nhà hàng", "step": "capture", "message": "Capturing posinset=11 (11/∞)…", "data": {"w": 2}, "seq": 49276}
{"ts": "2026-05-01T19:33:59.993019+00:00", "level": "INFO", "jobId": "dca5378b-8c9d-4f8c-ad0b-27f12bf26804", "keyword": "khai trương nhà hàng", "step": "capture", "message": "Saved post_011.png (posinset=11)", "data": {"w": 2}, "seq": 49277}
{"ts": "2026-05-01T19:33:59.994019+00:00", "level": "INFO", "jobId": "dca5378b-8c9d-4f8c-ad0b-27f12bf26804", "keyword": "khai trương nhà hàng", "step": "cooldown", "message": "Cooldown 1.0s (after capture)", "data": {"w": 2}, "seq": 49278}
{"ts": "2026-05-01T19:34:01.108420+00:00", "level": "INFO", "jobId": "dca5378b-8c9d-4f8c-ad0b-27f12bf26804", "keyword": "khai trương nhà hàng", "step": "heartbeat", "message": "Worker alive", "data": {"w": 2, "elapsed_s": 51}, "seq": 49281}
{"ts": "2026-05-01T19:34:01.124420+00:00", "level": "INFO", "jobId": "dca5378b-8c9d-4f8c-ad0b-27f12bf26804", "keyword": "khai trương nhà hàng", "step": "capture", "message": "Capturing posinset=12 (12/∞)…", "data": {"w": 2}, "seq": 49282}
{"ts": "2026-05-01T19:34:03.310064+00:00", "level": "INFO", "jobId": "dca5378b-8c9d-4f8c-ad0b-27f12bf26804", "keyword": "khai trương nhà hàng", "step": "capture", "message": "Saved post_012.png (posinset=12)", "data": {"w": 2}, "seq": 49285}
{"ts": "2026-05-01T19:34:03.312279+00:00", "level": "INFO", "jobId": "dca5378b-8c9d-4f8c-ad0b-27f12bf26804", "keyword": "khai trương nhà hàng", "step": "cooldown", "message": "Cooldown 1.0s (after capture)", "data": {"w": 2}, "seq": 49286}
{"ts": "2026-05-01T19:34:04.325937+00:00", "level": "INFO", "jobId": "dca5378b-8c9d-4f8c-ad0b-27f12bf26804", "keyword": "khai trương nhà hàng", "step": "capture", "message": "Capturing posinset=13 (13/∞)…", "data": {"w": 2}, "seq": 49287}
{"ts": "2026-05-01T19:34:05.920961+00:00", "level": "INFO", "jobId": "dca5378b-8c9d-4f8c-ad0b-27f12bf26804", "keyword": "khai trương nhà hàng", "step": "capture", "message": "Saved post_013.png (posinset=13)", "data": {"w": 2}, "seq": 49288}
{"ts": "2026-05-01T19:34:05.922429+00:00", "level": "INFO", "jobId": "dca5378b-8c9d-4f8c-ad0b-27f12bf26804", "keyword": "khai trương nhà hàng", "step": "cooldown", "message": "Cooldown 1.0s (after capture)", "data": {"w": 2}, "seq": 49289}
{"ts": "2026-05-01T19:34:06.941702+00:00", "level": "INFO", "jobId": "dca5378b-8c9d-4f8c-ad0b-27f12bf26804", "keyword": "khai trương nhà hàng", "step": "capture", "message": "Capturing posinset=14 (14/∞)…", "data": {"w": 2}, "seq": 49290}
{"ts": "2026-05-01T19:34:08.182363+00:00", "level": "INFO", "jobId": "dca5378b-8c9d-4f8c-ad0b-27f12bf26804", "keyword": "khai trương nhà hàng", "step": "capture", "message": "Saved post_014.png (posinset=14)", "data": {"w": 2}, "seq": 49291}
{"ts": "2026-05-01T19:34:08.184378+00:00", "level": "INFO", "jobId": "dca5378b-8c9d-4f8c-ad0b-27f12bf26804", "keyword": "khai trương nhà hàng", "step": "cooldown", "message": "Cooldown 1.0s (after capture)", "data": {"w": 2}, "seq": 49292}
{"ts": "2026-05-01T19:34:09.203171+00:00", "level": "INFO", "jobId": "dca5378b-8c9d-4f8c-ad0b-27f12bf26804", "keyword": "khai trương nhà hàng", "step": "capture", "message": "Capturing posinset=15 (15/∞)…", "data": {"w": 2}, "seq": 49293}
{"ts": "2026-05-01T19:34:10.566124+00:00", "level": "INFO", "jobId": "dca5378b-8c9d-4f8c-ad0b-27f12bf26804", "keyword": "khai trương nhà hàng", "step": "capture", "message": "Saved post_015.png (posinset=15)", "data": {"w": 2}, "seq": 49296}
{"ts": "2026-05-01T19:34:10.567134+00:00", "level": "INFO", "jobId": "dca5378b-8c9d-4f8c-ad0b-27f12bf26804", "keyword": "khai trương nhà hàng", "step": "cooldown", "message": "Cooldown 1.0s (after capture)", "data": {"w": 2}, "seq": 49297}
{"ts": "2026-05-01T19:34:11.593010+00:00", "level": "INFO", "jobId": "dca5378b-8c9d-4f8c-ad0b-27f12bf26804", "keyword": "khai trương nhà hàng", "step": "capture", "message": "Capturing posinset=16 (16/∞)…", "data": {"w": 2}, "seq": 49298}
{"ts": "2026-05-01T19:34:15.165514+00:00", "level": "INFO", "jobId": "dca5378b-8c9d-4f8c-ad0b-27f12bf26804", "keyword": "khai trương nhà hàng", "step": "capture", "message": "Capturing posinset=16 (16/∞)…", "data": {"w": 2}, "seq": 49299}
{"ts": "2026-05-01T19:34:16.507817+00:00", "level": "INFO", "jobId": "dca5378b-8c9d-4f8c-ad0b-27f12bf26804", "keyword": "khai trương nhà hàng", "step": "capture", "message": "Saved post_016.png (posinset=16)", "data": {"w": 2}, "seq": 49302}
{"ts": "2026-05-01T19:34:16.509005+00:00", "level": "INFO", "jobId": "dca5378b-8c9d-4f8c-ad0b-27f12bf26804", "keyword": "khai trương nhà hàng", "step": "cooldown", "message": "Cooldown 1.0s (after capture)", "data": {"w": 2}, "seq": 49303}
{"ts": "2026-05-01T19:34:17.538917+00:00", "level": "INFO", "jobId": "dca5378b-8c9d-4f8c-ad0b-27f12bf26804", "keyword": "khai trương nhà hàng", "step": "heartbeat", "message": "Worker alive", "data": {"w": 2, "elapsed_s": 67}, "seq": 49306}
{"ts": "2026-05-01T19:34:17.539923+00:00", "level": "INFO", "jobId": "dca5378b-8c9d-4f8c-ad0b-27f12bf26804", "keyword": "khai trương nhà hàng", "step": "capture", "message": "Capturing posinset=17 (17/∞)…", "data": {"w": 2}, "seq": 49307}
{"ts": "2026-05-01T19:34:18.783168+00:00", "level": "INFO", "jobId": "dca5378b-8c9d-4f8c-ad0b-27f12bf26804", "keyword": "khai trương nhà hàng", "step": "capture", "message": "Saved post_017.png (posinset=17)", "data": {"w": 2}, "seq": 49308}
{"ts": "2026-05-01T19:34:18.784471+00:00", "level": "INFO", "jobId": "dca5378b-8c9d-4f8c-ad0b-27f12bf26804", "keyword": "khai trương nhà hàng", "step": "cooldown", "message": "Cooldown 1.0s (after capture)", "data": {"w": 2}, "seq": 49309}
{"ts": "2026-05-01T19:34:19.816756+00:00", "level": "INFO", "jobId": "dca5378b-8c9d-4f8c-ad0b-27f12bf26804", "keyword": "khai trương nhà hàng", "step": "capture", "message": "Capturing posinset=18 (18/∞)…", "data": {"w": 2}, "seq": 49310}
{"ts": "2026-05-01T19:34:21.971087+00:00", "level": "INFO", "jobId": "dca5378b-8c9d-4f8c-ad0b-27f12bf26804", "keyword": "khai trương nhà hàng", "step": "capture", "message": "Saved post_018.png (posinset=18)", "data": {"w": 2}, "seq": 49312}
{"ts": "2026-05-01T19:34:21.971087+00:00", "level": "INFO", "jobId": "dca5378b-8c9d-4f8c-ad0b-27f12bf26804", "keyword": "khai trương nhà hàng", "step": "cooldown", "message": "Cooldown 1.0s (after capture)", "data": {"w": 2}, "seq": 49313}
{"ts": "2026-05-01T19:34:22.995093+00:00", "level": "INFO", "jobId": "dca5378b-8c9d-4f8c-ad0b-27f12bf26804", "keyword": "khai trương nhà hàng", "step": "capture", "message": "Capturing posinset=19 (19/∞)…", "data": {"w": 2}, "seq": 49314}
{"ts": "2026-05-01T19:34:24.809482+00:00", "level": "INFO", "jobId": "dca5378b-8c9d-4f8c-ad0b-27f12bf26804", "keyword": "khai trương nhà hàng", "step": "capture", "message": "Saved post_019.png (posinset=19)", "data": {"w": 2}, "seq": 49318}
{"ts": "2026-05-01T19:34:24.811482+00:00", "level": "INFO", "jobId": "dca5378b-8c9d-4f8c-ad0b-27f12bf26804", "keyword": "khai trương nhà hàng", "step": "cooldown", "message": "Cooldown 1.0s (after capture)", "data": {"w": 2}, "seq": 49319}
{"ts": "2026-05-01T19:34:25.831100+00:00", "level": "INFO", "jobId": "dca5378b-8c9d-4f8c-ad0b-27f12bf26804", "keyword": "khai trương nhà hàng", "step": "capture", "message": "Capturing posinset=20 (20/∞)…", "data": {"w": 2}, "seq": 49320}
{"ts": "2026-05-01T19:34:27.231628+00:00", "level": "INFO", "jobId": "dca5378b-8c9d-4f8c-ad0b-27f12bf26804", "keyword": "khai trương nhà hàng", "step": "capture", "message": "Saved post_020.png (posinset=20)", "data": {"w": 2}, "seq": 49323}
{"ts": "2026-05-01T19:34:27.233032+00:00", "level": "INFO", "jobId": "dca5378b-8c9d-4f8c-ad0b-27f12bf26804", "keyword": "khai trương nhà hàng", "step": "cooldown", "message": "Cooldown 1.0s (after capture)", "data": {"w": 2}, "seq": 49324}
{"ts": "2026-05-01T19:34:28.254071+00:00", "level": "INFO", "jobId": "dca5378b-8c9d-4f8c-ad0b-27f12bf26804", "keyword": "khai trương nhà hàng", "step": "capture", "message": "Capturing posinset=21 (21/∞)…", "data": {"w": 2}, "seq": 49326}
{"ts": "2026-05-01T19:34:29.753729+00:00", "level": "INFO", "jobId": "dca5378b-8c9d-4f8c-ad0b-27f12bf26804", "keyword": "khai trương nhà hàng", "step": "capture", "message": "Saved post_021.png (posinset=21)", "data": {"w": 2}, "seq": 49327}
{"ts": "2026-05-01T19:34:29.753729+00:00", "level": "INFO", "jobId": "dca5378b-8c9d-4f8c-ad0b-27f12bf26804", "keyword": "khai trương nhà hàng", "step": "cooldown", "message": "Cooldown 1.0s (after capture)", "data": {"w": 2}, "seq": 49328}
{"ts": "2026-05-01T19:34:30.771545+00:00", "level": "INFO", "jobId": "dca5378b-8c9d-4f8c-ad0b-27f12bf26804", "keyword": "khai trương nhà hàng", "step": "capture", "message": "Capturing posinset=22 (22/∞)…", "data": {"w": 2}, "seq": 49329}
{"ts": "2026-05-01T19:34:32.252127+00:00", "level": "INFO", "jobId": "dca5378b-8c9d-4f8c-ad0b-27f12bf26804", "keyword": "khai trương nhà hàng", "step": "capture", "message": "Saved post_022.png (posinset=22)", "data": {"w": 2}, "seq": 49332}
{"ts": "2026-05-01T19:34:32.253639+00:00", "level": "INFO", "jobId": "dca5378b-8c9d-4f8c-ad0b-27f12bf26804", "keyword": "khai trương nhà hàng", "step": "cooldown", "message": "Cooldown 1.0s (after capture)", "data": {"w": 2}, "seq": 49333}
{"ts": "2026-05-01T19:34:33.289957+00:00", "level": "INFO", "jobId": "dca5378b-8c9d-4f8c-ad0b-27f12bf26804", "keyword": "khai trương nhà hàng", "step": "heartbeat", "message": "Worker alive", "data": {"w": 2, "elapsed_s": 83}, "seq": 49336}
{"ts": "2026-05-01T19:34:33.292957+00:00", "level": "INFO", "jobId": "dca5378b-8c9d-4f8c-ad0b-27f12bf26804", "keyword": "khai trương nhà hàng", "step": "capture", "message": "Capturing posinset=23 (23/∞)…", "data": {"w": 2}, "seq": 49337}
{"ts": "2026-05-01T19:34:34.597763+00:00", "level": "INFO", "jobId": "dca5378b-8c9d-4f8c-ad0b-27f12bf26804", "keyword": "khai trương nhà hàng", "step": "capture", "message": "Saved post_023.png (posinset=23)", "data": {"w": 2}, "seq": 49338}
{"ts": "2026-05-01T19:34:34.598782+00:00", "level": "INFO", "jobId": "dca5378b-8c9d-4f8c-ad0b-27f12bf26804", "keyword": "khai trương nhà hàng", "step": "cooldown", "message": "Cooldown 1.0s (after capture)", "data": {"w": 2}, "seq": 49339}
{"ts": "2026-05-01T19:34:35.617092+00:00", "level": "INFO", "jobId": "dca5378b-8c9d-4f8c-ad0b-27f12bf26804", "keyword": "khai trương nhà hàng", "step": "capture", "message": "Capturing posinset=24 (24/∞)…", "data": {"w": 2}, "seq": 49340}
{"ts": "2026-05-01T19:34:36.909349+00:00", "level": "INFO", "jobId": "dca5378b-8c9d-4f8c-ad0b-27f12bf26804", "keyword": "khai trương nhà hàng", "step": "capture", "message": "Saved post_024.png (posinset=24)", "data": {"w": 2}, "seq": 49341}
{"ts": "2026-05-01T19:34:36.910349+00:00", "level": "INFO", "jobId": "dca5378b-8c9d-4f8c-ad0b-27f12bf26804", "keyword": "khai trương nhà hàng", "step": "cooldown", "message": "Cooldown 1.0s (after capture)", "data": {"w": 2}, "seq": 49342}
{"ts": "2026-05-01T19:34:40.697501+00:00", "level": "INFO", "jobId": "dca5378b-8c9d-4f8c-ad0b-27f12bf26804", "keyword": "khai trương nhà hàng", "step": "capture", "message": "Capturing posinset=25 (25/∞)…", "data": {"w": 2}, "seq": 49343}
{"ts": "2026-05-01T19:34:42.774274+00:00", "level": "INFO", "jobId": "dca5378b-8c9d-4f8c-ad0b-27f12bf26804", "keyword": "khai trương nhà hàng", "step": "capture", "message": "Saved post_025.png (posinset=25)", "data": {"w": 2}, "seq": 49344}
{"ts": "2026-05-01T19:34:42.775275+00:00", "level": "INFO", "jobId": "dca5378b-8c9d-4f8c-ad0b-27f12bf26804", "keyword": "khai trương nhà hàng", "step": "cooldown", "message": "Cooldown 1.0s (after capture)", "data": {"w": 2}, "seq": 49345}
{"ts": "2026-05-01T19:34:43.799727+00:00", "level": "INFO", "jobId": "dca5378b-8c9d-4f8c-ad0b-27f12bf26804", "keyword": "khai trương nhà hàng", "step": "capture", "message": "Capturing posinset=26 (26/∞)…", "data": {"w": 2}, "seq": 49346}
{"ts": "2026-05-01T19:34:45.546409+00:00", "level": "INFO", "jobId": "dca5378b-8c9d-4f8c-ad0b-27f12bf26804", "keyword": "khai trương nhà hàng", "step": "capture", "message": "Saved post_026.png (posinset=26)", "data": {"w": 2}, "seq": 49349}
{"ts": "2026-05-01T19:34:45.547511+00:00", "level": "INFO", "jobId": "dca5378b-8c9d-4f8c-ad0b-27f12bf26804", "keyword": "khai trương nhà hàng", "step": "cooldown", "message": "Cooldown 1.0s (after capture)", "data": {"w": 2}, "seq": 49350}
{"ts": "2026-05-01T19:34:46.565757+00:00", "level": "INFO", "jobId": "dca5378b-8c9d-4f8c-ad0b-27f12bf26804", "keyword": "khai trương nhà hàng", "step": "capture", "message": "Capturing posinset=27 (27/∞)…", "data": {"w": 2}, "seq": 49352}
{"ts": "2026-05-01T19:34:48.081495+00:00", "level": "INFO", "jobId": "dca5378b-8c9d-4f8c-ad0b-27f12bf26804", "keyword": "khai trương nhà hàng", "step": "capture", "message": "Saved post_027.png (posinset=27)", "data": {"w": 2}, "seq": 49353}
{"ts": "2026-05-01T19:34:48.082496+00:00", "level": "INFO", "jobId": "dca5378b-8c9d-4f8c-ad0b-27f12bf26804", "keyword": "khai trương nhà hàng", "step": "cooldown", "message": "Cooldown 1.0s (after capture)", "data": {"w": 2}, "seq": 49354}
{"ts": "2026-05-01T19:34:49.098981+00:00", "level": "INFO", "jobId": "dca5378b-8c9d-4f8c-ad0b-27f12bf26804", "keyword": "khai trương nhà hàng", "step": "heartbeat", "message": "Worker alive", "data": {"w": 2, "elapsed_s": 99}, "seq": 49355}
{"ts": "2026-05-01T19:34:49.099985+00:00", "level": "INFO", "jobId": "dca5378b-8c9d-4f8c-ad0b-27f12bf26804", "keyword": "khai trương nhà hàng", "step": "capture", "message": "Capturing posinset=28 (28/∞)…", "data": {"w": 2}, "seq": 49356}
{"ts": "2026-05-01T19:34:52.101284+00:00", "level": "INFO", "jobId": "dca5378b-8c9d-4f8c-ad0b-27f12bf26804", "keyword": "khai trương nhà hàng", "step": "capture", "message": "Saved post_028.png (posinset=28)", "data": {"w": 2}, "seq": 49361}
{"ts": "2026-05-01T19:34:52.103284+00:00", "level": "INFO", "jobId": "dca5378b-8c9d-4f8c-ad0b-27f12bf26804", "keyword": "khai trương nhà hàng", "step": "cooldown", "message": "Cooldown 1.0s (after capture)", "data": {"w": 2}, "seq": 49362}
{"ts": "2026-05-01T19:34:53.167666+00:00", "level": "INFO", "jobId": "dca5378b-8c9d-4f8c-ad0b-27f12bf26804", "keyword": "khai trương nhà hàng", "step": "capture", "message": "Capturing posinset=29 (29/∞)…", "data": {"w": 2}, "seq": 49363}
{"ts": "2026-05-01T19:34:54.489816+00:00", "level": "INFO", "jobId": "dca5378b-8c9d-4f8c-ad0b-27f12bf26804", "keyword": "khai trương nhà hàng", "step": "capture", "message": "Saved post_029.png (posinset=29)", "data": {"w": 2}, "seq": 49364}
{"ts": "2026-05-01T19:34:54.497613+00:00", "level": "INFO", "jobId": "dca5378b-8c9d-4f8c-ad0b-27f12bf26804", "keyword": "khai trương nhà hàng", "step": "cooldown", "message": "Cooldown 1.0s (after capture)", "data": {"w": 2}, "seq": 49365}
{"ts": "2026-05-01T19:34:55.790640+00:00", "level": "INFO", "jobId": "dca5378b-8c9d-4f8c-ad0b-27f12bf26804", "keyword": "khai trương nhà hàng", "step": "capture", "message": "Capturing posinset=30 (30/∞)…", "data": {"w": 2}, "seq": 49368}
{"ts": "2026-05-01T19:34:57.851993+00:00", "level": "INFO", "jobId": "dca5378b-8c9d-4f8c-ad0b-27f12bf26804", "keyword": "khai trương nhà hàng", "step": "capture", "message": "Saved post_030.png (posinset=30)", "data": {"w": 2}, "seq": 49370}
{"ts": "2026-05-01T19:34:57.853238+00:00", "level": "INFO", "jobId": "dca5378b-8c9d-4f8c-ad0b-27f12bf26804", "keyword": "khai trương nhà hàng", "step": "cooldown", "message": "Cooldown 1.0s (after capture)", "data": {"w": 2}, "seq": 49371}
{"ts": "2026-05-01T19:34:58.881898+00:00", "level": "INFO", "jobId": "dca5378b-8c9d-4f8c-ad0b-27f12bf26804", "keyword": "khai trương nhà hàng", "step": "capture", "message": "Capturing posinset=31 (31/∞)…", "data": {"w": 2}, "seq": 49372}
{"ts": "2026-05-01T19:35:00.448899+00:00", "level": "INFO", "jobId": "dca5378b-8c9d-4f8c-ad0b-27f12bf26804", "keyword": "khai trương nhà hàng", "step": "capture", "message": "Saved post_031.png (posinset=31)", "data": {"w": 2}, "seq": 49373}
{"ts": "2026-05-01T19:35:00.451048+00:00", "level": "INFO", "jobId": "dca5378b-8c9d-4f8c-ad0b-27f12bf26804", "keyword": "khai trương nhà hàng", "step": "cooldown", "message": "Cooldown 1.0s (after capture)", "data": {"w": 2}, "seq": 49374}
{"ts": "2026-05-01T19:35:01.478982+00:00", "level": "INFO", "jobId": "dca5378b-8c9d-4f8c-ad0b-27f12bf26804", "keyword": "khai trương nhà hàng", "step": "capture", "message": "Capturing posinset=32 (32/∞)…", "data": {"w": 2}, "seq": 49377}
{"ts": "2026-05-01T19:35:02.714571+00:00", "level": "INFO", "jobId": "dca5378b-8c9d-4f8c-ad0b-27f12bf26804", "keyword": "khai trương nhà hàng", "step": "capture", "message": "Saved post_032.png (posinset=32)", "data": {"w": 2}, "seq": 49379}
{"ts": "2026-05-01T19:35:02.714571+00:00", "level": "INFO", "jobId": "dca5378b-8c9d-4f8c-ad0b-27f12bf26804", "keyword": "khai trương nhà hàng", "step": "cooldown", "message": "Cooldown 1.0s (after capture)", "data": {"w": 2}, "seq": 49380}
{"ts": "2026-05-01T19:35:03.731609+00:00", "level": "INFO", "jobId": "dca5378b-8c9d-4f8c-ad0b-27f12bf26804", "keyword": "khai trương nhà hàng", "step": "capture", "message": "Capturing posinset=33 (33/∞)…", "data": {"w": 2}, "seq": 49381}
{"ts": "2026-05-01T19:35:05.158581+00:00", "level": "INFO", "jobId": "dca5378b-8c9d-4f8c-ad0b-27f12bf26804", "keyword": "khai trương nhà hàng", "step": "capture", "message": "Saved post_033.png (posinset=33)", "data": {"w": 2}, "seq": 49382}
{"ts": "2026-05-01T19:35:05.159610+00:00", "level": "INFO", "jobId": "dca5378b-8c9d-4f8c-ad0b-27f12bf26804", "keyword": "khai trương nhà hàng", "step": "cooldown", "message": "Cooldown 1.0s (after capture)", "data": {"w": 2}, "seq": 49383}
{"ts": "2026-05-01T19:35:06.497167+00:00", "level": "INFO", "jobId": "dca5378b-8c9d-4f8c-ad0b-27f12bf26804", "keyword": "khai trương nhà hàng", "step": "heartbeat", "message": "Worker alive", "data": {"w": 2, "elapsed_s": 116}, "seq": 49386}
{"ts": "2026-05-01T19:35:06.498165+00:00", "level": "INFO", "jobId": "dca5378b-8c9d-4f8c-ad0b-27f12bf26804", "keyword": "khai trương nhà hàng", "step": "capture", "message": "Capturing posinset=34 (34/∞)…", "data": {"w": 2}, "seq": 49387}
{"ts": "2026-05-01T19:35:08.229572+00:00", "level": "INFO", "jobId": "dca5378b-8c9d-4f8c-ad0b-27f12bf26804", "keyword": "khai trương nhà hàng", "step": "capture", "message": "Saved post_034.png (posinset=34)", "data": {"w": 2}, "seq": 49390}
{"ts": "2026-05-01T19:35:08.230604+00:00", "level": "INFO", "jobId": "dca5378b-8c9d-4f8c-ad0b-27f12bf26804", "keyword": "khai trương nhà hàng", "step": "cooldown", "message": "Cooldown 1.0s (after capture)", "data": {"w": 2}, "seq": 49391}
{"ts": "2026-05-01T19:35:09.247818+00:00", "level": "INFO", "jobId": "dca5378b-8c9d-4f8c-ad0b-27f12bf26804", "keyword": "khai trương nhà hàng", "step": "capture", "message": "Capturing posinset=35 (35/∞)…", "data": {"w": 2}, "seq": 49392}
{"ts": "2026-05-01T19:35:10.731422+00:00", "level": "INFO", "jobId": "dca5378b-8c9d-4f8c-ad0b-27f12bf26804", "keyword": "khai trương nhà hàng", "step": "capture", "message": "Saved post_035.png (posinset=35)", "data": {"w": 2}, "seq": 49393}
{"ts": "2026-05-01T19:35:10.732437+00:00", "level": "INFO", "jobId": "dca5378b-8c9d-4f8c-ad0b-27f12bf26804", "keyword": "khai trương nhà hàng", "step": "cooldown", "message": "Cooldown 1.0s (after capture)", "data": {"w": 2}, "seq": 49394}
{"ts": "2026-05-01T19:35:11.748750+00:00", "level": "INFO", "jobId": "dca5378b-8c9d-4f8c-ad0b-27f12bf26804", "keyword": "khai trương nhà hàng", "step": "capture", "message": "Capturing posinset=36 (36/∞)…", "data": {"w": 2}, "seq": 49395}
{"ts": "2026-05-01T19:35:14.576575+00:00", "level": "INFO", "jobId": "dca5378b-8c9d-4f8c-ad0b-27f12bf26804", "keyword": "khai trương nhà hàng", "step": "capture", "message": "Saved post_036.png (posinset=36)", "data": {"w": 2}, "seq": 49396}
{"ts": "2026-05-01T19:35:14.577573+00:00", "level": "INFO", "jobId": "dca5378b-8c9d-4f8c-ad0b-27f12bf26804", "keyword": "khai trương nhà hàng", "step": "cooldown", "message": "Cooldown 1.0s (after capture)", "data": {"w": 2}, "seq": 49397}
{"ts": "2026-05-01T19:35:15.598011+00:00", "level": "INFO", "jobId": "dca5378b-8c9d-4f8c-ad0b-27f12bf26804", "keyword": "khai trương nhà hàng", "step": "capture", "message": "Capturing posinset=37 (37/∞)…", "data": {"w": 2}, "seq": 49398}
{"ts": "2026-05-01T19:35:17.278425+00:00", "level": "INFO", "jobId": "dca5378b-8c9d-4f8c-ad0b-27f12bf26804", "keyword": "khai trương nhà hàng", "step": "capture", "message": "Saved post_037.png (posinset=37)", "data": {"w": 2}, "seq": 49401}
{"ts": "2026-05-01T19:35:17.281815+00:00", "level": "INFO", "jobId": "dca5378b-8c9d-4f8c-ad0b-27f12bf26804", "keyword": "khai trương nhà hàng", "step": "cooldown", "message": "Cooldown 1.0s (after capture)", "data": {"w": 2}, "seq": 49402}
{"ts": "2026-05-01T19:35:18.298675+00:00", "level": "INFO", "jobId": "dca5378b-8c9d-4f8c-ad0b-27f12bf26804", "keyword": "khai trương nhà hàng", "step": "capture", "message": "Capturing posinset=38 (38/∞)…", "data": {"w": 2}, "seq": 49404}
{"ts": "2026-05-01T19:35:19.721684+00:00", "level": "INFO", "jobId": "dca5378b-8c9d-4f8c-ad0b-27f12bf26804", "keyword": "khai trương nhà hàng", "step": "capture", "message": "Saved post_038.png (posinset=38)", "data": {"w": 2}, "seq": 49405}
{"ts": "2026-05-01T19:35:19.723038+00:00", "level": "INFO", "jobId": "dca5378b-8c9d-4f8c-ad0b-27f12bf26804", "keyword": "khai trương nhà hàng", "step": "cooldown", "message": "Cooldown 1.0s (after capture)", "data": {"w": 2}, "seq": 49406}
{"ts": "2026-05-01T19:35:20.745163+00:00", "level": "INFO", "jobId": "dca5378b-8c9d-4f8c-ad0b-27f12bf26804", "keyword": "khai trương nhà hàng", "step": "capture", "message": "Capturing posinset=39 (39/∞)…", "data": {"w": 2}, "seq": 49407}
{"ts": "2026-05-01T19:35:22.132868+00:00", "level": "INFO", "jobId": "dca5378b-8c9d-4f8c-ad0b-27f12bf26804", "keyword": "khai trương nhà hàng", "step": "capture", "message": "Saved post_039.png (posinset=39)", "data": {"w": 2}, "seq": 49408}
{"ts": "2026-05-01T19:35:22.133890+00:00", "level": "INFO", "jobId": "dca5378b-8c9d-4f8c-ad0b-27f12bf26804", "keyword": "khai trương nhà hàng", "step": "cooldown", "message": "Cooldown 1.0s (after capture)", "data": {"w": 2}, "seq": 49409}
{"ts": "2026-05-01T19:35:23.496701+00:00", "level": "INFO", "jobId": "dca5378b-8c9d-4f8c-ad0b-27f12bf26804", "keyword": "khai trương nhà hàng", "step": "heartbeat", "message": "Worker alive", "data": {"w": 2, "elapsed_s": 133}, "seq": 49410}
{"ts": "2026-05-01T19:35:23.498131+00:00", "level": "INFO", "jobId": "dca5378b-8c9d-4f8c-ad0b-27f12bf26804", "keyword": "khai trương nhà hàng", "step": "capture", "message": "Capturing posinset=40 (40/∞)…", "data": {"w": 2}, "seq": 49411}
{"ts": "2026-05-01T19:35:26.036141+00:00", "level": "INFO", "jobId": "dca5378b-8c9d-4f8c-ad0b-27f12bf26804", "keyword": "khai trương nhà hàng", "step": "capture", "message": "Saved post_040.png (posinset=40)", "data": {"w": 2}, "seq": 49412}
{"ts": "2026-05-01T19:35:26.039146+00:00", "level": "INFO", "jobId": "dca5378b-8c9d-4f8c-ad0b-27f12bf26804", "keyword": "khai trương nhà hàng", "step": "cooldown", "message": "Cooldown 1.0s (after capture)", "data": {"w": 2}, "seq": 49413}
{"ts": "2026-05-01T19:35:27.118958+00:00", "level": "INFO", "jobId": "dca5378b-8c9d-4f8c-ad0b-27f12bf26804", "keyword": "khai trương nhà hàng", "step": "capture", "message": "Capturing posinset=41 (41/∞)…", "data": {"w": 2}, "seq": 49414}
{"ts": "2026-05-01T19:35:29.014883+00:00", "level": "INFO", "jobId": "dca5378b-8c9d-4f8c-ad0b-27f12bf26804", "keyword": "khai trương nhà hàng", "step": "capture", "message": "Saved post_041.png (posinset=41)", "data": {"w": 2}, "seq": 49415}
{"ts": "2026-05-01T19:35:29.017754+00:00", "level": "INFO", "jobId": "dca5378b-8c9d-4f8c-ad0b-27f12bf26804", "keyword": "khai trương nhà hàng", "step": "cooldown", "message": "Cooldown 1.0s (after capture)", "data": {"w": 2}, "seq": 49416}
{"ts": "2026-05-01T19:35:30.045913+00:00", "level": "INFO", "jobId": "dca5378b-8c9d-4f8c-ad0b-27f12bf26804", "keyword": "khai trương nhà hàng", "step": "capture", "message": "Capturing posinset=42 (42/∞)…", "data": {"w": 2}, "seq": 49417}
{"ts": "2026-05-01T19:35:31.837637+00:00", "level": "INFO", "jobId": "dca5378b-8c9d-4f8c-ad0b-27f12bf26804", "keyword": "khai trương nhà hàng", "step": "capture", "message": "Saved post_042.png (posinset=42)", "data": {"w": 2}, "seq": 49418}
{"ts": "2026-05-01T19:35:31.839717+00:00", "level": "INFO", "jobId": "dca5378b-8c9d-4f8c-ad0b-27f12bf26804", "keyword": "khai trương nhà hàng", "step": "cooldown", "message": "Cooldown 1.0s (after capture)", "data": {"w": 2}, "seq": 49419}
{"ts": "2026-05-01T19:35:32.863483+00:00", "level": "INFO", "jobId": "dca5378b-8c9d-4f8c-ad0b-27f12bf26804", "keyword": "khai trương nhà hàng", "step": "capture", "message": "Capturing posinset=43 (43/∞)…", "data": {"w": 2}, "seq": 49420}
{"ts": "2026-05-01T19:35:34.418464+00:00", "level": "INFO", "jobId": "dca5378b-8c9d-4f8c-ad0b-27f12bf26804", "keyword": "khai trương nhà hàng", "step": "capture", "message": "Saved post_043.png (posinset=43)", "data": {"w": 2}, "seq": 49421}
{"ts": "2026-05-01T19:35:34.419485+00:00", "level": "INFO", "jobId": "dca5378b-8c9d-4f8c-ad0b-27f12bf26804", "keyword": "khai trương nhà hàng", "step": "cooldown", "message": "Cooldown 1.0s (after capture)", "data": {"w": 2}, "seq": 49422}
{"ts": "2026-05-01T19:35:35.440808+00:00", "level": "INFO", "jobId": "dca5378b-8c9d-4f8c-ad0b-27f12bf26804", "keyword": "khai trương nhà hàng", "step": "capture", "message": "Capturing posinset=44 (44/∞)…", "data": {"w": 2}, "seq": 49423}
{"ts": "2026-05-01T19:35:36.757288+00:00", "level": "INFO", "jobId": "dca5378b-8c9d-4f8c-ad0b-27f12bf26804", "keyword": "khai trương nhà hàng", "step": "capture", "message": "Saved post_044.png (posinset=44)", "data": {"w": 2}, "seq": 49424}
{"ts": "2026-05-01T19:35:36.758428+00:00", "level": "INFO", "jobId": "dca5378b-8c9d-4f8c-ad0b-27f12bf26804", "keyword": "khai trương nhà hàng", "step": "cooldown", "message": "Cooldown 1.0s (after capture)", "data": {"w": 2}, "seq": 49425}
{"ts": "2026-05-01T19:35:38.214071+00:00", "level": "INFO", "jobId": "dca5378b-8c9d-4f8c-ad0b-27f12bf26804", "keyword": "khai trương nhà hàng", "step": "capture", "message": "Capturing posinset=45 (45/∞)…", "data": {"w": 2}, "seq": 49428}
{"ts": "2026-05-01T19:35:40.588788+00:00", "level": "INFO", "jobId": "dca5378b-8c9d-4f8c-ad0b-27f12bf26804", "keyword": "khai trương nhà hàng", "step": "capture", "message": "Saved post_045.png (posinset=45)", "data": {"w": 2}, "seq": 49431}
{"ts": "2026-05-01T19:35:40.589773+00:00", "level": "INFO", "jobId": "dca5378b-8c9d-4f8c-ad0b-27f12bf26804", "keyword": "khai trương nhà hàng", "step": "cooldown", "message": "Cooldown 1.0s (after capture)", "data": {"w": 2}, "seq": 49432}
{"ts": "2026-05-01T19:35:41.613821+00:00", "level": "INFO", "jobId": "dca5378b-8c9d-4f8c-ad0b-27f12bf26804", "keyword": "khai trương nhà hàng", "step": "heartbeat", "message": "Worker alive", "data": {"w": 2, "elapsed_s": 151}, "seq": 49433}
{"ts": "2026-05-01T19:35:41.614825+00:00", "level": "INFO", "jobId": "dca5378b-8c9d-4f8c-ad0b-27f12bf26804", "keyword": "khai trương nhà hàng", "step": "capture", "message": "Capturing posinset=46 (46/∞)…", "data": {"w": 2}, "seq": 49434}
{"ts": "2026-05-01T19:35:43.075658+00:00", "level": "INFO", "jobId": "dca5378b-8c9d-4f8c-ad0b-27f12bf26804", "keyword": "khai trương nhà hàng", "step": "capture", "message": "Saved post_046.png (posinset=46)", "data": {"w": 2}, "seq": 49435}
{"ts": "2026-05-01T19:35:43.076706+00:00", "level": "INFO", "jobId": "dca5378b-8c9d-4f8c-ad0b-27f12bf26804", "keyword": "khai trương nhà hàng", "step": "cooldown", "message": "Cooldown 1.0s (after capture)", "data": {"w": 2}, "seq": 49436}
{"ts": "2026-05-01T19:35:44.096688+00:00", "level": "INFO", "jobId": "dca5378b-8c9d-4f8c-ad0b-27f12bf26804", "keyword": "khai trương nhà hàng", "step": "capture", "message": "Capturing posinset=47 (47/∞)…", "data": {"w": 2}, "seq": 49437}
{"ts": "2026-05-01T19:35:45.018661+00:00", "level": "WARN", "jobId": "dca5378b-8c9d-4f8c-ad0b-27f12bf26804", "keyword": "khai trương nhà hàng", "step": "capture", "message": "Expand \"Xem thêm\" failed; will still screenshot. posinset=47 see_more_candidates=1 err=See-more still present in post after expansion attempts (left=1).", "data": {"w": 2}, "seq": 49438}
{"ts": "2026-05-01T19:35:45.343841+00:00", "level": "WARN", "jobId": "dca5378b-8c9d-4f8c-ad0b-27f12bf26804", "keyword": "khai trương nhà hàng", "step": "capture", "message": "Expand \"Xem thêm\" still failing; will screenshot anyway. posinset=47 err=See-more still present in post after expansion attempts (left=1).", "data": {"w": 2}, "seq": 49439}
{"ts": "2026-05-01T19:35:45.582346+00:00", "level": "INFO", "jobId": "dca5378b-8c9d-4f8c-ad0b-27f12bf26804", "keyword": "khai trương nhà hàng", "step": "capture", "message": "Saved post_047.png (posinset=47)", "data": {"w": 2}, "seq": 49440}
{"ts": "2026-05-01T19:35:45.583218+00:00", "level": "INFO", "jobId": "dca5378b-8c9d-4f8c-ad0b-27f12bf26804", "keyword": "khai trương nhà hàng", "step": "cooldown", "message": "Cooldown 1.0s (after capture)", "data": {"w": 2}, "seq": 49441}
{"ts": "2026-05-01T19:35:46.621916+00:00", "level": "INFO", "jobId": "dca5378b-8c9d-4f8c-ad0b-27f12bf26804", "keyword": "khai trương nhà hàng", "step": "capture", "message": "Capturing posinset=48 (48/∞)…", "data": {"w": 2}, "seq": 49442}
{"ts": "2026-05-01T19:35:48.093242+00:00", "level": "INFO", "jobId": "dca5378b-8c9d-4f8c-ad0b-27f12bf26804", "keyword": "khai trương nhà hàng", "step": "capture", "message": "Saved post_048.png (posinset=48)", "data": {"w": 2}, "seq": 49443}
{"ts": "2026-05-01T19:35:48.095267+00:00", "level": "INFO", "jobId": "dca5378b-8c9d-4f8c-ad0b-27f12bf26804", "keyword": "khai trương nhà hàng", "step": "cooldown", "message": "Cooldown 1.0s (after capture)", "data": {"w": 2}, "seq": 49444}
{"ts": "2026-05-01T19:35:49.120562+00:00", "level": "INFO", "jobId": "dca5378b-8c9d-4f8c-ad0b-27f12bf26804", "keyword": "khai trương nhà hàng", "step": "capture", "message": "Capturing posinset=49 (49/∞)…", "data": {"w": 2}, "seq": 49445}
{"ts": "2026-05-01T19:35:50.487590+00:00", "level": "INFO", "jobId": "dca5378b-8c9d-4f8c-ad0b-27f12bf26804", "keyword": "khai trương nhà hàng", "step": "capture", "message": "Saved post_049.png (posinset=49)", "data": {"w": 2}, "seq": 49446}
{"ts": "2026-05-01T19:35:50.488615+00:00", "level": "INFO", "jobId": "dca5378b-8c9d-4f8c-ad0b-27f12bf26804", "keyword": "khai trương nhà hàng", "step": "cooldown", "message": "Cooldown 1.0s (after capture)", "data": {"w": 2}, "seq": 49447}
{"ts": "2026-05-01T19:35:51.509373+00:00", "level": "INFO", "jobId": "dca5378b-8c9d-4f8c-ad0b-27f12bf26804", "keyword": "khai trương nhà hàng", "step": "capture", "message": "Capturing posinset=50 (50/∞)…", "data": {"w": 2}, "seq": 49448}
{"ts": "2026-05-01T19:35:52.926461+00:00", "level": "INFO", "jobId": "dca5378b-8c9d-4f8c-ad0b-27f12bf26804", "keyword": "khai trương nhà hàng", "step": "capture", "message": "Saved post_050.png (posinset=50)", "data": {"w": 2}, "seq": 49449}
{"ts": "2026-05-01T19:35:52.927775+00:00", "level": "INFO", "jobId": "dca5378b-8c9d-4f8c-ad0b-27f12bf26804", "keyword": "khai trương nhà hàng", "step": "cooldown", "message": "Cooldown 1.0s (after capture)", "data": {"w": 2}, "seq": 49450}
{"ts": "2026-05-01T19:35:53.949695+00:00", "level": "INFO", "jobId": "dca5378b-8c9d-4f8c-ad0b-27f12bf26804", "keyword": "khai trương nhà hàng", "step": "capture", "message": "Capturing posinset=51 (51/∞)…", "data": {"w": 2}, "seq": 49451}
{"ts": "2026-05-01T19:35:57.394330+00:00", "level": "INFO", "jobId": "dca5378b-8c9d-4f8c-ad0b-27f12bf26804", "keyword": "khai trương nhà hàng", "step": "capture", "message": "Saved post_051.png (posinset=51)", "data": {"w": 2}, "seq": 49452}
{"ts": "2026-05-01T19:35:57.395330+00:00", "level": "INFO", "jobId": "dca5378b-8c9d-4f8c-ad0b-27f12bf26804", "keyword": "khai trương nhà hàng", "step": "cooldown", "message": "Cooldown 1.0s (after capture)", "data": {"w": 2}, "seq": 49453}
{"ts": "2026-05-01T19:35:58.413327+00:00", "level": "INFO", "jobId": "dca5378b-8c9d-4f8c-ad0b-27f12bf26804", "keyword": "khai trương nhà hàng", "step": "heartbeat", "message": "Worker alive", "data": {"w": 2, "elapsed_s": 168}, "seq": 49456}
{"ts": "2026-05-01T19:35:58.413781+00:00", "level": "INFO", "jobId": "dca5378b-8c9d-4f8c-ad0b-27f12bf26804", "keyword": "khai trương nhà hàng", "step": "capture", "message": "Capturing posinset=52 (52/∞)…", "data": {"w": 2}, "seq": 49457}
{"ts": "2026-05-01T19:35:59.793072+00:00", "level": "INFO", "jobId": "dca5378b-8c9d-4f8c-ad0b-27f12bf26804", "keyword": "khai trương nhà hàng", "step": "capture", "message": "Saved post_052.png (posinset=52)", "data": {"w": 2}, "seq": 49460}
{"ts": "2026-05-01T19:35:59.794071+00:00", "level": "INFO", "jobId": "dca5378b-8c9d-4f8c-ad0b-27f12bf26804", "keyword": "khai trương nhà hàng", "step": "cooldown", "message": "Cooldown 1.0s (after capture)", "data": {"w": 2}, "seq": 49461}
{"ts": "2026-05-01T19:36:00.823794+00:00", "level": "INFO", "jobId": "dca5378b-8c9d-4f8c-ad0b-27f12bf26804", "keyword": "khai trương nhà hàng", "step": "capture", "message": "Capturing posinset=53 (53/∞)…", "data": {"w": 2}, "seq": 49462}
{"ts": "2026-05-01T19:36:02.277958+00:00", "level": "INFO", "jobId": "dca5378b-8c9d-4f8c-ad0b-27f12bf26804", "keyword": "khai trương nhà hàng", "step": "capture", "message": "Saved post_053.png (posinset=53)", "data": {"w": 2}, "seq": 49463}
{"ts": "2026-05-01T19:36:02.278957+00:00", "level": "INFO", "jobId": "dca5378b-8c9d-4f8c-ad0b-27f12bf26804", "keyword": "khai trương nhà hàng", "step": "cooldown", "message": "Cooldown 1.0s (after capture)", "data": {"w": 2}, "seq": 49464}
{"ts": "2026-05-01T19:36:03.833191+00:00", "level": "INFO", "jobId": "dca5378b-8c9d-4f8c-ad0b-27f12bf26804", "keyword": "khai trương nhà hàng", "step": "capture", "message": "Capturing posinset=54 (54/∞)…", "data": {"w": 2}, "seq": 49465}
{"ts": "2026-05-01T19:36:06.105210+00:00", "level": "INFO", "jobId": "dca5378b-8c9d-4f8c-ad0b-27f12bf26804", "keyword": "khai trương nhà hàng", "step": "capture", "message": "Saved post_054.png (posinset=54)", "data": {"w": 2}, "seq": 49466}
{"ts": "2026-05-01T19:36:06.106220+00:00", "level": "INFO", "jobId": "dca5378b-8c9d-4f8c-ad0b-27f12bf26804", "keyword": "khai trương nhà hàng", "step": "cooldown", "message": "Cooldown 1.0s (after capture)", "data": {"w": 2}, "seq": 49467}
{"ts": "2026-05-01T19:36:07.126661+00:00", "level": "INFO", "jobId": "dca5378b-8c9d-4f8c-ad0b-27f12bf26804", "keyword": "khai trương nhà hàng", "step": "capture", "message": "Capturing posinset=55 (55/∞)…", "data": {"w": 2}, "seq": 49468}
{"ts": "2026-05-01T19:36:08.689783+00:00", "level": "INFO", "jobId": "dca5378b-8c9d-4f8c-ad0b-27f12bf26804", "keyword": "khai trương nhà hàng", "step": "capture", "message": "Saved post_055.png (posinset=55)", "data": {"w": 2}, "seq": 49469}
{"ts": "2026-05-01T19:36:08.690786+00:00", "level": "INFO", "jobId": "dca5378b-8c9d-4f8c-ad0b-27f12bf26804", "keyword": "khai trương nhà hàng", "step": "cooldown", "message": "Cooldown 1.0s (after capture)", "data": {"w": 2}, "seq": 49470}
{"ts": "2026-05-01T19:36:09.740150+00:00", "level": "INFO", "jobId": "dca5378b-8c9d-4f8c-ad0b-27f12bf26804", "keyword": "khai trương nhà hàng", "step": "capture", "message": "Capturing posinset=56 (56/∞)…", "data": {"w": 2}, "seq": 49473}
{"ts": "2026-05-01T19:36:11.689304+00:00", "level": "INFO", "jobId": "dca5378b-8c9d-4f8c-ad0b-27f12bf26804", "keyword": "khai trương nhà hàng", "step": "capture", "message": "Saved post_056.png (posinset=56)", "data": {"w": 2}, "seq": 49475}
{"ts": "2026-05-01T19:36:11.690355+00:00", "level": "INFO", "jobId": "dca5378b-8c9d-4f8c-ad0b-27f12bf26804", "keyword": "khai trương nhà hàng", "step": "cooldown", "message": "Cooldown 1.0s (after capture)", "data": {"w": 2}, "seq": 49476}
{"ts": "2026-05-01T19:36:12.710133+00:00", "level": "INFO", "jobId": "dca5378b-8c9d-4f8c-ad0b-27f12bf26804", "keyword": "khai trương nhà hàng", "step": "capture", "message": "Capturing posinset=57 (57/∞)…", "data": {"w": 2}, "seq": 49477}
{"ts": "2026-05-01T19:36:14.385110+00:00", "level": "INFO", "jobId": "dca5378b-8c9d-4f8c-ad0b-27f12bf26804", "keyword": "khai trương nhà hàng", "step": "capture", "message": "Saved post_057.png (posinset=57)", "data": {"w": 2}, "seq": 49478}
{"ts": "2026-05-01T19:36:14.386446+00:00", "level": "INFO", "jobId": "dca5378b-8c9d-4f8c-ad0b-27f12bf26804", "keyword": "khai trương nhà hàng", "step": "cooldown", "message": "Cooldown 1.0s (after capture)", "data": {"w": 2}, "seq": 49479}
{"ts": "2026-05-01T19:36:15.420816+00:00", "level": "INFO", "jobId": "dca5378b-8c9d-4f8c-ad0b-27f12bf26804", "keyword": "khai trương nhà hàng", "step": "heartbeat", "message": "Worker alive", "data": {"w": 2, "elapsed_s": 185}, "seq": 49480}
{"ts": "2026-05-01T19:36:15.421816+00:00", "level": "INFO", "jobId": "dca5378b-8c9d-4f8c-ad0b-27f12bf26804", "keyword": "khai trương nhà hàng", "step": "capture", "message": "Capturing posinset=58 (58/∞)…", "data": {"w": 2}, "seq": 49481}
{"ts": "2026-05-01T19:36:16.942684+00:00", "level": "INFO", "jobId": "dca5378b-8c9d-4f8c-ad0b-27f12bf26804", "keyword": "khai trương nhà hàng", "step": "capture", "message": "Saved post_058.png (posinset=58)", "data": {"w": 2}, "seq": 49482}
{"ts": "2026-05-01T19:36:16.944620+00:00", "level": "INFO", "jobId": "dca5378b-8c9d-4f8c-ad0b-27f12bf26804", "keyword": "khai trương nhà hàng", "step": "cooldown", "message": "Cooldown 1.0s (after capture)", "data": {"w": 2}, "seq": 49483}
{"ts": "2026-05-01T19:36:18.618956+00:00", "level": "INFO", "jobId": "dca5378b-8c9d-4f8c-ad0b-27f12bf26804", "keyword": "khai trương nhà hàng", "step": "capture", "message": "Capturing posinset=59 (59/∞)…", "data": {"w": 2}, "seq": 49484}
{"ts": "2026-05-01T19:36:21.903419+00:00", "level": "INFO", "jobId": "dca5378b-8c9d-4f8c-ad0b-27f12bf26804", "keyword": "khai trương nhà hàng", "step": "capture", "message": "Capturing posinset=59 (59/∞)…", "data": {"w": 2}, "seq": 49489}
{"ts": "2026-05-01T19:36:23.729294+00:00", "level": "INFO", "jobId": "dca5378b-8c9d-4f8c-ad0b-27f12bf26804", "keyword": "khai trương nhà hàng", "step": "capture", "message": "Saved post_059.png (posinset=59)", "data": {"w": 2}, "seq": 49490}
{"ts": "2026-05-01T19:36:23.730781+00:00", "level": "INFO", "jobId": "dca5378b-8c9d-4f8c-ad0b-27f12bf26804", "keyword": "khai trương nhà hàng", "step": "cooldown", "message": "Cooldown 1.0s (after capture)", "data": {"w": 2}, "seq": 49491}
{"ts": "2026-05-01T19:36:24.751551+00:00", "level": "INFO", "jobId": "dca5378b-8c9d-4f8c-ad0b-27f12bf26804", "keyword": "khai trương nhà hàng", "step": "capture", "message": "Capturing posinset=60 (60/∞)…", "data": {"w": 2}, "seq": 49492}
{"ts": "2026-05-01T19:36:26.637197+00:00", "level": "INFO", "jobId": "dca5378b-8c9d-4f8c-ad0b-27f12bf26804", "keyword": "khai trương nhà hàng", "step": "capture", "message": "Saved post_060.png (posinset=60)", "data": {"w": 2}, "seq": 49493}
{"ts": "2026-05-01T19:36:26.638203+00:00", "level": "INFO", "jobId": "dca5378b-8c9d-4f8c-ad0b-27f12bf26804", "keyword": "khai trương nhà hàng", "step": "cooldown", "message": "Cooldown 1.0s (after capture)", "data": {"w": 2}, "seq": 49494}
{"ts": "2026-05-01T19:36:27.683639+00:00", "level": "INFO", "jobId": "dca5378b-8c9d-4f8c-ad0b-27f12bf26804", "keyword": "khai trương nhà hàng", "step": "capture", "message": "Capturing posinset=61 (61/∞)…", "data": {"w": 2}, "seq": 49495}
{"ts": "2026-05-01T19:36:29.416559+00:00", "level": "INFO", "jobId": "dca5378b-8c9d-4f8c-ad0b-27f12bf26804", "keyword": "khai trương nhà hàng", "step": "capture", "message": "Saved post_061.png (posinset=61)", "data": {"w": 2}, "seq": 49496}
{"ts": "2026-05-01T19:36:29.417554+00:00", "level": "INFO", "jobId": "dca5378b-8c9d-4f8c-ad0b-27f12bf26804", "keyword": "khai trương nhà hàng", "step": "cooldown", "message": "Cooldown 1.0s (after capture)", "data": {"w": 2}, "seq": 49497}
{"ts": "2026-05-01T19:36:30.445897+00:00", "level": "INFO", "jobId": "dca5378b-8c9d-4f8c-ad0b-27f12bf26804", "keyword": "khai trương nhà hàng", "step": "heartbeat", "message": "Worker alive", "data": {"w": 2, "elapsed_s": 200}, "seq": 49498}
{"ts": "2026-05-01T19:36:30.446776+00:00", "level": "INFO", "jobId": "dca5378b-8c9d-4f8c-ad0b-27f12bf26804", "keyword": "khai trương nhà hàng", "step": "capture", "message": "Capturing posinset=62 (62/∞)…", "data": {"w": 2}, "seq": 49499}
{"ts": "2026-05-01T19:36:32.130936+00:00", "level": "INFO", "jobId": "dca5378b-8c9d-4f8c-ad0b-27f12bf26804", "keyword": "khai trương nhà hàng", "step": "capture", "message": "Saved post_062.png (posinset=62)", "data": {"w": 2}, "seq": 49500}
{"ts": "2026-05-01T19:36:32.132269+00:00", "level": "INFO", "jobId": "dca5378b-8c9d-4f8c-ad0b-27f12bf26804", "keyword": "khai trương nhà hàng", "step": "cooldown", "message": "Cooldown 1.0s (after capture)", "data": {"w": 2}, "seq": 49501}
{"ts": "2026-05-01T19:36:33.160107+00:00", "level": "INFO", "jobId": "dca5378b-8c9d-4f8c-ad0b-27f12bf26804", "keyword": "khai trương nhà hàng", "step": "capture", "message": "Capturing posinset=63 (63/∞)…", "data": {"w": 2}, "seq": 49502}
{"ts": "2026-05-01T19:36:37.290305+00:00", "level": "INFO", "jobId": "dca5378b-8c9d-4f8c-ad0b-27f12bf26804", "keyword": "khai trương nhà hàng", "step": "capture", "message": "Saved post_063.png (posinset=63)", "data": {"w": 2}, "seq": 49503}
{"ts": "2026-05-01T19:36:37.291623+00:00", "level": "INFO", "jobId": "dca5378b-8c9d-4f8c-ad0b-27f12bf26804", "keyword": "khai trương nhà hàng", "step": "cooldown", "message": "Cooldown 1.0s (after capture)", "data": {"w": 2}, "seq": 49504}
{"ts": "2026-05-01T19:36:38.352740+00:00", "level": "INFO", "jobId": "dca5378b-8c9d-4f8c-ad0b-27f12bf26804", "keyword": "khai trương nhà hàng", "step": "capture", "message": "Capturing posinset=64 (64/∞)…", "data": {"w": 2}, "seq": 49505}
{"ts": "2026-05-01T19:36:39.782120+00:00", "level": "INFO", "jobId": "dca5378b-8c9d-4f8c-ad0b-27f12bf26804", "keyword": "khai trương nhà hàng", "step": "capture", "message": "Saved post_064.png (posinset=64)", "data": {"w": 2}, "seq": 49506}
{"ts": "2026-05-01T19:36:39.783120+00:00", "level": "INFO", "jobId": "dca5378b-8c9d-4f8c-ad0b-27f12bf26804", "keyword": "khai trương nhà hàng", "step": "cooldown", "message": "Cooldown 1.0s (after capture)", "data": {"w": 2}, "seq": 49507}
{"ts": "2026-05-01T19:36:40.820660+00:00", "level": "INFO", "jobId": "dca5378b-8c9d-4f8c-ad0b-27f12bf26804", "keyword": "khai trương nhà hàng", "step": "capture", "message": "Capturing posinset=65 (65/∞)…", "data": {"w": 2}, "seq": 49508}
{"ts": "2026-05-01T19:36:43.148998+00:00", "level": "INFO", "jobId": "dca5378b-8c9d-4f8c-ad0b-27f12bf26804", "keyword": "khai trương nhà hàng", "step": "capture", "message": "Saved post_065.png (posinset=65)", "data": {"w": 2}, "seq": 49511}
{"ts": "2026-05-01T19:36:43.149989+00:00", "level": "INFO", "jobId": "dca5378b-8c9d-4f8c-ad0b-27f12bf26804", "keyword": "khai trương nhà hàng", "step": "cooldown", "message": "Cooldown 1.0s (after capture)", "data": {"w": 2}, "seq": 49512}
{"ts": "2026-05-01T19:36:44.336369+00:00", "level": "INFO", "jobId": "dca5378b-8c9d-4f8c-ad0b-27f12bf26804", "keyword": "khai trương nhà hàng", "step": "capture", "message": "Capturing posinset=66 (66/∞)…", "data": {"w": 2}, "seq": 49515}
{"ts": "2026-05-01T19:36:46.417994+00:00", "level": "INFO", "jobId": "dca5378b-8c9d-4f8c-ad0b-27f12bf26804", "keyword": "khai trương nhà hàng", "step": "capture", "message": "Saved post_066.png (posinset=66)", "data": {"w": 2}, "seq": 49516}
{"ts": "2026-05-01T19:36:46.419358+00:00", "level": "INFO", "jobId": "dca5378b-8c9d-4f8c-ad0b-27f12bf26804", "keyword": "khai trương nhà hàng", "step": "cooldown", "message": "Cooldown 1.0s (after capture)", "data": {"w": 2}, "seq": 49517}
{"ts": "2026-05-01T19:36:47.440435+00:00", "level": "INFO", "jobId": "dca5378b-8c9d-4f8c-ad0b-27f12bf26804", "keyword": "khai trương nhà hàng", "step": "heartbeat", "message": "Worker alive", "data": {"w": 2, "elapsed_s": 217}, "seq": 49518}
{"ts": "2026-05-01T19:36:47.441597+00:00", "level": "INFO", "jobId": "dca5378b-8c9d-4f8c-ad0b-27f12bf26804", "keyword": "khai trương nhà hàng", "step": "capture", "message": "Capturing posinset=67 (67/∞)…", "data": {"w": 2}, "seq": 49519}
{"ts": "2026-05-01T19:36:49.110080+00:00", "level": "INFO", "jobId": "dca5378b-8c9d-4f8c-ad0b-27f12bf26804", "keyword": "khai trương nhà hàng", "step": "capture", "message": "Saved post_067.png (posinset=67)", "data": {"w": 2}, "seq": 49520}
{"ts": "2026-05-01T19:36:49.111078+00:00", "level": "INFO", "jobId": "dca5378b-8c9d-4f8c-ad0b-27f12bf26804", "keyword": "khai trương nhà hàng", "step": "cooldown", "message": "Cooldown 1.0s (after capture)", "data": {"w": 2}, "seq": 49521}
{"ts": "2026-05-01T19:36:50.141288+00:00", "level": "INFO", "jobId": "dca5378b-8c9d-4f8c-ad0b-27f12bf26804", "keyword": "khai trương nhà hàng", "step": "capture", "message": "Capturing posinset=68 (68/∞)…", "data": {"w": 2}, "seq": 49522}
{"ts": "2026-05-01T19:36:51.769449+00:00", "level": "INFO", "jobId": "dca5378b-8c9d-4f8c-ad0b-27f12bf26804", "keyword": "khai trương nhà hàng", "step": "capture", "message": "Saved post_068.png (posinset=68)", "data": {"w": 2}, "seq": 49523}
{"ts": "2026-05-01T19:36:51.770449+00:00", "level": "INFO", "jobId": "dca5378b-8c9d-4f8c-ad0b-27f12bf26804", "keyword": "khai trương nhà hàng", "step": "cooldown", "message": "Cooldown 1.0s (after capture)", "data": {"w": 2}, "seq": 49524}
{"ts": "2026-05-01T19:36:53.069269+00:00", "level": "INFO", "jobId": "dca5378b-8c9d-4f8c-ad0b-27f12bf26804", "keyword": "khai trương nhà hàng", "step": "capture", "message": "Capturing posinset=69 (69/∞)…", "data": {"w": 2}, "seq": 49525}
{"ts": "2026-05-01T19:36:54.833294+00:00", "level": "INFO", "jobId": "dca5378b-8c9d-4f8c-ad0b-27f12bf26804", "keyword": "khai trương nhà hàng", "step": "capture", "message": "Saved post_069.png (posinset=69)", "data": {"w": 2}, "seq": 49526}
{"ts": "2026-05-01T19:36:54.834294+00:00", "level": "INFO", "jobId": "dca5378b-8c9d-4f8c-ad0b-27f12bf26804", "keyword": "khai trương nhà hàng", "step": "cooldown", "message": "Cooldown 1.0s (after capture)", "data": {"w": 2}, "seq": 49527}
{"ts": "2026-05-01T19:36:55.858262+00:00", "level": "INFO", "jobId": "dca5378b-8c9d-4f8c-ad0b-27f12bf26804", "keyword": "khai trương nhà hàng", "step": "capture", "message": "Capturing posinset=70 (70/∞)…", "data": {"w": 2}, "seq": 49528}
{"ts": "2026-05-01T19:36:57.578247+00:00", "level": "INFO", "jobId": "dca5378b-8c9d-4f8c-ad0b-27f12bf26804", "keyword": "khai trương nhà hàng", "step": "capture", "message": "Saved post_070.png (posinset=70)", "data": {"w": 2}, "seq": 49529}
{"ts": "2026-05-01T19:36:57.579247+00:00", "level": "INFO", "jobId": "dca5378b-8c9d-4f8c-ad0b-27f12bf26804", "keyword": "khai trương nhà hàng", "step": "cooldown", "message": "Cooldown 1.0s (after capture)", "data": {"w": 2}, "seq": 49530}
{"ts": "2026-05-01T19:36:58.617981+00:00", "level": "INFO", "jobId": "dca5378b-8c9d-4f8c-ad0b-27f12bf26804", "keyword": "khai trương nhà hàng", "step": "capture", "message": "Capturing posinset=71 (71/∞)…", "data": {"w": 2}, "seq": 49531}
{"ts": "2026-05-01T19:37:00.463043+00:00", "level": "INFO", "jobId": "dca5378b-8c9d-4f8c-ad0b-27f12bf26804", "keyword": "khai trương nhà hàng", "step": "capture", "message": "Saved post_071.png (posinset=71)", "data": {"w": 2}, "seq": 49532}
{"ts": "2026-05-01T19:37:00.464043+00:00", "level": "INFO", "jobId": "dca5378b-8c9d-4f8c-ad0b-27f12bf26804", "keyword": "khai trương nhà hàng", "step": "cooldown", "message": "Cooldown 1.0s (after capture)", "data": {"w": 2}, "seq": 49533}
{"ts": "2026-05-01T19:37:01.494428+00:00", "level": "INFO", "jobId": "dca5378b-8c9d-4f8c-ad0b-27f12bf26804", "keyword": "khai trương nhà hàng", "step": "capture", "message": "Capturing posinset=72 (72/∞)…", "data": {"w": 2}, "seq": 49536}
{"ts": "2026-05-01T19:37:03.155552+00:00", "level": "INFO", "jobId": "dca5378b-8c9d-4f8c-ad0b-27f12bf26804", "keyword": "khai trương nhà hàng", "step": "capture", "message": "Saved post_072.png (posinset=72)", "data": {"w": 2}, "seq": 49539}
{"ts": "2026-05-01T19:37:03.156639+00:00", "level": "INFO", "jobId": "dca5378b-8c9d-4f8c-ad0b-27f12bf26804", "keyword": "khai trương nhà hàng", "step": "cooldown", "message": "Cooldown 1.0s (after capture)", "data": {"w": 2}, "seq": 49540}
{"ts": "2026-05-01T19:37:04.192003+00:00", "level": "INFO", "jobId": "dca5378b-8c9d-4f8c-ad0b-27f12bf26804", "keyword": "khai trương nhà hàng", "step": "heartbeat", "message": "Worker alive", "data": {"w": 2, "elapsed_s": 234}, "seq": 49541}
{"ts": "2026-05-01T19:37:04.193086+00:00", "level": "INFO", "jobId": "dca5378b-8c9d-4f8c-ad0b-27f12bf26804", "keyword": "khai trương nhà hàng", "step": "capture", "message": "Capturing posinset=73 (73/∞)…", "data": {"w": 2}, "seq": 49542}
{"ts": "2026-05-01T19:37:05.852356+00:00", "level": "INFO", "jobId": "dca5378b-8c9d-4f8c-ad0b-27f12bf26804", "keyword": "khai trương nhà hàng", "step": "capture", "message": "Saved post_073.png (posinset=73)", "data": {"w": 2}, "seq": 49543}
{"ts": "2026-05-01T19:37:05.852356+00:00", "level": "INFO", "jobId": "dca5378b-8c9d-4f8c-ad0b-27f12bf26804", "keyword": "khai trương nhà hàng", "step": "cooldown", "message": "Cooldown 1.0s (after capture)", "data": {"w": 2}, "seq": 49544}
{"ts": "2026-05-01T19:37:07.289030+00:00", "level": "INFO", "jobId": "dca5378b-8c9d-4f8c-ad0b-27f12bf26804", "keyword": "khai trương nhà hàng", "step": "capture", "message": "Capturing posinset=74 (74/∞)…", "data": {"w": 2}, "seq": 49547}
{"ts": "2026-05-01T19:37:10.048377+00:00", "level": "INFO", "jobId": "dca5378b-8c9d-4f8c-ad0b-27f12bf26804", "keyword": "khai trương nhà hàng", "step": "capture", "message": "Saved post_074.png (posinset=74)", "data": {"w": 2}, "seq": 49549}
{"ts": "2026-05-01T19:37:10.049394+00:00", "level": "INFO", "jobId": "dca5378b-8c9d-4f8c-ad0b-27f12bf26804", "keyword": "khai trương nhà hàng", "step": "cooldown", "message": "Cooldown 1.0s (after capture)", "data": {"w": 2}, "seq": 49550}
{"ts": "2026-05-01T19:37:11.070932+00:00", "level": "INFO", "jobId": "dca5378b-8c9d-4f8c-ad0b-27f12bf26804", "keyword": "khai trương nhà hàng", "step": "capture", "message": "Capturing posinset=75 (75/∞)…", "data": {"w": 2}, "seq": 49551}
{"ts": "2026-05-01T19:37:12.757908+00:00", "level": "INFO", "jobId": "dca5378b-8c9d-4f8c-ad0b-27f12bf26804", "keyword": "khai trương nhà hàng", "step": "capture", "message": "Saved post_075.png (posinset=75)", "data": {"w": 2}, "seq": 49552}
{"ts": "2026-05-01T19:37:12.760330+00:00", "level": "INFO", "jobId": "dca5378b-8c9d-4f8c-ad0b-27f12bf26804", "keyword": "khai trương nhà hàng", "step": "cooldown", "message": "Cooldown 1.0s (after capture)", "data": {"w": 2}, "seq": 49553}
{"ts": "2026-05-01T19:37:13.790212+00:00", "level": "INFO", "jobId": "dca5378b-8c9d-4f8c-ad0b-27f12bf26804", "keyword": "khai trương nhà hàng", "step": "capture", "message": "Capturing posinset=76 (76/∞)…", "data": {"w": 2}, "seq": 49554}
{"ts": "2026-05-01T19:37:15.209994+00:00", "level": "INFO", "jobId": "dca5378b-8c9d-4f8c-ad0b-27f12bf26804", "keyword": "khai trương nhà hàng", "step": "capture", "message": "Saved post_076.png (posinset=76)", "data": {"w": 2}, "seq": 49558}
{"ts": "2026-05-01T19:37:15.210994+00:00", "level": "INFO", "jobId": "dca5378b-8c9d-4f8c-ad0b-27f12bf26804", "keyword": "khai trương nhà hàng", "step": "cooldown", "message": "Cooldown 1.0s (after capture)", "data": {"w": 2}, "seq": 49559}
{"ts": "2026-05-01T19:37:16.255716+00:00", "level": "INFO", "jobId": "dca5378b-8c9d-4f8c-ad0b-27f12bf26804", "keyword": "khai trương nhà hàng", "step": "capture", "message": "Capturing posinset=77 (77/∞)…", "data": {"w": 2}, "seq": 49560}
{"ts": "2026-05-01T19:37:18.169926+00:00", "level": "INFO", "jobId": "dca5378b-8c9d-4f8c-ad0b-27f12bf26804", "keyword": "khai trương nhà hàng", "step": "capture", "message": "Saved post_077.png (posinset=77)", "data": {"w": 2}, "seq": 49561}
{"ts": "2026-05-01T19:37:18.171925+00:00", "level": "INFO", "jobId": "dca5378b-8c9d-4f8c-ad0b-27f12bf26804", "keyword": "khai trương nhà hàng", "step": "cooldown", "message": "Cooldown 1.0s (after capture)", "data": {"w": 2}, "seq": 49562}
{"ts": "2026-05-01T19:37:19.213015+00:00", "level": "INFO", "jobId": "dca5378b-8c9d-4f8c-ad0b-27f12bf26804", "keyword": "khai trương nhà hàng", "step": "heartbeat", "message": "Worker alive", "data": {"w": 2, "elapsed_s": 249}, "seq": 49563}
{"ts": "2026-05-01T19:37:19.215026+00:00", "level": "INFO", "jobId": "dca5378b-8c9d-4f8c-ad0b-27f12bf26804", "keyword": "khai trương nhà hàng", "step": "capture", "message": "Capturing posinset=78 (78/∞)…", "data": {"w": 2}, "seq": 49564}
{"ts": "2026-05-01T19:37:20.806968+00:00", "level": "INFO", "jobId": "dca5378b-8c9d-4f8c-ad0b-27f12bf26804", "keyword": "khai trương nhà hàng", "step": "capture", "message": "Saved post_078.png (posinset=78)", "data": {"w": 2}, "seq": 49567}
{"ts": "2026-05-01T19:37:20.810027+00:00", "level": "INFO", "jobId": "dca5378b-8c9d-4f8c-ad0b-27f12bf26804", "keyword": "khai trương nhà hàng", "step": "cooldown", "message": "Cooldown 1.0s (after capture)", "data": {"w": 2}, "seq": 49568}
{"ts": "2026-05-01T19:37:22.017802+00:00", "level": "INFO", "jobId": "dca5378b-8c9d-4f8c-ad0b-27f12bf26804", "keyword": "khai trương nhà hàng", "step": "capture", "message": "Capturing posinset=79 (79/∞)…", "data": {"w": 2}, "seq": 49571}
{"ts": "2026-05-01T19:37:24.696766+00:00", "level": "INFO", "jobId": "dca5378b-8c9d-4f8c-ad0b-27f12bf26804", "keyword": "khai trương nhà hàng", "step": "capture", "message": "Capturing posinset=79 (79/∞)…", "data": {"w": 2}, "seq": 49572}
{"ts": "2026-05-01T19:37:26.654306+00:00", "level": "INFO", "jobId": "dca5378b-8c9d-4f8c-ad0b-27f12bf26804", "keyword": "khai trương nhà hàng", "step": "capture", "message": "Saved post_079.png (posinset=79)", "data": {"w": 2}, "seq": 49573}
{"ts": "2026-05-01T19:37:26.655307+00:00", "level": "INFO", "jobId": "dca5378b-8c9d-4f8c-ad0b-27f12bf26804", "keyword": "khai trương nhà hàng", "step": "cooldown", "message": "Cooldown 1.0s (after capture)", "data": {"w": 2}, "seq": 49574}
{"ts": "2026-05-01T19:37:27.691613+00:00", "level": "INFO", "jobId": "dca5378b-8c9d-4f8c-ad0b-27f12bf26804", "keyword": "khai trương nhà hàng", "step": "capture", "message": "Capturing posinset=80 (80/∞)…", "data": {"w": 2}, "seq": 49575}
{"ts": "2026-05-01T19:37:32.725756+00:00", "level": "INFO", "jobId": "dca5378b-8c9d-4f8c-ad0b-27f12bf26804", "keyword": "khai trương nhà hàng", "step": "capture", "message": "Saved post_080.png (posinset=80)", "data": {"w": 2}, "seq": 49579}
{"ts": "2026-05-01T19:37:32.726760+00:00", "level": "INFO", "jobId": "dca5378b-8c9d-4f8c-ad0b-27f12bf26804", "keyword": "khai trương nhà hàng", "step": "cooldown", "message": "Cooldown 1.0s (after capture)", "data": {"w": 2}, "seq": 49580}
{"ts": "2026-05-01T19:37:33.760071+00:00", "level": "INFO", "jobId": "dca5378b-8c9d-4f8c-ad0b-27f12bf26804", "keyword": "khai trương nhà hàng", "step": "capture", "message": "Capturing posinset=81 (81/∞)…", "data": {"w": 2}, "seq": 49581}
{"ts": "2026-05-01T19:37:35.683001+00:00", "level": "INFO", "jobId": "dca5378b-8c9d-4f8c-ad0b-27f12bf26804", "keyword": "khai trương nhà hàng", "step": "capture", "message": "Saved post_081.png (posinset=81)", "data": {"w": 2}, "seq": 49582}
{"ts": "2026-05-01T19:37:35.684349+00:00", "level": "INFO", "jobId": "dca5378b-8c9d-4f8c-ad0b-27f12bf26804", "keyword": "khai trương nhà hàng", "step": "cooldown", "message": "Cooldown 1.0s (after capture)", "data": {"w": 2}, "seq": 49583}
{"ts": "2026-05-01T19:37:36.735467+00:00", "level": "INFO", "jobId": "dca5378b-8c9d-4f8c-ad0b-27f12bf26804", "keyword": "khai trương nhà hàng", "step": "heartbeat", "message": "Worker alive", "data": {"w": 2, "elapsed_s": 266}, "seq": 49584}
{"ts": "2026-05-01T19:37:36.736710+00:00", "level": "INFO", "jobId": "dca5378b-8c9d-4f8c-ad0b-27f12bf26804", "keyword": "khai trương nhà hàng", "step": "capture", "message": "Capturing posinset=82 (82/∞)…", "data": {"w": 2}, "seq": 49585}
{"ts": "2026-05-01T19:37:38.268415+00:00", "level": "INFO", "jobId": "dca5378b-8c9d-4f8c-ad0b-27f12bf26804", "keyword": "khai trương nhà hàng", "step": "capture", "message": "Saved post_082.png (posinset=82)", "data": {"w": 2}, "seq": 49586}
{"ts": "2026-05-01T19:37:38.269914+00:00", "level": "INFO", "jobId": "dca5378b-8c9d-4f8c-ad0b-27f12bf26804", "keyword": "khai trương nhà hàng", "step": "cooldown", "message": "Cooldown 1.0s (after capture)", "data": {"w": 2}, "seq": 49587}
{"ts": "2026-05-01T19:37:39.308806+00:00", "level": "INFO", "jobId": "dca5378b-8c9d-4f8c-ad0b-27f12bf26804", "keyword": "khai trương nhà hàng", "step": "capture", "message": "Capturing posinset=83 (83/∞)…", "data": {"w": 2}, "seq": 49588}
{"ts": "2026-05-01T19:37:41.431416+00:00", "level": "INFO", "jobId": "dca5378b-8c9d-4f8c-ad0b-27f12bf26804", "keyword": "khai trương nhà hàng", "step": "capture", "message": "Saved post_083.png (posinset=83)", "data": {"w": 2}, "seq": 49591}
{"ts": "2026-05-01T19:37:41.432416+00:00", "level": "INFO", "jobId": "dca5378b-8c9d-4f8c-ad0b-27f12bf26804", "keyword": "khai trương nhà hàng", "step": "cooldown", "message": "Cooldown 1.0s (after capture)", "data": {"w": 2}, "seq": 49592}
{"ts": "2026-05-01T19:37:42.851102+00:00", "level": "INFO", "jobId": "dca5378b-8c9d-4f8c-ad0b-27f12bf26804", "keyword": "khai trương nhà hàng", "step": "capture", "message": "Capturing posinset=84 (84/∞)…", "data": {"w": 2}, "seq": 49593}
{"ts": "2026-05-01T19:37:45.130973+00:00", "level": "INFO", "jobId": "dca5378b-8c9d-4f8c-ad0b-27f12bf26804", "keyword": "khai trương nhà hàng", "step": "capture", "message": "Saved post_084.png (posinset=84)", "data": {"w": 2}, "seq": 49594}
{"ts": "2026-05-01T19:37:45.132276+00:00", "level": "INFO", "jobId": "dca5378b-8c9d-4f8c-ad0b-27f12bf26804", "keyword": "khai trương nhà hàng", "step": "cooldown", "message": "Cooldown 1.0s (after capture)", "data": {"w": 2}, "seq": 49595}
{"ts": "2026-05-01T19:37:46.197211+00:00", "level": "INFO", "jobId": "dca5378b-8c9d-4f8c-ad0b-27f12bf26804", "keyword": "khai trương nhà hàng", "step": "capture", "message": "Capturing posinset=85 (85/∞)…", "data": {"w": 2}, "seq": 49596}
{"ts": "2026-05-01T19:37:48.445322+00:00", "level": "INFO", "jobId": "dca5378b-8c9d-4f8c-ad0b-27f12bf26804", "keyword": "khai trương nhà hàng", "step": "capture", "message": "Saved post_085.png (posinset=85)", "data": {"w": 2}, "seq": 49597}
{"ts": "2026-05-01T19:37:48.447348+00:00", "level": "INFO", "jobId": "dca5378b-8c9d-4f8c-ad0b-27f12bf26804", "keyword": "khai trương nhà hàng", "step": "cooldown", "message": "Cooldown 1.0s (after capture)", "data": {"w": 2}, "seq": 49598}
{"ts": "2026-05-01T19:37:49.478276+00:00", "level": "INFO", "jobId": "dca5378b-8c9d-4f8c-ad0b-27f12bf26804", "keyword": "khai trương nhà hàng", "step": "capture", "message": "Capturing posinset=86 (86/∞)…", "data": {"w": 2}, "seq": 49599}
{"ts": "2026-05-01T19:37:51.223217+00:00", "level": "INFO", "jobId": "dca5378b-8c9d-4f8c-ad0b-27f12bf26804", "keyword": "khai trương nhà hàng", "step": "capture", "message": "Saved post_086.png (posinset=86)", "data": {"w": 2}, "seq": 49603}
{"ts": "2026-05-01T19:37:51.224391+00:00", "level": "INFO", "jobId": "dca5378b-8c9d-4f8c-ad0b-27f12bf26804", "keyword": "khai trương nhà hàng", "step": "cooldown", "message": "Cooldown 1.0s (after capture)", "data": {"w": 2}, "seq": 49604}
{"ts": "2026-05-01T19:37:52.254063+00:00", "level": "INFO", "jobId": "dca5378b-8c9d-4f8c-ad0b-27f12bf26804", "keyword": "khai trương nhà hàng", "step": "heartbeat", "message": "Worker alive", "data": {"w": 2, "elapsed_s": 282}, "seq": 49605}
{"ts": "2026-05-01T19:37:52.255070+00:00", "level": "INFO", "jobId": "dca5378b-8c9d-4f8c-ad0b-27f12bf26804", "keyword": "khai trương nhà hàng", "step": "capture", "message": "Capturing posinset=87 (87/∞)…", "data": {"w": 2}, "seq": 49606}
{"ts": "2026-05-01T19:37:53.694529+00:00", "level": "INFO", "jobId": "dca5378b-8c9d-4f8c-ad0b-27f12bf26804", "keyword": "khai trương nhà hàng", "step": "capture", "message": "Saved post_087.png (posinset=87)", "data": {"w": 2}, "seq": 49607}
{"ts": "2026-05-01T19:37:53.695530+00:00", "level": "INFO", "jobId": "dca5378b-8c9d-4f8c-ad0b-27f12bf26804", "keyword": "khai trương nhà hàng", "step": "cooldown", "message": "Cooldown 1.0s (after capture)", "data": {"w": 2}, "seq": 49608}
{"ts": "2026-05-01T19:37:54.723721+00:00", "level": "INFO", "jobId": "dca5378b-8c9d-4f8c-ad0b-27f12bf26804", "keyword": "khai trương nhà hàng", "step": "capture", "message": "Capturing posinset=88 (88/∞)…", "data": {"w": 2}, "seq": 49611}
{"ts": "2026-05-01T19:37:56.548706+00:00", "level": "INFO", "jobId": "dca5378b-8c9d-4f8c-ad0b-27f12bf26804", "keyword": "khai trương nhà hàng", "step": "capture", "message": "Saved post_088.png (posinset=88)", "data": {"w": 2}, "seq": 49614}
{"ts": "2026-05-01T19:37:56.549704+00:00", "level": "INFO", "jobId": "dca5378b-8c9d-4f8c-ad0b-27f12bf26804", "keyword": "khai trương nhà hàng", "step": "cooldown", "message": "Cooldown 1.0s (after capture)", "data": {"w": 2}, "seq": 49615}
{"ts": "2026-05-01T19:37:57.589814+00:00", "level": "INFO", "jobId": "dca5378b-8c9d-4f8c-ad0b-27f12bf26804", "keyword": "khai trương nhà hàng", "step": "capture", "message": "Capturing posinset=89 (89/∞)…", "data": {"w": 2}, "seq": 49616}
{"ts": "2026-05-01T19:37:58.961666+00:00", "level": "INFO", "jobId": "dca5378b-8c9d-4f8c-ad0b-27f12bf26804", "keyword": "khai trương nhà hàng", "step": "capture", "message": "Capturing posinset=89 (89/∞)…", "data": {"w": 2}, "seq": 49617}
{"ts": "2026-05-01T19:38:00.333584+00:00", "level": "INFO", "jobId": "dca5378b-8c9d-4f8c-ad0b-27f12bf26804", "keyword": "khai trương nhà hàng", "step": "capture", "message": "Capturing posinset=89 (89/∞)…", "data": {"w": 2}, "seq": 49618}
{"ts": "2026-05-01T19:38:01.670538+00:00", "level": "INFO", "jobId": "dca5378b-8c9d-4f8c-ad0b-27f12bf26804", "keyword": "khai trương nhà hàng", "step": "capture", "message": "Capturing posinset=89 (89/∞)…", "data": {"w": 2}, "seq": 49619}
{"ts": "2026-05-01T19:38:03.060604+00:00", "level": "INFO", "jobId": "dca5378b-8c9d-4f8c-ad0b-27f12bf26804", "keyword": "khai trương nhà hàng", "step": "capture", "message": "Capturing posinset=89 (89/∞)…", "data": {"w": 2}, "seq": 49620}
{"ts": "2026-05-01T19:38:04.412694+00:00", "level": "INFO", "jobId": "dca5378b-8c9d-4f8c-ad0b-27f12bf26804", "keyword": "khai trương nhà hàng", "step": "capture", "message": "Capturing posinset=89 (89/∞)…", "data": {"w": 2}, "seq": 49621}
{"ts": "2026-05-01T19:38:05.815076+00:00", "level": "INFO", "jobId": "dca5378b-8c9d-4f8c-ad0b-27f12bf26804", "keyword": "khai trương nhà hàng", "step": "capture", "message": "Capturing posinset=89 (89/∞)…", "data": {"w": 2}, "seq": 49622}
{"ts": "2026-05-01T19:38:17.355002+00:00", "level": "INFO", "jobId": "dca5378b-8c9d-4f8c-ad0b-27f12bf26804", "keyword": "khai trương nhà hàng", "step": "heartbeat", "message": "Worker alive", "data": {"w": 2, "elapsed_s": 307}, "seq": 49627}
{"ts": "2026-05-01T19:38:17.356222+00:00", "level": "INFO", "jobId": "dca5378b-8c9d-4f8c-ad0b-27f12bf26804", "keyword": "khai trương nhà hàng", "step": "capture", "message": "Capturing posinset=89 (89/∞)…", "data": {"w": 2}, "seq": 49628}
{"ts": "2026-05-01T19:38:28.971397+00:00", "level": "INFO", "jobId": "dca5378b-8c9d-4f8c-ad0b-27f12bf26804", "keyword": "khai trương nhà hàng", "step": "capture", "message": "Capturing posinset=89 (89/∞)…", "data": {"w": 2}, "seq": 49633}
{"ts": "2026-05-01T19:38:30.328326+00:00", "level": "INFO", "jobId": "dca5378b-8c9d-4f8c-ad0b-27f12bf26804", "keyword": "khai trương nhà hàng", "step": "capture", "message": "Reached end of results (maxPos=88). Stopping capture loop.", "data": {"w": 2}, "seq": 49634}
{"ts": "2026-05-01T19:38:30.365975+00:00", "level": "INFO", "jobId": "dca5378b-8c9d-4f8c-ad0b-27f12bf26804", "keyword": "khai trương nhà hàng", "step": "capture", "message": "Capture loop finished (unlimited). Saved=88", "data": {"w": 2}, "seq": 49635}
{"ts": "2026-05-01T19:38:30.367498+00:00", "level": "INFO", "jobId": "dca5378b-8c9d-4f8c-ad0b-27f12bf26804", "keyword": "khai trương nhà hàng", "step": "done", "message": "Completed. Saved=88", "data": {"w": 2}, "seq": 49636}
