{"ts": "2026-05-01T17:31:36.859887+00:00", "level": "INFO", "jobId": "ecc09a7f-3b47-4076-9878-52c5a6bb2e4d", "keyword": "chuẩn bị khai trương", "step": "start", "message": "Job started (attempt 1/1)", "data": {"w": 0}, "seq": 36686}
{"ts": "2026-05-01T17:31:48.493771+00:00", "level": "INFO", "jobId": "ecc09a7f-3b47-4076-9878-52c5a6bb2e4d", "keyword": "chuẩn bị khai trương", "step": "login", "message": "Already logged in (home).", "data": {"w": 0}, "seq": 36705}
{"ts": "2026-05-01T17:31:48.497457+00:00", "level": "INFO", "jobId": "ecc09a7f-3b47-4076-9878-52c5a6bb2e4d", "keyword": "chuẩn bị khai trương", "step": "search", "message": "Searching keyword: \"chuẩn bị khai trương\"", "data": {"w": 0}, "seq": 36706}
{"ts": "2026-05-01T17:31:54.402925+00:00", "level": "INFO", "jobId": "ecc09a7f-3b47-4076-9878-52c5a6bb2e4d", "keyword": "chuẩn bị khai trương", "step": "capture", "message": "Start capturing all posts until end of results.", "data": {"w": 0}, "seq": 36711}
{"ts": "2026-05-01T17:31:54.405925+00:00", "level": "INFO", "jobId": "ecc09a7f-3b47-4076-9878-52c5a6bb2e4d", "keyword": "chuẩn bị khai trương", "step": "capture", "message": "Output folder: Lan 1 - 0031", "data": {"w": 0}, "seq": 36712}
{"ts": "2026-05-01T17:32:01.757722+00:00", "level": "INFO", "jobId": "ecc09a7f-3b47-4076-9878-52c5a6bb2e4d", "keyword": "chuẩn bị khai trương", "step": "capture", "message": "Guard: forcing top before first capture (y=2027, primary=0)", "data": {"w": 0}, "seq": 36720}
{"ts": "2026-05-01T17:32:01.820579+00:00", "level": "INFO", "jobId": "ecc09a7f-3b47-4076-9878-52c5a6bb2e4d", "keyword": "chuẩn bị khai trương", "step": "capture", "message": "Capturing posinset=1 (1/∞)…", "data": {"w": 0}, "seq": 36721}
{"ts": "2026-05-01T17:32:05.855919+00:00", "level": "INFO", "jobId": "ecc09a7f-3b47-4076-9878-52c5a6bb2e4d", "keyword": "chuẩn bị khai trương", "step": "capture", "message": "Saved post_001.png (posinset=1)", "data": {"w": 0}, "seq": 36727}
{"ts": "2026-05-01T17:32:05.857354+00:00", "level": "INFO", "jobId": "ecc09a7f-3b47-4076-9878-52c5a6bb2e4d", "keyword": "chuẩn bị khai trương", "step": "cooldown", "message": "Cooldown 1.0s (after capture)", "data": {"w": 0}, "seq": 36728}
{"ts": "2026-05-01T17:32:06.888760+00:00", "level": "INFO", "jobId": "ecc09a7f-3b47-4076-9878-52c5a6bb2e4d", "keyword": "chuẩn bị khai trương", "step": "capture", "message": "Capturing posinset=2 (2/∞)…", "data": {"w": 0}, "seq": 36731}
{"ts": "2026-05-01T17:32:08.170547+00:00", "level": "INFO", "jobId": "ecc09a7f-3b47-4076-9878-52c5a6bb2e4d", "keyword": "chuẩn bị khai trương", "step": "capture", "message": "Saved post_002.png (posinset=2)", "data": {"w": 0}, "seq": 36736}
{"ts": "2026-05-01T17:32:08.170547+00:00", "level": "INFO", "jobId": "ecc09a7f-3b47-4076-9878-52c5a6bb2e4d", "keyword": "chuẩn bị khai trương", "step": "cooldown", "message": "Cooldown 1.0s (after capture)", "data": {"w": 0}, "seq": 36737}
{"ts": "2026-05-01T17:32:09.183703+00:00", "level": "INFO", "jobId": "ecc09a7f-3b47-4076-9878-52c5a6bb2e4d", "keyword": "chuẩn bị khai trương", "step": "capture", "message": "Capturing posinset=3 (3/∞)…", "data": {"w": 0}, "seq": 36738}
{"ts": "2026-05-01T17:32:10.499911+00:00", "level": "INFO", "jobId": "ecc09a7f-3b47-4076-9878-52c5a6bb2e4d", "keyword": "chuẩn bị khai trương", "step": "capture", "message": "Saved post_003.png (posinset=3)", "data": {"w": 0}, "seq": 36742}
{"ts": "2026-05-01T17:32:10.501044+00:00", "level": "INFO", "jobId": "ecc09a7f-3b47-4076-9878-52c5a6bb2e4d", "keyword": "chuẩn bị khai trương", "step": "cooldown", "message": "Cooldown 1.0s (after capture)", "data": {"w": 0}, "seq": 36743}
{"ts": "2026-05-01T17:32:11.532412+00:00", "level": "INFO", "jobId": "ecc09a7f-3b47-4076-9878-52c5a6bb2e4d", "keyword": "chuẩn bị khai trương", "step": "capture", "message": "Capturing posinset=4 (4/∞)…", "data": {"w": 0}, "seq": 36746}
{"ts": "2026-05-01T17:32:13.402179+00:00", "level": "INFO", "jobId": "ecc09a7f-3b47-4076-9878-52c5a6bb2e4d", "keyword": "chuẩn bị khai trương", "step": "capture", "message": "Saved post_004.png (posinset=4)", "data": {"w": 0}, "seq": 36750}
{"ts": "2026-05-01T17:32:13.403363+00:00", "level": "INFO", "jobId": "ecc09a7f-3b47-4076-9878-52c5a6bb2e4d", "keyword": "chuẩn bị khai trương", "step": "cooldown", "message": "Cooldown 1.0s (after capture)", "data": {"w": 0}, "seq": 36751}
{"ts": "2026-05-01T17:32:14.416159+00:00", "level": "INFO", "jobId": "ecc09a7f-3b47-4076-9878-52c5a6bb2e4d", "keyword": "chuẩn bị khai trương", "step": "capture", "message": "Capturing posinset=5 (5/∞)…", "data": {"w": 0}, "seq": 36753}
{"ts": "2026-05-01T17:32:16.547133+00:00", "level": "INFO", "jobId": "ecc09a7f-3b47-4076-9878-52c5a6bb2e4d", "keyword": "chuẩn bị khai trương", "step": "capture", "message": "Saved post_005.png (posinset=5)", "data": {"w": 0}, "seq": 36759}
{"ts": "2026-05-01T17:32:16.548207+00:00", "level": "INFO", "jobId": "ecc09a7f-3b47-4076-9878-52c5a6bb2e4d", "keyword": "chuẩn bị khai trương", "step": "cooldown", "message": "Cooldown 1.0s (after capture)", "data": {"w": 0}, "seq": 36760}
{"ts": "2026-05-01T17:32:17.564524+00:00", "level": "INFO", "jobId": "ecc09a7f-3b47-4076-9878-52c5a6bb2e4d", "keyword": "chuẩn bị khai trương", "step": "heartbeat", "message": "Worker alive", "data": {"w": 0, "elapsed_s": 40}, "seq": 36763}
{"ts": "2026-05-01T17:32:17.565544+00:00", "level": "INFO", "jobId": "ecc09a7f-3b47-4076-9878-52c5a6bb2e4d", "keyword": "chuẩn bị khai trương", "step": "capture", "message": "Capturing posinset=6 (6/∞)…", "data": {"w": 0}, "seq": 36764}
{"ts": "2026-05-01T17:32:18.826594+00:00", "level": "INFO", "jobId": "ecc09a7f-3b47-4076-9878-52c5a6bb2e4d", "keyword": "chuẩn bị khai trương", "step": "capture", "message": "Saved post_006.png (posinset=6)", "data": {"w": 0}, "seq": 36765}
{"ts": "2026-05-01T17:32:18.828730+00:00", "level": "INFO", "jobId": "ecc09a7f-3b47-4076-9878-52c5a6bb2e4d", "keyword": "chuẩn bị khai trương", "step": "cooldown", "message": "Cooldown 1.0s (after capture)", "data": {"w": 0}, "seq": 36766}
{"ts": "2026-05-01T17:32:19.850844+00:00", "level": "INFO", "jobId": "ecc09a7f-3b47-4076-9878-52c5a6bb2e4d", "keyword": "chuẩn bị khai trương", "step": "capture", "message": "Capturing posinset=7 (7/∞)…", "data": {"w": 0}, "seq": 36767}
{"ts": "2026-05-01T17:32:21.283865+00:00", "level": "INFO", "jobId": "ecc09a7f-3b47-4076-9878-52c5a6bb2e4d", "keyword": "chuẩn bị khai trương", "step": "capture", "message": "Saved post_007.png (posinset=7)", "data": {"w": 0}, "seq": 36771}
{"ts": "2026-05-01T17:32:21.288684+00:00", "level": "INFO", "jobId": "ecc09a7f-3b47-4076-9878-52c5a6bb2e4d", "keyword": "chuẩn bị khai trương", "step": "cooldown", "message": "Cooldown 1.0s (after capture)", "data": {"w": 0}, "seq": 36772}
{"ts": "2026-05-01T17:32:22.329134+00:00", "level": "INFO", "jobId": "ecc09a7f-3b47-4076-9878-52c5a6bb2e4d", "keyword": "chuẩn bị khai trương", "step": "capture", "message": "Capturing posinset=8 (8/∞)…", "data": {"w": 0}, "seq": 36773}
{"ts": "2026-05-01T17:32:23.814476+00:00", "level": "INFO", "jobId": "ecc09a7f-3b47-4076-9878-52c5a6bb2e4d", "keyword": "chuẩn bị khai trương", "step": "capture", "message": "Saved post_008.png (posinset=8)", "data": {"w": 0}, "seq": 36776}
{"ts": "2026-05-01T17:32:23.815964+00:00", "level": "INFO", "jobId": "ecc09a7f-3b47-4076-9878-52c5a6bb2e4d", "keyword": "chuẩn bị khai trương", "step": "cooldown", "message": "Cooldown 1.0s (after capture)", "data": {"w": 0}, "seq": 36777}
{"ts": "2026-05-01T17:32:24.830246+00:00", "level": "INFO", "jobId": "ecc09a7f-3b47-4076-9878-52c5a6bb2e4d", "keyword": "chuẩn bị khai trương", "step": "capture", "message": "Capturing posinset=9 (9/∞)…", "data": {"w": 0}, "seq": 36779}
{"ts": "2026-05-01T17:32:26.843221+00:00", "level": "INFO", "jobId": "ecc09a7f-3b47-4076-9878-52c5a6bb2e4d", "keyword": "chuẩn bị khai trương", "step": "capture", "message": "Saved post_009.png (posinset=9)", "data": {"w": 0}, "seq": 36780}
{"ts": "2026-05-01T17:32:26.845836+00:00", "level": "INFO", "jobId": "ecc09a7f-3b47-4076-9878-52c5a6bb2e4d", "keyword": "chuẩn bị khai trương", "step": "cooldown", "message": "Cooldown 1.0s (after capture)", "data": {"w": 0}, "seq": 36781}
{"ts": "2026-05-01T17:32:29.651928+00:00", "level": "INFO", "jobId": "ecc09a7f-3b47-4076-9878-52c5a6bb2e4d", "keyword": "chuẩn bị khai trương", "step": "capture", "message": "Capturing posinset=10 (10/∞)…", "data": {"w": 0}, "seq": 36785}
{"ts": "2026-05-01T17:32:31.681357+00:00", "level": "INFO", "jobId": "ecc09a7f-3b47-4076-9878-52c5a6bb2e4d", "keyword": "chuẩn bị khai trương", "step": "capture", "message": "Saved post_010.png (posinset=10)", "data": {"w": 0}, "seq": 36788}
{"ts": "2026-05-01T17:32:31.682356+00:00", "level": "INFO", "jobId": "ecc09a7f-3b47-4076-9878-52c5a6bb2e4d", "keyword": "chuẩn bị khai trương", "step": "cooldown", "message": "Cooldown 1.0s (after capture)", "data": {"w": 0}, "seq": 36789}
{"ts": "2026-05-01T17:32:32.701025+00:00", "level": "INFO", "jobId": "ecc09a7f-3b47-4076-9878-52c5a6bb2e4d", "keyword": "chuẩn bị khai trương", "step": "heartbeat", "message": "Worker alive", "data": {"w": 0, "elapsed_s": 55}, "seq": 36793}
{"ts": "2026-05-01T17:32:32.712631+00:00", "level": "INFO", "jobId": "ecc09a7f-3b47-4076-9878-52c5a6bb2e4d", "keyword": "chuẩn bị khai trương", "step": "capture", "message": "Capturing posinset=11 (11/∞)…", "data": {"w": 0}, "seq": 36794}
{"ts": "2026-05-01T17:32:34.450810+00:00", "level": "INFO", "jobId": "ecc09a7f-3b47-4076-9878-52c5a6bb2e4d", "keyword": "chuẩn bị khai trương", "step": "capture", "message": "Saved post_011.png (posinset=11)", "data": {"w": 0}, "seq": 36797}
{"ts": "2026-05-01T17:32:34.451317+00:00", "level": "INFO", "jobId": "ecc09a7f-3b47-4076-9878-52c5a6bb2e4d", "keyword": "chuẩn bị khai trương", "step": "cooldown", "message": "Cooldown 1.0s (after capture)", "data": {"w": 0}, "seq": 36798}
{"ts": "2026-05-01T17:32:35.466225+00:00", "level": "INFO", "jobId": "ecc09a7f-3b47-4076-9878-52c5a6bb2e4d", "keyword": "chuẩn bị khai trương", "step": "capture", "message": "Capturing posinset=12 (12/∞)…", "data": {"w": 0}, "seq": 36801}
{"ts": "2026-05-01T17:32:37.381950+00:00", "level": "INFO", "jobId": "ecc09a7f-3b47-4076-9878-52c5a6bb2e4d", "keyword": "chuẩn bị khai trương", "step": "capture", "message": "Saved post_012.png (posinset=12)", "data": {"w": 0}, "seq": 36804}
{"ts": "2026-05-01T17:32:37.383951+00:00", "level": "INFO", "jobId": "ecc09a7f-3b47-4076-9878-52c5a6bb2e4d", "keyword": "chuẩn bị khai trương", "step": "cooldown", "message": "Cooldown 1.0s (after capture)", "data": {"w": 0}, "seq": 36805}
{"ts": "2026-05-01T17:32:38.411444+00:00", "level": "INFO", "jobId": "ecc09a7f-3b47-4076-9878-52c5a6bb2e4d", "keyword": "chuẩn bị khai trương", "step": "capture", "message": "Capturing posinset=13 (13/∞)…", "data": {"w": 0}, "seq": 36806}
{"ts": "2026-05-01T17:32:40.069540+00:00", "level": "INFO", "jobId": "ecc09a7f-3b47-4076-9878-52c5a6bb2e4d", "keyword": "chuẩn bị khai trương", "step": "capture", "message": "Saved post_013.png (posinset=13)", "data": {"w": 0}, "seq": 36809}
{"ts": "2026-05-01T17:32:40.071663+00:00", "level": "INFO", "jobId": "ecc09a7f-3b47-4076-9878-52c5a6bb2e4d", "keyword": "chuẩn bị khai trương", "step": "cooldown", "message": "Cooldown 1.0s (after capture)", "data": {"w": 0}, "seq": 36810}
{"ts": "2026-05-01T17:32:41.100520+00:00", "level": "INFO", "jobId": "ecc09a7f-3b47-4076-9878-52c5a6bb2e4d", "keyword": "chuẩn bị khai trương", "step": "capture", "message": "Capturing posinset=14 (14/∞)…", "data": {"w": 0}, "seq": 36812}
{"ts": "2026-05-01T17:32:42.697934+00:00", "level": "INFO", "jobId": "ecc09a7f-3b47-4076-9878-52c5a6bb2e4d", "keyword": "chuẩn bị khai trương", "step": "capture", "message": "Saved post_014.png (posinset=14)", "data": {"w": 0}, "seq": 36815}
{"ts": "2026-05-01T17:32:42.699935+00:00", "level": "INFO", "jobId": "ecc09a7f-3b47-4076-9878-52c5a6bb2e4d", "keyword": "chuẩn bị khai trương", "step": "cooldown", "message": "Cooldown 1.0s (after capture)", "data": {"w": 0}, "seq": 36816}
{"ts": "2026-05-01T17:32:44.146966+00:00", "level": "INFO", "jobId": "ecc09a7f-3b47-4076-9878-52c5a6bb2e4d", "keyword": "chuẩn bị khai trương", "step": "capture", "message": "Capturing posinset=15 (15/∞)…", "data": {"w": 0}, "seq": 36818}
{"ts": "2026-05-01T17:32:45.918762+00:00", "level": "INFO", "jobId": "ecc09a7f-3b47-4076-9878-52c5a6bb2e4d", "keyword": "chuẩn bị khai trương", "step": "capture", "message": "Saved post_015.png (posinset=15)", "data": {"w": 0}, "seq": 36819}
{"ts": "2026-05-01T17:32:45.920227+00:00", "level": "INFO", "jobId": "ecc09a7f-3b47-4076-9878-52c5a6bb2e4d", "keyword": "chuẩn bị khai trương", "step": "cooldown", "message": "Cooldown 1.0s (after capture)", "data": {"w": 0}, "seq": 36820}
{"ts": "2026-05-01T17:32:46.952982+00:00", "level": "INFO", "jobId": "ecc09a7f-3b47-4076-9878-52c5a6bb2e4d", "keyword": "chuẩn bị khai trương", "step": "capture", "message": "Capturing posinset=16 (16/∞)…", "data": {"w": 0}, "seq": 36823}
{"ts": "2026-05-01T17:32:48.689400+00:00", "level": "INFO", "jobId": "ecc09a7f-3b47-4076-9878-52c5a6bb2e4d", "keyword": "chuẩn bị khai trương", "step": "capture", "message": "Saved post_016.png (posinset=16)", "data": {"w": 0}, "seq": 36827}
{"ts": "2026-05-01T17:32:48.691416+00:00", "level": "INFO", "jobId": "ecc09a7f-3b47-4076-9878-52c5a6bb2e4d", "keyword": "chuẩn bị khai trương", "step": "cooldown", "message": "Cooldown 1.0s (after capture)", "data": {"w": 0}, "seq": 36828}
{"ts": "2026-05-01T17:32:49.721200+00:00", "level": "INFO", "jobId": "ecc09a7f-3b47-4076-9878-52c5a6bb2e4d", "keyword": "chuẩn bị khai trương", "step": "heartbeat", "message": "Worker alive", "data": {"w": 0, "elapsed_s": 72}, "seq": 36831}
{"ts": "2026-05-01T17:32:49.724208+00:00", "level": "INFO", "jobId": "ecc09a7f-3b47-4076-9878-52c5a6bb2e4d", "keyword": "chuẩn bị khai trương", "step": "capture", "message": "Capturing posinset=17 (17/∞)…", "data": {"w": 0}, "seq": 36832}
{"ts": "2026-05-01T17:32:51.216958+00:00", "level": "INFO", "jobId": "ecc09a7f-3b47-4076-9878-52c5a6bb2e4d", "keyword": "chuẩn bị khai trương", "step": "capture", "message": "Saved post_017.png (posinset=17)", "data": {"w": 0}, "seq": 36835}
{"ts": "2026-05-01T17:32:51.219132+00:00", "level": "INFO", "jobId": "ecc09a7f-3b47-4076-9878-52c5a6bb2e4d", "keyword": "chuẩn bị khai trương", "step": "cooldown", "message": "Cooldown 1.0s (after capture)", "data": {"w": 0}, "seq": 36836}
{"ts": "2026-05-01T17:32:52.243704+00:00", "level": "INFO", "jobId": "ecc09a7f-3b47-4076-9878-52c5a6bb2e4d", "keyword": "chuẩn bị khai trương", "step": "capture", "message": "Capturing posinset=18 (18/∞)…", "data": {"w": 0}, "seq": 36839}
{"ts": "2026-05-01T17:32:53.657496+00:00", "level": "INFO", "jobId": "ecc09a7f-3b47-4076-9878-52c5a6bb2e4d", "keyword": "chuẩn bị khai trương", "step": "capture", "message": "Saved post_018.png (posinset=18)", "data": {"w": 0}, "seq": 36840}
{"ts": "2026-05-01T17:32:53.658496+00:00", "level": "INFO", "jobId": "ecc09a7f-3b47-4076-9878-52c5a6bb2e4d", "keyword": "chuẩn bị khai trương", "step": "cooldown", "message": "Cooldown 1.0s (after capture)", "data": {"w": 0}, "seq": 36841}
{"ts": "2026-05-01T17:32:54.679846+00:00", "level": "INFO", "jobId": "ecc09a7f-3b47-4076-9878-52c5a6bb2e4d", "keyword": "chuẩn bị khai trương", "step": "capture", "message": "Capturing posinset=19 (19/∞)…", "data": {"w": 0}, "seq": 36844}
{"ts": "2026-05-01T17:32:56.508284+00:00", "level": "INFO", "jobId": "ecc09a7f-3b47-4076-9878-52c5a6bb2e4d", "keyword": "chuẩn bị khai trương", "step": "capture", "message": "Saved post_019.png (posinset=19)", "data": {"w": 0}, "seq": 36846}
{"ts": "2026-05-01T17:32:56.509304+00:00", "level": "INFO", "jobId": "ecc09a7f-3b47-4076-9878-52c5a6bb2e4d", "keyword": "chuẩn bị khai trương", "step": "cooldown", "message": "Cooldown 1.0s (after capture)", "data": {"w": 0}, "seq": 36847}
{"ts": "2026-05-01T17:32:57.532736+00:00", "level": "INFO", "jobId": "ecc09a7f-3b47-4076-9878-52c5a6bb2e4d", "keyword": "chuẩn bị khai trương", "step": "capture", "message": "Capturing posinset=20 (20/∞)…", "data": {"w": 0}, "seq": 36848}
{"ts": "2026-05-01T17:32:58.938211+00:00", "level": "INFO", "jobId": "ecc09a7f-3b47-4076-9878-52c5a6bb2e4d", "keyword": "chuẩn bị khai trương", "step": "capture", "message": "Saved post_020.png (posinset=20)", "data": {"w": 0}, "seq": 36851}
{"ts": "2026-05-01T17:32:58.939269+00:00", "level": "INFO", "jobId": "ecc09a7f-3b47-4076-9878-52c5a6bb2e4d", "keyword": "chuẩn bị khai trương", "step": "cooldown", "message": "Cooldown 1.0s (after capture)", "data": {"w": 0}, "seq": 36852}
{"ts": "2026-05-01T17:32:59.957288+00:00", "level": "INFO", "jobId": "ecc09a7f-3b47-4076-9878-52c5a6bb2e4d", "keyword": "chuẩn bị khai trương", "step": "capture", "message": "Capturing posinset=21 (21/∞)…", "data": {"w": 0}, "seq": 36854}
{"ts": "2026-05-01T17:33:02.111370+00:00", "level": "INFO", "jobId": "ecc09a7f-3b47-4076-9878-52c5a6bb2e4d", "keyword": "chuẩn bị khai trương", "step": "capture", "message": "Capturing posinset=21 (21/∞)…", "data": {"w": 0}, "seq": 36857}
{"ts": "2026-05-01T17:33:03.475563+00:00", "level": "INFO", "jobId": "ecc09a7f-3b47-4076-9878-52c5a6bb2e4d", "keyword": "chuẩn bị khai trương", "step": "capture", "message": "Saved post_021.png (posinset=21)", "data": {"w": 0}, "seq": 36859}
{"ts": "2026-05-01T17:33:03.475563+00:00", "level": "INFO", "jobId": "ecc09a7f-3b47-4076-9878-52c5a6bb2e4d", "keyword": "chuẩn bị khai trương", "step": "cooldown", "message": "Cooldown 1.0s (after capture)", "data": {"w": 0}, "seq": 36860}
{"ts": "2026-05-01T17:33:04.498898+00:00", "level": "INFO", "jobId": "ecc09a7f-3b47-4076-9878-52c5a6bb2e4d", "keyword": "chuẩn bị khai trương", "step": "capture", "message": "Capturing posinset=22 (22/∞)…", "data": {"w": 0}, "seq": 36861}
{"ts": "2026-05-01T17:33:06.491455+00:00", "level": "INFO", "jobId": "ecc09a7f-3b47-4076-9878-52c5a6bb2e4d", "keyword": "chuẩn bị khai trương", "step": "capture", "message": "Saved post_022.png (posinset=22)", "data": {"w": 0}, "seq": 36865}
{"ts": "2026-05-01T17:33:06.491455+00:00", "level": "INFO", "jobId": "ecc09a7f-3b47-4076-9878-52c5a6bb2e4d", "keyword": "chuẩn bị khai trương", "step": "cooldown", "message": "Cooldown 1.0s (after capture)", "data": {"w": 0}, "seq": 36866}
{"ts": "2026-05-01T17:33:07.516106+00:00", "level": "INFO", "jobId": "ecc09a7f-3b47-4076-9878-52c5a6bb2e4d", "keyword": "chuẩn bị khai trương", "step": "heartbeat", "message": "Worker alive", "data": {"w": 0, "elapsed_s": 90}, "seq": 36869}
{"ts": "2026-05-01T17:33:07.517065+00:00", "level": "INFO", "jobId": "ecc09a7f-3b47-4076-9878-52c5a6bb2e4d", "keyword": "chuẩn bị khai trương", "step": "capture", "message": "Capturing posinset=23 (23/∞)…", "data": {"w": 0}, "seq": 36870}
{"ts": "2026-05-01T17:33:09.073840+00:00", "level": "INFO", "jobId": "ecc09a7f-3b47-4076-9878-52c5a6bb2e4d", "keyword": "chuẩn bị khai trương", "step": "capture", "message": "Saved post_023.png (posinset=23)", "data": {"w": 0}, "seq": 36873}
{"ts": "2026-05-01T17:33:09.075839+00:00", "level": "INFO", "jobId": "ecc09a7f-3b47-4076-9878-52c5a6bb2e4d", "keyword": "chuẩn bị khai trương", "step": "cooldown", "message": "Cooldown 1.0s (after capture)", "data": {"w": 0}, "seq": 36874}
{"ts": "2026-05-01T17:33:10.095003+00:00", "level": "INFO", "jobId": "ecc09a7f-3b47-4076-9878-52c5a6bb2e4d", "keyword": "chuẩn bị khai trương", "step": "capture", "message": "Capturing posinset=24 (24/∞)…", "data": {"w": 0}, "seq": 36877}
{"ts": "2026-05-01T17:33:11.429694+00:00", "level": "INFO", "jobId": "ecc09a7f-3b47-4076-9878-52c5a6bb2e4d", "keyword": "chuẩn bị khai trương", "step": "capture", "message": "Saved post_024.png (posinset=24)", "data": {"w": 0}, "seq": 36880}
{"ts": "2026-05-01T17:33:11.430694+00:00", "level": "INFO", "jobId": "ecc09a7f-3b47-4076-9878-52c5a6bb2e4d", "keyword": "chuẩn bị khai trương", "step": "cooldown", "message": "Cooldown 1.0s (after capture)", "data": {"w": 0}, "seq": 36881}
{"ts": "2026-05-01T17:33:12.744613+00:00", "level": "INFO", "jobId": "ecc09a7f-3b47-4076-9878-52c5a6bb2e4d", "keyword": "chuẩn bị khai trương", "step": "capture", "message": "Capturing posinset=25 (25/∞)…", "data": {"w": 0}, "seq": 36882}
{"ts": "2026-05-01T17:33:15.943616+00:00", "level": "INFO", "jobId": "ecc09a7f-3b47-4076-9878-52c5a6bb2e4d", "keyword": "chuẩn bị khai trương", "step": "capture", "message": "Saved post_025.png (posinset=25)", "data": {"w": 0}, "seq": 36889}
{"ts": "2026-05-01T17:33:15.943616+00:00", "level": "INFO", "jobId": "ecc09a7f-3b47-4076-9878-52c5a6bb2e4d", "keyword": "chuẩn bị khai trương", "step": "cooldown", "message": "Cooldown 1.0s (after capture)", "data": {"w": 0}, "seq": 36890}
{"ts": "2026-05-01T17:33:16.964944+00:00", "level": "INFO", "jobId": "ecc09a7f-3b47-4076-9878-52c5a6bb2e4d", "keyword": "chuẩn bị khai trương", "step": "capture", "message": "Capturing posinset=26 (26/∞)…", "data": {"w": 0}, "seq": 36891}
{"ts": "2026-05-01T17:33:18.702731+00:00", "level": "INFO", "jobId": "ecc09a7f-3b47-4076-9878-52c5a6bb2e4d", "keyword": "chuẩn bị khai trương", "step": "capture", "message": "Saved post_026.png (posinset=26)", "data": {"w": 0}, "seq": 36894}
{"ts": "2026-05-01T17:33:18.704770+00:00", "level": "INFO", "jobId": "ecc09a7f-3b47-4076-9878-52c5a6bb2e4d", "keyword": "chuẩn bị khai trương", "step": "cooldown", "message": "Cooldown 1.0s (after capture)", "data": {"w": 0}, "seq": 36895}
{"ts": "2026-05-01T17:33:19.716021+00:00", "level": "INFO", "jobId": "ecc09a7f-3b47-4076-9878-52c5a6bb2e4d", "keyword": "chuẩn bị khai trương", "step": "capture", "message": "Capturing posinset=27 (27/∞)…", "data": {"w": 0}, "seq": 36899}
{"ts": "2026-05-01T17:33:21.114275+00:00", "level": "INFO", "jobId": "ecc09a7f-3b47-4076-9878-52c5a6bb2e4d", "keyword": "chuẩn bị khai trương", "step": "capture", "message": "Saved post_027.png (posinset=27)", "data": {"w": 0}, "seq": 36901}
{"ts": "2026-05-01T17:33:21.115486+00:00", "level": "INFO", "jobId": "ecc09a7f-3b47-4076-9878-52c5a6bb2e4d", "keyword": "chuẩn bị khai trương", "step": "cooldown", "message": "Cooldown 1.0s (after capture)", "data": {"w": 0}, "seq": 36902}
{"ts": "2026-05-01T17:33:22.143118+00:00", "level": "INFO", "jobId": "ecc09a7f-3b47-4076-9878-52c5a6bb2e4d", "keyword": "chuẩn bị khai trương", "step": "capture", "message": "Capturing posinset=28 (28/∞)…", "data": {"w": 0}, "seq": 36905}
{"ts": "2026-05-01T17:33:23.330403+00:00", "level": "INFO", "jobId": "ecc09a7f-3b47-4076-9878-52c5a6bb2e4d", "keyword": "chuẩn bị khai trương", "step": "capture", "message": "Saved post_028.png (posinset=28)", "data": {"w": 0}, "seq": 36907}
{"ts": "2026-05-01T17:33:23.331992+00:00", "level": "INFO", "jobId": "ecc09a7f-3b47-4076-9878-52c5a6bb2e4d", "keyword": "chuẩn bị khai trương", "step": "cooldown", "message": "Cooldown 1.0s (after capture)", "data": {"w": 0}, "seq": 36908}
{"ts": "2026-05-01T17:33:24.365644+00:00", "level": "INFO", "jobId": "ecc09a7f-3b47-4076-9878-52c5a6bb2e4d", "keyword": "chuẩn bị khai trương", "step": "heartbeat", "message": "Worker alive", "data": {"w": 0, "elapsed_s": 107}, "seq": 36911}
{"ts": "2026-05-01T17:33:24.367657+00:00", "level": "INFO", "jobId": "ecc09a7f-3b47-4076-9878-52c5a6bb2e4d", "keyword": "chuẩn bị khai trương", "step": "capture", "message": "Capturing posinset=29 (29/∞)…", "data": {"w": 0}, "seq": 36912}
{"ts": "2026-05-01T17:33:25.615879+00:00", "level": "INFO", "jobId": "ecc09a7f-3b47-4076-9878-52c5a6bb2e4d", "keyword": "chuẩn bị khai trương", "step": "capture", "message": "Saved post_029.png (posinset=29)", "data": {"w": 0}, "seq": 36917}
{"ts": "2026-05-01T17:33:25.618882+00:00", "level": "INFO", "jobId": "ecc09a7f-3b47-4076-9878-52c5a6bb2e4d", "keyword": "chuẩn bị khai trương", "step": "cooldown", "message": "Cooldown 1.0s (after capture)", "data": {"w": 0}, "seq": 36918}
{"ts": "2026-05-01T17:33:27.896164+00:00", "level": "INFO", "jobId": "ecc09a7f-3b47-4076-9878-52c5a6bb2e4d", "keyword": "chuẩn bị khai trương", "step": "capture", "message": "Capturing posinset=30 (30/∞)…", "data": {"w": 0}, "seq": 36921}
{"ts": "2026-05-01T17:33:31.116165+00:00", "level": "INFO", "jobId": "ecc09a7f-3b47-4076-9878-52c5a6bb2e4d", "keyword": "chuẩn bị khai trương", "step": "capture", "message": "Saved post_030.png (posinset=30)", "data": {"w": 0}, "seq": 36928}
{"ts": "2026-05-01T17:33:31.119165+00:00", "level": "INFO", "jobId": "ecc09a7f-3b47-4076-9878-52c5a6bb2e4d", "keyword": "chuẩn bị khai trương", "step": "cooldown", "message": "Cooldown 1.0s (after capture)", "data": {"w": 0}, "seq": 36929}
{"ts": "2026-05-01T17:33:32.146414+00:00", "level": "INFO", "jobId": "ecc09a7f-3b47-4076-9878-52c5a6bb2e4d", "keyword": "chuẩn bị khai trương", "step": "capture", "message": "Capturing posinset=31 (31/∞)…", "data": {"w": 0}, "seq": 36930}
{"ts": "2026-05-01T17:33:34.243743+00:00", "level": "INFO", "jobId": "ecc09a7f-3b47-4076-9878-52c5a6bb2e4d", "keyword": "chuẩn bị khai trương", "step": "capture", "message": "Saved post_031.png (posinset=31)", "data": {"w": 0}, "seq": 36931}
{"ts": "2026-05-01T17:33:34.243743+00:00", "level": "INFO", "jobId": "ecc09a7f-3b47-4076-9878-52c5a6bb2e4d", "keyword": "chuẩn bị khai trương", "step": "cooldown", "message": "Cooldown 1.0s (after capture)", "data": {"w": 0}, "seq": 36932}
{"ts": "2026-05-01T17:33:35.273784+00:00", "level": "INFO", "jobId": "ecc09a7f-3b47-4076-9878-52c5a6bb2e4d", "keyword": "chuẩn bị khai trương", "step": "capture", "message": "Capturing posinset=32 (32/∞)…", "data": {"w": 0}, "seq": 36935}
{"ts": "2026-05-01T17:33:36.954697+00:00", "level": "INFO", "jobId": "ecc09a7f-3b47-4076-9878-52c5a6bb2e4d", "keyword": "chuẩn bị khai trương", "step": "capture", "message": "Saved post_032.png (posinset=32)", "data": {"w": 0}, "seq": 36940}
{"ts": "2026-05-01T17:33:36.958693+00:00", "level": "INFO", "jobId": "ecc09a7f-3b47-4076-9878-52c5a6bb2e4d", "keyword": "chuẩn bị khai trương", "step": "cooldown", "message": "Cooldown 1.0s (after capture)", "data": {"w": 0}, "seq": 36941}
{"ts": "2026-05-01T17:33:37.986252+00:00", "level": "INFO", "jobId": "ecc09a7f-3b47-4076-9878-52c5a6bb2e4d", "keyword": "chuẩn bị khai trương", "step": "capture", "message": "Capturing posinset=33 (33/∞)…", "data": {"w": 0}, "seq": 36942}
{"ts": "2026-05-01T17:33:39.854259+00:00", "level": "INFO", "jobId": "ecc09a7f-3b47-4076-9878-52c5a6bb2e4d", "keyword": "chuẩn bị khai trương", "step": "capture", "message": "Saved post_033.png (posinset=33)", "data": {"w": 0}, "seq": 36943}
{"ts": "2026-05-01T17:33:39.856444+00:00", "level": "INFO", "jobId": "ecc09a7f-3b47-4076-9878-52c5a6bb2e4d", "keyword": "chuẩn bị khai trương", "step": "cooldown", "message": "Cooldown 1.0s (after capture)", "data": {"w": 0}, "seq": 36944}
{"ts": "2026-05-01T17:33:40.889459+00:00", "level": "INFO", "jobId": "ecc09a7f-3b47-4076-9878-52c5a6bb2e4d", "keyword": "chuẩn bị khai trương", "step": "heartbeat", "message": "Worker alive", "data": {"w": 0, "elapsed_s": 124}, "seq": 36947}
{"ts": "2026-05-01T17:33:40.893479+00:00", "level": "INFO", "jobId": "ecc09a7f-3b47-4076-9878-52c5a6bb2e4d", "keyword": "chuẩn bị khai trương", "step": "capture", "message": "Capturing posinset=34 (34/∞)…", "data": {"w": 0}, "seq": 36948}
{"ts": "2026-05-01T17:33:42.387841+00:00", "level": "INFO", "jobId": "ecc09a7f-3b47-4076-9878-52c5a6bb2e4d", "keyword": "chuẩn bị khai trương", "step": "capture", "message": "Saved post_034.png (posinset=34)", "data": {"w": 0}, "seq": 36955}
{"ts": "2026-05-01T17:33:42.388854+00:00", "level": "INFO", "jobId": "ecc09a7f-3b47-4076-9878-52c5a6bb2e4d", "keyword": "chuẩn bị khai trương", "step": "cooldown", "message": "Cooldown 1.0s (after capture)", "data": {"w": 0}, "seq": 36956}
{"ts": "2026-05-01T17:33:43.409191+00:00", "level": "INFO", "jobId": "ecc09a7f-3b47-4076-9878-52c5a6bb2e4d", "keyword": "chuẩn bị khai trương", "step": "capture", "message": "Capturing posinset=35 (35/∞)…", "data": {"w": 0}, "seq": 36957}
{"ts": "2026-05-01T17:33:45.204848+00:00", "level": "INFO", "jobId": "ecc09a7f-3b47-4076-9878-52c5a6bb2e4d", "keyword": "chuẩn bị khai trương", "step": "capture", "message": "Saved post_035.png (posinset=35)", "data": {"w": 0}, "seq": 36961}
{"ts": "2026-05-01T17:33:45.204848+00:00", "level": "INFO", "jobId": "ecc09a7f-3b47-4076-9878-52c5a6bb2e4d", "keyword": "chuẩn bị khai trương", "step": "cooldown", "message": "Cooldown 1.0s (after capture)", "data": {"w": 0}, "seq": 36962}
{"ts": "2026-05-01T17:33:46.655440+00:00", "level": "INFO", "jobId": "ecc09a7f-3b47-4076-9878-52c5a6bb2e4d", "keyword": "chuẩn bị khai trương", "step": "capture", "message": "Capturing posinset=36 (36/∞)…", "data": {"w": 0}, "seq": 36963}
{"ts": "2026-05-01T17:33:49.484045+00:00", "level": "INFO", "jobId": "ecc09a7f-3b47-4076-9878-52c5a6bb2e4d", "keyword": "chuẩn bị khai trương", "step": "capture", "message": "Saved post_036.png (posinset=36)", "data": {"w": 0}, "seq": 36967}
{"ts": "2026-05-01T17:33:49.485065+00:00", "level": "INFO", "jobId": "ecc09a7f-3b47-4076-9878-52c5a6bb2e4d", "keyword": "chuẩn bị khai trương", "step": "cooldown", "message": "Cooldown 1.0s (after capture)", "data": {"w": 0}, "seq": 36968}
{"ts": "2026-05-01T17:33:50.511677+00:00", "level": "INFO", "jobId": "ecc09a7f-3b47-4076-9878-52c5a6bb2e4d", "keyword": "chuẩn bị khai trương", "step": "capture", "message": "Capturing posinset=37 (37/∞)…", "data": {"w": 0}, "seq": 36969}
{"ts": "2026-05-01T17:33:52.528165+00:00", "level": "INFO", "jobId": "ecc09a7f-3b47-4076-9878-52c5a6bb2e4d", "keyword": "chuẩn bị khai trương", "step": "capture", "message": "Saved post_037.png (posinset=37)", "data": {"w": 0}, "seq": 36972}
{"ts": "2026-05-01T17:33:52.529199+00:00", "level": "INFO", "jobId": "ecc09a7f-3b47-4076-9878-52c5a6bb2e4d", "keyword": "chuẩn bị khai trương", "step": "cooldown", "message": "Cooldown 1.0s (after capture)", "data": {"w": 0}, "seq": 36973}
{"ts": "2026-05-01T17:33:53.702863+00:00", "level": "INFO", "jobId": "ecc09a7f-3b47-4076-9878-52c5a6bb2e4d", "keyword": "chuẩn bị khai trương", "step": "capture", "message": "Capturing posinset=38 (38/∞)…", "data": {"w": 0}, "seq": 36975}
{"ts": "2026-05-01T17:33:56.435423+00:00", "level": "INFO", "jobId": "ecc09a7f-3b47-4076-9878-52c5a6bb2e4d", "keyword": "chuẩn bị khai trương", "step": "capture", "message": "Saved post_038.png (posinset=38)", "data": {"w": 0}, "seq": 36976}
{"ts": "2026-05-01T17:33:56.437506+00:00", "level": "INFO", "jobId": "ecc09a7f-3b47-4076-9878-52c5a6bb2e4d", "keyword": "chuẩn bị khai trương", "step": "cooldown", "message": "Cooldown 1.0s (after capture)", "data": {"w": 0}, "seq": 36977}
{"ts": "2026-05-01T17:33:57.470488+00:00", "level": "INFO", "jobId": "ecc09a7f-3b47-4076-9878-52c5a6bb2e4d", "keyword": "chuẩn bị khai trương", "step": "heartbeat", "message": "Worker alive", "data": {"w": 0, "elapsed_s": 140}, "seq": 36978}
{"ts": "2026-05-01T17:33:57.471496+00:00", "level": "INFO", "jobId": "ecc09a7f-3b47-4076-9878-52c5a6bb2e4d", "keyword": "chuẩn bị khai trương", "step": "capture", "message": "Capturing posinset=39 (39/∞)…", "data": {"w": 0}, "seq": 36979}
{"ts": "2026-05-01T17:33:59.831388+00:00", "level": "INFO", "jobId": "ecc09a7f-3b47-4076-9878-52c5a6bb2e4d", "keyword": "chuẩn bị khai trương", "step": "capture", "message": "Saved post_039.png (posinset=39)", "data": {"w": 0}, "seq": 36988}
{"ts": "2026-05-01T17:33:59.832892+00:00", "level": "INFO", "jobId": "ecc09a7f-3b47-4076-9878-52c5a6bb2e4d", "keyword": "chuẩn bị khai trương", "step": "cooldown", "message": "Cooldown 1.0s (after capture)", "data": {"w": 0}, "seq": 36989}
{"ts": "2026-05-01T17:34:00.868674+00:00", "level": "INFO", "jobId": "ecc09a7f-3b47-4076-9878-52c5a6bb2e4d", "keyword": "chuẩn bị khai trương", "step": "capture", "message": "Capturing posinset=40 (40/∞)…", "data": {"w": 0}, "seq": 36990}
{"ts": "2026-05-01T17:34:02.562888+00:00", "level": "INFO", "jobId": "ecc09a7f-3b47-4076-9878-52c5a6bb2e4d", "keyword": "chuẩn bị khai trương", "step": "capture", "message": "Saved post_040.png (posinset=40)", "data": {"w": 0}, "seq": 36991}
{"ts": "2026-05-01T17:34:02.563889+00:00", "level": "INFO", "jobId": "ecc09a7f-3b47-4076-9878-52c5a6bb2e4d", "keyword": "chuẩn bị khai trương", "step": "cooldown", "message": "Cooldown 1.0s (after capture)", "data": {"w": 0}, "seq": 36992}
{"ts": "2026-05-01T17:34:03.590468+00:00", "level": "INFO", "jobId": "ecc09a7f-3b47-4076-9878-52c5a6bb2e4d", "keyword": "chuẩn bị khai trương", "step": "capture", "message": "Capturing posinset=41 (41/∞)…", "data": {"w": 0}, "seq": 36994}
{"ts": "2026-05-01T17:34:06.202966+00:00", "level": "INFO", "jobId": "ecc09a7f-3b47-4076-9878-52c5a6bb2e4d", "keyword": "chuẩn bị khai trương", "step": "capture", "message": "Capturing posinset=41 (41/∞)…", "data": {"w": 0}, "seq": 36998}
{"ts": "2026-05-01T17:34:07.986953+00:00", "level": "INFO", "jobId": "ecc09a7f-3b47-4076-9878-52c5a6bb2e4d", "keyword": "chuẩn bị khai trương", "step": "capture", "message": "Saved post_041.png (posinset=41)", "data": {"w": 0}, "seq": 36999}
{"ts": "2026-05-01T17:34:07.988023+00:00", "level": "INFO", "jobId": "ecc09a7f-3b47-4076-9878-52c5a6bb2e4d", "keyword": "chuẩn bị khai trương", "step": "cooldown", "message": "Cooldown 1.0s (after capture)", "data": {"w": 0}, "seq": 37000}
{"ts": "2026-05-01T17:34:09.009559+00:00", "level": "INFO", "jobId": "ecc09a7f-3b47-4076-9878-52c5a6bb2e4d", "keyword": "chuẩn bị khai trương", "step": "capture", "message": "Capturing posinset=42 (42/∞)…", "data": {"w": 0}, "seq": 37003}
{"ts": "2026-05-01T17:34:10.724827+00:00", "level": "INFO", "jobId": "ecc09a7f-3b47-4076-9878-52c5a6bb2e4d", "keyword": "chuẩn bị khai trương", "step": "capture", "message": "Saved post_042.png (posinset=42)", "data": {"w": 0}, "seq": 37005}
{"ts": "2026-05-01T17:34:10.726984+00:00", "level": "INFO", "jobId": "ecc09a7f-3b47-4076-9878-52c5a6bb2e4d", "keyword": "chuẩn bị khai trương", "step": "cooldown", "message": "Cooldown 1.0s (after capture)", "data": {"w": 0}, "seq": 37006}
{"ts": "2026-05-01T17:34:11.759802+00:00", "level": "INFO", "jobId": "ecc09a7f-3b47-4076-9878-52c5a6bb2e4d", "keyword": "chuẩn bị khai trương", "step": "capture", "message": "Capturing posinset=43 (43/∞)…", "data": {"w": 0}, "seq": 37009}
{"ts": "2026-05-01T17:34:13.033866+00:00", "level": "INFO", "jobId": "ecc09a7f-3b47-4076-9878-52c5a6bb2e4d", "keyword": "chuẩn bị khai trương", "step": "capture", "message": "Saved post_043.png (posinset=43)", "data": {"w": 0}, "seq": 37011}
{"ts": "2026-05-01T17:34:13.035588+00:00", "level": "INFO", "jobId": "ecc09a7f-3b47-4076-9878-52c5a6bb2e4d", "keyword": "chuẩn bị khai trương", "step": "cooldown", "message": "Cooldown 1.0s (after capture)", "data": {"w": 0}, "seq": 37012}
{"ts": "2026-05-01T17:34:14.065019+00:00", "level": "INFO", "jobId": "ecc09a7f-3b47-4076-9878-52c5a6bb2e4d", "keyword": "chuẩn bị khai trương", "step": "heartbeat", "message": "Worker alive", "data": {"w": 0, "elapsed_s": 157}, "seq": 37015}
{"ts": "2026-05-01T17:34:14.066440+00:00", "level": "INFO", "jobId": "ecc09a7f-3b47-4076-9878-52c5a6bb2e4d", "keyword": "chuẩn bị khai trương", "step": "capture", "message": "Capturing posinset=44 (44/∞)…", "data": {"w": 0}, "seq": 37016}
{"ts": "2026-05-01T17:34:16.133277+00:00", "level": "INFO", "jobId": "ecc09a7f-3b47-4076-9878-52c5a6bb2e4d", "keyword": "chuẩn bị khai trương", "step": "capture", "message": "Saved post_044.png (posinset=44)", "data": {"w": 0}, "seq": 37019}
{"ts": "2026-05-01T17:34:16.134413+00:00", "level": "INFO", "jobId": "ecc09a7f-3b47-4076-9878-52c5a6bb2e4d", "keyword": "chuẩn bị khai trương", "step": "cooldown", "message": "Cooldown 1.0s (after capture)", "data": {"w": 0}, "seq": 37020}
{"ts": "2026-05-01T17:34:17.621104+00:00", "level": "INFO", "jobId": "ecc09a7f-3b47-4076-9878-52c5a6bb2e4d", "keyword": "chuẩn bị khai trương", "step": "capture", "message": "Capturing posinset=45 (45/∞)…", "data": {"w": 0}, "seq": 37025}
{"ts": "2026-05-01T17:34:20.812570+00:00", "level": "INFO", "jobId": "ecc09a7f-3b47-4076-9878-52c5a6bb2e4d", "keyword": "chuẩn bị khai trương", "step": "capture", "message": "Saved post_045.png (posinset=45)", "data": {"w": 0}, "seq": 37028}
{"ts": "2026-05-01T17:34:20.814577+00:00", "level": "INFO", "jobId": "ecc09a7f-3b47-4076-9878-52c5a6bb2e4d", "keyword": "chuẩn bị khai trương", "step": "cooldown", "message": "Cooldown 1.0s (after capture)", "data": {"w": 0}, "seq": 37029}
{"ts": "2026-05-01T17:34:21.868887+00:00", "level": "INFO", "jobId": "ecc09a7f-3b47-4076-9878-52c5a6bb2e4d", "keyword": "chuẩn bị khai trương", "step": "capture", "message": "Capturing posinset=46 (46/∞)…", "data": {"w": 0}, "seq": 37031}
{"ts": "2026-05-01T17:34:23.916521+00:00", "level": "INFO", "jobId": "ecc09a7f-3b47-4076-9878-52c5a6bb2e4d", "keyword": "chuẩn bị khai trương", "step": "capture", "message": "Saved post_046.png (posinset=46)", "data": {"w": 0}, "seq": 37032}
{"ts": "2026-05-01T17:34:23.916521+00:00", "level": "INFO", "jobId": "ecc09a7f-3b47-4076-9878-52c5a6bb2e4d", "keyword": "chuẩn bị khai trương", "step": "cooldown", "message": "Cooldown 1.0s (after capture)", "data": {"w": 0}, "seq": 37033}
{"ts": "2026-05-01T17:34:24.948527+00:00", "level": "INFO", "jobId": "ecc09a7f-3b47-4076-9878-52c5a6bb2e4d", "keyword": "chuẩn bị khai trương", "step": "capture", "message": "Capturing posinset=47 (47/∞)…", "data": {"w": 0}, "seq": 37036}
{"ts": "2026-05-01T17:34:26.513425+00:00", "level": "INFO", "jobId": "ecc09a7f-3b47-4076-9878-52c5a6bb2e4d", "keyword": "chuẩn bị khai trương", "step": "capture", "message": "Saved post_047.png (posinset=47)", "data": {"w": 0}, "seq": 37038}
{"ts": "2026-05-01T17:34:26.515481+00:00", "level": "INFO", "jobId": "ecc09a7f-3b47-4076-9878-52c5a6bb2e4d", "keyword": "chuẩn bị khai trương", "step": "cooldown", "message": "Cooldown 1.0s (after capture)", "data": {"w": 0}, "seq": 37039}
{"ts": "2026-05-01T17:34:27.546175+00:00", "level": "INFO", "jobId": "ecc09a7f-3b47-4076-9878-52c5a6bb2e4d", "keyword": "chuẩn bị khai trương", "step": "capture", "message": "Capturing posinset=48 (48/∞)…", "data": {"w": 0}, "seq": 37040}
{"ts": "2026-05-01T17:34:29.263964+00:00", "level": "INFO", "jobId": "ecc09a7f-3b47-4076-9878-52c5a6bb2e4d", "keyword": "chuẩn bị khai trương", "step": "capture", "message": "Saved post_048.png (posinset=48)", "data": {"w": 0}, "seq": 37044}
{"ts": "2026-05-01T17:34:29.265055+00:00", "level": "INFO", "jobId": "ecc09a7f-3b47-4076-9878-52c5a6bb2e4d", "keyword": "chuẩn bị khai trương", "step": "cooldown", "message": "Cooldown 1.0s (after capture)", "data": {"w": 0}, "seq": 37045}
{"ts": "2026-05-01T17:34:30.292441+00:00", "level": "INFO", "jobId": "ecc09a7f-3b47-4076-9878-52c5a6bb2e4d", "keyword": "chuẩn bị khai trương", "step": "heartbeat", "message": "Worker alive", "data": {"w": 0, "elapsed_s": 173}, "seq": 37046}
{"ts": "2026-05-01T17:34:30.292441+00:00", "level": "INFO", "jobId": "ecc09a7f-3b47-4076-9878-52c5a6bb2e4d", "keyword": "chuẩn bị khai trương", "step": "capture", "message": "Capturing posinset=49 (49/∞)…", "data": {"w": 0}, "seq": 37047}
{"ts": "2026-05-01T17:34:31.673152+00:00", "level": "INFO", "jobId": "ecc09a7f-3b47-4076-9878-52c5a6bb2e4d", "keyword": "chuẩn bị khai trương", "step": "capture", "message": "Saved post_049.png (posinset=49)", "data": {"w": 0}, "seq": 37050}
{"ts": "2026-05-01T17:34:31.676338+00:00", "level": "INFO", "jobId": "ecc09a7f-3b47-4076-9878-52c5a6bb2e4d", "keyword": "chuẩn bị khai trương", "step": "cooldown", "message": "Cooldown 1.0s (after capture)", "data": {"w": 0}, "seq": 37051}
{"ts": "2026-05-01T17:34:32.707791+00:00", "level": "INFO", "jobId": "ecc09a7f-3b47-4076-9878-52c5a6bb2e4d", "keyword": "chuẩn bị khai trương", "step": "capture", "message": "Capturing posinset=50 (50/∞)…", "data": {"w": 0}, "seq": 37056}
{"ts": "2026-05-01T17:34:34.621359+00:00", "level": "INFO", "jobId": "ecc09a7f-3b47-4076-9878-52c5a6bb2e4d", "keyword": "chuẩn bị khai trương", "step": "capture", "message": "Saved post_050.png (posinset=50)", "data": {"w": 0}, "seq": 37059}
{"ts": "2026-05-01T17:34:34.623655+00:00", "level": "INFO", "jobId": "ecc09a7f-3b47-4076-9878-52c5a6bb2e4d", "keyword": "chuẩn bị khai trương", "step": "cooldown", "message": "Cooldown 1.0s (after capture)", "data": {"w": 0}, "seq": 37060}
{"ts": "2026-05-01T17:34:36.505957+00:00", "level": "INFO", "jobId": "ecc09a7f-3b47-4076-9878-52c5a6bb2e4d", "keyword": "chuẩn bị khai trương", "step": "capture", "message": "Capturing posinset=51 (51/∞)…", "data": {"w": 0}, "seq": 37061}
{"ts": "2026-05-01T17:34:38.619433+00:00", "level": "INFO", "jobId": "ecc09a7f-3b47-4076-9878-52c5a6bb2e4d", "keyword": "chuẩn bị khai trương", "step": "capture", "message": "Saved post_051.png (posinset=51)", "data": {"w": 0}, "seq": 37064}
{"ts": "2026-05-01T17:34:38.621131+00:00", "level": "INFO", "jobId": "ecc09a7f-3b47-4076-9878-52c5a6bb2e4d", "keyword": "chuẩn bị khai trương", "step": "cooldown", "message": "Cooldown 1.0s (after capture)", "data": {"w": 0}, "seq": 37065}
{"ts": "2026-05-01T17:34:39.660151+00:00", "level": "INFO", "jobId": "ecc09a7f-3b47-4076-9878-52c5a6bb2e4d", "keyword": "chuẩn bị khai trương", "step": "capture", "message": "Capturing posinset=52 (52/∞)…", "data": {"w": 0}, "seq": 37067}
{"ts": "2026-05-01T17:34:41.775186+00:00", "level": "INFO", "jobId": "ecc09a7f-3b47-4076-9878-52c5a6bb2e4d", "keyword": "chuẩn bị khai trương", "step": "capture", "message": "Saved post_052.png (posinset=52)", "data": {"w": 0}, "seq": 37068}
{"ts": "2026-05-01T17:34:41.777295+00:00", "level": "INFO", "jobId": "ecc09a7f-3b47-4076-9878-52c5a6bb2e4d", "keyword": "chuẩn bị khai trương", "step": "cooldown", "message": "Cooldown 1.0s (after capture)", "data": {"w": 0}, "seq": 37069}
{"ts": "2026-05-01T17:34:42.810620+00:00", "level": "INFO", "jobId": "ecc09a7f-3b47-4076-9878-52c5a6bb2e4d", "keyword": "chuẩn bị khai trương", "step": "capture", "message": "Capturing posinset=53 (53/∞)…", "data": {"w": 0}, "seq": 37070}
{"ts": "2026-05-01T17:34:44.781077+00:00", "level": "INFO", "jobId": "ecc09a7f-3b47-4076-9878-52c5a6bb2e4d", "keyword": "chuẩn bị khai trương", "step": "capture", "message": "Saved post_053.png (posinset=53)", "data": {"w": 0}, "seq": 37074}
{"ts": "2026-05-01T17:34:44.783247+00:00", "level": "INFO", "jobId": "ecc09a7f-3b47-4076-9878-52c5a6bb2e4d", "keyword": "chuẩn bị khai trương", "step": "cooldown", "message": "Cooldown 1.0s (after capture)", "data": {"w": 0}, "seq": 37075}
{"ts": "2026-05-01T17:34:45.815961+00:00", "level": "INFO", "jobId": "ecc09a7f-3b47-4076-9878-52c5a6bb2e4d", "keyword": "chuẩn bị khai trương", "step": "heartbeat", "message": "Worker alive", "data": {"w": 0, "elapsed_s": 188}, "seq": 37076}
{"ts": "2026-05-01T17:34:45.817052+00:00", "level": "INFO", "jobId": "ecc09a7f-3b47-4076-9878-52c5a6bb2e4d", "keyword": "chuẩn bị khai trương", "step": "capture", "message": "Capturing posinset=54 (54/∞)…", "data": {"w": 0}, "seq": 37077}
{"ts": "2026-05-01T17:34:48.200082+00:00", "level": "INFO", "jobId": "ecc09a7f-3b47-4076-9878-52c5a6bb2e4d", "keyword": "chuẩn bị khai trương", "step": "capture", "message": "Saved post_054.png (posinset=54)", "data": {"w": 0}, "seq": 37086}
{"ts": "2026-05-01T17:34:48.201083+00:00", "level": "INFO", "jobId": "ecc09a7f-3b47-4076-9878-52c5a6bb2e4d", "keyword": "chuẩn bị khai trương", "step": "cooldown", "message": "Cooldown 1.0s (after capture)", "data": {"w": 0}, "seq": 37087}
{"ts": "2026-05-01T17:34:49.221212+00:00", "level": "INFO", "jobId": "ecc09a7f-3b47-4076-9878-52c5a6bb2e4d", "keyword": "chuẩn bị khai trương", "step": "capture", "message": "Capturing posinset=55 (55/∞)…", "data": {"w": 0}, "seq": 37088}
{"ts": "2026-05-01T17:34:51.320715+00:00", "level": "INFO", "jobId": "ecc09a7f-3b47-4076-9878-52c5a6bb2e4d", "keyword": "chuẩn bị khai trương", "step": "capture", "message": "Saved post_055.png (posinset=55)", "data": {"w": 0}, "seq": 37089}
{"ts": "2026-05-01T17:34:51.322726+00:00", "level": "INFO", "jobId": "ecc09a7f-3b47-4076-9878-52c5a6bb2e4d", "keyword": "chuẩn bị khai trương", "step": "cooldown", "message": "Cooldown 1.0s (after capture)", "data": {"w": 0}, "seq": 37090}
{"ts": "2026-05-01T17:34:53.234270+00:00", "level": "INFO", "jobId": "ecc09a7f-3b47-4076-9878-52c5a6bb2e4d", "keyword": "chuẩn bị khai trương", "step": "capture", "message": "Capturing posinset=56 (56/∞)…", "data": {"w": 0}, "seq": 37096}
{"ts": "2026-05-01T17:34:56.439870+00:00", "level": "INFO", "jobId": "ecc09a7f-3b47-4076-9878-52c5a6bb2e4d", "keyword": "chuẩn bị khai trương", "step": "capture", "message": "Saved post_056.png (posinset=56)", "data": {"w": 0}, "seq": 37098}
{"ts": "2026-05-01T17:34:56.441878+00:00", "level": "INFO", "jobId": "ecc09a7f-3b47-4076-9878-52c5a6bb2e4d", "keyword": "chuẩn bị khai trương", "step": "cooldown", "message": "Cooldown 1.0s (after capture)", "data": {"w": 0}, "seq": 37099}
{"ts": "2026-05-01T17:34:57.481506+00:00", "level": "INFO", "jobId": "ecc09a7f-3b47-4076-9878-52c5a6bb2e4d", "keyword": "chuẩn bị khai trương", "step": "capture", "message": "Capturing posinset=57 (57/∞)…", "data": {"w": 0}, "seq": 37100}
{"ts": "2026-05-01T17:34:59.419578+00:00", "level": "INFO", "jobId": "ecc09a7f-3b47-4076-9878-52c5a6bb2e4d", "keyword": "chuẩn bị khai trương", "step": "capture", "message": "Saved post_057.png (posinset=57)", "data": {"w": 0}, "seq": 37104}
{"ts": "2026-05-01T17:34:59.421077+00:00", "level": "INFO", "jobId": "ecc09a7f-3b47-4076-9878-52c5a6bb2e4d", "keyword": "chuẩn bị khai trương", "step": "cooldown", "message": "Cooldown 1.0s (after capture)", "data": {"w": 0}, "seq": 37105}
{"ts": "2026-05-01T17:35:00.461117+00:00", "level": "INFO", "jobId": "ecc09a7f-3b47-4076-9878-52c5a6bb2e4d", "keyword": "chuẩn bị khai trương", "step": "capture", "message": "Capturing posinset=58 (58/∞)…", "data": {"w": 0}, "seq": 37106}
{"ts": "2026-05-01T17:35:02.197384+00:00", "level": "INFO", "jobId": "ecc09a7f-3b47-4076-9878-52c5a6bb2e4d", "keyword": "chuẩn bị khai trương", "step": "capture", "message": "Saved post_058.png (posinset=58)", "data": {"w": 0}, "seq": 37109}
{"ts": "2026-05-01T17:35:02.199384+00:00", "level": "INFO", "jobId": "ecc09a7f-3b47-4076-9878-52c5a6bb2e4d", "keyword": "chuẩn bị khai trương", "step": "cooldown", "message": "Cooldown 1.0s (after capture)", "data": {"w": 0}, "seq": 37110}
{"ts": "2026-05-01T17:35:03.230618+00:00", "level": "INFO", "jobId": "ecc09a7f-3b47-4076-9878-52c5a6bb2e4d", "keyword": "chuẩn bị khai trương", "step": "heartbeat", "message": "Worker alive", "data": {"w": 0, "elapsed_s": 206}, "seq": 37114}
{"ts": "2026-05-01T17:35:03.231618+00:00", "level": "INFO", "jobId": "ecc09a7f-3b47-4076-9878-52c5a6bb2e4d", "keyword": "chuẩn bị khai trương", "step": "capture", "message": "Capturing posinset=59 (59/∞)…", "data": {"w": 0}, "seq": 37115}
{"ts": "2026-05-01T17:35:05.043187+00:00", "level": "INFO", "jobId": "ecc09a7f-3b47-4076-9878-52c5a6bb2e4d", "keyword": "chuẩn bị khai trương", "step": "capture", "message": "Saved post_059.png (posinset=59)", "data": {"w": 0}, "seq": 37118}
{"ts": "2026-05-01T17:35:05.044180+00:00", "level": "INFO", "jobId": "ecc09a7f-3b47-4076-9878-52c5a6bb2e4d", "keyword": "chuẩn bị khai trương", "step": "cooldown", "message": "Cooldown 1.0s (after capture)", "data": {"w": 0}, "seq": 37119}
{"ts": "2026-05-01T17:35:06.088538+00:00", "level": "INFO", "jobId": "ecc09a7f-3b47-4076-9878-52c5a6bb2e4d", "keyword": "chuẩn bị khai trương", "step": "capture", "message": "Capturing posinset=60 (60/∞)…", "data": {"w": 0}, "seq": 37120}
{"ts": "2026-05-01T17:35:10.267112+00:00", "level": "INFO", "jobId": "ecc09a7f-3b47-4076-9878-52c5a6bb2e4d", "keyword": "chuẩn bị khai trương", "step": "capture", "message": "Saved post_060.png (posinset=60)", "data": {"w": 0}, "seq": 37127}
{"ts": "2026-05-01T17:35:10.281535+00:00", "level": "INFO", "jobId": "ecc09a7f-3b47-4076-9878-52c5a6bb2e4d", "keyword": "chuẩn bị khai trương", "step": "cooldown", "message": "Cooldown 1.0s (after capture)", "data": {"w": 0}, "seq": 37128}
{"ts": "2026-05-01T17:35:12.010680+00:00", "level": "INFO", "jobId": "ecc09a7f-3b47-4076-9878-52c5a6bb2e4d", "keyword": "chuẩn bị khai trương", "step": "capture", "message": "Capturing posinset=61 (61/∞)…", "data": {"w": 0}, "seq": 37132}
{"ts": "2026-05-01T17:35:14.955035+00:00", "level": "INFO", "jobId": "ecc09a7f-3b47-4076-9878-52c5a6bb2e4d", "keyword": "chuẩn bị khai trương", "step": "capture", "message": "Saved post_061.png (posinset=61)", "data": {"w": 0}, "seq": 37136}
{"ts": "2026-05-01T17:35:14.957034+00:00", "level": "INFO", "jobId": "ecc09a7f-3b47-4076-9878-52c5a6bb2e4d", "keyword": "chuẩn bị khai trương", "step": "cooldown", "message": "Cooldown 1.0s (after capture)", "data": {"w": 0}, "seq": 37137}
{"ts": "2026-05-01T17:35:15.995735+00:00", "level": "INFO", "jobId": "ecc09a7f-3b47-4076-9878-52c5a6bb2e4d", "keyword": "chuẩn bị khai trương", "step": "capture", "message": "Capturing posinset=62 (62/∞)…", "data": {"w": 0}, "seq": 37139}
{"ts": "2026-05-01T17:35:17.918741+00:00", "level": "INFO", "jobId": "ecc09a7f-3b47-4076-9878-52c5a6bb2e4d", "keyword": "chuẩn bị khai trương", "step": "capture", "message": "Saved post_062.png (posinset=62)", "data": {"w": 0}, "seq": 37140}
{"ts": "2026-05-01T17:35:17.920744+00:00", "level": "INFO", "jobId": "ecc09a7f-3b47-4076-9878-52c5a6bb2e4d", "keyword": "chuẩn bị khai trương", "step": "cooldown", "message": "Cooldown 1.0s (after capture)", "data": {"w": 0}, "seq": 37141}
{"ts": "2026-05-01T17:35:18.954828+00:00", "level": "INFO", "jobId": "ecc09a7f-3b47-4076-9878-52c5a6bb2e4d", "keyword": "chuẩn bị khai trương", "step": "heartbeat", "message": "Worker alive", "data": {"w": 0, "elapsed_s": 222}, "seq": 37144}
{"ts": "2026-05-01T17:35:18.955925+00:00", "level": "INFO", "jobId": "ecc09a7f-3b47-4076-9878-52c5a6bb2e4d", "keyword": "chuẩn bị khai trương", "step": "capture", "message": "Capturing posinset=63 (63/∞)…", "data": {"w": 0}, "seq": 37145}
{"ts": "2026-05-01T17:35:23.240512+00:00", "level": "INFO", "jobId": "ecc09a7f-3b47-4076-9878-52c5a6bb2e4d", "keyword": "chuẩn bị khai trương", "step": "capture", "message": "Saved post_063.png (posinset=63)", "data": {"w": 0}, "seq": 37147}
{"ts": "2026-05-01T17:35:23.242512+00:00", "level": "INFO", "jobId": "ecc09a7f-3b47-4076-9878-52c5a6bb2e4d", "keyword": "chuẩn bị khai trương", "step": "cooldown", "message": "Cooldown 1.0s (after capture)", "data": {"w": 0}, "seq": 37148}
{"ts": "2026-05-01T17:35:24.273910+00:00", "level": "INFO", "jobId": "ecc09a7f-3b47-4076-9878-52c5a6bb2e4d", "keyword": "chuẩn bị khai trương", "step": "capture", "message": "Capturing posinset=64 (64/∞)…", "data": {"w": 0}, "seq": 37151}
{"ts": "2026-05-01T17:35:25.896925+00:00", "level": "INFO", "jobId": "ecc09a7f-3b47-4076-9878-52c5a6bb2e4d", "keyword": "chuẩn bị khai trương", "step": "capture", "message": "Saved post_064.png (posinset=64)", "data": {"w": 0}, "seq": 37154}
{"ts": "2026-05-01T17:35:25.898412+00:00", "level": "INFO", "jobId": "ecc09a7f-3b47-4076-9878-52c5a6bb2e4d", "keyword": "chuẩn bị khai trương", "step": "cooldown", "message": "Cooldown 1.0s (after capture)", "data": {"w": 0}, "seq": 37155}
{"ts": "2026-05-01T17:35:26.939978+00:00", "level": "INFO", "jobId": "ecc09a7f-3b47-4076-9878-52c5a6bb2e4d", "keyword": "chuẩn bị khai trương", "step": "capture", "message": "Capturing posinset=65 (65/∞)…", "data": {"w": 0}, "seq": 37156}
{"ts": "2026-05-01T17:35:29.211981+00:00", "level": "INFO", "jobId": "ecc09a7f-3b47-4076-9878-52c5a6bb2e4d", "keyword": "chuẩn bị khai trương", "step": "capture", "message": "Saved post_065.png (posinset=65)", "data": {"w": 0}, "seq": 37162}
{"ts": "2026-05-01T17:35:29.211981+00:00", "level": "INFO", "jobId": "ecc09a7f-3b47-4076-9878-52c5a6bb2e4d", "keyword": "chuẩn bị khai trương", "step": "cooldown", "message": "Cooldown 1.0s (after capture)", "data": {"w": 0}, "seq": 37163}
{"ts": "2026-05-01T17:35:31.639600+00:00", "level": "INFO", "jobId": "ecc09a7f-3b47-4076-9878-52c5a6bb2e4d", "keyword": "chuẩn bị khai trương", "step": "capture", "message": "Capturing posinset=66 (66/∞)…", "data": {"w": 0}, "seq": 37164}
{"ts": "2026-05-01T17:35:36.141379+00:00", "level": "INFO", "jobId": "ecc09a7f-3b47-4076-9878-52c5a6bb2e4d", "keyword": "chuẩn bị khai trương", "step": "capture", "message": "Saved post_066.png (posinset=66)", "data": {"w": 0}, "seq": 37166}
{"ts": "2026-05-01T17:35:36.143392+00:00", "level": "INFO", "jobId": "ecc09a7f-3b47-4076-9878-52c5a6bb2e4d", "keyword": "chuẩn bị khai trương", "step": "cooldown", "message": "Cooldown 1.0s (after capture)", "data": {"w": 0}, "seq": 37167}
{"ts": "2026-05-01T17:35:37.167915+00:00", "level": "INFO", "jobId": "ecc09a7f-3b47-4076-9878-52c5a6bb2e4d", "keyword": "chuẩn bị khai trương", "step": "heartbeat", "message": "Worker alive", "data": {"w": 0, "elapsed_s": 240}, "seq": 37168}
{"ts": "2026-05-01T17:35:37.167915+00:00", "level": "INFO", "jobId": "ecc09a7f-3b47-4076-9878-52c5a6bb2e4d", "keyword": "chuẩn bị khai trương", "step": "capture", "message": "Capturing posinset=67 (67/∞)…", "data": {"w": 0}, "seq": 37169}
{"ts": "2026-05-01T17:35:38.922877+00:00", "level": "INFO", "jobId": "ecc09a7f-3b47-4076-9878-52c5a6bb2e4d", "keyword": "chuẩn bị khai trương", "step": "capture", "message": "Saved post_067.png (posinset=67)", "data": {"w": 0}, "seq": 37172}
{"ts": "2026-05-01T17:35:38.924877+00:00", "level": "INFO", "jobId": "ecc09a7f-3b47-4076-9878-52c5a6bb2e4d", "keyword": "chuẩn bị khai trương", "step": "cooldown", "message": "Cooldown 1.0s (after capture)", "data": {"w": 0}, "seq": 37173}
{"ts": "2026-05-01T17:35:40.075374+00:00", "level": "INFO", "jobId": "ecc09a7f-3b47-4076-9878-52c5a6bb2e4d", "keyword": "chuẩn bị khai trương", "step": "capture", "message": "Capturing posinset=68 (68/∞)…", "data": {"w": 0}, "seq": 37175}
{"ts": "2026-05-01T17:35:43.209470+00:00", "level": "INFO", "jobId": "ecc09a7f-3b47-4076-9878-52c5a6bb2e4d", "keyword": "chuẩn bị khai trương", "step": "capture", "message": "Saved post_068.png (posinset=68)", "data": {"w": 0}, "seq": 37176}
{"ts": "2026-05-01T17:35:43.210474+00:00", "level": "INFO", "jobId": "ecc09a7f-3b47-4076-9878-52c5a6bb2e4d", "keyword": "chuẩn bị khai trương", "step": "cooldown", "message": "Cooldown 1.0s (after capture)", "data": {"w": 0}, "seq": 37177}
{"ts": "2026-05-01T17:35:44.254675+00:00", "level": "INFO", "jobId": "ecc09a7f-3b47-4076-9878-52c5a6bb2e4d", "keyword": "chuẩn bị khai trương", "step": "capture", "message": "Capturing posinset=69 (69/∞)…", "data": {"w": 0}, "seq": 37182}
{"ts": "2026-05-01T17:35:46.965835+00:00", "level": "INFO", "jobId": "ecc09a7f-3b47-4076-9878-52c5a6bb2e4d", "keyword": "chuẩn bị khai trương", "step": "capture", "message": "Saved post_069.png (posinset=69)", "data": {"w": 0}, "seq": 37187}
{"ts": "2026-05-01T17:35:46.967835+00:00", "level": "INFO", "jobId": "ecc09a7f-3b47-4076-9878-52c5a6bb2e4d", "keyword": "chuẩn bị khai trương", "step": "cooldown", "message": "Cooldown 1.0s (after capture)", "data": {"w": 0}, "seq": 37188}
{"ts": "2026-05-01T17:35:48.273715+00:00", "level": "INFO", "jobId": "ecc09a7f-3b47-4076-9878-52c5a6bb2e4d", "keyword": "chuẩn bị khai trương", "step": "capture", "message": "Capturing posinset=70 (70/∞)…", "data": {"w": 0}, "seq": 37189}
{"ts": "2026-05-01T17:35:51.231618+00:00", "level": "INFO", "jobId": "ecc09a7f-3b47-4076-9878-52c5a6bb2e4d", "keyword": "chuẩn bị khai trương", "step": "capture", "message": "Saved post_070.png (posinset=70)", "data": {"w": 0}, "seq": 37193}
{"ts": "2026-05-01T17:35:51.233616+00:00", "level": "INFO", "jobId": "ecc09a7f-3b47-4076-9878-52c5a6bb2e4d", "keyword": "chuẩn bị khai trương", "step": "cooldown", "message": "Cooldown 1.0s (after capture)", "data": {"w": 0}, "seq": 37194}
{"ts": "2026-05-01T17:35:53.235397+00:00", "level": "INFO", "jobId": "ecc09a7f-3b47-4076-9878-52c5a6bb2e4d", "keyword": "chuẩn bị khai trương", "step": "heartbeat", "message": "Worker alive", "data": {"w": 0, "elapsed_s": 256}, "seq": 37198}
{"ts": "2026-05-01T17:35:53.237403+00:00", "level": "INFO", "jobId": "ecc09a7f-3b47-4076-9878-52c5a6bb2e4d", "keyword": "chuẩn bị khai trương", "step": "capture", "message": "Capturing posinset=71 (71/∞)…", "data": {"w": 0}, "seq": 37199}
{"ts": "2026-05-01T17:35:56.618992+00:00", "level": "INFO", "jobId": "ecc09a7f-3b47-4076-9878-52c5a6bb2e4d", "keyword": "chuẩn bị khai trương", "step": "capture", "message": "Saved post_071.png (posinset=71)", "data": {"w": 0}, "seq": 37203}
{"ts": "2026-05-01T17:35:56.619997+00:00", "level": "INFO", "jobId": "ecc09a7f-3b47-4076-9878-52c5a6bb2e4d", "keyword": "chuẩn bị khai trương", "step": "cooldown", "message": "Cooldown 1.0s (after capture)", "data": {"w": 0}, "seq": 37204}
{"ts": "2026-05-01T17:35:57.735802+00:00", "level": "INFO", "jobId": "ecc09a7f-3b47-4076-9878-52c5a6bb2e4d", "keyword": "chuẩn bị khai trương", "step": "capture", "message": "Capturing posinset=72 (72/∞)…", "data": {"w": 0}, "seq": 37205}
{"ts": "2026-05-01T17:36:01.053435+00:00", "level": "INFO", "jobId": "ecc09a7f-3b47-4076-9878-52c5a6bb2e4d", "keyword": "chuẩn bị khai trương", "step": "capture", "message": "Saved post_072.png (posinset=72)", "data": {"w": 0}, "seq": 37206}
{"ts": "2026-05-01T17:36:01.054791+00:00", "level": "INFO", "jobId": "ecc09a7f-3b47-4076-9878-52c5a6bb2e4d", "keyword": "chuẩn bị khai trương", "step": "cooldown", "message": "Cooldown 1.0s (after capture)", "data": {"w": 0}, "seq": 37207}
{"ts": "2026-05-01T17:36:02.120464+00:00", "level": "INFO", "jobId": "ecc09a7f-3b47-4076-9878-52c5a6bb2e4d", "keyword": "chuẩn bị khai trương", "step": "capture", "message": "Capturing posinset=73 (73/∞)…", "data": {"w": 0}, "seq": 37208}
{"ts": "2026-05-01T17:36:04.906744+00:00", "level": "INFO", "jobId": "ecc09a7f-3b47-4076-9878-52c5a6bb2e4d", "keyword": "chuẩn bị khai trương", "step": "capture", "message": "Saved post_073.png (posinset=73)", "data": {"w": 0}, "seq": 37213}
{"ts": "2026-05-01T17:36:04.908144+00:00", "level": "INFO", "jobId": "ecc09a7f-3b47-4076-9878-52c5a6bb2e4d", "keyword": "chuẩn bị khai trương", "step": "cooldown", "message": "Cooldown 1.0s (after capture)", "data": {"w": 0}, "seq": 37214}
{"ts": "2026-05-01T17:36:05.972002+00:00", "level": "INFO", "jobId": "ecc09a7f-3b47-4076-9878-52c5a6bb2e4d", "keyword": "chuẩn bị khai trương", "step": "capture", "message": "Capturing posinset=74 (74/∞)…", "data": {"w": 0}, "seq": 37215}
{"ts": "2026-05-01T17:36:08.870687+00:00", "level": "INFO", "jobId": "ecc09a7f-3b47-4076-9878-52c5a6bb2e4d", "keyword": "chuẩn bị khai trương", "step": "capture", "message": "Saved post_074.png (posinset=74)", "data": {"w": 0}, "seq": 37219}
{"ts": "2026-05-01T17:36:08.872687+00:00", "level": "INFO", "jobId": "ecc09a7f-3b47-4076-9878-52c5a6bb2e4d", "keyword": "chuẩn bị khai trương", "step": "cooldown", "message": "Cooldown 1.0s (after capture)", "data": {"w": 0}, "seq": 37220}
{"ts": "2026-05-01T17:36:09.914332+00:00", "level": "INFO", "jobId": "ecc09a7f-3b47-4076-9878-52c5a6bb2e4d", "keyword": "chuẩn bị khai trương", "step": "heartbeat", "message": "Worker alive", "data": {"w": 0, "elapsed_s": 273}, "seq": 37223}
{"ts": "2026-05-01T17:36:09.916819+00:00", "level": "INFO", "jobId": "ecc09a7f-3b47-4076-9878-52c5a6bb2e4d", "keyword": "chuẩn bị khai trương", "step": "capture", "message": "Capturing posinset=75 (75/∞)…", "data": {"w": 0}, "seq": 37224}
{"ts": "2026-05-01T17:36:17.737236+00:00", "level": "INFO", "jobId": "ecc09a7f-3b47-4076-9878-52c5a6bb2e4d", "keyword": "chuẩn bị khai trương", "step": "capture", "message": "Saved post_075.png (posinset=75)", "data": {"w": 0}, "seq": 37230}
{"ts": "2026-05-01T17:36:17.752146+00:00", "level": "INFO", "jobId": "ecc09a7f-3b47-4076-9878-52c5a6bb2e4d", "keyword": "chuẩn bị khai trương", "step": "cooldown", "message": "Cooldown 1.0s (after capture)", "data": {"w": 0}, "seq": 37231}
{"ts": "2026-05-01T17:36:18.834271+00:00", "level": "INFO", "jobId": "ecc09a7f-3b47-4076-9878-52c5a6bb2e4d", "keyword": "chuẩn bị khai trương", "step": "capture", "message": "Capturing posinset=76 (76/∞)…", "data": {"w": 0}, "seq": 37232}
{"ts": "2026-05-01T17:36:21.750364+00:00", "level": "INFO", "jobId": "ecc09a7f-3b47-4076-9878-52c5a6bb2e4d", "keyword": "chuẩn bị khai trương", "step": "capture", "message": "Saved post_076.png (posinset=76)", "data": {"w": 0}, "seq": 37235}
{"ts": "2026-05-01T17:36:21.751766+00:00", "level": "INFO", "jobId": "ecc09a7f-3b47-4076-9878-52c5a6bb2e4d", "keyword": "chuẩn bị khai trương", "step": "cooldown", "message": "Cooldown 1.0s (after capture)", "data": {"w": 0}, "seq": 37236}
{"ts": "2026-05-01T17:36:23.003232+00:00", "level": "INFO", "jobId": "ecc09a7f-3b47-4076-9878-52c5a6bb2e4d", "keyword": "chuẩn bị khai trương", "step": "capture", "message": "Capturing posinset=77 (77/∞)…", "data": {"w": 0}, "seq": 37239}
{"ts": "2026-05-01T17:36:28.118837+00:00", "level": "INFO", "jobId": "ecc09a7f-3b47-4076-9878-52c5a6bb2e4d", "keyword": "chuẩn bị khai trương", "step": "capture", "message": "Saved post_077.png (posinset=77)", "data": {"w": 0}, "seq": 37240}
{"ts": "2026-05-01T17:36:28.121262+00:00", "level": "INFO", "jobId": "ecc09a7f-3b47-4076-9878-52c5a6bb2e4d", "keyword": "chuẩn bị khai trương", "step": "cooldown", "message": "Cooldown 1.0s (after capture)", "data": {"w": 0}, "seq": 37241}
{"ts": "2026-05-01T17:36:29.154649+00:00", "level": "INFO", "jobId": "ecc09a7f-3b47-4076-9878-52c5a6bb2e4d", "keyword": "chuẩn bị khai trương", "step": "heartbeat", "message": "Worker alive", "data": {"w": 0, "elapsed_s": 292}, "seq": 37242}
{"ts": "2026-05-01T17:36:29.156781+00:00", "level": "INFO", "jobId": "ecc09a7f-3b47-4076-9878-52c5a6bb2e4d", "keyword": "chuẩn bị khai trương", "step": "capture", "message": "Capturing posinset=78 (78/∞)…", "data": {"w": 0}, "seq": 37243}
{"ts": "2026-05-01T17:36:32.404204+00:00", "level": "INFO", "jobId": "ecc09a7f-3b47-4076-9878-52c5a6bb2e4d", "keyword": "chuẩn bị khai trương", "step": "capture", "message": "Saved post_078.png (posinset=78)", "data": {"w": 0}, "seq": 37247}
{"ts": "2026-05-01T17:36:32.405253+00:00", "level": "INFO", "jobId": "ecc09a7f-3b47-4076-9878-52c5a6bb2e4d", "keyword": "chuẩn bị khai trương", "step": "cooldown", "message": "Cooldown 1.0s (after capture)", "data": {"w": 0}, "seq": 37248}
{"ts": "2026-05-01T17:36:33.442231+00:00", "level": "INFO", "jobId": "ecc09a7f-3b47-4076-9878-52c5a6bb2e4d", "keyword": "chuẩn bị khai trương", "step": "capture", "message": "Capturing posinset=79 (79/∞)…", "data": {"w": 0}, "seq": 37251}
{"ts": "2026-05-01T17:36:35.682188+00:00", "level": "INFO", "jobId": "ecc09a7f-3b47-4076-9878-52c5a6bb2e4d", "keyword": "chuẩn bị khai trương", "step": "capture", "message": "Saved post_079.png (posinset=79)", "data": {"w": 0}, "seq": 37257}
{"ts": "2026-05-01T17:36:35.683850+00:00", "level": "INFO", "jobId": "ecc09a7f-3b47-4076-9878-52c5a6bb2e4d", "keyword": "chuẩn bị khai trương", "step": "cooldown", "message": "Cooldown 1.0s (after capture)", "data": {"w": 0}, "seq": 37258}
{"ts": "2026-05-01T17:36:36.716587+00:00", "level": "INFO", "jobId": "ecc09a7f-3b47-4076-9878-52c5a6bb2e4d", "keyword": "chuẩn bị khai trương", "step": "capture", "message": "Capturing posinset=80 (80/∞)…", "data": {"w": 0}, "seq": 37259}
{"ts": "2026-05-01T17:36:39.034469+00:00", "level": "INFO", "jobId": "ecc09a7f-3b47-4076-9878-52c5a6bb2e4d", "keyword": "chuẩn bị khai trương", "step": "capture", "message": "Saved post_080.png (posinset=80)", "data": {"w": 0}, "seq": 37262}
{"ts": "2026-05-01T17:36:39.037355+00:00", "level": "INFO", "jobId": "ecc09a7f-3b47-4076-9878-52c5a6bb2e4d", "keyword": "chuẩn bị khai trương", "step": "cooldown", "message": "Cooldown 1.0s (after capture)", "data": {"w": 0}, "seq": 37263}
{"ts": "2026-05-01T17:36:40.127024+00:00", "level": "INFO", "jobId": "ecc09a7f-3b47-4076-9878-52c5a6bb2e4d", "keyword": "chuẩn bị khai trương", "step": "capture", "message": "Capturing posinset=81 (81/∞)…", "data": {"w": 0}, "seq": 37266}
{"ts": "2026-05-01T17:36:47.600670+00:00", "level": "INFO", "jobId": "ecc09a7f-3b47-4076-9878-52c5a6bb2e4d", "keyword": "chuẩn bị khai trương", "step": "heartbeat", "message": "Worker alive", "data": {"w": 0, "elapsed_s": 310}, "seq": 37270}
{"ts": "2026-05-01T17:36:47.600670+00:00", "level": "INFO", "jobId": "ecc09a7f-3b47-4076-9878-52c5a6bb2e4d", "keyword": "chuẩn bị khai trương", "step": "capture", "message": "Capturing posinset=81 (81/∞)…", "data": {"w": 0}, "seq": 37271}
{"ts": "2026-05-01T17:36:50.844215+00:00", "level": "INFO", "jobId": "ecc09a7f-3b47-4076-9878-52c5a6bb2e4d", "keyword": "chuẩn bị khai trương", "step": "capture", "message": "Saved post_081.png (posinset=81)", "data": {"w": 0}, "seq": 37275}
{"ts": "2026-05-01T17:36:50.846689+00:00", "level": "INFO", "jobId": "ecc09a7f-3b47-4076-9878-52c5a6bb2e4d", "keyword": "chuẩn bị khai trương", "step": "cooldown", "message": "Cooldown 1.0s (after capture)", "data": {"w": 0}, "seq": 37276}
{"ts": "2026-05-01T17:36:51.874472+00:00", "level": "INFO", "jobId": "ecc09a7f-3b47-4076-9878-52c5a6bb2e4d", "keyword": "chuẩn bị khai trương", "step": "capture", "message": "Capturing posinset=82 (82/∞)…", "data": {"w": 0}, "seq": 37277}
{"ts": "2026-05-01T17:36:55.280873+00:00", "level": "INFO", "jobId": "ecc09a7f-3b47-4076-9878-52c5a6bb2e4d", "keyword": "chuẩn bị khai trương", "step": "capture", "message": "Saved post_082.png (posinset=82)", "data": {"w": 0}, "seq": 37278}
{"ts": "2026-05-01T17:36:55.282886+00:00", "level": "INFO", "jobId": "ecc09a7f-3b47-4076-9878-52c5a6bb2e4d", "keyword": "chuẩn bị khai trương", "step": "cooldown", "message": "Cooldown 1.0s (after capture)", "data": {"w": 0}, "seq": 37279}
{"ts": "2026-05-01T17:36:56.338004+00:00", "level": "INFO", "jobId": "ecc09a7f-3b47-4076-9878-52c5a6bb2e4d", "keyword": "chuẩn bị khai trương", "step": "capture", "message": "Capturing posinset=83 (83/∞)…", "data": {"w": 0}, "seq": 37280}
{"ts": "2026-05-01T17:36:59.183154+00:00", "level": "INFO", "jobId": "ecc09a7f-3b47-4076-9878-52c5a6bb2e4d", "keyword": "chuẩn bị khai trương", "step": "capture", "message": "Saved post_083.png (posinset=83)", "data": {"w": 0}, "seq": 37289}
{"ts": "2026-05-01T17:36:59.187667+00:00", "level": "INFO", "jobId": "ecc09a7f-3b47-4076-9878-52c5a6bb2e4d", "keyword": "chuẩn bị khai trương", "step": "cooldown", "message": "Cooldown 1.0s (after capture)", "data": {"w": 0}, "seq": 37290}
{"ts": "2026-05-01T17:37:00.236809+00:00", "level": "INFO", "jobId": "ecc09a7f-3b47-4076-9878-52c5a6bb2e4d", "keyword": "chuẩn bị khai trương", "step": "capture", "message": "Capturing posinset=84 (84/∞)…", "data": {"w": 0}, "seq": 37291}
{"ts": "2026-05-01T17:37:05.082300+00:00", "level": "INFO", "jobId": "ecc09a7f-3b47-4076-9878-52c5a6bb2e4d", "keyword": "chuẩn bị khai trương", "step": "capture", "message": "Saved post_084.png (posinset=84)", "data": {"w": 0}, "seq": 37295}
{"ts": "2026-05-01T17:37:05.083503+00:00", "level": "INFO", "jobId": "ecc09a7f-3b47-4076-9878-52c5a6bb2e4d", "keyword": "chuẩn bị khai trương", "step": "cooldown", "message": "Cooldown 1.0s (after capture)", "data": {"w": 0}, "seq": 37296}
{"ts": "2026-05-01T17:37:06.181288+00:00", "level": "INFO", "jobId": "ecc09a7f-3b47-4076-9878-52c5a6bb2e4d", "keyword": "chuẩn bị khai trương", "step": "heartbeat", "message": "Worker alive", "data": {"w": 0, "elapsed_s": 329}, "seq": 37297}
{"ts": "2026-05-01T17:37:06.182287+00:00", "level": "INFO", "jobId": "ecc09a7f-3b47-4076-9878-52c5a6bb2e4d", "keyword": "chuẩn bị khai trương", "step": "capture", "message": "Capturing posinset=85 (85/∞)…", "data": {"w": 0}, "seq": 37298}
{"ts": "2026-05-01T17:37:09.515231+00:00", "level": "INFO", "jobId": "ecc09a7f-3b47-4076-9878-52c5a6bb2e4d", "keyword": "chuẩn bị khai trương", "step": "capture", "message": "Saved post_085.png (posinset=85)", "data": {"w": 0}, "seq": 37301}
{"ts": "2026-05-01T17:37:09.516653+00:00", "level": "INFO", "jobId": "ecc09a7f-3b47-4076-9878-52c5a6bb2e4d", "keyword": "chuẩn bị khai trương", "step": "cooldown", "message": "Cooldown 1.0s (after capture)", "data": {"w": 0}, "seq": 37302}
{"ts": "2026-05-01T17:37:10.563466+00:00", "level": "INFO", "jobId": "ecc09a7f-3b47-4076-9878-52c5a6bb2e4d", "keyword": "chuẩn bị khai trương", "step": "capture", "message": "Capturing posinset=86 (86/∞)…", "data": {"w": 0}, "seq": 37306}
{"ts": "2026-05-01T17:37:13.628968+00:00", "level": "INFO", "jobId": "ecc09a7f-3b47-4076-9878-52c5a6bb2e4d", "keyword": "chuẩn bị khai trương", "step": "capture", "message": "Saved post_086.png (posinset=86)", "data": {"w": 0}, "seq": 37310}
{"ts": "2026-05-01T17:37:13.630022+00:00", "level": "INFO", "jobId": "ecc09a7f-3b47-4076-9878-52c5a6bb2e4d", "keyword": "chuẩn bị khai trương", "step": "cooldown", "message": "Cooldown 1.0s (after capture)", "data": {"w": 0}, "seq": 37311}
{"ts": "2026-05-01T17:37:14.739660+00:00", "level": "INFO", "jobId": "ecc09a7f-3b47-4076-9878-52c5a6bb2e4d", "keyword": "chuẩn bị khai trương", "step": "capture", "message": "Capturing posinset=87 (87/∞)…", "data": {"w": 0}, "seq": 37314}
{"ts": "2026-05-01T17:37:17.830582+00:00", "level": "INFO", "jobId": "ecc09a7f-3b47-4076-9878-52c5a6bb2e4d", "keyword": "chuẩn bị khai trương", "step": "capture", "message": "Saved post_087.png (posinset=87)", "data": {"w": 0}, "seq": 37315}
{"ts": "2026-05-01T17:37:17.831963+00:00", "level": "INFO", "jobId": "ecc09a7f-3b47-4076-9878-52c5a6bb2e4d", "keyword": "chuẩn bị khai trương", "step": "cooldown", "message": "Cooldown 1.0s (after capture)", "data": {"w": 0}, "seq": 37316}
{"ts": "2026-05-01T17:37:18.893112+00:00", "level": "INFO", "jobId": "ecc09a7f-3b47-4076-9878-52c5a6bb2e4d", "keyword": "chuẩn bị khai trương", "step": "capture", "message": "Capturing posinset=88 (88/∞)…", "data": {"w": 0}, "seq": 37319}
{"ts": "2026-05-01T17:37:22.197816+00:00", "level": "INFO", "jobId": "ecc09a7f-3b47-4076-9878-52c5a6bb2e4d", "keyword": "chuẩn bị khai trương", "step": "capture", "message": "Saved post_088.png (posinset=88)", "data": {"w": 0}, "seq": 37321}
{"ts": "2026-05-01T17:37:22.198323+00:00", "level": "INFO", "jobId": "ecc09a7f-3b47-4076-9878-52c5a6bb2e4d", "keyword": "chuẩn bị khai trương", "step": "cooldown", "message": "Cooldown 1.0s (after capture)", "data": {"w": 0}, "seq": 37322}
{"ts": "2026-05-01T17:37:23.272304+00:00", "level": "INFO", "jobId": "ecc09a7f-3b47-4076-9878-52c5a6bb2e4d", "keyword": "chuẩn bị khai trương", "step": "heartbeat", "message": "Worker alive", "data": {"w": 0, "elapsed_s": 346}, "seq": 37323}
{"ts": "2026-05-01T17:37:23.274310+00:00", "level": "INFO", "jobId": "ecc09a7f-3b47-4076-9878-52c5a6bb2e4d", "keyword": "chuẩn bị khai trương", "step": "capture", "message": "Capturing posinset=89 (89/∞)…", "data": {"w": 0}, "seq": 37324}
{"ts": "2026-05-01T17:37:26.271781+00:00", "level": "INFO", "jobId": "ecc09a7f-3b47-4076-9878-52c5a6bb2e4d", "keyword": "chuẩn bị khai trương", "step": "capture", "message": "Saved post_089.png (posinset=89)", "data": {"w": 0}, "seq": 37332}
{"ts": "2026-05-01T17:37:26.272774+00:00", "level": "INFO", "jobId": "ecc09a7f-3b47-4076-9878-52c5a6bb2e4d", "keyword": "chuẩn bị khai trương", "step": "cooldown", "message": "Cooldown 1.0s (after capture)", "data": {"w": 0}, "seq": 37333}
{"ts": "2026-05-01T17:37:27.383274+00:00", "level": "INFO", "jobId": "ecc09a7f-3b47-4076-9878-52c5a6bb2e4d", "keyword": "chuẩn bị khai trương", "step": "capture", "message": "Capturing posinset=90 (90/∞)…", "data": {"w": 0}, "seq": 37334}
{"ts": "2026-05-01T17:37:30.582830+00:00", "level": "INFO", "jobId": "ecc09a7f-3b47-4076-9878-52c5a6bb2e4d", "keyword": "chuẩn bị khai trương", "step": "capture", "message": "Saved post_090.png (posinset=90)", "data": {"w": 0}, "seq": 37339}
{"ts": "2026-05-01T17:37:30.590081+00:00", "level": "INFO", "jobId": "ecc09a7f-3b47-4076-9878-52c5a6bb2e4d", "keyword": "chuẩn bị khai trương", "step": "cooldown", "message": "Cooldown 1.0s (after capture)", "data": {"w": 0}, "seq": 37340}
{"ts": "2026-05-01T17:37:32.346351+00:00", "level": "INFO", "jobId": "ecc09a7f-3b47-4076-9878-52c5a6bb2e4d", "keyword": "chuẩn bị khai trương", "step": "capture", "message": "Capturing posinset=91 (91/∞)…", "data": {"w": 0}, "seq": 37341}
{"ts": "2026-05-01T17:37:35.625790+00:00", "level": "INFO", "jobId": "ecc09a7f-3b47-4076-9878-52c5a6bb2e4d", "keyword": "chuẩn bị khai trương", "step": "capture", "message": "Saved post_091.png (posinset=91)", "data": {"w": 0}, "seq": 37344}
{"ts": "2026-05-01T17:37:35.628274+00:00", "level": "INFO", "jobId": "ecc09a7f-3b47-4076-9878-52c5a6bb2e4d", "keyword": "chuẩn bị khai trương", "step": "cooldown", "message": "Cooldown 1.0s (after capture)", "data": {"w": 0}, "seq": 37345}
{"ts": "2026-05-01T17:37:36.662777+00:00", "level": "INFO", "jobId": "ecc09a7f-3b47-4076-9878-52c5a6bb2e4d", "keyword": "chuẩn bị khai trương", "step": "capture", "message": "Capturing posinset=92 (92/∞)…", "data": {"w": 0}, "seq": 37349}
{"ts": "2026-05-01T17:37:39.130214+00:00", "level": "INFO", "jobId": "ecc09a7f-3b47-4076-9878-52c5a6bb2e4d", "keyword": "chuẩn bị khai trương", "step": "capture", "message": "Saved post_092.png (posinset=92)", "data": {"w": 0}, "seq": 37353}
{"ts": "2026-05-01T17:37:39.131488+00:00", "level": "INFO", "jobId": "ecc09a7f-3b47-4076-9878-52c5a6bb2e4d", "keyword": "chuẩn bị khai trương", "step": "cooldown", "message": "Cooldown 1.0s (after capture)", "data": {"w": 0}, "seq": 37354}
{"ts": "2026-05-01T17:37:40.192948+00:00", "level": "INFO", "jobId": "ecc09a7f-3b47-4076-9878-52c5a6bb2e4d", "keyword": "chuẩn bị khai trương", "step": "heartbeat", "message": "Worker alive", "data": {"w": 0, "elapsed_s": 363}, "seq": 37355}
{"ts": "2026-05-01T17:37:40.194352+00:00", "level": "INFO", "jobId": "ecc09a7f-3b47-4076-9878-52c5a6bb2e4d", "keyword": "chuẩn bị khai trương", "step": "capture", "message": "Capturing posinset=93 (93/∞)…", "data": {"w": 0}, "seq": 37356}
{"ts": "2026-05-01T17:37:41.874802+00:00", "level": "INFO", "jobId": "ecc09a7f-3b47-4076-9878-52c5a6bb2e4d", "keyword": "chuẩn bị khai trương", "step": "capture", "message": "Capturing posinset=93 (93/∞)…", "data": {"w": 0}, "seq": 37358}
{"ts": "2026-05-01T17:37:43.490407+00:00", "level": "INFO", "jobId": "ecc09a7f-3b47-4076-9878-52c5a6bb2e4d", "keyword": "chuẩn bị khai trương", "step": "capture", "message": "Capturing posinset=93 (93/∞)…", "data": {"w": 0}, "seq": 37359}
{"ts": "2026-05-01T17:37:45.150807+00:00", "level": "INFO", "jobId": "ecc09a7f-3b47-4076-9878-52c5a6bb2e4d", "keyword": "chuẩn bị khai trương", "step": "capture", "message": "Capturing posinset=93 (93/∞)…", "data": {"w": 0}, "seq": 37366}
{"ts": "2026-05-01T17:37:46.764404+00:00", "level": "INFO", "jobId": "ecc09a7f-3b47-4076-9878-52c5a6bb2e4d", "keyword": "chuẩn bị khai trương", "step": "capture", "message": "Capturing posinset=93 (93/∞)…", "data": {"w": 0}, "seq": 37369}
{"ts": "2026-05-01T17:37:48.424978+00:00", "level": "INFO", "jobId": "ecc09a7f-3b47-4076-9878-52c5a6bb2e4d", "keyword": "chuẩn bị khai trương", "step": "capture", "message": "Capturing posinset=93 (93/∞)…", "data": {"w": 0}, "seq": 37370}
{"ts": "2026-05-01T17:37:50.209246+00:00", "level": "INFO", "jobId": "ecc09a7f-3b47-4076-9878-52c5a6bb2e4d", "keyword": "chuẩn bị khai trương", "step": "capture", "message": "Capturing posinset=93 (93/∞)…", "data": {"w": 0}, "seq": 37374}
{"ts": "2026-05-01T17:38:02.351021+00:00", "level": "INFO", "jobId": "ecc09a7f-3b47-4076-9878-52c5a6bb2e4d", "keyword": "chuẩn bị khai trương", "step": "heartbeat", "message": "Worker alive", "data": {"w": 0, "elapsed_s": 385}, "seq": 37388}
{"ts": "2026-05-01T17:38:02.351021+00:00", "level": "INFO", "jobId": "ecc09a7f-3b47-4076-9878-52c5a6bb2e4d", "keyword": "chuẩn bị khai trương", "step": "capture", "message": "Capturing posinset=93 (93/∞)…", "data": {"w": 0}, "seq": 37389}
{"ts": "2026-05-01T17:38:15.174069+00:00", "level": "INFO", "jobId": "ecc09a7f-3b47-4076-9878-52c5a6bb2e4d", "keyword": "chuẩn bị khai trương", "step": "capture", "message": "Capturing posinset=93 (93/∞)…", "data": {"w": 0}, "seq": 37405}
{"ts": "2026-05-01T17:38:16.888260+00:00", "level": "INFO", "jobId": "ecc09a7f-3b47-4076-9878-52c5a6bb2e4d", "keyword": "chuẩn bị khai trương", "step": "capture", "message": "Reached stable end of results (maxPos=92, stable>=35s). Stopping.", "data": {"w": 0}, "seq": 37406}
{"ts": "2026-05-01T17:38:16.952100+00:00", "level": "INFO", "jobId": "ecc09a7f-3b47-4076-9878-52c5a6bb2e4d", "keyword": "chuẩn bị khai trương", "step": "capture", "message": "Capture loop finished (unlimited). Saved=92", "data": {"w": 0}, "seq": 37407}
{"ts": "2026-05-01T17:38:16.953098+00:00", "level": "INFO", "jobId": "ecc09a7f-3b47-4076-9878-52c5a6bb2e4d", "keyword": "chuẩn bị khai trương", "step": "done", "message": "Completed. Saved=92", "data": {"w": 0}, "seq": 37408}
