{"ts": "2026-05-01T17:00:11.560650+00:00", "level": "INFO", "jobId": "f0f77465-85aa-4fb1-a878-e54838434a78", "keyword": "khai trương tìm đồng đội", "step": "capture", "message": "Saved post_205.png (posinset=205)", "data": {"w": 1}, "seq": 32836}
{"ts": "2026-05-01T17:00:11.573739+00:00", "level": "INFO", "jobId": "f0f77465-85aa-4fb1-a878-e54838434a78", "keyword": "khai trương tìm đồng đội", "step": "cooldown", "message": "Cooldown 1.0s (after capture)", "data": {"w": 1}, "seq": 32837}
{"ts": "2026-05-01T17:00:12.658131+00:00", "level": "INFO", "jobId": "f0f77465-85aa-4fb1-a878-e54838434a78", "keyword": "khai trương tìm đồng đội", "step": "heartbeat", "message": "Worker alive", "data": {"w": 1, "elapsed_s": 1228}, "seq": 32842}
{"ts": "2026-05-01T17:00:12.659130+00:00", "level": "INFO", "jobId": "f0f77465-85aa-4fb1-a878-e54838434a78", "keyword": "khai trương tìm đồng đội", "step": "capture", "message": "Capturing posinset=206 (206/∞)…", "data": {"w": 1}, "seq": 32843}
{"ts": "2026-05-01T17:00:15.153054+00:00", "level": "INFO", "jobId": "f0f77465-85aa-4fb1-a878-e54838434a78", "keyword": "khai trương tìm đồng đội", "step": "capture", "message": "Saved post_206.png (posinset=206)", "data": {"w": 1}, "seq": 32850}
{"ts": "2026-05-01T17:00:15.155138+00:00", "level": "INFO", "jobId": "f0f77465-85aa-4fb1-a878-e54838434a78", "keyword": "khai trương tìm đồng đội", "step": "cooldown", "message": "Cooldown 1.0s (after capture)", "data": {"w": 1}, "seq": 32851}
{"ts": "2026-05-01T17:00:16.258544+00:00", "level": "INFO", "jobId": "f0f77465-85aa-4fb1-a878-e54838434a78", "keyword": "khai trương tìm đồng đội", "step": "capture", "message": "Capturing posinset=207 (207/∞)…", "data": {"w": 1}, "seq": 32854}
{"ts": "2026-05-01T17:00:22.318588+00:00", "level": "INFO", "jobId": "f0f77465-85aa-4fb1-a878-e54838434a78", "keyword": "khai trương tìm đồng đội", "step": "capture", "message": "Capturing posinset=207 (207/∞)…", "data": {"w": 1}, "seq": 32863}
{"ts": "2026-05-01T17:00:25.054114+00:00", "level": "INFO", "jobId": "f0f77465-85aa-4fb1-a878-e54838434a78", "keyword": "khai trương tìm đồng đội", "step": "capture", "message": "Saved post_207.png (posinset=207)", "data": {"w": 1}, "seq": 32870}
{"ts": "2026-05-01T17:00:25.055474+00:00", "level": "INFO", "jobId": "f0f77465-85aa-4fb1-a878-e54838434a78", "keyword": "khai trương tìm đồng đội", "step": "cooldown", "message": "Cooldown 1.0s (after capture)", "data": {"w": 1}, "seq": 32871}
{"ts": "2026-05-01T17:00:26.104414+00:00", "level": "INFO", "jobId": "f0f77465-85aa-4fb1-a878-e54838434a78", "keyword": "khai trương tìm đồng đội", "step": "capture", "message": "Capturing posinset=208 (208/∞)…", "data": {"w": 1}, "seq": 32875}
{"ts": "2026-05-01T17:00:36.583571+00:00", "level": "INFO", "jobId": "f0f77465-85aa-4fb1-a878-e54838434a78", "keyword": "khai trương tìm đồng đội", "step": "capture", "message": "Saved post_208.png (posinset=208)", "data": {"w": 1}, "seq": 32891}
{"ts": "2026-05-01T17:00:36.584567+00:00", "level": "INFO", "jobId": "f0f77465-85aa-4fb1-a878-e54838434a78", "keyword": "khai trương tìm đồng đội", "step": "cooldown", "message": "Cooldown 1.0s (after capture)", "data": {"w": 1}, "seq": 32892}
{"ts": "2026-05-01T17:00:37.852992+00:00", "level": "INFO", "jobId": "f0f77465-85aa-4fb1-a878-e54838434a78", "keyword": "khai trương tìm đồng đội", "step": "heartbeat", "message": "Worker alive", "data": {"w": 1, "elapsed_s": 1254}, "seq": 32894}
{"ts": "2026-05-01T17:00:37.861749+00:00", "level": "INFO", "jobId": "f0f77465-85aa-4fb1-a878-e54838434a78", "keyword": "khai trương tìm đồng đội", "step": "capture", "message": "Capturing posinset=209 (209/∞)…", "data": {"w": 1}, "seq": 32895}
{"ts": "2026-05-01T17:00:46.591830+00:00", "level": "INFO", "jobId": "f0f77465-85aa-4fb1-a878-e54838434a78", "keyword": "khai trương tìm đồng đội", "step": "capture", "message": "Saved post_209.png (posinset=209)", "data": {"w": 1}, "seq": 32910}
{"ts": "2026-05-01T17:00:46.595281+00:00", "level": "INFO", "jobId": "f0f77465-85aa-4fb1-a878-e54838434a78", "keyword": "khai trương tìm đồng đội", "step": "cooldown", "message": "Cooldown 1.0s (after capture)", "data": {"w": 1}, "seq": 32911}
{"ts": "2026-05-01T17:00:47.662928+00:00", "level": "INFO", "jobId": "f0f77465-85aa-4fb1-a878-e54838434a78", "keyword": "khai trương tìm đồng đội", "step": "capture", "message": "Capturing posinset=210 (210/∞)…", "data": {"w": 1}, "seq": 32913}
{"ts": "2026-05-01T17:01:02.373168+00:00", "level": "INFO", "jobId": "f0f77465-85aa-4fb1-a878-e54838434a78", "keyword": "khai trương tìm đồng đội", "step": "capture", "message": "Saved post_210.png (posinset=210)", "data": {"w": 1}, "seq": 32931}
{"ts": "2026-05-01T17:01:02.375177+00:00", "level": "INFO", "jobId": "f0f77465-85aa-4fb1-a878-e54838434a78", "keyword": "khai trương tìm đồng đội", "step": "cooldown", "message": "Cooldown 1.0s (after capture)", "data": {"w": 1}, "seq": 32932}
{"ts": "2026-05-01T17:01:03.874764+00:00", "level": "INFO", "jobId": "f0f77465-85aa-4fb1-a878-e54838434a78", "keyword": "khai trương tìm đồng đội", "step": "heartbeat", "message": "Worker alive", "data": {"w": 1, "elapsed_s": 1280}, "seq": 32933}
{"ts": "2026-05-01T17:01:03.875764+00:00", "level": "INFO", "jobId": "f0f77465-85aa-4fb1-a878-e54838434a78", "keyword": "khai trương tìm đồng đội", "step": "capture", "message": "Capturing posinset=211 (211/∞)…", "data": {"w": 1}, "seq": 32934}
{"ts": "2026-05-01T17:01:15.475514+00:00", "level": "INFO", "jobId": "f0f77465-85aa-4fb1-a878-e54838434a78", "keyword": "khai trương tìm đồng đội", "step": "capture", "message": "Saved post_211.png (posinset=211)", "data": {"w": 1}, "seq": 32949}
{"ts": "2026-05-01T17:01:15.477592+00:00", "level": "INFO", "jobId": "f0f77465-85aa-4fb1-a878-e54838434a78", "keyword": "khai trương tìm đồng đội", "step": "cooldown", "message": "Cooldown 1.0s (after capture)", "data": {"w": 1}, "seq": 32950}
{"ts": "2026-05-01T17:01:17.316686+00:00", "level": "INFO", "jobId": "f0f77465-85aa-4fb1-a878-e54838434a78", "keyword": "khai trương tìm đồng đội", "step": "capture", "message": "Capturing posinset=212 (212/∞)…", "data": {"w": 1}, "seq": 32953}
{"ts": "2026-05-01T17:01:27.633515+00:00", "level": "INFO", "jobId": "f0f77465-85aa-4fb1-a878-e54838434a78", "keyword": "khai trương tìm đồng đội", "step": "heartbeat", "message": "Worker alive", "data": {"w": 1, "elapsed_s": 1303}, "seq": 32972}
{"ts": "2026-05-01T17:01:27.633515+00:00", "level": "INFO", "jobId": "f0f77465-85aa-4fb1-a878-e54838434a78", "keyword": "khai trương tìm đồng đội", "step": "capture", "message": "Capturing posinset=212 (212/∞)…", "data": {"w": 1}, "seq": 32973}
{"ts": "2026-05-01T17:01:31.085010+00:00", "level": "INFO", "jobId": "f0f77465-85aa-4fb1-a878-e54838434a78", "keyword": "khai trương tìm đồng đội", "step": "capture", "message": "Saved post_212.png (posinset=212)", "data": {"w": 1}, "seq": 32982}
{"ts": "2026-05-01T17:01:31.086057+00:00", "level": "INFO", "jobId": "f0f77465-85aa-4fb1-a878-e54838434a78", "keyword": "khai trương tìm đồng đội", "step": "cooldown", "message": "Cooldown 1.0s (after capture)", "data": {"w": 1}, "seq": 32983}
{"ts": "2026-05-01T17:01:32.126069+00:00", "level": "INFO", "jobId": "f0f77465-85aa-4fb1-a878-e54838434a78", "keyword": "khai trương tìm đồng đội", "step": "capture", "message": "Capturing posinset=213 (213/∞)…", "data": {"w": 1}, "seq": 32985}
{"ts": "2026-05-01T17:01:43.154260+00:00", "level": "INFO", "jobId": "f0f77465-85aa-4fb1-a878-e54838434a78", "keyword": "khai trương tìm đồng đội", "step": "capture", "message": "Saved post_213.png (posinset=213)", "data": {"w": 1}, "seq": 33015}
{"ts": "2026-05-01T17:01:43.156661+00:00", "level": "INFO", "jobId": "f0f77465-85aa-4fb1-a878-e54838434a78", "keyword": "khai trương tìm đồng đội", "step": "cooldown", "message": "Cooldown 1.0s (after capture)", "data": {"w": 1}, "seq": 33016}
{"ts": "2026-05-01T17:01:44.253879+00:00", "level": "INFO", "jobId": "f0f77465-85aa-4fb1-a878-e54838434a78", "keyword": "khai trương tìm đồng đội", "step": "heartbeat", "message": "Worker alive", "data": {"w": 1, "elapsed_s": 1320}, "seq": 33020}
{"ts": "2026-05-01T17:01:44.265550+00:00", "level": "INFO", "jobId": "f0f77465-85aa-4fb1-a878-e54838434a78", "keyword": "khai trương tìm đồng đội", "step": "capture", "message": "Capturing posinset=214 (214/∞)…", "data": {"w": 1}, "seq": 33021}
{"ts": "2026-05-01T17:01:54.993383+00:00", "level": "INFO", "jobId": "f0f77465-85aa-4fb1-a878-e54838434a78", "keyword": "khai trương tìm đồng đội", "step": "capture", "message": "Saved post_214.png (posinset=214)", "data": {"w": 1}, "seq": 33045}
{"ts": "2026-05-01T17:01:54.995574+00:00", "level": "INFO", "jobId": "f0f77465-85aa-4fb1-a878-e54838434a78", "keyword": "khai trương tìm đồng đội", "step": "cooldown", "message": "Cooldown 1.0s (after capture)", "data": {"w": 1}, "seq": 33046}
{"ts": "2026-05-01T17:01:56.039649+00:00", "level": "INFO", "jobId": "f0f77465-85aa-4fb1-a878-e54838434a78", "keyword": "khai trương tìm đồng đội", "step": "capture", "message": "Capturing posinset=215 (215/∞)…", "data": {"w": 1}, "seq": 33050}
{"ts": "2026-05-01T17:02:01.436440+00:00", "level": "INFO", "jobId": "f0f77465-85aa-4fb1-a878-e54838434a78", "keyword": "khai trương tìm đồng đội", "step": "capture", "message": "Saved post_215.png (posinset=215)", "data": {"w": 1}, "seq": 33060}
{"ts": "2026-05-01T17:02:01.436440+00:00", "level": "INFO", "jobId": "f0f77465-85aa-4fb1-a878-e54838434a78", "keyword": "khai trương tìm đồng đội", "step": "cooldown", "message": "Cooldown 1.0s (after capture)", "data": {"w": 1}, "seq": 33061}
{"ts": "2026-05-01T17:02:02.505966+00:00", "level": "INFO", "jobId": "f0f77465-85aa-4fb1-a878-e54838434a78", "keyword": "khai trương tìm đồng đội", "step": "heartbeat", "message": "Worker alive", "data": {"w": 1, "elapsed_s": 1338}, "seq": 33062}
{"ts": "2026-05-01T17:02:02.505966+00:00", "level": "INFO", "jobId": "f0f77465-85aa-4fb1-a878-e54838434a78", "keyword": "khai trương tìm đồng đội", "step": "capture", "message": "Capturing posinset=216 (216/∞)…", "data": {"w": 1}, "seq": 33063}
{"ts": "2026-05-01T17:02:06.739773+00:00", "level": "INFO", "jobId": "f0f77465-85aa-4fb1-a878-e54838434a78", "keyword": "khai trương tìm đồng đội", "step": "capture", "message": "Saved post_216.png (posinset=216)", "data": {"w": 1}, "seq": 33074}
{"ts": "2026-05-01T17:02:06.741758+00:00", "level": "INFO", "jobId": "f0f77465-85aa-4fb1-a878-e54838434a78", "keyword": "khai trương tìm đồng đội", "step": "cooldown", "message": "Cooldown 1.0s (after capture)", "data": {"w": 1}, "seq": 33075}
{"ts": "2026-05-01T17:02:07.807697+00:00", "level": "INFO", "jobId": "f0f77465-85aa-4fb1-a878-e54838434a78", "keyword": "khai trương tìm đồng đội", "step": "capture", "message": "Capturing posinset=217 (217/∞)…", "data": {"w": 1}, "seq": 33079}
{"ts": "2026-05-01T17:02:10.613237+00:00", "level": "INFO", "jobId": "f0f77465-85aa-4fb1-a878-e54838434a78", "keyword": "khai trương tìm đồng đội", "step": "capture", "message": "Saved post_217.png (posinset=217)", "data": {"w": 1}, "seq": 33086}
{"ts": "2026-05-01T17:02:10.614457+00:00", "level": "INFO", "jobId": "f0f77465-85aa-4fb1-a878-e54838434a78", "keyword": "khai trương tìm đồng đội", "step": "cooldown", "message": "Cooldown 1.0s (after capture)", "data": {"w": 1}, "seq": 33087}
{"ts": "2026-05-01T17:02:11.672983+00:00", "level": "INFO", "jobId": "f0f77465-85aa-4fb1-a878-e54838434a78", "keyword": "khai trương tìm đồng đội", "step": "capture", "message": "Capturing posinset=218 (218/∞)…", "data": {"w": 1}, "seq": 33091}
{"ts": "2026-05-01T17:02:14.654999+00:00", "level": "INFO", "jobId": "f0f77465-85aa-4fb1-a878-e54838434a78", "keyword": "khai trương tìm đồng đội", "step": "capture", "message": "Saved post_218.png (posinset=218)", "data": {"w": 1}, "seq": 33097}
{"ts": "2026-05-01T17:02:14.657020+00:00", "level": "INFO", "jobId": "f0f77465-85aa-4fb1-a878-e54838434a78", "keyword": "khai trương tìm đồng đội", "step": "cooldown", "message": "Cooldown 1.0s (after capture)", "data": {"w": 1}, "seq": 33098}
{"ts": "2026-05-01T17:02:15.735115+00:00", "level": "INFO", "jobId": "f0f77465-85aa-4fb1-a878-e54838434a78", "keyword": "khai trương tìm đồng đội", "step": "capture", "message": "Capturing posinset=219 (219/∞)…", "data": {"w": 1}, "seq": 33103}
{"ts": "2026-05-01T17:02:19.342987+00:00", "level": "INFO", "jobId": "f0f77465-85aa-4fb1-a878-e54838434a78", "keyword": "khai trương tìm đồng đội", "step": "capture", "message": "Saved post_219.png (posinset=219)", "data": {"w": 1}, "seq": 33111}
{"ts": "2026-05-01T17:02:19.344985+00:00", "level": "INFO", "jobId": "f0f77465-85aa-4fb1-a878-e54838434a78", "keyword": "khai trương tìm đồng đội", "step": "cooldown", "message": "Cooldown 1.0s (after capture)", "data": {"w": 1}, "seq": 33112}
{"ts": "2026-05-01T17:02:20.412260+00:00", "level": "INFO", "jobId": "f0f77465-85aa-4fb1-a878-e54838434a78", "keyword": "khai trương tìm đồng đội", "step": "heartbeat", "message": "Worker alive", "data": {"w": 1, "elapsed_s": 1356}, "seq": 33114}
{"ts": "2026-05-01T17:02:20.412260+00:00", "level": "INFO", "jobId": "f0f77465-85aa-4fb1-a878-e54838434a78", "keyword": "khai trương tìm đồng đội", "step": "capture", "message": "Capturing posinset=220 (220/∞)…", "data": {"w": 1}, "seq": 33115}
{"ts": "2026-05-01T17:02:35.179169+00:00", "level": "INFO", "jobId": "f0f77465-85aa-4fb1-a878-e54838434a78", "keyword": "khai trương tìm đồng đội", "step": "capture", "message": "Saved post_220.png (posinset=220)", "data": {"w": 1}, "seq": 33147}
{"ts": "2026-05-01T17:02:35.180177+00:00", "level": "INFO", "jobId": "f0f77465-85aa-4fb1-a878-e54838434a78", "keyword": "khai trương tìm đồng đội", "step": "cooldown", "message": "Cooldown 1.0s (after capture)", "data": {"w": 1}, "seq": 33148}
{"ts": "2026-05-01T17:02:36.377596+00:00", "level": "INFO", "jobId": "f0f77465-85aa-4fb1-a878-e54838434a78", "keyword": "khai trương tìm đồng đội", "step": "heartbeat", "message": "Worker alive", "data": {"w": 1, "elapsed_s": 1372}, "seq": 33150}
{"ts": "2026-05-01T17:02:36.377596+00:00", "level": "INFO", "jobId": "f0f77465-85aa-4fb1-a878-e54838434a78", "keyword": "khai trương tìm đồng đội", "step": "capture", "message": "Capturing posinset=221 (221/∞)…", "data": {"w": 1}, "seq": 33151}
{"ts": "2026-05-01T17:02:40.554383+00:00", "level": "INFO", "jobId": "f0f77465-85aa-4fb1-a878-e54838434a78", "keyword": "khai trương tìm đồng đội", "step": "capture", "message": "Saved post_221.png (posinset=221)", "data": {"w": 1}, "seq": 33157}
{"ts": "2026-05-01T17:02:40.558402+00:00", "level": "INFO", "jobId": "f0f77465-85aa-4fb1-a878-e54838434a78", "keyword": "khai trương tìm đồng đội", "step": "cooldown", "message": "Cooldown 1.0s (after capture)", "data": {"w": 1}, "seq": 33158}
{"ts": "2026-05-01T17:02:41.713121+00:00", "level": "INFO", "jobId": "f0f77465-85aa-4fb1-a878-e54838434a78", "keyword": "khai trương tìm đồng đội", "step": "capture", "message": "Capturing posinset=222 (222/∞)…", "data": {"w": 1}, "seq": 33164}
{"ts": "2026-05-01T17:02:45.808666+00:00", "level": "INFO", "jobId": "f0f77465-85aa-4fb1-a878-e54838434a78", "keyword": "khai trương tìm đồng đội", "step": "capture", "message": "Saved post_222.png (posinset=222)", "data": {"w": 1}, "seq": 33167}
{"ts": "2026-05-01T17:02:45.824664+00:00", "level": "INFO", "jobId": "f0f77465-85aa-4fb1-a878-e54838434a78", "keyword": "khai trương tìm đồng đội", "step": "cooldown", "message": "Cooldown 1.0s (after capture)", "data": {"w": 1}, "seq": 33168}
{"ts": "2026-05-01T17:02:46.884595+00:00", "level": "INFO", "jobId": "f0f77465-85aa-4fb1-a878-e54838434a78", "keyword": "khai trương tìm đồng đội", "step": "capture", "message": "Capturing posinset=223 (223/∞)…", "data": {"w": 1}, "seq": 33173}
{"ts": "2026-05-01T17:02:50.903178+00:00", "level": "INFO", "jobId": "f0f77465-85aa-4fb1-a878-e54838434a78", "keyword": "khai trương tìm đồng đội", "step": "capture", "message": "Saved post_223.png (posinset=223)", "data": {"w": 1}, "seq": 33181}
{"ts": "2026-05-01T17:02:50.904379+00:00", "level": "INFO", "jobId": "f0f77465-85aa-4fb1-a878-e54838434a78", "keyword": "khai trương tìm đồng đội", "step": "cooldown", "message": "Cooldown 1.0s (after capture)", "data": {"w": 1}, "seq": 33182}
{"ts": "2026-05-01T17:02:51.963441+00:00", "level": "INFO", "jobId": "f0f77465-85aa-4fb1-a878-e54838434a78", "keyword": "khai trương tìm đồng đội", "step": "heartbeat", "message": "Worker alive", "data": {"w": 1, "elapsed_s": 1388}, "seq": 33188}
{"ts": "2026-05-01T17:02:51.963441+00:00", "level": "INFO", "jobId": "f0f77465-85aa-4fb1-a878-e54838434a78", "keyword": "khai trương tìm đồng đội", "step": "capture", "message": "Capturing posinset=224 (224/∞)…", "data": {"w": 1}, "seq": 33189}
{"ts": "2026-05-01T17:02:55.507718+00:00", "level": "INFO", "jobId": "f0f77465-85aa-4fb1-a878-e54838434a78", "keyword": "khai trương tìm đồng đội", "step": "capture", "message": "Saved post_224.png (posinset=224)", "data": {"w": 1}, "seq": 33196}
{"ts": "2026-05-01T17:02:55.509060+00:00", "level": "INFO", "jobId": "f0f77465-85aa-4fb1-a878-e54838434a78", "keyword": "khai trương tìm đồng đội", "step": "cooldown", "message": "Cooldown 1.0s (after capture)", "data": {"w": 1}, "seq": 33197}
{"ts": "2026-05-01T17:02:56.583599+00:00", "level": "INFO", "jobId": "f0f77465-85aa-4fb1-a878-e54838434a78", "keyword": "khai trương tìm đồng đội", "step": "capture", "message": "Capturing posinset=225 (225/∞)…", "data": {"w": 1}, "seq": 33199}
{"ts": "2026-05-01T17:03:04.126979+00:00", "level": "INFO", "jobId": "f0f77465-85aa-4fb1-a878-e54838434a78", "keyword": "khai trương tìm đồng đội", "step": "capture", "message": "Capturing posinset=225 (225/∞)…", "data": {"w": 1}, "seq": 33216}
{"ts": "2026-05-01T17:03:20.838759+00:00", "level": "INFO", "jobId": "f0f77465-85aa-4fb1-a878-e54838434a78", "keyword": "khai trương tìm đồng đội", "step": "capture", "message": "Saved post_225.png (posinset=225)", "data": {"w": 1}, "seq": 33238}
{"ts": "2026-05-01T17:03:20.840149+00:00", "level": "INFO", "jobId": "f0f77465-85aa-4fb1-a878-e54838434a78", "keyword": "khai trương tìm đồng đội", "step": "cooldown", "message": "Cooldown 1.0s (after capture)", "data": {"w": 1}, "seq": 33239}
{"ts": "2026-05-01T17:03:21.999779+00:00", "level": "INFO", "jobId": "f0f77465-85aa-4fb1-a878-e54838434a78", "keyword": "khai trương tìm đồng đội", "step": "heartbeat", "message": "Worker alive", "data": {"w": 1, "elapsed_s": 1418}, "seq": 33244}
{"ts": "2026-05-01T17:03:22.000783+00:00", "level": "INFO", "jobId": "f0f77465-85aa-4fb1-a878-e54838434a78", "keyword": "khai trương tìm đồng đội", "step": "capture", "message": "Capturing posinset=226 (226/∞)…", "data": {"w": 1}, "seq": 33245}
{"ts": "2026-05-01T17:03:39.396842+00:00", "level": "INFO", "jobId": "f0f77465-85aa-4fb1-a878-e54838434a78", "keyword": "khai trương tìm đồng đội", "step": "capture", "message": "Saved post_226.png (posinset=226)", "data": {"w": 1}, "seq": 33276}
{"ts": "2026-05-01T17:03:39.398850+00:00", "level": "INFO", "jobId": "f0f77465-85aa-4fb1-a878-e54838434a78", "keyword": "khai trương tìm đồng đội", "step": "cooldown", "message": "Cooldown 1.0s (after capture)", "data": {"w": 1}, "seq": 33277}
{"ts": "2026-05-01T17:03:40.441730+00:00", "level": "INFO", "jobId": "f0f77465-85aa-4fb1-a878-e54838434a78", "keyword": "khai trương tìm đồng đội", "step": "heartbeat", "message": "Worker alive", "data": {"w": 1, "elapsed_s": 1436}, "seq": 33282}
{"ts": "2026-05-01T17:03:40.441730+00:00", "level": "INFO", "jobId": "f0f77465-85aa-4fb1-a878-e54838434a78", "keyword": "khai trương tìm đồng đội", "step": "capture", "message": "Capturing posinset=227 (227/∞)…", "data": {"w": 1}, "seq": 33283}
{"ts": "2026-05-01T17:03:44.160023+00:00", "level": "INFO", "jobId": "f0f77465-85aa-4fb1-a878-e54838434a78", "keyword": "khai trương tìm đồng đội", "step": "capture", "message": "Saved post_227.png (posinset=227)", "data": {"w": 1}, "seq": 33292}
{"ts": "2026-05-01T17:03:44.161028+00:00", "level": "INFO", "jobId": "f0f77465-85aa-4fb1-a878-e54838434a78", "keyword": "khai trương tìm đồng đội", "step": "cooldown", "message": "Cooldown 1.0s (after capture)", "data": {"w": 1}, "seq": 33293}
{"ts": "2026-05-01T17:03:45.230448+00:00", "level": "INFO", "jobId": "f0f77465-85aa-4fb1-a878-e54838434a78", "keyword": "khai trương tìm đồng đội", "step": "capture", "message": "Capturing posinset=228 (228/∞)…", "data": {"w": 1}, "seq": 33296}
{"ts": "2026-05-01T17:03:48.143130+00:00", "level": "INFO", "jobId": "f0f77465-85aa-4fb1-a878-e54838434a78", "keyword": "khai trương tìm đồng đội", "step": "capture", "message": "Saved post_228.png (posinset=228)", "data": {"w": 1}, "seq": 33302}
{"ts": "2026-05-01T17:03:48.144616+00:00", "level": "INFO", "jobId": "f0f77465-85aa-4fb1-a878-e54838434a78", "keyword": "khai trương tìm đồng đội", "step": "cooldown", "message": "Cooldown 1.0s (after capture)", "data": {"w": 1}, "seq": 33303}
{"ts": "2026-05-01T17:03:49.224846+00:00", "level": "INFO", "jobId": "f0f77465-85aa-4fb1-a878-e54838434a78", "keyword": "khai trương tìm đồng đội", "step": "capture", "message": "Capturing posinset=229 (229/∞)…", "data": {"w": 1}, "seq": 33307}
{"ts": "2026-05-01T17:03:52.737828+00:00", "level": "INFO", "jobId": "f0f77465-85aa-4fb1-a878-e54838434a78", "keyword": "khai trương tìm đồng đội", "step": "capture", "message": "Saved post_229.png (posinset=229)", "data": {"w": 1}, "seq": 33314}
{"ts": "2026-05-01T17:03:52.740353+00:00", "level": "INFO", "jobId": "f0f77465-85aa-4fb1-a878-e54838434a78", "keyword": "khai trương tìm đồng đội", "step": "cooldown", "message": "Cooldown 1.0s (after capture)", "data": {"w": 1}, "seq": 33315}
{"ts": "2026-05-01T17:03:53.898792+00:00", "level": "INFO", "jobId": "f0f77465-85aa-4fb1-a878-e54838434a78", "keyword": "khai trương tìm đồng đội", "step": "capture", "message": "Capturing posinset=230 (230/∞)…", "data": {"w": 1}, "seq": 33316}
{"ts": "2026-05-01T17:04:00.777690+00:00", "level": "INFO", "jobId": "f0f77465-85aa-4fb1-a878-e54838434a78", "keyword": "khai trương tìm đồng đội", "step": "capture", "message": "Saved post_230.png (posinset=230)", "data": {"w": 1}, "seq": 33326}
{"ts": "2026-05-01T17:04:00.778682+00:00", "level": "INFO", "jobId": "f0f77465-85aa-4fb1-a878-e54838434a78", "keyword": "khai trương tìm đồng đội", "step": "cooldown", "message": "Cooldown 1.0s (after capture)", "data": {"w": 1}, "seq": 33327}
{"ts": "2026-05-01T17:04:01.844662+00:00", "level": "INFO", "jobId": "f0f77465-85aa-4fb1-a878-e54838434a78", "keyword": "khai trương tìm đồng đội", "step": "heartbeat", "message": "Worker alive", "data": {"w": 1, "elapsed_s": 1458}, "seq": 33330}
{"ts": "2026-05-01T17:04:01.844662+00:00", "level": "INFO", "jobId": "f0f77465-85aa-4fb1-a878-e54838434a78", "keyword": "khai trương tìm đồng đội", "step": "capture", "message": "Capturing posinset=231 (231/∞)…", "data": {"w": 1}, "seq": 33331}
{"ts": "2026-05-01T17:04:06.702120+00:00", "level": "INFO", "jobId": "f0f77465-85aa-4fb1-a878-e54838434a78", "keyword": "khai trương tìm đồng đội", "step": "capture", "message": "Saved post_231.png (posinset=231)", "data": {"w": 1}, "seq": 33340}
{"ts": "2026-05-01T17:04:06.703221+00:00", "level": "INFO", "jobId": "f0f77465-85aa-4fb1-a878-e54838434a78", "keyword": "khai trương tìm đồng đội", "step": "cooldown", "message": "Cooldown 1.0s (after capture)", "data": {"w": 1}, "seq": 33341}
{"ts": "2026-05-01T17:04:07.813949+00:00", "level": "INFO", "jobId": "f0f77465-85aa-4fb1-a878-e54838434a78", "keyword": "khai trương tìm đồng đội", "step": "capture", "message": "Capturing posinset=232 (232/∞)…", "data": {"w": 1}, "seq": 33342}
{"ts": "2026-05-01T17:04:11.772367+00:00", "level": "INFO", "jobId": "f0f77465-85aa-4fb1-a878-e54838434a78", "keyword": "khai trương tìm đồng đội", "step": "capture", "message": "Saved post_232.png (posinset=232)", "data": {"w": 1}, "seq": 33352}
{"ts": "2026-05-01T17:04:11.772367+00:00", "level": "INFO", "jobId": "f0f77465-85aa-4fb1-a878-e54838434a78", "keyword": "khai trương tìm đồng đội", "step": "cooldown", "message": "Cooldown 1.0s (after capture)", "data": {"w": 1}, "seq": 33353}
{"ts": "2026-05-01T17:04:12.840717+00:00", "level": "INFO", "jobId": "f0f77465-85aa-4fb1-a878-e54838434a78", "keyword": "khai trương tìm đồng đội", "step": "capture", "message": "Capturing posinset=233 (233/∞)…", "data": {"w": 1}, "seq": 33355}
{"ts": "2026-05-01T17:04:28.899709+00:00", "level": "INFO", "jobId": "f0f77465-85aa-4fb1-a878-e54838434a78", "keyword": "khai trương tìm đồng đội", "step": "capture", "message": "Saved post_233.png (posinset=233)", "data": {"w": 1}, "seq": 33376}
{"ts": "2026-05-01T17:04:28.900709+00:00", "level": "INFO", "jobId": "f0f77465-85aa-4fb1-a878-e54838434a78", "keyword": "khai trương tìm đồng đội", "step": "cooldown", "message": "Cooldown 1.0s (after capture)", "data": {"w": 1}, "seq": 33377}
{"ts": "2026-05-01T17:04:30.058105+00:00", "level": "INFO", "jobId": "f0f77465-85aa-4fb1-a878-e54838434a78", "keyword": "khai trương tìm đồng đội", "step": "heartbeat", "message": "Worker alive", "data": {"w": 1, "elapsed_s": 1486}, "seq": 33378}
{"ts": "2026-05-01T17:04:30.060116+00:00", "level": "INFO", "jobId": "f0f77465-85aa-4fb1-a878-e54838434a78", "keyword": "khai trương tìm đồng đội", "step": "capture", "message": "Capturing posinset=234 (234/∞)…", "data": {"w": 1}, "seq": 33379}
{"ts": "2026-05-01T17:04:34.908629+00:00", "level": "INFO", "jobId": "f0f77465-85aa-4fb1-a878-e54838434a78", "keyword": "khai trương tìm đồng đội", "step": "capture", "message": "Reached stable end of results (maxPos=233, stable>=35s). Stopping.", "data": {"w": 1}, "seq": 33384}
{"ts": "2026-05-01T17:04:35.095888+00:00", "level": "INFO", "jobId": "f0f77465-85aa-4fb1-a878-e54838434a78", "keyword": "khai trương tìm đồng đội", "step": "capture", "message": "Capture loop finished (unlimited). Saved=233", "data": {"w": 1}, "seq": 33385}
{"ts": "2026-05-01T17:04:35.097896+00:00", "level": "INFO", "jobId": "f0f77465-85aa-4fb1-a878-e54838434a78", "keyword": "khai trương tìm đồng đội", "step": "done", "message": "Completed. Saved=233", "data": {"w": 1}, "seq": 33386}
