{"ts": "2026-05-03T07:44:28.830212+00:00", "level": "INFO", "jobId": "4cb174ca-f12d-4b1c-8be1-d8f41f4a5a8c", "keyword": "khai trương ưu đãi", "step": "created", "message": "Job created", "data": {"maxPosts": 20}, "seq": 49663}
{"ts": "2026-05-03T07:46:51.453893+00:00", "level": "INFO", "jobId": "4cb174ca-f12d-4b1c-8be1-d8f41f4a5a8c", "keyword": "khai trương ưu đãi", "step": "start", "message": "Job started (attempt 1/1)", "data": {"w": 0}, "seq": 49945}
{"ts": "2026-05-03T07:46:57.050125+00:00", "level": "INFO", "jobId": "4cb174ca-f12d-4b1c-8be1-d8f41f4a5a8c", "keyword": "khai trương ưu đãi", "step": "login", "message": "Already logged in (home).", "data": {"w": 0}, "seq": 49953}
{"ts": "2026-05-03T07:46:57.053123+00:00", "level": "INFO", "jobId": "4cb174ca-f12d-4b1c-8be1-d8f41f4a5a8c", "keyword": "khai trương ưu đãi", "step": "search", "message": "Searching keyword: \"khai trương ưu đãi\"", "data": {"w": 0}, "seq": 49954}
{"ts": "2026-05-03T07:47:03.794202+00:00", "level": "INFO", "jobId": "4cb174ca-f12d-4b1c-8be1-d8f41f4a5a8c", "keyword": "khai trương ưu đãi", "step": "capture", "message": "Start capturing up to 20 posts.", "data": {"w": 0}, "seq": 49959}
{"ts": "2026-05-03T07:47:03.796202+00:00", "level": "INFO", "jobId": "4cb174ca-f12d-4b1c-8be1-d8f41f4a5a8c", "keyword": "khai trương ưu đãi", "step": "capture", "message": "Output folder: Lan 1 - 1447", "data": {"w": 0}, "seq": 49960}
{"ts": "2026-05-03T07:47:18.177268+00:00", "level": "INFO", "jobId": "4cb174ca-f12d-4b1c-8be1-d8f41f4a5a8c", "keyword": "khai trương ưu đãi", "step": "capture", "message": "Post classifier ON (kind=deep_rejector_v1, budget_s=3.50, reject_threshold=0.98)", "data": {"w": 0}, "seq": 49966}
{"ts": "2026-05-03T07:47:18.179269+00:00", "level": "INFO", "jobId": "4cb174ca-f12d-4b1c-8be1-d8f41f4a5a8c", "keyword": "khai trương ưu đãi", "step": "capture", "message": "Post capture gates: mode=image_only (image=ONNX if classifier on; text=keyword+sponsored when mode needs DOM)", "data": {"w": 0}, "seq": 49967}
{"ts": "2026-05-03T07:47:18.796598+00:00", "level": "INFO", "jobId": "4cb174ca-f12d-4b1c-8be1-d8f41f4a5a8c", "keyword": "khai trương ưu đãi", "step": "capture", "message": "Guard: forcing top before first capture (y=3887, primary=0)", "data": {"w": 0}, "seq": 49968}
{"ts": "2026-05-03T07:47:19.263140+00:00", "level": "INFO", "jobId": "4cb174ca-f12d-4b1c-8be1-d8f41f4a5a8c", "keyword": "khai trương ưu đãi", "step": "capture", "message": "Capturing posinset=1 (1/20)…", "data": {"w": 0}, "seq": 49972}
{"ts": "2026-05-03T07:47:23.114925+00:00", "level": "INFO", "jobId": "4cb174ca-f12d-4b1c-8be1-d8f41f4a5a8c", "keyword": "khai trương ưu đãi", "step": "capture", "message": "Capture ok: post_001.png vision_score=0.928 gate=keep:image", "data": {"w": 0}, "seq": 49982}
{"ts": "2026-05-03T07:47:23.116333+00:00", "level": "INFO", "jobId": "4cb174ca-f12d-4b1c-8be1-d8f41f4a5a8c", "keyword": "khai trương ưu đãi", "step": "capture", "message": "Saved post_001.png (posinset=1)", "data": {"w": 0}, "seq": 49983}
{"ts": "2026-05-03T07:47:23.117442+00:00", "level": "INFO", "jobId": "4cb174ca-f12d-4b1c-8be1-d8f41f4a5a8c", "keyword": "khai trương ưu đãi", "step": "cooldown", "message": "Cooldown 1.0s (after capture)", "data": {"w": 0}, "seq": 49984}
{"ts": "2026-05-03T07:47:24.206744+00:00", "level": "INFO", "jobId": "4cb174ca-f12d-4b1c-8be1-d8f41f4a5a8c", "keyword": "khai trương ưu đãi", "step": "capture", "message": "Capturing posinset=2 (2/20)…", "data": {"w": 0}, "seq": 49986}
{"ts": "2026-05-03T07:47:25.923366+00:00", "level": "INFO", "jobId": "4cb174ca-f12d-4b1c-8be1-d8f41f4a5a8c", "keyword": "khai trương ưu đãi", "step": "capture", "message": "Capture ok: post_002.png vision_score=0.912 gate=keep:image", "data": {"w": 0}, "seq": 49991}
{"ts": "2026-05-03T07:47:25.923935+00:00", "level": "INFO", "jobId": "4cb174ca-f12d-4b1c-8be1-d8f41f4a5a8c", "keyword": "khai trương ưu đãi", "step": "capture", "message": "Saved post_002.png (posinset=2)", "data": {"w": 0}, "seq": 49992}
{"ts": "2026-05-03T07:47:25.928935+00:00", "level": "INFO", "jobId": "4cb174ca-f12d-4b1c-8be1-d8f41f4a5a8c", "keyword": "khai trương ưu đãi", "step": "cooldown", "message": "Cooldown 1.0s (after capture)", "data": {"w": 0}, "seq": 49993}
{"ts": "2026-05-03T07:47:26.964091+00:00", "level": "INFO", "jobId": "4cb174ca-f12d-4b1c-8be1-d8f41f4a5a8c", "keyword": "khai trương ưu đãi", "step": "capture", "message": "Capturing posinset=3 (3/20)…", "data": {"w": 0}, "seq": 49997}
{"ts": "2026-05-03T07:47:29.312898+00:00", "level": "INFO", "jobId": "4cb174ca-f12d-4b1c-8be1-d8f41f4a5a8c", "keyword": "khai trương ưu đãi", "step": "capture", "message": "Capture ok: post_003.png vision_score=0.962 gate=keep:image", "data": {"w": 0}, "seq": 50004}
{"ts": "2026-05-03T07:47:29.314337+00:00", "level": "INFO", "jobId": "4cb174ca-f12d-4b1c-8be1-d8f41f4a5a8c", "keyword": "khai trương ưu đãi", "step": "capture", "message": "Saved post_003.png (posinset=3)", "data": {"w": 0}, "seq": 50005}
{"ts": "2026-05-03T07:47:29.315338+00:00", "level": "INFO", "jobId": "4cb174ca-f12d-4b1c-8be1-d8f41f4a5a8c", "keyword": "khai trương ưu đãi", "step": "cooldown", "message": "Cooldown 1.0s (after capture)", "data": {"w": 0}, "seq": 50006}
{"ts": "2026-05-03T07:47:30.343579+00:00", "level": "INFO", "jobId": "4cb174ca-f12d-4b1c-8be1-d8f41f4a5a8c", "keyword": "khai trương ưu đãi", "step": "capture", "message": "Capturing posinset=4 (4/20)…", "data": {"w": 0}, "seq": 50010}
{"ts": "2026-05-03T07:47:32.564957+00:00", "level": "INFO", "jobId": "4cb174ca-f12d-4b1c-8be1-d8f41f4a5a8c", "keyword": "khai trương ưu đãi", "step": "capture", "message": "Capture ok: post_004.png vision_score=0.910 gate=keep:image", "data": {"w": 0}, "seq": 50016}
{"ts": "2026-05-03T07:47:32.567485+00:00", "level": "INFO", "jobId": "4cb174ca-f12d-4b1c-8be1-d8f41f4a5a8c", "keyword": "khai trương ưu đãi", "step": "capture", "message": "Saved post_004.png (posinset=4)", "data": {"w": 0}, "seq": 50017}
{"ts": "2026-05-03T07:47:32.569485+00:00", "level": "INFO", "jobId": "4cb174ca-f12d-4b1c-8be1-d8f41f4a5a8c", "keyword": "khai trương ưu đãi", "step": "cooldown", "message": "Cooldown 1.0s (after capture)", "data": {"w": 0}, "seq": 50018}
{"ts": "2026-05-03T07:47:33.634847+00:00", "level": "INFO", "jobId": "4cb174ca-f12d-4b1c-8be1-d8f41f4a5a8c", "keyword": "khai trương ưu đãi", "step": "heartbeat", "message": "Worker alive", "data": {"w": 0, "elapsed_s": 42}, "seq": 50019}
{"ts": "2026-05-03T07:47:33.636847+00:00", "level": "INFO", "jobId": "4cb174ca-f12d-4b1c-8be1-d8f41f4a5a8c", "keyword": "khai trương ưu đãi", "step": "capture", "message": "Capturing posinset=5 (5/20)…", "data": {"w": 0}, "seq": 50020}
{"ts": "2026-05-03T07:47:35.973927+00:00", "level": "INFO", "jobId": "4cb174ca-f12d-4b1c-8be1-d8f41f4a5a8c", "keyword": "khai trương ưu đãi", "step": "capture", "message": "Capture ok: post_005.png vision_score=0.934 gate=keep:image", "data": {"w": 0}, "seq": 50027}
{"ts": "2026-05-03T07:47:35.980029+00:00", "level": "INFO", "jobId": "4cb174ca-f12d-4b1c-8be1-d8f41f4a5a8c", "keyword": "khai trương ưu đãi", "step": "capture", "message": "Saved post_005.png (posinset=5)", "data": {"w": 0}, "seq": 50028}
{"ts": "2026-05-03T07:47:35.984082+00:00", "level": "INFO", "jobId": "4cb174ca-f12d-4b1c-8be1-d8f41f4a5a8c", "keyword": "khai trương ưu đãi", "step": "cooldown", "message": "Cooldown 1.0s (after capture)", "data": {"w": 0}, "seq": 50029}
{"ts": "2026-05-03T07:47:37.016966+00:00", "level": "INFO", "jobId": "4cb174ca-f12d-4b1c-8be1-d8f41f4a5a8c", "keyword": "khai trương ưu đãi", "step": "capture", "message": "Capturing posinset=6 (6/20)…", "data": {"w": 0}, "seq": 50032}
{"ts": "2026-05-03T07:47:39.284971+00:00", "level": "INFO", "jobId": "4cb174ca-f12d-4b1c-8be1-d8f41f4a5a8c", "keyword": "khai trương ưu đãi", "step": "capture", "message": "Capture ok: post_006.png vision_score=0.942 gate=keep:image", "data": {"w": 0}, "seq": 50039}
{"ts": "2026-05-03T07:47:39.285988+00:00", "level": "INFO", "jobId": "4cb174ca-f12d-4b1c-8be1-d8f41f4a5a8c", "keyword": "khai trương ưu đãi", "step": "capture", "message": "Saved post_006.png (posinset=6)", "data": {"w": 0}, "seq": 50040}
{"ts": "2026-05-03T07:47:39.285988+00:00", "level": "INFO", "jobId": "4cb174ca-f12d-4b1c-8be1-d8f41f4a5a8c", "keyword": "khai trương ưu đãi", "step": "cooldown", "message": "Cooldown 1.0s (after capture)", "data": {"w": 0}, "seq": 50041}
{"ts": "2026-05-03T07:47:40.333074+00:00", "level": "INFO", "jobId": "4cb174ca-f12d-4b1c-8be1-d8f41f4a5a8c", "keyword": "khai trương ưu đãi", "step": "capture", "message": "Capturing posinset=7 (7/20)…", "data": {"w": 0}, "seq": 50045}
{"ts": "2026-05-03T07:47:42.740396+00:00", "level": "INFO", "jobId": "4cb174ca-f12d-4b1c-8be1-d8f41f4a5a8c", "keyword": "khai trương ưu đãi", "step": "capture", "message": "Capture ok: post_007.png vision_score=0.962 gate=keep:image", "data": {"w": 0}, "seq": 50052}
{"ts": "2026-05-03T07:47:42.741425+00:00", "level": "INFO", "jobId": "4cb174ca-f12d-4b1c-8be1-d8f41f4a5a8c", "keyword": "khai trương ưu đãi", "step": "capture", "message": "Saved post_007.png (posinset=7)", "data": {"w": 0}, "seq": 50053}
{"ts": "2026-05-03T07:47:42.742442+00:00", "level": "INFO", "jobId": "4cb174ca-f12d-4b1c-8be1-d8f41f4a5a8c", "keyword": "khai trương ưu đãi", "step": "cooldown", "message": "Cooldown 1.0s (after capture)", "data": {"w": 0}, "seq": 50054}
{"ts": "2026-05-03T07:47:43.764764+00:00", "level": "INFO", "jobId": "4cb174ca-f12d-4b1c-8be1-d8f41f4a5a8c", "keyword": "khai trương ưu đãi", "step": "capture", "message": "Capturing posinset=8 (8/20)…", "data": {"w": 0}, "seq": 50058}
{"ts": "2026-05-03T07:47:45.612043+00:00", "level": "INFO", "jobId": "4cb174ca-f12d-4b1c-8be1-d8f41f4a5a8c", "keyword": "khai trương ưu đãi", "step": "capture", "message": "Capture ok: post_008.png vision_score=0.946 gate=keep:image", "data": {"w": 0}, "seq": 50065}
{"ts": "2026-05-03T07:47:45.614055+00:00", "level": "INFO", "jobId": "4cb174ca-f12d-4b1c-8be1-d8f41f4a5a8c", "keyword": "khai trương ưu đãi", "step": "capture", "message": "Saved post_008.png (posinset=8)", "data": {"w": 0}, "seq": 50066}
{"ts": "2026-05-03T07:47:45.614055+00:00", "level": "INFO", "jobId": "4cb174ca-f12d-4b1c-8be1-d8f41f4a5a8c", "keyword": "khai trương ưu đãi", "step": "cooldown", "message": "Cooldown 1.0s (after capture)", "data": {"w": 0}, "seq": 50067}
{"ts": "2026-05-03T07:47:46.639379+00:00", "level": "INFO", "jobId": "4cb174ca-f12d-4b1c-8be1-d8f41f4a5a8c", "keyword": "khai trương ưu đãi", "step": "capture", "message": "Capturing posinset=9 (9/20)…", "data": {"w": 0}, "seq": 50070}
{"ts": "2026-05-03T07:47:48.896326+00:00", "level": "INFO", "jobId": "4cb174ca-f12d-4b1c-8be1-d8f41f4a5a8c", "keyword": "khai trương ưu đãi", "step": "capture", "message": "Capture ok: post_009.png vision_score=0.938 gate=keep:image", "data": {"w": 0}, "seq": 50078}
{"ts": "2026-05-03T07:47:48.898327+00:00", "level": "INFO", "jobId": "4cb174ca-f12d-4b1c-8be1-d8f41f4a5a8c", "keyword": "khai trương ưu đãi", "step": "capture", "message": "Saved post_009.png (posinset=9)", "data": {"w": 0}, "seq": 50079}
{"ts": "2026-05-03T07:47:48.898327+00:00", "level": "INFO", "jobId": "4cb174ca-f12d-4b1c-8be1-d8f41f4a5a8c", "keyword": "khai trương ưu đãi", "step": "cooldown", "message": "Cooldown 1.0s (after capture)", "data": {"w": 0}, "seq": 50080}
{"ts": "2026-05-03T07:47:49.914390+00:00", "level": "INFO", "jobId": "4cb174ca-f12d-4b1c-8be1-d8f41f4a5a8c", "keyword": "khai trương ưu đãi", "step": "heartbeat", "message": "Worker alive", "data": {"w": 0, "elapsed_s": 58}, "seq": 50082}
{"ts": "2026-05-03T07:47:49.914390+00:00", "level": "INFO", "jobId": "4cb174ca-f12d-4b1c-8be1-d8f41f4a5a8c", "keyword": "khai trương ưu đãi", "step": "capture", "message": "Capturing posinset=10 (10/20)…", "data": {"w": 0}, "seq": 50083}
{"ts": "2026-05-03T07:47:51.021497+00:00", "level": "INFO", "jobId": "4cb174ca-f12d-4b1c-8be1-d8f41f4a5a8c", "keyword": "khai trương ưu đãi", "step": "capture", "message": "Capture ok: post_010.png vision_score=0.805 gate=keep:image", "data": {"w": 0}, "seq": 50090}
{"ts": "2026-05-03T07:47:51.022003+00:00", "level": "INFO", "jobId": "4cb174ca-f12d-4b1c-8be1-d8f41f4a5a8c", "keyword": "khai trương ưu đãi", "step": "capture", "message": "Saved post_010.png (posinset=10)", "data": {"w": 0}, "seq": 50091}
{"ts": "2026-05-03T07:47:51.025018+00:00", "level": "INFO", "jobId": "4cb174ca-f12d-4b1c-8be1-d8f41f4a5a8c", "keyword": "khai trương ưu đãi", "step": "cooldown", "message": "Cooldown 1.0s (after capture)", "data": {"w": 0}, "seq": 50092}
{"ts": "2026-05-03T07:47:52.046335+00:00", "level": "INFO", "jobId": "4cb174ca-f12d-4b1c-8be1-d8f41f4a5a8c", "keyword": "khai trương ưu đãi", "step": "capture", "message": "Capturing posinset=11 (11/20)…", "data": {"w": 0}, "seq": 50095}
{"ts": "2026-05-03T07:47:54.117152+00:00", "level": "INFO", "jobId": "4cb174ca-f12d-4b1c-8be1-d8f41f4a5a8c", "keyword": "khai trương ưu đãi", "step": "capture", "message": "Capture ok: post_011.png vision_score=0.945 gate=keep:image", "data": {"w": 0}, "seq": 50099}
{"ts": "2026-05-03T07:47:54.119168+00:00", "level": "INFO", "jobId": "4cb174ca-f12d-4b1c-8be1-d8f41f4a5a8c", "keyword": "khai trương ưu đãi", "step": "capture", "message": "Saved post_011.png (posinset=11)", "data": {"w": 0}, "seq": 50100}
{"ts": "2026-05-03T07:47:54.120180+00:00", "level": "INFO", "jobId": "4cb174ca-f12d-4b1c-8be1-d8f41f4a5a8c", "keyword": "khai trương ưu đãi", "step": "cooldown", "message": "Cooldown 1.0s (after capture)", "data": {"w": 0}, "seq": 50101}
{"ts": "2026-05-03T07:47:55.145380+00:00", "level": "INFO", "jobId": "4cb174ca-f12d-4b1c-8be1-d8f41f4a5a8c", "keyword": "khai trương ưu đãi", "step": "capture", "message": "Capturing posinset=12 (12/20)…", "data": {"w": 0}, "seq": 50106}
{"ts": "2026-05-03T07:47:57.313470+00:00", "level": "INFO", "jobId": "4cb174ca-f12d-4b1c-8be1-d8f41f4a5a8c", "keyword": "khai trương ưu đãi", "step": "capture", "message": "Capturing posinset=12 (12/20)…", "data": {"w": 0}, "seq": 50112}
{"ts": "2026-05-03T07:47:58.622234+00:00", "level": "INFO", "jobId": "4cb174ca-f12d-4b1c-8be1-d8f41f4a5a8c", "keyword": "khai trương ưu đãi", "step": "capture", "message": "Capture ok: post_012.png vision_score=0.918 gate=keep:image", "data": {"w": 0}, "seq": 50117}
{"ts": "2026-05-03T07:47:58.624251+00:00", "level": "INFO", "jobId": "4cb174ca-f12d-4b1c-8be1-d8f41f4a5a8c", "keyword": "khai trương ưu đãi", "step": "capture", "message": "Saved post_012.png (posinset=12)", "data": {"w": 0}, "seq": 50118}
{"ts": "2026-05-03T07:47:58.624251+00:00", "level": "INFO", "jobId": "4cb174ca-f12d-4b1c-8be1-d8f41f4a5a8c", "keyword": "khai trương ưu đãi", "step": "cooldown", "message": "Cooldown 1.0s (after capture)", "data": {"w": 0}, "seq": 50119}
{"ts": "2026-05-03T07:47:59.662330+00:00", "level": "INFO", "jobId": "4cb174ca-f12d-4b1c-8be1-d8f41f4a5a8c", "keyword": "khai trương ưu đãi", "step": "capture", "message": "Capturing posinset=13 (13/20)…", "data": {"w": 0}, "seq": 50124}
{"ts": "2026-05-03T07:48:02.357890+00:00", "level": "INFO", "jobId": "4cb174ca-f12d-4b1c-8be1-d8f41f4a5a8c", "keyword": "khai trương ưu đãi", "step": "capture", "message": "Capture ok: post_013.png vision_score=0.956 gate=keep:image", "data": {"w": 0}, "seq": 50131}
{"ts": "2026-05-03T07:48:02.360425+00:00", "level": "INFO", "jobId": "4cb174ca-f12d-4b1c-8be1-d8f41f4a5a8c", "keyword": "khai trương ưu đãi", "step": "capture", "message": "Saved post_013.png (posinset=13)", "data": {"w": 0}, "seq": 50132}
{"ts": "2026-05-03T07:48:02.361933+00:00", "level": "INFO", "jobId": "4cb174ca-f12d-4b1c-8be1-d8f41f4a5a8c", "keyword": "khai trương ưu đãi", "step": "cooldown", "message": "Cooldown 1.0s (after capture)", "data": {"w": 0}, "seq": 50133}
{"ts": "2026-05-03T07:48:03.382377+00:00", "level": "INFO", "jobId": "4cb174ca-f12d-4b1c-8be1-d8f41f4a5a8c", "keyword": "khai trương ưu đãi", "step": "capture", "message": "Capturing posinset=14 (14/20)…", "data": {"w": 0}, "seq": 50134}
{"ts": "2026-05-03T07:48:05.253617+00:00", "level": "INFO", "jobId": "4cb174ca-f12d-4b1c-8be1-d8f41f4a5a8c", "keyword": "khai trương ưu đãi", "step": "capture", "message": "Capture ok: post_014.png vision_score=0.921 gate=keep:image", "data": {"w": 0}, "seq": 50139}
{"ts": "2026-05-03T07:48:05.254664+00:00", "level": "INFO", "jobId": "4cb174ca-f12d-4b1c-8be1-d8f41f4a5a8c", "keyword": "khai trương ưu đãi", "step": "capture", "message": "Saved post_014.png (posinset=14)", "data": {"w": 0}, "seq": 50140}
{"ts": "2026-05-03T07:48:05.256822+00:00", "level": "INFO", "jobId": "4cb174ca-f12d-4b1c-8be1-d8f41f4a5a8c", "keyword": "khai trương ưu đãi", "step": "cooldown", "message": "Cooldown 1.0s (after capture)", "data": {"w": 0}, "seq": 50141}
{"ts": "2026-05-03T07:48:06.282497+00:00", "level": "INFO", "jobId": "4cb174ca-f12d-4b1c-8be1-d8f41f4a5a8c", "keyword": "khai trương ưu đãi", "step": "heartbeat", "message": "Worker alive", "data": {"w": 0, "elapsed_s": 74}, "seq": 50145}
{"ts": "2026-05-03T07:48:06.285569+00:00", "level": "INFO", "jobId": "4cb174ca-f12d-4b1c-8be1-d8f41f4a5a8c", "keyword": "khai trương ưu đãi", "step": "capture", "message": "Capturing posinset=15 (15/20)…", "data": {"w": 0}, "seq": 50146}
{"ts": "2026-05-03T07:48:10.225233+00:00", "level": "INFO", "jobId": "4cb174ca-f12d-4b1c-8be1-d8f41f4a5a8c", "keyword": "khai trương ưu đãi", "step": "capture", "message": "Capture ok: post_015.png vision_score=0.869 gate=keep:image", "data": {"w": 0}, "seq": 50148}
{"ts": "2026-05-03T07:48:10.233349+00:00", "level": "INFO", "jobId": "4cb174ca-f12d-4b1c-8be1-d8f41f4a5a8c", "keyword": "khai trương ưu đãi", "step": "capture", "message": "Saved post_015.png (posinset=15)", "data": {"w": 0}, "seq": 50149}
{"ts": "2026-05-03T07:48:10.246998+00:00", "level": "INFO", "jobId": "4cb174ca-f12d-4b1c-8be1-d8f41f4a5a8c", "keyword": "khai trương ưu đãi", "step": "cooldown", "message": "Cooldown 1.0s (after capture)", "data": {"w": 0}, "seq": 50150}
{"ts": "2026-05-03T07:48:11.279858+00:00", "level": "INFO", "jobId": "4cb174ca-f12d-4b1c-8be1-d8f41f4a5a8c", "keyword": "khai trương ưu đãi", "step": "capture", "message": "Capturing posinset=16 (16/20)…", "data": {"w": 0}, "seq": 50151}
{"ts": "2026-05-03T07:48:13.157780+00:00", "level": "INFO", "jobId": "4cb174ca-f12d-4b1c-8be1-d8f41f4a5a8c", "keyword": "khai trương ưu đãi", "step": "capture", "message": "Capture ok: post_016.png vision_score=0.931 gate=keep:image", "data": {"w": 0}, "seq": 50155}
{"ts": "2026-05-03T07:48:13.157780+00:00", "level": "INFO", "jobId": "4cb174ca-f12d-4b1c-8be1-d8f41f4a5a8c", "keyword": "khai trương ưu đãi", "step": "capture", "message": "Saved post_016.png (posinset=16)", "data": {"w": 0}, "seq": 50156}
{"ts": "2026-05-03T07:48:13.161638+00:00", "level": "INFO", "jobId": "4cb174ca-f12d-4b1c-8be1-d8f41f4a5a8c", "keyword": "khai trương ưu đãi", "step": "cooldown", "message": "Cooldown 1.0s (after capture)", "data": {"w": 0}, "seq": 50157}
{"ts": "2026-05-03T07:48:15.094148+00:00", "level": "INFO", "jobId": "4cb174ca-f12d-4b1c-8be1-d8f41f4a5a8c", "keyword": "khai trương ưu đãi", "step": "capture", "message": "Capturing posinset=17 (17/20)…", "data": {"w": 0}, "seq": 50159}
{"ts": "2026-05-03T07:48:18.114834+00:00", "level": "INFO", "jobId": "4cb174ca-f12d-4b1c-8be1-d8f41f4a5a8c", "keyword": "khai trương ưu đãi", "step": "capture", "message": "Capture ok: post_017.png vision_score=0.945 gate=keep:image", "data": {"w": 0}, "seq": 50165}
{"ts": "2026-05-03T07:48:18.119720+00:00", "level": "INFO", "jobId": "4cb174ca-f12d-4b1c-8be1-d8f41f4a5a8c", "keyword": "khai trương ưu đãi", "step": "capture", "message": "Saved post_017.png (posinset=17)", "data": {"w": 0}, "seq": 50166}
{"ts": "2026-05-03T07:48:18.122238+00:00", "level": "INFO", "jobId": "4cb174ca-f12d-4b1c-8be1-d8f41f4a5a8c", "keyword": "khai trương ưu đãi", "step": "cooldown", "message": "Cooldown 1.0s (after capture)", "data": {"w": 0}, "seq": 50167}
{"ts": "2026-05-03T07:48:19.146713+00:00", "level": "INFO", "jobId": "4cb174ca-f12d-4b1c-8be1-d8f41f4a5a8c", "keyword": "khai trương ưu đãi", "step": "capture", "message": "Capturing posinset=18 (18/20)…", "data": {"w": 0}, "seq": 50171}
{"ts": "2026-05-03T07:48:22.044315+00:00", "level": "INFO", "jobId": "4cb174ca-f12d-4b1c-8be1-d8f41f4a5a8c", "keyword": "khai trương ưu đãi", "step": "capture", "message": "Capture ok: post_018.png vision_score=0.930 gate=keep:image", "data": {"w": 0}, "seq": 50173}
{"ts": "2026-05-03T07:48:22.047540+00:00", "level": "INFO", "jobId": "4cb174ca-f12d-4b1c-8be1-d8f41f4a5a8c", "keyword": "khai trương ưu đãi", "step": "capture", "message": "Saved post_018.png (posinset=18)", "data": {"w": 0}, "seq": 50174}
{"ts": "2026-05-03T07:48:22.049315+00:00", "level": "INFO", "jobId": "4cb174ca-f12d-4b1c-8be1-d8f41f4a5a8c", "keyword": "khai trương ưu đãi", "step": "cooldown", "message": "Cooldown 1.0s (after capture)", "data": {"w": 0}, "seq": 50175}
{"ts": "2026-05-03T07:48:23.064519+00:00", "level": "INFO", "jobId": "4cb174ca-f12d-4b1c-8be1-d8f41f4a5a8c", "keyword": "khai trương ưu đãi", "step": "heartbeat", "message": "Worker alive", "data": {"w": 0, "elapsed_s": 91}, "seq": 50179}
{"ts": "2026-05-03T07:48:23.064519+00:00", "level": "INFO", "jobId": "4cb174ca-f12d-4b1c-8be1-d8f41f4a5a8c", "keyword": "khai trương ưu đãi", "step": "capture", "message": "Capturing posinset=19 (19/20)…", "data": {"w": 0}, "seq": 50180}
{"ts": "2026-05-03T07:48:24.523918+00:00", "level": "INFO", "jobId": "4cb174ca-f12d-4b1c-8be1-d8f41f4a5a8c", "keyword": "khai trương ưu đãi", "step": "capture", "message": "Capture ok: post_019.png vision_score=0.942 gate=keep:image", "data": {"w": 0}, "seq": 50182}
{"ts": "2026-05-03T07:48:24.524935+00:00", "level": "INFO", "jobId": "4cb174ca-f12d-4b1c-8be1-d8f41f4a5a8c", "keyword": "khai trương ưu đãi", "step": "capture", "message": "Saved post_019.png (posinset=19)", "data": {"w": 0}, "seq": 50183}
{"ts": "2026-05-03T07:48:24.526437+00:00", "level": "INFO", "jobId": "4cb174ca-f12d-4b1c-8be1-d8f41f4a5a8c", "keyword": "khai trương ưu đãi", "step": "cooldown", "message": "Cooldown 1.0s (after capture)", "data": {"w": 0}, "seq": 50184}
{"ts": "2026-05-03T07:48:25.557750+00:00", "level": "INFO", "jobId": "4cb174ca-f12d-4b1c-8be1-d8f41f4a5a8c", "keyword": "khai trương ưu đãi", "step": "capture", "message": "Capturing posinset=20 (20/20)…", "data": {"w": 0}, "seq": 50188}
{"ts": "2026-05-03T07:48:28.000390+00:00", "level": "INFO", "jobId": "4cb174ca-f12d-4b1c-8be1-d8f41f4a5a8c", "keyword": "khai trương ưu đãi", "step": "capture", "message": "Capture ok: post_020.png vision_score=0.960 gate=keep:image", "data": {"w": 0}, "seq": 50190}
{"ts": "2026-05-03T07:48:28.006576+00:00", "level": "INFO", "jobId": "4cb174ca-f12d-4b1c-8be1-d8f41f4a5a8c", "keyword": "khai trương ưu đãi", "step": "capture", "message": "Saved post_020.png (posinset=20)", "data": {"w": 0}, "seq": 50191}
{"ts": "2026-05-03T07:48:28.007997+00:00", "level": "INFO", "jobId": "4cb174ca-f12d-4b1c-8be1-d8f41f4a5a8c", "keyword": "khai trương ưu đãi", "step": "cooldown", "message": "Cooldown 1.0s (after capture)", "data": {"w": 0}, "seq": 50192}
{"ts": "2026-05-03T07:48:29.398727+00:00", "level": "INFO", "jobId": "4cb174ca-f12d-4b1c-8be1-d8f41f4a5a8c", "keyword": "khai trương ưu đãi", "step": "done", "message": "Completed. Saved=20", "data": {"w": 0}, "seq": 50193}
