{"ts": "2026-04-28T18:18:05.846510+00:00", "level": "INFO", "jobId": "03465d38-c300-4c01-8f44-8cea5c43502b", "keyword": "khai trương bùng nổ", "step": "start", "message": "Job started (attempt 1/2)", "data": null, "seq": 7627}
{"ts": "2026-04-28T18:18:09.154041+00:00", "level": "INFO", "jobId": "03465d38-c300-4c01-8f44-8cea5c43502b", "keyword": "khai trương bùng nổ", "step": "login", "message": "Already logged in (profile session).", "data": null, "seq": 7628}
{"ts": "2026-04-28T18:18:09.366258+00:00", "level": "INFO", "jobId": "03465d38-c300-4c01-8f44-8cea5c43502b", "keyword": "khai trương bùng nổ", "step": "search", "message": "Searching keyword: \"khai trương bùng nổ\"", "data": null, "seq": 7629}
{"ts": "2026-04-28T18:18:12.977943+00:00", "level": "INFO", "jobId": "03465d38-c300-4c01-8f44-8cea5c43502b", "keyword": "khai trương bùng nổ", "step": "capture", "message": "Start capturing up to 70 posts.", "data": null, "seq": 7630}
{"ts": "2026-04-28T18:18:12.980621+00:00", "level": "INFO", "jobId": "03465d38-c300-4c01-8f44-8cea5c43502b", "keyword": "khai trương bùng nổ", "step": "capture", "message": "Output folder: Lan 1 - 0118", "data": null, "seq": 7631}
{"ts": "2026-04-28T18:18:14.126927+00:00", "level": "INFO", "jobId": "03465d38-c300-4c01-8f44-8cea5c43502b", "keyword": "khai trương bùng nổ", "step": "capture", "message": "Capturing 1/70 (viewport)…", "data": null, "seq": 7632}
{"ts": "2026-04-28T18:18:14.524243+00:00", "level": "INFO", "jobId": "03465d38-c300-4c01-8f44-8cea5c43502b", "keyword": "khai trương bùng nổ", "step": "capture", "message": "Expanded \"Xem thêm\" (exact-class): +2 (total 2)", "data": null, "seq": 7633}
{"ts": "2026-04-28T18:18:27.380414+00:00", "level": "INFO", "jobId": "03465d38-c300-4c01-8f44-8cea5c43502b", "keyword": "khai trương bùng nổ", "step": "capture", "message": "Saved post_001.png", "data": null, "seq": 7634}
{"ts": "2026-04-28T18:18:27.381417+00:00", "level": "INFO", "jobId": "03465d38-c300-4c01-8f44-8cea5c43502b", "keyword": "khai trương bùng nổ", "step": "cooldown", "message": "Cooldown 2.6s (after capture)", "data": null, "seq": 7635}
{"ts": "2026-04-28T18:18:30.517783+00:00", "level": "INFO", "jobId": "03465d38-c300-4c01-8f44-8cea5c43502b", "keyword": "khai trương bùng nổ", "step": "capture", "message": "Capturing 2/70 (viewport)…", "data": null, "seq": 7636}
{"ts": "2026-04-28T18:18:30.616334+00:00", "level": "INFO", "jobId": "03465d38-c300-4c01-8f44-8cea5c43502b", "keyword": "khai trương bùng nổ", "step": "capture", "message": "Expanded \"Xem thêm\" (exact-class): +1 (total 1)", "data": null, "seq": 7637}
{"ts": "2026-04-28T18:18:43.294874+00:00", "level": "INFO", "jobId": "03465d38-c300-4c01-8f44-8cea5c43502b", "keyword": "khai trương bùng nổ", "step": "capture", "message": "Saved post_002.png", "data": null, "seq": 7638}
{"ts": "2026-04-28T18:18:43.294874+00:00", "level": "INFO", "jobId": "03465d38-c300-4c01-8f44-8cea5c43502b", "keyword": "khai trương bùng nổ", "step": "cooldown", "message": "Cooldown 2.9s (after capture)", "data": null, "seq": 7639}
{"ts": "2026-04-28T18:18:46.769069+00:00", "level": "INFO", "jobId": "03465d38-c300-4c01-8f44-8cea5c43502b", "keyword": "khai trương bùng nổ", "step": "capture", "message": "Capturing 3/70 (viewport)…", "data": null, "seq": 7640}
{"ts": "2026-04-28T18:18:59.306669+00:00", "level": "INFO", "jobId": "03465d38-c300-4c01-8f44-8cea5c43502b", "keyword": "khai trương bùng nổ", "step": "capture", "message": "Saved post_003.png", "data": null, "seq": 7641}
{"ts": "2026-04-28T18:18:59.306669+00:00", "level": "INFO", "jobId": "03465d38-c300-4c01-8f44-8cea5c43502b", "keyword": "khai trương bùng nổ", "step": "cooldown", "message": "Cooldown 1.3s (after capture)", "data": null, "seq": 7642}
{"ts": "2026-04-28T18:19:03.328415+00:00", "level": "INFO", "jobId": "03465d38-c300-4c01-8f44-8cea5c43502b", "keyword": "khai trương bùng nổ", "step": "capture", "message": "Capturing 4/70 (viewport)…", "data": null, "seq": 7643}
{"ts": "2026-04-28T18:19:03.460135+00:00", "level": "INFO", "jobId": "03465d38-c300-4c01-8f44-8cea5c43502b", "keyword": "khai trương bùng nổ", "step": "capture", "message": "Expanded \"Xem thêm\" (exact-class): +2 (total 2)", "data": null, "seq": 7644}
{"ts": "2026-04-28T18:19:16.523411+00:00", "level": "INFO", "jobId": "03465d38-c300-4c01-8f44-8cea5c43502b", "keyword": "khai trương bùng nổ", "step": "capture", "message": "Saved post_004.png", "data": null, "seq": 7645}
{"ts": "2026-04-28T18:19:16.523411+00:00", "level": "INFO", "jobId": "03465d38-c300-4c01-8f44-8cea5c43502b", "keyword": "khai trương bùng nổ", "step": "cooldown", "message": "Cooldown 1.7s (after capture)", "data": null, "seq": 7646}
{"ts": "2026-04-28T18:19:18.746032+00:00", "level": "INFO", "jobId": "03465d38-c300-4c01-8f44-8cea5c43502b", "keyword": "khai trương bùng nổ", "step": "capture", "message": "Capturing 5/70 (viewport)…", "data": null, "seq": 7647}
{"ts": "2026-04-28T18:19:18.789742+00:00", "level": "INFO", "jobId": "03465d38-c300-4c01-8f44-8cea5c43502b", "keyword": "khai trương bùng nổ", "step": "capture", "message": "Expanded \"Xem thêm\" (exact-class): +1 (total 1)", "data": null, "seq": 7648}
{"ts": "2026-04-28T18:19:31.747651+00:00", "level": "INFO", "jobId": "03465d38-c300-4c01-8f44-8cea5c43502b", "keyword": "khai trương bùng nổ", "step": "capture", "message": "Saved post_005.png", "data": null, "seq": 7649}
{"ts": "2026-04-28T18:19:31.747651+00:00", "level": "INFO", "jobId": "03465d38-c300-4c01-8f44-8cea5c43502b", "keyword": "khai trương bùng nổ", "step": "cooldown", "message": "Cooldown 1.6s (after capture)", "data": null, "seq": 7650}
{"ts": "2026-04-28T18:19:33.849985+00:00", "level": "INFO", "jobId": "03465d38-c300-4c01-8f44-8cea5c43502b", "keyword": "khai trương bùng nổ", "step": "capture", "message": "Capturing 6/70 (viewport)…", "data": null, "seq": 7651}
{"ts": "2026-04-28T18:19:33.968313+00:00", "level": "INFO", "jobId": "03465d38-c300-4c01-8f44-8cea5c43502b", "keyword": "khai trương bùng nổ", "step": "capture", "message": "Expanded \"Xem thêm\" (exact-class): +2 (total 2)", "data": null, "seq": 7652}
{"ts": "2026-04-28T18:19:46.736573+00:00", "level": "INFO", "jobId": "03465d38-c300-4c01-8f44-8cea5c43502b", "keyword": "khai trương bùng nổ", "step": "capture", "message": "Saved post_006.png", "data": null, "seq": 7653}
{"ts": "2026-04-28T18:19:46.736573+00:00", "level": "INFO", "jobId": "03465d38-c300-4c01-8f44-8cea5c43502b", "keyword": "khai trương bùng nổ", "step": "cooldown", "message": "Cooldown 1.1s (after capture)", "data": null, "seq": 7654}
{"ts": "2026-04-28T18:19:48.427040+00:00", "level": "INFO", "jobId": "03465d38-c300-4c01-8f44-8cea5c43502b", "keyword": "khai trương bùng nổ", "step": "capture", "message": "Capturing 7/70 (viewport)…", "data": null, "seq": 7655}
{"ts": "2026-04-28T18:19:48.526838+00:00", "level": "INFO", "jobId": "03465d38-c300-4c01-8f44-8cea5c43502b", "keyword": "khai trương bùng nổ", "step": "capture", "message": "Expanded \"Xem thêm\" (exact-class): +1 (total 1)", "data": null, "seq": 7656}
{"ts": "2026-04-28T18:20:01.435647+00:00", "level": "INFO", "jobId": "03465d38-c300-4c01-8f44-8cea5c43502b", "keyword": "khai trương bùng nổ", "step": "capture", "message": "Saved post_007.png", "data": null, "seq": 7657}
{"ts": "2026-04-28T18:20:01.435647+00:00", "level": "INFO", "jobId": "03465d38-c300-4c01-8f44-8cea5c43502b", "keyword": "khai trương bùng nổ", "step": "cooldown", "message": "Cooldown 2.7s (after capture)", "data": null, "seq": 7658}
{"ts": "2026-04-28T18:20:04.673261+00:00", "level": "INFO", "jobId": "03465d38-c300-4c01-8f44-8cea5c43502b", "keyword": "khai trương bùng nổ", "step": "capture", "message": "Capturing 8/70 (viewport)…", "data": null, "seq": 7659}
{"ts": "2026-04-28T18:20:04.765322+00:00", "level": "INFO", "jobId": "03465d38-c300-4c01-8f44-8cea5c43502b", "keyword": "khai trương bùng nổ", "step": "capture", "message": "Expanded \"Xem thêm\" (exact-class): +1 (total 1)", "data": null, "seq": 7660}
{"ts": "2026-04-28T18:20:17.568525+00:00", "level": "INFO", "jobId": "03465d38-c300-4c01-8f44-8cea5c43502b", "keyword": "khai trương bùng nổ", "step": "capture", "message": "Saved post_008.png", "data": null, "seq": 7661}
{"ts": "2026-04-28T18:20:17.569568+00:00", "level": "INFO", "jobId": "03465d38-c300-4c01-8f44-8cea5c43502b", "keyword": "khai trương bùng nổ", "step": "cooldown", "message": "Cooldown 1.3s (after capture)", "data": null, "seq": 7662}
{"ts": "2026-04-28T18:20:19.374663+00:00", "level": "INFO", "jobId": "03465d38-c300-4c01-8f44-8cea5c43502b", "keyword": "khai trương bùng nổ", "step": "capture", "message": "Capturing 9/70 (viewport)…", "data": null, "seq": 7663}
{"ts": "2026-04-28T18:20:19.483710+00:00", "level": "INFO", "jobId": "03465d38-c300-4c01-8f44-8cea5c43502b", "keyword": "khai trương bùng nổ", "step": "capture", "message": "Expanded \"Xem thêm\" (exact-class): +1 (total 1)", "data": null, "seq": 7664}
{"ts": "2026-04-28T18:20:32.248291+00:00", "level": "INFO", "jobId": "03465d38-c300-4c01-8f44-8cea5c43502b", "keyword": "khai trương bùng nổ", "step": "capture", "message": "Saved post_009.png", "data": null, "seq": 7665}
{"ts": "2026-04-28T18:20:32.249426+00:00", "level": "INFO", "jobId": "03465d38-c300-4c01-8f44-8cea5c43502b", "keyword": "khai trương bùng nổ", "step": "cooldown", "message": "Cooldown 2.2s (after capture)", "data": null, "seq": 7666}
{"ts": "2026-04-28T18:20:35.026182+00:00", "level": "INFO", "jobId": "03465d38-c300-4c01-8f44-8cea5c43502b", "keyword": "khai trương bùng nổ", "step": "capture", "message": "Capturing 10/70 (viewport)…", "data": null, "seq": 7667}
{"ts": "2026-04-28T18:20:35.115960+00:00", "level": "INFO", "jobId": "03465d38-c300-4c01-8f44-8cea5c43502b", "keyword": "khai trương bùng nổ", "step": "capture", "message": "Expanded \"Xem thêm\" (exact-class): +1 (total 1)", "data": null, "seq": 7668}
{"ts": "2026-04-28T18:20:48.041556+00:00", "level": "INFO", "jobId": "03465d38-c300-4c01-8f44-8cea5c43502b", "keyword": "khai trương bùng nổ", "step": "capture", "message": "Saved post_010.png", "data": null, "seq": 7669}
{"ts": "2026-04-28T18:20:48.041556+00:00", "level": "INFO", "jobId": "03465d38-c300-4c01-8f44-8cea5c43502b", "keyword": "khai trương bùng nổ", "step": "cooldown", "message": "Cooldown 2.6s (after capture)", "data": null, "seq": 7670}
{"ts": "2026-04-28T18:20:51.248382+00:00", "level": "INFO", "jobId": "03465d38-c300-4c01-8f44-8cea5c43502b", "keyword": "khai trương bùng nổ", "step": "capture", "message": "Capturing 11/70 (viewport)…", "data": null, "seq": 7671}
{"ts": "2026-04-28T18:20:51.307488+00:00", "level": "INFO", "jobId": "03465d38-c300-4c01-8f44-8cea5c43502b", "keyword": "khai trương bùng nổ", "step": "capture", "message": "Expanded \"Xem thêm\" (exact-class): +1 (total 1)", "data": null, "seq": 7672}
{"ts": "2026-04-28T18:21:04.137084+00:00", "level": "INFO", "jobId": "03465d38-c300-4c01-8f44-8cea5c43502b", "keyword": "khai trương bùng nổ", "step": "capture", "message": "Saved post_011.png", "data": null, "seq": 7673}
{"ts": "2026-04-28T18:21:04.137084+00:00", "level": "INFO", "jobId": "03465d38-c300-4c01-8f44-8cea5c43502b", "keyword": "khai trương bùng nổ", "step": "cooldown", "message": "Cooldown 2.3s (after capture)", "data": null, "seq": 7674}
{"ts": "2026-04-28T18:21:06.952073+00:00", "level": "INFO", "jobId": "03465d38-c300-4c01-8f44-8cea5c43502b", "keyword": "khai trương bùng nổ", "step": "capture", "message": "Capturing 12/70 (viewport)…", "data": null, "seq": 7675}
{"ts": "2026-04-28T18:21:07.067377+00:00", "level": "INFO", "jobId": "03465d38-c300-4c01-8f44-8cea5c43502b", "keyword": "khai trương bùng nổ", "step": "capture", "message": "Expanded \"Xem thêm\" (exact-class): +1 (total 1)", "data": null, "seq": 7676}
{"ts": "2026-04-28T18:21:20.000293+00:00", "level": "INFO", "jobId": "03465d38-c300-4c01-8f44-8cea5c43502b", "keyword": "khai trương bùng nổ", "step": "capture", "message": "Saved post_012.png", "data": null, "seq": 7677}
{"ts": "2026-04-28T18:21:20.001295+00:00", "level": "INFO", "jobId": "03465d38-c300-4c01-8f44-8cea5c43502b", "keyword": "khai trương bùng nổ", "step": "cooldown", "message": "Cooldown 1.1s (after capture)", "data": null, "seq": 7678}
{"ts": "2026-04-28T18:21:21.602547+00:00", "level": "INFO", "jobId": "03465d38-c300-4c01-8f44-8cea5c43502b", "keyword": "khai trương bùng nổ", "step": "capture", "message": "Capturing 13/70 (viewport)…", "data": null, "seq": 7679}
{"ts": "2026-04-28T18:21:21.702038+00:00", "level": "INFO", "jobId": "03465d38-c300-4c01-8f44-8cea5c43502b", "keyword": "khai trương bùng nổ", "step": "capture", "message": "Expanded \"Xem thêm\" (exact-class): +1 (total 1)", "data": null, "seq": 7680}
{"ts": "2026-04-28T18:21:34.567363+00:00", "level": "INFO", "jobId": "03465d38-c300-4c01-8f44-8cea5c43502b", "keyword": "khai trương bùng nổ", "step": "capture", "message": "Saved post_013.png", "data": null, "seq": 7681}
{"ts": "2026-04-28T18:21:34.567363+00:00", "level": "INFO", "jobId": "03465d38-c300-4c01-8f44-8cea5c43502b", "keyword": "khai trương bùng nổ", "step": "cooldown", "message": "Cooldown 2.6s (after capture)", "data": null, "seq": 7682}
{"ts": "2026-04-28T18:21:37.685414+00:00", "level": "INFO", "jobId": "03465d38-c300-4c01-8f44-8cea5c43502b", "keyword": "khai trương bùng nổ", "step": "capture", "message": "Capturing 14/70 (viewport)…", "data": null, "seq": 7683}
{"ts": "2026-04-28T18:21:50.173481+00:00", "level": "INFO", "jobId": "03465d38-c300-4c01-8f44-8cea5c43502b", "keyword": "khai trương bùng nổ", "step": "capture", "message": "Saved post_014.png", "data": null, "seq": 7684}
{"ts": "2026-04-28T18:21:50.173481+00:00", "level": "INFO", "jobId": "03465d38-c300-4c01-8f44-8cea5c43502b", "keyword": "khai trương bùng nổ", "step": "cooldown", "message": "Cooldown 1.1s (after capture)", "data": null, "seq": 7685}
{"ts": "2026-04-28T18:21:51.814242+00:00", "level": "INFO", "jobId": "03465d38-c300-4c01-8f44-8cea5c43502b", "keyword": "khai trương bùng nổ", "step": "capture", "message": "Capturing 15/70 (viewport)…", "data": null, "seq": 7686}
{"ts": "2026-04-28T18:21:51.901710+00:00", "level": "INFO", "jobId": "03465d38-c300-4c01-8f44-8cea5c43502b", "keyword": "khai trương bùng nổ", "step": "capture", "message": "Expanded \"Xem thêm\" (exact-class): +1 (total 1)", "data": null, "seq": 7687}
{"ts": "2026-04-28T18:22:05.313462+00:00", "level": "INFO", "jobId": "03465d38-c300-4c01-8f44-8cea5c43502b", "keyword": "khai trương bùng nổ", "step": "capture", "message": "Saved post_015.png", "data": null, "seq": 7688}
{"ts": "2026-04-28T18:22:05.313462+00:00", "level": "INFO", "jobId": "03465d38-c300-4c01-8f44-8cea5c43502b", "keyword": "khai trương bùng nổ", "step": "cooldown", "message": "Cooldown 1.6s (after capture)", "data": null, "seq": 7689}
{"ts": "2026-04-28T18:22:07.486532+00:00", "level": "INFO", "jobId": "03465d38-c300-4c01-8f44-8cea5c43502b", "keyword": "khai trương bùng nổ", "step": "capture", "message": "Capturing 16/70 (viewport)…", "data": null, "seq": 7690}
{"ts": "2026-04-28T18:22:07.571998+00:00", "level": "INFO", "jobId": "03465d38-c300-4c01-8f44-8cea5c43502b", "keyword": "khai trương bùng nổ", "step": "capture", "message": "Expanded \"Xem thêm\" (exact-class): +1 (total 1)", "data": null, "seq": 7691}
{"ts": "2026-04-28T18:22:20.816601+00:00", "level": "INFO", "jobId": "03465d38-c300-4c01-8f44-8cea5c43502b", "keyword": "khai trương bùng nổ", "step": "capture", "message": "Saved post_016.png", "data": null, "seq": 7692}
{"ts": "2026-04-28T18:22:20.818606+00:00", "level": "INFO", "jobId": "03465d38-c300-4c01-8f44-8cea5c43502b", "keyword": "khai trương bùng nổ", "step": "cooldown", "message": "Cooldown 1.9s (after capture)", "data": null, "seq": 7693}
{"ts": "2026-04-28T18:22:23.316813+00:00", "level": "INFO", "jobId": "03465d38-c300-4c01-8f44-8cea5c43502b", "keyword": "khai trương bùng nổ", "step": "capture", "message": "Capturing 17/70 (viewport)…", "data": null, "seq": 7694}
{"ts": "2026-04-28T18:22:23.448326+00:00", "level": "INFO", "jobId": "03465d38-c300-4c01-8f44-8cea5c43502b", "keyword": "khai trương bùng nổ", "step": "capture", "message": "Expanded \"Xem thêm\" (exact-class): +1 (total 1)", "data": null, "seq": 7695}
{"ts": "2026-04-28T18:22:36.325367+00:00", "level": "INFO", "jobId": "03465d38-c300-4c01-8f44-8cea5c43502b", "keyword": "khai trương bùng nổ", "step": "capture", "message": "Saved post_017.png", "data": null, "seq": 7696}
{"ts": "2026-04-28T18:22:36.325367+00:00", "level": "INFO", "jobId": "03465d38-c300-4c01-8f44-8cea5c43502b", "keyword": "khai trương bùng nổ", "step": "cooldown", "message": "Cooldown 1.4s (after capture)", "data": null, "seq": 7697}
{"ts": "2026-04-28T18:22:38.242393+00:00", "level": "INFO", "jobId": "03465d38-c300-4c01-8f44-8cea5c43502b", "keyword": "khai trương bùng nổ", "step": "capture", "message": "Capturing 18/70 (viewport)…", "data": null, "seq": 7698}
{"ts": "2026-04-28T18:22:38.327325+00:00", "level": "INFO", "jobId": "03465d38-c300-4c01-8f44-8cea5c43502b", "keyword": "khai trương bùng nổ", "step": "capture", "message": "Expanded \"Xem thêm\" (exact-class): +1 (total 1)", "data": null, "seq": 7699}
{"ts": "2026-04-28T18:22:51.224535+00:00", "level": "INFO", "jobId": "03465d38-c300-4c01-8f44-8cea5c43502b", "keyword": "khai trương bùng nổ", "step": "capture", "message": "Saved post_018.png", "data": null, "seq": 7700}
{"ts": "2026-04-28T18:22:51.224535+00:00", "level": "INFO", "jobId": "03465d38-c300-4c01-8f44-8cea5c43502b", "keyword": "khai trương bùng nổ", "step": "cooldown", "message": "Cooldown 2.2s (after capture)", "data": null, "seq": 7701}
{"ts": "2026-04-28T18:22:54.010113+00:00", "level": "INFO", "jobId": "03465d38-c300-4c01-8f44-8cea5c43502b", "keyword": "khai trương bùng nổ", "step": "capture", "message": "Capturing 19/70 (viewport)…", "data": null, "seq": 7702}
{"ts": "2026-04-28T18:22:54.154474+00:00", "level": "INFO", "jobId": "03465d38-c300-4c01-8f44-8cea5c43502b", "keyword": "khai trương bùng nổ", "step": "capture", "message": "Expanded \"Xem thêm\" (exact-class): +1 (total 1)", "data": null, "seq": 7703}
{"ts": "2026-04-28T18:23:07.020198+00:00", "level": "INFO", "jobId": "03465d38-c300-4c01-8f44-8cea5c43502b", "keyword": "khai trương bùng nổ", "step": "capture", "message": "Saved post_019.png", "data": null, "seq": 7704}
{"ts": "2026-04-28T18:23:07.021203+00:00", "level": "INFO", "jobId": "03465d38-c300-4c01-8f44-8cea5c43502b", "keyword": "khai trương bùng nổ", "step": "cooldown", "message": "Cooldown 2.0s (after capture)", "data": null, "seq": 7705}
{"ts": "2026-04-28T18:23:09.587488+00:00", "level": "INFO", "jobId": "03465d38-c300-4c01-8f44-8cea5c43502b", "keyword": "khai trương bùng nổ", "step": "capture", "message": "Capturing 20/70 (viewport)…", "data": null, "seq": 7706}
{"ts": "2026-04-28T18:23:22.118645+00:00", "level": "INFO", "jobId": "03465d38-c300-4c01-8f44-8cea5c43502b", "keyword": "khai trương bùng nổ", "step": "capture", "message": "Saved post_020.png", "data": null, "seq": 7707}
{"ts": "2026-04-28T18:23:22.118645+00:00", "level": "INFO", "jobId": "03465d38-c300-4c01-8f44-8cea5c43502b", "keyword": "khai trương bùng nổ", "step": "cooldown", "message": "Cooldown 2.8s (after capture)", "data": null, "seq": 7708}
{"ts": "2026-04-28T18:23:25.425116+00:00", "level": "INFO", "jobId": "03465d38-c300-4c01-8f44-8cea5c43502b", "keyword": "khai trương bùng nổ", "step": "capture", "message": "Capturing 21/70 (viewport)…", "data": null, "seq": 7709}
{"ts": "2026-04-28T18:23:25.503561+00:00", "level": "INFO", "jobId": "03465d38-c300-4c01-8f44-8cea5c43502b", "keyword": "khai trương bùng nổ", "step": "capture", "message": "Expanded \"Xem thêm\" (exact-class): +1 (total 1)", "data": null, "seq": 7710}
{"ts": "2026-04-28T18:23:38.364386+00:00", "level": "INFO", "jobId": "03465d38-c300-4c01-8f44-8cea5c43502b", "keyword": "khai trương bùng nổ", "step": "capture", "message": "Saved post_021.png", "data": null, "seq": 7711}
{"ts": "2026-04-28T18:23:38.366393+00:00", "level": "INFO", "jobId": "03465d38-c300-4c01-8f44-8cea5c43502b", "keyword": "khai trương bùng nổ", "step": "cooldown", "message": "Cooldown 1.0s (after capture)", "data": null, "seq": 7712}
{"ts": "2026-04-28T18:23:39.974132+00:00", "level": "INFO", "jobId": "03465d38-c300-4c01-8f44-8cea5c43502b", "keyword": "khai trương bùng nổ", "step": "capture", "message": "Capturing 22/70 (viewport)…", "data": null, "seq": 7713}
{"ts": "2026-04-28T18:23:40.195964+00:00", "level": "INFO", "jobId": "03465d38-c300-4c01-8f44-8cea5c43502b", "keyword": "khai trương bùng nổ", "step": "capture", "message": "Expanded \"Xem thêm\" (exact-class): +2 (total 2)", "data": null, "seq": 7714}
{"ts": "2026-04-28T18:23:53.047722+00:00", "level": "INFO", "jobId": "03465d38-c300-4c01-8f44-8cea5c43502b", "keyword": "khai trương bùng nổ", "step": "capture", "message": "Saved post_022.png", "data": null, "seq": 7715}
{"ts": "2026-04-28T18:23:53.047722+00:00", "level": "INFO", "jobId": "03465d38-c300-4c01-8f44-8cea5c43502b", "keyword": "khai trương bùng nổ", "step": "cooldown", "message": "Cooldown 1.6s (after capture)", "data": null, "seq": 7716}
{"ts": "2026-04-28T18:23:55.149094+00:00", "level": "INFO", "jobId": "03465d38-c300-4c01-8f44-8cea5c43502b", "keyword": "khai trương bùng nổ", "step": "capture", "message": "Capturing 23/70 (viewport)…", "data": null, "seq": 7717}
{"ts": "2026-04-28T18:23:55.245852+00:00", "level": "INFO", "jobId": "03465d38-c300-4c01-8f44-8cea5c43502b", "keyword": "khai trương bùng nổ", "step": "capture", "message": "Expanded \"Xem thêm\" (exact-class): +1 (total 1)", "data": null, "seq": 7718}
{"ts": "2026-04-28T18:24:08.198870+00:00", "level": "INFO", "jobId": "03465d38-c300-4c01-8f44-8cea5c43502b", "keyword": "khai trương bùng nổ", "step": "capture", "message": "Saved post_023.png", "data": null, "seq": 7719}
{"ts": "2026-04-28T18:24:08.198870+00:00", "level": "INFO", "jobId": "03465d38-c300-4c01-8f44-8cea5c43502b", "keyword": "khai trương bùng nổ", "step": "cooldown", "message": "Cooldown 2.1s (after capture)", "data": null, "seq": 7720}
{"ts": "2026-04-28T18:24:10.878468+00:00", "level": "INFO", "jobId": "03465d38-c300-4c01-8f44-8cea5c43502b", "keyword": "khai trương bùng nổ", "step": "capture", "message": "Capturing 24/70 (viewport)…", "data": null, "seq": 7721}
{"ts": "2026-04-28T18:24:11.028308+00:00", "level": "INFO", "jobId": "03465d38-c300-4c01-8f44-8cea5c43502b", "keyword": "khai trương bùng nổ", "step": "capture", "message": "Expanded \"Xem thêm\" (exact-class): +1 (total 1)", "data": null, "seq": 7722}
{"ts": "2026-04-28T18:24:24.168933+00:00", "level": "INFO", "jobId": "03465d38-c300-4c01-8f44-8cea5c43502b", "keyword": "khai trương bùng nổ", "step": "capture", "message": "Saved post_024.png", "data": null, "seq": 7723}
{"ts": "2026-04-28T18:24:24.168933+00:00", "level": "INFO", "jobId": "03465d38-c300-4c01-8f44-8cea5c43502b", "keyword": "khai trương bùng nổ", "step": "cooldown", "message": "Cooldown 1.0s (after capture)", "data": null, "seq": 7724}
{"ts": "2026-04-28T18:24:25.775881+00:00", "level": "INFO", "jobId": "03465d38-c300-4c01-8f44-8cea5c43502b", "keyword": "khai trương bùng nổ", "step": "capture", "message": "Capturing 25/70 (viewport)…", "data": null, "seq": 7725}
{"ts": "2026-04-28T18:24:38.465910+00:00", "level": "INFO", "jobId": "03465d38-c300-4c01-8f44-8cea5c43502b", "keyword": "khai trương bùng nổ", "step": "capture", "message": "Saved post_025.png", "data": null, "seq": 7726}
{"ts": "2026-04-28T18:24:38.466914+00:00", "level": "INFO", "jobId": "03465d38-c300-4c01-8f44-8cea5c43502b", "keyword": "khai trương bùng nổ", "step": "cooldown", "message": "Cooldown 2.3s (after capture)", "data": null, "seq": 7727}
{"ts": "2026-04-28T18:24:41.324607+00:00", "level": "INFO", "jobId": "03465d38-c300-4c01-8f44-8cea5c43502b", "keyword": "khai trương bùng nổ", "step": "capture", "message": "Capturing 26/70 (viewport)…", "data": null, "seq": 7728}
{"ts": "2026-04-28T18:24:41.522993+00:00", "level": "INFO", "jobId": "03465d38-c300-4c01-8f44-8cea5c43502b", "keyword": "khai trương bùng nổ", "step": "capture", "message": "Expanded \"Xem thêm\" (exact-class): +2 (total 2)", "data": null, "seq": 7729}
{"ts": "2026-04-28T18:24:54.824912+00:00", "level": "INFO", "jobId": "03465d38-c300-4c01-8f44-8cea5c43502b", "keyword": "khai trương bùng nổ", "step": "capture", "message": "Saved post_026.png", "data": null, "seq": 7730}
{"ts": "2026-04-28T18:24:54.824912+00:00", "level": "INFO", "jobId": "03465d38-c300-4c01-8f44-8cea5c43502b", "keyword": "khai trương bùng nổ", "step": "cooldown", "message": "Cooldown 2.8s (after capture)", "data": null, "seq": 7731}
{"ts": "2026-04-28T18:24:58.205556+00:00", "level": "INFO", "jobId": "03465d38-c300-4c01-8f44-8cea5c43502b", "keyword": "khai trương bùng nổ", "step": "capture", "message": "Capturing 27/70 (viewport)…", "data": null, "seq": 7732}
{"ts": "2026-04-28T18:25:11.021032+00:00", "level": "INFO", "jobId": "03465d38-c300-4c01-8f44-8cea5c43502b", "keyword": "khai trương bùng nổ", "step": "capture", "message": "Saved post_027.png", "data": null, "seq": 7733}
{"ts": "2026-04-28T18:25:11.021032+00:00", "level": "INFO", "jobId": "03465d38-c300-4c01-8f44-8cea5c43502b", "keyword": "khai trương bùng nổ", "step": "cooldown", "message": "Cooldown 1.7s (after capture)", "data": null, "seq": 7734}
{"ts": "2026-04-28T18:25:13.254482+00:00", "level": "INFO", "jobId": "03465d38-c300-4c01-8f44-8cea5c43502b", "keyword": "khai trương bùng nổ", "step": "capture", "message": "Capturing 28/70 (viewport)…", "data": null, "seq": 7735}
{"ts": "2026-04-28T18:25:13.356971+00:00", "level": "INFO", "jobId": "03465d38-c300-4c01-8f44-8cea5c43502b", "keyword": "khai trương bùng nổ", "step": "capture", "message": "Expanded \"Xem thêm\" (exact-class): +1 (total 1)", "data": null, "seq": 7736}
{"ts": "2026-04-28T18:25:26.512750+00:00", "level": "INFO", "jobId": "03465d38-c300-4c01-8f44-8cea5c43502b", "keyword": "khai trương bùng nổ", "step": "capture", "message": "Saved post_028.png", "data": null, "seq": 7737}
{"ts": "2026-04-28T18:25:26.512750+00:00", "level": "INFO", "jobId": "03465d38-c300-4c01-8f44-8cea5c43502b", "keyword": "khai trương bùng nổ", "step": "cooldown", "message": "Cooldown 2.3s (after capture)", "data": null, "seq": 7738}
{"ts": "2026-04-28T18:25:29.337714+00:00", "level": "INFO", "jobId": "03465d38-c300-4c01-8f44-8cea5c43502b", "keyword": "khai trương bùng nổ", "step": "capture", "message": "Capturing 29/70 (viewport)…", "data": null, "seq": 7739}
{"ts": "2026-04-28T18:25:29.493663+00:00", "level": "INFO", "jobId": "03465d38-c300-4c01-8f44-8cea5c43502b", "keyword": "khai trương bùng nổ", "step": "capture", "message": "Expanded \"Xem thêm\" (exact-class): +1 (total 1)", "data": null, "seq": 7740}
{"ts": "2026-04-28T18:25:42.734350+00:00", "level": "INFO", "jobId": "03465d38-c300-4c01-8f44-8cea5c43502b", "keyword": "khai trương bùng nổ", "step": "capture", "message": "Saved post_029.png", "data": null, "seq": 7741}
{"ts": "2026-04-28T18:25:42.734350+00:00", "level": "INFO", "jobId": "03465d38-c300-4c01-8f44-8cea5c43502b", "keyword": "khai trương bùng nổ", "step": "cooldown", "message": "Cooldown 1.7s (after capture)", "data": null, "seq": 7742}
{"ts": "2026-04-28T18:25:45.007848+00:00", "level": "INFO", "jobId": "03465d38-c300-4c01-8f44-8cea5c43502b", "keyword": "khai trương bùng nổ", "step": "capture", "message": "Capturing 30/70 (viewport)…", "data": null, "seq": 7743}
{"ts": "2026-04-28T18:25:45.137137+00:00", "level": "INFO", "jobId": "03465d38-c300-4c01-8f44-8cea5c43502b", "keyword": "khai trương bùng nổ", "step": "capture", "message": "Expanded \"Xem thêm\" (exact-class): +1 (total 1)", "data": null, "seq": 7744}
{"ts": "2026-04-28T18:25:58.154792+00:00", "level": "INFO", "jobId": "03465d38-c300-4c01-8f44-8cea5c43502b", "keyword": "khai trương bùng nổ", "step": "capture", "message": "Saved post_030.png", "data": null, "seq": 7745}
{"ts": "2026-04-28T18:25:58.154792+00:00", "level": "INFO", "jobId": "03465d38-c300-4c01-8f44-8cea5c43502b", "keyword": "khai trương bùng nổ", "step": "cooldown", "message": "Cooldown 2.2s (after capture)", "data": null, "seq": 7746}
{"ts": "2026-04-28T18:26:00.933358+00:00", "level": "INFO", "jobId": "03465d38-c300-4c01-8f44-8cea5c43502b", "keyword": "khai trương bùng nổ", "step": "capture", "message": "Capturing 31/70 (viewport)…", "data": null, "seq": 7747}
{"ts": "2026-04-28T18:26:01.043178+00:00", "level": "INFO", "jobId": "03465d38-c300-4c01-8f44-8cea5c43502b", "keyword": "khai trương bùng nổ", "step": "capture", "message": "Expanded \"Xem thêm\" (exact-class): +1 (total 1)", "data": null, "seq": 7748}
{"ts": "2026-04-28T18:26:14.011628+00:00", "level": "INFO", "jobId": "03465d38-c300-4c01-8f44-8cea5c43502b", "keyword": "khai trương bùng nổ", "step": "capture", "message": "Saved post_031.png", "data": null, "seq": 7749}
{"ts": "2026-04-28T18:26:14.011628+00:00", "level": "INFO", "jobId": "03465d38-c300-4c01-8f44-8cea5c43502b", "keyword": "khai trương bùng nổ", "step": "cooldown", "message": "Cooldown 2.6s (after capture)", "data": null, "seq": 7750}
{"ts": "2026-04-28T18:26:17.160374+00:00", "level": "INFO", "jobId": "03465d38-c300-4c01-8f44-8cea5c43502b", "keyword": "khai trương bùng nổ", "step": "capture", "message": "Capturing 32/70 (viewport)…", "data": null, "seq": 7751}
{"ts": "2026-04-28T18:26:17.318393+00:00", "level": "INFO", "jobId": "03465d38-c300-4c01-8f44-8cea5c43502b", "keyword": "khai trương bùng nổ", "step": "capture", "message": "Expanded \"Xem thêm\" (exact-class): +2 (total 2)", "data": null, "seq": 7752}
{"ts": "2026-04-28T18:26:30.332385+00:00", "level": "INFO", "jobId": "03465d38-c300-4c01-8f44-8cea5c43502b", "keyword": "khai trương bùng nổ", "step": "capture", "message": "Saved post_032.png", "data": null, "seq": 7753}
{"ts": "2026-04-28T18:26:30.332385+00:00", "level": "INFO", "jobId": "03465d38-c300-4c01-8f44-8cea5c43502b", "keyword": "khai trương bùng nổ", "step": "cooldown", "message": "Cooldown 3.0s (after capture)", "data": null, "seq": 7754}
{"ts": "2026-04-28T18:26:33.944594+00:00", "level": "INFO", "jobId": "03465d38-c300-4c01-8f44-8cea5c43502b", "keyword": "khai trương bùng nổ", "step": "capture", "message": "Capturing 33/70 (viewport)…", "data": null, "seq": 7755}
{"ts": "2026-04-28T18:26:46.343301+00:00", "level": "INFO", "jobId": "03465d38-c300-4c01-8f44-8cea5c43502b", "keyword": "khai trương bùng nổ", "step": "capture", "message": "Saved post_033.png", "data": null, "seq": 7756}
{"ts": "2026-04-28T18:26:46.343301+00:00", "level": "INFO", "jobId": "03465d38-c300-4c01-8f44-8cea5c43502b", "keyword": "khai trương bùng nổ", "step": "cooldown", "message": "Cooldown 2.7s (after capture)", "data": null, "seq": 7757}
{"ts": "2026-04-28T18:26:49.584595+00:00", "level": "INFO", "jobId": "03465d38-c300-4c01-8f44-8cea5c43502b", "keyword": "khai trương bùng nổ", "step": "capture", "message": "Capturing 34/70 (viewport)…", "data": null, "seq": 7758}
{"ts": "2026-04-28T18:27:02.159906+00:00", "level": "INFO", "jobId": "03465d38-c300-4c01-8f44-8cea5c43502b", "keyword": "khai trương bùng nổ", "step": "capture", "message": "Saved post_034.png", "data": null, "seq": 7759}
{"ts": "2026-04-28T18:27:02.159906+00:00", "level": "INFO", "jobId": "03465d38-c300-4c01-8f44-8cea5c43502b", "keyword": "khai trương bùng nổ", "step": "cooldown", "message": "Cooldown 2.6s (after capture)", "data": null, "seq": 7760}
{"ts": "2026-04-28T18:27:05.334800+00:00", "level": "INFO", "jobId": "03465d38-c300-4c01-8f44-8cea5c43502b", "keyword": "khai trương bùng nổ", "step": "capture", "message": "Capturing 35/70 (viewport)…", "data": null, "seq": 7761}
{"ts": "2026-04-28T18:27:05.550527+00:00", "level": "INFO", "jobId": "03465d38-c300-4c01-8f44-8cea5c43502b", "keyword": "khai trương bùng nổ", "step": "capture", "message": "Expanded \"Xem thêm\" (exact-class): +2 (total 2)", "data": null, "seq": 7762}
{"ts": "2026-04-28T18:27:18.449101+00:00", "level": "INFO", "jobId": "03465d38-c300-4c01-8f44-8cea5c43502b", "keyword": "khai trương bùng nổ", "step": "capture", "message": "Saved post_035.png", "data": null, "seq": 7763}
{"ts": "2026-04-28T18:27:18.450287+00:00", "level": "INFO", "jobId": "03465d38-c300-4c01-8f44-8cea5c43502b", "keyword": "khai trương bùng nổ", "step": "cooldown", "message": "Cooldown 1.0s (after capture)", "data": null, "seq": 7764}
{"ts": "2026-04-28T18:27:20.047628+00:00", "level": "INFO", "jobId": "03465d38-c300-4c01-8f44-8cea5c43502b", "keyword": "khai trương bùng nổ", "step": "capture", "message": "Capturing 36/70 (viewport)…", "data": null, "seq": 7765}
{"ts": "2026-04-28T18:27:32.517924+00:00", "level": "INFO", "jobId": "03465d38-c300-4c01-8f44-8cea5c43502b", "keyword": "khai trương bùng nổ", "step": "capture", "message": "Saved post_036.png", "data": null, "seq": 7766}
{"ts": "2026-04-28T18:27:32.519507+00:00", "level": "INFO", "jobId": "03465d38-c300-4c01-8f44-8cea5c43502b", "keyword": "khai trương bùng nổ", "step": "cooldown", "message": "Cooldown 1.7s (after capture)", "data": null, "seq": 7767}
{"ts": "2026-04-28T18:27:34.802731+00:00", "level": "INFO", "jobId": "03465d38-c300-4c01-8f44-8cea5c43502b", "keyword": "khai trương bùng nổ", "step": "capture", "message": "Capturing 37/70 (viewport)…", "data": null, "seq": 7768}
{"ts": "2026-04-28T18:27:47.507167+00:00", "level": "INFO", "jobId": "03465d38-c300-4c01-8f44-8cea5c43502b", "keyword": "khai trương bùng nổ", "step": "capture", "message": "Saved post_037.png", "data": null, "seq": 7769}
{"ts": "2026-04-28T18:27:47.508171+00:00", "level": "INFO", "jobId": "03465d38-c300-4c01-8f44-8cea5c43502b", "keyword": "khai trương bùng nổ", "step": "cooldown", "message": "Cooldown 2.0s (after capture)", "data": null, "seq": 7770}
{"ts": "2026-04-28T18:27:50.094161+00:00", "level": "INFO", "jobId": "03465d38-c300-4c01-8f44-8cea5c43502b", "keyword": "khai trương bùng nổ", "step": "capture", "message": "Capturing 38/70 (viewport)…", "data": null, "seq": 7771}
{"ts": "2026-04-28T18:28:02.882628+00:00", "level": "INFO", "jobId": "03465d38-c300-4c01-8f44-8cea5c43502b", "keyword": "khai trương bùng nổ", "step": "capture", "message": "Saved post_038.png", "data": null, "seq": 7772}
{"ts": "2026-04-28T18:28:02.882628+00:00", "level": "INFO", "jobId": "03465d38-c300-4c01-8f44-8cea5c43502b", "keyword": "khai trương bùng nổ", "step": "cooldown", "message": "Cooldown 1.1s (after capture)", "data": null, "seq": 7773}
{"ts": "2026-04-28T18:28:04.547846+00:00", "level": "INFO", "jobId": "03465d38-c300-4c01-8f44-8cea5c43502b", "keyword": "khai trương bùng nổ", "step": "capture", "message": "Capturing 39/70 (viewport)…", "data": null, "seq": 7774}
{"ts": "2026-04-28T18:28:04.663277+00:00", "level": "INFO", "jobId": "03465d38-c300-4c01-8f44-8cea5c43502b", "keyword": "khai trương bùng nổ", "step": "capture", "message": "Expanded \"Xem thêm\" (exact-class): +2 (total 2)", "data": null, "seq": 7775}
{"ts": "2026-04-28T18:28:17.480575+00:00", "level": "INFO", "jobId": "03465d38-c300-4c01-8f44-8cea5c43502b", "keyword": "khai trương bùng nổ", "step": "capture", "message": "Saved post_039.png", "data": null, "seq": 7776}
{"ts": "2026-04-28T18:28:17.480575+00:00", "level": "INFO", "jobId": "03465d38-c300-4c01-8f44-8cea5c43502b", "keyword": "khai trương bùng nổ", "step": "cooldown", "message": "Cooldown 2.5s (after capture)", "data": null, "seq": 7777}
{"ts": "2026-04-28T18:28:20.575930+00:00", "level": "INFO", "jobId": "03465d38-c300-4c01-8f44-8cea5c43502b", "keyword": "khai trương bùng nổ", "step": "capture", "message": "Capturing 40/70 (viewport)…", "data": null, "seq": 7778}
{"ts": "2026-04-28T18:28:32.963857+00:00", "level": "INFO", "jobId": "03465d38-c300-4c01-8f44-8cea5c43502b", "keyword": "khai trương bùng nổ", "step": "capture", "message": "Saved post_040.png", "data": null, "seq": 7779}
{"ts": "2026-04-28T18:28:32.965009+00:00", "level": "INFO", "jobId": "03465d38-c300-4c01-8f44-8cea5c43502b", "keyword": "khai trương bùng nổ", "step": "cooldown", "message": "Cooldown 2.2s (after capture)", "data": null, "seq": 7780}
{"ts": "2026-04-28T18:28:35.774127+00:00", "level": "INFO", "jobId": "03465d38-c300-4c01-8f44-8cea5c43502b", "keyword": "khai trương bùng nổ", "step": "capture", "message": "Capturing 41/70 (viewport)…", "data": null, "seq": 7781}
{"ts": "2026-04-28T18:28:48.890618+00:00", "level": "INFO", "jobId": "03465d38-c300-4c01-8f44-8cea5c43502b", "keyword": "khai trương bùng nổ", "step": "capture", "message": "Capturing 41/70 (viewport)…", "data": null, "seq": 7782}
{"ts": "2026-04-28T18:29:01.976161+00:00", "level": "INFO", "jobId": "03465d38-c300-4c01-8f44-8cea5c43502b", "keyword": "khai trương bùng nổ", "step": "capture", "message": "Capturing 41/70 (viewport)…", "data": null, "seq": 7783}
{"ts": "2026-04-28T18:29:15.101445+00:00", "level": "INFO", "jobId": "03465d38-c300-4c01-8f44-8cea5c43502b", "keyword": "khai trương bùng nổ", "step": "capture", "message": "Capturing 41/70 (viewport)…", "data": null, "seq": 7784}
{"ts": "2026-04-28T18:29:27.738945+00:00", "level": "INFO", "jobId": "03465d38-c300-4c01-8f44-8cea5c43502b", "keyword": "khai trương bùng nổ", "step": "capture", "message": "Saved post_041.png", "data": null, "seq": 7785}
{"ts": "2026-04-28T18:29:27.738945+00:00", "level": "INFO", "jobId": "03465d38-c300-4c01-8f44-8cea5c43502b", "keyword": "khai trương bùng nổ", "step": "cooldown", "message": "Cooldown 1.4s (after capture)", "data": null, "seq": 7786}
{"ts": "2026-04-28T18:29:29.685146+00:00", "level": "INFO", "jobId": "03465d38-c300-4c01-8f44-8cea5c43502b", "keyword": "khai trương bùng nổ", "step": "capture", "message": "Capturing 42/70 (viewport)…", "data": null, "seq": 7787}
{"ts": "2026-04-28T18:29:29.809261+00:00", "level": "INFO", "jobId": "03465d38-c300-4c01-8f44-8cea5c43502b", "keyword": "khai trương bùng nổ", "step": "capture", "message": "Expanded \"Xem thêm\" (exact-class): +1 (total 1)", "data": null, "seq": 7788}
{"ts": "2026-04-28T18:29:43.037837+00:00", "level": "INFO", "jobId": "03465d38-c300-4c01-8f44-8cea5c43502b", "keyword": "khai trương bùng nổ", "step": "capture", "message": "Saved post_042.png", "data": null, "seq": 7789}
{"ts": "2026-04-28T18:29:43.037837+00:00", "level": "INFO", "jobId": "03465d38-c300-4c01-8f44-8cea5c43502b", "keyword": "khai trương bùng nổ", "step": "cooldown", "message": "Cooldown 1.5s (after capture)", "data": null, "seq": 7790}
{"ts": "2026-04-28T18:29:45.153250+00:00", "level": "INFO", "jobId": "03465d38-c300-4c01-8f44-8cea5c43502b", "keyword": "khai trương bùng nổ", "step": "capture", "message": "Capturing 43/70 (viewport)…", "data": null, "seq": 7791}
{"ts": "2026-04-28T18:29:45.404137+00:00", "level": "INFO", "jobId": "03465d38-c300-4c01-8f44-8cea5c43502b", "keyword": "khai trương bùng nổ", "step": "capture", "message": "Expanded \"Xem thêm\" (exact-class): +2 (total 2)", "data": null, "seq": 7792}
{"ts": "2026-04-28T18:29:58.543024+00:00", "level": "INFO", "jobId": "03465d38-c300-4c01-8f44-8cea5c43502b", "keyword": "khai trương bùng nổ", "step": "capture", "message": "Saved post_043.png", "data": null, "seq": 7793}
{"ts": "2026-04-28T18:29:58.543024+00:00", "level": "INFO", "jobId": "03465d38-c300-4c01-8f44-8cea5c43502b", "keyword": "khai trương bùng nổ", "step": "cooldown", "message": "Cooldown 2.3s (after capture)", "data": null, "seq": 7794}
{"ts": "2026-04-28T18:30:01.453296+00:00", "level": "INFO", "jobId": "03465d38-c300-4c01-8f44-8cea5c43502b", "keyword": "khai trương bùng nổ", "step": "capture", "message": "Capturing 44/70 (viewport)…", "data": null, "seq": 7795}
{"ts": "2026-04-28T18:30:14.034893+00:00", "level": "INFO", "jobId": "03465d38-c300-4c01-8f44-8cea5c43502b", "keyword": "khai trương bùng nổ", "step": "capture", "message": "Saved post_044.png", "data": null, "seq": 7796}
{"ts": "2026-04-28T18:30:14.034893+00:00", "level": "INFO", "jobId": "03465d38-c300-4c01-8f44-8cea5c43502b", "keyword": "khai trương bùng nổ", "step": "cooldown", "message": "Cooldown 2.8s (after capture)", "data": null, "seq": 7797}
{"ts": "2026-04-28T18:30:17.430227+00:00", "level": "INFO", "jobId": "03465d38-c300-4c01-8f44-8cea5c43502b", "keyword": "khai trương bùng nổ", "step": "capture", "message": "Capturing 45/70 (viewport)…", "data": null, "seq": 7798}
{"ts": "2026-04-28T18:30:17.529404+00:00", "level": "INFO", "jobId": "03465d38-c300-4c01-8f44-8cea5c43502b", "keyword": "khai trương bùng nổ", "step": "capture", "message": "Expanded \"Xem thêm\" (exact-class): +1 (total 1)", "data": null, "seq": 7799}
{"ts": "2026-04-28T18:30:30.430039+00:00", "level": "INFO", "jobId": "03465d38-c300-4c01-8f44-8cea5c43502b", "keyword": "khai trương bùng nổ", "step": "capture", "message": "Saved post_045.png", "data": null, "seq": 7800}
{"ts": "2026-04-28T18:30:30.430039+00:00", "level": "INFO", "jobId": "03465d38-c300-4c01-8f44-8cea5c43502b", "keyword": "khai trương bùng nổ", "step": "cooldown", "message": "Cooldown 1.7s (after capture)", "data": null, "seq": 7801}
{"ts": "2026-04-28T18:30:32.711110+00:00", "level": "INFO", "jobId": "03465d38-c300-4c01-8f44-8cea5c43502b", "keyword": "khai trương bùng nổ", "step": "capture", "message": "Capturing 46/70 (viewport)…", "data": null, "seq": 7802}
{"ts": "2026-04-28T18:30:45.140961+00:00", "level": "INFO", "jobId": "03465d38-c300-4c01-8f44-8cea5c43502b", "keyword": "khai trương bùng nổ", "step": "capture", "message": "Saved post_046.png", "data": null, "seq": 7803}
{"ts": "2026-04-28T18:30:45.141961+00:00", "level": "INFO", "jobId": "03465d38-c300-4c01-8f44-8cea5c43502b", "keyword": "khai trương bùng nổ", "step": "cooldown", "message": "Cooldown 1.9s (after capture)", "data": null, "seq": 7804}
{"ts": "2026-04-28T18:30:47.607530+00:00", "level": "INFO", "jobId": "03465d38-c300-4c01-8f44-8cea5c43502b", "keyword": "khai trương bùng nổ", "step": "capture", "message": "Capturing 47/70 (viewport)…", "data": null, "seq": 7805}
{"ts": "2026-04-28T18:31:00.152836+00:00", "level": "INFO", "jobId": "03465d38-c300-4c01-8f44-8cea5c43502b", "keyword": "khai trương bùng nổ", "step": "capture", "message": "Saved post_047.png", "data": null, "seq": 7806}
{"ts": "2026-04-28T18:31:00.152836+00:00", "level": "INFO", "jobId": "03465d38-c300-4c01-8f44-8cea5c43502b", "keyword": "khai trương bùng nổ", "step": "cooldown", "message": "Cooldown 2.5s (after capture)", "data": null, "seq": 7807}
{"ts": "2026-04-28T18:31:03.257849+00:00", "level": "INFO", "jobId": "03465d38-c300-4c01-8f44-8cea5c43502b", "keyword": "khai trương bùng nổ", "step": "capture", "message": "Capturing 48/70 (viewport)…", "data": null, "seq": 7808}
{"ts": "2026-04-28T18:31:15.851084+00:00", "level": "INFO", "jobId": "03465d38-c300-4c01-8f44-8cea5c43502b", "keyword": "khai trương bùng nổ", "step": "capture", "message": "Saved post_048.png", "data": null, "seq": 7809}
{"ts": "2026-04-28T18:31:15.852120+00:00", "level": "INFO", "jobId": "03465d38-c300-4c01-8f44-8cea5c43502b", "keyword": "khai trương bùng nổ", "step": "cooldown", "message": "Cooldown 2.4s (after capture)", "data": null, "seq": 7810}
{"ts": "2026-04-28T18:31:18.843896+00:00", "level": "INFO", "jobId": "03465d38-c300-4c01-8f44-8cea5c43502b", "keyword": "khai trương bùng nổ", "step": "capture", "message": "Capturing 49/70 (viewport)…", "data": null, "seq": 7811}
{"ts": "2026-04-28T18:31:31.758131+00:00", "level": "INFO", "jobId": "03465d38-c300-4c01-8f44-8cea5c43502b", "keyword": "khai trương bùng nổ", "step": "capture", "message": "Capturing 49/70 (viewport)…", "data": null, "seq": 7812}
{"ts": "2026-04-28T18:31:31.890691+00:00", "level": "INFO", "jobId": "03465d38-c300-4c01-8f44-8cea5c43502b", "keyword": "khai trương bùng nổ", "step": "capture", "message": "Expanded \"Xem thêm\" (exact-class): +1 (total 1)", "data": null, "seq": 7813}
{"ts": "2026-04-28T18:31:44.840325+00:00", "level": "INFO", "jobId": "03465d38-c300-4c01-8f44-8cea5c43502b", "keyword": "khai trương bùng nổ", "step": "capture", "message": "Saved post_049.png", "data": null, "seq": 7814}
{"ts": "2026-04-28T18:31:44.840325+00:00", "level": "INFO", "jobId": "03465d38-c300-4c01-8f44-8cea5c43502b", "keyword": "khai trương bùng nổ", "step": "cooldown", "message": "Cooldown 2.9s (after capture)", "data": null, "seq": 7815}
{"ts": "2026-04-28T18:31:48.316084+00:00", "level": "INFO", "jobId": "03465d38-c300-4c01-8f44-8cea5c43502b", "keyword": "khai trương bùng nổ", "step": "capture", "message": "Capturing 50/70 (viewport)…", "data": null, "seq": 7816}
{"ts": "2026-04-28T18:32:00.810628+00:00", "level": "INFO", "jobId": "03465d38-c300-4c01-8f44-8cea5c43502b", "keyword": "khai trương bùng nổ", "step": "capture", "message": "Saved post_050.png", "data": null, "seq": 7817}
{"ts": "2026-04-28T18:32:00.810628+00:00", "level": "INFO", "jobId": "03465d38-c300-4c01-8f44-8cea5c43502b", "keyword": "khai trương bùng nổ", "step": "cooldown", "message": "Cooldown 2.7s (after capture)", "data": null, "seq": 7818}
{"ts": "2026-04-28T18:32:04.085283+00:00", "level": "INFO", "jobId": "03465d38-c300-4c01-8f44-8cea5c43502b", "keyword": "khai trương bùng nổ", "step": "capture", "message": "Capturing 51/70 (viewport)…", "data": null, "seq": 7819}
{"ts": "2026-04-28T18:32:04.174137+00:00", "level": "INFO", "jobId": "03465d38-c300-4c01-8f44-8cea5c43502b", "keyword": "khai trương bùng nổ", "step": "capture", "message": "Expanded \"Xem thêm\" (exact-class): +1 (total 1)", "data": null, "seq": 7820}
{"ts": "2026-04-28T18:32:17.517188+00:00", "level": "INFO", "jobId": "03465d38-c300-4c01-8f44-8cea5c43502b", "keyword": "khai trương bùng nổ", "step": "capture", "message": "Saved post_051.png", "data": null, "seq": 7821}
{"ts": "2026-04-28T18:32:17.517188+00:00", "level": "INFO", "jobId": "03465d38-c300-4c01-8f44-8cea5c43502b", "keyword": "khai trương bùng nổ", "step": "cooldown", "message": "Cooldown 2.6s (after capture)", "data": null, "seq": 7822}
{"ts": "2026-04-28T18:32:20.787395+00:00", "level": "INFO", "jobId": "03465d38-c300-4c01-8f44-8cea5c43502b", "keyword": "khai trương bùng nổ", "step": "capture", "message": "Capturing 52/70 (viewport)…", "data": null, "seq": 7823}
{"ts": "2026-04-28T18:32:21.120940+00:00", "level": "INFO", "jobId": "03465d38-c300-4c01-8f44-8cea5c43502b", "keyword": "khai trương bùng nổ", "step": "capture", "message": "Expanded \"Xem thêm\" (exact-class): +2 (total 2)", "data": null, "seq": 7824}
{"ts": "2026-04-28T18:32:34.138757+00:00", "level": "INFO", "jobId": "03465d38-c300-4c01-8f44-8cea5c43502b", "keyword": "khai trương bùng nổ", "step": "capture", "message": "Saved post_052.png", "data": null, "seq": 7825}
{"ts": "2026-04-28T18:32:34.138757+00:00", "level": "INFO", "jobId": "03465d38-c300-4c01-8f44-8cea5c43502b", "keyword": "khai trương bùng nổ", "step": "cooldown", "message": "Cooldown 2.7s (after capture)", "data": null, "seq": 7826}
{"ts": "2026-04-28T18:32:37.452187+00:00", "level": "INFO", "jobId": "03465d38-c300-4c01-8f44-8cea5c43502b", "keyword": "khai trương bùng nổ", "step": "capture", "message": "Capturing 53/70 (viewport)…", "data": null, "seq": 7827}
{"ts": "2026-04-28T18:32:37.580810+00:00", "level": "INFO", "jobId": "03465d38-c300-4c01-8f44-8cea5c43502b", "keyword": "khai trương bùng nổ", "step": "capture", "message": "Expanded \"Xem thêm\" (exact-class): +1 (total 1)", "data": null, "seq": 7828}
{"ts": "2026-04-28T18:32:50.410639+00:00", "level": "INFO", "jobId": "03465d38-c300-4c01-8f44-8cea5c43502b", "keyword": "khai trương bùng nổ", "step": "capture", "message": "Saved post_053.png", "data": null, "seq": 7829}
{"ts": "2026-04-28T18:32:50.412136+00:00", "level": "INFO", "jobId": "03465d38-c300-4c01-8f44-8cea5c43502b", "keyword": "khai trương bùng nổ", "step": "cooldown", "message": "Cooldown 2.3s (after capture)", "data": null, "seq": 7830}
{"ts": "2026-04-28T18:32:53.310164+00:00", "level": "INFO", "jobId": "03465d38-c300-4c01-8f44-8cea5c43502b", "keyword": "khai trương bùng nổ", "step": "capture", "message": "Capturing 54/70 (viewport)…", "data": null, "seq": 7831}
{"ts": "2026-04-28T18:32:53.458683+00:00", "level": "INFO", "jobId": "03465d38-c300-4c01-8f44-8cea5c43502b", "keyword": "khai trương bùng nổ", "step": "capture", "message": "Expanded \"Xem thêm\" (exact-class): +1 (total 1)", "data": null, "seq": 7832}
{"ts": "2026-04-28T18:33:06.478368+00:00", "level": "INFO", "jobId": "03465d38-c300-4c01-8f44-8cea5c43502b", "keyword": "khai trương bùng nổ", "step": "capture", "message": "Saved post_054.png", "data": null, "seq": 7833}
{"ts": "2026-04-28T18:33:06.478368+00:00", "level": "INFO", "jobId": "03465d38-c300-4c01-8f44-8cea5c43502b", "keyword": "khai trương bùng nổ", "step": "cooldown", "message": "Cooldown 1.7s (after capture)", "data": null, "seq": 7834}
{"ts": "2026-04-28T18:33:08.774913+00:00", "level": "INFO", "jobId": "03465d38-c300-4c01-8f44-8cea5c43502b", "keyword": "khai trương bùng nổ", "step": "capture", "message": "Capturing 55/70 (viewport)…", "data": null, "seq": 7835}
{"ts": "2026-04-28T18:33:21.207470+00:00", "level": "INFO", "jobId": "03465d38-c300-4c01-8f44-8cea5c43502b", "keyword": "khai trương bùng nổ", "step": "capture", "message": "Saved post_055.png", "data": null, "seq": 7836}
{"ts": "2026-04-28T18:33:21.208470+00:00", "level": "INFO", "jobId": "03465d38-c300-4c01-8f44-8cea5c43502b", "keyword": "khai trương bùng nổ", "step": "cooldown", "message": "Cooldown 1.0s (after capture)", "data": null, "seq": 7837}
{"ts": "2026-04-28T18:33:22.833847+00:00", "level": "INFO", "jobId": "03465d38-c300-4c01-8f44-8cea5c43502b", "keyword": "khai trương bùng nổ", "step": "capture", "message": "Capturing 56/70 (viewport)…", "data": null, "seq": 7838}
{"ts": "2026-04-28T18:33:35.462791+00:00", "level": "INFO", "jobId": "03465d38-c300-4c01-8f44-8cea5c43502b", "keyword": "khai trương bùng nổ", "step": "capture", "message": "Saved post_056.png", "data": null, "seq": 7839}
{"ts": "2026-04-28T18:33:35.462791+00:00", "level": "INFO", "jobId": "03465d38-c300-4c01-8f44-8cea5c43502b", "keyword": "khai trương bùng nổ", "step": "cooldown", "message": "Cooldown 2.8s (after capture)", "data": null, "seq": 7840}
{"ts": "2026-04-28T18:33:38.946211+00:00", "level": "INFO", "jobId": "03465d38-c300-4c01-8f44-8cea5c43502b", "keyword": "khai trương bùng nổ", "step": "capture", "message": "Capturing 57/70 (viewport)…", "data": null, "seq": 7841}
{"ts": "2026-04-28T18:33:52.051457+00:00", "level": "INFO", "jobId": "03465d38-c300-4c01-8f44-8cea5c43502b", "keyword": "khai trương bùng nổ", "step": "capture", "message": "Capturing 57/70 (viewport)…", "data": null, "seq": 7842}
{"ts": "2026-04-28T18:33:52.192401+00:00", "level": "INFO", "jobId": "03465d38-c300-4c01-8f44-8cea5c43502b", "keyword": "khai trương bùng nổ", "step": "capture", "message": "Expanded \"Xem thêm\" (exact-class): +1 (total 1)", "data": null, "seq": 7843}
{"ts": "2026-04-28T18:34:05.384610+00:00", "level": "INFO", "jobId": "03465d38-c300-4c01-8f44-8cea5c43502b", "keyword": "khai trương bùng nổ", "step": "capture", "message": "Saved post_057.png", "data": null, "seq": 7844}
{"ts": "2026-04-28T18:34:05.385848+00:00", "level": "INFO", "jobId": "03465d38-c300-4c01-8f44-8cea5c43502b", "keyword": "khai trương bùng nổ", "step": "cooldown", "message": "Cooldown 1.7s (after capture)", "data": null, "seq": 7845}
{"ts": "2026-04-28T18:34:07.671003+00:00", "level": "INFO", "jobId": "03465d38-c300-4c01-8f44-8cea5c43502b", "keyword": "khai trương bùng nổ", "step": "capture", "message": "Capturing 58/70 (viewport)…", "data": null, "seq": 7846}
{"ts": "2026-04-28T18:34:20.480119+00:00", "level": "INFO", "jobId": "03465d38-c300-4c01-8f44-8cea5c43502b", "keyword": "khai trương bùng nổ", "step": "capture", "message": "Saved post_058.png", "data": null, "seq": 7847}
{"ts": "2026-04-28T18:34:20.480119+00:00", "level": "INFO", "jobId": "03465d38-c300-4c01-8f44-8cea5c43502b", "keyword": "khai trương bùng nổ", "step": "cooldown", "message": "Cooldown 2.5s (after capture)", "data": null, "seq": 7848}
{"ts": "2026-04-28T18:34:23.608899+00:00", "level": "INFO", "jobId": "03465d38-c300-4c01-8f44-8cea5c43502b", "keyword": "khai trương bùng nổ", "step": "capture", "message": "Capturing 59/70 (viewport)…", "data": null, "seq": 7849}
{"ts": "2026-04-28T18:34:23.755089+00:00", "level": "INFO", "jobId": "03465d38-c300-4c01-8f44-8cea5c43502b", "keyword": "khai trương bùng nổ", "step": "capture", "message": "Expanded \"Xem thêm\" (exact-class): +2 (total 2)", "data": null, "seq": 7850}
{"ts": "2026-04-28T18:34:36.639061+00:00", "level": "INFO", "jobId": "03465d38-c300-4c01-8f44-8cea5c43502b", "keyword": "khai trương bùng nổ", "step": "capture", "message": "Saved post_059.png", "data": null, "seq": 7851}
{"ts": "2026-04-28T18:34:36.639061+00:00", "level": "INFO", "jobId": "03465d38-c300-4c01-8f44-8cea5c43502b", "keyword": "khai trương bùng nổ", "step": "cooldown", "message": "Cooldown 3.0s (after capture)", "data": null, "seq": 7852}
{"ts": "2026-04-28T18:34:40.233746+00:00", "level": "ERROR", "jobId": "03465d38-c300-4c01-8f44-8cea5c43502b", "keyword": "khai trương bùng nổ", "step": "antiblock", "message": "Captcha/Verify text detected in page", "data": null, "seq": 7853}
