{"ts": "2026-04-29T00:42:46.183939+00:00", "level": "INFO", "jobId": "08786fa8-5b32-46e9-8dea-d45742d01b12", "keyword": "thời gian khai trương", "step": "start", "message": "Job started (attempt 1/2)", "data": null, "seq": 12569}
{"ts": "2026-04-29T00:42:48.623493+00:00", "level": "INFO", "jobId": "08786fa8-5b32-46e9-8dea-d45742d01b12", "keyword": "thời gian khai trương", "step": "login", "message": "Already logged in (profile session).", "data": null, "seq": 12570}
{"ts": "2026-04-29T00:42:48.855858+00:00", "level": "INFO", "jobId": "08786fa8-5b32-46e9-8dea-d45742d01b12", "keyword": "thời gian khai trương", "step": "search", "message": "Searching keyword: \"thời gian khai trương\"", "data": null, "seq": 12571}
{"ts": "2026-04-29T00:42:51.530607+00:00", "level": "INFO", "jobId": "08786fa8-5b32-46e9-8dea-d45742d01b12", "keyword": "thời gian khai trương", "step": "capture", "message": "Start capturing up to 70 posts.", "data": null, "seq": 12572}
{"ts": "2026-04-29T00:42:51.530607+00:00", "level": "INFO", "jobId": "08786fa8-5b32-46e9-8dea-d45742d01b12", "keyword": "thời gian khai trương", "step": "capture", "message": "Output folder: Lan 1 - 0742", "data": null, "seq": 12573}
{"ts": "2026-04-29T00:42:52.003650+00:00", "level": "INFO", "jobId": "08786fa8-5b32-46e9-8dea-d45742d01b12", "keyword": "thời gian khai trương", "step": "capture", "message": "Capturing 1/70 (viewport)…", "data": null, "seq": 12574}
{"ts": "2026-04-29T00:43:04.864765+00:00", "level": "INFO", "jobId": "08786fa8-5b32-46e9-8dea-d45742d01b12", "keyword": "thời gian khai trương", "step": "capture", "message": "Saved post_001.png", "data": null, "seq": 12575}
{"ts": "2026-04-29T00:43:04.864765+00:00", "level": "INFO", "jobId": "08786fa8-5b32-46e9-8dea-d45742d01b12", "keyword": "thời gian khai trương", "step": "cooldown", "message": "Cooldown 1.2s (after capture)", "data": null, "seq": 12576}
{"ts": "2026-04-29T00:43:06.591164+00:00", "level": "INFO", "jobId": "08786fa8-5b32-46e9-8dea-d45742d01b12", "keyword": "thời gian khai trương", "step": "capture", "message": "Capturing 2/70 (viewport)…", "data": null, "seq": 12577}
{"ts": "2026-04-29T00:43:06.666580+00:00", "level": "INFO", "jobId": "08786fa8-5b32-46e9-8dea-d45742d01b12", "keyword": "thời gian khai trương", "step": "capture", "message": "Expanded \"Xem thêm\" (exact-class): +2 (total 2)", "data": null, "seq": 12578}
{"ts": "2026-04-29T00:43:19.645992+00:00", "level": "INFO", "jobId": "08786fa8-5b32-46e9-8dea-d45742d01b12", "keyword": "thời gian khai trương", "step": "capture", "message": "Saved post_002.png", "data": null, "seq": 12579}
{"ts": "2026-04-29T00:43:19.645992+00:00", "level": "INFO", "jobId": "08786fa8-5b32-46e9-8dea-d45742d01b12", "keyword": "thời gian khai trương", "step": "cooldown", "message": "Cooldown 1.4s (after capture)", "data": null, "seq": 12580}
{"ts": "2026-04-29T00:43:21.529204+00:00", "level": "INFO", "jobId": "08786fa8-5b32-46e9-8dea-d45742d01b12", "keyword": "thời gian khai trương", "step": "capture", "message": "Capturing 3/70 (viewport)…", "data": null, "seq": 12581}
{"ts": "2026-04-29T00:43:21.591455+00:00", "level": "INFO", "jobId": "08786fa8-5b32-46e9-8dea-d45742d01b12", "keyword": "thời gian khai trương", "step": "capture", "message": "Expanded \"Xem thêm\" (exact-class): +1 (total 1)", "data": null, "seq": 12582}
{"ts": "2026-04-29T00:43:34.394440+00:00", "level": "INFO", "jobId": "08786fa8-5b32-46e9-8dea-d45742d01b12", "keyword": "thời gian khai trương", "step": "capture", "message": "Saved post_003.png", "data": null, "seq": 12583}
{"ts": "2026-04-29T00:43:34.394440+00:00", "level": "INFO", "jobId": "08786fa8-5b32-46e9-8dea-d45742d01b12", "keyword": "thời gian khai trương", "step": "cooldown", "message": "Cooldown 2.7s (after capture)", "data": null, "seq": 12584}
{"ts": "2026-04-29T00:43:37.619892+00:00", "level": "INFO", "jobId": "08786fa8-5b32-46e9-8dea-d45742d01b12", "keyword": "thời gian khai trương", "step": "capture", "message": "Capturing 4/70 (viewport)…", "data": null, "seq": 12585}
{"ts": "2026-04-29T00:43:37.727607+00:00", "level": "INFO", "jobId": "08786fa8-5b32-46e9-8dea-d45742d01b12", "keyword": "thời gian khai trương", "step": "capture", "message": "Expanded \"Xem thêm\" (exact-class): +1 (total 1)", "data": null, "seq": 12586}
{"ts": "2026-04-29T00:43:50.726285+00:00", "level": "INFO", "jobId": "08786fa8-5b32-46e9-8dea-d45742d01b12", "keyword": "thời gian khai trương", "step": "capture", "message": "Saved post_004.png", "data": null, "seq": 12587}
{"ts": "2026-04-29T00:43:50.726285+00:00", "level": "INFO", "jobId": "08786fa8-5b32-46e9-8dea-d45742d01b12", "keyword": "thời gian khai trương", "step": "cooldown", "message": "Cooldown 2.8s (after capture)", "data": null, "seq": 12588}
{"ts": "2026-04-29T00:43:54.003250+00:00", "level": "INFO", "jobId": "08786fa8-5b32-46e9-8dea-d45742d01b12", "keyword": "thời gian khai trương", "step": "capture", "message": "Capturing 5/70 (viewport)…", "data": null, "seq": 12589}
{"ts": "2026-04-29T00:43:54.058546+00:00", "level": "INFO", "jobId": "08786fa8-5b32-46e9-8dea-d45742d01b12", "keyword": "thời gian khai trương", "step": "capture", "message": "Expanded \"Xem thêm\" (exact-class): +1 (total 1)", "data": null, "seq": 12590}
{"ts": "2026-04-29T00:44:07.123643+00:00", "level": "INFO", "jobId": "08786fa8-5b32-46e9-8dea-d45742d01b12", "keyword": "thời gian khai trương", "step": "capture", "message": "Saved post_005.png", "data": null, "seq": 12591}
{"ts": "2026-04-29T00:44:07.123643+00:00", "level": "INFO", "jobId": "08786fa8-5b32-46e9-8dea-d45742d01b12", "keyword": "thời gian khai trương", "step": "cooldown", "message": "Cooldown 1.4s (after capture)", "data": null, "seq": 12592}
{"ts": "2026-04-29T00:44:09.092346+00:00", "level": "INFO", "jobId": "08786fa8-5b32-46e9-8dea-d45742d01b12", "keyword": "thời gian khai trương", "step": "capture", "message": "Capturing 6/70 (viewport)…", "data": null, "seq": 12593}
{"ts": "2026-04-29T00:44:09.216952+00:00", "level": "INFO", "jobId": "08786fa8-5b32-46e9-8dea-d45742d01b12", "keyword": "thời gian khai trương", "step": "capture", "message": "Expanded \"Xem thêm\" (exact-class): +2 (total 2)", "data": null, "seq": 12594}
{"ts": "2026-04-29T00:44:22.406319+00:00", "level": "INFO", "jobId": "08786fa8-5b32-46e9-8dea-d45742d01b12", "keyword": "thời gian khai trương", "step": "capture", "message": "Saved post_006.png", "data": null, "seq": 12595}
{"ts": "2026-04-29T00:44:22.406319+00:00", "level": "INFO", "jobId": "08786fa8-5b32-46e9-8dea-d45742d01b12", "keyword": "thời gian khai trương", "step": "cooldown", "message": "Cooldown 1.6s (after capture)", "data": null, "seq": 12596}
{"ts": "2026-04-29T00:44:24.505893+00:00", "level": "INFO", "jobId": "08786fa8-5b32-46e9-8dea-d45742d01b12", "keyword": "thời gian khai trương", "step": "capture", "message": "Capturing 7/70 (viewport)…", "data": null, "seq": 12597}
{"ts": "2026-04-29T00:44:24.600266+00:00", "level": "INFO", "jobId": "08786fa8-5b32-46e9-8dea-d45742d01b12", "keyword": "thời gian khai trương", "step": "capture", "message": "Expanded \"Xem thêm\" (exact-class): +1 (total 1)", "data": null, "seq": 12598}
{"ts": "2026-04-29T00:44:37.436205+00:00", "level": "INFO", "jobId": "08786fa8-5b32-46e9-8dea-d45742d01b12", "keyword": "thời gian khai trương", "step": "capture", "message": "Saved post_007.png", "data": null, "seq": 12599}
{"ts": "2026-04-29T00:44:37.436205+00:00", "level": "INFO", "jobId": "08786fa8-5b32-46e9-8dea-d45742d01b12", "keyword": "thời gian khai trương", "step": "cooldown", "message": "Cooldown 2.1s (after capture)", "data": null, "seq": 12600}
{"ts": "2026-04-29T00:44:40.076094+00:00", "level": "INFO", "jobId": "08786fa8-5b32-46e9-8dea-d45742d01b12", "keyword": "thời gian khai trương", "step": "capture", "message": "Capturing 8/70 (viewport)…", "data": null, "seq": 12601}
{"ts": "2026-04-29T00:44:52.637432+00:00", "level": "INFO", "jobId": "08786fa8-5b32-46e9-8dea-d45742d01b12", "keyword": "thời gian khai trương", "step": "capture", "message": "Saved post_008.png", "data": null, "seq": 12602}
{"ts": "2026-04-29T00:44:52.637432+00:00", "level": "INFO", "jobId": "08786fa8-5b32-46e9-8dea-d45742d01b12", "keyword": "thời gian khai trương", "step": "cooldown", "message": "Cooldown 1.7s (after capture)", "data": null, "seq": 12603}
{"ts": "2026-04-29T00:44:54.866362+00:00", "level": "INFO", "jobId": "08786fa8-5b32-46e9-8dea-d45742d01b12", "keyword": "thời gian khai trương", "step": "capture", "message": "Capturing 9/70 (viewport)…", "data": null, "seq": 12604}
{"ts": "2026-04-29T00:44:54.976576+00:00", "level": "INFO", "jobId": "08786fa8-5b32-46e9-8dea-d45742d01b12", "keyword": "thời gian khai trương", "step": "capture", "message": "Expanded \"Xem thêm\" (exact-class): +2 (total 2)", "data": null, "seq": 12605}
{"ts": "2026-04-29T00:45:07.941880+00:00", "level": "INFO", "jobId": "08786fa8-5b32-46e9-8dea-d45742d01b12", "keyword": "thời gian khai trương", "step": "capture", "message": "Saved post_009.png", "data": null, "seq": 12606}
{"ts": "2026-04-29T00:45:07.941880+00:00", "level": "INFO", "jobId": "08786fa8-5b32-46e9-8dea-d45742d01b12", "keyword": "thời gian khai trương", "step": "cooldown", "message": "Cooldown 2.3s (after capture)", "data": null, "seq": 12607}
{"ts": "2026-04-29T00:45:10.764132+00:00", "level": "INFO", "jobId": "08786fa8-5b32-46e9-8dea-d45742d01b12", "keyword": "thời gian khai trương", "step": "capture", "message": "Capturing 10/70 (viewport)…", "data": null, "seq": 12608}
{"ts": "2026-04-29T00:45:23.465705+00:00", "level": "INFO", "jobId": "08786fa8-5b32-46e9-8dea-d45742d01b12", "keyword": "thời gian khai trương", "step": "capture", "message": "Saved post_010.png", "data": null, "seq": 12609}
{"ts": "2026-04-29T00:45:23.465705+00:00", "level": "INFO", "jobId": "08786fa8-5b32-46e9-8dea-d45742d01b12", "keyword": "thời gian khai trương", "step": "cooldown", "message": "Cooldown 1.3s (after capture)", "data": null, "seq": 12610}
{"ts": "2026-04-29T00:45:25.364184+00:00", "level": "INFO", "jobId": "08786fa8-5b32-46e9-8dea-d45742d01b12", "keyword": "thời gian khai trương", "step": "capture", "message": "Capturing 11/70 (viewport)…", "data": null, "seq": 12611}
{"ts": "2026-04-29T00:45:25.459591+00:00", "level": "INFO", "jobId": "08786fa8-5b32-46e9-8dea-d45742d01b12", "keyword": "thời gian khai trương", "step": "capture", "message": "Expanded \"Xem thêm\" (exact-class): +2 (total 2)", "data": null, "seq": 12612}
{"ts": "2026-04-29T00:45:38.224793+00:00", "level": "INFO", "jobId": "08786fa8-5b32-46e9-8dea-d45742d01b12", "keyword": "thời gian khai trương", "step": "capture", "message": "Saved post_011.png", "data": null, "seq": 12613}
{"ts": "2026-04-29T00:45:38.225299+00:00", "level": "INFO", "jobId": "08786fa8-5b32-46e9-8dea-d45742d01b12", "keyword": "thời gian khai trương", "step": "cooldown", "message": "Cooldown 1.3s (after capture)", "data": null, "seq": 12614}
{"ts": "2026-04-29T00:45:40.113413+00:00", "level": "INFO", "jobId": "08786fa8-5b32-46e9-8dea-d45742d01b12", "keyword": "thời gian khai trương", "step": "capture", "message": "Capturing 12/70 (viewport)…", "data": null, "seq": 12615}
{"ts": "2026-04-29T00:45:52.928495+00:00", "level": "INFO", "jobId": "08786fa8-5b32-46e9-8dea-d45742d01b12", "keyword": "thời gian khai trương", "step": "capture", "message": "Saved post_012.png", "data": null, "seq": 12616}
{"ts": "2026-04-29T00:45:52.928495+00:00", "level": "INFO", "jobId": "08786fa8-5b32-46e9-8dea-d45742d01b12", "keyword": "thời gian khai trương", "step": "cooldown", "message": "Cooldown 2.9s (after capture)", "data": null, "seq": 12617}
{"ts": "2026-04-29T00:45:56.396808+00:00", "level": "INFO", "jobId": "08786fa8-5b32-46e9-8dea-d45742d01b12", "keyword": "thời gian khai trương", "step": "capture", "message": "Capturing 13/70 (viewport)…", "data": null, "seq": 12618}
{"ts": "2026-04-29T00:45:56.591147+00:00", "level": "INFO", "jobId": "08786fa8-5b32-46e9-8dea-d45742d01b12", "keyword": "thời gian khai trương", "step": "capture", "message": "Expanded \"Xem thêm\" (exact-class): +2 (total 2)", "data": null, "seq": 12619}
{"ts": "2026-04-29T00:46:09.453124+00:00", "level": "INFO", "jobId": "08786fa8-5b32-46e9-8dea-d45742d01b12", "keyword": "thời gian khai trương", "step": "capture", "message": "Saved post_013.png", "data": null, "seq": 12620}
{"ts": "2026-04-29T00:46:09.453124+00:00", "level": "INFO", "jobId": "08786fa8-5b32-46e9-8dea-d45742d01b12", "keyword": "thời gian khai trương", "step": "cooldown", "message": "Cooldown 2.7s (after capture)", "data": null, "seq": 12621}
{"ts": "2026-04-29T00:46:12.725363+00:00", "level": "INFO", "jobId": "08786fa8-5b32-46e9-8dea-d45742d01b12", "keyword": "thời gian khai trương", "step": "capture", "message": "Capturing 14/70 (viewport)…", "data": null, "seq": 12622}
{"ts": "2026-04-29T00:46:25.003949+00:00", "level": "INFO", "jobId": "08786fa8-5b32-46e9-8dea-d45742d01b12", "keyword": "thời gian khai trương", "step": "capture", "message": "Saved post_014.png", "data": null, "seq": 12623}
{"ts": "2026-04-29T00:46:25.005285+00:00", "level": "INFO", "jobId": "08786fa8-5b32-46e9-8dea-d45742d01b12", "keyword": "thời gian khai trương", "step": "cooldown", "message": "Cooldown 2.7s (after capture)", "data": null, "seq": 12624}
{"ts": "2026-04-29T00:46:28.292249+00:00", "level": "INFO", "jobId": "08786fa8-5b32-46e9-8dea-d45742d01b12", "keyword": "thời gian khai trương", "step": "capture", "message": "Capturing 15/70 (viewport)…", "data": null, "seq": 12625}
{"ts": "2026-04-29T00:46:28.367104+00:00", "level": "INFO", "jobId": "08786fa8-5b32-46e9-8dea-d45742d01b12", "keyword": "thời gian khai trương", "step": "capture", "message": "Expanded \"Xem thêm\" (exact-class): +2 (total 2)", "data": null, "seq": 12626}
{"ts": "2026-04-29T00:46:41.516391+00:00", "level": "INFO", "jobId": "08786fa8-5b32-46e9-8dea-d45742d01b12", "keyword": "thời gian khai trương", "step": "capture", "message": "Saved post_015.png", "data": null, "seq": 12627}
{"ts": "2026-04-29T00:46:41.517693+00:00", "level": "INFO", "jobId": "08786fa8-5b32-46e9-8dea-d45742d01b12", "keyword": "thời gian khai trương", "step": "cooldown", "message": "Cooldown 1.1s (after capture)", "data": null, "seq": 12628}
{"ts": "2026-04-29T00:46:43.188392+00:00", "level": "INFO", "jobId": "08786fa8-5b32-46e9-8dea-d45742d01b12", "keyword": "thời gian khai trương", "step": "capture", "message": "Capturing 16/70 (viewport)…", "data": null, "seq": 12629}
{"ts": "2026-04-29T00:46:55.818903+00:00", "level": "INFO", "jobId": "08786fa8-5b32-46e9-8dea-d45742d01b12", "keyword": "thời gian khai trương", "step": "capture", "message": "Saved post_016.png", "data": null, "seq": 12630}
{"ts": "2026-04-29T00:46:55.819917+00:00", "level": "INFO", "jobId": "08786fa8-5b32-46e9-8dea-d45742d01b12", "keyword": "thời gian khai trương", "step": "cooldown", "message": "Cooldown 1.8s (after capture)", "data": null, "seq": 12631}
{"ts": "2026-04-29T00:46:58.207850+00:00", "level": "INFO", "jobId": "08786fa8-5b32-46e9-8dea-d45742d01b12", "keyword": "thời gian khai trương", "step": "capture", "message": "Capturing 17/70 (viewport)…", "data": null, "seq": 12632}
{"ts": "2026-04-29T00:46:58.330421+00:00", "level": "INFO", "jobId": "08786fa8-5b32-46e9-8dea-d45742d01b12", "keyword": "thời gian khai trương", "step": "capture", "message": "Expanded \"Xem thêm\" (exact-class): +1 (total 1)", "data": null, "seq": 12633}
{"ts": "2026-04-29T00:47:11.300637+00:00", "level": "INFO", "jobId": "08786fa8-5b32-46e9-8dea-d45742d01b12", "keyword": "thời gian khai trương", "step": "capture", "message": "Saved post_017.png", "data": null, "seq": 12634}
{"ts": "2026-04-29T00:47:11.300637+00:00", "level": "INFO", "jobId": "08786fa8-5b32-46e9-8dea-d45742d01b12", "keyword": "thời gian khai trương", "step": "cooldown", "message": "Cooldown 2.7s (after capture)", "data": null, "seq": 12635}
{"ts": "2026-04-29T00:47:14.556255+00:00", "level": "INFO", "jobId": "08786fa8-5b32-46e9-8dea-d45742d01b12", "keyword": "thời gian khai trương", "step": "capture", "message": "Capturing 18/70 (viewport)…", "data": null, "seq": 12636}
{"ts": "2026-04-29T00:47:14.650308+00:00", "level": "INFO", "jobId": "08786fa8-5b32-46e9-8dea-d45742d01b12", "keyword": "thời gian khai trương", "step": "capture", "message": "Expanded \"Xem thêm\" (exact-class): +2 (total 2)", "data": null, "seq": 12637}
{"ts": "2026-04-29T00:47:27.522203+00:00", "level": "INFO", "jobId": "08786fa8-5b32-46e9-8dea-d45742d01b12", "keyword": "thời gian khai trương", "step": "capture", "message": "Saved post_018.png", "data": null, "seq": 12638}
{"ts": "2026-04-29T00:47:27.522203+00:00", "level": "INFO", "jobId": "08786fa8-5b32-46e9-8dea-d45742d01b12", "keyword": "thời gian khai trương", "step": "cooldown", "message": "Cooldown 2.0s (after capture)", "data": null, "seq": 12639}
{"ts": "2026-04-29T00:47:30.153102+00:00", "level": "INFO", "jobId": "08786fa8-5b32-46e9-8dea-d45742d01b12", "keyword": "thời gian khai trương", "step": "capture", "message": "Capturing 19/70 (viewport)…", "data": null, "seq": 12640}
{"ts": "2026-04-29T00:47:30.331059+00:00", "level": "INFO", "jobId": "08786fa8-5b32-46e9-8dea-d45742d01b12", "keyword": "thời gian khai trương", "step": "capture", "message": "Expanded \"Xem thêm\" (exact-class): +3 (total 3)", "data": null, "seq": 12641}
{"ts": "2026-04-29T00:47:43.158154+00:00", "level": "INFO", "jobId": "08786fa8-5b32-46e9-8dea-d45742d01b12", "keyword": "thời gian khai trương", "step": "capture", "message": "Saved post_019.png", "data": null, "seq": 12642}
{"ts": "2026-04-29T00:47:43.168725+00:00", "level": "INFO", "jobId": "08786fa8-5b32-46e9-8dea-d45742d01b12", "keyword": "thời gian khai trương", "step": "cooldown", "message": "Cooldown 1.5s (after capture)", "data": null, "seq": 12643}
{"ts": "2026-04-29T00:47:45.268726+00:00", "level": "INFO", "jobId": "08786fa8-5b32-46e9-8dea-d45742d01b12", "keyword": "thời gian khai trương", "step": "capture", "message": "Capturing 20/70 (viewport)…", "data": null, "seq": 12644}
{"ts": "2026-04-29T00:47:57.636539+00:00", "level": "INFO", "jobId": "08786fa8-5b32-46e9-8dea-d45742d01b12", "keyword": "thời gian khai trương", "step": "capture", "message": "Saved post_020.png", "data": null, "seq": 12645}
{"ts": "2026-04-29T00:47:57.637610+00:00", "level": "INFO", "jobId": "08786fa8-5b32-46e9-8dea-d45742d01b12", "keyword": "thời gian khai trương", "step": "cooldown", "message": "Cooldown 2.1s (after capture)", "data": null, "seq": 12646}
{"ts": "2026-04-29T00:48:00.444468+00:00", "level": "INFO", "jobId": "08786fa8-5b32-46e9-8dea-d45742d01b12", "keyword": "thời gian khai trương", "step": "capture", "message": "Capturing 21/70 (viewport)…", "data": null, "seq": 12647}
{"ts": "2026-04-29T00:48:13.045750+00:00", "level": "INFO", "jobId": "08786fa8-5b32-46e9-8dea-d45742d01b12", "keyword": "thời gian khai trương", "step": "capture", "message": "Saved post_021.png", "data": null, "seq": 12648}
{"ts": "2026-04-29T00:48:13.045750+00:00", "level": "INFO", "jobId": "08786fa8-5b32-46e9-8dea-d45742d01b12", "keyword": "thời gian khai trương", "step": "cooldown", "message": "Cooldown 2.6s (after capture)", "data": null, "seq": 12649}
{"ts": "2026-04-29T00:48:16.287967+00:00", "level": "INFO", "jobId": "08786fa8-5b32-46e9-8dea-d45742d01b12", "keyword": "thời gian khai trương", "step": "capture", "message": "Capturing 22/70 (viewport)…", "data": null, "seq": 12650}
{"ts": "2026-04-29T00:48:16.399667+00:00", "level": "INFO", "jobId": "08786fa8-5b32-46e9-8dea-d45742d01b12", "keyword": "thời gian khai trương", "step": "capture", "message": "Expanded \"Xem thêm\" (exact-class): +2 (total 2)", "data": null, "seq": 12651}
{"ts": "2026-04-29T00:48:29.484903+00:00", "level": "INFO", "jobId": "08786fa8-5b32-46e9-8dea-d45742d01b12", "keyword": "thời gian khai trương", "step": "capture", "message": "Saved post_022.png", "data": null, "seq": 12652}
{"ts": "2026-04-29T00:48:29.484903+00:00", "level": "INFO", "jobId": "08786fa8-5b32-46e9-8dea-d45742d01b12", "keyword": "thời gian khai trương", "step": "cooldown", "message": "Cooldown 2.4s (after capture)", "data": null, "seq": 12653}
{"ts": "2026-04-29T00:48:32.429128+00:00", "level": "INFO", "jobId": "08786fa8-5b32-46e9-8dea-d45742d01b12", "keyword": "thời gian khai trương", "step": "capture", "message": "Capturing 23/70 (viewport)…", "data": null, "seq": 12654}
{"ts": "2026-04-29T00:48:44.872658+00:00", "level": "INFO", "jobId": "08786fa8-5b32-46e9-8dea-d45742d01b12", "keyword": "thời gian khai trương", "step": "capture", "message": "Saved post_023.png", "data": null, "seq": 12655}
{"ts": "2026-04-29T00:48:44.872658+00:00", "level": "INFO", "jobId": "08786fa8-5b32-46e9-8dea-d45742d01b12", "keyword": "thời gian khai trương", "step": "cooldown", "message": "Cooldown 1.4s (after capture)", "data": null, "seq": 12656}
{"ts": "2026-04-29T00:48:46.917580+00:00", "level": "INFO", "jobId": "08786fa8-5b32-46e9-8dea-d45742d01b12", "keyword": "thời gian khai trương", "step": "capture", "message": "Capturing 24/70 (viewport)…", "data": null, "seq": 12657}
{"ts": "2026-04-29T00:48:47.009549+00:00", "level": "INFO", "jobId": "08786fa8-5b32-46e9-8dea-d45742d01b12", "keyword": "thời gian khai trương", "step": "capture", "message": "Expanded \"Xem thêm\" (exact-class): +1 (total 1)", "data": null, "seq": 12658}
{"ts": "2026-04-29T00:48:59.940375+00:00", "level": "INFO", "jobId": "08786fa8-5b32-46e9-8dea-d45742d01b12", "keyword": "thời gian khai trương", "step": "capture", "message": "Saved post_024.png", "data": null, "seq": 12659}
{"ts": "2026-04-29T00:48:59.940375+00:00", "level": "INFO", "jobId": "08786fa8-5b32-46e9-8dea-d45742d01b12", "keyword": "thời gian khai trương", "step": "cooldown", "message": "Cooldown 2.0s (after capture)", "data": null, "seq": 12660}
{"ts": "2026-04-29T00:49:02.501855+00:00", "level": "INFO", "jobId": "08786fa8-5b32-46e9-8dea-d45742d01b12", "keyword": "thời gian khai trương", "step": "capture", "message": "Capturing 25/70 (viewport)…", "data": null, "seq": 12661}
{"ts": "2026-04-29T00:49:02.781667+00:00", "level": "INFO", "jobId": "08786fa8-5b32-46e9-8dea-d45742d01b12", "keyword": "thời gian khai trương", "step": "capture", "message": "Expanded \"Xem thêm\" (exact-class): +2 (total 2)", "data": null, "seq": 12662}
{"ts": "2026-04-29T00:49:15.893601+00:00", "level": "INFO", "jobId": "08786fa8-5b32-46e9-8dea-d45742d01b12", "keyword": "thời gian khai trương", "step": "capture", "message": "Saved post_025.png", "data": null, "seq": 12663}
{"ts": "2026-04-29T00:49:15.893601+00:00", "level": "INFO", "jobId": "08786fa8-5b32-46e9-8dea-d45742d01b12", "keyword": "thời gian khai trương", "step": "cooldown", "message": "Cooldown 2.3s (after capture)", "data": null, "seq": 12664}
{"ts": "2026-04-29T00:49:18.751869+00:00", "level": "INFO", "jobId": "08786fa8-5b32-46e9-8dea-d45742d01b12", "keyword": "thời gian khai trương", "step": "capture", "message": "Capturing 26/70 (viewport)…", "data": null, "seq": 12665}
{"ts": "2026-04-29T00:49:18.850100+00:00", "level": "INFO", "jobId": "08786fa8-5b32-46e9-8dea-d45742d01b12", "keyword": "thời gian khai trương", "step": "capture", "message": "Expanded \"Xem thêm\" (exact-class): +1 (total 1)", "data": null, "seq": 12666}
{"ts": "2026-04-29T00:49:31.823381+00:00", "level": "INFO", "jobId": "08786fa8-5b32-46e9-8dea-d45742d01b12", "keyword": "thời gian khai trương", "step": "capture", "message": "Saved post_026.png", "data": null, "seq": 12667}
{"ts": "2026-04-29T00:49:31.824484+00:00", "level": "INFO", "jobId": "08786fa8-5b32-46e9-8dea-d45742d01b12", "keyword": "thời gian khai trương", "step": "cooldown", "message": "Cooldown 1.2s (after capture)", "data": null, "seq": 12668}
{"ts": "2026-04-29T00:49:33.583318+00:00", "level": "INFO", "jobId": "08786fa8-5b32-46e9-8dea-d45742d01b12", "keyword": "thời gian khai trương", "step": "capture", "message": "Capturing 27/70 (viewport)…", "data": null, "seq": 12669}
{"ts": "2026-04-29T00:49:33.700657+00:00", "level": "INFO", "jobId": "08786fa8-5b32-46e9-8dea-d45742d01b12", "keyword": "thời gian khai trương", "step": "capture", "message": "Expanded \"Xem thêm\" (exact-class): +1 (total 1)", "data": null, "seq": 12670}
{"ts": "2026-04-29T00:49:46.748257+00:00", "level": "INFO", "jobId": "08786fa8-5b32-46e9-8dea-d45742d01b12", "keyword": "thời gian khai trương", "step": "capture", "message": "Saved post_027.png", "data": null, "seq": 12671}
{"ts": "2026-04-29T00:49:46.748257+00:00", "level": "INFO", "jobId": "08786fa8-5b32-46e9-8dea-d45742d01b12", "keyword": "thời gian khai trương", "step": "cooldown", "message": "Cooldown 2.9s (after capture)", "data": null, "seq": 12672}
{"ts": "2026-04-29T00:49:50.233740+00:00", "level": "INFO", "jobId": "08786fa8-5b32-46e9-8dea-d45742d01b12", "keyword": "thời gian khai trương", "step": "capture", "message": "Capturing 28/70 (viewport)…", "data": null, "seq": 12673}
{"ts": "2026-04-29T00:49:50.372136+00:00", "level": "INFO", "jobId": "08786fa8-5b32-46e9-8dea-d45742d01b12", "keyword": "thời gian khai trương", "step": "capture", "message": "Expanded \"Xem thêm\" (exact-class): +1 (total 1)", "data": null, "seq": 12674}
{"ts": "2026-04-29T00:50:03.407407+00:00", "level": "INFO", "jobId": "08786fa8-5b32-46e9-8dea-d45742d01b12", "keyword": "thời gian khai trương", "step": "capture", "message": "Saved post_028.png", "data": null, "seq": 12675}
{"ts": "2026-04-29T00:50:03.407407+00:00", "level": "INFO", "jobId": "08786fa8-5b32-46e9-8dea-d45742d01b12", "keyword": "thời gian khai trương", "step": "cooldown", "message": "Cooldown 1.8s (after capture)", "data": null, "seq": 12676}
{"ts": "2026-04-29T00:50:05.822292+00:00", "level": "INFO", "jobId": "08786fa8-5b32-46e9-8dea-d45742d01b12", "keyword": "thời gian khai trương", "step": "capture", "message": "Capturing 29/70 (viewport)…", "data": null, "seq": 12677}
{"ts": "2026-04-29T00:50:18.751586+00:00", "level": "INFO", "jobId": "08786fa8-5b32-46e9-8dea-d45742d01b12", "keyword": "thời gian khai trương", "step": "capture", "message": "Saved post_029.png", "data": null, "seq": 12678}
{"ts": "2026-04-29T00:50:18.751586+00:00", "level": "INFO", "jobId": "08786fa8-5b32-46e9-8dea-d45742d01b12", "keyword": "thời gian khai trương", "step": "cooldown", "message": "Cooldown 1.4s (after capture)", "data": null, "seq": 12679}
{"ts": "2026-04-29T00:50:20.754351+00:00", "level": "INFO", "jobId": "08786fa8-5b32-46e9-8dea-d45742d01b12", "keyword": "thời gian khai trương", "step": "capture", "message": "Capturing 30/70 (viewport)…", "data": null, "seq": 12680}
{"ts": "2026-04-29T00:50:20.995958+00:00", "level": "INFO", "jobId": "08786fa8-5b32-46e9-8dea-d45742d01b12", "keyword": "thời gian khai trương", "step": "capture", "message": "Expanded \"Xem thêm\" (exact-class): +3 (total 3)", "data": null, "seq": 12681}
{"ts": "2026-04-29T00:50:33.764879+00:00", "level": "INFO", "jobId": "08786fa8-5b32-46e9-8dea-d45742d01b12", "keyword": "thời gian khai trương", "step": "capture", "message": "Saved post_030.png", "data": null, "seq": 12682}
{"ts": "2026-04-29T00:50:33.764879+00:00", "level": "INFO", "jobId": "08786fa8-5b32-46e9-8dea-d45742d01b12", "keyword": "thời gian khai trương", "step": "cooldown", "message": "Cooldown 2.0s (after capture)", "data": null, "seq": 12683}
{"ts": "2026-04-29T00:50:36.358081+00:00", "level": "INFO", "jobId": "08786fa8-5b32-46e9-8dea-d45742d01b12", "keyword": "thời gian khai trương", "step": "capture", "message": "Capturing 31/70 (viewport)…", "data": null, "seq": 12684}
{"ts": "2026-04-29T00:50:48.984075+00:00", "level": "INFO", "jobId": "08786fa8-5b32-46e9-8dea-d45742d01b12", "keyword": "thời gian khai trương", "step": "capture", "message": "Saved post_031.png", "data": null, "seq": 12685}
{"ts": "2026-04-29T00:50:48.984075+00:00", "level": "INFO", "jobId": "08786fa8-5b32-46e9-8dea-d45742d01b12", "keyword": "thời gian khai trương", "step": "cooldown", "message": "Cooldown 1.5s (after capture)", "data": null, "seq": 12686}
{"ts": "2026-04-29T00:50:51.088860+00:00", "level": "INFO", "jobId": "08786fa8-5b32-46e9-8dea-d45742d01b12", "keyword": "thời gian khai trương", "step": "capture", "message": "Capturing 32/70 (viewport)…", "data": null, "seq": 12687}
{"ts": "2026-04-29T00:50:51.253900+00:00", "level": "INFO", "jobId": "08786fa8-5b32-46e9-8dea-d45742d01b12", "keyword": "thời gian khai trương", "step": "capture", "message": "Expanded \"Xem thêm\" (exact-class): +2 (total 2)", "data": null, "seq": 12688}
{"ts": "2026-04-29T00:51:04.311518+00:00", "level": "INFO", "jobId": "08786fa8-5b32-46e9-8dea-d45742d01b12", "keyword": "thời gian khai trương", "step": "capture", "message": "Saved post_032.png", "data": null, "seq": 12689}
{"ts": "2026-04-29T00:51:04.311518+00:00", "level": "INFO", "jobId": "08786fa8-5b32-46e9-8dea-d45742d01b12", "keyword": "thời gian khai trương", "step": "cooldown", "message": "Cooldown 2.1s (after capture)", "data": null, "seq": 12690}
{"ts": "2026-04-29T00:51:07.019941+00:00", "level": "INFO", "jobId": "08786fa8-5b32-46e9-8dea-d45742d01b12", "keyword": "thời gian khai trương", "step": "capture", "message": "Capturing 33/70 (viewport)…", "data": null, "seq": 12691}
{"ts": "2026-04-29T00:51:19.592090+00:00", "level": "INFO", "jobId": "08786fa8-5b32-46e9-8dea-d45742d01b12", "keyword": "thời gian khai trương", "step": "capture", "message": "Saved post_033.png", "data": null, "seq": 12692}
{"ts": "2026-04-29T00:51:19.592090+00:00", "level": "INFO", "jobId": "08786fa8-5b32-46e9-8dea-d45742d01b12", "keyword": "thời gian khai trương", "step": "cooldown", "message": "Cooldown 1.2s (after capture)", "data": null, "seq": 12693}
{"ts": "2026-04-29T00:51:21.374844+00:00", "level": "INFO", "jobId": "08786fa8-5b32-46e9-8dea-d45742d01b12", "keyword": "thời gian khai trương", "step": "capture", "message": "Capturing 34/70 (viewport)…", "data": null, "seq": 12694}
{"ts": "2026-04-29T00:51:21.504037+00:00", "level": "INFO", "jobId": "08786fa8-5b32-46e9-8dea-d45742d01b12", "keyword": "thời gian khai trương", "step": "capture", "message": "Expanded \"Xem thêm\" (exact-class): +1 (total 1)", "data": null, "seq": 12695}
{"ts": "2026-04-29T00:51:34.670109+00:00", "level": "INFO", "jobId": "08786fa8-5b32-46e9-8dea-d45742d01b12", "keyword": "thời gian khai trương", "step": "capture", "message": "Saved post_034.png", "data": null, "seq": 12696}
{"ts": "2026-04-29T00:51:34.671121+00:00", "level": "INFO", "jobId": "08786fa8-5b32-46e9-8dea-d45742d01b12", "keyword": "thời gian khai trương", "step": "cooldown", "message": "Cooldown 2.6s (after capture)", "data": null, "seq": 12697}
{"ts": "2026-04-29T00:51:37.874603+00:00", "level": "INFO", "jobId": "08786fa8-5b32-46e9-8dea-d45742d01b12", "keyword": "thời gian khai trương", "step": "capture", "message": "Capturing 35/70 (viewport)…", "data": null, "seq": 12698}
{"ts": "2026-04-29T00:51:37.974763+00:00", "level": "INFO", "jobId": "08786fa8-5b32-46e9-8dea-d45742d01b12", "keyword": "thời gian khai trương", "step": "capture", "message": "Expanded \"Xem thêm\" (exact-class): +1 (total 1)", "data": null, "seq": 12699}
{"ts": "2026-04-29T00:51:51.186062+00:00", "level": "INFO", "jobId": "08786fa8-5b32-46e9-8dea-d45742d01b12", "keyword": "thời gian khai trương", "step": "capture", "message": "Saved post_035.png", "data": null, "seq": 12700}
{"ts": "2026-04-29T00:51:51.186062+00:00", "level": "INFO", "jobId": "08786fa8-5b32-46e9-8dea-d45742d01b12", "keyword": "thời gian khai trương", "step": "cooldown", "message": "Cooldown 2.7s (after capture)", "data": null, "seq": 12701}
{"ts": "2026-04-29T00:51:54.498923+00:00", "level": "INFO", "jobId": "08786fa8-5b32-46e9-8dea-d45742d01b12", "keyword": "thời gian khai trương", "step": "capture", "message": "Capturing 36/70 (viewport)…", "data": null, "seq": 12702}
{"ts": "2026-04-29T00:51:54.622641+00:00", "level": "INFO", "jobId": "08786fa8-5b32-46e9-8dea-d45742d01b12", "keyword": "thời gian khai trương", "step": "capture", "message": "Expanded \"Xem thêm\" (exact-class): +1 (total 1)", "data": null, "seq": 12703}
{"ts": "2026-04-29T00:52:07.662476+00:00", "level": "INFO", "jobId": "08786fa8-5b32-46e9-8dea-d45742d01b12", "keyword": "thời gian khai trương", "step": "capture", "message": "Saved post_036.png", "data": null, "seq": 12704}
{"ts": "2026-04-29T00:52:07.662476+00:00", "level": "INFO", "jobId": "08786fa8-5b32-46e9-8dea-d45742d01b12", "keyword": "thời gian khai trương", "step": "cooldown", "message": "Cooldown 1.7s (after capture)", "data": null, "seq": 12705}
{"ts": "2026-04-29T00:52:10.031965+00:00", "level": "INFO", "jobId": "08786fa8-5b32-46e9-8dea-d45742d01b12", "keyword": "thời gian khai trương", "step": "capture", "message": "Capturing 37/70 (viewport)…", "data": null, "seq": 12706}
{"ts": "2026-04-29T00:52:10.155566+00:00", "level": "INFO", "jobId": "08786fa8-5b32-46e9-8dea-d45742d01b12", "keyword": "thời gian khai trương", "step": "capture", "message": "Expanded \"Xem thêm\" (exact-class): +1 (total 1)", "data": null, "seq": 12707}
{"ts": "2026-04-29T00:52:23.331581+00:00", "level": "INFO", "jobId": "08786fa8-5b32-46e9-8dea-d45742d01b12", "keyword": "thời gian khai trương", "step": "capture", "message": "Saved post_037.png", "data": null, "seq": 12708}
{"ts": "2026-04-29T00:52:23.333587+00:00", "level": "INFO", "jobId": "08786fa8-5b32-46e9-8dea-d45742d01b12", "keyword": "thời gian khai trương", "step": "cooldown", "message": "Cooldown 1.0s (after capture)", "data": null, "seq": 12709}
{"ts": "2026-04-29T00:52:25.001206+00:00", "level": "INFO", "jobId": "08786fa8-5b32-46e9-8dea-d45742d01b12", "keyword": "thời gian khai trương", "step": "capture", "message": "Capturing 38/70 (viewport)…", "data": null, "seq": 12710}
{"ts": "2026-04-29T00:52:25.113001+00:00", "level": "INFO", "jobId": "08786fa8-5b32-46e9-8dea-d45742d01b12", "keyword": "thời gian khai trương", "step": "capture", "message": "Expanded \"Xem thêm\" (exact-class): +1 (total 1)", "data": null, "seq": 12711}
{"ts": "2026-04-29T00:52:38.085254+00:00", "level": "INFO", "jobId": "08786fa8-5b32-46e9-8dea-d45742d01b12", "keyword": "thời gian khai trương", "step": "capture", "message": "Saved post_038.png", "data": null, "seq": 12712}
{"ts": "2026-04-29T00:52:38.085254+00:00", "level": "INFO", "jobId": "08786fa8-5b32-46e9-8dea-d45742d01b12", "keyword": "thời gian khai trương", "step": "cooldown", "message": "Cooldown 2.4s (after capture)", "data": null, "seq": 12713}
{"ts": "2026-04-29T00:52:41.100094+00:00", "level": "INFO", "jobId": "08786fa8-5b32-46e9-8dea-d45742d01b12", "keyword": "thời gian khai trương", "step": "capture", "message": "Capturing 39/70 (viewport)…", "data": null, "seq": 12714}
{"ts": "2026-04-29T00:52:41.207117+00:00", "level": "INFO", "jobId": "08786fa8-5b32-46e9-8dea-d45742d01b12", "keyword": "thời gian khai trương", "step": "capture", "message": "Expanded \"Xem thêm\" (exact-class): +1 (total 1)", "data": null, "seq": 12715}
{"ts": "2026-04-29T00:52:54.281626+00:00", "level": "INFO", "jobId": "08786fa8-5b32-46e9-8dea-d45742d01b12", "keyword": "thời gian khai trương", "step": "capture", "message": "Saved post_039.png", "data": null, "seq": 12716}
{"ts": "2026-04-29T00:52:54.281626+00:00", "level": "INFO", "jobId": "08786fa8-5b32-46e9-8dea-d45742d01b12", "keyword": "thời gian khai trương", "step": "cooldown", "message": "Cooldown 1.7s (after capture)", "data": null, "seq": 12717}
{"ts": "2026-04-29T00:52:56.566504+00:00", "level": "INFO", "jobId": "08786fa8-5b32-46e9-8dea-d45742d01b12", "keyword": "thời gian khai trương", "step": "capture", "message": "Capturing 40/70 (viewport)…", "data": null, "seq": 12718}
{"ts": "2026-04-29T00:52:56.714375+00:00", "level": "INFO", "jobId": "08786fa8-5b32-46e9-8dea-d45742d01b12", "keyword": "thời gian khai trương", "step": "capture", "message": "Expanded \"Xem thêm\" (exact-class): +1 (total 1)", "data": null, "seq": 12719}
{"ts": "2026-04-29T00:53:09.705677+00:00", "level": "INFO", "jobId": "08786fa8-5b32-46e9-8dea-d45742d01b12", "keyword": "thời gian khai trương", "step": "capture", "message": "Saved post_040.png", "data": null, "seq": 12720}
{"ts": "2026-04-29T00:53:09.705677+00:00", "level": "INFO", "jobId": "08786fa8-5b32-46e9-8dea-d45742d01b12", "keyword": "thời gian khai trương", "step": "cooldown", "message": "Cooldown 1.7s (after capture)", "data": null, "seq": 12721}
{"ts": "2026-04-29T00:53:12.022898+00:00", "level": "INFO", "jobId": "08786fa8-5b32-46e9-8dea-d45742d01b12", "keyword": "thời gian khai trương", "step": "capture", "message": "Capturing 41/70 (viewport)…", "data": null, "seq": 12722}
{"ts": "2026-04-29T00:53:12.117095+00:00", "level": "INFO", "jobId": "08786fa8-5b32-46e9-8dea-d45742d01b12", "keyword": "thời gian khai trương", "step": "capture", "message": "Expanded \"Xem thêm\" (exact-class): +1 (total 1)", "data": null, "seq": 12723}
{"ts": "2026-04-29T00:53:25.237904+00:00", "level": "INFO", "jobId": "08786fa8-5b32-46e9-8dea-d45742d01b12", "keyword": "thời gian khai trương", "step": "capture", "message": "Saved post_041.png", "data": null, "seq": 12724}
{"ts": "2026-04-29T00:53:25.237904+00:00", "level": "INFO", "jobId": "08786fa8-5b32-46e9-8dea-d45742d01b12", "keyword": "thời gian khai trương", "step": "cooldown", "message": "Cooldown 2.9s (after capture)", "data": null, "seq": 12725}
{"ts": "2026-04-29T00:53:28.831190+00:00", "level": "INFO", "jobId": "08786fa8-5b32-46e9-8dea-d45742d01b12", "keyword": "thời gian khai trương", "step": "capture", "message": "Capturing 42/70 (viewport)…", "data": null, "seq": 12726}
{"ts": "2026-04-29T00:53:41.459535+00:00", "level": "INFO", "jobId": "08786fa8-5b32-46e9-8dea-d45742d01b12", "keyword": "thời gian khai trương", "step": "capture", "message": "Saved post_042.png", "data": null, "seq": 12727}
{"ts": "2026-04-29T00:53:41.459535+00:00", "level": "INFO", "jobId": "08786fa8-5b32-46e9-8dea-d45742d01b12", "keyword": "thời gian khai trương", "step": "cooldown", "message": "Cooldown 2.9s (after capture)", "data": null, "seq": 12728}
{"ts": "2026-04-29T00:53:55.295564+00:00", "level": "INFO", "jobId": "08786fa8-5b32-46e9-8dea-d45742d01b12", "keyword": "thời gian khai trương", "step": "capture", "message": "Scroll did not move. diag={'y': 67093, 'docTop': 67093, 'docH': 68896, 'primaryTop': 0, 'primaryCH': 0, 'primarySH': 0, 'innerScrollables': 0, 'htmlOverflow': 'scroll', 'bodyOverflow': 'auto', 'articles': 0}", "data": null, "seq": 12729}
{"ts": "2026-04-29T00:53:55.325894+00:00", "level": "INFO", "jobId": "08786fa8-5b32-46e9-8dea-d45742d01b12", "keyword": "thời gian khai trương", "step": "capture", "message": "Capturing 43/70 (viewport)…", "data": null, "seq": 12730}
{"ts": "2026-04-29T00:54:07.884331+00:00", "level": "INFO", "jobId": "08786fa8-5b32-46e9-8dea-d45742d01b12", "keyword": "thời gian khai trương", "step": "capture", "message": "At bottom; waiting for more results… (stall 1)", "data": null, "seq": 12731}
{"ts": "2026-04-29T00:54:22.861894+00:00", "level": "INFO", "jobId": "08786fa8-5b32-46e9-8dea-d45742d01b12", "keyword": "thời gian khai trương", "step": "capture", "message": "Capturing 43/70 (viewport)…", "data": null, "seq": 12732}
{"ts": "2026-04-29T00:54:35.412008+00:00", "level": "INFO", "jobId": "08786fa8-5b32-46e9-8dea-d45742d01b12", "keyword": "thời gian khai trương", "step": "capture", "message": "At bottom; waiting for more results… (stall 2)", "data": null, "seq": 12733}
{"ts": "2026-04-29T00:54:50.323162+00:00", "level": "INFO", "jobId": "08786fa8-5b32-46e9-8dea-d45742d01b12", "keyword": "thời gian khai trương", "step": "capture", "message": "Capturing 43/70 (viewport)…", "data": null, "seq": 12734}
{"ts": "2026-04-29T00:55:02.823777+00:00", "level": "INFO", "jobId": "08786fa8-5b32-46e9-8dea-d45742d01b12", "keyword": "thời gian khai trương", "step": "capture", "message": "At bottom; waiting for more results… (stall 3)", "data": null, "seq": 12735}
{"ts": "2026-04-29T00:55:17.682843+00:00", "level": "INFO", "jobId": "08786fa8-5b32-46e9-8dea-d45742d01b12", "keyword": "thời gian khai trương", "step": "capture", "message": "Capturing 43/70 (viewport)…", "data": null, "seq": 12736}
{"ts": "2026-04-29T00:55:30.300364+00:00", "level": "INFO", "jobId": "08786fa8-5b32-46e9-8dea-d45742d01b12", "keyword": "thời gian khai trương", "step": "capture", "message": "At bottom; waiting for more results… (stall 4)", "data": null, "seq": 12737}
{"ts": "2026-04-29T00:55:45.229595+00:00", "level": "INFO", "jobId": "08786fa8-5b32-46e9-8dea-d45742d01b12", "keyword": "thời gian khai trương", "step": "capture", "message": "No progress for too long. Reloading to recover…", "data": null, "seq": 12738}
{"ts": "2026-04-29T00:55:47.235128+00:00", "level": "INFO", "jobId": "08786fa8-5b32-46e9-8dea-d45742d01b12", "keyword": "thời gian khai trương", "step": "capture", "message": "Capturing 43/70 (viewport)…", "data": null, "seq": 12739}
{"ts": "2026-04-29T00:55:59.900690+00:00", "level": "INFO", "jobId": "08786fa8-5b32-46e9-8dea-d45742d01b12", "keyword": "thời gian khai trương", "step": "capture", "message": "Saved post_043.png", "data": null, "seq": 12740}
{"ts": "2026-04-29T00:55:59.900690+00:00", "level": "INFO", "jobId": "08786fa8-5b32-46e9-8dea-d45742d01b12", "keyword": "thời gian khai trương", "step": "cooldown", "message": "Cooldown 2.2s (after capture)", "data": null, "seq": 12741}
{"ts": "2026-04-29T00:56:02.606759+00:00", "level": "INFO", "jobId": "08786fa8-5b32-46e9-8dea-d45742d01b12", "keyword": "thời gian khai trương", "step": "capture", "message": "Capturing 44/70 (viewport)…", "data": null, "seq": 12742}
{"ts": "2026-04-29T00:56:02.703663+00:00", "level": "INFO", "jobId": "08786fa8-5b32-46e9-8dea-d45742d01b12", "keyword": "thời gian khai trương", "step": "capture", "message": "Expanded \"Xem thêm\" (exact-class): +2 (total 2)", "data": null, "seq": 12743}
{"ts": "2026-04-29T00:56:15.549417+00:00", "level": "INFO", "jobId": "08786fa8-5b32-46e9-8dea-d45742d01b12", "keyword": "thời gian khai trương", "step": "capture", "message": "Saved post_044.png", "data": null, "seq": 12744}
{"ts": "2026-04-29T00:56:15.550863+00:00", "level": "INFO", "jobId": "08786fa8-5b32-46e9-8dea-d45742d01b12", "keyword": "thời gian khai trương", "step": "cooldown", "message": "Cooldown 1.5s (after capture)", "data": null, "seq": 12745}
{"ts": "2026-04-29T00:56:17.569654+00:00", "level": "INFO", "jobId": "08786fa8-5b32-46e9-8dea-d45742d01b12", "keyword": "thời gian khai trương", "step": "capture", "message": "Capturing 45/70 (viewport)…", "data": null, "seq": 12746}
{"ts": "2026-04-29T00:56:17.663743+00:00", "level": "INFO", "jobId": "08786fa8-5b32-46e9-8dea-d45742d01b12", "keyword": "thời gian khai trương", "step": "capture", "message": "Expanded \"Xem thêm\" (exact-class): +1 (total 1)", "data": null, "seq": 12747}
{"ts": "2026-04-29T00:56:30.584905+00:00", "level": "INFO", "jobId": "08786fa8-5b32-46e9-8dea-d45742d01b12", "keyword": "thời gian khai trương", "step": "capture", "message": "Saved post_045.png", "data": null, "seq": 12748}
{"ts": "2026-04-29T00:56:30.586152+00:00", "level": "INFO", "jobId": "08786fa8-5b32-46e9-8dea-d45742d01b12", "keyword": "thời gian khai trương", "step": "cooldown", "message": "Cooldown 2.7s (after capture)", "data": null, "seq": 12749}
{"ts": "2026-04-29T00:56:33.823128+00:00", "level": "INFO", "jobId": "08786fa8-5b32-46e9-8dea-d45742d01b12", "keyword": "thời gian khai trương", "step": "capture", "message": "Capturing 46/70 (viewport)…", "data": null, "seq": 12750}
{"ts": "2026-04-29T00:56:46.536157+00:00", "level": "INFO", "jobId": "08786fa8-5b32-46e9-8dea-d45742d01b12", "keyword": "thời gian khai trương", "step": "capture", "message": "Saved post_046.png", "data": null, "seq": 12751}
{"ts": "2026-04-29T00:56:46.536157+00:00", "level": "INFO", "jobId": "08786fa8-5b32-46e9-8dea-d45742d01b12", "keyword": "thời gian khai trương", "step": "cooldown", "message": "Cooldown 1.0s (after capture)", "data": null, "seq": 12752}
{"ts": "2026-04-29T00:56:48.143113+00:00", "level": "INFO", "jobId": "08786fa8-5b32-46e9-8dea-d45742d01b12", "keyword": "thời gian khai trương", "step": "capture", "message": "Capturing 47/70 (viewport)…", "data": null, "seq": 12753}
{"ts": "2026-04-29T00:56:48.229001+00:00", "level": "INFO", "jobId": "08786fa8-5b32-46e9-8dea-d45742d01b12", "keyword": "thời gian khai trương", "step": "capture", "message": "Expanded \"Xem thêm\" (exact-class): +2 (total 2)", "data": null, "seq": 12754}
{"ts": "2026-04-29T00:57:01.171057+00:00", "level": "INFO", "jobId": "08786fa8-5b32-46e9-8dea-d45742d01b12", "keyword": "thời gian khai trương", "step": "capture", "message": "Saved post_047.png", "data": null, "seq": 12755}
{"ts": "2026-04-29T00:57:01.171057+00:00", "level": "INFO", "jobId": "08786fa8-5b32-46e9-8dea-d45742d01b12", "keyword": "thời gian khai trương", "step": "cooldown", "message": "Cooldown 1.2s (after capture)", "data": null, "seq": 12756}
{"ts": "2026-04-29T00:57:02.926909+00:00", "level": "INFO", "jobId": "08786fa8-5b32-46e9-8dea-d45742d01b12", "keyword": "thời gian khai trương", "step": "capture", "message": "Capturing 48/70 (viewport)…", "data": null, "seq": 12757}
{"ts": "2026-04-29T00:57:15.537796+00:00", "level": "INFO", "jobId": "08786fa8-5b32-46e9-8dea-d45742d01b12", "keyword": "thời gian khai trương", "step": "capture", "message": "Saved post_048.png", "data": null, "seq": 12758}
{"ts": "2026-04-29T00:57:15.537796+00:00", "level": "INFO", "jobId": "08786fa8-5b32-46e9-8dea-d45742d01b12", "keyword": "thời gian khai trương", "step": "cooldown", "message": "Cooldown 2.0s (after capture)", "data": null, "seq": 12759}
{"ts": "2026-04-29T00:57:18.090938+00:00", "level": "INFO", "jobId": "08786fa8-5b32-46e9-8dea-d45742d01b12", "keyword": "thời gian khai trương", "step": "capture", "message": "Capturing 49/70 (viewport)…", "data": null, "seq": 12760}
{"ts": "2026-04-29T00:57:18.172326+00:00", "level": "INFO", "jobId": "08786fa8-5b32-46e9-8dea-d45742d01b12", "keyword": "thời gian khai trương", "step": "capture", "message": "Expanded \"Xem thêm\" (exact-class): +2 (total 2)", "data": null, "seq": 12761}
{"ts": "2026-04-29T00:57:31.126905+00:00", "level": "INFO", "jobId": "08786fa8-5b32-46e9-8dea-d45742d01b12", "keyword": "thời gian khai trương", "step": "capture", "message": "Saved post_049.png", "data": null, "seq": 12762}
{"ts": "2026-04-29T00:57:31.128085+00:00", "level": "INFO", "jobId": "08786fa8-5b32-46e9-8dea-d45742d01b12", "keyword": "thời gian khai trương", "step": "cooldown", "message": "Cooldown 2.0s (after capture)", "data": null, "seq": 12763}
{"ts": "2026-04-29T00:57:33.789591+00:00", "level": "INFO", "jobId": "08786fa8-5b32-46e9-8dea-d45742d01b12", "keyword": "thời gian khai trương", "step": "capture", "message": "Capturing 50/70 (viewport)…", "data": null, "seq": 12764}
{"ts": "2026-04-29T00:57:33.942705+00:00", "level": "INFO", "jobId": "08786fa8-5b32-46e9-8dea-d45742d01b12", "keyword": "thời gian khai trương", "step": "capture", "message": "Expanded \"Xem thêm\" (exact-class): +1 (total 1)", "data": null, "seq": 12765}
{"ts": "2026-04-29T00:57:47.015206+00:00", "level": "INFO", "jobId": "08786fa8-5b32-46e9-8dea-d45742d01b12", "keyword": "thời gian khai trương", "step": "capture", "message": "Saved post_050.png", "data": null, "seq": 12766}
{"ts": "2026-04-29T00:57:47.015206+00:00", "level": "INFO", "jobId": "08786fa8-5b32-46e9-8dea-d45742d01b12", "keyword": "thời gian khai trương", "step": "cooldown", "message": "Cooldown 2.6s (after capture)", "data": null, "seq": 12767}
{"ts": "2026-04-29T00:57:50.187479+00:00", "level": "INFO", "jobId": "08786fa8-5b32-46e9-8dea-d45742d01b12", "keyword": "thời gian khai trương", "step": "capture", "message": "Capturing 51/70 (viewport)…", "data": null, "seq": 12768}
{"ts": "2026-04-29T00:57:50.307264+00:00", "level": "INFO", "jobId": "08786fa8-5b32-46e9-8dea-d45742d01b12", "keyword": "thời gian khai trương", "step": "capture", "message": "Expanded \"Xem thêm\" (exact-class): +1 (total 1)", "data": null, "seq": 12769}
{"ts": "2026-04-29T00:58:03.371121+00:00", "level": "INFO", "jobId": "08786fa8-5b32-46e9-8dea-d45742d01b12", "keyword": "thời gian khai trương", "step": "capture", "message": "Saved post_051.png", "data": null, "seq": 12770}
{"ts": "2026-04-29T00:58:03.371121+00:00", "level": "INFO", "jobId": "08786fa8-5b32-46e9-8dea-d45742d01b12", "keyword": "thời gian khai trương", "step": "cooldown", "message": "Cooldown 2.1s (after capture)", "data": null, "seq": 12771}
{"ts": "2026-04-29T00:58:06.048053+00:00", "level": "INFO", "jobId": "08786fa8-5b32-46e9-8dea-d45742d01b12", "keyword": "thời gian khai trương", "step": "capture", "message": "Capturing 52/70 (viewport)…", "data": null, "seq": 12772}
{"ts": "2026-04-29T00:58:06.105653+00:00", "level": "INFO", "jobId": "08786fa8-5b32-46e9-8dea-d45742d01b12", "keyword": "thời gian khai trương", "step": "capture", "message": "Expanded \"Xem thêm\" (exact-class): +1 (total 1)", "data": null, "seq": 12773}
{"ts": "2026-04-29T00:58:19.314360+00:00", "level": "INFO", "jobId": "08786fa8-5b32-46e9-8dea-d45742d01b12", "keyword": "thời gian khai trương", "step": "capture", "message": "Saved post_052.png", "data": null, "seq": 12774}
{"ts": "2026-04-29T00:58:19.314360+00:00", "level": "INFO", "jobId": "08786fa8-5b32-46e9-8dea-d45742d01b12", "keyword": "thời gian khai trương", "step": "cooldown", "message": "Cooldown 1.4s (after capture)", "data": null, "seq": 12775}
{"ts": "2026-04-29T00:58:21.312781+00:00", "level": "INFO", "jobId": "08786fa8-5b32-46e9-8dea-d45742d01b12", "keyword": "thời gian khai trương", "step": "capture", "message": "Capturing 53/70 (viewport)…", "data": null, "seq": 12776}
{"ts": "2026-04-29T00:58:21.402358+00:00", "level": "INFO", "jobId": "08786fa8-5b32-46e9-8dea-d45742d01b12", "keyword": "thời gian khai trương", "step": "capture", "message": "Expanded \"Xem thêm\" (exact-class): +1 (total 1)", "data": null, "seq": 12777}
{"ts": "2026-04-29T00:58:34.932697+00:00", "level": "INFO", "jobId": "08786fa8-5b32-46e9-8dea-d45742d01b12", "keyword": "thời gian khai trương", "step": "capture", "message": "Saved post_053.png", "data": null, "seq": 12778}
{"ts": "2026-04-29T00:58:34.932697+00:00", "level": "INFO", "jobId": "08786fa8-5b32-46e9-8dea-d45742d01b12", "keyword": "thời gian khai trương", "step": "cooldown", "message": "Cooldown 1.7s (after capture)", "data": null, "seq": 12779}
{"ts": "2026-04-29T00:58:37.312965+00:00", "level": "INFO", "jobId": "08786fa8-5b32-46e9-8dea-d45742d01b12", "keyword": "thời gian khai trương", "step": "capture", "message": "Capturing 54/70 (viewport)…", "data": null, "seq": 12780}
{"ts": "2026-04-29T00:58:37.416567+00:00", "level": "INFO", "jobId": "08786fa8-5b32-46e9-8dea-d45742d01b12", "keyword": "thời gian khai trương", "step": "capture", "message": "Expanded \"Xem thêm\" (exact-class): +1 (total 1)", "data": null, "seq": 12781}
{"ts": "2026-04-29T00:58:50.512426+00:00", "level": "INFO", "jobId": "08786fa8-5b32-46e9-8dea-d45742d01b12", "keyword": "thời gian khai trương", "step": "capture", "message": "Saved post_054.png", "data": null, "seq": 12782}
{"ts": "2026-04-29T00:58:50.512426+00:00", "level": "INFO", "jobId": "08786fa8-5b32-46e9-8dea-d45742d01b12", "keyword": "thời gian khai trương", "step": "cooldown", "message": "Cooldown 1.4s (after capture)", "data": null, "seq": 12783}
{"ts": "2026-04-29T00:58:52.495823+00:00", "level": "INFO", "jobId": "08786fa8-5b32-46e9-8dea-d45742d01b12", "keyword": "thời gian khai trương", "step": "capture", "message": "Capturing 55/70 (viewport)…", "data": null, "seq": 12784}
{"ts": "2026-04-29T00:58:52.593172+00:00", "level": "INFO", "jobId": "08786fa8-5b32-46e9-8dea-d45742d01b12", "keyword": "thời gian khai trương", "step": "capture", "message": "Expanded \"Xem thêm\" (exact-class): +1 (total 1)", "data": null, "seq": 12785}
