{"ts": "2026-04-28T21:29:33.888863+00:00", "level": "INFO", "jobId": "1f62bdcc-81e6-42cc-830b-8e53a905132d", "keyword": "chúc anh khai trương", "step": "start", "message": "Job started (attempt 1/2)", "data": null, "seq": 10255}
{"ts": "2026-04-28T21:29:36.667210+00:00", "level": "INFO", "jobId": "1f62bdcc-81e6-42cc-830b-8e53a905132d", "keyword": "chúc anh khai trương", "step": "login", "message": "Already logged in (profile session).", "data": null, "seq": 10256}
{"ts": "2026-04-28T21:29:37.223624+00:00", "level": "INFO", "jobId": "1f62bdcc-81e6-42cc-830b-8e53a905132d", "keyword": "chúc anh khai trương", "step": "search", "message": "Searching keyword: \"chúc anh khai trương\"", "data": null, "seq": 10257}
{"ts": "2026-04-28T21:29:40.529051+00:00", "level": "INFO", "jobId": "1f62bdcc-81e6-42cc-830b-8e53a905132d", "keyword": "chúc anh khai trương", "step": "capture", "message": "Start capturing up to 70 posts.", "data": null, "seq": 10258}
{"ts": "2026-04-28T21:29:40.530519+00:00", "level": "INFO", "jobId": "1f62bdcc-81e6-42cc-830b-8e53a905132d", "keyword": "chúc anh khai trương", "step": "capture", "message": "Output folder: Lan 1 - 0429", "data": null, "seq": 10259}
{"ts": "2026-04-28T21:29:40.992277+00:00", "level": "INFO", "jobId": "1f62bdcc-81e6-42cc-830b-8e53a905132d", "keyword": "chúc anh khai trương", "step": "capture", "message": "Capturing 1/70 (viewport)…", "data": null, "seq": 10260}
{"ts": "2026-04-28T21:29:53.544574+00:00", "level": "INFO", "jobId": "1f62bdcc-81e6-42cc-830b-8e53a905132d", "keyword": "chúc anh khai trương", "step": "capture", "message": "Saved post_001.png", "data": null, "seq": 10261}
{"ts": "2026-04-28T21:29:53.544574+00:00", "level": "INFO", "jobId": "1f62bdcc-81e6-42cc-830b-8e53a905132d", "keyword": "chúc anh khai trương", "step": "cooldown", "message": "Cooldown 2.7s (after capture)", "data": null, "seq": 10262}
{"ts": "2026-04-28T21:29:56.757564+00:00", "level": "INFO", "jobId": "1f62bdcc-81e6-42cc-830b-8e53a905132d", "keyword": "chúc anh khai trương", "step": "capture", "message": "Capturing 2/70 (viewport)…", "data": null, "seq": 10263}
{"ts": "2026-04-28T21:29:56.818719+00:00", "level": "INFO", "jobId": "1f62bdcc-81e6-42cc-830b-8e53a905132d", "keyword": "chúc anh khai trương", "step": "capture", "message": "Expanded \"Xem thêm\" (exact-class): +3 (total 3)", "data": null, "seq": 10264}
{"ts": "2026-04-28T21:30:09.580477+00:00", "level": "INFO", "jobId": "1f62bdcc-81e6-42cc-830b-8e53a905132d", "keyword": "chúc anh khai trương", "step": "capture", "message": "Saved post_002.png", "data": null, "seq": 10265}
{"ts": "2026-04-28T21:30:09.581406+00:00", "level": "INFO", "jobId": "1f62bdcc-81e6-42cc-830b-8e53a905132d", "keyword": "chúc anh khai trương", "step": "cooldown", "message": "Cooldown 2.6s (after capture)", "data": null, "seq": 10266}
{"ts": "2026-04-28T21:30:12.754238+00:00", "level": "INFO", "jobId": "1f62bdcc-81e6-42cc-830b-8e53a905132d", "keyword": "chúc anh khai trương", "step": "capture", "message": "Capturing 3/70 (viewport)…", "data": null, "seq": 10267}
{"ts": "2026-04-28T21:30:25.432421+00:00", "level": "INFO", "jobId": "1f62bdcc-81e6-42cc-830b-8e53a905132d", "keyword": "chúc anh khai trương", "step": "capture", "message": "Saved post_003.png", "data": null, "seq": 10268}
{"ts": "2026-04-28T21:30:25.432421+00:00", "level": "INFO", "jobId": "1f62bdcc-81e6-42cc-830b-8e53a905132d", "keyword": "chúc anh khai trương", "step": "cooldown", "message": "Cooldown 1.9s (after capture)", "data": null, "seq": 10269}
{"ts": "2026-04-28T21:30:34.116769+00:00", "level": "INFO", "jobId": "1f62bdcc-81e6-42cc-830b-8e53a905132d", "keyword": "chúc anh khai trương", "step": "capture", "message": "Capturing 4/70 (viewport)…", "data": null, "seq": 10270}
{"ts": "2026-04-28T21:30:46.708212+00:00", "level": "INFO", "jobId": "1f62bdcc-81e6-42cc-830b-8e53a905132d", "keyword": "chúc anh khai trương", "step": "capture", "message": "Saved post_004.png", "data": null, "seq": 10271}
{"ts": "2026-04-28T21:30:46.708212+00:00", "level": "INFO", "jobId": "1f62bdcc-81e6-42cc-830b-8e53a905132d", "keyword": "chúc anh khai trương", "step": "cooldown", "message": "Cooldown 2.7s (after capture)", "data": null, "seq": 10272}
{"ts": "2026-04-28T21:30:50.044831+00:00", "level": "INFO", "jobId": "1f62bdcc-81e6-42cc-830b-8e53a905132d", "keyword": "chúc anh khai trương", "step": "capture", "message": "Capturing 5/70 (viewport)…", "data": null, "seq": 10273}
{"ts": "2026-04-28T21:30:50.104359+00:00", "level": "INFO", "jobId": "1f62bdcc-81e6-42cc-830b-8e53a905132d", "keyword": "chúc anh khai trương", "step": "capture", "message": "Expanded \"Xem thêm\" (exact-class): +1 (total 1)", "data": null, "seq": 10274}
{"ts": "2026-04-28T21:31:02.883321+00:00", "level": "INFO", "jobId": "1f62bdcc-81e6-42cc-830b-8e53a905132d", "keyword": "chúc anh khai trương", "step": "capture", "message": "Saved post_005.png", "data": null, "seq": 10275}
{"ts": "2026-04-28T21:31:02.884369+00:00", "level": "INFO", "jobId": "1f62bdcc-81e6-42cc-830b-8e53a905132d", "keyword": "chúc anh khai trương", "step": "cooldown", "message": "Cooldown 2.5s (after capture)", "data": null, "seq": 10276}
{"ts": "2026-04-28T21:31:05.975479+00:00", "level": "INFO", "jobId": "1f62bdcc-81e6-42cc-830b-8e53a905132d", "keyword": "chúc anh khai trương", "step": "capture", "message": "Capturing 6/70 (viewport)…", "data": null, "seq": 10277}
{"ts": "2026-04-28T21:31:18.790196+00:00", "level": "INFO", "jobId": "1f62bdcc-81e6-42cc-830b-8e53a905132d", "keyword": "chúc anh khai trương", "step": "capture", "message": "Saved post_006.png", "data": null, "seq": 10278}
{"ts": "2026-04-28T21:31:18.790196+00:00", "level": "INFO", "jobId": "1f62bdcc-81e6-42cc-830b-8e53a905132d", "keyword": "chúc anh khai trương", "step": "cooldown", "message": "Cooldown 1.9s (after capture)", "data": null, "seq": 10279}
{"ts": "2026-04-28T21:31:21.257315+00:00", "level": "INFO", "jobId": "1f62bdcc-81e6-42cc-830b-8e53a905132d", "keyword": "chúc anh khai trương", "step": "capture", "message": "Capturing 7/70 (viewport)…", "data": null, "seq": 10280}
{"ts": "2026-04-28T21:31:21.306940+00:00", "level": "INFO", "jobId": "1f62bdcc-81e6-42cc-830b-8e53a905132d", "keyword": "chúc anh khai trương", "step": "capture", "message": "Expanded \"Xem thêm\" (exact-class): +1 (total 1)", "data": null, "seq": 10281}
{"ts": "2026-04-28T21:31:34.267326+00:00", "level": "INFO", "jobId": "1f62bdcc-81e6-42cc-830b-8e53a905132d", "keyword": "chúc anh khai trương", "step": "capture", "message": "Saved post_007.png", "data": null, "seq": 10282}
{"ts": "2026-04-28T21:31:34.267326+00:00", "level": "INFO", "jobId": "1f62bdcc-81e6-42cc-830b-8e53a905132d", "keyword": "chúc anh khai trương", "step": "cooldown", "message": "Cooldown 1.5s (after capture)", "data": null, "seq": 10283}
{"ts": "2026-04-28T21:31:36.334222+00:00", "level": "INFO", "jobId": "1f62bdcc-81e6-42cc-830b-8e53a905132d", "keyword": "chúc anh khai trương", "step": "capture", "message": "Capturing 8/70 (viewport)…", "data": null, "seq": 10284}
{"ts": "2026-04-28T21:31:48.907500+00:00", "level": "INFO", "jobId": "1f62bdcc-81e6-42cc-830b-8e53a905132d", "keyword": "chúc anh khai trương", "step": "capture", "message": "Saved post_008.png", "data": null, "seq": 10285}
{"ts": "2026-04-28T21:31:48.907500+00:00", "level": "INFO", "jobId": "1f62bdcc-81e6-42cc-830b-8e53a905132d", "keyword": "chúc anh khai trương", "step": "cooldown", "message": "Cooldown 1.9s (after capture)", "data": null, "seq": 10286}
{"ts": "2026-04-28T21:31:51.350349+00:00", "level": "INFO", "jobId": "1f62bdcc-81e6-42cc-830b-8e53a905132d", "keyword": "chúc anh khai trương", "step": "capture", "message": "Capturing 9/70 (viewport)…", "data": null, "seq": 10287}
{"ts": "2026-04-28T21:31:51.409432+00:00", "level": "INFO", "jobId": "1f62bdcc-81e6-42cc-830b-8e53a905132d", "keyword": "chúc anh khai trương", "step": "capture", "message": "Expanded \"Xem thêm\" (exact-class): +2 (total 2)", "data": null, "seq": 10288}
{"ts": "2026-04-28T21:32:04.372281+00:00", "level": "INFO", "jobId": "1f62bdcc-81e6-42cc-830b-8e53a905132d", "keyword": "chúc anh khai trương", "step": "capture", "message": "Saved post_009.png", "data": null, "seq": 10289}
{"ts": "2026-04-28T21:32:04.372281+00:00", "level": "INFO", "jobId": "1f62bdcc-81e6-42cc-830b-8e53a905132d", "keyword": "chúc anh khai trương", "step": "cooldown", "message": "Cooldown 2.1s (after capture)", "data": null, "seq": 10290}
{"ts": "2026-04-28T21:32:07.052795+00:00", "level": "INFO", "jobId": "1f62bdcc-81e6-42cc-830b-8e53a905132d", "keyword": "chúc anh khai trương", "step": "capture", "message": "Capturing 10/70 (viewport)…", "data": null, "seq": 10291}
{"ts": "2026-04-28T21:32:19.503646+00:00", "level": "INFO", "jobId": "1f62bdcc-81e6-42cc-830b-8e53a905132d", "keyword": "chúc anh khai trương", "step": "capture", "message": "Saved post_010.png", "data": null, "seq": 10292}
{"ts": "2026-04-28T21:32:19.504719+00:00", "level": "INFO", "jobId": "1f62bdcc-81e6-42cc-830b-8e53a905132d", "keyword": "chúc anh khai trương", "step": "cooldown", "message": "Cooldown 2.7s (after capture)", "data": null, "seq": 10293}
{"ts": "2026-04-28T21:32:22.770959+00:00", "level": "INFO", "jobId": "1f62bdcc-81e6-42cc-830b-8e53a905132d", "keyword": "chúc anh khai trương", "step": "capture", "message": "Capturing 11/70 (viewport)…", "data": null, "seq": 10294}
{"ts": "2026-04-28T21:32:35.802253+00:00", "level": "INFO", "jobId": "1f62bdcc-81e6-42cc-830b-8e53a905132d", "keyword": "chúc anh khai trương", "step": "capture", "message": "Capturing 11/70 (viewport)…", "data": null, "seq": 10295}
{"ts": "2026-04-28T21:32:48.494558+00:00", "level": "INFO", "jobId": "1f62bdcc-81e6-42cc-830b-8e53a905132d", "keyword": "chúc anh khai trương", "step": "capture", "message": "Saved post_011.png", "data": null, "seq": 10296}
{"ts": "2026-04-28T21:32:48.494558+00:00", "level": "INFO", "jobId": "1f62bdcc-81e6-42cc-830b-8e53a905132d", "keyword": "chúc anh khai trương", "step": "cooldown", "message": "Cooldown 1.2s (after capture)", "data": null, "seq": 10297}
{"ts": "2026-04-28T21:32:50.243472+00:00", "level": "INFO", "jobId": "1f62bdcc-81e6-42cc-830b-8e53a905132d", "keyword": "chúc anh khai trương", "step": "capture", "message": "Capturing 12/70 (viewport)…", "data": null, "seq": 10298}
{"ts": "2026-04-28T21:32:50.310851+00:00", "level": "INFO", "jobId": "1f62bdcc-81e6-42cc-830b-8e53a905132d", "keyword": "chúc anh khai trương", "step": "capture", "message": "Expanded \"Xem thêm\" (exact-class): +1 (total 1)", "data": null, "seq": 10299}
{"ts": "2026-04-28T21:33:03.178586+00:00", "level": "INFO", "jobId": "1f62bdcc-81e6-42cc-830b-8e53a905132d", "keyword": "chúc anh khai trương", "step": "capture", "message": "Saved post_012.png", "data": null, "seq": 10300}
{"ts": "2026-04-28T21:33:03.178586+00:00", "level": "INFO", "jobId": "1f62bdcc-81e6-42cc-830b-8e53a905132d", "keyword": "chúc anh khai trương", "step": "cooldown", "message": "Cooldown 1.6s (after capture)", "data": null, "seq": 10301}
{"ts": "2026-04-28T21:33:05.341069+00:00", "level": "INFO", "jobId": "1f62bdcc-81e6-42cc-830b-8e53a905132d", "keyword": "chúc anh khai trương", "step": "capture", "message": "Capturing 13/70 (viewport)…", "data": null, "seq": 10302}
{"ts": "2026-04-28T21:33:05.406347+00:00", "level": "INFO", "jobId": "1f62bdcc-81e6-42cc-830b-8e53a905132d", "keyword": "chúc anh khai trương", "step": "capture", "message": "Expanded \"Xem thêm\" (exact-class): +1 (total 1)", "data": null, "seq": 10303}
{"ts": "2026-04-28T21:33:18.708166+00:00", "level": "INFO", "jobId": "1f62bdcc-81e6-42cc-830b-8e53a905132d", "keyword": "chúc anh khai trương", "step": "capture", "message": "Saved post_013.png", "data": null, "seq": 10304}
{"ts": "2026-04-28T21:33:18.708166+00:00", "level": "INFO", "jobId": "1f62bdcc-81e6-42cc-830b-8e53a905132d", "keyword": "chúc anh khai trương", "step": "cooldown", "message": "Cooldown 2.2s (after capture)", "data": null, "seq": 10305}
{"ts": "2026-04-28T21:33:21.454340+00:00", "level": "INFO", "jobId": "1f62bdcc-81e6-42cc-830b-8e53a905132d", "keyword": "chúc anh khai trương", "step": "capture", "message": "Capturing 14/70 (viewport)…", "data": null, "seq": 10306}
{"ts": "2026-04-28T21:33:33.965024+00:00", "level": "INFO", "jobId": "1f62bdcc-81e6-42cc-830b-8e53a905132d", "keyword": "chúc anh khai trương", "step": "capture", "message": "Saved post_014.png", "data": null, "seq": 10307}
{"ts": "2026-04-28T21:33:33.965024+00:00", "level": "INFO", "jobId": "1f62bdcc-81e6-42cc-830b-8e53a905132d", "keyword": "chúc anh khai trương", "step": "cooldown", "message": "Cooldown 2.3s (after capture)", "data": null, "seq": 10308}
{"ts": "2026-04-28T21:33:36.837693+00:00", "level": "INFO", "jobId": "1f62bdcc-81e6-42cc-830b-8e53a905132d", "keyword": "chúc anh khai trương", "step": "capture", "message": "Capturing 15/70 (viewport)…", "data": null, "seq": 10309}
{"ts": "2026-04-28T21:33:36.931463+00:00", "level": "INFO", "jobId": "1f62bdcc-81e6-42cc-830b-8e53a905132d", "keyword": "chúc anh khai trương", "step": "capture", "message": "Expanded \"Xem thêm\" (exact-class): +1 (total 1)", "data": null, "seq": 10310}
{"ts": "2026-04-28T21:33:49.754356+00:00", "level": "INFO", "jobId": "1f62bdcc-81e6-42cc-830b-8e53a905132d", "keyword": "chúc anh khai trương", "step": "capture", "message": "Saved post_015.png", "data": null, "seq": 10311}
{"ts": "2026-04-28T21:33:49.754356+00:00", "level": "INFO", "jobId": "1f62bdcc-81e6-42cc-830b-8e53a905132d", "keyword": "chúc anh khai trương", "step": "cooldown", "message": "Cooldown 1.2s (after capture)", "data": null, "seq": 10312}
{"ts": "2026-04-28T21:33:51.468893+00:00", "level": "INFO", "jobId": "1f62bdcc-81e6-42cc-830b-8e53a905132d", "keyword": "chúc anh khai trương", "step": "capture", "message": "Capturing 16/70 (viewport)…", "data": null, "seq": 10313}
{"ts": "2026-04-28T21:33:51.551632+00:00", "level": "INFO", "jobId": "1f62bdcc-81e6-42cc-830b-8e53a905132d", "keyword": "chúc anh khai trương", "step": "capture", "message": "Expanded \"Xem thêm\" (exact-class): +1 (total 1)", "data": null, "seq": 10314}
{"ts": "2026-04-28T21:34:04.451339+00:00", "level": "INFO", "jobId": "1f62bdcc-81e6-42cc-830b-8e53a905132d", "keyword": "chúc anh khai trương", "step": "capture", "message": "Saved post_016.png", "data": null, "seq": 10315}
{"ts": "2026-04-28T21:34:04.451339+00:00", "level": "INFO", "jobId": "1f62bdcc-81e6-42cc-830b-8e53a905132d", "keyword": "chúc anh khai trương", "step": "cooldown", "message": "Cooldown 2.5s (after capture)", "data": null, "seq": 10316}
{"ts": "2026-04-28T21:34:07.444064+00:00", "level": "INFO", "jobId": "1f62bdcc-81e6-42cc-830b-8e53a905132d", "keyword": "chúc anh khai trương", "step": "capture", "message": "Capturing 17/70 (viewport)…", "data": null, "seq": 10317}
{"ts": "2026-04-28T21:34:19.998170+00:00", "level": "INFO", "jobId": "1f62bdcc-81e6-42cc-830b-8e53a905132d", "keyword": "chúc anh khai trương", "step": "capture", "message": "Saved post_017.png", "data": null, "seq": 10318}
{"ts": "2026-04-28T21:34:20.000176+00:00", "level": "INFO", "jobId": "1f62bdcc-81e6-42cc-830b-8e53a905132d", "keyword": "chúc anh khai trương", "step": "cooldown", "message": "Cooldown 2.4s (after capture)", "data": null, "seq": 10319}
{"ts": "2026-04-28T21:34:22.958711+00:00", "level": "INFO", "jobId": "1f62bdcc-81e6-42cc-830b-8e53a905132d", "keyword": "chúc anh khai trương", "step": "capture", "message": "Capturing 18/70 (viewport)…", "data": null, "seq": 10320}
{"ts": "2026-04-28T21:34:35.563529+00:00", "level": "INFO", "jobId": "1f62bdcc-81e6-42cc-830b-8e53a905132d", "keyword": "chúc anh khai trương", "step": "capture", "message": "Saved post_018.png", "data": null, "seq": 10321}
{"ts": "2026-04-28T21:34:35.563529+00:00", "level": "INFO", "jobId": "1f62bdcc-81e6-42cc-830b-8e53a905132d", "keyword": "chúc anh khai trương", "step": "cooldown", "message": "Cooldown 1.4s (after capture)", "data": null, "seq": 10322}
{"ts": "2026-04-28T21:34:37.505261+00:00", "level": "INFO", "jobId": "1f62bdcc-81e6-42cc-830b-8e53a905132d", "keyword": "chúc anh khai trương", "step": "capture", "message": "Capturing 19/70 (viewport)…", "data": null, "seq": 10323}
{"ts": "2026-04-28T21:34:37.564892+00:00", "level": "INFO", "jobId": "1f62bdcc-81e6-42cc-830b-8e53a905132d", "keyword": "chúc anh khai trương", "step": "capture", "message": "Expanded \"Xem thêm\" (exact-class): +1 (total 1)", "data": null, "seq": 10324}
{"ts": "2026-04-28T21:34:50.632370+00:00", "level": "INFO", "jobId": "1f62bdcc-81e6-42cc-830b-8e53a905132d", "keyword": "chúc anh khai trương", "step": "capture", "message": "Saved post_019.png", "data": null, "seq": 10325}
{"ts": "2026-04-28T21:34:50.632370+00:00", "level": "INFO", "jobId": "1f62bdcc-81e6-42cc-830b-8e53a905132d", "keyword": "chúc anh khai trương", "step": "cooldown", "message": "Cooldown 1.6s (after capture)", "data": null, "seq": 10326}
{"ts": "2026-04-28T21:34:52.750701+00:00", "level": "INFO", "jobId": "1f62bdcc-81e6-42cc-830b-8e53a905132d", "keyword": "chúc anh khai trương", "step": "capture", "message": "Capturing 20/70 (viewport)…", "data": null, "seq": 10327}
{"ts": "2026-04-28T21:34:52.822760+00:00", "level": "INFO", "jobId": "1f62bdcc-81e6-42cc-830b-8e53a905132d", "keyword": "chúc anh khai trương", "step": "capture", "message": "Expanded \"Xem thêm\" (exact-class): +1 (total 1)", "data": null, "seq": 10328}
{"ts": "2026-04-28T21:35:05.749194+00:00", "level": "INFO", "jobId": "1f62bdcc-81e6-42cc-830b-8e53a905132d", "keyword": "chúc anh khai trương", "step": "capture", "message": "Saved post_020.png", "data": null, "seq": 10329}
{"ts": "2026-04-28T21:35:05.749194+00:00", "level": "INFO", "jobId": "1f62bdcc-81e6-42cc-830b-8e53a905132d", "keyword": "chúc anh khai trương", "step": "cooldown", "message": "Cooldown 2.9s (after capture)", "data": null, "seq": 10330}
{"ts": "2026-04-28T21:35:09.244517+00:00", "level": "INFO", "jobId": "1f62bdcc-81e6-42cc-830b-8e53a905132d", "keyword": "chúc anh khai trương", "step": "capture", "message": "Capturing 21/70 (viewport)…", "data": null, "seq": 10331}
{"ts": "2026-04-28T21:35:21.770231+00:00", "level": "INFO", "jobId": "1f62bdcc-81e6-42cc-830b-8e53a905132d", "keyword": "chúc anh khai trương", "step": "capture", "message": "Saved post_021.png", "data": null, "seq": 10332}
{"ts": "2026-04-28T21:35:21.771333+00:00", "level": "INFO", "jobId": "1f62bdcc-81e6-42cc-830b-8e53a905132d", "keyword": "chúc anh khai trương", "step": "cooldown", "message": "Cooldown 2.9s (after capture)", "data": null, "seq": 10333}
{"ts": "2026-04-28T21:35:25.254216+00:00", "level": "INFO", "jobId": "1f62bdcc-81e6-42cc-830b-8e53a905132d", "keyword": "chúc anh khai trương", "step": "capture", "message": "Capturing 22/70 (viewport)…", "data": null, "seq": 10334}
{"ts": "2026-04-28T21:35:37.890355+00:00", "level": "INFO", "jobId": "1f62bdcc-81e6-42cc-830b-8e53a905132d", "keyword": "chúc anh khai trương", "step": "capture", "message": "Saved post_022.png", "data": null, "seq": 10335}
{"ts": "2026-04-28T21:35:37.890355+00:00", "level": "INFO", "jobId": "1f62bdcc-81e6-42cc-830b-8e53a905132d", "keyword": "chúc anh khai trương", "step": "cooldown", "message": "Cooldown 2.3s (after capture)", "data": null, "seq": 10336}
{"ts": "2026-04-28T21:35:40.760682+00:00", "level": "INFO", "jobId": "1f62bdcc-81e6-42cc-830b-8e53a905132d", "keyword": "chúc anh khai trương", "step": "capture", "message": "Capturing 23/70 (viewport)…", "data": null, "seq": 10337}
{"ts": "2026-04-28T21:35:40.826317+00:00", "level": "INFO", "jobId": "1f62bdcc-81e6-42cc-830b-8e53a905132d", "keyword": "chúc anh khai trương", "step": "capture", "message": "Expanded \"Xem thêm\" (exact-class): +2 (total 2)", "data": null, "seq": 10338}
{"ts": "2026-04-28T21:35:53.888472+00:00", "level": "INFO", "jobId": "1f62bdcc-81e6-42cc-830b-8e53a905132d", "keyword": "chúc anh khai trương", "step": "capture", "message": "Saved post_023.png", "data": null, "seq": 10339}
{"ts": "2026-04-28T21:35:53.888472+00:00", "level": "INFO", "jobId": "1f62bdcc-81e6-42cc-830b-8e53a905132d", "keyword": "chúc anh khai trương", "step": "cooldown", "message": "Cooldown 2.9s (after capture)", "data": null, "seq": 10340}
{"ts": "2026-04-28T21:35:57.402490+00:00", "level": "INFO", "jobId": "1f62bdcc-81e6-42cc-830b-8e53a905132d", "keyword": "chúc anh khai trương", "step": "capture", "message": "Capturing 24/70 (viewport)…", "data": null, "seq": 10341}
{"ts": "2026-04-28T21:36:10.059631+00:00", "level": "INFO", "jobId": "1f62bdcc-81e6-42cc-830b-8e53a905132d", "keyword": "chúc anh khai trương", "step": "capture", "message": "Saved post_024.png", "data": null, "seq": 10342}
{"ts": "2026-04-28T21:36:10.059631+00:00", "level": "INFO", "jobId": "1f62bdcc-81e6-42cc-830b-8e53a905132d", "keyword": "chúc anh khai trương", "step": "cooldown", "message": "Cooldown 2.2s (after capture)", "data": null, "seq": 10343}
{"ts": "2026-04-28T21:36:12.849023+00:00", "level": "INFO", "jobId": "1f62bdcc-81e6-42cc-830b-8e53a905132d", "keyword": "chúc anh khai trương", "step": "capture", "message": "Capturing 25/70 (viewport)…", "data": null, "seq": 10344}
{"ts": "2026-04-28T21:36:25.508768+00:00", "level": "INFO", "jobId": "1f62bdcc-81e6-42cc-830b-8e53a905132d", "keyword": "chúc anh khai trương", "step": "capture", "message": "Saved post_025.png", "data": null, "seq": 10345}
{"ts": "2026-04-28T21:36:25.509780+00:00", "level": "INFO", "jobId": "1f62bdcc-81e6-42cc-830b-8e53a905132d", "keyword": "chúc anh khai trương", "step": "cooldown", "message": "Cooldown 1.7s (after capture)", "data": null, "seq": 10346}
{"ts": "2026-04-28T21:36:27.811763+00:00", "level": "INFO", "jobId": "1f62bdcc-81e6-42cc-830b-8e53a905132d", "keyword": "chúc anh khai trương", "step": "capture", "message": "Capturing 26/70 (viewport)…", "data": null, "seq": 10347}
{"ts": "2026-04-28T21:36:27.909988+00:00", "level": "INFO", "jobId": "1f62bdcc-81e6-42cc-830b-8e53a905132d", "keyword": "chúc anh khai trương", "step": "capture", "message": "Expanded \"Xem thêm\" (exact-class): +2 (total 2)", "data": null, "seq": 10348}
{"ts": "2026-04-28T21:36:40.932580+00:00", "level": "INFO", "jobId": "1f62bdcc-81e6-42cc-830b-8e53a905132d", "keyword": "chúc anh khai trương", "step": "capture", "message": "Saved post_026.png", "data": null, "seq": 10349}
{"ts": "2026-04-28T21:36:40.932580+00:00", "level": "INFO", "jobId": "1f62bdcc-81e6-42cc-830b-8e53a905132d", "keyword": "chúc anh khai trương", "step": "cooldown", "message": "Cooldown 2.1s (after capture)", "data": null, "seq": 10350}
{"ts": "2026-04-28T21:36:43.582112+00:00", "level": "INFO", "jobId": "1f62bdcc-81e6-42cc-830b-8e53a905132d", "keyword": "chúc anh khai trương", "step": "capture", "message": "Capturing 27/70 (viewport)…", "data": null, "seq": 10351}
{"ts": "2026-04-28T21:36:56.320409+00:00", "level": "INFO", "jobId": "1f62bdcc-81e6-42cc-830b-8e53a905132d", "keyword": "chúc anh khai trương", "step": "capture", "message": "Saved post_027.png", "data": null, "seq": 10352}
{"ts": "2026-04-28T21:36:56.320409+00:00", "level": "INFO", "jobId": "1f62bdcc-81e6-42cc-830b-8e53a905132d", "keyword": "chúc anh khai trương", "step": "cooldown", "message": "Cooldown 2.9s (after capture)", "data": null, "seq": 10353}
{"ts": "2026-04-28T21:36:59.842977+00:00", "level": "INFO", "jobId": "1f62bdcc-81e6-42cc-830b-8e53a905132d", "keyword": "chúc anh khai trương", "step": "capture", "message": "Capturing 28/70 (viewport)…", "data": null, "seq": 10354}
{"ts": "2026-04-28T21:36:59.907266+00:00", "level": "INFO", "jobId": "1f62bdcc-81e6-42cc-830b-8e53a905132d", "keyword": "chúc anh khai trương", "step": "capture", "message": "Expanded \"Xem thêm\" (exact-class): +1 (total 1)", "data": null, "seq": 10355}
{"ts": "2026-04-28T21:37:12.938260+00:00", "level": "INFO", "jobId": "1f62bdcc-81e6-42cc-830b-8e53a905132d", "keyword": "chúc anh khai trương", "step": "capture", "message": "Saved post_028.png", "data": null, "seq": 10356}
{"ts": "2026-04-28T21:37:12.938260+00:00", "level": "INFO", "jobId": "1f62bdcc-81e6-42cc-830b-8e53a905132d", "keyword": "chúc anh khai trương", "step": "cooldown", "message": "Cooldown 2.6s (after capture)", "data": null, "seq": 10357}
{"ts": "2026-04-28T21:37:16.065726+00:00", "level": "ERROR", "jobId": "1f62bdcc-81e6-42cc-830b-8e53a905132d", "keyword": "chúc anh khai trương", "step": "antiblock", "message": "Captcha/Verify text detected in page", "data": null, "seq": 10358}
