{"ts": "2026-04-28T17:00:05.455537+00:00", "level": "INFO", "jobId": "2f2a613e-a1d1-4ba7-947f-502762213a83", "keyword": "khai trương ưu đãi", "step": "capture", "message": "Saved post_008.png", "data": null, "seq": 6680}
{"ts": "2026-04-28T17:00:05.458592+00:00", "level": "INFO", "jobId": "2f2a613e-a1d1-4ba7-947f-502762213a83", "keyword": "khai trương ưu đãi", "step": "cooldown", "message": "Cooldown 1.4s (after capture)", "data": null, "seq": 6681}
{"ts": "2026-04-28T17:00:07.422495+00:00", "level": "INFO", "jobId": "2f2a613e-a1d1-4ba7-947f-502762213a83", "keyword": "khai trương ưu đãi", "step": "capture", "message": "Capturing 9/70 (viewport)…", "data": null, "seq": 6682}
{"ts": "2026-04-28T17:00:07.488288+00:00", "level": "INFO", "jobId": "2f2a613e-a1d1-4ba7-947f-502762213a83", "keyword": "khai trương ưu đãi", "step": "capture", "message": "Expanded \"Xem thêm\" (exact-class): +1 (total 1)", "data": null, "seq": 6683}
{"ts": "2026-04-28T17:00:30.472147+00:00", "level": "INFO", "jobId": "2f2a613e-a1d1-4ba7-947f-502762213a83", "keyword": "khai trương ưu đãi", "step": "capture", "message": "Saved post_009.png", "data": null, "seq": 6684}
{"ts": "2026-04-28T17:00:30.472147+00:00", "level": "INFO", "jobId": "2f2a613e-a1d1-4ba7-947f-502762213a83", "keyword": "khai trương ưu đãi", "step": "cooldown", "message": "Cooldown 3.0s (after capture)", "data": null, "seq": 6685}
{"ts": "2026-04-28T17:00:33.969314+00:00", "level": "INFO", "jobId": "2f2a613e-a1d1-4ba7-947f-502762213a83", "keyword": "khai trương ưu đãi", "step": "capture", "message": "Capturing 10/70 (viewport)…", "data": null, "seq": 6686}
{"ts": "2026-04-28T17:00:34.130205+00:00", "level": "INFO", "jobId": "2f2a613e-a1d1-4ba7-947f-502762213a83", "keyword": "khai trương ưu đãi", "step": "capture", "message": "Expanded \"Xem thêm\" (exact-class): +2 (total 2)", "data": null, "seq": 6687}
{"ts": "2026-04-28T17:00:57.278520+00:00", "level": "INFO", "jobId": "2f2a613e-a1d1-4ba7-947f-502762213a83", "keyword": "khai trương ưu đãi", "step": "capture", "message": "Saved post_010.png", "data": null, "seq": 6688}
{"ts": "2026-04-28T17:00:57.279557+00:00", "level": "INFO", "jobId": "2f2a613e-a1d1-4ba7-947f-502762213a83", "keyword": "khai trương ưu đãi", "step": "cooldown", "message": "Cooldown 1.4s (after capture)", "data": null, "seq": 6689}
{"ts": "2026-04-28T17:00:59.227447+00:00", "level": "INFO", "jobId": "2f2a613e-a1d1-4ba7-947f-502762213a83", "keyword": "khai trương ưu đãi", "step": "capture", "message": "Capturing 11/70 (viewport)…", "data": null, "seq": 6690}
{"ts": "2026-04-28T17:01:21.870276+00:00", "level": "INFO", "jobId": "2f2a613e-a1d1-4ba7-947f-502762213a83", "keyword": "khai trương ưu đãi", "step": "capture", "message": "Saved post_011.png", "data": null, "seq": 6691}
{"ts": "2026-04-28T17:01:21.870276+00:00", "level": "INFO", "jobId": "2f2a613e-a1d1-4ba7-947f-502762213a83", "keyword": "khai trương ưu đãi", "step": "cooldown", "message": "Cooldown 1.5s (after capture)", "data": null, "seq": 6692}
{"ts": "2026-04-28T17:01:23.937548+00:00", "level": "INFO", "jobId": "2f2a613e-a1d1-4ba7-947f-502762213a83", "keyword": "khai trương ưu đãi", "step": "capture", "message": "Capturing 12/70 (viewport)…", "data": null, "seq": 6693}
{"ts": "2026-04-28T17:01:24.031753+00:00", "level": "INFO", "jobId": "2f2a613e-a1d1-4ba7-947f-502762213a83", "keyword": "khai trương ưu đãi", "step": "capture", "message": "Expanded \"Xem thêm\" (exact-class): +1 (total 1)", "data": null, "seq": 6694}
{"ts": "2026-04-28T17:01:47.199289+00:00", "level": "INFO", "jobId": "2f2a613e-a1d1-4ba7-947f-502762213a83", "keyword": "khai trương ưu đãi", "step": "capture", "message": "Saved post_012.png", "data": null, "seq": 6695}
{"ts": "2026-04-28T17:01:47.199289+00:00", "level": "INFO", "jobId": "2f2a613e-a1d1-4ba7-947f-502762213a83", "keyword": "khai trương ưu đãi", "step": "cooldown", "message": "Cooldown 2.2s (after capture)", "data": null, "seq": 6696}
{"ts": "2026-04-28T17:01:49.987504+00:00", "level": "INFO", "jobId": "2f2a613e-a1d1-4ba7-947f-502762213a83", "keyword": "khai trương ưu đãi", "step": "capture", "message": "Capturing 13/70 (viewport)…", "data": null, "seq": 6697}
{"ts": "2026-04-28T17:01:50.056091+00:00", "level": "INFO", "jobId": "2f2a613e-a1d1-4ba7-947f-502762213a83", "keyword": "khai trương ưu đãi", "step": "capture", "message": "Expanded \"Xem thêm\" (exact-class): +1 (total 1)", "data": null, "seq": 6698}
{"ts": "2026-04-28T17:02:12.982937+00:00", "level": "INFO", "jobId": "2f2a613e-a1d1-4ba7-947f-502762213a83", "keyword": "khai trương ưu đãi", "step": "capture", "message": "Saved post_013.png", "data": null, "seq": 6699}
{"ts": "2026-04-28T17:02:12.982937+00:00", "level": "INFO", "jobId": "2f2a613e-a1d1-4ba7-947f-502762213a83", "keyword": "khai trương ưu đãi", "step": "cooldown", "message": "Cooldown 2.2s (after capture)", "data": null, "seq": 6700}
{"ts": "2026-04-28T17:02:15.806348+00:00", "level": "INFO", "jobId": "2f2a613e-a1d1-4ba7-947f-502762213a83", "keyword": "khai trương ưu đãi", "step": "capture", "message": "Capturing 14/70 (viewport)…", "data": null, "seq": 6701}
{"ts": "2026-04-28T17:02:15.902277+00:00", "level": "INFO", "jobId": "2f2a613e-a1d1-4ba7-947f-502762213a83", "keyword": "khai trương ưu đãi", "step": "capture", "message": "Expanded \"Xem thêm\" (exact-class): +2 (total 2)", "data": null, "seq": 6702}
{"ts": "2026-04-28T17:02:38.970515+00:00", "level": "INFO", "jobId": "2f2a613e-a1d1-4ba7-947f-502762213a83", "keyword": "khai trương ưu đãi", "step": "capture", "message": "Saved post_014.png", "data": null, "seq": 6703}
{"ts": "2026-04-28T17:02:38.970515+00:00", "level": "INFO", "jobId": "2f2a613e-a1d1-4ba7-947f-502762213a83", "keyword": "khai trương ưu đãi", "step": "cooldown", "message": "Cooldown 2.7s (after capture)", "data": null, "seq": 6704}
{"ts": "2026-04-28T17:02:42.188472+00:00", "level": "INFO", "jobId": "2f2a613e-a1d1-4ba7-947f-502762213a83", "keyword": "khai trương ưu đãi", "step": "capture", "message": "Capturing 15/70 (viewport)…", "data": null, "seq": 6705}
{"ts": "2026-04-28T17:03:05.205328+00:00", "level": "INFO", "jobId": "2f2a613e-a1d1-4ba7-947f-502762213a83", "keyword": "khai trương ưu đãi", "step": "capture", "message": "Saved post_015.png", "data": null, "seq": 6706}
{"ts": "2026-04-28T17:03:05.206327+00:00", "level": "INFO", "jobId": "2f2a613e-a1d1-4ba7-947f-502762213a83", "keyword": "khai trương ưu đãi", "step": "cooldown", "message": "Cooldown 1.1s (after capture)", "data": null, "seq": 6707}
{"ts": "2026-04-28T17:03:06.881034+00:00", "level": "INFO", "jobId": "2f2a613e-a1d1-4ba7-947f-502762213a83", "keyword": "khai trương ưu đãi", "step": "capture", "message": "Capturing 16/70 (viewport)…", "data": null, "seq": 6708}
{"ts": "2026-04-28T17:03:06.970240+00:00", "level": "INFO", "jobId": "2f2a613e-a1d1-4ba7-947f-502762213a83", "keyword": "khai trương ưu đãi", "step": "capture", "message": "Expanded \"Xem thêm\" (exact-class): +2 (total 2)", "data": null, "seq": 6709}
{"ts": "2026-04-28T17:03:29.788955+00:00", "level": "INFO", "jobId": "2f2a613e-a1d1-4ba7-947f-502762213a83", "keyword": "khai trương ưu đãi", "step": "capture", "message": "Saved post_016.png", "data": null, "seq": 6710}
{"ts": "2026-04-28T17:03:29.788955+00:00", "level": "INFO", "jobId": "2f2a613e-a1d1-4ba7-947f-502762213a83", "keyword": "khai trương ưu đãi", "step": "cooldown", "message": "Cooldown 1.1s (after capture)", "data": null, "seq": 6711}
{"ts": "2026-04-28T17:03:31.477937+00:00", "level": "INFO", "jobId": "2f2a613e-a1d1-4ba7-947f-502762213a83", "keyword": "khai trương ưu đãi", "step": "capture", "message": "Capturing 17/70 (viewport)…", "data": null, "seq": 6712}
{"ts": "2026-04-28T17:03:31.583885+00:00", "level": "INFO", "jobId": "2f2a613e-a1d1-4ba7-947f-502762213a83", "keyword": "khai trương ưu đãi", "step": "capture", "message": "Expanded \"Xem thêm\" (exact-class): +1 (total 1)", "data": null, "seq": 6713}
{"ts": "2026-04-28T17:03:54.480228+00:00", "level": "INFO", "jobId": "2f2a613e-a1d1-4ba7-947f-502762213a83", "keyword": "khai trương ưu đãi", "step": "capture", "message": "Saved post_017.png", "data": null, "seq": 6714}
{"ts": "2026-04-28T17:03:54.481230+00:00", "level": "INFO", "jobId": "2f2a613e-a1d1-4ba7-947f-502762213a83", "keyword": "khai trương ưu đãi", "step": "cooldown", "message": "Cooldown 2.2s (after capture)", "data": null, "seq": 6715}
{"ts": "2026-04-28T17:03:57.262172+00:00", "level": "INFO", "jobId": "2f2a613e-a1d1-4ba7-947f-502762213a83", "keyword": "khai trương ưu đãi", "step": "capture", "message": "Capturing 18/70 (viewport)…", "data": null, "seq": 6716}
{"ts": "2026-04-28T17:03:57.375812+00:00", "level": "INFO", "jobId": "2f2a613e-a1d1-4ba7-947f-502762213a83", "keyword": "khai trương ưu đãi", "step": "capture", "message": "Expanded \"Xem thêm\" (exact-class): +1 (total 1)", "data": null, "seq": 6717}
{"ts": "2026-04-28T17:04:20.307909+00:00", "level": "INFO", "jobId": "2f2a613e-a1d1-4ba7-947f-502762213a83", "keyword": "khai trương ưu đãi", "step": "capture", "message": "Saved post_018.png", "data": null, "seq": 6718}
{"ts": "2026-04-28T17:04:20.307909+00:00", "level": "INFO", "jobId": "2f2a613e-a1d1-4ba7-947f-502762213a83", "keyword": "khai trương ưu đãi", "step": "cooldown", "message": "Cooldown 2.0s (after capture)", "data": null, "seq": 6719}
{"ts": "2026-04-28T17:04:22.834311+00:00", "level": "INFO", "jobId": "2f2a613e-a1d1-4ba7-947f-502762213a83", "keyword": "khai trương ưu đãi", "step": "capture", "message": "Capturing 19/70 (viewport)…", "data": null, "seq": 6720}
{"ts": "2026-04-28T17:04:22.946457+00:00", "level": "INFO", "jobId": "2f2a613e-a1d1-4ba7-947f-502762213a83", "keyword": "khai trương ưu đãi", "step": "capture", "message": "Expanded \"Xem thêm\" (exact-class): +1 (total 1)", "data": null, "seq": 6721}
{"ts": "2026-04-28T17:04:46.025029+00:00", "level": "INFO", "jobId": "2f2a613e-a1d1-4ba7-947f-502762213a83", "keyword": "khai trương ưu đãi", "step": "capture", "message": "Saved post_019.png", "data": null, "seq": 6722}
{"ts": "2026-04-28T17:04:46.025029+00:00", "level": "INFO", "jobId": "2f2a613e-a1d1-4ba7-947f-502762213a83", "keyword": "khai trương ưu đãi", "step": "cooldown", "message": "Cooldown 2.4s (after capture)", "data": null, "seq": 6723}
{"ts": "2026-04-28T17:04:48.923899+00:00", "level": "INFO", "jobId": "2f2a613e-a1d1-4ba7-947f-502762213a83", "keyword": "khai trương ưu đãi", "step": "capture", "message": "Capturing 20/70 (viewport)…", "data": null, "seq": 6724}
{"ts": "2026-04-28T17:04:49.038776+00:00", "level": "INFO", "jobId": "2f2a613e-a1d1-4ba7-947f-502762213a83", "keyword": "khai trương ưu đãi", "step": "capture", "message": "Expanded \"Xem thêm\" (exact-class): +1 (total 1)", "data": null, "seq": 6725}
{"ts": "2026-04-28T17:05:12.259455+00:00", "level": "INFO", "jobId": "2f2a613e-a1d1-4ba7-947f-502762213a83", "keyword": "khai trương ưu đãi", "step": "capture", "message": "Saved post_020.png", "data": null, "seq": 6726}
{"ts": "2026-04-28T17:05:12.259455+00:00", "level": "INFO", "jobId": "2f2a613e-a1d1-4ba7-947f-502762213a83", "keyword": "khai trương ưu đãi", "step": "cooldown", "message": "Cooldown 1.2s (after capture)", "data": null, "seq": 6727}
{"ts": "2026-04-28T17:05:14.062025+00:00", "level": "INFO", "jobId": "2f2a613e-a1d1-4ba7-947f-502762213a83", "keyword": "khai trương ưu đãi", "step": "capture", "message": "Capturing 21/70 (viewport)…", "data": null, "seq": 6728}
{"ts": "2026-04-28T17:05:14.156619+00:00", "level": "INFO", "jobId": "2f2a613e-a1d1-4ba7-947f-502762213a83", "keyword": "khai trương ưu đãi", "step": "capture", "message": "Expanded \"Xem thêm\" (exact-class): +1 (total 1)", "data": null, "seq": 6729}
{"ts": "2026-04-28T17:05:37.179317+00:00", "level": "INFO", "jobId": "2f2a613e-a1d1-4ba7-947f-502762213a83", "keyword": "khai trương ưu đãi", "step": "capture", "message": "Saved post_021.png", "data": null, "seq": 6730}
{"ts": "2026-04-28T17:05:37.179317+00:00", "level": "INFO", "jobId": "2f2a613e-a1d1-4ba7-947f-502762213a83", "keyword": "khai trương ưu đãi", "step": "cooldown", "message": "Cooldown 2.9s (after capture)", "data": null, "seq": 6731}
{"ts": "2026-04-28T17:05:40.636790+00:00", "level": "INFO", "jobId": "2f2a613e-a1d1-4ba7-947f-502762213a83", "keyword": "khai trương ưu đãi", "step": "capture", "message": "Capturing 22/70 (viewport)…", "data": null, "seq": 6732}
{"ts": "2026-04-28T17:06:03.298275+00:00", "level": "INFO", "jobId": "2f2a613e-a1d1-4ba7-947f-502762213a83", "keyword": "khai trương ưu đãi", "step": "capture", "message": "Saved post_022.png", "data": null, "seq": 6733}
{"ts": "2026-04-28T17:06:03.298275+00:00", "level": "INFO", "jobId": "2f2a613e-a1d1-4ba7-947f-502762213a83", "keyword": "khai trương ưu đãi", "step": "cooldown", "message": "Cooldown 1.8s (after capture)", "data": null, "seq": 6734}
{"ts": "2026-04-28T17:06:05.648227+00:00", "level": "INFO", "jobId": "2f2a613e-a1d1-4ba7-947f-502762213a83", "keyword": "khai trương ưu đãi", "step": "capture", "message": "Capturing 23/70 (viewport)…", "data": null, "seq": 6735}
{"ts": "2026-04-28T17:06:05.771720+00:00", "level": "INFO", "jobId": "2f2a613e-a1d1-4ba7-947f-502762213a83", "keyword": "khai trương ưu đãi", "step": "capture", "message": "Expanded \"Xem thêm\" (exact-class): +2 (total 2)", "data": null, "seq": 6736}
{"ts": "2026-04-28T17:06:28.647810+00:00", "level": "INFO", "jobId": "2f2a613e-a1d1-4ba7-947f-502762213a83", "keyword": "khai trương ưu đãi", "step": "capture", "message": "Saved post_023.png", "data": null, "seq": 6737}
{"ts": "2026-04-28T17:06:28.648816+00:00", "level": "INFO", "jobId": "2f2a613e-a1d1-4ba7-947f-502762213a83", "keyword": "khai trương ưu đãi", "step": "cooldown", "message": "Cooldown 1.7s (after capture)", "data": null, "seq": 6738}
{"ts": "2026-04-28T17:06:30.945271+00:00", "level": "INFO", "jobId": "2f2a613e-a1d1-4ba7-947f-502762213a83", "keyword": "khai trương ưu đãi", "step": "capture", "message": "Capturing 24/70 (viewport)…", "data": null, "seq": 6739}
{"ts": "2026-04-28T17:06:31.054145+00:00", "level": "INFO", "jobId": "2f2a613e-a1d1-4ba7-947f-502762213a83", "keyword": "khai trương ưu đãi", "step": "capture", "message": "Expanded \"Xem thêm\" (exact-class): +1 (total 1)", "data": null, "seq": 6740}
{"ts": "2026-04-28T17:06:53.910832+00:00", "level": "INFO", "jobId": "2f2a613e-a1d1-4ba7-947f-502762213a83", "keyword": "khai trương ưu đãi", "step": "capture", "message": "Saved post_024.png", "data": null, "seq": 6741}
{"ts": "2026-04-28T17:06:53.911830+00:00", "level": "INFO", "jobId": "2f2a613e-a1d1-4ba7-947f-502762213a83", "keyword": "khai trương ưu đãi", "step": "cooldown", "message": "Cooldown 2.9s (after capture)", "data": null, "seq": 6742}
{"ts": "2026-04-28T17:06:57.315934+00:00", "level": "INFO", "jobId": "2f2a613e-a1d1-4ba7-947f-502762213a83", "keyword": "khai trương ưu đãi", "step": "capture", "message": "Capturing 25/70 (viewport)…", "data": null, "seq": 6743}
{"ts": "2026-04-28T17:06:57.432883+00:00", "level": "INFO", "jobId": "2f2a613e-a1d1-4ba7-947f-502762213a83", "keyword": "khai trương ưu đãi", "step": "capture", "message": "Expanded \"Xem thêm\" (exact-class): +1 (total 1)", "data": null, "seq": 6744}
{"ts": "2026-04-28T17:07:20.578581+00:00", "level": "INFO", "jobId": "2f2a613e-a1d1-4ba7-947f-502762213a83", "keyword": "khai trương ưu đãi", "step": "capture", "message": "Saved post_025.png", "data": null, "seq": 6745}
{"ts": "2026-04-28T17:07:20.578581+00:00", "level": "INFO", "jobId": "2f2a613e-a1d1-4ba7-947f-502762213a83", "keyword": "khai trương ưu đãi", "step": "cooldown", "message": "Cooldown 2.5s (after capture)", "data": null, "seq": 6746}
{"ts": "2026-04-28T17:07:23.622094+00:00", "level": "INFO", "jobId": "2f2a613e-a1d1-4ba7-947f-502762213a83", "keyword": "khai trương ưu đãi", "step": "capture", "message": "Capturing 26/70 (viewport)…", "data": null, "seq": 6747}
{"ts": "2026-04-28T17:07:23.716218+00:00", "level": "INFO", "jobId": "2f2a613e-a1d1-4ba7-947f-502762213a83", "keyword": "khai trương ưu đãi", "step": "capture", "message": "Expanded \"Xem thêm\" (exact-class): +1 (total 1)", "data": null, "seq": 6748}
{"ts": "2026-04-28T17:07:46.800038+00:00", "level": "INFO", "jobId": "2f2a613e-a1d1-4ba7-947f-502762213a83", "keyword": "khai trương ưu đãi", "step": "capture", "message": "Saved post_026.png", "data": null, "seq": 6749}
{"ts": "2026-04-28T17:07:46.800038+00:00", "level": "INFO", "jobId": "2f2a613e-a1d1-4ba7-947f-502762213a83", "keyword": "khai trương ưu đãi", "step": "cooldown", "message": "Cooldown 1.9s (after capture)", "data": null, "seq": 6750}
{"ts": "2026-04-28T17:07:49.268605+00:00", "level": "INFO", "jobId": "2f2a613e-a1d1-4ba7-947f-502762213a83", "keyword": "khai trương ưu đãi", "step": "capture", "message": "Capturing 27/70 (viewport)…", "data": null, "seq": 6751}
{"ts": "2026-04-28T17:07:49.369156+00:00", "level": "INFO", "jobId": "2f2a613e-a1d1-4ba7-947f-502762213a83", "keyword": "khai trương ưu đãi", "step": "capture", "message": "Expanded \"Xem thêm\" (exact-class): +1 (total 1)", "data": null, "seq": 6752}
{"ts": "2026-04-28T17:08:12.306117+00:00", "level": "INFO", "jobId": "2f2a613e-a1d1-4ba7-947f-502762213a83", "keyword": "khai trương ưu đãi", "step": "capture", "message": "Saved post_027.png", "data": null, "seq": 6753}
{"ts": "2026-04-28T17:08:12.307130+00:00", "level": "INFO", "jobId": "2f2a613e-a1d1-4ba7-947f-502762213a83", "keyword": "khai trương ưu đãi", "step": "cooldown", "message": "Cooldown 2.3s (after capture)", "data": null, "seq": 6754}
{"ts": "2026-04-28T17:08:15.160602+00:00", "level": "INFO", "jobId": "2f2a613e-a1d1-4ba7-947f-502762213a83", "keyword": "khai trương ưu đãi", "step": "capture", "message": "Capturing 28/70 (viewport)…", "data": null, "seq": 6755}
{"ts": "2026-04-28T17:08:15.289230+00:00", "level": "INFO", "jobId": "2f2a613e-a1d1-4ba7-947f-502762213a83", "keyword": "khai trương ưu đãi", "step": "capture", "message": "Expanded \"Xem thêm\" (exact-class): +1 (total 1)", "data": null, "seq": 6756}
{"ts": "2026-04-28T17:08:38.315567+00:00", "level": "INFO", "jobId": "2f2a613e-a1d1-4ba7-947f-502762213a83", "keyword": "khai trương ưu đãi", "step": "capture", "message": "Saved post_028.png", "data": null, "seq": 6757}
{"ts": "2026-04-28T17:08:38.315567+00:00", "level": "INFO", "jobId": "2f2a613e-a1d1-4ba7-947f-502762213a83", "keyword": "khai trương ưu đãi", "step": "cooldown", "message": "Cooldown 2.9s (after capture)", "data": null, "seq": 6758}
{"ts": "2026-04-28T17:08:41.746750+00:00", "level": "INFO", "jobId": "2f2a613e-a1d1-4ba7-947f-502762213a83", "keyword": "khai trương ưu đãi", "step": "capture", "message": "Capturing 29/70 (viewport)…", "data": null, "seq": 6759}
{"ts": "2026-04-28T17:08:41.845437+00:00", "level": "INFO", "jobId": "2f2a613e-a1d1-4ba7-947f-502762213a83", "keyword": "khai trương ưu đãi", "step": "capture", "message": "Expanded \"Xem thêm\" (exact-class): +1 (total 1)", "data": null, "seq": 6760}
{"ts": "2026-04-28T17:09:04.979271+00:00", "level": "INFO", "jobId": "2f2a613e-a1d1-4ba7-947f-502762213a83", "keyword": "khai trương ưu đãi", "step": "capture", "message": "Saved post_029.png", "data": null, "seq": 6761}
{"ts": "2026-04-28T17:09:04.979271+00:00", "level": "INFO", "jobId": "2f2a613e-a1d1-4ba7-947f-502762213a83", "keyword": "khai trương ưu đãi", "step": "cooldown", "message": "Cooldown 2.3s (after capture)", "data": null, "seq": 6762}
{"ts": "2026-04-28T17:09:07.957106+00:00", "level": "INFO", "jobId": "2f2a613e-a1d1-4ba7-947f-502762213a83", "keyword": "khai trương ưu đãi", "step": "capture", "message": "Capturing 30/70 (viewport)…", "data": null, "seq": 6763}
{"ts": "2026-04-28T17:09:08.109504+00:00", "level": "INFO", "jobId": "2f2a613e-a1d1-4ba7-947f-502762213a83", "keyword": "khai trương ưu đãi", "step": "capture", "message": "Expanded \"Xem thêm\" (exact-class): +1 (total 1)", "data": null, "seq": 6764}
{"ts": "2026-04-28T17:09:31.295274+00:00", "level": "INFO", "jobId": "2f2a613e-a1d1-4ba7-947f-502762213a83", "keyword": "khai trương ưu đãi", "step": "capture", "message": "Saved post_030.png", "data": null, "seq": 6765}
{"ts": "2026-04-28T17:09:31.295274+00:00", "level": "INFO", "jobId": "2f2a613e-a1d1-4ba7-947f-502762213a83", "keyword": "khai trương ưu đãi", "step": "cooldown", "message": "Cooldown 1.1s (after capture)", "data": null, "seq": 6766}
{"ts": "2026-04-28T17:09:32.988434+00:00", "level": "INFO", "jobId": "2f2a613e-a1d1-4ba7-947f-502762213a83", "keyword": "khai trương ưu đãi", "step": "capture", "message": "Capturing 31/70 (viewport)…", "data": null, "seq": 6767}
{"ts": "2026-04-28T17:09:33.097799+00:00", "level": "INFO", "jobId": "2f2a613e-a1d1-4ba7-947f-502762213a83", "keyword": "khai trương ưu đãi", "step": "capture", "message": "Expanded \"Xem thêm\" (exact-class): +1 (total 1)", "data": null, "seq": 6768}
{"ts": "2026-04-28T17:09:56.020779+00:00", "level": "INFO", "jobId": "2f2a613e-a1d1-4ba7-947f-502762213a83", "keyword": "khai trương ưu đãi", "step": "capture", "message": "Saved post_031.png", "data": null, "seq": 6769}
{"ts": "2026-04-28T17:09:56.021992+00:00", "level": "INFO", "jobId": "2f2a613e-a1d1-4ba7-947f-502762213a83", "keyword": "khai trương ưu đãi", "step": "cooldown", "message": "Cooldown 2.7s (after capture)", "data": null, "seq": 6770}
{"ts": "2026-04-28T17:09:59.332421+00:00", "level": "INFO", "jobId": "2f2a613e-a1d1-4ba7-947f-502762213a83", "keyword": "khai trương ưu đãi", "step": "capture", "message": "Capturing 32/70 (viewport)…", "data": null, "seq": 6771}
{"ts": "2026-04-28T17:09:59.449990+00:00", "level": "INFO", "jobId": "2f2a613e-a1d1-4ba7-947f-502762213a83", "keyword": "khai trương ưu đãi", "step": "capture", "message": "Expanded \"Xem thêm\" (exact-class): +1 (total 1)", "data": null, "seq": 6772}
{"ts": "2026-04-28T17:10:22.504911+00:00", "level": "INFO", "jobId": "2f2a613e-a1d1-4ba7-947f-502762213a83", "keyword": "khai trương ưu đãi", "step": "capture", "message": "Saved post_032.png", "data": null, "seq": 6773}
{"ts": "2026-04-28T17:10:22.504911+00:00", "level": "INFO", "jobId": "2f2a613e-a1d1-4ba7-947f-502762213a83", "keyword": "khai trương ưu đãi", "step": "cooldown", "message": "Cooldown 1.4s (after capture)", "data": null, "seq": 6774}
{"ts": "2026-04-28T17:10:24.579505+00:00", "level": "INFO", "jobId": "2f2a613e-a1d1-4ba7-947f-502762213a83", "keyword": "khai trương ưu đãi", "step": "capture", "message": "Capturing 33/70 (viewport)…", "data": null, "seq": 6775}
{"ts": "2026-04-28T17:10:24.716649+00:00", "level": "INFO", "jobId": "2f2a613e-a1d1-4ba7-947f-502762213a83", "keyword": "khai trương ưu đãi", "step": "capture", "message": "Expanded \"Xem thêm\" (exact-class): +1 (total 1)", "data": null, "seq": 6776}
{"ts": "2026-04-28T17:10:47.877380+00:00", "level": "INFO", "jobId": "2f2a613e-a1d1-4ba7-947f-502762213a83", "keyword": "khai trương ưu đãi", "step": "capture", "message": "Saved post_033.png", "data": null, "seq": 6777}
{"ts": "2026-04-28T17:10:47.877380+00:00", "level": "INFO", "jobId": "2f2a613e-a1d1-4ba7-947f-502762213a83", "keyword": "khai trương ưu đãi", "step": "cooldown", "message": "Cooldown 2.9s (after capture)", "data": null, "seq": 6778}
{"ts": "2026-04-28T17:10:51.373958+00:00", "level": "INFO", "jobId": "2f2a613e-a1d1-4ba7-947f-502762213a83", "keyword": "khai trương ưu đãi", "step": "capture", "message": "Capturing 34/70 (viewport)…", "data": null, "seq": 6779}
{"ts": "2026-04-28T17:10:51.478014+00:00", "level": "INFO", "jobId": "2f2a613e-a1d1-4ba7-947f-502762213a83", "keyword": "khai trương ưu đãi", "step": "capture", "message": "Expanded \"Xem thêm\" (exact-class): +1 (total 1)", "data": null, "seq": 6780}
{"ts": "2026-04-28T17:11:14.500025+00:00", "level": "INFO", "jobId": "2f2a613e-a1d1-4ba7-947f-502762213a83", "keyword": "khai trương ưu đãi", "step": "capture", "message": "Saved post_034.png", "data": null, "seq": 6781}
{"ts": "2026-04-28T17:11:14.500025+00:00", "level": "INFO", "jobId": "2f2a613e-a1d1-4ba7-947f-502762213a83", "keyword": "khai trương ưu đãi", "step": "cooldown", "message": "Cooldown 2.8s (after capture)", "data": null, "seq": 6782}
{"ts": "2026-04-28T17:11:17.887390+00:00", "level": "INFO", "jobId": "2f2a613e-a1d1-4ba7-947f-502762213a83", "keyword": "khai trương ưu đãi", "step": "capture", "message": "Capturing 35/70 (viewport)…", "data": null, "seq": 6783}
{"ts": "2026-04-28T17:11:18.089988+00:00", "level": "INFO", "jobId": "2f2a613e-a1d1-4ba7-947f-502762213a83", "keyword": "khai trương ưu đãi", "step": "capture", "message": "Expanded \"Xem thêm\" (exact-class): +1 (total 1)", "data": null, "seq": 6784}
{"ts": "2026-04-28T17:11:41.255909+00:00", "level": "INFO", "jobId": "2f2a613e-a1d1-4ba7-947f-502762213a83", "keyword": "khai trương ưu đãi", "step": "capture", "message": "Saved post_035.png", "data": null, "seq": 6785}
{"ts": "2026-04-28T17:11:41.255909+00:00", "level": "INFO", "jobId": "2f2a613e-a1d1-4ba7-947f-502762213a83", "keyword": "khai trương ưu đãi", "step": "cooldown", "message": "Cooldown 3.0s (after capture)", "data": null, "seq": 6786}
{"ts": "2026-04-28T17:11:44.803053+00:00", "level": "INFO", "jobId": "2f2a613e-a1d1-4ba7-947f-502762213a83", "keyword": "khai trương ưu đãi", "step": "capture", "message": "Capturing 36/70 (viewport)…", "data": null, "seq": 6787}
{"ts": "2026-04-28T17:12:07.764685+00:00", "level": "INFO", "jobId": "2f2a613e-a1d1-4ba7-947f-502762213a83", "keyword": "khai trương ưu đãi", "step": "capture", "message": "Saved post_036.png", "data": null, "seq": 6788}
{"ts": "2026-04-28T17:12:07.765697+00:00", "level": "INFO", "jobId": "2f2a613e-a1d1-4ba7-947f-502762213a83", "keyword": "khai trương ưu đãi", "step": "cooldown", "message": "Cooldown 2.0s (after capture)", "data": null, "seq": 6789}
{"ts": "2026-04-28T17:12:10.306054+00:00", "level": "INFO", "jobId": "2f2a613e-a1d1-4ba7-947f-502762213a83", "keyword": "khai trương ưu đãi", "step": "capture", "message": "Capturing 37/70 (viewport)…", "data": null, "seq": 6790}
{"ts": "2026-04-28T17:12:10.542336+00:00", "level": "INFO", "jobId": "2f2a613e-a1d1-4ba7-947f-502762213a83", "keyword": "khai trương ưu đãi", "step": "capture", "message": "Expanded \"Xem thêm\" (exact-class): +2 (total 2)", "data": null, "seq": 6791}
{"ts": "2026-04-28T17:12:33.313666+00:00", "level": "INFO", "jobId": "2f2a613e-a1d1-4ba7-947f-502762213a83", "keyword": "khai trương ưu đãi", "step": "capture", "message": "Saved post_037.png", "data": null, "seq": 6792}
{"ts": "2026-04-28T17:12:33.313666+00:00", "level": "INFO", "jobId": "2f2a613e-a1d1-4ba7-947f-502762213a83", "keyword": "khai trương ưu đãi", "step": "cooldown", "message": "Cooldown 2.3s (after capture)", "data": null, "seq": 6793}
{"ts": "2026-04-28T17:12:36.140663+00:00", "level": "INFO", "jobId": "2f2a613e-a1d1-4ba7-947f-502762213a83", "keyword": "khai trương ưu đãi", "step": "capture", "message": "Capturing 38/70 (viewport)…", "data": null, "seq": 6794}
{"ts": "2026-04-28T17:12:36.223961+00:00", "level": "INFO", "jobId": "2f2a613e-a1d1-4ba7-947f-502762213a83", "keyword": "khai trương ưu đãi", "step": "capture", "message": "Expanded \"Xem thêm\" (exact-class): +1 (total 1)", "data": null, "seq": 6795}
{"ts": "2026-04-28T17:12:59.217733+00:00", "level": "INFO", "jobId": "2f2a613e-a1d1-4ba7-947f-502762213a83", "keyword": "khai trương ưu đãi", "step": "capture", "message": "Saved post_038.png", "data": null, "seq": 6796}
{"ts": "2026-04-28T17:12:59.217733+00:00", "level": "INFO", "jobId": "2f2a613e-a1d1-4ba7-947f-502762213a83", "keyword": "khai trương ưu đãi", "step": "cooldown", "message": "Cooldown 2.5s (after capture)", "data": null, "seq": 6797}
{"ts": "2026-04-28T17:13:02.309327+00:00", "level": "INFO", "jobId": "2f2a613e-a1d1-4ba7-947f-502762213a83", "keyword": "khai trương ưu đãi", "step": "capture", "message": "Capturing 39/70 (viewport)…", "data": null, "seq": 6798}
{"ts": "2026-04-28T17:13:02.434528+00:00", "level": "INFO", "jobId": "2f2a613e-a1d1-4ba7-947f-502762213a83", "keyword": "khai trương ưu đãi", "step": "capture", "message": "Expanded \"Xem thêm\" (exact-class): +1 (total 1)", "data": null, "seq": 6799}
{"ts": "2026-04-28T17:13:25.773608+00:00", "level": "INFO", "jobId": "2f2a613e-a1d1-4ba7-947f-502762213a83", "keyword": "khai trương ưu đãi", "step": "capture", "message": "Saved post_039.png", "data": null, "seq": 6800}
{"ts": "2026-04-28T17:13:25.773608+00:00", "level": "INFO", "jobId": "2f2a613e-a1d1-4ba7-947f-502762213a83", "keyword": "khai trương ưu đãi", "step": "cooldown", "message": "Cooldown 1.0s (after capture)", "data": null, "seq": 6801}
{"ts": "2026-04-28T17:13:27.390131+00:00", "level": "INFO", "jobId": "2f2a613e-a1d1-4ba7-947f-502762213a83", "keyword": "khai trương ưu đãi", "step": "capture", "message": "Capturing 40/70 (viewport)…", "data": null, "seq": 6802}
{"ts": "2026-04-28T17:13:27.498960+00:00", "level": "INFO", "jobId": "2f2a613e-a1d1-4ba7-947f-502762213a83", "keyword": "khai trương ưu đãi", "step": "capture", "message": "Expanded \"Xem thêm\" (exact-class): +1 (total 1)", "data": null, "seq": 6803}
{"ts": "2026-04-28T17:13:50.420564+00:00", "level": "INFO", "jobId": "2f2a613e-a1d1-4ba7-947f-502762213a83", "keyword": "khai trương ưu đãi", "step": "capture", "message": "Saved post_040.png", "data": null, "seq": 6804}
{"ts": "2026-04-28T17:13:50.420564+00:00", "level": "INFO", "jobId": "2f2a613e-a1d1-4ba7-947f-502762213a83", "keyword": "khai trương ưu đãi", "step": "cooldown", "message": "Cooldown 1.7s (after capture)", "data": null, "seq": 6805}
{"ts": "2026-04-28T17:13:52.772504+00:00", "level": "INFO", "jobId": "2f2a613e-a1d1-4ba7-947f-502762213a83", "keyword": "khai trương ưu đãi", "step": "capture", "message": "Capturing 41/70 (viewport)…", "data": null, "seq": 6806}
{"ts": "2026-04-28T17:13:52.873973+00:00", "level": "INFO", "jobId": "2f2a613e-a1d1-4ba7-947f-502762213a83", "keyword": "khai trương ưu đãi", "step": "capture", "message": "Expanded \"Xem thêm\" (exact-class): +1 (total 1)", "data": null, "seq": 6807}
{"ts": "2026-04-28T17:14:16.028397+00:00", "level": "INFO", "jobId": "2f2a613e-a1d1-4ba7-947f-502762213a83", "keyword": "khai trương ưu đãi", "step": "capture", "message": "Saved post_041.png", "data": null, "seq": 6808}
{"ts": "2026-04-28T17:14:16.029404+00:00", "level": "INFO", "jobId": "2f2a613e-a1d1-4ba7-947f-502762213a83", "keyword": "khai trương ưu đãi", "step": "cooldown", "message": "Cooldown 2.8s (after capture)", "data": null, "seq": 6809}
{"ts": "2026-04-28T17:14:19.458990+00:00", "level": "INFO", "jobId": "2f2a613e-a1d1-4ba7-947f-502762213a83", "keyword": "khai trương ưu đãi", "step": "capture", "message": "Capturing 42/70 (viewport)…", "data": null, "seq": 6810}
{"ts": "2026-04-28T17:14:19.606376+00:00", "level": "INFO", "jobId": "2f2a613e-a1d1-4ba7-947f-502762213a83", "keyword": "khai trương ưu đãi", "step": "capture", "message": "Expanded \"Xem thêm\" (exact-class): +1 (total 1)", "data": null, "seq": 6811}
{"ts": "2026-04-28T17:14:42.882849+00:00", "level": "INFO", "jobId": "2f2a613e-a1d1-4ba7-947f-502762213a83", "keyword": "khai trương ưu đãi", "step": "capture", "message": "Saved post_042.png", "data": null, "seq": 6812}
{"ts": "2026-04-28T17:14:42.883901+00:00", "level": "INFO", "jobId": "2f2a613e-a1d1-4ba7-947f-502762213a83", "keyword": "khai trương ưu đãi", "step": "cooldown", "message": "Cooldown 2.7s (after capture)", "data": null, "seq": 6813}
{"ts": "2026-04-28T17:14:46.151631+00:00", "level": "INFO", "jobId": "2f2a613e-a1d1-4ba7-947f-502762213a83", "keyword": "khai trương ưu đãi", "step": "capture", "message": "Capturing 43/70 (viewport)…", "data": null, "seq": 6814}
{"ts": "2026-04-28T17:14:46.250245+00:00", "level": "INFO", "jobId": "2f2a613e-a1d1-4ba7-947f-502762213a83", "keyword": "khai trương ưu đãi", "step": "capture", "message": "Expanded \"Xem thêm\" (exact-class): +1 (total 1)", "data": null, "seq": 6815}
{"ts": "2026-04-28T17:15:09.342367+00:00", "level": "INFO", "jobId": "2f2a613e-a1d1-4ba7-947f-502762213a83", "keyword": "khai trương ưu đãi", "step": "capture", "message": "Saved post_043.png", "data": null, "seq": 6816}
{"ts": "2026-04-28T17:15:09.343369+00:00", "level": "INFO", "jobId": "2f2a613e-a1d1-4ba7-947f-502762213a83", "keyword": "khai trương ưu đãi", "step": "cooldown", "message": "Cooldown 1.1s (after capture)", "data": null, "seq": 6817}
{"ts": "2026-04-28T17:15:11.068613+00:00", "level": "INFO", "jobId": "2f2a613e-a1d1-4ba7-947f-502762213a83", "keyword": "khai trương ưu đãi", "step": "capture", "message": "Capturing 44/70 (viewport)…", "data": null, "seq": 6818}
{"ts": "2026-04-28T17:15:34.104333+00:00", "level": "INFO", "jobId": "2f2a613e-a1d1-4ba7-947f-502762213a83", "keyword": "khai trương ưu đãi", "step": "capture", "message": "Saved post_044.png", "data": null, "seq": 6819}
{"ts": "2026-04-28T17:15:34.104333+00:00", "level": "INFO", "jobId": "2f2a613e-a1d1-4ba7-947f-502762213a83", "keyword": "khai trương ưu đãi", "step": "cooldown", "message": "Cooldown 1.8s (after capture)", "data": null, "seq": 6820}
{"ts": "2026-04-28T17:15:36.497480+00:00", "level": "INFO", "jobId": "2f2a613e-a1d1-4ba7-947f-502762213a83", "keyword": "khai trương ưu đãi", "step": "capture", "message": "Capturing 45/70 (viewport)…", "data": null, "seq": 6821}
{"ts": "2026-04-28T17:15:36.695531+00:00", "level": "INFO", "jobId": "2f2a613e-a1d1-4ba7-947f-502762213a83", "keyword": "khai trương ưu đãi", "step": "capture", "message": "Expanded \"Xem thêm\" (exact-class): +2 (total 2)", "data": null, "seq": 6822}
{"ts": "2026-04-28T17:15:59.791565+00:00", "level": "INFO", "jobId": "2f2a613e-a1d1-4ba7-947f-502762213a83", "keyword": "khai trương ưu đãi", "step": "capture", "message": "Saved post_045.png", "data": null, "seq": 6823}
{"ts": "2026-04-28T17:15:59.791565+00:00", "level": "INFO", "jobId": "2f2a613e-a1d1-4ba7-947f-502762213a83", "keyword": "khai trương ưu đãi", "step": "cooldown", "message": "Cooldown 1.9s (after capture)", "data": null, "seq": 6824}
{"ts": "2026-04-28T17:16:02.286430+00:00", "level": "INFO", "jobId": "2f2a613e-a1d1-4ba7-947f-502762213a83", "keyword": "khai trương ưu đãi", "step": "capture", "message": "Capturing 46/70 (viewport)…", "data": null, "seq": 6825}
{"ts": "2026-04-28T17:16:02.410815+00:00", "level": "INFO", "jobId": "2f2a613e-a1d1-4ba7-947f-502762213a83", "keyword": "khai trương ưu đãi", "step": "capture", "message": "Expanded \"Xem thêm\" (exact-class): +1 (total 1)", "data": null, "seq": 6826}
{"ts": "2026-04-28T17:16:25.399972+00:00", "level": "INFO", "jobId": "2f2a613e-a1d1-4ba7-947f-502762213a83", "keyword": "khai trương ưu đãi", "step": "capture", "message": "Saved post_046.png", "data": null, "seq": 6827}
{"ts": "2026-04-28T17:16:25.399972+00:00", "level": "INFO", "jobId": "2f2a613e-a1d1-4ba7-947f-502762213a83", "keyword": "khai trương ưu đãi", "step": "cooldown", "message": "Cooldown 1.4s (after capture)", "data": null, "seq": 6828}
{"ts": "2026-04-28T17:16:27.353528+00:00", "level": "INFO", "jobId": "2f2a613e-a1d1-4ba7-947f-502762213a83", "keyword": "khai trương ưu đãi", "step": "capture", "message": "Capturing 47/70 (viewport)…", "data": null, "seq": 6829}
{"ts": "2026-04-28T17:16:27.527576+00:00", "level": "INFO", "jobId": "2f2a613e-a1d1-4ba7-947f-502762213a83", "keyword": "khai trương ưu đãi", "step": "capture", "message": "Expanded \"Xem thêm\" (exact-class): +1 (total 1)", "data": null, "seq": 6830}
{"ts": "2026-04-28T17:16:50.592038+00:00", "level": "INFO", "jobId": "2f2a613e-a1d1-4ba7-947f-502762213a83", "keyword": "khai trương ưu đãi", "step": "capture", "message": "Saved post_047.png", "data": null, "seq": 6831}
{"ts": "2026-04-28T17:16:50.592038+00:00", "level": "INFO", "jobId": "2f2a613e-a1d1-4ba7-947f-502762213a83", "keyword": "khai trương ưu đãi", "step": "cooldown", "message": "Cooldown 1.3s (after capture)", "data": null, "seq": 6832}
{"ts": "2026-04-28T17:16:52.501591+00:00", "level": "INFO", "jobId": "2f2a613e-a1d1-4ba7-947f-502762213a83", "keyword": "khai trương ưu đãi", "step": "capture", "message": "Capturing 48/70 (viewport)…", "data": null, "seq": 6833}
{"ts": "2026-04-28T17:17:15.076280+00:00", "level": "INFO", "jobId": "2f2a613e-a1d1-4ba7-947f-502762213a83", "keyword": "khai trương ưu đãi", "step": "capture", "message": "Saved post_048.png", "data": null, "seq": 6834}
{"ts": "2026-04-28T17:17:15.076280+00:00", "level": "INFO", "jobId": "2f2a613e-a1d1-4ba7-947f-502762213a83", "keyword": "khai trương ưu đãi", "step": "cooldown", "message": "Cooldown 3.0s (after capture)", "data": null, "seq": 6835}
{"ts": "2026-04-28T17:17:18.735144+00:00", "level": "INFO", "jobId": "2f2a613e-a1d1-4ba7-947f-502762213a83", "keyword": "khai trương ưu đãi", "step": "capture", "message": "Capturing 49/70 (viewport)…", "data": null, "seq": 6836}
{"ts": "2026-04-28T17:17:18.882063+00:00", "level": "INFO", "jobId": "2f2a613e-a1d1-4ba7-947f-502762213a83", "keyword": "khai trương ưu đãi", "step": "capture", "message": "Expanded \"Xem thêm\" (exact-class): +1 (total 1)", "data": null, "seq": 6837}
{"ts": "2026-04-28T17:17:41.974228+00:00", "level": "INFO", "jobId": "2f2a613e-a1d1-4ba7-947f-502762213a83", "keyword": "khai trương ưu đãi", "step": "capture", "message": "Saved post_049.png", "data": null, "seq": 6838}
{"ts": "2026-04-28T17:17:41.974228+00:00", "level": "INFO", "jobId": "2f2a613e-a1d1-4ba7-947f-502762213a83", "keyword": "khai trương ưu đãi", "step": "cooldown", "message": "Cooldown 1.7s (after capture)", "data": null, "seq": 6839}
{"ts": "2026-04-28T17:17:44.303888+00:00", "level": "INFO", "jobId": "2f2a613e-a1d1-4ba7-947f-502762213a83", "keyword": "khai trương ưu đãi", "step": "capture", "message": "Capturing 50/70 (viewport)…", "data": null, "seq": 6840}
{"ts": "2026-04-28T17:17:44.430912+00:00", "level": "INFO", "jobId": "2f2a613e-a1d1-4ba7-947f-502762213a83", "keyword": "khai trương ưu đãi", "step": "capture", "message": "Expanded \"Xem thêm\" (exact-class): +1 (total 1)", "data": null, "seq": 6841}
{"ts": "2026-04-28T17:18:07.698880+00:00", "level": "INFO", "jobId": "2f2a613e-a1d1-4ba7-947f-502762213a83", "keyword": "khai trương ưu đãi", "step": "capture", "message": "Saved post_050.png", "data": null, "seq": 6842}
{"ts": "2026-04-28T17:18:07.698880+00:00", "level": "INFO", "jobId": "2f2a613e-a1d1-4ba7-947f-502762213a83", "keyword": "khai trương ưu đãi", "step": "cooldown", "message": "Cooldown 1.8s (after capture)", "data": null, "seq": 6843}
{"ts": "2026-04-28T17:18:10.133308+00:00", "level": "INFO", "jobId": "2f2a613e-a1d1-4ba7-947f-502762213a83", "keyword": "khai trương ưu đãi", "step": "capture", "message": "Capturing 51/70 (viewport)…", "data": null, "seq": 6844}
{"ts": "2026-04-28T17:18:33.269871+00:00", "level": "INFO", "jobId": "2f2a613e-a1d1-4ba7-947f-502762213a83", "keyword": "khai trương ưu đãi", "step": "capture", "message": "Saved post_051.png", "data": null, "seq": 6845}
{"ts": "2026-04-28T17:18:33.269871+00:00", "level": "INFO", "jobId": "2f2a613e-a1d1-4ba7-947f-502762213a83", "keyword": "khai trương ưu đãi", "step": "cooldown", "message": "Cooldown 1.7s (after capture)", "data": null, "seq": 6846}
{"ts": "2026-04-28T17:18:35.571418+00:00", "level": "INFO", "jobId": "2f2a613e-a1d1-4ba7-947f-502762213a83", "keyword": "khai trương ưu đãi", "step": "capture", "message": "Capturing 52/70 (viewport)…", "data": null, "seq": 6847}
{"ts": "2026-04-28T17:18:35.947671+00:00", "level": "INFO", "jobId": "2f2a613e-a1d1-4ba7-947f-502762213a83", "keyword": "khai trương ưu đãi", "step": "capture", "message": "Expanded \"Xem thêm\" (exact-class): +2 (total 2)", "data": null, "seq": 6848}
{"ts": "2026-04-28T17:18:59.363491+00:00", "level": "INFO", "jobId": "2f2a613e-a1d1-4ba7-947f-502762213a83", "keyword": "khai trương ưu đãi", "step": "capture", "message": "Saved post_052.png", "data": null, "seq": 6849}
{"ts": "2026-04-28T17:18:59.363491+00:00", "level": "INFO", "jobId": "2f2a613e-a1d1-4ba7-947f-502762213a83", "keyword": "khai trương ưu đãi", "step": "cooldown", "message": "Cooldown 1.2s (after capture)", "data": null, "seq": 6850}
{"ts": "2026-04-28T17:19:01.133148+00:00", "level": "INFO", "jobId": "2f2a613e-a1d1-4ba7-947f-502762213a83", "keyword": "khai trương ưu đãi", "step": "capture", "message": "Capturing 53/70 (viewport)…", "data": null, "seq": 6851}
{"ts": "2026-04-28T17:19:01.308194+00:00", "level": "INFO", "jobId": "2f2a613e-a1d1-4ba7-947f-502762213a83", "keyword": "khai trương ưu đãi", "step": "capture", "message": "Expanded \"Xem thêm\" (exact-class): +1 (total 1)", "data": null, "seq": 6852}
{"ts": "2026-04-28T17:19:24.408916+00:00", "level": "INFO", "jobId": "2f2a613e-a1d1-4ba7-947f-502762213a83", "keyword": "khai trương ưu đãi", "step": "capture", "message": "Saved post_053.png", "data": null, "seq": 6853}
{"ts": "2026-04-28T17:19:24.408916+00:00", "level": "INFO", "jobId": "2f2a613e-a1d1-4ba7-947f-502762213a83", "keyword": "khai trương ưu đãi", "step": "cooldown", "message": "Cooldown 2.5s (after capture)", "data": null, "seq": 6854}
{"ts": "2026-04-28T17:19:27.523176+00:00", "level": "INFO", "jobId": "2f2a613e-a1d1-4ba7-947f-502762213a83", "keyword": "khai trương ưu đãi", "step": "capture", "message": "Capturing 54/70 (viewport)…", "data": null, "seq": 6855}
{"ts": "2026-04-28T17:19:27.661717+00:00", "level": "INFO", "jobId": "2f2a613e-a1d1-4ba7-947f-502762213a83", "keyword": "khai trương ưu đãi", "step": "capture", "message": "Expanded \"Xem thêm\" (exact-class): +1 (total 1)", "data": null, "seq": 6856}
{"ts": "2026-04-28T17:19:50.802395+00:00", "level": "INFO", "jobId": "2f2a613e-a1d1-4ba7-947f-502762213a83", "keyword": "khai trương ưu đãi", "step": "capture", "message": "Saved post_054.png", "data": null, "seq": 6857}
{"ts": "2026-04-28T17:19:50.803658+00:00", "level": "INFO", "jobId": "2f2a613e-a1d1-4ba7-947f-502762213a83", "keyword": "khai trương ưu đãi", "step": "cooldown", "message": "Cooldown 2.2s (after capture)", "data": null, "seq": 6858}
{"ts": "2026-04-28T17:19:53.593014+00:00", "level": "INFO", "jobId": "2f2a613e-a1d1-4ba7-947f-502762213a83", "keyword": "khai trương ưu đãi", "step": "capture", "message": "Capturing 55/70 (viewport)…", "data": null, "seq": 6859}
{"ts": "2026-04-28T17:19:53.808623+00:00", "level": "INFO", "jobId": "2f2a613e-a1d1-4ba7-947f-502762213a83", "keyword": "khai trương ưu đãi", "step": "capture", "message": "Expanded \"Xem thêm\" (exact-class): +1 (total 1)", "data": null, "seq": 6860}
{"ts": "2026-04-28T17:20:16.792080+00:00", "level": "INFO", "jobId": "2f2a613e-a1d1-4ba7-947f-502762213a83", "keyword": "khai trương ưu đãi", "step": "capture", "message": "Saved post_055.png", "data": null, "seq": 6861}
{"ts": "2026-04-28T17:20:16.792080+00:00", "level": "INFO", "jobId": "2f2a613e-a1d1-4ba7-947f-502762213a83", "keyword": "khai trương ưu đãi", "step": "cooldown", "message": "Cooldown 2.7s (after capture)", "data": null, "seq": 6862}
{"ts": "2026-04-28T17:20:20.111820+00:00", "level": "INFO", "jobId": "2f2a613e-a1d1-4ba7-947f-502762213a83", "keyword": "khai trương ưu đãi", "step": "capture", "message": "Capturing 56/70 (viewport)…", "data": null, "seq": 6863}
{"ts": "2026-04-28T17:20:20.269451+00:00", "level": "INFO", "jobId": "2f2a613e-a1d1-4ba7-947f-502762213a83", "keyword": "khai trương ưu đãi", "step": "capture", "message": "Expanded \"Xem thêm\" (exact-class): +1 (total 1)", "data": null, "seq": 6864}
{"ts": "2026-04-28T17:20:43.350819+00:00", "level": "INFO", "jobId": "2f2a613e-a1d1-4ba7-947f-502762213a83", "keyword": "khai trương ưu đãi", "step": "capture", "message": "Saved post_056.png", "data": null, "seq": 6865}
{"ts": "2026-04-28T17:20:43.350819+00:00", "level": "INFO", "jobId": "2f2a613e-a1d1-4ba7-947f-502762213a83", "keyword": "khai trương ưu đãi", "step": "cooldown", "message": "Cooldown 2.6s (after capture)", "data": null, "seq": 6866}
{"ts": "2026-04-28T17:20:46.563403+00:00", "level": "INFO", "jobId": "2f2a613e-a1d1-4ba7-947f-502762213a83", "keyword": "khai trương ưu đãi", "step": "capture", "message": "Capturing 57/70 (viewport)…", "data": null, "seq": 6867}
{"ts": "2026-04-28T17:20:46.810150+00:00", "level": "INFO", "jobId": "2f2a613e-a1d1-4ba7-947f-502762213a83", "keyword": "khai trương ưu đãi", "step": "capture", "message": "Expanded \"Xem thêm\" (exact-class): +1 (total 1)", "data": null, "seq": 6868}
{"ts": "2026-04-28T17:21:09.705604+00:00", "level": "INFO", "jobId": "2f2a613e-a1d1-4ba7-947f-502762213a83", "keyword": "khai trương ưu đãi", "step": "capture", "message": "Saved post_057.png", "data": null, "seq": 6869}
{"ts": "2026-04-28T17:21:09.705604+00:00", "level": "INFO", "jobId": "2f2a613e-a1d1-4ba7-947f-502762213a83", "keyword": "khai trương ưu đãi", "step": "cooldown", "message": "Cooldown 1.8s (after capture)", "data": null, "seq": 6870}
{"ts": "2026-04-28T17:21:12.124296+00:00", "level": "INFO", "jobId": "2f2a613e-a1d1-4ba7-947f-502762213a83", "keyword": "khai trương ưu đãi", "step": "capture", "message": "Capturing 58/70 (viewport)…", "data": null, "seq": 6871}
{"ts": "2026-04-28T17:21:12.290131+00:00", "level": "INFO", "jobId": "2f2a613e-a1d1-4ba7-947f-502762213a83", "keyword": "khai trương ưu đãi", "step": "capture", "message": "Expanded \"Xem thêm\" (exact-class): +1 (total 1)", "data": null, "seq": 6872}
{"ts": "2026-04-28T17:21:35.494257+00:00", "level": "INFO", "jobId": "2f2a613e-a1d1-4ba7-947f-502762213a83", "keyword": "khai trương ưu đãi", "step": "capture", "message": "Saved post_058.png", "data": null, "seq": 6873}
{"ts": "2026-04-28T17:21:35.494257+00:00", "level": "INFO", "jobId": "2f2a613e-a1d1-4ba7-947f-502762213a83", "keyword": "khai trương ưu đãi", "step": "cooldown", "message": "Cooldown 1.4s (after capture)", "data": null, "seq": 6874}
{"ts": "2026-04-28T17:21:37.495989+00:00", "level": "INFO", "jobId": "2f2a613e-a1d1-4ba7-947f-502762213a83", "keyword": "khai trương ưu đãi", "step": "capture", "message": "Capturing 59/70 (viewport)…", "data": null, "seq": 6875}
{"ts": "2026-04-28T17:21:37.632191+00:00", "level": "INFO", "jobId": "2f2a613e-a1d1-4ba7-947f-502762213a83", "keyword": "khai trương ưu đãi", "step": "capture", "message": "Expanded \"Xem thêm\" (exact-class): +1 (total 1)", "data": null, "seq": 6876}
{"ts": "2026-04-28T17:22:00.906727+00:00", "level": "INFO", "jobId": "2f2a613e-a1d1-4ba7-947f-502762213a83", "keyword": "khai trương ưu đãi", "step": "capture", "message": "Saved post_059.png", "data": null, "seq": 6877}
{"ts": "2026-04-28T17:22:00.906727+00:00", "level": "INFO", "jobId": "2f2a613e-a1d1-4ba7-947f-502762213a83", "keyword": "khai trương ưu đãi", "step": "cooldown", "message": "Cooldown 1.9s (after capture)", "data": null, "seq": 6878}
{"ts": "2026-04-28T17:22:03.444309+00:00", "level": "INFO", "jobId": "2f2a613e-a1d1-4ba7-947f-502762213a83", "keyword": "khai trương ưu đãi", "step": "capture", "message": "Capturing 60/70 (viewport)…", "data": null, "seq": 6879}
{"ts": "2026-04-28T17:22:03.622169+00:00", "level": "INFO", "jobId": "2f2a613e-a1d1-4ba7-947f-502762213a83", "keyword": "khai trương ưu đãi", "step": "capture", "message": "Expanded \"Xem thêm\" (exact-class): +1 (total 1)", "data": null, "seq": 6880}
{"ts": "2026-04-28T17:22:26.533337+00:00", "level": "INFO", "jobId": "2f2a613e-a1d1-4ba7-947f-502762213a83", "keyword": "khai trương ưu đãi", "step": "capture", "message": "Saved post_060.png", "data": null, "seq": 6881}
{"ts": "2026-04-28T17:22:26.534337+00:00", "level": "INFO", "jobId": "2f2a613e-a1d1-4ba7-947f-502762213a83", "keyword": "khai trương ưu đãi", "step": "cooldown", "message": "Cooldown 1.5s (after capture)", "data": null, "seq": 6882}
{"ts": "2026-04-28T17:22:28.658055+00:00", "level": "INFO", "jobId": "2f2a613e-a1d1-4ba7-947f-502762213a83", "keyword": "khai trương ưu đãi", "step": "capture", "message": "Capturing 61/70 (viewport)…", "data": null, "seq": 6883}
{"ts": "2026-04-28T17:22:28.832884+00:00", "level": "INFO", "jobId": "2f2a613e-a1d1-4ba7-947f-502762213a83", "keyword": "khai trương ưu đãi", "step": "capture", "message": "Expanded \"Xem thêm\" (exact-class): +1 (total 1)", "data": null, "seq": 6884}
{"ts": "2026-04-28T17:22:51.974044+00:00", "level": "INFO", "jobId": "2f2a613e-a1d1-4ba7-947f-502762213a83", "keyword": "khai trương ưu đãi", "step": "capture", "message": "Saved post_061.png", "data": null, "seq": 6885}
{"ts": "2026-04-28T17:22:51.975054+00:00", "level": "INFO", "jobId": "2f2a613e-a1d1-4ba7-947f-502762213a83", "keyword": "khai trương ưu đãi", "step": "cooldown", "message": "Cooldown 1.8s (after capture)", "data": null, "seq": 6886}
{"ts": "2026-04-28T17:22:54.317529+00:00", "level": "INFO", "jobId": "2f2a613e-a1d1-4ba7-947f-502762213a83", "keyword": "khai trương ưu đãi", "step": "capture", "message": "Capturing 62/70 (viewport)…", "data": null, "seq": 6887}
{"ts": "2026-04-28T17:22:54.480527+00:00", "level": "INFO", "jobId": "2f2a613e-a1d1-4ba7-947f-502762213a83", "keyword": "khai trương ưu đãi", "step": "capture", "message": "Expanded \"Xem thêm\" (exact-class): +1 (total 1)", "data": null, "seq": 6888}
{"ts": "2026-04-28T17:23:17.733074+00:00", "level": "INFO", "jobId": "2f2a613e-a1d1-4ba7-947f-502762213a83", "keyword": "khai trương ưu đãi", "step": "capture", "message": "Saved post_062.png", "data": null, "seq": 6889}
{"ts": "2026-04-28T17:23:17.733074+00:00", "level": "INFO", "jobId": "2f2a613e-a1d1-4ba7-947f-502762213a83", "keyword": "khai trương ưu đãi", "step": "cooldown", "message": "Cooldown 1.6s (after capture)", "data": null, "seq": 6890}
{"ts": "2026-04-28T17:23:19.916878+00:00", "level": "INFO", "jobId": "2f2a613e-a1d1-4ba7-947f-502762213a83", "keyword": "khai trương ưu đãi", "step": "capture", "message": "Capturing 63/70 (viewport)…", "data": null, "seq": 6891}
{"ts": "2026-04-28T17:23:20.136378+00:00", "level": "INFO", "jobId": "2f2a613e-a1d1-4ba7-947f-502762213a83", "keyword": "khai trương ưu đãi", "step": "capture", "message": "Expanded \"Xem thêm\" (exact-class): +2 (total 2)", "data": null, "seq": 6892}
{"ts": "2026-04-28T17:23:43.311475+00:00", "level": "INFO", "jobId": "2f2a613e-a1d1-4ba7-947f-502762213a83", "keyword": "khai trương ưu đãi", "step": "capture", "message": "Saved post_063.png", "data": null, "seq": 6893}
{"ts": "2026-04-28T17:23:43.311475+00:00", "level": "INFO", "jobId": "2f2a613e-a1d1-4ba7-947f-502762213a83", "keyword": "khai trương ưu đãi", "step": "cooldown", "message": "Cooldown 2.6s (after capture)", "data": null, "seq": 6894}
{"ts": "2026-04-28T17:23:46.518731+00:00", "level": "INFO", "jobId": "2f2a613e-a1d1-4ba7-947f-502762213a83", "keyword": "khai trương ưu đãi", "step": "capture", "message": "Capturing 64/70 (viewport)…", "data": null, "seq": 6895}
{"ts": "2026-04-28T17:23:46.641231+00:00", "level": "INFO", "jobId": "2f2a613e-a1d1-4ba7-947f-502762213a83", "keyword": "khai trương ưu đãi", "step": "capture", "message": "Expanded \"Xem thêm\" (exact-class): +1 (total 1)", "data": null, "seq": 6896}
{"ts": "2026-04-28T17:24:09.896588+00:00", "level": "INFO", "jobId": "2f2a613e-a1d1-4ba7-947f-502762213a83", "keyword": "khai trương ưu đãi", "step": "capture", "message": "Saved post_064.png", "data": null, "seq": 6897}
{"ts": "2026-04-28T17:24:09.896588+00:00", "level": "INFO", "jobId": "2f2a613e-a1d1-4ba7-947f-502762213a83", "keyword": "khai trương ưu đãi", "step": "cooldown", "message": "Cooldown 2.7s (after capture)", "data": null, "seq": 6898}
{"ts": "2026-04-28T17:24:13.194727+00:00", "level": "INFO", "jobId": "2f2a613e-a1d1-4ba7-947f-502762213a83", "keyword": "khai trương ưu đãi", "step": "capture", "message": "Capturing 65/70 (viewport)…", "data": null, "seq": 6899}
{"ts": "2026-04-28T17:24:35.909821+00:00", "level": "INFO", "jobId": "2f2a613e-a1d1-4ba7-947f-502762213a83", "keyword": "khai trương ưu đãi", "step": "capture", "message": "Saved post_065.png", "data": null, "seq": 6900}
{"ts": "2026-04-28T17:24:35.909821+00:00", "level": "INFO", "jobId": "2f2a613e-a1d1-4ba7-947f-502762213a83", "keyword": "khai trương ưu đãi", "step": "cooldown", "message": "Cooldown 1.1s (after capture)", "data": null, "seq": 6901}
{"ts": "2026-04-28T17:24:37.596356+00:00", "level": "INFO", "jobId": "2f2a613e-a1d1-4ba7-947f-502762213a83", "keyword": "khai trương ưu đãi", "step": "capture", "message": "Capturing 66/70 (viewport)…", "data": null, "seq": 6902}
{"ts": "2026-04-28T17:24:37.830826+00:00", "level": "INFO", "jobId": "2f2a613e-a1d1-4ba7-947f-502762213a83", "keyword": "khai trương ưu đãi", "step": "capture", "message": "Expanded \"Xem thêm\" (exact-class): +1 (total 1)", "data": null, "seq": 6903}
{"ts": "2026-04-28T17:25:01.035018+00:00", "level": "INFO", "jobId": "2f2a613e-a1d1-4ba7-947f-502762213a83", "keyword": "khai trương ưu đãi", "step": "capture", "message": "Saved post_066.png", "data": null, "seq": 6904}
{"ts": "2026-04-28T17:25:01.035018+00:00", "level": "INFO", "jobId": "2f2a613e-a1d1-4ba7-947f-502762213a83", "keyword": "khai trương ưu đãi", "step": "cooldown", "message": "Cooldown 2.6s (after capture)", "data": null, "seq": 6905}
{"ts": "2026-04-28T17:25:04.191762+00:00", "level": "INFO", "jobId": "2f2a613e-a1d1-4ba7-947f-502762213a83", "keyword": "khai trương ưu đãi", "step": "capture", "message": "Capturing 67/70 (viewport)…", "data": null, "seq": 6906}
{"ts": "2026-04-28T17:25:04.356276+00:00", "level": "INFO", "jobId": "2f2a613e-a1d1-4ba7-947f-502762213a83", "keyword": "khai trương ưu đãi", "step": "capture", "message": "Expanded \"Xem thêm\" (exact-class): +1 (total 1)", "data": null, "seq": 6907}
{"ts": "2026-04-28T17:25:27.748645+00:00", "level": "INFO", "jobId": "2f2a613e-a1d1-4ba7-947f-502762213a83", "keyword": "khai trương ưu đãi", "step": "capture", "message": "Saved post_067.png", "data": null, "seq": 6908}
{"ts": "2026-04-28T17:25:27.748645+00:00", "level": "INFO", "jobId": "2f2a613e-a1d1-4ba7-947f-502762213a83", "keyword": "khai trương ưu đãi", "step": "cooldown", "message": "Cooldown 1.2s (after capture)", "data": null, "seq": 6909}
{"ts": "2026-04-28T17:25:29.550730+00:00", "level": "INFO", "jobId": "2f2a613e-a1d1-4ba7-947f-502762213a83", "keyword": "khai trương ưu đãi", "step": "capture", "message": "Capturing 68/70 (viewport)…", "data": null, "seq": 6910}
{"ts": "2026-04-28T17:25:29.859439+00:00", "level": "INFO", "jobId": "2f2a613e-a1d1-4ba7-947f-502762213a83", "keyword": "khai trương ưu đãi", "step": "capture", "message": "Expanded \"Xem thêm\" (exact-class): +1 (total 1)", "data": null, "seq": 6911}
{"ts": "2026-04-28T17:25:52.913252+00:00", "level": "INFO", "jobId": "2f2a613e-a1d1-4ba7-947f-502762213a83", "keyword": "khai trương ưu đãi", "step": "capture", "message": "Saved post_068.png", "data": null, "seq": 6912}
{"ts": "2026-04-28T17:25:52.913252+00:00", "level": "INFO", "jobId": "2f2a613e-a1d1-4ba7-947f-502762213a83", "keyword": "khai trương ưu đãi", "step": "cooldown", "message": "Cooldown 1.2s (after capture)", "data": null, "seq": 6913}
{"ts": "2026-04-28T17:25:54.732518+00:00", "level": "INFO", "jobId": "2f2a613e-a1d1-4ba7-947f-502762213a83", "keyword": "khai trương ưu đãi", "step": "capture", "message": "Capturing 69/70 (viewport)…", "data": null, "seq": 6914}
{"ts": "2026-04-28T17:25:54.869230+00:00", "level": "INFO", "jobId": "2f2a613e-a1d1-4ba7-947f-502762213a83", "keyword": "khai trương ưu đãi", "step": "capture", "message": "Expanded \"Xem thêm\" (exact-class): +1 (total 1)", "data": null, "seq": 6915}
{"ts": "2026-04-28T17:26:18.157592+00:00", "level": "INFO", "jobId": "2f2a613e-a1d1-4ba7-947f-502762213a83", "keyword": "khai trương ưu đãi", "step": "capture", "message": "Saved post_069.png", "data": null, "seq": 6916}
{"ts": "2026-04-28T17:26:18.157592+00:00", "level": "INFO", "jobId": "2f2a613e-a1d1-4ba7-947f-502762213a83", "keyword": "khai trương ưu đãi", "step": "cooldown", "message": "Cooldown 1.3s (after capture)", "data": null, "seq": 6917}
{"ts": "2026-04-28T17:26:20.064595+00:00", "level": "INFO", "jobId": "2f2a613e-a1d1-4ba7-947f-502762213a83", "keyword": "khai trương ưu đãi", "step": "capture", "message": "Capturing 70/70 (viewport)…", "data": null, "seq": 6918}
{"ts": "2026-04-28T17:26:20.361487+00:00", "level": "INFO", "jobId": "2f2a613e-a1d1-4ba7-947f-502762213a83", "keyword": "khai trương ưu đãi", "step": "capture", "message": "Expanded \"Xem thêm\" (exact-class): +1 (total 1)", "data": null, "seq": 6919}
{"ts": "2026-04-28T17:26:43.780182+00:00", "level": "INFO", "jobId": "2f2a613e-a1d1-4ba7-947f-502762213a83", "keyword": "khai trương ưu đãi", "step": "capture", "message": "Saved post_070.png", "data": null, "seq": 6920}
{"ts": "2026-04-28T17:26:43.780182+00:00", "level": "INFO", "jobId": "2f2a613e-a1d1-4ba7-947f-502762213a83", "keyword": "khai trương ưu đãi", "step": "cooldown", "message": "Cooldown 2.0s (after capture)", "data": null, "seq": 6921}
{"ts": "2026-04-28T17:26:45.801892+00:00", "level": "INFO", "jobId": "2f2a613e-a1d1-4ba7-947f-502762213a83", "keyword": "khai trương ưu đãi", "step": "done", "message": "Completed. Saved=70", "data": null, "seq": 6922}
