{"ts": "2026-04-28T19:39:46.135418+00:00", "level": "INFO", "jobId": "4f33a1d6-1ea0-4631-9cda-19e9b28a017a", "keyword": "khai trương đặc biệt", "step": "start", "message": "Job started (attempt 1/2)", "data": null, "seq": 8756}
{"ts": "2026-04-28T19:39:50.532178+00:00", "level": "INFO", "jobId": "4f33a1d6-1ea0-4631-9cda-19e9b28a017a", "keyword": "khai trương đặc biệt", "step": "login", "message": "Already logged in (profile session).", "data": null, "seq": 8757}
{"ts": "2026-04-28T19:39:51.030998+00:00", "level": "INFO", "jobId": "4f33a1d6-1ea0-4631-9cda-19e9b28a017a", "keyword": "khai trương đặc biệt", "step": "search", "message": "Searching keyword: \"khai trương đặc biệt\"", "data": null, "seq": 8758}
{"ts": "2026-04-28T19:39:54.963228+00:00", "level": "INFO", "jobId": "4f33a1d6-1ea0-4631-9cda-19e9b28a017a", "keyword": "khai trương đặc biệt", "step": "capture", "message": "Start capturing up to 70 posts.", "data": null, "seq": 8759}
{"ts": "2026-04-28T19:39:54.963228+00:00", "level": "INFO", "jobId": "4f33a1d6-1ea0-4631-9cda-19e9b28a017a", "keyword": "khai trương đặc biệt", "step": "capture", "message": "Output folder: Lan 1 - 0239", "data": null, "seq": 8760}
{"ts": "2026-04-28T19:39:55.598083+00:00", "level": "INFO", "jobId": "4f33a1d6-1ea0-4631-9cda-19e9b28a017a", "keyword": "khai trương đặc biệt", "step": "capture", "message": "Capturing 1/70 (viewport)…", "data": null, "seq": 8761}
{"ts": "2026-04-28T19:40:08.307631+00:00", "level": "INFO", "jobId": "4f33a1d6-1ea0-4631-9cda-19e9b28a017a", "keyword": "khai trương đặc biệt", "step": "capture", "message": "Saved post_001.png", "data": null, "seq": 8762}
{"ts": "2026-04-28T19:40:08.308721+00:00", "level": "INFO", "jobId": "4f33a1d6-1ea0-4631-9cda-19e9b28a017a", "keyword": "khai trương đặc biệt", "step": "cooldown", "message": "Cooldown 1.5s (after capture)", "data": null, "seq": 8763}
{"ts": "2026-04-28T19:40:10.362120+00:00", "level": "INFO", "jobId": "4f33a1d6-1ea0-4631-9cda-19e9b28a017a", "keyword": "khai trương đặc biệt", "step": "capture", "message": "Capturing 2/70 (viewport)…", "data": null, "seq": 8764}
{"ts": "2026-04-28T19:40:10.445141+00:00", "level": "INFO", "jobId": "4f33a1d6-1ea0-4631-9cda-19e9b28a017a", "keyword": "khai trương đặc biệt", "step": "capture", "message": "Expanded \"Xem thêm\" (exact-class): +2 (total 2)", "data": null, "seq": 8765}
{"ts": "2026-04-28T19:40:23.350786+00:00", "level": "INFO", "jobId": "4f33a1d6-1ea0-4631-9cda-19e9b28a017a", "keyword": "khai trương đặc biệt", "step": "capture", "message": "Saved post_002.png", "data": null, "seq": 8766}
{"ts": "2026-04-28T19:40:23.350786+00:00", "level": "INFO", "jobId": "4f33a1d6-1ea0-4631-9cda-19e9b28a017a", "keyword": "khai trương đặc biệt", "step": "cooldown", "message": "Cooldown 1.7s (after capture)", "data": null, "seq": 8767}
{"ts": "2026-04-28T19:40:25.623774+00:00", "level": "INFO", "jobId": "4f33a1d6-1ea0-4631-9cda-19e9b28a017a", "keyword": "khai trương đặc biệt", "step": "capture", "message": "Capturing 3/70 (viewport)…", "data": null, "seq": 8768}
{"ts": "2026-04-28T19:40:38.144615+00:00", "level": "INFO", "jobId": "4f33a1d6-1ea0-4631-9cda-19e9b28a017a", "keyword": "khai trương đặc biệt", "step": "capture", "message": "Saved post_003.png", "data": null, "seq": 8769}
{"ts": "2026-04-28T19:40:38.144615+00:00", "level": "INFO", "jobId": "4f33a1d6-1ea0-4631-9cda-19e9b28a017a", "keyword": "khai trương đặc biệt", "step": "cooldown", "message": "Cooldown 2.5s (after capture)", "data": null, "seq": 8770}
{"ts": "2026-04-28T19:40:43.816162+00:00", "level": "INFO", "jobId": "4f33a1d6-1ea0-4631-9cda-19e9b28a017a", "keyword": "khai trương đặc biệt", "step": "capture", "message": "Capturing 4/70 (viewport)…", "data": null, "seq": 8771}
{"ts": "2026-04-28T19:40:43.990575+00:00", "level": "INFO", "jobId": "4f33a1d6-1ea0-4631-9cda-19e9b28a017a", "keyword": "khai trương đặc biệt", "step": "capture", "message": "Expanded \"Xem thêm\" (exact-class): +1 (total 1)", "data": null, "seq": 8772}
{"ts": "2026-04-28T19:40:56.804612+00:00", "level": "INFO", "jobId": "4f33a1d6-1ea0-4631-9cda-19e9b28a017a", "keyword": "khai trương đặc biệt", "step": "capture", "message": "Saved post_004.png", "data": null, "seq": 8773}
{"ts": "2026-04-28T19:40:56.804612+00:00", "level": "INFO", "jobId": "4f33a1d6-1ea0-4631-9cda-19e9b28a017a", "keyword": "khai trương đặc biệt", "step": "cooldown", "message": "Cooldown 2.1s (after capture)", "data": null, "seq": 8774}
{"ts": "2026-04-28T19:40:59.471727+00:00", "level": "INFO", "jobId": "4f33a1d6-1ea0-4631-9cda-19e9b28a017a", "keyword": "khai trương đặc biệt", "step": "capture", "message": "Capturing 5/70 (viewport)…", "data": null, "seq": 8775}
{"ts": "2026-04-28T19:40:59.558242+00:00", "level": "INFO", "jobId": "4f33a1d6-1ea0-4631-9cda-19e9b28a017a", "keyword": "khai trương đặc biệt", "step": "capture", "message": "Expanded \"Xem thêm\" (exact-class): +1 (total 1)", "data": null, "seq": 8776}
{"ts": "2026-04-28T19:41:12.568995+00:00", "level": "INFO", "jobId": "4f33a1d6-1ea0-4631-9cda-19e9b28a017a", "keyword": "khai trương đặc biệt", "step": "capture", "message": "Saved post_005.png", "data": null, "seq": 8777}
{"ts": "2026-04-28T19:41:12.568995+00:00", "level": "INFO", "jobId": "4f33a1d6-1ea0-4631-9cda-19e9b28a017a", "keyword": "khai trương đặc biệt", "step": "cooldown", "message": "Cooldown 2.6s (after capture)", "data": null, "seq": 8778}
{"ts": "2026-04-28T19:41:15.646333+00:00", "level": "INFO", "jobId": "4f33a1d6-1ea0-4631-9cda-19e9b28a017a", "keyword": "khai trương đặc biệt", "step": "capture", "message": "Capturing 6/70 (viewport)…", "data": null, "seq": 8779}
{"ts": "2026-04-28T19:41:15.741750+00:00", "level": "INFO", "jobId": "4f33a1d6-1ea0-4631-9cda-19e9b28a017a", "keyword": "khai trương đặc biệt", "step": "capture", "message": "Expanded \"Xem thêm\" (exact-class): +1 (total 1)", "data": null, "seq": 8780}
{"ts": "2026-04-28T19:41:28.784083+00:00", "level": "INFO", "jobId": "4f33a1d6-1ea0-4631-9cda-19e9b28a017a", "keyword": "khai trương đặc biệt", "step": "capture", "message": "Saved post_006.png", "data": null, "seq": 8781}
{"ts": "2026-04-28T19:41:28.784083+00:00", "level": "INFO", "jobId": "4f33a1d6-1ea0-4631-9cda-19e9b28a017a", "keyword": "khai trương đặc biệt", "step": "cooldown", "message": "Cooldown 1.4s (after capture)", "data": null, "seq": 8782}
{"ts": "2026-04-28T19:41:30.733564+00:00", "level": "INFO", "jobId": "4f33a1d6-1ea0-4631-9cda-19e9b28a017a", "keyword": "khai trương đặc biệt", "step": "capture", "message": "Capturing 7/70 (viewport)…", "data": null, "seq": 8783}
{"ts": "2026-04-28T19:41:30.800264+00:00", "level": "INFO", "jobId": "4f33a1d6-1ea0-4631-9cda-19e9b28a017a", "keyword": "khai trương đặc biệt", "step": "capture", "message": "Expanded \"Xem thêm\" (exact-class): +1 (total 1)", "data": null, "seq": 8784}
{"ts": "2026-04-28T19:41:43.821216+00:00", "level": "INFO", "jobId": "4f33a1d6-1ea0-4631-9cda-19e9b28a017a", "keyword": "khai trương đặc biệt", "step": "capture", "message": "Saved post_007.png", "data": null, "seq": 8785}
{"ts": "2026-04-28T19:41:43.822227+00:00", "level": "INFO", "jobId": "4f33a1d6-1ea0-4631-9cda-19e9b28a017a", "keyword": "khai trương đặc biệt", "step": "cooldown", "message": "Cooldown 2.4s (after capture)", "data": null, "seq": 8786}
{"ts": "2026-04-28T19:41:46.725928+00:00", "level": "INFO", "jobId": "4f33a1d6-1ea0-4631-9cda-19e9b28a017a", "keyword": "khai trương đặc biệt", "step": "capture", "message": "Capturing 8/70 (viewport)…", "data": null, "seq": 8787}
{"ts": "2026-04-28T19:41:46.819289+00:00", "level": "INFO", "jobId": "4f33a1d6-1ea0-4631-9cda-19e9b28a017a", "keyword": "khai trương đặc biệt", "step": "capture", "message": "Expanded \"Xem thêm\" (exact-class): +1 (total 1)", "data": null, "seq": 8788}
{"ts": "2026-04-28T19:41:59.698956+00:00", "level": "INFO", "jobId": "4f33a1d6-1ea0-4631-9cda-19e9b28a017a", "keyword": "khai trương đặc biệt", "step": "capture", "message": "Saved post_008.png", "data": null, "seq": 8789}
{"ts": "2026-04-28T19:41:59.698956+00:00", "level": "INFO", "jobId": "4f33a1d6-1ea0-4631-9cda-19e9b28a017a", "keyword": "khai trương đặc biệt", "step": "cooldown", "message": "Cooldown 2.8s (after capture)", "data": null, "seq": 8790}
{"ts": "2026-04-28T19:42:03.002507+00:00", "level": "INFO", "jobId": "4f33a1d6-1ea0-4631-9cda-19e9b28a017a", "keyword": "khai trương đặc biệt", "step": "capture", "message": "Capturing 9/70 (viewport)…", "data": null, "seq": 8791}
{"ts": "2026-04-28T19:42:03.090086+00:00", "level": "INFO", "jobId": "4f33a1d6-1ea0-4631-9cda-19e9b28a017a", "keyword": "khai trương đặc biệt", "step": "capture", "message": "Expanded \"Xem thêm\" (exact-class): +1 (total 1)", "data": null, "seq": 8792}
{"ts": "2026-04-28T19:42:16.112887+00:00", "level": "INFO", "jobId": "4f33a1d6-1ea0-4631-9cda-19e9b28a017a", "keyword": "khai trương đặc biệt", "step": "capture", "message": "Saved post_009.png", "data": null, "seq": 8793}
{"ts": "2026-04-28T19:42:16.112887+00:00", "level": "INFO", "jobId": "4f33a1d6-1ea0-4631-9cda-19e9b28a017a", "keyword": "khai trương đặc biệt", "step": "cooldown", "message": "Cooldown 2.3s (after capture)", "data": null, "seq": 8794}
{"ts": "2026-04-28T19:42:19.002835+00:00", "level": "INFO", "jobId": "4f33a1d6-1ea0-4631-9cda-19e9b28a017a", "keyword": "khai trương đặc biệt", "step": "capture", "message": "Capturing 10/70 (viewport)…", "data": null, "seq": 8795}
{"ts": "2026-04-28T19:42:19.118406+00:00", "level": "INFO", "jobId": "4f33a1d6-1ea0-4631-9cda-19e9b28a017a", "keyword": "khai trương đặc biệt", "step": "capture", "message": "Expanded \"Xem thêm\" (exact-class): +2 (total 2)", "data": null, "seq": 8796}
{"ts": "2026-04-28T19:42:32.143859+00:00", "level": "INFO", "jobId": "4f33a1d6-1ea0-4631-9cda-19e9b28a017a", "keyword": "khai trương đặc biệt", "step": "capture", "message": "Saved post_010.png", "data": null, "seq": 8797}
{"ts": "2026-04-28T19:42:32.143859+00:00", "level": "INFO", "jobId": "4f33a1d6-1ea0-4631-9cda-19e9b28a017a", "keyword": "khai trương đặc biệt", "step": "cooldown", "message": "Cooldown 1.0s (after capture)", "data": null, "seq": 8798}
{"ts": "2026-04-28T19:42:33.746812+00:00", "level": "INFO", "jobId": "4f33a1d6-1ea0-4631-9cda-19e9b28a017a", "keyword": "khai trương đặc biệt", "step": "capture", "message": "Capturing 11/70 (viewport)…", "data": null, "seq": 8799}
{"ts": "2026-04-28T19:42:33.833023+00:00", "level": "INFO", "jobId": "4f33a1d6-1ea0-4631-9cda-19e9b28a017a", "keyword": "khai trương đặc biệt", "step": "capture", "message": "Expanded \"Xem thêm\" (exact-class): +1 (total 1)", "data": null, "seq": 8800}
{"ts": "2026-04-28T19:42:46.845622+00:00", "level": "INFO", "jobId": "4f33a1d6-1ea0-4631-9cda-19e9b28a017a", "keyword": "khai trương đặc biệt", "step": "capture", "message": "Saved post_011.png", "data": null, "seq": 8801}
{"ts": "2026-04-28T19:42:46.845622+00:00", "level": "INFO", "jobId": "4f33a1d6-1ea0-4631-9cda-19e9b28a017a", "keyword": "khai trương đặc biệt", "step": "cooldown", "message": "Cooldown 2.7s (after capture)", "data": null, "seq": 8802}
{"ts": "2026-04-28T19:42:50.158047+00:00", "level": "INFO", "jobId": "4f33a1d6-1ea0-4631-9cda-19e9b28a017a", "keyword": "khai trương đặc biệt", "step": "capture", "message": "Capturing 12/70 (viewport)…", "data": null, "seq": 8803}
{"ts": "2026-04-28T19:42:50.239138+00:00", "level": "INFO", "jobId": "4f33a1d6-1ea0-4631-9cda-19e9b28a017a", "keyword": "khai trương đặc biệt", "step": "capture", "message": "Expanded \"Xem thêm\" (exact-class): +1 (total 1)", "data": null, "seq": 8804}
{"ts": "2026-04-28T19:43:03.353778+00:00", "level": "INFO", "jobId": "4f33a1d6-1ea0-4631-9cda-19e9b28a017a", "keyword": "khai trương đặc biệt", "step": "capture", "message": "Saved post_012.png", "data": null, "seq": 8805}
{"ts": "2026-04-28T19:43:03.353778+00:00", "level": "INFO", "jobId": "4f33a1d6-1ea0-4631-9cda-19e9b28a017a", "keyword": "khai trương đặc biệt", "step": "cooldown", "message": "Cooldown 2.2s (after capture)", "data": null, "seq": 8806}
{"ts": "2026-04-28T19:43:06.121533+00:00", "level": "INFO", "jobId": "4f33a1d6-1ea0-4631-9cda-19e9b28a017a", "keyword": "khai trương đặc biệt", "step": "capture", "message": "Capturing 13/70 (viewport)…", "data": null, "seq": 8807}
{"ts": "2026-04-28T19:43:06.249322+00:00", "level": "INFO", "jobId": "4f33a1d6-1ea0-4631-9cda-19e9b28a017a", "keyword": "khai trương đặc biệt", "step": "capture", "message": "Expanded \"Xem thêm\" (exact-class): +1 (total 1)", "data": null, "seq": 8808}
{"ts": "2026-04-28T19:43:19.253650+00:00", "level": "INFO", "jobId": "4f33a1d6-1ea0-4631-9cda-19e9b28a017a", "keyword": "khai trương đặc biệt", "step": "capture", "message": "Saved post_013.png", "data": null, "seq": 8809}
{"ts": "2026-04-28T19:43:19.253650+00:00", "level": "INFO", "jobId": "4f33a1d6-1ea0-4631-9cda-19e9b28a017a", "keyword": "khai trương đặc biệt", "step": "cooldown", "message": "Cooldown 2.2s (after capture)", "data": null, "seq": 8810}
{"ts": "2026-04-28T19:43:22.001684+00:00", "level": "INFO", "jobId": "4f33a1d6-1ea0-4631-9cda-19e9b28a017a", "keyword": "khai trương đặc biệt", "step": "capture", "message": "Capturing 14/70 (viewport)…", "data": null, "seq": 8811}
{"ts": "2026-04-28T19:43:22.088199+00:00", "level": "INFO", "jobId": "4f33a1d6-1ea0-4631-9cda-19e9b28a017a", "keyword": "khai trương đặc biệt", "step": "capture", "message": "Expanded \"Xem thêm\" (exact-class): +1 (total 1)", "data": null, "seq": 8812}
{"ts": "2026-04-28T19:43:35.166635+00:00", "level": "INFO", "jobId": "4f33a1d6-1ea0-4631-9cda-19e9b28a017a", "keyword": "khai trương đặc biệt", "step": "capture", "message": "Saved post_014.png", "data": null, "seq": 8813}
{"ts": "2026-04-28T19:43:35.167641+00:00", "level": "INFO", "jobId": "4f33a1d6-1ea0-4631-9cda-19e9b28a017a", "keyword": "khai trương đặc biệt", "step": "cooldown", "message": "Cooldown 1.9s (after capture)", "data": null, "seq": 8814}
{"ts": "2026-04-28T19:43:37.627923+00:00", "level": "INFO", "jobId": "4f33a1d6-1ea0-4631-9cda-19e9b28a017a", "keyword": "khai trương đặc biệt", "step": "capture", "message": "Capturing 15/70 (viewport)…", "data": null, "seq": 8815}
{"ts": "2026-04-28T19:43:50.224793+00:00", "level": "INFO", "jobId": "4f33a1d6-1ea0-4631-9cda-19e9b28a017a", "keyword": "khai trương đặc biệt", "step": "capture", "message": "Saved post_015.png", "data": null, "seq": 8816}
{"ts": "2026-04-28T19:43:50.225832+00:00", "level": "INFO", "jobId": "4f33a1d6-1ea0-4631-9cda-19e9b28a017a", "keyword": "khai trương đặc biệt", "step": "cooldown", "message": "Cooldown 2.4s (after capture)", "data": null, "seq": 8817}
{"ts": "2026-04-28T19:43:53.204222+00:00", "level": "INFO", "jobId": "4f33a1d6-1ea0-4631-9cda-19e9b28a017a", "keyword": "khai trương đặc biệt", "step": "capture", "message": "Capturing 16/70 (viewport)…", "data": null, "seq": 8818}
{"ts": "2026-04-28T19:43:53.341060+00:00", "level": "INFO", "jobId": "4f33a1d6-1ea0-4631-9cda-19e9b28a017a", "keyword": "khai trương đặc biệt", "step": "capture", "message": "Expanded \"Xem thêm\" (exact-class): +2 (total 2)", "data": null, "seq": 8819}
{"ts": "2026-04-28T19:44:06.068186+00:00", "level": "INFO", "jobId": "4f33a1d6-1ea0-4631-9cda-19e9b28a017a", "keyword": "khai trương đặc biệt", "step": "capture", "message": "Saved post_016.png", "data": null, "seq": 8820}
{"ts": "2026-04-28T19:44:06.068186+00:00", "level": "INFO", "jobId": "4f33a1d6-1ea0-4631-9cda-19e9b28a017a", "keyword": "khai trương đặc biệt", "step": "cooldown", "message": "Cooldown 1.2s (after capture)", "data": null, "seq": 8821}
{"ts": "2026-04-28T19:44:07.874271+00:00", "level": "INFO", "jobId": "4f33a1d6-1ea0-4631-9cda-19e9b28a017a", "keyword": "khai trương đặc biệt", "step": "capture", "message": "Capturing 17/70 (viewport)…", "data": null, "seq": 8822}
{"ts": "2026-04-28T19:44:07.977539+00:00", "level": "INFO", "jobId": "4f33a1d6-1ea0-4631-9cda-19e9b28a017a", "keyword": "khai trương đặc biệt", "step": "capture", "message": "Expanded \"Xem thêm\" (exact-class): +1 (total 1)", "data": null, "seq": 8823}
{"ts": "2026-04-28T19:44:20.760889+00:00", "level": "INFO", "jobId": "4f33a1d6-1ea0-4631-9cda-19e9b28a017a", "keyword": "khai trương đặc biệt", "step": "capture", "message": "Saved post_017.png", "data": null, "seq": 8824}
{"ts": "2026-04-28T19:44:20.760889+00:00", "level": "INFO", "jobId": "4f33a1d6-1ea0-4631-9cda-19e9b28a017a", "keyword": "khai trương đặc biệt", "step": "cooldown", "message": "Cooldown 2.1s (after capture)", "data": null, "seq": 8825}
{"ts": "2026-04-28T19:44:23.410967+00:00", "level": "INFO", "jobId": "4f33a1d6-1ea0-4631-9cda-19e9b28a017a", "keyword": "khai trương đặc biệt", "step": "capture", "message": "Capturing 18/70 (viewport)…", "data": null, "seq": 8826}
{"ts": "2026-04-28T19:44:23.499923+00:00", "level": "INFO", "jobId": "4f33a1d6-1ea0-4631-9cda-19e9b28a017a", "keyword": "khai trương đặc biệt", "step": "capture", "message": "Expanded \"Xem thêm\" (exact-class): +1 (total 1)", "data": null, "seq": 8827}
{"ts": "2026-04-28T19:44:36.512523+00:00", "level": "INFO", "jobId": "4f33a1d6-1ea0-4631-9cda-19e9b28a017a", "keyword": "khai trương đặc biệt", "step": "capture", "message": "Saved post_018.png", "data": null, "seq": 8828}
{"ts": "2026-04-28T19:44:36.512523+00:00", "level": "INFO", "jobId": "4f33a1d6-1ea0-4631-9cda-19e9b28a017a", "keyword": "khai trương đặc biệt", "step": "cooldown", "message": "Cooldown 1.7s (after capture)", "data": null, "seq": 8829}
{"ts": "2026-04-28T19:44:38.812295+00:00", "level": "INFO", "jobId": "4f33a1d6-1ea0-4631-9cda-19e9b28a017a", "keyword": "khai trương đặc biệt", "step": "capture", "message": "Capturing 19/70 (viewport)…", "data": null, "seq": 8830}
{"ts": "2026-04-28T19:44:38.921225+00:00", "level": "INFO", "jobId": "4f33a1d6-1ea0-4631-9cda-19e9b28a017a", "keyword": "khai trương đặc biệt", "step": "capture", "message": "Expanded \"Xem thêm\" (exact-class): +1 (total 1)", "data": null, "seq": 8831}
{"ts": "2026-04-28T19:44:51.929446+00:00", "level": "INFO", "jobId": "4f33a1d6-1ea0-4631-9cda-19e9b28a017a", "keyword": "khai trương đặc biệt", "step": "capture", "message": "Saved post_019.png", "data": null, "seq": 8832}
{"ts": "2026-04-28T19:44:51.929446+00:00", "level": "INFO", "jobId": "4f33a1d6-1ea0-4631-9cda-19e9b28a017a", "keyword": "khai trương đặc biệt", "step": "cooldown", "message": "Cooldown 1.9s (after capture)", "data": null, "seq": 8833}
{"ts": "2026-04-28T19:44:54.438550+00:00", "level": "INFO", "jobId": "4f33a1d6-1ea0-4631-9cda-19e9b28a017a", "keyword": "khai trương đặc biệt", "step": "capture", "message": "Capturing 20/70 (viewport)…", "data": null, "seq": 8834}
{"ts": "2026-04-28T19:44:54.534840+00:00", "level": "INFO", "jobId": "4f33a1d6-1ea0-4631-9cda-19e9b28a017a", "keyword": "khai trương đặc biệt", "step": "capture", "message": "Expanded \"Xem thêm\" (exact-class): +1 (total 1)", "data": null, "seq": 8835}
{"ts": "2026-04-28T19:45:07.267156+00:00", "level": "INFO", "jobId": "4f33a1d6-1ea0-4631-9cda-19e9b28a017a", "keyword": "khai trương đặc biệt", "step": "capture", "message": "Saved post_020.png", "data": null, "seq": 8836}
{"ts": "2026-04-28T19:45:07.267156+00:00", "level": "INFO", "jobId": "4f33a1d6-1ea0-4631-9cda-19e9b28a017a", "keyword": "khai trương đặc biệt", "step": "cooldown", "message": "Cooldown 2.1s (after capture)", "data": null, "seq": 8837}
{"ts": "2026-04-28T19:45:09.904861+00:00", "level": "INFO", "jobId": "4f33a1d6-1ea0-4631-9cda-19e9b28a017a", "keyword": "khai trương đặc biệt", "step": "capture", "message": "Capturing 21/70 (viewport)…", "data": null, "seq": 8838}
{"ts": "2026-04-28T19:45:10.011512+00:00", "level": "INFO", "jobId": "4f33a1d6-1ea0-4631-9cda-19e9b28a017a", "keyword": "khai trương đặc biệt", "step": "capture", "message": "Expanded \"Xem thêm\" (exact-class): +1 (total 1)", "data": null, "seq": 8839}
{"ts": "2026-04-28T19:45:23.097913+00:00", "level": "INFO", "jobId": "4f33a1d6-1ea0-4631-9cda-19e9b28a017a", "keyword": "khai trương đặc biệt", "step": "capture", "message": "Saved post_021.png", "data": null, "seq": 8840}
{"ts": "2026-04-28T19:45:23.097913+00:00", "level": "INFO", "jobId": "4f33a1d6-1ea0-4631-9cda-19e9b28a017a", "keyword": "khai trương đặc biệt", "step": "cooldown", "message": "Cooldown 1.3s (after capture)", "data": null, "seq": 8841}
{"ts": "2026-04-28T19:45:25.014544+00:00", "level": "INFO", "jobId": "4f33a1d6-1ea0-4631-9cda-19e9b28a017a", "keyword": "khai trương đặc biệt", "step": "capture", "message": "Capturing 22/70 (viewport)…", "data": null, "seq": 8842}
{"ts": "2026-04-28T19:45:25.091683+00:00", "level": "INFO", "jobId": "4f33a1d6-1ea0-4631-9cda-19e9b28a017a", "keyword": "khai trương đặc biệt", "step": "capture", "message": "Expanded \"Xem thêm\" (exact-class): +1 (total 1)", "data": null, "seq": 8843}
{"ts": "2026-04-28T19:45:37.836348+00:00", "level": "INFO", "jobId": "4f33a1d6-1ea0-4631-9cda-19e9b28a017a", "keyword": "khai trương đặc biệt", "step": "capture", "message": "Saved post_022.png", "data": null, "seq": 8844}
{"ts": "2026-04-28T19:45:37.836348+00:00", "level": "INFO", "jobId": "4f33a1d6-1ea0-4631-9cda-19e9b28a017a", "keyword": "khai trương đặc biệt", "step": "cooldown", "message": "Cooldown 2.0s (after capture)", "data": null, "seq": 8845}
{"ts": "2026-04-28T19:45:40.425000+00:00", "level": "INFO", "jobId": "4f33a1d6-1ea0-4631-9cda-19e9b28a017a", "keyword": "khai trương đặc biệt", "step": "capture", "message": "Capturing 23/70 (viewport)…", "data": null, "seq": 8846}
{"ts": "2026-04-28T19:45:40.509954+00:00", "level": "INFO", "jobId": "4f33a1d6-1ea0-4631-9cda-19e9b28a017a", "keyword": "khai trương đặc biệt", "step": "capture", "message": "Expanded \"Xem thêm\" (exact-class): +1 (total 1)", "data": null, "seq": 8847}
{"ts": "2026-04-28T19:45:53.583155+00:00", "level": "INFO", "jobId": "4f33a1d6-1ea0-4631-9cda-19e9b28a017a", "keyword": "khai trương đặc biệt", "step": "capture", "message": "Saved post_023.png", "data": null, "seq": 8848}
{"ts": "2026-04-28T19:45:53.584269+00:00", "level": "INFO", "jobId": "4f33a1d6-1ea0-4631-9cda-19e9b28a017a", "keyword": "khai trương đặc biệt", "step": "cooldown", "message": "Cooldown 2.4s (after capture)", "data": null, "seq": 8849}
{"ts": "2026-04-28T19:45:56.649747+00:00", "level": "INFO", "jobId": "4f33a1d6-1ea0-4631-9cda-19e9b28a017a", "keyword": "khai trương đặc biệt", "step": "capture", "message": "Capturing 24/70 (viewport)…", "data": null, "seq": 8850}
{"ts": "2026-04-28T19:45:56.773187+00:00", "level": "INFO", "jobId": "4f33a1d6-1ea0-4631-9cda-19e9b28a017a", "keyword": "khai trương đặc biệt", "step": "capture", "message": "Expanded \"Xem thêm\" (exact-class): +2 (total 2)", "data": null, "seq": 8851}
{"ts": "2026-04-28T19:46:09.915106+00:00", "level": "INFO", "jobId": "4f33a1d6-1ea0-4631-9cda-19e9b28a017a", "keyword": "khai trương đặc biệt", "step": "capture", "message": "Saved post_024.png", "data": null, "seq": 8852}
{"ts": "2026-04-28T19:46:09.916211+00:00", "level": "INFO", "jobId": "4f33a1d6-1ea0-4631-9cda-19e9b28a017a", "keyword": "khai trương đặc biệt", "step": "cooldown", "message": "Cooldown 1.3s (after capture)", "data": null, "seq": 8853}
{"ts": "2026-04-28T19:46:11.823562+00:00", "level": "INFO", "jobId": "4f33a1d6-1ea0-4631-9cda-19e9b28a017a", "keyword": "khai trương đặc biệt", "step": "capture", "message": "Capturing 25/70 (viewport)…", "data": null, "seq": 8854}
{"ts": "2026-04-28T19:46:24.264459+00:00", "level": "INFO", "jobId": "4f33a1d6-1ea0-4631-9cda-19e9b28a017a", "keyword": "khai trương đặc biệt", "step": "capture", "message": "Saved post_025.png", "data": null, "seq": 8855}
{"ts": "2026-04-28T19:46:24.264459+00:00", "level": "INFO", "jobId": "4f33a1d6-1ea0-4631-9cda-19e9b28a017a", "keyword": "khai trương đặc biệt", "step": "cooldown", "message": "Cooldown 1.7s (after capture)", "data": null, "seq": 8856}
{"ts": "2026-04-28T19:46:26.627576+00:00", "level": "INFO", "jobId": "4f33a1d6-1ea0-4631-9cda-19e9b28a017a", "keyword": "khai trương đặc biệt", "step": "capture", "message": "Capturing 26/70 (viewport)…", "data": null, "seq": 8857}
{"ts": "2026-04-28T19:46:26.750860+00:00", "level": "INFO", "jobId": "4f33a1d6-1ea0-4631-9cda-19e9b28a017a", "keyword": "khai trương đặc biệt", "step": "capture", "message": "Expanded \"Xem thêm\" (exact-class): +1 (total 1)", "data": null, "seq": 8858}
{"ts": "2026-04-28T19:46:39.645291+00:00", "level": "INFO", "jobId": "4f33a1d6-1ea0-4631-9cda-19e9b28a017a", "keyword": "khai trương đặc biệt", "step": "capture", "message": "Saved post_026.png", "data": null, "seq": 8859}
{"ts": "2026-04-28T19:46:39.645291+00:00", "level": "INFO", "jobId": "4f33a1d6-1ea0-4631-9cda-19e9b28a017a", "keyword": "khai trương đặc biệt", "step": "cooldown", "message": "Cooldown 1.2s (after capture)", "data": null, "seq": 8860}
{"ts": "2026-04-28T19:46:41.467783+00:00", "level": "INFO", "jobId": "4f33a1d6-1ea0-4631-9cda-19e9b28a017a", "keyword": "khai trương đặc biệt", "step": "capture", "message": "Capturing 27/70 (viewport)…", "data": null, "seq": 8861}
{"ts": "2026-04-28T19:46:41.595836+00:00", "level": "INFO", "jobId": "4f33a1d6-1ea0-4631-9cda-19e9b28a017a", "keyword": "khai trương đặc biệt", "step": "capture", "message": "Expanded \"Xem thêm\" (exact-class): +2 (total 2)", "data": null, "seq": 8862}
{"ts": "2026-04-28T19:46:54.459171+00:00", "level": "INFO", "jobId": "4f33a1d6-1ea0-4631-9cda-19e9b28a017a", "keyword": "khai trương đặc biệt", "step": "capture", "message": "Saved post_027.png", "data": null, "seq": 8863}
{"ts": "2026-04-28T19:46:54.459171+00:00", "level": "INFO", "jobId": "4f33a1d6-1ea0-4631-9cda-19e9b28a017a", "keyword": "khai trương đặc biệt", "step": "cooldown", "message": "Cooldown 1.3s (after capture)", "data": null, "seq": 8864}
{"ts": "2026-04-28T19:46:56.313155+00:00", "level": "INFO", "jobId": "4f33a1d6-1ea0-4631-9cda-19e9b28a017a", "keyword": "khai trương đặc biệt", "step": "capture", "message": "Capturing 28/70 (viewport)…", "data": null, "seq": 8865}
{"ts": "2026-04-28T19:47:09.016508+00:00", "level": "INFO", "jobId": "4f33a1d6-1ea0-4631-9cda-19e9b28a017a", "keyword": "khai trương đặc biệt", "step": "capture", "message": "Saved post_028.png", "data": null, "seq": 8866}
{"ts": "2026-04-28T19:47:09.017543+00:00", "level": "INFO", "jobId": "4f33a1d6-1ea0-4631-9cda-19e9b28a017a", "keyword": "khai trương đặc biệt", "step": "cooldown", "message": "Cooldown 2.8s (after capture)", "data": null, "seq": 8867}
{"ts": "2026-04-28T19:47:12.405810+00:00", "level": "INFO", "jobId": "4f33a1d6-1ea0-4631-9cda-19e9b28a017a", "keyword": "khai trương đặc biệt", "step": "capture", "message": "Capturing 29/70 (viewport)…", "data": null, "seq": 8868}
{"ts": "2026-04-28T19:47:12.513631+00:00", "level": "INFO", "jobId": "4f33a1d6-1ea0-4631-9cda-19e9b28a017a", "keyword": "khai trương đặc biệt", "step": "capture", "message": "Expanded \"Xem thêm\" (exact-class): +1 (total 1)", "data": null, "seq": 8869}
{"ts": "2026-04-28T19:47:25.495248+00:00", "level": "INFO", "jobId": "4f33a1d6-1ea0-4631-9cda-19e9b28a017a", "keyword": "khai trương đặc biệt", "step": "capture", "message": "Saved post_029.png", "data": null, "seq": 8870}
{"ts": "2026-04-28T19:47:25.496250+00:00", "level": "INFO", "jobId": "4f33a1d6-1ea0-4631-9cda-19e9b28a017a", "keyword": "khai trương đặc biệt", "step": "cooldown", "message": "Cooldown 2.3s (after capture)", "data": null, "seq": 8871}
{"ts": "2026-04-28T19:47:28.407084+00:00", "level": "INFO", "jobId": "4f33a1d6-1ea0-4631-9cda-19e9b28a017a", "keyword": "khai trương đặc biệt", "step": "capture", "message": "Capturing 30/70 (viewport)…", "data": null, "seq": 8872}
{"ts": "2026-04-28T19:47:28.537799+00:00", "level": "INFO", "jobId": "4f33a1d6-1ea0-4631-9cda-19e9b28a017a", "keyword": "khai trương đặc biệt", "step": "capture", "message": "Expanded \"Xem thêm\" (exact-class): +1 (total 1)", "data": null, "seq": 8873}
{"ts": "2026-04-28T19:47:41.468525+00:00", "level": "INFO", "jobId": "4f33a1d6-1ea0-4631-9cda-19e9b28a017a", "keyword": "khai trương đặc biệt", "step": "capture", "message": "Saved post_030.png", "data": null, "seq": 8874}
{"ts": "2026-04-28T19:47:41.468525+00:00", "level": "INFO", "jobId": "4f33a1d6-1ea0-4631-9cda-19e9b28a017a", "keyword": "khai trương đặc biệt", "step": "cooldown", "message": "Cooldown 2.8s (after capture)", "data": null, "seq": 8875}
{"ts": "2026-04-28T19:47:44.902515+00:00", "level": "INFO", "jobId": "4f33a1d6-1ea0-4631-9cda-19e9b28a017a", "keyword": "khai trương đặc biệt", "step": "capture", "message": "Capturing 31/70 (viewport)…", "data": null, "seq": 8876}
{"ts": "2026-04-28T19:47:45.000180+00:00", "level": "INFO", "jobId": "4f33a1d6-1ea0-4631-9cda-19e9b28a017a", "keyword": "khai trương đặc biệt", "step": "capture", "message": "Expanded \"Xem thêm\" (exact-class): +1 (total 1)", "data": null, "seq": 8877}
{"ts": "2026-04-28T19:47:57.920590+00:00", "level": "INFO", "jobId": "4f33a1d6-1ea0-4631-9cda-19e9b28a017a", "keyword": "khai trương đặc biệt", "step": "capture", "message": "Saved post_031.png", "data": null, "seq": 8878}
{"ts": "2026-04-28T19:47:57.920590+00:00", "level": "INFO", "jobId": "4f33a1d6-1ea0-4631-9cda-19e9b28a017a", "keyword": "khai trương đặc biệt", "step": "cooldown", "message": "Cooldown 1.6s (after capture)", "data": null, "seq": 8879}
{"ts": "2026-04-28T19:48:00.154654+00:00", "level": "INFO", "jobId": "4f33a1d6-1ea0-4631-9cda-19e9b28a017a", "keyword": "khai trương đặc biệt", "step": "capture", "message": "Capturing 32/70 (viewport)…", "data": null, "seq": 8880}
{"ts": "2026-04-28T19:48:00.265836+00:00", "level": "INFO", "jobId": "4f33a1d6-1ea0-4631-9cda-19e9b28a017a", "keyword": "khai trương đặc biệt", "step": "capture", "message": "Expanded \"Xem thêm\" (exact-class): +1 (total 1)", "data": null, "seq": 8881}
{"ts": "2026-04-28T19:48:13.037312+00:00", "level": "INFO", "jobId": "4f33a1d6-1ea0-4631-9cda-19e9b28a017a", "keyword": "khai trương đặc biệt", "step": "capture", "message": "Saved post_032.png", "data": null, "seq": 8882}
{"ts": "2026-04-28T19:48:13.037312+00:00", "level": "INFO", "jobId": "4f33a1d6-1ea0-4631-9cda-19e9b28a017a", "keyword": "khai trương đặc biệt", "step": "cooldown", "message": "Cooldown 2.8s (after capture)", "data": null, "seq": 8883}
{"ts": "2026-04-28T19:48:16.404932+00:00", "level": "INFO", "jobId": "4f33a1d6-1ea0-4631-9cda-19e9b28a017a", "keyword": "khai trương đặc biệt", "step": "capture", "message": "Capturing 33/70 (viewport)…", "data": null, "seq": 8884}
{"ts": "2026-04-28T19:48:16.505177+00:00", "level": "INFO", "jobId": "4f33a1d6-1ea0-4631-9cda-19e9b28a017a", "keyword": "khai trương đặc biệt", "step": "capture", "message": "Expanded \"Xem thêm\" (exact-class): +1 (total 1)", "data": null, "seq": 8885}
{"ts": "2026-04-28T19:48:29.330211+00:00", "level": "INFO", "jobId": "4f33a1d6-1ea0-4631-9cda-19e9b28a017a", "keyword": "khai trương đặc biệt", "step": "capture", "message": "Saved post_033.png", "data": null, "seq": 8886}
{"ts": "2026-04-28T19:48:29.330211+00:00", "level": "INFO", "jobId": "4f33a1d6-1ea0-4631-9cda-19e9b28a017a", "keyword": "khai trương đặc biệt", "step": "cooldown", "message": "Cooldown 2.7s (after capture)", "data": null, "seq": 8887}
{"ts": "2026-04-28T19:48:32.616393+00:00", "level": "INFO", "jobId": "4f33a1d6-1ea0-4631-9cda-19e9b28a017a", "keyword": "khai trương đặc biệt", "step": "capture", "message": "Capturing 34/70 (viewport)…", "data": null, "seq": 8888}
{"ts": "2026-04-28T19:48:45.180123+00:00", "level": "INFO", "jobId": "4f33a1d6-1ea0-4631-9cda-19e9b28a017a", "keyword": "khai trương đặc biệt", "step": "capture", "message": "Saved post_034.png", "data": null, "seq": 8889}
{"ts": "2026-04-28T19:48:45.180123+00:00", "level": "INFO", "jobId": "4f33a1d6-1ea0-4631-9cda-19e9b28a017a", "keyword": "khai trương đặc biệt", "step": "cooldown", "message": "Cooldown 2.7s (after capture)", "data": null, "seq": 8890}
{"ts": "2026-04-28T19:48:48.420315+00:00", "level": "INFO", "jobId": "4f33a1d6-1ea0-4631-9cda-19e9b28a017a", "keyword": "khai trương đặc biệt", "step": "capture", "message": "Capturing 35/70 (viewport)…", "data": null, "seq": 8891}
{"ts": "2026-04-28T19:48:48.568565+00:00", "level": "INFO", "jobId": "4f33a1d6-1ea0-4631-9cda-19e9b28a017a", "keyword": "khai trương đặc biệt", "step": "capture", "message": "Expanded \"Xem thêm\" (exact-class): +2 (total 2)", "data": null, "seq": 8892}
{"ts": "2026-04-28T19:49:01.464646+00:00", "level": "INFO", "jobId": "4f33a1d6-1ea0-4631-9cda-19e9b28a017a", "keyword": "khai trương đặc biệt", "step": "capture", "message": "Saved post_035.png", "data": null, "seq": 8893}
{"ts": "2026-04-28T19:49:01.464646+00:00", "level": "INFO", "jobId": "4f33a1d6-1ea0-4631-9cda-19e9b28a017a", "keyword": "khai trương đặc biệt", "step": "cooldown", "message": "Cooldown 2.3s (after capture)", "data": null, "seq": 8894}
{"ts": "2026-04-28T19:49:04.425589+00:00", "level": "INFO", "jobId": "4f33a1d6-1ea0-4631-9cda-19e9b28a017a", "keyword": "khai trương đặc biệt", "step": "capture", "message": "Capturing 36/70 (viewport)…", "data": null, "seq": 8895}
{"ts": "2026-04-28T19:49:04.550637+00:00", "level": "INFO", "jobId": "4f33a1d6-1ea0-4631-9cda-19e9b28a017a", "keyword": "khai trương đặc biệt", "step": "capture", "message": "Expanded \"Xem thêm\" (exact-class): +1 (total 1)", "data": null, "seq": 8896}
{"ts": "2026-04-28T19:49:17.675369+00:00", "level": "INFO", "jobId": "4f33a1d6-1ea0-4631-9cda-19e9b28a017a", "keyword": "khai trương đặc biệt", "step": "capture", "message": "Saved post_036.png", "data": null, "seq": 8897}
{"ts": "2026-04-28T19:49:17.675369+00:00", "level": "INFO", "jobId": "4f33a1d6-1ea0-4631-9cda-19e9b28a017a", "keyword": "khai trương đặc biệt", "step": "cooldown", "message": "Cooldown 2.6s (after capture)", "data": null, "seq": 8898}
{"ts": "2026-04-28T19:49:20.919381+00:00", "level": "INFO", "jobId": "4f33a1d6-1ea0-4631-9cda-19e9b28a017a", "keyword": "khai trương đặc biệt", "step": "capture", "message": "Capturing 37/70 (viewport)…", "data": null, "seq": 8899}
{"ts": "2026-04-28T19:49:21.068415+00:00", "level": "INFO", "jobId": "4f33a1d6-1ea0-4631-9cda-19e9b28a017a", "keyword": "khai trương đặc biệt", "step": "capture", "message": "Expanded \"Xem thêm\" (exact-class): +1 (total 1)", "data": null, "seq": 8900}
{"ts": "2026-04-28T19:49:33.938500+00:00", "level": "INFO", "jobId": "4f33a1d6-1ea0-4631-9cda-19e9b28a017a", "keyword": "khai trương đặc biệt", "step": "capture", "message": "Saved post_037.png", "data": null, "seq": 8901}
{"ts": "2026-04-28T19:49:33.938500+00:00", "level": "INFO", "jobId": "4f33a1d6-1ea0-4631-9cda-19e9b28a017a", "keyword": "khai trương đặc biệt", "step": "cooldown", "message": "Cooldown 3.0s (after capture)", "data": null, "seq": 8902}
{"ts": "2026-04-28T19:49:37.511343+00:00", "level": "INFO", "jobId": "4f33a1d6-1ea0-4631-9cda-19e9b28a017a", "keyword": "khai trương đặc biệt", "step": "capture", "message": "Capturing 38/70 (viewport)…", "data": null, "seq": 8903}
{"ts": "2026-04-28T19:49:37.600860+00:00", "level": "INFO", "jobId": "4f33a1d6-1ea0-4631-9cda-19e9b28a017a", "keyword": "khai trương đặc biệt", "step": "capture", "message": "Expanded \"Xem thêm\" (exact-class): +1 (total 1)", "data": null, "seq": 8904}
{"ts": "2026-04-28T19:49:50.452969+00:00", "level": "INFO", "jobId": "4f33a1d6-1ea0-4631-9cda-19e9b28a017a", "keyword": "khai trương đặc biệt", "step": "capture", "message": "Saved post_038.png", "data": null, "seq": 8905}
{"ts": "2026-04-28T19:49:50.452969+00:00", "level": "INFO", "jobId": "4f33a1d6-1ea0-4631-9cda-19e9b28a017a", "keyword": "khai trương đặc biệt", "step": "cooldown", "message": "Cooldown 2.1s (after capture)", "data": null, "seq": 8906}
{"ts": "2026-04-28T19:49:53.172875+00:00", "level": "INFO", "jobId": "4f33a1d6-1ea0-4631-9cda-19e9b28a017a", "keyword": "khai trương đặc biệt", "step": "capture", "message": "Capturing 39/70 (viewport)…", "data": null, "seq": 8907}
{"ts": "2026-04-28T19:50:05.654386+00:00", "level": "INFO", "jobId": "4f33a1d6-1ea0-4631-9cda-19e9b28a017a", "keyword": "khai trương đặc biệt", "step": "capture", "message": "Saved post_039.png", "data": null, "seq": 8908}
{"ts": "2026-04-28T19:50:05.654386+00:00", "level": "INFO", "jobId": "4f33a1d6-1ea0-4631-9cda-19e9b28a017a", "keyword": "khai trương đặc biệt", "step": "cooldown", "message": "Cooldown 2.0s (after capture)", "data": null, "seq": 8909}
{"ts": "2026-04-28T19:50:08.274628+00:00", "level": "INFO", "jobId": "4f33a1d6-1ea0-4631-9cda-19e9b28a017a", "keyword": "khai trương đặc biệt", "step": "capture", "message": "Capturing 40/70 (viewport)…", "data": null, "seq": 8910}
{"ts": "2026-04-28T19:50:08.408102+00:00", "level": "INFO", "jobId": "4f33a1d6-1ea0-4631-9cda-19e9b28a017a", "keyword": "khai trương đặc biệt", "step": "capture", "message": "Expanded \"Xem thêm\" (exact-class): +1 (total 1)", "data": null, "seq": 8911}
{"ts": "2026-04-28T19:50:21.328932+00:00", "level": "INFO", "jobId": "4f33a1d6-1ea0-4631-9cda-19e9b28a017a", "keyword": "khai trương đặc biệt", "step": "capture", "message": "Saved post_040.png", "data": null, "seq": 8912}
{"ts": "2026-04-28T19:50:21.330025+00:00", "level": "INFO", "jobId": "4f33a1d6-1ea0-4631-9cda-19e9b28a017a", "keyword": "khai trương đặc biệt", "step": "cooldown", "message": "Cooldown 2.3s (after capture)", "data": null, "seq": 8913}
{"ts": "2026-04-28T19:50:24.278345+00:00", "level": "INFO", "jobId": "4f33a1d6-1ea0-4631-9cda-19e9b28a017a", "keyword": "khai trương đặc biệt", "step": "capture", "message": "Capturing 41/70 (viewport)…", "data": null, "seq": 8914}
{"ts": "2026-04-28T19:50:24.451844+00:00", "level": "INFO", "jobId": "4f33a1d6-1ea0-4631-9cda-19e9b28a017a", "keyword": "khai trương đặc biệt", "step": "capture", "message": "Expanded \"Xem thêm\" (exact-class): +1 (total 1)", "data": null, "seq": 8915}
{"ts": "2026-04-28T19:50:37.391455+00:00", "level": "INFO", "jobId": "4f33a1d6-1ea0-4631-9cda-19e9b28a017a", "keyword": "khai trương đặc biệt", "step": "capture", "message": "Saved post_041.png", "data": null, "seq": 8916}
{"ts": "2026-04-28T19:50:37.391455+00:00", "level": "INFO", "jobId": "4f33a1d6-1ea0-4631-9cda-19e9b28a017a", "keyword": "khai trương đặc biệt", "step": "cooldown", "message": "Cooldown 1.1s (after capture)", "data": null, "seq": 8917}
{"ts": "2026-04-28T19:50:39.069333+00:00", "level": "INFO", "jobId": "4f33a1d6-1ea0-4631-9cda-19e9b28a017a", "keyword": "khai trương đặc biệt", "step": "capture", "message": "Capturing 42/70 (viewport)…", "data": null, "seq": 8918}
{"ts": "2026-04-28T19:50:39.175805+00:00", "level": "INFO", "jobId": "4f33a1d6-1ea0-4631-9cda-19e9b28a017a", "keyword": "khai trương đặc biệt", "step": "capture", "message": "Expanded \"Xem thêm\" (exact-class): +2 (total 2)", "data": null, "seq": 8919}
{"ts": "2026-04-28T19:50:52.137406+00:00", "level": "INFO", "jobId": "4f33a1d6-1ea0-4631-9cda-19e9b28a017a", "keyword": "khai trương đặc biệt", "step": "capture", "message": "Saved post_042.png", "data": null, "seq": 8920}
{"ts": "2026-04-28T19:50:52.138407+00:00", "level": "INFO", "jobId": "4f33a1d6-1ea0-4631-9cda-19e9b28a017a", "keyword": "khai trương đặc biệt", "step": "cooldown", "message": "Cooldown 2.7s (after capture)", "data": null, "seq": 8921}
{"ts": "2026-04-28T19:50:55.459382+00:00", "level": "INFO", "jobId": "4f33a1d6-1ea0-4631-9cda-19e9b28a017a", "keyword": "khai trương đặc biệt", "step": "capture", "message": "Capturing 43/70 (viewport)…", "data": null, "seq": 8922}
{"ts": "2026-04-28T19:50:55.645635+00:00", "level": "INFO", "jobId": "4f33a1d6-1ea0-4631-9cda-19e9b28a017a", "keyword": "khai trương đặc biệt", "step": "capture", "message": "Expanded \"Xem thêm\" (exact-class): +1 (total 1)", "data": null, "seq": 8923}
{"ts": "2026-04-28T19:51:08.695363+00:00", "level": "INFO", "jobId": "4f33a1d6-1ea0-4631-9cda-19e9b28a017a", "keyword": "khai trương đặc biệt", "step": "capture", "message": "Saved post_043.png", "data": null, "seq": 8924}
{"ts": "2026-04-28T19:51:08.695363+00:00", "level": "INFO", "jobId": "4f33a1d6-1ea0-4631-9cda-19e9b28a017a", "keyword": "khai trương đặc biệt", "step": "cooldown", "message": "Cooldown 2.5s (after capture)", "data": null, "seq": 8925}
{"ts": "2026-04-28T19:51:11.796772+00:00", "level": "INFO", "jobId": "4f33a1d6-1ea0-4631-9cda-19e9b28a017a", "keyword": "khai trương đặc biệt", "step": "capture", "message": "Capturing 44/70 (viewport)…", "data": null, "seq": 8926}
{"ts": "2026-04-28T19:51:11.962404+00:00", "level": "INFO", "jobId": "4f33a1d6-1ea0-4631-9cda-19e9b28a017a", "keyword": "khai trương đặc biệt", "step": "capture", "message": "Expanded \"Xem thêm\" (exact-class): +2 (total 2)", "data": null, "seq": 8927}
{"ts": "2026-04-28T19:51:25.189493+00:00", "level": "INFO", "jobId": "4f33a1d6-1ea0-4631-9cda-19e9b28a017a", "keyword": "khai trương đặc biệt", "step": "capture", "message": "Saved post_044.png", "data": null, "seq": 8928}
{"ts": "2026-04-28T19:51:25.189493+00:00", "level": "INFO", "jobId": "4f33a1d6-1ea0-4631-9cda-19e9b28a017a", "keyword": "khai trương đặc biệt", "step": "cooldown", "message": "Cooldown 1.5s (after capture)", "data": null, "seq": 8929}
{"ts": "2026-04-28T19:51:27.297950+00:00", "level": "INFO", "jobId": "4f33a1d6-1ea0-4631-9cda-19e9b28a017a", "keyword": "khai trương đặc biệt", "step": "capture", "message": "Capturing 45/70 (viewport)…", "data": null, "seq": 8930}
{"ts": "2026-04-28T19:51:27.447357+00:00", "level": "INFO", "jobId": "4f33a1d6-1ea0-4631-9cda-19e9b28a017a", "keyword": "khai trương đặc biệt", "step": "capture", "message": "Expanded \"Xem thêm\" (exact-class): +1 (total 1)", "data": null, "seq": 8931}
{"ts": "2026-04-28T19:51:40.550994+00:00", "level": "INFO", "jobId": "4f33a1d6-1ea0-4631-9cda-19e9b28a017a", "keyword": "khai trương đặc biệt", "step": "capture", "message": "Saved post_045.png", "data": null, "seq": 8932}
{"ts": "2026-04-28T19:51:40.550994+00:00", "level": "INFO", "jobId": "4f33a1d6-1ea0-4631-9cda-19e9b28a017a", "keyword": "khai trương đặc biệt", "step": "cooldown", "message": "Cooldown 1.5s (after capture)", "data": null, "seq": 8933}
{"ts": "2026-04-28T19:51:42.656065+00:00", "level": "INFO", "jobId": "4f33a1d6-1ea0-4631-9cda-19e9b28a017a", "keyword": "khai trương đặc biệt", "step": "capture", "message": "Capturing 46/70 (viewport)…", "data": null, "seq": 8934}
{"ts": "2026-04-28T19:51:42.754226+00:00", "level": "INFO", "jobId": "4f33a1d6-1ea0-4631-9cda-19e9b28a017a", "keyword": "khai trương đặc biệt", "step": "capture", "message": "Expanded \"Xem thêm\" (exact-class): +1 (total 1)", "data": null, "seq": 8935}
{"ts": "2026-04-28T19:51:55.690686+00:00", "level": "INFO", "jobId": "4f33a1d6-1ea0-4631-9cda-19e9b28a017a", "keyword": "khai trương đặc biệt", "step": "capture", "message": "Saved post_046.png", "data": null, "seq": 8936}
{"ts": "2026-04-28T19:51:55.690686+00:00", "level": "INFO", "jobId": "4f33a1d6-1ea0-4631-9cda-19e9b28a017a", "keyword": "khai trương đặc biệt", "step": "cooldown", "message": "Cooldown 1.8s (after capture)", "data": null, "seq": 8937}
{"ts": "2026-04-28T19:51:58.171117+00:00", "level": "INFO", "jobId": "4f33a1d6-1ea0-4631-9cda-19e9b28a017a", "keyword": "khai trương đặc biệt", "step": "capture", "message": "Capturing 47/70 (viewport)…", "data": null, "seq": 8938}
{"ts": "2026-04-28T19:51:58.838570+00:00", "level": "INFO", "jobId": "4f33a1d6-1ea0-4631-9cda-19e9b28a017a", "keyword": "khai trương đặc biệt", "step": "capture", "message": "Expanded \"Xem thêm\" (exact-class): +1 (total 1)", "data": null, "seq": 8939}
{"ts": "2026-04-28T19:52:11.895228+00:00", "level": "INFO", "jobId": "4f33a1d6-1ea0-4631-9cda-19e9b28a017a", "keyword": "khai trương đặc biệt", "step": "capture", "message": "Saved post_047.png", "data": null, "seq": 8940}
{"ts": "2026-04-28T19:52:11.895228+00:00", "level": "INFO", "jobId": "4f33a1d6-1ea0-4631-9cda-19e9b28a017a", "keyword": "khai trương đặc biệt", "step": "cooldown", "message": "Cooldown 1.1s (after capture)", "data": null, "seq": 8941}
{"ts": "2026-04-28T19:52:13.698285+00:00", "level": "INFO", "jobId": "4f33a1d6-1ea0-4631-9cda-19e9b28a017a", "keyword": "khai trương đặc biệt", "step": "capture", "message": "Capturing 48/70 (viewport)…", "data": null, "seq": 8942}
{"ts": "2026-04-28T19:52:13.954947+00:00", "level": "INFO", "jobId": "4f33a1d6-1ea0-4631-9cda-19e9b28a017a", "keyword": "khai trương đặc biệt", "step": "capture", "message": "Expanded \"Xem thêm\" (exact-class): +2 (total 2)", "data": null, "seq": 8943}
{"ts": "2026-04-28T19:52:27.331040+00:00", "level": "INFO", "jobId": "4f33a1d6-1ea0-4631-9cda-19e9b28a017a", "keyword": "khai trương đặc biệt", "step": "capture", "message": "Saved post_048.png", "data": null, "seq": 8944}
{"ts": "2026-04-28T19:52:27.331635+00:00", "level": "INFO", "jobId": "4f33a1d6-1ea0-4631-9cda-19e9b28a017a", "keyword": "khai trương đặc biệt", "step": "cooldown", "message": "Cooldown 2.6s (after capture)", "data": null, "seq": 8945}
{"ts": "2026-04-28T19:52:30.510418+00:00", "level": "INFO", "jobId": "4f33a1d6-1ea0-4631-9cda-19e9b28a017a", "keyword": "khai trương đặc biệt", "step": "capture", "message": "Capturing 49/70 (viewport)…", "data": null, "seq": 8946}
{"ts": "2026-04-28T19:52:43.029732+00:00", "level": "INFO", "jobId": "4f33a1d6-1ea0-4631-9cda-19e9b28a017a", "keyword": "khai trương đặc biệt", "step": "capture", "message": "Saved post_049.png", "data": null, "seq": 8947}
{"ts": "2026-04-28T19:52:43.030851+00:00", "level": "INFO", "jobId": "4f33a1d6-1ea0-4631-9cda-19e9b28a017a", "keyword": "khai trương đặc biệt", "step": "cooldown", "message": "Cooldown 2.1s (after capture)", "data": null, "seq": 8948}
{"ts": "2026-04-28T19:52:45.753739+00:00", "level": "INFO", "jobId": "4f33a1d6-1ea0-4631-9cda-19e9b28a017a", "keyword": "khai trương đặc biệt", "step": "capture", "message": "Capturing 50/70 (viewport)…", "data": null, "seq": 8949}
{"ts": "2026-04-28T19:52:45.941684+00:00", "level": "INFO", "jobId": "4f33a1d6-1ea0-4631-9cda-19e9b28a017a", "keyword": "khai trương đặc biệt", "step": "capture", "message": "Expanded \"Xem thêm\" (exact-class): +1 (total 1)", "data": null, "seq": 8950}
{"ts": "2026-04-28T19:52:59.256742+00:00", "level": "INFO", "jobId": "4f33a1d6-1ea0-4631-9cda-19e9b28a017a", "keyword": "khai trương đặc biệt", "step": "capture", "message": "Saved post_050.png", "data": null, "seq": 8951}
{"ts": "2026-04-28T19:52:59.257885+00:00", "level": "INFO", "jobId": "4f33a1d6-1ea0-4631-9cda-19e9b28a017a", "keyword": "khai trương đặc biệt", "step": "cooldown", "message": "Cooldown 3.0s (after capture)", "data": null, "seq": 8952}
{"ts": "2026-04-28T19:53:02.866936+00:00", "level": "INFO", "jobId": "4f33a1d6-1ea0-4631-9cda-19e9b28a017a", "keyword": "khai trương đặc biệt", "step": "capture", "message": "Capturing 51/70 (viewport)…", "data": null, "seq": 8953}
{"ts": "2026-04-28T19:53:03.123075+00:00", "level": "INFO", "jobId": "4f33a1d6-1ea0-4631-9cda-19e9b28a017a", "keyword": "khai trương đặc biệt", "step": "capture", "message": "Expanded \"Xem thêm\" (exact-class): +2 (total 2)", "data": null, "seq": 8954}
{"ts": "2026-04-28T19:53:15.955092+00:00", "level": "INFO", "jobId": "4f33a1d6-1ea0-4631-9cda-19e9b28a017a", "keyword": "khai trương đặc biệt", "step": "capture", "message": "Saved post_051.png", "data": null, "seq": 8955}
{"ts": "2026-04-28T19:53:15.955092+00:00", "level": "INFO", "jobId": "4f33a1d6-1ea0-4631-9cda-19e9b28a017a", "keyword": "khai trương đặc biệt", "step": "cooldown", "message": "Cooldown 1.2s (after capture)", "data": null, "seq": 8956}
{"ts": "2026-04-28T19:53:17.758813+00:00", "level": "INFO", "jobId": "4f33a1d6-1ea0-4631-9cda-19e9b28a017a", "keyword": "khai trương đặc biệt", "step": "capture", "message": "Capturing 52/70 (viewport)…", "data": null, "seq": 8957}
{"ts": "2026-04-28T19:53:30.423519+00:00", "level": "INFO", "jobId": "4f33a1d6-1ea0-4631-9cda-19e9b28a017a", "keyword": "khai trương đặc biệt", "step": "capture", "message": "Saved post_052.png", "data": null, "seq": 8958}
{"ts": "2026-04-28T19:53:30.423519+00:00", "level": "INFO", "jobId": "4f33a1d6-1ea0-4631-9cda-19e9b28a017a", "keyword": "khai trương đặc biệt", "step": "cooldown", "message": "Cooldown 3.0s (after capture)", "data": null, "seq": 8959}
{"ts": "2026-04-28T19:53:34.022963+00:00", "level": "INFO", "jobId": "4f33a1d6-1ea0-4631-9cda-19e9b28a017a", "keyword": "khai trương đặc biệt", "step": "capture", "message": "Capturing 53/70 (viewport)…", "data": null, "seq": 8960}
{"ts": "2026-04-28T19:53:34.138453+00:00", "level": "INFO", "jobId": "4f33a1d6-1ea0-4631-9cda-19e9b28a017a", "keyword": "khai trương đặc biệt", "step": "capture", "message": "Expanded \"Xem thêm\" (exact-class): +1 (total 1)", "data": null, "seq": 8961}
{"ts": "2026-04-28T19:53:47.271371+00:00", "level": "INFO", "jobId": "4f33a1d6-1ea0-4631-9cda-19e9b28a017a", "keyword": "khai trương đặc biệt", "step": "capture", "message": "Saved post_053.png", "data": null, "seq": 8962}
{"ts": "2026-04-28T19:53:47.272539+00:00", "level": "INFO", "jobId": "4f33a1d6-1ea0-4631-9cda-19e9b28a017a", "keyword": "khai trương đặc biệt", "step": "cooldown", "message": "Cooldown 1.4s (after capture)", "data": null, "seq": 8963}
{"ts": "2026-04-28T19:53:49.320007+00:00", "level": "INFO", "jobId": "4f33a1d6-1ea0-4631-9cda-19e9b28a017a", "keyword": "khai trương đặc biệt", "step": "capture", "message": "Capturing 54/70 (viewport)…", "data": null, "seq": 8964}
{"ts": "2026-04-28T19:54:02.088380+00:00", "level": "INFO", "jobId": "4f33a1d6-1ea0-4631-9cda-19e9b28a017a", "keyword": "khai trương đặc biệt", "step": "capture", "message": "Saved post_054.png", "data": null, "seq": 8965}
{"ts": "2026-04-28T19:54:02.088380+00:00", "level": "INFO", "jobId": "4f33a1d6-1ea0-4631-9cda-19e9b28a017a", "keyword": "khai trương đặc biệt", "step": "cooldown", "message": "Cooldown 2.9s (after capture)", "data": null, "seq": 8966}
{"ts": "2026-04-28T19:54:15.868792+00:00", "level": "INFO", "jobId": "4f33a1d6-1ea0-4631-9cda-19e9b28a017a", "keyword": "khai trương đặc biệt", "step": "capture", "message": "Scroll did not move. diag={'y': 69229, 'docTop': 69229, 'docH': 71032, 'primaryTop': 0, 'primaryCH': 0, 'primarySH': 0, 'innerScrollables': 0, 'htmlOverflow': 'scroll', 'bodyOverflow': 'auto', 'articles': 0}", "data": null, "seq": 8967}
{"ts": "2026-04-28T19:54:15.892984+00:00", "level": "INFO", "jobId": "4f33a1d6-1ea0-4631-9cda-19e9b28a017a", "keyword": "khai trương đặc biệt", "step": "capture", "message": "Capturing 55/70 (viewport)…", "data": null, "seq": 8968}
{"ts": "2026-04-28T19:54:28.521279+00:00", "level": "INFO", "jobId": "4f33a1d6-1ea0-4631-9cda-19e9b28a017a", "keyword": "khai trương đặc biệt", "step": "capture", "message": "At bottom; waiting for more results… (stall 1)", "data": null, "seq": 8969}
{"ts": "2026-04-28T19:54:43.287488+00:00", "level": "INFO", "jobId": "4f33a1d6-1ea0-4631-9cda-19e9b28a017a", "keyword": "khai trương đặc biệt", "step": "capture", "message": "Capturing 55/70 (viewport)…", "data": null, "seq": 8970}
{"ts": "2026-04-28T19:54:56.050110+00:00", "level": "INFO", "jobId": "4f33a1d6-1ea0-4631-9cda-19e9b28a017a", "keyword": "khai trương đặc biệt", "step": "capture", "message": "At bottom; waiting for more results… (stall 2)", "data": null, "seq": 8971}
{"ts": "2026-04-28T19:55:10.880704+00:00", "level": "INFO", "jobId": "4f33a1d6-1ea0-4631-9cda-19e9b28a017a", "keyword": "khai trương đặc biệt", "step": "capture", "message": "Capturing 55/70 (viewport)…", "data": null, "seq": 8972}
{"ts": "2026-04-28T19:55:23.546087+00:00", "level": "INFO", "jobId": "4f33a1d6-1ea0-4631-9cda-19e9b28a017a", "keyword": "khai trương đặc biệt", "step": "capture", "message": "At bottom; waiting for more results… (stall 3)", "data": null, "seq": 8973}
{"ts": "2026-04-28T19:55:38.398793+00:00", "level": "INFO", "jobId": "4f33a1d6-1ea0-4631-9cda-19e9b28a017a", "keyword": "khai trương đặc biệt", "step": "capture", "message": "Capturing 55/70 (viewport)…", "data": null, "seq": 8974}
{"ts": "2026-04-28T19:55:51.113006+00:00", "level": "INFO", "jobId": "4f33a1d6-1ea0-4631-9cda-19e9b28a017a", "keyword": "khai trương đặc biệt", "step": "capture", "message": "At bottom; waiting for more results… (stall 4)", "data": null, "seq": 8975}
{"ts": "2026-04-28T19:56:05.877422+00:00", "level": "INFO", "jobId": "4f33a1d6-1ea0-4631-9cda-19e9b28a017a", "keyword": "khai trương đặc biệt", "step": "capture", "message": "No progress for too long. Reloading to recover…", "data": null, "seq": 8976}
{"ts": "2026-04-28T19:56:07.332060+00:00", "level": "INFO", "jobId": "4f33a1d6-1ea0-4631-9cda-19e9b28a017a", "keyword": "khai trương đặc biệt", "step": "capture", "message": "Capturing 55/70 (viewport)…", "data": null, "seq": 8977}
{"ts": "2026-04-28T19:56:20.203429+00:00", "level": "INFO", "jobId": "4f33a1d6-1ea0-4631-9cda-19e9b28a017a", "keyword": "khai trương đặc biệt", "step": "capture", "message": "Saved post_055.png", "data": null, "seq": 8978}
{"ts": "2026-04-28T19:56:20.203429+00:00", "level": "INFO", "jobId": "4f33a1d6-1ea0-4631-9cda-19e9b28a017a", "keyword": "khai trương đặc biệt", "step": "cooldown", "message": "Cooldown 1.2s (after capture)", "data": null, "seq": 8979}
{"ts": "2026-04-28T19:56:21.976584+00:00", "level": "INFO", "jobId": "4f33a1d6-1ea0-4631-9cda-19e9b28a017a", "keyword": "khai trương đặc biệt", "step": "capture", "message": "Capturing 56/70 (viewport)…", "data": null, "seq": 8980}
{"ts": "2026-04-28T19:56:22.092227+00:00", "level": "INFO", "jobId": "4f33a1d6-1ea0-4631-9cda-19e9b28a017a", "keyword": "khai trương đặc biệt", "step": "capture", "message": "Expanded \"Xem thêm\" (exact-class): +2 (total 2)", "data": null, "seq": 8981}
{"ts": "2026-04-28T19:56:34.902894+00:00", "level": "INFO", "jobId": "4f33a1d6-1ea0-4631-9cda-19e9b28a017a", "keyword": "khai trương đặc biệt", "step": "capture", "message": "Saved post_056.png", "data": null, "seq": 8982}
{"ts": "2026-04-28T19:56:34.902894+00:00", "level": "INFO", "jobId": "4f33a1d6-1ea0-4631-9cda-19e9b28a017a", "keyword": "khai trương đặc biệt", "step": "cooldown", "message": "Cooldown 2.1s (after capture)", "data": null, "seq": 8983}
{"ts": "2026-04-28T19:56:37.517537+00:00", "level": "INFO", "jobId": "4f33a1d6-1ea0-4631-9cda-19e9b28a017a", "keyword": "khai trương đặc biệt", "step": "capture", "message": "Capturing 57/70 (viewport)…", "data": null, "seq": 8984}
{"ts": "2026-04-28T19:56:37.586961+00:00", "level": "INFO", "jobId": "4f33a1d6-1ea0-4631-9cda-19e9b28a017a", "keyword": "khai trương đặc biệt", "step": "capture", "message": "Expanded \"Xem thêm\" (exact-class): +1 (total 1)", "data": null, "seq": 8985}
{"ts": "2026-04-28T19:56:50.420463+00:00", "level": "INFO", "jobId": "4f33a1d6-1ea0-4631-9cda-19e9b28a017a", "keyword": "khai trương đặc biệt", "step": "capture", "message": "Saved post_057.png", "data": null, "seq": 8986}
{"ts": "2026-04-28T19:56:50.420463+00:00", "level": "INFO", "jobId": "4f33a1d6-1ea0-4631-9cda-19e9b28a017a", "keyword": "khai trương đặc biệt", "step": "cooldown", "message": "Cooldown 2.9s (after capture)", "data": null, "seq": 8987}
{"ts": "2026-04-28T19:56:53.922931+00:00", "level": "INFO", "jobId": "4f33a1d6-1ea0-4631-9cda-19e9b28a017a", "keyword": "khai trương đặc biệt", "step": "capture", "message": "Capturing 58/70 (viewport)…", "data": null, "seq": 8988}
{"ts": "2026-04-28T19:56:54.003804+00:00", "level": "INFO", "jobId": "4f33a1d6-1ea0-4631-9cda-19e9b28a017a", "keyword": "khai trương đặc biệt", "step": "capture", "message": "Expanded \"Xem thêm\" (exact-class): +1 (total 1)", "data": null, "seq": 8989}
{"ts": "2026-04-28T19:57:06.955440+00:00", "level": "INFO", "jobId": "4f33a1d6-1ea0-4631-9cda-19e9b28a017a", "keyword": "khai trương đặc biệt", "step": "capture", "message": "Saved post_058.png", "data": null, "seq": 8990}
{"ts": "2026-04-28T19:57:06.955440+00:00", "level": "INFO", "jobId": "4f33a1d6-1ea0-4631-9cda-19e9b28a017a", "keyword": "khai trương đặc biệt", "step": "cooldown", "message": "Cooldown 2.6s (after capture)", "data": null, "seq": 8991}
{"ts": "2026-04-28T19:57:10.134455+00:00", "level": "INFO", "jobId": "4f33a1d6-1ea0-4631-9cda-19e9b28a017a", "keyword": "khai trương đặc biệt", "step": "capture", "message": "Capturing 59/70 (viewport)…", "data": null, "seq": 8992}
{"ts": "2026-04-28T19:57:10.202868+00:00", "level": "INFO", "jobId": "4f33a1d6-1ea0-4631-9cda-19e9b28a017a", "keyword": "khai trương đặc biệt", "step": "capture", "message": "Expanded \"Xem thêm\" (exact-class): +1 (total 1)", "data": null, "seq": 8993}
{"ts": "2026-04-28T19:57:23.115074+00:00", "level": "INFO", "jobId": "4f33a1d6-1ea0-4631-9cda-19e9b28a017a", "keyword": "khai trương đặc biệt", "step": "capture", "message": "Saved post_059.png", "data": null, "seq": 8994}
{"ts": "2026-04-28T19:57:23.115074+00:00", "level": "INFO", "jobId": "4f33a1d6-1ea0-4631-9cda-19e9b28a017a", "keyword": "khai trương đặc biệt", "step": "cooldown", "message": "Cooldown 1.4s (after capture)", "data": null, "seq": 8995}
{"ts": "2026-04-28T19:57:25.118843+00:00", "level": "INFO", "jobId": "4f33a1d6-1ea0-4631-9cda-19e9b28a017a", "keyword": "khai trương đặc biệt", "step": "capture", "message": "Capturing 60/70 (viewport)…", "data": null, "seq": 8996}
{"ts": "2026-04-28T19:57:25.237305+00:00", "level": "INFO", "jobId": "4f33a1d6-1ea0-4631-9cda-19e9b28a017a", "keyword": "khai trương đặc biệt", "step": "capture", "message": "Expanded \"Xem thêm\" (exact-class): +2 (total 2)", "data": null, "seq": 8997}
{"ts": "2026-04-28T19:57:38.278659+00:00", "level": "INFO", "jobId": "4f33a1d6-1ea0-4631-9cda-19e9b28a017a", "keyword": "khai trương đặc biệt", "step": "capture", "message": "Saved post_060.png", "data": null, "seq": 8998}
{"ts": "2026-04-28T19:57:38.278659+00:00", "level": "INFO", "jobId": "4f33a1d6-1ea0-4631-9cda-19e9b28a017a", "keyword": "khai trương đặc biệt", "step": "cooldown", "message": "Cooldown 2.1s (after capture)", "data": null, "seq": 8999}
{"ts": "2026-04-28T19:57:40.995533+00:00", "level": "INFO", "jobId": "4f33a1d6-1ea0-4631-9cda-19e9b28a017a", "keyword": "khai trương đặc biệt", "step": "capture", "message": "Capturing 61/70 (viewport)…", "data": null, "seq": 9000}
{"ts": "2026-04-28T19:57:41.085187+00:00", "level": "INFO", "jobId": "4f33a1d6-1ea0-4631-9cda-19e9b28a017a", "keyword": "khai trương đặc biệt", "step": "capture", "message": "Expanded \"Xem thêm\" (exact-class): +1 (total 1)", "data": null, "seq": 9001}
{"ts": "2026-04-28T19:57:53.919211+00:00", "level": "INFO", "jobId": "4f33a1d6-1ea0-4631-9cda-19e9b28a017a", "keyword": "khai trương đặc biệt", "step": "capture", "message": "Saved post_061.png", "data": null, "seq": 9002}
{"ts": "2026-04-28T19:57:53.919211+00:00", "level": "INFO", "jobId": "4f33a1d6-1ea0-4631-9cda-19e9b28a017a", "keyword": "khai trương đặc biệt", "step": "cooldown", "message": "Cooldown 1.1s (after capture)", "data": null, "seq": 9003}
{"ts": "2026-04-28T19:57:55.579309+00:00", "level": "INFO", "jobId": "4f33a1d6-1ea0-4631-9cda-19e9b28a017a", "keyword": "khai trương đặc biệt", "step": "capture", "message": "Capturing 62/70 (viewport)…", "data": null, "seq": 9004}
{"ts": "2026-04-28T19:57:55.661844+00:00", "level": "INFO", "jobId": "4f33a1d6-1ea0-4631-9cda-19e9b28a017a", "keyword": "khai trương đặc biệt", "step": "capture", "message": "Expanded \"Xem thêm\" (exact-class): +1 (total 1)", "data": null, "seq": 9005}
{"ts": "2026-04-28T19:58:08.692438+00:00", "level": "INFO", "jobId": "4f33a1d6-1ea0-4631-9cda-19e9b28a017a", "keyword": "khai trương đặc biệt", "step": "capture", "message": "Saved post_062.png", "data": null, "seq": 9006}
{"ts": "2026-04-28T19:58:08.694444+00:00", "level": "INFO", "jobId": "4f33a1d6-1ea0-4631-9cda-19e9b28a017a", "keyword": "khai trương đặc biệt", "step": "cooldown", "message": "Cooldown 2.0s (after capture)", "data": null, "seq": 9007}
{"ts": "2026-04-28T19:58:11.237591+00:00", "level": "INFO", "jobId": "4f33a1d6-1ea0-4631-9cda-19e9b28a017a", "keyword": "khai trương đặc biệt", "step": "capture", "message": "Capturing 63/70 (viewport)…", "data": null, "seq": 9008}
{"ts": "2026-04-28T19:58:23.848092+00:00", "level": "INFO", "jobId": "4f33a1d6-1ea0-4631-9cda-19e9b28a017a", "keyword": "khai trương đặc biệt", "step": "capture", "message": "Saved post_063.png", "data": null, "seq": 9009}
{"ts": "2026-04-28T19:58:23.848092+00:00", "level": "INFO", "jobId": "4f33a1d6-1ea0-4631-9cda-19e9b28a017a", "keyword": "khai trương đặc biệt", "step": "cooldown", "message": "Cooldown 1.2s (after capture)", "data": null, "seq": 9010}
{"ts": "2026-04-28T19:58:25.545968+00:00", "level": "INFO", "jobId": "4f33a1d6-1ea0-4631-9cda-19e9b28a017a", "keyword": "khai trương đặc biệt", "step": "capture", "message": "Capturing 64/70 (viewport)…", "data": null, "seq": 9011}
{"ts": "2026-04-28T19:58:25.699319+00:00", "level": "INFO", "jobId": "4f33a1d6-1ea0-4631-9cda-19e9b28a017a", "keyword": "khai trương đặc biệt", "step": "capture", "message": "Expanded \"Xem thêm\" (exact-class): +3 (total 3)", "data": null, "seq": 9012}
{"ts": "2026-04-28T19:58:38.535361+00:00", "level": "INFO", "jobId": "4f33a1d6-1ea0-4631-9cda-19e9b28a017a", "keyword": "khai trương đặc biệt", "step": "capture", "message": "Saved post_064.png", "data": null, "seq": 9013}
{"ts": "2026-04-28T19:58:38.535361+00:00", "level": "INFO", "jobId": "4f33a1d6-1ea0-4631-9cda-19e9b28a017a", "keyword": "khai trương đặc biệt", "step": "cooldown", "message": "Cooldown 2.7s (after capture)", "data": null, "seq": 9014}
{"ts": "2026-04-28T19:58:41.738729+00:00", "level": "INFO", "jobId": "4f33a1d6-1ea0-4631-9cda-19e9b28a017a", "keyword": "khai trương đặc biệt", "step": "capture", "message": "Capturing 65/70 (viewport)…", "data": null, "seq": 9015}
{"ts": "2026-04-28T19:58:54.262672+00:00", "level": "INFO", "jobId": "4f33a1d6-1ea0-4631-9cda-19e9b28a017a", "keyword": "khai trương đặc biệt", "step": "capture", "message": "Saved post_065.png", "data": null, "seq": 9016}
{"ts": "2026-04-28T19:58:54.262672+00:00", "level": "INFO", "jobId": "4f33a1d6-1ea0-4631-9cda-19e9b28a017a", "keyword": "khai trương đặc biệt", "step": "cooldown", "message": "Cooldown 2.4s (after capture)", "data": null, "seq": 9017}
{"ts": "2026-04-28T19:58:57.178551+00:00", "level": "INFO", "jobId": "4f33a1d6-1ea0-4631-9cda-19e9b28a017a", "keyword": "khai trương đặc biệt", "step": "capture", "message": "Capturing 66/70 (viewport)…", "data": null, "seq": 9018}
{"ts": "2026-04-28T19:58:57.263132+00:00", "level": "INFO", "jobId": "4f33a1d6-1ea0-4631-9cda-19e9b28a017a", "keyword": "khai trương đặc biệt", "step": "capture", "message": "Expanded \"Xem thêm\" (exact-class): +1 (total 1)", "data": null, "seq": 9019}
{"ts": "2026-04-28T19:59:10.060009+00:00", "level": "INFO", "jobId": "4f33a1d6-1ea0-4631-9cda-19e9b28a017a", "keyword": "khai trương đặc biệt", "step": "capture", "message": "Saved post_066.png", "data": null, "seq": 9020}
{"ts": "2026-04-28T19:59:10.061009+00:00", "level": "INFO", "jobId": "4f33a1d6-1ea0-4631-9cda-19e9b28a017a", "keyword": "khai trương đặc biệt", "step": "cooldown", "message": "Cooldown 1.3s (after capture)", "data": null, "seq": 9021}
{"ts": "2026-04-28T19:59:11.921492+00:00", "level": "INFO", "jobId": "4f33a1d6-1ea0-4631-9cda-19e9b28a017a", "keyword": "khai trương đặc biệt", "step": "capture", "message": "Capturing 67/70 (viewport)…", "data": null, "seq": 9022}
{"ts": "2026-04-28T19:59:12.093433+00:00", "level": "INFO", "jobId": "4f33a1d6-1ea0-4631-9cda-19e9b28a017a", "keyword": "khai trương đặc biệt", "step": "capture", "message": "Expanded \"Xem thêm\" (exact-class): +1 (total 1)", "data": null, "seq": 9023}
{"ts": "2026-04-28T19:59:24.925024+00:00", "level": "INFO", "jobId": "4f33a1d6-1ea0-4631-9cda-19e9b28a017a", "keyword": "khai trương đặc biệt", "step": "capture", "message": "Saved post_067.png", "data": null, "seq": 9024}
{"ts": "2026-04-28T19:59:24.925024+00:00", "level": "INFO", "jobId": "4f33a1d6-1ea0-4631-9cda-19e9b28a017a", "keyword": "khai trương đặc biệt", "step": "cooldown", "message": "Cooldown 2.3s (after capture)", "data": null, "seq": 9025}
{"ts": "2026-04-28T19:59:27.763450+00:00", "level": "INFO", "jobId": "4f33a1d6-1ea0-4631-9cda-19e9b28a017a", "keyword": "khai trương đặc biệt", "step": "capture", "message": "Capturing 68/70 (viewport)…", "data": null, "seq": 9026}
{"ts": "2026-04-28T19:59:27.895035+00:00", "level": "INFO", "jobId": "4f33a1d6-1ea0-4631-9cda-19e9b28a017a", "keyword": "khai trương đặc biệt", "step": "capture", "message": "Expanded \"Xem thêm\" (exact-class): +2 (total 2)", "data": null, "seq": 9027}
{"ts": "2026-04-28T19:59:40.559313+00:00", "level": "INFO", "jobId": "4f33a1d6-1ea0-4631-9cda-19e9b28a017a", "keyword": "khai trương đặc biệt", "step": "capture", "message": "Saved post_068.png", "data": null, "seq": 9028}
{"ts": "2026-04-28T19:59:40.560396+00:00", "level": "INFO", "jobId": "4f33a1d6-1ea0-4631-9cda-19e9b28a017a", "keyword": "khai trương đặc biệt", "step": "cooldown", "message": "Cooldown 1.6s (after capture)", "data": null, "seq": 9029}
{"ts": "2026-04-28T19:59:42.734433+00:00", "level": "INFO", "jobId": "4f33a1d6-1ea0-4631-9cda-19e9b28a017a", "keyword": "khai trương đặc biệt", "step": "capture", "message": "Capturing 69/70 (viewport)…", "data": null, "seq": 9030}
{"ts": "2026-04-28T19:59:42.876896+00:00", "level": "INFO", "jobId": "4f33a1d6-1ea0-4631-9cda-19e9b28a017a", "keyword": "khai trương đặc biệt", "step": "capture", "message": "Expanded \"Xem thêm\" (exact-class): +1 (total 1)", "data": null, "seq": 9031}
{"ts": "2026-04-28T19:59:55.843784+00:00", "level": "INFO", "jobId": "4f33a1d6-1ea0-4631-9cda-19e9b28a017a", "keyword": "khai trương đặc biệt", "step": "capture", "message": "Saved post_069.png", "data": null, "seq": 9032}
{"ts": "2026-04-28T19:59:55.843784+00:00", "level": "INFO", "jobId": "4f33a1d6-1ea0-4631-9cda-19e9b28a017a", "keyword": "khai trương đặc biệt", "step": "cooldown", "message": "Cooldown 1.4s (after capture)", "data": null, "seq": 9033}
{"ts": "2026-04-28T19:59:57.823962+00:00", "level": "INFO", "jobId": "4f33a1d6-1ea0-4631-9cda-19e9b28a017a", "keyword": "khai trương đặc biệt", "step": "capture", "message": "Capturing 70/70 (viewport)…", "data": null, "seq": 9034}
{"ts": "2026-04-28T20:00:10.312555+00:00", "level": "INFO", "jobId": "4f33a1d6-1ea0-4631-9cda-19e9b28a017a", "keyword": "khai trương đặc biệt", "step": "capture", "message": "Saved post_070.png", "data": null, "seq": 9035}
{"ts": "2026-04-28T20:00:10.312555+00:00", "level": "INFO", "jobId": "4f33a1d6-1ea0-4631-9cda-19e9b28a017a", "keyword": "khai trương đặc biệt", "step": "cooldown", "message": "Cooldown 3.0s (after capture)", "data": null, "seq": 9036}
{"ts": "2026-04-28T20:00:13.286344+00:00", "level": "INFO", "jobId": "4f33a1d6-1ea0-4631-9cda-19e9b28a017a", "keyword": "khai trương đặc biệt", "step": "done", "message": "Completed. Saved=70", "data": null, "seq": 9037}
