{"ts": "2026-04-28T23:14:12.910029+00:00", "level": "INFO", "jobId": "6dfd22c7-9533-468d-9504-2fda54799608", "keyword": "chúc mừng khai trương", "step": "start", "message": "Job started (attempt 1/2)", "data": null, "seq": 11585}
{"ts": "2026-04-28T23:14:16.300433+00:00", "level": "INFO", "jobId": "6dfd22c7-9533-468d-9504-2fda54799608", "keyword": "chúc mừng khai trương", "step": "login", "message": "Already logged in (profile session).", "data": null, "seq": 11586}
{"ts": "2026-04-28T23:14:16.550981+00:00", "level": "INFO", "jobId": "6dfd22c7-9533-468d-9504-2fda54799608", "keyword": "chúc mừng khai trương", "step": "search", "message": "Searching keyword: \"chúc mừng khai trương\"", "data": null, "seq": 11587}
{"ts": "2026-04-28T23:14:18.809615+00:00", "level": "INFO", "jobId": "6dfd22c7-9533-468d-9504-2fda54799608", "keyword": "chúc mừng khai trương", "step": "capture", "message": "Start capturing up to 70 posts.", "data": null, "seq": 11588}
{"ts": "2026-04-28T23:14:18.809615+00:00", "level": "INFO", "jobId": "6dfd22c7-9533-468d-9504-2fda54799608", "keyword": "chúc mừng khai trương", "step": "capture", "message": "Output folder: Lan 1 - 0614", "data": null, "seq": 11589}
{"ts": "2026-04-28T23:14:19.305433+00:00", "level": "INFO", "jobId": "6dfd22c7-9533-468d-9504-2fda54799608", "keyword": "chúc mừng khai trương", "step": "capture", "message": "Capturing 1/70 (viewport)…", "data": null, "seq": 11590}
{"ts": "2026-04-28T23:14:31.893661+00:00", "level": "INFO", "jobId": "6dfd22c7-9533-468d-9504-2fda54799608", "keyword": "chúc mừng khai trương", "step": "capture", "message": "Saved post_001.png", "data": null, "seq": 11591}
{"ts": "2026-04-28T23:14:31.893661+00:00", "level": "INFO", "jobId": "6dfd22c7-9533-468d-9504-2fda54799608", "keyword": "chúc mừng khai trương", "step": "cooldown", "message": "Cooldown 2.0s (after capture)", "data": null, "seq": 11592}
{"ts": "2026-04-28T23:14:34.424491+00:00", "level": "INFO", "jobId": "6dfd22c7-9533-468d-9504-2fda54799608", "keyword": "chúc mừng khai trương", "step": "capture", "message": "Capturing 2/70 (viewport)…", "data": null, "seq": 11593}
{"ts": "2026-04-28T23:14:46.929087+00:00", "level": "INFO", "jobId": "6dfd22c7-9533-468d-9504-2fda54799608", "keyword": "chúc mừng khai trương", "step": "capture", "message": "Saved post_002.png", "data": null, "seq": 11594}
{"ts": "2026-04-28T23:14:46.929087+00:00", "level": "INFO", "jobId": "6dfd22c7-9533-468d-9504-2fda54799608", "keyword": "chúc mừng khai trương", "step": "cooldown", "message": "Cooldown 2.2s (after capture)", "data": null, "seq": 11595}
{"ts": "2026-04-28T23:14:49.672021+00:00", "level": "INFO", "jobId": "6dfd22c7-9533-468d-9504-2fda54799608", "keyword": "chúc mừng khai trương", "step": "capture", "message": "Capturing 3/70 (viewport)…", "data": null, "seq": 11596}
{"ts": "2026-04-28T23:14:49.733221+00:00", "level": "INFO", "jobId": "6dfd22c7-9533-468d-9504-2fda54799608", "keyword": "chúc mừng khai trương", "step": "capture", "message": "Expanded \"Xem thêm\" (exact-class): +1 (total 1)", "data": null, "seq": 11597}
{"ts": "2026-04-28T23:15:02.606612+00:00", "level": "INFO", "jobId": "6dfd22c7-9533-468d-9504-2fda54799608", "keyword": "chúc mừng khai trương", "step": "capture", "message": "Saved post_003.png", "data": null, "seq": 11598}
{"ts": "2026-04-28T23:15:02.606612+00:00", "level": "INFO", "jobId": "6dfd22c7-9533-468d-9504-2fda54799608", "keyword": "chúc mừng khai trương", "step": "cooldown", "message": "Cooldown 1.3s (after capture)", "data": null, "seq": 11599}
{"ts": "2026-04-28T23:15:04.371410+00:00", "level": "INFO", "jobId": "6dfd22c7-9533-468d-9504-2fda54799608", "keyword": "chúc mừng khai trương", "step": "capture", "message": "Capturing 4/70 (viewport)…", "data": null, "seq": 11600}
{"ts": "2026-04-28T23:15:04.432088+00:00", "level": "INFO", "jobId": "6dfd22c7-9533-468d-9504-2fda54799608", "keyword": "chúc mừng khai trương", "step": "capture", "message": "Expanded \"Xem thêm\" (exact-class): +1 (total 1)", "data": null, "seq": 11601}
{"ts": "2026-04-28T23:15:17.173475+00:00", "level": "INFO", "jobId": "6dfd22c7-9533-468d-9504-2fda54799608", "keyword": "chúc mừng khai trương", "step": "capture", "message": "Saved post_004.png", "data": null, "seq": 11602}
{"ts": "2026-04-28T23:15:17.173475+00:00", "level": "INFO", "jobId": "6dfd22c7-9533-468d-9504-2fda54799608", "keyword": "chúc mừng khai trương", "step": "cooldown", "message": "Cooldown 1.5s (after capture)", "data": null, "seq": 11603}
{"ts": "2026-04-28T23:15:19.282659+00:00", "level": "INFO", "jobId": "6dfd22c7-9533-468d-9504-2fda54799608", "keyword": "chúc mừng khai trương", "step": "capture", "message": "Capturing 5/70 (viewport)…", "data": null, "seq": 11604}
{"ts": "2026-04-28T23:15:19.342684+00:00", "level": "INFO", "jobId": "6dfd22c7-9533-468d-9504-2fda54799608", "keyword": "chúc mừng khai trương", "step": "capture", "message": "Expanded \"Xem thêm\" (exact-class): +1 (total 1)", "data": null, "seq": 11605}
{"ts": "2026-04-28T23:15:32.120208+00:00", "level": "INFO", "jobId": "6dfd22c7-9533-468d-9504-2fda54799608", "keyword": "chúc mừng khai trương", "step": "capture", "message": "Saved post_005.png", "data": null, "seq": 11606}
{"ts": "2026-04-28T23:15:32.120208+00:00", "level": "INFO", "jobId": "6dfd22c7-9533-468d-9504-2fda54799608", "keyword": "chúc mừng khai trương", "step": "cooldown", "message": "Cooldown 1.4s (after capture)", "data": null, "seq": 11607}
{"ts": "2026-04-28T23:15:34.018000+00:00", "level": "INFO", "jobId": "6dfd22c7-9533-468d-9504-2fda54799608", "keyword": "chúc mừng khai trương", "step": "capture", "message": "Capturing 6/70 (viewport)…", "data": null, "seq": 11608}
{"ts": "2026-04-28T23:15:34.138421+00:00", "level": "INFO", "jobId": "6dfd22c7-9533-468d-9504-2fda54799608", "keyword": "chúc mừng khai trương", "step": "capture", "message": "Expanded \"Xem thêm\" (exact-class): +4 (total 4)", "data": null, "seq": 11609}
{"ts": "2026-04-28T23:15:46.952236+00:00", "level": "INFO", "jobId": "6dfd22c7-9533-468d-9504-2fda54799608", "keyword": "chúc mừng khai trương", "step": "capture", "message": "Saved post_006.png", "data": null, "seq": 11610}
{"ts": "2026-04-28T23:15:46.952236+00:00", "level": "INFO", "jobId": "6dfd22c7-9533-468d-9504-2fda54799608", "keyword": "chúc mừng khai trương", "step": "cooldown", "message": "Cooldown 1.0s (after capture)", "data": null, "seq": 11611}
{"ts": "2026-04-28T23:15:48.509396+00:00", "level": "INFO", "jobId": "6dfd22c7-9533-468d-9504-2fda54799608", "keyword": "chúc mừng khai trương", "step": "capture", "message": "Capturing 7/70 (viewport)…", "data": null, "seq": 11612}
{"ts": "2026-04-28T23:16:00.986351+00:00", "level": "INFO", "jobId": "6dfd22c7-9533-468d-9504-2fda54799608", "keyword": "chúc mừng khai trương", "step": "capture", "message": "Saved post_007.png", "data": null, "seq": 11613}
{"ts": "2026-04-28T23:16:00.986351+00:00", "level": "INFO", "jobId": "6dfd22c7-9533-468d-9504-2fda54799608", "keyword": "chúc mừng khai trương", "step": "cooldown", "message": "Cooldown 2.5s (after capture)", "data": null, "seq": 11614}
{"ts": "2026-04-28T23:16:04.043188+00:00", "level": "INFO", "jobId": "6dfd22c7-9533-468d-9504-2fda54799608", "keyword": "chúc mừng khai trương", "step": "capture", "message": "Capturing 8/70 (viewport)…", "data": null, "seq": 11615}
{"ts": "2026-04-28T23:16:04.136600+00:00", "level": "INFO", "jobId": "6dfd22c7-9533-468d-9504-2fda54799608", "keyword": "chúc mừng khai trương", "step": "capture", "message": "Expanded \"Xem thêm\" (exact-class): +1 (total 1)", "data": null, "seq": 11616}
{"ts": "2026-04-28T23:16:16.982754+00:00", "level": "INFO", "jobId": "6dfd22c7-9533-468d-9504-2fda54799608", "keyword": "chúc mừng khai trương", "step": "capture", "message": "Saved post_008.png", "data": null, "seq": 11617}
{"ts": "2026-04-28T23:16:16.982754+00:00", "level": "INFO", "jobId": "6dfd22c7-9533-468d-9504-2fda54799608", "keyword": "chúc mừng khai trương", "step": "cooldown", "message": "Cooldown 1.7s (after capture)", "data": null, "seq": 11618}
{"ts": "2026-04-28T23:16:19.198831+00:00", "level": "INFO", "jobId": "6dfd22c7-9533-468d-9504-2fda54799608", "keyword": "chúc mừng khai trương", "step": "capture", "message": "Capturing 9/70 (viewport)…", "data": null, "seq": 11619}
{"ts": "2026-04-28T23:16:19.299222+00:00", "level": "INFO", "jobId": "6dfd22c7-9533-468d-9504-2fda54799608", "keyword": "chúc mừng khai trương", "step": "capture", "message": "Expanded \"Xem thêm\" (exact-class): +2 (total 2)", "data": null, "seq": 11620}
{"ts": "2026-04-28T23:16:32.363103+00:00", "level": "INFO", "jobId": "6dfd22c7-9533-468d-9504-2fda54799608", "keyword": "chúc mừng khai trương", "step": "capture", "message": "Saved post_009.png", "data": null, "seq": 11621}
{"ts": "2026-04-28T23:16:32.363103+00:00", "level": "INFO", "jobId": "6dfd22c7-9533-468d-9504-2fda54799608", "keyword": "chúc mừng khai trương", "step": "cooldown", "message": "Cooldown 1.6s (after capture)", "data": null, "seq": 11622}
{"ts": "2026-04-28T23:16:34.503950+00:00", "level": "INFO", "jobId": "6dfd22c7-9533-468d-9504-2fda54799608", "keyword": "chúc mừng khai trương", "step": "capture", "message": "Capturing 10/70 (viewport)…", "data": null, "seq": 11623}
{"ts": "2026-04-28T23:16:34.582250+00:00", "level": "INFO", "jobId": "6dfd22c7-9533-468d-9504-2fda54799608", "keyword": "chúc mừng khai trương", "step": "capture", "message": "Expanded \"Xem thêm\" (exact-class): +1 (total 1)", "data": null, "seq": 11624}
{"ts": "2026-04-28T23:16:47.575649+00:00", "level": "INFO", "jobId": "6dfd22c7-9533-468d-9504-2fda54799608", "keyword": "chúc mừng khai trương", "step": "capture", "message": "Saved post_010.png", "data": null, "seq": 11625}
{"ts": "2026-04-28T23:16:47.576860+00:00", "level": "INFO", "jobId": "6dfd22c7-9533-468d-9504-2fda54799608", "keyword": "chúc mừng khai trương", "step": "cooldown", "message": "Cooldown 2.7s (after capture)", "data": null, "seq": 11626}
{"ts": "2026-04-28T23:16:50.840879+00:00", "level": "INFO", "jobId": "6dfd22c7-9533-468d-9504-2fda54799608", "keyword": "chúc mừng khai trương", "step": "capture", "message": "Capturing 11/70 (viewport)…", "data": null, "seq": 11627}
{"ts": "2026-04-28T23:17:03.512051+00:00", "level": "INFO", "jobId": "6dfd22c7-9533-468d-9504-2fda54799608", "keyword": "chúc mừng khai trương", "step": "capture", "message": "Saved post_011.png", "data": null, "seq": 11628}
{"ts": "2026-04-28T23:17:03.512051+00:00", "level": "INFO", "jobId": "6dfd22c7-9533-468d-9504-2fda54799608", "keyword": "chúc mừng khai trương", "step": "cooldown", "message": "Cooldown 2.1s (after capture)", "data": null, "seq": 11629}
{"ts": "2026-04-28T23:17:06.175513+00:00", "level": "INFO", "jobId": "6dfd22c7-9533-468d-9504-2fda54799608", "keyword": "chúc mừng khai trương", "step": "capture", "message": "Capturing 12/70 (viewport)…", "data": null, "seq": 11630}
{"ts": "2026-04-28T23:17:06.273230+00:00", "level": "INFO", "jobId": "6dfd22c7-9533-468d-9504-2fda54799608", "keyword": "chúc mừng khai trương", "step": "capture", "message": "Expanded \"Xem thêm\" (exact-class): +2 (total 2)", "data": null, "seq": 11631}
{"ts": "2026-04-28T23:17:19.341881+00:00", "level": "INFO", "jobId": "6dfd22c7-9533-468d-9504-2fda54799608", "keyword": "chúc mừng khai trương", "step": "capture", "message": "Saved post_012.png", "data": null, "seq": 11632}
{"ts": "2026-04-28T23:17:19.341881+00:00", "level": "INFO", "jobId": "6dfd22c7-9533-468d-9504-2fda54799608", "keyword": "chúc mừng khai trương", "step": "cooldown", "message": "Cooldown 1.7s (after capture)", "data": null, "seq": 11633}
{"ts": "2026-04-28T23:17:21.616755+00:00", "level": "INFO", "jobId": "6dfd22c7-9533-468d-9504-2fda54799608", "keyword": "chúc mừng khai trương", "step": "capture", "message": "Capturing 13/70 (viewport)…", "data": null, "seq": 11634}
{"ts": "2026-04-28T23:17:34.191400+00:00", "level": "INFO", "jobId": "6dfd22c7-9533-468d-9504-2fda54799608", "keyword": "chúc mừng khai trương", "step": "capture", "message": "Saved post_013.png", "data": null, "seq": 11635}
{"ts": "2026-04-28T23:17:34.191400+00:00", "level": "INFO", "jobId": "6dfd22c7-9533-468d-9504-2fda54799608", "keyword": "chúc mừng khai trương", "step": "cooldown", "message": "Cooldown 1.8s (after capture)", "data": null, "seq": 11636}
{"ts": "2026-04-28T23:17:36.606203+00:00", "level": "INFO", "jobId": "6dfd22c7-9533-468d-9504-2fda54799608", "keyword": "chúc mừng khai trương", "step": "capture", "message": "Capturing 14/70 (viewport)…", "data": null, "seq": 11637}
{"ts": "2026-04-28T23:17:36.691750+00:00", "level": "INFO", "jobId": "6dfd22c7-9533-468d-9504-2fda54799608", "keyword": "chúc mừng khai trương", "step": "capture", "message": "Expanded \"Xem thêm\" (exact-class): +1 (total 1)", "data": null, "seq": 11638}
{"ts": "2026-04-28T23:17:49.719943+00:00", "level": "INFO", "jobId": "6dfd22c7-9533-468d-9504-2fda54799608", "keyword": "chúc mừng khai trương", "step": "capture", "message": "Saved post_014.png", "data": null, "seq": 11639}
{"ts": "2026-04-28T23:17:49.719943+00:00", "level": "INFO", "jobId": "6dfd22c7-9533-468d-9504-2fda54799608", "keyword": "chúc mừng khai trương", "step": "cooldown", "message": "Cooldown 1.4s (after capture)", "data": null, "seq": 11640}
{"ts": "2026-04-28T23:17:51.677748+00:00", "level": "INFO", "jobId": "6dfd22c7-9533-468d-9504-2fda54799608", "keyword": "chúc mừng khai trương", "step": "capture", "message": "Capturing 15/70 (viewport)…", "data": null, "seq": 11641}
{"ts": "2026-04-28T23:17:51.749218+00:00", "level": "INFO", "jobId": "6dfd22c7-9533-468d-9504-2fda54799608", "keyword": "chúc mừng khai trương", "step": "capture", "message": "Expanded \"Xem thêm\" (exact-class): +1 (total 1)", "data": null, "seq": 11642}
{"ts": "2026-04-28T23:18:04.519195+00:00", "level": "INFO", "jobId": "6dfd22c7-9533-468d-9504-2fda54799608", "keyword": "chúc mừng khai trương", "step": "capture", "message": "Saved post_015.png", "data": null, "seq": 11643}
{"ts": "2026-04-28T23:18:04.519195+00:00", "level": "INFO", "jobId": "6dfd22c7-9533-468d-9504-2fda54799608", "keyword": "chúc mừng khai trương", "step": "cooldown", "message": "Cooldown 2.8s (after capture)", "data": null, "seq": 11644}
{"ts": "2026-04-28T23:18:07.903466+00:00", "level": "INFO", "jobId": "6dfd22c7-9533-468d-9504-2fda54799608", "keyword": "chúc mừng khai trương", "step": "capture", "message": "Capturing 16/70 (viewport)…", "data": null, "seq": 11645}
{"ts": "2026-04-28T23:18:07.989999+00:00", "level": "INFO", "jobId": "6dfd22c7-9533-468d-9504-2fda54799608", "keyword": "chúc mừng khai trương", "step": "capture", "message": "Expanded \"Xem thêm\" (exact-class): +1 (total 1)", "data": null, "seq": 11646}
{"ts": "2026-04-28T23:18:21.017035+00:00", "level": "INFO", "jobId": "6dfd22c7-9533-468d-9504-2fda54799608", "keyword": "chúc mừng khai trương", "step": "capture", "message": "Saved post_016.png", "data": null, "seq": 11647}
{"ts": "2026-04-28T23:18:21.017035+00:00", "level": "INFO", "jobId": "6dfd22c7-9533-468d-9504-2fda54799608", "keyword": "chúc mừng khai trương", "step": "cooldown", "message": "Cooldown 1.6s (after capture)", "data": null, "seq": 11648}
{"ts": "2026-04-28T23:18:23.259068+00:00", "level": "INFO", "jobId": "6dfd22c7-9533-468d-9504-2fda54799608", "keyword": "chúc mừng khai trương", "step": "capture", "message": "Capturing 17/70 (viewport)…", "data": null, "seq": 11649}
{"ts": "2026-04-28T23:18:23.338191+00:00", "level": "INFO", "jobId": "6dfd22c7-9533-468d-9504-2fda54799608", "keyword": "chúc mừng khai trương", "step": "capture", "message": "Expanded \"Xem thêm\" (exact-class): +1 (total 1)", "data": null, "seq": 11650}
{"ts": "2026-04-28T23:18:36.319002+00:00", "level": "INFO", "jobId": "6dfd22c7-9533-468d-9504-2fda54799608", "keyword": "chúc mừng khai trương", "step": "capture", "message": "Saved post_017.png", "data": null, "seq": 11651}
{"ts": "2026-04-28T23:18:36.319002+00:00", "level": "INFO", "jobId": "6dfd22c7-9533-468d-9504-2fda54799608", "keyword": "chúc mừng khai trương", "step": "cooldown", "message": "Cooldown 2.9s (after capture)", "data": null, "seq": 11652}
{"ts": "2026-04-28T23:18:39.807301+00:00", "level": "INFO", "jobId": "6dfd22c7-9533-468d-9504-2fda54799608", "keyword": "chúc mừng khai trương", "step": "capture", "message": "Capturing 18/70 (viewport)…", "data": null, "seq": 11653}
{"ts": "2026-04-28T23:18:39.929510+00:00", "level": "INFO", "jobId": "6dfd22c7-9533-468d-9504-2fda54799608", "keyword": "chúc mừng khai trương", "step": "capture", "message": "Expanded \"Xem thêm\" (exact-class): +2 (total 2)", "data": null, "seq": 11654}
{"ts": "2026-04-28T23:18:52.985612+00:00", "level": "INFO", "jobId": "6dfd22c7-9533-468d-9504-2fda54799608", "keyword": "chúc mừng khai trương", "step": "capture", "message": "Saved post_018.png", "data": null, "seq": 11655}
{"ts": "2026-04-28T23:18:52.985612+00:00", "level": "INFO", "jobId": "6dfd22c7-9533-468d-9504-2fda54799608", "keyword": "chúc mừng khai trương", "step": "cooldown", "message": "Cooldown 2.4s (after capture)", "data": null, "seq": 11656}
{"ts": "2026-04-28T23:18:55.998359+00:00", "level": "INFO", "jobId": "6dfd22c7-9533-468d-9504-2fda54799608", "keyword": "chúc mừng khai trương", "step": "capture", "message": "Capturing 19/70 (viewport)…", "data": null, "seq": 11657}
{"ts": "2026-04-28T23:19:08.440239+00:00", "level": "INFO", "jobId": "6dfd22c7-9533-468d-9504-2fda54799608", "keyword": "chúc mừng khai trương", "step": "capture", "message": "Saved post_019.png", "data": null, "seq": 11658}
{"ts": "2026-04-28T23:19:08.440239+00:00", "level": "INFO", "jobId": "6dfd22c7-9533-468d-9504-2fda54799608", "keyword": "chúc mừng khai trương", "step": "cooldown", "message": "Cooldown 2.8s (after capture)", "data": null, "seq": 11659}
{"ts": "2026-04-28T23:19:11.753285+00:00", "level": "INFO", "jobId": "6dfd22c7-9533-468d-9504-2fda54799608", "keyword": "chúc mừng khai trương", "step": "capture", "message": "Capturing 20/70 (viewport)…", "data": null, "seq": 11660}
{"ts": "2026-04-28T23:19:11.829321+00:00", "level": "INFO", "jobId": "6dfd22c7-9533-468d-9504-2fda54799608", "keyword": "chúc mừng khai trương", "step": "capture", "message": "Expanded \"Xem thêm\" (exact-class): +1 (total 1)", "data": null, "seq": 11661}
{"ts": "2026-04-28T23:19:24.642487+00:00", "level": "INFO", "jobId": "6dfd22c7-9533-468d-9504-2fda54799608", "keyword": "chúc mừng khai trương", "step": "capture", "message": "Saved post_020.png", "data": null, "seq": 11662}
{"ts": "2026-04-28T23:19:24.643722+00:00", "level": "INFO", "jobId": "6dfd22c7-9533-468d-9504-2fda54799608", "keyword": "chúc mừng khai trương", "step": "cooldown", "message": "Cooldown 1.7s (after capture)", "data": null, "seq": 11663}
{"ts": "2026-04-28T23:19:27.000795+00:00", "level": "INFO", "jobId": "6dfd22c7-9533-468d-9504-2fda54799608", "keyword": "chúc mừng khai trương", "step": "capture", "message": "Capturing 21/70 (viewport)…", "data": null, "seq": 11664}
{"ts": "2026-04-28T23:19:39.278250+00:00", "level": "INFO", "jobId": "6dfd22c7-9533-468d-9504-2fda54799608", "keyword": "chúc mừng khai trương", "step": "capture", "message": "Saved post_021.png", "data": null, "seq": 11665}
{"ts": "2026-04-28T23:19:39.279335+00:00", "level": "INFO", "jobId": "6dfd22c7-9533-468d-9504-2fda54799608", "keyword": "chúc mừng khai trương", "step": "cooldown", "message": "Cooldown 1.2s (after capture)", "data": null, "seq": 11666}
{"ts": "2026-04-28T23:19:41.117611+00:00", "level": "INFO", "jobId": "6dfd22c7-9533-468d-9504-2fda54799608", "keyword": "chúc mừng khai trương", "step": "capture", "message": "Capturing 22/70 (viewport)…", "data": null, "seq": 11667}
{"ts": "2026-04-28T23:19:53.997879+00:00", "level": "INFO", "jobId": "6dfd22c7-9533-468d-9504-2fda54799608", "keyword": "chúc mừng khai trương", "step": "capture", "message": "Capturing 22/70 (viewport)…", "data": null, "seq": 11668}
{"ts": "2026-04-28T23:20:06.294522+00:00", "level": "INFO", "jobId": "6dfd22c7-9533-468d-9504-2fda54799608", "keyword": "chúc mừng khai trương", "step": "capture", "message": "Saved post_022.png", "data": null, "seq": 11669}
{"ts": "2026-04-28T23:20:06.294522+00:00", "level": "INFO", "jobId": "6dfd22c7-9533-468d-9504-2fda54799608", "keyword": "chúc mừng khai trương", "step": "cooldown", "message": "Cooldown 2.0s (after capture)", "data": null, "seq": 11670}
{"ts": "2026-04-28T23:20:08.892120+00:00", "level": "INFO", "jobId": "6dfd22c7-9533-468d-9504-2fda54799608", "keyword": "chúc mừng khai trương", "step": "capture", "message": "Capturing 23/70 (viewport)…", "data": null, "seq": 11671}
{"ts": "2026-04-28T23:20:22.090657+00:00", "level": "INFO", "jobId": "6dfd22c7-9533-468d-9504-2fda54799608", "keyword": "chúc mừng khai trương", "step": "capture", "message": "Capturing 23/70 (viewport)…", "data": null, "seq": 11672}
{"ts": "2026-04-28T23:20:34.455128+00:00", "level": "INFO", "jobId": "6dfd22c7-9533-468d-9504-2fda54799608", "keyword": "chúc mừng khai trương", "step": "capture", "message": "Saved post_023.png", "data": null, "seq": 11673}
{"ts": "2026-04-28T23:20:34.457533+00:00", "level": "INFO", "jobId": "6dfd22c7-9533-468d-9504-2fda54799608", "keyword": "chúc mừng khai trương", "step": "cooldown", "message": "Cooldown 2.5s (after capture)", "data": null, "seq": 11674}
{"ts": "2026-04-28T23:20:37.521261+00:00", "level": "INFO", "jobId": "6dfd22c7-9533-468d-9504-2fda54799608", "keyword": "chúc mừng khai trương", "step": "capture", "message": "Capturing 24/70 (viewport)…", "data": null, "seq": 11675}
{"ts": "2026-04-28T23:20:37.610059+00:00", "level": "INFO", "jobId": "6dfd22c7-9533-468d-9504-2fda54799608", "keyword": "chúc mừng khai trương", "step": "capture", "message": "Expanded \"Xem thêm\" (exact-class): +1 (total 1)", "data": null, "seq": 11676}
{"ts": "2026-04-28T23:20:50.664742+00:00", "level": "INFO", "jobId": "6dfd22c7-9533-468d-9504-2fda54799608", "keyword": "chúc mừng khai trương", "step": "capture", "message": "Saved post_024.png", "data": null, "seq": 11677}
{"ts": "2026-04-28T23:20:50.664742+00:00", "level": "INFO", "jobId": "6dfd22c7-9533-468d-9504-2fda54799608", "keyword": "chúc mừng khai trương", "step": "cooldown", "message": "Cooldown 1.3s (after capture)", "data": null, "seq": 11678}
{"ts": "2026-04-28T23:20:52.515656+00:00", "level": "INFO", "jobId": "6dfd22c7-9533-468d-9504-2fda54799608", "keyword": "chúc mừng khai trương", "step": "capture", "message": "Capturing 25/70 (viewport)…", "data": null, "seq": 11679}
{"ts": "2026-04-28T23:20:52.603145+00:00", "level": "INFO", "jobId": "6dfd22c7-9533-468d-9504-2fda54799608", "keyword": "chúc mừng khai trương", "step": "capture", "message": "Expanded \"Xem thêm\" (exact-class): +1 (total 1)", "data": null, "seq": 11680}
{"ts": "2026-04-28T23:21:05.626917+00:00", "level": "INFO", "jobId": "6dfd22c7-9533-468d-9504-2fda54799608", "keyword": "chúc mừng khai trương", "step": "capture", "message": "Saved post_025.png", "data": null, "seq": 11681}
{"ts": "2026-04-28T23:21:05.626917+00:00", "level": "INFO", "jobId": "6dfd22c7-9533-468d-9504-2fda54799608", "keyword": "chúc mừng khai trương", "step": "cooldown", "message": "Cooldown 1.2s (after capture)", "data": null, "seq": 11682}
{"ts": "2026-04-28T23:21:07.464392+00:00", "level": "INFO", "jobId": "6dfd22c7-9533-468d-9504-2fda54799608", "keyword": "chúc mừng khai trương", "step": "capture", "message": "Capturing 26/70 (viewport)…", "data": null, "seq": 11683}
{"ts": "2026-04-28T23:21:20.162016+00:00", "level": "INFO", "jobId": "6dfd22c7-9533-468d-9504-2fda54799608", "keyword": "chúc mừng khai trương", "step": "capture", "message": "Saved post_026.png", "data": null, "seq": 11684}
{"ts": "2026-04-28T23:21:20.162016+00:00", "level": "INFO", "jobId": "6dfd22c7-9533-468d-9504-2fda54799608", "keyword": "chúc mừng khai trương", "step": "cooldown", "message": "Cooldown 2.5s (after capture)", "data": null, "seq": 11685}
{"ts": "2026-04-28T23:21:23.267865+00:00", "level": "INFO", "jobId": "6dfd22c7-9533-468d-9504-2fda54799608", "keyword": "chúc mừng khai trương", "step": "capture", "message": "Capturing 27/70 (viewport)…", "data": null, "seq": 11686}
{"ts": "2026-04-28T23:21:23.361435+00:00", "level": "INFO", "jobId": "6dfd22c7-9533-468d-9504-2fda54799608", "keyword": "chúc mừng khai trương", "step": "capture", "message": "Expanded \"Xem thêm\" (exact-class): +2 (total 2)", "data": null, "seq": 11687}
{"ts": "2026-04-28T23:21:36.260675+00:00", "level": "INFO", "jobId": "6dfd22c7-9533-468d-9504-2fda54799608", "keyword": "chúc mừng khai trương", "step": "capture", "message": "Saved post_027.png", "data": null, "seq": 11688}
{"ts": "2026-04-28T23:21:36.260675+00:00", "level": "INFO", "jobId": "6dfd22c7-9533-468d-9504-2fda54799608", "keyword": "chúc mừng khai trương", "step": "cooldown", "message": "Cooldown 2.8s (after capture)", "data": null, "seq": 11689}
{"ts": "2026-04-28T23:21:39.702548+00:00", "level": "INFO", "jobId": "6dfd22c7-9533-468d-9504-2fda54799608", "keyword": "chúc mừng khai trương", "step": "capture", "message": "Capturing 28/70 (viewport)…", "data": null, "seq": 11690}
{"ts": "2026-04-28T23:21:52.074434+00:00", "level": "INFO", "jobId": "6dfd22c7-9533-468d-9504-2fda54799608", "keyword": "chúc mừng khai trương", "step": "capture", "message": "Saved post_028.png", "data": null, "seq": 11691}
{"ts": "2026-04-28T23:21:52.074434+00:00", "level": "INFO", "jobId": "6dfd22c7-9533-468d-9504-2fda54799608", "keyword": "chúc mừng khai trương", "step": "cooldown", "message": "Cooldown 2.2s (after capture)", "data": null, "seq": 11692}
{"ts": "2026-04-28T23:21:54.822711+00:00", "level": "INFO", "jobId": "6dfd22c7-9533-468d-9504-2fda54799608", "keyword": "chúc mừng khai trương", "step": "capture", "message": "Capturing 29/70 (viewport)…", "data": null, "seq": 11693}
{"ts": "2026-04-28T23:22:07.495995+00:00", "level": "INFO", "jobId": "6dfd22c7-9533-468d-9504-2fda54799608", "keyword": "chúc mừng khai trương", "step": "capture", "message": "Saved post_029.png", "data": null, "seq": 11694}
{"ts": "2026-04-28T23:22:07.495995+00:00", "level": "INFO", "jobId": "6dfd22c7-9533-468d-9504-2fda54799608", "keyword": "chúc mừng khai trương", "step": "cooldown", "message": "Cooldown 1.4s (after capture)", "data": null, "seq": 11695}
{"ts": "2026-04-28T23:22:09.455776+00:00", "level": "INFO", "jobId": "6dfd22c7-9533-468d-9504-2fda54799608", "keyword": "chúc mừng khai trương", "step": "capture", "message": "Capturing 30/70 (viewport)…", "data": null, "seq": 11696}
{"ts": "2026-04-28T23:22:09.708615+00:00", "level": "INFO", "jobId": "6dfd22c7-9533-468d-9504-2fda54799608", "keyword": "chúc mừng khai trương", "step": "capture", "message": "Expanded \"Xem thêm\" (exact-class): +1 (total 1)", "data": null, "seq": 11697}
{"ts": "2026-04-28T23:22:22.653464+00:00", "level": "INFO", "jobId": "6dfd22c7-9533-468d-9504-2fda54799608", "keyword": "chúc mừng khai trương", "step": "capture", "message": "Saved post_030.png", "data": null, "seq": 11698}
{"ts": "2026-04-28T23:22:22.653464+00:00", "level": "INFO", "jobId": "6dfd22c7-9533-468d-9504-2fda54799608", "keyword": "chúc mừng khai trương", "step": "cooldown", "message": "Cooldown 1.1s (after capture)", "data": null, "seq": 11699}
{"ts": "2026-04-28T23:22:24.340383+00:00", "level": "INFO", "jobId": "6dfd22c7-9533-468d-9504-2fda54799608", "keyword": "chúc mừng khai trương", "step": "capture", "message": "Capturing 31/70 (viewport)…", "data": null, "seq": 11700}
{"ts": "2026-04-28T23:22:24.470048+00:00", "level": "INFO", "jobId": "6dfd22c7-9533-468d-9504-2fda54799608", "keyword": "chúc mừng khai trương", "step": "capture", "message": "Expanded \"Xem thêm\" (exact-class): +3 (total 3)", "data": null, "seq": 11701}
{"ts": "2026-04-28T23:22:37.363588+00:00", "level": "INFO", "jobId": "6dfd22c7-9533-468d-9504-2fda54799608", "keyword": "chúc mừng khai trương", "step": "capture", "message": "Saved post_031.png", "data": null, "seq": 11702}
{"ts": "2026-04-28T23:22:37.363588+00:00", "level": "INFO", "jobId": "6dfd22c7-9533-468d-9504-2fda54799608", "keyword": "chúc mừng khai trương", "step": "cooldown", "message": "Cooldown 2.9s (after capture)", "data": null, "seq": 11703}
{"ts": "2026-04-28T23:22:40.852179+00:00", "level": "INFO", "jobId": "6dfd22c7-9533-468d-9504-2fda54799608", "keyword": "chúc mừng khai trương", "step": "capture", "message": "Capturing 32/70 (viewport)…", "data": null, "seq": 11704}
{"ts": "2026-04-28T23:22:53.209814+00:00", "level": "INFO", "jobId": "6dfd22c7-9533-468d-9504-2fda54799608", "keyword": "chúc mừng khai trương", "step": "capture", "message": "Saved post_032.png", "data": null, "seq": 11705}
{"ts": "2026-04-28T23:22:53.211244+00:00", "level": "INFO", "jobId": "6dfd22c7-9533-468d-9504-2fda54799608", "keyword": "chúc mừng khai trương", "step": "cooldown", "message": "Cooldown 1.1s (after capture)", "data": null, "seq": 11706}
{"ts": "2026-04-28T23:22:54.885401+00:00", "level": "INFO", "jobId": "6dfd22c7-9533-468d-9504-2fda54799608", "keyword": "chúc mừng khai trương", "step": "capture", "message": "Capturing 33/70 (viewport)…", "data": null, "seq": 11707}
{"ts": "2026-04-28T23:23:07.401684+00:00", "level": "INFO", "jobId": "6dfd22c7-9533-468d-9504-2fda54799608", "keyword": "chúc mừng khai trương", "step": "capture", "message": "Saved post_033.png", "data": null, "seq": 11708}
{"ts": "2026-04-28T23:23:07.401684+00:00", "level": "INFO", "jobId": "6dfd22c7-9533-468d-9504-2fda54799608", "keyword": "chúc mừng khai trương", "step": "cooldown", "message": "Cooldown 1.3s (after capture)", "data": null, "seq": 11709}
{"ts": "2026-04-28T23:23:09.252033+00:00", "level": "INFO", "jobId": "6dfd22c7-9533-468d-9504-2fda54799608", "keyword": "chúc mừng khai trương", "step": "capture", "message": "Capturing 34/70 (viewport)…", "data": null, "seq": 11710}
{"ts": "2026-04-28T23:23:21.629086+00:00", "level": "INFO", "jobId": "6dfd22c7-9533-468d-9504-2fda54799608", "keyword": "chúc mừng khai trương", "step": "capture", "message": "Saved post_034.png", "data": null, "seq": 11711}
{"ts": "2026-04-28T23:23:21.629086+00:00", "level": "INFO", "jobId": "6dfd22c7-9533-468d-9504-2fda54799608", "keyword": "chúc mừng khai trương", "step": "cooldown", "message": "Cooldown 1.9s (after capture)", "data": null, "seq": 11712}
{"ts": "2026-04-28T23:23:24.101207+00:00", "level": "INFO", "jobId": "6dfd22c7-9533-468d-9504-2fda54799608", "keyword": "chúc mừng khai trương", "step": "capture", "message": "Capturing 35/70 (viewport)…", "data": null, "seq": 11713}
{"ts": "2026-04-28T23:23:24.181274+00:00", "level": "INFO", "jobId": "6dfd22c7-9533-468d-9504-2fda54799608", "keyword": "chúc mừng khai trương", "step": "capture", "message": "Expanded \"Xem thêm\" (exact-class): +1 (total 1)", "data": null, "seq": 11714}
{"ts": "2026-04-28T23:23:36.976613+00:00", "level": "INFO", "jobId": "6dfd22c7-9533-468d-9504-2fda54799608", "keyword": "chúc mừng khai trương", "step": "capture", "message": "Saved post_035.png", "data": null, "seq": 11715}
{"ts": "2026-04-28T23:23:36.981396+00:00", "level": "INFO", "jobId": "6dfd22c7-9533-468d-9504-2fda54799608", "keyword": "chúc mừng khai trương", "step": "cooldown", "message": "Cooldown 1.8s (after capture)", "data": null, "seq": 11716}
{"ts": "2026-04-28T23:23:39.439086+00:00", "level": "INFO", "jobId": "6dfd22c7-9533-468d-9504-2fda54799608", "keyword": "chúc mừng khai trương", "step": "capture", "message": "Capturing 36/70 (viewport)…", "data": null, "seq": 11717}
{"ts": "2026-04-28T23:23:39.534816+00:00", "level": "INFO", "jobId": "6dfd22c7-9533-468d-9504-2fda54799608", "keyword": "chúc mừng khai trương", "step": "capture", "message": "Expanded \"Xem thêm\" (exact-class): +1 (total 1)", "data": null, "seq": 11718}
{"ts": "2026-04-28T23:23:53.369371+00:00", "level": "INFO", "jobId": "6dfd22c7-9533-468d-9504-2fda54799608", "keyword": "chúc mừng khai trương", "step": "capture", "message": "Saved post_036.png", "data": null, "seq": 11719}
{"ts": "2026-04-28T23:23:53.371115+00:00", "level": "INFO", "jobId": "6dfd22c7-9533-468d-9504-2fda54799608", "keyword": "chúc mừng khai trương", "step": "cooldown", "message": "Cooldown 1.1s (after capture)", "data": null, "seq": 11720}
{"ts": "2026-04-28T23:23:55.178861+00:00", "level": "INFO", "jobId": "6dfd22c7-9533-468d-9504-2fda54799608", "keyword": "chúc mừng khai trương", "step": "capture", "message": "Capturing 37/70 (viewport)…", "data": null, "seq": 11721}
{"ts": "2026-04-28T23:24:07.621577+00:00", "level": "INFO", "jobId": "6dfd22c7-9533-468d-9504-2fda54799608", "keyword": "chúc mừng khai trương", "step": "capture", "message": "Saved post_037.png", "data": null, "seq": 11722}
{"ts": "2026-04-28T23:24:07.621577+00:00", "level": "INFO", "jobId": "6dfd22c7-9533-468d-9504-2fda54799608", "keyword": "chúc mừng khai trương", "step": "cooldown", "message": "Cooldown 2.1s (after capture)", "data": null, "seq": 11723}
{"ts": "2026-04-28T23:24:10.351230+00:00", "level": "INFO", "jobId": "6dfd22c7-9533-468d-9504-2fda54799608", "keyword": "chúc mừng khai trương", "step": "capture", "message": "Capturing 38/70 (viewport)…", "data": null, "seq": 11724}
{"ts": "2026-04-28T23:24:10.443426+00:00", "level": "INFO", "jobId": "6dfd22c7-9533-468d-9504-2fda54799608", "keyword": "chúc mừng khai trương", "step": "capture", "message": "Expanded \"Xem thêm\" (exact-class): +1 (total 1)", "data": null, "seq": 11725}
{"ts": "2026-04-28T23:24:23.117748+00:00", "level": "INFO", "jobId": "6dfd22c7-9533-468d-9504-2fda54799608", "keyword": "chúc mừng khai trương", "step": "capture", "message": "Saved post_038.png", "data": null, "seq": 11726}
{"ts": "2026-04-28T23:24:23.117748+00:00", "level": "INFO", "jobId": "6dfd22c7-9533-468d-9504-2fda54799608", "keyword": "chúc mừng khai trương", "step": "cooldown", "message": "Cooldown 1.5s (after capture)", "data": null, "seq": 11727}
{"ts": "2026-04-28T23:24:25.215949+00:00", "level": "INFO", "jobId": "6dfd22c7-9533-468d-9504-2fda54799608", "keyword": "chúc mừng khai trương", "step": "capture", "message": "Capturing 39/70 (viewport)…", "data": null, "seq": 11728}
{"ts": "2026-04-28T23:24:37.622095+00:00", "level": "INFO", "jobId": "6dfd22c7-9533-468d-9504-2fda54799608", "keyword": "chúc mừng khai trương", "step": "capture", "message": "Saved post_039.png", "data": null, "seq": 11729}
{"ts": "2026-04-28T23:24:37.623116+00:00", "level": "INFO", "jobId": "6dfd22c7-9533-468d-9504-2fda54799608", "keyword": "chúc mừng khai trương", "step": "cooldown", "message": "Cooldown 1.8s (after capture)", "data": null, "seq": 11730}
{"ts": "2026-04-28T23:24:39.974387+00:00", "level": "INFO", "jobId": "6dfd22c7-9533-468d-9504-2fda54799608", "keyword": "chúc mừng khai trương", "step": "capture", "message": "Capturing 40/70 (viewport)…", "data": null, "seq": 11731}
{"ts": "2026-04-28T23:24:52.365820+00:00", "level": "INFO", "jobId": "6dfd22c7-9533-468d-9504-2fda54799608", "keyword": "chúc mừng khai trương", "step": "capture", "message": "Saved post_040.png", "data": null, "seq": 11732}
{"ts": "2026-04-28T23:24:52.365820+00:00", "level": "INFO", "jobId": "6dfd22c7-9533-468d-9504-2fda54799608", "keyword": "chúc mừng khai trương", "step": "cooldown", "message": "Cooldown 2.0s (after capture)", "data": null, "seq": 11733}
{"ts": "2026-04-28T23:24:55.030461+00:00", "level": "INFO", "jobId": "6dfd22c7-9533-468d-9504-2fda54799608", "keyword": "chúc mừng khai trương", "step": "capture", "message": "Capturing 41/70 (viewport)…", "data": null, "seq": 11734}
{"ts": "2026-04-28T23:25:07.565872+00:00", "level": "INFO", "jobId": "6dfd22c7-9533-468d-9504-2fda54799608", "keyword": "chúc mừng khai trương", "step": "capture", "message": "Saved post_041.png", "data": null, "seq": 11735}
{"ts": "2026-04-28T23:25:07.565872+00:00", "level": "INFO", "jobId": "6dfd22c7-9533-468d-9504-2fda54799608", "keyword": "chúc mừng khai trương", "step": "cooldown", "message": "Cooldown 2.8s (after capture)", "data": null, "seq": 11736}
{"ts": "2026-04-28T23:25:11.017100+00:00", "level": "INFO", "jobId": "6dfd22c7-9533-468d-9504-2fda54799608", "keyword": "chúc mừng khai trương", "step": "capture", "message": "Capturing 42/70 (viewport)…", "data": null, "seq": 11737}
{"ts": "2026-04-28T23:25:11.160080+00:00", "level": "INFO", "jobId": "6dfd22c7-9533-468d-9504-2fda54799608", "keyword": "chúc mừng khai trương", "step": "capture", "message": "Expanded \"Xem thêm\" (exact-class): +2 (total 2)", "data": null, "seq": 11738}
{"ts": "2026-04-28T23:25:24.029604+00:00", "level": "INFO", "jobId": "6dfd22c7-9533-468d-9504-2fda54799608", "keyword": "chúc mừng khai trương", "step": "capture", "message": "Saved post_042.png", "data": null, "seq": 11739}
{"ts": "2026-04-28T23:25:24.029604+00:00", "level": "INFO", "jobId": "6dfd22c7-9533-468d-9504-2fda54799608", "keyword": "chúc mừng khai trương", "step": "cooldown", "message": "Cooldown 1.2s (after capture)", "data": null, "seq": 11740}
{"ts": "2026-04-28T23:25:25.846856+00:00", "level": "INFO", "jobId": "6dfd22c7-9533-468d-9504-2fda54799608", "keyword": "chúc mừng khai trương", "step": "capture", "message": "Capturing 43/70 (viewport)…", "data": null, "seq": 11741}
{"ts": "2026-04-28T23:25:38.209032+00:00", "level": "INFO", "jobId": "6dfd22c7-9533-468d-9504-2fda54799608", "keyword": "chúc mừng khai trương", "step": "capture", "message": "Saved post_043.png", "data": null, "seq": 11742}
{"ts": "2026-04-28T23:25:38.210034+00:00", "level": "INFO", "jobId": "6dfd22c7-9533-468d-9504-2fda54799608", "keyword": "chúc mừng khai trương", "step": "cooldown", "message": "Cooldown 1.7s (after capture)", "data": null, "seq": 11743}
{"ts": "2026-04-28T23:25:40.503745+00:00", "level": "INFO", "jobId": "6dfd22c7-9533-468d-9504-2fda54799608", "keyword": "chúc mừng khai trương", "step": "capture", "message": "Capturing 44/70 (viewport)…", "data": null, "seq": 11744}
{"ts": "2026-04-28T23:25:53.168307+00:00", "level": "INFO", "jobId": "6dfd22c7-9533-468d-9504-2fda54799608", "keyword": "chúc mừng khai trương", "step": "capture", "message": "Saved post_044.png", "data": null, "seq": 11745}
{"ts": "2026-04-28T23:25:53.168307+00:00", "level": "INFO", "jobId": "6dfd22c7-9533-468d-9504-2fda54799608", "keyword": "chúc mừng khai trương", "step": "cooldown", "message": "Cooldown 2.2s (after capture)", "data": null, "seq": 11746}
{"ts": "2026-04-28T23:25:55.940049+00:00", "level": "INFO", "jobId": "6dfd22c7-9533-468d-9504-2fda54799608", "keyword": "chúc mừng khai trương", "step": "capture", "message": "Capturing 45/70 (viewport)…", "data": null, "seq": 11747}
{"ts": "2026-04-28T23:25:56.069667+00:00", "level": "INFO", "jobId": "6dfd22c7-9533-468d-9504-2fda54799608", "keyword": "chúc mừng khai trương", "step": "capture", "message": "Expanded \"Xem thêm\" (exact-class): +2 (total 2)", "data": null, "seq": 11748}
{"ts": "2026-04-28T23:26:08.922676+00:00", "level": "INFO", "jobId": "6dfd22c7-9533-468d-9504-2fda54799608", "keyword": "chúc mừng khai trương", "step": "capture", "message": "Saved post_045.png", "data": null, "seq": 11749}
{"ts": "2026-04-28T23:26:08.922676+00:00", "level": "INFO", "jobId": "6dfd22c7-9533-468d-9504-2fda54799608", "keyword": "chúc mừng khai trương", "step": "cooldown", "message": "Cooldown 2.6s (after capture)", "data": null, "seq": 11750}
{"ts": "2026-04-28T23:26:12.137676+00:00", "level": "INFO", "jobId": "6dfd22c7-9533-468d-9504-2fda54799608", "keyword": "chúc mừng khai trương", "step": "capture", "message": "Capturing 46/70 (viewport)…", "data": null, "seq": 11751}
{"ts": "2026-04-28T23:26:24.498653+00:00", "level": "INFO", "jobId": "6dfd22c7-9533-468d-9504-2fda54799608", "keyword": "chúc mừng khai trương", "step": "capture", "message": "Saved post_046.png", "data": null, "seq": 11752}
{"ts": "2026-04-28T23:26:24.499699+00:00", "level": "INFO", "jobId": "6dfd22c7-9533-468d-9504-2fda54799608", "keyword": "chúc mừng khai trương", "step": "cooldown", "message": "Cooldown 1.9s (after capture)", "data": null, "seq": 11753}
{"ts": "2026-04-28T23:26:27.107934+00:00", "level": "INFO", "jobId": "6dfd22c7-9533-468d-9504-2fda54799608", "keyword": "chúc mừng khai trương", "step": "capture", "message": "Capturing 47/70 (viewport)…", "data": null, "seq": 11754}
{"ts": "2026-04-28T23:26:40.036445+00:00", "level": "INFO", "jobId": "6dfd22c7-9533-468d-9504-2fda54799608", "keyword": "chúc mừng khai trương", "step": "capture", "message": "Saved post_047.png", "data": null, "seq": 11755}
{"ts": "2026-04-28T23:26:40.036445+00:00", "level": "INFO", "jobId": "6dfd22c7-9533-468d-9504-2fda54799608", "keyword": "chúc mừng khai trương", "step": "cooldown", "message": "Cooldown 2.1s (after capture)", "data": null, "seq": 11756}
{"ts": "2026-04-28T23:26:42.745375+00:00", "level": "INFO", "jobId": "6dfd22c7-9533-468d-9504-2fda54799608", "keyword": "chúc mừng khai trương", "step": "capture", "message": "Capturing 48/70 (viewport)…", "data": null, "seq": 11757}
{"ts": "2026-04-28T23:26:42.881326+00:00", "level": "INFO", "jobId": "6dfd22c7-9533-468d-9504-2fda54799608", "keyword": "chúc mừng khai trương", "step": "capture", "message": "Expanded \"Xem thêm\" (exact-class): +1 (total 1)", "data": null, "seq": 11758}
{"ts": "2026-04-28T23:26:55.738850+00:00", "level": "INFO", "jobId": "6dfd22c7-9533-468d-9504-2fda54799608", "keyword": "chúc mừng khai trương", "step": "capture", "message": "Saved post_048.png", "data": null, "seq": 11759}
{"ts": "2026-04-28T23:26:55.738850+00:00", "level": "INFO", "jobId": "6dfd22c7-9533-468d-9504-2fda54799608", "keyword": "chúc mừng khai trương", "step": "cooldown", "message": "Cooldown 1.6s (after capture)", "data": null, "seq": 11760}
{"ts": "2026-04-28T23:26:57.976129+00:00", "level": "INFO", "jobId": "6dfd22c7-9533-468d-9504-2fda54799608", "keyword": "chúc mừng khai trương", "step": "capture", "message": "Capturing 49/70 (viewport)…", "data": null, "seq": 11761}
{"ts": "2026-04-28T23:26:58.151961+00:00", "level": "INFO", "jobId": "6dfd22c7-9533-468d-9504-2fda54799608", "keyword": "chúc mừng khai trương", "step": "capture", "message": "Expanded \"Xem thêm\" (exact-class): +1 (total 1)", "data": null, "seq": 11762}
{"ts": "2026-04-28T23:27:11.229551+00:00", "level": "INFO", "jobId": "6dfd22c7-9533-468d-9504-2fda54799608", "keyword": "chúc mừng khai trương", "step": "capture", "message": "Saved post_049.png", "data": null, "seq": 11763}
{"ts": "2026-04-28T23:27:11.230685+00:00", "level": "INFO", "jobId": "6dfd22c7-9533-468d-9504-2fda54799608", "keyword": "chúc mừng khai trương", "step": "cooldown", "message": "Cooldown 1.8s (after capture)", "data": null, "seq": 11764}
{"ts": "2026-04-28T23:27:13.645263+00:00", "level": "INFO", "jobId": "6dfd22c7-9533-468d-9504-2fda54799608", "keyword": "chúc mừng khai trương", "step": "capture", "message": "Capturing 50/70 (viewport)…", "data": null, "seq": 11765}
{"ts": "2026-04-28T23:27:13.752164+00:00", "level": "INFO", "jobId": "6dfd22c7-9533-468d-9504-2fda54799608", "keyword": "chúc mừng khai trương", "step": "capture", "message": "Expanded \"Xem thêm\" (exact-class): +1 (total 1)", "data": null, "seq": 11766}
{"ts": "2026-04-28T23:27:26.713711+00:00", "level": "INFO", "jobId": "6dfd22c7-9533-468d-9504-2fda54799608", "keyword": "chúc mừng khai trương", "step": "capture", "message": "Saved post_050.png", "data": null, "seq": 11767}
{"ts": "2026-04-28T23:27:26.713711+00:00", "level": "INFO", "jobId": "6dfd22c7-9533-468d-9504-2fda54799608", "keyword": "chúc mừng khai trương", "step": "cooldown", "message": "Cooldown 3.0s (after capture)", "data": null, "seq": 11768}
{"ts": "2026-04-28T23:27:30.305340+00:00", "level": "INFO", "jobId": "6dfd22c7-9533-468d-9504-2fda54799608", "keyword": "chúc mừng khai trương", "step": "capture", "message": "Capturing 51/70 (viewport)…", "data": null, "seq": 11769}
{"ts": "2026-04-28T23:27:42.945817+00:00", "level": "INFO", "jobId": "6dfd22c7-9533-468d-9504-2fda54799608", "keyword": "chúc mừng khai trương", "step": "capture", "message": "Saved post_051.png", "data": null, "seq": 11770}
{"ts": "2026-04-28T23:27:42.945817+00:00", "level": "INFO", "jobId": "6dfd22c7-9533-468d-9504-2fda54799608", "keyword": "chúc mừng khai trương", "step": "cooldown", "message": "Cooldown 1.6s (after capture)", "data": null, "seq": 11771}
{"ts": "2026-04-28T23:27:45.127753+00:00", "level": "INFO", "jobId": "6dfd22c7-9533-468d-9504-2fda54799608", "keyword": "chúc mừng khai trương", "step": "capture", "message": "Capturing 52/70 (viewport)…", "data": null, "seq": 11772}
{"ts": "2026-04-28T23:27:45.243641+00:00", "level": "INFO", "jobId": "6dfd22c7-9533-468d-9504-2fda54799608", "keyword": "chúc mừng khai trương", "step": "capture", "message": "Expanded \"Xem thêm\" (exact-class): +1 (total 1)", "data": null, "seq": 11773}
{"ts": "2026-04-28T23:27:58.358177+00:00", "level": "INFO", "jobId": "6dfd22c7-9533-468d-9504-2fda54799608", "keyword": "chúc mừng khai trương", "step": "capture", "message": "Saved post_052.png", "data": null, "seq": 11774}
{"ts": "2026-04-28T23:27:58.358177+00:00", "level": "INFO", "jobId": "6dfd22c7-9533-468d-9504-2fda54799608", "keyword": "chúc mừng khai trương", "step": "cooldown", "message": "Cooldown 2.6s (after capture)", "data": null, "seq": 11775}
{"ts": "2026-04-28T23:28:01.504634+00:00", "level": "INFO", "jobId": "6dfd22c7-9533-468d-9504-2fda54799608", "keyword": "chúc mừng khai trương", "step": "capture", "message": "Capturing 53/70 (viewport)…", "data": null, "seq": 11776}
{"ts": "2026-04-28T23:28:01.705327+00:00", "level": "INFO", "jobId": "6dfd22c7-9533-468d-9504-2fda54799608", "keyword": "chúc mừng khai trương", "step": "capture", "message": "Expanded \"Xem thêm\" (exact-class): +1 (total 1)", "data": null, "seq": 11777}
{"ts": "2026-04-28T23:28:14.682122+00:00", "level": "INFO", "jobId": "6dfd22c7-9533-468d-9504-2fda54799608", "keyword": "chúc mừng khai trương", "step": "capture", "message": "Saved post_053.png", "data": null, "seq": 11778}
{"ts": "2026-04-28T23:28:14.682122+00:00", "level": "INFO", "jobId": "6dfd22c7-9533-468d-9504-2fda54799608", "keyword": "chúc mừng khai trương", "step": "cooldown", "message": "Cooldown 1.3s (after capture)", "data": null, "seq": 11779}
{"ts": "2026-04-28T23:28:16.504820+00:00", "level": "INFO", "jobId": "6dfd22c7-9533-468d-9504-2fda54799608", "keyword": "chúc mừng khai trương", "step": "capture", "message": "Capturing 54/70 (viewport)…", "data": null, "seq": 11780}
{"ts": "2026-04-28T23:28:29.243543+00:00", "level": "INFO", "jobId": "6dfd22c7-9533-468d-9504-2fda54799608", "keyword": "chúc mừng khai trương", "step": "capture", "message": "Saved post_054.png", "data": null, "seq": 11781}
{"ts": "2026-04-28T23:28:29.243543+00:00", "level": "INFO", "jobId": "6dfd22c7-9533-468d-9504-2fda54799608", "keyword": "chúc mừng khai trương", "step": "cooldown", "message": "Cooldown 1.3s (after capture)", "data": null, "seq": 11782}
{"ts": "2026-04-28T23:28:31.108477+00:00", "level": "INFO", "jobId": "6dfd22c7-9533-468d-9504-2fda54799608", "keyword": "chúc mừng khai trương", "step": "capture", "message": "Capturing 55/70 (viewport)…", "data": null, "seq": 11783}
{"ts": "2026-04-28T23:28:31.207030+00:00", "level": "INFO", "jobId": "6dfd22c7-9533-468d-9504-2fda54799608", "keyword": "chúc mừng khai trương", "step": "capture", "message": "Expanded \"Xem thêm\" (exact-class): +1 (total 1)", "data": null, "seq": 11784}
{"ts": "2026-04-28T23:28:44.259069+00:00", "level": "INFO", "jobId": "6dfd22c7-9533-468d-9504-2fda54799608", "keyword": "chúc mừng khai trương", "step": "capture", "message": "Saved post_055.png", "data": null, "seq": 11785}
{"ts": "2026-04-28T23:28:44.259069+00:00", "level": "INFO", "jobId": "6dfd22c7-9533-468d-9504-2fda54799608", "keyword": "chúc mừng khai trương", "step": "cooldown", "message": "Cooldown 1.5s (after capture)", "data": null, "seq": 11786}
{"ts": "2026-04-28T23:28:46.364655+00:00", "level": "INFO", "jobId": "6dfd22c7-9533-468d-9504-2fda54799608", "keyword": "chúc mừng khai trương", "step": "capture", "message": "Capturing 56/70 (viewport)…", "data": null, "seq": 11787}
{"ts": "2026-04-28T23:28:59.052496+00:00", "level": "INFO", "jobId": "6dfd22c7-9533-468d-9504-2fda54799608", "keyword": "chúc mừng khai trương", "step": "capture", "message": "Saved post_056.png", "data": null, "seq": 11788}
{"ts": "2026-04-28T23:28:59.052496+00:00", "level": "INFO", "jobId": "6dfd22c7-9533-468d-9504-2fda54799608", "keyword": "chúc mừng khai trương", "step": "cooldown", "message": "Cooldown 1.6s (after capture)", "data": null, "seq": 11789}
{"ts": "2026-04-28T23:29:11.272407+00:00", "level": "INFO", "jobId": "6dfd22c7-9533-468d-9504-2fda54799608", "keyword": "chúc mừng khai trương", "step": "capture", "message": "Scroll did not move. diag={'y': 82661, 'docTop': 82661, 'docH': 84464, 'primaryTop': 0, 'primaryCH': 0, 'primarySH': 0, 'innerScrollables': 0, 'htmlOverflow': 'scroll', 'bodyOverflow': 'auto', 'articles': 0}", "data": null, "seq": 11790}
{"ts": "2026-04-28T23:29:11.308880+00:00", "level": "INFO", "jobId": "6dfd22c7-9533-468d-9504-2fda54799608", "keyword": "chúc mừng khai trương", "step": "capture", "message": "Capturing 57/70 (viewport)…", "data": null, "seq": 11791}
{"ts": "2026-04-28T23:29:23.814275+00:00", "level": "INFO", "jobId": "6dfd22c7-9533-468d-9504-2fda54799608", "keyword": "chúc mừng khai trương", "step": "capture", "message": "At bottom; waiting for more results… (stall 1)", "data": null, "seq": 11792}
{"ts": "2026-04-28T23:29:38.628713+00:00", "level": "INFO", "jobId": "6dfd22c7-9533-468d-9504-2fda54799608", "keyword": "chúc mừng khai trương", "step": "capture", "message": "Capturing 57/70 (viewport)…", "data": null, "seq": 11793}
{"ts": "2026-04-28T23:29:51.116474+00:00", "level": "INFO", "jobId": "6dfd22c7-9533-468d-9504-2fda54799608", "keyword": "chúc mừng khai trương", "step": "capture", "message": "At bottom; waiting for more results… (stall 2)", "data": null, "seq": 11794}
{"ts": "2026-04-28T23:30:05.881142+00:00", "level": "INFO", "jobId": "6dfd22c7-9533-468d-9504-2fda54799608", "keyword": "chúc mừng khai trương", "step": "capture", "message": "Capturing 57/70 (viewport)…", "data": null, "seq": 11795}
{"ts": "2026-04-28T23:30:18.540866+00:00", "level": "INFO", "jobId": "6dfd22c7-9533-468d-9504-2fda54799608", "keyword": "chúc mừng khai trương", "step": "capture", "message": "At bottom; waiting for more results… (stall 3)", "data": null, "seq": 11796}
{"ts": "2026-04-28T23:30:33.341496+00:00", "level": "INFO", "jobId": "6dfd22c7-9533-468d-9504-2fda54799608", "keyword": "chúc mừng khai trương", "step": "capture", "message": "Capturing 57/70 (viewport)…", "data": null, "seq": 11797}
{"ts": "2026-04-28T23:30:45.929246+00:00", "level": "INFO", "jobId": "6dfd22c7-9533-468d-9504-2fda54799608", "keyword": "chúc mừng khai trương", "step": "capture", "message": "At bottom; waiting for more results… (stall 4)", "data": null, "seq": 11798}
{"ts": "2026-04-28T23:31:00.737801+00:00", "level": "INFO", "jobId": "6dfd22c7-9533-468d-9504-2fda54799608", "keyword": "chúc mừng khai trương", "step": "capture", "message": "No progress for too long. Reloading to recover…", "data": null, "seq": 11799}
{"ts": "2026-04-28T23:31:02.364557+00:00", "level": "INFO", "jobId": "6dfd22c7-9533-468d-9504-2fda54799608", "keyword": "chúc mừng khai trương", "step": "capture", "message": "Capturing 57/70 (viewport)…", "data": null, "seq": 11800}
{"ts": "2026-04-28T23:31:15.483965+00:00", "level": "INFO", "jobId": "6dfd22c7-9533-468d-9504-2fda54799608", "keyword": "chúc mừng khai trương", "step": "capture", "message": "Saved post_057.png", "data": null, "seq": 11801}
{"ts": "2026-04-28T23:31:15.483965+00:00", "level": "INFO", "jobId": "6dfd22c7-9533-468d-9504-2fda54799608", "keyword": "chúc mừng khai trương", "step": "cooldown", "message": "Cooldown 1.6s (after capture)", "data": null, "seq": 11802}
{"ts": "2026-04-28T23:31:17.656997+00:00", "level": "INFO", "jobId": "6dfd22c7-9533-468d-9504-2fda54799608", "keyword": "chúc mừng khai trương", "step": "capture", "message": "Capturing 58/70 (viewport)…", "data": null, "seq": 11803}
{"ts": "2026-04-28T23:31:17.745002+00:00", "level": "INFO", "jobId": "6dfd22c7-9533-468d-9504-2fda54799608", "keyword": "chúc mừng khai trương", "step": "capture", "message": "Expanded \"Xem thêm\" (exact-class): +3 (total 3)", "data": null, "seq": 11804}
{"ts": "2026-04-28T23:31:30.859139+00:00", "level": "INFO", "jobId": "6dfd22c7-9533-468d-9504-2fda54799608", "keyword": "chúc mừng khai trương", "step": "capture", "message": "Saved post_058.png", "data": null, "seq": 11805}
{"ts": "2026-04-28T23:31:30.859139+00:00", "level": "INFO", "jobId": "6dfd22c7-9533-468d-9504-2fda54799608", "keyword": "chúc mừng khai trương", "step": "cooldown", "message": "Cooldown 2.8s (after capture)", "data": null, "seq": 11806}
{"ts": "2026-04-28T23:31:34.269509+00:00", "level": "INFO", "jobId": "6dfd22c7-9533-468d-9504-2fda54799608", "keyword": "chúc mừng khai trương", "step": "capture", "message": "Capturing 59/70 (viewport)…", "data": null, "seq": 11807}
{"ts": "2026-04-28T23:31:34.329989+00:00", "level": "INFO", "jobId": "6dfd22c7-9533-468d-9504-2fda54799608", "keyword": "chúc mừng khai trương", "step": "capture", "message": "Expanded \"Xem thêm\" (exact-class): +1 (total 1)", "data": null, "seq": 11808}
{"ts": "2026-04-28T23:31:47.294976+00:00", "level": "INFO", "jobId": "6dfd22c7-9533-468d-9504-2fda54799608", "keyword": "chúc mừng khai trương", "step": "capture", "message": "Saved post_059.png", "data": null, "seq": 11809}
{"ts": "2026-04-28T23:31:47.295982+00:00", "level": "INFO", "jobId": "6dfd22c7-9533-468d-9504-2fda54799608", "keyword": "chúc mừng khai trương", "step": "cooldown", "message": "Cooldown 2.9s (after capture)", "data": null, "seq": 11810}
{"ts": "2026-04-28T23:31:50.791685+00:00", "level": "INFO", "jobId": "6dfd22c7-9533-468d-9504-2fda54799608", "keyword": "chúc mừng khai trương", "step": "capture", "message": "Capturing 60/70 (viewport)…", "data": null, "seq": 11811}
{"ts": "2026-04-28T23:31:50.859375+00:00", "level": "INFO", "jobId": "6dfd22c7-9533-468d-9504-2fda54799608", "keyword": "chúc mừng khai trương", "step": "capture", "message": "Expanded \"Xem thêm\" (exact-class): +1 (total 1)", "data": null, "seq": 11812}
{"ts": "2026-04-28T23:32:03.810751+00:00", "level": "INFO", "jobId": "6dfd22c7-9533-468d-9504-2fda54799608", "keyword": "chúc mừng khai trương", "step": "capture", "message": "Saved post_060.png", "data": null, "seq": 11813}
{"ts": "2026-04-28T23:32:03.810751+00:00", "level": "INFO", "jobId": "6dfd22c7-9533-468d-9504-2fda54799608", "keyword": "chúc mừng khai trương", "step": "cooldown", "message": "Cooldown 1.1s (after capture)", "data": null, "seq": 11814}
{"ts": "2026-04-28T23:32:05.467535+00:00", "level": "INFO", "jobId": "6dfd22c7-9533-468d-9504-2fda54799608", "keyword": "chúc mừng khai trương", "step": "capture", "message": "Capturing 61/70 (viewport)…", "data": null, "seq": 11815}
{"ts": "2026-04-28T23:32:18.175046+00:00", "level": "INFO", "jobId": "6dfd22c7-9533-468d-9504-2fda54799608", "keyword": "chúc mừng khai trương", "step": "capture", "message": "Saved post_061.png", "data": null, "seq": 11816}
{"ts": "2026-04-28T23:32:18.175046+00:00", "level": "INFO", "jobId": "6dfd22c7-9533-468d-9504-2fda54799608", "keyword": "chúc mừng khai trương", "step": "cooldown", "message": "Cooldown 1.3s (after capture)", "data": null, "seq": 11817}
{"ts": "2026-04-28T23:32:20.033680+00:00", "level": "INFO", "jobId": "6dfd22c7-9533-468d-9504-2fda54799608", "keyword": "chúc mừng khai trương", "step": "capture", "message": "Capturing 62/70 (viewport)…", "data": null, "seq": 11818}
{"ts": "2026-04-28T23:32:20.093989+00:00", "level": "INFO", "jobId": "6dfd22c7-9533-468d-9504-2fda54799608", "keyword": "chúc mừng khai trương", "step": "capture", "message": "Expanded \"Xem thêm\" (exact-class): +1 (total 1)", "data": null, "seq": 11819}
{"ts": "2026-04-28T23:32:33.030606+00:00", "level": "INFO", "jobId": "6dfd22c7-9533-468d-9504-2fda54799608", "keyword": "chúc mừng khai trương", "step": "capture", "message": "Saved post_062.png", "data": null, "seq": 11820}
{"ts": "2026-04-28T23:32:33.030606+00:00", "level": "INFO", "jobId": "6dfd22c7-9533-468d-9504-2fda54799608", "keyword": "chúc mừng khai trương", "step": "cooldown", "message": "Cooldown 2.1s (after capture)", "data": null, "seq": 11821}
{"ts": "2026-04-28T23:32:35.707731+00:00", "level": "INFO", "jobId": "6dfd22c7-9533-468d-9504-2fda54799608", "keyword": "chúc mừng khai trương", "step": "capture", "message": "Capturing 63/70 (viewport)…", "data": null, "seq": 11822}
{"ts": "2026-04-28T23:32:35.762358+00:00", "level": "INFO", "jobId": "6dfd22c7-9533-468d-9504-2fda54799608", "keyword": "chúc mừng khai trương", "step": "capture", "message": "Expanded \"Xem thêm\" (exact-class): +1 (total 1)", "data": null, "seq": 11823}
{"ts": "2026-04-28T23:32:48.582546+00:00", "level": "INFO", "jobId": "6dfd22c7-9533-468d-9504-2fda54799608", "keyword": "chúc mừng khai trương", "step": "capture", "message": "Saved post_063.png", "data": null, "seq": 11824}
{"ts": "2026-04-28T23:32:48.582546+00:00", "level": "INFO", "jobId": "6dfd22c7-9533-468d-9504-2fda54799608", "keyword": "chúc mừng khai trương", "step": "cooldown", "message": "Cooldown 1.4s (after capture)", "data": null, "seq": 11825}
{"ts": "2026-04-28T23:32:50.468298+00:00", "level": "INFO", "jobId": "6dfd22c7-9533-468d-9504-2fda54799608", "keyword": "chúc mừng khai trương", "step": "capture", "message": "Capturing 64/70 (viewport)…", "data": null, "seq": 11826}
{"ts": "2026-04-28T23:32:50.573543+00:00", "level": "INFO", "jobId": "6dfd22c7-9533-468d-9504-2fda54799608", "keyword": "chúc mừng khai trương", "step": "capture", "message": "Expanded \"Xem thêm\" (exact-class): +2 (total 2)", "data": null, "seq": 11827}
{"ts": "2026-04-28T23:33:03.631960+00:00", "level": "INFO", "jobId": "6dfd22c7-9533-468d-9504-2fda54799608", "keyword": "chúc mừng khai trương", "step": "capture", "message": "Saved post_064.png", "data": null, "seq": 11828}
{"ts": "2026-04-28T23:33:03.633048+00:00", "level": "INFO", "jobId": "6dfd22c7-9533-468d-9504-2fda54799608", "keyword": "chúc mừng khai trương", "step": "cooldown", "message": "Cooldown 2.2s (after capture)", "data": null, "seq": 11829}
{"ts": "2026-04-28T23:33:06.372711+00:00", "level": "INFO", "jobId": "6dfd22c7-9533-468d-9504-2fda54799608", "keyword": "chúc mừng khai trương", "step": "capture", "message": "Capturing 65/70 (viewport)…", "data": null, "seq": 11830}
{"ts": "2026-04-28T23:33:18.932792+00:00", "level": "INFO", "jobId": "6dfd22c7-9533-468d-9504-2fda54799608", "keyword": "chúc mừng khai trương", "step": "capture", "message": "Saved post_065.png", "data": null, "seq": 11831}
{"ts": "2026-04-28T23:33:18.932792+00:00", "level": "INFO", "jobId": "6dfd22c7-9533-468d-9504-2fda54799608", "keyword": "chúc mừng khai trương", "step": "cooldown", "message": "Cooldown 2.4s (after capture)", "data": null, "seq": 11832}
{"ts": "2026-04-28T23:33:21.923813+00:00", "level": "INFO", "jobId": "6dfd22c7-9533-468d-9504-2fda54799608", "keyword": "chúc mừng khai trương", "step": "capture", "message": "Capturing 66/70 (viewport)…", "data": null, "seq": 11833}
{"ts": "2026-04-28T23:33:34.598552+00:00", "level": "INFO", "jobId": "6dfd22c7-9533-468d-9504-2fda54799608", "keyword": "chúc mừng khai trương", "step": "capture", "message": "Saved post_066.png", "data": null, "seq": 11834}
{"ts": "2026-04-28T23:33:34.598552+00:00", "level": "INFO", "jobId": "6dfd22c7-9533-468d-9504-2fda54799608", "keyword": "chúc mừng khai trương", "step": "cooldown", "message": "Cooldown 1.8s (after capture)", "data": null, "seq": 11835}
{"ts": "2026-04-28T23:33:36.965889+00:00", "level": "INFO", "jobId": "6dfd22c7-9533-468d-9504-2fda54799608", "keyword": "chúc mừng khai trương", "step": "capture", "message": "Capturing 67/70 (viewport)…", "data": null, "seq": 11836}
{"ts": "2026-04-28T23:33:37.045550+00:00", "level": "INFO", "jobId": "6dfd22c7-9533-468d-9504-2fda54799608", "keyword": "chúc mừng khai trương", "step": "capture", "message": "Expanded \"Xem thêm\" (exact-class): +2 (total 2)", "data": null, "seq": 11837}
{"ts": "2026-04-28T23:33:49.748379+00:00", "level": "INFO", "jobId": "6dfd22c7-9533-468d-9504-2fda54799608", "keyword": "chúc mừng khai trương", "step": "capture", "message": "Saved post_067.png", "data": null, "seq": 11838}
{"ts": "2026-04-28T23:33:49.748379+00:00", "level": "INFO", "jobId": "6dfd22c7-9533-468d-9504-2fda54799608", "keyword": "chúc mừng khai trương", "step": "cooldown", "message": "Cooldown 1.1s (after capture)", "data": null, "seq": 11839}
{"ts": "2026-04-28T23:33:51.490809+00:00", "level": "INFO", "jobId": "6dfd22c7-9533-468d-9504-2fda54799608", "keyword": "chúc mừng khai trương", "step": "capture", "message": "Capturing 68/70 (viewport)…", "data": null, "seq": 11840}
{"ts": "2026-04-28T23:33:51.697554+00:00", "level": "INFO", "jobId": "6dfd22c7-9533-468d-9504-2fda54799608", "keyword": "chúc mừng khai trương", "step": "capture", "message": "Expanded \"Xem thêm\" (exact-class): +2 (total 2)", "data": null, "seq": 11841}
{"ts": "2026-04-28T23:34:04.794536+00:00", "level": "INFO", "jobId": "6dfd22c7-9533-468d-9504-2fda54799608", "keyword": "chúc mừng khai trương", "step": "capture", "message": "Saved post_068.png", "data": null, "seq": 11842}
{"ts": "2026-04-28T23:34:04.794536+00:00", "level": "INFO", "jobId": "6dfd22c7-9533-468d-9504-2fda54799608", "keyword": "chúc mừng khai trương", "step": "cooldown", "message": "Cooldown 1.0s (after capture)", "data": null, "seq": 11843}
{"ts": "2026-04-28T23:34:06.439929+00:00", "level": "INFO", "jobId": "6dfd22c7-9533-468d-9504-2fda54799608", "keyword": "chúc mừng khai trương", "step": "capture", "message": "Capturing 69/70 (viewport)…", "data": null, "seq": 11844}
{"ts": "2026-04-28T23:34:19.143922+00:00", "level": "INFO", "jobId": "6dfd22c7-9533-468d-9504-2fda54799608", "keyword": "chúc mừng khai trương", "step": "capture", "message": "Saved post_069.png", "data": null, "seq": 11845}
{"ts": "2026-04-28T23:34:19.143922+00:00", "level": "INFO", "jobId": "6dfd22c7-9533-468d-9504-2fda54799608", "keyword": "chúc mừng khai trương", "step": "cooldown", "message": "Cooldown 2.2s (after capture)", "data": null, "seq": 11846}
{"ts": "2026-04-28T23:34:21.872872+00:00", "level": "INFO", "jobId": "6dfd22c7-9533-468d-9504-2fda54799608", "keyword": "chúc mừng khai trương", "step": "capture", "message": "Capturing 70/70 (viewport)…", "data": null, "seq": 11847}
{"ts": "2026-04-28T23:34:22.039125+00:00", "level": "INFO", "jobId": "6dfd22c7-9533-468d-9504-2fda54799608", "keyword": "chúc mừng khai trương", "step": "capture", "message": "Expanded \"Xem thêm\" (exact-class): +2 (total 2)", "data": null, "seq": 11848}
{"ts": "2026-04-28T23:34:35.093862+00:00", "level": "INFO", "jobId": "6dfd22c7-9533-468d-9504-2fda54799608", "keyword": "chúc mừng khai trương", "step": "capture", "message": "Saved post_070.png", "data": null, "seq": 11849}
{"ts": "2026-04-28T23:34:35.093862+00:00", "level": "INFO", "jobId": "6dfd22c7-9533-468d-9504-2fda54799608", "keyword": "chúc mừng khai trương", "step": "cooldown", "message": "Cooldown 1.8s (after capture)", "data": null, "seq": 11850}
{"ts": "2026-04-28T23:34:36.943656+00:00", "level": "INFO", "jobId": "6dfd22c7-9533-468d-9504-2fda54799608", "keyword": "chúc mừng khai trương", "step": "done", "message": "Completed. Saved=70", "data": null, "seq": 11851}
