{"ts": "2026-04-28T23:34:36.943656+00:00", "level": "INFO", "jobId": "6ff43a8d-7eec-40d0-b999-36a1169e4cde", "keyword": "đếm ngược khai trương", "step": "start", "message": "Job started (attempt 1/2)", "data": null, "seq": 11852}
{"ts": "2026-04-28T23:34:39.998801+00:00", "level": "INFO", "jobId": "6ff43a8d-7eec-40d0-b999-36a1169e4cde", "keyword": "đếm ngược khai trương", "step": "login", "message": "Already logged in (profile session).", "data": null, "seq": 11853}
{"ts": "2026-04-28T23:34:40.170642+00:00", "level": "INFO", "jobId": "6ff43a8d-7eec-40d0-b999-36a1169e4cde", "keyword": "đếm ngược khai trương", "step": "search", "message": "Searching keyword: \"đếm ngược khai trương\"", "data": null, "seq": 11854}
{"ts": "2026-04-28T23:34:42.537343+00:00", "level": "INFO", "jobId": "6ff43a8d-7eec-40d0-b999-36a1169e4cde", "keyword": "đếm ngược khai trương", "step": "capture", "message": "Start capturing up to 70 posts.", "data": null, "seq": 11855}
{"ts": "2026-04-28T23:34:42.539519+00:00", "level": "INFO", "jobId": "6ff43a8d-7eec-40d0-b999-36a1169e4cde", "keyword": "đếm ngược khai trương", "step": "capture", "message": "Output folder: Lan 1 - 0634", "data": null, "seq": 11856}
{"ts": "2026-04-28T23:34:43.079287+00:00", "level": "INFO", "jobId": "6ff43a8d-7eec-40d0-b999-36a1169e4cde", "keyword": "đếm ngược khai trương", "step": "capture", "message": "Capturing 1/70 (viewport)…", "data": null, "seq": 11857}
{"ts": "2026-04-28T23:35:06.059404+00:00", "level": "INFO", "jobId": "6ff43a8d-7eec-40d0-b999-36a1169e4cde", "keyword": "đếm ngược khai trương", "step": "capture", "message": "Saved post_001.png", "data": null, "seq": 11858}
{"ts": "2026-04-28T23:35:06.060637+00:00", "level": "INFO", "jobId": "6ff43a8d-7eec-40d0-b999-36a1169e4cde", "keyword": "đếm ngược khai trương", "step": "cooldown", "message": "Cooldown 1.9s (after capture)", "data": null, "seq": 11859}
{"ts": "2026-04-28T23:35:08.545191+00:00", "level": "INFO", "jobId": "6ff43a8d-7eec-40d0-b999-36a1169e4cde", "keyword": "đếm ngược khai trương", "step": "capture", "message": "Capturing 2/70 (viewport)…", "data": null, "seq": 11860}
{"ts": "2026-04-28T23:35:08.613390+00:00", "level": "INFO", "jobId": "6ff43a8d-7eec-40d0-b999-36a1169e4cde", "keyword": "đếm ngược khai trương", "step": "capture", "message": "Expanded \"Xem thêm\" (exact-class): +1 (total 1)", "data": null, "seq": 11861}
{"ts": "2026-04-28T23:35:31.653827+00:00", "level": "INFO", "jobId": "6ff43a8d-7eec-40d0-b999-36a1169e4cde", "keyword": "đếm ngược khai trương", "step": "capture", "message": "Saved post_002.png", "data": null, "seq": 11862}
{"ts": "2026-04-28T23:35:31.653827+00:00", "level": "INFO", "jobId": "6ff43a8d-7eec-40d0-b999-36a1169e4cde", "keyword": "đếm ngược khai trương", "step": "cooldown", "message": "Cooldown 3.0s (after capture)", "data": null, "seq": 11863}
{"ts": "2026-04-28T23:35:35.152067+00:00", "level": "INFO", "jobId": "6ff43a8d-7eec-40d0-b999-36a1169e4cde", "keyword": "đếm ngược khai trương", "step": "capture", "message": "Capturing 3/70 (viewport)…", "data": null, "seq": 11864}
{"ts": "2026-04-28T23:35:57.903922+00:00", "level": "INFO", "jobId": "6ff43a8d-7eec-40d0-b999-36a1169e4cde", "keyword": "đếm ngược khai trương", "step": "capture", "message": "Saved post_003.png", "data": null, "seq": 11865}
{"ts": "2026-04-28T23:35:57.905021+00:00", "level": "INFO", "jobId": "6ff43a8d-7eec-40d0-b999-36a1169e4cde", "keyword": "đếm ngược khai trương", "step": "cooldown", "message": "Cooldown 2.7s (after capture)", "data": null, "seq": 11866}
{"ts": "2026-04-28T23:36:01.124280+00:00", "level": "INFO", "jobId": "6ff43a8d-7eec-40d0-b999-36a1169e4cde", "keyword": "đếm ngược khai trương", "step": "capture", "message": "Capturing 4/70 (viewport)…", "data": null, "seq": 11867}
{"ts": "2026-04-28T23:36:01.177344+00:00", "level": "INFO", "jobId": "6ff43a8d-7eec-40d0-b999-36a1169e4cde", "keyword": "đếm ngược khai trương", "step": "capture", "message": "Expanded \"Xem thêm\" (exact-class): +1 (total 1)", "data": null, "seq": 11868}
{"ts": "2026-04-28T23:36:24.403458+00:00", "level": "INFO", "jobId": "6ff43a8d-7eec-40d0-b999-36a1169e4cde", "keyword": "đếm ngược khai trương", "step": "capture", "message": "Saved post_004.png", "data": null, "seq": 11869}
{"ts": "2026-04-28T23:36:24.404612+00:00", "level": "INFO", "jobId": "6ff43a8d-7eec-40d0-b999-36a1169e4cde", "keyword": "đếm ngược khai trương", "step": "cooldown", "message": "Cooldown 1.9s (after capture)", "data": null, "seq": 11870}
{"ts": "2026-04-28T23:36:26.900540+00:00", "level": "INFO", "jobId": "6ff43a8d-7eec-40d0-b999-36a1169e4cde", "keyword": "đếm ngược khai trương", "step": "capture", "message": "Capturing 5/70 (viewport)…", "data": null, "seq": 11871}
{"ts": "2026-04-28T23:36:49.693064+00:00", "level": "INFO", "jobId": "6ff43a8d-7eec-40d0-b999-36a1169e4cde", "keyword": "đếm ngược khai trương", "step": "capture", "message": "Saved post_005.png", "data": null, "seq": 11872}
{"ts": "2026-04-28T23:36:49.693064+00:00", "level": "INFO", "jobId": "6ff43a8d-7eec-40d0-b999-36a1169e4cde", "keyword": "đếm ngược khai trương", "step": "cooldown", "message": "Cooldown 1.4s (after capture)", "data": null, "seq": 11873}
{"ts": "2026-04-28T23:36:51.643277+00:00", "level": "INFO", "jobId": "6ff43a8d-7eec-40d0-b999-36a1169e4cde", "keyword": "đếm ngược khai trương", "step": "capture", "message": "Capturing 6/70 (viewport)…", "data": null, "seq": 11874}
{"ts": "2026-04-28T23:36:51.702502+00:00", "level": "INFO", "jobId": "6ff43a8d-7eec-40d0-b999-36a1169e4cde", "keyword": "đếm ngược khai trương", "step": "capture", "message": "Expanded \"Xem thêm\" (exact-class): +1 (total 1)", "data": null, "seq": 11875}
{"ts": "2026-04-28T23:37:14.810069+00:00", "level": "INFO", "jobId": "6ff43a8d-7eec-40d0-b999-36a1169e4cde", "keyword": "đếm ngược khai trương", "step": "capture", "message": "Saved post_006.png", "data": null, "seq": 11876}
{"ts": "2026-04-28T23:37:14.811081+00:00", "level": "INFO", "jobId": "6ff43a8d-7eec-40d0-b999-36a1169e4cde", "keyword": "đếm ngược khai trương", "step": "cooldown", "message": "Cooldown 2.7s (after capture)", "data": null, "seq": 11877}
{"ts": "2026-04-28T23:37:18.001528+00:00", "level": "INFO", "jobId": "6ff43a8d-7eec-40d0-b999-36a1169e4cde", "keyword": "đếm ngược khai trương", "step": "capture", "message": "Capturing 7/70 (viewport)…", "data": null, "seq": 11878}
{"ts": "2026-04-28T23:37:18.062719+00:00", "level": "INFO", "jobId": "6ff43a8d-7eec-40d0-b999-36a1169e4cde", "keyword": "đếm ngược khai trương", "step": "capture", "message": "Expanded \"Xem thêm\" (exact-class): +1 (total 1)", "data": null, "seq": 11879}
{"ts": "2026-04-28T23:37:41.266014+00:00", "level": "INFO", "jobId": "6ff43a8d-7eec-40d0-b999-36a1169e4cde", "keyword": "đếm ngược khai trương", "step": "capture", "message": "Saved post_007.png", "data": null, "seq": 11880}
{"ts": "2026-04-28T23:37:41.267021+00:00", "level": "INFO", "jobId": "6ff43a8d-7eec-40d0-b999-36a1169e4cde", "keyword": "đếm ngược khai trương", "step": "cooldown", "message": "Cooldown 2.1s (after capture)", "data": null, "seq": 11881}
{"ts": "2026-04-28T23:37:43.912521+00:00", "level": "INFO", "jobId": "6ff43a8d-7eec-40d0-b999-36a1169e4cde", "keyword": "đếm ngược khai trương", "step": "capture", "message": "Capturing 8/70 (viewport)…", "data": null, "seq": 11882}
{"ts": "2026-04-28T23:38:06.353919+00:00", "level": "INFO", "jobId": "6ff43a8d-7eec-40d0-b999-36a1169e4cde", "keyword": "đếm ngược khai trương", "step": "capture", "message": "Saved post_008.png", "data": null, "seq": 11883}
{"ts": "2026-04-28T23:38:06.353919+00:00", "level": "INFO", "jobId": "6ff43a8d-7eec-40d0-b999-36a1169e4cde", "keyword": "đếm ngược khai trương", "step": "cooldown", "message": "Cooldown 1.4s (after capture)", "data": null, "seq": 11884}
{"ts": "2026-04-28T23:38:10.288041+00:00", "level": "INFO", "jobId": "6ff43a8d-7eec-40d0-b999-36a1169e4cde", "keyword": "đếm ngược khai trương", "step": "capture", "message": "Capturing 9/70 (viewport)…", "data": null, "seq": 11885}
{"ts": "2026-04-28T23:38:10.468363+00:00", "level": "INFO", "jobId": "6ff43a8d-7eec-40d0-b999-36a1169e4cde", "keyword": "đếm ngược khai trương", "step": "capture", "message": "Expanded \"Xem thêm\" (exact-class): +1 (total 1)", "data": null, "seq": 11886}
{"ts": "2026-04-28T23:38:33.394687+00:00", "level": "INFO", "jobId": "6ff43a8d-7eec-40d0-b999-36a1169e4cde", "keyword": "đếm ngược khai trương", "step": "capture", "message": "Saved post_009.png", "data": null, "seq": 11887}
{"ts": "2026-04-28T23:38:33.394687+00:00", "level": "INFO", "jobId": "6ff43a8d-7eec-40d0-b999-36a1169e4cde", "keyword": "đếm ngược khai trương", "step": "cooldown", "message": "Cooldown 1.7s (after capture)", "data": null, "seq": 11888}
{"ts": "2026-04-28T23:38:35.626811+00:00", "level": "INFO", "jobId": "6ff43a8d-7eec-40d0-b999-36a1169e4cde", "keyword": "đếm ngược khai trương", "step": "capture", "message": "Capturing 10/70 (viewport)…", "data": null, "seq": 11889}
{"ts": "2026-04-28T23:38:35.689842+00:00", "level": "INFO", "jobId": "6ff43a8d-7eec-40d0-b999-36a1169e4cde", "keyword": "đếm ngược khai trương", "step": "capture", "message": "Expanded \"Xem thêm\" (exact-class): +1 (total 1)", "data": null, "seq": 11890}
{"ts": "2026-04-28T23:38:58.658897+00:00", "level": "INFO", "jobId": "6ff43a8d-7eec-40d0-b999-36a1169e4cde", "keyword": "đếm ngược khai trương", "step": "capture", "message": "Saved post_010.png", "data": null, "seq": 11891}
{"ts": "2026-04-28T23:38:58.658897+00:00", "level": "INFO", "jobId": "6ff43a8d-7eec-40d0-b999-36a1169e4cde", "keyword": "đếm ngược khai trương", "step": "cooldown", "message": "Cooldown 1.5s (after capture)", "data": null, "seq": 11892}
{"ts": "2026-04-28T23:39:00.650964+00:00", "level": "INFO", "jobId": "6ff43a8d-7eec-40d0-b999-36a1169e4cde", "keyword": "đếm ngược khai trương", "step": "capture", "message": "Capturing 11/70 (viewport)…", "data": null, "seq": 11893}
{"ts": "2026-04-28T23:39:00.709725+00:00", "level": "INFO", "jobId": "6ff43a8d-7eec-40d0-b999-36a1169e4cde", "keyword": "đếm ngược khai trương", "step": "capture", "message": "Expanded \"Xem thêm\" (exact-class): +1 (total 1)", "data": null, "seq": 11894}
{"ts": "2026-04-28T23:39:23.992100+00:00", "level": "INFO", "jobId": "6ff43a8d-7eec-40d0-b999-36a1169e4cde", "keyword": "đếm ngược khai trương", "step": "capture", "message": "Saved post_011.png", "data": null, "seq": 11895}
{"ts": "2026-04-28T23:39:23.992100+00:00", "level": "INFO", "jobId": "6ff43a8d-7eec-40d0-b999-36a1169e4cde", "keyword": "đếm ngược khai trương", "step": "cooldown", "message": "Cooldown 2.0s (after capture)", "data": null, "seq": 11896}
{"ts": "2026-04-28T23:39:26.610674+00:00", "level": "INFO", "jobId": "6ff43a8d-7eec-40d0-b999-36a1169e4cde", "keyword": "đếm ngược khai trương", "step": "capture", "message": "Capturing 12/70 (viewport)…", "data": null, "seq": 11897}
{"ts": "2026-04-28T23:39:26.693855+00:00", "level": "INFO", "jobId": "6ff43a8d-7eec-40d0-b999-36a1169e4cde", "keyword": "đếm ngược khai trương", "step": "capture", "message": "Expanded \"Xem thêm\" (exact-class): +1 (total 1)", "data": null, "seq": 11898}
{"ts": "2026-04-28T23:39:49.686295+00:00", "level": "INFO", "jobId": "6ff43a8d-7eec-40d0-b999-36a1169e4cde", "keyword": "đếm ngược khai trương", "step": "capture", "message": "Saved post_012.png", "data": null, "seq": 11899}
{"ts": "2026-04-28T23:39:49.686295+00:00", "level": "INFO", "jobId": "6ff43a8d-7eec-40d0-b999-36a1169e4cde", "keyword": "đếm ngược khai trương", "step": "cooldown", "message": "Cooldown 1.4s (after capture)", "data": null, "seq": 11900}
{"ts": "2026-04-28T23:39:51.653212+00:00", "level": "INFO", "jobId": "6ff43a8d-7eec-40d0-b999-36a1169e4cde", "keyword": "đếm ngược khai trương", "step": "capture", "message": "Capturing 13/70 (viewport)…", "data": null, "seq": 11901}
{"ts": "2026-04-28T23:39:51.778157+00:00", "level": "INFO", "jobId": "6ff43a8d-7eec-40d0-b999-36a1169e4cde", "keyword": "đếm ngược khai trương", "step": "capture", "message": "Expanded \"Xem thêm\" (exact-class): +1 (total 1)", "data": null, "seq": 11902}
{"ts": "2026-04-28T23:40:15.049959+00:00", "level": "INFO", "jobId": "6ff43a8d-7eec-40d0-b999-36a1169e4cde", "keyword": "đếm ngược khai trương", "step": "capture", "message": "Saved post_013.png", "data": null, "seq": 11903}
{"ts": "2026-04-28T23:40:15.049959+00:00", "level": "INFO", "jobId": "6ff43a8d-7eec-40d0-b999-36a1169e4cde", "keyword": "đếm ngược khai trương", "step": "cooldown", "message": "Cooldown 1.3s (after capture)", "data": null, "seq": 11904}
{"ts": "2026-04-28T23:40:16.894857+00:00", "level": "INFO", "jobId": "6ff43a8d-7eec-40d0-b999-36a1169e4cde", "keyword": "đếm ngược khai trương", "step": "capture", "message": "Capturing 14/70 (viewport)…", "data": null, "seq": 11905}
{"ts": "2026-04-28T23:40:16.958593+00:00", "level": "INFO", "jobId": "6ff43a8d-7eec-40d0-b999-36a1169e4cde", "keyword": "đếm ngược khai trương", "step": "capture", "message": "Expanded \"Xem thêm\" (exact-class): +1 (total 1)", "data": null, "seq": 11906}
{"ts": "2026-04-28T23:40:40.117674+00:00", "level": "INFO", "jobId": "6ff43a8d-7eec-40d0-b999-36a1169e4cde", "keyword": "đếm ngược khai trương", "step": "capture", "message": "Saved post_014.png", "data": null, "seq": 11907}
{"ts": "2026-04-28T23:40:40.127145+00:00", "level": "INFO", "jobId": "6ff43a8d-7eec-40d0-b999-36a1169e4cde", "keyword": "đếm ngược khai trương", "step": "cooldown", "message": "Cooldown 2.1s (after capture)", "data": null, "seq": 11908}
{"ts": "2026-04-28T23:40:42.778333+00:00", "level": "INFO", "jobId": "6ff43a8d-7eec-40d0-b999-36a1169e4cde", "keyword": "đếm ngược khai trương", "step": "capture", "message": "Capturing 15/70 (viewport)…", "data": null, "seq": 11909}
{"ts": "2026-04-28T23:40:42.851840+00:00", "level": "INFO", "jobId": "6ff43a8d-7eec-40d0-b999-36a1169e4cde", "keyword": "đếm ngược khai trương", "step": "capture", "message": "Expanded \"Xem thêm\" (exact-class): +1 (total 1)", "data": null, "seq": 11910}
{"ts": "2026-04-28T23:41:05.925642+00:00", "level": "INFO", "jobId": "6ff43a8d-7eec-40d0-b999-36a1169e4cde", "keyword": "đếm ngược khai trương", "step": "capture", "message": "Saved post_015.png", "data": null, "seq": 11911}
{"ts": "2026-04-28T23:41:05.926813+00:00", "level": "INFO", "jobId": "6ff43a8d-7eec-40d0-b999-36a1169e4cde", "keyword": "đếm ngược khai trương", "step": "cooldown", "message": "Cooldown 1.5s (after capture)", "data": null, "seq": 11912}
{"ts": "2026-04-28T23:41:07.989451+00:00", "level": "INFO", "jobId": "6ff43a8d-7eec-40d0-b999-36a1169e4cde", "keyword": "đếm ngược khai trương", "step": "capture", "message": "Capturing 16/70 (viewport)…", "data": null, "seq": 11913}
{"ts": "2026-04-28T23:41:08.069940+00:00", "level": "INFO", "jobId": "6ff43a8d-7eec-40d0-b999-36a1169e4cde", "keyword": "đếm ngược khai trương", "step": "capture", "message": "Expanded \"Xem thêm\" (exact-class): +1 (total 1)", "data": null, "seq": 11914}
{"ts": "2026-04-28T23:41:31.115287+00:00", "level": "INFO", "jobId": "6ff43a8d-7eec-40d0-b999-36a1169e4cde", "keyword": "đếm ngược khai trương", "step": "capture", "message": "Saved post_016.png", "data": null, "seq": 11915}
{"ts": "2026-04-28T23:41:31.115287+00:00", "level": "INFO", "jobId": "6ff43a8d-7eec-40d0-b999-36a1169e4cde", "keyword": "đếm ngược khai trương", "step": "cooldown", "message": "Cooldown 2.0s (after capture)", "data": null, "seq": 11916}
{"ts": "2026-04-28T23:41:33.689189+00:00", "level": "INFO", "jobId": "6ff43a8d-7eec-40d0-b999-36a1169e4cde", "keyword": "đếm ngược khai trương", "step": "capture", "message": "Capturing 17/70 (viewport)…", "data": null, "seq": 11917}
{"ts": "2026-04-28T23:41:56.401501+00:00", "level": "INFO", "jobId": "6ff43a8d-7eec-40d0-b999-36a1169e4cde", "keyword": "đếm ngược khai trương", "step": "capture", "message": "Saved post_017.png", "data": null, "seq": 11918}
{"ts": "2026-04-28T23:41:56.401501+00:00", "level": "INFO", "jobId": "6ff43a8d-7eec-40d0-b999-36a1169e4cde", "keyword": "đếm ngược khai trương", "step": "cooldown", "message": "Cooldown 1.6s (after capture)", "data": null, "seq": 11919}
{"ts": "2026-04-28T23:41:58.554290+00:00", "level": "INFO", "jobId": "6ff43a8d-7eec-40d0-b999-36a1169e4cde", "keyword": "đếm ngược khai trương", "step": "capture", "message": "Capturing 18/70 (viewport)…", "data": null, "seq": 11920}
{"ts": "2026-04-28T23:41:58.716017+00:00", "level": "INFO", "jobId": "6ff43a8d-7eec-40d0-b999-36a1169e4cde", "keyword": "đếm ngược khai trương", "step": "capture", "message": "Expanded \"Xem thêm\" (exact-class): +2 (total 2)", "data": null, "seq": 11921}
{"ts": "2026-04-28T23:42:21.799493+00:00", "level": "INFO", "jobId": "6ff43a8d-7eec-40d0-b999-36a1169e4cde", "keyword": "đếm ngược khai trương", "step": "capture", "message": "Saved post_018.png", "data": null, "seq": 11922}
{"ts": "2026-04-28T23:42:21.799493+00:00", "level": "INFO", "jobId": "6ff43a8d-7eec-40d0-b999-36a1169e4cde", "keyword": "đếm ngược khai trương", "step": "cooldown", "message": "Cooldown 1.2s (after capture)", "data": null, "seq": 11923}
{"ts": "2026-04-28T23:42:23.522052+00:00", "level": "INFO", "jobId": "6ff43a8d-7eec-40d0-b999-36a1169e4cde", "keyword": "đếm ngược khai trương", "step": "capture", "message": "Capturing 19/70 (viewport)…", "data": null, "seq": 11924}
{"ts": "2026-04-28T23:42:46.263924+00:00", "level": "INFO", "jobId": "6ff43a8d-7eec-40d0-b999-36a1169e4cde", "keyword": "đếm ngược khai trương", "step": "capture", "message": "Saved post_019.png", "data": null, "seq": 11925}
{"ts": "2026-04-28T23:42:46.263924+00:00", "level": "INFO", "jobId": "6ff43a8d-7eec-40d0-b999-36a1169e4cde", "keyword": "đếm ngược khai trương", "step": "cooldown", "message": "Cooldown 2.3s (after capture)", "data": null, "seq": 11926}
{"ts": "2026-04-28T23:42:49.152798+00:00", "level": "INFO", "jobId": "6ff43a8d-7eec-40d0-b999-36a1169e4cde", "keyword": "đếm ngược khai trương", "step": "capture", "message": "Capturing 20/70 (viewport)…", "data": null, "seq": 11927}
{"ts": "2026-04-28T23:43:11.972513+00:00", "level": "INFO", "jobId": "6ff43a8d-7eec-40d0-b999-36a1169e4cde", "keyword": "đếm ngược khai trương", "step": "capture", "message": "Saved post_020.png", "data": null, "seq": 11928}
{"ts": "2026-04-28T23:43:11.974022+00:00", "level": "INFO", "jobId": "6ff43a8d-7eec-40d0-b999-36a1169e4cde", "keyword": "đếm ngược khai trương", "step": "cooldown", "message": "Cooldown 2.3s (after capture)", "data": null, "seq": 11929}
{"ts": "2026-04-28T23:43:14.923142+00:00", "level": "INFO", "jobId": "6ff43a8d-7eec-40d0-b999-36a1169e4cde", "keyword": "đếm ngược khai trương", "step": "capture", "message": "Capturing 21/70 (viewport)…", "data": null, "seq": 11930}
{"ts": "2026-04-28T23:43:15.009336+00:00", "level": "INFO", "jobId": "6ff43a8d-7eec-40d0-b999-36a1169e4cde", "keyword": "đếm ngược khai trương", "step": "capture", "message": "Expanded \"Xem thêm\" (exact-class): +1 (total 1)", "data": null, "seq": 11931}
{"ts": "2026-04-28T23:43:38.324971+00:00", "level": "INFO", "jobId": "6ff43a8d-7eec-40d0-b999-36a1169e4cde", "keyword": "đếm ngược khai trương", "step": "capture", "message": "Saved post_021.png", "data": null, "seq": 11932}
{"ts": "2026-04-28T23:43:38.326335+00:00", "level": "INFO", "jobId": "6ff43a8d-7eec-40d0-b999-36a1169e4cde", "keyword": "đếm ngược khai trương", "step": "cooldown", "message": "Cooldown 2.7s (after capture)", "data": null, "seq": 11933}
{"ts": "2026-04-28T23:43:41.576559+00:00", "level": "INFO", "jobId": "6ff43a8d-7eec-40d0-b999-36a1169e4cde", "keyword": "đếm ngược khai trương", "step": "capture", "message": "Capturing 22/70 (viewport)…", "data": null, "seq": 11934}
{"ts": "2026-04-28T23:43:41.646424+00:00", "level": "INFO", "jobId": "6ff43a8d-7eec-40d0-b999-36a1169e4cde", "keyword": "đếm ngược khai trương", "step": "capture", "message": "Expanded \"Xem thêm\" (exact-class): +1 (total 1)", "data": null, "seq": 11935}
{"ts": "2026-04-28T23:44:04.841840+00:00", "level": "INFO", "jobId": "6ff43a8d-7eec-40d0-b999-36a1169e4cde", "keyword": "đếm ngược khai trương", "step": "capture", "message": "Saved post_022.png", "data": null, "seq": 11936}
{"ts": "2026-04-28T23:44:04.842950+00:00", "level": "INFO", "jobId": "6ff43a8d-7eec-40d0-b999-36a1169e4cde", "keyword": "đếm ngược khai trương", "step": "cooldown", "message": "Cooldown 2.9s (after capture)", "data": null, "seq": 11937}
{"ts": "2026-04-28T23:44:08.319886+00:00", "level": "INFO", "jobId": "6ff43a8d-7eec-40d0-b999-36a1169e4cde", "keyword": "đếm ngược khai trương", "step": "capture", "message": "Capturing 23/70 (viewport)…", "data": null, "seq": 11938}
{"ts": "2026-04-28T23:44:08.464765+00:00", "level": "INFO", "jobId": "6ff43a8d-7eec-40d0-b999-36a1169e4cde", "keyword": "đếm ngược khai trương", "step": "capture", "message": "Expanded \"Xem thêm\" (exact-class): +1 (total 1)", "data": null, "seq": 11939}
{"ts": "2026-04-28T23:44:31.592456+00:00", "level": "INFO", "jobId": "6ff43a8d-7eec-40d0-b999-36a1169e4cde", "keyword": "đếm ngược khai trương", "step": "capture", "message": "Saved post_023.png", "data": null, "seq": 11940}
{"ts": "2026-04-28T23:44:31.592456+00:00", "level": "INFO", "jobId": "6ff43a8d-7eec-40d0-b999-36a1169e4cde", "keyword": "đếm ngược khai trương", "step": "cooldown", "message": "Cooldown 2.7s (after capture)", "data": null, "seq": 11941}
{"ts": "2026-04-28T23:44:34.892817+00:00", "level": "INFO", "jobId": "6ff43a8d-7eec-40d0-b999-36a1169e4cde", "keyword": "đếm ngược khai trương", "step": "capture", "message": "Capturing 24/70 (viewport)…", "data": null, "seq": 11942}
{"ts": "2026-04-28T23:44:34.985881+00:00", "level": "INFO", "jobId": "6ff43a8d-7eec-40d0-b999-36a1169e4cde", "keyword": "đếm ngược khai trương", "step": "capture", "message": "Expanded \"Xem thêm\" (exact-class): +1 (total 1)", "data": null, "seq": 11943}
{"ts": "2026-04-28T23:44:58.275177+00:00", "level": "INFO", "jobId": "6ff43a8d-7eec-40d0-b999-36a1169e4cde", "keyword": "đếm ngược khai trương", "step": "capture", "message": "Saved post_024.png", "data": null, "seq": 11944}
{"ts": "2026-04-28T23:44:58.276481+00:00", "level": "INFO", "jobId": "6ff43a8d-7eec-40d0-b999-36a1169e4cde", "keyword": "đếm ngược khai trương", "step": "cooldown", "message": "Cooldown 2.0s (after capture)", "data": null, "seq": 11945}
{"ts": "2026-04-28T23:45:00.818288+00:00", "level": "INFO", "jobId": "6ff43a8d-7eec-40d0-b999-36a1169e4cde", "keyword": "đếm ngược khai trương", "step": "capture", "message": "Capturing 25/70 (viewport)…", "data": null, "seq": 11946}
{"ts": "2026-04-28T23:45:23.490183+00:00", "level": "INFO", "jobId": "6ff43a8d-7eec-40d0-b999-36a1169e4cde", "keyword": "đếm ngược khai trương", "step": "capture", "message": "Saved post_025.png", "data": null, "seq": 11947}
{"ts": "2026-04-28T23:45:23.491316+00:00", "level": "INFO", "jobId": "6ff43a8d-7eec-40d0-b999-36a1169e4cde", "keyword": "đếm ngược khai trương", "step": "cooldown", "message": "Cooldown 1.0s (after capture)", "data": null, "seq": 11948}
{"ts": "2026-04-28T23:45:25.125802+00:00", "level": "INFO", "jobId": "6ff43a8d-7eec-40d0-b999-36a1169e4cde", "keyword": "đếm ngược khai trương", "step": "capture", "message": "Capturing 26/70 (viewport)…", "data": null, "seq": 11949}
{"ts": "2026-04-28T23:45:47.563995+00:00", "level": "INFO", "jobId": "6ff43a8d-7eec-40d0-b999-36a1169e4cde", "keyword": "đếm ngược khai trương", "step": "capture", "message": "Saved post_026.png", "data": null, "seq": 11950}
{"ts": "2026-04-28T23:45:47.563995+00:00", "level": "INFO", "jobId": "6ff43a8d-7eec-40d0-b999-36a1169e4cde", "keyword": "đếm ngược khai trương", "step": "cooldown", "message": "Cooldown 2.1s (after capture)", "data": null, "seq": 11951}
{"ts": "2026-04-28T23:45:50.252283+00:00", "level": "INFO", "jobId": "6ff43a8d-7eec-40d0-b999-36a1169e4cde", "keyword": "đếm ngược khai trương", "step": "capture", "message": "Capturing 27/70 (viewport)…", "data": null, "seq": 11952}
{"ts": "2026-04-28T23:46:12.664313+00:00", "level": "INFO", "jobId": "6ff43a8d-7eec-40d0-b999-36a1169e4cde", "keyword": "đếm ngược khai trương", "step": "capture", "message": "Saved post_027.png", "data": null, "seq": 11953}
{"ts": "2026-04-28T23:46:12.664313+00:00", "level": "INFO", "jobId": "6ff43a8d-7eec-40d0-b999-36a1169e4cde", "keyword": "đếm ngược khai trương", "step": "cooldown", "message": "Cooldown 1.3s (after capture)", "data": null, "seq": 11954}
{"ts": "2026-04-28T23:46:14.519197+00:00", "level": "INFO", "jobId": "6ff43a8d-7eec-40d0-b999-36a1169e4cde", "keyword": "đếm ngược khai trương", "step": "capture", "message": "Capturing 28/70 (viewport)…", "data": null, "seq": 11955}
{"ts": "2026-04-28T23:46:37.290708+00:00", "level": "INFO", "jobId": "6ff43a8d-7eec-40d0-b999-36a1169e4cde", "keyword": "đếm ngược khai trương", "step": "capture", "message": "Saved post_028.png", "data": null, "seq": 11956}
{"ts": "2026-04-28T23:46:37.290708+00:00", "level": "INFO", "jobId": "6ff43a8d-7eec-40d0-b999-36a1169e4cde", "keyword": "đếm ngược khai trương", "step": "cooldown", "message": "Cooldown 2.7s (after capture)", "data": null, "seq": 11957}
{"ts": "2026-04-28T23:46:40.598042+00:00", "level": "INFO", "jobId": "6ff43a8d-7eec-40d0-b999-36a1169e4cde", "keyword": "đếm ngược khai trương", "step": "capture", "message": "Capturing 29/70 (viewport)…", "data": null, "seq": 11958}
{"ts": "2026-04-28T23:47:03.139575+00:00", "level": "INFO", "jobId": "6ff43a8d-7eec-40d0-b999-36a1169e4cde", "keyword": "đếm ngược khai trương", "step": "capture", "message": "Saved post_029.png", "data": null, "seq": 11959}
{"ts": "2026-04-28T23:47:03.139575+00:00", "level": "INFO", "jobId": "6ff43a8d-7eec-40d0-b999-36a1169e4cde", "keyword": "đếm ngược khai trương", "step": "cooldown", "message": "Cooldown 2.1s (after capture)", "data": null, "seq": 11960}
{"ts": "2026-04-28T23:47:05.900128+00:00", "level": "INFO", "jobId": "6ff43a8d-7eec-40d0-b999-36a1169e4cde", "keyword": "đếm ngược khai trương", "step": "capture", "message": "Capturing 30/70 (viewport)…", "data": null, "seq": 11961}
{"ts": "2026-04-28T23:47:05.985798+00:00", "level": "INFO", "jobId": "6ff43a8d-7eec-40d0-b999-36a1169e4cde", "keyword": "đếm ngược khai trương", "step": "capture", "message": "Expanded \"Xem thêm\" (exact-class): +1 (total 1)", "data": null, "seq": 11962}
{"ts": "2026-04-28T23:47:28.863125+00:00", "level": "INFO", "jobId": "6ff43a8d-7eec-40d0-b999-36a1169e4cde", "keyword": "đếm ngược khai trương", "step": "capture", "message": "Saved post_030.png", "data": null, "seq": 11963}
{"ts": "2026-04-28T23:47:28.863125+00:00", "level": "INFO", "jobId": "6ff43a8d-7eec-40d0-b999-36a1169e4cde", "keyword": "đếm ngược khai trương", "step": "cooldown", "message": "Cooldown 2.0s (after capture)", "data": null, "seq": 11964}
{"ts": "2026-04-28T23:47:31.464074+00:00", "level": "INFO", "jobId": "6ff43a8d-7eec-40d0-b999-36a1169e4cde", "keyword": "đếm ngược khai trương", "step": "capture", "message": "Capturing 31/70 (viewport)…", "data": null, "seq": 11965}
{"ts": "2026-04-28T23:47:54.341070+00:00", "level": "INFO", "jobId": "6ff43a8d-7eec-40d0-b999-36a1169e4cde", "keyword": "đếm ngược khai trương", "step": "capture", "message": "Saved post_031.png", "data": null, "seq": 11966}
{"ts": "2026-04-28T23:47:54.341070+00:00", "level": "INFO", "jobId": "6ff43a8d-7eec-40d0-b999-36a1169e4cde", "keyword": "đếm ngược khai trương", "step": "cooldown", "message": "Cooldown 2.1s (after capture)", "data": null, "seq": 11967}
{"ts": "2026-04-28T23:47:57.061676+00:00", "level": "INFO", "jobId": "6ff43a8d-7eec-40d0-b999-36a1169e4cde", "keyword": "đếm ngược khai trương", "step": "capture", "message": "Capturing 32/70 (viewport)…", "data": null, "seq": 11968}
{"ts": "2026-04-28T23:47:57.192297+00:00", "level": "INFO", "jobId": "6ff43a8d-7eec-40d0-b999-36a1169e4cde", "keyword": "đếm ngược khai trương", "step": "capture", "message": "Expanded \"Xem thêm\" (exact-class): +3 (total 3)", "data": null, "seq": 11969}
{"ts": "2026-04-28T23:48:20.192189+00:00", "level": "INFO", "jobId": "6ff43a8d-7eec-40d0-b999-36a1169e4cde", "keyword": "đếm ngược khai trương", "step": "capture", "message": "Saved post_032.png", "data": null, "seq": 11970}
{"ts": "2026-04-28T23:48:20.192189+00:00", "level": "INFO", "jobId": "6ff43a8d-7eec-40d0-b999-36a1169e4cde", "keyword": "đếm ngược khai trương", "step": "cooldown", "message": "Cooldown 1.3s (after capture)", "data": null, "seq": 11971}
{"ts": "2026-04-28T23:48:22.098482+00:00", "level": "INFO", "jobId": "6ff43a8d-7eec-40d0-b999-36a1169e4cde", "keyword": "đếm ngược khai trương", "step": "capture", "message": "Capturing 33/70 (viewport)…", "data": null, "seq": 11972}
{"ts": "2026-04-28T23:48:44.608244+00:00", "level": "INFO", "jobId": "6ff43a8d-7eec-40d0-b999-36a1169e4cde", "keyword": "đếm ngược khai trương", "step": "capture", "message": "Saved post_033.png", "data": null, "seq": 11973}
{"ts": "2026-04-28T23:48:44.608244+00:00", "level": "INFO", "jobId": "6ff43a8d-7eec-40d0-b999-36a1169e4cde", "keyword": "đếm ngược khai trương", "step": "cooldown", "message": "Cooldown 3.0s (after capture)", "data": null, "seq": 11974}
{"ts": "2026-04-28T23:48:48.147523+00:00", "level": "INFO", "jobId": "6ff43a8d-7eec-40d0-b999-36a1169e4cde", "keyword": "đếm ngược khai trương", "step": "capture", "message": "Capturing 34/70 (viewport)…", "data": null, "seq": 11975}
{"ts": "2026-04-28T23:49:10.879964+00:00", "level": "INFO", "jobId": "6ff43a8d-7eec-40d0-b999-36a1169e4cde", "keyword": "đếm ngược khai trương", "step": "capture", "message": "Saved post_034.png", "data": null, "seq": 11976}
{"ts": "2026-04-28T23:49:10.880967+00:00", "level": "INFO", "jobId": "6ff43a8d-7eec-40d0-b999-36a1169e4cde", "keyword": "đếm ngược khai trương", "step": "cooldown", "message": "Cooldown 2.4s (after capture)", "data": null, "seq": 11977}
{"ts": "2026-04-28T23:49:13.929143+00:00", "level": "INFO", "jobId": "6ff43a8d-7eec-40d0-b999-36a1169e4cde", "keyword": "đếm ngược khai trương", "step": "capture", "message": "Capturing 35/70 (viewport)…", "data": null, "seq": 11978}
{"ts": "2026-04-28T23:49:36.504093+00:00", "level": "INFO", "jobId": "6ff43a8d-7eec-40d0-b999-36a1169e4cde", "keyword": "đếm ngược khai trương", "step": "capture", "message": "Saved post_035.png", "data": null, "seq": 11979}
{"ts": "2026-04-28T23:49:36.504093+00:00", "level": "INFO", "jobId": "6ff43a8d-7eec-40d0-b999-36a1169e4cde", "keyword": "đếm ngược khai trương", "step": "cooldown", "message": "Cooldown 1.2s (after capture)", "data": null, "seq": 11980}
{"ts": "2026-04-28T23:49:38.278533+00:00", "level": "INFO", "jobId": "6ff43a8d-7eec-40d0-b999-36a1169e4cde", "keyword": "đếm ngược khai trương", "step": "capture", "message": "Capturing 36/70 (viewport)…", "data": null, "seq": 11981}
{"ts": "2026-04-28T23:49:38.390188+00:00", "level": "INFO", "jobId": "6ff43a8d-7eec-40d0-b999-36a1169e4cde", "keyword": "đếm ngược khai trương", "step": "capture", "message": "Expanded \"Xem thêm\" (exact-class): +1 (total 1)", "data": null, "seq": 11982}
{"ts": "2026-04-28T23:50:01.306327+00:00", "level": "INFO", "jobId": "6ff43a8d-7eec-40d0-b999-36a1169e4cde", "keyword": "đếm ngược khai trương", "step": "capture", "message": "Saved post_036.png", "data": null, "seq": 11983}
{"ts": "2026-04-28T23:50:01.306327+00:00", "level": "INFO", "jobId": "6ff43a8d-7eec-40d0-b999-36a1169e4cde", "keyword": "đếm ngược khai trương", "step": "cooldown", "message": "Cooldown 2.1s (after capture)", "data": null, "seq": 11984}
{"ts": "2026-04-28T23:50:03.939213+00:00", "level": "INFO", "jobId": "6ff43a8d-7eec-40d0-b999-36a1169e4cde", "keyword": "đếm ngược khai trương", "step": "capture", "message": "Capturing 37/70 (viewport)…", "data": null, "seq": 11985}
{"ts": "2026-04-28T23:50:04.033291+00:00", "level": "INFO", "jobId": "6ff43a8d-7eec-40d0-b999-36a1169e4cde", "keyword": "đếm ngược khai trương", "step": "capture", "message": "Expanded \"Xem thêm\" (exact-class): +1 (total 1)", "data": null, "seq": 11986}
{"ts": "2026-04-28T23:50:27.070175+00:00", "level": "INFO", "jobId": "6ff43a8d-7eec-40d0-b999-36a1169e4cde", "keyword": "đếm ngược khai trương", "step": "capture", "message": "Saved post_037.png", "data": null, "seq": 11987}
{"ts": "2026-04-28T23:50:27.070175+00:00", "level": "INFO", "jobId": "6ff43a8d-7eec-40d0-b999-36a1169e4cde", "keyword": "đếm ngược khai trương", "step": "cooldown", "message": "Cooldown 2.6s (after capture)", "data": null, "seq": 11988}
{"ts": "2026-04-28T23:50:30.252113+00:00", "level": "INFO", "jobId": "6ff43a8d-7eec-40d0-b999-36a1169e4cde", "keyword": "đếm ngược khai trương", "step": "capture", "message": "Capturing 38/70 (viewport)…", "data": null, "seq": 11989}
{"ts": "2026-04-28T23:50:52.976760+00:00", "level": "INFO", "jobId": "6ff43a8d-7eec-40d0-b999-36a1169e4cde", "keyword": "đếm ngược khai trương", "step": "capture", "message": "Saved post_038.png", "data": null, "seq": 11990}
{"ts": "2026-04-28T23:50:52.977791+00:00", "level": "INFO", "jobId": "6ff43a8d-7eec-40d0-b999-36a1169e4cde", "keyword": "đếm ngược khai trương", "step": "cooldown", "message": "Cooldown 1.5s (after capture)", "data": null, "seq": 11991}
{"ts": "2026-04-28T23:50:55.021507+00:00", "level": "INFO", "jobId": "6ff43a8d-7eec-40d0-b999-36a1169e4cde", "keyword": "đếm ngược khai trương", "step": "capture", "message": "Capturing 39/70 (viewport)…", "data": null, "seq": 11992}
{"ts": "2026-04-28T23:51:17.607142+00:00", "level": "INFO", "jobId": "6ff43a8d-7eec-40d0-b999-36a1169e4cde", "keyword": "đếm ngược khai trương", "step": "capture", "message": "Saved post_039.png", "data": null, "seq": 11993}
{"ts": "2026-04-28T23:51:17.608153+00:00", "level": "INFO", "jobId": "6ff43a8d-7eec-40d0-b999-36a1169e4cde", "keyword": "đếm ngược khai trương", "step": "cooldown", "message": "Cooldown 1.8s (after capture)", "data": null, "seq": 11994}
{"ts": "2026-04-28T23:51:19.939732+00:00", "level": "INFO", "jobId": "6ff43a8d-7eec-40d0-b999-36a1169e4cde", "keyword": "đếm ngược khai trương", "step": "capture", "message": "Capturing 40/70 (viewport)…", "data": null, "seq": 11995}
{"ts": "2026-04-28T23:51:42.369354+00:00", "level": "INFO", "jobId": "6ff43a8d-7eec-40d0-b999-36a1169e4cde", "keyword": "đếm ngược khai trương", "step": "capture", "message": "Saved post_040.png", "data": null, "seq": 11996}
{"ts": "2026-04-28T23:51:42.370360+00:00", "level": "INFO", "jobId": "6ff43a8d-7eec-40d0-b999-36a1169e4cde", "keyword": "đếm ngược khai trương", "step": "cooldown", "message": "Cooldown 1.2s (after capture)", "data": null, "seq": 11997}
{"ts": "2026-04-28T23:51:44.152428+00:00", "level": "INFO", "jobId": "6ff43a8d-7eec-40d0-b999-36a1169e4cde", "keyword": "đếm ngược khai trương", "step": "capture", "message": "Capturing 41/70 (viewport)…", "data": null, "seq": 11998}
{"ts": "2026-04-28T23:52:07.205616+00:00", "level": "INFO", "jobId": "6ff43a8d-7eec-40d0-b999-36a1169e4cde", "keyword": "đếm ngược khai trương", "step": "capture", "message": "Capturing 41/70 (viewport)…", "data": null, "seq": 11999}
{"ts": "2026-04-28T23:52:07.280485+00:00", "level": "INFO", "jobId": "6ff43a8d-7eec-40d0-b999-36a1169e4cde", "keyword": "đếm ngược khai trương", "step": "capture", "message": "Expanded \"Xem thêm\" (exact-class): +1 (total 1)", "data": null, "seq": 12000}
{"ts": "2026-04-28T23:52:30.325939+00:00", "level": "INFO", "jobId": "6ff43a8d-7eec-40d0-b999-36a1169e4cde", "keyword": "đếm ngược khai trương", "step": "capture", "message": "Saved post_041.png", "data": null, "seq": 12001}
{"ts": "2026-04-28T23:52:30.327017+00:00", "level": "INFO", "jobId": "6ff43a8d-7eec-40d0-b999-36a1169e4cde", "keyword": "đếm ngược khai trương", "step": "cooldown", "message": "Cooldown 1.3s (after capture)", "data": null, "seq": 12002}
{"ts": "2026-04-28T23:52:32.303317+00:00", "level": "INFO", "jobId": "6ff43a8d-7eec-40d0-b999-36a1169e4cde", "keyword": "đếm ngược khai trương", "step": "capture", "message": "Capturing 42/70 (viewport)…", "data": null, "seq": 12003}
{"ts": "2026-04-28T23:52:54.811221+00:00", "level": "INFO", "jobId": "6ff43a8d-7eec-40d0-b999-36a1169e4cde", "keyword": "đếm ngược khai trương", "step": "capture", "message": "Saved post_042.png", "data": null, "seq": 12004}
{"ts": "2026-04-28T23:52:54.812269+00:00", "level": "INFO", "jobId": "6ff43a8d-7eec-40d0-b999-36a1169e4cde", "keyword": "đếm ngược khai trương", "step": "cooldown", "message": "Cooldown 2.7s (after capture)", "data": null, "seq": 12005}
{"ts": "2026-04-28T23:52:58.026215+00:00", "level": "INFO", "jobId": "6ff43a8d-7eec-40d0-b999-36a1169e4cde", "keyword": "đếm ngược khai trương", "step": "capture", "message": "Capturing 43/70 (viewport)…", "data": null, "seq": 12006}
{"ts": "2026-04-28T23:53:20.631501+00:00", "level": "INFO", "jobId": "6ff43a8d-7eec-40d0-b999-36a1169e4cde", "keyword": "đếm ngược khai trương", "step": "capture", "message": "Saved post_043.png", "data": null, "seq": 12007}
{"ts": "2026-04-28T23:53:20.631501+00:00", "level": "INFO", "jobId": "6ff43a8d-7eec-40d0-b999-36a1169e4cde", "keyword": "đếm ngược khai trương", "step": "cooldown", "message": "Cooldown 1.1s (after capture)", "data": null, "seq": 12008}
{"ts": "2026-04-28T23:53:22.310058+00:00", "level": "INFO", "jobId": "6ff43a8d-7eec-40d0-b999-36a1169e4cde", "keyword": "đếm ngược khai trương", "step": "capture", "message": "Capturing 44/70 (viewport)…", "data": null, "seq": 12009}
{"ts": "2026-04-28T23:53:44.818192+00:00", "level": "INFO", "jobId": "6ff43a8d-7eec-40d0-b999-36a1169e4cde", "keyword": "đếm ngược khai trương", "step": "capture", "message": "Saved post_044.png", "data": null, "seq": 12010}
{"ts": "2026-04-28T23:53:44.818192+00:00", "level": "INFO", "jobId": "6ff43a8d-7eec-40d0-b999-36a1169e4cde", "keyword": "đếm ngược khai trương", "step": "cooldown", "message": "Cooldown 2.0s (after capture)", "data": null, "seq": 12011}
{"ts": "2026-04-28T23:53:47.383615+00:00", "level": "INFO", "jobId": "6ff43a8d-7eec-40d0-b999-36a1169e4cde", "keyword": "đếm ngược khai trương", "step": "capture", "message": "Capturing 45/70 (viewport)…", "data": null, "seq": 12012}
{"ts": "2026-04-28T23:54:10.293559+00:00", "level": "INFO", "jobId": "6ff43a8d-7eec-40d0-b999-36a1169e4cde", "keyword": "đếm ngược khai trương", "step": "capture", "message": "Capturing 45/70 (viewport)…", "data": null, "seq": 12013}
{"ts": "2026-04-28T23:54:32.804047+00:00", "level": "INFO", "jobId": "6ff43a8d-7eec-40d0-b999-36a1169e4cde", "keyword": "đếm ngược khai trương", "step": "capture", "message": "Saved post_045.png", "data": null, "seq": 12014}
{"ts": "2026-04-28T23:54:32.804047+00:00", "level": "INFO", "jobId": "6ff43a8d-7eec-40d0-b999-36a1169e4cde", "keyword": "đếm ngược khai trương", "step": "cooldown", "message": "Cooldown 2.1s (after capture)", "data": null, "seq": 12015}
{"ts": "2026-04-28T23:54:35.524865+00:00", "level": "INFO", "jobId": "6ff43a8d-7eec-40d0-b999-36a1169e4cde", "keyword": "đếm ngược khai trương", "step": "capture", "message": "Capturing 46/70 (viewport)…", "data": null, "seq": 12016}
{"ts": "2026-04-28T23:54:35.621582+00:00", "level": "INFO", "jobId": "6ff43a8d-7eec-40d0-b999-36a1169e4cde", "keyword": "đếm ngược khai trương", "step": "capture", "message": "Expanded \"Xem thêm\" (exact-class): +2 (total 2)", "data": null, "seq": 12017}
{"ts": "2026-04-28T23:54:58.507144+00:00", "level": "INFO", "jobId": "6ff43a8d-7eec-40d0-b999-36a1169e4cde", "keyword": "đếm ngược khai trương", "step": "capture", "message": "Saved post_046.png", "data": null, "seq": 12018}
{"ts": "2026-04-28T23:54:58.507144+00:00", "level": "INFO", "jobId": "6ff43a8d-7eec-40d0-b999-36a1169e4cde", "keyword": "đếm ngược khai trương", "step": "cooldown", "message": "Cooldown 2.8s (after capture)", "data": null, "seq": 12019}
{"ts": "2026-04-28T23:55:01.961122+00:00", "level": "INFO", "jobId": "6ff43a8d-7eec-40d0-b999-36a1169e4cde", "keyword": "đếm ngược khai trương", "step": "capture", "message": "Capturing 47/70 (viewport)…", "data": null, "seq": 12020}
{"ts": "2026-04-28T23:55:24.409282+00:00", "level": "INFO", "jobId": "6ff43a8d-7eec-40d0-b999-36a1169e4cde", "keyword": "đếm ngược khai trương", "step": "capture", "message": "Saved post_047.png", "data": null, "seq": 12021}
{"ts": "2026-04-28T23:55:24.410387+00:00", "level": "INFO", "jobId": "6ff43a8d-7eec-40d0-b999-36a1169e4cde", "keyword": "đếm ngược khai trương", "step": "cooldown", "message": "Cooldown 2.1s (after capture)", "data": null, "seq": 12022}
{"ts": "2026-04-28T23:55:27.180178+00:00", "level": "INFO", "jobId": "6ff43a8d-7eec-40d0-b999-36a1169e4cde", "keyword": "đếm ngược khai trương", "step": "capture", "message": "Capturing 48/70 (viewport)…", "data": null, "seq": 12023}
{"ts": "2026-04-28T23:55:50.287249+00:00", "level": "INFO", "jobId": "6ff43a8d-7eec-40d0-b999-36a1169e4cde", "keyword": "đếm ngược khai trương", "step": "capture", "message": "Capturing 48/70 (viewport)…", "data": null, "seq": 12024}
{"ts": "2026-04-28T23:56:13.434082+00:00", "level": "INFO", "jobId": "6ff43a8d-7eec-40d0-b999-36a1169e4cde", "keyword": "đếm ngược khai trương", "step": "capture", "message": "Capturing 48/70 (viewport)…", "data": null, "seq": 12025}
{"ts": "2026-04-28T23:56:36.519249+00:00", "level": "INFO", "jobId": "6ff43a8d-7eec-40d0-b999-36a1169e4cde", "keyword": "đếm ngược khai trương", "step": "capture", "message": "Capturing 48/70 (viewport)…", "data": null, "seq": 12026}
{"ts": "2026-04-28T23:56:58.992740+00:00", "level": "INFO", "jobId": "6ff43a8d-7eec-40d0-b999-36a1169e4cde", "keyword": "đếm ngược khai trương", "step": "capture", "message": "Saved post_048.png", "data": null, "seq": 12027}
{"ts": "2026-04-28T23:56:58.992740+00:00", "level": "INFO", "jobId": "6ff43a8d-7eec-40d0-b999-36a1169e4cde", "keyword": "đếm ngược khai trương", "step": "cooldown", "message": "Cooldown 1.5s (after capture)", "data": null, "seq": 12028}
{"ts": "2026-04-28T23:57:01.067449+00:00", "level": "INFO", "jobId": "6ff43a8d-7eec-40d0-b999-36a1169e4cde", "keyword": "đếm ngược khai trương", "step": "capture", "message": "Capturing 49/70 (viewport)…", "data": null, "seq": 12029}
{"ts": "2026-04-28T23:57:23.697116+00:00", "level": "INFO", "jobId": "6ff43a8d-7eec-40d0-b999-36a1169e4cde", "keyword": "đếm ngược khai trương", "step": "capture", "message": "Saved post_049.png", "data": null, "seq": 12030}
{"ts": "2026-04-28T23:57:23.698118+00:00", "level": "INFO", "jobId": "6ff43a8d-7eec-40d0-b999-36a1169e4cde", "keyword": "đếm ngược khai trương", "step": "cooldown", "message": "Cooldown 1.0s (after capture)", "data": null, "seq": 12031}
{"ts": "2026-04-28T23:57:25.330758+00:00", "level": "INFO", "jobId": "6ff43a8d-7eec-40d0-b999-36a1169e4cde", "keyword": "đếm ngược khai trương", "step": "capture", "message": "Capturing 50/70 (viewport)…", "data": null, "seq": 12032}
{"ts": "2026-04-28T23:57:47.792922+00:00", "level": "INFO", "jobId": "6ff43a8d-7eec-40d0-b999-36a1169e4cde", "keyword": "đếm ngược khai trương", "step": "capture", "message": "Saved post_050.png", "data": null, "seq": 12033}
{"ts": "2026-04-28T23:57:47.792922+00:00", "level": "INFO", "jobId": "6ff43a8d-7eec-40d0-b999-36a1169e4cde", "keyword": "đếm ngược khai trương", "step": "cooldown", "message": "Cooldown 2.5s (after capture)", "data": null, "seq": 12034}
{"ts": "2026-04-28T23:57:50.893539+00:00", "level": "INFO", "jobId": "6ff43a8d-7eec-40d0-b999-36a1169e4cde", "keyword": "đếm ngược khai trương", "step": "capture", "message": "Capturing 51/70 (viewport)…", "data": null, "seq": 12035}
{"ts": "2026-04-28T23:58:14.012308+00:00", "level": "INFO", "jobId": "6ff43a8d-7eec-40d0-b999-36a1169e4cde", "keyword": "đếm ngược khai trương", "step": "capture", "message": "Capturing 51/70 (viewport)…", "data": null, "seq": 12036}
{"ts": "2026-04-28T23:58:37.128150+00:00", "level": "INFO", "jobId": "6ff43a8d-7eec-40d0-b999-36a1169e4cde", "keyword": "đếm ngược khai trương", "step": "capture", "message": "Capturing 51/70 (viewport)…", "data": null, "seq": 12037}
{"ts": "2026-04-28T23:58:59.640904+00:00", "level": "INFO", "jobId": "6ff43a8d-7eec-40d0-b999-36a1169e4cde", "keyword": "đếm ngược khai trương", "step": "capture", "message": "Saved post_051.png", "data": null, "seq": 12038}
{"ts": "2026-04-28T23:58:59.640904+00:00", "level": "INFO", "jobId": "6ff43a8d-7eec-40d0-b999-36a1169e4cde", "keyword": "đếm ngược khai trương", "step": "cooldown", "message": "Cooldown 1.6s (after capture)", "data": null, "seq": 12039}
{"ts": "2026-04-28T23:59:01.803322+00:00", "level": "INFO", "jobId": "6ff43a8d-7eec-40d0-b999-36a1169e4cde", "keyword": "đếm ngược khai trương", "step": "capture", "message": "Capturing 52/70 (viewport)…", "data": null, "seq": 12040}
{"ts": "2026-04-28T23:59:01.892275+00:00", "level": "INFO", "jobId": "6ff43a8d-7eec-40d0-b999-36a1169e4cde", "keyword": "đếm ngược khai trương", "step": "capture", "message": "Expanded \"Xem thêm\" (exact-class): +1 (total 1)", "data": null, "seq": 12041}
{"ts": "2026-04-28T23:59:24.939900+00:00", "level": "INFO", "jobId": "6ff43a8d-7eec-40d0-b999-36a1169e4cde", "keyword": "đếm ngược khai trương", "step": "capture", "message": "Saved post_052.png", "data": null, "seq": 12042}
{"ts": "2026-04-28T23:59:24.939900+00:00", "level": "INFO", "jobId": "6ff43a8d-7eec-40d0-b999-36a1169e4cde", "keyword": "đếm ngược khai trương", "step": "cooldown", "message": "Cooldown 1.4s (after capture)", "data": null, "seq": 12043}
{"ts": "2026-04-28T23:59:26.946947+00:00", "level": "INFO", "jobId": "6ff43a8d-7eec-40d0-b999-36a1169e4cde", "keyword": "đếm ngược khai trương", "step": "capture", "message": "Capturing 53/70 (viewport)…", "data": null, "seq": 12044}
{"ts": "2026-04-28T23:59:49.530214+00:00", "level": "INFO", "jobId": "6ff43a8d-7eec-40d0-b999-36a1169e4cde", "keyword": "đếm ngược khai trương", "step": "capture", "message": "Saved post_053.png", "data": null, "seq": 12045}
{"ts": "2026-04-28T23:59:49.530214+00:00", "level": "INFO", "jobId": "6ff43a8d-7eec-40d0-b999-36a1169e4cde", "keyword": "đếm ngược khai trương", "step": "cooldown", "message": "Cooldown 1.8s (after capture)", "data": null, "seq": 12046}
{"ts": "2026-04-28T23:59:51.968976+00:00", "level": "INFO", "jobId": "6ff43a8d-7eec-40d0-b999-36a1169e4cde", "keyword": "đếm ngược khai trương", "step": "capture", "message": "Capturing 54/70 (viewport)…", "data": null, "seq": 12047}
{"ts": "2026-04-29T00:00:15.059515+00:00", "level": "INFO", "jobId": "6ff43a8d-7eec-40d0-b999-36a1169e4cde", "keyword": "đếm ngược khai trương", "step": "capture", "message": "Capturing 54/70 (viewport)…", "data": null, "seq": 12048}
{"ts": "2026-04-29T00:00:38.095479+00:00", "level": "INFO", "jobId": "6ff43a8d-7eec-40d0-b999-36a1169e4cde", "keyword": "đếm ngược khai trương", "step": "capture", "message": "Capturing 54/70 (viewport)…", "data": null, "seq": 12049}
{"ts": "2026-04-29T00:00:38.187747+00:00", "level": "INFO", "jobId": "6ff43a8d-7eec-40d0-b999-36a1169e4cde", "keyword": "đếm ngược khai trương", "step": "capture", "message": "Expanded \"Xem thêm\" (exact-class): +1 (total 1)", "data": null, "seq": 12050}
{"ts": "2026-04-29T00:01:01.234649+00:00", "level": "INFO", "jobId": "6ff43a8d-7eec-40d0-b999-36a1169e4cde", "keyword": "đếm ngược khai trương", "step": "capture", "message": "Saved post_054.png", "data": null, "seq": 12051}
{"ts": "2026-04-29T00:01:01.234649+00:00", "level": "INFO", "jobId": "6ff43a8d-7eec-40d0-b999-36a1169e4cde", "keyword": "đếm ngược khai trương", "step": "cooldown", "message": "Cooldown 1.8s (after capture)", "data": null, "seq": 12052}
{"ts": "2026-04-29T00:01:03.689779+00:00", "level": "INFO", "jobId": "6ff43a8d-7eec-40d0-b999-36a1169e4cde", "keyword": "đếm ngược khai trương", "step": "capture", "message": "Capturing 55/70 (viewport)…", "data": null, "seq": 12053}
{"ts": "2026-04-29T00:01:26.294423+00:00", "level": "INFO", "jobId": "6ff43a8d-7eec-40d0-b999-36a1169e4cde", "keyword": "đếm ngược khai trương", "step": "capture", "message": "Saved post_055.png", "data": null, "seq": 12054}
{"ts": "2026-04-29T00:01:26.295433+00:00", "level": "INFO", "jobId": "6ff43a8d-7eec-40d0-b999-36a1169e4cde", "keyword": "đếm ngược khai trương", "step": "cooldown", "message": "Cooldown 2.3s (after capture)", "data": null, "seq": 12055}
{"ts": "2026-04-29T00:01:29.263031+00:00", "level": "INFO", "jobId": "6ff43a8d-7eec-40d0-b999-36a1169e4cde", "keyword": "đếm ngược khai trương", "step": "capture", "message": "Capturing 56/70 (viewport)…", "data": null, "seq": 12056}
{"ts": "2026-04-29T00:01:51.875476+00:00", "level": "INFO", "jobId": "6ff43a8d-7eec-40d0-b999-36a1169e4cde", "keyword": "đếm ngược khai trương", "step": "capture", "message": "Saved post_056.png", "data": null, "seq": 12057}
{"ts": "2026-04-29T00:01:51.876674+00:00", "level": "INFO", "jobId": "6ff43a8d-7eec-40d0-b999-36a1169e4cde", "keyword": "đếm ngược khai trương", "step": "cooldown", "message": "Cooldown 1.6s (after capture)", "data": null, "seq": 12058}
{"ts": "2026-04-29T00:01:54.063180+00:00", "level": "INFO", "jobId": "6ff43a8d-7eec-40d0-b999-36a1169e4cde", "keyword": "đếm ngược khai trương", "step": "capture", "message": "Capturing 57/70 (viewport)…", "data": null, "seq": 12059}
{"ts": "2026-04-29T00:01:54.142847+00:00", "level": "INFO", "jobId": "6ff43a8d-7eec-40d0-b999-36a1169e4cde", "keyword": "đếm ngược khai trương", "step": "capture", "message": "Expanded \"Xem thêm\" (exact-class): +1 (total 1)", "data": null, "seq": 12060}
{"ts": "2026-04-29T00:02:17.105815+00:00", "level": "INFO", "jobId": "6ff43a8d-7eec-40d0-b999-36a1169e4cde", "keyword": "đếm ngược khai trương", "step": "capture", "message": "Saved post_057.png", "data": null, "seq": 12061}
{"ts": "2026-04-29T00:02:17.106893+00:00", "level": "INFO", "jobId": "6ff43a8d-7eec-40d0-b999-36a1169e4cde", "keyword": "đếm ngược khai trương", "step": "cooldown", "message": "Cooldown 2.7s (after capture)", "data": null, "seq": 12062}
{"ts": "2026-04-29T00:02:20.378081+00:00", "level": "INFO", "jobId": "6ff43a8d-7eec-40d0-b999-36a1169e4cde", "keyword": "đếm ngược khai trương", "step": "capture", "message": "Capturing 58/70 (viewport)…", "data": null, "seq": 12063}
{"ts": "2026-04-29T00:02:42.866676+00:00", "level": "INFO", "jobId": "6ff43a8d-7eec-40d0-b999-36a1169e4cde", "keyword": "đếm ngược khai trương", "step": "capture", "message": "Saved post_058.png", "data": null, "seq": 12064}
{"ts": "2026-04-29T00:02:42.866676+00:00", "level": "INFO", "jobId": "6ff43a8d-7eec-40d0-b999-36a1169e4cde", "keyword": "đếm ngược khai trương", "step": "cooldown", "message": "Cooldown 2.1s (after capture)", "data": null, "seq": 12065}
{"ts": "2026-04-29T00:02:45.579682+00:00", "level": "INFO", "jobId": "6ff43a8d-7eec-40d0-b999-36a1169e4cde", "keyword": "đếm ngược khai trương", "step": "capture", "message": "Capturing 59/70 (viewport)…", "data": null, "seq": 12066}
{"ts": "2026-04-29T00:03:08.675972+00:00", "level": "INFO", "jobId": "6ff43a8d-7eec-40d0-b999-36a1169e4cde", "keyword": "đếm ngược khai trương", "step": "capture", "message": "Capturing 59/70 (viewport)…", "data": null, "seq": 12067}
{"ts": "2026-04-29T00:03:08.774068+00:00", "level": "INFO", "jobId": "6ff43a8d-7eec-40d0-b999-36a1169e4cde", "keyword": "đếm ngược khai trương", "step": "capture", "message": "Expanded \"Xem thêm\" (exact-class): +1 (total 1)", "data": null, "seq": 12068}
{"ts": "2026-04-29T00:03:31.871839+00:00", "level": "INFO", "jobId": "6ff43a8d-7eec-40d0-b999-36a1169e4cde", "keyword": "đếm ngược khai trương", "step": "capture", "message": "Saved post_059.png", "data": null, "seq": 12069}
{"ts": "2026-04-29T00:03:31.871839+00:00", "level": "INFO", "jobId": "6ff43a8d-7eec-40d0-b999-36a1169e4cde", "keyword": "đếm ngược khai trương", "step": "cooldown", "message": "Cooldown 1.1s (after capture)", "data": null, "seq": 12070}
{"ts": "2026-04-29T00:03:33.610454+00:00", "level": "INFO", "jobId": "6ff43a8d-7eec-40d0-b999-36a1169e4cde", "keyword": "đếm ngược khai trương", "step": "capture", "message": "Capturing 60/70 (viewport)…", "data": null, "seq": 12071}
{"ts": "2026-04-29T00:03:33.715849+00:00", "level": "INFO", "jobId": "6ff43a8d-7eec-40d0-b999-36a1169e4cde", "keyword": "đếm ngược khai trương", "step": "capture", "message": "Expanded \"Xem thêm\" (exact-class): +1 (total 1)", "data": null, "seq": 12072}
{"ts": "2026-04-29T00:03:56.838918+00:00", "level": "INFO", "jobId": "6ff43a8d-7eec-40d0-b999-36a1169e4cde", "keyword": "đếm ngược khai trương", "step": "capture", "message": "Saved post_060.png", "data": null, "seq": 12073}
{"ts": "2026-04-29T00:03:56.839928+00:00", "level": "INFO", "jobId": "6ff43a8d-7eec-40d0-b999-36a1169e4cde", "keyword": "đếm ngược khai trương", "step": "cooldown", "message": "Cooldown 1.8s (after capture)", "data": null, "seq": 12074}
{"ts": "2026-04-29T00:03:59.330099+00:00", "level": "INFO", "jobId": "6ff43a8d-7eec-40d0-b999-36a1169e4cde", "keyword": "đếm ngược khai trương", "step": "capture", "message": "Capturing 61/70 (viewport)…", "data": null, "seq": 12075}
{"ts": "2026-04-29T00:03:59.436039+00:00", "level": "INFO", "jobId": "6ff43a8d-7eec-40d0-b999-36a1169e4cde", "keyword": "đếm ngược khai trương", "step": "capture", "message": "Expanded \"Xem thêm\" (exact-class): +1 (total 1)", "data": null, "seq": 12076}
{"ts": "2026-04-29T00:04:22.672856+00:00", "level": "INFO", "jobId": "6ff43a8d-7eec-40d0-b999-36a1169e4cde", "keyword": "đếm ngược khai trương", "step": "capture", "message": "Saved post_061.png", "data": null, "seq": 12077}
{"ts": "2026-04-29T00:04:22.672856+00:00", "level": "INFO", "jobId": "6ff43a8d-7eec-40d0-b999-36a1169e4cde", "keyword": "đếm ngược khai trương", "step": "cooldown", "message": "Cooldown 1.3s (after capture)", "data": null, "seq": 12078}
{"ts": "2026-04-29T00:04:24.546003+00:00", "level": "INFO", "jobId": "6ff43a8d-7eec-40d0-b999-36a1169e4cde", "keyword": "đếm ngược khai trương", "step": "capture", "message": "Capturing 62/70 (viewport)…", "data": null, "seq": 12079}
{"ts": "2026-04-29T00:04:47.095981+00:00", "level": "INFO", "jobId": "6ff43a8d-7eec-40d0-b999-36a1169e4cde", "keyword": "đếm ngược khai trương", "step": "capture", "message": "Saved post_062.png", "data": null, "seq": 12080}
{"ts": "2026-04-29T00:04:47.095981+00:00", "level": "INFO", "jobId": "6ff43a8d-7eec-40d0-b999-36a1169e4cde", "keyword": "đếm ngược khai trương", "step": "cooldown", "message": "Cooldown 1.0s (after capture)", "data": null, "seq": 12081}
{"ts": "2026-04-29T00:04:48.717284+00:00", "level": "INFO", "jobId": "6ff43a8d-7eec-40d0-b999-36a1169e4cde", "keyword": "đếm ngược khai trương", "step": "capture", "message": "Capturing 63/70 (viewport)…", "data": null, "seq": 12082}
{"ts": "2026-04-29T00:05:11.460750+00:00", "level": "INFO", "jobId": "6ff43a8d-7eec-40d0-b999-36a1169e4cde", "keyword": "đếm ngược khai trương", "step": "capture", "message": "Saved post_063.png", "data": null, "seq": 12083}
{"ts": "2026-04-29T00:05:11.462104+00:00", "level": "INFO", "jobId": "6ff43a8d-7eec-40d0-b999-36a1169e4cde", "keyword": "đếm ngược khai trương", "step": "cooldown", "message": "Cooldown 1.9s (after capture)", "data": null, "seq": 12084}
{"ts": "2026-04-29T00:05:14.002481+00:00", "level": "INFO", "jobId": "6ff43a8d-7eec-40d0-b999-36a1169e4cde", "keyword": "đếm ngược khai trương", "step": "capture", "message": "Capturing 64/70 (viewport)…", "data": null, "seq": 12085}
{"ts": "2026-04-29T00:05:14.134709+00:00", "level": "INFO", "jobId": "6ff43a8d-7eec-40d0-b999-36a1169e4cde", "keyword": "đếm ngược khai trương", "step": "capture", "message": "Expanded \"Xem thêm\" (exact-class): +2 (total 2)", "data": null, "seq": 12086}
{"ts": "2026-04-29T00:05:37.337454+00:00", "level": "INFO", "jobId": "6ff43a8d-7eec-40d0-b999-36a1169e4cde", "keyword": "đếm ngược khai trương", "step": "capture", "message": "Saved post_064.png", "data": null, "seq": 12087}
{"ts": "2026-04-29T00:05:37.337454+00:00", "level": "INFO", "jobId": "6ff43a8d-7eec-40d0-b999-36a1169e4cde", "keyword": "đếm ngược khai trương", "step": "cooldown", "message": "Cooldown 2.6s (after capture)", "data": null, "seq": 12088}
{"ts": "2026-04-29T00:05:40.524003+00:00", "level": "INFO", "jobId": "6ff43a8d-7eec-40d0-b999-36a1169e4cde", "keyword": "đếm ngược khai trương", "step": "capture", "message": "Capturing 65/70 (viewport)…", "data": null, "seq": 12089}
{"ts": "2026-04-29T00:06:03.308764+00:00", "level": "INFO", "jobId": "6ff43a8d-7eec-40d0-b999-36a1169e4cde", "keyword": "đếm ngược khai trương", "step": "capture", "message": "Saved post_065.png", "data": null, "seq": 12090}
{"ts": "2026-04-29T00:06:03.310040+00:00", "level": "INFO", "jobId": "6ff43a8d-7eec-40d0-b999-36a1169e4cde", "keyword": "đếm ngược khai trương", "step": "cooldown", "message": "Cooldown 2.8s (after capture)", "data": null, "seq": 12091}
{"ts": "2026-04-29T00:06:06.757215+00:00", "level": "INFO", "jobId": "6ff43a8d-7eec-40d0-b999-36a1169e4cde", "keyword": "đếm ngược khai trương", "step": "capture", "message": "Capturing 66/70 (viewport)…", "data": null, "seq": 12092}
{"ts": "2026-04-29T00:06:06.875600+00:00", "level": "INFO", "jobId": "6ff43a8d-7eec-40d0-b999-36a1169e4cde", "keyword": "đếm ngược khai trương", "step": "capture", "message": "Expanded \"Xem thêm\" (exact-class): +3 (total 3)", "data": null, "seq": 12093}
{"ts": "2026-04-29T00:06:30.015960+00:00", "level": "INFO", "jobId": "6ff43a8d-7eec-40d0-b999-36a1169e4cde", "keyword": "đếm ngược khai trương", "step": "capture", "message": "Saved post_066.png", "data": null, "seq": 12094}
{"ts": "2026-04-29T00:06:30.017049+00:00", "level": "INFO", "jobId": "6ff43a8d-7eec-40d0-b999-36a1169e4cde", "keyword": "đếm ngược khai trương", "step": "cooldown", "message": "Cooldown 1.3s (after capture)", "data": null, "seq": 12095}
{"ts": "2026-04-29T00:06:31.956297+00:00", "level": "INFO", "jobId": "6ff43a8d-7eec-40d0-b999-36a1169e4cde", "keyword": "đếm ngược khai trương", "step": "capture", "message": "Capturing 67/70 (viewport)…", "data": null, "seq": 12096}
{"ts": "2026-04-29T00:06:54.464008+00:00", "level": "INFO", "jobId": "6ff43a8d-7eec-40d0-b999-36a1169e4cde", "keyword": "đếm ngược khai trương", "step": "capture", "message": "Saved post_067.png", "data": null, "seq": 12097}
{"ts": "2026-04-29T00:06:54.464008+00:00", "level": "INFO", "jobId": "6ff43a8d-7eec-40d0-b999-36a1169e4cde", "keyword": "đếm ngược khai trương", "step": "cooldown", "message": "Cooldown 2.4s (after capture)", "data": null, "seq": 12098}
{"ts": "2026-04-29T00:06:57.569902+00:00", "level": "INFO", "jobId": "6ff43a8d-7eec-40d0-b999-36a1169e4cde", "keyword": "đếm ngược khai trương", "step": "capture", "message": "Capturing 68/70 (viewport)…", "data": null, "seq": 12099}
{"ts": "2026-04-29T00:07:20.335776+00:00", "level": "INFO", "jobId": "6ff43a8d-7eec-40d0-b999-36a1169e4cde", "keyword": "đếm ngược khai trương", "step": "capture", "message": "Saved post_068.png", "data": null, "seq": 12100}
{"ts": "2026-04-29T00:07:20.336828+00:00", "level": "INFO", "jobId": "6ff43a8d-7eec-40d0-b999-36a1169e4cde", "keyword": "đếm ngược khai trương", "step": "cooldown", "message": "Cooldown 2.3s (after capture)", "data": null, "seq": 12101}
{"ts": "2026-04-29T00:07:23.252267+00:00", "level": "INFO", "jobId": "6ff43a8d-7eec-40d0-b999-36a1169e4cde", "keyword": "đếm ngược khai trương", "step": "capture", "message": "Capturing 69/70 (viewport)…", "data": null, "seq": 12102}
{"ts": "2026-04-29T00:07:46.548062+00:00", "level": "INFO", "jobId": "6ff43a8d-7eec-40d0-b999-36a1169e4cde", "keyword": "đếm ngược khai trương", "step": "capture", "message": "Capturing 69/70 (viewport)…", "data": null, "seq": 12103}
{"ts": "2026-04-29T00:08:09.592598+00:00", "level": "INFO", "jobId": "6ff43a8d-7eec-40d0-b999-36a1169e4cde", "keyword": "đếm ngược khai trương", "step": "capture", "message": "Capturing 69/70 (viewport)…", "data": null, "seq": 12104}
{"ts": "2026-04-29T00:08:32.601718+00:00", "level": "INFO", "jobId": "6ff43a8d-7eec-40d0-b999-36a1169e4cde", "keyword": "đếm ngược khai trương", "step": "capture", "message": "Capturing 69/70 (viewport)…", "data": null, "seq": 12105}
{"ts": "2026-04-29T00:08:55.266001+00:00", "level": "INFO", "jobId": "6ff43a8d-7eec-40d0-b999-36a1169e4cde", "keyword": "đếm ngược khai trương", "step": "capture", "message": "Saved post_069.png", "data": null, "seq": 12106}
{"ts": "2026-04-29T00:08:55.267007+00:00", "level": "INFO", "jobId": "6ff43a8d-7eec-40d0-b999-36a1169e4cde", "keyword": "đếm ngược khai trương", "step": "cooldown", "message": "Cooldown 2.6s (after capture)", "data": null, "seq": 12107}
{"ts": "2026-04-29T00:08:58.498801+00:00", "level": "INFO", "jobId": "6ff43a8d-7eec-40d0-b999-36a1169e4cde", "keyword": "đếm ngược khai trương", "step": "capture", "message": "Capturing 70/70 (viewport)…", "data": null, "seq": 12108}
{"ts": "2026-04-29T00:08:58.601497+00:00", "level": "INFO", "jobId": "6ff43a8d-7eec-40d0-b999-36a1169e4cde", "keyword": "đếm ngược khai trương", "step": "capture", "message": "Expanded \"Xem thêm\" (exact-class): +1 (total 1)", "data": null, "seq": 12109}
{"ts": "2026-04-29T00:09:21.771946+00:00", "level": "INFO", "jobId": "6ff43a8d-7eec-40d0-b999-36a1169e4cde", "keyword": "đếm ngược khai trương", "step": "capture", "message": "Saved post_070.png", "data": null, "seq": 12110}
{"ts": "2026-04-29T00:09:21.771946+00:00", "level": "INFO", "jobId": "6ff43a8d-7eec-40d0-b999-36a1169e4cde", "keyword": "đếm ngược khai trương", "step": "cooldown", "message": "Cooldown 1.3s (after capture)", "data": null, "seq": 12111}
{"ts": "2026-04-29T00:09:23.042758+00:00", "level": "INFO", "jobId": "6ff43a8d-7eec-40d0-b999-36a1169e4cde", "keyword": "đếm ngược khai trương", "step": "done", "message": "Completed. Saved=70", "data": null, "seq": 12112}
