{"ts": "2026-04-28T19:13:34.610805+00:00", "level": "INFO", "jobId": "71affd9c-b4ca-4bc1-845c-d24c9883fb70", "keyword": "khai trương tìm đồng đội", "step": "start", "message": "Job started (attempt 1/2)", "data": null, "seq": 8392}
{"ts": "2026-04-28T19:13:39.621625+00:00", "level": "INFO", "jobId": "71affd9c-b4ca-4bc1-845c-d24c9883fb70", "keyword": "khai trương tìm đồng đội", "step": "login", "message": "Already logged in (profile session).", "data": null, "seq": 8393}
{"ts": "2026-04-28T19:13:41.115965+00:00", "level": "INFO", "jobId": "71affd9c-b4ca-4bc1-845c-d24c9883fb70", "keyword": "khai trương tìm đồng đội", "step": "search", "message": "Searching keyword: \"khai trương tìm đồng đội\"", "data": null, "seq": 8394}
{"ts": "2026-04-28T19:13:43.202491+00:00", "level": "INFO", "jobId": "71affd9c-b4ca-4bc1-845c-d24c9883fb70", "keyword": "khai trương tìm đồng đội", "step": "capture", "message": "Start capturing up to 70 posts.", "data": null, "seq": 8395}
{"ts": "2026-04-28T19:13:43.202491+00:00", "level": "INFO", "jobId": "71affd9c-b4ca-4bc1-845c-d24c9883fb70", "keyword": "khai trương tìm đồng đội", "step": "capture", "message": "Output folder: Lan 1 - 0213", "data": null, "seq": 8396}
{"ts": "2026-04-28T19:13:43.678799+00:00", "level": "INFO", "jobId": "71affd9c-b4ca-4bc1-845c-d24c9883fb70", "keyword": "khai trương tìm đồng đội", "step": "capture", "message": "Capturing 1/70 (viewport)…", "data": null, "seq": 8397}
{"ts": "2026-04-28T19:13:44.020721+00:00", "level": "INFO", "jobId": "71affd9c-b4ca-4bc1-845c-d24c9883fb70", "keyword": "khai trương tìm đồng đội", "step": "capture", "message": "Expanded \"Xem thêm\" (exact-class): +4 (total 4)", "data": null, "seq": 8398}
{"ts": "2026-04-28T19:13:56.912586+00:00", "level": "INFO", "jobId": "71affd9c-b4ca-4bc1-845c-d24c9883fb70", "keyword": "khai trương tìm đồng đội", "step": "capture", "message": "Saved post_001.png", "data": null, "seq": 8399}
{"ts": "2026-04-28T19:13:56.913692+00:00", "level": "INFO", "jobId": "71affd9c-b4ca-4bc1-845c-d24c9883fb70", "keyword": "khai trương tìm đồng đội", "step": "cooldown", "message": "Cooldown 1.6s (after capture)", "data": null, "seq": 8400}
{"ts": "2026-04-28T19:13:59.146347+00:00", "level": "INFO", "jobId": "71affd9c-b4ca-4bc1-845c-d24c9883fb70", "keyword": "khai trương tìm đồng đội", "step": "capture", "message": "Capturing 2/70 (viewport)…", "data": null, "seq": 8401}
{"ts": "2026-04-28T19:13:59.285967+00:00", "level": "INFO", "jobId": "71affd9c-b4ca-4bc1-845c-d24c9883fb70", "keyword": "khai trương tìm đồng đội", "step": "capture", "message": "Expanded \"Xem thêm\" (exact-class): +4 (total 4)", "data": null, "seq": 8402}
{"ts": "2026-04-28T19:14:12.011789+00:00", "level": "INFO", "jobId": "71affd9c-b4ca-4bc1-845c-d24c9883fb70", "keyword": "khai trương tìm đồng đội", "step": "capture", "message": "Saved post_002.png", "data": null, "seq": 8403}
{"ts": "2026-04-28T19:14:12.011789+00:00", "level": "INFO", "jobId": "71affd9c-b4ca-4bc1-845c-d24c9883fb70", "keyword": "khai trương tìm đồng đội", "step": "cooldown", "message": "Cooldown 1.5s (after capture)", "data": null, "seq": 8404}
{"ts": "2026-04-28T19:14:14.041435+00:00", "level": "INFO", "jobId": "71affd9c-b4ca-4bc1-845c-d24c9883fb70", "keyword": "khai trương tìm đồng đội", "step": "capture", "message": "Capturing 3/70 (viewport)…", "data": null, "seq": 8405}
{"ts": "2026-04-28T19:14:26.289729+00:00", "level": "INFO", "jobId": "71affd9c-b4ca-4bc1-845c-d24c9883fb70", "keyword": "khai trương tìm đồng đội", "step": "capture", "message": "Saved post_003.png", "data": null, "seq": 8406}
{"ts": "2026-04-28T19:14:26.290735+00:00", "level": "INFO", "jobId": "71affd9c-b4ca-4bc1-845c-d24c9883fb70", "keyword": "khai trương tìm đồng đội", "step": "cooldown", "message": "Cooldown 1.9s (after capture)", "data": null, "seq": 8407}
{"ts": "2026-04-28T19:14:28.665404+00:00", "level": "INFO", "jobId": "71affd9c-b4ca-4bc1-845c-d24c9883fb70", "keyword": "khai trương tìm đồng đội", "step": "capture", "message": "Capturing 4/70 (viewport)…", "data": null, "seq": 8408}
{"ts": "2026-04-28T19:14:41.233249+00:00", "level": "INFO", "jobId": "71affd9c-b4ca-4bc1-845c-d24c9883fb70", "keyword": "khai trương tìm đồng đội", "step": "capture", "message": "Saved post_004.png", "data": null, "seq": 8409}
{"ts": "2026-04-28T19:14:41.234455+00:00", "level": "INFO", "jobId": "71affd9c-b4ca-4bc1-845c-d24c9883fb70", "keyword": "khai trương tìm đồng đội", "step": "cooldown", "message": "Cooldown 2.1s (after capture)", "data": null, "seq": 8410}
{"ts": "2026-04-28T19:14:43.859707+00:00", "level": "INFO", "jobId": "71affd9c-b4ca-4bc1-845c-d24c9883fb70", "keyword": "khai trương tìm đồng đội", "step": "capture", "message": "Capturing 5/70 (viewport)…", "data": null, "seq": 8411}
{"ts": "2026-04-28T19:14:43.952817+00:00", "level": "INFO", "jobId": "71affd9c-b4ca-4bc1-845c-d24c9883fb70", "keyword": "khai trương tìm đồng đội", "step": "capture", "message": "Expanded \"Xem thêm\" (exact-class): +2 (total 2)", "data": null, "seq": 8412}
{"ts": "2026-04-28T19:14:56.609415+00:00", "level": "INFO", "jobId": "71affd9c-b4ca-4bc1-845c-d24c9883fb70", "keyword": "khai trương tìm đồng đội", "step": "capture", "message": "Saved post_005.png", "data": null, "seq": 8413}
{"ts": "2026-04-28T19:14:56.610612+00:00", "level": "INFO", "jobId": "71affd9c-b4ca-4bc1-845c-d24c9883fb70", "keyword": "khai trương tìm đồng đội", "step": "cooldown", "message": "Cooldown 2.6s (after capture)", "data": null, "seq": 8414}
{"ts": "2026-04-28T19:14:59.756360+00:00", "level": "INFO", "jobId": "71affd9c-b4ca-4bc1-845c-d24c9883fb70", "keyword": "khai trương tìm đồng đội", "step": "capture", "message": "Capturing 6/70 (viewport)…", "data": null, "seq": 8415}
{"ts": "2026-04-28T19:15:12.292826+00:00", "level": "INFO", "jobId": "71affd9c-b4ca-4bc1-845c-d24c9883fb70", "keyword": "khai trương tìm đồng đội", "step": "capture", "message": "Saved post_006.png", "data": null, "seq": 8416}
{"ts": "2026-04-28T19:15:12.292826+00:00", "level": "INFO", "jobId": "71affd9c-b4ca-4bc1-845c-d24c9883fb70", "keyword": "khai trương tìm đồng đội", "step": "cooldown", "message": "Cooldown 2.4s (after capture)", "data": null, "seq": 8417}
{"ts": "2026-04-28T19:15:15.188601+00:00", "level": "INFO", "jobId": "71affd9c-b4ca-4bc1-845c-d24c9883fb70", "keyword": "khai trương tìm đồng đội", "step": "capture", "message": "Capturing 7/70 (viewport)…", "data": null, "seq": 8418}
{"ts": "2026-04-28T19:15:15.260477+00:00", "level": "INFO", "jobId": "71affd9c-b4ca-4bc1-845c-d24c9883fb70", "keyword": "khai trương tìm đồng đội", "step": "capture", "message": "Expanded \"Xem thêm\" (exact-class): +2 (total 2)", "data": null, "seq": 8419}
{"ts": "2026-04-28T19:15:28.190135+00:00", "level": "INFO", "jobId": "71affd9c-b4ca-4bc1-845c-d24c9883fb70", "keyword": "khai trương tìm đồng đội", "step": "capture", "message": "Saved post_007.png", "data": null, "seq": 8420}
{"ts": "2026-04-28T19:15:28.190135+00:00", "level": "INFO", "jobId": "71affd9c-b4ca-4bc1-845c-d24c9883fb70", "keyword": "khai trương tìm đồng đội", "step": "cooldown", "message": "Cooldown 1.3s (after capture)", "data": null, "seq": 8421}
{"ts": "2026-04-28T19:15:29.969782+00:00", "level": "INFO", "jobId": "71affd9c-b4ca-4bc1-845c-d24c9883fb70", "keyword": "khai trương tìm đồng đội", "step": "capture", "message": "Capturing 8/70 (viewport)…", "data": null, "seq": 8422}
{"ts": "2026-04-28T19:15:30.039935+00:00", "level": "INFO", "jobId": "71affd9c-b4ca-4bc1-845c-d24c9883fb70", "keyword": "khai trương tìm đồng đội", "step": "capture", "message": "Expanded \"Xem thêm\" (exact-class): +2 (total 2)", "data": null, "seq": 8423}
{"ts": "2026-04-28T19:15:42.797602+00:00", "level": "INFO", "jobId": "71affd9c-b4ca-4bc1-845c-d24c9883fb70", "keyword": "khai trương tìm đồng đội", "step": "capture", "message": "Saved post_008.png", "data": null, "seq": 8424}
{"ts": "2026-04-28T19:15:42.798612+00:00", "level": "INFO", "jobId": "71affd9c-b4ca-4bc1-845c-d24c9883fb70", "keyword": "khai trương tìm đồng đội", "step": "cooldown", "message": "Cooldown 2.8s (after capture)", "data": null, "seq": 8425}
{"ts": "2026-04-28T19:15:46.188189+00:00", "level": "INFO", "jobId": "71affd9c-b4ca-4bc1-845c-d24c9883fb70", "keyword": "khai trương tìm đồng đội", "step": "capture", "message": "Capturing 9/70 (viewport)…", "data": null, "seq": 8426}
{"ts": "2026-04-28T19:15:58.980514+00:00", "level": "INFO", "jobId": "71affd9c-b4ca-4bc1-845c-d24c9883fb70", "keyword": "khai trương tìm đồng đội", "step": "capture", "message": "Saved post_009.png", "data": null, "seq": 8427}
{"ts": "2026-04-28T19:15:58.980514+00:00", "level": "INFO", "jobId": "71affd9c-b4ca-4bc1-845c-d24c9883fb70", "keyword": "khai trương tìm đồng đội", "step": "cooldown", "message": "Cooldown 2.8s (after capture)", "data": null, "seq": 8428}
{"ts": "2026-04-28T19:16:02.339545+00:00", "level": "INFO", "jobId": "71affd9c-b4ca-4bc1-845c-d24c9883fb70", "keyword": "khai trương tìm đồng đội", "step": "capture", "message": "Capturing 10/70 (viewport)…", "data": null, "seq": 8429}
{"ts": "2026-04-28T19:16:02.452315+00:00", "level": "INFO", "jobId": "71affd9c-b4ca-4bc1-845c-d24c9883fb70", "keyword": "khai trương tìm đồng đội", "step": "capture", "message": "Expanded \"Xem thêm\" (exact-class): +3 (total 3)", "data": null, "seq": 8430}
{"ts": "2026-04-28T19:16:15.444737+00:00", "level": "INFO", "jobId": "71affd9c-b4ca-4bc1-845c-d24c9883fb70", "keyword": "khai trương tìm đồng đội", "step": "capture", "message": "Saved post_010.png", "data": null, "seq": 8431}
{"ts": "2026-04-28T19:16:15.445883+00:00", "level": "INFO", "jobId": "71affd9c-b4ca-4bc1-845c-d24c9883fb70", "keyword": "khai trương tìm đồng đội", "step": "cooldown", "message": "Cooldown 1.6s (after capture)", "data": null, "seq": 8432}
{"ts": "2026-04-28T19:16:17.616407+00:00", "level": "INFO", "jobId": "71affd9c-b4ca-4bc1-845c-d24c9883fb70", "keyword": "khai trương tìm đồng đội", "step": "capture", "message": "Capturing 11/70 (viewport)…", "data": null, "seq": 8433}
{"ts": "2026-04-28T19:16:30.142791+00:00", "level": "INFO", "jobId": "71affd9c-b4ca-4bc1-845c-d24c9883fb70", "keyword": "khai trương tìm đồng đội", "step": "capture", "message": "Saved post_011.png", "data": null, "seq": 8434}
{"ts": "2026-04-28T19:16:30.143866+00:00", "level": "INFO", "jobId": "71affd9c-b4ca-4bc1-845c-d24c9883fb70", "keyword": "khai trương tìm đồng đội", "step": "cooldown", "message": "Cooldown 1.8s (after capture)", "data": null, "seq": 8435}
{"ts": "2026-04-28T19:16:32.530683+00:00", "level": "INFO", "jobId": "71affd9c-b4ca-4bc1-845c-d24c9883fb70", "keyword": "khai trương tìm đồng đội", "step": "capture", "message": "Capturing 12/70 (viewport)…", "data": null, "seq": 8436}
{"ts": "2026-04-28T19:16:45.169739+00:00", "level": "INFO", "jobId": "71affd9c-b4ca-4bc1-845c-d24c9883fb70", "keyword": "khai trương tìm đồng đội", "step": "capture", "message": "Saved post_012.png", "data": null, "seq": 8437}
{"ts": "2026-04-28T19:16:45.171207+00:00", "level": "INFO", "jobId": "71affd9c-b4ca-4bc1-845c-d24c9883fb70", "keyword": "khai trương tìm đồng đội", "step": "cooldown", "message": "Cooldown 1.8s (after capture)", "data": null, "seq": 8438}
{"ts": "2026-04-28T19:16:47.591265+00:00", "level": "INFO", "jobId": "71affd9c-b4ca-4bc1-845c-d24c9883fb70", "keyword": "khai trương tìm đồng đội", "step": "capture", "message": "Capturing 13/70 (viewport)…", "data": null, "seq": 8439}
{"ts": "2026-04-28T19:16:47.700621+00:00", "level": "INFO", "jobId": "71affd9c-b4ca-4bc1-845c-d24c9883fb70", "keyword": "khai trương tìm đồng đội", "step": "capture", "message": "Expanded \"Xem thêm\" (exact-class): +3 (total 3)", "data": null, "seq": 8440}
{"ts": "2026-04-28T19:17:00.778800+00:00", "level": "INFO", "jobId": "71affd9c-b4ca-4bc1-845c-d24c9883fb70", "keyword": "khai trương tìm đồng đội", "step": "capture", "message": "Saved post_013.png", "data": null, "seq": 8441}
{"ts": "2026-04-28T19:17:00.778800+00:00", "level": "INFO", "jobId": "71affd9c-b4ca-4bc1-845c-d24c9883fb70", "keyword": "khai trương tìm đồng đội", "step": "cooldown", "message": "Cooldown 2.8s (after capture)", "data": null, "seq": 8442}
{"ts": "2026-04-28T19:17:04.228177+00:00", "level": "INFO", "jobId": "71affd9c-b4ca-4bc1-845c-d24c9883fb70", "keyword": "khai trương tìm đồng đội", "step": "capture", "message": "Capturing 14/70 (viewport)…", "data": null, "seq": 8443}
{"ts": "2026-04-28T19:17:04.316392+00:00", "level": "INFO", "jobId": "71affd9c-b4ca-4bc1-845c-d24c9883fb70", "keyword": "khai trương tìm đồng đội", "step": "capture", "message": "Expanded \"Xem thêm\" (exact-class): +1 (total 1)", "data": null, "seq": 8444}
{"ts": "2026-04-28T19:17:17.097813+00:00", "level": "INFO", "jobId": "71affd9c-b4ca-4bc1-845c-d24c9883fb70", "keyword": "khai trương tìm đồng đội", "step": "capture", "message": "Saved post_014.png", "data": null, "seq": 8445}
{"ts": "2026-04-28T19:17:17.097813+00:00", "level": "INFO", "jobId": "71affd9c-b4ca-4bc1-845c-d24c9883fb70", "keyword": "khai trương tìm đồng đội", "step": "cooldown", "message": "Cooldown 1.3s (after capture)", "data": null, "seq": 8446}
{"ts": "2026-04-28T19:17:18.955952+00:00", "level": "INFO", "jobId": "71affd9c-b4ca-4bc1-845c-d24c9883fb70", "keyword": "khai trương tìm đồng đội", "step": "capture", "message": "Capturing 15/70 (viewport)…", "data": null, "seq": 8447}
{"ts": "2026-04-28T19:17:19.059128+00:00", "level": "INFO", "jobId": "71affd9c-b4ca-4bc1-845c-d24c9883fb70", "keyword": "khai trương tìm đồng đội", "step": "capture", "message": "Expanded \"Xem thêm\" (exact-class): +2 (total 2)", "data": null, "seq": 8448}
{"ts": "2026-04-28T19:17:31.808200+00:00", "level": "INFO", "jobId": "71affd9c-b4ca-4bc1-845c-d24c9883fb70", "keyword": "khai trương tìm đồng đội", "step": "capture", "message": "Saved post_015.png", "data": null, "seq": 8449}
{"ts": "2026-04-28T19:17:31.808200+00:00", "level": "INFO", "jobId": "71affd9c-b4ca-4bc1-845c-d24c9883fb70", "keyword": "khai trương tìm đồng đội", "step": "cooldown", "message": "Cooldown 2.1s (after capture)", "data": null, "seq": 8450}
{"ts": "2026-04-28T19:17:34.517260+00:00", "level": "INFO", "jobId": "71affd9c-b4ca-4bc1-845c-d24c9883fb70", "keyword": "khai trương tìm đồng đội", "step": "capture", "message": "Capturing 16/70 (viewport)…", "data": null, "seq": 8451}
{"ts": "2026-04-28T19:17:46.870856+00:00", "level": "INFO", "jobId": "71affd9c-b4ca-4bc1-845c-d24c9883fb70", "keyword": "khai trương tìm đồng đội", "step": "capture", "message": "Saved post_016.png", "data": null, "seq": 8452}
{"ts": "2026-04-28T19:17:46.870856+00:00", "level": "INFO", "jobId": "71affd9c-b4ca-4bc1-845c-d24c9883fb70", "keyword": "khai trương tìm đồng đội", "step": "cooldown", "message": "Cooldown 2.3s (after capture)", "data": null, "seq": 8453}
{"ts": "2026-04-28T19:17:49.767664+00:00", "level": "INFO", "jobId": "71affd9c-b4ca-4bc1-845c-d24c9883fb70", "keyword": "khai trương tìm đồng đội", "step": "capture", "message": "Capturing 17/70 (viewport)…", "data": null, "seq": 8454}
{"ts": "2026-04-28T19:17:49.852577+00:00", "level": "INFO", "jobId": "71affd9c-b4ca-4bc1-845c-d24c9883fb70", "keyword": "khai trương tìm đồng đội", "step": "capture", "message": "Expanded \"Xem thêm\" (exact-class): +1 (total 1)", "data": null, "seq": 8455}
{"ts": "2026-04-28T19:18:02.883319+00:00", "level": "INFO", "jobId": "71affd9c-b4ca-4bc1-845c-d24c9883fb70", "keyword": "khai trương tìm đồng đội", "step": "capture", "message": "Saved post_017.png", "data": null, "seq": 8456}
{"ts": "2026-04-28T19:18:02.883319+00:00", "level": "INFO", "jobId": "71affd9c-b4ca-4bc1-845c-d24c9883fb70", "keyword": "khai trương tìm đồng đội", "step": "cooldown", "message": "Cooldown 2.7s (after capture)", "data": null, "seq": 8457}
{"ts": "2026-04-28T19:18:06.173579+00:00", "level": "INFO", "jobId": "71affd9c-b4ca-4bc1-845c-d24c9883fb70", "keyword": "khai trương tìm đồng đội", "step": "capture", "message": "Capturing 18/70 (viewport)…", "data": null, "seq": 8458}
{"ts": "2026-04-28T19:18:06.267449+00:00", "level": "INFO", "jobId": "71affd9c-b4ca-4bc1-845c-d24c9883fb70", "keyword": "khai trương tìm đồng đội", "step": "capture", "message": "Expanded \"Xem thêm\" (exact-class): +2 (total 2)", "data": null, "seq": 8459}
{"ts": "2026-04-28T19:18:19.069384+00:00", "level": "INFO", "jobId": "71affd9c-b4ca-4bc1-845c-d24c9883fb70", "keyword": "khai trương tìm đồng đội", "step": "capture", "message": "Saved post_018.png", "data": null, "seq": 8460}
{"ts": "2026-04-28T19:18:19.070391+00:00", "level": "INFO", "jobId": "71affd9c-b4ca-4bc1-845c-d24c9883fb70", "keyword": "khai trương tìm đồng đội", "step": "cooldown", "message": "Cooldown 1.4s (after capture)", "data": null, "seq": 8461}
{"ts": "2026-04-28T19:18:21.070249+00:00", "level": "INFO", "jobId": "71affd9c-b4ca-4bc1-845c-d24c9883fb70", "keyword": "khai trương tìm đồng đội", "step": "capture", "message": "Capturing 19/70 (viewport)…", "data": null, "seq": 8462}
{"ts": "2026-04-28T19:18:33.718045+00:00", "level": "INFO", "jobId": "71affd9c-b4ca-4bc1-845c-d24c9883fb70", "keyword": "khai trương tìm đồng đội", "step": "capture", "message": "Saved post_019.png", "data": null, "seq": 8463}
{"ts": "2026-04-28T19:18:33.718045+00:00", "level": "INFO", "jobId": "71affd9c-b4ca-4bc1-845c-d24c9883fb70", "keyword": "khai trương tìm đồng đội", "step": "cooldown", "message": "Cooldown 1.3s (after capture)", "data": null, "seq": 8464}
{"ts": "2026-04-28T19:18:35.577903+00:00", "level": "INFO", "jobId": "71affd9c-b4ca-4bc1-845c-d24c9883fb70", "keyword": "khai trương tìm đồng đội", "step": "capture", "message": "Capturing 20/70 (viewport)…", "data": null, "seq": 8465}
{"ts": "2026-04-28T19:18:47.910761+00:00", "level": "INFO", "jobId": "71affd9c-b4ca-4bc1-845c-d24c9883fb70", "keyword": "khai trương tìm đồng đội", "step": "capture", "message": "Saved post_020.png", "data": null, "seq": 8466}
{"ts": "2026-04-28T19:18:47.911759+00:00", "level": "INFO", "jobId": "71affd9c-b4ca-4bc1-845c-d24c9883fb70", "keyword": "khai trương tìm đồng đội", "step": "cooldown", "message": "Cooldown 2.2s (after capture)", "data": null, "seq": 8467}
{"ts": "2026-04-28T19:18:50.729487+00:00", "level": "INFO", "jobId": "71affd9c-b4ca-4bc1-845c-d24c9883fb70", "keyword": "khai trương tìm đồng đội", "step": "capture", "message": "Capturing 21/70 (viewport)…", "data": null, "seq": 8468}
{"ts": "2026-04-28T19:18:50.814432+00:00", "level": "INFO", "jobId": "71affd9c-b4ca-4bc1-845c-d24c9883fb70", "keyword": "khai trương tìm đồng đội", "step": "capture", "message": "Expanded \"Xem thêm\" (exact-class): +1 (total 1)", "data": null, "seq": 8469}
{"ts": "2026-04-28T19:19:03.545908+00:00", "level": "INFO", "jobId": "71affd9c-b4ca-4bc1-845c-d24c9883fb70", "keyword": "khai trương tìm đồng đội", "step": "capture", "message": "Saved post_021.png", "data": null, "seq": 8470}
{"ts": "2026-04-28T19:19:03.545908+00:00", "level": "INFO", "jobId": "71affd9c-b4ca-4bc1-845c-d24c9883fb70", "keyword": "khai trương tìm đồng đội", "step": "cooldown", "message": "Cooldown 2.7s (after capture)", "data": null, "seq": 8471}
{"ts": "2026-04-28T19:19:06.846205+00:00", "level": "INFO", "jobId": "71affd9c-b4ca-4bc1-845c-d24c9883fb70", "keyword": "khai trương tìm đồng đội", "step": "capture", "message": "Capturing 22/70 (viewport)…", "data": null, "seq": 8472}
{"ts": "2026-04-28T19:19:06.958746+00:00", "level": "INFO", "jobId": "71affd9c-b4ca-4bc1-845c-d24c9883fb70", "keyword": "khai trương tìm đồng đội", "step": "capture", "message": "Expanded \"Xem thêm\" (exact-class): +1 (total 1)", "data": null, "seq": 8473}
{"ts": "2026-04-28T19:19:19.984808+00:00", "level": "INFO", "jobId": "71affd9c-b4ca-4bc1-845c-d24c9883fb70", "keyword": "khai trương tìm đồng đội", "step": "capture", "message": "Saved post_022.png", "data": null, "seq": 8474}
{"ts": "2026-04-28T19:19:19.985810+00:00", "level": "INFO", "jobId": "71affd9c-b4ca-4bc1-845c-d24c9883fb70", "keyword": "khai trương tìm đồng đội", "step": "cooldown", "message": "Cooldown 1.9s (after capture)", "data": null, "seq": 8475}
{"ts": "2026-04-28T19:19:22.523078+00:00", "level": "INFO", "jobId": "71affd9c-b4ca-4bc1-845c-d24c9883fb70", "keyword": "khai trương tìm đồng đội", "step": "capture", "message": "Capturing 23/70 (viewport)…", "data": null, "seq": 8476}
{"ts": "2026-04-28T19:19:22.668844+00:00", "level": "INFO", "jobId": "71affd9c-b4ca-4bc1-845c-d24c9883fb70", "keyword": "khai trương tìm đồng đội", "step": "capture", "message": "Expanded \"Xem thêm\" (exact-class): +2 (total 2)", "data": null, "seq": 8477}
{"ts": "2026-04-28T19:19:35.496745+00:00", "level": "INFO", "jobId": "71affd9c-b4ca-4bc1-845c-d24c9883fb70", "keyword": "khai trương tìm đồng đội", "step": "capture", "message": "Saved post_023.png", "data": null, "seq": 8478}
{"ts": "2026-04-28T19:19:35.496745+00:00", "level": "INFO", "jobId": "71affd9c-b4ca-4bc1-845c-d24c9883fb70", "keyword": "khai trương tìm đồng đội", "step": "cooldown", "message": "Cooldown 2.4s (after capture)", "data": null, "seq": 8479}
{"ts": "2026-04-28T19:19:38.541078+00:00", "level": "ERROR", "jobId": "71affd9c-b4ca-4bc1-845c-d24c9883fb70", "keyword": "khai trương tìm đồng đội", "step": "antiblock", "message": "Captcha/Verify text detected in page", "data": null, "seq": 8480}
