{"ts": "2026-04-28T20:00:13.289508+00:00", "level": "INFO", "jobId": "8a37577a-4ef9-49d7-a136-9a3f5ab6cd7d", "keyword": "khai trương rực rỡ", "step": "start", "message": "Job started (attempt 1/2)", "data": null, "seq": 9038}
{"ts": "2026-04-28T20:00:17.313118+00:00", "level": "INFO", "jobId": "8a37577a-4ef9-49d7-a136-9a3f5ab6cd7d", "keyword": "khai trương rực rỡ", "step": "login", "message": "Already logged in (profile session).", "data": null, "seq": 9039}
{"ts": "2026-04-28T20:00:17.647792+00:00", "level": "INFO", "jobId": "8a37577a-4ef9-49d7-a136-9a3f5ab6cd7d", "keyword": "khai trương rực rỡ", "step": "search", "message": "Searching keyword: \"khai trương rực rỡ\"", "data": null, "seq": 9040}
{"ts": "2026-04-28T20:00:23.642814+00:00", "level": "INFO", "jobId": "8a37577a-4ef9-49d7-a136-9a3f5ab6cd7d", "keyword": "khai trương rực rỡ", "step": "capture", "message": "Start capturing up to 70 posts.", "data": null, "seq": 9041}
{"ts": "2026-04-28T20:00:23.644168+00:00", "level": "INFO", "jobId": "8a37577a-4ef9-49d7-a136-9a3f5ab6cd7d", "keyword": "khai trương rực rỡ", "step": "capture", "message": "Output folder: Lan 1 - 0300", "data": null, "seq": 9042}
{"ts": "2026-04-28T20:00:24.376616+00:00", "level": "INFO", "jobId": "8a37577a-4ef9-49d7-a136-9a3f5ab6cd7d", "keyword": "khai trương rực rỡ", "step": "capture", "message": "Guard: forcing top before first capture (y=849, primary=0)", "data": null, "seq": 9043}
{"ts": "2026-04-28T20:00:24.860095+00:00", "level": "INFO", "jobId": "8a37577a-4ef9-49d7-a136-9a3f5ab6cd7d", "keyword": "khai trương rực rỡ", "step": "capture", "message": "Capturing 1/70 (viewport)…", "data": null, "seq": 9044}
{"ts": "2026-04-28T20:00:25.101845+00:00", "level": "INFO", "jobId": "8a37577a-4ef9-49d7-a136-9a3f5ab6cd7d", "keyword": "khai trương rực rỡ", "step": "capture", "message": "Expanded \"Xem thêm\" (exact-class): +2 (total 2)", "data": null, "seq": 9045}
{"ts": "2026-04-28T20:00:38.090668+00:00", "level": "INFO", "jobId": "8a37577a-4ef9-49d7-a136-9a3f5ab6cd7d", "keyword": "khai trương rực rỡ", "step": "capture", "message": "Saved post_001.png", "data": null, "seq": 9046}
{"ts": "2026-04-28T20:00:38.090668+00:00", "level": "INFO", "jobId": "8a37577a-4ef9-49d7-a136-9a3f5ab6cd7d", "keyword": "khai trương rực rỡ", "step": "cooldown", "message": "Cooldown 2.9s (after capture)", "data": null, "seq": 9047}
{"ts": "2026-04-28T20:00:41.622003+00:00", "level": "INFO", "jobId": "8a37577a-4ef9-49d7-a136-9a3f5ab6cd7d", "keyword": "khai trương rực rỡ", "step": "capture", "message": "Capturing 2/70 (viewport)…", "data": null, "seq": 9048}
{"ts": "2026-04-28T20:00:41.688239+00:00", "level": "INFO", "jobId": "8a37577a-4ef9-49d7-a136-9a3f5ab6cd7d", "keyword": "khai trương rực rỡ", "step": "capture", "message": "Expanded \"Xem thêm\" (exact-class): +2 (total 2)", "data": null, "seq": 9049}
{"ts": "2026-04-28T20:00:54.443991+00:00", "level": "INFO", "jobId": "8a37577a-4ef9-49d7-a136-9a3f5ab6cd7d", "keyword": "khai trương rực rỡ", "step": "capture", "message": "Saved post_002.png", "data": null, "seq": 9050}
{"ts": "2026-04-28T20:00:54.443991+00:00", "level": "INFO", "jobId": "8a37577a-4ef9-49d7-a136-9a3f5ab6cd7d", "keyword": "khai trương rực rỡ", "step": "cooldown", "message": "Cooldown 1.9s (after capture)", "data": null, "seq": 9051}
{"ts": "2026-04-28T20:00:56.859214+00:00", "level": "INFO", "jobId": "8a37577a-4ef9-49d7-a136-9a3f5ab6cd7d", "keyword": "khai trương rực rỡ", "step": "capture", "message": "Capturing 3/70 (viewport)…", "data": null, "seq": 9052}
{"ts": "2026-04-28T20:01:09.317658+00:00", "level": "INFO", "jobId": "8a37577a-4ef9-49d7-a136-9a3f5ab6cd7d", "keyword": "khai trương rực rỡ", "step": "capture", "message": "Saved post_003.png", "data": null, "seq": 9053}
{"ts": "2026-04-28T20:01:09.317658+00:00", "level": "INFO", "jobId": "8a37577a-4ef9-49d7-a136-9a3f5ab6cd7d", "keyword": "khai trương rực rỡ", "step": "cooldown", "message": "Cooldown 1.4s (after capture)", "data": null, "seq": 9054}
{"ts": "2026-04-28T20:01:11.191496+00:00", "level": "INFO", "jobId": "8a37577a-4ef9-49d7-a136-9a3f5ab6cd7d", "keyword": "khai trương rực rỡ", "step": "capture", "message": "Capturing 4/70 (viewport)…", "data": null, "seq": 9055}
{"ts": "2026-04-28T20:01:11.246406+00:00", "level": "INFO", "jobId": "8a37577a-4ef9-49d7-a136-9a3f5ab6cd7d", "keyword": "khai trương rực rỡ", "step": "capture", "message": "Expanded \"Xem thêm\" (exact-class): +1 (total 1)", "data": null, "seq": 9056}
{"ts": "2026-04-28T20:01:23.981475+00:00", "level": "INFO", "jobId": "8a37577a-4ef9-49d7-a136-9a3f5ab6cd7d", "keyword": "khai trương rực rỡ", "step": "capture", "message": "Saved post_004.png", "data": null, "seq": 9057}
{"ts": "2026-04-28T20:01:23.996032+00:00", "level": "INFO", "jobId": "8a37577a-4ef9-49d7-a136-9a3f5ab6cd7d", "keyword": "khai trương rực rỡ", "step": "cooldown", "message": "Cooldown 2.9s (after capture)", "data": null, "seq": 9058}
{"ts": "2026-04-28T20:01:27.413855+00:00", "level": "INFO", "jobId": "8a37577a-4ef9-49d7-a136-9a3f5ab6cd7d", "keyword": "khai trương rực rỡ", "step": "capture", "message": "Capturing 5/70 (viewport)…", "data": null, "seq": 9059}
{"ts": "2026-04-28T20:01:39.949150+00:00", "level": "INFO", "jobId": "8a37577a-4ef9-49d7-a136-9a3f5ab6cd7d", "keyword": "khai trương rực rỡ", "step": "capture", "message": "Saved post_005.png", "data": null, "seq": 9060}
{"ts": "2026-04-28T20:01:39.949150+00:00", "level": "INFO", "jobId": "8a37577a-4ef9-49d7-a136-9a3f5ab6cd7d", "keyword": "khai trương rực rỡ", "step": "cooldown", "message": "Cooldown 2.6s (after capture)", "data": null, "seq": 9061}
{"ts": "2026-04-28T20:01:43.087823+00:00", "level": "INFO", "jobId": "8a37577a-4ef9-49d7-a136-9a3f5ab6cd7d", "keyword": "khai trương rực rỡ", "step": "capture", "message": "Capturing 6/70 (viewport)…", "data": null, "seq": 9062}
{"ts": "2026-04-28T20:01:55.747329+00:00", "level": "INFO", "jobId": "8a37577a-4ef9-49d7-a136-9a3f5ab6cd7d", "keyword": "khai trương rực rỡ", "step": "capture", "message": "Saved post_006.png", "data": null, "seq": 9063}
{"ts": "2026-04-28T20:01:55.747329+00:00", "level": "INFO", "jobId": "8a37577a-4ef9-49d7-a136-9a3f5ab6cd7d", "keyword": "khai trương rực rỡ", "step": "cooldown", "message": "Cooldown 2.7s (after capture)", "data": null, "seq": 9064}
{"ts": "2026-04-28T20:01:58.958975+00:00", "level": "INFO", "jobId": "8a37577a-4ef9-49d7-a136-9a3f5ab6cd7d", "keyword": "khai trương rực rỡ", "step": "capture", "message": "Capturing 7/70 (viewport)…", "data": null, "seq": 9065}
{"ts": "2026-04-28T20:01:59.052310+00:00", "level": "INFO", "jobId": "8a37577a-4ef9-49d7-a136-9a3f5ab6cd7d", "keyword": "khai trương rực rỡ", "step": "capture", "message": "Expanded \"Xem thêm\" (exact-class): +3 (total 3)", "data": null, "seq": 9066}
{"ts": "2026-04-28T20:02:11.941720+00:00", "level": "INFO", "jobId": "8a37577a-4ef9-49d7-a136-9a3f5ab6cd7d", "keyword": "khai trương rực rỡ", "step": "capture", "message": "Saved post_007.png", "data": null, "seq": 9067}
{"ts": "2026-04-28T20:02:11.941720+00:00", "level": "INFO", "jobId": "8a37577a-4ef9-49d7-a136-9a3f5ab6cd7d", "keyword": "khai trương rực rỡ", "step": "cooldown", "message": "Cooldown 1.2s (after capture)", "data": null, "seq": 9068}
{"ts": "2026-04-28T20:02:13.676310+00:00", "level": "INFO", "jobId": "8a37577a-4ef9-49d7-a136-9a3f5ab6cd7d", "keyword": "khai trương rực rỡ", "step": "capture", "message": "Capturing 8/70 (viewport)…", "data": null, "seq": 9069}
{"ts": "2026-04-28T20:02:26.251834+00:00", "level": "INFO", "jobId": "8a37577a-4ef9-49d7-a136-9a3f5ab6cd7d", "keyword": "khai trương rực rỡ", "step": "capture", "message": "Saved post_008.png", "data": null, "seq": 9070}
{"ts": "2026-04-28T20:02:26.251834+00:00", "level": "INFO", "jobId": "8a37577a-4ef9-49d7-a136-9a3f5ab6cd7d", "keyword": "khai trương rực rỡ", "step": "cooldown", "message": "Cooldown 1.4s (after capture)", "data": null, "seq": 9071}
{"ts": "2026-04-28T20:02:28.206034+00:00", "level": "INFO", "jobId": "8a37577a-4ef9-49d7-a136-9a3f5ab6cd7d", "keyword": "khai trương rực rỡ", "step": "capture", "message": "Capturing 9/70 (viewport)…", "data": null, "seq": 9072}
{"ts": "2026-04-28T20:02:28.273550+00:00", "level": "INFO", "jobId": "8a37577a-4ef9-49d7-a136-9a3f5ab6cd7d", "keyword": "khai trương rực rỡ", "step": "capture", "message": "Expanded \"Xem thêm\" (exact-class): +1 (total 1)", "data": null, "seq": 9073}
{"ts": "2026-04-28T20:02:41.323256+00:00", "level": "INFO", "jobId": "8a37577a-4ef9-49d7-a136-9a3f5ab6cd7d", "keyword": "khai trương rực rỡ", "step": "capture", "message": "Saved post_009.png", "data": null, "seq": 9074}
{"ts": "2026-04-28T20:02:41.323256+00:00", "level": "INFO", "jobId": "8a37577a-4ef9-49d7-a136-9a3f5ab6cd7d", "keyword": "khai trương rực rỡ", "step": "cooldown", "message": "Cooldown 2.2s (after capture)", "data": null, "seq": 9075}
{"ts": "2026-04-28T20:02:44.094960+00:00", "level": "INFO", "jobId": "8a37577a-4ef9-49d7-a136-9a3f5ab6cd7d", "keyword": "khai trương rực rỡ", "step": "capture", "message": "Capturing 10/70 (viewport)…", "data": null, "seq": 9076}
{"ts": "2026-04-28T20:02:44.168875+00:00", "level": "INFO", "jobId": "8a37577a-4ef9-49d7-a136-9a3f5ab6cd7d", "keyword": "khai trương rực rỡ", "step": "capture", "message": "Expanded \"Xem thêm\" (exact-class): +1 (total 1)", "data": null, "seq": 9077}
{"ts": "2026-04-28T20:02:57.211391+00:00", "level": "INFO", "jobId": "8a37577a-4ef9-49d7-a136-9a3f5ab6cd7d", "keyword": "khai trương rực rỡ", "step": "capture", "message": "Saved post_010.png", "data": null, "seq": 9078}
{"ts": "2026-04-28T20:02:57.211391+00:00", "level": "INFO", "jobId": "8a37577a-4ef9-49d7-a136-9a3f5ab6cd7d", "keyword": "khai trương rực rỡ", "step": "cooldown", "message": "Cooldown 2.8s (after capture)", "data": null, "seq": 9079}
{"ts": "2026-04-28T20:03:00.550386+00:00", "level": "INFO", "jobId": "8a37577a-4ef9-49d7-a136-9a3f5ab6cd7d", "keyword": "khai trương rực rỡ", "step": "capture", "message": "Capturing 11/70 (viewport)…", "data": null, "seq": 9080}
{"ts": "2026-04-28T20:03:00.617170+00:00", "level": "INFO", "jobId": "8a37577a-4ef9-49d7-a136-9a3f5ab6cd7d", "keyword": "khai trương rực rỡ", "step": "capture", "message": "Expanded \"Xem thêm\" (exact-class): +1 (total 1)", "data": null, "seq": 9081}
{"ts": "2026-04-28T20:03:13.898069+00:00", "level": "INFO", "jobId": "8a37577a-4ef9-49d7-a136-9a3f5ab6cd7d", "keyword": "khai trương rực rỡ", "step": "capture", "message": "Saved post_011.png", "data": null, "seq": 9082}
{"ts": "2026-04-28T20:03:13.899167+00:00", "level": "INFO", "jobId": "8a37577a-4ef9-49d7-a136-9a3f5ab6cd7d", "keyword": "khai trương rực rỡ", "step": "cooldown", "message": "Cooldown 2.1s (after capture)", "data": null, "seq": 9083}
{"ts": "2026-04-28T20:03:16.571203+00:00", "level": "INFO", "jobId": "8a37577a-4ef9-49d7-a136-9a3f5ab6cd7d", "keyword": "khai trương rực rỡ", "step": "capture", "message": "Capturing 12/70 (viewport)…", "data": null, "seq": 9084}
{"ts": "2026-04-28T20:03:16.629587+00:00", "level": "INFO", "jobId": "8a37577a-4ef9-49d7-a136-9a3f5ab6cd7d", "keyword": "khai trương rực rỡ", "step": "capture", "message": "Expanded \"Xem thêm\" (exact-class): +1 (total 1)", "data": null, "seq": 9085}
{"ts": "2026-04-28T20:03:29.556854+00:00", "level": "INFO", "jobId": "8a37577a-4ef9-49d7-a136-9a3f5ab6cd7d", "keyword": "khai trương rực rỡ", "step": "capture", "message": "Saved post_012.png", "data": null, "seq": 9086}
{"ts": "2026-04-28T20:03:29.557861+00:00", "level": "INFO", "jobId": "8a37577a-4ef9-49d7-a136-9a3f5ab6cd7d", "keyword": "khai trương rực rỡ", "step": "cooldown", "message": "Cooldown 2.9s (after capture)", "data": null, "seq": 9087}
{"ts": "2026-04-28T20:03:32.988060+00:00", "level": "INFO", "jobId": "8a37577a-4ef9-49d7-a136-9a3f5ab6cd7d", "keyword": "khai trương rực rỡ", "step": "capture", "message": "Capturing 13/70 (viewport)…", "data": null, "seq": 9088}
{"ts": "2026-04-28T20:03:45.501906+00:00", "level": "INFO", "jobId": "8a37577a-4ef9-49d7-a136-9a3f5ab6cd7d", "keyword": "khai trương rực rỡ", "step": "capture", "message": "Saved post_013.png", "data": null, "seq": 9089}
{"ts": "2026-04-28T20:03:45.501906+00:00", "level": "INFO", "jobId": "8a37577a-4ef9-49d7-a136-9a3f5ab6cd7d", "keyword": "khai trương rực rỡ", "step": "cooldown", "message": "Cooldown 1.4s (after capture)", "data": null, "seq": 9090}
{"ts": "2026-04-28T20:03:47.502243+00:00", "level": "INFO", "jobId": "8a37577a-4ef9-49d7-a136-9a3f5ab6cd7d", "keyword": "khai trương rực rỡ", "step": "capture", "message": "Capturing 14/70 (viewport)…", "data": null, "seq": 9091}
{"ts": "2026-04-28T20:03:47.564670+00:00", "level": "INFO", "jobId": "8a37577a-4ef9-49d7-a136-9a3f5ab6cd7d", "keyword": "khai trương rực rỡ", "step": "capture", "message": "Expanded \"Xem thêm\" (exact-class): +1 (total 1)", "data": null, "seq": 9092}
{"ts": "2026-04-28T20:04:00.626019+00:00", "level": "INFO", "jobId": "8a37577a-4ef9-49d7-a136-9a3f5ab6cd7d", "keyword": "khai trương rực rỡ", "step": "capture", "message": "Saved post_014.png", "data": null, "seq": 9093}
{"ts": "2026-04-28T20:04:00.626019+00:00", "level": "INFO", "jobId": "8a37577a-4ef9-49d7-a136-9a3f5ab6cd7d", "keyword": "khai trương rực rỡ", "step": "cooldown", "message": "Cooldown 1.2s (after capture)", "data": null, "seq": 9094}
{"ts": "2026-04-28T20:04:02.348462+00:00", "level": "INFO", "jobId": "8a37577a-4ef9-49d7-a136-9a3f5ab6cd7d", "keyword": "khai trương rực rỡ", "step": "capture", "message": "Capturing 15/70 (viewport)…", "data": null, "seq": 9095}
{"ts": "2026-04-28T20:04:02.404927+00:00", "level": "INFO", "jobId": "8a37577a-4ef9-49d7-a136-9a3f5ab6cd7d", "keyword": "khai trương rực rỡ", "step": "capture", "message": "Expanded \"Xem thêm\" (exact-class): +1 (total 1)", "data": null, "seq": 9096}
{"ts": "2026-04-28T20:04:15.380152+00:00", "level": "INFO", "jobId": "8a37577a-4ef9-49d7-a136-9a3f5ab6cd7d", "keyword": "khai trương rực rỡ", "step": "capture", "message": "Saved post_015.png", "data": null, "seq": 9097}
{"ts": "2026-04-28T20:04:15.381165+00:00", "level": "INFO", "jobId": "8a37577a-4ef9-49d7-a136-9a3f5ab6cd7d", "keyword": "khai trương rực rỡ", "step": "cooldown", "message": "Cooldown 2.8s (after capture)", "data": null, "seq": 9098}
{"ts": "2026-04-28T20:04:18.710790+00:00", "level": "INFO", "jobId": "8a37577a-4ef9-49d7-a136-9a3f5ab6cd7d", "keyword": "khai trương rực rỡ", "step": "capture", "message": "Capturing 16/70 (viewport)…", "data": null, "seq": 9099}
{"ts": "2026-04-28T20:04:31.312220+00:00", "level": "INFO", "jobId": "8a37577a-4ef9-49d7-a136-9a3f5ab6cd7d", "keyword": "khai trương rực rỡ", "step": "capture", "message": "Saved post_016.png", "data": null, "seq": 9100}
{"ts": "2026-04-28T20:04:31.312220+00:00", "level": "INFO", "jobId": "8a37577a-4ef9-49d7-a136-9a3f5ab6cd7d", "keyword": "khai trương rực rỡ", "step": "cooldown", "message": "Cooldown 1.1s (after capture)", "data": null, "seq": 9101}
{"ts": "2026-04-28T20:04:32.993933+00:00", "level": "INFO", "jobId": "8a37577a-4ef9-49d7-a136-9a3f5ab6cd7d", "keyword": "khai trương rực rỡ", "step": "capture", "message": "Capturing 17/70 (viewport)…", "data": null, "seq": 9102}
{"ts": "2026-04-28T20:04:45.721637+00:00", "level": "INFO", "jobId": "8a37577a-4ef9-49d7-a136-9a3f5ab6cd7d", "keyword": "khai trương rực rỡ", "step": "capture", "message": "Saved post_017.png", "data": null, "seq": 9103}
{"ts": "2026-04-28T20:04:45.721637+00:00", "level": "INFO", "jobId": "8a37577a-4ef9-49d7-a136-9a3f5ab6cd7d", "keyword": "khai trương rực rỡ", "step": "cooldown", "message": "Cooldown 1.9s (after capture)", "data": null, "seq": 9104}
{"ts": "2026-04-28T20:04:48.165639+00:00", "level": "INFO", "jobId": "8a37577a-4ef9-49d7-a136-9a3f5ab6cd7d", "keyword": "khai trương rực rỡ", "step": "capture", "message": "Capturing 18/70 (viewport)…", "data": null, "seq": 9105}
{"ts": "2026-04-28T20:04:48.225897+00:00", "level": "INFO", "jobId": "8a37577a-4ef9-49d7-a136-9a3f5ab6cd7d", "keyword": "khai trương rực rỡ", "step": "capture", "message": "Expanded \"Xem thêm\" (exact-class): +1 (total 1)", "data": null, "seq": 9106}
{"ts": "2026-04-28T20:05:01.255995+00:00", "level": "INFO", "jobId": "8a37577a-4ef9-49d7-a136-9a3f5ab6cd7d", "keyword": "khai trương rực rỡ", "step": "capture", "message": "Saved post_018.png", "data": null, "seq": 9107}
{"ts": "2026-04-28T20:05:01.257177+00:00", "level": "INFO", "jobId": "8a37577a-4ef9-49d7-a136-9a3f5ab6cd7d", "keyword": "khai trương rực rỡ", "step": "cooldown", "message": "Cooldown 1.4s (after capture)", "data": null, "seq": 9108}
{"ts": "2026-04-28T20:05:03.282076+00:00", "level": "ERROR", "jobId": "8a37577a-4ef9-49d7-a136-9a3f5ab6cd7d", "keyword": "khai trương rực rỡ", "step": "antiblock", "message": "Captcha/Verify text detected in page", "data": null, "seq": 9109}
