{"ts": "2026-04-28T21:37:16.067200+00:00", "level": "INFO", "jobId": "8c7759b2-5258-4cb2-a2d0-3a04047c5791", "keyword": "chúc chị khai trương", "step": "start", "message": "Job started (attempt 1/2)", "data": null, "seq": 10359}
{"ts": "2026-04-28T21:37:19.714400+00:00", "level": "INFO", "jobId": "8c7759b2-5258-4cb2-a2d0-3a04047c5791", "keyword": "chúc chị khai trương", "step": "login", "message": "Already logged in (profile session).", "data": null, "seq": 10360}
{"ts": "2026-04-28T21:37:20.021880+00:00", "level": "INFO", "jobId": "8c7759b2-5258-4cb2-a2d0-3a04047c5791", "keyword": "chúc chị khai trương", "step": "search", "message": "Searching keyword: \"chúc chị khai trương\"", "data": null, "seq": 10361}
{"ts": "2026-04-28T21:37:22.811493+00:00", "level": "INFO", "jobId": "8c7759b2-5258-4cb2-a2d0-3a04047c5791", "keyword": "chúc chị khai trương", "step": "capture", "message": "Start capturing up to 70 posts.", "data": null, "seq": 10362}
{"ts": "2026-04-28T21:37:22.811493+00:00", "level": "INFO", "jobId": "8c7759b2-5258-4cb2-a2d0-3a04047c5791", "keyword": "chúc chị khai trương", "step": "capture", "message": "Output folder: Lan 1 - 0437", "data": null, "seq": 10363}
{"ts": "2026-04-28T21:37:23.229696+00:00", "level": "INFO", "jobId": "8c7759b2-5258-4cb2-a2d0-3a04047c5791", "keyword": "chúc chị khai trương", "step": "capture", "message": "Capturing 1/70 (viewport)…", "data": null, "seq": 10364}
{"ts": "2026-04-28T21:37:35.726143+00:00", "level": "INFO", "jobId": "8c7759b2-5258-4cb2-a2d0-3a04047c5791", "keyword": "chúc chị khai trương", "step": "capture", "message": "Saved post_001.png", "data": null, "seq": 10365}
{"ts": "2026-04-28T21:37:35.726143+00:00", "level": "INFO", "jobId": "8c7759b2-5258-4cb2-a2d0-3a04047c5791", "keyword": "chúc chị khai trương", "step": "cooldown", "message": "Cooldown 2.0s (after capture)", "data": null, "seq": 10366}
{"ts": "2026-04-28T21:37:38.283802+00:00", "level": "INFO", "jobId": "8c7759b2-5258-4cb2-a2d0-3a04047c5791", "keyword": "chúc chị khai trương", "step": "capture", "message": "Capturing 2/70 (viewport)…", "data": null, "seq": 10367}
{"ts": "2026-04-28T21:37:38.366286+00:00", "level": "INFO", "jobId": "8c7759b2-5258-4cb2-a2d0-3a04047c5791", "keyword": "chúc chị khai trương", "step": "capture", "message": "Expanded \"Xem thêm\" (exact-class): +2 (total 2)", "data": null, "seq": 10368}
{"ts": "2026-04-28T21:37:51.334447+00:00", "level": "INFO", "jobId": "8c7759b2-5258-4cb2-a2d0-3a04047c5791", "keyword": "chúc chị khai trương", "step": "capture", "message": "Saved post_002.png", "data": null, "seq": 10369}
{"ts": "2026-04-28T21:37:51.334447+00:00", "level": "INFO", "jobId": "8c7759b2-5258-4cb2-a2d0-3a04047c5791", "keyword": "chúc chị khai trương", "step": "cooldown", "message": "Cooldown 1.2s (after capture)", "data": null, "seq": 10370}
{"ts": "2026-04-28T21:37:53.017949+00:00", "level": "INFO", "jobId": "8c7759b2-5258-4cb2-a2d0-3a04047c5791", "keyword": "chúc chị khai trương", "step": "capture", "message": "Capturing 3/70 (viewport)…", "data": null, "seq": 10371}
{"ts": "2026-04-28T21:37:53.064826+00:00", "level": "INFO", "jobId": "8c7759b2-5258-4cb2-a2d0-3a04047c5791", "keyword": "chúc chị khai trương", "step": "capture", "message": "Expanded \"Xem thêm\" (exact-class): +1 (total 1)", "data": null, "seq": 10372}
{"ts": "2026-04-28T21:38:05.889221+00:00", "level": "INFO", "jobId": "8c7759b2-5258-4cb2-a2d0-3a04047c5791", "keyword": "chúc chị khai trương", "step": "capture", "message": "Saved post_003.png", "data": null, "seq": 10373}
{"ts": "2026-04-28T21:38:05.889221+00:00", "level": "INFO", "jobId": "8c7759b2-5258-4cb2-a2d0-3a04047c5791", "keyword": "chúc chị khai trương", "step": "cooldown", "message": "Cooldown 2.7s (after capture)", "data": null, "seq": 10374}
{"ts": "2026-04-28T21:38:09.107918+00:00", "level": "INFO", "jobId": "8c7759b2-5258-4cb2-a2d0-3a04047c5791", "keyword": "chúc chị khai trương", "step": "capture", "message": "Capturing 4/70 (viewport)…", "data": null, "seq": 10375}
{"ts": "2026-04-28T21:38:21.871869+00:00", "level": "INFO", "jobId": "8c7759b2-5258-4cb2-a2d0-3a04047c5791", "keyword": "chúc chị khai trương", "step": "capture", "message": "Saved post_004.png", "data": null, "seq": 10376}
{"ts": "2026-04-28T21:38:21.871869+00:00", "level": "INFO", "jobId": "8c7759b2-5258-4cb2-a2d0-3a04047c5791", "keyword": "chúc chị khai trương", "step": "cooldown", "message": "Cooldown 1.2s (after capture)", "data": null, "seq": 10377}
{"ts": "2026-04-28T21:38:23.537930+00:00", "level": "INFO", "jobId": "8c7759b2-5258-4cb2-a2d0-3a04047c5791", "keyword": "chúc chị khai trương", "step": "capture", "message": "Capturing 5/70 (viewport)…", "data": null, "seq": 10378}
{"ts": "2026-04-28T21:38:23.595992+00:00", "level": "INFO", "jobId": "8c7759b2-5258-4cb2-a2d0-3a04047c5791", "keyword": "chúc chị khai trương", "step": "capture", "message": "Expanded \"Xem thêm\" (exact-class): +1 (total 1)", "data": null, "seq": 10379}
{"ts": "2026-04-28T21:38:36.415952+00:00", "level": "INFO", "jobId": "8c7759b2-5258-4cb2-a2d0-3a04047c5791", "keyword": "chúc chị khai trương", "step": "capture", "message": "Saved post_005.png", "data": null, "seq": 10380}
{"ts": "2026-04-28T21:38:36.415952+00:00", "level": "INFO", "jobId": "8c7759b2-5258-4cb2-a2d0-3a04047c5791", "keyword": "chúc chị khai trương", "step": "cooldown", "message": "Cooldown 2.7s (after capture)", "data": null, "seq": 10381}
{"ts": "2026-04-28T21:38:39.614635+00:00", "level": "INFO", "jobId": "8c7759b2-5258-4cb2-a2d0-3a04047c5791", "keyword": "chúc chị khai trương", "step": "capture", "message": "Capturing 6/70 (viewport)…", "data": null, "seq": 10382}
{"ts": "2026-04-28T21:38:52.181081+00:00", "level": "INFO", "jobId": "8c7759b2-5258-4cb2-a2d0-3a04047c5791", "keyword": "chúc chị khai trương", "step": "capture", "message": "Saved post_006.png", "data": null, "seq": 10383}
{"ts": "2026-04-28T21:38:52.182084+00:00", "level": "INFO", "jobId": "8c7759b2-5258-4cb2-a2d0-3a04047c5791", "keyword": "chúc chị khai trương", "step": "cooldown", "message": "Cooldown 2.8s (after capture)", "data": null, "seq": 10384}
{"ts": "2026-04-28T21:38:55.470332+00:00", "level": "INFO", "jobId": "8c7759b2-5258-4cb2-a2d0-3a04047c5791", "keyword": "chúc chị khai trương", "step": "capture", "message": "Capturing 7/70 (viewport)…", "data": null, "seq": 10385}
{"ts": "2026-04-28T21:39:08.230659+00:00", "level": "INFO", "jobId": "8c7759b2-5258-4cb2-a2d0-3a04047c5791", "keyword": "chúc chị khai trương", "step": "capture", "message": "Saved post_007.png", "data": null, "seq": 10386}
{"ts": "2026-04-28T21:39:08.230659+00:00", "level": "INFO", "jobId": "8c7759b2-5258-4cb2-a2d0-3a04047c5791", "keyword": "chúc chị khai trương", "step": "cooldown", "message": "Cooldown 1.6s (after capture)", "data": null, "seq": 10387}
{"ts": "2026-04-28T21:39:10.326715+00:00", "level": "INFO", "jobId": "8c7759b2-5258-4cb2-a2d0-3a04047c5791", "keyword": "chúc chị khai trương", "step": "capture", "message": "Capturing 8/70 (viewport)…", "data": null, "seq": 10388}
{"ts": "2026-04-28T21:39:10.382609+00:00", "level": "INFO", "jobId": "8c7759b2-5258-4cb2-a2d0-3a04047c5791", "keyword": "chúc chị khai trương", "step": "capture", "message": "Expanded \"Xem thêm\" (exact-class): +1 (total 1)", "data": null, "seq": 10389}
{"ts": "2026-04-28T21:39:23.551896+00:00", "level": "INFO", "jobId": "8c7759b2-5258-4cb2-a2d0-3a04047c5791", "keyword": "chúc chị khai trương", "step": "capture", "message": "Saved post_008.png", "data": null, "seq": 10390}
{"ts": "2026-04-28T21:39:23.551896+00:00", "level": "INFO", "jobId": "8c7759b2-5258-4cb2-a2d0-3a04047c5791", "keyword": "chúc chị khai trương", "step": "cooldown", "message": "Cooldown 1.9s (after capture)", "data": null, "seq": 10391}
{"ts": "2026-04-28T21:39:26.061242+00:00", "level": "INFO", "jobId": "8c7759b2-5258-4cb2-a2d0-3a04047c5791", "keyword": "chúc chị khai trương", "step": "capture", "message": "Capturing 9/70 (viewport)…", "data": null, "seq": 10392}
{"ts": "2026-04-28T21:39:26.147430+00:00", "level": "INFO", "jobId": "8c7759b2-5258-4cb2-a2d0-3a04047c5791", "keyword": "chúc chị khai trương", "step": "capture", "message": "Expanded \"Xem thêm\" (exact-class): +2 (total 2)", "data": null, "seq": 10393}
{"ts": "2026-04-28T21:39:39.199028+00:00", "level": "INFO", "jobId": "8c7759b2-5258-4cb2-a2d0-3a04047c5791", "keyword": "chúc chị khai trương", "step": "capture", "message": "Saved post_009.png", "data": null, "seq": 10394}
{"ts": "2026-04-28T21:39:39.199028+00:00", "level": "INFO", "jobId": "8c7759b2-5258-4cb2-a2d0-3a04047c5791", "keyword": "chúc chị khai trương", "step": "cooldown", "message": "Cooldown 1.8s (after capture)", "data": null, "seq": 10395}
{"ts": "2026-04-28T21:39:41.547814+00:00", "level": "INFO", "jobId": "8c7759b2-5258-4cb2-a2d0-3a04047c5791", "keyword": "chúc chị khai trương", "step": "capture", "message": "Capturing 10/70 (viewport)…", "data": null, "seq": 10396}
{"ts": "2026-04-28T21:39:41.631415+00:00", "level": "INFO", "jobId": "8c7759b2-5258-4cb2-a2d0-3a04047c5791", "keyword": "chúc chị khai trương", "step": "capture", "message": "Expanded \"Xem thêm\" (exact-class): +1 (total 1)", "data": null, "seq": 10397}
{"ts": "2026-04-28T21:39:54.722993+00:00", "level": "INFO", "jobId": "8c7759b2-5258-4cb2-a2d0-3a04047c5791", "keyword": "chúc chị khai trương", "step": "capture", "message": "Saved post_010.png", "data": null, "seq": 10398}
{"ts": "2026-04-28T21:39:54.722993+00:00", "level": "INFO", "jobId": "8c7759b2-5258-4cb2-a2d0-3a04047c5791", "keyword": "chúc chị khai trương", "step": "cooldown", "message": "Cooldown 1.2s (after capture)", "data": null, "seq": 10399}
{"ts": "2026-04-28T21:39:56.464420+00:00", "level": "INFO", "jobId": "8c7759b2-5258-4cb2-a2d0-3a04047c5791", "keyword": "chúc chị khai trương", "step": "capture", "message": "Capturing 11/70 (viewport)…", "data": null, "seq": 10400}
{"ts": "2026-04-28T21:39:56.535317+00:00", "level": "INFO", "jobId": "8c7759b2-5258-4cb2-a2d0-3a04047c5791", "keyword": "chúc chị khai trương", "step": "capture", "message": "Expanded \"Xem thêm\" (exact-class): +1 (total 1)", "data": null, "seq": 10401}
{"ts": "2026-04-28T21:40:09.343367+00:00", "level": "INFO", "jobId": "8c7759b2-5258-4cb2-a2d0-3a04047c5791", "keyword": "chúc chị khai trương", "step": "capture", "message": "Saved post_011.png", "data": null, "seq": 10402}
{"ts": "2026-04-28T21:40:09.344578+00:00", "level": "INFO", "jobId": "8c7759b2-5258-4cb2-a2d0-3a04047c5791", "keyword": "chúc chị khai trương", "step": "cooldown", "message": "Cooldown 2.4s (after capture)", "data": null, "seq": 10403}
{"ts": "2026-04-28T21:40:12.331871+00:00", "level": "INFO", "jobId": "8c7759b2-5258-4cb2-a2d0-3a04047c5791", "keyword": "chúc chị khai trương", "step": "capture", "message": "Capturing 12/70 (viewport)…", "data": null, "seq": 10404}
{"ts": "2026-04-28T21:40:25.007951+00:00", "level": "INFO", "jobId": "8c7759b2-5258-4cb2-a2d0-3a04047c5791", "keyword": "chúc chị khai trương", "step": "capture", "message": "Saved post_012.png", "data": null, "seq": 10405}
{"ts": "2026-04-28T21:40:25.007951+00:00", "level": "INFO", "jobId": "8c7759b2-5258-4cb2-a2d0-3a04047c5791", "keyword": "chúc chị khai trương", "step": "cooldown", "message": "Cooldown 1.7s (after capture)", "data": null, "seq": 10406}
{"ts": "2026-04-28T21:40:27.306616+00:00", "level": "INFO", "jobId": "8c7759b2-5258-4cb2-a2d0-3a04047c5791", "keyword": "chúc chị khai trương", "step": "capture", "message": "Capturing 13/70 (viewport)…", "data": null, "seq": 10407}
{"ts": "2026-04-28T21:40:27.383434+00:00", "level": "INFO", "jobId": "8c7759b2-5258-4cb2-a2d0-3a04047c5791", "keyword": "chúc chị khai trương", "step": "capture", "message": "Expanded \"Xem thêm\" (exact-class): +2 (total 2)", "data": null, "seq": 10408}
{"ts": "2026-04-28T21:40:40.269209+00:00", "level": "INFO", "jobId": "8c7759b2-5258-4cb2-a2d0-3a04047c5791", "keyword": "chúc chị khai trương", "step": "capture", "message": "Saved post_013.png", "data": null, "seq": 10409}
{"ts": "2026-04-28T21:40:40.270222+00:00", "level": "INFO", "jobId": "8c7759b2-5258-4cb2-a2d0-3a04047c5791", "keyword": "chúc chị khai trương", "step": "cooldown", "message": "Cooldown 1.4s (after capture)", "data": null, "seq": 10410}
{"ts": "2026-04-28T21:40:42.200016+00:00", "level": "INFO", "jobId": "8c7759b2-5258-4cb2-a2d0-3a04047c5791", "keyword": "chúc chị khai trương", "step": "capture", "message": "Capturing 14/70 (viewport)…", "data": null, "seq": 10411}
{"ts": "2026-04-28T21:40:54.940455+00:00", "level": "INFO", "jobId": "8c7759b2-5258-4cb2-a2d0-3a04047c5791", "keyword": "chúc chị khai trương", "step": "capture", "message": "Saved post_014.png", "data": null, "seq": 10412}
{"ts": "2026-04-28T21:40:54.942462+00:00", "level": "INFO", "jobId": "8c7759b2-5258-4cb2-a2d0-3a04047c5791", "keyword": "chúc chị khai trương", "step": "cooldown", "message": "Cooldown 1.1s (after capture)", "data": null, "seq": 10413}
{"ts": "2026-04-28T21:40:56.554159+00:00", "level": "INFO", "jobId": "8c7759b2-5258-4cb2-a2d0-3a04047c5791", "keyword": "chúc chị khai trương", "step": "capture", "message": "Capturing 15/70 (viewport)…", "data": null, "seq": 10414}
{"ts": "2026-04-28T21:40:56.637112+00:00", "level": "INFO", "jobId": "8c7759b2-5258-4cb2-a2d0-3a04047c5791", "keyword": "chúc chị khai trương", "step": "capture", "message": "Expanded \"Xem thêm\" (exact-class): +1 (total 1)", "data": null, "seq": 10415}
{"ts": "2026-04-28T21:41:09.742724+00:00", "level": "INFO", "jobId": "8c7759b2-5258-4cb2-a2d0-3a04047c5791", "keyword": "chúc chị khai trương", "step": "capture", "message": "Saved post_015.png", "data": null, "seq": 10416}
{"ts": "2026-04-28T21:41:09.742724+00:00", "level": "INFO", "jobId": "8c7759b2-5258-4cb2-a2d0-3a04047c5791", "keyword": "chúc chị khai trương", "step": "cooldown", "message": "Cooldown 2.8s (after capture)", "data": null, "seq": 10417}
{"ts": "2026-04-28T21:41:13.124621+00:00", "level": "INFO", "jobId": "8c7759b2-5258-4cb2-a2d0-3a04047c5791", "keyword": "chúc chị khai trương", "step": "capture", "message": "Capturing 16/70 (viewport)…", "data": null, "seq": 10418}
{"ts": "2026-04-28T21:41:13.204052+00:00", "level": "INFO", "jobId": "8c7759b2-5258-4cb2-a2d0-3a04047c5791", "keyword": "chúc chị khai trương", "step": "capture", "message": "Expanded \"Xem thêm\" (exact-class): +1 (total 1)", "data": null, "seq": 10419}
{"ts": "2026-04-28T21:41:26.227251+00:00", "level": "INFO", "jobId": "8c7759b2-5258-4cb2-a2d0-3a04047c5791", "keyword": "chúc chị khai trương", "step": "capture", "message": "Saved post_016.png", "data": null, "seq": 10420}
{"ts": "2026-04-28T21:41:26.227251+00:00", "level": "INFO", "jobId": "8c7759b2-5258-4cb2-a2d0-3a04047c5791", "keyword": "chúc chị khai trương", "step": "cooldown", "message": "Cooldown 2.8s (after capture)", "data": null, "seq": 10421}
{"ts": "2026-04-28T21:41:29.596074+00:00", "level": "INFO", "jobId": "8c7759b2-5258-4cb2-a2d0-3a04047c5791", "keyword": "chúc chị khai trương", "step": "capture", "message": "Capturing 17/70 (viewport)…", "data": null, "seq": 10422}
{"ts": "2026-04-28T21:41:29.678536+00:00", "level": "INFO", "jobId": "8c7759b2-5258-4cb2-a2d0-3a04047c5791", "keyword": "chúc chị khai trương", "step": "capture", "message": "Expanded \"Xem thêm\" (exact-class): +1 (total 1)", "data": null, "seq": 10423}
{"ts": "2026-04-28T21:41:42.701685+00:00", "level": "INFO", "jobId": "8c7759b2-5258-4cb2-a2d0-3a04047c5791", "keyword": "chúc chị khai trương", "step": "capture", "message": "Saved post_017.png", "data": null, "seq": 10424}
{"ts": "2026-04-28T21:41:42.701685+00:00", "level": "INFO", "jobId": "8c7759b2-5258-4cb2-a2d0-3a04047c5791", "keyword": "chúc chị khai trương", "step": "cooldown", "message": "Cooldown 2.1s (after capture)", "data": null, "seq": 10425}
{"ts": "2026-04-28T21:41:45.332880+00:00", "level": "INFO", "jobId": "8c7759b2-5258-4cb2-a2d0-3a04047c5791", "keyword": "chúc chị khai trương", "step": "capture", "message": "Capturing 18/70 (viewport)…", "data": null, "seq": 10426}
{"ts": "2026-04-28T21:41:45.421075+00:00", "level": "INFO", "jobId": "8c7759b2-5258-4cb2-a2d0-3a04047c5791", "keyword": "chúc chị khai trương", "step": "capture", "message": "Expanded \"Xem thêm\" (exact-class): +1 (total 1)", "data": null, "seq": 10427}
{"ts": "2026-04-28T21:41:58.244706+00:00", "level": "INFO", "jobId": "8c7759b2-5258-4cb2-a2d0-3a04047c5791", "keyword": "chúc chị khai trương", "step": "capture", "message": "Saved post_018.png", "data": null, "seq": 10428}
{"ts": "2026-04-28T21:41:58.246093+00:00", "level": "INFO", "jobId": "8c7759b2-5258-4cb2-a2d0-3a04047c5791", "keyword": "chúc chị khai trương", "step": "cooldown", "message": "Cooldown 2.8s (after capture)", "data": null, "seq": 10429}
{"ts": "2026-04-28T21:42:01.574860+00:00", "level": "INFO", "jobId": "8c7759b2-5258-4cb2-a2d0-3a04047c5791", "keyword": "chúc chị khai trương", "step": "capture", "message": "Capturing 19/70 (viewport)…", "data": null, "seq": 10430}
{"ts": "2026-04-28T21:42:01.657261+00:00", "level": "INFO", "jobId": "8c7759b2-5258-4cb2-a2d0-3a04047c5791", "keyword": "chúc chị khai trương", "step": "capture", "message": "Expanded \"Xem thêm\" (exact-class): +2 (total 2)", "data": null, "seq": 10431}
{"ts": "2026-04-28T21:42:14.535528+00:00", "level": "INFO", "jobId": "8c7759b2-5258-4cb2-a2d0-3a04047c5791", "keyword": "chúc chị khai trương", "step": "capture", "message": "Saved post_019.png", "data": null, "seq": 10432}
{"ts": "2026-04-28T21:42:14.535528+00:00", "level": "INFO", "jobId": "8c7759b2-5258-4cb2-a2d0-3a04047c5791", "keyword": "chúc chị khai trương", "step": "cooldown", "message": "Cooldown 2.7s (after capture)", "data": null, "seq": 10433}
{"ts": "2026-04-28T21:42:17.755681+00:00", "level": "INFO", "jobId": "8c7759b2-5258-4cb2-a2d0-3a04047c5791", "keyword": "chúc chị khai trương", "step": "capture", "message": "Capturing 20/70 (viewport)…", "data": null, "seq": 10434}
{"ts": "2026-04-28T21:42:17.837115+00:00", "level": "INFO", "jobId": "8c7759b2-5258-4cb2-a2d0-3a04047c5791", "keyword": "chúc chị khai trương", "step": "capture", "message": "Expanded \"Xem thêm\" (exact-class): +1 (total 1)", "data": null, "seq": 10435}
{"ts": "2026-04-28T21:42:30.756744+00:00", "level": "INFO", "jobId": "8c7759b2-5258-4cb2-a2d0-3a04047c5791", "keyword": "chúc chị khai trương", "step": "capture", "message": "Saved post_020.png", "data": null, "seq": 10436}
{"ts": "2026-04-28T21:42:30.756744+00:00", "level": "INFO", "jobId": "8c7759b2-5258-4cb2-a2d0-3a04047c5791", "keyword": "chúc chị khai trương", "step": "cooldown", "message": "Cooldown 1.4s (after capture)", "data": null, "seq": 10437}
{"ts": "2026-04-28T21:42:32.701248+00:00", "level": "INFO", "jobId": "8c7759b2-5258-4cb2-a2d0-3a04047c5791", "keyword": "chúc chị khai trương", "step": "capture", "message": "Capturing 21/70 (viewport)…", "data": null, "seq": 10438}
{"ts": "2026-04-28T21:42:32.769527+00:00", "level": "INFO", "jobId": "8c7759b2-5258-4cb2-a2d0-3a04047c5791", "keyword": "chúc chị khai trương", "step": "capture", "message": "Expanded \"Xem thêm\" (exact-class): +1 (total 1)", "data": null, "seq": 10439}
{"ts": "2026-04-28T21:42:45.761810+00:00", "level": "INFO", "jobId": "8c7759b2-5258-4cb2-a2d0-3a04047c5791", "keyword": "chúc chị khai trương", "step": "capture", "message": "Saved post_021.png", "data": null, "seq": 10440}
{"ts": "2026-04-28T21:42:45.761810+00:00", "level": "INFO", "jobId": "8c7759b2-5258-4cb2-a2d0-3a04047c5791", "keyword": "chúc chị khai trương", "step": "cooldown", "message": "Cooldown 1.9s (after capture)", "data": null, "seq": 10441}
{"ts": "2026-04-28T21:42:48.233238+00:00", "level": "INFO", "jobId": "8c7759b2-5258-4cb2-a2d0-3a04047c5791", "keyword": "chúc chị khai trương", "step": "capture", "message": "Capturing 22/70 (viewport)…", "data": null, "seq": 10442}
{"ts": "2026-04-28T21:42:48.328841+00:00", "level": "INFO", "jobId": "8c7759b2-5258-4cb2-a2d0-3a04047c5791", "keyword": "chúc chị khai trương", "step": "capture", "message": "Expanded \"Xem thêm\" (exact-class): +1 (total 1)", "data": null, "seq": 10443}
{"ts": "2026-04-28T21:43:01.186043+00:00", "level": "INFO", "jobId": "8c7759b2-5258-4cb2-a2d0-3a04047c5791", "keyword": "chúc chị khai trương", "step": "capture", "message": "Saved post_022.png", "data": null, "seq": 10444}
{"ts": "2026-04-28T21:43:01.186043+00:00", "level": "INFO", "jobId": "8c7759b2-5258-4cb2-a2d0-3a04047c5791", "keyword": "chúc chị khai trương", "step": "cooldown", "message": "Cooldown 2.3s (after capture)", "data": null, "seq": 10445}
{"ts": "2026-04-28T21:43:04.102908+00:00", "level": "INFO", "jobId": "8c7759b2-5258-4cb2-a2d0-3a04047c5791", "keyword": "chúc chị khai trương", "step": "capture", "message": "Capturing 23/70 (viewport)…", "data": null, "seq": 10446}
{"ts": "2026-04-28T21:43:04.193960+00:00", "level": "INFO", "jobId": "8c7759b2-5258-4cb2-a2d0-3a04047c5791", "keyword": "chúc chị khai trương", "step": "capture", "message": "Expanded \"Xem thêm\" (exact-class): +1 (total 1)", "data": null, "seq": 10447}
{"ts": "2026-04-28T21:43:17.297174+00:00", "level": "INFO", "jobId": "8c7759b2-5258-4cb2-a2d0-3a04047c5791", "keyword": "chúc chị khai trương", "step": "capture", "message": "Saved post_023.png", "data": null, "seq": 10448}
{"ts": "2026-04-28T21:43:17.297174+00:00", "level": "INFO", "jobId": "8c7759b2-5258-4cb2-a2d0-3a04047c5791", "keyword": "chúc chị khai trương", "step": "cooldown", "message": "Cooldown 1.8s (after capture)", "data": null, "seq": 10449}
{"ts": "2026-04-28T21:43:19.728249+00:00", "level": "INFO", "jobId": "8c7759b2-5258-4cb2-a2d0-3a04047c5791", "keyword": "chúc chị khai trương", "step": "capture", "message": "Capturing 24/70 (viewport)…", "data": null, "seq": 10450}
{"ts": "2026-04-28T21:43:32.042336+00:00", "level": "INFO", "jobId": "8c7759b2-5258-4cb2-a2d0-3a04047c5791", "keyword": "chúc chị khai trương", "step": "capture", "message": "Saved post_024.png", "data": null, "seq": 10451}
{"ts": "2026-04-28T21:43:32.043667+00:00", "level": "INFO", "jobId": "8c7759b2-5258-4cb2-a2d0-3a04047c5791", "keyword": "chúc chị khai trương", "step": "cooldown", "message": "Cooldown 1.7s (after capture)", "data": null, "seq": 10452}
{"ts": "2026-04-28T21:43:34.311378+00:00", "level": "INFO", "jobId": "8c7759b2-5258-4cb2-a2d0-3a04047c5791", "keyword": "chúc chị khai trương", "step": "capture", "message": "Capturing 25/70 (viewport)…", "data": null, "seq": 10453}
{"ts": "2026-04-28T21:43:46.547961+00:00", "level": "INFO", "jobId": "8c7759b2-5258-4cb2-a2d0-3a04047c5791", "keyword": "chúc chị khai trương", "step": "capture", "message": "Saved post_025.png", "data": null, "seq": 10454}
{"ts": "2026-04-28T21:43:46.547961+00:00", "level": "INFO", "jobId": "8c7759b2-5258-4cb2-a2d0-3a04047c5791", "keyword": "chúc chị khai trương", "step": "cooldown", "message": "Cooldown 2.1s (after capture)", "data": null, "seq": 10455}
{"ts": "2026-04-28T21:43:49.253905+00:00", "level": "INFO", "jobId": "8c7759b2-5258-4cb2-a2d0-3a04047c5791", "keyword": "chúc chị khai trương", "step": "capture", "message": "Capturing 26/70 (viewport)…", "data": null, "seq": 10456}
{"ts": "2026-04-28T21:44:01.555060+00:00", "level": "INFO", "jobId": "8c7759b2-5258-4cb2-a2d0-3a04047c5791", "keyword": "chúc chị khai trương", "step": "capture", "message": "Saved post_026.png", "data": null, "seq": 10457}
{"ts": "2026-04-28T21:44:01.556159+00:00", "level": "INFO", "jobId": "8c7759b2-5258-4cb2-a2d0-3a04047c5791", "keyword": "chúc chị khai trương", "step": "cooldown", "message": "Cooldown 1.2s (after capture)", "data": null, "seq": 10458}
{"ts": "2026-04-28T21:44:03.279333+00:00", "level": "INFO", "jobId": "8c7759b2-5258-4cb2-a2d0-3a04047c5791", "keyword": "chúc chị khai trương", "step": "capture", "message": "Capturing 27/70 (viewport)…", "data": null, "seq": 10459}
{"ts": "2026-04-28T21:44:15.815676+00:00", "level": "INFO", "jobId": "8c7759b2-5258-4cb2-a2d0-3a04047c5791", "keyword": "chúc chị khai trương", "step": "capture", "message": "Saved post_027.png", "data": null, "seq": 10460}
{"ts": "2026-04-28T21:44:15.815676+00:00", "level": "INFO", "jobId": "8c7759b2-5258-4cb2-a2d0-3a04047c5791", "keyword": "chúc chị khai trương", "step": "cooldown", "message": "Cooldown 1.5s (after capture)", "data": null, "seq": 10461}
{"ts": "2026-04-28T21:44:17.865087+00:00", "level": "INFO", "jobId": "8c7759b2-5258-4cb2-a2d0-3a04047c5791", "keyword": "chúc chị khai trương", "step": "capture", "message": "Capturing 28/70 (viewport)…", "data": null, "seq": 10462}
{"ts": "2026-04-28T21:44:30.574281+00:00", "level": "INFO", "jobId": "8c7759b2-5258-4cb2-a2d0-3a04047c5791", "keyword": "chúc chị khai trương", "step": "capture", "message": "Saved post_028.png", "data": null, "seq": 10463}
{"ts": "2026-04-28T21:44:30.574281+00:00", "level": "INFO", "jobId": "8c7759b2-5258-4cb2-a2d0-3a04047c5791", "keyword": "chúc chị khai trương", "step": "cooldown", "message": "Cooldown 1.5s (after capture)", "data": null, "seq": 10464}
{"ts": "2026-04-28T21:44:32.747329+00:00", "level": "INFO", "jobId": "8c7759b2-5258-4cb2-a2d0-3a04047c5791", "keyword": "chúc chị khai trương", "step": "capture", "message": "Capturing 29/70 (viewport)…", "data": null, "seq": 10465}
{"ts": "2026-04-28T21:44:45.585846+00:00", "level": "INFO", "jobId": "8c7759b2-5258-4cb2-a2d0-3a04047c5791", "keyword": "chúc chị khai trương", "step": "capture", "message": "Saved post_029.png", "data": null, "seq": 10466}
{"ts": "2026-04-28T21:44:45.585846+00:00", "level": "INFO", "jobId": "8c7759b2-5258-4cb2-a2d0-3a04047c5791", "keyword": "chúc chị khai trương", "step": "cooldown", "message": "Cooldown 1.2s (after capture)", "data": null, "seq": 10467}
{"ts": "2026-04-28T21:44:47.330961+00:00", "level": "INFO", "jobId": "8c7759b2-5258-4cb2-a2d0-3a04047c5791", "keyword": "chúc chị khai trương", "step": "capture", "message": "Capturing 30/70 (viewport)…", "data": null, "seq": 10468}
{"ts": "2026-04-28T21:44:47.417994+00:00", "level": "INFO", "jobId": "8c7759b2-5258-4cb2-a2d0-3a04047c5791", "keyword": "chúc chị khai trương", "step": "capture", "message": "Expanded \"Xem thêm\" (exact-class): +1 (total 1)", "data": null, "seq": 10469}
{"ts": "2026-04-28T21:45:00.169547+00:00", "level": "INFO", "jobId": "8c7759b2-5258-4cb2-a2d0-3a04047c5791", "keyword": "chúc chị khai trương", "step": "capture", "message": "Saved post_030.png", "data": null, "seq": 10470}
{"ts": "2026-04-28T21:45:00.169547+00:00", "level": "INFO", "jobId": "8c7759b2-5258-4cb2-a2d0-3a04047c5791", "keyword": "chúc chị khai trương", "step": "cooldown", "message": "Cooldown 2.7s (after capture)", "data": null, "seq": 10471}
{"ts": "2026-04-28T21:45:03.428881+00:00", "level": "INFO", "jobId": "8c7759b2-5258-4cb2-a2d0-3a04047c5791", "keyword": "chúc chị khai trương", "step": "capture", "message": "Capturing 31/70 (viewport)…", "data": null, "seq": 10472}
{"ts": "2026-04-28T21:45:26.181806+00:00", "level": "INFO", "jobId": "8c7759b2-5258-4cb2-a2d0-3a04047c5791", "keyword": "chúc chị khai trương", "step": "capture", "message": "Saved post_031.png", "data": null, "seq": 10473}
{"ts": "2026-04-28T21:45:26.181806+00:00", "level": "INFO", "jobId": "8c7759b2-5258-4cb2-a2d0-3a04047c5791", "keyword": "chúc chị khai trương", "step": "cooldown", "message": "Cooldown 2.2s (after capture)", "data": null, "seq": 10474}
{"ts": "2026-04-28T21:45:28.947952+00:00", "level": "INFO", "jobId": "8c7759b2-5258-4cb2-a2d0-3a04047c5791", "keyword": "chúc chị khai trương", "step": "capture", "message": "Capturing 32/70 (viewport)…", "data": null, "seq": 10475}
{"ts": "2026-04-28T21:45:51.870876+00:00", "level": "INFO", "jobId": "8c7759b2-5258-4cb2-a2d0-3a04047c5791", "keyword": "chúc chị khai trương", "step": "capture", "message": "Saved post_032.png", "data": null, "seq": 10476}
{"ts": "2026-04-28T21:45:51.870876+00:00", "level": "INFO", "jobId": "8c7759b2-5258-4cb2-a2d0-3a04047c5791", "keyword": "chúc chị khai trương", "step": "cooldown", "message": "Cooldown 1.6s (after capture)", "data": null, "seq": 10477}
{"ts": "2026-04-28T21:45:54.121572+00:00", "level": "INFO", "jobId": "8c7759b2-5258-4cb2-a2d0-3a04047c5791", "keyword": "chúc chị khai trương", "step": "capture", "message": "Capturing 33/70 (viewport)…", "data": null, "seq": 10478}
{"ts": "2026-04-28T21:46:16.898921+00:00", "level": "INFO", "jobId": "8c7759b2-5258-4cb2-a2d0-3a04047c5791", "keyword": "chúc chị khai trương", "step": "capture", "message": "Saved post_033.png", "data": null, "seq": 10479}
{"ts": "2026-04-28T21:46:16.898921+00:00", "level": "INFO", "jobId": "8c7759b2-5258-4cb2-a2d0-3a04047c5791", "keyword": "chúc chị khai trương", "step": "cooldown", "message": "Cooldown 2.8s (after capture)", "data": null, "seq": 10480}
{"ts": "2026-04-28T21:46:20.332028+00:00", "level": "INFO", "jobId": "8c7759b2-5258-4cb2-a2d0-3a04047c5791", "keyword": "chúc chị khai trương", "step": "capture", "message": "Capturing 34/70 (viewport)…", "data": null, "seq": 10481}
{"ts": "2026-04-28T21:46:20.456875+00:00", "level": "INFO", "jobId": "8c7759b2-5258-4cb2-a2d0-3a04047c5791", "keyword": "chúc chị khai trương", "step": "capture", "message": "Expanded \"Xem thêm\" (exact-class): +2 (total 2)", "data": null, "seq": 10482}
{"ts": "2026-04-28T21:46:43.855353+00:00", "level": "INFO", "jobId": "8c7759b2-5258-4cb2-a2d0-3a04047c5791", "keyword": "chúc chị khai trương", "step": "capture", "message": "Saved post_034.png", "data": null, "seq": 10483}
{"ts": "2026-04-28T21:46:43.855353+00:00", "level": "INFO", "jobId": "8c7759b2-5258-4cb2-a2d0-3a04047c5791", "keyword": "chúc chị khai trương", "step": "cooldown", "message": "Cooldown 2.4s (after capture)", "data": null, "seq": 10484}
{"ts": "2026-04-28T21:46:46.826084+00:00", "level": "ERROR", "jobId": "8c7759b2-5258-4cb2-a2d0-3a04047c5791", "keyword": "chúc chị khai trương", "step": "antiblock", "message": "Captcha/Verify text detected in page", "data": null, "seq": 10485}
