{"ts": "2026-04-28T22:07:22.155273+00:00", "level": "INFO", "jobId": "b13f87fa-9317-4cb4-93a4-b9135bc4f25a", "keyword": "nhân dịp khai trương", "step": "start", "message": "Job started (attempt 1/2)", "data": null, "seq": 10761}
{"ts": "2026-04-28T22:07:26.184629+00:00", "level": "INFO", "jobId": "b13f87fa-9317-4cb4-93a4-b9135bc4f25a", "keyword": "nhân dịp khai trương", "step": "login", "message": "Already logged in (profile session).", "data": null, "seq": 10762}
{"ts": "2026-04-28T22:07:26.600544+00:00", "level": "INFO", "jobId": "b13f87fa-9317-4cb4-93a4-b9135bc4f25a", "keyword": "nhân dịp khai trương", "step": "search", "message": "Searching keyword: \"nhân dịp khai trương\"", "data": null, "seq": 10763}
{"ts": "2026-04-28T22:07:28.873587+00:00", "level": "INFO", "jobId": "b13f87fa-9317-4cb4-93a4-b9135bc4f25a", "keyword": "nhân dịp khai trương", "step": "capture", "message": "Start capturing up to 70 posts.", "data": null, "seq": 10764}
{"ts": "2026-04-28T22:07:28.873587+00:00", "level": "INFO", "jobId": "b13f87fa-9317-4cb4-93a4-b9135bc4f25a", "keyword": "nhân dịp khai trương", "step": "capture", "message": "Output folder: Lan 1 - 0507", "data": null, "seq": 10765}
{"ts": "2026-04-28T22:07:29.718055+00:00", "level": "INFO", "jobId": "b13f87fa-9317-4cb4-93a4-b9135bc4f25a", "keyword": "nhân dịp khai trương", "step": "capture", "message": "Capturing 1/70 (viewport)…", "data": null, "seq": 10766}
{"ts": "2026-04-28T22:07:29.914290+00:00", "level": "INFO", "jobId": "b13f87fa-9317-4cb4-93a4-b9135bc4f25a", "keyword": "nhân dịp khai trương", "step": "capture", "message": "Expanded \"Xem thêm\" (exact-class): +2 (total 2)", "data": null, "seq": 10767}
{"ts": "2026-04-28T22:07:42.650200+00:00", "level": "INFO", "jobId": "b13f87fa-9317-4cb4-93a4-b9135bc4f25a", "keyword": "nhân dịp khai trương", "step": "capture", "message": "Saved post_001.png", "data": null, "seq": 10768}
{"ts": "2026-04-28T22:07:42.650200+00:00", "level": "INFO", "jobId": "b13f87fa-9317-4cb4-93a4-b9135bc4f25a", "keyword": "nhân dịp khai trương", "step": "cooldown", "message": "Cooldown 2.1s (after capture)", "data": null, "seq": 10769}
{"ts": "2026-04-28T22:07:45.402394+00:00", "level": "INFO", "jobId": "b13f87fa-9317-4cb4-93a4-b9135bc4f25a", "keyword": "nhân dịp khai trương", "step": "capture", "message": "Capturing 2/70 (viewport)…", "data": null, "seq": 10770}
{"ts": "2026-04-28T22:07:45.550898+00:00", "level": "INFO", "jobId": "b13f87fa-9317-4cb4-93a4-b9135bc4f25a", "keyword": "nhân dịp khai trương", "step": "capture", "message": "Expanded \"Xem thêm\" (exact-class): +2 (total 2)", "data": null, "seq": 10771}
{"ts": "2026-04-28T22:07:58.308651+00:00", "level": "INFO", "jobId": "b13f87fa-9317-4cb4-93a4-b9135bc4f25a", "keyword": "nhân dịp khai trương", "step": "capture", "message": "Saved post_002.png", "data": null, "seq": 10772}
{"ts": "2026-04-28T22:07:58.308651+00:00", "level": "INFO", "jobId": "b13f87fa-9317-4cb4-93a4-b9135bc4f25a", "keyword": "nhân dịp khai trương", "step": "cooldown", "message": "Cooldown 1.7s (after capture)", "data": null, "seq": 10773}
{"ts": "2026-04-28T22:08:00.551449+00:00", "level": "INFO", "jobId": "b13f87fa-9317-4cb4-93a4-b9135bc4f25a", "keyword": "nhân dịp khai trương", "step": "capture", "message": "Capturing 3/70 (viewport)…", "data": null, "seq": 10774}
{"ts": "2026-04-28T22:08:13.139678+00:00", "level": "INFO", "jobId": "b13f87fa-9317-4cb4-93a4-b9135bc4f25a", "keyword": "nhân dịp khai trương", "step": "capture", "message": "Saved post_003.png", "data": null, "seq": 10775}
{"ts": "2026-04-28T22:08:13.139678+00:00", "level": "INFO", "jobId": "b13f87fa-9317-4cb4-93a4-b9135bc4f25a", "keyword": "nhân dịp khai trương", "step": "cooldown", "message": "Cooldown 1.9s (after capture)", "data": null, "seq": 10776}
{"ts": "2026-04-28T22:08:15.645866+00:00", "level": "INFO", "jobId": "b13f87fa-9317-4cb4-93a4-b9135bc4f25a", "keyword": "nhân dịp khai trương", "step": "capture", "message": "Capturing 4/70 (viewport)…", "data": null, "seq": 10777}
{"ts": "2026-04-28T22:08:15.702602+00:00", "level": "INFO", "jobId": "b13f87fa-9317-4cb4-93a4-b9135bc4f25a", "keyword": "nhân dịp khai trương", "step": "capture", "message": "Expanded \"Xem thêm\" (exact-class): +1 (total 1)", "data": null, "seq": 10778}
{"ts": "2026-04-28T22:08:28.620890+00:00", "level": "INFO", "jobId": "b13f87fa-9317-4cb4-93a4-b9135bc4f25a", "keyword": "nhân dịp khai trương", "step": "capture", "message": "Saved post_004.png", "data": null, "seq": 10779}
{"ts": "2026-04-28T22:08:28.620890+00:00", "level": "INFO", "jobId": "b13f87fa-9317-4cb4-93a4-b9135bc4f25a", "keyword": "nhân dịp khai trương", "step": "cooldown", "message": "Cooldown 1.4s (after capture)", "data": null, "seq": 10780}
{"ts": "2026-04-28T22:08:30.613220+00:00", "level": "INFO", "jobId": "b13f87fa-9317-4cb4-93a4-b9135bc4f25a", "keyword": "nhân dịp khai trương", "step": "capture", "message": "Capturing 5/70 (viewport)…", "data": null, "seq": 10781}
{"ts": "2026-04-28T22:08:30.708976+00:00", "level": "INFO", "jobId": "b13f87fa-9317-4cb4-93a4-b9135bc4f25a", "keyword": "nhân dịp khai trương", "step": "capture", "message": "Expanded \"Xem thêm\" (exact-class): +2 (total 2)", "data": null, "seq": 10782}
{"ts": "2026-04-28T22:08:43.647262+00:00", "level": "INFO", "jobId": "b13f87fa-9317-4cb4-93a4-b9135bc4f25a", "keyword": "nhân dịp khai trương", "step": "capture", "message": "Saved post_005.png", "data": null, "seq": 10783}
{"ts": "2026-04-28T22:08:43.648358+00:00", "level": "INFO", "jobId": "b13f87fa-9317-4cb4-93a4-b9135bc4f25a", "keyword": "nhân dịp khai trương", "step": "cooldown", "message": "Cooldown 1.4s (after capture)", "data": null, "seq": 10784}
{"ts": "2026-04-28T22:08:45.642494+00:00", "level": "INFO", "jobId": "b13f87fa-9317-4cb4-93a4-b9135bc4f25a", "keyword": "nhân dịp khai trương", "step": "capture", "message": "Capturing 6/70 (viewport)…", "data": null, "seq": 10785}
{"ts": "2026-04-28T22:08:45.712095+00:00", "level": "INFO", "jobId": "b13f87fa-9317-4cb4-93a4-b9135bc4f25a", "keyword": "nhân dịp khai trương", "step": "capture", "message": "Expanded \"Xem thêm\" (exact-class): +1 (total 1)", "data": null, "seq": 10786}
{"ts": "2026-04-28T22:08:58.520305+00:00", "level": "INFO", "jobId": "b13f87fa-9317-4cb4-93a4-b9135bc4f25a", "keyword": "nhân dịp khai trương", "step": "capture", "message": "Saved post_006.png", "data": null, "seq": 10787}
{"ts": "2026-04-28T22:08:58.520305+00:00", "level": "INFO", "jobId": "b13f87fa-9317-4cb4-93a4-b9135bc4f25a", "keyword": "nhân dịp khai trương", "step": "cooldown", "message": "Cooldown 3.0s (after capture)", "data": null, "seq": 10788}
{"ts": "2026-04-28T22:09:02.134794+00:00", "level": "INFO", "jobId": "b13f87fa-9317-4cb4-93a4-b9135bc4f25a", "keyword": "nhân dịp khai trương", "step": "capture", "message": "Capturing 7/70 (viewport)…", "data": null, "seq": 10789}
{"ts": "2026-04-28T22:09:02.187108+00:00", "level": "INFO", "jobId": "b13f87fa-9317-4cb4-93a4-b9135bc4f25a", "keyword": "nhân dịp khai trương", "step": "capture", "message": "Expanded \"Xem thêm\" (exact-class): +1 (total 1)", "data": null, "seq": 10790}
{"ts": "2026-04-28T22:09:15.174023+00:00", "level": "INFO", "jobId": "b13f87fa-9317-4cb4-93a4-b9135bc4f25a", "keyword": "nhân dịp khai trương", "step": "capture", "message": "Saved post_007.png", "data": null, "seq": 10791}
{"ts": "2026-04-28T22:09:15.174023+00:00", "level": "INFO", "jobId": "b13f87fa-9317-4cb4-93a4-b9135bc4f25a", "keyword": "nhân dịp khai trương", "step": "cooldown", "message": "Cooldown 2.9s (after capture)", "data": null, "seq": 10792}
{"ts": "2026-04-28T22:09:18.635139+00:00", "level": "INFO", "jobId": "b13f87fa-9317-4cb4-93a4-b9135bc4f25a", "keyword": "nhân dịp khai trương", "step": "capture", "message": "Capturing 8/70 (viewport)…", "data": null, "seq": 10793}
{"ts": "2026-04-28T22:09:18.713193+00:00", "level": "INFO", "jobId": "b13f87fa-9317-4cb4-93a4-b9135bc4f25a", "keyword": "nhân dịp khai trương", "step": "capture", "message": "Expanded \"Xem thêm\" (exact-class): +2 (total 2)", "data": null, "seq": 10794}
{"ts": "2026-04-28T22:09:31.630710+00:00", "level": "INFO", "jobId": "b13f87fa-9317-4cb4-93a4-b9135bc4f25a", "keyword": "nhân dịp khai trương", "step": "capture", "message": "Saved post_008.png", "data": null, "seq": 10795}
{"ts": "2026-04-28T22:09:31.630710+00:00", "level": "INFO", "jobId": "b13f87fa-9317-4cb4-93a4-b9135bc4f25a", "keyword": "nhân dịp khai trương", "step": "cooldown", "message": "Cooldown 1.3s (after capture)", "data": null, "seq": 10796}
{"ts": "2026-04-28T22:09:33.537979+00:00", "level": "INFO", "jobId": "b13f87fa-9317-4cb4-93a4-b9135bc4f25a", "keyword": "nhân dịp khai trương", "step": "capture", "message": "Capturing 9/70 (viewport)…", "data": null, "seq": 10797}
{"ts": "2026-04-28T22:09:33.703673+00:00", "level": "INFO", "jobId": "b13f87fa-9317-4cb4-93a4-b9135bc4f25a", "keyword": "nhân dịp khai trương", "step": "capture", "message": "Expanded \"Xem thêm\" (exact-class): +1 (total 1)", "data": null, "seq": 10798}
{"ts": "2026-04-28T22:09:46.888814+00:00", "level": "INFO", "jobId": "b13f87fa-9317-4cb4-93a4-b9135bc4f25a", "keyword": "nhân dịp khai trương", "step": "capture", "message": "Saved post_009.png", "data": null, "seq": 10799}
{"ts": "2026-04-28T22:09:46.889859+00:00", "level": "INFO", "jobId": "b13f87fa-9317-4cb4-93a4-b9135bc4f25a", "keyword": "nhân dịp khai trương", "step": "cooldown", "message": "Cooldown 1.9s (after capture)", "data": null, "seq": 10800}
{"ts": "2026-04-28T22:09:49.391046+00:00", "level": "INFO", "jobId": "b13f87fa-9317-4cb4-93a4-b9135bc4f25a", "keyword": "nhân dịp khai trương", "step": "capture", "message": "Capturing 10/70 (viewport)…", "data": null, "seq": 10801}
{"ts": "2026-04-28T22:09:49.451941+00:00", "level": "INFO", "jobId": "b13f87fa-9317-4cb4-93a4-b9135bc4f25a", "keyword": "nhân dịp khai trương", "step": "capture", "message": "Expanded \"Xem thêm\" (exact-class): +1 (total 1)", "data": null, "seq": 10802}
{"ts": "2026-04-28T22:10:02.414666+00:00", "level": "INFO", "jobId": "b13f87fa-9317-4cb4-93a4-b9135bc4f25a", "keyword": "nhân dịp khai trương", "step": "capture", "message": "Saved post_010.png", "data": null, "seq": 10803}
{"ts": "2026-04-28T22:10:02.414666+00:00", "level": "INFO", "jobId": "b13f87fa-9317-4cb4-93a4-b9135bc4f25a", "keyword": "nhân dịp khai trương", "step": "cooldown", "message": "Cooldown 2.6s (after capture)", "data": null, "seq": 10804}
{"ts": "2026-04-28T22:10:05.597045+00:00", "level": "INFO", "jobId": "b13f87fa-9317-4cb4-93a4-b9135bc4f25a", "keyword": "nhân dịp khai trương", "step": "capture", "message": "Capturing 11/70 (viewport)…", "data": null, "seq": 10805}
{"ts": "2026-04-28T22:10:05.669892+00:00", "level": "INFO", "jobId": "b13f87fa-9317-4cb4-93a4-b9135bc4f25a", "keyword": "nhân dịp khai trương", "step": "capture", "message": "Expanded \"Xem thêm\" (exact-class): +1 (total 1)", "data": null, "seq": 10806}
{"ts": "2026-04-28T22:10:18.725317+00:00", "level": "INFO", "jobId": "b13f87fa-9317-4cb4-93a4-b9135bc4f25a", "keyword": "nhân dịp khai trương", "step": "capture", "message": "Saved post_011.png", "data": null, "seq": 10807}
{"ts": "2026-04-28T22:10:18.725317+00:00", "level": "INFO", "jobId": "b13f87fa-9317-4cb4-93a4-b9135bc4f25a", "keyword": "nhân dịp khai trương", "step": "cooldown", "message": "Cooldown 1.6s (after capture)", "data": null, "seq": 10808}
{"ts": "2026-04-28T22:10:20.884892+00:00", "level": "INFO", "jobId": "b13f87fa-9317-4cb4-93a4-b9135bc4f25a", "keyword": "nhân dịp khai trương", "step": "capture", "message": "Capturing 12/70 (viewport)…", "data": null, "seq": 10809}
{"ts": "2026-04-28T22:10:20.961023+00:00", "level": "INFO", "jobId": "b13f87fa-9317-4cb4-93a4-b9135bc4f25a", "keyword": "nhân dịp khai trương", "step": "capture", "message": "Expanded \"Xem thêm\" (exact-class): +1 (total 1)", "data": null, "seq": 10810}
{"ts": "2026-04-28T22:10:34.061600+00:00", "level": "INFO", "jobId": "b13f87fa-9317-4cb4-93a4-b9135bc4f25a", "keyword": "nhân dịp khai trương", "step": "capture", "message": "Saved post_012.png", "data": null, "seq": 10811}
{"ts": "2026-04-28T22:10:34.061600+00:00", "level": "INFO", "jobId": "b13f87fa-9317-4cb4-93a4-b9135bc4f25a", "keyword": "nhân dịp khai trương", "step": "cooldown", "message": "Cooldown 2.8s (after capture)", "data": null, "seq": 10812}
{"ts": "2026-04-28T22:10:37.431797+00:00", "level": "INFO", "jobId": "b13f87fa-9317-4cb4-93a4-b9135bc4f25a", "keyword": "nhân dịp khai trương", "step": "capture", "message": "Capturing 13/70 (viewport)…", "data": null, "seq": 10813}
{"ts": "2026-04-28T22:10:37.523134+00:00", "level": "INFO", "jobId": "b13f87fa-9317-4cb4-93a4-b9135bc4f25a", "keyword": "nhân dịp khai trương", "step": "capture", "message": "Expanded \"Xem thêm\" (exact-class): +1 (total 1)", "data": null, "seq": 10814}
{"ts": "2026-04-28T22:10:50.431235+00:00", "level": "INFO", "jobId": "b13f87fa-9317-4cb4-93a4-b9135bc4f25a", "keyword": "nhân dịp khai trương", "step": "capture", "message": "Saved post_013.png", "data": null, "seq": 10815}
{"ts": "2026-04-28T22:10:50.431235+00:00", "level": "INFO", "jobId": "b13f87fa-9317-4cb4-93a4-b9135bc4f25a", "keyword": "nhân dịp khai trương", "step": "cooldown", "message": "Cooldown 1.8s (after capture)", "data": null, "seq": 10816}
{"ts": "2026-04-28T22:10:52.823497+00:00", "level": "INFO", "jobId": "b13f87fa-9317-4cb4-93a4-b9135bc4f25a", "keyword": "nhân dịp khai trương", "step": "capture", "message": "Capturing 14/70 (viewport)…", "data": null, "seq": 10817}
{"ts": "2026-04-28T22:10:52.914305+00:00", "level": "INFO", "jobId": "b13f87fa-9317-4cb4-93a4-b9135bc4f25a", "keyword": "nhân dịp khai trương", "step": "capture", "message": "Expanded \"Xem thêm\" (exact-class): +1 (total 1)", "data": null, "seq": 10818}
{"ts": "2026-04-28T22:11:05.960003+00:00", "level": "INFO", "jobId": "b13f87fa-9317-4cb4-93a4-b9135bc4f25a", "keyword": "nhân dịp khai trương", "step": "capture", "message": "Saved post_014.png", "data": null, "seq": 10819}
{"ts": "2026-04-28T22:11:05.960003+00:00", "level": "INFO", "jobId": "b13f87fa-9317-4cb4-93a4-b9135bc4f25a", "keyword": "nhân dịp khai trương", "step": "cooldown", "message": "Cooldown 2.5s (after capture)", "data": null, "seq": 10820}
{"ts": "2026-04-28T22:11:09.045130+00:00", "level": "INFO", "jobId": "b13f87fa-9317-4cb4-93a4-b9135bc4f25a", "keyword": "nhân dịp khai trương", "step": "capture", "message": "Capturing 15/70 (viewport)…", "data": null, "seq": 10821}
{"ts": "2026-04-28T22:11:09.121804+00:00", "level": "INFO", "jobId": "b13f87fa-9317-4cb4-93a4-b9135bc4f25a", "keyword": "nhân dịp khai trương", "step": "capture", "message": "Expanded \"Xem thêm\" (exact-class): +1 (total 1)", "data": null, "seq": 10822}
{"ts": "2026-04-28T22:11:22.013503+00:00", "level": "INFO", "jobId": "b13f87fa-9317-4cb4-93a4-b9135bc4f25a", "keyword": "nhân dịp khai trương", "step": "capture", "message": "Saved post_015.png", "data": null, "seq": 10823}
{"ts": "2026-04-28T22:11:22.014543+00:00", "level": "INFO", "jobId": "b13f87fa-9317-4cb4-93a4-b9135bc4f25a", "keyword": "nhân dịp khai trương", "step": "cooldown", "message": "Cooldown 1.2s (after capture)", "data": null, "seq": 10824}
{"ts": "2026-04-28T22:11:23.762777+00:00", "level": "INFO", "jobId": "b13f87fa-9317-4cb4-93a4-b9135bc4f25a", "keyword": "nhân dịp khai trương", "step": "capture", "message": "Capturing 16/70 (viewport)…", "data": null, "seq": 10825}
{"ts": "2026-04-28T22:11:23.868911+00:00", "level": "INFO", "jobId": "b13f87fa-9317-4cb4-93a4-b9135bc4f25a", "keyword": "nhân dịp khai trương", "step": "capture", "message": "Expanded \"Xem thêm\" (exact-class): +1 (total 1)", "data": null, "seq": 10826}
{"ts": "2026-04-28T22:11:36.770844+00:00", "level": "INFO", "jobId": "b13f87fa-9317-4cb4-93a4-b9135bc4f25a", "keyword": "nhân dịp khai trương", "step": "capture", "message": "Saved post_016.png", "data": null, "seq": 10827}
{"ts": "2026-04-28T22:11:36.770844+00:00", "level": "INFO", "jobId": "b13f87fa-9317-4cb4-93a4-b9135bc4f25a", "keyword": "nhân dịp khai trương", "step": "cooldown", "message": "Cooldown 2.1s (after capture)", "data": null, "seq": 10828}
{"ts": "2026-04-28T22:11:39.382670+00:00", "level": "INFO", "jobId": "b13f87fa-9317-4cb4-93a4-b9135bc4f25a", "keyword": "nhân dịp khai trương", "step": "capture", "message": "Capturing 17/70 (viewport)…", "data": null, "seq": 10829}
{"ts": "2026-04-28T22:11:39.474230+00:00", "level": "INFO", "jobId": "b13f87fa-9317-4cb4-93a4-b9135bc4f25a", "keyword": "nhân dịp khai trương", "step": "capture", "message": "Expanded \"Xem thêm\" (exact-class): +1 (total 1)", "data": null, "seq": 10830}
{"ts": "2026-04-28T22:11:52.402041+00:00", "level": "INFO", "jobId": "b13f87fa-9317-4cb4-93a4-b9135bc4f25a", "keyword": "nhân dịp khai trương", "step": "capture", "message": "Saved post_017.png", "data": null, "seq": 10831}
{"ts": "2026-04-28T22:11:52.402041+00:00", "level": "INFO", "jobId": "b13f87fa-9317-4cb4-93a4-b9135bc4f25a", "keyword": "nhân dịp khai trương", "step": "cooldown", "message": "Cooldown 2.2s (after capture)", "data": null, "seq": 10832}
{"ts": "2026-04-28T22:11:55.175123+00:00", "level": "INFO", "jobId": "b13f87fa-9317-4cb4-93a4-b9135bc4f25a", "keyword": "nhân dịp khai trương", "step": "capture", "message": "Capturing 18/70 (viewport)…", "data": null, "seq": 10833}
{"ts": "2026-04-28T22:11:55.268731+00:00", "level": "INFO", "jobId": "b13f87fa-9317-4cb4-93a4-b9135bc4f25a", "keyword": "nhân dịp khai trương", "step": "capture", "message": "Expanded \"Xem thêm\" (exact-class): +1 (total 1)", "data": null, "seq": 10834}
{"ts": "2026-04-28T22:12:08.207543+00:00", "level": "INFO", "jobId": "b13f87fa-9317-4cb4-93a4-b9135bc4f25a", "keyword": "nhân dịp khai trương", "step": "capture", "message": "Saved post_018.png", "data": null, "seq": 10835}
{"ts": "2026-04-28T22:12:08.207543+00:00", "level": "INFO", "jobId": "b13f87fa-9317-4cb4-93a4-b9135bc4f25a", "keyword": "nhân dịp khai trương", "step": "cooldown", "message": "Cooldown 1.1s (after capture)", "data": null, "seq": 10836}
{"ts": "2026-04-28T22:12:09.874617+00:00", "level": "INFO", "jobId": "b13f87fa-9317-4cb4-93a4-b9135bc4f25a", "keyword": "nhân dịp khai trương", "step": "capture", "message": "Capturing 19/70 (viewport)…", "data": null, "seq": 10837}
{"ts": "2026-04-28T22:12:10.037422+00:00", "level": "INFO", "jobId": "b13f87fa-9317-4cb4-93a4-b9135bc4f25a", "keyword": "nhân dịp khai trương", "step": "capture", "message": "Expanded \"Xem thêm\" (exact-class): +1 (total 1)", "data": null, "seq": 10838}
{"ts": "2026-04-28T22:12:23.418334+00:00", "level": "INFO", "jobId": "b13f87fa-9317-4cb4-93a4-b9135bc4f25a", "keyword": "nhân dịp khai trương", "step": "capture", "message": "Saved post_019.png", "data": null, "seq": 10839}
{"ts": "2026-04-28T22:12:23.418334+00:00", "level": "INFO", "jobId": "b13f87fa-9317-4cb4-93a4-b9135bc4f25a", "keyword": "nhân dịp khai trương", "step": "cooldown", "message": "Cooldown 2.4s (after capture)", "data": null, "seq": 10840}
{"ts": "2026-04-28T22:12:26.433358+00:00", "level": "INFO", "jobId": "b13f87fa-9317-4cb4-93a4-b9135bc4f25a", "keyword": "nhân dịp khai trương", "step": "capture", "message": "Capturing 20/70 (viewport)…", "data": null, "seq": 10841}
{"ts": "2026-04-28T22:12:26.615593+00:00", "level": "INFO", "jobId": "b13f87fa-9317-4cb4-93a4-b9135bc4f25a", "keyword": "nhân dịp khai trương", "step": "capture", "message": "Expanded \"Xem thêm\" (exact-class): +1 (total 1)", "data": null, "seq": 10842}
{"ts": "2026-04-28T22:12:39.552242+00:00", "level": "INFO", "jobId": "b13f87fa-9317-4cb4-93a4-b9135bc4f25a", "keyword": "nhân dịp khai trương", "step": "capture", "message": "Saved post_020.png", "data": null, "seq": 10843}
{"ts": "2026-04-28T22:12:39.553430+00:00", "level": "INFO", "jobId": "b13f87fa-9317-4cb4-93a4-b9135bc4f25a", "keyword": "nhân dịp khai trương", "step": "cooldown", "message": "Cooldown 2.7s (after capture)", "data": null, "seq": 10844}
{"ts": "2026-04-28T22:12:42.824382+00:00", "level": "INFO", "jobId": "b13f87fa-9317-4cb4-93a4-b9135bc4f25a", "keyword": "nhân dịp khai trương", "step": "capture", "message": "Capturing 21/70 (viewport)…", "data": null, "seq": 10845}
{"ts": "2026-04-28T22:12:42.897260+00:00", "level": "INFO", "jobId": "b13f87fa-9317-4cb4-93a4-b9135bc4f25a", "keyword": "nhân dịp khai trương", "step": "capture", "message": "Expanded \"Xem thêm\" (exact-class): +1 (total 1)", "data": null, "seq": 10846}
{"ts": "2026-04-28T22:12:55.958856+00:00", "level": "INFO", "jobId": "b13f87fa-9317-4cb4-93a4-b9135bc4f25a", "keyword": "nhân dịp khai trương", "step": "capture", "message": "Saved post_021.png", "data": null, "seq": 10847}
{"ts": "2026-04-28T22:12:55.960122+00:00", "level": "INFO", "jobId": "b13f87fa-9317-4cb4-93a4-b9135bc4f25a", "keyword": "nhân dịp khai trương", "step": "cooldown", "message": "Cooldown 1.4s (after capture)", "data": null, "seq": 10848}
{"ts": "2026-04-28T22:12:57.881492+00:00", "level": "INFO", "jobId": "b13f87fa-9317-4cb4-93a4-b9135bc4f25a", "keyword": "nhân dịp khai trương", "step": "capture", "message": "Capturing 22/70 (viewport)…", "data": null, "seq": 10849}
{"ts": "2026-04-28T22:12:57.997893+00:00", "level": "INFO", "jobId": "b13f87fa-9317-4cb4-93a4-b9135bc4f25a", "keyword": "nhân dịp khai trương", "step": "capture", "message": "Expanded \"Xem thêm\" (exact-class): +1 (total 1)", "data": null, "seq": 10850}
{"ts": "2026-04-28T22:13:10.814090+00:00", "level": "INFO", "jobId": "b13f87fa-9317-4cb4-93a4-b9135bc4f25a", "keyword": "nhân dịp khai trương", "step": "capture", "message": "Saved post_022.png", "data": null, "seq": 10851}
{"ts": "2026-04-28T22:13:10.814090+00:00", "level": "INFO", "jobId": "b13f87fa-9317-4cb4-93a4-b9135bc4f25a", "keyword": "nhân dịp khai trương", "step": "cooldown", "message": "Cooldown 1.6s (after capture)", "data": null, "seq": 10852}
{"ts": "2026-04-28T22:13:12.947917+00:00", "level": "INFO", "jobId": "b13f87fa-9317-4cb4-93a4-b9135bc4f25a", "keyword": "nhân dịp khai trương", "step": "capture", "message": "Capturing 23/70 (viewport)…", "data": null, "seq": 10853}
{"ts": "2026-04-28T22:13:13.045078+00:00", "level": "INFO", "jobId": "b13f87fa-9317-4cb4-93a4-b9135bc4f25a", "keyword": "nhân dịp khai trương", "step": "capture", "message": "Expanded \"Xem thêm\" (exact-class): +1 (total 1)", "data": null, "seq": 10854}
{"ts": "2026-04-28T22:13:26.010519+00:00", "level": "INFO", "jobId": "b13f87fa-9317-4cb4-93a4-b9135bc4f25a", "keyword": "nhân dịp khai trương", "step": "capture", "message": "Saved post_023.png", "data": null, "seq": 10855}
{"ts": "2026-04-28T22:13:26.010519+00:00", "level": "INFO", "jobId": "b13f87fa-9317-4cb4-93a4-b9135bc4f25a", "keyword": "nhân dịp khai trương", "step": "cooldown", "message": "Cooldown 1.2s (after capture)", "data": null, "seq": 10856}
{"ts": "2026-04-28T22:13:27.768676+00:00", "level": "INFO", "jobId": "b13f87fa-9317-4cb4-93a4-b9135bc4f25a", "keyword": "nhân dịp khai trương", "step": "capture", "message": "Capturing 24/70 (viewport)…", "data": null, "seq": 10857}
{"ts": "2026-04-28T22:13:27.877612+00:00", "level": "INFO", "jobId": "b13f87fa-9317-4cb4-93a4-b9135bc4f25a", "keyword": "nhân dịp khai trương", "step": "capture", "message": "Expanded \"Xem thêm\" (exact-class): +1 (total 1)", "data": null, "seq": 10858}
{"ts": "2026-04-28T22:13:40.685144+00:00", "level": "INFO", "jobId": "b13f87fa-9317-4cb4-93a4-b9135bc4f25a", "keyword": "nhân dịp khai trương", "step": "capture", "message": "Saved post_024.png", "data": null, "seq": 10859}
{"ts": "2026-04-28T22:13:40.685144+00:00", "level": "INFO", "jobId": "b13f87fa-9317-4cb4-93a4-b9135bc4f25a", "keyword": "nhân dịp khai trương", "step": "cooldown", "message": "Cooldown 1.5s (after capture)", "data": null, "seq": 10860}
{"ts": "2026-04-28T22:13:42.816725+00:00", "level": "INFO", "jobId": "b13f87fa-9317-4cb4-93a4-b9135bc4f25a", "keyword": "nhân dịp khai trương", "step": "capture", "message": "Capturing 25/70 (viewport)…", "data": null, "seq": 10861}
{"ts": "2026-04-28T22:13:42.952180+00:00", "level": "INFO", "jobId": "b13f87fa-9317-4cb4-93a4-b9135bc4f25a", "keyword": "nhân dịp khai trương", "step": "capture", "message": "Expanded \"Xem thêm\" (exact-class): +1 (total 1)", "data": null, "seq": 10862}
{"ts": "2026-04-28T22:13:55.994323+00:00", "level": "INFO", "jobId": "b13f87fa-9317-4cb4-93a4-b9135bc4f25a", "keyword": "nhân dịp khai trương", "step": "capture", "message": "Saved post_025.png", "data": null, "seq": 10863}
{"ts": "2026-04-28T22:13:55.994323+00:00", "level": "INFO", "jobId": "b13f87fa-9317-4cb4-93a4-b9135bc4f25a", "keyword": "nhân dịp khai trương", "step": "cooldown", "message": "Cooldown 1.7s (after capture)", "data": null, "seq": 10864}
{"ts": "2026-04-28T22:13:58.261242+00:00", "level": "INFO", "jobId": "b13f87fa-9317-4cb4-93a4-b9135bc4f25a", "keyword": "nhân dịp khai trương", "step": "capture", "message": "Capturing 26/70 (viewport)…", "data": null, "seq": 10865}
{"ts": "2026-04-28T22:13:58.380081+00:00", "level": "INFO", "jobId": "b13f87fa-9317-4cb4-93a4-b9135bc4f25a", "keyword": "nhân dịp khai trương", "step": "capture", "message": "Expanded \"Xem thêm\" (exact-class): +1 (total 1)", "data": null, "seq": 10866}
{"ts": "2026-04-28T22:14:11.584838+00:00", "level": "INFO", "jobId": "b13f87fa-9317-4cb4-93a4-b9135bc4f25a", "keyword": "nhân dịp khai trương", "step": "capture", "message": "Saved post_026.png", "data": null, "seq": 10867}
{"ts": "2026-04-28T22:14:11.586033+00:00", "level": "INFO", "jobId": "b13f87fa-9317-4cb4-93a4-b9135bc4f25a", "keyword": "nhân dịp khai trương", "step": "cooldown", "message": "Cooldown 2.0s (after capture)", "data": null, "seq": 10868}
{"ts": "2026-04-28T22:14:14.094133+00:00", "level": "INFO", "jobId": "b13f87fa-9317-4cb4-93a4-b9135bc4f25a", "keyword": "nhân dịp khai trương", "step": "capture", "message": "Capturing 27/70 (viewport)…", "data": null, "seq": 10869}
{"ts": "2026-04-28T22:14:26.907528+00:00", "level": "INFO", "jobId": "b13f87fa-9317-4cb4-93a4-b9135bc4f25a", "keyword": "nhân dịp khai trương", "step": "capture", "message": "Saved post_027.png", "data": null, "seq": 10870}
{"ts": "2026-04-28T22:14:26.907528+00:00", "level": "INFO", "jobId": "b13f87fa-9317-4cb4-93a4-b9135bc4f25a", "keyword": "nhân dịp khai trương", "step": "cooldown", "message": "Cooldown 1.8s (after capture)", "data": null, "seq": 10871}
{"ts": "2026-04-28T22:14:29.325965+00:00", "level": "INFO", "jobId": "b13f87fa-9317-4cb4-93a4-b9135bc4f25a", "keyword": "nhân dịp khai trương", "step": "capture", "message": "Capturing 28/70 (viewport)…", "data": null, "seq": 10872}
{"ts": "2026-04-28T22:14:29.447996+00:00", "level": "INFO", "jobId": "b13f87fa-9317-4cb4-93a4-b9135bc4f25a", "keyword": "nhân dịp khai trương", "step": "capture", "message": "Expanded \"Xem thêm\" (exact-class): +2 (total 2)", "data": null, "seq": 10873}
{"ts": "2026-04-28T22:14:42.455572+00:00", "level": "INFO", "jobId": "b13f87fa-9317-4cb4-93a4-b9135bc4f25a", "keyword": "nhân dịp khai trương", "step": "capture", "message": "Saved post_028.png", "data": null, "seq": 10874}
{"ts": "2026-04-28T22:14:42.456775+00:00", "level": "INFO", "jobId": "b13f87fa-9317-4cb4-93a4-b9135bc4f25a", "keyword": "nhân dịp khai trương", "step": "cooldown", "message": "Cooldown 1.5s (after capture)", "data": null, "seq": 10875}
{"ts": "2026-04-28T22:14:44.556665+00:00", "level": "INFO", "jobId": "b13f87fa-9317-4cb4-93a4-b9135bc4f25a", "keyword": "nhân dịp khai trương", "step": "capture", "message": "Capturing 29/70 (viewport)…", "data": null, "seq": 10876}
{"ts": "2026-04-28T22:14:44.661734+00:00", "level": "INFO", "jobId": "b13f87fa-9317-4cb4-93a4-b9135bc4f25a", "keyword": "nhân dịp khai trương", "step": "capture", "message": "Expanded \"Xem thêm\" (exact-class): +1 (total 1)", "data": null, "seq": 10877}
{"ts": "2026-04-28T22:14:57.453798+00:00", "level": "INFO", "jobId": "b13f87fa-9317-4cb4-93a4-b9135bc4f25a", "keyword": "nhân dịp khai trương", "step": "capture", "message": "Saved post_029.png", "data": null, "seq": 10878}
{"ts": "2026-04-28T22:14:57.453798+00:00", "level": "INFO", "jobId": "b13f87fa-9317-4cb4-93a4-b9135bc4f25a", "keyword": "nhân dịp khai trương", "step": "cooldown", "message": "Cooldown 2.2s (after capture)", "data": null, "seq": 10879}
{"ts": "2026-04-28T22:15:00.266903+00:00", "level": "INFO", "jobId": "b13f87fa-9317-4cb4-93a4-b9135bc4f25a", "keyword": "nhân dịp khai trương", "step": "capture", "message": "Capturing 30/70 (viewport)…", "data": null, "seq": 10880}
{"ts": "2026-04-28T22:15:12.944388+00:00", "level": "INFO", "jobId": "b13f87fa-9317-4cb4-93a4-b9135bc4f25a", "keyword": "nhân dịp khai trương", "step": "capture", "message": "Saved post_030.png", "data": null, "seq": 10881}
{"ts": "2026-04-28T22:15:12.944388+00:00", "level": "INFO", "jobId": "b13f87fa-9317-4cb4-93a4-b9135bc4f25a", "keyword": "nhân dịp khai trương", "step": "cooldown", "message": "Cooldown 2.6s (after capture)", "data": null, "seq": 10882}
{"ts": "2026-04-28T22:15:16.183447+00:00", "level": "INFO", "jobId": "b13f87fa-9317-4cb4-93a4-b9135bc4f25a", "keyword": "nhân dịp khai trương", "step": "capture", "message": "Capturing 31/70 (viewport)…", "data": null, "seq": 10883}
{"ts": "2026-04-28T22:15:16.345780+00:00", "level": "INFO", "jobId": "b13f87fa-9317-4cb4-93a4-b9135bc4f25a", "keyword": "nhân dịp khai trương", "step": "capture", "message": "Expanded \"Xem thêm\" (exact-class): +2 (total 2)", "data": null, "seq": 10884}
{"ts": "2026-04-28T22:15:29.939500+00:00", "level": "INFO", "jobId": "b13f87fa-9317-4cb4-93a4-b9135bc4f25a", "keyword": "nhân dịp khai trương", "step": "capture", "message": "Saved post_031.png", "data": null, "seq": 10885}
{"ts": "2026-04-28T22:15:29.939500+00:00", "level": "INFO", "jobId": "b13f87fa-9317-4cb4-93a4-b9135bc4f25a", "keyword": "nhân dịp khai trương", "step": "cooldown", "message": "Cooldown 2.7s (after capture)", "data": null, "seq": 10886}
{"ts": "2026-04-28T22:15:33.302920+00:00", "level": "INFO", "jobId": "b13f87fa-9317-4cb4-93a4-b9135bc4f25a", "keyword": "nhân dịp khai trương", "step": "capture", "message": "Capturing 32/70 (viewport)…", "data": null, "seq": 10887}
{"ts": "2026-04-28T22:15:45.892122+00:00", "level": "INFO", "jobId": "b13f87fa-9317-4cb4-93a4-b9135bc4f25a", "keyword": "nhân dịp khai trương", "step": "capture", "message": "Saved post_032.png", "data": null, "seq": 10888}
{"ts": "2026-04-28T22:15:45.893278+00:00", "level": "INFO", "jobId": "b13f87fa-9317-4cb4-93a4-b9135bc4f25a", "keyword": "nhân dịp khai trương", "step": "cooldown", "message": "Cooldown 1.1s (after capture)", "data": null, "seq": 10889}
{"ts": "2026-04-28T22:15:47.572966+00:00", "level": "INFO", "jobId": "b13f87fa-9317-4cb4-93a4-b9135bc4f25a", "keyword": "nhân dịp khai trương", "step": "capture", "message": "Capturing 33/70 (viewport)…", "data": null, "seq": 10890}
{"ts": "2026-04-28T22:15:47.755572+00:00", "level": "INFO", "jobId": "b13f87fa-9317-4cb4-93a4-b9135bc4f25a", "keyword": "nhân dịp khai trương", "step": "capture", "message": "Expanded \"Xem thêm\" (exact-class): +2 (total 2)", "data": null, "seq": 10891}
{"ts": "2026-04-28T22:16:00.623469+00:00", "level": "INFO", "jobId": "b13f87fa-9317-4cb4-93a4-b9135bc4f25a", "keyword": "nhân dịp khai trương", "step": "capture", "message": "Saved post_033.png", "data": null, "seq": 10892}
{"ts": "2026-04-28T22:16:00.623469+00:00", "level": "INFO", "jobId": "b13f87fa-9317-4cb4-93a4-b9135bc4f25a", "keyword": "nhân dịp khai trương", "step": "cooldown", "message": "Cooldown 1.5s (after capture)", "data": null, "seq": 10893}
{"ts": "2026-04-28T22:16:02.773360+00:00", "level": "INFO", "jobId": "b13f87fa-9317-4cb4-93a4-b9135bc4f25a", "keyword": "nhân dịp khai trương", "step": "capture", "message": "Capturing 34/70 (viewport)…", "data": null, "seq": 10894}
{"ts": "2026-04-28T22:16:15.393579+00:00", "level": "INFO", "jobId": "b13f87fa-9317-4cb4-93a4-b9135bc4f25a", "keyword": "nhân dịp khai trương", "step": "capture", "message": "Saved post_034.png", "data": null, "seq": 10895}
{"ts": "2026-04-28T22:16:15.393579+00:00", "level": "INFO", "jobId": "b13f87fa-9317-4cb4-93a4-b9135bc4f25a", "keyword": "nhân dịp khai trương", "step": "cooldown", "message": "Cooldown 1.6s (after capture)", "data": null, "seq": 10896}
{"ts": "2026-04-28T22:16:17.631735+00:00", "level": "INFO", "jobId": "b13f87fa-9317-4cb4-93a4-b9135bc4f25a", "keyword": "nhân dịp khai trương", "step": "capture", "message": "Capturing 35/70 (viewport)…", "data": null, "seq": 10897}
{"ts": "2026-04-28T22:16:17.746502+00:00", "level": "INFO", "jobId": "b13f87fa-9317-4cb4-93a4-b9135bc4f25a", "keyword": "nhân dịp khai trương", "step": "capture", "message": "Expanded \"Xem thêm\" (exact-class): +1 (total 1)", "data": null, "seq": 10898}
{"ts": "2026-04-28T22:16:30.708645+00:00", "level": "INFO", "jobId": "b13f87fa-9317-4cb4-93a4-b9135bc4f25a", "keyword": "nhân dịp khai trương", "step": "capture", "message": "Saved post_035.png", "data": null, "seq": 10899}
{"ts": "2026-04-28T22:16:30.708645+00:00", "level": "INFO", "jobId": "b13f87fa-9317-4cb4-93a4-b9135bc4f25a", "keyword": "nhân dịp khai trương", "step": "cooldown", "message": "Cooldown 2.2s (after capture)", "data": null, "seq": 10900}
{"ts": "2026-04-28T22:16:33.456149+00:00", "level": "INFO", "jobId": "b13f87fa-9317-4cb4-93a4-b9135bc4f25a", "keyword": "nhân dịp khai trương", "step": "capture", "message": "Capturing 36/70 (viewport)…", "data": null, "seq": 10901}
{"ts": "2026-04-28T22:16:33.551360+00:00", "level": "INFO", "jobId": "b13f87fa-9317-4cb4-93a4-b9135bc4f25a", "keyword": "nhân dịp khai trương", "step": "capture", "message": "Expanded \"Xem thêm\" (exact-class): +1 (total 1)", "data": null, "seq": 10902}
{"ts": "2026-04-28T22:16:46.399283+00:00", "level": "INFO", "jobId": "b13f87fa-9317-4cb4-93a4-b9135bc4f25a", "keyword": "nhân dịp khai trương", "step": "capture", "message": "Saved post_036.png", "data": null, "seq": 10903}
{"ts": "2026-04-28T22:16:46.400285+00:00", "level": "INFO", "jobId": "b13f87fa-9317-4cb4-93a4-b9135bc4f25a", "keyword": "nhân dịp khai trương", "step": "cooldown", "message": "Cooldown 2.8s (after capture)", "data": null, "seq": 10904}
{"ts": "2026-04-28T22:16:49.817311+00:00", "level": "INFO", "jobId": "b13f87fa-9317-4cb4-93a4-b9135bc4f25a", "keyword": "nhân dịp khai trương", "step": "capture", "message": "Capturing 37/70 (viewport)…", "data": null, "seq": 10905}
{"ts": "2026-04-28T22:16:49.984835+00:00", "level": "INFO", "jobId": "b13f87fa-9317-4cb4-93a4-b9135bc4f25a", "keyword": "nhân dịp khai trương", "step": "capture", "message": "Expanded \"Xem thêm\" (exact-class): +1 (total 1)", "data": null, "seq": 10906}
{"ts": "2026-04-28T22:17:02.951928+00:00", "level": "INFO", "jobId": "b13f87fa-9317-4cb4-93a4-b9135bc4f25a", "keyword": "nhân dịp khai trương", "step": "capture", "message": "Saved post_037.png", "data": null, "seq": 10907}
{"ts": "2026-04-28T22:17:02.953078+00:00", "level": "INFO", "jobId": "b13f87fa-9317-4cb4-93a4-b9135bc4f25a", "keyword": "nhân dịp khai trương", "step": "cooldown", "message": "Cooldown 2.5s (after capture)", "data": null, "seq": 10908}
{"ts": "2026-04-28T22:17:06.002539+00:00", "level": "INFO", "jobId": "b13f87fa-9317-4cb4-93a4-b9135bc4f25a", "keyword": "nhân dịp khai trương", "step": "capture", "message": "Capturing 38/70 (viewport)…", "data": null, "seq": 10909}
{"ts": "2026-04-28T22:17:06.112813+00:00", "level": "INFO", "jobId": "b13f87fa-9317-4cb4-93a4-b9135bc4f25a", "keyword": "nhân dịp khai trương", "step": "capture", "message": "Expanded \"Xem thêm\" (exact-class): +1 (total 1)", "data": null, "seq": 10910}
{"ts": "2026-04-28T22:17:18.923277+00:00", "level": "INFO", "jobId": "b13f87fa-9317-4cb4-93a4-b9135bc4f25a", "keyword": "nhân dịp khai trương", "step": "capture", "message": "Saved post_038.png", "data": null, "seq": 10911}
{"ts": "2026-04-28T22:17:18.923277+00:00", "level": "INFO", "jobId": "b13f87fa-9317-4cb4-93a4-b9135bc4f25a", "keyword": "nhân dịp khai trương", "step": "cooldown", "message": "Cooldown 1.1s (after capture)", "data": null, "seq": 10912}
{"ts": "2026-04-28T22:17:20.618670+00:00", "level": "INFO", "jobId": "b13f87fa-9317-4cb4-93a4-b9135bc4f25a", "keyword": "nhân dịp khai trương", "step": "capture", "message": "Capturing 39/70 (viewport)…", "data": null, "seq": 10913}
{"ts": "2026-04-28T22:17:20.761397+00:00", "level": "INFO", "jobId": "b13f87fa-9317-4cb4-93a4-b9135bc4f25a", "keyword": "nhân dịp khai trương", "step": "capture", "message": "Expanded \"Xem thêm\" (exact-class): +1 (total 1)", "data": null, "seq": 10914}
{"ts": "2026-04-28T22:17:33.734465+00:00", "level": "INFO", "jobId": "b13f87fa-9317-4cb4-93a4-b9135bc4f25a", "keyword": "nhân dịp khai trương", "step": "capture", "message": "Saved post_039.png", "data": null, "seq": 10915}
{"ts": "2026-04-28T22:17:33.734465+00:00", "level": "INFO", "jobId": "b13f87fa-9317-4cb4-93a4-b9135bc4f25a", "keyword": "nhân dịp khai trương", "step": "cooldown", "message": "Cooldown 2.4s (after capture)", "data": null, "seq": 10916}
{"ts": "2026-04-28T22:17:36.675158+00:00", "level": "INFO", "jobId": "b13f87fa-9317-4cb4-93a4-b9135bc4f25a", "keyword": "nhân dịp khai trương", "step": "capture", "message": "Capturing 40/70 (viewport)…", "data": null, "seq": 10917}
{"ts": "2026-04-28T22:17:36.800203+00:00", "level": "INFO", "jobId": "b13f87fa-9317-4cb4-93a4-b9135bc4f25a", "keyword": "nhân dịp khai trương", "step": "capture", "message": "Expanded \"Xem thêm\" (exact-class): +1 (total 1)", "data": null, "seq": 10918}
{"ts": "2026-04-28T22:17:49.757254+00:00", "level": "INFO", "jobId": "b13f87fa-9317-4cb4-93a4-b9135bc4f25a", "keyword": "nhân dịp khai trương", "step": "capture", "message": "Saved post_040.png", "data": null, "seq": 10919}
{"ts": "2026-04-28T22:17:49.758253+00:00", "level": "INFO", "jobId": "b13f87fa-9317-4cb4-93a4-b9135bc4f25a", "keyword": "nhân dịp khai trương", "step": "cooldown", "message": "Cooldown 2.2s (after capture)", "data": null, "seq": 10920}
{"ts": "2026-04-28T22:17:52.564476+00:00", "level": "INFO", "jobId": "b13f87fa-9317-4cb4-93a4-b9135bc4f25a", "keyword": "nhân dịp khai trương", "step": "capture", "message": "Capturing 41/70 (viewport)…", "data": null, "seq": 10921}
{"ts": "2026-04-28T22:17:52.679917+00:00", "level": "INFO", "jobId": "b13f87fa-9317-4cb4-93a4-b9135bc4f25a", "keyword": "nhân dịp khai trương", "step": "capture", "message": "Expanded \"Xem thêm\" (exact-class): +1 (total 1)", "data": null, "seq": 10922}
{"ts": "2026-04-28T22:18:05.649186+00:00", "level": "INFO", "jobId": "b13f87fa-9317-4cb4-93a4-b9135bc4f25a", "keyword": "nhân dịp khai trương", "step": "capture", "message": "Saved post_041.png", "data": null, "seq": 10923}
{"ts": "2026-04-28T22:18:05.649186+00:00", "level": "INFO", "jobId": "b13f87fa-9317-4cb4-93a4-b9135bc4f25a", "keyword": "nhân dịp khai trương", "step": "cooldown", "message": "Cooldown 1.8s (after capture)", "data": null, "seq": 10924}
{"ts": "2026-04-28T22:18:08.047735+00:00", "level": "INFO", "jobId": "b13f87fa-9317-4cb4-93a4-b9135bc4f25a", "keyword": "nhân dịp khai trương", "step": "capture", "message": "Capturing 42/70 (viewport)…", "data": null, "seq": 10925}
{"ts": "2026-04-28T22:18:08.186435+00:00", "level": "INFO", "jobId": "b13f87fa-9317-4cb4-93a4-b9135bc4f25a", "keyword": "nhân dịp khai trương", "step": "capture", "message": "Expanded \"Xem thêm\" (exact-class): +1 (total 1)", "data": null, "seq": 10926}
{"ts": "2026-04-28T22:18:20.956783+00:00", "level": "INFO", "jobId": "b13f87fa-9317-4cb4-93a4-b9135bc4f25a", "keyword": "nhân dịp khai trương", "step": "capture", "message": "Saved post_042.png", "data": null, "seq": 10927}
{"ts": "2026-04-28T22:18:20.957887+00:00", "level": "INFO", "jobId": "b13f87fa-9317-4cb4-93a4-b9135bc4f25a", "keyword": "nhân dịp khai trương", "step": "cooldown", "message": "Cooldown 2.6s (after capture)", "data": null, "seq": 10928}
{"ts": "2026-04-28T22:18:24.101290+00:00", "level": "INFO", "jobId": "b13f87fa-9317-4cb4-93a4-b9135bc4f25a", "keyword": "nhân dịp khai trương", "step": "capture", "message": "Capturing 43/70 (viewport)…", "data": null, "seq": 10929}
{"ts": "2026-04-28T22:18:24.219118+00:00", "level": "INFO", "jobId": "b13f87fa-9317-4cb4-93a4-b9135bc4f25a", "keyword": "nhân dịp khai trương", "step": "capture", "message": "Expanded \"Xem thêm\" (exact-class): +2 (total 2)", "data": null, "seq": 10930}
{"ts": "2026-04-28T22:18:36.997676+00:00", "level": "INFO", "jobId": "b13f87fa-9317-4cb4-93a4-b9135bc4f25a", "keyword": "nhân dịp khai trương", "step": "capture", "message": "Saved post_043.png", "data": null, "seq": 10931}
{"ts": "2026-04-28T22:18:36.997676+00:00", "level": "INFO", "jobId": "b13f87fa-9317-4cb4-93a4-b9135bc4f25a", "keyword": "nhân dịp khai trương", "step": "cooldown", "message": "Cooldown 1.4s (after capture)", "data": null, "seq": 10932}
{"ts": "2026-04-28T22:18:38.994693+00:00", "level": "INFO", "jobId": "b13f87fa-9317-4cb4-93a4-b9135bc4f25a", "keyword": "nhân dịp khai trương", "step": "capture", "message": "Capturing 44/70 (viewport)…", "data": null, "seq": 10933}
{"ts": "2026-04-28T22:18:39.166486+00:00", "level": "INFO", "jobId": "b13f87fa-9317-4cb4-93a4-b9135bc4f25a", "keyword": "nhân dịp khai trương", "step": "capture", "message": "Expanded \"Xem thêm\" (exact-class): +1 (total 1)", "data": null, "seq": 10934}
{"ts": "2026-04-28T22:18:52.227582+00:00", "level": "INFO", "jobId": "b13f87fa-9317-4cb4-93a4-b9135bc4f25a", "keyword": "nhân dịp khai trương", "step": "capture", "message": "Saved post_044.png", "data": null, "seq": 10935}
{"ts": "2026-04-28T22:18:52.228752+00:00", "level": "INFO", "jobId": "b13f87fa-9317-4cb4-93a4-b9135bc4f25a", "keyword": "nhân dịp khai trương", "step": "cooldown", "message": "Cooldown 2.0s (after capture)", "data": null, "seq": 10936}
{"ts": "2026-04-28T22:18:54.849478+00:00", "level": "INFO", "jobId": "b13f87fa-9317-4cb4-93a4-b9135bc4f25a", "keyword": "nhân dịp khai trương", "step": "capture", "message": "Capturing 45/70 (viewport)…", "data": null, "seq": 10937}
{"ts": "2026-04-28T22:18:55.035304+00:00", "level": "INFO", "jobId": "b13f87fa-9317-4cb4-93a4-b9135bc4f25a", "keyword": "nhân dịp khai trương", "step": "capture", "message": "Expanded \"Xem thêm\" (exact-class): +1 (total 1)", "data": null, "seq": 10938}
{"ts": "2026-04-28T22:19:07.906854+00:00", "level": "INFO", "jobId": "b13f87fa-9317-4cb4-93a4-b9135bc4f25a", "keyword": "nhân dịp khai trương", "step": "capture", "message": "Saved post_045.png", "data": null, "seq": 10939}
{"ts": "2026-04-28T22:19:07.906854+00:00", "level": "INFO", "jobId": "b13f87fa-9317-4cb4-93a4-b9135bc4f25a", "keyword": "nhân dịp khai trương", "step": "cooldown", "message": "Cooldown 1.2s (after capture)", "data": null, "seq": 10940}
{"ts": "2026-04-28T22:19:09.678701+00:00", "level": "INFO", "jobId": "b13f87fa-9317-4cb4-93a4-b9135bc4f25a", "keyword": "nhân dịp khai trương", "step": "capture", "message": "Capturing 46/70 (viewport)…", "data": null, "seq": 10941}
{"ts": "2026-04-28T22:19:09.861530+00:00", "level": "INFO", "jobId": "b13f87fa-9317-4cb4-93a4-b9135bc4f25a", "keyword": "nhân dịp khai trương", "step": "capture", "message": "Expanded \"Xem thêm\" (exact-class): +1 (total 1)", "data": null, "seq": 10942}
{"ts": "2026-04-28T22:19:23.231927+00:00", "level": "INFO", "jobId": "b13f87fa-9317-4cb4-93a4-b9135bc4f25a", "keyword": "nhân dịp khai trương", "step": "capture", "message": "Saved post_046.png", "data": null, "seq": 10943}
{"ts": "2026-04-28T22:19:23.232929+00:00", "level": "INFO", "jobId": "b13f87fa-9317-4cb4-93a4-b9135bc4f25a", "keyword": "nhân dịp khai trương", "step": "cooldown", "message": "Cooldown 1.6s (after capture)", "data": null, "seq": 10944}
{"ts": "2026-04-28T22:19:25.440569+00:00", "level": "INFO", "jobId": "b13f87fa-9317-4cb4-93a4-b9135bc4f25a", "keyword": "nhân dịp khai trương", "step": "capture", "message": "Capturing 47/70 (viewport)…", "data": null, "seq": 10945}
{"ts": "2026-04-28T22:19:25.677716+00:00", "level": "INFO", "jobId": "b13f87fa-9317-4cb4-93a4-b9135bc4f25a", "keyword": "nhân dịp khai trương", "step": "capture", "message": "Expanded \"Xem thêm\" (exact-class): +2 (total 2)", "data": null, "seq": 10946}
{"ts": "2026-04-28T22:19:38.407380+00:00", "level": "INFO", "jobId": "b13f87fa-9317-4cb4-93a4-b9135bc4f25a", "keyword": "nhân dịp khai trương", "step": "capture", "message": "Saved post_047.png", "data": null, "seq": 10947}
{"ts": "2026-04-28T22:19:38.408423+00:00", "level": "INFO", "jobId": "b13f87fa-9317-4cb4-93a4-b9135bc4f25a", "keyword": "nhân dịp khai trương", "step": "cooldown", "message": "Cooldown 1.5s (after capture)", "data": null, "seq": 10948}
{"ts": "2026-04-28T22:19:40.533661+00:00", "level": "INFO", "jobId": "b13f87fa-9317-4cb4-93a4-b9135bc4f25a", "keyword": "nhân dịp khai trương", "step": "capture", "message": "Capturing 48/70 (viewport)…", "data": null, "seq": 10949}
{"ts": "2026-04-28T22:19:53.299012+00:00", "level": "INFO", "jobId": "b13f87fa-9317-4cb4-93a4-b9135bc4f25a", "keyword": "nhân dịp khai trương", "step": "capture", "message": "Saved post_048.png", "data": null, "seq": 10950}
{"ts": "2026-04-28T22:19:53.299012+00:00", "level": "INFO", "jobId": "b13f87fa-9317-4cb4-93a4-b9135bc4f25a", "keyword": "nhân dịp khai trương", "step": "cooldown", "message": "Cooldown 2.3s (after capture)", "data": null, "seq": 10951}
{"ts": "2026-04-28T22:19:56.269101+00:00", "level": "INFO", "jobId": "b13f87fa-9317-4cb4-93a4-b9135bc4f25a", "keyword": "nhân dịp khai trương", "step": "capture", "message": "Capturing 49/70 (viewport)…", "data": null, "seq": 10952}
{"ts": "2026-04-28T22:19:56.454191+00:00", "level": "INFO", "jobId": "b13f87fa-9317-4cb4-93a4-b9135bc4f25a", "keyword": "nhân dịp khai trương", "step": "capture", "message": "Expanded \"Xem thêm\" (exact-class): +2 (total 2)", "data": null, "seq": 10953}
{"ts": "2026-04-28T22:20:09.442139+00:00", "level": "INFO", "jobId": "b13f87fa-9317-4cb4-93a4-b9135bc4f25a", "keyword": "nhân dịp khai trương", "step": "capture", "message": "Saved post_049.png", "data": null, "seq": 10954}
{"ts": "2026-04-28T22:20:09.442139+00:00", "level": "INFO", "jobId": "b13f87fa-9317-4cb4-93a4-b9135bc4f25a", "keyword": "nhân dịp khai trương", "step": "cooldown", "message": "Cooldown 2.4s (after capture)", "data": null, "seq": 10955}
{"ts": "2026-04-28T22:20:12.431451+00:00", "level": "INFO", "jobId": "b13f87fa-9317-4cb4-93a4-b9135bc4f25a", "keyword": "nhân dịp khai trương", "step": "capture", "message": "Capturing 50/70 (viewport)…", "data": null, "seq": 10956}
{"ts": "2026-04-28T22:20:12.538641+00:00", "level": "INFO", "jobId": "b13f87fa-9317-4cb4-93a4-b9135bc4f25a", "keyword": "nhân dịp khai trương", "step": "capture", "message": "Expanded \"Xem thêm\" (exact-class): +1 (total 1)", "data": null, "seq": 10957}
{"ts": "2026-04-28T22:20:25.517305+00:00", "level": "INFO", "jobId": "b13f87fa-9317-4cb4-93a4-b9135bc4f25a", "keyword": "nhân dịp khai trương", "step": "capture", "message": "Saved post_050.png", "data": null, "seq": 10958}
{"ts": "2026-04-28T22:20:25.518355+00:00", "level": "INFO", "jobId": "b13f87fa-9317-4cb4-93a4-b9135bc4f25a", "keyword": "nhân dịp khai trương", "step": "cooldown", "message": "Cooldown 1.2s (after capture)", "data": null, "seq": 10959}
{"ts": "2026-04-28T22:20:27.372497+00:00", "level": "INFO", "jobId": "b13f87fa-9317-4cb4-93a4-b9135bc4f25a", "keyword": "nhân dịp khai trương", "step": "capture", "message": "Capturing 51/70 (viewport)…", "data": null, "seq": 10960}
{"ts": "2026-04-28T22:20:39.989656+00:00", "level": "INFO", "jobId": "b13f87fa-9317-4cb4-93a4-b9135bc4f25a", "keyword": "nhân dịp khai trương", "step": "capture", "message": "Saved post_051.png", "data": null, "seq": 10961}
{"ts": "2026-04-28T22:20:39.989656+00:00", "level": "INFO", "jobId": "b13f87fa-9317-4cb4-93a4-b9135bc4f25a", "keyword": "nhân dịp khai trương", "step": "cooldown", "message": "Cooldown 2.6s (after capture)", "data": null, "seq": 10962}
{"ts": "2026-04-28T22:20:43.236152+00:00", "level": "INFO", "jobId": "b13f87fa-9317-4cb4-93a4-b9135bc4f25a", "keyword": "nhân dịp khai trương", "step": "capture", "message": "Capturing 52/70 (viewport)…", "data": null, "seq": 10963}
{"ts": "2026-04-28T22:20:43.386108+00:00", "level": "INFO", "jobId": "b13f87fa-9317-4cb4-93a4-b9135bc4f25a", "keyword": "nhân dịp khai trương", "step": "capture", "message": "Expanded \"Xem thêm\" (exact-class): +1 (total 1)", "data": null, "seq": 10964}
{"ts": "2026-04-28T22:20:56.528628+00:00", "level": "INFO", "jobId": "b13f87fa-9317-4cb4-93a4-b9135bc4f25a", "keyword": "nhân dịp khai trương", "step": "capture", "message": "Saved post_052.png", "data": null, "seq": 10965}
{"ts": "2026-04-28T22:20:56.528628+00:00", "level": "INFO", "jobId": "b13f87fa-9317-4cb4-93a4-b9135bc4f25a", "keyword": "nhân dịp khai trương", "step": "cooldown", "message": "Cooldown 2.7s (after capture)", "data": null, "seq": 10966}
{"ts": "2026-04-28T22:20:59.833743+00:00", "level": "INFO", "jobId": "b13f87fa-9317-4cb4-93a4-b9135bc4f25a", "keyword": "nhân dịp khai trương", "step": "capture", "message": "Capturing 53/70 (viewport)…", "data": null, "seq": 10967}
{"ts": "2026-04-28T22:20:59.962485+00:00", "level": "INFO", "jobId": "b13f87fa-9317-4cb4-93a4-b9135bc4f25a", "keyword": "nhân dịp khai trương", "step": "capture", "message": "Expanded \"Xem thêm\" (exact-class): +1 (total 1)", "data": null, "seq": 10968}
{"ts": "2026-04-28T22:21:12.789343+00:00", "level": "INFO", "jobId": "b13f87fa-9317-4cb4-93a4-b9135bc4f25a", "keyword": "nhân dịp khai trương", "step": "capture", "message": "Saved post_053.png", "data": null, "seq": 10969}
{"ts": "2026-04-28T22:21:12.790351+00:00", "level": "INFO", "jobId": "b13f87fa-9317-4cb4-93a4-b9135bc4f25a", "keyword": "nhân dịp khai trương", "step": "cooldown", "message": "Cooldown 2.8s (after capture)", "data": null, "seq": 10970}
{"ts": "2026-04-28T22:21:16.157523+00:00", "level": "INFO", "jobId": "b13f87fa-9317-4cb4-93a4-b9135bc4f25a", "keyword": "nhân dịp khai trương", "step": "capture", "message": "Capturing 54/70 (viewport)…", "data": null, "seq": 10971}
{"ts": "2026-04-28T22:21:16.326546+00:00", "level": "INFO", "jobId": "b13f87fa-9317-4cb4-93a4-b9135bc4f25a", "keyword": "nhân dịp khai trương", "step": "capture", "message": "Expanded \"Xem thêm\" (exact-class): +2 (total 2)", "data": null, "seq": 10972}
{"ts": "2026-04-28T22:21:29.367463+00:00", "level": "INFO", "jobId": "b13f87fa-9317-4cb4-93a4-b9135bc4f25a", "keyword": "nhân dịp khai trương", "step": "capture", "message": "Saved post_054.png", "data": null, "seq": 10973}
{"ts": "2026-04-28T22:21:29.367463+00:00", "level": "INFO", "jobId": "b13f87fa-9317-4cb4-93a4-b9135bc4f25a", "keyword": "nhân dịp khai trương", "step": "cooldown", "message": "Cooldown 1.7s (after capture)", "data": null, "seq": 10974}
{"ts": "2026-04-28T22:21:31.679215+00:00", "level": "INFO", "jobId": "b13f87fa-9317-4cb4-93a4-b9135bc4f25a", "keyword": "nhân dịp khai trương", "step": "capture", "message": "Capturing 55/70 (viewport)…", "data": null, "seq": 10975}
{"ts": "2026-04-28T22:21:31.825115+00:00", "level": "INFO", "jobId": "b13f87fa-9317-4cb4-93a4-b9135bc4f25a", "keyword": "nhân dịp khai trương", "step": "capture", "message": "Expanded \"Xem thêm\" (exact-class): +1 (total 1)", "data": null, "seq": 10976}
{"ts": "2026-04-28T22:21:44.931795+00:00", "level": "INFO", "jobId": "b13f87fa-9317-4cb4-93a4-b9135bc4f25a", "keyword": "nhân dịp khai trương", "step": "capture", "message": "Saved post_055.png", "data": null, "seq": 10977}
{"ts": "2026-04-28T22:21:44.931795+00:00", "level": "INFO", "jobId": "b13f87fa-9317-4cb4-93a4-b9135bc4f25a", "keyword": "nhân dịp khai trương", "step": "cooldown", "message": "Cooldown 1.8s (after capture)", "data": null, "seq": 10978}
{"ts": "2026-04-28T22:21:47.333414+00:00", "level": "INFO", "jobId": "b13f87fa-9317-4cb4-93a4-b9135bc4f25a", "keyword": "nhân dịp khai trương", "step": "capture", "message": "Capturing 56/70 (viewport)…", "data": null, "seq": 10979}
{"ts": "2026-04-28T22:21:47.548263+00:00", "level": "INFO", "jobId": "b13f87fa-9317-4cb4-93a4-b9135bc4f25a", "keyword": "nhân dịp khai trương", "step": "capture", "message": "Expanded \"Xem thêm\" (exact-class): +1 (total 1)", "data": null, "seq": 10980}
{"ts": "2026-04-28T22:22:00.700466+00:00", "level": "INFO", "jobId": "b13f87fa-9317-4cb4-93a4-b9135bc4f25a", "keyword": "nhân dịp khai trương", "step": "capture", "message": "Saved post_056.png", "data": null, "seq": 10981}
{"ts": "2026-04-28T22:22:00.700466+00:00", "level": "INFO", "jobId": "b13f87fa-9317-4cb4-93a4-b9135bc4f25a", "keyword": "nhân dịp khai trương", "step": "cooldown", "message": "Cooldown 2.4s (after capture)", "data": null, "seq": 10982}
{"ts": "2026-04-28T22:22:03.726972+00:00", "level": "INFO", "jobId": "b13f87fa-9317-4cb4-93a4-b9135bc4f25a", "keyword": "nhân dịp khai trương", "step": "capture", "message": "Capturing 57/70 (viewport)…", "data": null, "seq": 10983}
{"ts": "2026-04-28T22:22:03.865489+00:00", "level": "INFO", "jobId": "b13f87fa-9317-4cb4-93a4-b9135bc4f25a", "keyword": "nhân dịp khai trương", "step": "capture", "message": "Expanded \"Xem thêm\" (exact-class): +1 (total 1)", "data": null, "seq": 10984}
{"ts": "2026-04-28T22:22:16.849615+00:00", "level": "INFO", "jobId": "b13f87fa-9317-4cb4-93a4-b9135bc4f25a", "keyword": "nhân dịp khai trương", "step": "capture", "message": "Saved post_057.png", "data": null, "seq": 10985}
{"ts": "2026-04-28T22:22:16.849615+00:00", "level": "INFO", "jobId": "b13f87fa-9317-4cb4-93a4-b9135bc4f25a", "keyword": "nhân dịp khai trương", "step": "cooldown", "message": "Cooldown 1.7s (after capture)", "data": null, "seq": 10986}
{"ts": "2026-04-28T22:22:19.180048+00:00", "level": "INFO", "jobId": "b13f87fa-9317-4cb4-93a4-b9135bc4f25a", "keyword": "nhân dịp khai trương", "step": "capture", "message": "Capturing 58/70 (viewport)…", "data": null, "seq": 10987}
{"ts": "2026-04-28T22:22:19.332529+00:00", "level": "INFO", "jobId": "b13f87fa-9317-4cb4-93a4-b9135bc4f25a", "keyword": "nhân dịp khai trương", "step": "capture", "message": "Expanded \"Xem thêm\" (exact-class): +1 (total 1)", "data": null, "seq": 10988}
{"ts": "2026-04-28T22:22:32.412648+00:00", "level": "INFO", "jobId": "b13f87fa-9317-4cb4-93a4-b9135bc4f25a", "keyword": "nhân dịp khai trương", "step": "capture", "message": "Saved post_058.png", "data": null, "seq": 10989}
{"ts": "2026-04-28T22:22:32.412648+00:00", "level": "INFO", "jobId": "b13f87fa-9317-4cb4-93a4-b9135bc4f25a", "keyword": "nhân dịp khai trương", "step": "cooldown", "message": "Cooldown 1.5s (after capture)", "data": null, "seq": 10990}
{"ts": "2026-04-28T22:22:34.467628+00:00", "level": "INFO", "jobId": "b13f87fa-9317-4cb4-93a4-b9135bc4f25a", "keyword": "nhân dịp khai trương", "step": "capture", "message": "Capturing 59/70 (viewport)…", "data": null, "seq": 10991}
{"ts": "2026-04-28T22:22:34.638851+00:00", "level": "INFO", "jobId": "b13f87fa-9317-4cb4-93a4-b9135bc4f25a", "keyword": "nhân dịp khai trương", "step": "capture", "message": "Expanded \"Xem thêm\" (exact-class): +2 (total 2)", "data": null, "seq": 10992}
{"ts": "2026-04-28T22:22:47.712896+00:00", "level": "INFO", "jobId": "b13f87fa-9317-4cb4-93a4-b9135bc4f25a", "keyword": "nhân dịp khai trương", "step": "capture", "message": "Saved post_059.png", "data": null, "seq": 10993}
{"ts": "2026-04-28T22:22:47.713990+00:00", "level": "INFO", "jobId": "b13f87fa-9317-4cb4-93a4-b9135bc4f25a", "keyword": "nhân dịp khai trương", "step": "cooldown", "message": "Cooldown 1.9s (after capture)", "data": null, "seq": 10994}
{"ts": "2026-04-28T22:22:50.207009+00:00", "level": "INFO", "jobId": "b13f87fa-9317-4cb4-93a4-b9135bc4f25a", "keyword": "nhân dịp khai trương", "step": "capture", "message": "Capturing 60/70 (viewport)…", "data": null, "seq": 10995}
{"ts": "2026-04-28T22:22:50.359219+00:00", "level": "INFO", "jobId": "b13f87fa-9317-4cb4-93a4-b9135bc4f25a", "keyword": "nhân dịp khai trương", "step": "capture", "message": "Expanded \"Xem thêm\" (exact-class): +1 (total 1)", "data": null, "seq": 10996}
{"ts": "2026-04-28T22:23:03.229641+00:00", "level": "INFO", "jobId": "b13f87fa-9317-4cb4-93a4-b9135bc4f25a", "keyword": "nhân dịp khai trương", "step": "capture", "message": "Saved post_060.png", "data": null, "seq": 10997}
{"ts": "2026-04-28T22:23:03.229641+00:00", "level": "INFO", "jobId": "b13f87fa-9317-4cb4-93a4-b9135bc4f25a", "keyword": "nhân dịp khai trương", "step": "cooldown", "message": "Cooldown 1.7s (after capture)", "data": null, "seq": 10998}
{"ts": "2026-04-28T22:23:05.499024+00:00", "level": "INFO", "jobId": "b13f87fa-9317-4cb4-93a4-b9135bc4f25a", "keyword": "nhân dịp khai trương", "step": "capture", "message": "Capturing 61/70 (viewport)…", "data": null, "seq": 10999}
{"ts": "2026-04-28T22:23:05.655919+00:00", "level": "INFO", "jobId": "b13f87fa-9317-4cb4-93a4-b9135bc4f25a", "keyword": "nhân dịp khai trương", "step": "capture", "message": "Expanded \"Xem thêm\" (exact-class): +1 (total 1)", "data": null, "seq": 11000}
{"ts": "2026-04-28T22:23:18.665091+00:00", "level": "INFO", "jobId": "b13f87fa-9317-4cb4-93a4-b9135bc4f25a", "keyword": "nhân dịp khai trương", "step": "capture", "message": "Saved post_061.png", "data": null, "seq": 11001}
{"ts": "2026-04-28T22:23:18.665091+00:00", "level": "INFO", "jobId": "b13f87fa-9317-4cb4-93a4-b9135bc4f25a", "keyword": "nhân dịp khai trương", "step": "cooldown", "message": "Cooldown 1.3s (after capture)", "data": null, "seq": 11002}
{"ts": "2026-04-28T22:23:20.602082+00:00", "level": "INFO", "jobId": "b13f87fa-9317-4cb4-93a4-b9135bc4f25a", "keyword": "nhân dịp khai trương", "step": "capture", "message": "Capturing 62/70 (viewport)…", "data": null, "seq": 11003}
{"ts": "2026-04-28T22:23:20.788220+00:00", "level": "INFO", "jobId": "b13f87fa-9317-4cb4-93a4-b9135bc4f25a", "keyword": "nhân dịp khai trương", "step": "capture", "message": "Expanded \"Xem thêm\" (exact-class): +1 (total 1)", "data": null, "seq": 11004}
{"ts": "2026-04-28T22:23:33.923944+00:00", "level": "INFO", "jobId": "b13f87fa-9317-4cb4-93a4-b9135bc4f25a", "keyword": "nhân dịp khai trương", "step": "capture", "message": "Saved post_062.png", "data": null, "seq": 11005}
{"ts": "2026-04-28T22:23:33.923944+00:00", "level": "INFO", "jobId": "b13f87fa-9317-4cb4-93a4-b9135bc4f25a", "keyword": "nhân dịp khai trương", "step": "cooldown", "message": "Cooldown 1.5s (after capture)", "data": null, "seq": 11006}
{"ts": "2026-04-28T22:23:36.040407+00:00", "level": "INFO", "jobId": "b13f87fa-9317-4cb4-93a4-b9135bc4f25a", "keyword": "nhân dịp khai trương", "step": "capture", "message": "Capturing 63/70 (viewport)…", "data": null, "seq": 11007}
{"ts": "2026-04-28T22:23:48.820129+00:00", "level": "INFO", "jobId": "b13f87fa-9317-4cb4-93a4-b9135bc4f25a", "keyword": "nhân dịp khai trương", "step": "capture", "message": "Saved post_063.png", "data": null, "seq": 11008}
{"ts": "2026-04-28T22:23:48.820129+00:00", "level": "INFO", "jobId": "b13f87fa-9317-4cb4-93a4-b9135bc4f25a", "keyword": "nhân dịp khai trương", "step": "cooldown", "message": "Cooldown 1.2s (after capture)", "data": null, "seq": 11009}
{"ts": "2026-04-28T22:23:50.701642+00:00", "level": "INFO", "jobId": "b13f87fa-9317-4cb4-93a4-b9135bc4f25a", "keyword": "nhân dịp khai trương", "step": "capture", "message": "Capturing 64/70 (viewport)…", "data": null, "seq": 11010}
{"ts": "2026-04-28T22:23:50.947174+00:00", "level": "INFO", "jobId": "b13f87fa-9317-4cb4-93a4-b9135bc4f25a", "keyword": "nhân dịp khai trương", "step": "capture", "message": "Expanded \"Xem thêm\" (exact-class): +2 (total 2)", "data": null, "seq": 11011}
{"ts": "2026-04-28T22:24:03.965786+00:00", "level": "INFO", "jobId": "b13f87fa-9317-4cb4-93a4-b9135bc4f25a", "keyword": "nhân dịp khai trương", "step": "capture", "message": "Saved post_064.png", "data": null, "seq": 11012}
{"ts": "2026-04-28T22:24:03.965786+00:00", "level": "INFO", "jobId": "b13f87fa-9317-4cb4-93a4-b9135bc4f25a", "keyword": "nhân dịp khai trương", "step": "cooldown", "message": "Cooldown 1.6s (after capture)", "data": null, "seq": 11013}
{"ts": "2026-04-28T22:24:06.240595+00:00", "level": "INFO", "jobId": "b13f87fa-9317-4cb4-93a4-b9135bc4f25a", "keyword": "nhân dịp khai trương", "step": "capture", "message": "Capturing 65/70 (viewport)…", "data": null, "seq": 11014}
{"ts": "2026-04-28T22:24:06.375209+00:00", "level": "INFO", "jobId": "b13f87fa-9317-4cb4-93a4-b9135bc4f25a", "keyword": "nhân dịp khai trương", "step": "capture", "message": "Expanded \"Xem thêm\" (exact-class): +1 (total 1)", "data": null, "seq": 11015}
{"ts": "2026-04-28T22:24:19.499215+00:00", "level": "INFO", "jobId": "b13f87fa-9317-4cb4-93a4-b9135bc4f25a", "keyword": "nhân dịp khai trương", "step": "capture", "message": "Saved post_065.png", "data": null, "seq": 11016}
{"ts": "2026-04-28T22:24:19.499215+00:00", "level": "INFO", "jobId": "b13f87fa-9317-4cb4-93a4-b9135bc4f25a", "keyword": "nhân dịp khai trương", "step": "cooldown", "message": "Cooldown 2.9s (after capture)", "data": null, "seq": 11017}
{"ts": "2026-04-28T22:24:23.026002+00:00", "level": "INFO", "jobId": "b13f87fa-9317-4cb4-93a4-b9135bc4f25a", "keyword": "nhân dịp khai trương", "step": "capture", "message": "Capturing 66/70 (viewport)…", "data": null, "seq": 11018}
{"ts": "2026-04-28T22:24:23.189621+00:00", "level": "INFO", "jobId": "b13f87fa-9317-4cb4-93a4-b9135bc4f25a", "keyword": "nhân dịp khai trương", "step": "capture", "message": "Expanded \"Xem thêm\" (exact-class): +1 (total 1)", "data": null, "seq": 11019}
{"ts": "2026-04-28T22:24:36.174785+00:00", "level": "INFO", "jobId": "b13f87fa-9317-4cb4-93a4-b9135bc4f25a", "keyword": "nhân dịp khai trương", "step": "capture", "message": "Saved post_066.png", "data": null, "seq": 11020}
{"ts": "2026-04-28T22:24:36.175784+00:00", "level": "INFO", "jobId": "b13f87fa-9317-4cb4-93a4-b9135bc4f25a", "keyword": "nhân dịp khai trương", "step": "cooldown", "message": "Cooldown 1.1s (after capture)", "data": null, "seq": 11021}
{"ts": "2026-04-28T22:24:38.011778+00:00", "level": "INFO", "jobId": "b13f87fa-9317-4cb4-93a4-b9135bc4f25a", "keyword": "nhân dịp khai trương", "step": "capture", "message": "Capturing 67/70 (viewport)…", "data": null, "seq": 11022}
{"ts": "2026-04-28T22:24:38.219875+00:00", "level": "INFO", "jobId": "b13f87fa-9317-4cb4-93a4-b9135bc4f25a", "keyword": "nhân dịp khai trương", "step": "capture", "message": "Expanded \"Xem thêm\" (exact-class): +2 (total 2)", "data": null, "seq": 11023}
{"ts": "2026-04-28T22:24:51.443088+00:00", "level": "INFO", "jobId": "b13f87fa-9317-4cb4-93a4-b9135bc4f25a", "keyword": "nhân dịp khai trương", "step": "capture", "message": "Saved post_067.png", "data": null, "seq": 11024}
{"ts": "2026-04-28T22:24:51.443088+00:00", "level": "INFO", "jobId": "b13f87fa-9317-4cb4-93a4-b9135bc4f25a", "keyword": "nhân dịp khai trương", "step": "cooldown", "message": "Cooldown 1.2s (after capture)", "data": null, "seq": 11025}
{"ts": "2026-04-28T22:24:53.281360+00:00", "level": "INFO", "jobId": "b13f87fa-9317-4cb4-93a4-b9135bc4f25a", "keyword": "nhân dịp khai trương", "step": "capture", "message": "Capturing 68/70 (viewport)…", "data": null, "seq": 11026}
{"ts": "2026-04-28T22:25:06.136422+00:00", "level": "INFO", "jobId": "b13f87fa-9317-4cb4-93a4-b9135bc4f25a", "keyword": "nhân dịp khai trương", "step": "capture", "message": "Saved post_068.png", "data": null, "seq": 11027}
{"ts": "2026-04-28T22:25:06.137425+00:00", "level": "INFO", "jobId": "b13f87fa-9317-4cb4-93a4-b9135bc4f25a", "keyword": "nhân dịp khai trương", "step": "cooldown", "message": "Cooldown 1.0s (after capture)", "data": null, "seq": 11028}
{"ts": "2026-04-28T22:25:07.820716+00:00", "level": "INFO", "jobId": "b13f87fa-9317-4cb4-93a4-b9135bc4f25a", "keyword": "nhân dịp khai trương", "step": "capture", "message": "Capturing 69/70 (viewport)…", "data": null, "seq": 11029}
{"ts": "2026-04-28T22:25:07.977968+00:00", "level": "INFO", "jobId": "b13f87fa-9317-4cb4-93a4-b9135bc4f25a", "keyword": "nhân dịp khai trương", "step": "capture", "message": "Expanded \"Xem thêm\" (exact-class): +1 (total 1)", "data": null, "seq": 11030}
{"ts": "2026-04-28T22:25:21.242883+00:00", "level": "INFO", "jobId": "b13f87fa-9317-4cb4-93a4-b9135bc4f25a", "keyword": "nhân dịp khai trương", "step": "capture", "message": "Saved post_069.png", "data": null, "seq": 11031}
{"ts": "2026-04-28T22:25:21.253758+00:00", "level": "INFO", "jobId": "b13f87fa-9317-4cb4-93a4-b9135bc4f25a", "keyword": "nhân dịp khai trương", "step": "cooldown", "message": "Cooldown 2.3s (after capture)", "data": null, "seq": 11032}
{"ts": "2026-04-28T22:25:24.190888+00:00", "level": "INFO", "jobId": "b13f87fa-9317-4cb4-93a4-b9135bc4f25a", "keyword": "nhân dịp khai trương", "step": "capture", "message": "Capturing 70/70 (viewport)…", "data": null, "seq": 11033}
{"ts": "2026-04-28T22:25:36.704669+00:00", "level": "INFO", "jobId": "b13f87fa-9317-4cb4-93a4-b9135bc4f25a", "keyword": "nhân dịp khai trương", "step": "capture", "message": "Saved post_070.png", "data": null, "seq": 11034}
{"ts": "2026-04-28T22:25:36.704669+00:00", "level": "INFO", "jobId": "b13f87fa-9317-4cb4-93a4-b9135bc4f25a", "keyword": "nhân dịp khai trương", "step": "cooldown", "message": "Cooldown 2.8s (after capture)", "data": null, "seq": 11035}
{"ts": "2026-04-28T22:25:39.490258+00:00", "level": "INFO", "jobId": "b13f87fa-9317-4cb4-93a4-b9135bc4f25a", "keyword": "nhân dịp khai trương", "step": "done", "message": "Completed. Saved=70", "data": null, "seq": 11036}
