{"ts": "2026-04-28T18:34:40.233746+00:00", "level": "INFO", "jobId": "bcdf26cc-6bec-498f-aed0-436d7d7f4654", "keyword": "khai trương rộn ràng", "step": "start", "message": "Job started (attempt 1/2)", "data": null, "seq": 7854}
{"ts": "2026-04-28T18:34:43.620658+00:00", "level": "INFO", "jobId": "bcdf26cc-6bec-498f-aed0-436d7d7f4654", "keyword": "khai trương rộn ràng", "step": "login", "message": "Already logged in (profile session).", "data": null, "seq": 7855}
{"ts": "2026-04-28T18:34:43.764330+00:00", "level": "INFO", "jobId": "bcdf26cc-6bec-498f-aed0-436d7d7f4654", "keyword": "khai trương rộn ràng", "step": "search", "message": "Searching keyword: \"khai trương rộn ràng\"", "data": null, "seq": 7856}
{"ts": "2026-04-28T18:34:46.287290+00:00", "level": "INFO", "jobId": "bcdf26cc-6bec-498f-aed0-436d7d7f4654", "keyword": "khai trương rộn ràng", "step": "capture", "message": "Start capturing up to 70 posts.", "data": null, "seq": 7857}
{"ts": "2026-04-28T18:34:46.288296+00:00", "level": "INFO", "jobId": "bcdf26cc-6bec-498f-aed0-436d7d7f4654", "keyword": "khai trương rộn ràng", "step": "capture", "message": "Output folder: Lan 1 - 0134", "data": null, "seq": 7858}
{"ts": "2026-04-28T18:34:46.822329+00:00", "level": "INFO", "jobId": "bcdf26cc-6bec-498f-aed0-436d7d7f4654", "keyword": "khai trương rộn ràng", "step": "capture", "message": "Capturing 1/70 (viewport)…", "data": null, "seq": 7859}
{"ts": "2026-04-28T18:34:59.684985+00:00", "level": "INFO", "jobId": "bcdf26cc-6bec-498f-aed0-436d7d7f4654", "keyword": "khai trương rộn ràng", "step": "capture", "message": "Saved post_001.png", "data": null, "seq": 7860}
{"ts": "2026-04-28T18:34:59.684985+00:00", "level": "INFO", "jobId": "bcdf26cc-6bec-498f-aed0-436d7d7f4654", "keyword": "khai trương rộn ràng", "step": "cooldown", "message": "Cooldown 3.0s (after capture)", "data": null, "seq": 7861}
{"ts": "2026-04-28T18:35:03.178097+00:00", "level": "INFO", "jobId": "bcdf26cc-6bec-498f-aed0-436d7d7f4654", "keyword": "khai trương rộn ràng", "step": "capture", "message": "Capturing 2/70 (viewport)…", "data": null, "seq": 7862}
{"ts": "2026-04-28T18:35:03.266092+00:00", "level": "INFO", "jobId": "bcdf26cc-6bec-498f-aed0-436d7d7f4654", "keyword": "khai trương rộn ràng", "step": "capture", "message": "Expanded \"Xem thêm\" (exact-class): +2 (total 2)", "data": null, "seq": 7863}
{"ts": "2026-04-28T18:35:16.109864+00:00", "level": "INFO", "jobId": "bcdf26cc-6bec-498f-aed0-436d7d7f4654", "keyword": "khai trương rộn ràng", "step": "capture", "message": "Saved post_002.png", "data": null, "seq": 7864}
{"ts": "2026-04-28T18:35:16.109864+00:00", "level": "INFO", "jobId": "bcdf26cc-6bec-498f-aed0-436d7d7f4654", "keyword": "khai trương rộn ràng", "step": "cooldown", "message": "Cooldown 2.4s (after capture)", "data": null, "seq": 7865}
{"ts": "2026-04-28T18:35:19.082241+00:00", "level": "INFO", "jobId": "bcdf26cc-6bec-498f-aed0-436d7d7f4654", "keyword": "khai trương rộn ràng", "step": "capture", "message": "Capturing 3/70 (viewport)…", "data": null, "seq": 7866}
{"ts": "2026-04-28T18:35:31.694085+00:00", "level": "INFO", "jobId": "bcdf26cc-6bec-498f-aed0-436d7d7f4654", "keyword": "khai trương rộn ràng", "step": "capture", "message": "Saved post_003.png", "data": null, "seq": 7867}
{"ts": "2026-04-28T18:35:31.694085+00:00", "level": "INFO", "jobId": "bcdf26cc-6bec-498f-aed0-436d7d7f4654", "keyword": "khai trương rộn ràng", "step": "cooldown", "message": "Cooldown 1.1s (after capture)", "data": null, "seq": 7868}
{"ts": "2026-04-28T18:35:33.362351+00:00", "level": "INFO", "jobId": "bcdf26cc-6bec-498f-aed0-436d7d7f4654", "keyword": "khai trương rộn ràng", "step": "capture", "message": "Capturing 4/70 (viewport)…", "data": null, "seq": 7869}
{"ts": "2026-04-28T18:35:33.432083+00:00", "level": "INFO", "jobId": "bcdf26cc-6bec-498f-aed0-436d7d7f4654", "keyword": "khai trương rộn ràng", "step": "capture", "message": "Expanded \"Xem thêm\" (exact-class): +1 (total 1)", "data": null, "seq": 7870}
{"ts": "2026-04-28T18:35:46.491241+00:00", "level": "INFO", "jobId": "bcdf26cc-6bec-498f-aed0-436d7d7f4654", "keyword": "khai trương rộn ràng", "step": "capture", "message": "Saved post_004.png", "data": null, "seq": 7871}
{"ts": "2026-04-28T18:35:46.491241+00:00", "level": "INFO", "jobId": "bcdf26cc-6bec-498f-aed0-436d7d7f4654", "keyword": "khai trương rộn ràng", "step": "cooldown", "message": "Cooldown 2.2s (after capture)", "data": null, "seq": 7872}
{"ts": "2026-04-28T18:35:49.221752+00:00", "level": "INFO", "jobId": "bcdf26cc-6bec-498f-aed0-436d7d7f4654", "keyword": "khai trương rộn ràng", "step": "capture", "message": "Capturing 5/70 (viewport)…", "data": null, "seq": 7873}
{"ts": "2026-04-28T18:35:49.279117+00:00", "level": "INFO", "jobId": "bcdf26cc-6bec-498f-aed0-436d7d7f4654", "keyword": "khai trương rộn ràng", "step": "capture", "message": "Expanded \"Xem thêm\" (exact-class): +1 (total 1)", "data": null, "seq": 7874}
{"ts": "2026-04-28T18:36:02.359481+00:00", "level": "INFO", "jobId": "bcdf26cc-6bec-498f-aed0-436d7d7f4654", "keyword": "khai trương rộn ràng", "step": "capture", "message": "Saved post_005.png", "data": null, "seq": 7875}
{"ts": "2026-04-28T18:36:02.359481+00:00", "level": "INFO", "jobId": "bcdf26cc-6bec-498f-aed0-436d7d7f4654", "keyword": "khai trương rộn ràng", "step": "cooldown", "message": "Cooldown 2.5s (after capture)", "data": null, "seq": 7876}
{"ts": "2026-04-28T18:36:05.392751+00:00", "level": "INFO", "jobId": "bcdf26cc-6bec-498f-aed0-436d7d7f4654", "keyword": "khai trương rộn ràng", "step": "capture", "message": "Capturing 6/70 (viewport)…", "data": null, "seq": 7877}
{"ts": "2026-04-28T18:36:05.491074+00:00", "level": "INFO", "jobId": "bcdf26cc-6bec-498f-aed0-436d7d7f4654", "keyword": "khai trương rộn ràng", "step": "capture", "message": "Expanded \"Xem thêm\" (exact-class): +1 (total 1)", "data": null, "seq": 7878}
{"ts": "2026-04-28T18:36:18.335109+00:00", "level": "INFO", "jobId": "bcdf26cc-6bec-498f-aed0-436d7d7f4654", "keyword": "khai trương rộn ràng", "step": "capture", "message": "Saved post_006.png", "data": null, "seq": 7879}
{"ts": "2026-04-28T18:36:18.335109+00:00", "level": "INFO", "jobId": "bcdf26cc-6bec-498f-aed0-436d7d7f4654", "keyword": "khai trương rộn ràng", "step": "cooldown", "message": "Cooldown 1.2s (after capture)", "data": null, "seq": 7880}
{"ts": "2026-04-28T18:36:20.040955+00:00", "level": "INFO", "jobId": "bcdf26cc-6bec-498f-aed0-436d7d7f4654", "keyword": "khai trương rộn ràng", "step": "capture", "message": "Capturing 7/70 (viewport)…", "data": null, "seq": 7881}
{"ts": "2026-04-28T18:36:20.122707+00:00", "level": "INFO", "jobId": "bcdf26cc-6bec-498f-aed0-436d7d7f4654", "keyword": "khai trương rộn ràng", "step": "capture", "message": "Expanded \"Xem thêm\" (exact-class): +1 (total 1)", "data": null, "seq": 7882}
{"ts": "2026-04-28T18:36:32.967126+00:00", "level": "INFO", "jobId": "bcdf26cc-6bec-498f-aed0-436d7d7f4654", "keyword": "khai trương rộn ràng", "step": "capture", "message": "Saved post_007.png", "data": null, "seq": 7883}
{"ts": "2026-04-28T18:36:32.967126+00:00", "level": "INFO", "jobId": "bcdf26cc-6bec-498f-aed0-436d7d7f4654", "keyword": "khai trương rộn ràng", "step": "cooldown", "message": "Cooldown 1.9s (after capture)", "data": null, "seq": 7884}
{"ts": "2026-04-28T18:36:35.417046+00:00", "level": "INFO", "jobId": "bcdf26cc-6bec-498f-aed0-436d7d7f4654", "keyword": "khai trương rộn ràng", "step": "capture", "message": "Capturing 8/70 (viewport)…", "data": null, "seq": 7885}
{"ts": "2026-04-28T18:36:47.865237+00:00", "level": "INFO", "jobId": "bcdf26cc-6bec-498f-aed0-436d7d7f4654", "keyword": "khai trương rộn ràng", "step": "capture", "message": "Saved post_008.png", "data": null, "seq": 7886}
{"ts": "2026-04-28T18:36:47.865237+00:00", "level": "INFO", "jobId": "bcdf26cc-6bec-498f-aed0-436d7d7f4654", "keyword": "khai trương rộn ràng", "step": "cooldown", "message": "Cooldown 2.2s (after capture)", "data": null, "seq": 7887}
{"ts": "2026-04-28T18:36:50.615994+00:00", "level": "INFO", "jobId": "bcdf26cc-6bec-498f-aed0-436d7d7f4654", "keyword": "khai trương rộn ràng", "step": "capture", "message": "Capturing 9/70 (viewport)…", "data": null, "seq": 7888}
{"ts": "2026-04-28T18:36:50.701999+00:00", "level": "INFO", "jobId": "bcdf26cc-6bec-498f-aed0-436d7d7f4654", "keyword": "khai trương rộn ràng", "step": "capture", "message": "Expanded \"Xem thêm\" (exact-class): +2 (total 2)", "data": null, "seq": 7889}
{"ts": "2026-04-28T18:37:03.822199+00:00", "level": "INFO", "jobId": "bcdf26cc-6bec-498f-aed0-436d7d7f4654", "keyword": "khai trương rộn ràng", "step": "capture", "message": "Saved post_009.png", "data": null, "seq": 7890}
{"ts": "2026-04-28T18:37:03.822199+00:00", "level": "INFO", "jobId": "bcdf26cc-6bec-498f-aed0-436d7d7f4654", "keyword": "khai trương rộn ràng", "step": "cooldown", "message": "Cooldown 1.3s (after capture)", "data": null, "seq": 7891}
{"ts": "2026-04-28T18:37:05.598781+00:00", "level": "INFO", "jobId": "bcdf26cc-6bec-498f-aed0-436d7d7f4654", "keyword": "khai trương rộn ràng", "step": "capture", "message": "Capturing 10/70 (viewport)…", "data": null, "seq": 7892}
{"ts": "2026-04-28T18:37:05.698204+00:00", "level": "INFO", "jobId": "bcdf26cc-6bec-498f-aed0-436d7d7f4654", "keyword": "khai trương rộn ràng", "step": "capture", "message": "Expanded \"Xem thêm\" (exact-class): +1 (total 1)", "data": null, "seq": 7893}
{"ts": "2026-04-28T18:37:18.497473+00:00", "level": "INFO", "jobId": "bcdf26cc-6bec-498f-aed0-436d7d7f4654", "keyword": "khai trương rộn ràng", "step": "capture", "message": "Saved post_010.png", "data": null, "seq": 7894}
{"ts": "2026-04-28T18:37:18.497473+00:00", "level": "INFO", "jobId": "bcdf26cc-6bec-498f-aed0-436d7d7f4654", "keyword": "khai trương rộn ràng", "step": "cooldown", "message": "Cooldown 1.9s (after capture)", "data": null, "seq": 7895}
{"ts": "2026-04-28T18:37:20.903134+00:00", "level": "INFO", "jobId": "bcdf26cc-6bec-498f-aed0-436d7d7f4654", "keyword": "khai trương rộn ràng", "step": "capture", "message": "Capturing 11/70 (viewport)…", "data": null, "seq": 7896}
{"ts": "2026-04-28T18:37:33.481499+00:00", "level": "INFO", "jobId": "bcdf26cc-6bec-498f-aed0-436d7d7f4654", "keyword": "khai trương rộn ràng", "step": "capture", "message": "Saved post_011.png", "data": null, "seq": 7897}
{"ts": "2026-04-28T18:37:33.481499+00:00", "level": "INFO", "jobId": "bcdf26cc-6bec-498f-aed0-436d7d7f4654", "keyword": "khai trương rộn ràng", "step": "cooldown", "message": "Cooldown 1.9s (after capture)", "data": null, "seq": 7898}
{"ts": "2026-04-28T18:37:35.890220+00:00", "level": "INFO", "jobId": "bcdf26cc-6bec-498f-aed0-436d7d7f4654", "keyword": "khai trương rộn ràng", "step": "capture", "message": "Capturing 12/70 (viewport)…", "data": null, "seq": 7899}
{"ts": "2026-04-28T18:37:36.012474+00:00", "level": "INFO", "jobId": "bcdf26cc-6bec-498f-aed0-436d7d7f4654", "keyword": "khai trương rộn ràng", "step": "capture", "message": "Expanded \"Xem thêm\" (exact-class): +2 (total 2)", "data": null, "seq": 7900}
{"ts": "2026-04-28T18:37:48.940025+00:00", "level": "INFO", "jobId": "bcdf26cc-6bec-498f-aed0-436d7d7f4654", "keyword": "khai trương rộn ràng", "step": "capture", "message": "Saved post_012.png", "data": null, "seq": 7901}
{"ts": "2026-04-28T18:37:48.940025+00:00", "level": "INFO", "jobId": "bcdf26cc-6bec-498f-aed0-436d7d7f4654", "keyword": "khai trương rộn ràng", "step": "cooldown", "message": "Cooldown 1.4s (after capture)", "data": null, "seq": 7902}
{"ts": "2026-04-28T18:37:50.916644+00:00", "level": "INFO", "jobId": "bcdf26cc-6bec-498f-aed0-436d7d7f4654", "keyword": "khai trương rộn ràng", "step": "capture", "message": "Capturing 13/70 (viewport)…", "data": null, "seq": 7903}
{"ts": "2026-04-28T18:38:03.509672+00:00", "level": "INFO", "jobId": "bcdf26cc-6bec-498f-aed0-436d7d7f4654", "keyword": "khai trương rộn ràng", "step": "capture", "message": "Saved post_013.png", "data": null, "seq": 7904}
{"ts": "2026-04-28T18:38:03.509672+00:00", "level": "INFO", "jobId": "bcdf26cc-6bec-498f-aed0-436d7d7f4654", "keyword": "khai trương rộn ràng", "step": "cooldown", "message": "Cooldown 2.2s (after capture)", "data": null, "seq": 7905}
{"ts": "2026-04-28T18:38:06.279479+00:00", "level": "INFO", "jobId": "bcdf26cc-6bec-498f-aed0-436d7d7f4654", "keyword": "khai trương rộn ràng", "step": "capture", "message": "Capturing 14/70 (viewport)…", "data": null, "seq": 7906}
{"ts": "2026-04-28T18:38:06.391120+00:00", "level": "INFO", "jobId": "bcdf26cc-6bec-498f-aed0-436d7d7f4654", "keyword": "khai trương rộn ràng", "step": "capture", "message": "Expanded \"Xem thêm\" (exact-class): +2 (total 2)", "data": null, "seq": 7907}
{"ts": "2026-04-28T18:38:19.424915+00:00", "level": "INFO", "jobId": "bcdf26cc-6bec-498f-aed0-436d7d7f4654", "keyword": "khai trương rộn ràng", "step": "capture", "message": "Saved post_014.png", "data": null, "seq": 7908}
{"ts": "2026-04-28T18:38:19.424915+00:00", "level": "INFO", "jobId": "bcdf26cc-6bec-498f-aed0-436d7d7f4654", "keyword": "khai trương rộn ràng", "step": "cooldown", "message": "Cooldown 1.9s (after capture)", "data": null, "seq": 7909}
{"ts": "2026-04-28T18:38:21.862820+00:00", "level": "INFO", "jobId": "bcdf26cc-6bec-498f-aed0-436d7d7f4654", "keyword": "khai trương rộn ràng", "step": "capture", "message": "Capturing 15/70 (viewport)…", "data": null, "seq": 7910}
{"ts": "2026-04-28T18:38:21.981541+00:00", "level": "INFO", "jobId": "bcdf26cc-6bec-498f-aed0-436d7d7f4654", "keyword": "khai trương rộn ràng", "step": "capture", "message": "Expanded \"Xem thêm\" (exact-class): +2 (total 2)", "data": null, "seq": 7911}
{"ts": "2026-04-28T18:38:34.846711+00:00", "level": "INFO", "jobId": "bcdf26cc-6bec-498f-aed0-436d7d7f4654", "keyword": "khai trương rộn ràng", "step": "capture", "message": "Saved post_015.png", "data": null, "seq": 7912}
{"ts": "2026-04-28T18:38:34.847799+00:00", "level": "INFO", "jobId": "bcdf26cc-6bec-498f-aed0-436d7d7f4654", "keyword": "khai trương rộn ràng", "step": "cooldown", "message": "Cooldown 1.5s (after capture)", "data": null, "seq": 7913}
{"ts": "2026-04-28T18:38:36.885195+00:00", "level": "INFO", "jobId": "bcdf26cc-6bec-498f-aed0-436d7d7f4654", "keyword": "khai trương rộn ràng", "step": "capture", "message": "Capturing 16/70 (viewport)…", "data": null, "seq": 7914}
{"ts": "2026-04-28T18:38:49.781847+00:00", "level": "INFO", "jobId": "bcdf26cc-6bec-498f-aed0-436d7d7f4654", "keyword": "khai trương rộn ràng", "step": "capture", "message": "Saved post_016.png", "data": null, "seq": 7915}
{"ts": "2026-04-28T18:38:49.781847+00:00", "level": "INFO", "jobId": "bcdf26cc-6bec-498f-aed0-436d7d7f4654", "keyword": "khai trương rộn ràng", "step": "cooldown", "message": "Cooldown 2.6s (after capture)", "data": null, "seq": 7916}
{"ts": "2026-04-28T18:38:52.863429+00:00", "level": "INFO", "jobId": "bcdf26cc-6bec-498f-aed0-436d7d7f4654", "keyword": "khai trương rộn ràng", "step": "capture", "message": "Capturing 17/70 (viewport)…", "data": null, "seq": 7917}
{"ts": "2026-04-28T18:38:52.984318+00:00", "level": "INFO", "jobId": "bcdf26cc-6bec-498f-aed0-436d7d7f4654", "keyword": "khai trương rộn ràng", "step": "capture", "message": "Expanded \"Xem thêm\" (exact-class): +2 (total 2)", "data": null, "seq": 7918}
{"ts": "2026-04-28T18:39:06.012334+00:00", "level": "INFO", "jobId": "bcdf26cc-6bec-498f-aed0-436d7d7f4654", "keyword": "khai trương rộn ràng", "step": "capture", "message": "Saved post_017.png", "data": null, "seq": 7919}
{"ts": "2026-04-28T18:39:06.013361+00:00", "level": "INFO", "jobId": "bcdf26cc-6bec-498f-aed0-436d7d7f4654", "keyword": "khai trương rộn ràng", "step": "cooldown", "message": "Cooldown 2.3s (after capture)", "data": null, "seq": 7920}
{"ts": "2026-04-28T18:39:08.873735+00:00", "level": "INFO", "jobId": "bcdf26cc-6bec-498f-aed0-436d7d7f4654", "keyword": "khai trương rộn ràng", "step": "capture", "message": "Capturing 18/70 (viewport)…", "data": null, "seq": 7921}
{"ts": "2026-04-28T18:39:08.974516+00:00", "level": "INFO", "jobId": "bcdf26cc-6bec-498f-aed0-436d7d7f4654", "keyword": "khai trương rộn ràng", "step": "capture", "message": "Expanded \"Xem thêm\" (exact-class): +1 (total 1)", "data": null, "seq": 7922}
{"ts": "2026-04-28T18:39:21.734774+00:00", "level": "INFO", "jobId": "bcdf26cc-6bec-498f-aed0-436d7d7f4654", "keyword": "khai trương rộn ràng", "step": "capture", "message": "Saved post_018.png", "data": null, "seq": 7923}
{"ts": "2026-04-28T18:39:21.734774+00:00", "level": "INFO", "jobId": "bcdf26cc-6bec-498f-aed0-436d7d7f4654", "keyword": "khai trương rộn ràng", "step": "cooldown", "message": "Cooldown 2.7s (after capture)", "data": null, "seq": 7924}
{"ts": "2026-04-28T18:39:24.970267+00:00", "level": "INFO", "jobId": "bcdf26cc-6bec-498f-aed0-436d7d7f4654", "keyword": "khai trương rộn ràng", "step": "capture", "message": "Capturing 19/70 (viewport)…", "data": null, "seq": 7925}
{"ts": "2026-04-28T18:39:25.183034+00:00", "level": "INFO", "jobId": "bcdf26cc-6bec-498f-aed0-436d7d7f4654", "keyword": "khai trương rộn ràng", "step": "capture", "message": "Expanded \"Xem thêm\" (exact-class): +2 (total 2)", "data": null, "seq": 7926}
{"ts": "2026-04-28T18:39:38.006447+00:00", "level": "INFO", "jobId": "bcdf26cc-6bec-498f-aed0-436d7d7f4654", "keyword": "khai trương rộn ràng", "step": "capture", "message": "Saved post_019.png", "data": null, "seq": 7927}
{"ts": "2026-04-28T18:39:38.006447+00:00", "level": "INFO", "jobId": "bcdf26cc-6bec-498f-aed0-436d7d7f4654", "keyword": "khai trương rộn ràng", "step": "cooldown", "message": "Cooldown 2.9s (after capture)", "data": null, "seq": 7928}
{"ts": "2026-04-28T18:39:41.514664+00:00", "level": "INFO", "jobId": "bcdf26cc-6bec-498f-aed0-436d7d7f4654", "keyword": "khai trương rộn ràng", "step": "capture", "message": "Capturing 20/70 (viewport)…", "data": null, "seq": 7929}
{"ts": "2026-04-28T18:39:41.695313+00:00", "level": "INFO", "jobId": "bcdf26cc-6bec-498f-aed0-436d7d7f4654", "keyword": "khai trương rộn ràng", "step": "capture", "message": "Expanded \"Xem thêm\" (exact-class): +3 (total 3)", "data": null, "seq": 7930}
{"ts": "2026-04-28T18:39:54.662606+00:00", "level": "INFO", "jobId": "bcdf26cc-6bec-498f-aed0-436d7d7f4654", "keyword": "khai trương rộn ràng", "step": "capture", "message": "Saved post_020.png", "data": null, "seq": 7931}
{"ts": "2026-04-28T18:39:54.662606+00:00", "level": "INFO", "jobId": "bcdf26cc-6bec-498f-aed0-436d7d7f4654", "keyword": "khai trương rộn ràng", "step": "cooldown", "message": "Cooldown 2.3s (after capture)", "data": null, "seq": 7932}
{"ts": "2026-04-28T18:39:57.532297+00:00", "level": "INFO", "jobId": "bcdf26cc-6bec-498f-aed0-436d7d7f4654", "keyword": "khai trương rộn ràng", "step": "capture", "message": "Capturing 21/70 (viewport)…", "data": null, "seq": 7933}
{"ts": "2026-04-28T18:40:10.353001+00:00", "level": "INFO", "jobId": "bcdf26cc-6bec-498f-aed0-436d7d7f4654", "keyword": "khai trương rộn ràng", "step": "capture", "message": "Saved post_021.png", "data": null, "seq": 7934}
{"ts": "2026-04-28T18:40:10.355009+00:00", "level": "INFO", "jobId": "bcdf26cc-6bec-498f-aed0-436d7d7f4654", "keyword": "khai trương rộn ràng", "step": "cooldown", "message": "Cooldown 2.7s (after capture)", "data": null, "seq": 7935}
{"ts": "2026-04-28T18:40:13.603998+00:00", "level": "INFO", "jobId": "bcdf26cc-6bec-498f-aed0-436d7d7f4654", "keyword": "khai trương rộn ràng", "step": "capture", "message": "Capturing 22/70 (viewport)…", "data": null, "seq": 7936}
{"ts": "2026-04-28T18:40:26.401771+00:00", "level": "INFO", "jobId": "bcdf26cc-6bec-498f-aed0-436d7d7f4654", "keyword": "khai trương rộn ràng", "step": "capture", "message": "Saved post_022.png", "data": null, "seq": 7937}
{"ts": "2026-04-28T18:40:26.401771+00:00", "level": "INFO", "jobId": "bcdf26cc-6bec-498f-aed0-436d7d7f4654", "keyword": "khai trương rộn ràng", "step": "cooldown", "message": "Cooldown 2.7s (after capture)", "data": null, "seq": 7938}
{"ts": "2026-04-28T18:40:29.697280+00:00", "level": "INFO", "jobId": "bcdf26cc-6bec-498f-aed0-436d7d7f4654", "keyword": "khai trương rộn ràng", "step": "capture", "message": "Capturing 23/70 (viewport)…", "data": null, "seq": 7939}
{"ts": "2026-04-28T18:40:29.900621+00:00", "level": "INFO", "jobId": "bcdf26cc-6bec-498f-aed0-436d7d7f4654", "keyword": "khai trương rộn ràng", "step": "capture", "message": "Expanded \"Xem thêm\" (exact-class): +2 (total 2)", "data": null, "seq": 7940}
{"ts": "2026-04-28T18:40:42.907523+00:00", "level": "INFO", "jobId": "bcdf26cc-6bec-498f-aed0-436d7d7f4654", "keyword": "khai trương rộn ràng", "step": "capture", "message": "Saved post_023.png", "data": null, "seq": 7941}
{"ts": "2026-04-28T18:40:42.907523+00:00", "level": "INFO", "jobId": "bcdf26cc-6bec-498f-aed0-436d7d7f4654", "keyword": "khai trương rộn ràng", "step": "cooldown", "message": "Cooldown 1.5s (after capture)", "data": null, "seq": 7942}
{"ts": "2026-04-28T18:40:44.968503+00:00", "level": "INFO", "jobId": "bcdf26cc-6bec-498f-aed0-436d7d7f4654", "keyword": "khai trương rộn ràng", "step": "capture", "message": "Capturing 24/70 (viewport)…", "data": null, "seq": 7943}
{"ts": "2026-04-28T18:40:57.655546+00:00", "level": "INFO", "jobId": "bcdf26cc-6bec-498f-aed0-436d7d7f4654", "keyword": "khai trương rộn ràng", "step": "capture", "message": "Saved post_024.png", "data": null, "seq": 7944}
{"ts": "2026-04-28T18:40:57.656056+00:00", "level": "INFO", "jobId": "bcdf26cc-6bec-498f-aed0-436d7d7f4654", "keyword": "khai trương rộn ràng", "step": "cooldown", "message": "Cooldown 3.0s (after capture)", "data": null, "seq": 7945}
{"ts": "2026-04-28T18:41:01.265924+00:00", "level": "INFO", "jobId": "bcdf26cc-6bec-498f-aed0-436d7d7f4654", "keyword": "khai trương rộn ràng", "step": "capture", "message": "Capturing 25/70 (viewport)…", "data": null, "seq": 7946}
{"ts": "2026-04-28T18:41:01.395579+00:00", "level": "INFO", "jobId": "bcdf26cc-6bec-498f-aed0-436d7d7f4654", "keyword": "khai trương rộn ràng", "step": "capture", "message": "Expanded \"Xem thêm\" (exact-class): +1 (total 1)", "data": null, "seq": 7947}
{"ts": "2026-04-28T18:41:14.415032+00:00", "level": "INFO", "jobId": "bcdf26cc-6bec-498f-aed0-436d7d7f4654", "keyword": "khai trương rộn ràng", "step": "capture", "message": "Saved post_025.png", "data": null, "seq": 7948}
{"ts": "2026-04-28T18:41:14.415032+00:00", "level": "INFO", "jobId": "bcdf26cc-6bec-498f-aed0-436d7d7f4654", "keyword": "khai trương rộn ràng", "step": "cooldown", "message": "Cooldown 1.2s (after capture)", "data": null, "seq": 7949}
{"ts": "2026-04-28T18:41:16.178795+00:00", "level": "INFO", "jobId": "bcdf26cc-6bec-498f-aed0-436d7d7f4654", "keyword": "khai trương rộn ràng", "step": "capture", "message": "Capturing 26/70 (viewport)…", "data": null, "seq": 7950}
{"ts": "2026-04-28T18:41:16.321440+00:00", "level": "INFO", "jobId": "bcdf26cc-6bec-498f-aed0-436d7d7f4654", "keyword": "khai trương rộn ràng", "step": "capture", "message": "Expanded \"Xem thêm\" (exact-class): +2 (total 2)", "data": null, "seq": 7951}
{"ts": "2026-04-28T18:41:29.297426+00:00", "level": "INFO", "jobId": "bcdf26cc-6bec-498f-aed0-436d7d7f4654", "keyword": "khai trương rộn ràng", "step": "capture", "message": "Saved post_026.png", "data": null, "seq": 7952}
{"ts": "2026-04-28T18:41:29.298581+00:00", "level": "INFO", "jobId": "bcdf26cc-6bec-498f-aed0-436d7d7f4654", "keyword": "khai trương rộn ràng", "step": "cooldown", "message": "Cooldown 1.9s (after capture)", "data": null, "seq": 7953}
{"ts": "2026-04-28T18:41:31.776599+00:00", "level": "INFO", "jobId": "bcdf26cc-6bec-498f-aed0-436d7d7f4654", "keyword": "khai trương rộn ràng", "step": "capture", "message": "Capturing 27/70 (viewport)…", "data": null, "seq": 7954}
{"ts": "2026-04-28T18:41:44.578114+00:00", "level": "INFO", "jobId": "bcdf26cc-6bec-498f-aed0-436d7d7f4654", "keyword": "khai trương rộn ràng", "step": "capture", "message": "Saved post_027.png", "data": null, "seq": 7955}
{"ts": "2026-04-28T18:41:44.578114+00:00", "level": "INFO", "jobId": "bcdf26cc-6bec-498f-aed0-436d7d7f4654", "keyword": "khai trương rộn ràng", "step": "cooldown", "message": "Cooldown 1.5s (after capture)", "data": null, "seq": 7956}
{"ts": "2026-04-28T18:41:46.688567+00:00", "level": "INFO", "jobId": "bcdf26cc-6bec-498f-aed0-436d7d7f4654", "keyword": "khai trương rộn ràng", "step": "capture", "message": "Capturing 28/70 (viewport)…", "data": null, "seq": 7957}
{"ts": "2026-04-28T18:41:46.866330+00:00", "level": "INFO", "jobId": "bcdf26cc-6bec-498f-aed0-436d7d7f4654", "keyword": "khai trương rộn ràng", "step": "capture", "message": "Expanded \"Xem thêm\" (exact-class): +2 (total 2)", "data": null, "seq": 7958}
{"ts": "2026-04-28T18:41:59.985541+00:00", "level": "INFO", "jobId": "bcdf26cc-6bec-498f-aed0-436d7d7f4654", "keyword": "khai trương rộn ràng", "step": "capture", "message": "Saved post_028.png", "data": null, "seq": 7959}
{"ts": "2026-04-28T18:41:59.985541+00:00", "level": "INFO", "jobId": "bcdf26cc-6bec-498f-aed0-436d7d7f4654", "keyword": "khai trương rộn ràng", "step": "cooldown", "message": "Cooldown 2.6s (after capture)", "data": null, "seq": 7960}
{"ts": "2026-04-28T18:42:03.120864+00:00", "level": "INFO", "jobId": "bcdf26cc-6bec-498f-aed0-436d7d7f4654", "keyword": "khai trương rộn ràng", "step": "capture", "message": "Capturing 29/70 (viewport)…", "data": null, "seq": 7961}
{"ts": "2026-04-28T18:42:03.243665+00:00", "level": "INFO", "jobId": "bcdf26cc-6bec-498f-aed0-436d7d7f4654", "keyword": "khai trương rộn ràng", "step": "capture", "message": "Expanded \"Xem thêm\" (exact-class): +1 (total 1)", "data": null, "seq": 7962}
{"ts": "2026-04-28T18:42:16.433263+00:00", "level": "INFO", "jobId": "bcdf26cc-6bec-498f-aed0-436d7d7f4654", "keyword": "khai trương rộn ràng", "step": "capture", "message": "Saved post_029.png", "data": null, "seq": 7963}
{"ts": "2026-04-28T18:42:16.434271+00:00", "level": "INFO", "jobId": "bcdf26cc-6bec-498f-aed0-436d7d7f4654", "keyword": "khai trương rộn ràng", "step": "cooldown", "message": "Cooldown 2.4s (after capture)", "data": null, "seq": 7964}
{"ts": "2026-04-28T18:42:19.460519+00:00", "level": "INFO", "jobId": "bcdf26cc-6bec-498f-aed0-436d7d7f4654", "keyword": "khai trương rộn ràng", "step": "capture", "message": "Capturing 30/70 (viewport)…", "data": null, "seq": 7965}
{"ts": "2026-04-28T18:42:19.644697+00:00", "level": "INFO", "jobId": "bcdf26cc-6bec-498f-aed0-436d7d7f4654", "keyword": "khai trương rộn ràng", "step": "capture", "message": "Expanded \"Xem thêm\" (exact-class): +2 (total 2)", "data": null, "seq": 7966}
{"ts": "2026-04-28T18:42:32.843529+00:00", "level": "INFO", "jobId": "bcdf26cc-6bec-498f-aed0-436d7d7f4654", "keyword": "khai trương rộn ràng", "step": "capture", "message": "Saved post_030.png", "data": null, "seq": 7967}
{"ts": "2026-04-28T18:42:32.843529+00:00", "level": "INFO", "jobId": "bcdf26cc-6bec-498f-aed0-436d7d7f4654", "keyword": "khai trương rộn ràng", "step": "cooldown", "message": "Cooldown 2.1s (after capture)", "data": null, "seq": 7968}
{"ts": "2026-04-28T18:42:35.534007+00:00", "level": "INFO", "jobId": "bcdf26cc-6bec-498f-aed0-436d7d7f4654", "keyword": "khai trương rộn ràng", "step": "capture", "message": "Capturing 31/70 (viewport)…", "data": null, "seq": 7969}
{"ts": "2026-04-28T18:42:48.031771+00:00", "level": "INFO", "jobId": "bcdf26cc-6bec-498f-aed0-436d7d7f4654", "keyword": "khai trương rộn ràng", "step": "capture", "message": "Saved post_031.png", "data": null, "seq": 7970}
{"ts": "2026-04-28T18:42:48.032372+00:00", "level": "INFO", "jobId": "bcdf26cc-6bec-498f-aed0-436d7d7f4654", "keyword": "khai trương rộn ràng", "step": "cooldown", "message": "Cooldown 1.1s (after capture)", "data": null, "seq": 7971}
{"ts": "2026-04-28T18:42:49.682750+00:00", "level": "INFO", "jobId": "bcdf26cc-6bec-498f-aed0-436d7d7f4654", "keyword": "khai trương rộn ràng", "step": "capture", "message": "Capturing 32/70 (viewport)…", "data": null, "seq": 7972}
{"ts": "2026-04-28T18:42:49.801873+00:00", "level": "INFO", "jobId": "bcdf26cc-6bec-498f-aed0-436d7d7f4654", "keyword": "khai trương rộn ràng", "step": "capture", "message": "Expanded \"Xem thêm\" (exact-class): +1 (total 1)", "data": null, "seq": 7973}
{"ts": "2026-04-28T18:43:02.914644+00:00", "level": "INFO", "jobId": "bcdf26cc-6bec-498f-aed0-436d7d7f4654", "keyword": "khai trương rộn ràng", "step": "capture", "message": "Saved post_032.png", "data": null, "seq": 7974}
{"ts": "2026-04-28T18:43:02.914644+00:00", "level": "INFO", "jobId": "bcdf26cc-6bec-498f-aed0-436d7d7f4654", "keyword": "khai trương rộn ràng", "step": "cooldown", "message": "Cooldown 1.8s (after capture)", "data": null, "seq": 7975}
{"ts": "2026-04-28T18:43:05.326819+00:00", "level": "INFO", "jobId": "bcdf26cc-6bec-498f-aed0-436d7d7f4654", "keyword": "khai trương rộn ràng", "step": "capture", "message": "Capturing 33/70 (viewport)…", "data": null, "seq": 7976}
{"ts": "2026-04-28T18:43:05.439753+00:00", "level": "INFO", "jobId": "bcdf26cc-6bec-498f-aed0-436d7d7f4654", "keyword": "khai trương rộn ràng", "step": "capture", "message": "Expanded \"Xem thêm\" (exact-class): +1 (total 1)", "data": null, "seq": 7977}
{"ts": "2026-04-28T18:43:18.599227+00:00", "level": "INFO", "jobId": "bcdf26cc-6bec-498f-aed0-436d7d7f4654", "keyword": "khai trương rộn ràng", "step": "capture", "message": "Saved post_033.png", "data": null, "seq": 7978}
{"ts": "2026-04-28T18:43:18.599227+00:00", "level": "INFO", "jobId": "bcdf26cc-6bec-498f-aed0-436d7d7f4654", "keyword": "khai trương rộn ràng", "step": "cooldown", "message": "Cooldown 1.3s (after capture)", "data": null, "seq": 7979}
{"ts": "2026-04-28T18:43:20.494611+00:00", "level": "INFO", "jobId": "bcdf26cc-6bec-498f-aed0-436d7d7f4654", "keyword": "khai trương rộn ràng", "step": "capture", "message": "Capturing 34/70 (viewport)…", "data": null, "seq": 7980}
{"ts": "2026-04-28T18:43:20.584051+00:00", "level": "INFO", "jobId": "bcdf26cc-6bec-498f-aed0-436d7d7f4654", "keyword": "khai trương rộn ràng", "step": "capture", "message": "Expanded \"Xem thêm\" (exact-class): +1 (total 1)", "data": null, "seq": 7981}
{"ts": "2026-04-28T18:43:33.846537+00:00", "level": "INFO", "jobId": "bcdf26cc-6bec-498f-aed0-436d7d7f4654", "keyword": "khai trương rộn ràng", "step": "capture", "message": "Saved post_034.png", "data": null, "seq": 7982}
{"ts": "2026-04-28T18:43:33.846537+00:00", "level": "INFO", "jobId": "bcdf26cc-6bec-498f-aed0-436d7d7f4654", "keyword": "khai trương rộn ràng", "step": "cooldown", "message": "Cooldown 2.0s (after capture)", "data": null, "seq": 7983}
{"ts": "2026-04-28T18:43:36.464612+00:00", "level": "INFO", "jobId": "bcdf26cc-6bec-498f-aed0-436d7d7f4654", "keyword": "khai trương rộn ràng", "step": "capture", "message": "Capturing 35/70 (viewport)…", "data": null, "seq": 7984}
{"ts": "2026-04-28T18:43:36.634189+00:00", "level": "INFO", "jobId": "bcdf26cc-6bec-498f-aed0-436d7d7f4654", "keyword": "khai trương rộn ràng", "step": "capture", "message": "Expanded \"Xem thêm\" (exact-class): +2 (total 2)", "data": null, "seq": 7985}
{"ts": "2026-04-28T18:43:49.542849+00:00", "level": "INFO", "jobId": "bcdf26cc-6bec-498f-aed0-436d7d7f4654", "keyword": "khai trương rộn ràng", "step": "capture", "message": "Saved post_035.png", "data": null, "seq": 7986}
{"ts": "2026-04-28T18:43:49.542849+00:00", "level": "INFO", "jobId": "bcdf26cc-6bec-498f-aed0-436d7d7f4654", "keyword": "khai trương rộn ràng", "step": "cooldown", "message": "Cooldown 1.6s (after capture)", "data": null, "seq": 7987}
{"ts": "2026-04-28T18:43:51.869958+00:00", "level": "INFO", "jobId": "bcdf26cc-6bec-498f-aed0-436d7d7f4654", "keyword": "khai trương rộn ràng", "step": "capture", "message": "Capturing 36/70 (viewport)…", "data": null, "seq": 7988}
{"ts": "2026-04-28T18:44:04.468575+00:00", "level": "INFO", "jobId": "bcdf26cc-6bec-498f-aed0-436d7d7f4654", "keyword": "khai trương rộn ràng", "step": "capture", "message": "Saved post_036.png", "data": null, "seq": 7989}
{"ts": "2026-04-28T18:44:04.469081+00:00", "level": "INFO", "jobId": "bcdf26cc-6bec-498f-aed0-436d7d7f4654", "keyword": "khai trương rộn ràng", "step": "cooldown", "message": "Cooldown 2.7s (after capture)", "data": null, "seq": 7990}
{"ts": "2026-04-28T18:44:07.745484+00:00", "level": "INFO", "jobId": "bcdf26cc-6bec-498f-aed0-436d7d7f4654", "keyword": "khai trương rộn ràng", "step": "capture", "message": "Capturing 37/70 (viewport)…", "data": null, "seq": 7991}
{"ts": "2026-04-28T18:44:08.029731+00:00", "level": "INFO", "jobId": "bcdf26cc-6bec-498f-aed0-436d7d7f4654", "keyword": "khai trương rộn ràng", "step": "capture", "message": "Expanded \"Xem thêm\" (exact-class): +2 (total 2)", "data": null, "seq": 7992}
{"ts": "2026-04-28T18:44:20.873674+00:00", "level": "INFO", "jobId": "bcdf26cc-6bec-498f-aed0-436d7d7f4654", "keyword": "khai trương rộn ràng", "step": "capture", "message": "Saved post_037.png", "data": null, "seq": 7993}
{"ts": "2026-04-28T18:44:20.873674+00:00", "level": "INFO", "jobId": "bcdf26cc-6bec-498f-aed0-436d7d7f4654", "keyword": "khai trương rộn ràng", "step": "cooldown", "message": "Cooldown 1.8s (after capture)", "data": null, "seq": 7994}
{"ts": "2026-04-28T18:44:23.290625+00:00", "level": "INFO", "jobId": "bcdf26cc-6bec-498f-aed0-436d7d7f4654", "keyword": "khai trương rộn ràng", "step": "capture", "message": "Capturing 38/70 (viewport)…", "data": null, "seq": 7995}
{"ts": "2026-04-28T18:44:35.767384+00:00", "level": "INFO", "jobId": "bcdf26cc-6bec-498f-aed0-436d7d7f4654", "keyword": "khai trương rộn ràng", "step": "capture", "message": "Saved post_038.png", "data": null, "seq": 7996}
{"ts": "2026-04-28T18:44:35.768541+00:00", "level": "INFO", "jobId": "bcdf26cc-6bec-498f-aed0-436d7d7f4654", "keyword": "khai trương rộn ràng", "step": "cooldown", "message": "Cooldown 2.4s (after capture)", "data": null, "seq": 7997}
{"ts": "2026-04-28T18:44:38.810703+00:00", "level": "INFO", "jobId": "bcdf26cc-6bec-498f-aed0-436d7d7f4654", "keyword": "khai trương rộn ràng", "step": "capture", "message": "Capturing 39/70 (viewport)…", "data": null, "seq": 7998}
{"ts": "2026-04-28T18:44:39.032085+00:00", "level": "INFO", "jobId": "bcdf26cc-6bec-498f-aed0-436d7d7f4654", "keyword": "khai trương rộn ràng", "step": "capture", "message": "Expanded \"Xem thêm\" (exact-class): +1 (total 1)", "data": null, "seq": 7999}
{"ts": "2026-04-28T18:44:52.203104+00:00", "level": "INFO", "jobId": "bcdf26cc-6bec-498f-aed0-436d7d7f4654", "keyword": "khai trương rộn ràng", "step": "capture", "message": "Saved post_039.png", "data": null, "seq": 8000}
{"ts": "2026-04-28T18:44:52.203104+00:00", "level": "INFO", "jobId": "bcdf26cc-6bec-498f-aed0-436d7d7f4654", "keyword": "khai trương rộn ràng", "step": "cooldown", "message": "Cooldown 1.6s (after capture)", "data": null, "seq": 8001}
{"ts": "2026-04-28T18:44:54.488789+00:00", "level": "INFO", "jobId": "bcdf26cc-6bec-498f-aed0-436d7d7f4654", "keyword": "khai trương rộn ràng", "step": "capture", "message": "Capturing 40/70 (viewport)…", "data": null, "seq": 8002}
{"ts": "2026-04-28T18:44:54.629580+00:00", "level": "INFO", "jobId": "bcdf26cc-6bec-498f-aed0-436d7d7f4654", "keyword": "khai trương rộn ràng", "step": "capture", "message": "Expanded \"Xem thêm\" (exact-class): +3 (total 3)", "data": null, "seq": 8003}
{"ts": "2026-04-28T18:45:07.684225+00:00", "level": "INFO", "jobId": "bcdf26cc-6bec-498f-aed0-436d7d7f4654", "keyword": "khai trương rộn ràng", "step": "capture", "message": "Saved post_040.png", "data": null, "seq": 8004}
{"ts": "2026-04-28T18:45:07.684225+00:00", "level": "INFO", "jobId": "bcdf26cc-6bec-498f-aed0-436d7d7f4654", "keyword": "khai trương rộn ràng", "step": "cooldown", "message": "Cooldown 1.4s (after capture)", "data": null, "seq": 8005}
{"ts": "2026-04-28T18:45:09.651695+00:00", "level": "INFO", "jobId": "bcdf26cc-6bec-498f-aed0-436d7d7f4654", "keyword": "khai trương rộn ràng", "step": "capture", "message": "Capturing 41/70 (viewport)…", "data": null, "seq": 8006}
{"ts": "2026-04-28T18:45:22.517689+00:00", "level": "INFO", "jobId": "bcdf26cc-6bec-498f-aed0-436d7d7f4654", "keyword": "khai trương rộn ràng", "step": "capture", "message": "Saved post_041.png", "data": null, "seq": 8007}
{"ts": "2026-04-28T18:45:22.517689+00:00", "level": "INFO", "jobId": "bcdf26cc-6bec-498f-aed0-436d7d7f4654", "keyword": "khai trương rộn ràng", "step": "cooldown", "message": "Cooldown 2.1s (after capture)", "data": null, "seq": 8008}
{"ts": "2026-04-28T18:45:25.202572+00:00", "level": "INFO", "jobId": "bcdf26cc-6bec-498f-aed0-436d7d7f4654", "keyword": "khai trương rộn ràng", "step": "capture", "message": "Capturing 42/70 (viewport)…", "data": null, "seq": 8009}
{"ts": "2026-04-28T18:45:25.365276+00:00", "level": "INFO", "jobId": "bcdf26cc-6bec-498f-aed0-436d7d7f4654", "keyword": "khai trương rộn ràng", "step": "capture", "message": "Expanded \"Xem thêm\" (exact-class): +2 (total 2)", "data": null, "seq": 8010}
{"ts": "2026-04-28T18:45:38.383330+00:00", "level": "INFO", "jobId": "bcdf26cc-6bec-498f-aed0-436d7d7f4654", "keyword": "khai trương rộn ràng", "step": "capture", "message": "Saved post_042.png", "data": null, "seq": 8011}
{"ts": "2026-04-28T18:45:38.383330+00:00", "level": "INFO", "jobId": "bcdf26cc-6bec-498f-aed0-436d7d7f4654", "keyword": "khai trương rộn ràng", "step": "cooldown", "message": "Cooldown 1.9s (after capture)", "data": null, "seq": 8012}
{"ts": "2026-04-28T18:45:40.847508+00:00", "level": "INFO", "jobId": "bcdf26cc-6bec-498f-aed0-436d7d7f4654", "keyword": "khai trương rộn ràng", "step": "capture", "message": "Capturing 43/70 (viewport)…", "data": null, "seq": 8013}
{"ts": "2026-04-28T18:45:41.024186+00:00", "level": "INFO", "jobId": "bcdf26cc-6bec-498f-aed0-436d7d7f4654", "keyword": "khai trương rộn ràng", "step": "capture", "message": "Expanded \"Xem thêm\" (exact-class): +1 (total 1)", "data": null, "seq": 8014}
{"ts": "2026-04-28T18:45:53.982538+00:00", "level": "INFO", "jobId": "bcdf26cc-6bec-498f-aed0-436d7d7f4654", "keyword": "khai trương rộn ràng", "step": "capture", "message": "Saved post_043.png", "data": null, "seq": 8015}
{"ts": "2026-04-28T18:45:53.983541+00:00", "level": "INFO", "jobId": "bcdf26cc-6bec-498f-aed0-436d7d7f4654", "keyword": "khai trương rộn ràng", "step": "cooldown", "message": "Cooldown 2.8s (after capture)", "data": null, "seq": 8016}
{"ts": "2026-04-28T18:45:57.397624+00:00", "level": "INFO", "jobId": "bcdf26cc-6bec-498f-aed0-436d7d7f4654", "keyword": "khai trương rộn ràng", "step": "capture", "message": "Capturing 44/70 (viewport)…", "data": null, "seq": 8017}
{"ts": "2026-04-28T18:45:57.633120+00:00", "level": "INFO", "jobId": "bcdf26cc-6bec-498f-aed0-436d7d7f4654", "keyword": "khai trương rộn ràng", "step": "capture", "message": "Expanded \"Xem thêm\" (exact-class): +2 (total 2)", "data": null, "seq": 8018}
{"ts": "2026-04-28T18:46:10.693098+00:00", "level": "INFO", "jobId": "bcdf26cc-6bec-498f-aed0-436d7d7f4654", "keyword": "khai trương rộn ràng", "step": "capture", "message": "Saved post_044.png", "data": null, "seq": 8019}
{"ts": "2026-04-28T18:46:10.693098+00:00", "level": "INFO", "jobId": "bcdf26cc-6bec-498f-aed0-436d7d7f4654", "keyword": "khai trương rộn ràng", "step": "cooldown", "message": "Cooldown 1.4s (after capture)", "data": null, "seq": 8020}
{"ts": "2026-04-28T18:46:12.656581+00:00", "level": "INFO", "jobId": "bcdf26cc-6bec-498f-aed0-436d7d7f4654", "keyword": "khai trương rộn ràng", "step": "capture", "message": "Capturing 45/70 (viewport)…", "data": null, "seq": 8021}
{"ts": "2026-04-28T18:46:12.831986+00:00", "level": "INFO", "jobId": "bcdf26cc-6bec-498f-aed0-436d7d7f4654", "keyword": "khai trương rộn ràng", "step": "capture", "message": "Expanded \"Xem thêm\" (exact-class): +1 (total 1)", "data": null, "seq": 8022}
{"ts": "2026-04-28T18:46:25.861042+00:00", "level": "INFO", "jobId": "bcdf26cc-6bec-498f-aed0-436d7d7f4654", "keyword": "khai trương rộn ràng", "step": "capture", "message": "Saved post_045.png", "data": null, "seq": 8023}
{"ts": "2026-04-28T18:46:25.862130+00:00", "level": "INFO", "jobId": "bcdf26cc-6bec-498f-aed0-436d7d7f4654", "keyword": "khai trương rộn ràng", "step": "cooldown", "message": "Cooldown 2.2s (after capture)", "data": null, "seq": 8024}
{"ts": "2026-04-28T18:46:28.691627+00:00", "level": "INFO", "jobId": "bcdf26cc-6bec-498f-aed0-436d7d7f4654", "keyword": "khai trương rộn ràng", "step": "capture", "message": "Capturing 46/70 (viewport)…", "data": null, "seq": 8025}
{"ts": "2026-04-28T18:46:28.819266+00:00", "level": "INFO", "jobId": "bcdf26cc-6bec-498f-aed0-436d7d7f4654", "keyword": "khai trương rộn ràng", "step": "capture", "message": "Expanded \"Xem thêm\" (exact-class): +1 (total 1)", "data": null, "seq": 8026}
{"ts": "2026-04-28T18:46:41.739076+00:00", "level": "INFO", "jobId": "bcdf26cc-6bec-498f-aed0-436d7d7f4654", "keyword": "khai trương rộn ràng", "step": "capture", "message": "Saved post_046.png", "data": null, "seq": 8027}
{"ts": "2026-04-28T18:46:41.739076+00:00", "level": "INFO", "jobId": "bcdf26cc-6bec-498f-aed0-436d7d7f4654", "keyword": "khai trương rộn ràng", "step": "cooldown", "message": "Cooldown 2.2s (after capture)", "data": null, "seq": 8028}
{"ts": "2026-04-28T18:46:44.602818+00:00", "level": "INFO", "jobId": "bcdf26cc-6bec-498f-aed0-436d7d7f4654", "keyword": "khai trương rộn ràng", "step": "capture", "message": "Capturing 47/70 (viewport)…", "data": null, "seq": 8029}
{"ts": "2026-04-28T18:46:44.876455+00:00", "level": "INFO", "jobId": "bcdf26cc-6bec-498f-aed0-436d7d7f4654", "keyword": "khai trương rộn ràng", "step": "capture", "message": "Expanded \"Xem thêm\" (exact-class): +1 (total 1)", "data": null, "seq": 8030}
{"ts": "2026-04-28T18:46:57.704650+00:00", "level": "INFO", "jobId": "bcdf26cc-6bec-498f-aed0-436d7d7f4654", "keyword": "khai trương rộn ràng", "step": "capture", "message": "Saved post_047.png", "data": null, "seq": 8031}
{"ts": "2026-04-28T18:46:57.704650+00:00", "level": "INFO", "jobId": "bcdf26cc-6bec-498f-aed0-436d7d7f4654", "keyword": "khai trương rộn ràng", "step": "cooldown", "message": "Cooldown 2.4s (after capture)", "data": null, "seq": 8032}
{"ts": "2026-04-28T18:47:00.725254+00:00", "level": "INFO", "jobId": "bcdf26cc-6bec-498f-aed0-436d7d7f4654", "keyword": "khai trương rộn ràng", "step": "capture", "message": "Capturing 48/70 (viewport)…", "data": null, "seq": 8033}
{"ts": "2026-04-28T18:47:00.882842+00:00", "level": "INFO", "jobId": "bcdf26cc-6bec-498f-aed0-436d7d7f4654", "keyword": "khai trương rộn ràng", "step": "capture", "message": "Expanded \"Xem thêm\" (exact-class): +2 (total 2)", "data": null, "seq": 8034}
{"ts": "2026-04-28T18:47:13.669356+00:00", "level": "INFO", "jobId": "bcdf26cc-6bec-498f-aed0-436d7d7f4654", "keyword": "khai trương rộn ràng", "step": "capture", "message": "Saved post_048.png", "data": null, "seq": 8035}
{"ts": "2026-04-28T18:47:13.669356+00:00", "level": "INFO", "jobId": "bcdf26cc-6bec-498f-aed0-436d7d7f4654", "keyword": "khai trương rộn ràng", "step": "cooldown", "message": "Cooldown 2.9s (after capture)", "data": null, "seq": 8036}
{"ts": "2026-04-28T18:47:17.206766+00:00", "level": "INFO", "jobId": "bcdf26cc-6bec-498f-aed0-436d7d7f4654", "keyword": "khai trương rộn ràng", "step": "capture", "message": "Capturing 49/70 (viewport)…", "data": null, "seq": 8037}
{"ts": "2026-04-28T18:47:29.921963+00:00", "level": "INFO", "jobId": "bcdf26cc-6bec-498f-aed0-436d7d7f4654", "keyword": "khai trương rộn ràng", "step": "capture", "message": "Saved post_049.png", "data": null, "seq": 8038}
{"ts": "2026-04-28T18:47:29.921963+00:00", "level": "INFO", "jobId": "bcdf26cc-6bec-498f-aed0-436d7d7f4654", "keyword": "khai trương rộn ràng", "step": "cooldown", "message": "Cooldown 2.1s (after capture)", "data": null, "seq": 8039}
{"ts": "2026-04-28T18:47:32.651260+00:00", "level": "INFO", "jobId": "bcdf26cc-6bec-498f-aed0-436d7d7f4654", "keyword": "khai trương rộn ràng", "step": "capture", "message": "Capturing 50/70 (viewport)…", "data": null, "seq": 8040}
{"ts": "2026-04-28T18:47:32.796251+00:00", "level": "INFO", "jobId": "bcdf26cc-6bec-498f-aed0-436d7d7f4654", "keyword": "khai trương rộn ràng", "step": "capture", "message": "Expanded \"Xem thêm\" (exact-class): +1 (total 1)", "data": null, "seq": 8041}
{"ts": "2026-04-28T18:47:45.748475+00:00", "level": "INFO", "jobId": "bcdf26cc-6bec-498f-aed0-436d7d7f4654", "keyword": "khai trương rộn ràng", "step": "capture", "message": "Saved post_050.png", "data": null, "seq": 8042}
{"ts": "2026-04-28T18:47:45.748475+00:00", "level": "INFO", "jobId": "bcdf26cc-6bec-498f-aed0-436d7d7f4654", "keyword": "khai trương rộn ràng", "step": "cooldown", "message": "Cooldown 2.3s (after capture)", "data": null, "seq": 8043}
{"ts": "2026-04-28T18:47:48.725626+00:00", "level": "INFO", "jobId": "bcdf26cc-6bec-498f-aed0-436d7d7f4654", "keyword": "khai trương rộn ràng", "step": "capture", "message": "Capturing 51/70 (viewport)…", "data": null, "seq": 8044}
{"ts": "2026-04-28T18:47:48.884657+00:00", "level": "INFO", "jobId": "bcdf26cc-6bec-498f-aed0-436d7d7f4654", "keyword": "khai trương rộn ràng", "step": "capture", "message": "Expanded \"Xem thêm\" (exact-class): +1 (total 1)", "data": null, "seq": 8045}
{"ts": "2026-04-28T18:48:02.005895+00:00", "level": "INFO", "jobId": "bcdf26cc-6bec-498f-aed0-436d7d7f4654", "keyword": "khai trương rộn ràng", "step": "capture", "message": "Saved post_051.png", "data": null, "seq": 8046}
{"ts": "2026-04-28T18:48:02.005895+00:00", "level": "INFO", "jobId": "bcdf26cc-6bec-498f-aed0-436d7d7f4654", "keyword": "khai trương rộn ràng", "step": "cooldown", "message": "Cooldown 1.5s (after capture)", "data": null, "seq": 8047}
{"ts": "2026-04-28T18:48:04.129437+00:00", "level": "INFO", "jobId": "bcdf26cc-6bec-498f-aed0-436d7d7f4654", "keyword": "khai trương rộn ràng", "step": "capture", "message": "Capturing 52/70 (viewport)…", "data": null, "seq": 8048}
{"ts": "2026-04-28T18:48:04.241904+00:00", "level": "INFO", "jobId": "bcdf26cc-6bec-498f-aed0-436d7d7f4654", "keyword": "khai trương rộn ràng", "step": "capture", "message": "Expanded \"Xem thêm\" (exact-class): +1 (total 1)", "data": null, "seq": 8049}
{"ts": "2026-04-28T18:48:17.164828+00:00", "level": "INFO", "jobId": "bcdf26cc-6bec-498f-aed0-436d7d7f4654", "keyword": "khai trương rộn ràng", "step": "capture", "message": "Saved post_052.png", "data": null, "seq": 8050}
{"ts": "2026-04-28T18:48:17.164828+00:00", "level": "INFO", "jobId": "bcdf26cc-6bec-498f-aed0-436d7d7f4654", "keyword": "khai trương rộn ràng", "step": "cooldown", "message": "Cooldown 2.5s (after capture)", "data": null, "seq": 8051}
{"ts": "2026-04-28T18:48:20.226926+00:00", "level": "INFO", "jobId": "bcdf26cc-6bec-498f-aed0-436d7d7f4654", "keyword": "khai trương rộn ràng", "step": "capture", "message": "Capturing 53/70 (viewport)…", "data": null, "seq": 8052}
{"ts": "2026-04-28T18:48:32.806141+00:00", "level": "INFO", "jobId": "bcdf26cc-6bec-498f-aed0-436d7d7f4654", "keyword": "khai trương rộn ràng", "step": "capture", "message": "Saved post_053.png", "data": null, "seq": 8053}
{"ts": "2026-04-28T18:48:32.806141+00:00", "level": "INFO", "jobId": "bcdf26cc-6bec-498f-aed0-436d7d7f4654", "keyword": "khai trương rộn ràng", "step": "cooldown", "message": "Cooldown 2.2s (after capture)", "data": null, "seq": 8054}
{"ts": "2026-04-28T18:48:45.998413+00:00", "level": "INFO", "jobId": "bcdf26cc-6bec-498f-aed0-436d7d7f4654", "keyword": "khai trương rộn ràng", "step": "capture", "message": "Scroll did not move. diag={'y': 87270, 'docTop': 87270, 'docH': 89073, 'primaryTop': 0, 'primaryCH': 0, 'primarySH': 0, 'innerScrollables': 0, 'htmlOverflow': 'scroll', 'bodyOverflow': 'auto', 'articles': 0}", "data": null, "seq": 8055}
{"ts": "2026-04-28T18:48:46.023416+00:00", "level": "INFO", "jobId": "bcdf26cc-6bec-498f-aed0-436d7d7f4654", "keyword": "khai trương rộn ràng", "step": "capture", "message": "Capturing 54/70 (viewport)…", "data": null, "seq": 8056}
{"ts": "2026-04-28T18:48:58.588081+00:00", "level": "INFO", "jobId": "bcdf26cc-6bec-498f-aed0-436d7d7f4654", "keyword": "khai trương rộn ràng", "step": "capture", "message": "At bottom; waiting for more results… (stall 1)", "data": null, "seq": 8057}
{"ts": "2026-04-28T18:49:13.375922+00:00", "level": "INFO", "jobId": "bcdf26cc-6bec-498f-aed0-436d7d7f4654", "keyword": "khai trương rộn ràng", "step": "capture", "message": "Capturing 54/70 (viewport)…", "data": null, "seq": 8058}
{"ts": "2026-04-28T18:49:26.199536+00:00", "level": "INFO", "jobId": "bcdf26cc-6bec-498f-aed0-436d7d7f4654", "keyword": "khai trương rộn ràng", "step": "capture", "message": "At bottom; waiting for more results… (stall 2)", "data": null, "seq": 8059}
{"ts": "2026-04-28T18:49:41.113551+00:00", "level": "INFO", "jobId": "bcdf26cc-6bec-498f-aed0-436d7d7f4654", "keyword": "khai trương rộn ràng", "step": "capture", "message": "Capturing 54/70 (viewport)…", "data": null, "seq": 8060}
{"ts": "2026-04-28T18:49:53.850326+00:00", "level": "INFO", "jobId": "bcdf26cc-6bec-498f-aed0-436d7d7f4654", "keyword": "khai trương rộn ràng", "step": "capture", "message": "At bottom; waiting for more results… (stall 3)", "data": null, "seq": 8061}
{"ts": "2026-04-28T18:50:08.599554+00:00", "level": "INFO", "jobId": "bcdf26cc-6bec-498f-aed0-436d7d7f4654", "keyword": "khai trương rộn ràng", "step": "capture", "message": "Capturing 54/70 (viewport)…", "data": null, "seq": 8062}
{"ts": "2026-04-28T18:50:21.260056+00:00", "level": "INFO", "jobId": "bcdf26cc-6bec-498f-aed0-436d7d7f4654", "keyword": "khai trương rộn ràng", "step": "capture", "message": "At bottom; waiting for more results… (stall 4)", "data": null, "seq": 8063}
{"ts": "2026-04-28T18:50:36.030835+00:00", "level": "INFO", "jobId": "bcdf26cc-6bec-498f-aed0-436d7d7f4654", "keyword": "khai trương rộn ràng", "step": "capture", "message": "No progress for too long. Reloading to recover…", "data": null, "seq": 8064}
{"ts": "2026-04-28T18:50:37.702867+00:00", "level": "INFO", "jobId": "bcdf26cc-6bec-498f-aed0-436d7d7f4654", "keyword": "khai trương rộn ràng", "step": "capture", "message": "Capturing 54/70 (viewport)…", "data": null, "seq": 8065}
{"ts": "2026-04-28T18:50:50.573639+00:00", "level": "INFO", "jobId": "bcdf26cc-6bec-498f-aed0-436d7d7f4654", "keyword": "khai trương rộn ràng", "step": "capture", "message": "Saved post_054.png", "data": null, "seq": 8066}
{"ts": "2026-04-28T18:50:50.573639+00:00", "level": "INFO", "jobId": "bcdf26cc-6bec-498f-aed0-436d7d7f4654", "keyword": "khai trương rộn ràng", "step": "cooldown", "message": "Cooldown 1.6s (after capture)", "data": null, "seq": 8067}
{"ts": "2026-04-28T18:50:55.222565+00:00", "level": "INFO", "jobId": "bcdf26cc-6bec-498f-aed0-436d7d7f4654", "keyword": "khai trương rộn ràng", "step": "capture", "message": "Capturing 55/70 (viewport)…", "data": null, "seq": 8068}
{"ts": "2026-04-28T18:50:56.005821+00:00", "level": "INFO", "jobId": "bcdf26cc-6bec-498f-aed0-436d7d7f4654", "keyword": "khai trương rộn ràng", "step": "capture", "message": "Expanded \"Xem thêm\" (exact-class): +2 (total 2)", "data": null, "seq": 8069}
{"ts": "2026-04-28T18:51:08.872032+00:00", "level": "INFO", "jobId": "bcdf26cc-6bec-498f-aed0-436d7d7f4654", "keyword": "khai trương rộn ràng", "step": "capture", "message": "Saved post_055.png", "data": null, "seq": 8070}
{"ts": "2026-04-28T18:51:08.872032+00:00", "level": "INFO", "jobId": "bcdf26cc-6bec-498f-aed0-436d7d7f4654", "keyword": "khai trương rộn ràng", "step": "cooldown", "message": "Cooldown 1.8s (after capture)", "data": null, "seq": 8071}
{"ts": "2026-04-28T18:51:11.203965+00:00", "level": "INFO", "jobId": "bcdf26cc-6bec-498f-aed0-436d7d7f4654", "keyword": "khai trương rộn ràng", "step": "capture", "message": "Capturing 56/70 (viewport)…", "data": null, "seq": 8072}
{"ts": "2026-04-28T18:51:11.268942+00:00", "level": "INFO", "jobId": "bcdf26cc-6bec-498f-aed0-436d7d7f4654", "keyword": "khai trương rộn ràng", "step": "capture", "message": "Expanded \"Xem thêm\" (exact-class): +1 (total 1)", "data": null, "seq": 8073}
{"ts": "2026-04-28T18:51:24.164936+00:00", "level": "INFO", "jobId": "bcdf26cc-6bec-498f-aed0-436d7d7f4654", "keyword": "khai trương rộn ràng", "step": "capture", "message": "Saved post_056.png", "data": null, "seq": 8074}
{"ts": "2026-04-28T18:51:24.164936+00:00", "level": "INFO", "jobId": "bcdf26cc-6bec-498f-aed0-436d7d7f4654", "keyword": "khai trương rộn ràng", "step": "cooldown", "message": "Cooldown 1.5s (after capture)", "data": null, "seq": 8075}
{"ts": "2026-04-28T18:51:26.229512+00:00", "level": "INFO", "jobId": "bcdf26cc-6bec-498f-aed0-436d7d7f4654", "keyword": "khai trương rộn ràng", "step": "capture", "message": "Capturing 57/70 (viewport)…", "data": null, "seq": 8076}
{"ts": "2026-04-28T18:51:26.336660+00:00", "level": "INFO", "jobId": "bcdf26cc-6bec-498f-aed0-436d7d7f4654", "keyword": "khai trương rộn ràng", "step": "capture", "message": "Expanded \"Xem thêm\" (exact-class): +1 (total 1)", "data": null, "seq": 8077}
{"ts": "2026-04-28T18:51:39.198538+00:00", "level": "INFO", "jobId": "bcdf26cc-6bec-498f-aed0-436d7d7f4654", "keyword": "khai trương rộn ràng", "step": "capture", "message": "Saved post_057.png", "data": null, "seq": 8078}
{"ts": "2026-04-28T18:51:39.198538+00:00", "level": "INFO", "jobId": "bcdf26cc-6bec-498f-aed0-436d7d7f4654", "keyword": "khai trương rộn ràng", "step": "cooldown", "message": "Cooldown 2.2s (after capture)", "data": null, "seq": 8079}
{"ts": "2026-04-28T18:51:41.956612+00:00", "level": "INFO", "jobId": "bcdf26cc-6bec-498f-aed0-436d7d7f4654", "keyword": "khai trương rộn ràng", "step": "capture", "message": "Capturing 58/70 (viewport)…", "data": null, "seq": 8080}
{"ts": "2026-04-28T18:51:42.028278+00:00", "level": "INFO", "jobId": "bcdf26cc-6bec-498f-aed0-436d7d7f4654", "keyword": "khai trương rộn ràng", "step": "capture", "message": "Expanded \"Xem thêm\" (exact-class): +1 (total 1)", "data": null, "seq": 8081}
{"ts": "2026-04-28T18:51:54.864067+00:00", "level": "INFO", "jobId": "bcdf26cc-6bec-498f-aed0-436d7d7f4654", "keyword": "khai trương rộn ràng", "step": "capture", "message": "Saved post_058.png", "data": null, "seq": 8082}
{"ts": "2026-04-28T18:51:54.864067+00:00", "level": "INFO", "jobId": "bcdf26cc-6bec-498f-aed0-436d7d7f4654", "keyword": "khai trương rộn ràng", "step": "cooldown", "message": "Cooldown 2.2s (after capture)", "data": null, "seq": 8083}
{"ts": "2026-04-28T18:51:57.657563+00:00", "level": "INFO", "jobId": "bcdf26cc-6bec-498f-aed0-436d7d7f4654", "keyword": "khai trương rộn ràng", "step": "capture", "message": "Capturing 59/70 (viewport)…", "data": null, "seq": 8084}
{"ts": "2026-04-28T18:51:57.780306+00:00", "level": "INFO", "jobId": "bcdf26cc-6bec-498f-aed0-436d7d7f4654", "keyword": "khai trương rộn ràng", "step": "capture", "message": "Expanded \"Xem thêm\" (exact-class): +1 (total 1)", "data": null, "seq": 8085}
{"ts": "2026-04-28T18:52:10.687807+00:00", "level": "INFO", "jobId": "bcdf26cc-6bec-498f-aed0-436d7d7f4654", "keyword": "khai trương rộn ràng", "step": "capture", "message": "Saved post_059.png", "data": null, "seq": 8086}
{"ts": "2026-04-28T18:52:10.688898+00:00", "level": "INFO", "jobId": "bcdf26cc-6bec-498f-aed0-436d7d7f4654", "keyword": "khai trương rộn ràng", "step": "cooldown", "message": "Cooldown 2.9s (after capture)", "data": null, "seq": 8087}
{"ts": "2026-04-28T18:52:14.192332+00:00", "level": "INFO", "jobId": "bcdf26cc-6bec-498f-aed0-436d7d7f4654", "keyword": "khai trương rộn ràng", "step": "capture", "message": "Capturing 60/70 (viewport)…", "data": null, "seq": 8088}
{"ts": "2026-04-28T18:52:26.856882+00:00", "level": "INFO", "jobId": "bcdf26cc-6bec-498f-aed0-436d7d7f4654", "keyword": "khai trương rộn ràng", "step": "capture", "message": "Saved post_060.png", "data": null, "seq": 8089}
{"ts": "2026-04-28T18:52:26.856882+00:00", "level": "INFO", "jobId": "bcdf26cc-6bec-498f-aed0-436d7d7f4654", "keyword": "khai trương rộn ràng", "step": "cooldown", "message": "Cooldown 2.2s (after capture)", "data": null, "seq": 8090}
{"ts": "2026-04-28T18:52:29.648886+00:00", "level": "INFO", "jobId": "bcdf26cc-6bec-498f-aed0-436d7d7f4654", "keyword": "khai trương rộn ràng", "step": "capture", "message": "Capturing 61/70 (viewport)…", "data": null, "seq": 8091}
{"ts": "2026-04-28T18:52:29.777265+00:00", "level": "INFO", "jobId": "bcdf26cc-6bec-498f-aed0-436d7d7f4654", "keyword": "khai trương rộn ràng", "step": "capture", "message": "Expanded \"Xem thêm\" (exact-class): +1 (total 1)", "data": null, "seq": 8092}
{"ts": "2026-04-28T18:52:42.810442+00:00", "level": "INFO", "jobId": "bcdf26cc-6bec-498f-aed0-436d7d7f4654", "keyword": "khai trương rộn ràng", "step": "capture", "message": "Saved post_061.png", "data": null, "seq": 8093}
{"ts": "2026-04-28T18:52:42.810442+00:00", "level": "INFO", "jobId": "bcdf26cc-6bec-498f-aed0-436d7d7f4654", "keyword": "khai trương rộn ràng", "step": "cooldown", "message": "Cooldown 1.2s (after capture)", "data": null, "seq": 8094}
{"ts": "2026-04-28T18:52:44.523093+00:00", "level": "INFO", "jobId": "bcdf26cc-6bec-498f-aed0-436d7d7f4654", "keyword": "khai trương rộn ràng", "step": "capture", "message": "Capturing 62/70 (viewport)…", "data": null, "seq": 8095}
{"ts": "2026-04-28T18:52:44.577676+00:00", "level": "INFO", "jobId": "bcdf26cc-6bec-498f-aed0-436d7d7f4654", "keyword": "khai trương rộn ràng", "step": "capture", "message": "Expanded \"Xem thêm\" (exact-class): +1 (total 1)", "data": null, "seq": 8096}
{"ts": "2026-04-28T18:52:57.538817+00:00", "level": "INFO", "jobId": "bcdf26cc-6bec-498f-aed0-436d7d7f4654", "keyword": "khai trương rộn ràng", "step": "capture", "message": "Saved post_062.png", "data": null, "seq": 8097}
{"ts": "2026-04-28T18:52:57.539823+00:00", "level": "INFO", "jobId": "bcdf26cc-6bec-498f-aed0-436d7d7f4654", "keyword": "khai trương rộn ràng", "step": "cooldown", "message": "Cooldown 2.6s (after capture)", "data": null, "seq": 8098}
{"ts": "2026-04-28T18:53:00.729555+00:00", "level": "INFO", "jobId": "bcdf26cc-6bec-498f-aed0-436d7d7f4654", "keyword": "khai trương rộn ràng", "step": "capture", "message": "Capturing 63/70 (viewport)…", "data": null, "seq": 8099}
{"ts": "2026-04-28T18:53:00.848945+00:00", "level": "INFO", "jobId": "bcdf26cc-6bec-498f-aed0-436d7d7f4654", "keyword": "khai trương rộn ràng", "step": "capture", "message": "Expanded \"Xem thêm\" (exact-class): +1 (total 1)", "data": null, "seq": 8100}
{"ts": "2026-04-28T18:53:13.835760+00:00", "level": "INFO", "jobId": "bcdf26cc-6bec-498f-aed0-436d7d7f4654", "keyword": "khai trương rộn ràng", "step": "capture", "message": "Saved post_063.png", "data": null, "seq": 8101}
{"ts": "2026-04-28T18:53:13.835760+00:00", "level": "INFO", "jobId": "bcdf26cc-6bec-498f-aed0-436d7d7f4654", "keyword": "khai trương rộn ràng", "step": "cooldown", "message": "Cooldown 1.4s (after capture)", "data": null, "seq": 8102}
{"ts": "2026-04-28T18:53:15.728221+00:00", "level": "INFO", "jobId": "bcdf26cc-6bec-498f-aed0-436d7d7f4654", "keyword": "khai trương rộn ràng", "step": "capture", "message": "Capturing 64/70 (viewport)…", "data": null, "seq": 8103}
{"ts": "2026-04-28T18:53:15.800283+00:00", "level": "INFO", "jobId": "bcdf26cc-6bec-498f-aed0-436d7d7f4654", "keyword": "khai trương rộn ràng", "step": "capture", "message": "Expanded \"Xem thêm\" (exact-class): +1 (total 1)", "data": null, "seq": 8104}
{"ts": "2026-04-28T18:53:28.737326+00:00", "level": "INFO", "jobId": "bcdf26cc-6bec-498f-aed0-436d7d7f4654", "keyword": "khai trương rộn ràng", "step": "capture", "message": "Saved post_064.png", "data": null, "seq": 8105}
{"ts": "2026-04-28T18:53:28.737326+00:00", "level": "INFO", "jobId": "bcdf26cc-6bec-498f-aed0-436d7d7f4654", "keyword": "khai trương rộn ràng", "step": "cooldown", "message": "Cooldown 2.9s (after capture)", "data": null, "seq": 8106}
{"ts": "2026-04-28T18:53:32.171912+00:00", "level": "INFO", "jobId": "bcdf26cc-6bec-498f-aed0-436d7d7f4654", "keyword": "khai trương rộn ràng", "step": "capture", "message": "Capturing 65/70 (viewport)…", "data": null, "seq": 8107}
{"ts": "2026-04-28T18:53:32.251358+00:00", "level": "INFO", "jobId": "bcdf26cc-6bec-498f-aed0-436d7d7f4654", "keyword": "khai trương rộn ràng", "step": "capture", "message": "Expanded \"Xem thêm\" (exact-class): +1 (total 1)", "data": null, "seq": 8108}
{"ts": "2026-04-28T18:53:45.353218+00:00", "level": "INFO", "jobId": "bcdf26cc-6bec-498f-aed0-436d7d7f4654", "keyword": "khai trương rộn ràng", "step": "capture", "message": "Saved post_065.png", "data": null, "seq": 8109}
{"ts": "2026-04-28T18:53:45.353218+00:00", "level": "INFO", "jobId": "bcdf26cc-6bec-498f-aed0-436d7d7f4654", "keyword": "khai trương rộn ràng", "step": "cooldown", "message": "Cooldown 2.1s (after capture)", "data": null, "seq": 8110}
{"ts": "2026-04-28T18:53:48.066927+00:00", "level": "INFO", "jobId": "bcdf26cc-6bec-498f-aed0-436d7d7f4654", "keyword": "khai trương rộn ràng", "step": "capture", "message": "Capturing 66/70 (viewport)…", "data": null, "seq": 8111}
{"ts": "2026-04-28T18:53:48.242997+00:00", "level": "INFO", "jobId": "bcdf26cc-6bec-498f-aed0-436d7d7f4654", "keyword": "khai trương rộn ràng", "step": "capture", "message": "Expanded \"Xem thêm\" (exact-class): +2 (total 2)", "data": null, "seq": 8112}
{"ts": "2026-04-28T18:54:01.276502+00:00", "level": "INFO", "jobId": "bcdf26cc-6bec-498f-aed0-436d7d7f4654", "keyword": "khai trương rộn ràng", "step": "capture", "message": "Saved post_066.png", "data": null, "seq": 8113}
{"ts": "2026-04-28T18:54:01.277011+00:00", "level": "INFO", "jobId": "bcdf26cc-6bec-498f-aed0-436d7d7f4654", "keyword": "khai trương rộn ràng", "step": "cooldown", "message": "Cooldown 1.7s (after capture)", "data": null, "seq": 8114}
{"ts": "2026-04-28T18:54:03.533139+00:00", "level": "INFO", "jobId": "bcdf26cc-6bec-498f-aed0-436d7d7f4654", "keyword": "khai trương rộn ràng", "step": "capture", "message": "Capturing 67/70 (viewport)…", "data": null, "seq": 8115}
{"ts": "2026-04-28T18:54:03.594806+00:00", "level": "INFO", "jobId": "bcdf26cc-6bec-498f-aed0-436d7d7f4654", "keyword": "khai trương rộn ràng", "step": "capture", "message": "Expanded \"Xem thêm\" (exact-class): +1 (total 1)", "data": null, "seq": 8116}
{"ts": "2026-04-28T18:54:16.680359+00:00", "level": "INFO", "jobId": "bcdf26cc-6bec-498f-aed0-436d7d7f4654", "keyword": "khai trương rộn ràng", "step": "capture", "message": "Saved post_067.png", "data": null, "seq": 8117}
{"ts": "2026-04-28T18:54:16.680359+00:00", "level": "INFO", "jobId": "bcdf26cc-6bec-498f-aed0-436d7d7f4654", "keyword": "khai trương rộn ràng", "step": "cooldown", "message": "Cooldown 1.6s (after capture)", "data": null, "seq": 8118}
{"ts": "2026-04-28T18:54:18.858278+00:00", "level": "INFO", "jobId": "bcdf26cc-6bec-498f-aed0-436d7d7f4654", "keyword": "khai trương rộn ràng", "step": "capture", "message": "Capturing 68/70 (viewport)…", "data": null, "seq": 8119}
{"ts": "2026-04-28T18:54:18.952236+00:00", "level": "INFO", "jobId": "bcdf26cc-6bec-498f-aed0-436d7d7f4654", "keyword": "khai trương rộn ràng", "step": "capture", "message": "Expanded \"Xem thêm\" (exact-class): +1 (total 1)", "data": null, "seq": 8120}
{"ts": "2026-04-28T18:54:31.875762+00:00", "level": "INFO", "jobId": "bcdf26cc-6bec-498f-aed0-436d7d7f4654", "keyword": "khai trương rộn ràng", "step": "capture", "message": "Saved post_068.png", "data": null, "seq": 8121}
{"ts": "2026-04-28T18:54:31.875762+00:00", "level": "INFO", "jobId": "bcdf26cc-6bec-498f-aed0-436d7d7f4654", "keyword": "khai trương rộn ràng", "step": "cooldown", "message": "Cooldown 2.5s (after capture)", "data": null, "seq": 8122}
{"ts": "2026-04-28T18:54:34.970017+00:00", "level": "INFO", "jobId": "bcdf26cc-6bec-498f-aed0-436d7d7f4654", "keyword": "khai trương rộn ràng", "step": "capture", "message": "Capturing 69/70 (viewport)…", "data": null, "seq": 8123}
{"ts": "2026-04-28T18:54:47.711300+00:00", "level": "INFO", "jobId": "bcdf26cc-6bec-498f-aed0-436d7d7f4654", "keyword": "khai trương rộn ràng", "step": "capture", "message": "Saved post_069.png", "data": null, "seq": 8124}
{"ts": "2026-04-28T18:54:47.711300+00:00", "level": "INFO", "jobId": "bcdf26cc-6bec-498f-aed0-436d7d7f4654", "keyword": "khai trương rộn ràng", "step": "cooldown", "message": "Cooldown 2.0s (after capture)", "data": null, "seq": 8125}
{"ts": "2026-04-28T18:54:50.277235+00:00", "level": "INFO", "jobId": "bcdf26cc-6bec-498f-aed0-436d7d7f4654", "keyword": "khai trương rộn ràng", "step": "capture", "message": "Capturing 70/70 (viewport)…", "data": null, "seq": 8126}
{"ts": "2026-04-28T18:54:50.352317+00:00", "level": "INFO", "jobId": "bcdf26cc-6bec-498f-aed0-436d7d7f4654", "keyword": "khai trương rộn ràng", "step": "capture", "message": "Expanded \"Xem thêm\" (exact-class): +1 (total 1)", "data": null, "seq": 8127}
{"ts": "2026-04-28T18:55:03.476902+00:00", "level": "INFO", "jobId": "bcdf26cc-6bec-498f-aed0-436d7d7f4654", "keyword": "khai trương rộn ràng", "step": "capture", "message": "Saved post_070.png", "data": null, "seq": 8128}
{"ts": "2026-04-28T18:55:03.476902+00:00", "level": "INFO", "jobId": "bcdf26cc-6bec-498f-aed0-436d7d7f4654", "keyword": "khai trương rộn ràng", "step": "cooldown", "message": "Cooldown 2.1s (after capture)", "data": null, "seq": 8129}
{"ts": "2026-04-28T18:55:05.601179+00:00", "level": "INFO", "jobId": "bcdf26cc-6bec-498f-aed0-436d7d7f4654", "keyword": "khai trương rộn ràng", "step": "done", "message": "Completed. Saved=70", "data": null, "seq": 8130}
