{"ts": "2026-04-28T22:44:05.014213+00:00", "level": "INFO", "jobId": "be5c29de-689b-4dd1-8a80-28cdde119994", "keyword": "chuẩn bị khai trương", "step": "start", "message": "Job started (attempt 1/2)", "data": null, "seq": 11311}
{"ts": "2026-04-28T22:44:07.932041+00:00", "level": "INFO", "jobId": "be5c29de-689b-4dd1-8a80-28cdde119994", "keyword": "chuẩn bị khai trương", "step": "login", "message": "Already logged in (profile session).", "data": null, "seq": 11312}
{"ts": "2026-04-28T22:44:08.222378+00:00", "level": "INFO", "jobId": "be5c29de-689b-4dd1-8a80-28cdde119994", "keyword": "chuẩn bị khai trương", "step": "search", "message": "Searching keyword: \"chuẩn bị khai trương\"", "data": null, "seq": 11313}
{"ts": "2026-04-28T22:44:10.964415+00:00", "level": "INFO", "jobId": "be5c29de-689b-4dd1-8a80-28cdde119994", "keyword": "chuẩn bị khai trương", "step": "capture", "message": "Start capturing up to 70 posts.", "data": null, "seq": 11314}
{"ts": "2026-04-28T22:44:10.965522+00:00", "level": "INFO", "jobId": "be5c29de-689b-4dd1-8a80-28cdde119994", "keyword": "chuẩn bị khai trương", "step": "capture", "message": "Output folder: Lan 1 - 0544", "data": null, "seq": 11315}
{"ts": "2026-04-28T22:44:11.520136+00:00", "level": "INFO", "jobId": "be5c29de-689b-4dd1-8a80-28cdde119994", "keyword": "chuẩn bị khai trương", "step": "capture", "message": "Capturing 1/70 (viewport)…", "data": null, "seq": 11316}
{"ts": "2026-04-28T22:44:11.924746+00:00", "level": "INFO", "jobId": "be5c29de-689b-4dd1-8a80-28cdde119994", "keyword": "chuẩn bị khai trương", "step": "capture", "message": "Expanded \"Xem thêm\" (exact-class): +2 (total 2)", "data": null, "seq": 11317}
{"ts": "2026-04-28T22:44:34.903088+00:00", "level": "INFO", "jobId": "be5c29de-689b-4dd1-8a80-28cdde119994", "keyword": "chuẩn bị khai trương", "step": "capture", "message": "Saved post_001.png", "data": null, "seq": 11318}
{"ts": "2026-04-28T22:44:34.903088+00:00", "level": "INFO", "jobId": "be5c29de-689b-4dd1-8a80-28cdde119994", "keyword": "chuẩn bị khai trương", "step": "cooldown", "message": "Cooldown 1.2s (after capture)", "data": null, "seq": 11319}
{"ts": "2026-04-28T22:44:36.657784+00:00", "level": "INFO", "jobId": "be5c29de-689b-4dd1-8a80-28cdde119994", "keyword": "chuẩn bị khai trương", "step": "capture", "message": "Capturing 2/70 (viewport)…", "data": null, "seq": 11320}
{"ts": "2026-04-28T22:44:59.290454+00:00", "level": "INFO", "jobId": "be5c29de-689b-4dd1-8a80-28cdde119994", "keyword": "chuẩn bị khai trương", "step": "capture", "message": "Saved post_002.png", "data": null, "seq": 11321}
{"ts": "2026-04-28T22:44:59.291497+00:00", "level": "INFO", "jobId": "be5c29de-689b-4dd1-8a80-28cdde119994", "keyword": "chuẩn bị khai trương", "step": "cooldown", "message": "Cooldown 2.2s (after capture)", "data": null, "seq": 11322}
{"ts": "2026-04-28T22:45:04.002441+00:00", "level": "INFO", "jobId": "be5c29de-689b-4dd1-8a80-28cdde119994", "keyword": "chuẩn bị khai trương", "step": "capture", "message": "Capturing 3/70 (viewport)…", "data": null, "seq": 11323}
{"ts": "2026-04-28T22:45:04.096406+00:00", "level": "INFO", "jobId": "be5c29de-689b-4dd1-8a80-28cdde119994", "keyword": "chuẩn bị khai trương", "step": "capture", "message": "Expanded \"Xem thêm\" (exact-class): +2 (total 2)", "data": null, "seq": 11324}
{"ts": "2026-04-28T22:45:27.003988+00:00", "level": "INFO", "jobId": "be5c29de-689b-4dd1-8a80-28cdde119994", "keyword": "chuẩn bị khai trương", "step": "capture", "message": "Saved post_003.png", "data": null, "seq": 11325}
{"ts": "2026-04-28T22:45:27.003988+00:00", "level": "INFO", "jobId": "be5c29de-689b-4dd1-8a80-28cdde119994", "keyword": "chuẩn bị khai trương", "step": "cooldown", "message": "Cooldown 1.9s (after capture)", "data": null, "seq": 11326}
{"ts": "2026-04-28T22:45:29.436556+00:00", "level": "INFO", "jobId": "be5c29de-689b-4dd1-8a80-28cdde119994", "keyword": "chuẩn bị khai trương", "step": "capture", "message": "Capturing 4/70 (viewport)…", "data": null, "seq": 11327}
{"ts": "2026-04-28T22:45:29.543556+00:00", "level": "INFO", "jobId": "be5c29de-689b-4dd1-8a80-28cdde119994", "keyword": "chuẩn bị khai trương", "step": "capture", "message": "Expanded \"Xem thêm\" (exact-class): +1 (total 1)", "data": null, "seq": 11328}
{"ts": "2026-04-28T22:45:52.535239+00:00", "level": "INFO", "jobId": "be5c29de-689b-4dd1-8a80-28cdde119994", "keyword": "chuẩn bị khai trương", "step": "capture", "message": "Saved post_004.png", "data": null, "seq": 11329}
{"ts": "2026-04-28T22:45:52.541337+00:00", "level": "INFO", "jobId": "be5c29de-689b-4dd1-8a80-28cdde119994", "keyword": "chuẩn bị khai trương", "step": "cooldown", "message": "Cooldown 1.5s (after capture)", "data": null, "seq": 11330}
{"ts": "2026-04-28T22:45:54.638700+00:00", "level": "INFO", "jobId": "be5c29de-689b-4dd1-8a80-28cdde119994", "keyword": "chuẩn bị khai trương", "step": "capture", "message": "Capturing 5/70 (viewport)…", "data": null, "seq": 11331}
{"ts": "2026-04-28T22:45:54.739482+00:00", "level": "INFO", "jobId": "be5c29de-689b-4dd1-8a80-28cdde119994", "keyword": "chuẩn bị khai trương", "step": "capture", "message": "Expanded \"Xem thêm\" (exact-class): +1 (total 1)", "data": null, "seq": 11332}
{"ts": "2026-04-28T22:46:17.790108+00:00", "level": "INFO", "jobId": "be5c29de-689b-4dd1-8a80-28cdde119994", "keyword": "chuẩn bị khai trương", "step": "capture", "message": "Saved post_005.png", "data": null, "seq": 11333}
{"ts": "2026-04-28T22:46:17.791112+00:00", "level": "INFO", "jobId": "be5c29de-689b-4dd1-8a80-28cdde119994", "keyword": "chuẩn bị khai trương", "step": "cooldown", "message": "Cooldown 2.2s (after capture)", "data": null, "seq": 11334}
{"ts": "2026-04-28T22:46:20.569916+00:00", "level": "INFO", "jobId": "be5c29de-689b-4dd1-8a80-28cdde119994", "keyword": "chuẩn bị khai trương", "step": "capture", "message": "Capturing 6/70 (viewport)…", "data": null, "seq": 11335}
{"ts": "2026-04-28T22:46:20.675338+00:00", "level": "INFO", "jobId": "be5c29de-689b-4dd1-8a80-28cdde119994", "keyword": "chuẩn bị khai trương", "step": "capture", "message": "Expanded \"Xem thêm\" (exact-class): +2 (total 2)", "data": null, "seq": 11336}
{"ts": "2026-04-28T22:46:43.714907+00:00", "level": "INFO", "jobId": "be5c29de-689b-4dd1-8a80-28cdde119994", "keyword": "chuẩn bị khai trương", "step": "capture", "message": "Saved post_006.png", "data": null, "seq": 11337}
{"ts": "2026-04-28T22:46:43.715999+00:00", "level": "INFO", "jobId": "be5c29de-689b-4dd1-8a80-28cdde119994", "keyword": "chuẩn bị khai trương", "step": "cooldown", "message": "Cooldown 2.6s (after capture)", "data": null, "seq": 11338}
{"ts": "2026-04-28T22:46:46.879569+00:00", "level": "INFO", "jobId": "be5c29de-689b-4dd1-8a80-28cdde119994", "keyword": "chuẩn bị khai trương", "step": "capture", "message": "Capturing 7/70 (viewport)…", "data": null, "seq": 11339}
{"ts": "2026-04-28T22:47:09.457301+00:00", "level": "INFO", "jobId": "be5c29de-689b-4dd1-8a80-28cdde119994", "keyword": "chuẩn bị khai trương", "step": "capture", "message": "Saved post_007.png", "data": null, "seq": 11340}
{"ts": "2026-04-28T22:47:09.457301+00:00", "level": "INFO", "jobId": "be5c29de-689b-4dd1-8a80-28cdde119994", "keyword": "chuẩn bị khai trương", "step": "cooldown", "message": "Cooldown 1.2s (after capture)", "data": null, "seq": 11341}
{"ts": "2026-04-28T22:47:11.171436+00:00", "level": "INFO", "jobId": "be5c29de-689b-4dd1-8a80-28cdde119994", "keyword": "chuẩn bị khai trương", "step": "capture", "message": "Capturing 8/70 (viewport)…", "data": null, "seq": 11342}
{"ts": "2026-04-28T22:47:11.221699+00:00", "level": "INFO", "jobId": "be5c29de-689b-4dd1-8a80-28cdde119994", "keyword": "chuẩn bị khai trương", "step": "capture", "message": "Expanded \"Xem thêm\" (exact-class): +1 (total 1)", "data": null, "seq": 11343}
{"ts": "2026-04-28T22:47:34.345609+00:00", "level": "INFO", "jobId": "be5c29de-689b-4dd1-8a80-28cdde119994", "keyword": "chuẩn bị khai trương", "step": "capture", "message": "Saved post_008.png", "data": null, "seq": 11344}
{"ts": "2026-04-28T22:47:34.346647+00:00", "level": "INFO", "jobId": "be5c29de-689b-4dd1-8a80-28cdde119994", "keyword": "chuẩn bị khai trương", "step": "cooldown", "message": "Cooldown 1.4s (after capture)", "data": null, "seq": 11345}
{"ts": "2026-04-28T22:47:36.354875+00:00", "level": "INFO", "jobId": "be5c29de-689b-4dd1-8a80-28cdde119994", "keyword": "chuẩn bị khai trương", "step": "capture", "message": "Capturing 9/70 (viewport)…", "data": null, "seq": 11346}
{"ts": "2026-04-28T22:47:59.150631+00:00", "level": "INFO", "jobId": "be5c29de-689b-4dd1-8a80-28cdde119994", "keyword": "chuẩn bị khai trương", "step": "capture", "message": "Saved post_009.png", "data": null, "seq": 11347}
{"ts": "2026-04-28T22:47:59.150631+00:00", "level": "INFO", "jobId": "be5c29de-689b-4dd1-8a80-28cdde119994", "keyword": "chuẩn bị khai trương", "step": "cooldown", "message": "Cooldown 1.5s (after capture)", "data": null, "seq": 11348}
{"ts": "2026-04-28T22:48:01.292276+00:00", "level": "INFO", "jobId": "be5c29de-689b-4dd1-8a80-28cdde119994", "keyword": "chuẩn bị khai trương", "step": "capture", "message": "Capturing 10/70 (viewport)…", "data": null, "seq": 11349}
{"ts": "2026-04-28T22:48:01.431180+00:00", "level": "INFO", "jobId": "be5c29de-689b-4dd1-8a80-28cdde119994", "keyword": "chuẩn bị khai trương", "step": "capture", "message": "Expanded \"Xem thêm\" (exact-class): +2 (total 2)", "data": null, "seq": 11350}
{"ts": "2026-04-28T22:48:24.511565+00:00", "level": "INFO", "jobId": "be5c29de-689b-4dd1-8a80-28cdde119994", "keyword": "chuẩn bị khai trương", "step": "capture", "message": "Saved post_010.png", "data": null, "seq": 11351}
{"ts": "2026-04-28T22:48:24.511565+00:00", "level": "INFO", "jobId": "be5c29de-689b-4dd1-8a80-28cdde119994", "keyword": "chuẩn bị khai trương", "step": "cooldown", "message": "Cooldown 2.5s (after capture)", "data": null, "seq": 11352}
{"ts": "2026-04-28T22:48:27.614305+00:00", "level": "INFO", "jobId": "be5c29de-689b-4dd1-8a80-28cdde119994", "keyword": "chuẩn bị khai trương", "step": "capture", "message": "Capturing 11/70 (viewport)…", "data": null, "seq": 11353}
{"ts": "2026-04-28T22:48:27.708066+00:00", "level": "INFO", "jobId": "be5c29de-689b-4dd1-8a80-28cdde119994", "keyword": "chuẩn bị khai trương", "step": "capture", "message": "Expanded \"Xem thêm\" (exact-class): +1 (total 1)", "data": null, "seq": 11354}
{"ts": "2026-04-28T22:48:50.660083+00:00", "level": "INFO", "jobId": "be5c29de-689b-4dd1-8a80-28cdde119994", "keyword": "chuẩn bị khai trương", "step": "capture", "message": "Saved post_011.png", "data": null, "seq": 11355}
{"ts": "2026-04-28T22:48:50.660083+00:00", "level": "INFO", "jobId": "be5c29de-689b-4dd1-8a80-28cdde119994", "keyword": "chuẩn bị khai trương", "step": "cooldown", "message": "Cooldown 2.0s (after capture)", "data": null, "seq": 11356}
{"ts": "2026-04-28T22:48:53.150940+00:00", "level": "INFO", "jobId": "be5c29de-689b-4dd1-8a80-28cdde119994", "keyword": "chuẩn bị khai trương", "step": "capture", "message": "Capturing 12/70 (viewport)…", "data": null, "seq": 11357}
{"ts": "2026-04-28T22:48:53.295572+00:00", "level": "INFO", "jobId": "be5c29de-689b-4dd1-8a80-28cdde119994", "keyword": "chuẩn bị khai trương", "step": "capture", "message": "Expanded \"Xem thêm\" (exact-class): +1 (total 1)", "data": null, "seq": 11358}
{"ts": "2026-04-28T22:49:16.322733+00:00", "level": "INFO", "jobId": "be5c29de-689b-4dd1-8a80-28cdde119994", "keyword": "chuẩn bị khai trương", "step": "capture", "message": "Saved post_012.png", "data": null, "seq": 11359}
{"ts": "2026-04-28T22:49:16.322733+00:00", "level": "INFO", "jobId": "be5c29de-689b-4dd1-8a80-28cdde119994", "keyword": "chuẩn bị khai trương", "step": "cooldown", "message": "Cooldown 2.7s (after capture)", "data": null, "seq": 11360}
{"ts": "2026-04-28T22:49:19.511226+00:00", "level": "INFO", "jobId": "be5c29de-689b-4dd1-8a80-28cdde119994", "keyword": "chuẩn bị khai trương", "step": "capture", "message": "Capturing 13/70 (viewport)…", "data": null, "seq": 11361}
{"ts": "2026-04-28T22:49:42.287788+00:00", "level": "INFO", "jobId": "be5c29de-689b-4dd1-8a80-28cdde119994", "keyword": "chuẩn bị khai trương", "step": "capture", "message": "Saved post_013.png", "data": null, "seq": 11362}
{"ts": "2026-04-28T22:49:42.287788+00:00", "level": "INFO", "jobId": "be5c29de-689b-4dd1-8a80-28cdde119994", "keyword": "chuẩn bị khai trương", "step": "cooldown", "message": "Cooldown 1.0s (after capture)", "data": null, "seq": 11363}
{"ts": "2026-04-28T22:49:43.852689+00:00", "level": "INFO", "jobId": "be5c29de-689b-4dd1-8a80-28cdde119994", "keyword": "chuẩn bị khai trương", "step": "capture", "message": "Capturing 14/70 (viewport)…", "data": null, "seq": 11364}
{"ts": "2026-04-28T22:49:43.933507+00:00", "level": "INFO", "jobId": "be5c29de-689b-4dd1-8a80-28cdde119994", "keyword": "chuẩn bị khai trương", "step": "capture", "message": "Expanded \"Xem thêm\" (exact-class): +1 (total 1)", "data": null, "seq": 11365}
{"ts": "2026-04-28T22:50:06.828115+00:00", "level": "INFO", "jobId": "be5c29de-689b-4dd1-8a80-28cdde119994", "keyword": "chuẩn bị khai trương", "step": "capture", "message": "Saved post_014.png", "data": null, "seq": 11366}
{"ts": "2026-04-28T22:50:06.828115+00:00", "level": "INFO", "jobId": "be5c29de-689b-4dd1-8a80-28cdde119994", "keyword": "chuẩn bị khai trương", "step": "cooldown", "message": "Cooldown 1.1s (after capture)", "data": null, "seq": 11367}
{"ts": "2026-04-28T22:50:08.514857+00:00", "level": "INFO", "jobId": "be5c29de-689b-4dd1-8a80-28cdde119994", "keyword": "chuẩn bị khai trương", "step": "capture", "message": "Capturing 15/70 (viewport)…", "data": null, "seq": 11368}
{"ts": "2026-04-28T22:50:08.593516+00:00", "level": "INFO", "jobId": "be5c29de-689b-4dd1-8a80-28cdde119994", "keyword": "chuẩn bị khai trương", "step": "capture", "message": "Expanded \"Xem thêm\" (exact-class): +1 (total 1)", "data": null, "seq": 11369}
{"ts": "2026-04-28T22:50:31.765624+00:00", "level": "INFO", "jobId": "be5c29de-689b-4dd1-8a80-28cdde119994", "keyword": "chuẩn bị khai trương", "step": "capture", "message": "Saved post_015.png", "data": null, "seq": 11370}
{"ts": "2026-04-28T22:50:31.765624+00:00", "level": "INFO", "jobId": "be5c29de-689b-4dd1-8a80-28cdde119994", "keyword": "chuẩn bị khai trương", "step": "cooldown", "message": "Cooldown 2.7s (after capture)", "data": null, "seq": 11371}
{"ts": "2026-04-28T22:50:35.058179+00:00", "level": "INFO", "jobId": "be5c29de-689b-4dd1-8a80-28cdde119994", "keyword": "chuẩn bị khai trương", "step": "capture", "message": "Capturing 16/70 (viewport)…", "data": null, "seq": 11372}
{"ts": "2026-04-28T22:50:35.140947+00:00", "level": "INFO", "jobId": "be5c29de-689b-4dd1-8a80-28cdde119994", "keyword": "chuẩn bị khai trương", "step": "capture", "message": "Expanded \"Xem thêm\" (exact-class): +1 (total 1)", "data": null, "seq": 11373}
{"ts": "2026-04-28T22:50:58.329755+00:00", "level": "INFO", "jobId": "be5c29de-689b-4dd1-8a80-28cdde119994", "keyword": "chuẩn bị khai trương", "step": "capture", "message": "Saved post_016.png", "data": null, "seq": 11374}
{"ts": "2026-04-28T22:50:58.329755+00:00", "level": "INFO", "jobId": "be5c29de-689b-4dd1-8a80-28cdde119994", "keyword": "chuẩn bị khai trương", "step": "cooldown", "message": "Cooldown 2.9s (after capture)", "data": null, "seq": 11375}
{"ts": "2026-04-28T22:51:01.776917+00:00", "level": "INFO", "jobId": "be5c29de-689b-4dd1-8a80-28cdde119994", "keyword": "chuẩn bị khai trương", "step": "capture", "message": "Capturing 17/70 (viewport)…", "data": null, "seq": 11376}
{"ts": "2026-04-28T22:51:01.901566+00:00", "level": "INFO", "jobId": "be5c29de-689b-4dd1-8a80-28cdde119994", "keyword": "chuẩn bị khai trương", "step": "capture", "message": "Expanded \"Xem thêm\" (exact-class): +1 (total 1)", "data": null, "seq": 11377}
{"ts": "2026-04-28T22:51:25.161373+00:00", "level": "INFO", "jobId": "be5c29de-689b-4dd1-8a80-28cdde119994", "keyword": "chuẩn bị khai trương", "step": "capture", "message": "Saved post_017.png", "data": null, "seq": 11378}
{"ts": "2026-04-28T22:51:25.161373+00:00", "level": "INFO", "jobId": "be5c29de-689b-4dd1-8a80-28cdde119994", "keyword": "chuẩn bị khai trương", "step": "cooldown", "message": "Cooldown 2.4s (after capture)", "data": null, "seq": 11379}
{"ts": "2026-04-28T22:51:28.077563+00:00", "level": "INFO", "jobId": "be5c29de-689b-4dd1-8a80-28cdde119994", "keyword": "chuẩn bị khai trương", "step": "capture", "message": "Capturing 18/70 (viewport)…", "data": null, "seq": 11380}
{"ts": "2026-04-28T22:51:28.147240+00:00", "level": "INFO", "jobId": "be5c29de-689b-4dd1-8a80-28cdde119994", "keyword": "chuẩn bị khai trương", "step": "capture", "message": "Expanded \"Xem thêm\" (exact-class): +1 (total 1)", "data": null, "seq": 11381}
{"ts": "2026-04-28T22:51:51.144589+00:00", "level": "INFO", "jobId": "be5c29de-689b-4dd1-8a80-28cdde119994", "keyword": "chuẩn bị khai trương", "step": "capture", "message": "Saved post_018.png", "data": null, "seq": 11382}
{"ts": "2026-04-28T22:51:51.145578+00:00", "level": "INFO", "jobId": "be5c29de-689b-4dd1-8a80-28cdde119994", "keyword": "chuẩn bị khai trương", "step": "cooldown", "message": "Cooldown 2.5s (after capture)", "data": null, "seq": 11383}
{"ts": "2026-04-28T22:51:54.199244+00:00", "level": "INFO", "jobId": "be5c29de-689b-4dd1-8a80-28cdde119994", "keyword": "chuẩn bị khai trương", "step": "capture", "message": "Capturing 19/70 (viewport)…", "data": null, "seq": 11384}
{"ts": "2026-04-28T22:51:54.297201+00:00", "level": "INFO", "jobId": "be5c29de-689b-4dd1-8a80-28cdde119994", "keyword": "chuẩn bị khai trương", "step": "capture", "message": "Expanded \"Xem thêm\" (exact-class): +1 (total 1)", "data": null, "seq": 11385}
{"ts": "2026-04-28T22:52:17.244670+00:00", "level": "INFO", "jobId": "be5c29de-689b-4dd1-8a80-28cdde119994", "keyword": "chuẩn bị khai trương", "step": "capture", "message": "Saved post_019.png", "data": null, "seq": 11386}
{"ts": "2026-04-28T22:52:17.245970+00:00", "level": "INFO", "jobId": "be5c29de-689b-4dd1-8a80-28cdde119994", "keyword": "chuẩn bị khai trương", "step": "cooldown", "message": "Cooldown 1.2s (after capture)", "data": null, "seq": 11387}
{"ts": "2026-04-28T22:52:18.985675+00:00", "level": "INFO", "jobId": "be5c29de-689b-4dd1-8a80-28cdde119994", "keyword": "chuẩn bị khai trương", "step": "capture", "message": "Capturing 20/70 (viewport)…", "data": null, "seq": 11388}
{"ts": "2026-04-28T22:52:19.065387+00:00", "level": "INFO", "jobId": "be5c29de-689b-4dd1-8a80-28cdde119994", "keyword": "chuẩn bị khai trương", "step": "capture", "message": "Expanded \"Xem thêm\" (exact-class): +1 (total 1)", "data": null, "seq": 11389}
{"ts": "2026-04-28T22:52:42.192396+00:00", "level": "INFO", "jobId": "be5c29de-689b-4dd1-8a80-28cdde119994", "keyword": "chuẩn bị khai trương", "step": "capture", "message": "Saved post_020.png", "data": null, "seq": 11390}
{"ts": "2026-04-28T22:52:42.192396+00:00", "level": "INFO", "jobId": "be5c29de-689b-4dd1-8a80-28cdde119994", "keyword": "chuẩn bị khai trương", "step": "cooldown", "message": "Cooldown 1.2s (after capture)", "data": null, "seq": 11391}
{"ts": "2026-04-28T22:52:43.900685+00:00", "level": "INFO", "jobId": "be5c29de-689b-4dd1-8a80-28cdde119994", "keyword": "chuẩn bị khai trương", "step": "capture", "message": "Capturing 21/70 (viewport)…", "data": null, "seq": 11392}
{"ts": "2026-04-28T22:52:43.970834+00:00", "level": "INFO", "jobId": "be5c29de-689b-4dd1-8a80-28cdde119994", "keyword": "chuẩn bị khai trương", "step": "capture", "message": "Expanded \"Xem thêm\" (exact-class): +1 (total 1)", "data": null, "seq": 11393}
{"ts": "2026-04-28T22:53:06.928009+00:00", "level": "INFO", "jobId": "be5c29de-689b-4dd1-8a80-28cdde119994", "keyword": "chuẩn bị khai trương", "step": "capture", "message": "Saved post_021.png", "data": null, "seq": 11394}
{"ts": "2026-04-28T22:53:06.928009+00:00", "level": "INFO", "jobId": "be5c29de-689b-4dd1-8a80-28cdde119994", "keyword": "chuẩn bị khai trương", "step": "cooldown", "message": "Cooldown 2.8s (after capture)", "data": null, "seq": 11395}
{"ts": "2026-04-28T22:53:10.324694+00:00", "level": "INFO", "jobId": "be5c29de-689b-4dd1-8a80-28cdde119994", "keyword": "chuẩn bị khai trương", "step": "capture", "message": "Capturing 22/70 (viewport)…", "data": null, "seq": 11396}
{"ts": "2026-04-28T22:53:10.405813+00:00", "level": "INFO", "jobId": "be5c29de-689b-4dd1-8a80-28cdde119994", "keyword": "chuẩn bị khai trương", "step": "capture", "message": "Expanded \"Xem thêm\" (exact-class): +1 (total 1)", "data": null, "seq": 11397}
{"ts": "2026-04-28T22:53:33.300410+00:00", "level": "INFO", "jobId": "be5c29de-689b-4dd1-8a80-28cdde119994", "keyword": "chuẩn bị khai trương", "step": "capture", "message": "Saved post_022.png", "data": null, "seq": 11398}
{"ts": "2026-04-28T22:53:33.301749+00:00", "level": "INFO", "jobId": "be5c29de-689b-4dd1-8a80-28cdde119994", "keyword": "chuẩn bị khai trương", "step": "cooldown", "message": "Cooldown 1.9s (after capture)", "data": null, "seq": 11399}
{"ts": "2026-04-28T22:53:35.789664+00:00", "level": "INFO", "jobId": "be5c29de-689b-4dd1-8a80-28cdde119994", "keyword": "chuẩn bị khai trương", "step": "capture", "message": "Capturing 23/70 (viewport)…", "data": null, "seq": 11400}
{"ts": "2026-04-28T22:53:35.874165+00:00", "level": "INFO", "jobId": "be5c29de-689b-4dd1-8a80-28cdde119994", "keyword": "chuẩn bị khai trương", "step": "capture", "message": "Expanded \"Xem thêm\" (exact-class): +1 (total 1)", "data": null, "seq": 11401}
{"ts": "2026-04-28T22:53:58.872392+00:00", "level": "INFO", "jobId": "be5c29de-689b-4dd1-8a80-28cdde119994", "keyword": "chuẩn bị khai trương", "step": "capture", "message": "Saved post_023.png", "data": null, "seq": 11402}
{"ts": "2026-04-28T22:53:58.873540+00:00", "level": "INFO", "jobId": "be5c29de-689b-4dd1-8a80-28cdde119994", "keyword": "chuẩn bị khai trương", "step": "cooldown", "message": "Cooldown 2.4s (after capture)", "data": null, "seq": 11403}
{"ts": "2026-04-28T22:54:01.903840+00:00", "level": "INFO", "jobId": "be5c29de-689b-4dd1-8a80-28cdde119994", "keyword": "chuẩn bị khai trương", "step": "capture", "message": "Capturing 24/70 (viewport)…", "data": null, "seq": 11404}
{"ts": "2026-04-28T22:54:02.003000+00:00", "level": "INFO", "jobId": "be5c29de-689b-4dd1-8a80-28cdde119994", "keyword": "chuẩn bị khai trương", "step": "capture", "message": "Expanded \"Xem thêm\" (exact-class): +1 (total 1)", "data": null, "seq": 11405}
{"ts": "2026-04-28T22:54:25.175900+00:00", "level": "INFO", "jobId": "be5c29de-689b-4dd1-8a80-28cdde119994", "keyword": "chuẩn bị khai trương", "step": "capture", "message": "Saved post_024.png", "data": null, "seq": 11406}
{"ts": "2026-04-28T22:54:25.175900+00:00", "level": "INFO", "jobId": "be5c29de-689b-4dd1-8a80-28cdde119994", "keyword": "chuẩn bị khai trương", "step": "cooldown", "message": "Cooldown 1.4s (after capture)", "data": null, "seq": 11407}
{"ts": "2026-04-28T22:54:27.186621+00:00", "level": "INFO", "jobId": "be5c29de-689b-4dd1-8a80-28cdde119994", "keyword": "chuẩn bị khai trương", "step": "capture", "message": "Capturing 25/70 (viewport)…", "data": null, "seq": 11408}
{"ts": "2026-04-28T22:54:27.289221+00:00", "level": "INFO", "jobId": "be5c29de-689b-4dd1-8a80-28cdde119994", "keyword": "chuẩn bị khai trương", "step": "capture", "message": "Expanded \"Xem thêm\" (exact-class): +2 (total 2)", "data": null, "seq": 11409}
{"ts": "2026-04-28T22:54:50.151407+00:00", "level": "INFO", "jobId": "be5c29de-689b-4dd1-8a80-28cdde119994", "keyword": "chuẩn bị khai trương", "step": "capture", "message": "Saved post_025.png", "data": null, "seq": 11410}
{"ts": "2026-04-28T22:54:50.151407+00:00", "level": "INFO", "jobId": "be5c29de-689b-4dd1-8a80-28cdde119994", "keyword": "chuẩn bị khai trương", "step": "cooldown", "message": "Cooldown 1.5s (after capture)", "data": null, "seq": 11411}
{"ts": "2026-04-28T22:54:52.218181+00:00", "level": "INFO", "jobId": "be5c29de-689b-4dd1-8a80-28cdde119994", "keyword": "chuẩn bị khai trương", "step": "capture", "message": "Capturing 26/70 (viewport)…", "data": null, "seq": 11412}
{"ts": "2026-04-28T22:54:52.291137+00:00", "level": "INFO", "jobId": "be5c29de-689b-4dd1-8a80-28cdde119994", "keyword": "chuẩn bị khai trương", "step": "capture", "message": "Expanded \"Xem thêm\" (exact-class): +1 (total 1)", "data": null, "seq": 11413}
{"ts": "2026-04-28T22:55:15.241183+00:00", "level": "INFO", "jobId": "be5c29de-689b-4dd1-8a80-28cdde119994", "keyword": "chuẩn bị khai trương", "step": "capture", "message": "Saved post_026.png", "data": null, "seq": 11414}
{"ts": "2026-04-28T22:55:15.242292+00:00", "level": "INFO", "jobId": "be5c29de-689b-4dd1-8a80-28cdde119994", "keyword": "chuẩn bị khai trương", "step": "cooldown", "message": "Cooldown 2.7s (after capture)", "data": null, "seq": 11415}
{"ts": "2026-04-28T22:55:18.584485+00:00", "level": "INFO", "jobId": "be5c29de-689b-4dd1-8a80-28cdde119994", "keyword": "chuẩn bị khai trương", "step": "capture", "message": "Capturing 27/70 (viewport)…", "data": null, "seq": 11416}
{"ts": "2026-04-28T22:55:18.696484+00:00", "level": "INFO", "jobId": "be5c29de-689b-4dd1-8a80-28cdde119994", "keyword": "chuẩn bị khai trương", "step": "capture", "message": "Expanded \"Xem thêm\" (exact-class): +1 (total 1)", "data": null, "seq": 11417}
{"ts": "2026-04-28T22:55:41.851535+00:00", "level": "INFO", "jobId": "be5c29de-689b-4dd1-8a80-28cdde119994", "keyword": "chuẩn bị khai trương", "step": "capture", "message": "Saved post_027.png", "data": null, "seq": 11418}
{"ts": "2026-04-28T22:55:41.851535+00:00", "level": "INFO", "jobId": "be5c29de-689b-4dd1-8a80-28cdde119994", "keyword": "chuẩn bị khai trương", "step": "cooldown", "message": "Cooldown 1.2s (after capture)", "data": null, "seq": 11419}
{"ts": "2026-04-28T22:55:43.693598+00:00", "level": "INFO", "jobId": "be5c29de-689b-4dd1-8a80-28cdde119994", "keyword": "chuẩn bị khai trương", "step": "capture", "message": "Capturing 28/70 (viewport)…", "data": null, "seq": 11420}
{"ts": "2026-04-28T22:55:43.812869+00:00", "level": "INFO", "jobId": "be5c29de-689b-4dd1-8a80-28cdde119994", "keyword": "chuẩn bị khai trương", "step": "capture", "message": "Expanded \"Xem thêm\" (exact-class): +1 (total 1)", "data": null, "seq": 11421}
{"ts": "2026-04-28T22:56:06.702706+00:00", "level": "INFO", "jobId": "be5c29de-689b-4dd1-8a80-28cdde119994", "keyword": "chuẩn bị khai trương", "step": "capture", "message": "Saved post_028.png", "data": null, "seq": 11422}
{"ts": "2026-04-28T22:56:06.702706+00:00", "level": "INFO", "jobId": "be5c29de-689b-4dd1-8a80-28cdde119994", "keyword": "chuẩn bị khai trương", "step": "cooldown", "message": "Cooldown 1.2s (after capture)", "data": null, "seq": 11423}
{"ts": "2026-04-28T22:56:08.477601+00:00", "level": "INFO", "jobId": "be5c29de-689b-4dd1-8a80-28cdde119994", "keyword": "chuẩn bị khai trương", "step": "capture", "message": "Capturing 29/70 (viewport)…", "data": null, "seq": 11424}
{"ts": "2026-04-28T22:56:08.579771+00:00", "level": "INFO", "jobId": "be5c29de-689b-4dd1-8a80-28cdde119994", "keyword": "chuẩn bị khai trương", "step": "capture", "message": "Expanded \"Xem thêm\" (exact-class): +1 (total 1)", "data": null, "seq": 11425}
{"ts": "2026-04-28T22:56:31.698269+00:00", "level": "INFO", "jobId": "be5c29de-689b-4dd1-8a80-28cdde119994", "keyword": "chuẩn bị khai trương", "step": "capture", "message": "Saved post_029.png", "data": null, "seq": 11426}
{"ts": "2026-04-28T22:56:31.698269+00:00", "level": "INFO", "jobId": "be5c29de-689b-4dd1-8a80-28cdde119994", "keyword": "chuẩn bị khai trương", "step": "cooldown", "message": "Cooldown 1.2s (after capture)", "data": null, "seq": 11427}
{"ts": "2026-04-28T22:56:33.472366+00:00", "level": "INFO", "jobId": "be5c29de-689b-4dd1-8a80-28cdde119994", "keyword": "chuẩn bị khai trương", "step": "capture", "message": "Capturing 30/70 (viewport)…", "data": null, "seq": 11428}
{"ts": "2026-04-28T22:56:33.565400+00:00", "level": "INFO", "jobId": "be5c29de-689b-4dd1-8a80-28cdde119994", "keyword": "chuẩn bị khai trương", "step": "capture", "message": "Expanded \"Xem thêm\" (exact-class): +1 (total 1)", "data": null, "seq": 11429}
{"ts": "2026-04-28T22:56:56.414731+00:00", "level": "INFO", "jobId": "be5c29de-689b-4dd1-8a80-28cdde119994", "keyword": "chuẩn bị khai trương", "step": "capture", "message": "Saved post_030.png", "data": null, "seq": 11430}
{"ts": "2026-04-28T22:56:56.414731+00:00", "level": "INFO", "jobId": "be5c29de-689b-4dd1-8a80-28cdde119994", "keyword": "chuẩn bị khai trương", "step": "cooldown", "message": "Cooldown 1.5s (after capture)", "data": null, "seq": 11431}
{"ts": "2026-04-28T22:56:58.448091+00:00", "level": "INFO", "jobId": "be5c29de-689b-4dd1-8a80-28cdde119994", "keyword": "chuẩn bị khai trương", "step": "capture", "message": "Capturing 31/70 (viewport)…", "data": null, "seq": 11432}
{"ts": "2026-04-28T22:57:21.178497+00:00", "level": "INFO", "jobId": "be5c29de-689b-4dd1-8a80-28cdde119994", "keyword": "chuẩn bị khai trương", "step": "capture", "message": "Saved post_031.png", "data": null, "seq": 11433}
{"ts": "2026-04-28T22:57:21.178497+00:00", "level": "INFO", "jobId": "be5c29de-689b-4dd1-8a80-28cdde119994", "keyword": "chuẩn bị khai trương", "step": "cooldown", "message": "Cooldown 1.1s (after capture)", "data": null, "seq": 11434}
{"ts": "2026-04-28T22:57:22.860515+00:00", "level": "INFO", "jobId": "be5c29de-689b-4dd1-8a80-28cdde119994", "keyword": "chuẩn bị khai trương", "step": "capture", "message": "Capturing 32/70 (viewport)…", "data": null, "seq": 11435}
{"ts": "2026-04-28T22:57:22.959262+00:00", "level": "INFO", "jobId": "be5c29de-689b-4dd1-8a80-28cdde119994", "keyword": "chuẩn bị khai trương", "step": "capture", "message": "Expanded \"Xem thêm\" (exact-class): +1 (total 1)", "data": null, "seq": 11436}
{"ts": "2026-04-28T22:57:46.108384+00:00", "level": "INFO", "jobId": "be5c29de-689b-4dd1-8a80-28cdde119994", "keyword": "chuẩn bị khai trương", "step": "capture", "message": "Saved post_032.png", "data": null, "seq": 11437}
{"ts": "2026-04-28T22:57:46.108384+00:00", "level": "INFO", "jobId": "be5c29de-689b-4dd1-8a80-28cdde119994", "keyword": "chuẩn bị khai trương", "step": "cooldown", "message": "Cooldown 1.3s (after capture)", "data": null, "seq": 11438}
{"ts": "2026-04-28T22:57:47.981710+00:00", "level": "INFO", "jobId": "be5c29de-689b-4dd1-8a80-28cdde119994", "keyword": "chuẩn bị khai trương", "step": "capture", "message": "Capturing 33/70 (viewport)…", "data": null, "seq": 11439}
{"ts": "2026-04-28T22:58:11.145378+00:00", "level": "INFO", "jobId": "be5c29de-689b-4dd1-8a80-28cdde119994", "keyword": "chuẩn bị khai trương", "step": "capture", "message": "Saved post_033.png", "data": null, "seq": 11440}
{"ts": "2026-04-28T22:58:11.145378+00:00", "level": "INFO", "jobId": "be5c29de-689b-4dd1-8a80-28cdde119994", "keyword": "chuẩn bị khai trương", "step": "cooldown", "message": "Cooldown 2.9s (after capture)", "data": null, "seq": 11441}
{"ts": "2026-04-28T22:58:14.610312+00:00", "level": "INFO", "jobId": "be5c29de-689b-4dd1-8a80-28cdde119994", "keyword": "chuẩn bị khai trương", "step": "capture", "message": "Capturing 34/70 (viewport)…", "data": null, "seq": 11442}
{"ts": "2026-04-28T22:58:14.688767+00:00", "level": "INFO", "jobId": "be5c29de-689b-4dd1-8a80-28cdde119994", "keyword": "chuẩn bị khai trương", "step": "capture", "message": "Expanded \"Xem thêm\" (exact-class): +1 (total 1)", "data": null, "seq": 11443}
{"ts": "2026-04-28T22:58:37.617644+00:00", "level": "INFO", "jobId": "be5c29de-689b-4dd1-8a80-28cdde119994", "keyword": "chuẩn bị khai trương", "step": "capture", "message": "Saved post_034.png", "data": null, "seq": 11444}
{"ts": "2026-04-28T22:58:37.617644+00:00", "level": "INFO", "jobId": "be5c29de-689b-4dd1-8a80-28cdde119994", "keyword": "chuẩn bị khai trương", "step": "cooldown", "message": "Cooldown 2.1s (after capture)", "data": null, "seq": 11445}
{"ts": "2026-04-28T22:58:40.321204+00:00", "level": "INFO", "jobId": "be5c29de-689b-4dd1-8a80-28cdde119994", "keyword": "chuẩn bị khai trương", "step": "capture", "message": "Capturing 35/70 (viewport)…", "data": null, "seq": 11446}
{"ts": "2026-04-28T22:58:40.495928+00:00", "level": "INFO", "jobId": "be5c29de-689b-4dd1-8a80-28cdde119994", "keyword": "chuẩn bị khai trương", "step": "capture", "message": "Expanded \"Xem thêm\" (exact-class): +1 (total 1)", "data": null, "seq": 11447}
{"ts": "2026-04-28T22:59:03.548180+00:00", "level": "INFO", "jobId": "be5c29de-689b-4dd1-8a80-28cdde119994", "keyword": "chuẩn bị khai trương", "step": "capture", "message": "Saved post_035.png", "data": null, "seq": 11448}
{"ts": "2026-04-28T22:59:03.549256+00:00", "level": "INFO", "jobId": "be5c29de-689b-4dd1-8a80-28cdde119994", "keyword": "chuẩn bị khai trương", "step": "cooldown", "message": "Cooldown 2.8s (after capture)", "data": null, "seq": 11449}
{"ts": "2026-04-28T22:59:06.972848+00:00", "level": "INFO", "jobId": "be5c29de-689b-4dd1-8a80-28cdde119994", "keyword": "chuẩn bị khai trương", "step": "capture", "message": "Capturing 36/70 (viewport)…", "data": null, "seq": 11450}
{"ts": "2026-04-28T22:59:07.084091+00:00", "level": "INFO", "jobId": "be5c29de-689b-4dd1-8a80-28cdde119994", "keyword": "chuẩn bị khai trương", "step": "capture", "message": "Expanded \"Xem thêm\" (exact-class): +2 (total 2)", "data": null, "seq": 11451}
{"ts": "2026-04-28T22:59:30.020322+00:00", "level": "INFO", "jobId": "be5c29de-689b-4dd1-8a80-28cdde119994", "keyword": "chuẩn bị khai trương", "step": "capture", "message": "Saved post_036.png", "data": null, "seq": 11452}
{"ts": "2026-04-28T22:59:30.020322+00:00", "level": "INFO", "jobId": "be5c29de-689b-4dd1-8a80-28cdde119994", "keyword": "chuẩn bị khai trương", "step": "cooldown", "message": "Cooldown 2.7s (after capture)", "data": null, "seq": 11453}
{"ts": "2026-04-28T22:59:33.327218+00:00", "level": "INFO", "jobId": "be5c29de-689b-4dd1-8a80-28cdde119994", "keyword": "chuẩn bị khai trương", "step": "capture", "message": "Capturing 37/70 (viewport)…", "data": null, "seq": 11454}
{"ts": "2026-04-28T22:59:56.007928+00:00", "level": "INFO", "jobId": "be5c29de-689b-4dd1-8a80-28cdde119994", "keyword": "chuẩn bị khai trương", "step": "capture", "message": "Saved post_037.png", "data": null, "seq": 11455}
{"ts": "2026-04-28T22:59:56.007928+00:00", "level": "INFO", "jobId": "be5c29de-689b-4dd1-8a80-28cdde119994", "keyword": "chuẩn bị khai trương", "step": "cooldown", "message": "Cooldown 1.9s (after capture)", "data": null, "seq": 11456}
{"ts": "2026-04-28T22:59:58.523083+00:00", "level": "INFO", "jobId": "be5c29de-689b-4dd1-8a80-28cdde119994", "keyword": "chuẩn bị khai trương", "step": "capture", "message": "Capturing 38/70 (viewport)…", "data": null, "seq": 11457}
{"ts": "2026-04-28T22:59:58.622977+00:00", "level": "INFO", "jobId": "be5c29de-689b-4dd1-8a80-28cdde119994", "keyword": "chuẩn bị khai trương", "step": "capture", "message": "Expanded \"Xem thêm\" (exact-class): +1 (total 1)", "data": null, "seq": 11458}
{"ts": "2026-04-28T23:00:21.738053+00:00", "level": "INFO", "jobId": "be5c29de-689b-4dd1-8a80-28cdde119994", "keyword": "chuẩn bị khai trương", "step": "capture", "message": "Saved post_038.png", "data": null, "seq": 11459}
{"ts": "2026-04-28T23:00:21.738053+00:00", "level": "INFO", "jobId": "be5c29de-689b-4dd1-8a80-28cdde119994", "keyword": "chuẩn bị khai trương", "step": "cooldown", "message": "Cooldown 2.0s (after capture)", "data": null, "seq": 11460}
{"ts": "2026-04-28T23:00:24.328441+00:00", "level": "INFO", "jobId": "be5c29de-689b-4dd1-8a80-28cdde119994", "keyword": "chuẩn bị khai trương", "step": "capture", "message": "Capturing 39/70 (viewport)…", "data": null, "seq": 11461}
{"ts": "2026-04-28T23:00:24.436477+00:00", "level": "INFO", "jobId": "be5c29de-689b-4dd1-8a80-28cdde119994", "keyword": "chuẩn bị khai trương", "step": "capture", "message": "Expanded \"Xem thêm\" (exact-class): +1 (total 1)", "data": null, "seq": 11462}
{"ts": "2026-04-28T23:00:47.478644+00:00", "level": "INFO", "jobId": "be5c29de-689b-4dd1-8a80-28cdde119994", "keyword": "chuẩn bị khai trương", "step": "capture", "message": "Saved post_039.png", "data": null, "seq": 11463}
{"ts": "2026-04-28T23:00:47.479863+00:00", "level": "INFO", "jobId": "be5c29de-689b-4dd1-8a80-28cdde119994", "keyword": "chuẩn bị khai trương", "step": "cooldown", "message": "Cooldown 2.3s (after capture)", "data": null, "seq": 11464}
{"ts": "2026-04-28T23:00:50.358745+00:00", "level": "INFO", "jobId": "be5c29de-689b-4dd1-8a80-28cdde119994", "keyword": "chuẩn bị khai trương", "step": "capture", "message": "Capturing 40/70 (viewport)…", "data": null, "seq": 11465}
{"ts": "2026-04-28T23:00:50.466726+00:00", "level": "INFO", "jobId": "be5c29de-689b-4dd1-8a80-28cdde119994", "keyword": "chuẩn bị khai trương", "step": "capture", "message": "Expanded \"Xem thêm\" (exact-class): +1 (total 1)", "data": null, "seq": 11466}
{"ts": "2026-04-28T23:01:13.355496+00:00", "level": "INFO", "jobId": "be5c29de-689b-4dd1-8a80-28cdde119994", "keyword": "chuẩn bị khai trương", "step": "capture", "message": "Saved post_040.png", "data": null, "seq": 11467}
{"ts": "2026-04-28T23:01:13.356520+00:00", "level": "INFO", "jobId": "be5c29de-689b-4dd1-8a80-28cdde119994", "keyword": "chuẩn bị khai trương", "step": "cooldown", "message": "Cooldown 2.1s (after capture)", "data": null, "seq": 11468}
{"ts": "2026-04-28T23:01:16.077424+00:00", "level": "INFO", "jobId": "be5c29de-689b-4dd1-8a80-28cdde119994", "keyword": "chuẩn bị khai trương", "step": "capture", "message": "Capturing 41/70 (viewport)…", "data": null, "seq": 11469}
{"ts": "2026-04-28T23:01:38.811976+00:00", "level": "INFO", "jobId": "be5c29de-689b-4dd1-8a80-28cdde119994", "keyword": "chuẩn bị khai trương", "step": "capture", "message": "Saved post_041.png", "data": null, "seq": 11470}
{"ts": "2026-04-28T23:01:38.811976+00:00", "level": "INFO", "jobId": "be5c29de-689b-4dd1-8a80-28cdde119994", "keyword": "chuẩn bị khai trương", "step": "cooldown", "message": "Cooldown 1.4s (after capture)", "data": null, "seq": 11471}
{"ts": "2026-04-28T23:01:40.778380+00:00", "level": "INFO", "jobId": "be5c29de-689b-4dd1-8a80-28cdde119994", "keyword": "chuẩn bị khai trương", "step": "capture", "message": "Capturing 42/70 (viewport)…", "data": null, "seq": 11472}
{"ts": "2026-04-28T23:01:40.960674+00:00", "level": "INFO", "jobId": "be5c29de-689b-4dd1-8a80-28cdde119994", "keyword": "chuẩn bị khai trương", "step": "capture", "message": "Expanded \"Xem thêm\" (exact-class): +1 (total 1)", "data": null, "seq": 11473}
{"ts": "2026-04-28T23:02:03.960661+00:00", "level": "INFO", "jobId": "be5c29de-689b-4dd1-8a80-28cdde119994", "keyword": "chuẩn bị khai trương", "step": "capture", "message": "Saved post_042.png", "data": null, "seq": 11474}
{"ts": "2026-04-28T23:02:03.960661+00:00", "level": "INFO", "jobId": "be5c29de-689b-4dd1-8a80-28cdde119994", "keyword": "chuẩn bị khai trương", "step": "cooldown", "message": "Cooldown 2.0s (after capture)", "data": null, "seq": 11475}
{"ts": "2026-04-28T23:02:06.578428+00:00", "level": "INFO", "jobId": "be5c29de-689b-4dd1-8a80-28cdde119994", "keyword": "chuẩn bị khai trương", "step": "capture", "message": "Capturing 43/70 (viewport)…", "data": null, "seq": 11476}
{"ts": "2026-04-28T23:02:06.689011+00:00", "level": "INFO", "jobId": "be5c29de-689b-4dd1-8a80-28cdde119994", "keyword": "chuẩn bị khai trương", "step": "capture", "message": "Expanded \"Xem thêm\" (exact-class): +1 (total 1)", "data": null, "seq": 11477}
{"ts": "2026-04-28T23:02:29.462121+00:00", "level": "INFO", "jobId": "be5c29de-689b-4dd1-8a80-28cdde119994", "keyword": "chuẩn bị khai trương", "step": "capture", "message": "Saved post_043.png", "data": null, "seq": 11478}
{"ts": "2026-04-28T23:02:29.462121+00:00", "level": "INFO", "jobId": "be5c29de-689b-4dd1-8a80-28cdde119994", "keyword": "chuẩn bị khai trương", "step": "cooldown", "message": "Cooldown 2.6s (after capture)", "data": null, "seq": 11479}
{"ts": "2026-04-28T23:02:32.620712+00:00", "level": "INFO", "jobId": "be5c29de-689b-4dd1-8a80-28cdde119994", "keyword": "chuẩn bị khai trương", "step": "capture", "message": "Capturing 44/70 (viewport)…", "data": null, "seq": 11480}
{"ts": "2026-04-28T23:02:32.732879+00:00", "level": "INFO", "jobId": "be5c29de-689b-4dd1-8a80-28cdde119994", "keyword": "chuẩn bị khai trương", "step": "capture", "message": "Expanded \"Xem thêm\" (exact-class): +1 (total 1)", "data": null, "seq": 11481}
{"ts": "2026-04-28T23:02:55.807721+00:00", "level": "INFO", "jobId": "be5c29de-689b-4dd1-8a80-28cdde119994", "keyword": "chuẩn bị khai trương", "step": "capture", "message": "Saved post_044.png", "data": null, "seq": 11482}
{"ts": "2026-04-28T23:02:55.808732+00:00", "level": "INFO", "jobId": "be5c29de-689b-4dd1-8a80-28cdde119994", "keyword": "chuẩn bị khai trương", "step": "cooldown", "message": "Cooldown 1.4s (after capture)", "data": null, "seq": 11483}
{"ts": "2026-04-28T23:02:57.785568+00:00", "level": "INFO", "jobId": "be5c29de-689b-4dd1-8a80-28cdde119994", "keyword": "chuẩn bị khai trương", "step": "capture", "message": "Capturing 45/70 (viewport)…", "data": null, "seq": 11484}
{"ts": "2026-04-28T23:02:57.891284+00:00", "level": "INFO", "jobId": "be5c29de-689b-4dd1-8a80-28cdde119994", "keyword": "chuẩn bị khai trương", "step": "capture", "message": "Expanded \"Xem thêm\" (exact-class): +1 (total 1)", "data": null, "seq": 11485}
{"ts": "2026-04-28T23:03:20.964507+00:00", "level": "INFO", "jobId": "be5c29de-689b-4dd1-8a80-28cdde119994", "keyword": "chuẩn bị khai trương", "step": "capture", "message": "Saved post_045.png", "data": null, "seq": 11486}
{"ts": "2026-04-28T23:03:20.964507+00:00", "level": "INFO", "jobId": "be5c29de-689b-4dd1-8a80-28cdde119994", "keyword": "chuẩn bị khai trương", "step": "cooldown", "message": "Cooldown 1.2s (after capture)", "data": null, "seq": 11487}
{"ts": "2026-04-28T23:03:22.746893+00:00", "level": "INFO", "jobId": "be5c29de-689b-4dd1-8a80-28cdde119994", "keyword": "chuẩn bị khai trương", "step": "capture", "message": "Capturing 46/70 (viewport)…", "data": null, "seq": 11488}
{"ts": "2026-04-28T23:03:22.849167+00:00", "level": "INFO", "jobId": "be5c29de-689b-4dd1-8a80-28cdde119994", "keyword": "chuẩn bị khai trương", "step": "capture", "message": "Expanded \"Xem thêm\" (exact-class): +1 (total 1)", "data": null, "seq": 11489}
{"ts": "2026-04-28T23:03:45.997333+00:00", "level": "INFO", "jobId": "be5c29de-689b-4dd1-8a80-28cdde119994", "keyword": "chuẩn bị khai trương", "step": "capture", "message": "Saved post_046.png", "data": null, "seq": 11490}
{"ts": "2026-04-28T23:03:45.998529+00:00", "level": "INFO", "jobId": "be5c29de-689b-4dd1-8a80-28cdde119994", "keyword": "chuẩn bị khai trương", "step": "cooldown", "message": "Cooldown 2.3s (after capture)", "data": null, "seq": 11491}
{"ts": "2026-04-28T23:03:48.866718+00:00", "level": "INFO", "jobId": "be5c29de-689b-4dd1-8a80-28cdde119994", "keyword": "chuẩn bị khai trương", "step": "capture", "message": "Capturing 47/70 (viewport)…", "data": null, "seq": 11492}
{"ts": "2026-04-28T23:04:11.697609+00:00", "level": "INFO", "jobId": "be5c29de-689b-4dd1-8a80-28cdde119994", "keyword": "chuẩn bị khai trương", "step": "capture", "message": "Saved post_047.png", "data": null, "seq": 11493}
{"ts": "2026-04-28T23:04:11.697609+00:00", "level": "INFO", "jobId": "be5c29de-689b-4dd1-8a80-28cdde119994", "keyword": "chuẩn bị khai trương", "step": "cooldown", "message": "Cooldown 1.2s (after capture)", "data": null, "seq": 11494}
{"ts": "2026-04-28T23:04:13.539205+00:00", "level": "INFO", "jobId": "be5c29de-689b-4dd1-8a80-28cdde119994", "keyword": "chuẩn bị khai trương", "step": "capture", "message": "Capturing 48/70 (viewport)…", "data": null, "seq": 11495}
{"ts": "2026-04-28T23:04:13.839544+00:00", "level": "INFO", "jobId": "be5c29de-689b-4dd1-8a80-28cdde119994", "keyword": "chuẩn bị khai trương", "step": "capture", "message": "Expanded \"Xem thêm\" (exact-class): +2 (total 2)", "data": null, "seq": 11496}
{"ts": "2026-04-28T23:04:37.018648+00:00", "level": "INFO", "jobId": "be5c29de-689b-4dd1-8a80-28cdde119994", "keyword": "chuẩn bị khai trương", "step": "capture", "message": "Saved post_048.png", "data": null, "seq": 11497}
{"ts": "2026-04-28T23:04:37.018648+00:00", "level": "INFO", "jobId": "be5c29de-689b-4dd1-8a80-28cdde119994", "keyword": "chuẩn bị khai trương", "step": "cooldown", "message": "Cooldown 1.7s (after capture)", "data": null, "seq": 11498}
{"ts": "2026-04-28T23:04:39.370037+00:00", "level": "INFO", "jobId": "be5c29de-689b-4dd1-8a80-28cdde119994", "keyword": "chuẩn bị khai trương", "step": "capture", "message": "Capturing 49/70 (viewport)…", "data": null, "seq": 11499}
{"ts": "2026-04-28T23:04:39.492613+00:00", "level": "INFO", "jobId": "be5c29de-689b-4dd1-8a80-28cdde119994", "keyword": "chuẩn bị khai trương", "step": "capture", "message": "Expanded \"Xem thêm\" (exact-class): +1 (total 1)", "data": null, "seq": 11500}
{"ts": "2026-04-28T23:05:02.391882+00:00", "level": "INFO", "jobId": "be5c29de-689b-4dd1-8a80-28cdde119994", "keyword": "chuẩn bị khai trương", "step": "capture", "message": "Saved post_049.png", "data": null, "seq": 11501}
{"ts": "2026-04-28T23:05:02.391882+00:00", "level": "INFO", "jobId": "be5c29de-689b-4dd1-8a80-28cdde119994", "keyword": "chuẩn bị khai trương", "step": "cooldown", "message": "Cooldown 2.6s (after capture)", "data": null, "seq": 11502}
{"ts": "2026-04-28T23:05:05.626817+00:00", "level": "INFO", "jobId": "be5c29de-689b-4dd1-8a80-28cdde119994", "keyword": "chuẩn bị khai trương", "step": "capture", "message": "Capturing 50/70 (viewport)…", "data": null, "seq": 11503}
{"ts": "2026-04-28T23:05:05.809285+00:00", "level": "INFO", "jobId": "be5c29de-689b-4dd1-8a80-28cdde119994", "keyword": "chuẩn bị khai trương", "step": "capture", "message": "Expanded \"Xem thêm\" (exact-class): +1 (total 1)", "data": null, "seq": 11504}
{"ts": "2026-04-28T23:05:28.716015+00:00", "level": "INFO", "jobId": "be5c29de-689b-4dd1-8a80-28cdde119994", "keyword": "chuẩn bị khai trương", "step": "capture", "message": "Saved post_050.png", "data": null, "seq": 11505}
{"ts": "2026-04-28T23:05:28.717017+00:00", "level": "INFO", "jobId": "be5c29de-689b-4dd1-8a80-28cdde119994", "keyword": "chuẩn bị khai trương", "step": "cooldown", "message": "Cooldown 1.5s (after capture)", "data": null, "seq": 11506}
{"ts": "2026-04-28T23:05:30.837844+00:00", "level": "INFO", "jobId": "be5c29de-689b-4dd1-8a80-28cdde119994", "keyword": "chuẩn bị khai trương", "step": "capture", "message": "Capturing 51/70 (viewport)…", "data": null, "seq": 11507}
{"ts": "2026-04-28T23:05:31.022759+00:00", "level": "INFO", "jobId": "be5c29de-689b-4dd1-8a80-28cdde119994", "keyword": "chuẩn bị khai trương", "step": "capture", "message": "Expanded \"Xem thêm\" (exact-class): +1 (total 1)", "data": null, "seq": 11508}
{"ts": "2026-04-28T23:05:53.840450+00:00", "level": "INFO", "jobId": "be5c29de-689b-4dd1-8a80-28cdde119994", "keyword": "chuẩn bị khai trương", "step": "capture", "message": "Saved post_051.png", "data": null, "seq": 11509}
{"ts": "2026-04-28T23:05:53.841559+00:00", "level": "INFO", "jobId": "be5c29de-689b-4dd1-8a80-28cdde119994", "keyword": "chuẩn bị khai trương", "step": "cooldown", "message": "Cooldown 2.8s (after capture)", "data": null, "seq": 11510}
{"ts": "2026-04-28T23:05:57.227727+00:00", "level": "INFO", "jobId": "be5c29de-689b-4dd1-8a80-28cdde119994", "keyword": "chuẩn bị khai trương", "step": "capture", "message": "Capturing 52/70 (viewport)…", "data": null, "seq": 11511}
{"ts": "2026-04-28T23:05:57.369253+00:00", "level": "INFO", "jobId": "be5c29de-689b-4dd1-8a80-28cdde119994", "keyword": "chuẩn bị khai trương", "step": "capture", "message": "Expanded \"Xem thêm\" (exact-class): +1 (total 1)", "data": null, "seq": 11512}
{"ts": "2026-04-28T23:06:20.482208+00:00", "level": "INFO", "jobId": "be5c29de-689b-4dd1-8a80-28cdde119994", "keyword": "chuẩn bị khai trương", "step": "capture", "message": "Saved post_052.png", "data": null, "seq": 11513}
{"ts": "2026-04-28T23:06:20.482208+00:00", "level": "INFO", "jobId": "be5c29de-689b-4dd1-8a80-28cdde119994", "keyword": "chuẩn bị khai trương", "step": "cooldown", "message": "Cooldown 2.8s (after capture)", "data": null, "seq": 11514}
{"ts": "2026-04-28T23:06:23.855401+00:00", "level": "INFO", "jobId": "be5c29de-689b-4dd1-8a80-28cdde119994", "keyword": "chuẩn bị khai trương", "step": "capture", "message": "Capturing 53/70 (viewport)…", "data": null, "seq": 11515}
{"ts": "2026-04-28T23:06:24.027847+00:00", "level": "INFO", "jobId": "be5c29de-689b-4dd1-8a80-28cdde119994", "keyword": "chuẩn bị khai trương", "step": "capture", "message": "Expanded \"Xem thêm\" (exact-class): +1 (total 1)", "data": null, "seq": 11516}
{"ts": "2026-04-28T23:06:47.472651+00:00", "level": "INFO", "jobId": "be5c29de-689b-4dd1-8a80-28cdde119994", "keyword": "chuẩn bị khai trương", "step": "capture", "message": "Saved post_053.png", "data": null, "seq": 11517}
{"ts": "2026-04-28T23:06:47.473668+00:00", "level": "INFO", "jobId": "be5c29de-689b-4dd1-8a80-28cdde119994", "keyword": "chuẩn bị khai trương", "step": "cooldown", "message": "Cooldown 1.3s (after capture)", "data": null, "seq": 11518}
{"ts": "2026-04-28T23:06:49.393945+00:00", "level": "INFO", "jobId": "be5c29de-689b-4dd1-8a80-28cdde119994", "keyword": "chuẩn bị khai trương", "step": "capture", "message": "Capturing 54/70 (viewport)…", "data": null, "seq": 11519}
{"ts": "2026-04-28T23:07:12.405864+00:00", "level": "INFO", "jobId": "be5c29de-689b-4dd1-8a80-28cdde119994", "keyword": "chuẩn bị khai trương", "step": "capture", "message": "Saved post_054.png", "data": null, "seq": 11520}
{"ts": "2026-04-28T23:07:12.405864+00:00", "level": "INFO", "jobId": "be5c29de-689b-4dd1-8a80-28cdde119994", "keyword": "chuẩn bị khai trương", "step": "cooldown", "message": "Cooldown 2.6s (after capture)", "data": null, "seq": 11521}
{"ts": "2026-04-28T23:07:15.607133+00:00", "level": "INFO", "jobId": "be5c29de-689b-4dd1-8a80-28cdde119994", "keyword": "chuẩn bị khai trương", "step": "capture", "message": "Capturing 55/70 (viewport)…", "data": null, "seq": 11522}
{"ts": "2026-04-28T23:07:15.728756+00:00", "level": "INFO", "jobId": "be5c29de-689b-4dd1-8a80-28cdde119994", "keyword": "chuẩn bị khai trương", "step": "capture", "message": "Expanded \"Xem thêm\" (exact-class): +2 (total 2)", "data": null, "seq": 11523}
{"ts": "2026-04-28T23:07:39.167478+00:00", "level": "INFO", "jobId": "be5c29de-689b-4dd1-8a80-28cdde119994", "keyword": "chuẩn bị khai trương", "step": "capture", "message": "Saved post_055.png", "data": null, "seq": 11524}
{"ts": "2026-04-28T23:07:39.167478+00:00", "level": "INFO", "jobId": "be5c29de-689b-4dd1-8a80-28cdde119994", "keyword": "chuẩn bị khai trương", "step": "cooldown", "message": "Cooldown 2.6s (after capture)", "data": null, "seq": 11525}
{"ts": "2026-04-28T23:07:42.424831+00:00", "level": "INFO", "jobId": "be5c29de-689b-4dd1-8a80-28cdde119994", "keyword": "chuẩn bị khai trương", "step": "capture", "message": "Capturing 56/70 (viewport)…", "data": null, "seq": 11526}
{"ts": "2026-04-28T23:07:42.540653+00:00", "level": "INFO", "jobId": "be5c29de-689b-4dd1-8a80-28cdde119994", "keyword": "chuẩn bị khai trương", "step": "capture", "message": "Expanded \"Xem thêm\" (exact-class): +1 (total 1)", "data": null, "seq": 11527}
{"ts": "2026-04-28T23:08:05.851011+00:00", "level": "INFO", "jobId": "be5c29de-689b-4dd1-8a80-28cdde119994", "keyword": "chuẩn bị khai trương", "step": "capture", "message": "Saved post_056.png", "data": null, "seq": 11528}
{"ts": "2026-04-28T23:08:05.851011+00:00", "level": "INFO", "jobId": "be5c29de-689b-4dd1-8a80-28cdde119994", "keyword": "chuẩn bị khai trương", "step": "cooldown", "message": "Cooldown 2.8s (after capture)", "data": null, "seq": 11529}
{"ts": "2026-04-28T23:08:09.314880+00:00", "level": "INFO", "jobId": "be5c29de-689b-4dd1-8a80-28cdde119994", "keyword": "chuẩn bị khai trương", "step": "capture", "message": "Capturing 57/70 (viewport)…", "data": null, "seq": 11530}
{"ts": "2026-04-28T23:08:09.429752+00:00", "level": "INFO", "jobId": "be5c29de-689b-4dd1-8a80-28cdde119994", "keyword": "chuẩn bị khai trương", "step": "capture", "message": "Expanded \"Xem thêm\" (exact-class): +1 (total 1)", "data": null, "seq": 11531}
{"ts": "2026-04-28T23:08:32.774007+00:00", "level": "INFO", "jobId": "be5c29de-689b-4dd1-8a80-28cdde119994", "keyword": "chuẩn bị khai trương", "step": "capture", "message": "Saved post_057.png", "data": null, "seq": 11532}
{"ts": "2026-04-28T23:08:32.774007+00:00", "level": "INFO", "jobId": "be5c29de-689b-4dd1-8a80-28cdde119994", "keyword": "chuẩn bị khai trương", "step": "cooldown", "message": "Cooldown 1.9s (after capture)", "data": null, "seq": 11533}
{"ts": "2026-04-28T23:08:35.397780+00:00", "level": "INFO", "jobId": "be5c29de-689b-4dd1-8a80-28cdde119994", "keyword": "chuẩn bị khai trương", "step": "capture", "message": "Capturing 58/70 (viewport)…", "data": null, "seq": 11534}
{"ts": "2026-04-28T23:08:35.557705+00:00", "level": "INFO", "jobId": "be5c29de-689b-4dd1-8a80-28cdde119994", "keyword": "chuẩn bị khai trương", "step": "capture", "message": "Expanded \"Xem thêm\" (exact-class): +1 (total 1)", "data": null, "seq": 11535}
{"ts": "2026-04-28T23:08:58.871748+00:00", "level": "INFO", "jobId": "be5c29de-689b-4dd1-8a80-28cdde119994", "keyword": "chuẩn bị khai trương", "step": "capture", "message": "Saved post_058.png", "data": null, "seq": 11536}
{"ts": "2026-04-28T23:08:58.871748+00:00", "level": "INFO", "jobId": "be5c29de-689b-4dd1-8a80-28cdde119994", "keyword": "chuẩn bị khai trương", "step": "cooldown", "message": "Cooldown 2.2s (after capture)", "data": null, "seq": 11537}
{"ts": "2026-04-28T23:09:01.720943+00:00", "level": "INFO", "jobId": "be5c29de-689b-4dd1-8a80-28cdde119994", "keyword": "chuẩn bị khai trương", "step": "capture", "message": "Capturing 59/70 (viewport)…", "data": null, "seq": 11538}
{"ts": "2026-04-28T23:09:01.855354+00:00", "level": "INFO", "jobId": "be5c29de-689b-4dd1-8a80-28cdde119994", "keyword": "chuẩn bị khai trương", "step": "capture", "message": "Expanded \"Xem thêm\" (exact-class): +1 (total 1)", "data": null, "seq": 11539}
{"ts": "2026-04-28T23:09:25.287285+00:00", "level": "INFO", "jobId": "be5c29de-689b-4dd1-8a80-28cdde119994", "keyword": "chuẩn bị khai trương", "step": "capture", "message": "Saved post_059.png", "data": null, "seq": 11540}
{"ts": "2026-04-28T23:09:25.287285+00:00", "level": "INFO", "jobId": "be5c29de-689b-4dd1-8a80-28cdde119994", "keyword": "chuẩn bị khai trương", "step": "cooldown", "message": "Cooldown 2.0s (after capture)", "data": null, "seq": 11541}
{"ts": "2026-04-28T23:09:27.943637+00:00", "level": "INFO", "jobId": "be5c29de-689b-4dd1-8a80-28cdde119994", "keyword": "chuẩn bị khai trương", "step": "capture", "message": "Capturing 60/70 (viewport)…", "data": null, "seq": 11542}
{"ts": "2026-04-28T23:09:28.129665+00:00", "level": "INFO", "jobId": "be5c29de-689b-4dd1-8a80-28cdde119994", "keyword": "chuẩn bị khai trương", "step": "capture", "message": "Expanded \"Xem thêm\" (exact-class): +1 (total 1)", "data": null, "seq": 11543}
{"ts": "2026-04-28T23:09:51.113395+00:00", "level": "INFO", "jobId": "be5c29de-689b-4dd1-8a80-28cdde119994", "keyword": "chuẩn bị khai trương", "step": "capture", "message": "Saved post_060.png", "data": null, "seq": 11544}
{"ts": "2026-04-28T23:09:51.114405+00:00", "level": "INFO", "jobId": "be5c29de-689b-4dd1-8a80-28cdde119994", "keyword": "chuẩn bị khai trương", "step": "cooldown", "message": "Cooldown 2.0s (after capture)", "data": null, "seq": 11545}
{"ts": "2026-04-28T23:09:53.687963+00:00", "level": "INFO", "jobId": "be5c29de-689b-4dd1-8a80-28cdde119994", "keyword": "chuẩn bị khai trương", "step": "capture", "message": "Capturing 61/70 (viewport)…", "data": null, "seq": 11546}
{"ts": "2026-04-28T23:10:16.491515+00:00", "level": "INFO", "jobId": "be5c29de-689b-4dd1-8a80-28cdde119994", "keyword": "chuẩn bị khai trương", "step": "capture", "message": "Saved post_061.png", "data": null, "seq": 11547}
{"ts": "2026-04-28T23:10:16.492921+00:00", "level": "INFO", "jobId": "be5c29de-689b-4dd1-8a80-28cdde119994", "keyword": "chuẩn bị khai trương", "step": "cooldown", "message": "Cooldown 2.9s (after capture)", "data": null, "seq": 11548}
{"ts": "2026-04-28T23:10:20.043048+00:00", "level": "INFO", "jobId": "be5c29de-689b-4dd1-8a80-28cdde119994", "keyword": "chuẩn bị khai trương", "step": "capture", "message": "Capturing 62/70 (viewport)…", "data": null, "seq": 11549}
{"ts": "2026-04-28T23:10:20.237964+00:00", "level": "INFO", "jobId": "be5c29de-689b-4dd1-8a80-28cdde119994", "keyword": "chuẩn bị khai trương", "step": "capture", "message": "Expanded \"Xem thêm\" (exact-class): +2 (total 2)", "data": null, "seq": 11550}
{"ts": "2026-04-28T23:10:43.285706+00:00", "level": "INFO", "jobId": "be5c29de-689b-4dd1-8a80-28cdde119994", "keyword": "chuẩn bị khai trương", "step": "capture", "message": "Saved post_062.png", "data": null, "seq": 11551}
{"ts": "2026-04-28T23:10:43.285706+00:00", "level": "INFO", "jobId": "be5c29de-689b-4dd1-8a80-28cdde119994", "keyword": "chuẩn bị khai trương", "step": "cooldown", "message": "Cooldown 2.7s (after capture)", "data": null, "seq": 11552}
{"ts": "2026-04-28T23:10:46.564799+00:00", "level": "INFO", "jobId": "be5c29de-689b-4dd1-8a80-28cdde119994", "keyword": "chuẩn bị khai trương", "step": "capture", "message": "Capturing 63/70 (viewport)…", "data": null, "seq": 11553}
{"ts": "2026-04-28T23:10:46.695258+00:00", "level": "INFO", "jobId": "be5c29de-689b-4dd1-8a80-28cdde119994", "keyword": "chuẩn bị khai trương", "step": "capture", "message": "Expanded \"Xem thêm\" (exact-class): +1 (total 1)", "data": null, "seq": 11554}
{"ts": "2026-04-28T23:11:09.629479+00:00", "level": "INFO", "jobId": "be5c29de-689b-4dd1-8a80-28cdde119994", "keyword": "chuẩn bị khai trương", "step": "capture", "message": "Saved post_063.png", "data": null, "seq": 11555}
{"ts": "2026-04-28T23:11:09.629479+00:00", "level": "INFO", "jobId": "be5c29de-689b-4dd1-8a80-28cdde119994", "keyword": "chuẩn bị khai trương", "step": "cooldown", "message": "Cooldown 3.0s (after capture)", "data": null, "seq": 11556}
{"ts": "2026-04-28T23:11:13.310496+00:00", "level": "INFO", "jobId": "be5c29de-689b-4dd1-8a80-28cdde119994", "keyword": "chuẩn bị khai trương", "step": "capture", "message": "Capturing 64/70 (viewport)…", "data": null, "seq": 11557}
{"ts": "2026-04-28T23:11:13.488556+00:00", "level": "INFO", "jobId": "be5c29de-689b-4dd1-8a80-28cdde119994", "keyword": "chuẩn bị khai trương", "step": "capture", "message": "Expanded \"Xem thêm\" (exact-class): +1 (total 1)", "data": null, "seq": 11558}
{"ts": "2026-04-28T23:11:36.517599+00:00", "level": "INFO", "jobId": "be5c29de-689b-4dd1-8a80-28cdde119994", "keyword": "chuẩn bị khai trương", "step": "capture", "message": "Saved post_064.png", "data": null, "seq": 11559}
{"ts": "2026-04-28T23:11:36.517599+00:00", "level": "INFO", "jobId": "be5c29de-689b-4dd1-8a80-28cdde119994", "keyword": "chuẩn bị khai trương", "step": "cooldown", "message": "Cooldown 1.9s (after capture)", "data": null, "seq": 11560}
{"ts": "2026-04-28T23:11:38.953991+00:00", "level": "INFO", "jobId": "be5c29de-689b-4dd1-8a80-28cdde119994", "keyword": "chuẩn bị khai trương", "step": "capture", "message": "Capturing 65/70 (viewport)…", "data": null, "seq": 11561}
{"ts": "2026-04-28T23:11:39.081944+00:00", "level": "INFO", "jobId": "be5c29de-689b-4dd1-8a80-28cdde119994", "keyword": "chuẩn bị khai trương", "step": "capture", "message": "Expanded \"Xem thêm\" (exact-class): +1 (total 1)", "data": null, "seq": 11562}
{"ts": "2026-04-28T23:12:01.984707+00:00", "level": "INFO", "jobId": "be5c29de-689b-4dd1-8a80-28cdde119994", "keyword": "chuẩn bị khai trương", "step": "capture", "message": "Saved post_065.png", "data": null, "seq": 11563}
{"ts": "2026-04-28T23:12:01.985899+00:00", "level": "INFO", "jobId": "be5c29de-689b-4dd1-8a80-28cdde119994", "keyword": "chuẩn bị khai trương", "step": "cooldown", "message": "Cooldown 1.0s (after capture)", "data": null, "seq": 11564}
{"ts": "2026-04-28T23:12:03.611952+00:00", "level": "INFO", "jobId": "be5c29de-689b-4dd1-8a80-28cdde119994", "keyword": "chuẩn bị khai trương", "step": "capture", "message": "Capturing 66/70 (viewport)…", "data": null, "seq": 11565}
{"ts": "2026-04-28T23:12:03.749732+00:00", "level": "INFO", "jobId": "be5c29de-689b-4dd1-8a80-28cdde119994", "keyword": "chuẩn bị khai trương", "step": "capture", "message": "Expanded \"Xem thêm\" (exact-class): +1 (total 1)", "data": null, "seq": 11566}
{"ts": "2026-04-28T23:12:26.644007+00:00", "level": "INFO", "jobId": "be5c29de-689b-4dd1-8a80-28cdde119994", "keyword": "chuẩn bị khai trương", "step": "capture", "message": "Saved post_066.png", "data": null, "seq": 11567}
{"ts": "2026-04-28T23:12:26.644007+00:00", "level": "INFO", "jobId": "be5c29de-689b-4dd1-8a80-28cdde119994", "keyword": "chuẩn bị khai trương", "step": "cooldown", "message": "Cooldown 2.9s (after capture)", "data": null, "seq": 11568}
{"ts": "2026-04-28T23:12:30.130746+00:00", "level": "INFO", "jobId": "be5c29de-689b-4dd1-8a80-28cdde119994", "keyword": "chuẩn bị khai trương", "step": "capture", "message": "Capturing 67/70 (viewport)…", "data": null, "seq": 11569}
{"ts": "2026-04-28T23:12:30.351202+00:00", "level": "INFO", "jobId": "be5c29de-689b-4dd1-8a80-28cdde119994", "keyword": "chuẩn bị khai trương", "step": "capture", "message": "Expanded \"Xem thêm\" (exact-class): +1 (total 1)", "data": null, "seq": 11570}
{"ts": "2026-04-28T23:12:53.521509+00:00", "level": "INFO", "jobId": "be5c29de-689b-4dd1-8a80-28cdde119994", "keyword": "chuẩn bị khai trương", "step": "capture", "message": "Saved post_067.png", "data": null, "seq": 11571}
{"ts": "2026-04-28T23:12:53.522600+00:00", "level": "INFO", "jobId": "be5c29de-689b-4dd1-8a80-28cdde119994", "keyword": "chuẩn bị khai trương", "step": "cooldown", "message": "Cooldown 1.0s (after capture)", "data": null, "seq": 11572}
{"ts": "2026-04-28T23:12:55.150488+00:00", "level": "INFO", "jobId": "be5c29de-689b-4dd1-8a80-28cdde119994", "keyword": "chuẩn bị khai trương", "step": "capture", "message": "Capturing 68/70 (viewport)…", "data": null, "seq": 11573}
{"ts": "2026-04-28T23:12:55.305152+00:00", "level": "INFO", "jobId": "be5c29de-689b-4dd1-8a80-28cdde119994", "keyword": "chuẩn bị khai trương", "step": "capture", "message": "Expanded \"Xem thêm\" (exact-class): +2 (total 2)", "data": null, "seq": 11574}
{"ts": "2026-04-28T23:13:18.459355+00:00", "level": "INFO", "jobId": "be5c29de-689b-4dd1-8a80-28cdde119994", "keyword": "chuẩn bị khai trương", "step": "capture", "message": "Saved post_068.png", "data": null, "seq": 11575}
{"ts": "2026-04-28T23:13:18.459355+00:00", "level": "INFO", "jobId": "be5c29de-689b-4dd1-8a80-28cdde119994", "keyword": "chuẩn bị khai trương", "step": "cooldown", "message": "Cooldown 2.9s (after capture)", "data": null, "seq": 11576}
{"ts": "2026-04-28T23:13:22.013406+00:00", "level": "INFO", "jobId": "be5c29de-689b-4dd1-8a80-28cdde119994", "keyword": "chuẩn bị khai trương", "step": "capture", "message": "Capturing 69/70 (viewport)…", "data": null, "seq": 11577}
{"ts": "2026-04-28T23:13:44.741568+00:00", "level": "INFO", "jobId": "be5c29de-689b-4dd1-8a80-28cdde119994", "keyword": "chuẩn bị khai trương", "step": "capture", "message": "Saved post_069.png", "data": null, "seq": 11578}
{"ts": "2026-04-28T23:13:44.742763+00:00", "level": "INFO", "jobId": "be5c29de-689b-4dd1-8a80-28cdde119994", "keyword": "chuẩn bị khai trương", "step": "cooldown", "message": "Cooldown 1.8s (after capture)", "data": null, "seq": 11579}
{"ts": "2026-04-28T23:13:47.219419+00:00", "level": "INFO", "jobId": "be5c29de-689b-4dd1-8a80-28cdde119994", "keyword": "chuẩn bị khai trương", "step": "capture", "message": "Capturing 70/70 (viewport)…", "data": null, "seq": 11580}
{"ts": "2026-04-28T23:13:47.351053+00:00", "level": "INFO", "jobId": "be5c29de-689b-4dd1-8a80-28cdde119994", "keyword": "chuẩn bị khai trương", "step": "capture", "message": "Expanded \"Xem thêm\" (exact-class): +1 (total 1)", "data": null, "seq": 11581}
{"ts": "2026-04-28T23:14:10.289907+00:00", "level": "INFO", "jobId": "be5c29de-689b-4dd1-8a80-28cdde119994", "keyword": "chuẩn bị khai trương", "step": "capture", "message": "Saved post_070.png", "data": null, "seq": 11582}
{"ts": "2026-04-28T23:14:10.289907+00:00", "level": "INFO", "jobId": "be5c29de-689b-4dd1-8a80-28cdde119994", "keyword": "chuẩn bị khai trương", "step": "cooldown", "message": "Cooldown 2.6s (after capture)", "data": null, "seq": 11583}
{"ts": "2026-04-28T23:14:12.910029+00:00", "level": "INFO", "jobId": "be5c29de-689b-4dd1-8a80-28cdde119994", "keyword": "chuẩn bị khai trương", "step": "done", "message": "Completed. Saved=70", "data": null, "seq": 11584}
