{"ts": "2026-04-28T20:05:03.290618+00:00", "level": "INFO", "jobId": "d99b28cc-f3ef-43b8-8304-96a28392221d", "keyword": "khai trương hoành tráng", "step": "start", "message": "Job started (attempt 1/2)", "data": null, "seq": 9110}
{"ts": "2026-04-28T20:05:06.029122+00:00", "level": "INFO", "jobId": "d99b28cc-f3ef-43b8-8304-96a28392221d", "keyword": "khai trương hoành tráng", "step": "login", "message": "Already logged in (profile session).", "data": null, "seq": 9111}
{"ts": "2026-04-28T20:05:06.159232+00:00", "level": "INFO", "jobId": "d99b28cc-f3ef-43b8-8304-96a28392221d", "keyword": "khai trương hoành tráng", "step": "search", "message": "Searching keyword: \"khai trương hoành tráng\"", "data": null, "seq": 9112}
{"ts": "2026-04-28T20:05:08.730134+00:00", "level": "INFO", "jobId": "d99b28cc-f3ef-43b8-8304-96a28392221d", "keyword": "khai trương hoành tráng", "step": "capture", "message": "Start capturing up to 70 posts.", "data": null, "seq": 9113}
{"ts": "2026-04-28T20:05:08.730134+00:00", "level": "INFO", "jobId": "d99b28cc-f3ef-43b8-8304-96a28392221d", "keyword": "khai trương hoành tráng", "step": "capture", "message": "Output folder: Lan 2 - 0305", "data": null, "seq": 9114}
{"ts": "2026-04-28T20:05:09.157750+00:00", "level": "INFO", "jobId": "d99b28cc-f3ef-43b8-8304-96a28392221d", "keyword": "khai trương hoành tráng", "step": "capture", "message": "Capturing 1/70 (viewport)…", "data": null, "seq": 9115}
{"ts": "2026-04-28T20:05:21.563974+00:00", "level": "INFO", "jobId": "d99b28cc-f3ef-43b8-8304-96a28392221d", "keyword": "khai trương hoành tráng", "step": "capture", "message": "Saved post_001.png", "data": null, "seq": 9116}
{"ts": "2026-04-28T20:05:21.564981+00:00", "level": "INFO", "jobId": "d99b28cc-f3ef-43b8-8304-96a28392221d", "keyword": "khai trương hoành tráng", "step": "cooldown", "message": "Cooldown 1.7s (after capture)", "data": null, "seq": 9117}
{"ts": "2026-04-28T20:05:23.824136+00:00", "level": "INFO", "jobId": "d99b28cc-f3ef-43b8-8304-96a28392221d", "keyword": "khai trương hoành tráng", "step": "capture", "message": "Capturing 2/70 (viewport)…", "data": null, "seq": 9118}
{"ts": "2026-04-28T20:05:23.946011+00:00", "level": "INFO", "jobId": "d99b28cc-f3ef-43b8-8304-96a28392221d", "keyword": "khai trương hoành tráng", "step": "capture", "message": "Expanded \"Xem thêm\" (exact-class): +3 (total 3)", "data": null, "seq": 9119}
{"ts": "2026-04-28T20:05:36.722567+00:00", "level": "INFO", "jobId": "d99b28cc-f3ef-43b8-8304-96a28392221d", "keyword": "khai trương hoành tráng", "step": "capture", "message": "Saved post_002.png", "data": null, "seq": 9120}
{"ts": "2026-04-28T20:05:36.723769+00:00", "level": "INFO", "jobId": "d99b28cc-f3ef-43b8-8304-96a28392221d", "keyword": "khai trương hoành tráng", "step": "cooldown", "message": "Cooldown 2.6s (after capture)", "data": null, "seq": 9121}
{"ts": "2026-04-28T20:05:39.860398+00:00", "level": "INFO", "jobId": "d99b28cc-f3ef-43b8-8304-96a28392221d", "keyword": "khai trương hoành tráng", "step": "capture", "message": "Capturing 3/70 (viewport)…", "data": null, "seq": 9122}
{"ts": "2026-04-28T20:05:52.388629+00:00", "level": "INFO", "jobId": "d99b28cc-f3ef-43b8-8304-96a28392221d", "keyword": "khai trương hoành tráng", "step": "capture", "message": "Saved post_003.png", "data": null, "seq": 9123}
{"ts": "2026-04-28T20:05:52.388629+00:00", "level": "INFO", "jobId": "d99b28cc-f3ef-43b8-8304-96a28392221d", "keyword": "khai trương hoành tráng", "step": "cooldown", "message": "Cooldown 1.2s (after capture)", "data": null, "seq": 9124}
{"ts": "2026-04-28T20:05:54.170279+00:00", "level": "INFO", "jobId": "d99b28cc-f3ef-43b8-8304-96a28392221d", "keyword": "khai trương hoành tráng", "step": "capture", "message": "Capturing 4/70 (viewport)…", "data": null, "seq": 9125}
{"ts": "2026-04-28T20:05:54.274339+00:00", "level": "INFO", "jobId": "d99b28cc-f3ef-43b8-8304-96a28392221d", "keyword": "khai trương hoành tráng", "step": "capture", "message": "Expanded \"Xem thêm\" (exact-class): +1 (total 1)", "data": null, "seq": 9126}
{"ts": "2026-04-28T20:06:07.088078+00:00", "level": "INFO", "jobId": "d99b28cc-f3ef-43b8-8304-96a28392221d", "keyword": "khai trương hoành tráng", "step": "capture", "message": "Saved post_004.png", "data": null, "seq": 9127}
{"ts": "2026-04-28T20:06:07.089130+00:00", "level": "INFO", "jobId": "d99b28cc-f3ef-43b8-8304-96a28392221d", "keyword": "khai trương hoành tráng", "step": "cooldown", "message": "Cooldown 1.3s (after capture)", "data": null, "seq": 9128}
{"ts": "2026-04-28T20:06:08.966328+00:00", "level": "INFO", "jobId": "d99b28cc-f3ef-43b8-8304-96a28392221d", "keyword": "khai trương hoành tráng", "step": "capture", "message": "Capturing 5/70 (viewport)…", "data": null, "seq": 9129}
{"ts": "2026-04-28T20:06:09.018946+00:00", "level": "INFO", "jobId": "d99b28cc-f3ef-43b8-8304-96a28392221d", "keyword": "khai trương hoành tráng", "step": "capture", "message": "Expanded \"Xem thêm\" (exact-class): +1 (total 1)", "data": null, "seq": 9130}
{"ts": "2026-04-28T20:06:21.948422+00:00", "level": "INFO", "jobId": "d99b28cc-f3ef-43b8-8304-96a28392221d", "keyword": "khai trương hoành tráng", "step": "capture", "message": "Saved post_005.png", "data": null, "seq": 9131}
{"ts": "2026-04-28T20:06:21.948422+00:00", "level": "INFO", "jobId": "d99b28cc-f3ef-43b8-8304-96a28392221d", "keyword": "khai trương hoành tráng", "step": "cooldown", "message": "Cooldown 2.5s (after capture)", "data": null, "seq": 9132}
{"ts": "2026-04-28T20:06:25.049878+00:00", "level": "INFO", "jobId": "d99b28cc-f3ef-43b8-8304-96a28392221d", "keyword": "khai trương hoành tráng", "step": "capture", "message": "Capturing 6/70 (viewport)…", "data": null, "seq": 9133}
{"ts": "2026-04-28T20:06:25.149477+00:00", "level": "INFO", "jobId": "d99b28cc-f3ef-43b8-8304-96a28392221d", "keyword": "khai trương hoành tráng", "step": "capture", "message": "Expanded \"Xem thêm\" (exact-class): +1 (total 1)", "data": null, "seq": 9134}
{"ts": "2026-04-28T20:06:37.951461+00:00", "level": "INFO", "jobId": "d99b28cc-f3ef-43b8-8304-96a28392221d", "keyword": "khai trương hoành tráng", "step": "capture", "message": "Saved post_006.png", "data": null, "seq": 9135}
{"ts": "2026-04-28T20:06:37.951461+00:00", "level": "INFO", "jobId": "d99b28cc-f3ef-43b8-8304-96a28392221d", "keyword": "khai trương hoành tráng", "step": "cooldown", "message": "Cooldown 1.1s (after capture)", "data": null, "seq": 9136}
{"ts": "2026-04-28T20:06:39.599916+00:00", "level": "INFO", "jobId": "d99b28cc-f3ef-43b8-8304-96a28392221d", "keyword": "khai trương hoành tráng", "step": "capture", "message": "Capturing 7/70 (viewport)…", "data": null, "seq": 9137}
{"ts": "2026-04-28T20:06:52.175405+00:00", "level": "INFO", "jobId": "d99b28cc-f3ef-43b8-8304-96a28392221d", "keyword": "khai trương hoành tráng", "step": "capture", "message": "Saved post_007.png", "data": null, "seq": 9138}
{"ts": "2026-04-28T20:06:52.175405+00:00", "level": "INFO", "jobId": "d99b28cc-f3ef-43b8-8304-96a28392221d", "keyword": "khai trương hoành tráng", "step": "cooldown", "message": "Cooldown 2.4s (after capture)", "data": null, "seq": 9139}
{"ts": "2026-04-28T20:06:55.198236+00:00", "level": "INFO", "jobId": "d99b28cc-f3ef-43b8-8304-96a28392221d", "keyword": "khai trương hoành tráng", "step": "capture", "message": "Capturing 8/70 (viewport)…", "data": null, "seq": 9140}
{"ts": "2026-04-28T20:06:55.257503+00:00", "level": "INFO", "jobId": "d99b28cc-f3ef-43b8-8304-96a28392221d", "keyword": "khai trương hoành tráng", "step": "capture", "message": "Expanded \"Xem thêm\" (exact-class): +1 (total 1)", "data": null, "seq": 9141}
{"ts": "2026-04-28T20:07:08.354313+00:00", "level": "INFO", "jobId": "d99b28cc-f3ef-43b8-8304-96a28392221d", "keyword": "khai trương hoành tráng", "step": "capture", "message": "Saved post_008.png", "data": null, "seq": 9142}
{"ts": "2026-04-28T20:07:08.354313+00:00", "level": "INFO", "jobId": "d99b28cc-f3ef-43b8-8304-96a28392221d", "keyword": "khai trương hoành tráng", "step": "cooldown", "message": "Cooldown 2.1s (after capture)", "data": null, "seq": 9143}
{"ts": "2026-04-28T20:07:11.091740+00:00", "level": "INFO", "jobId": "d99b28cc-f3ef-43b8-8304-96a28392221d", "keyword": "khai trương hoành tráng", "step": "capture", "message": "Capturing 9/70 (viewport)…", "data": null, "seq": 9144}
{"ts": "2026-04-28T20:07:11.222404+00:00", "level": "INFO", "jobId": "d99b28cc-f3ef-43b8-8304-96a28392221d", "keyword": "khai trương hoành tráng", "step": "capture", "message": "Expanded \"Xem thêm\" (exact-class): +1 (total 1)", "data": null, "seq": 9145}
{"ts": "2026-04-28T20:07:24.231023+00:00", "level": "INFO", "jobId": "d99b28cc-f3ef-43b8-8304-96a28392221d", "keyword": "khai trương hoành tráng", "step": "capture", "message": "Saved post_009.png", "data": null, "seq": 9146}
{"ts": "2026-04-28T20:07:24.231023+00:00", "level": "INFO", "jobId": "d99b28cc-f3ef-43b8-8304-96a28392221d", "keyword": "khai trương hoành tráng", "step": "cooldown", "message": "Cooldown 1.0s (after capture)", "data": null, "seq": 9147}
{"ts": "2026-04-28T20:07:25.813296+00:00", "level": "INFO", "jobId": "d99b28cc-f3ef-43b8-8304-96a28392221d", "keyword": "khai trương hoành tráng", "step": "capture", "message": "Capturing 10/70 (viewport)…", "data": null, "seq": 9148}
{"ts": "2026-04-28T20:07:38.470046+00:00", "level": "INFO", "jobId": "d99b28cc-f3ef-43b8-8304-96a28392221d", "keyword": "khai trương hoành tráng", "step": "capture", "message": "Saved post_010.png", "data": null, "seq": 9149}
{"ts": "2026-04-28T20:07:38.470046+00:00", "level": "INFO", "jobId": "d99b28cc-f3ef-43b8-8304-96a28392221d", "keyword": "khai trương hoành tráng", "step": "cooldown", "message": "Cooldown 1.5s (after capture)", "data": null, "seq": 9150}
{"ts": "2026-04-28T20:07:40.475818+00:00", "level": "INFO", "jobId": "d99b28cc-f3ef-43b8-8304-96a28392221d", "keyword": "khai trương hoành tráng", "step": "capture", "message": "Capturing 11/70 (viewport)…", "data": null, "seq": 9151}
{"ts": "2026-04-28T20:07:53.006544+00:00", "level": "INFO", "jobId": "d99b28cc-f3ef-43b8-8304-96a28392221d", "keyword": "khai trương hoành tráng", "step": "capture", "message": "Saved post_011.png", "data": null, "seq": 9152}
{"ts": "2026-04-28T20:07:53.006544+00:00", "level": "INFO", "jobId": "d99b28cc-f3ef-43b8-8304-96a28392221d", "keyword": "khai trương hoành tráng", "step": "cooldown", "message": "Cooldown 2.0s (after capture)", "data": null, "seq": 9153}
{"ts": "2026-04-28T20:07:55.539913+00:00", "level": "INFO", "jobId": "d99b28cc-f3ef-43b8-8304-96a28392221d", "keyword": "khai trương hoành tráng", "step": "capture", "message": "Capturing 12/70 (viewport)…", "data": null, "seq": 9154}
{"ts": "2026-04-28T20:07:55.713780+00:00", "level": "INFO", "jobId": "d99b28cc-f3ef-43b8-8304-96a28392221d", "keyword": "khai trương hoành tráng", "step": "capture", "message": "Expanded \"Xem thêm\" (exact-class): +2 (total 2)", "data": null, "seq": 9155}
{"ts": "2026-04-28T20:08:08.762401+00:00", "level": "INFO", "jobId": "d99b28cc-f3ef-43b8-8304-96a28392221d", "keyword": "khai trương hoành tráng", "step": "capture", "message": "Saved post_012.png", "data": null, "seq": 9156}
{"ts": "2026-04-28T20:08:08.762401+00:00", "level": "INFO", "jobId": "d99b28cc-f3ef-43b8-8304-96a28392221d", "keyword": "khai trương hoành tráng", "step": "cooldown", "message": "Cooldown 2.7s (after capture)", "data": null, "seq": 9157}
{"ts": "2026-04-28T20:08:12.046770+00:00", "level": "INFO", "jobId": "d99b28cc-f3ef-43b8-8304-96a28392221d", "keyword": "khai trương hoành tráng", "step": "capture", "message": "Capturing 13/70 (viewport)…", "data": null, "seq": 9158}
{"ts": "2026-04-28T20:08:12.142590+00:00", "level": "INFO", "jobId": "d99b28cc-f3ef-43b8-8304-96a28392221d", "keyword": "khai trương hoành tráng", "step": "capture", "message": "Expanded \"Xem thêm\" (exact-class): +1 (total 1)", "data": null, "seq": 9159}
{"ts": "2026-04-28T20:08:24.908226+00:00", "level": "INFO", "jobId": "d99b28cc-f3ef-43b8-8304-96a28392221d", "keyword": "khai trương hoành tráng", "step": "capture", "message": "Saved post_013.png", "data": null, "seq": 9160}
{"ts": "2026-04-28T20:08:24.908226+00:00", "level": "INFO", "jobId": "d99b28cc-f3ef-43b8-8304-96a28392221d", "keyword": "khai trương hoành tráng", "step": "cooldown", "message": "Cooldown 2.3s (after capture)", "data": null, "seq": 9161}
{"ts": "2026-04-28T20:08:27.769179+00:00", "level": "INFO", "jobId": "d99b28cc-f3ef-43b8-8304-96a28392221d", "keyword": "khai trương hoành tráng", "step": "capture", "message": "Capturing 14/70 (viewport)…", "data": null, "seq": 9162}
{"ts": "2026-04-28T20:08:27.841941+00:00", "level": "INFO", "jobId": "d99b28cc-f3ef-43b8-8304-96a28392221d", "keyword": "khai trương hoành tráng", "step": "capture", "message": "Expanded \"Xem thêm\" (exact-class): +1 (total 1)", "data": null, "seq": 9163}
{"ts": "2026-04-28T20:08:40.635822+00:00", "level": "INFO", "jobId": "d99b28cc-f3ef-43b8-8304-96a28392221d", "keyword": "khai trương hoành tráng", "step": "capture", "message": "Saved post_014.png", "data": null, "seq": 9164}
{"ts": "2026-04-28T20:08:40.635822+00:00", "level": "INFO", "jobId": "d99b28cc-f3ef-43b8-8304-96a28392221d", "keyword": "khai trương hoành tráng", "step": "cooldown", "message": "Cooldown 2.5s (after capture)", "data": null, "seq": 9165}
{"ts": "2026-04-28T20:08:43.633102+00:00", "level": "INFO", "jobId": "d99b28cc-f3ef-43b8-8304-96a28392221d", "keyword": "khai trương hoành tráng", "step": "capture", "message": "Capturing 15/70 (viewport)…", "data": null, "seq": 9166}
{"ts": "2026-04-28T20:08:56.230107+00:00", "level": "INFO", "jobId": "d99b28cc-f3ef-43b8-8304-96a28392221d", "keyword": "khai trương hoành tráng", "step": "capture", "message": "Saved post_015.png", "data": null, "seq": 9167}
{"ts": "2026-04-28T20:08:56.230107+00:00", "level": "INFO", "jobId": "d99b28cc-f3ef-43b8-8304-96a28392221d", "keyword": "khai trương hoành tráng", "step": "cooldown", "message": "Cooldown 1.5s (after capture)", "data": null, "seq": 9168}
{"ts": "2026-04-28T20:08:58.235257+00:00", "level": "INFO", "jobId": "d99b28cc-f3ef-43b8-8304-96a28392221d", "keyword": "khai trương hoành tráng", "step": "capture", "message": "Capturing 16/70 (viewport)…", "data": null, "seq": 9169}
{"ts": "2026-04-28T20:08:58.342075+00:00", "level": "INFO", "jobId": "d99b28cc-f3ef-43b8-8304-96a28392221d", "keyword": "khai trương hoành tráng", "step": "capture", "message": "Expanded \"Xem thêm\" (exact-class): +2 (total 2)", "data": null, "seq": 9170}
{"ts": "2026-04-28T20:09:11.270780+00:00", "level": "INFO", "jobId": "d99b28cc-f3ef-43b8-8304-96a28392221d", "keyword": "khai trương hoành tráng", "step": "capture", "message": "Saved post_016.png", "data": null, "seq": 9171}
{"ts": "2026-04-28T20:09:11.271728+00:00", "level": "INFO", "jobId": "d99b28cc-f3ef-43b8-8304-96a28392221d", "keyword": "khai trương hoành tráng", "step": "cooldown", "message": "Cooldown 3.0s (after capture)", "data": null, "seq": 9172}
{"ts": "2026-04-28T20:09:14.809692+00:00", "level": "INFO", "jobId": "d99b28cc-f3ef-43b8-8304-96a28392221d", "keyword": "khai trương hoành tráng", "step": "capture", "message": "Capturing 17/70 (viewport)…", "data": null, "seq": 9173}
{"ts": "2026-04-28T20:09:27.541242+00:00", "level": "INFO", "jobId": "d99b28cc-f3ef-43b8-8304-96a28392221d", "keyword": "khai trương hoành tráng", "step": "capture", "message": "Saved post_017.png", "data": null, "seq": 9174}
{"ts": "2026-04-28T20:09:27.542296+00:00", "level": "INFO", "jobId": "d99b28cc-f3ef-43b8-8304-96a28392221d", "keyword": "khai trương hoành tráng", "step": "cooldown", "message": "Cooldown 1.9s (after capture)", "data": null, "seq": 9175}
{"ts": "2026-04-28T20:09:30.015270+00:00", "level": "INFO", "jobId": "d99b28cc-f3ef-43b8-8304-96a28392221d", "keyword": "khai trương hoành tráng", "step": "capture", "message": "Capturing 18/70 (viewport)…", "data": null, "seq": 9176}
{"ts": "2026-04-28T20:09:30.082869+00:00", "level": "INFO", "jobId": "d99b28cc-f3ef-43b8-8304-96a28392221d", "keyword": "khai trương hoành tráng", "step": "capture", "message": "Expanded \"Xem thêm\" (exact-class): +1 (total 1)", "data": null, "seq": 9177}
{"ts": "2026-04-28T20:09:43.270257+00:00", "level": "INFO", "jobId": "d99b28cc-f3ef-43b8-8304-96a28392221d", "keyword": "khai trương hoành tráng", "step": "capture", "message": "Saved post_018.png", "data": null, "seq": 9178}
{"ts": "2026-04-28T20:09:43.271298+00:00", "level": "INFO", "jobId": "d99b28cc-f3ef-43b8-8304-96a28392221d", "keyword": "khai trương hoành tráng", "step": "cooldown", "message": "Cooldown 2.1s (after capture)", "data": null, "seq": 9179}
{"ts": "2026-04-28T20:09:45.923708+00:00", "level": "INFO", "jobId": "d99b28cc-f3ef-43b8-8304-96a28392221d", "keyword": "khai trương hoành tráng", "step": "capture", "message": "Capturing 19/70 (viewport)…", "data": null, "seq": 9180}
{"ts": "2026-04-28T20:09:58.447496+00:00", "level": "INFO", "jobId": "d99b28cc-f3ef-43b8-8304-96a28392221d", "keyword": "khai trương hoành tráng", "step": "capture", "message": "Saved post_019.png", "data": null, "seq": 9181}
{"ts": "2026-04-28T20:09:58.447496+00:00", "level": "INFO", "jobId": "d99b28cc-f3ef-43b8-8304-96a28392221d", "keyword": "khai trương hoành tráng", "step": "cooldown", "message": "Cooldown 2.2s (after capture)", "data": null, "seq": 9182}
{"ts": "2026-04-28T20:10:01.221693+00:00", "level": "INFO", "jobId": "d99b28cc-f3ef-43b8-8304-96a28392221d", "keyword": "khai trương hoành tráng", "step": "capture", "message": "Capturing 20/70 (viewport)…", "data": null, "seq": 9183}
{"ts": "2026-04-28T20:10:13.777118+00:00", "level": "INFO", "jobId": "d99b28cc-f3ef-43b8-8304-96a28392221d", "keyword": "khai trương hoành tráng", "step": "capture", "message": "Saved post_020.png", "data": null, "seq": 9184}
{"ts": "2026-04-28T20:10:13.777118+00:00", "level": "INFO", "jobId": "d99b28cc-f3ef-43b8-8304-96a28392221d", "keyword": "khai trương hoành tráng", "step": "cooldown", "message": "Cooldown 2.2s (after capture)", "data": null, "seq": 9185}
{"ts": "2026-04-28T20:10:16.627090+00:00", "level": "INFO", "jobId": "d99b28cc-f3ef-43b8-8304-96a28392221d", "keyword": "khai trương hoành tráng", "step": "capture", "message": "Capturing 21/70 (viewport)…", "data": null, "seq": 9186}
{"ts": "2026-04-28T20:10:28.969667+00:00", "level": "INFO", "jobId": "d99b28cc-f3ef-43b8-8304-96a28392221d", "keyword": "khai trương hoành tráng", "step": "capture", "message": "Saved post_021.png", "data": null, "seq": 9187}
{"ts": "2026-04-28T20:10:28.970856+00:00", "level": "INFO", "jobId": "d99b28cc-f3ef-43b8-8304-96a28392221d", "keyword": "khai trương hoành tráng", "step": "cooldown", "message": "Cooldown 2.5s (after capture)", "data": null, "seq": 9188}
{"ts": "2026-04-28T20:10:31.997214+00:00", "level": "INFO", "jobId": "d99b28cc-f3ef-43b8-8304-96a28392221d", "keyword": "khai trương hoành tráng", "step": "capture", "message": "Capturing 22/70 (viewport)…", "data": null, "seq": 9189}
{"ts": "2026-04-28T20:10:44.600191+00:00", "level": "INFO", "jobId": "d99b28cc-f3ef-43b8-8304-96a28392221d", "keyword": "khai trương hoành tráng", "step": "capture", "message": "Saved post_022.png", "data": null, "seq": 9190}
{"ts": "2026-04-28T20:10:44.600191+00:00", "level": "INFO", "jobId": "d99b28cc-f3ef-43b8-8304-96a28392221d", "keyword": "khai trương hoành tráng", "step": "cooldown", "message": "Cooldown 2.8s (after capture)", "data": null, "seq": 9191}
{"ts": "2026-04-28T20:10:48.027720+00:00", "level": "INFO", "jobId": "d99b28cc-f3ef-43b8-8304-96a28392221d", "keyword": "khai trương hoành tráng", "step": "capture", "message": "Capturing 23/70 (viewport)…", "data": null, "seq": 9192}
{"ts": "2026-04-28T20:10:48.149455+00:00", "level": "INFO", "jobId": "d99b28cc-f3ef-43b8-8304-96a28392221d", "keyword": "khai trương hoành tráng", "step": "capture", "message": "Expanded \"Xem thêm\" (exact-class): +1 (total 1)", "data": null, "seq": 9193}
{"ts": "2026-04-28T20:11:01.190029+00:00", "level": "INFO", "jobId": "d99b28cc-f3ef-43b8-8304-96a28392221d", "keyword": "khai trương hoành tráng", "step": "capture", "message": "Saved post_023.png", "data": null, "seq": 9194}
{"ts": "2026-04-28T20:11:01.191343+00:00", "level": "INFO", "jobId": "d99b28cc-f3ef-43b8-8304-96a28392221d", "keyword": "khai trương hoành tráng", "step": "cooldown", "message": "Cooldown 1.6s (after capture)", "data": null, "seq": 9195}
{"ts": "2026-04-28T20:11:03.410147+00:00", "level": "INFO", "jobId": "d99b28cc-f3ef-43b8-8304-96a28392221d", "keyword": "khai trương hoành tráng", "step": "capture", "message": "Capturing 24/70 (viewport)…", "data": null, "seq": 9196}
{"ts": "2026-04-28T20:11:16.142731+00:00", "level": "INFO", "jobId": "d99b28cc-f3ef-43b8-8304-96a28392221d", "keyword": "khai trương hoành tráng", "step": "capture", "message": "Saved post_024.png", "data": null, "seq": 9197}
{"ts": "2026-04-28T20:11:16.142731+00:00", "level": "INFO", "jobId": "d99b28cc-f3ef-43b8-8304-96a28392221d", "keyword": "khai trương hoành tráng", "step": "cooldown", "message": "Cooldown 2.0s (after capture)", "data": null, "seq": 9198}
{"ts": "2026-04-28T20:11:18.759509+00:00", "level": "INFO", "jobId": "d99b28cc-f3ef-43b8-8304-96a28392221d", "keyword": "khai trương hoành tráng", "step": "capture", "message": "Capturing 25/70 (viewport)…", "data": null, "seq": 9199}
{"ts": "2026-04-28T20:11:18.870560+00:00", "level": "INFO", "jobId": "d99b28cc-f3ef-43b8-8304-96a28392221d", "keyword": "khai trương hoành tráng", "step": "capture", "message": "Expanded \"Xem thêm\" (exact-class): +1 (total 1)", "data": null, "seq": 9200}
{"ts": "2026-04-28T20:11:31.976868+00:00", "level": "INFO", "jobId": "d99b28cc-f3ef-43b8-8304-96a28392221d", "keyword": "khai trương hoành tráng", "step": "capture", "message": "Saved post_025.png", "data": null, "seq": 9201}
{"ts": "2026-04-28T20:11:31.976868+00:00", "level": "INFO", "jobId": "d99b28cc-f3ef-43b8-8304-96a28392221d", "keyword": "khai trương hoành tráng", "step": "cooldown", "message": "Cooldown 1.9s (after capture)", "data": null, "seq": 9202}
{"ts": "2026-04-28T20:11:34.499319+00:00", "level": "INFO", "jobId": "d99b28cc-f3ef-43b8-8304-96a28392221d", "keyword": "khai trương hoành tráng", "step": "capture", "message": "Capturing 26/70 (viewport)…", "data": null, "seq": 9203}
{"ts": "2026-04-28T20:11:34.574802+00:00", "level": "INFO", "jobId": "d99b28cc-f3ef-43b8-8304-96a28392221d", "keyword": "khai trương hoành tráng", "step": "capture", "message": "Expanded \"Xem thêm\" (exact-class): +1 (total 1)", "data": null, "seq": 9204}
{"ts": "2026-04-28T20:11:47.344889+00:00", "level": "INFO", "jobId": "d99b28cc-f3ef-43b8-8304-96a28392221d", "keyword": "khai trương hoành tráng", "step": "capture", "message": "Saved post_026.png", "data": null, "seq": 9205}
{"ts": "2026-04-28T20:11:47.345984+00:00", "level": "INFO", "jobId": "d99b28cc-f3ef-43b8-8304-96a28392221d", "keyword": "khai trương hoành tráng", "step": "cooldown", "message": "Cooldown 1.6s (after capture)", "data": null, "seq": 9206}
{"ts": "2026-04-28T20:11:49.540543+00:00", "level": "INFO", "jobId": "d99b28cc-f3ef-43b8-8304-96a28392221d", "keyword": "khai trương hoành tráng", "step": "capture", "message": "Capturing 27/70 (viewport)…", "data": null, "seq": 9207}
{"ts": "2026-04-28T20:11:49.680928+00:00", "level": "INFO", "jobId": "d99b28cc-f3ef-43b8-8304-96a28392221d", "keyword": "khai trương hoành tráng", "step": "capture", "message": "Expanded \"Xem thêm\" (exact-class): +1 (total 1)", "data": null, "seq": 9208}
{"ts": "2026-04-28T20:12:02.684676+00:00", "level": "INFO", "jobId": "d99b28cc-f3ef-43b8-8304-96a28392221d", "keyword": "khai trương hoành tráng", "step": "capture", "message": "Saved post_027.png", "data": null, "seq": 9209}
{"ts": "2026-04-28T20:12:02.685721+00:00", "level": "INFO", "jobId": "d99b28cc-f3ef-43b8-8304-96a28392221d", "keyword": "khai trương hoành tráng", "step": "cooldown", "message": "Cooldown 2.2s (after capture)", "data": null, "seq": 9210}
{"ts": "2026-04-28T20:12:05.468176+00:00", "level": "INFO", "jobId": "d99b28cc-f3ef-43b8-8304-96a28392221d", "keyword": "khai trương hoành tráng", "step": "capture", "message": "Capturing 28/70 (viewport)…", "data": null, "seq": 9211}
{"ts": "2026-04-28T20:12:18.272983+00:00", "level": "INFO", "jobId": "d99b28cc-f3ef-43b8-8304-96a28392221d", "keyword": "khai trương hoành tráng", "step": "capture", "message": "Saved post_028.png", "data": null, "seq": 9212}
{"ts": "2026-04-28T20:12:18.273990+00:00", "level": "INFO", "jobId": "d99b28cc-f3ef-43b8-8304-96a28392221d", "keyword": "khai trương hoành tráng", "step": "cooldown", "message": "Cooldown 1.1s (after capture)", "data": null, "seq": 9213}
{"ts": "2026-04-28T20:12:19.879528+00:00", "level": "INFO", "jobId": "d99b28cc-f3ef-43b8-8304-96a28392221d", "keyword": "khai trương hoành tráng", "step": "capture", "message": "Capturing 29/70 (viewport)…", "data": null, "seq": 9214}
{"ts": "2026-04-28T20:12:20.016431+00:00", "level": "INFO", "jobId": "d99b28cc-f3ef-43b8-8304-96a28392221d", "keyword": "khai trương hoành tráng", "step": "capture", "message": "Expanded \"Xem thêm\" (exact-class): +1 (total 1)", "data": null, "seq": 9215}
{"ts": "2026-04-28T20:12:33.109439+00:00", "level": "INFO", "jobId": "d99b28cc-f3ef-43b8-8304-96a28392221d", "keyword": "khai trương hoành tráng", "step": "capture", "message": "Saved post_029.png", "data": null, "seq": 9216}
{"ts": "2026-04-28T20:12:33.109439+00:00", "level": "INFO", "jobId": "d99b28cc-f3ef-43b8-8304-96a28392221d", "keyword": "khai trương hoành tráng", "step": "cooldown", "message": "Cooldown 2.7s (after capture)", "data": null, "seq": 9217}
{"ts": "2026-04-28T20:12:36.451874+00:00", "level": "INFO", "jobId": "d99b28cc-f3ef-43b8-8304-96a28392221d", "keyword": "khai trương hoành tráng", "step": "capture", "message": "Capturing 30/70 (viewport)…", "data": null, "seq": 9218}
{"ts": "2026-04-28T20:12:36.586690+00:00", "level": "INFO", "jobId": "d99b28cc-f3ef-43b8-8304-96a28392221d", "keyword": "khai trương hoành tráng", "step": "capture", "message": "Expanded \"Xem thêm\" (exact-class): +2 (total 2)", "data": null, "seq": 9219}
{"ts": "2026-04-28T20:12:49.376070+00:00", "level": "INFO", "jobId": "d99b28cc-f3ef-43b8-8304-96a28392221d", "keyword": "khai trương hoành tráng", "step": "capture", "message": "Saved post_030.png", "data": null, "seq": 9220}
{"ts": "2026-04-28T20:12:49.376070+00:00", "level": "INFO", "jobId": "d99b28cc-f3ef-43b8-8304-96a28392221d", "keyword": "khai trương hoành tráng", "step": "cooldown", "message": "Cooldown 2.7s (after capture)", "data": null, "seq": 9221}
{"ts": "2026-04-28T20:12:52.662216+00:00", "level": "INFO", "jobId": "d99b28cc-f3ef-43b8-8304-96a28392221d", "keyword": "khai trương hoành tráng", "step": "capture", "message": "Capturing 31/70 (viewport)…", "data": null, "seq": 9222}
{"ts": "2026-04-28T20:13:05.200270+00:00", "level": "INFO", "jobId": "d99b28cc-f3ef-43b8-8304-96a28392221d", "keyword": "khai trương hoành tráng", "step": "capture", "message": "Saved post_031.png", "data": null, "seq": 9223}
{"ts": "2026-04-28T20:13:05.201273+00:00", "level": "INFO", "jobId": "d99b28cc-f3ef-43b8-8304-96a28392221d", "keyword": "khai trương hoành tráng", "step": "cooldown", "message": "Cooldown 1.7s (after capture)", "data": null, "seq": 9224}
{"ts": "2026-04-28T20:13:07.492371+00:00", "level": "INFO", "jobId": "d99b28cc-f3ef-43b8-8304-96a28392221d", "keyword": "khai trương hoành tráng", "step": "capture", "message": "Capturing 32/70 (viewport)…", "data": null, "seq": 9225}
{"ts": "2026-04-28T20:13:07.591388+00:00", "level": "INFO", "jobId": "d99b28cc-f3ef-43b8-8304-96a28392221d", "keyword": "khai trương hoành tráng", "step": "capture", "message": "Expanded \"Xem thêm\" (exact-class): +1 (total 1)", "data": null, "seq": 9226}
{"ts": "2026-04-28T20:13:20.419333+00:00", "level": "INFO", "jobId": "d99b28cc-f3ef-43b8-8304-96a28392221d", "keyword": "khai trương hoành tráng", "step": "capture", "message": "Saved post_032.png", "data": null, "seq": 9227}
{"ts": "2026-04-28T20:13:20.420420+00:00", "level": "INFO", "jobId": "d99b28cc-f3ef-43b8-8304-96a28392221d", "keyword": "khai trương hoành tráng", "step": "cooldown", "message": "Cooldown 2.6s (after capture)", "data": null, "seq": 9228}
{"ts": "2026-04-28T20:13:23.628734+00:00", "level": "INFO", "jobId": "d99b28cc-f3ef-43b8-8304-96a28392221d", "keyword": "khai trương hoành tráng", "step": "capture", "message": "Capturing 33/70 (viewport)…", "data": null, "seq": 9229}
{"ts": "2026-04-28T20:13:23.709433+00:00", "level": "INFO", "jobId": "d99b28cc-f3ef-43b8-8304-96a28392221d", "keyword": "khai trương hoành tráng", "step": "capture", "message": "Expanded \"Xem thêm\" (exact-class): +1 (total 1)", "data": null, "seq": 9230}
{"ts": "2026-04-28T20:13:36.416261+00:00", "level": "INFO", "jobId": "d99b28cc-f3ef-43b8-8304-96a28392221d", "keyword": "khai trương hoành tráng", "step": "capture", "message": "Saved post_033.png", "data": null, "seq": 9231}
{"ts": "2026-04-28T20:13:36.416261+00:00", "level": "INFO", "jobId": "d99b28cc-f3ef-43b8-8304-96a28392221d", "keyword": "khai trương hoành tráng", "step": "cooldown", "message": "Cooldown 2.8s (after capture)", "data": null, "seq": 9232}
{"ts": "2026-04-28T20:13:39.764850+00:00", "level": "INFO", "jobId": "d99b28cc-f3ef-43b8-8304-96a28392221d", "keyword": "khai trương hoành tráng", "step": "capture", "message": "Capturing 34/70 (viewport)…", "data": null, "seq": 9233}
{"ts": "2026-04-28T20:13:52.158763+00:00", "level": "INFO", "jobId": "d99b28cc-f3ef-43b8-8304-96a28392221d", "keyword": "khai trương hoành tráng", "step": "capture", "message": "Saved post_034.png", "data": null, "seq": 9234}
{"ts": "2026-04-28T20:13:52.159765+00:00", "level": "INFO", "jobId": "d99b28cc-f3ef-43b8-8304-96a28392221d", "keyword": "khai trương hoành tráng", "step": "cooldown", "message": "Cooldown 1.0s (after capture)", "data": null, "seq": 9235}
{"ts": "2026-04-28T20:13:53.726443+00:00", "level": "INFO", "jobId": "d99b28cc-f3ef-43b8-8304-96a28392221d", "keyword": "khai trương hoành tráng", "step": "capture", "message": "Capturing 35/70 (viewport)…", "data": null, "seq": 9236}
{"ts": "2026-04-28T20:14:06.052051+00:00", "level": "INFO", "jobId": "d99b28cc-f3ef-43b8-8304-96a28392221d", "keyword": "khai trương hoành tráng", "step": "capture", "message": "Saved post_035.png", "data": null, "seq": 9237}
{"ts": "2026-04-28T20:14:06.052051+00:00", "level": "INFO", "jobId": "d99b28cc-f3ef-43b8-8304-96a28392221d", "keyword": "khai trương hoành tráng", "step": "cooldown", "message": "Cooldown 1.0s (after capture)", "data": null, "seq": 9238}
{"ts": "2026-04-28T20:14:07.651774+00:00", "level": "INFO", "jobId": "d99b28cc-f3ef-43b8-8304-96a28392221d", "keyword": "khai trương hoành tráng", "step": "capture", "message": "Capturing 36/70 (viewport)…", "data": null, "seq": 9239}
{"ts": "2026-04-28T20:14:20.039031+00:00", "level": "INFO", "jobId": "d99b28cc-f3ef-43b8-8304-96a28392221d", "keyword": "khai trương hoành tráng", "step": "capture", "message": "Saved post_036.png", "data": null, "seq": 9240}
{"ts": "2026-04-28T20:14:20.040304+00:00", "level": "INFO", "jobId": "d99b28cc-f3ef-43b8-8304-96a28392221d", "keyword": "khai trương hoành tráng", "step": "cooldown", "message": "Cooldown 1.6s (after capture)", "data": null, "seq": 9241}
{"ts": "2026-04-28T20:14:22.229498+00:00", "level": "INFO", "jobId": "d99b28cc-f3ef-43b8-8304-96a28392221d", "keyword": "khai trương hoành tráng", "step": "capture", "message": "Capturing 37/70 (viewport)…", "data": null, "seq": 9242}
{"ts": "2026-04-28T20:14:34.670048+00:00", "level": "INFO", "jobId": "d99b28cc-f3ef-43b8-8304-96a28392221d", "keyword": "khai trương hoành tráng", "step": "capture", "message": "Saved post_037.png", "data": null, "seq": 9243}
{"ts": "2026-04-28T20:14:34.670048+00:00", "level": "INFO", "jobId": "d99b28cc-f3ef-43b8-8304-96a28392221d", "keyword": "khai trương hoành tráng", "step": "cooldown", "message": "Cooldown 2.9s (after capture)", "data": null, "seq": 9244}
{"ts": "2026-04-28T20:14:38.108210+00:00", "level": "INFO", "jobId": "d99b28cc-f3ef-43b8-8304-96a28392221d", "keyword": "khai trương hoành tráng", "step": "capture", "message": "Capturing 38/70 (viewport)…", "data": null, "seq": 9245}
{"ts": "2026-04-28T20:14:38.234730+00:00", "level": "INFO", "jobId": "d99b28cc-f3ef-43b8-8304-96a28392221d", "keyword": "khai trương hoành tráng", "step": "capture", "message": "Expanded \"Xem thêm\" (exact-class): +2 (total 2)", "data": null, "seq": 9246}
{"ts": "2026-04-28T20:14:51.012025+00:00", "level": "INFO", "jobId": "d99b28cc-f3ef-43b8-8304-96a28392221d", "keyword": "khai trương hoành tráng", "step": "capture", "message": "Saved post_038.png", "data": null, "seq": 9247}
{"ts": "2026-04-28T20:14:51.012025+00:00", "level": "INFO", "jobId": "d99b28cc-f3ef-43b8-8304-96a28392221d", "keyword": "khai trương hoành tráng", "step": "cooldown", "message": "Cooldown 1.8s (after capture)", "data": null, "seq": 9248}
{"ts": "2026-04-28T20:14:53.401878+00:00", "level": "INFO", "jobId": "d99b28cc-f3ef-43b8-8304-96a28392221d", "keyword": "khai trương hoành tráng", "step": "capture", "message": "Capturing 39/70 (viewport)…", "data": null, "seq": 9249}
{"ts": "2026-04-28T20:15:06.032028+00:00", "level": "INFO", "jobId": "d99b28cc-f3ef-43b8-8304-96a28392221d", "keyword": "khai trương hoành tráng", "step": "capture", "message": "Saved post_039.png", "data": null, "seq": 9250}
{"ts": "2026-04-28T20:15:06.033039+00:00", "level": "INFO", "jobId": "d99b28cc-f3ef-43b8-8304-96a28392221d", "keyword": "khai trương hoành tráng", "step": "cooldown", "message": "Cooldown 1.6s (after capture)", "data": null, "seq": 9251}
{"ts": "2026-04-28T20:15:08.180306+00:00", "level": "INFO", "jobId": "d99b28cc-f3ef-43b8-8304-96a28392221d", "keyword": "khai trương hoành tráng", "step": "capture", "message": "Capturing 40/70 (viewport)…", "data": null, "seq": 9252}
{"ts": "2026-04-28T20:15:08.258987+00:00", "level": "INFO", "jobId": "d99b28cc-f3ef-43b8-8304-96a28392221d", "keyword": "khai trương hoành tráng", "step": "capture", "message": "Expanded \"Xem thêm\" (exact-class): +1 (total 1)", "data": null, "seq": 9253}
{"ts": "2026-04-28T20:15:21.409849+00:00", "level": "INFO", "jobId": "d99b28cc-f3ef-43b8-8304-96a28392221d", "keyword": "khai trương hoành tráng", "step": "capture", "message": "Saved post_040.png", "data": null, "seq": 9254}
{"ts": "2026-04-28T20:15:21.410929+00:00", "level": "INFO", "jobId": "d99b28cc-f3ef-43b8-8304-96a28392221d", "keyword": "khai trương hoành tráng", "step": "cooldown", "message": "Cooldown 2.1s (after capture)", "data": null, "seq": 9255}
{"ts": "2026-04-28T20:15:24.076393+00:00", "level": "INFO", "jobId": "d99b28cc-f3ef-43b8-8304-96a28392221d", "keyword": "khai trương hoành tráng", "step": "capture", "message": "Capturing 41/70 (viewport)…", "data": null, "seq": 9256}
{"ts": "2026-04-28T20:15:24.178560+00:00", "level": "INFO", "jobId": "d99b28cc-f3ef-43b8-8304-96a28392221d", "keyword": "khai trương hoành tráng", "step": "capture", "message": "Expanded \"Xem thêm\" (exact-class): +1 (total 1)", "data": null, "seq": 9257}
{"ts": "2026-04-28T20:15:37.053341+00:00", "level": "INFO", "jobId": "d99b28cc-f3ef-43b8-8304-96a28392221d", "keyword": "khai trương hoành tráng", "step": "capture", "message": "Saved post_041.png", "data": null, "seq": 9258}
{"ts": "2026-04-28T20:15:37.053341+00:00", "level": "INFO", "jobId": "d99b28cc-f3ef-43b8-8304-96a28392221d", "keyword": "khai trương hoành tráng", "step": "cooldown", "message": "Cooldown 1.0s (after capture)", "data": null, "seq": 9259}
{"ts": "2026-04-28T20:15:38.712860+00:00", "level": "INFO", "jobId": "d99b28cc-f3ef-43b8-8304-96a28392221d", "keyword": "khai trương hoành tráng", "step": "capture", "message": "Capturing 42/70 (viewport)…", "data": null, "seq": 9260}
{"ts": "2026-04-28T20:15:38.822242+00:00", "level": "INFO", "jobId": "d99b28cc-f3ef-43b8-8304-96a28392221d", "keyword": "khai trương hoành tráng", "step": "capture", "message": "Expanded \"Xem thêm\" (exact-class): +1 (total 1)", "data": null, "seq": 9261}
{"ts": "2026-04-28T20:15:51.971590+00:00", "level": "INFO", "jobId": "d99b28cc-f3ef-43b8-8304-96a28392221d", "keyword": "khai trương hoành tráng", "step": "capture", "message": "Saved post_042.png", "data": null, "seq": 9262}
{"ts": "2026-04-28T20:15:51.971590+00:00", "level": "INFO", "jobId": "d99b28cc-f3ef-43b8-8304-96a28392221d", "keyword": "khai trương hoành tráng", "step": "cooldown", "message": "Cooldown 1.3s (after capture)", "data": null, "seq": 9263}
{"ts": "2026-04-28T20:15:53.991336+00:00", "level": "INFO", "jobId": "d99b28cc-f3ef-43b8-8304-96a28392221d", "keyword": "khai trương hoành tráng", "step": "capture", "message": "Capturing 43/70 (viewport)…", "data": null, "seq": 9264}
{"ts": "2026-04-28T20:15:54.208516+00:00", "level": "INFO", "jobId": "d99b28cc-f3ef-43b8-8304-96a28392221d", "keyword": "khai trương hoành tráng", "step": "capture", "message": "Expanded \"Xem thêm\" (exact-class): +2 (total 2)", "data": null, "seq": 9265}
{"ts": "2026-04-28T20:16:07.206154+00:00", "level": "INFO", "jobId": "d99b28cc-f3ef-43b8-8304-96a28392221d", "keyword": "khai trương hoành tráng", "step": "capture", "message": "Saved post_043.png", "data": null, "seq": 9266}
{"ts": "2026-04-28T20:16:07.206154+00:00", "level": "INFO", "jobId": "d99b28cc-f3ef-43b8-8304-96a28392221d", "keyword": "khai trương hoành tráng", "step": "cooldown", "message": "Cooldown 1.1s (after capture)", "data": null, "seq": 9267}
{"ts": "2026-04-28T20:16:08.942939+00:00", "level": "INFO", "jobId": "d99b28cc-f3ef-43b8-8304-96a28392221d", "keyword": "khai trương hoành tráng", "step": "capture", "message": "Capturing 44/70 (viewport)…", "data": null, "seq": 9268}
{"ts": "2026-04-28T20:16:21.515372+00:00", "level": "INFO", "jobId": "d99b28cc-f3ef-43b8-8304-96a28392221d", "keyword": "khai trương hoành tráng", "step": "capture", "message": "Saved post_044.png", "data": null, "seq": 9269}
{"ts": "2026-04-28T20:16:21.515372+00:00", "level": "INFO", "jobId": "d99b28cc-f3ef-43b8-8304-96a28392221d", "keyword": "khai trương hoành tráng", "step": "cooldown", "message": "Cooldown 1.9s (after capture)", "data": null, "seq": 9270}
{"ts": "2026-04-28T20:16:34.286153+00:00", "level": "INFO", "jobId": "d99b28cc-f3ef-43b8-8304-96a28392221d", "keyword": "khai trương hoành tráng", "step": "capture", "message": "Scroll did not move. diag={'y': 63610, 'docTop': 63610, 'docH': 65413, 'primaryTop': 0, 'primaryCH': 0, 'primarySH': 0, 'innerScrollables': 0, 'htmlOverflow': 'scroll', 'bodyOverflow': 'auto', 'articles': 0}", "data": null, "seq": 9271}
{"ts": "2026-04-28T20:16:34.318040+00:00", "level": "INFO", "jobId": "d99b28cc-f3ef-43b8-8304-96a28392221d", "keyword": "khai trương hoành tráng", "step": "capture", "message": "Capturing 45/70 (viewport)…", "data": null, "seq": 9272}
{"ts": "2026-04-28T20:16:46.836948+00:00", "level": "INFO", "jobId": "d99b28cc-f3ef-43b8-8304-96a28392221d", "keyword": "khai trương hoành tráng", "step": "capture", "message": "At bottom; waiting for more results… (stall 1)", "data": null, "seq": 9273}
{"ts": "2026-04-28T20:17:01.576578+00:00", "level": "INFO", "jobId": "d99b28cc-f3ef-43b8-8304-96a28392221d", "keyword": "khai trương hoành tráng", "step": "capture", "message": "Capturing 45/70 (viewport)…", "data": null, "seq": 9274}
{"ts": "2026-04-28T20:17:14.208698+00:00", "level": "INFO", "jobId": "d99b28cc-f3ef-43b8-8304-96a28392221d", "keyword": "khai trương hoành tráng", "step": "capture", "message": "At bottom; waiting for more results… (stall 2)", "data": null, "seq": 9275}
{"ts": "2026-04-28T20:17:28.995273+00:00", "level": "INFO", "jobId": "d99b28cc-f3ef-43b8-8304-96a28392221d", "keyword": "khai trương hoành tráng", "step": "capture", "message": "Capturing 45/70 (viewport)…", "data": null, "seq": 9276}
{"ts": "2026-04-28T20:17:41.712668+00:00", "level": "INFO", "jobId": "d99b28cc-f3ef-43b8-8304-96a28392221d", "keyword": "khai trương hoành tráng", "step": "capture", "message": "At bottom; waiting for more results… (stall 3)", "data": null, "seq": 9277}
{"ts": "2026-04-28T20:17:56.595411+00:00", "level": "INFO", "jobId": "d99b28cc-f3ef-43b8-8304-96a28392221d", "keyword": "khai trương hoành tráng", "step": "capture", "message": "Capturing 45/70 (viewport)…", "data": null, "seq": 9278}
{"ts": "2026-04-28T20:18:09.187694+00:00", "level": "INFO", "jobId": "d99b28cc-f3ef-43b8-8304-96a28392221d", "keyword": "khai trương hoành tráng", "step": "capture", "message": "At bottom; waiting for more results… (stall 4)", "data": null, "seq": 9279}
{"ts": "2026-04-28T20:18:23.978498+00:00", "level": "INFO", "jobId": "d99b28cc-f3ef-43b8-8304-96a28392221d", "keyword": "khai trương hoành tráng", "step": "capture", "message": "No progress for too long. Reloading to recover…", "data": null, "seq": 9280}
{"ts": "2026-04-28T20:18:25.926252+00:00", "level": "INFO", "jobId": "d99b28cc-f3ef-43b8-8304-96a28392221d", "keyword": "khai trương hoành tráng", "step": "capture", "message": "Capturing 45/70 (viewport)…", "data": null, "seq": 9281}
{"ts": "2026-04-28T20:18:38.712460+00:00", "level": "INFO", "jobId": "d99b28cc-f3ef-43b8-8304-96a28392221d", "keyword": "khai trương hoành tráng", "step": "capture", "message": "Saved post_045.png", "data": null, "seq": 9282}
{"ts": "2026-04-28T20:18:38.712460+00:00", "level": "INFO", "jobId": "d99b28cc-f3ef-43b8-8304-96a28392221d", "keyword": "khai trương hoành tráng", "step": "cooldown", "message": "Cooldown 2.5s (after capture)", "data": null, "seq": 9283}
{"ts": "2026-04-28T20:18:41.721938+00:00", "level": "INFO", "jobId": "d99b28cc-f3ef-43b8-8304-96a28392221d", "keyword": "khai trương hoành tráng", "step": "capture", "message": "Capturing 46/70 (viewport)…", "data": null, "seq": 9284}
{"ts": "2026-04-28T20:18:41.818812+00:00", "level": "INFO", "jobId": "d99b28cc-f3ef-43b8-8304-96a28392221d", "keyword": "khai trương hoành tráng", "step": "capture", "message": "Expanded \"Xem thêm\" (exact-class): +3 (total 3)", "data": null, "seq": 9285}
{"ts": "2026-04-28T20:18:54.549635+00:00", "level": "INFO", "jobId": "d99b28cc-f3ef-43b8-8304-96a28392221d", "keyword": "khai trương hoành tráng", "step": "capture", "message": "Saved post_046.png", "data": null, "seq": 9286}
{"ts": "2026-04-28T20:18:54.550638+00:00", "level": "INFO", "jobId": "d99b28cc-f3ef-43b8-8304-96a28392221d", "keyword": "khai trương hoành tráng", "step": "cooldown", "message": "Cooldown 2.9s (after capture)", "data": null, "seq": 9287}
{"ts": "2026-04-28T20:18:58.026211+00:00", "level": "INFO", "jobId": "d99b28cc-f3ef-43b8-8304-96a28392221d", "keyword": "khai trương hoành tráng", "step": "capture", "message": "Capturing 47/70 (viewport)…", "data": null, "seq": 9288}
{"ts": "2026-04-28T20:19:10.474331+00:00", "level": "INFO", "jobId": "d99b28cc-f3ef-43b8-8304-96a28392221d", "keyword": "khai trương hoành tráng", "step": "capture", "message": "Saved post_047.png", "data": null, "seq": 9289}
{"ts": "2026-04-28T20:19:10.477385+00:00", "level": "INFO", "jobId": "d99b28cc-f3ef-43b8-8304-96a28392221d", "keyword": "khai trương hoành tráng", "step": "cooldown", "message": "Cooldown 2.4s (after capture)", "data": null, "seq": 9290}
{"ts": "2026-04-28T20:19:13.443012+00:00", "level": "INFO", "jobId": "d99b28cc-f3ef-43b8-8304-96a28392221d", "keyword": "khai trương hoành tráng", "step": "capture", "message": "Capturing 48/70 (viewport)…", "data": null, "seq": 9291}
{"ts": "2026-04-28T20:19:26.045416+00:00", "level": "INFO", "jobId": "d99b28cc-f3ef-43b8-8304-96a28392221d", "keyword": "khai trương hoành tráng", "step": "capture", "message": "Saved post_048.png", "data": null, "seq": 9292}
{"ts": "2026-04-28T20:19:26.046690+00:00", "level": "INFO", "jobId": "d99b28cc-f3ef-43b8-8304-96a28392221d", "keyword": "khai trương hoành tráng", "step": "cooldown", "message": "Cooldown 2.1s (after capture)", "data": null, "seq": 9293}
{"ts": "2026-04-28T20:19:28.678904+00:00", "level": "INFO", "jobId": "d99b28cc-f3ef-43b8-8304-96a28392221d", "keyword": "khai trương hoành tráng", "step": "capture", "message": "Capturing 49/70 (viewport)…", "data": null, "seq": 9294}
{"ts": "2026-04-28T20:19:28.817908+00:00", "level": "INFO", "jobId": "d99b28cc-f3ef-43b8-8304-96a28392221d", "keyword": "khai trương hoành tráng", "step": "capture", "message": "Expanded \"Xem thêm\" (exact-class): +2 (total 2)", "data": null, "seq": 9295}
{"ts": "2026-04-28T20:19:41.837230+00:00", "level": "INFO", "jobId": "d99b28cc-f3ef-43b8-8304-96a28392221d", "keyword": "khai trương hoành tráng", "step": "capture", "message": "Saved post_049.png", "data": null, "seq": 9296}
{"ts": "2026-04-28T20:19:41.837230+00:00", "level": "INFO", "jobId": "d99b28cc-f3ef-43b8-8304-96a28392221d", "keyword": "khai trương hoành tráng", "step": "cooldown", "message": "Cooldown 1.5s (after capture)", "data": null, "seq": 9297}
{"ts": "2026-04-28T20:19:43.912086+00:00", "level": "INFO", "jobId": "d99b28cc-f3ef-43b8-8304-96a28392221d", "keyword": "khai trương hoành tráng", "step": "capture", "message": "Capturing 50/70 (viewport)…", "data": null, "seq": 9298}
{"ts": "2026-04-28T20:19:56.555511+00:00", "level": "INFO", "jobId": "d99b28cc-f3ef-43b8-8304-96a28392221d", "keyword": "khai trương hoành tráng", "step": "capture", "message": "Saved post_050.png", "data": null, "seq": 9299}
{"ts": "2026-04-28T20:19:56.555511+00:00", "level": "INFO", "jobId": "d99b28cc-f3ef-43b8-8304-96a28392221d", "keyword": "khai trương hoành tráng", "step": "cooldown", "message": "Cooldown 2.2s (after capture)", "data": null, "seq": 9300}
{"ts": "2026-04-28T20:19:59.352559+00:00", "level": "INFO", "jobId": "d99b28cc-f3ef-43b8-8304-96a28392221d", "keyword": "khai trương hoành tráng", "step": "capture", "message": "Capturing 51/70 (viewport)…", "data": null, "seq": 9301}
{"ts": "2026-04-28T20:19:59.463737+00:00", "level": "INFO", "jobId": "d99b28cc-f3ef-43b8-8304-96a28392221d", "keyword": "khai trương hoành tráng", "step": "capture", "message": "Expanded \"Xem thêm\" (exact-class): +2 (total 2)", "data": null, "seq": 9302}
{"ts": "2026-04-28T20:20:12.306507+00:00", "level": "INFO", "jobId": "d99b28cc-f3ef-43b8-8304-96a28392221d", "keyword": "khai trương hoành tráng", "step": "capture", "message": "Saved post_051.png", "data": null, "seq": 9303}
{"ts": "2026-04-28T20:20:12.308514+00:00", "level": "INFO", "jobId": "d99b28cc-f3ef-43b8-8304-96a28392221d", "keyword": "khai trương hoành tráng", "step": "cooldown", "message": "Cooldown 3.0s (after capture)", "data": null, "seq": 9304}
{"ts": "2026-04-28T20:20:15.804595+00:00", "level": "INFO", "jobId": "d99b28cc-f3ef-43b8-8304-96a28392221d", "keyword": "khai trương hoành tráng", "step": "capture", "message": "Capturing 52/70 (viewport)…", "data": null, "seq": 9305}
{"ts": "2026-04-28T20:20:15.881845+00:00", "level": "INFO", "jobId": "d99b28cc-f3ef-43b8-8304-96a28392221d", "keyword": "khai trương hoành tráng", "step": "capture", "message": "Expanded \"Xem thêm\" (exact-class): +1 (total 1)", "data": null, "seq": 9306}
{"ts": "2026-04-28T20:20:28.813868+00:00", "level": "INFO", "jobId": "d99b28cc-f3ef-43b8-8304-96a28392221d", "keyword": "khai trương hoành tráng", "step": "capture", "message": "Saved post_052.png", "data": null, "seq": 9307}
{"ts": "2026-04-28T20:20:28.814979+00:00", "level": "INFO", "jobId": "d99b28cc-f3ef-43b8-8304-96a28392221d", "keyword": "khai trương hoành tráng", "step": "cooldown", "message": "Cooldown 2.0s (after capture)", "data": null, "seq": 9308}
{"ts": "2026-04-28T20:20:31.302191+00:00", "level": "INFO", "jobId": "d99b28cc-f3ef-43b8-8304-96a28392221d", "keyword": "khai trương hoành tráng", "step": "capture", "message": "Capturing 53/70 (viewport)…", "data": null, "seq": 9309}
{"ts": "2026-04-28T20:20:31.380765+00:00", "level": "INFO", "jobId": "d99b28cc-f3ef-43b8-8304-96a28392221d", "keyword": "khai trương hoành tráng", "step": "capture", "message": "Expanded \"Xem thêm\" (exact-class): +1 (total 1)", "data": null, "seq": 9310}
{"ts": "2026-04-28T20:20:44.318340+00:00", "level": "INFO", "jobId": "d99b28cc-f3ef-43b8-8304-96a28392221d", "keyword": "khai trương hoành tráng", "step": "capture", "message": "Saved post_053.png", "data": null, "seq": 9311}
{"ts": "2026-04-28T20:20:44.318340+00:00", "level": "INFO", "jobId": "d99b28cc-f3ef-43b8-8304-96a28392221d", "keyword": "khai trương hoành tráng", "step": "cooldown", "message": "Cooldown 2.4s (after capture)", "data": null, "seq": 9312}
{"ts": "2026-04-28T20:20:47.269674+00:00", "level": "INFO", "jobId": "d99b28cc-f3ef-43b8-8304-96a28392221d", "keyword": "khai trương hoành tráng", "step": "capture", "message": "Capturing 54/70 (viewport)…", "data": null, "seq": 9313}
{"ts": "2026-04-28T20:20:47.350279+00:00", "level": "INFO", "jobId": "d99b28cc-f3ef-43b8-8304-96a28392221d", "keyword": "khai trương hoành tráng", "step": "capture", "message": "Expanded \"Xem thêm\" (exact-class): +1 (total 1)", "data": null, "seq": 9314}
{"ts": "2026-04-28T20:21:00.129859+00:00", "level": "INFO", "jobId": "d99b28cc-f3ef-43b8-8304-96a28392221d", "keyword": "khai trương hoành tráng", "step": "capture", "message": "Saved post_054.png", "data": null, "seq": 9315}
{"ts": "2026-04-28T20:21:00.129859+00:00", "level": "INFO", "jobId": "d99b28cc-f3ef-43b8-8304-96a28392221d", "keyword": "khai trương hoành tráng", "step": "cooldown", "message": "Cooldown 1.3s (after capture)", "data": null, "seq": 9316}
{"ts": "2026-04-28T20:21:01.988503+00:00", "level": "INFO", "jobId": "d99b28cc-f3ef-43b8-8304-96a28392221d", "keyword": "khai trương hoành tráng", "step": "capture", "message": "Capturing 55/70 (viewport)…", "data": null, "seq": 9317}
{"ts": "2026-04-28T20:21:02.056245+00:00", "level": "INFO", "jobId": "d99b28cc-f3ef-43b8-8304-96a28392221d", "keyword": "khai trương hoành tráng", "step": "capture", "message": "Expanded \"Xem thêm\" (exact-class): +1 (total 1)", "data": null, "seq": 9318}
{"ts": "2026-04-28T20:21:14.877046+00:00", "level": "INFO", "jobId": "d99b28cc-f3ef-43b8-8304-96a28392221d", "keyword": "khai trương hoành tráng", "step": "capture", "message": "Saved post_055.png", "data": null, "seq": 9319}
{"ts": "2026-04-28T20:21:14.878404+00:00", "level": "INFO", "jobId": "d99b28cc-f3ef-43b8-8304-96a28392221d", "keyword": "khai trương hoành tráng", "step": "cooldown", "message": "Cooldown 2.4s (after capture)", "data": null, "seq": 9320}
{"ts": "2026-04-28T20:21:17.848768+00:00", "level": "INFO", "jobId": "d99b28cc-f3ef-43b8-8304-96a28392221d", "keyword": "khai trương hoành tráng", "step": "capture", "message": "Capturing 56/70 (viewport)…", "data": null, "seq": 9321}
{"ts": "2026-04-28T20:21:30.326148+00:00", "level": "INFO", "jobId": "d99b28cc-f3ef-43b8-8304-96a28392221d", "keyword": "khai trương hoành tráng", "step": "capture", "message": "Saved post_056.png", "data": null, "seq": 9322}
{"ts": "2026-04-28T20:21:30.326148+00:00", "level": "INFO", "jobId": "d99b28cc-f3ef-43b8-8304-96a28392221d", "keyword": "khai trương hoành tráng", "step": "cooldown", "message": "Cooldown 2.6s (after capture)", "data": null, "seq": 9323}
{"ts": "2026-04-28T20:21:33.470444+00:00", "level": "INFO", "jobId": "d99b28cc-f3ef-43b8-8304-96a28392221d", "keyword": "khai trương hoành tráng", "step": "capture", "message": "Capturing 57/70 (viewport)…", "data": null, "seq": 9324}
{"ts": "2026-04-28T20:21:45.990913+00:00", "level": "INFO", "jobId": "d99b28cc-f3ef-43b8-8304-96a28392221d", "keyword": "khai trương hoành tráng", "step": "capture", "message": "Saved post_057.png", "data": null, "seq": 9325}
{"ts": "2026-04-28T20:21:45.990913+00:00", "level": "INFO", "jobId": "d99b28cc-f3ef-43b8-8304-96a28392221d", "keyword": "khai trương hoành tráng", "step": "cooldown", "message": "Cooldown 3.0s (after capture)", "data": null, "seq": 9326}
{"ts": "2026-04-28T20:21:49.554394+00:00", "level": "INFO", "jobId": "d99b28cc-f3ef-43b8-8304-96a28392221d", "keyword": "khai trương hoành tráng", "step": "capture", "message": "Capturing 58/70 (viewport)…", "data": null, "seq": 9327}
{"ts": "2026-04-28T20:22:02.133652+00:00", "level": "INFO", "jobId": "d99b28cc-f3ef-43b8-8304-96a28392221d", "keyword": "khai trương hoành tráng", "step": "capture", "message": "Saved post_058.png", "data": null, "seq": 9328}
{"ts": "2026-04-28T20:22:02.134564+00:00", "level": "INFO", "jobId": "d99b28cc-f3ef-43b8-8304-96a28392221d", "keyword": "khai trương hoành tráng", "step": "cooldown", "message": "Cooldown 2.8s (after capture)", "data": null, "seq": 9329}
{"ts": "2026-04-28T20:22:05.495450+00:00", "level": "INFO", "jobId": "d99b28cc-f3ef-43b8-8304-96a28392221d", "keyword": "khai trương hoành tráng", "step": "capture", "message": "Capturing 59/70 (viewport)…", "data": null, "seq": 9330}
{"ts": "2026-04-28T20:22:18.076909+00:00", "level": "INFO", "jobId": "d99b28cc-f3ef-43b8-8304-96a28392221d", "keyword": "khai trương hoành tráng", "step": "capture", "message": "Saved post_059.png", "data": null, "seq": 9331}
{"ts": "2026-04-28T20:22:18.077917+00:00", "level": "INFO", "jobId": "d99b28cc-f3ef-43b8-8304-96a28392221d", "keyword": "khai trương hoành tráng", "step": "cooldown", "message": "Cooldown 2.1s (after capture)", "data": null, "seq": 9332}
{"ts": "2026-04-28T20:22:20.738856+00:00", "level": "INFO", "jobId": "d99b28cc-f3ef-43b8-8304-96a28392221d", "keyword": "khai trương hoành tráng", "step": "capture", "message": "Capturing 60/70 (viewport)…", "data": null, "seq": 9333}
{"ts": "2026-04-28T20:22:33.316857+00:00", "level": "INFO", "jobId": "d99b28cc-f3ef-43b8-8304-96a28392221d", "keyword": "khai trương hoành tráng", "step": "capture", "message": "Saved post_060.png", "data": null, "seq": 9334}
{"ts": "2026-04-28T20:22:33.317910+00:00", "level": "INFO", "jobId": "d99b28cc-f3ef-43b8-8304-96a28392221d", "keyword": "khai trương hoành tráng", "step": "cooldown", "message": "Cooldown 2.2s (after capture)", "data": null, "seq": 9335}
{"ts": "2026-04-28T20:22:36.049603+00:00", "level": "INFO", "jobId": "d99b28cc-f3ef-43b8-8304-96a28392221d", "keyword": "khai trương hoành tráng", "step": "capture", "message": "Capturing 61/70 (viewport)…", "data": null, "seq": 9336}
{"ts": "2026-04-28T20:22:36.099407+00:00", "level": "INFO", "jobId": "d99b28cc-f3ef-43b8-8304-96a28392221d", "keyword": "khai trương hoành tráng", "step": "capture", "message": "Expanded \"Xem thêm\" (exact-class): +1 (total 1)", "data": null, "seq": 9337}
{"ts": "2026-04-28T20:22:49.019506+00:00", "level": "INFO", "jobId": "d99b28cc-f3ef-43b8-8304-96a28392221d", "keyword": "khai trương hoành tráng", "step": "capture", "message": "Saved post_061.png", "data": null, "seq": 9338}
{"ts": "2026-04-28T20:22:49.019506+00:00", "level": "INFO", "jobId": "d99b28cc-f3ef-43b8-8304-96a28392221d", "keyword": "khai trương hoành tráng", "step": "cooldown", "message": "Cooldown 1.5s (after capture)", "data": null, "seq": 9339}
{"ts": "2026-04-28T20:22:51.125279+00:00", "level": "INFO", "jobId": "d99b28cc-f3ef-43b8-8304-96a28392221d", "keyword": "khai trương hoành tráng", "step": "capture", "message": "Capturing 62/70 (viewport)…", "data": null, "seq": 9340}
{"ts": "2026-04-28T20:22:51.240485+00:00", "level": "INFO", "jobId": "d99b28cc-f3ef-43b8-8304-96a28392221d", "keyword": "khai trương hoành tráng", "step": "capture", "message": "Expanded \"Xem thêm\" (exact-class): +1 (total 1)", "data": null, "seq": 9341}
{"ts": "2026-04-28T20:23:04.247634+00:00", "level": "INFO", "jobId": "d99b28cc-f3ef-43b8-8304-96a28392221d", "keyword": "khai trương hoành tráng", "step": "capture", "message": "Saved post_062.png", "data": null, "seq": 9342}
{"ts": "2026-04-28T20:23:04.248701+00:00", "level": "INFO", "jobId": "d99b28cc-f3ef-43b8-8304-96a28392221d", "keyword": "khai trương hoành tráng", "step": "cooldown", "message": "Cooldown 1.8s (after capture)", "data": null, "seq": 9343}
{"ts": "2026-04-28T20:23:06.547072+00:00", "level": "INFO", "jobId": "d99b28cc-f3ef-43b8-8304-96a28392221d", "keyword": "khai trương hoành tráng", "step": "capture", "message": "Capturing 63/70 (viewport)…", "data": null, "seq": 9344}
{"ts": "2026-04-28T20:23:06.698057+00:00", "level": "INFO", "jobId": "d99b28cc-f3ef-43b8-8304-96a28392221d", "keyword": "khai trương hoành tráng", "step": "capture", "message": "Expanded \"Xem thêm\" (exact-class): +1 (total 1)", "data": null, "seq": 9345}
{"ts": "2026-04-28T20:23:19.833020+00:00", "level": "INFO", "jobId": "d99b28cc-f3ef-43b8-8304-96a28392221d", "keyword": "khai trương hoành tráng", "step": "capture", "message": "Saved post_063.png", "data": null, "seq": 9346}
{"ts": "2026-04-28T20:23:19.833020+00:00", "level": "INFO", "jobId": "d99b28cc-f3ef-43b8-8304-96a28392221d", "keyword": "khai trương hoành tráng", "step": "cooldown", "message": "Cooldown 2.3s (after capture)", "data": null, "seq": 9347}
{"ts": "2026-04-28T20:23:22.786462+00:00", "level": "INFO", "jobId": "d99b28cc-f3ef-43b8-8304-96a28392221d", "keyword": "khai trương hoành tráng", "step": "capture", "message": "Capturing 64/70 (viewport)…", "data": null, "seq": 9348}
{"ts": "2026-04-28T20:23:22.886324+00:00", "level": "INFO", "jobId": "d99b28cc-f3ef-43b8-8304-96a28392221d", "keyword": "khai trương hoành tráng", "step": "capture", "message": "Expanded \"Xem thêm\" (exact-class): +1 (total 1)", "data": null, "seq": 9349}
{"ts": "2026-04-28T20:23:35.899433+00:00", "level": "INFO", "jobId": "d99b28cc-f3ef-43b8-8304-96a28392221d", "keyword": "khai trương hoành tráng", "step": "capture", "message": "Saved post_064.png", "data": null, "seq": 9350}
{"ts": "2026-04-28T20:23:35.899433+00:00", "level": "INFO", "jobId": "d99b28cc-f3ef-43b8-8304-96a28392221d", "keyword": "khai trương hoành tráng", "step": "cooldown", "message": "Cooldown 1.6s (after capture)", "data": null, "seq": 9351}
{"ts": "2026-04-28T20:23:38.116243+00:00", "level": "INFO", "jobId": "d99b28cc-f3ef-43b8-8304-96a28392221d", "keyword": "khai trương hoành tráng", "step": "capture", "message": "Capturing 65/70 (viewport)…", "data": null, "seq": 9352}
{"ts": "2026-04-28T20:23:50.826960+00:00", "level": "INFO", "jobId": "d99b28cc-f3ef-43b8-8304-96a28392221d", "keyword": "khai trương hoành tráng", "step": "capture", "message": "Saved post_065.png", "data": null, "seq": 9353}
{"ts": "2026-04-28T20:23:50.826960+00:00", "level": "INFO", "jobId": "d99b28cc-f3ef-43b8-8304-96a28392221d", "keyword": "khai trương hoành tráng", "step": "cooldown", "message": "Cooldown 2.1s (after capture)", "data": null, "seq": 9354}
{"ts": "2026-04-28T20:23:53.488936+00:00", "level": "INFO", "jobId": "d99b28cc-f3ef-43b8-8304-96a28392221d", "keyword": "khai trương hoành tráng", "step": "capture", "message": "Capturing 66/70 (viewport)…", "data": null, "seq": 9355}
{"ts": "2026-04-28T20:23:53.607567+00:00", "level": "INFO", "jobId": "d99b28cc-f3ef-43b8-8304-96a28392221d", "keyword": "khai trương hoành tráng", "step": "capture", "message": "Expanded \"Xem thêm\" (exact-class): +1 (total 1)", "data": null, "seq": 9356}
{"ts": "2026-04-28T20:24:06.687401+00:00", "level": "INFO", "jobId": "d99b28cc-f3ef-43b8-8304-96a28392221d", "keyword": "khai trương hoành tráng", "step": "capture", "message": "Saved post_066.png", "data": null, "seq": 9357}
{"ts": "2026-04-28T20:24:06.687401+00:00", "level": "INFO", "jobId": "d99b28cc-f3ef-43b8-8304-96a28392221d", "keyword": "khai trương hoành tráng", "step": "cooldown", "message": "Cooldown 1.3s (after capture)", "data": null, "seq": 9358}
{"ts": "2026-04-28T20:24:08.515840+00:00", "level": "INFO", "jobId": "d99b28cc-f3ef-43b8-8304-96a28392221d", "keyword": "khai trương hoành tráng", "step": "capture", "message": "Capturing 67/70 (viewport)…", "data": null, "seq": 9359}
{"ts": "2026-04-28T20:24:08.570715+00:00", "level": "INFO", "jobId": "d99b28cc-f3ef-43b8-8304-96a28392221d", "keyword": "khai trương hoành tráng", "step": "capture", "message": "Expanded \"Xem thêm\" (exact-class): +1 (total 1)", "data": null, "seq": 9360}
{"ts": "2026-04-28T20:24:21.710135+00:00", "level": "INFO", "jobId": "d99b28cc-f3ef-43b8-8304-96a28392221d", "keyword": "khai trương hoành tráng", "step": "capture", "message": "Saved post_067.png", "data": null, "seq": 9361}
{"ts": "2026-04-28T20:24:21.710135+00:00", "level": "INFO", "jobId": "d99b28cc-f3ef-43b8-8304-96a28392221d", "keyword": "khai trương hoành tráng", "step": "cooldown", "message": "Cooldown 2.7s (after capture)", "data": null, "seq": 9362}
{"ts": "2026-04-28T20:24:24.990444+00:00", "level": "INFO", "jobId": "d99b28cc-f3ef-43b8-8304-96a28392221d", "keyword": "khai trương hoành tráng", "step": "capture", "message": "Capturing 68/70 (viewport)…", "data": null, "seq": 9363}
{"ts": "2026-04-28T20:24:25.114289+00:00", "level": "INFO", "jobId": "d99b28cc-f3ef-43b8-8304-96a28392221d", "keyword": "khai trương hoành tráng", "step": "capture", "message": "Expanded \"Xem thêm\" (exact-class): +2 (total 2)", "data": null, "seq": 9364}
{"ts": "2026-04-28T20:24:37.870870+00:00", "level": "INFO", "jobId": "d99b28cc-f3ef-43b8-8304-96a28392221d", "keyword": "khai trương hoành tráng", "step": "capture", "message": "Saved post_068.png", "data": null, "seq": 9365}
{"ts": "2026-04-28T20:24:37.870870+00:00", "level": "INFO", "jobId": "d99b28cc-f3ef-43b8-8304-96a28392221d", "keyword": "khai trương hoành tráng", "step": "cooldown", "message": "Cooldown 1.7s (after capture)", "data": null, "seq": 9366}
{"ts": "2026-04-28T20:24:40.162301+00:00", "level": "INFO", "jobId": "d99b28cc-f3ef-43b8-8304-96a28392221d", "keyword": "khai trương hoành tráng", "step": "capture", "message": "Capturing 69/70 (viewport)…", "data": null, "seq": 9367}
{"ts": "2026-04-28T20:24:52.522793+00:00", "level": "INFO", "jobId": "d99b28cc-f3ef-43b8-8304-96a28392221d", "keyword": "khai trương hoành tráng", "step": "capture", "message": "Saved post_069.png", "data": null, "seq": 9368}
{"ts": "2026-04-28T20:24:52.522793+00:00", "level": "INFO", "jobId": "d99b28cc-f3ef-43b8-8304-96a28392221d", "keyword": "khai trương hoành tráng", "step": "cooldown", "message": "Cooldown 1.1s (after capture)", "data": null, "seq": 9369}
{"ts": "2026-04-28T20:24:54.164458+00:00", "level": "INFO", "jobId": "d99b28cc-f3ef-43b8-8304-96a28392221d", "keyword": "khai trương hoành tráng", "step": "capture", "message": "Capturing 70/70 (viewport)…", "data": null, "seq": 9370}
{"ts": "2026-04-28T20:24:54.241227+00:00", "level": "INFO", "jobId": "d99b28cc-f3ef-43b8-8304-96a28392221d", "keyword": "khai trương hoành tráng", "step": "capture", "message": "Expanded \"Xem thêm\" (exact-class): +1 (total 1)", "data": null, "seq": 9371}
{"ts": "2026-04-28T20:25:07.059732+00:00", "level": "INFO", "jobId": "d99b28cc-f3ef-43b8-8304-96a28392221d", "keyword": "khai trương hoành tráng", "step": "capture", "message": "Saved post_070.png", "data": null, "seq": 9372}
{"ts": "2026-04-28T20:25:07.060906+00:00", "level": "INFO", "jobId": "d99b28cc-f3ef-43b8-8304-96a28392221d", "keyword": "khai trương hoành tráng", "step": "cooldown", "message": "Cooldown 1.5s (after capture)", "data": null, "seq": 9373}
{"ts": "2026-04-28T20:25:08.603753+00:00", "level": "INFO", "jobId": "d99b28cc-f3ef-43b8-8304-96a28392221d", "keyword": "khai trương hoành tráng", "step": "done", "message": "Completed. Saved=70", "data": null, "seq": 9374}
