{"ts": "2026-04-28T21:10:34.023244+00:00", "level": "INFO", "jobId": "ee625b85-fa35-4a23-98c2-d4b54a734897", "keyword": "đồng loạt khai trương", "step": "start", "message": "Job started (attempt 1/2)", "data": null, "seq": 10004}
{"ts": "2026-04-28T21:10:36.735028+00:00", "level": "INFO", "jobId": "ee625b85-fa35-4a23-98c2-d4b54a734897", "keyword": "đồng loạt khai trương", "step": "login", "message": "Already logged in (profile session).", "data": null, "seq": 10005}
{"ts": "2026-04-28T21:10:36.939879+00:00", "level": "INFO", "jobId": "ee625b85-fa35-4a23-98c2-d4b54a734897", "keyword": "đồng loạt khai trương", "step": "search", "message": "Searching keyword: \"đồng loạt khai trương\"", "data": null, "seq": 10006}
{"ts": "2026-04-28T21:10:39.114675+00:00", "level": "INFO", "jobId": "ee625b85-fa35-4a23-98c2-d4b54a734897", "keyword": "đồng loạt khai trương", "step": "capture", "message": "Start capturing up to 70 posts.", "data": null, "seq": 10007}
{"ts": "2026-04-28T21:10:39.114675+00:00", "level": "INFO", "jobId": "ee625b85-fa35-4a23-98c2-d4b54a734897", "keyword": "đồng loạt khai trương", "step": "capture", "message": "Output folder: Lan 1 - 0410", "data": null, "seq": 10008}
{"ts": "2026-04-28T21:10:39.653498+00:00", "level": "INFO", "jobId": "ee625b85-fa35-4a23-98c2-d4b54a734897", "keyword": "đồng loạt khai trương", "step": "capture", "message": "Capturing 1/70 (viewport)…", "data": null, "seq": 10009}
{"ts": "2026-04-28T21:10:52.214410+00:00", "level": "INFO", "jobId": "ee625b85-fa35-4a23-98c2-d4b54a734897", "keyword": "đồng loạt khai trương", "step": "capture", "message": "Saved post_001.png", "data": null, "seq": 10010}
{"ts": "2026-04-28T21:10:52.214410+00:00", "level": "INFO", "jobId": "ee625b85-fa35-4a23-98c2-d4b54a734897", "keyword": "đồng loạt khai trương", "step": "cooldown", "message": "Cooldown 1.9s (after capture)", "data": null, "seq": 10011}
{"ts": "2026-04-28T21:10:54.710996+00:00", "level": "INFO", "jobId": "ee625b85-fa35-4a23-98c2-d4b54a734897", "keyword": "đồng loạt khai trương", "step": "capture", "message": "Capturing 2/70 (viewport)…", "data": null, "seq": 10012}
{"ts": "2026-04-28T21:11:07.161687+00:00", "level": "INFO", "jobId": "ee625b85-fa35-4a23-98c2-d4b54a734897", "keyword": "đồng loạt khai trương", "step": "capture", "message": "Saved post_002.png", "data": null, "seq": 10013}
{"ts": "2026-04-28T21:11:07.161687+00:00", "level": "INFO", "jobId": "ee625b85-fa35-4a23-98c2-d4b54a734897", "keyword": "đồng loạt khai trương", "step": "cooldown", "message": "Cooldown 2.0s (after capture)", "data": null, "seq": 10014}
{"ts": "2026-04-28T21:11:09.622997+00:00", "level": "INFO", "jobId": "ee625b85-fa35-4a23-98c2-d4b54a734897", "keyword": "đồng loạt khai trương", "step": "capture", "message": "Capturing 3/70 (viewport)…", "data": null, "seq": 10015}
{"ts": "2026-04-28T21:11:22.378203+00:00", "level": "INFO", "jobId": "ee625b85-fa35-4a23-98c2-d4b54a734897", "keyword": "đồng loạt khai trương", "step": "capture", "message": "Saved post_003.png", "data": null, "seq": 10016}
{"ts": "2026-04-28T21:11:22.378203+00:00", "level": "INFO", "jobId": "ee625b85-fa35-4a23-98c2-d4b54a734897", "keyword": "đồng loạt khai trương", "step": "cooldown", "message": "Cooldown 1.6s (after capture)", "data": null, "seq": 10017}
{"ts": "2026-04-28T21:11:27.072567+00:00", "level": "INFO", "jobId": "ee625b85-fa35-4a23-98c2-d4b54a734897", "keyword": "đồng loạt khai trương", "step": "capture", "message": "Capturing 4/70 (viewport)…", "data": null, "seq": 10018}
{"ts": "2026-04-28T21:11:27.175481+00:00", "level": "INFO", "jobId": "ee625b85-fa35-4a23-98c2-d4b54a734897", "keyword": "đồng loạt khai trương", "step": "capture", "message": "Expanded \"Xem thêm\" (exact-class): +2 (total 2)", "data": null, "seq": 10019}
{"ts": "2026-04-28T21:11:40.059463+00:00", "level": "INFO", "jobId": "ee625b85-fa35-4a23-98c2-d4b54a734897", "keyword": "đồng loạt khai trương", "step": "capture", "message": "Saved post_004.png", "data": null, "seq": 10020}
{"ts": "2026-04-28T21:11:40.059463+00:00", "level": "INFO", "jobId": "ee625b85-fa35-4a23-98c2-d4b54a734897", "keyword": "đồng loạt khai trương", "step": "cooldown", "message": "Cooldown 1.5s (after capture)", "data": null, "seq": 10021}
{"ts": "2026-04-28T21:11:42.145032+00:00", "level": "INFO", "jobId": "ee625b85-fa35-4a23-98c2-d4b54a734897", "keyword": "đồng loạt khai trương", "step": "capture", "message": "Capturing 5/70 (viewport)…", "data": null, "seq": 10022}
{"ts": "2026-04-28T21:11:42.222982+00:00", "level": "INFO", "jobId": "ee625b85-fa35-4a23-98c2-d4b54a734897", "keyword": "đồng loạt khai trương", "step": "capture", "message": "Expanded \"Xem thêm\" (exact-class): +1 (total 1)", "data": null, "seq": 10023}
{"ts": "2026-04-28T21:11:54.944003+00:00", "level": "INFO", "jobId": "ee625b85-fa35-4a23-98c2-d4b54a734897", "keyword": "đồng loạt khai trương", "step": "capture", "message": "Saved post_005.png", "data": null, "seq": 10024}
{"ts": "2026-04-28T21:11:54.945111+00:00", "level": "INFO", "jobId": "ee625b85-fa35-4a23-98c2-d4b54a734897", "keyword": "đồng loạt khai trương", "step": "cooldown", "message": "Cooldown 1.6s (after capture)", "data": null, "seq": 10025}
{"ts": "2026-04-28T21:11:57.119161+00:00", "level": "INFO", "jobId": "ee625b85-fa35-4a23-98c2-d4b54a734897", "keyword": "đồng loạt khai trương", "step": "capture", "message": "Capturing 6/70 (viewport)…", "data": null, "seq": 10026}
{"ts": "2026-04-28T21:11:57.198689+00:00", "level": "INFO", "jobId": "ee625b85-fa35-4a23-98c2-d4b54a734897", "keyword": "đồng loạt khai trương", "step": "capture", "message": "Expanded \"Xem thêm\" (exact-class): +1 (total 1)", "data": null, "seq": 10027}
{"ts": "2026-04-28T21:12:09.999007+00:00", "level": "INFO", "jobId": "ee625b85-fa35-4a23-98c2-d4b54a734897", "keyword": "đồng loạt khai trương", "step": "capture", "message": "Saved post_006.png", "data": null, "seq": 10028}
{"ts": "2026-04-28T21:12:10.000007+00:00", "level": "INFO", "jobId": "ee625b85-fa35-4a23-98c2-d4b54a734897", "keyword": "đồng loạt khai trương", "step": "cooldown", "message": "Cooldown 2.7s (after capture)", "data": null, "seq": 10029}
{"ts": "2026-04-28T21:12:13.278720+00:00", "level": "INFO", "jobId": "ee625b85-fa35-4a23-98c2-d4b54a734897", "keyword": "đồng loạt khai trương", "step": "capture", "message": "Capturing 7/70 (viewport)…", "data": null, "seq": 10030}
{"ts": "2026-04-28T21:12:25.791672+00:00", "level": "INFO", "jobId": "ee625b85-fa35-4a23-98c2-d4b54a734897", "keyword": "đồng loạt khai trương", "step": "capture", "message": "Saved post_007.png", "data": null, "seq": 10031}
{"ts": "2026-04-28T21:12:25.791672+00:00", "level": "INFO", "jobId": "ee625b85-fa35-4a23-98c2-d4b54a734897", "keyword": "đồng loạt khai trương", "step": "cooldown", "message": "Cooldown 2.7s (after capture)", "data": null, "seq": 10032}
{"ts": "2026-04-28T21:12:29.107358+00:00", "level": "INFO", "jobId": "ee625b85-fa35-4a23-98c2-d4b54a734897", "keyword": "đồng loạt khai trương", "step": "capture", "message": "Capturing 8/70 (viewport)…", "data": null, "seq": 10033}
{"ts": "2026-04-28T21:12:29.177801+00:00", "level": "INFO", "jobId": "ee625b85-fa35-4a23-98c2-d4b54a734897", "keyword": "đồng loạt khai trương", "step": "capture", "message": "Expanded \"Xem thêm\" (exact-class): +2 (total 2)", "data": null, "seq": 10034}
{"ts": "2026-04-28T21:12:42.152810+00:00", "level": "INFO", "jobId": "ee625b85-fa35-4a23-98c2-d4b54a734897", "keyword": "đồng loạt khai trương", "step": "capture", "message": "Saved post_008.png", "data": null, "seq": 10035}
{"ts": "2026-04-28T21:12:42.152810+00:00", "level": "INFO", "jobId": "ee625b85-fa35-4a23-98c2-d4b54a734897", "keyword": "đồng loạt khai trương", "step": "cooldown", "message": "Cooldown 2.8s (after capture)", "data": null, "seq": 10036}
{"ts": "2026-04-28T21:12:45.507035+00:00", "level": "INFO", "jobId": "ee625b85-fa35-4a23-98c2-d4b54a734897", "keyword": "đồng loạt khai trương", "step": "capture", "message": "Capturing 9/70 (viewport)…", "data": null, "seq": 10037}
{"ts": "2026-04-28T21:12:58.166466+00:00", "level": "INFO", "jobId": "ee625b85-fa35-4a23-98c2-d4b54a734897", "keyword": "đồng loạt khai trương", "step": "capture", "message": "Saved post_009.png", "data": null, "seq": 10038}
{"ts": "2026-04-28T21:12:58.167524+00:00", "level": "INFO", "jobId": "ee625b85-fa35-4a23-98c2-d4b54a734897", "keyword": "đồng loạt khai trương", "step": "cooldown", "message": "Cooldown 1.5s (after capture)", "data": null, "seq": 10039}
{"ts": "2026-04-28T21:13:00.232276+00:00", "level": "INFO", "jobId": "ee625b85-fa35-4a23-98c2-d4b54a734897", "keyword": "đồng loạt khai trương", "step": "capture", "message": "Capturing 10/70 (viewport)…", "data": null, "seq": 10040}
{"ts": "2026-04-28T21:13:00.295493+00:00", "level": "INFO", "jobId": "ee625b85-fa35-4a23-98c2-d4b54a734897", "keyword": "đồng loạt khai trương", "step": "capture", "message": "Expanded \"Xem thêm\" (exact-class): +1 (total 1)", "data": null, "seq": 10041}
{"ts": "2026-04-28T21:13:13.131675+00:00", "level": "INFO", "jobId": "ee625b85-fa35-4a23-98c2-d4b54a734897", "keyword": "đồng loạt khai trương", "step": "capture", "message": "Saved post_010.png", "data": null, "seq": 10042}
{"ts": "2026-04-28T21:13:13.131675+00:00", "level": "INFO", "jobId": "ee625b85-fa35-4a23-98c2-d4b54a734897", "keyword": "đồng loạt khai trương", "step": "cooldown", "message": "Cooldown 1.8s (after capture)", "data": null, "seq": 10043}
{"ts": "2026-04-28T21:13:15.482691+00:00", "level": "INFO", "jobId": "ee625b85-fa35-4a23-98c2-d4b54a734897", "keyword": "đồng loạt khai trương", "step": "capture", "message": "Capturing 11/70 (viewport)…", "data": null, "seq": 10044}
{"ts": "2026-04-28T21:13:15.594305+00:00", "level": "INFO", "jobId": "ee625b85-fa35-4a23-98c2-d4b54a734897", "keyword": "đồng loạt khai trương", "step": "capture", "message": "Expanded \"Xem thêm\" (exact-class): +3 (total 3)", "data": null, "seq": 10045}
{"ts": "2026-04-28T21:13:28.630700+00:00", "level": "INFO", "jobId": "ee625b85-fa35-4a23-98c2-d4b54a734897", "keyword": "đồng loạt khai trương", "step": "capture", "message": "Saved post_011.png", "data": null, "seq": 10046}
{"ts": "2026-04-28T21:13:28.630700+00:00", "level": "INFO", "jobId": "ee625b85-fa35-4a23-98c2-d4b54a734897", "keyword": "đồng loạt khai trương", "step": "cooldown", "message": "Cooldown 1.7s (after capture)", "data": null, "seq": 10047}
{"ts": "2026-04-28T21:13:30.940234+00:00", "level": "INFO", "jobId": "ee625b85-fa35-4a23-98c2-d4b54a734897", "keyword": "đồng loạt khai trương", "step": "capture", "message": "Capturing 12/70 (viewport)…", "data": null, "seq": 10048}
{"ts": "2026-04-28T21:13:43.494923+00:00", "level": "INFO", "jobId": "ee625b85-fa35-4a23-98c2-d4b54a734897", "keyword": "đồng loạt khai trương", "step": "capture", "message": "Saved post_012.png", "data": null, "seq": 10049}
{"ts": "2026-04-28T21:13:43.494923+00:00", "level": "INFO", "jobId": "ee625b85-fa35-4a23-98c2-d4b54a734897", "keyword": "đồng loạt khai trương", "step": "cooldown", "message": "Cooldown 2.2s (after capture)", "data": null, "seq": 10050}
{"ts": "2026-04-28T21:13:46.237565+00:00", "level": "INFO", "jobId": "ee625b85-fa35-4a23-98c2-d4b54a734897", "keyword": "đồng loạt khai trương", "step": "capture", "message": "Capturing 13/70 (viewport)…", "data": null, "seq": 10051}
{"ts": "2026-04-28T21:13:58.696671+00:00", "level": "INFO", "jobId": "ee625b85-fa35-4a23-98c2-d4b54a734897", "keyword": "đồng loạt khai trương", "step": "capture", "message": "Saved post_013.png", "data": null, "seq": 10052}
{"ts": "2026-04-28T21:13:58.697677+00:00", "level": "INFO", "jobId": "ee625b85-fa35-4a23-98c2-d4b54a734897", "keyword": "đồng loạt khai trương", "step": "cooldown", "message": "Cooldown 1.5s (after capture)", "data": null, "seq": 10053}
{"ts": "2026-04-28T21:14:00.793210+00:00", "level": "INFO", "jobId": "ee625b85-fa35-4a23-98c2-d4b54a734897", "keyword": "đồng loạt khai trương", "step": "capture", "message": "Capturing 14/70 (viewport)…", "data": null, "seq": 10054}
{"ts": "2026-04-28T21:14:13.432083+00:00", "level": "INFO", "jobId": "ee625b85-fa35-4a23-98c2-d4b54a734897", "keyword": "đồng loạt khai trương", "step": "capture", "message": "Saved post_014.png", "data": null, "seq": 10055}
{"ts": "2026-04-28T21:14:13.432083+00:00", "level": "INFO", "jobId": "ee625b85-fa35-4a23-98c2-d4b54a734897", "keyword": "đồng loạt khai trương", "step": "cooldown", "message": "Cooldown 2.5s (after capture)", "data": null, "seq": 10056}
{"ts": "2026-04-28T21:14:16.481929+00:00", "level": "INFO", "jobId": "ee625b85-fa35-4a23-98c2-d4b54a734897", "keyword": "đồng loạt khai trương", "step": "capture", "message": "Capturing 15/70 (viewport)…", "data": null, "seq": 10057}
{"ts": "2026-04-28T21:14:29.216131+00:00", "level": "INFO", "jobId": "ee625b85-fa35-4a23-98c2-d4b54a734897", "keyword": "đồng loạt khai trương", "step": "capture", "message": "Saved post_015.png", "data": null, "seq": 10058}
{"ts": "2026-04-28T21:14:29.216131+00:00", "level": "INFO", "jobId": "ee625b85-fa35-4a23-98c2-d4b54a734897", "keyword": "đồng loạt khai trương", "step": "cooldown", "message": "Cooldown 2.2s (after capture)", "data": null, "seq": 10059}
{"ts": "2026-04-28T21:14:31.965343+00:00", "level": "INFO", "jobId": "ee625b85-fa35-4a23-98c2-d4b54a734897", "keyword": "đồng loạt khai trương", "step": "capture", "message": "Capturing 16/70 (viewport)…", "data": null, "seq": 10060}
{"ts": "2026-04-28T21:14:32.068893+00:00", "level": "INFO", "jobId": "ee625b85-fa35-4a23-98c2-d4b54a734897", "keyword": "đồng loạt khai trương", "step": "capture", "message": "Expanded \"Xem thêm\" (exact-class): +2 (total 2)", "data": null, "seq": 10061}
{"ts": "2026-04-28T21:14:45.204482+00:00", "level": "INFO", "jobId": "ee625b85-fa35-4a23-98c2-d4b54a734897", "keyword": "đồng loạt khai trương", "step": "capture", "message": "Saved post_016.png", "data": null, "seq": 10062}
{"ts": "2026-04-28T21:14:45.205544+00:00", "level": "INFO", "jobId": "ee625b85-fa35-4a23-98c2-d4b54a734897", "keyword": "đồng loạt khai trương", "step": "cooldown", "message": "Cooldown 1.4s (after capture)", "data": null, "seq": 10063}
{"ts": "2026-04-28T21:14:47.192731+00:00", "level": "INFO", "jobId": "ee625b85-fa35-4a23-98c2-d4b54a734897", "keyword": "đồng loạt khai trương", "step": "capture", "message": "Capturing 17/70 (viewport)…", "data": null, "seq": 10064}
{"ts": "2026-04-28T21:14:59.887831+00:00", "level": "INFO", "jobId": "ee625b85-fa35-4a23-98c2-d4b54a734897", "keyword": "đồng loạt khai trương", "step": "capture", "message": "Saved post_017.png", "data": null, "seq": 10065}
{"ts": "2026-04-28T21:14:59.887831+00:00", "level": "INFO", "jobId": "ee625b85-fa35-4a23-98c2-d4b54a734897", "keyword": "đồng loạt khai trương", "step": "cooldown", "message": "Cooldown 1.0s (after capture)", "data": null, "seq": 10066}
{"ts": "2026-04-28T21:15:01.455738+00:00", "level": "INFO", "jobId": "ee625b85-fa35-4a23-98c2-d4b54a734897", "keyword": "đồng loạt khai trương", "step": "capture", "message": "Capturing 18/70 (viewport)…", "data": null, "seq": 10067}
{"ts": "2026-04-28T21:15:01.533426+00:00", "level": "INFO", "jobId": "ee625b85-fa35-4a23-98c2-d4b54a734897", "keyword": "đồng loạt khai trương", "step": "capture", "message": "Expanded \"Xem thêm\" (exact-class): +1 (total 1)", "data": null, "seq": 10068}
{"ts": "2026-04-28T21:15:14.625608+00:00", "level": "INFO", "jobId": "ee625b85-fa35-4a23-98c2-d4b54a734897", "keyword": "đồng loạt khai trương", "step": "capture", "message": "Saved post_018.png", "data": null, "seq": 10069}
{"ts": "2026-04-28T21:15:14.625608+00:00", "level": "INFO", "jobId": "ee625b85-fa35-4a23-98c2-d4b54a734897", "keyword": "đồng loạt khai trương", "step": "cooldown", "message": "Cooldown 1.0s (after capture)", "data": null, "seq": 10070}
{"ts": "2026-04-28T21:15:16.168335+00:00", "level": "INFO", "jobId": "ee625b85-fa35-4a23-98c2-d4b54a734897", "keyword": "đồng loạt khai trương", "step": "capture", "message": "Capturing 19/70 (viewport)…", "data": null, "seq": 10071}
{"ts": "2026-04-28T21:15:16.279247+00:00", "level": "INFO", "jobId": "ee625b85-fa35-4a23-98c2-d4b54a734897", "keyword": "đồng loạt khai trương", "step": "capture", "message": "Expanded \"Xem thêm\" (exact-class): +2 (total 2)", "data": null, "seq": 10072}
{"ts": "2026-04-28T21:15:29.414183+00:00", "level": "INFO", "jobId": "ee625b85-fa35-4a23-98c2-d4b54a734897", "keyword": "đồng loạt khai trương", "step": "capture", "message": "Saved post_019.png", "data": null, "seq": 10073}
{"ts": "2026-04-28T21:15:29.414183+00:00", "level": "INFO", "jobId": "ee625b85-fa35-4a23-98c2-d4b54a734897", "keyword": "đồng loạt khai trương", "step": "cooldown", "message": "Cooldown 2.0s (after capture)", "data": null, "seq": 10074}
{"ts": "2026-04-28T21:15:31.977781+00:00", "level": "INFO", "jobId": "ee625b85-fa35-4a23-98c2-d4b54a734897", "keyword": "đồng loạt khai trương", "step": "capture", "message": "Capturing 20/70 (viewport)…", "data": null, "seq": 10075}
{"ts": "2026-04-28T21:15:44.513668+00:00", "level": "INFO", "jobId": "ee625b85-fa35-4a23-98c2-d4b54a734897", "keyword": "đồng loạt khai trương", "step": "capture", "message": "Saved post_020.png", "data": null, "seq": 10076}
{"ts": "2026-04-28T21:15:44.514866+00:00", "level": "INFO", "jobId": "ee625b85-fa35-4a23-98c2-d4b54a734897", "keyword": "đồng loạt khai trương", "step": "cooldown", "message": "Cooldown 2.6s (after capture)", "data": null, "seq": 10077}
{"ts": "2026-04-28T21:15:47.731773+00:00", "level": "INFO", "jobId": "ee625b85-fa35-4a23-98c2-d4b54a734897", "keyword": "đồng loạt khai trương", "step": "capture", "message": "Capturing 21/70 (viewport)…", "data": null, "seq": 10078}
{"ts": "2026-04-28T21:16:00.312073+00:00", "level": "INFO", "jobId": "ee625b85-fa35-4a23-98c2-d4b54a734897", "keyword": "đồng loạt khai trương", "step": "capture", "message": "Saved post_021.png", "data": null, "seq": 10079}
{"ts": "2026-04-28T21:16:00.312073+00:00", "level": "INFO", "jobId": "ee625b85-fa35-4a23-98c2-d4b54a734897", "keyword": "đồng loạt khai trương", "step": "cooldown", "message": "Cooldown 2.7s (after capture)", "data": null, "seq": 10080}
{"ts": "2026-04-28T21:16:03.636836+00:00", "level": "INFO", "jobId": "ee625b85-fa35-4a23-98c2-d4b54a734897", "keyword": "đồng loạt khai trương", "step": "capture", "message": "Capturing 22/70 (viewport)…", "data": null, "seq": 10081}
{"ts": "2026-04-28T21:16:15.881423+00:00", "level": "INFO", "jobId": "ee625b85-fa35-4a23-98c2-d4b54a734897", "keyword": "đồng loạt khai trương", "step": "capture", "message": "Saved post_022.png", "data": null, "seq": 10082}
{"ts": "2026-04-28T21:16:15.881423+00:00", "level": "INFO", "jobId": "ee625b85-fa35-4a23-98c2-d4b54a734897", "keyword": "đồng loạt khai trương", "step": "cooldown", "message": "Cooldown 2.5s (after capture)", "data": null, "seq": 10083}
{"ts": "2026-04-28T21:16:19.002604+00:00", "level": "INFO", "jobId": "ee625b85-fa35-4a23-98c2-d4b54a734897", "keyword": "đồng loạt khai trương", "step": "capture", "message": "Capturing 23/70 (viewport)…", "data": null, "seq": 10084}
{"ts": "2026-04-28T21:16:31.343946+00:00", "level": "INFO", "jobId": "ee625b85-fa35-4a23-98c2-d4b54a734897", "keyword": "đồng loạt khai trương", "step": "capture", "message": "Saved post_023.png", "data": null, "seq": 10085}
{"ts": "2026-04-28T21:16:31.343946+00:00", "level": "INFO", "jobId": "ee625b85-fa35-4a23-98c2-d4b54a734897", "keyword": "đồng loạt khai trương", "step": "cooldown", "message": "Cooldown 2.2s (after capture)", "data": null, "seq": 10086}
{"ts": "2026-04-28T21:16:34.108736+00:00", "level": "INFO", "jobId": "ee625b85-fa35-4a23-98c2-d4b54a734897", "keyword": "đồng loạt khai trương", "step": "capture", "message": "Capturing 24/70 (viewport)…", "data": null, "seq": 10087}
{"ts": "2026-04-28T21:16:34.215401+00:00", "level": "INFO", "jobId": "ee625b85-fa35-4a23-98c2-d4b54a734897", "keyword": "đồng loạt khai trương", "step": "capture", "message": "Expanded \"Xem thêm\" (exact-class): +1 (total 1)", "data": null, "seq": 10088}
{"ts": "2026-04-28T21:16:47.118890+00:00", "level": "INFO", "jobId": "ee625b85-fa35-4a23-98c2-d4b54a734897", "keyword": "đồng loạt khai trương", "step": "capture", "message": "Saved post_024.png", "data": null, "seq": 10089}
{"ts": "2026-04-28T21:16:47.118890+00:00", "level": "INFO", "jobId": "ee625b85-fa35-4a23-98c2-d4b54a734897", "keyword": "đồng loạt khai trương", "step": "cooldown", "message": "Cooldown 2.9s (after capture)", "data": null, "seq": 10090}
{"ts": "2026-04-28T21:16:50.579233+00:00", "level": "INFO", "jobId": "ee625b85-fa35-4a23-98c2-d4b54a734897", "keyword": "đồng loạt khai trương", "step": "capture", "message": "Capturing 25/70 (viewport)…", "data": null, "seq": 10091}
{"ts": "2026-04-28T21:16:50.654006+00:00", "level": "INFO", "jobId": "ee625b85-fa35-4a23-98c2-d4b54a734897", "keyword": "đồng loạt khai trương", "step": "capture", "message": "Expanded \"Xem thêm\" (exact-class): +1 (total 1)", "data": null, "seq": 10092}
{"ts": "2026-04-28T21:17:03.534254+00:00", "level": "INFO", "jobId": "ee625b85-fa35-4a23-98c2-d4b54a734897", "keyword": "đồng loạt khai trương", "step": "capture", "message": "Saved post_025.png", "data": null, "seq": 10093}
{"ts": "2026-04-28T21:17:03.534254+00:00", "level": "INFO", "jobId": "ee625b85-fa35-4a23-98c2-d4b54a734897", "keyword": "đồng loạt khai trương", "step": "cooldown", "message": "Cooldown 2.2s (after capture)", "data": null, "seq": 10094}
{"ts": "2026-04-28T21:17:06.319805+00:00", "level": "INFO", "jobId": "ee625b85-fa35-4a23-98c2-d4b54a734897", "keyword": "đồng loạt khai trương", "step": "capture", "message": "Capturing 26/70 (viewport)…", "data": null, "seq": 10095}
{"ts": "2026-04-28T21:17:18.979340+00:00", "level": "INFO", "jobId": "ee625b85-fa35-4a23-98c2-d4b54a734897", "keyword": "đồng loạt khai trương", "step": "capture", "message": "Saved post_026.png", "data": null, "seq": 10096}
{"ts": "2026-04-28T21:17:18.979340+00:00", "level": "INFO", "jobId": "ee625b85-fa35-4a23-98c2-d4b54a734897", "keyword": "đồng loạt khai trương", "step": "cooldown", "message": "Cooldown 1.4s (after capture)", "data": null, "seq": 10097}
{"ts": "2026-04-28T21:17:20.897655+00:00", "level": "INFO", "jobId": "ee625b85-fa35-4a23-98c2-d4b54a734897", "keyword": "đồng loạt khai trương", "step": "capture", "message": "Capturing 27/70 (viewport)…", "data": null, "seq": 10098}
{"ts": "2026-04-28T21:17:21.016730+00:00", "level": "INFO", "jobId": "ee625b85-fa35-4a23-98c2-d4b54a734897", "keyword": "đồng loạt khai trương", "step": "capture", "message": "Expanded \"Xem thêm\" (exact-class): +2 (total 2)", "data": null, "seq": 10099}
{"ts": "2026-04-28T21:17:33.817329+00:00", "level": "INFO", "jobId": "ee625b85-fa35-4a23-98c2-d4b54a734897", "keyword": "đồng loạt khai trương", "step": "capture", "message": "Saved post_027.png", "data": null, "seq": 10100}
{"ts": "2026-04-28T21:17:33.818315+00:00", "level": "INFO", "jobId": "ee625b85-fa35-4a23-98c2-d4b54a734897", "keyword": "đồng loạt khai trương", "step": "cooldown", "message": "Cooldown 3.0s (after capture)", "data": null, "seq": 10101}
{"ts": "2026-04-28T21:17:37.327373+00:00", "level": "INFO", "jobId": "ee625b85-fa35-4a23-98c2-d4b54a734897", "keyword": "đồng loạt khai trương", "step": "capture", "message": "Capturing 28/70 (viewport)…", "data": null, "seq": 10102}
{"ts": "2026-04-28T21:17:49.976069+00:00", "level": "INFO", "jobId": "ee625b85-fa35-4a23-98c2-d4b54a734897", "keyword": "đồng loạt khai trương", "step": "capture", "message": "Saved post_028.png", "data": null, "seq": 10103}
{"ts": "2026-04-28T21:17:49.976069+00:00", "level": "INFO", "jobId": "ee625b85-fa35-4a23-98c2-d4b54a734897", "keyword": "đồng loạt khai trương", "step": "cooldown", "message": "Cooldown 2.5s (after capture)", "data": null, "seq": 10104}
{"ts": "2026-04-28T21:17:53.045438+00:00", "level": "INFO", "jobId": "ee625b85-fa35-4a23-98c2-d4b54a734897", "keyword": "đồng loạt khai trương", "step": "capture", "message": "Capturing 29/70 (viewport)…", "data": null, "seq": 10105}
{"ts": "2026-04-28T21:17:53.152900+00:00", "level": "INFO", "jobId": "ee625b85-fa35-4a23-98c2-d4b54a734897", "keyword": "đồng loạt khai trương", "step": "capture", "message": "Expanded \"Xem thêm\" (exact-class): +1 (total 1)", "data": null, "seq": 10106}
{"ts": "2026-04-28T21:18:06.132213+00:00", "level": "INFO", "jobId": "ee625b85-fa35-4a23-98c2-d4b54a734897", "keyword": "đồng loạt khai trương", "step": "capture", "message": "Saved post_029.png", "data": null, "seq": 10107}
{"ts": "2026-04-28T21:18:06.132213+00:00", "level": "INFO", "jobId": "ee625b85-fa35-4a23-98c2-d4b54a734897", "keyword": "đồng loạt khai trương", "step": "cooldown", "message": "Cooldown 2.2s (after capture)", "data": null, "seq": 10108}
{"ts": "2026-04-28T21:18:08.885692+00:00", "level": "INFO", "jobId": "ee625b85-fa35-4a23-98c2-d4b54a734897", "keyword": "đồng loạt khai trương", "step": "capture", "message": "Capturing 30/70 (viewport)…", "data": null, "seq": 10109}
{"ts": "2026-04-28T21:18:21.530307+00:00", "level": "INFO", "jobId": "ee625b85-fa35-4a23-98c2-d4b54a734897", "keyword": "đồng loạt khai trương", "step": "capture", "message": "Saved post_030.png", "data": null, "seq": 10110}
{"ts": "2026-04-28T21:18:21.530307+00:00", "level": "INFO", "jobId": "ee625b85-fa35-4a23-98c2-d4b54a734897", "keyword": "đồng loạt khai trương", "step": "cooldown", "message": "Cooldown 2.9s (after capture)", "data": null, "seq": 10111}
{"ts": "2026-04-28T21:18:25.022830+00:00", "level": "INFO", "jobId": "ee625b85-fa35-4a23-98c2-d4b54a734897", "keyword": "đồng loạt khai trương", "step": "capture", "message": "Capturing 31/70 (viewport)…", "data": null, "seq": 10112}
{"ts": "2026-04-28T21:18:25.141483+00:00", "level": "INFO", "jobId": "ee625b85-fa35-4a23-98c2-d4b54a734897", "keyword": "đồng loạt khai trương", "step": "capture", "message": "Expanded \"Xem thêm\" (exact-class): +2 (total 2)", "data": null, "seq": 10113}
{"ts": "2026-04-28T21:18:38.263088+00:00", "level": "INFO", "jobId": "ee625b85-fa35-4a23-98c2-d4b54a734897", "keyword": "đồng loạt khai trương", "step": "capture", "message": "Saved post_031.png", "data": null, "seq": 10114}
{"ts": "2026-04-28T21:18:38.264090+00:00", "level": "INFO", "jobId": "ee625b85-fa35-4a23-98c2-d4b54a734897", "keyword": "đồng loạt khai trương", "step": "cooldown", "message": "Cooldown 2.4s (after capture)", "data": null, "seq": 10115}
{"ts": "2026-04-28T21:18:41.275595+00:00", "level": "INFO", "jobId": "ee625b85-fa35-4a23-98c2-d4b54a734897", "keyword": "đồng loạt khai trương", "step": "capture", "message": "Capturing 32/70 (viewport)…", "data": null, "seq": 10116}
{"ts": "2026-04-28T21:18:53.869153+00:00", "level": "INFO", "jobId": "ee625b85-fa35-4a23-98c2-d4b54a734897", "keyword": "đồng loạt khai trương", "step": "capture", "message": "Saved post_032.png", "data": null, "seq": 10117}
{"ts": "2026-04-28T21:18:53.869153+00:00", "level": "INFO", "jobId": "ee625b85-fa35-4a23-98c2-d4b54a734897", "keyword": "đồng loạt khai trương", "step": "cooldown", "message": "Cooldown 2.9s (after capture)", "data": null, "seq": 10118}
{"ts": "2026-04-28T21:18:57.389667+00:00", "level": "INFO", "jobId": "ee625b85-fa35-4a23-98c2-d4b54a734897", "keyword": "đồng loạt khai trương", "step": "capture", "message": "Capturing 33/70 (viewport)…", "data": null, "seq": 10119}
{"ts": "2026-04-28T21:18:57.504823+00:00", "level": "INFO", "jobId": "ee625b85-fa35-4a23-98c2-d4b54a734897", "keyword": "đồng loạt khai trương", "step": "capture", "message": "Expanded \"Xem thêm\" (exact-class): +2 (total 2)", "data": null, "seq": 10120}
{"ts": "2026-04-28T21:19:10.640956+00:00", "level": "INFO", "jobId": "ee625b85-fa35-4a23-98c2-d4b54a734897", "keyword": "đồng loạt khai trương", "step": "capture", "message": "Saved post_033.png", "data": null, "seq": 10121}
{"ts": "2026-04-28T21:19:10.640956+00:00", "level": "INFO", "jobId": "ee625b85-fa35-4a23-98c2-d4b54a734897", "keyword": "đồng loạt khai trương", "step": "cooldown", "message": "Cooldown 2.4s (after capture)", "data": null, "seq": 10122}
{"ts": "2026-04-28T21:19:13.596156+00:00", "level": "INFO", "jobId": "ee625b85-fa35-4a23-98c2-d4b54a734897", "keyword": "đồng loạt khai trương", "step": "capture", "message": "Capturing 34/70 (viewport)…", "data": null, "seq": 10123}
{"ts": "2026-04-28T21:19:25.926511+00:00", "level": "INFO", "jobId": "ee625b85-fa35-4a23-98c2-d4b54a734897", "keyword": "đồng loạt khai trương", "step": "capture", "message": "Saved post_034.png", "data": null, "seq": 10124}
{"ts": "2026-04-28T21:19:25.926511+00:00", "level": "INFO", "jobId": "ee625b85-fa35-4a23-98c2-d4b54a734897", "keyword": "đồng loạt khai trương", "step": "cooldown", "message": "Cooldown 2.9s (after capture)", "data": null, "seq": 10125}
{"ts": "2026-04-28T21:19:29.438737+00:00", "level": "INFO", "jobId": "ee625b85-fa35-4a23-98c2-d4b54a734897", "keyword": "đồng loạt khai trương", "step": "capture", "message": "Capturing 35/70 (viewport)…", "data": null, "seq": 10126}
{"ts": "2026-04-28T21:19:41.847010+00:00", "level": "INFO", "jobId": "ee625b85-fa35-4a23-98c2-d4b54a734897", "keyword": "đồng loạt khai trương", "step": "capture", "message": "Saved post_035.png", "data": null, "seq": 10127}
{"ts": "2026-04-28T21:19:41.847010+00:00", "level": "INFO", "jobId": "ee625b85-fa35-4a23-98c2-d4b54a734897", "keyword": "đồng loạt khai trương", "step": "cooldown", "message": "Cooldown 1.0s (after capture)", "data": null, "seq": 10128}
{"ts": "2026-04-28T21:19:43.459502+00:00", "level": "INFO", "jobId": "ee625b85-fa35-4a23-98c2-d4b54a734897", "keyword": "đồng loạt khai trương", "step": "capture", "message": "Capturing 36/70 (viewport)…", "data": null, "seq": 10129}
{"ts": "2026-04-28T21:19:43.559715+00:00", "level": "INFO", "jobId": "ee625b85-fa35-4a23-98c2-d4b54a734897", "keyword": "đồng loạt khai trương", "step": "capture", "message": "Expanded \"Xem thêm\" (exact-class): +1 (total 1)", "data": null, "seq": 10130}
{"ts": "2026-04-28T21:19:56.231499+00:00", "level": "INFO", "jobId": "ee625b85-fa35-4a23-98c2-d4b54a734897", "keyword": "đồng loạt khai trương", "step": "capture", "message": "Saved post_036.png", "data": null, "seq": 10131}
{"ts": "2026-04-28T21:19:56.232514+00:00", "level": "INFO", "jobId": "ee625b85-fa35-4a23-98c2-d4b54a734897", "keyword": "đồng loạt khai trương", "step": "cooldown", "message": "Cooldown 1.8s (after capture)", "data": null, "seq": 10132}
{"ts": "2026-04-28T21:19:58.677371+00:00", "level": "INFO", "jobId": "ee625b85-fa35-4a23-98c2-d4b54a734897", "keyword": "đồng loạt khai trương", "step": "capture", "message": "Capturing 37/70 (viewport)…", "data": null, "seq": 10133}
{"ts": "2026-04-28T21:20:11.341660+00:00", "level": "INFO", "jobId": "ee625b85-fa35-4a23-98c2-d4b54a734897", "keyword": "đồng loạt khai trương", "step": "capture", "message": "Saved post_037.png", "data": null, "seq": 10134}
{"ts": "2026-04-28T21:20:11.342704+00:00", "level": "INFO", "jobId": "ee625b85-fa35-4a23-98c2-d4b54a734897", "keyword": "đồng loạt khai trương", "step": "cooldown", "message": "Cooldown 1.8s (after capture)", "data": null, "seq": 10135}
{"ts": "2026-04-28T21:20:13.767452+00:00", "level": "INFO", "jobId": "ee625b85-fa35-4a23-98c2-d4b54a734897", "keyword": "đồng loạt khai trương", "step": "capture", "message": "Capturing 38/70 (viewport)…", "data": null, "seq": 10136}
{"ts": "2026-04-28T21:20:26.200143+00:00", "level": "INFO", "jobId": "ee625b85-fa35-4a23-98c2-d4b54a734897", "keyword": "đồng loạt khai trương", "step": "capture", "message": "Saved post_038.png", "data": null, "seq": 10137}
{"ts": "2026-04-28T21:20:26.200143+00:00", "level": "INFO", "jobId": "ee625b85-fa35-4a23-98c2-d4b54a734897", "keyword": "đồng loạt khai trương", "step": "cooldown", "message": "Cooldown 1.8s (after capture)", "data": null, "seq": 10138}
{"ts": "2026-04-28T21:20:28.570214+00:00", "level": "INFO", "jobId": "ee625b85-fa35-4a23-98c2-d4b54a734897", "keyword": "đồng loạt khai trương", "step": "capture", "message": "Capturing 39/70 (viewport)…", "data": null, "seq": 10139}
{"ts": "2026-04-28T21:20:40.905555+00:00", "level": "INFO", "jobId": "ee625b85-fa35-4a23-98c2-d4b54a734897", "keyword": "đồng loạt khai trương", "step": "capture", "message": "Saved post_039.png", "data": null, "seq": 10140}
{"ts": "2026-04-28T21:20:40.906558+00:00", "level": "INFO", "jobId": "ee625b85-fa35-4a23-98c2-d4b54a734897", "keyword": "đồng loạt khai trương", "step": "cooldown", "message": "Cooldown 1.6s (after capture)", "data": null, "seq": 10141}
{"ts": "2026-04-28T21:20:43.115060+00:00", "level": "INFO", "jobId": "ee625b85-fa35-4a23-98c2-d4b54a734897", "keyword": "đồng loạt khai trương", "step": "capture", "message": "Capturing 40/70 (viewport)…", "data": null, "seq": 10142}
{"ts": "2026-04-28T21:20:56.009264+00:00", "level": "INFO", "jobId": "ee625b85-fa35-4a23-98c2-d4b54a734897", "keyword": "đồng loạt khai trương", "step": "capture", "message": "Capturing 40/70 (viewport)…", "data": null, "seq": 10143}
{"ts": "2026-04-28T21:21:08.492201+00:00", "level": "INFO", "jobId": "ee625b85-fa35-4a23-98c2-d4b54a734897", "keyword": "đồng loạt khai trương", "step": "capture", "message": "Saved post_040.png", "data": null, "seq": 10144}
{"ts": "2026-04-28T21:21:08.493254+00:00", "level": "INFO", "jobId": "ee625b85-fa35-4a23-98c2-d4b54a734897", "keyword": "đồng loạt khai trương", "step": "cooldown", "message": "Cooldown 1.6s (after capture)", "data": null, "seq": 10145}
{"ts": "2026-04-28T21:21:10.761923+00:00", "level": "INFO", "jobId": "ee625b85-fa35-4a23-98c2-d4b54a734897", "keyword": "đồng loạt khai trương", "step": "capture", "message": "Capturing 41/70 (viewport)…", "data": null, "seq": 10146}
{"ts": "2026-04-28T21:21:10.869273+00:00", "level": "INFO", "jobId": "ee625b85-fa35-4a23-98c2-d4b54a734897", "keyword": "đồng loạt khai trương", "step": "capture", "message": "Expanded \"Xem thêm\" (exact-class): +2 (total 2)", "data": null, "seq": 10147}
{"ts": "2026-04-28T21:21:23.833700+00:00", "level": "INFO", "jobId": "ee625b85-fa35-4a23-98c2-d4b54a734897", "keyword": "đồng loạt khai trương", "step": "capture", "message": "Saved post_041.png", "data": null, "seq": 10148}
{"ts": "2026-04-28T21:21:23.833700+00:00", "level": "INFO", "jobId": "ee625b85-fa35-4a23-98c2-d4b54a734897", "keyword": "đồng loạt khai trương", "step": "cooldown", "message": "Cooldown 1.3s (after capture)", "data": null, "seq": 10149}
{"ts": "2026-04-28T21:21:25.777360+00:00", "level": "INFO", "jobId": "ee625b85-fa35-4a23-98c2-d4b54a734897", "keyword": "đồng loạt khai trương", "step": "capture", "message": "Capturing 42/70 (viewport)…", "data": null, "seq": 10150}
{"ts": "2026-04-28T21:21:25.877662+00:00", "level": "INFO", "jobId": "ee625b85-fa35-4a23-98c2-d4b54a734897", "keyword": "đồng loạt khai trương", "step": "capture", "message": "Expanded \"Xem thêm\" (exact-class): +1 (total 1)", "data": null, "seq": 10151}
{"ts": "2026-04-28T21:21:38.573627+00:00", "level": "INFO", "jobId": "ee625b85-fa35-4a23-98c2-d4b54a734897", "keyword": "đồng loạt khai trương", "step": "capture", "message": "Saved post_042.png", "data": null, "seq": 10152}
{"ts": "2026-04-28T21:21:38.574637+00:00", "level": "INFO", "jobId": "ee625b85-fa35-4a23-98c2-d4b54a734897", "keyword": "đồng loạt khai trương", "step": "cooldown", "message": "Cooldown 2.2s (after capture)", "data": null, "seq": 10153}
{"ts": "2026-04-28T21:21:41.432323+00:00", "level": "INFO", "jobId": "ee625b85-fa35-4a23-98c2-d4b54a734897", "keyword": "đồng loạt khai trương", "step": "capture", "message": "Capturing 43/70 (viewport)…", "data": null, "seq": 10154}
{"ts": "2026-04-28T21:21:41.528439+00:00", "level": "INFO", "jobId": "ee625b85-fa35-4a23-98c2-d4b54a734897", "keyword": "đồng loạt khai trương", "step": "capture", "message": "Expanded \"Xem thêm\" (exact-class): +1 (total 1)", "data": null, "seq": 10155}
{"ts": "2026-04-28T21:21:54.394642+00:00", "level": "INFO", "jobId": "ee625b85-fa35-4a23-98c2-d4b54a734897", "keyword": "đồng loạt khai trương", "step": "capture", "message": "Saved post_043.png", "data": null, "seq": 10156}
{"ts": "2026-04-28T21:21:54.394642+00:00", "level": "INFO", "jobId": "ee625b85-fa35-4a23-98c2-d4b54a734897", "keyword": "đồng loạt khai trương", "step": "cooldown", "message": "Cooldown 1.6s (after capture)", "data": null, "seq": 10157}
{"ts": "2026-04-28T21:21:56.538244+00:00", "level": "INFO", "jobId": "ee625b85-fa35-4a23-98c2-d4b54a734897", "keyword": "đồng loạt khai trương", "step": "capture", "message": "Capturing 44/70 (viewport)…", "data": null, "seq": 10158}
{"ts": "2026-04-28T21:22:09.144000+00:00", "level": "INFO", "jobId": "ee625b85-fa35-4a23-98c2-d4b54a734897", "keyword": "đồng loạt khai trương", "step": "capture", "message": "Saved post_044.png", "data": null, "seq": 10159}
{"ts": "2026-04-28T21:22:09.144000+00:00", "level": "INFO", "jobId": "ee625b85-fa35-4a23-98c2-d4b54a734897", "keyword": "đồng loạt khai trương", "step": "cooldown", "message": "Cooldown 2.7s (after capture)", "data": null, "seq": 10160}
{"ts": "2026-04-28T21:22:12.457039+00:00", "level": "INFO", "jobId": "ee625b85-fa35-4a23-98c2-d4b54a734897", "keyword": "đồng loạt khai trương", "step": "capture", "message": "Capturing 45/70 (viewport)…", "data": null, "seq": 10161}
{"ts": "2026-04-28T21:22:12.553892+00:00", "level": "INFO", "jobId": "ee625b85-fa35-4a23-98c2-d4b54a734897", "keyword": "đồng loạt khai trương", "step": "capture", "message": "Expanded \"Xem thêm\" (exact-class): +2 (total 2)", "data": null, "seq": 10162}
{"ts": "2026-04-28T21:22:25.433969+00:00", "level": "INFO", "jobId": "ee625b85-fa35-4a23-98c2-d4b54a734897", "keyword": "đồng loạt khai trương", "step": "capture", "message": "Saved post_045.png", "data": null, "seq": 10163}
{"ts": "2026-04-28T21:22:25.433969+00:00", "level": "INFO", "jobId": "ee625b85-fa35-4a23-98c2-d4b54a734897", "keyword": "đồng loạt khai trương", "step": "cooldown", "message": "Cooldown 1.4s (after capture)", "data": null, "seq": 10164}
{"ts": "2026-04-28T21:22:27.416271+00:00", "level": "INFO", "jobId": "ee625b85-fa35-4a23-98c2-d4b54a734897", "keyword": "đồng loạt khai trương", "step": "capture", "message": "Capturing 46/70 (viewport)…", "data": null, "seq": 10165}
{"ts": "2026-04-28T21:22:39.947724+00:00", "level": "INFO", "jobId": "ee625b85-fa35-4a23-98c2-d4b54a734897", "keyword": "đồng loạt khai trương", "step": "capture", "message": "Saved post_046.png", "data": null, "seq": 10166}
{"ts": "2026-04-28T21:22:39.947724+00:00", "level": "INFO", "jobId": "ee625b85-fa35-4a23-98c2-d4b54a734897", "keyword": "đồng loạt khai trương", "step": "cooldown", "message": "Cooldown 1.7s (after capture)", "data": null, "seq": 10167}
{"ts": "2026-04-28T21:22:42.272994+00:00", "level": "INFO", "jobId": "ee625b85-fa35-4a23-98c2-d4b54a734897", "keyword": "đồng loạt khai trương", "step": "capture", "message": "Capturing 47/70 (viewport)…", "data": null, "seq": 10168}
{"ts": "2026-04-28T21:22:54.751395+00:00", "level": "INFO", "jobId": "ee625b85-fa35-4a23-98c2-d4b54a734897", "keyword": "đồng loạt khai trương", "step": "capture", "message": "Saved post_047.png", "data": null, "seq": 10169}
{"ts": "2026-04-28T21:22:54.752395+00:00", "level": "INFO", "jobId": "ee625b85-fa35-4a23-98c2-d4b54a734897", "keyword": "đồng loạt khai trương", "step": "cooldown", "message": "Cooldown 1.3s (after capture)", "data": null, "seq": 10170}
{"ts": "2026-04-28T21:22:56.641478+00:00", "level": "INFO", "jobId": "ee625b85-fa35-4a23-98c2-d4b54a734897", "keyword": "đồng loạt khai trương", "step": "capture", "message": "Capturing 48/70 (viewport)…", "data": null, "seq": 10171}
{"ts": "2026-04-28T21:22:56.744883+00:00", "level": "INFO", "jobId": "ee625b85-fa35-4a23-98c2-d4b54a734897", "keyword": "đồng loạt khai trương", "step": "capture", "message": "Expanded \"Xem thêm\" (exact-class): +2 (total 2)", "data": null, "seq": 10172}
{"ts": "2026-04-28T21:23:09.537758+00:00", "level": "INFO", "jobId": "ee625b85-fa35-4a23-98c2-d4b54a734897", "keyword": "đồng loạt khai trương", "step": "capture", "message": "Saved post_048.png", "data": null, "seq": 10173}
{"ts": "2026-04-28T21:23:09.537758+00:00", "level": "INFO", "jobId": "ee625b85-fa35-4a23-98c2-d4b54a734897", "keyword": "đồng loạt khai trương", "step": "cooldown", "message": "Cooldown 2.9s (after capture)", "data": null, "seq": 10174}
{"ts": "2026-04-28T21:23:13.062627+00:00", "level": "INFO", "jobId": "ee625b85-fa35-4a23-98c2-d4b54a734897", "keyword": "đồng loạt khai trương", "step": "capture", "message": "Capturing 49/70 (viewport)…", "data": null, "seq": 10175}
{"ts": "2026-04-28T21:23:25.744097+00:00", "level": "INFO", "jobId": "ee625b85-fa35-4a23-98c2-d4b54a734897", "keyword": "đồng loạt khai trương", "step": "capture", "message": "Saved post_049.png", "data": null, "seq": 10176}
{"ts": "2026-04-28T21:23:25.745099+00:00", "level": "INFO", "jobId": "ee625b85-fa35-4a23-98c2-d4b54a734897", "keyword": "đồng loạt khai trương", "step": "cooldown", "message": "Cooldown 1.2s (after capture)", "data": null, "seq": 10177}
{"ts": "2026-04-28T21:23:27.596959+00:00", "level": "INFO", "jobId": "ee625b85-fa35-4a23-98c2-d4b54a734897", "keyword": "đồng loạt khai trương", "step": "capture", "message": "Capturing 50/70 (viewport)…", "data": null, "seq": 10178}
{"ts": "2026-04-28T21:23:27.686584+00:00", "level": "INFO", "jobId": "ee625b85-fa35-4a23-98c2-d4b54a734897", "keyword": "đồng loạt khai trương", "step": "capture", "message": "Expanded \"Xem thêm\" (exact-class): +1 (total 1)", "data": null, "seq": 10179}
{"ts": "2026-04-28T21:23:40.797781+00:00", "level": "INFO", "jobId": "ee625b85-fa35-4a23-98c2-d4b54a734897", "keyword": "đồng loạt khai trương", "step": "capture", "message": "Saved post_050.png", "data": null, "seq": 10180}
{"ts": "2026-04-28T21:23:40.797781+00:00", "level": "INFO", "jobId": "ee625b85-fa35-4a23-98c2-d4b54a734897", "keyword": "đồng loạt khai trương", "step": "cooldown", "message": "Cooldown 2.1s (after capture)", "data": null, "seq": 10181}
{"ts": "2026-04-28T21:23:43.497318+00:00", "level": "INFO", "jobId": "ee625b85-fa35-4a23-98c2-d4b54a734897", "keyword": "đồng loạt khai trương", "step": "capture", "message": "Capturing 51/70 (viewport)…", "data": null, "seq": 10182}
{"ts": "2026-04-28T21:23:43.636297+00:00", "level": "INFO", "jobId": "ee625b85-fa35-4a23-98c2-d4b54a734897", "keyword": "đồng loạt khai trương", "step": "capture", "message": "Expanded \"Xem thêm\" (exact-class): +2 (total 2)", "data": null, "seq": 10183}
{"ts": "2026-04-28T21:23:56.504318+00:00", "level": "INFO", "jobId": "ee625b85-fa35-4a23-98c2-d4b54a734897", "keyword": "đồng loạt khai trương", "step": "capture", "message": "Saved post_051.png", "data": null, "seq": 10184}
{"ts": "2026-04-28T21:23:56.515143+00:00", "level": "INFO", "jobId": "ee625b85-fa35-4a23-98c2-d4b54a734897", "keyword": "đồng loạt khai trương", "step": "cooldown", "message": "Cooldown 2.8s (after capture)", "data": null, "seq": 10185}
{"ts": "2026-04-28T21:23:59.947174+00:00", "level": "INFO", "jobId": "ee625b85-fa35-4a23-98c2-d4b54a734897", "keyword": "đồng loạt khai trương", "step": "capture", "message": "Capturing 52/70 (viewport)…", "data": null, "seq": 10186}
{"ts": "2026-04-28T21:24:12.541531+00:00", "level": "INFO", "jobId": "ee625b85-fa35-4a23-98c2-d4b54a734897", "keyword": "đồng loạt khai trương", "step": "capture", "message": "Saved post_052.png", "data": null, "seq": 10187}
{"ts": "2026-04-28T21:24:12.542569+00:00", "level": "INFO", "jobId": "ee625b85-fa35-4a23-98c2-d4b54a734897", "keyword": "đồng loạt khai trương", "step": "cooldown", "message": "Cooldown 2.1s (after capture)", "data": null, "seq": 10188}
{"ts": "2026-04-28T21:24:15.245822+00:00", "level": "INFO", "jobId": "ee625b85-fa35-4a23-98c2-d4b54a734897", "keyword": "đồng loạt khai trương", "step": "capture", "message": "Capturing 53/70 (viewport)…", "data": null, "seq": 10189}
{"ts": "2026-04-28T21:24:15.351876+00:00", "level": "INFO", "jobId": "ee625b85-fa35-4a23-98c2-d4b54a734897", "keyword": "đồng loạt khai trương", "step": "capture", "message": "Expanded \"Xem thêm\" (exact-class): +1 (total 1)", "data": null, "seq": 10190}
{"ts": "2026-04-28T21:24:28.224596+00:00", "level": "INFO", "jobId": "ee625b85-fa35-4a23-98c2-d4b54a734897", "keyword": "đồng loạt khai trương", "step": "capture", "message": "Saved post_053.png", "data": null, "seq": 10191}
{"ts": "2026-04-28T21:24:28.224596+00:00", "level": "INFO", "jobId": "ee625b85-fa35-4a23-98c2-d4b54a734897", "keyword": "đồng loạt khai trương", "step": "cooldown", "message": "Cooldown 2.8s (after capture)", "data": null, "seq": 10192}
{"ts": "2026-04-28T21:24:31.662387+00:00", "level": "INFO", "jobId": "ee625b85-fa35-4a23-98c2-d4b54a734897", "keyword": "đồng loạt khai trương", "step": "capture", "message": "Capturing 54/70 (viewport)…", "data": null, "seq": 10193}
{"ts": "2026-04-28T21:24:31.758209+00:00", "level": "INFO", "jobId": "ee625b85-fa35-4a23-98c2-d4b54a734897", "keyword": "đồng loạt khai trương", "step": "capture", "message": "Expanded \"Xem thêm\" (exact-class): +1 (total 1)", "data": null, "seq": 10194}
{"ts": "2026-04-28T21:24:44.515332+00:00", "level": "INFO", "jobId": "ee625b85-fa35-4a23-98c2-d4b54a734897", "keyword": "đồng loạt khai trương", "step": "capture", "message": "Saved post_054.png", "data": null, "seq": 10195}
{"ts": "2026-04-28T21:24:44.515332+00:00", "level": "INFO", "jobId": "ee625b85-fa35-4a23-98c2-d4b54a734897", "keyword": "đồng loạt khai trương", "step": "cooldown", "message": "Cooldown 2.8s (after capture)", "data": null, "seq": 10196}
{"ts": "2026-04-28T21:24:47.908007+00:00", "level": "INFO", "jobId": "ee625b85-fa35-4a23-98c2-d4b54a734897", "keyword": "đồng loạt khai trương", "step": "capture", "message": "Capturing 55/70 (viewport)…", "data": null, "seq": 10197}
{"ts": "2026-04-28T21:24:48.013078+00:00", "level": "INFO", "jobId": "ee625b85-fa35-4a23-98c2-d4b54a734897", "keyword": "đồng loạt khai trương", "step": "capture", "message": "Expanded \"Xem thêm\" (exact-class): +1 (total 1)", "data": null, "seq": 10198}
{"ts": "2026-04-28T21:25:01.070435+00:00", "level": "INFO", "jobId": "ee625b85-fa35-4a23-98c2-d4b54a734897", "keyword": "đồng loạt khai trương", "step": "capture", "message": "Saved post_055.png", "data": null, "seq": 10199}
{"ts": "2026-04-28T21:25:01.070435+00:00", "level": "INFO", "jobId": "ee625b85-fa35-4a23-98c2-d4b54a734897", "keyword": "đồng loạt khai trương", "step": "cooldown", "message": "Cooldown 2.5s (after capture)", "data": null, "seq": 10200}
{"ts": "2026-04-28T21:25:04.204958+00:00", "level": "INFO", "jobId": "ee625b85-fa35-4a23-98c2-d4b54a734897", "keyword": "đồng loạt khai trương", "step": "capture", "message": "Capturing 56/70 (viewport)…", "data": null, "seq": 10201}
{"ts": "2026-04-28T21:25:16.747806+00:00", "level": "INFO", "jobId": "ee625b85-fa35-4a23-98c2-d4b54a734897", "keyword": "đồng loạt khai trương", "step": "capture", "message": "Saved post_056.png", "data": null, "seq": 10202}
{"ts": "2026-04-28T21:25:16.747806+00:00", "level": "INFO", "jobId": "ee625b85-fa35-4a23-98c2-d4b54a734897", "keyword": "đồng loạt khai trương", "step": "cooldown", "message": "Cooldown 2.9s (after capture)", "data": null, "seq": 10203}
{"ts": "2026-04-28T21:25:20.265813+00:00", "level": "INFO", "jobId": "ee625b85-fa35-4a23-98c2-d4b54a734897", "keyword": "đồng loạt khai trương", "step": "capture", "message": "Capturing 57/70 (viewport)…", "data": null, "seq": 10204}
{"ts": "2026-04-28T21:25:20.379045+00:00", "level": "INFO", "jobId": "ee625b85-fa35-4a23-98c2-d4b54a734897", "keyword": "đồng loạt khai trương", "step": "capture", "message": "Expanded \"Xem thêm\" (exact-class): +2 (total 2)", "data": null, "seq": 10205}
{"ts": "2026-04-28T21:25:33.430683+00:00", "level": "INFO", "jobId": "ee625b85-fa35-4a23-98c2-d4b54a734897", "keyword": "đồng loạt khai trương", "step": "capture", "message": "Saved post_057.png", "data": null, "seq": 10206}
{"ts": "2026-04-28T21:25:33.430683+00:00", "level": "INFO", "jobId": "ee625b85-fa35-4a23-98c2-d4b54a734897", "keyword": "đồng loạt khai trương", "step": "cooldown", "message": "Cooldown 1.1s (after capture)", "data": null, "seq": 10207}
{"ts": "2026-04-28T21:25:35.126253+00:00", "level": "INFO", "jobId": "ee625b85-fa35-4a23-98c2-d4b54a734897", "keyword": "đồng loạt khai trương", "step": "capture", "message": "Capturing 58/70 (viewport)…", "data": null, "seq": 10208}
{"ts": "2026-04-28T21:25:47.741954+00:00", "level": "INFO", "jobId": "ee625b85-fa35-4a23-98c2-d4b54a734897", "keyword": "đồng loạt khai trương", "step": "capture", "message": "Saved post_058.png", "data": null, "seq": 10209}
{"ts": "2026-04-28T21:25:47.742956+00:00", "level": "INFO", "jobId": "ee625b85-fa35-4a23-98c2-d4b54a734897", "keyword": "đồng loạt khai trương", "step": "cooldown", "message": "Cooldown 2.5s (after capture)", "data": null, "seq": 10210}
{"ts": "2026-04-28T21:25:50.909487+00:00", "level": "INFO", "jobId": "ee625b85-fa35-4a23-98c2-d4b54a734897", "keyword": "đồng loạt khai trương", "step": "capture", "message": "Capturing 59/70 (viewport)…", "data": null, "seq": 10211}
{"ts": "2026-04-28T21:26:03.292359+00:00", "level": "INFO", "jobId": "ee625b85-fa35-4a23-98c2-d4b54a734897", "keyword": "đồng loạt khai trương", "step": "capture", "message": "Saved post_059.png", "data": null, "seq": 10212}
{"ts": "2026-04-28T21:26:03.293744+00:00", "level": "INFO", "jobId": "ee625b85-fa35-4a23-98c2-d4b54a734897", "keyword": "đồng loạt khai trương", "step": "cooldown", "message": "Cooldown 2.0s (after capture)", "data": null, "seq": 10213}
{"ts": "2026-04-28T21:26:05.951286+00:00", "level": "INFO", "jobId": "ee625b85-fa35-4a23-98c2-d4b54a734897", "keyword": "đồng loạt khai trương", "step": "capture", "message": "Capturing 60/70 (viewport)…", "data": null, "seq": 10214}
{"ts": "2026-04-28T21:26:18.922897+00:00", "level": "INFO", "jobId": "ee625b85-fa35-4a23-98c2-d4b54a734897", "keyword": "đồng loạt khai trương", "step": "capture", "message": "Capturing 60/70 (viewport)…", "data": null, "seq": 10215}
{"ts": "2026-04-28T21:26:32.032502+00:00", "level": "INFO", "jobId": "ee625b85-fa35-4a23-98c2-d4b54a734897", "keyword": "đồng loạt khai trương", "step": "capture", "message": "Capturing 60/70 (viewport)…", "data": null, "seq": 10216}
{"ts": "2026-04-28T21:26:32.160329+00:00", "level": "INFO", "jobId": "ee625b85-fa35-4a23-98c2-d4b54a734897", "keyword": "đồng loạt khai trương", "step": "capture", "message": "Expanded \"Xem thêm\" (exact-class): +1 (total 1)", "data": null, "seq": 10217}
{"ts": "2026-04-28T21:26:44.974378+00:00", "level": "INFO", "jobId": "ee625b85-fa35-4a23-98c2-d4b54a734897", "keyword": "đồng loạt khai trương", "step": "capture", "message": "Saved post_060.png", "data": null, "seq": 10218}
{"ts": "2026-04-28T21:26:44.974378+00:00", "level": "INFO", "jobId": "ee625b85-fa35-4a23-98c2-d4b54a734897", "keyword": "đồng loạt khai trương", "step": "cooldown", "message": "Cooldown 2.4s (after capture)", "data": null, "seq": 10219}
{"ts": "2026-04-28T21:26:47.967925+00:00", "level": "INFO", "jobId": "ee625b85-fa35-4a23-98c2-d4b54a734897", "keyword": "đồng loạt khai trương", "step": "capture", "message": "Capturing 61/70 (viewport)…", "data": null, "seq": 10220}
{"ts": "2026-04-28T21:27:00.613588+00:00", "level": "INFO", "jobId": "ee625b85-fa35-4a23-98c2-d4b54a734897", "keyword": "đồng loạt khai trương", "step": "capture", "message": "Saved post_061.png", "data": null, "seq": 10221}
{"ts": "2026-04-28T21:27:00.615595+00:00", "level": "INFO", "jobId": "ee625b85-fa35-4a23-98c2-d4b54a734897", "keyword": "đồng loạt khai trương", "step": "cooldown", "message": "Cooldown 1.0s (after capture)", "data": null, "seq": 10222}
{"ts": "2026-04-28T21:27:02.286189+00:00", "level": "INFO", "jobId": "ee625b85-fa35-4a23-98c2-d4b54a734897", "keyword": "đồng loạt khai trương", "step": "capture", "message": "Capturing 62/70 (viewport)…", "data": null, "seq": 10223}
{"ts": "2026-04-28T21:27:02.382342+00:00", "level": "INFO", "jobId": "ee625b85-fa35-4a23-98c2-d4b54a734897", "keyword": "đồng loạt khai trương", "step": "capture", "message": "Expanded \"Xem thêm\" (exact-class): +2 (total 2)", "data": null, "seq": 10224}
{"ts": "2026-04-28T21:27:15.517558+00:00", "level": "INFO", "jobId": "ee625b85-fa35-4a23-98c2-d4b54a734897", "keyword": "đồng loạt khai trương", "step": "capture", "message": "Saved post_062.png", "data": null, "seq": 10225}
{"ts": "2026-04-28T21:27:15.517558+00:00", "level": "INFO", "jobId": "ee625b85-fa35-4a23-98c2-d4b54a734897", "keyword": "đồng loạt khai trương", "step": "cooldown", "message": "Cooldown 2.2s (after capture)", "data": null, "seq": 10226}
{"ts": "2026-04-28T21:27:18.299747+00:00", "level": "INFO", "jobId": "ee625b85-fa35-4a23-98c2-d4b54a734897", "keyword": "đồng loạt khai trương", "step": "capture", "message": "Capturing 63/70 (viewport)…", "data": null, "seq": 10227}
{"ts": "2026-04-28T21:27:30.868657+00:00", "level": "INFO", "jobId": "ee625b85-fa35-4a23-98c2-d4b54a734897", "keyword": "đồng loạt khai trương", "step": "capture", "message": "Saved post_063.png", "data": null, "seq": 10228}
{"ts": "2026-04-28T21:27:30.868657+00:00", "level": "INFO", "jobId": "ee625b85-fa35-4a23-98c2-d4b54a734897", "keyword": "đồng loạt khai trương", "step": "cooldown", "message": "Cooldown 1.4s (after capture)", "data": null, "seq": 10229}
{"ts": "2026-04-28T21:27:32.886525+00:00", "level": "INFO", "jobId": "ee625b85-fa35-4a23-98c2-d4b54a734897", "keyword": "đồng loạt khai trương", "step": "capture", "message": "Capturing 64/70 (viewport)…", "data": null, "seq": 10230}
{"ts": "2026-04-28T21:27:32.997263+00:00", "level": "INFO", "jobId": "ee625b85-fa35-4a23-98c2-d4b54a734897", "keyword": "đồng loạt khai trương", "step": "capture", "message": "Expanded \"Xem thêm\" (exact-class): +1 (total 1)", "data": null, "seq": 10231}
{"ts": "2026-04-28T21:27:45.991053+00:00", "level": "INFO", "jobId": "ee625b85-fa35-4a23-98c2-d4b54a734897", "keyword": "đồng loạt khai trương", "step": "capture", "message": "Saved post_064.png", "data": null, "seq": 10232}
{"ts": "2026-04-28T21:27:45.991053+00:00", "level": "INFO", "jobId": "ee625b85-fa35-4a23-98c2-d4b54a734897", "keyword": "đồng loạt khai trương", "step": "cooldown", "message": "Cooldown 2.8s (after capture)", "data": null, "seq": 10233}
{"ts": "2026-04-28T21:27:49.445532+00:00", "level": "INFO", "jobId": "ee625b85-fa35-4a23-98c2-d4b54a734897", "keyword": "đồng loạt khai trương", "step": "capture", "message": "Capturing 65/70 (viewport)…", "data": null, "seq": 10234}
{"ts": "2026-04-28T21:28:02.143575+00:00", "level": "INFO", "jobId": "ee625b85-fa35-4a23-98c2-d4b54a734897", "keyword": "đồng loạt khai trương", "step": "capture", "message": "Saved post_065.png", "data": null, "seq": 10235}
{"ts": "2026-04-28T21:28:02.143575+00:00", "level": "INFO", "jobId": "ee625b85-fa35-4a23-98c2-d4b54a734897", "keyword": "đồng loạt khai trương", "step": "cooldown", "message": "Cooldown 1.6s (after capture)", "data": null, "seq": 10236}
{"ts": "2026-04-28T21:28:04.345068+00:00", "level": "INFO", "jobId": "ee625b85-fa35-4a23-98c2-d4b54a734897", "keyword": "đồng loạt khai trương", "step": "capture", "message": "Capturing 66/70 (viewport)…", "data": null, "seq": 10237}
{"ts": "2026-04-28T21:28:16.858528+00:00", "level": "INFO", "jobId": "ee625b85-fa35-4a23-98c2-d4b54a734897", "keyword": "đồng loạt khai trương", "step": "capture", "message": "Saved post_066.png", "data": null, "seq": 10238}
{"ts": "2026-04-28T21:28:16.858528+00:00", "level": "INFO", "jobId": "ee625b85-fa35-4a23-98c2-d4b54a734897", "keyword": "đồng loạt khai trương", "step": "cooldown", "message": "Cooldown 1.3s (after capture)", "data": null, "seq": 10239}
{"ts": "2026-04-28T21:28:18.715540+00:00", "level": "INFO", "jobId": "ee625b85-fa35-4a23-98c2-d4b54a734897", "keyword": "đồng loạt khai trương", "step": "capture", "message": "Capturing 67/70 (viewport)…", "data": null, "seq": 10240}
{"ts": "2026-04-28T21:28:31.829537+00:00", "level": "INFO", "jobId": "ee625b85-fa35-4a23-98c2-d4b54a734897", "keyword": "đồng loạt khai trương", "step": "capture", "message": "Capturing 67/70 (viewport)…", "data": null, "seq": 10241}
{"ts": "2026-04-28T21:28:44.556020+00:00", "level": "INFO", "jobId": "ee625b85-fa35-4a23-98c2-d4b54a734897", "keyword": "đồng loạt khai trương", "step": "capture", "message": "Saved post_067.png", "data": null, "seq": 10242}
{"ts": "2026-04-28T21:28:44.556020+00:00", "level": "INFO", "jobId": "ee625b85-fa35-4a23-98c2-d4b54a734897", "keyword": "đồng loạt khai trương", "step": "cooldown", "message": "Cooldown 2.5s (after capture)", "data": null, "seq": 10243}
{"ts": "2026-04-28T21:28:47.640465+00:00", "level": "INFO", "jobId": "ee625b85-fa35-4a23-98c2-d4b54a734897", "keyword": "đồng loạt khai trương", "step": "capture", "message": "Capturing 68/70 (viewport)…", "data": null, "seq": 10244}
{"ts": "2026-04-28T21:28:47.816259+00:00", "level": "INFO", "jobId": "ee625b85-fa35-4a23-98c2-d4b54a734897", "keyword": "đồng loạt khai trương", "step": "capture", "message": "Expanded \"Xem thêm\" (exact-class): +1 (total 1)", "data": null, "seq": 10245}
{"ts": "2026-04-28T21:29:00.459500+00:00", "level": "INFO", "jobId": "ee625b85-fa35-4a23-98c2-d4b54a734897", "keyword": "đồng loạt khai trương", "step": "capture", "message": "Saved post_068.png", "data": null, "seq": 10246}
{"ts": "2026-04-28T21:29:00.459500+00:00", "level": "INFO", "jobId": "ee625b85-fa35-4a23-98c2-d4b54a734897", "keyword": "đồng loạt khai trương", "step": "cooldown", "message": "Cooldown 2.5s (after capture)", "data": null, "seq": 10247}
{"ts": "2026-04-28T21:29:03.568840+00:00", "level": "INFO", "jobId": "ee625b85-fa35-4a23-98c2-d4b54a734897", "keyword": "đồng loạt khai trương", "step": "capture", "message": "Capturing 69/70 (viewport)…", "data": null, "seq": 10248}
{"ts": "2026-04-28T21:29:16.162831+00:00", "level": "INFO", "jobId": "ee625b85-fa35-4a23-98c2-d4b54a734897", "keyword": "đồng loạt khai trương", "step": "capture", "message": "Saved post_069.png", "data": null, "seq": 10249}
{"ts": "2026-04-28T21:29:16.162831+00:00", "level": "INFO", "jobId": "ee625b85-fa35-4a23-98c2-d4b54a734897", "keyword": "đồng loạt khai trương", "step": "cooldown", "message": "Cooldown 2.6s (after capture)", "data": null, "seq": 10250}
{"ts": "2026-04-28T21:29:19.362042+00:00", "level": "INFO", "jobId": "ee625b85-fa35-4a23-98c2-d4b54a734897", "keyword": "đồng loạt khai trương", "step": "capture", "message": "Capturing 70/70 (viewport)…", "data": null, "seq": 10251}
{"ts": "2026-04-28T21:29:31.847230+00:00", "level": "INFO", "jobId": "ee625b85-fa35-4a23-98c2-d4b54a734897", "keyword": "đồng loạt khai trương", "step": "capture", "message": "Saved post_070.png", "data": null, "seq": 10252}
{"ts": "2026-04-28T21:29:31.847230+00:00", "level": "INFO", "jobId": "ee625b85-fa35-4a23-98c2-d4b54a734897", "keyword": "đồng loạt khai trương", "step": "cooldown", "message": "Cooldown 2.0s (after capture)", "data": null, "seq": 10253}
{"ts": "2026-04-28T21:29:33.888863+00:00", "level": "INFO", "jobId": "ee625b85-fa35-4a23-98c2-d4b54a734897", "keyword": "đồng loạt khai trương", "step": "done", "message": "Completed. Saved=70", "data": null, "seq": 10254}
