{"ts": "2026-04-27T11:32:41.460765+00:00", "level": "INFO", "jobId": "1d3cf37b-84d1-455d-b1dc-1c3ff95fd4bc", "keyword": "khai truong", "step": "created", "message": "Job created", "data": {"maxPosts": 30}, "seq": 1318}
{"ts": "2026-04-27T11:32:42.072152+00:00", "level": "INFO", "jobId": "1d3cf37b-84d1-455d-b1dc-1c3ff95fd4bc", "keyword": "khai truong", "step": "start", "message": "Job started (attempt 1/2)", "data": null, "seq": 1319}
{"ts": "2026-04-27T11:32:42.291136+00:00", "level": "WARN", "jobId": "1d3cf37b-84d1-455d-b1dc-1c3ff95fd4bc", "keyword": "khai truong", "step": "relaunch", "message": "Browser/page closed unexpectedly. Will relaunch + retry. (Page.goto: Target page, context or browser has been closed)", "data": null, "seq": 1320}
{"ts": "2026-04-27T11:32:44.267047+00:00", "level": "WARN", "jobId": "1d3cf37b-84d1-455d-b1dc-1c3ff95fd4bc", "keyword": "khai truong", "step": "retry", "message": "Reset job to pending for retry (closed target).", "data": null, "seq": 1321}
{"ts": "2026-04-27T11:32:44.269079+00:00", "level": "INFO", "jobId": "1d3cf37b-84d1-455d-b1dc-1c3ff95fd4bc", "keyword": "khai truong", "step": "cooldown", "message": "Between-keywords delay: 1.2s", "data": null, "seq": 1322}
{"ts": "2026-04-27T11:32:45.470146+00:00", "level": "INFO", "jobId": "1d3cf37b-84d1-455d-b1dc-1c3ff95fd4bc", "keyword": "khai truong", "step": "start", "message": "Job started (attempt 2/2)", "data": null, "seq": 1323}
{"ts": "2026-04-27T11:32:48.990931+00:00", "level": "INFO", "jobId": "1d3cf37b-84d1-455d-b1dc-1c3ff95fd4bc", "keyword": "khai truong", "step": "login", "message": "Already logged in (profile session).", "data": null, "seq": 1324}
{"ts": "2026-04-27T11:32:49.348763+00:00", "level": "INFO", "jobId": "1d3cf37b-84d1-455d-b1dc-1c3ff95fd4bc", "keyword": "khai truong", "step": "search", "message": "Searching keyword: \"khai truong\"", "data": null, "seq": 1325}
{"ts": "2026-04-27T11:32:56.329698+00:00", "level": "INFO", "jobId": "1d3cf37b-84d1-455d-b1dc-1c3ff95fd4bc", "keyword": "khai truong", "step": "filter", "message": "Enabling filter: \"Bài viết mới đây\"", "data": null, "seq": 1326}
{"ts": "2026-04-27T11:32:59.645816+00:00", "level": "INFO", "jobId": "1d3cf37b-84d1-455d-b1dc-1c3ff95fd4bc", "keyword": "khai truong", "step": "filter", "message": "Opening filter panel (trigger click)...", "data": null, "seq": 1327}
{"ts": "2026-04-27T11:33:00.335944+00:00", "level": "INFO", "jobId": "1d3cf37b-84d1-455d-b1dc-1c3ff95fd4bc", "keyword": "khai truong", "step": "filter", "message": "Opening filter panel (data-visualcompletion=\"ignore-dynamic\")...", "data": null, "seq": 1328}
{"ts": "2026-04-27T11:33:01.292636+00:00", "level": "INFO", "jobId": "1d3cf37b-84d1-455d-b1dc-1c3ff95fd4bc", "keyword": "khai truong", "step": "filter", "message": "Opening filter panel (trigger click)...", "data": null, "seq": 1329}
{"ts": "2026-04-27T11:33:01.696434+00:00", "level": "INFO", "jobId": "1d3cf37b-84d1-455d-b1dc-1c3ff95fd4bc", "keyword": "khai truong", "step": "filter", "message": "Opening filter panel (data-visualcompletion=\"ignore-dynamic\")...", "data": null, "seq": 1330}
{"ts": "2026-04-27T11:33:02.219037+00:00", "level": "INFO", "jobId": "1d3cf37b-84d1-455d-b1dc-1c3ff95fd4bc", "keyword": "khai truong", "step": "filter", "message": "Opening filter panel (trigger click)...", "data": null, "seq": 1331}
{"ts": "2026-04-27T11:33:02.662737+00:00", "level": "INFO", "jobId": "1d3cf37b-84d1-455d-b1dc-1c3ff95fd4bc", "keyword": "khai truong", "step": "filter", "message": "Opening filter panel (data-visualcompletion=\"ignore-dynamic\")...", "data": null, "seq": 1332}
{"ts": "2026-04-27T11:33:03.335667+00:00", "level": "INFO", "jobId": "1d3cf37b-84d1-455d-b1dc-1c3ff95fd4bc", "keyword": "khai truong", "step": "filter", "message": "Opening filter panel (trigger click)...", "data": null, "seq": 1333}
{"ts": "2026-04-27T11:33:03.812492+00:00", "level": "INFO", "jobId": "1d3cf37b-84d1-455d-b1dc-1c3ff95fd4bc", "keyword": "khai truong", "step": "filter", "message": "Opening filter panel (data-visualcompletion=\"ignore-dynamic\")...", "data": null, "seq": 1334}
{"ts": "2026-04-27T11:33:04.530036+00:00", "level": "INFO", "jobId": "1d3cf37b-84d1-455d-b1dc-1c3ff95fd4bc", "keyword": "khai truong", "step": "filter", "message": "Opening filter panel (trigger click)...", "data": null, "seq": 1335}
{"ts": "2026-04-27T11:33:04.925823+00:00", "level": "INFO", "jobId": "1d3cf37b-84d1-455d-b1dc-1c3ff95fd4bc", "keyword": "khai truong", "step": "filter", "message": "Opening filter panel (data-visualcompletion=\"ignore-dynamic\")...", "data": null, "seq": 1336}
{"ts": "2026-04-27T11:33:05.770113+00:00", "level": "INFO", "jobId": "1d3cf37b-84d1-455d-b1dc-1c3ff95fd4bc", "keyword": "khai truong", "step": "filter", "message": "Opening filter panel (trigger click)...", "data": null, "seq": 1337}
{"ts": "2026-04-27T11:33:06.236297+00:00", "level": "INFO", "jobId": "1d3cf37b-84d1-455d-b1dc-1c3ff95fd4bc", "keyword": "khai truong", "step": "filter", "message": "Opening filter panel (data-visualcompletion=\"ignore-dynamic\")...", "data": null, "seq": 1338}
{"ts": "2026-04-27T11:33:07.331507+00:00", "level": "INFO", "jobId": "1d3cf37b-84d1-455d-b1dc-1c3ff95fd4bc", "keyword": "khai truong", "step": "filter", "message": "Opening filter panel (trigger click)...", "data": null, "seq": 1339}
{"ts": "2026-04-27T11:33:07.659859+00:00", "level": "INFO", "jobId": "1d3cf37b-84d1-455d-b1dc-1c3ff95fd4bc", "keyword": "khai truong", "step": "filter", "message": "Opening filter panel (data-visualcompletion=\"ignore-dynamic\")...", "data": null, "seq": 1340}
{"ts": "2026-04-27T11:33:09.097579+00:00", "level": "INFO", "jobId": "1d3cf37b-84d1-455d-b1dc-1c3ff95fd4bc", "keyword": "khai truong", "step": "filter", "message": "Opening filter panel (trigger click)...", "data": null, "seq": 1341}
{"ts": "2026-04-27T11:33:09.410988+00:00", "level": "INFO", "jobId": "1d3cf37b-84d1-455d-b1dc-1c3ff95fd4bc", "keyword": "khai truong", "step": "filter", "message": "Opening filter panel (data-visualcompletion=\"ignore-dynamic\")...", "data": null, "seq": 1342}
{"ts": "2026-04-27T11:33:10.938317+00:00", "level": "INFO", "jobId": "1d3cf37b-84d1-455d-b1dc-1c3ff95fd4bc", "keyword": "khai truong", "step": "filter", "message": "Opening filter panel (trigger click)...", "data": null, "seq": 1343}
{"ts": "2026-04-27T11:33:11.452955+00:00", "level": "INFO", "jobId": "1d3cf37b-84d1-455d-b1dc-1c3ff95fd4bc", "keyword": "khai truong", "step": "filter", "message": "Opening filter panel (data-visualcompletion=\"ignore-dynamic\")...", "data": null, "seq": 1344}
{"ts": "2026-04-27T11:33:14.213069+00:00", "level": "INFO", "jobId": "1d3cf37b-84d1-455d-b1dc-1c3ff95fd4bc", "keyword": "khai truong", "step": "filter", "message": "Filter \"Bài viết mới đây\" enabled.", "data": null, "seq": 1345}
{"ts": "2026-04-27T11:33:14.469695+00:00", "level": "INFO", "jobId": "1d3cf37b-84d1-455d-b1dc-1c3ff95fd4bc", "keyword": "khai truong", "step": "capture", "message": "Start capturing up to 30 posts.", "data": null, "seq": 1346}
{"ts": "2026-04-27T11:33:14.507519+00:00", "level": "INFO", "jobId": "1d3cf37b-84d1-455d-b1dc-1c3ff95fd4bc", "keyword": "khai truong", "step": "capture", "message": "Found 1 candidate posts in DOM.", "data": null, "seq": 1347}
{"ts": "2026-04-27T11:33:14.512887+00:00", "level": "INFO", "jobId": "1d3cf37b-84d1-455d-b1dc-1c3ff95fd4bc", "keyword": "khai truong", "step": "capture", "message": "Heartbeat: saved=0 stalls=0 items=1 scrollTop=0/1800", "data": null, "seq": 1348}
{"ts": "2026-04-27T11:33:14.560695+00:00", "level": "INFO", "jobId": "1d3cf37b-84d1-455d-b1dc-1c3ff95fd4bc", "keyword": "khai truong", "step": "capture", "message": "Capturing candidate sig=pos:|h:da39a3ee5e", "data": null, "seq": 1349}
{"ts": "2026-04-27T11:33:46.817702+00:00", "level": "INFO", "jobId": "1d3cf37b-84d1-455d-b1dc-1c3ff95fd4bc", "keyword": "khai truong", "step": "capture", "message": "Screenshot attempt 1/2 ...", "data": null, "seq": 1350}
{"ts": "2026-04-27T11:34:43.500763+00:00", "level": "INFO", "jobId": "1d3cf37b-84d1-455d-b1dc-1c3ff95fd4bc", "keyword": "khai truong", "step": "capture", "message": "Post screenshot error (skip): Page.screenshot: Target page, context or browser has been closed", "data": null, "seq": 1351}
{"ts": "2026-04-27T11:34:43.516448+00:00", "level": "INFO", "jobId": "1d3cf37b-84d1-455d-b1dc-1c3ff95fd4bc", "keyword": "khai truong", "step": "capture", "message": "Scroll: st=0 sh=0 ch=0", "data": null, "seq": 1352}
{"ts": "2026-04-27T11:34:44.059009+00:00", "level": "WARN", "jobId": "1d3cf37b-84d1-455d-b1dc-1c3ff95fd4bc", "keyword": "khai truong", "step": "relaunch", "message": "Browser/page closed unexpectedly. Will relaunch + retry. (Locator.inner_text: Target page, context or browser has been closed)", "data": null, "seq": 1353}
{"ts": "2026-04-27T11:34:46.081376+00:00", "level": "INFO", "jobId": "1d3cf37b-84d1-455d-b1dc-1c3ff95fd4bc", "keyword": "khai truong", "step": "cooldown", "message": "Between-keywords delay: 1.0s", "data": null, "seq": 1354}
