{"ts": "2026-04-27T12:02:18.799947+00:00", "level": "INFO", "jobId": "24eb5317-83df-4d68-81db-db182eb0e6a6", "keyword": "khai truong", "step": "created", "message": "Job created", "data": {"maxPosts": 30}, "seq": 1474}
{"ts": "2026-04-27T12:02:19.700076+00:00", "level": "INFO", "jobId": "24eb5317-83df-4d68-81db-db182eb0e6a6", "keyword": "khai truong", "step": "start", "message": "Job started (attempt 1/2)", "data": null, "seq": 1475}
{"ts": "2026-04-27T12:02:22.253787+00:00", "level": "INFO", "jobId": "24eb5317-83df-4d68-81db-db182eb0e6a6", "keyword": "khai truong", "step": "login", "message": "Already logged in (profile session).", "data": null, "seq": 1476}
{"ts": "2026-04-27T12:02:22.478262+00:00", "level": "INFO", "jobId": "24eb5317-83df-4d68-81db-db182eb0e6a6", "keyword": "khai truong", "step": "search", "message": "Searching keyword: \"khai truong\"", "data": null, "seq": 1477}
{"ts": "2026-04-27T12:02:35.054341+00:00", "level": "INFO", "jobId": "24eb5317-83df-4d68-81db-db182eb0e6a6", "keyword": "khai truong", "step": "filter", "message": "Enabling filter: \"Bài viết mới đây\"", "data": null, "seq": 1478}
{"ts": "2026-04-27T12:02:36.903321+00:00", "level": "INFO", "jobId": "24eb5317-83df-4d68-81db-db182eb0e6a6", "keyword": "khai truong", "step": "filter", "message": "Opening filter panel (trigger click)...", "data": null, "seq": 1479}
{"ts": "2026-04-27T12:02:37.455799+00:00", "level": "INFO", "jobId": "24eb5317-83df-4d68-81db-db182eb0e6a6", "keyword": "khai truong", "step": "filter", "message": "Opening filter panel (data-visualcompletion=\"ignore-dynamic\")...", "data": null, "seq": 1480}
{"ts": "2026-04-27T12:02:38.147994+00:00", "level": "INFO", "jobId": "24eb5317-83df-4d68-81db-db182eb0e6a6", "keyword": "khai truong", "step": "filter", "message": "Opening filter panel (trigger click)...", "data": null, "seq": 1481}
{"ts": "2026-04-27T12:02:38.568782+00:00", "level": "INFO", "jobId": "24eb5317-83df-4d68-81db-db182eb0e6a6", "keyword": "khai truong", "step": "filter", "message": "Opening filter panel (data-visualcompletion=\"ignore-dynamic\")...", "data": null, "seq": 1482}
{"ts": "2026-04-27T12:02:39.335741+00:00", "level": "INFO", "jobId": "24eb5317-83df-4d68-81db-db182eb0e6a6", "keyword": "khai truong", "step": "filter", "message": "Opening filter panel (trigger click)...", "data": null, "seq": 1483}
{"ts": "2026-04-27T12:02:39.681263+00:00", "level": "INFO", "jobId": "24eb5317-83df-4d68-81db-db182eb0e6a6", "keyword": "khai truong", "step": "filter", "message": "Opening filter panel (data-visualcompletion=\"ignore-dynamic\")...", "data": null, "seq": 1484}
{"ts": "2026-04-27T12:02:40.395138+00:00", "level": "INFO", "jobId": "24eb5317-83df-4d68-81db-db182eb0e6a6", "keyword": "khai truong", "step": "filter", "message": "Opening filter panel (trigger click)...", "data": null, "seq": 1485}
{"ts": "2026-04-27T12:02:40.797465+00:00", "level": "INFO", "jobId": "24eb5317-83df-4d68-81db-db182eb0e6a6", "keyword": "khai truong", "step": "filter", "message": "Opening filter panel (data-visualcompletion=\"ignore-dynamic\")...", "data": null, "seq": 1486}
{"ts": "2026-04-27T12:02:41.689968+00:00", "level": "INFO", "jobId": "24eb5317-83df-4d68-81db-db182eb0e6a6", "keyword": "khai truong", "step": "filter", "message": "Opening filter panel (trigger click)...", "data": null, "seq": 1487}
{"ts": "2026-04-27T12:02:42.191288+00:00", "level": "INFO", "jobId": "24eb5317-83df-4d68-81db-db182eb0e6a6", "keyword": "khai truong", "step": "filter", "message": "Opening filter panel (data-visualcompletion=\"ignore-dynamic\")...", "data": null, "seq": 1488}
{"ts": "2026-04-27T12:02:43.077128+00:00", "level": "INFO", "jobId": "24eb5317-83df-4d68-81db-db182eb0e6a6", "keyword": "khai truong", "step": "filter", "message": "Opening filter panel (trigger click)...", "data": null, "seq": 1489}
{"ts": "2026-04-27T12:02:43.435490+00:00", "level": "INFO", "jobId": "24eb5317-83df-4d68-81db-db182eb0e6a6", "keyword": "khai truong", "step": "filter", "message": "Opening filter panel (data-visualcompletion=\"ignore-dynamic\")...", "data": null, "seq": 1490}
{"ts": "2026-04-27T12:02:44.679996+00:00", "level": "INFO", "jobId": "24eb5317-83df-4d68-81db-db182eb0e6a6", "keyword": "khai truong", "step": "filter", "message": "Opening filter panel (trigger click)...", "data": null, "seq": 1491}
{"ts": "2026-04-27T12:02:45.105149+00:00", "level": "INFO", "jobId": "24eb5317-83df-4d68-81db-db182eb0e6a6", "keyword": "khai truong", "step": "filter", "message": "Opening filter panel (data-visualcompletion=\"ignore-dynamic\")...", "data": null, "seq": 1492}
{"ts": "2026-04-27T12:02:47.547806+00:00", "level": "INFO", "jobId": "24eb5317-83df-4d68-81db-db182eb0e6a6", "keyword": "khai truong", "step": "filter", "message": "Filter \"Bài viết mới đây\" enabled.", "data": null, "seq": 1493}
{"ts": "2026-04-27T12:02:47.814021+00:00", "level": "INFO", "jobId": "24eb5317-83df-4d68-81db-db182eb0e6a6", "keyword": "khai truong", "step": "capture", "message": "Start capturing up to 30 posts.", "data": null, "seq": 1494}
{"ts": "2026-04-27T12:04:38.102567+00:00", "level": "INFO", "jobId": "24eb5317-83df-4d68-81db-db182eb0e6a6", "keyword": "khai truong", "step": "capture", "message": "Post screenshot error (skip): Locator.screenshot: Target page, context or browser has been closed", "data": null, "seq": 1495}
{"ts": "2026-04-27T12:04:38.107912+00:00", "level": "WARN", "jobId": "24eb5317-83df-4d68-81db-db182eb0e6a6", "keyword": "khai truong", "step": "relaunch", "message": "Browser/page closed unexpectedly. Will relaunch + retry. (Page.evaluate: Target page, context or browser has been closed)", "data": null, "seq": 1496}
{"ts": "2026-04-27T12:04:40.039957+00:00", "level": "WARN", "jobId": "24eb5317-83df-4d68-81db-db182eb0e6a6", "keyword": "khai truong", "step": "retry", "message": "Reset job to pending for retry (closed target).", "data": null, "seq": 1497}
{"ts": "2026-04-27T12:04:40.040835+00:00", "level": "INFO", "jobId": "24eb5317-83df-4d68-81db-db182eb0e6a6", "keyword": "khai truong", "step": "cooldown", "message": "Between-keywords delay: 1.9s", "data": null, "seq": 1498}
{"ts": "2026-04-27T12:04:41.920761+00:00", "level": "INFO", "jobId": "24eb5317-83df-4d68-81db-db182eb0e6a6", "keyword": "khai truong", "step": "start", "message": "Job started (attempt 2/2)", "data": null, "seq": 1499}
{"ts": "2026-04-27T12:04:42.130948+00:00", "level": "WARN", "jobId": "24eb5317-83df-4d68-81db-db182eb0e6a6", "keyword": "khai truong", "step": "relaunch", "message": "Browser/page closed unexpectedly. Will relaunch + retry. (Page.goto: Target page, context or browser has been closed)", "data": null, "seq": 1500}
