{"ts": "2026-04-27T14:36:15.776726+00:00", "level": "INFO", "jobId": "261728d5-327e-44cf-9786-971cc8a61117", "keyword": "khai truong", "step": "created", "message": "Job created", "data": {"maxPosts": 30}, "seq": 1941}
{"ts": "2026-04-27T14:36:16.039916+00:00", "level": "INFO", "jobId": "261728d5-327e-44cf-9786-971cc8a61117", "keyword": "khai truong", "step": "start", "message": "Job started (attempt 1/2)", "data": null, "seq": 1942}
{"ts": "2026-04-27T14:36:25.633544+00:00", "level": "INFO", "jobId": "261728d5-327e-44cf-9786-971cc8a61117", "keyword": "khai truong", "step": "login", "message": "Already logged in (profile session).", "data": null, "seq": 1943}
{"ts": "2026-04-27T14:36:26.454258+00:00", "level": "INFO", "jobId": "261728d5-327e-44cf-9786-971cc8a61117", "keyword": "khai truong", "step": "search", "message": "Searching keyword: \"khai truong\"", "data": null, "seq": 1944}
{"ts": "2026-04-27T14:36:31.714327+00:00", "level": "INFO", "jobId": "261728d5-327e-44cf-9786-971cc8a61117", "keyword": "khai truong", "step": "filter", "message": "Enabling filter: \"Bài viết mới đây\"", "data": null, "seq": 1945}
{"ts": "2026-04-27T14:36:31.904415+00:00", "level": "INFO", "jobId": "261728d5-327e-44cf-9786-971cc8a61117", "keyword": "khai truong", "step": "filter", "message": "Đang mở panel bộ lọc…", "data": null, "seq": 1946}
{"ts": "2026-04-27T14:36:32.434684+00:00", "level": "INFO", "jobId": "261728d5-327e-44cf-9786-971cc8a61117", "keyword": "khai truong", "step": "filter", "message": "Đang mở panel bộ lọc…", "data": null, "seq": 1947}
{"ts": "2026-04-27T14:36:39.137650+00:00", "level": "INFO", "jobId": "261728d5-327e-44cf-9786-971cc8a61117", "keyword": "khai truong", "step": "filter", "message": "Đang mở panel bộ lọc…", "data": null, "seq": 1948}
{"ts": "2026-04-27T14:36:45.555855+00:00", "level": "INFO", "jobId": "261728d5-327e-44cf-9786-971cc8a61117", "keyword": "khai truong", "step": "filter", "message": "Đang mở panel bộ lọc…", "data": null, "seq": 1949}
{"ts": "2026-04-27T14:36:51.632668+00:00", "level": "INFO", "jobId": "261728d5-327e-44cf-9786-971cc8a61117", "keyword": "khai truong", "step": "filter", "message": "Đang mở panel bộ lọc…", "data": null, "seq": 1950}
{"ts": "2026-04-27T14:36:57.748813+00:00", "level": "INFO", "jobId": "261728d5-327e-44cf-9786-971cc8a61117", "keyword": "khai truong", "step": "filter", "message": "Đang mở panel bộ lọc…", "data": null, "seq": 1951}
{"ts": "2026-04-27T14:37:05.195237+00:00", "level": "INFO", "jobId": "261728d5-327e-44cf-9786-971cc8a61117", "keyword": "khai truong", "step": "filter", "message": "Đang mở panel bộ lọc…", "data": null, "seq": 1952}
{"ts": "2026-04-27T14:37:11.239062+00:00", "level": "INFO", "jobId": "261728d5-327e-44cf-9786-971cc8a61117", "keyword": "khai truong", "step": "filter", "message": "Đang mở panel bộ lọc…", "data": null, "seq": 1953}
{"ts": "2026-04-27T14:37:19.422795+00:00", "level": "INFO", "jobId": "261728d5-327e-44cf-9786-971cc8a61117", "keyword": "khai truong", "step": "filter", "message": "Filter \"Bài viết mới đây\" enabled.", "data": null, "seq": 1954}
{"ts": "2026-04-27T14:37:19.957016+00:00", "level": "INFO", "jobId": "261728d5-327e-44cf-9786-971cc8a61117", "keyword": "khai truong", "step": "capture", "message": "Start capturing up to 30 posts.", "data": null, "seq": 1955}
{"ts": "2026-04-27T14:37:19.978303+00:00", "level": "INFO", "jobId": "261728d5-327e-44cf-9786-971cc8a61117", "keyword": "khai truong", "step": "capture", "message": "Selector debug: {'hasMain': True, 'roleArticle': 1, 'divRoleArticle': 1, 'articleTag': 0, 'ariaPosinset': 0, 'feedUnit': 0, 'anyPagelet': 0}", "data": null, "seq": 1956}
{"ts": "2026-04-27T14:37:19.978303+00:00", "level": "INFO", "jobId": "261728d5-327e-44cf-9786-971cc8a61117", "keyword": "khai truong", "step": "capture", "message": "No post elements found yet (round=1, loading_rounds=1). url=https://www.facebook.com/search/top?q=khai%20truong&filters=eyJyZWNlbnRfcG9zdHM6MCI6IntcIm5hbWVcIjpcInJlY2VudF9wb3N0c1wiLFwiYXJnc1wiOlwiXCJ9In0%3D", "data": null, "seq": 1957}
{"ts": "2026-04-27T14:37:21.081427+00:00", "level": "INFO", "jobId": "261728d5-327e-44cf-9786-971cc8a61117", "keyword": "khai truong", "step": "capture", "message": "Scrolling…", "data": null, "seq": 1958}
{"ts": "2026-04-27T14:37:24.677431+00:00", "level": "INFO", "jobId": "261728d5-327e-44cf-9786-971cc8a61117", "keyword": "khai truong", "step": "capture", "message": "Scrolling…", "data": null, "seq": 1959}
{"ts": "2026-04-27T14:37:25.179726+00:00", "level": "INFO", "jobId": "261728d5-327e-44cf-9786-971cc8a61117", "keyword": "khai truong", "step": "capture", "message": "Selector debug: {'hasMain': True, 'roleArticle': 0, 'divRoleArticle': 0, 'articleTag': 0, 'ariaPosinset': 10, 'feedUnit': 0, 'anyPagelet': 0}", "data": null, "seq": 1960}
{"ts": "2026-04-27T14:37:25.179726+00:00", "level": "INFO", "jobId": "261728d5-327e-44cf-9786-971cc8a61117", "keyword": "khai truong", "step": "capture", "message": "No post elements found yet (round=4, loading_rounds=4). url=https://www.facebook.com/search/top?q=khai%20truong&filters=eyJyZWNlbnRfcG9zdHM6MCI6IntcIm5hbWVcIjpcInJlY2VudF9wb3N0c1wiLFwiYXJnc1wiOlwiXCJ9In0%3D", "data": null, "seq": 1961}
{"ts": "2026-04-27T14:37:29.865095+00:00", "level": "INFO", "jobId": "261728d5-327e-44cf-9786-971cc8a61117", "keyword": "khai truong", "step": "capture", "message": "Scrolling…", "data": null, "seq": 1962}
{"ts": "2026-04-27T14:37:30.406988+00:00", "level": "INFO", "jobId": "261728d5-327e-44cf-9786-971cc8a61117", "keyword": "khai truong", "step": "capture", "message": "Selector debug: {'hasMain': True, 'roleArticle': 0, 'divRoleArticle': 0, 'articleTag': 0, 'ariaPosinset': 10, 'feedUnit': 0, 'anyPagelet': 0}", "data": null, "seq": 1963}
{"ts": "2026-04-27T14:37:30.406988+00:00", "level": "INFO", "jobId": "261728d5-327e-44cf-9786-971cc8a61117", "keyword": "khai truong", "step": "capture", "message": "No post elements found yet (round=7, loading_rounds=7). url=https://www.facebook.com/search/top?q=khai%20truong&filters=eyJyZWNlbnRfcG9zdHM6MCI6IntcIm5hbWVcIjpcInJlY2VudF9wb3N0c1wiLFwiYXJnc1wiOlwiXCJ9In0%3D", "data": null, "seq": 1964}
{"ts": "2026-04-27T14:37:34.382521+00:00", "level": "INFO", "jobId": "261728d5-327e-44cf-9786-971cc8a61117", "keyword": "khai truong", "step": "capture", "message": "Scrolling…", "data": null, "seq": 1965}
{"ts": "2026-04-27T14:37:34.914313+00:00", "level": "INFO", "jobId": "261728d5-327e-44cf-9786-971cc8a61117", "keyword": "khai truong", "step": "capture", "message": "No post elements found yet (round=10, loading_rounds=10). url=https://www.facebook.com/search/top?q=khai%20truong&filters=eyJyZWNlbnRfcG9zdHM6MCI6IntcIm5hbWVcIjpcInJlY2VudF9wb3N0c1wiLFwiYXJnc1wiOlwiXCJ9In0%3D", "data": null, "seq": 1966}
{"ts": "2026-04-27T14:37:39.092388+00:00", "level": "INFO", "jobId": "261728d5-327e-44cf-9786-971cc8a61117", "keyword": "khai truong", "step": "capture", "message": "Scrolling…", "data": null, "seq": 1967}
{"ts": "2026-04-27T14:37:39.840049+00:00", "level": "INFO", "jobId": "261728d5-327e-44cf-9786-971cc8a61117", "keyword": "khai truong", "step": "capture", "message": "Selector debug: {'hasMain': True, 'roleArticle': 1, 'divRoleArticle': 1, 'articleTag': 0, 'ariaPosinset': 14, 'feedUnit': 0, 'anyPagelet': 0}", "data": null, "seq": 1968}
{"ts": "2026-04-27T14:37:39.868146+00:00", "level": "INFO", "jobId": "261728d5-327e-44cf-9786-971cc8a61117", "keyword": "khai truong", "step": "capture", "message": "No post elements found yet (round=13, loading_rounds=13). url=https://www.facebook.com/search/top?q=khai%20truong&filters=eyJyZWNlbnRfcG9zdHM6MCI6IntcIm5hbWVcIjpcInJlY2VudF9wb3N0c1wiLFwiYXJnc1wiOlwiXCJ9In0%3D", "data": null, "seq": 1969}
{"ts": "2026-04-27T14:37:42.731563+00:00", "level": "INFO", "jobId": "261728d5-327e-44cf-9786-971cc8a61117", "keyword": "khai truong", "step": "capture", "message": "Scrolling…", "data": null, "seq": 1970}
{"ts": "2026-04-27T14:37:45.075121+00:00", "level": "INFO", "jobId": "261728d5-327e-44cf-9786-971cc8a61117", "keyword": "khai truong", "step": "capture", "message": "No post elements found yet (round=16, loading_rounds=16). url=https://www.facebook.com/search/top?q=khai%20truong&filters=eyJyZWNlbnRfcG9zdHM6MCI6IntcIm5hbWVcIjpcInJlY2VudF9wb3N0c1wiLFwiYXJnc1wiOlwiXCJ9In0%3D", "data": null, "seq": 1971}
{"ts": "2026-04-27T14:37:47.646392+00:00", "level": "INFO", "jobId": "261728d5-327e-44cf-9786-971cc8a61117", "keyword": "khai truong", "step": "capture", "message": "Scrolling…", "data": null, "seq": 1972}
{"ts": "2026-04-27T14:37:49.703072+00:00", "level": "INFO", "jobId": "261728d5-327e-44cf-9786-971cc8a61117", "keyword": "khai truong", "step": "capture", "message": "Selector debug: {'hasMain': True, 'roleArticle': 1, 'divRoleArticle': 1, 'articleTag': 0, 'ariaPosinset': 15, 'feedUnit': 0, 'anyPagelet': 0}", "data": null, "seq": 1973}
{"ts": "2026-04-27T14:37:49.704170+00:00", "level": "INFO", "jobId": "261728d5-327e-44cf-9786-971cc8a61117", "keyword": "khai truong", "step": "capture", "message": "No post elements found yet (round=19, loading_rounds=19). url=https://www.facebook.com/search/top?q=khai%20truong&filters=eyJyZWNlbnRfcG9zdHM6MCI6IntcIm5hbWVcIjpcInJlY2VudF9wb3N0c1wiLFwiYXJnc1wiOlwiXCJ9In0%3D", "data": null, "seq": 1974}
{"ts": "2026-04-27T14:37:52.562965+00:00", "level": "INFO", "jobId": "261728d5-327e-44cf-9786-971cc8a61117", "keyword": "khai truong", "step": "capture", "message": "Scrolling…", "data": null, "seq": 1975}
{"ts": "2026-04-27T14:37:54.501871+00:00", "level": "INFO", "jobId": "261728d5-327e-44cf-9786-971cc8a61117", "keyword": "khai truong", "step": "capture", "message": "No post elements found yet (round=22, loading_rounds=22). url=https://www.facebook.com/search/top?q=khai%20truong&filters=eyJyZWNlbnRfcG9zdHM6MCI6IntcIm5hbWVcIjpcInJlY2VudF9wb3N0c1wiLFwiYXJnc1wiOlwiXCJ9In0%3D", "data": null, "seq": 1976}
{"ts": "2026-04-27T14:37:56.908806+00:00", "level": "INFO", "jobId": "261728d5-327e-44cf-9786-971cc8a61117", "keyword": "khai truong", "step": "capture", "message": "Scrolling…", "data": null, "seq": 1977}
{"ts": "2026-04-27T14:37:58.798211+00:00", "level": "INFO", "jobId": "261728d5-327e-44cf-9786-971cc8a61117", "keyword": "khai truong", "step": "capture", "message": "No post elements found yet (round=25, loading_rounds=25). url=https://www.facebook.com/search/top?q=khai%20truong&filters=eyJyZWNlbnRfcG9zdHM6MCI6IntcIm5hbWVcIjpcInJlY2VudF9wb3N0c1wiLFwiYXJnc1wiOlwiXCJ9In0%3D", "data": null, "seq": 1978}
{"ts": "2026-04-27T14:38:01.455098+00:00", "level": "INFO", "jobId": "261728d5-327e-44cf-9786-971cc8a61117", "keyword": "khai truong", "step": "capture", "message": "Scrolling…", "data": null, "seq": 1979}
{"ts": "2026-04-27T14:38:03.847771+00:00", "level": "INFO", "jobId": "261728d5-327e-44cf-9786-971cc8a61117", "keyword": "khai truong", "step": "capture", "message": "No post elements found yet (round=28, loading_rounds=28). url=https://www.facebook.com/search/top?q=khai%20truong&filters=eyJyZWNlbnRfcG9zdHM6MCI6IntcIm5hbWVcIjpcInJlY2VudF9wb3N0c1wiLFwiYXJnc1wiOlwiXCJ9In0%3D", "data": null, "seq": 1980}
{"ts": "2026-04-27T14:38:06.411280+00:00", "level": "INFO", "jobId": "261728d5-327e-44cf-9786-971cc8a61117", "keyword": "khai truong", "step": "capture", "message": "Scrolling…", "data": null, "seq": 1981}
{"ts": "2026-04-27T14:38:08.486747+00:00", "level": "INFO", "jobId": "261728d5-327e-44cf-9786-971cc8a61117", "keyword": "khai truong", "step": "capture", "message": "Stopped early: saved=0, stalls=30", "data": null, "seq": 1982}
{"ts": "2026-04-27T14:38:08.488271+00:00", "level": "INFO", "jobId": "261728d5-327e-44cf-9786-971cc8a61117", "keyword": "khai truong", "step": "done", "message": "Completed. Saved=0", "data": null, "seq": 1983}
{"ts": "2026-04-27T14:38:08.489395+00:00", "level": "INFO", "jobId": "261728d5-327e-44cf-9786-971cc8a61117", "keyword": "khai truong", "step": "cooldown", "message": "Between-keywords delay: 1.3s", "data": null, "seq": 1984}
