{"ts": "2026-04-27T15:09:21.652481+00:00", "level": "INFO", "jobId": "5f44389e-1834-4641-a112-f8131b3ec496", "keyword": "khai truong", "step": "created", "message": "Job created", "data": {"maxPosts": 30}, "seq": 3061}
{"ts": "2026-04-27T15:09:22.497139+00:00", "level": "INFO", "jobId": "5f44389e-1834-4641-a112-f8131b3ec496", "keyword": "khai truong", "step": "start", "message": "Job started (attempt 1/2)", "data": null, "seq": 3062}
{"ts": "2026-04-27T15:09:26.491054+00:00", "level": "INFO", "jobId": "5f44389e-1834-4641-a112-f8131b3ec496", "keyword": "khai truong", "step": "login", "message": "Already logged in (profile session).", "data": null, "seq": 3063}
{"ts": "2026-04-27T15:09:26.840168+00:00", "level": "INFO", "jobId": "5f44389e-1834-4641-a112-f8131b3ec496", "keyword": "khai truong", "step": "search", "message": "Searching keyword: \"khai truong\"", "data": null, "seq": 3064}
{"ts": "2026-04-27T15:09:29.719546+00:00", "level": "INFO", "jobId": "5f44389e-1834-4641-a112-f8131b3ec496", "keyword": "khai truong", "step": "capture", "message": "Start capturing up to 30 posts.", "data": null, "seq": 3065}
{"ts": "2026-04-27T15:09:29.825240+00:00", "level": "INFO", "jobId": "5f44389e-1834-4641-a112-f8131b3ec496", "keyword": "khai truong", "step": "capture", "message": "Capturing 1/30 (viewport)…", "data": null, "seq": 3066}
{"ts": "2026-04-27T15:09:32.299099+00:00", "level": "INFO", "jobId": "5f44389e-1834-4641-a112-f8131b3ec496", "keyword": "khai truong", "step": "capture", "message": "Saved post_035.png", "data": null, "seq": 3067}
{"ts": "2026-04-27T15:09:32.300123+00:00", "level": "INFO", "jobId": "5f44389e-1834-4641-a112-f8131b3ec496", "keyword": "khai truong", "step": "cooldown", "message": "Cooldown 2.8s (after capture)", "data": null, "seq": 3068}
{"ts": "2026-04-27T15:09:35.519063+00:00", "level": "INFO", "jobId": "5f44389e-1834-4641-a112-f8131b3ec496", "keyword": "khai truong", "step": "capture", "message": "Capturing 2/30 (viewport)…", "data": null, "seq": 3069}
{"ts": "2026-04-27T15:09:36.982542+00:00", "level": "INFO", "jobId": "5f44389e-1834-4641-a112-f8131b3ec496", "keyword": "khai truong", "step": "capture", "message": "Saved post_036.png", "data": null, "seq": 3070}
{"ts": "2026-04-27T15:09:36.983047+00:00", "level": "INFO", "jobId": "5f44389e-1834-4641-a112-f8131b3ec496", "keyword": "khai truong", "step": "cooldown", "message": "Cooldown 1.8s (after capture)", "data": null, "seq": 3071}
{"ts": "2026-04-27T15:09:39.157959+00:00", "level": "INFO", "jobId": "5f44389e-1834-4641-a112-f8131b3ec496", "keyword": "khai truong", "step": "capture", "message": "Capturing 3/30 (viewport)…", "data": null, "seq": 3072}
{"ts": "2026-04-27T15:09:40.380144+00:00", "level": "INFO", "jobId": "5f44389e-1834-4641-a112-f8131b3ec496", "keyword": "khai truong", "step": "capture", "message": "Saved post_037.png", "data": null, "seq": 3073}
{"ts": "2026-04-27T15:09:40.390496+00:00", "level": "INFO", "jobId": "5f44389e-1834-4641-a112-f8131b3ec496", "keyword": "khai truong", "step": "cooldown", "message": "Cooldown 2.6s (after capture)", "data": null, "seq": 3074}
{"ts": "2026-04-27T15:09:43.584137+00:00", "level": "INFO", "jobId": "5f44389e-1834-4641-a112-f8131b3ec496", "keyword": "khai truong", "step": "capture", "message": "Capturing 4/30 (viewport)…", "data": null, "seq": 3075}
{"ts": "2026-04-27T15:09:45.904677+00:00", "level": "INFO", "jobId": "5f44389e-1834-4641-a112-f8131b3ec496", "keyword": "khai truong", "step": "capture", "message": "Saved post_038.png", "data": null, "seq": 3076}
{"ts": "2026-04-27T15:09:45.905678+00:00", "level": "INFO", "jobId": "5f44389e-1834-4641-a112-f8131b3ec496", "keyword": "khai truong", "step": "cooldown", "message": "Cooldown 2.2s (after capture)", "data": null, "seq": 3077}
{"ts": "2026-04-27T15:09:48.490304+00:00", "level": "INFO", "jobId": "5f44389e-1834-4641-a112-f8131b3ec496", "keyword": "khai truong", "step": "capture", "message": "Capturing 5/30 (viewport)…", "data": null, "seq": 3078}
{"ts": "2026-04-27T15:09:50.277767+00:00", "level": "INFO", "jobId": "5f44389e-1834-4641-a112-f8131b3ec496", "keyword": "khai truong", "step": "capture", "message": "Saved post_039.png", "data": null, "seq": 3079}
{"ts": "2026-04-27T15:09:50.288072+00:00", "level": "INFO", "jobId": "5f44389e-1834-4641-a112-f8131b3ec496", "keyword": "khai truong", "step": "cooldown", "message": "Cooldown 1.6s (after capture)", "data": null, "seq": 3080}
{"ts": "2026-04-27T15:09:52.225643+00:00", "level": "INFO", "jobId": "5f44389e-1834-4641-a112-f8131b3ec496", "keyword": "khai truong", "step": "capture", "message": "Capturing 6/30 (viewport)…", "data": null, "seq": 3081}
{"ts": "2026-04-27T15:09:54.175024+00:00", "level": "INFO", "jobId": "5f44389e-1834-4641-a112-f8131b3ec496", "keyword": "khai truong", "step": "capture", "message": "Saved post_040.png", "data": null, "seq": 3082}
{"ts": "2026-04-27T15:09:54.176024+00:00", "level": "INFO", "jobId": "5f44389e-1834-4641-a112-f8131b3ec496", "keyword": "khai truong", "step": "cooldown", "message": "Cooldown 2.8s (after capture)", "data": null, "seq": 3083}
{"ts": "2026-04-27T15:09:57.392946+00:00", "level": "INFO", "jobId": "5f44389e-1834-4641-a112-f8131b3ec496", "keyword": "khai truong", "step": "capture", "message": "Capturing 7/30 (viewport)…", "data": null, "seq": 3084}
{"ts": "2026-04-27T15:09:59.553060+00:00", "level": "INFO", "jobId": "5f44389e-1834-4641-a112-f8131b3ec496", "keyword": "khai truong", "step": "capture", "message": "Saved post_041.png", "data": null, "seq": 3085}
{"ts": "2026-04-27T15:09:59.553960+00:00", "level": "INFO", "jobId": "5f44389e-1834-4641-a112-f8131b3ec496", "keyword": "khai truong", "step": "cooldown", "message": "Cooldown 2.3s (after capture)", "data": null, "seq": 3086}
{"ts": "2026-04-27T15:10:02.397777+00:00", "level": "INFO", "jobId": "5f44389e-1834-4641-a112-f8131b3ec496", "keyword": "khai truong", "step": "capture", "message": "Capturing 8/30 (viewport)…", "data": null, "seq": 3087}
{"ts": "2026-04-27T15:10:04.525559+00:00", "level": "INFO", "jobId": "5f44389e-1834-4641-a112-f8131b3ec496", "keyword": "khai truong", "step": "capture", "message": "Saved post_042.png", "data": null, "seq": 3088}
{"ts": "2026-04-27T15:10:04.536949+00:00", "level": "INFO", "jobId": "5f44389e-1834-4641-a112-f8131b3ec496", "keyword": "khai truong", "step": "cooldown", "message": "Cooldown 2.5s (after capture)", "data": null, "seq": 3089}
{"ts": "2026-04-27T15:10:07.462328+00:00", "level": "INFO", "jobId": "5f44389e-1834-4641-a112-f8131b3ec496", "keyword": "khai truong", "step": "capture", "message": "Capturing 9/30 (viewport)…", "data": null, "seq": 3090}
{"ts": "2026-04-27T15:10:09.792315+00:00", "level": "INFO", "jobId": "5f44389e-1834-4641-a112-f8131b3ec496", "keyword": "khai truong", "step": "capture", "message": "Saved post_043.png", "data": null, "seq": 3091}
{"ts": "2026-04-27T15:10:09.792315+00:00", "level": "INFO", "jobId": "5f44389e-1834-4641-a112-f8131b3ec496", "keyword": "khai truong", "step": "cooldown", "message": "Cooldown 2.9s (after capture)", "data": null, "seq": 3092}
{"ts": "2026-04-27T15:10:13.103335+00:00", "level": "INFO", "jobId": "5f44389e-1834-4641-a112-f8131b3ec496", "keyword": "khai truong", "step": "capture", "message": "Capturing 10/30 (viewport)…", "data": null, "seq": 3093}
{"ts": "2026-04-27T15:10:15.087375+00:00", "level": "INFO", "jobId": "5f44389e-1834-4641-a112-f8131b3ec496", "keyword": "khai truong", "step": "capture", "message": "Saved post_044.png", "data": null, "seq": 3094}
{"ts": "2026-04-27T15:10:15.088577+00:00", "level": "INFO", "jobId": "5f44389e-1834-4641-a112-f8131b3ec496", "keyword": "khai truong", "step": "cooldown", "message": "Cooldown 1.4s (after capture)", "data": null, "seq": 3095}
{"ts": "2026-04-27T15:10:16.892735+00:00", "level": "INFO", "jobId": "5f44389e-1834-4641-a112-f8131b3ec496", "keyword": "khai truong", "step": "capture", "message": "Capturing 11/30 (viewport)…", "data": null, "seq": 3096}
{"ts": "2026-04-27T15:10:18.343604+00:00", "level": "INFO", "jobId": "5f44389e-1834-4641-a112-f8131b3ec496", "keyword": "khai truong", "step": "capture", "message": "Saved post_045.png", "data": null, "seq": 3097}
{"ts": "2026-04-27T15:10:18.344488+00:00", "level": "INFO", "jobId": "5f44389e-1834-4641-a112-f8131b3ec496", "keyword": "khai truong", "step": "cooldown", "message": "Cooldown 1.4s (after capture)", "data": null, "seq": 3098}
{"ts": "2026-04-27T15:10:20.177315+00:00", "level": "INFO", "jobId": "5f44389e-1834-4641-a112-f8131b3ec496", "keyword": "khai truong", "step": "capture", "message": "Capturing 12/30 (viewport)…", "data": null, "seq": 3099}
{"ts": "2026-04-27T15:10:22.121336+00:00", "level": "INFO", "jobId": "5f44389e-1834-4641-a112-f8131b3ec496", "keyword": "khai truong", "step": "capture", "message": "Saved post_046.png", "data": null, "seq": 3100}
{"ts": "2026-04-27T15:10:22.122345+00:00", "level": "INFO", "jobId": "5f44389e-1834-4641-a112-f8131b3ec496", "keyword": "khai truong", "step": "cooldown", "message": "Cooldown 2.5s (after capture)", "data": null, "seq": 3101}
{"ts": "2026-04-27T15:10:25.094120+00:00", "level": "INFO", "jobId": "5f44389e-1834-4641-a112-f8131b3ec496", "keyword": "khai truong", "step": "capture", "message": "Capturing 13/30 (viewport)…", "data": null, "seq": 3102}
{"ts": "2026-04-27T15:10:27.320726+00:00", "level": "INFO", "jobId": "5f44389e-1834-4641-a112-f8131b3ec496", "keyword": "khai truong", "step": "capture", "message": "Saved post_047.png", "data": null, "seq": 3103}
{"ts": "2026-04-27T15:10:27.320726+00:00", "level": "INFO", "jobId": "5f44389e-1834-4641-a112-f8131b3ec496", "keyword": "khai truong", "step": "cooldown", "message": "Cooldown 2.2s (after capture)", "data": null, "seq": 3104}
{"ts": "2026-04-27T15:10:29.909465+00:00", "level": "INFO", "jobId": "5f44389e-1834-4641-a112-f8131b3ec496", "keyword": "khai truong", "step": "capture", "message": "Capturing 14/30 (viewport)…", "data": null, "seq": 3105}
{"ts": "2026-04-27T15:10:31.084082+00:00", "level": "INFO", "jobId": "5f44389e-1834-4641-a112-f8131b3ec496", "keyword": "khai truong", "step": "capture", "message": "Saved post_048.png", "data": null, "seq": 3106}
{"ts": "2026-04-27T15:10:31.084082+00:00", "level": "INFO", "jobId": "5f44389e-1834-4641-a112-f8131b3ec496", "keyword": "khai truong", "step": "cooldown", "message": "Cooldown 2.9s (after capture)", "data": null, "seq": 3107}
{"ts": "2026-04-27T15:10:34.343301+00:00", "level": "INFO", "jobId": "5f44389e-1834-4641-a112-f8131b3ec496", "keyword": "khai truong", "step": "capture", "message": "Capturing 15/30 (viewport)…", "data": null, "seq": 3108}
{"ts": "2026-04-27T15:10:35.464271+00:00", "level": "INFO", "jobId": "5f44389e-1834-4641-a112-f8131b3ec496", "keyword": "khai truong", "step": "capture", "message": "Saved post_049.png", "data": null, "seq": 3109}
{"ts": "2026-04-27T15:10:35.475876+00:00", "level": "INFO", "jobId": "5f44389e-1834-4641-a112-f8131b3ec496", "keyword": "khai truong", "step": "cooldown", "message": "Cooldown 1.3s (after capture)", "data": null, "seq": 3110}
{"ts": "2026-04-27T15:10:37.116400+00:00", "level": "INFO", "jobId": "5f44389e-1834-4641-a112-f8131b3ec496", "keyword": "khai truong", "step": "capture", "message": "Capturing 16/30 (viewport)…", "data": null, "seq": 3111}
{"ts": "2026-04-27T15:10:38.780313+00:00", "level": "INFO", "jobId": "5f44389e-1834-4641-a112-f8131b3ec496", "keyword": "khai truong", "step": "capture", "message": "Saved post_050.png", "data": null, "seq": 3112}
{"ts": "2026-04-27T15:10:38.781533+00:00", "level": "INFO", "jobId": "5f44389e-1834-4641-a112-f8131b3ec496", "keyword": "khai truong", "step": "cooldown", "message": "Cooldown 2.2s (after capture)", "data": null, "seq": 3113}
{"ts": "2026-04-27T15:10:41.418656+00:00", "level": "INFO", "jobId": "5f44389e-1834-4641-a112-f8131b3ec496", "keyword": "khai truong", "step": "capture", "message": "Capturing 17/30 (viewport)…", "data": null, "seq": 3114}
{"ts": "2026-04-27T15:10:42.686904+00:00", "level": "INFO", "jobId": "5f44389e-1834-4641-a112-f8131b3ec496", "keyword": "khai truong", "step": "capture", "message": "Saved post_051.png", "data": null, "seq": 3115}
{"ts": "2026-04-27T15:10:42.688905+00:00", "level": "INFO", "jobId": "5f44389e-1834-4641-a112-f8131b3ec496", "keyword": "khai truong", "step": "cooldown", "message": "Cooldown 2.2s (after capture)", "data": null, "seq": 3116}
{"ts": "2026-04-27T15:10:45.477248+00:00", "level": "INFO", "jobId": "5f44389e-1834-4641-a112-f8131b3ec496", "keyword": "khai truong", "step": "capture", "message": "Capturing 18/30 (viewport)…", "data": null, "seq": 3117}
{"ts": "2026-04-27T15:10:47.212634+00:00", "level": "INFO", "jobId": "5f44389e-1834-4641-a112-f8131b3ec496", "keyword": "khai truong", "step": "capture", "message": "Saved post_052.png", "data": null, "seq": 3118}
{"ts": "2026-04-27T15:10:47.213140+00:00", "level": "INFO", "jobId": "5f44389e-1834-4641-a112-f8131b3ec496", "keyword": "khai truong", "step": "cooldown", "message": "Cooldown 2.1s (after capture)", "data": null, "seq": 3119}
{"ts": "2026-04-27T15:10:49.705928+00:00", "level": "INFO", "jobId": "5f44389e-1834-4641-a112-f8131b3ec496", "keyword": "khai truong", "step": "capture", "message": "Capturing 19/30 (viewport)…", "data": null, "seq": 3120}
{"ts": "2026-04-27T15:10:51.214626+00:00", "level": "INFO", "jobId": "5f44389e-1834-4641-a112-f8131b3ec496", "keyword": "khai truong", "step": "capture", "message": "Saved post_053.png", "data": null, "seq": 3121}
{"ts": "2026-04-27T15:10:51.214626+00:00", "level": "INFO", "jobId": "5f44389e-1834-4641-a112-f8131b3ec496", "keyword": "khai truong", "step": "cooldown", "message": "Cooldown 1.3s (after capture)", "data": null, "seq": 3122}
{"ts": "2026-04-27T15:10:52.861608+00:00", "level": "INFO", "jobId": "5f44389e-1834-4641-a112-f8131b3ec496", "keyword": "khai truong", "step": "capture", "message": "Capturing 20/30 (viewport)…", "data": null, "seq": 3123}
{"ts": "2026-04-27T15:10:54.394648+00:00", "level": "INFO", "jobId": "5f44389e-1834-4641-a112-f8131b3ec496", "keyword": "khai truong", "step": "capture", "message": "Saved post_054.png", "data": null, "seq": 3124}
{"ts": "2026-04-27T15:10:54.405913+00:00", "level": "INFO", "jobId": "5f44389e-1834-4641-a112-f8131b3ec496", "keyword": "khai truong", "step": "cooldown", "message": "Cooldown 1.2s (after capture)", "data": null, "seq": 3125}
{"ts": "2026-04-27T15:10:55.964379+00:00", "level": "INFO", "jobId": "5f44389e-1834-4641-a112-f8131b3ec496", "keyword": "khai truong", "step": "capture", "message": "Capturing 21/30 (viewport)…", "data": null, "seq": 3126}
{"ts": "2026-04-27T15:10:57.452452+00:00", "level": "INFO", "jobId": "5f44389e-1834-4641-a112-f8131b3ec496", "keyword": "khai truong", "step": "capture", "message": "Saved post_055.png", "data": null, "seq": 3127}
{"ts": "2026-04-27T15:10:57.453040+00:00", "level": "INFO", "jobId": "5f44389e-1834-4641-a112-f8131b3ec496", "keyword": "khai truong", "step": "cooldown", "message": "Cooldown 2.5s (after capture)", "data": null, "seq": 3128}
{"ts": "2026-04-27T15:11:00.365036+00:00", "level": "INFO", "jobId": "5f44389e-1834-4641-a112-f8131b3ec496", "keyword": "khai truong", "step": "capture", "message": "Capturing 22/30 (viewport)…", "data": null, "seq": 3129}
{"ts": "2026-04-27T15:11:01.570965+00:00", "level": "INFO", "jobId": "5f44389e-1834-4641-a112-f8131b3ec496", "keyword": "khai truong", "step": "capture", "message": "Saved post_056.png", "data": null, "seq": 3130}
{"ts": "2026-04-27T15:11:01.570965+00:00", "level": "INFO", "jobId": "5f44389e-1834-4641-a112-f8131b3ec496", "keyword": "khai truong", "step": "cooldown", "message": "Cooldown 3.0s (after capture)", "data": null, "seq": 3131}
{"ts": "2026-04-27T15:11:05.104126+00:00", "level": "INFO", "jobId": "5f44389e-1834-4641-a112-f8131b3ec496", "keyword": "khai truong", "step": "capture", "message": "Capturing 23/30 (viewport)…", "data": null, "seq": 3132}
{"ts": "2026-04-27T15:11:05.970931+00:00", "level": "INFO", "jobId": "5f44389e-1834-4641-a112-f8131b3ec496", "keyword": "khai truong", "step": "capture", "message": "Saved post_057.png", "data": null, "seq": 3133}
{"ts": "2026-04-27T15:11:05.982998+00:00", "level": "INFO", "jobId": "5f44389e-1834-4641-a112-f8131b3ec496", "keyword": "khai truong", "step": "cooldown", "message": "Cooldown 2.7s (after capture)", "data": null, "seq": 3134}
{"ts": "2026-04-27T15:11:09.046875+00:00", "level": "INFO", "jobId": "5f44389e-1834-4641-a112-f8131b3ec496", "keyword": "khai truong", "step": "capture", "message": "Capturing 24/30 (viewport)…", "data": null, "seq": 3135}
{"ts": "2026-04-27T15:11:10.056336+00:00", "level": "INFO", "jobId": "5f44389e-1834-4641-a112-f8131b3ec496", "keyword": "khai truong", "step": "capture", "message": "Saved post_058.png", "data": null, "seq": 3136}
{"ts": "2026-04-27T15:11:10.056336+00:00", "level": "INFO", "jobId": "5f44389e-1834-4641-a112-f8131b3ec496", "keyword": "khai truong", "step": "cooldown", "message": "Cooldown 2.4s (after capture)", "data": null, "seq": 3137}
{"ts": "2026-04-27T15:11:12.884639+00:00", "level": "INFO", "jobId": "5f44389e-1834-4641-a112-f8131b3ec496", "keyword": "khai truong", "step": "capture", "message": "Capturing 25/30 (viewport)…", "data": null, "seq": 3138}
{"ts": "2026-04-27T15:11:14.176973+00:00", "level": "INFO", "jobId": "5f44389e-1834-4641-a112-f8131b3ec496", "keyword": "khai truong", "step": "capture", "message": "Saved post_059.png", "data": null, "seq": 3139}
{"ts": "2026-04-27T15:11:14.177973+00:00", "level": "INFO", "jobId": "5f44389e-1834-4641-a112-f8131b3ec496", "keyword": "khai truong", "step": "cooldown", "message": "Cooldown 2.0s (after capture)", "data": null, "seq": 3140}
{"ts": "2026-04-27T15:11:16.595772+00:00", "level": "INFO", "jobId": "5f44389e-1834-4641-a112-f8131b3ec496", "keyword": "khai truong", "step": "capture", "message": "Capturing 26/30 (viewport)…", "data": null, "seq": 3141}
{"ts": "2026-04-27T15:11:17.979308+00:00", "level": "INFO", "jobId": "5f44389e-1834-4641-a112-f8131b3ec496", "keyword": "khai truong", "step": "capture", "message": "Saved post_060.png", "data": null, "seq": 3142}
{"ts": "2026-04-27T15:11:17.979308+00:00", "level": "INFO", "jobId": "5f44389e-1834-4641-a112-f8131b3ec496", "keyword": "khai truong", "step": "cooldown", "message": "Cooldown 2.8s (after capture)", "data": null, "seq": 3143}
{"ts": "2026-04-27T15:11:21.118529+00:00", "level": "INFO", "jobId": "5f44389e-1834-4641-a112-f8131b3ec496", "keyword": "khai truong", "step": "capture", "message": "Capturing 27/30 (viewport)…", "data": null, "seq": 3144}
{"ts": "2026-04-27T15:11:22.378740+00:00", "level": "INFO", "jobId": "5f44389e-1834-4641-a112-f8131b3ec496", "keyword": "khai truong", "step": "capture", "message": "Saved post_061.png", "data": null, "seq": 3145}
{"ts": "2026-04-27T15:11:22.379833+00:00", "level": "INFO", "jobId": "5f44389e-1834-4641-a112-f8131b3ec496", "keyword": "khai truong", "step": "cooldown", "message": "Cooldown 2.5s (after capture)", "data": null, "seq": 3146}
{"ts": "2026-04-27T15:11:25.428039+00:00", "level": "INFO", "jobId": "5f44389e-1834-4641-a112-f8131b3ec496", "keyword": "khai truong", "step": "capture", "message": "Capturing 28/30 (viewport)…", "data": null, "seq": 3147}
{"ts": "2026-04-27T15:11:26.591282+00:00", "level": "INFO", "jobId": "5f44389e-1834-4641-a112-f8131b3ec496", "keyword": "khai truong", "step": "capture", "message": "Saved post_062.png", "data": null, "seq": 3148}
{"ts": "2026-04-27T15:11:26.602963+00:00", "level": "INFO", "jobId": "5f44389e-1834-4641-a112-f8131b3ec496", "keyword": "khai truong", "step": "cooldown", "message": "Cooldown 1.5s (after capture)", "data": null, "seq": 3149}
{"ts": "2026-04-27T15:11:28.443314+00:00", "level": "INFO", "jobId": "5f44389e-1834-4641-a112-f8131b3ec496", "keyword": "khai truong", "step": "capture", "message": "Capturing 29/30 (viewport)…", "data": null, "seq": 3150}
{"ts": "2026-04-27T15:11:29.870431+00:00", "level": "INFO", "jobId": "5f44389e-1834-4641-a112-f8131b3ec496", "keyword": "khai truong", "step": "capture", "message": "Saved post_063.png", "data": null, "seq": 3151}
{"ts": "2026-04-27T15:11:29.871756+00:00", "level": "INFO", "jobId": "5f44389e-1834-4641-a112-f8131b3ec496", "keyword": "khai truong", "step": "cooldown", "message": "Cooldown 1.6s (after capture)", "data": null, "seq": 3152}
{"ts": "2026-04-27T15:11:31.918338+00:00", "level": "INFO", "jobId": "5f44389e-1834-4641-a112-f8131b3ec496", "keyword": "khai truong", "step": "capture", "message": "Capturing 30/30 (viewport)…", "data": null, "seq": 3153}
{"ts": "2026-04-27T15:11:33.229037+00:00", "level": "INFO", "jobId": "5f44389e-1834-4641-a112-f8131b3ec496", "keyword": "khai truong", "step": "capture", "message": "Saved post_064.png", "data": null, "seq": 3154}
{"ts": "2026-04-27T15:11:33.229037+00:00", "level": "INFO", "jobId": "5f44389e-1834-4641-a112-f8131b3ec496", "keyword": "khai truong", "step": "cooldown", "message": "Cooldown 1.5s (after capture)", "data": null, "seq": 3155}
{"ts": "2026-04-27T15:11:35.163249+00:00", "level": "INFO", "jobId": "5f44389e-1834-4641-a112-f8131b3ec496", "keyword": "khai truong", "step": "done", "message": "Completed. Saved=30", "data": null, "seq": 3156}
{"ts": "2026-04-27T15:11:35.164619+00:00", "level": "INFO", "jobId": "5f44389e-1834-4641-a112-f8131b3ec496", "keyword": "khai truong", "step": "cooldown", "message": "Between-keywords delay: 1.1s", "data": null, "seq": 3157}
