{"ts": "2026-04-27T14:26:25.595072+00:00", "level": "INFO", "jobId": "66f4ec9b-7c6f-404a-a7fe-9a1e7f78a32b", "keyword": "khai truong", "step": "created", "message": "Job created", "data": {"maxPosts": 30}, "seq": 1874}
{"ts": "2026-04-27T14:26:25.646998+00:00", "level": "INFO", "jobId": "66f4ec9b-7c6f-404a-a7fe-9a1e7f78a32b", "keyword": "khai truong", "step": "start", "message": "Job started (attempt 1/2)", "data": null, "seq": 1875}
{"ts": "2026-04-27T14:26:30.540353+00:00", "level": "INFO", "jobId": "66f4ec9b-7c6f-404a-a7fe-9a1e7f78a32b", "keyword": "khai truong", "step": "login", "message": "Already logged in (profile session).", "data": null, "seq": 1876}
{"ts": "2026-04-27T14:26:30.779755+00:00", "level": "INFO", "jobId": "66f4ec9b-7c6f-404a-a7fe-9a1e7f78a32b", "keyword": "khai truong", "step": "search", "message": "Searching keyword: \"khai truong\"", "data": null, "seq": 1877}
{"ts": "2026-04-27T14:26:34.272649+00:00", "level": "INFO", "jobId": "66f4ec9b-7c6f-404a-a7fe-9a1e7f78a32b", "keyword": "khai truong", "step": "filter", "message": "Enabling filter: \"Bài viết mới đây\"", "data": null, "seq": 1878}
{"ts": "2026-04-27T14:26:35.191173+00:00", "level": "INFO", "jobId": "66f4ec9b-7c6f-404a-a7fe-9a1e7f78a32b", "keyword": "khai truong", "step": "filter", "message": "Đang mở panel bộ lọc…", "data": null, "seq": 1879}
{"ts": "2026-04-27T14:26:36.224497+00:00", "level": "INFO", "jobId": "66f4ec9b-7c6f-404a-a7fe-9a1e7f78a32b", "keyword": "khai truong", "step": "filter", "message": "Đang mở panel bộ lọc…", "data": null, "seq": 1880}
{"ts": "2026-04-27T14:26:42.582672+00:00", "level": "INFO", "jobId": "66f4ec9b-7c6f-404a-a7fe-9a1e7f78a32b", "keyword": "khai truong", "step": "filter", "message": "Đang mở panel bộ lọc…", "data": null, "seq": 1881}
{"ts": "2026-04-27T14:26:48.074105+00:00", "level": "INFO", "jobId": "66f4ec9b-7c6f-404a-a7fe-9a1e7f78a32b", "keyword": "khai truong", "step": "filter", "message": "Filter \"Bài viết mới đây\" enabled.", "data": null, "seq": 1882}
{"ts": "2026-04-27T14:26:48.084874+00:00", "level": "INFO", "jobId": "66f4ec9b-7c6f-404a-a7fe-9a1e7f78a32b", "keyword": "khai truong", "step": "filter", "message": "Chuyển sang trang kết quả Bài viết…", "data": null, "seq": 1883}
{"ts": "2026-04-27T14:26:52.520489+00:00", "level": "INFO", "jobId": "66f4ec9b-7c6f-404a-a7fe-9a1e7f78a32b", "keyword": "khai truong", "step": "capture", "message": "Start capturing up to 30 posts.", "data": null, "seq": 1884}
{"ts": "2026-04-27T14:26:52.564975+00:00", "level": "INFO", "jobId": "66f4ec9b-7c6f-404a-a7fe-9a1e7f78a32b", "keyword": "khai truong", "step": "capture", "message": "No post elements found yet (round=1, loading_rounds=1). url=https://www.facebook.com/search/posts/?q=khai%20truong", "data": null, "seq": 1885}
{"ts": "2026-04-27T14:26:53.627128+00:00", "level": "INFO", "jobId": "66f4ec9b-7c6f-404a-a7fe-9a1e7f78a32b", "keyword": "khai truong", "step": "capture", "message": "Scrolling…", "data": null, "seq": 1886}
{"ts": "2026-04-27T14:26:57.662408+00:00", "level": "INFO", "jobId": "66f4ec9b-7c6f-404a-a7fe-9a1e7f78a32b", "keyword": "khai truong", "step": "capture", "message": "No post elements found yet (round=4, loading_rounds=4). url=https://www.facebook.com/search/posts/?q=khai%20truong", "data": null, "seq": 1887}
{"ts": "2026-04-27T14:26:58.772116+00:00", "level": "INFO", "jobId": "66f4ec9b-7c6f-404a-a7fe-9a1e7f78a32b", "keyword": "khai truong", "step": "capture", "message": "Scrolling…", "data": null, "seq": 1888}
{"ts": "2026-04-27T14:26:58.819124+00:00", "level": "WARN", "jobId": "66f4ec9b-7c6f-404a-a7fe-9a1e7f78a32b", "keyword": "khai truong", "step": "relaunch", "message": "Browser/page closed unexpectedly. Will relaunch + retry. (Page.evaluate: Target page, context or browser has been closed)", "data": null, "seq": 1889}
{"ts": "2026-04-27T14:27:00.855313+00:00", "level": "WARN", "jobId": "66f4ec9b-7c6f-404a-a7fe-9a1e7f78a32b", "keyword": "khai truong", "step": "retry", "message": "Reset job to pending for retry (closed target).", "data": null, "seq": 1890}
{"ts": "2026-04-27T14:27:00.855313+00:00", "level": "INFO", "jobId": "66f4ec9b-7c6f-404a-a7fe-9a1e7f78a32b", "keyword": "khai truong", "step": "cooldown", "message": "Between-keywords delay: 2.0s", "data": null, "seq": 1891}
{"ts": "2026-04-27T14:27:02.849390+00:00", "level": "INFO", "jobId": "66f4ec9b-7c6f-404a-a7fe-9a1e7f78a32b", "keyword": "khai truong", "step": "start", "message": "Job started (attempt 2/2)", "data": null, "seq": 1892}
{"ts": "2026-04-27T14:27:03.111887+00:00", "level": "WARN", "jobId": "66f4ec9b-7c6f-404a-a7fe-9a1e7f78a32b", "keyword": "khai truong", "step": "relaunch", "message": "Browser/page closed unexpectedly. Will relaunch + retry. (Page.goto: Target page, context or browser has been closed)", "data": null, "seq": 1893}
{"ts": "2026-04-27T14:27:05.191430+00:00", "level": "INFO", "jobId": "66f4ec9b-7c6f-404a-a7fe-9a1e7f78a32b", "keyword": "khai truong", "step": "cooldown", "message": "Between-keywords delay: 1.9s", "data": null, "seq": 1894}
