{"ts": "2026-04-27T11:37:38.849927+00:00", "level": "INFO", "jobId": "7b8c34f5-e7ed-47e4-b535-19809c16c759", "keyword": "khai truong", "step": "created", "message": "Job created", "data": {"maxPosts": 30}, "seq": 1355}
{"ts": "2026-04-27T11:37:38.886738+00:00", "level": "INFO", "jobId": "7b8c34f5-e7ed-47e4-b535-19809c16c759", "keyword": "khai truong", "step": "start", "message": "Job started (attempt 1/2)", "data": null, "seq": 1356}
{"ts": "2026-04-27T11:37:42.016304+00:00", "level": "INFO", "jobId": "7b8c34f5-e7ed-47e4-b535-19809c16c759", "keyword": "khai truong", "step": "login", "message": "Already logged in (profile session).", "data": null, "seq": 1357}
{"ts": "2026-04-27T11:37:42.209461+00:00", "level": "INFO", "jobId": "7b8c34f5-e7ed-47e4-b535-19809c16c759", "keyword": "khai truong", "step": "search", "message": "Searching keyword: \"khai truong\"", "data": null, "seq": 1358}
{"ts": "2026-04-27T11:37:48.703225+00:00", "level": "INFO", "jobId": "7b8c34f5-e7ed-47e4-b535-19809c16c759", "keyword": "khai truong", "step": "filter", "message": "Enabling filter: \"Bài viết mới đây\"", "data": null, "seq": 1359}
{"ts": "2026-04-27T11:37:51.513601+00:00", "level": "INFO", "jobId": "7b8c34f5-e7ed-47e4-b535-19809c16c759", "keyword": "khai truong", "step": "filter", "message": "Opening filter panel (trigger click)...", "data": null, "seq": 1360}
{"ts": "2026-04-27T11:37:53.965194+00:00", "level": "INFO", "jobId": "7b8c34f5-e7ed-47e4-b535-19809c16c759", "keyword": "khai truong", "step": "filter", "message": "Opening filter panel (data-visualcompletion=\"ignore-dynamic\")...", "data": null, "seq": 1361}
{"ts": "2026-04-27T11:37:54.904115+00:00", "level": "INFO", "jobId": "7b8c34f5-e7ed-47e4-b535-19809c16c759", "keyword": "khai truong", "step": "filter", "message": "Opening filter panel (trigger click)...", "data": null, "seq": 1362}
{"ts": "2026-04-27T11:37:55.371192+00:00", "level": "INFO", "jobId": "7b8c34f5-e7ed-47e4-b535-19809c16c759", "keyword": "khai truong", "step": "filter", "message": "Opening filter panel (data-visualcompletion=\"ignore-dynamic\")...", "data": null, "seq": 1363}
{"ts": "2026-04-27T11:37:56.063828+00:00", "level": "INFO", "jobId": "7b8c34f5-e7ed-47e4-b535-19809c16c759", "keyword": "khai truong", "step": "filter", "message": "Opening filter panel (trigger click)...", "data": null, "seq": 1364}
{"ts": "2026-04-27T11:37:56.529446+00:00", "level": "INFO", "jobId": "7b8c34f5-e7ed-47e4-b535-19809c16c759", "keyword": "khai truong", "step": "filter", "message": "Opening filter panel (data-visualcompletion=\"ignore-dynamic\")...", "data": null, "seq": 1365}
{"ts": "2026-04-27T11:37:57.295677+00:00", "level": "INFO", "jobId": "7b8c34f5-e7ed-47e4-b535-19809c16c759", "keyword": "khai truong", "step": "filter", "message": "Opening filter panel (trigger click)...", "data": null, "seq": 1366}
{"ts": "2026-04-27T11:37:57.596796+00:00", "level": "INFO", "jobId": "7b8c34f5-e7ed-47e4-b535-19809c16c759", "keyword": "khai truong", "step": "filter", "message": "Opening filter panel (data-visualcompletion=\"ignore-dynamic\")...", "data": null, "seq": 1367}
{"ts": "2026-04-27T11:37:58.364493+00:00", "level": "INFO", "jobId": "7b8c34f5-e7ed-47e4-b535-19809c16c759", "keyword": "khai truong", "step": "filter", "message": "Opening filter panel (trigger click)...", "data": null, "seq": 1368}
{"ts": "2026-04-27T11:37:58.659111+00:00", "level": "INFO", "jobId": "7b8c34f5-e7ed-47e4-b535-19809c16c759", "keyword": "khai truong", "step": "filter", "message": "Opening filter panel (data-visualcompletion=\"ignore-dynamic\")...", "data": null, "seq": 1369}
{"ts": "2026-04-27T11:37:59.687290+00:00", "level": "INFO", "jobId": "7b8c34f5-e7ed-47e4-b535-19809c16c759", "keyword": "khai truong", "step": "filter", "message": "Opening filter panel (trigger click)...", "data": null, "seq": 1370}
{"ts": "2026-04-27T11:38:00.119388+00:00", "level": "INFO", "jobId": "7b8c34f5-e7ed-47e4-b535-19809c16c759", "keyword": "khai truong", "step": "filter", "message": "Opening filter panel (data-visualcompletion=\"ignore-dynamic\")...", "data": null, "seq": 1371}
{"ts": "2026-04-27T11:38:01.280875+00:00", "level": "INFO", "jobId": "7b8c34f5-e7ed-47e4-b535-19809c16c759", "keyword": "khai truong", "step": "filter", "message": "Opening filter panel (trigger click)...", "data": null, "seq": 1372}
{"ts": "2026-04-27T11:38:01.537769+00:00", "level": "INFO", "jobId": "7b8c34f5-e7ed-47e4-b535-19809c16c759", "keyword": "khai truong", "step": "filter", "message": "Opening filter panel (data-visualcompletion=\"ignore-dynamic\")...", "data": null, "seq": 1373}
{"ts": "2026-04-27T11:38:02.983010+00:00", "level": "INFO", "jobId": "7b8c34f5-e7ed-47e4-b535-19809c16c759", "keyword": "khai truong", "step": "filter", "message": "Opening filter panel (trigger click)...", "data": null, "seq": 1374}
{"ts": "2026-04-27T11:38:03.259289+00:00", "level": "INFO", "jobId": "7b8c34f5-e7ed-47e4-b535-19809c16c759", "keyword": "khai truong", "step": "filter", "message": "Opening filter panel (data-visualcompletion=\"ignore-dynamic\")...", "data": null, "seq": 1375}
{"ts": "2026-04-27T11:38:04.998512+00:00", "level": "INFO", "jobId": "7b8c34f5-e7ed-47e4-b535-19809c16c759", "keyword": "khai truong", "step": "filter", "message": "Opening filter panel (trigger click)...", "data": null, "seq": 1376}
{"ts": "2026-04-27T11:38:05.777801+00:00", "level": "INFO", "jobId": "7b8c34f5-e7ed-47e4-b535-19809c16c759", "keyword": "khai truong", "step": "filter", "message": "Opening filter panel (data-visualcompletion=\"ignore-dynamic\")...", "data": null, "seq": 1377}
{"ts": "2026-04-27T11:38:07.782261+00:00", "level": "INFO", "jobId": "7b8c34f5-e7ed-47e4-b535-19809c16c759", "keyword": "khai truong", "step": "filter", "message": "Filter \"Bài viết mới đây\" enabled.", "data": null, "seq": 1378}
{"ts": "2026-04-27T11:38:07.970501+00:00", "level": "INFO", "jobId": "7b8c34f5-e7ed-47e4-b535-19809c16c759", "keyword": "khai truong", "step": "capture", "message": "Start capturing up to 30 posts.", "data": null, "seq": 1379}
{"ts": "2026-04-27T11:38:08.030093+00:00", "level": "INFO", "jobId": "7b8c34f5-e7ed-47e4-b535-19809c16c759", "keyword": "khai truong", "step": "capture", "message": "ScrollController refresh (init).", "data": null, "seq": 1380}
{"ts": "2026-04-27T11:38:08.056029+00:00", "level": "INFO", "jobId": "7b8c34f5-e7ed-47e4-b535-19809c16c759", "keyword": "khai truong", "step": "capture", "message": "Found 1 candidate posts in DOM.", "data": null, "seq": 1381}
{"ts": "2026-04-27T11:38:08.104779+00:00", "level": "INFO", "jobId": "7b8c34f5-e7ed-47e4-b535-19809c16c759", "keyword": "khai truong", "step": "capture", "message": "Capturing candidate sig=pos:|h:da39a3ee5e", "data": null, "seq": 1382}
{"ts": "2026-04-27T11:38:41.829916+00:00", "level": "INFO", "jobId": "7b8c34f5-e7ed-47e4-b535-19809c16c759", "keyword": "khai truong", "step": "capture", "message": "Screenshot attempt 1/2 ...", "data": null, "seq": 1383}
{"ts": "2026-04-27T11:40:47.162177+00:00", "level": "ERROR", "jobId": "7b8c34f5-e7ed-47e4-b535-19809c16c759", "keyword": "khai truong", "step": "error", "message": "Unhandled error: post rect unavailable (detached?)", "data": {"trace": "Traceback (most recent call last):\n  File \"C:\\Users\\nguyenkhanhduyit\\Desktop\\Posts\\worker\\runner.py\", line 499, in main\n    saved = capture_posts(\n        page,\n    ...<4 lines>...\n        should_cancel=should_cancel,\n    )\n  File \"C:\\Users\\nguyenkhanhduyit\\Desktop\\Posts\\worker\\fb_automation\\automation.py\", line 1180, in capture_posts\n    _capture_post_image_cdp(page, picked, path=tmp_path)\n    ~~~~~~~~~~~~~~~~~~~~~~~^^^^^^^^^^^^^^^^^^^^^^^^^^^^^\n  File \"C:\\Users\\nguyenkhanhduyit\\Desktop\\Posts\\worker\\fb_automation\\automation.py\", line 644, in _capture_post_image_cdp\n    raise RuntimeError(\"post rect unavailable (detached?)\")\nRuntimeError: post rect unavailable (detached?)\n"}, "seq": 1384}
{"ts": "2026-04-27T11:40:47.162921+00:00", "level": "INFO", "jobId": "7b8c34f5-e7ed-47e4-b535-19809c16c759", "keyword": "khai truong", "step": "cooldown", "message": "Between-keywords delay: 1.4s", "data": null, "seq": 1385}
