{"ts": "2026-04-27T14:32:01.247368+00:00", "level": "INFO", "jobId": "a54fa7aa-55a4-4b6c-b54a-974ee243c2a0", "keyword": "khai truong", "step": "created", "message": "Job created", "data": {"maxPosts": 30}, "seq": 1913}
{"ts": "2026-04-27T14:32:01.975205+00:00", "level": "INFO", "jobId": "a54fa7aa-55a4-4b6c-b54a-974ee243c2a0", "keyword": "khai truong", "step": "start", "message": "Job started (attempt 1/2)", "data": null, "seq": 1914}
{"ts": "2026-04-27T14:32:10.460470+00:00", "level": "INFO", "jobId": "a54fa7aa-55a4-4b6c-b54a-974ee243c2a0", "keyword": "khai truong", "step": "login", "message": "Already logged in (profile session).", "data": null, "seq": 1915}
{"ts": "2026-04-27T14:32:10.916159+00:00", "level": "INFO", "jobId": "a54fa7aa-55a4-4b6c-b54a-974ee243c2a0", "keyword": "khai truong", "step": "search", "message": "Searching keyword: \"khai truong\"", "data": null, "seq": 1916}
{"ts": "2026-04-27T14:32:23.582243+00:00", "level": "INFO", "jobId": "a54fa7aa-55a4-4b6c-b54a-974ee243c2a0", "keyword": "khai truong", "step": "filter", "message": "Enabling filter: \"Bài viết mới đây\"", "data": null, "seq": 1917}
{"ts": "2026-04-27T14:32:23.765354+00:00", "level": "INFO", "jobId": "a54fa7aa-55a4-4b6c-b54a-974ee243c2a0", "keyword": "khai truong", "step": "filter", "message": "Đang mở panel bộ lọc…", "data": null, "seq": 1918}
{"ts": "2026-04-27T14:32:24.339881+00:00", "level": "INFO", "jobId": "a54fa7aa-55a4-4b6c-b54a-974ee243c2a0", "keyword": "khai truong", "step": "filter", "message": "Đang mở panel bộ lọc…", "data": null, "seq": 1919}
{"ts": "2026-04-27T14:32:31.273811+00:00", "level": "INFO", "jobId": "a54fa7aa-55a4-4b6c-b54a-974ee243c2a0", "keyword": "khai truong", "step": "filter", "message": "Đang mở panel bộ lọc…", "data": null, "seq": 1920}
{"ts": "2026-04-27T14:32:37.700829+00:00", "level": "INFO", "jobId": "a54fa7aa-55a4-4b6c-b54a-974ee243c2a0", "keyword": "khai truong", "step": "filter", "message": "Đang mở panel bộ lọc…", "data": null, "seq": 1921}
{"ts": "2026-04-27T14:32:43.978444+00:00", "level": "INFO", "jobId": "a54fa7aa-55a4-4b6c-b54a-974ee243c2a0", "keyword": "khai truong", "step": "filter", "message": "Đang mở panel bộ lọc…", "data": null, "seq": 1922}
{"ts": "2026-04-27T14:32:51.497855+00:00", "level": "INFO", "jobId": "a54fa7aa-55a4-4b6c-b54a-974ee243c2a0", "keyword": "khai truong", "step": "filter", "message": "Đang mở panel bộ lọc…", "data": null, "seq": 1923}
{"ts": "2026-04-27T14:32:57.908809+00:00", "level": "INFO", "jobId": "a54fa7aa-55a4-4b6c-b54a-974ee243c2a0", "keyword": "khai truong", "step": "filter", "message": "Đang mở panel bộ lọc…", "data": null, "seq": 1924}
{"ts": "2026-04-27T14:33:04.273448+00:00", "level": "INFO", "jobId": "a54fa7aa-55a4-4b6c-b54a-974ee243c2a0", "keyword": "khai truong", "step": "filter", "message": "Đang mở panel bộ lọc…", "data": null, "seq": 1925}
{"ts": "2026-04-27T14:33:10.664542+00:00", "level": "INFO", "jobId": "a54fa7aa-55a4-4b6c-b54a-974ee243c2a0", "keyword": "khai truong", "step": "filter", "message": "Đang mở panel bộ lọc…", "data": null, "seq": 1926}
{"ts": "2026-04-27T14:33:16.695360+00:00", "level": "INFO", "jobId": "a54fa7aa-55a4-4b6c-b54a-974ee243c2a0", "keyword": "khai truong", "step": "filter", "message": "Đang mở panel bộ lọc…", "data": null, "seq": 1927}
{"ts": "2026-04-27T14:33:26.222934+00:00", "level": "INFO", "jobId": "a54fa7aa-55a4-4b6c-b54a-974ee243c2a0", "keyword": "khai truong", "step": "filter", "message": "Đang mở panel bộ lọc…", "data": null, "seq": 1928}
{"ts": "2026-04-27T14:33:30.562974+00:00", "level": "INFO", "jobId": "a54fa7aa-55a4-4b6c-b54a-974ee243c2a0", "keyword": "khai truong", "step": "filter", "message": "Filter \"Bài viết mới đây\" enabled.", "data": null, "seq": 1929}
{"ts": "2026-04-27T14:33:30.569249+00:00", "level": "INFO", "jobId": "a54fa7aa-55a4-4b6c-b54a-974ee243c2a0", "keyword": "khai truong", "step": "filter", "message": "Chuyển sang trang kết quả Bài viết…", "data": null, "seq": 1930}
{"ts": "2026-04-27T14:33:39.963408+00:00", "level": "INFO", "jobId": "a54fa7aa-55a4-4b6c-b54a-974ee243c2a0", "keyword": "khai truong", "step": "capture", "message": "Start capturing up to 30 posts.", "data": null, "seq": 1931}
{"ts": "2026-04-27T14:33:39.983014+00:00", "level": "INFO", "jobId": "a54fa7aa-55a4-4b6c-b54a-974ee243c2a0", "keyword": "khai truong", "step": "capture", "message": "Selector debug failed: Page.evaluate() got an unexpected keyword argument 'timeout'", "data": null, "seq": 1932}
{"ts": "2026-04-27T14:33:39.984160+00:00", "level": "INFO", "jobId": "a54fa7aa-55a4-4b6c-b54a-974ee243c2a0", "keyword": "khai truong", "step": "capture", "message": "No post elements found yet (round=1, loading_rounds=1). url=https://www.facebook.com/search/posts/?q=khai%20truong", "data": null, "seq": 1933}
{"ts": "2026-04-27T14:33:41.118020+00:00", "level": "INFO", "jobId": "a54fa7aa-55a4-4b6c-b54a-974ee243c2a0", "keyword": "khai truong", "step": "capture", "message": "Scrolling…", "data": null, "seq": 1934}
{"ts": "2026-04-27T14:33:45.197851+00:00", "level": "WARN", "jobId": "a54fa7aa-55a4-4b6c-b54a-974ee243c2a0", "keyword": "khai truong", "step": "relaunch", "message": "Browser/page closed unexpectedly. Will relaunch + retry. (Locator.inner_text: Target page, context or browser has been closed)", "data": null, "seq": 1935}
{"ts": "2026-04-27T14:33:47.135809+00:00", "level": "WARN", "jobId": "a54fa7aa-55a4-4b6c-b54a-974ee243c2a0", "keyword": "khai truong", "step": "retry", "message": "Reset job to pending for retry (closed target).", "data": null, "seq": 1936}
{"ts": "2026-04-27T14:33:47.135809+00:00", "level": "INFO", "jobId": "a54fa7aa-55a4-4b6c-b54a-974ee243c2a0", "keyword": "khai truong", "step": "cooldown", "message": "Between-keywords delay: 1.8s", "data": null, "seq": 1937}
{"ts": "2026-04-27T14:33:48.960135+00:00", "level": "INFO", "jobId": "a54fa7aa-55a4-4b6c-b54a-974ee243c2a0", "keyword": "khai truong", "step": "start", "message": "Job started (attempt 2/2)", "data": null, "seq": 1938}
{"ts": "2026-04-27T14:33:49.735142+00:00", "level": "ERROR", "jobId": "a54fa7aa-55a4-4b6c-b54a-974ee243c2a0", "keyword": "khai truong", "step": "error", "message": "Unhandled error: Page.goto: Connection closed while reading from the driver", "data": {"trace": "Traceback (most recent call last):\n  File \"C:\\Users\\nguyenkhanhduyit\\Desktop\\Posts\\app\\worker\\runner.py\", line 539, in main\n    ensure_login(page, params, lambda s, m: jlog(s, m))\n  File \"C:\\Users\\nguyenkhanhduyit\\Desktop\\Posts\\app\\worker\\fb_automation\\automation.py\", line 121, in ensure_login\n    _goto_home(page)\n  File \"C:\\Users\\nguyenkhanhduyit\\Desktop\\Posts\\app\\worker\\fb_automation\\automation.py\", line 108, in _goto_home\n    page.goto(\"https://www.facebook.com/\", wait_until=\"domcontentloaded\", timeout=60_000)\n  File \"C:\\Users\\nguyenkhanhduyit\\AppData\\Local\\Programs\\Python\\Python310\\lib\\site-packages\\playwright\\sync_api\\_generated.py\", line 9006, in goto\n    self._sync(\n  File \"C:\\Users\\nguyenkhanhduyit\\AppData\\Local\\Programs\\Python\\Python310\\lib\\site-packages\\playwright\\_impl\\_sync_base.py\", line 115, in _sync\n    return task.result()\n  File \"C:\\Users\\nguyenkhanhduyit\\AppData\\Local\\Programs\\Python\\Python310\\lib\\site-packages\\playwright\\_impl\\_page.py\", line 551, in goto\n    return await self._main_frame.goto(**locals_to_params(locals()))\n  File \"C:\\Users\\nguyenkhanhduyit\\AppData\\Local\\Programs\\Python\\Python310\\lib\\site-packages\\playwright\\_impl\\_frame.py\", line 145, in goto\n    await self._channel.send(\"goto\", locals_to_params(locals()))\n  File \"C:\\Users\\nguyenkhanhduyit\\AppData\\Local\\Programs\\Python\\Python310\\lib\\site-packages\\playwright\\_impl\\_connection.py\", line 61, in send\n    return await self._connection.wrap_api_call(\n  File \"C:\\Users\\nguyenkhanhduyit\\AppData\\Local\\Programs\\Python\\Python310\\lib\\site-packages\\playwright\\_impl\\_connection.py\", line 528, in wrap_api_call\n    raise rewrite_error(error, f\"{parsed_st['apiName']}: {error}\") from None\nException: Page.goto: Connection closed while reading from the driver\n"}, "seq": 1939}
{"ts": "2026-04-27T14:33:49.736546+00:00", "level": "INFO", "jobId": "a54fa7aa-55a4-4b6c-b54a-974ee243c2a0", "keyword": "khai truong", "step": "cooldown", "message": "Between-keywords delay: 1.7s", "data": null, "seq": 1940}
