{"ts": "2026-04-27T14:13:01.281078+00:00", "level": "INFO", "jobId": "b2c474f2-6768-4139-b0d8-591a76016b0b", "keyword": "khai truong", "step": "created", "message": "Job created", "data": {"maxPosts": 30}, "seq": 1740}
{"ts": "2026-04-27T14:13:01.603026+00:00", "level": "INFO", "jobId": "b2c474f2-6768-4139-b0d8-591a76016b0b", "keyword": "khai truong", "step": "start", "message": "Job started (attempt 1/2)", "data": null, "seq": 1741}
{"ts": "2026-04-27T14:13:07.092753+00:00", "level": "INFO", "jobId": "b2c474f2-6768-4139-b0d8-591a76016b0b", "keyword": "khai truong", "step": "login", "message": "Already logged in (profile session).", "data": null, "seq": 1742}
{"ts": "2026-04-27T14:13:11.600173+00:00", "level": "WARN", "jobId": "b2c474f2-6768-4139-b0d8-591a76016b0b", "keyword": "khai truong", "step": "network", "message": "Network slow during search: rtt=1054ms http=3450ms (slow). Increasing timeouts.", "data": null, "seq": 1743}
{"ts": "2026-04-27T14:13:11.603806+00:00", "level": "INFO", "jobId": "b2c474f2-6768-4139-b0d8-591a76016b0b", "keyword": "khai truong", "step": "search", "message": "Searching keyword: \"khai truong\"", "data": null, "seq": 1744}
{"ts": "2026-04-27T14:13:19.270040+00:00", "level": "WARN", "jobId": "b2c474f2-6768-4139-b0d8-591a76016b0b", "keyword": "khai truong", "step": "network", "message": "Network slow during filter: rtt=725ms http=2454ms (slow). Increasing timeouts.", "data": null, "seq": 1745}
{"ts": "2026-04-27T14:13:19.273742+00:00", "level": "INFO", "jobId": "b2c474f2-6768-4139-b0d8-591a76016b0b", "keyword": "khai truong", "step": "filter", "message": "Enabling filter: \"Bài viết mới đây\"", "data": null, "seq": 1746}
{"ts": "2026-04-27T14:13:21.983759+00:00", "level": "INFO", "jobId": "b2c474f2-6768-4139-b0d8-591a76016b0b", "keyword": "khai truong", "step": "filter", "message": "Đang mở panel bộ lọc…", "data": null, "seq": 1747}
{"ts": "2026-04-27T14:13:22.688086+00:00", "level": "INFO", "jobId": "b2c474f2-6768-4139-b0d8-591a76016b0b", "keyword": "khai truong", "step": "filter", "message": "Đang mở panel bộ lọc…", "data": null, "seq": 1748}
{"ts": "2026-04-27T14:13:30.171268+00:00", "level": "INFO", "jobId": "b2c474f2-6768-4139-b0d8-591a76016b0b", "keyword": "khai truong", "step": "filter", "message": "Đang mở panel bộ lọc…", "data": null, "seq": 1749}
{"ts": "2026-04-27T14:13:36.429319+00:00", "level": "INFO", "jobId": "b2c474f2-6768-4139-b0d8-591a76016b0b", "keyword": "khai truong", "step": "filter", "message": "Đang mở panel bộ lọc…", "data": null, "seq": 1750}
{"ts": "2026-04-27T14:13:42.839855+00:00", "level": "INFO", "jobId": "b2c474f2-6768-4139-b0d8-591a76016b0b", "keyword": "khai truong", "step": "filter", "message": "Đang mở panel bộ lọc…", "data": null, "seq": 1751}
{"ts": "2026-04-27T14:13:50.271152+00:00", "level": "INFO", "jobId": "b2c474f2-6768-4139-b0d8-591a76016b0b", "keyword": "khai truong", "step": "filter", "message": "Đang mở panel bộ lọc…", "data": null, "seq": 1752}
{"ts": "2026-04-27T14:13:56.279916+00:00", "level": "INFO", "jobId": "b2c474f2-6768-4139-b0d8-591a76016b0b", "keyword": "khai truong", "step": "filter", "message": "Đang mở panel bộ lọc…", "data": null, "seq": 1753}
{"ts": "2026-04-27T14:14:01.650239+00:00", "level": "INFO", "jobId": "b2c474f2-6768-4139-b0d8-591a76016b0b", "keyword": "khai truong", "step": "filter", "message": "Filter \"Bài viết mới đây\" enabled.", "data": null, "seq": 1754}
{"ts": "2026-04-27T14:14:02.398133+00:00", "level": "INFO", "jobId": "b2c474f2-6768-4139-b0d8-591a76016b0b", "keyword": "khai truong", "step": "capture", "message": "Start capturing up to 30 posts.", "data": null, "seq": 1755}
{"ts": "2026-04-27T14:14:02.517503+00:00", "level": "INFO", "jobId": "b2c474f2-6768-4139-b0d8-591a76016b0b", "keyword": "khai truong", "step": "capture", "message": "Capturing 1/30…", "data": null, "seq": 1756}
{"ts": "2026-04-27T14:14:04.140829+00:00", "level": "INFO", "jobId": "b2c474f2-6768-4139-b0d8-591a76016b0b", "keyword": "khai truong", "step": "capture", "message": "No new posts after multiple scrolls. Stopping early.", "data": null, "seq": 1757}
{"ts": "2026-04-27T14:14:04.154565+00:00", "level": "INFO", "jobId": "b2c474f2-6768-4139-b0d8-591a76016b0b", "keyword": "khai truong", "step": "capture", "message": "Stopped early: saved=0, stalls=2", "data": null, "seq": 1758}
{"ts": "2026-04-27T14:14:04.154565+00:00", "level": "INFO", "jobId": "b2c474f2-6768-4139-b0d8-591a76016b0b", "keyword": "khai truong", "step": "done", "message": "Completed. Saved=0", "data": null, "seq": 1759}
{"ts": "2026-04-27T14:14:04.155966+00:00", "level": "INFO", "jobId": "b2c474f2-6768-4139-b0d8-591a76016b0b", "keyword": "khai truong", "step": "cooldown", "message": "Between-keywords delay: 1.5s", "data": null, "seq": 1760}
