{"ts": "2026-04-27T14:45:46.201597+00:00", "level": "INFO", "jobId": "cc769adc-1813-4116-b0f3-ad2372be721d", "keyword": "khai truong", "step": "created", "message": "Job created", "data": {"maxPosts": 30}, "seq": 2006}
{"ts": "2026-04-27T14:45:46.987036+00:00", "level": "INFO", "jobId": "cc769adc-1813-4116-b0f3-ad2372be721d", "keyword": "khai truong", "step": "start", "message": "Job started (attempt 1/2)", "data": null, "seq": 2007}
{"ts": "2026-04-27T14:45:51.844847+00:00", "level": "INFO", "jobId": "cc769adc-1813-4116-b0f3-ad2372be721d", "keyword": "khai truong", "step": "login", "message": "Already logged in (profile session).", "data": null, "seq": 2008}
{"ts": "2026-04-27T14:45:52.337842+00:00", "level": "INFO", "jobId": "cc769adc-1813-4116-b0f3-ad2372be721d", "keyword": "khai truong", "step": "search", "message": "Searching keyword: \"khai truong\"", "data": null, "seq": 2009}
{"ts": "2026-04-27T14:45:55.508134+00:00", "level": "INFO", "jobId": "cc769adc-1813-4116-b0f3-ad2372be721d", "keyword": "khai truong", "step": "filter", "message": "Enabling filter: \"Bài viết mới đây\"", "data": null, "seq": 2010}
{"ts": "2026-04-27T14:45:55.509722+00:00", "level": "INFO", "jobId": "cc769adc-1813-4116-b0f3-ad2372be721d", "keyword": "khai truong", "step": "filter", "message": "Áp dụng lọc bằng link (search/top + filters)…", "data": null, "seq": 2011}
{"ts": "2026-04-27T14:45:58.229769+00:00", "level": "INFO", "jobId": "cc769adc-1813-4116-b0f3-ad2372be721d", "keyword": "khai truong", "step": "filter", "message": "Filter \"Bài viết mới đây\" enabled.", "data": null, "seq": 2012}
{"ts": "2026-04-27T14:45:58.980014+00:00", "level": "INFO", "jobId": "cc769adc-1813-4116-b0f3-ad2372be721d", "keyword": "khai truong", "step": "capture", "message": "Start capturing up to 30 posts.", "data": null, "seq": 2013}
{"ts": "2026-04-27T14:45:59.640377+00:00", "level": "INFO", "jobId": "cc769adc-1813-4116-b0f3-ad2372be721d", "keyword": "khai truong", "step": "capture", "message": "Scrolling…", "data": null, "seq": 2014}
{"ts": "2026-04-27T14:46:00.640731+00:00", "level": "INFO", "jobId": "cc769adc-1813-4116-b0f3-ad2372be721d", "keyword": "khai truong", "step": "capture", "message": "Selector debug: {'hasMain': True, 'roleArticle': 0, 'divRoleArticle': 0, 'articleTag': 0, 'ariaPosinset': 9, 'feedUnit': 0, 'anyPagelet': 0}", "data": null, "seq": 2015}
{"ts": "2026-04-27T14:46:00.642192+00:00", "level": "INFO", "jobId": "cc769adc-1813-4116-b0f3-ad2372be721d", "keyword": "khai truong", "step": "capture", "message": "No post elements found yet (round=2, loading_rounds=1). url=https://www.facebook.com/search/top/?q=khai%20truong&filters=eyJyZWNlbnRfcG9zdHM6MCI6IntcIm5hbWVcIjpcInJlY2VudF9wb3N0c1wiLFwiYXJnc1wiOlwiXCJ9In0%3D", "data": null, "seq": 2016}
{"ts": "2026-04-27T14:46:02.516845+00:00", "level": "INFO", "jobId": "cc769adc-1813-4116-b0f3-ad2372be721d", "keyword": "khai truong", "step": "capture", "message": "Capturing 1/30…", "data": null, "seq": 2017}
{"ts": "2026-04-27T14:46:05.181980+00:00", "level": "INFO", "jobId": "cc769adc-1813-4116-b0f3-ad2372be721d", "keyword": "khai truong", "step": "capture", "message": "Capturing 1/30…", "data": null, "seq": 2018}
{"ts": "2026-04-27T14:46:06.420807+00:00", "level": "INFO", "jobId": "cc769adc-1813-4116-b0f3-ad2372be721d", "keyword": "khai truong", "step": "capture", "message": "Skip stats: {'not_in_viewport': 17, 'skeleton': 0, 'wait_loading': 4, 'wait_media': 0, 'screenshot_skip': 0}", "data": null, "seq": 2019}
{"ts": "2026-04-27T14:46:08.675624+00:00", "level": "INFO", "jobId": "cc769adc-1813-4116-b0f3-ad2372be721d", "keyword": "khai truong", "step": "capture", "message": "Capturing 1/30…", "data": null, "seq": 2020}
{"ts": "2026-04-27T14:46:11.546873+00:00", "level": "INFO", "jobId": "cc769adc-1813-4116-b0f3-ad2372be721d", "keyword": "khai truong", "step": "capture", "message": "Capturing 1/30…", "data": null, "seq": 2021}
{"ts": "2026-04-27T14:46:15.924232+00:00", "level": "INFO", "jobId": "cc769adc-1813-4116-b0f3-ad2372be721d", "keyword": "khai truong", "step": "capture", "message": "Capturing 1/30…", "data": null, "seq": 2022}
{"ts": "2026-04-27T14:46:18.498439+00:00", "level": "INFO", "jobId": "cc769adc-1813-4116-b0f3-ad2372be721d", "keyword": "khai truong", "step": "capture", "message": "Capturing 1/30…", "data": null, "seq": 2023}
{"ts": "2026-04-27T14:46:19.939492+00:00", "level": "INFO", "jobId": "cc769adc-1813-4116-b0f3-ad2372be721d", "keyword": "khai truong", "step": "capture", "message": "Skip stats: {'not_in_viewport': 24, 'skeleton': 2, 'wait_loading': 21, 'wait_media': 0, 'screenshot_skip': 0}", "data": null, "seq": 2024}
{"ts": "2026-04-27T14:46:21.708109+00:00", "level": "INFO", "jobId": "cc769adc-1813-4116-b0f3-ad2372be721d", "keyword": "khai truong", "step": "capture", "message": "Capturing 1/30…", "data": null, "seq": 2025}
{"ts": "2026-04-27T14:46:44.577194+00:00", "level": "INFO", "jobId": "cc769adc-1813-4116-b0f3-ad2372be721d", "keyword": "khai truong", "step": "capture", "message": "Capturing 1/30…", "data": null, "seq": 2026}
{"ts": "2026-04-27T14:46:49.181188+00:00", "level": "INFO", "jobId": "cc769adc-1813-4116-b0f3-ad2372be721d", "keyword": "khai truong", "step": "capture", "message": "Capturing 1/30…", "data": null, "seq": 2027}
{"ts": "2026-04-27T14:46:51.948488+00:00", "level": "INFO", "jobId": "cc769adc-1813-4116-b0f3-ad2372be721d", "keyword": "khai truong", "step": "capture", "message": "Capturing 1/30…", "data": null, "seq": 2028}
{"ts": "2026-04-27T14:46:56.450214+00:00", "level": "INFO", "jobId": "cc769adc-1813-4116-b0f3-ad2372be721d", "keyword": "khai truong", "step": "capture", "message": "Capturing 1/30…", "data": null, "seq": 2029}
{"ts": "2026-04-27T14:47:01.060006+00:00", "level": "INFO", "jobId": "cc769adc-1813-4116-b0f3-ad2372be721d", "keyword": "khai truong", "step": "capture", "message": "Capturing 1/30…", "data": null, "seq": 2030}
{"ts": "2026-04-27T14:47:05.368583+00:00", "level": "INFO", "jobId": "cc769adc-1813-4116-b0f3-ad2372be721d", "keyword": "khai truong", "step": "capture", "message": "Capturing 1/30…", "data": null, "seq": 2031}
{"ts": "2026-04-27T14:47:10.017185+00:00", "level": "INFO", "jobId": "cc769adc-1813-4116-b0f3-ad2372be721d", "keyword": "khai truong", "step": "capture", "message": "Capturing 1/30…", "data": null, "seq": 2032}
{"ts": "2026-04-27T14:47:14.489354+00:00", "level": "INFO", "jobId": "cc769adc-1813-4116-b0f3-ad2372be721d", "keyword": "khai truong", "step": "capture", "message": "Capturing 1/30…", "data": null, "seq": 2033}
{"ts": "2026-04-27T14:47:18.960733+00:00", "level": "INFO", "jobId": "cc769adc-1813-4116-b0f3-ad2372be721d", "keyword": "khai truong", "step": "capture", "message": "Capturing 1/30…", "data": null, "seq": 2034}
{"ts": "2026-04-27T14:47:23.578034+00:00", "level": "INFO", "jobId": "cc769adc-1813-4116-b0f3-ad2372be721d", "keyword": "khai truong", "step": "capture", "message": "Scrolling…", "data": null, "seq": 2035}
{"ts": "2026-04-27T14:47:29.097020+00:00", "level": "INFO", "jobId": "cc769adc-1813-4116-b0f3-ad2372be721d", "keyword": "khai truong", "step": "capture", "message": "Scrolling…", "data": null, "seq": 2036}
{"ts": "2026-04-27T14:47:34.420064+00:00", "level": "INFO", "jobId": "cc769adc-1813-4116-b0f3-ad2372be721d", "keyword": "khai truong", "step": "capture", "message": "Scrolling…", "data": null, "seq": 2037}
{"ts": "2026-04-27T14:47:40.264430+00:00", "level": "INFO", "jobId": "cc769adc-1813-4116-b0f3-ad2372be721d", "keyword": "khai truong", "step": "capture", "message": "Scrolling…", "data": null, "seq": 2038}
{"ts": "2026-04-27T14:47:46.398930+00:00", "level": "INFO", "jobId": "cc769adc-1813-4116-b0f3-ad2372be721d", "keyword": "khai truong", "step": "capture", "message": "Scrolling…", "data": null, "seq": 2039}
{"ts": "2026-04-27T14:47:47.307906+00:00", "level": "WARN", "jobId": "cc769adc-1813-4116-b0f3-ad2372be721d", "keyword": "khai truong", "step": "relaunch", "message": "Browser/page closed unexpectedly. Will relaunch + retry. (Locator.inner_text: Target page, context or browser has been closed)", "data": null, "seq": 2040}
{"ts": "2026-04-27T14:47:49.268712+00:00", "level": "WARN", "jobId": "cc769adc-1813-4116-b0f3-ad2372be721d", "keyword": "khai truong", "step": "retry", "message": "Reset job to pending for retry (closed target).", "data": null, "seq": 2041}
{"ts": "2026-04-27T14:47:49.269755+00:00", "level": "INFO", "jobId": "cc769adc-1813-4116-b0f3-ad2372be721d", "keyword": "khai truong", "step": "cooldown", "message": "Between-keywords delay: 1.8s", "data": null, "seq": 2042}
{"ts": "2026-04-27T14:47:51.119125+00:00", "level": "INFO", "jobId": "cc769adc-1813-4116-b0f3-ad2372be721d", "keyword": "khai truong", "step": "start", "message": "Job started (attempt 2/2)", "data": null, "seq": 2043}
{"ts": "2026-04-27T14:47:51.840646+00:00", "level": "ERROR", "jobId": "cc769adc-1813-4116-b0f3-ad2372be721d", "keyword": "khai truong", "step": "error", "message": "Unhandled error: Page.goto: Connection closed while reading from the driver", "data": {"trace": "Traceback (most recent call last):\n  File \"C:\\Users\\nguyenkhanhduyit\\Desktop\\Posts\\app\\worker\\runner.py\", line 539, in main\n    ensure_login(page, params, lambda s, m: jlog(s, m))\n  File \"C:\\Users\\nguyenkhanhduyit\\Desktop\\Posts\\app\\worker\\fb_automation\\automation.py\", line 126, in ensure_login\n    _goto_home(page)\n  File \"C:\\Users\\nguyenkhanhduyit\\Desktop\\Posts\\app\\worker\\fb_automation\\automation.py\", line 113, in _goto_home\n    page.goto(\"https://www.facebook.com/\", wait_until=\"domcontentloaded\", timeout=60_000)\n  File \"C:\\Users\\nguyenkhanhduyit\\AppData\\Local\\Programs\\Python\\Python310\\lib\\site-packages\\playwright\\sync_api\\_generated.py\", line 9006, in goto\n    self._sync(\n  File \"C:\\Users\\nguyenkhanhduyit\\AppData\\Local\\Programs\\Python\\Python310\\lib\\site-packages\\playwright\\_impl\\_sync_base.py\", line 115, in _sync\n    return task.result()\n  File \"C:\\Users\\nguyenkhanhduyit\\AppData\\Local\\Programs\\Python\\Python310\\lib\\site-packages\\playwright\\_impl\\_page.py\", line 551, in goto\n    return await self._main_frame.goto(**locals_to_params(locals()))\n  File \"C:\\Users\\nguyenkhanhduyit\\AppData\\Local\\Programs\\Python\\Python310\\lib\\site-packages\\playwright\\_impl\\_frame.py\", line 145, in goto\n    await self._channel.send(\"goto\", locals_to_params(locals()))\n  File \"C:\\Users\\nguyenkhanhduyit\\AppData\\Local\\Programs\\Python\\Python310\\lib\\site-packages\\playwright\\_impl\\_connection.py\", line 61, in send\n    return await self._connection.wrap_api_call(\n  File \"C:\\Users\\nguyenkhanhduyit\\AppData\\Local\\Programs\\Python\\Python310\\lib\\site-packages\\playwright\\_impl\\_connection.py\", line 528, in wrap_api_call\n    raise rewrite_error(error, f\"{parsed_st['apiName']}: {error}\") from None\nException: Page.goto: Connection closed while reading from the driver\n"}, "seq": 2044}
{"ts": "2026-04-27T14:47:51.842936+00:00", "level": "INFO", "jobId": "cc769adc-1813-4116-b0f3-ad2372be721d", "keyword": "khai truong", "step": "cooldown", "message": "Between-keywords delay: 1.6s", "data": null, "seq": 2045}
