{"ts": "2026-04-27T12:37:29.829315+00:00", "level": "INFO", "jobId": "d2ed411e-cfe5-4774-bf4a-9d47f749d7b0", "keyword": "khai truong", "step": "created", "message": "Job created", "data": {"maxPosts": 30}, "seq": 1585}
{"ts": "2026-04-27T12:37:29.929480+00:00", "level": "INFO", "jobId": "d2ed411e-cfe5-4774-bf4a-9d47f749d7b0", "keyword": "khai truong", "step": "start", "message": "Job started (attempt 1/2)", "data": null, "seq": 1586}
{"ts": "2026-04-27T12:37:32.941617+00:00", "level": "INFO", "jobId": "d2ed411e-cfe5-4774-bf4a-9d47f749d7b0", "keyword": "khai truong", "step": "login", "message": "Already logged in (profile session).", "data": null, "seq": 1587}
{"ts": "2026-04-27T12:37:33.164821+00:00", "level": "INFO", "jobId": "d2ed411e-cfe5-4774-bf4a-9d47f749d7b0", "keyword": "khai truong", "step": "search", "message": "Searching keyword: \"khai truong\"", "data": null, "seq": 1588}
{"ts": "2026-04-27T12:37:37.970547+00:00", "level": "INFO", "jobId": "d2ed411e-cfe5-4774-bf4a-9d47f749d7b0", "keyword": "khai truong", "step": "filter", "message": "Enabling filter: \"Bài viết mới đây\"", "data": null, "seq": 1589}
{"ts": "2026-04-27T12:37:39.832011+00:00", "level": "INFO", "jobId": "d2ed411e-cfe5-4774-bf4a-9d47f749d7b0", "keyword": "khai truong", "step": "filter", "message": "Đang mở panel bộ lọc…", "data": null, "seq": 1590}
{"ts": "2026-04-27T12:37:41.832469+00:00", "level": "INFO", "jobId": "d2ed411e-cfe5-4774-bf4a-9d47f749d7b0", "keyword": "khai truong", "step": "filter", "message": "Đang mở panel bộ lọc…", "data": null, "seq": 1591}
{"ts": "2026-04-27T12:37:48.587392+00:00", "level": "INFO", "jobId": "d2ed411e-cfe5-4774-bf4a-9d47f749d7b0", "keyword": "khai truong", "step": "filter", "message": "Đang mở panel bộ lọc…", "data": null, "seq": 1592}
{"ts": "2026-04-27T12:37:50.131113+00:00", "level": "INFO", "jobId": "d2ed411e-cfe5-4774-bf4a-9d47f749d7b0", "keyword": "khai truong", "step": "filter", "message": "Filter \"Bài viết mới đây\" enabled.", "data": null, "seq": 1593}
{"ts": "2026-04-27T12:37:51.786475+00:00", "level": "INFO", "jobId": "d2ed411e-cfe5-4774-bf4a-9d47f749d7b0", "keyword": "khai truong", "step": "capture", "message": "Start capturing up to 30 posts.", "data": null, "seq": 1594}
{"ts": "2026-04-27T12:38:39.781228+00:00", "level": "INFO", "jobId": "d2ed411e-cfe5-4774-bf4a-9d47f749d7b0", "keyword": "khai truong", "step": "capture", "message": "Saved post_001.png", "data": null, "seq": 1595}
{"ts": "2026-04-27T12:39:02.940959+00:00", "level": "INFO", "jobId": "d2ed411e-cfe5-4774-bf4a-9d47f749d7b0", "keyword": "khai truong", "step": "capture", "message": "Saved post_002.png", "data": null, "seq": 1596}
{"ts": "2026-04-27T12:39:07.703157+00:00", "level": "INFO", "jobId": "d2ed411e-cfe5-4774-bf4a-9d47f749d7b0", "keyword": "khai truong", "step": "capture", "message": "Saved post_003.png", "data": null, "seq": 1597}
{"ts": "2026-04-27T12:39:11.704661+00:00", "level": "INFO", "jobId": "d2ed411e-cfe5-4774-bf4a-9d47f749d7b0", "keyword": "khai truong", "step": "capture", "message": "Saved post_004.png", "data": null, "seq": 1598}
{"ts": "2026-04-27T12:39:15.900706+00:00", "level": "INFO", "jobId": "d2ed411e-cfe5-4774-bf4a-9d47f749d7b0", "keyword": "khai truong", "step": "capture", "message": "Saved post_005.png", "data": null, "seq": 1599}
{"ts": "2026-04-27T12:39:22.559814+00:00", "level": "INFO", "jobId": "d2ed411e-cfe5-4774-bf4a-9d47f749d7b0", "keyword": "khai truong", "step": "capture", "message": "Saved post_006.png", "data": null, "seq": 1600}
{"ts": "2026-04-27T12:39:27.818439+00:00", "level": "INFO", "jobId": "d2ed411e-cfe5-4774-bf4a-9d47f749d7b0", "keyword": "khai truong", "step": "capture", "message": "Saved post_007.png", "data": null, "seq": 1601}
{"ts": "2026-04-27T12:39:34.597058+00:00", "level": "INFO", "jobId": "d2ed411e-cfe5-4774-bf4a-9d47f749d7b0", "keyword": "khai truong", "step": "capture", "message": "Saved post_008.png", "data": null, "seq": 1602}
{"ts": "2026-04-27T12:39:40.879974+00:00", "level": "INFO", "jobId": "d2ed411e-cfe5-4774-bf4a-9d47f749d7b0", "keyword": "khai truong", "step": "capture", "message": "Saved post_009.png", "data": null, "seq": 1603}
{"ts": "2026-04-27T12:39:44.862158+00:00", "level": "INFO", "jobId": "d2ed411e-cfe5-4774-bf4a-9d47f749d7b0", "keyword": "khai truong", "step": "capture", "message": "Saved post_010.png", "data": null, "seq": 1604}
{"ts": "2026-04-27T12:39:49.816790+00:00", "level": "INFO", "jobId": "d2ed411e-cfe5-4774-bf4a-9d47f749d7b0", "keyword": "khai truong", "step": "capture", "message": "Saved post_011.png", "data": null, "seq": 1605}
{"ts": "2026-04-27T12:39:54.218167+00:00", "level": "INFO", "jobId": "d2ed411e-cfe5-4774-bf4a-9d47f749d7b0", "keyword": "khai truong", "step": "capture", "message": "Saved post_012.png", "data": null, "seq": 1606}
{"ts": "2026-04-27T12:39:57.474535+00:00", "level": "INFO", "jobId": "d2ed411e-cfe5-4774-bf4a-9d47f749d7b0", "keyword": "khai truong", "step": "capture", "message": "Saved post_013.png", "data": null, "seq": 1607}
{"ts": "2026-04-27T12:40:02.160032+00:00", "level": "INFO", "jobId": "d2ed411e-cfe5-4774-bf4a-9d47f749d7b0", "keyword": "khai truong", "step": "capture", "message": "Saved post_014.png", "data": null, "seq": 1608}
{"ts": "2026-04-27T12:40:06.449247+00:00", "level": "INFO", "jobId": "d2ed411e-cfe5-4774-bf4a-9d47f749d7b0", "keyword": "khai truong", "step": "capture", "message": "Saved post_015.png", "data": null, "seq": 1609}
{"ts": "2026-04-27T12:40:13.350775+00:00", "level": "INFO", "jobId": "d2ed411e-cfe5-4774-bf4a-9d47f749d7b0", "keyword": "khai truong", "step": "capture", "message": "Saved post_016.png", "data": null, "seq": 1610}
{"ts": "2026-04-27T12:40:17.508867+00:00", "level": "INFO", "jobId": "d2ed411e-cfe5-4774-bf4a-9d47f749d7b0", "keyword": "khai truong", "step": "capture", "message": "Saved post_017.png", "data": null, "seq": 1611}
{"ts": "2026-04-27T12:40:22.576589+00:00", "level": "INFO", "jobId": "d2ed411e-cfe5-4774-bf4a-9d47f749d7b0", "keyword": "khai truong", "step": "capture", "message": "Saved post_018.png", "data": null, "seq": 1612}
{"ts": "2026-04-27T12:40:27.543798+00:00", "level": "INFO", "jobId": "d2ed411e-cfe5-4774-bf4a-9d47f749d7b0", "keyword": "khai truong", "step": "capture", "message": "Saved post_019.png", "data": null, "seq": 1613}
{"ts": "2026-04-27T12:40:31.921951+00:00", "level": "INFO", "jobId": "d2ed411e-cfe5-4774-bf4a-9d47f749d7b0", "keyword": "khai truong", "step": "capture", "message": "Saved post_020.png", "data": null, "seq": 1614}
{"ts": "2026-04-27T12:40:56.136293+00:00", "level": "INFO", "jobId": "d2ed411e-cfe5-4774-bf4a-9d47f749d7b0", "keyword": "khai truong", "step": "capture", "message": "Saved post_021.png", "data": null, "seq": 1615}
{"ts": "2026-04-27T12:41:39.254962+00:00", "level": "INFO", "jobId": "d2ed411e-cfe5-4774-bf4a-9d47f749d7b0", "keyword": "khai truong", "step": "capture", "message": "Saved post_022.png", "data": null, "seq": 1616}
{"ts": "2026-04-27T12:42:22.858473+00:00", "level": "INFO", "jobId": "d2ed411e-cfe5-4774-bf4a-9d47f749d7b0", "keyword": "khai truong", "step": "capture", "message": "Saved post_023.png", "data": null, "seq": 1617}
{"ts": "2026-04-27T12:45:26.828009+00:00", "level": "WARN", "jobId": "d2ed411e-cfe5-4774-bf4a-9d47f749d7b0", "keyword": "khai truong", "step": "relaunch", "message": "Browser/page closed unexpectedly. Will relaunch + retry. (Page.evaluate: Target page, context or browser has been closed)", "data": null, "seq": 1618}
{"ts": "2026-04-27T12:45:29.133042+00:00", "level": "WARN", "jobId": "d2ed411e-cfe5-4774-bf4a-9d47f749d7b0", "keyword": "khai truong", "step": "retry", "message": "Reset job to pending for retry (closed target).", "data": null, "seq": 1619}
{"ts": "2026-04-27T12:45:29.134943+00:00", "level": "INFO", "jobId": "d2ed411e-cfe5-4774-bf4a-9d47f749d7b0", "keyword": "khai truong", "step": "cooldown", "message": "Between-keywords delay: 1.1s", "data": null, "seq": 1620}
{"ts": "2026-04-27T12:45:30.224553+00:00", "level": "INFO", "jobId": "d2ed411e-cfe5-4774-bf4a-9d47f749d7b0", "keyword": "khai truong", "step": "start", "message": "Job started (attempt 2/2)", "data": null, "seq": 1621}
