{"ts": "2026-04-27T11:58:47.164499+00:00", "level": "INFO", "jobId": "d58b888a-bc3a-494c-b0bf-a099c4ea3dcb", "keyword": "khai truong", "step": "created", "message": "Job created", "data": {"maxPosts": 30}, "seq": 1431}
{"ts": "2026-04-27T12:00:02.100314+00:00", "level": "INFO", "jobId": "d58b888a-bc3a-494c-b0bf-a099c4ea3dcb", "keyword": "khai truong", "step": "start", "message": "Job started (attempt 1/2)", "data": null, "seq": 1448}
{"ts": "2026-04-27T12:00:04.606716+00:00", "level": "INFO", "jobId": "d58b888a-bc3a-494c-b0bf-a099c4ea3dcb", "keyword": "khai truong", "step": "login", "message": "Already logged in (profile session).", "data": null, "seq": 1449}
{"ts": "2026-04-27T12:00:04.772790+00:00", "level": "INFO", "jobId": "d58b888a-bc3a-494c-b0bf-a099c4ea3dcb", "keyword": "khai truong", "step": "search", "message": "Searching keyword: \"khai truong\"", "data": null, "seq": 1450}
{"ts": "2026-04-27T12:00:10.450076+00:00", "level": "INFO", "jobId": "d58b888a-bc3a-494c-b0bf-a099c4ea3dcb", "keyword": "khai truong", "step": "filter", "message": "Enabling filter: \"Bài viết mới đây\"", "data": null, "seq": 1451}
{"ts": "2026-04-27T12:00:12.780719+00:00", "level": "INFO", "jobId": "d58b888a-bc3a-494c-b0bf-a099c4ea3dcb", "keyword": "khai truong", "step": "filter", "message": "Opening filter panel (trigger click)...", "data": null, "seq": 1452}
{"ts": "2026-04-27T12:00:13.496837+00:00", "level": "INFO", "jobId": "d58b888a-bc3a-494c-b0bf-a099c4ea3dcb", "keyword": "khai truong", "step": "filter", "message": "Opening filter panel (data-visualcompletion=\"ignore-dynamic\")...", "data": null, "seq": 1454}
{"ts": "2026-04-27T12:00:14.612250+00:00", "level": "INFO", "jobId": "d58b888a-bc3a-494c-b0bf-a099c4ea3dcb", "keyword": "khai truong", "step": "filter", "message": "Opening filter panel (trigger click)...", "data": null, "seq": 1455}
{"ts": "2026-04-27T12:00:14.988016+00:00", "level": "INFO", "jobId": "d58b888a-bc3a-494c-b0bf-a099c4ea3dcb", "keyword": "khai truong", "step": "filter", "message": "Opening filter panel (data-visualcompletion=\"ignore-dynamic\")...", "data": null, "seq": 1456}
{"ts": "2026-04-27T12:00:15.741772+00:00", "level": "INFO", "jobId": "d58b888a-bc3a-494c-b0bf-a099c4ea3dcb", "keyword": "khai truong", "step": "filter", "message": "Opening filter panel (trigger click)...", "data": null, "seq": 1457}
{"ts": "2026-04-27T12:00:16.340305+00:00", "level": "INFO", "jobId": "d58b888a-bc3a-494c-b0bf-a099c4ea3dcb", "keyword": "khai truong", "step": "filter", "message": "Opening filter panel (data-visualcompletion=\"ignore-dynamic\")...", "data": null, "seq": 1458}
{"ts": "2026-04-27T12:00:17.089002+00:00", "level": "INFO", "jobId": "d58b888a-bc3a-494c-b0bf-a099c4ea3dcb", "keyword": "khai truong", "step": "filter", "message": "Opening filter panel (trigger click)...", "data": null, "seq": 1459}
{"ts": "2026-04-27T12:00:17.503363+00:00", "level": "INFO", "jobId": "d58b888a-bc3a-494c-b0bf-a099c4ea3dcb", "keyword": "khai truong", "step": "filter", "message": "Opening filter panel (data-visualcompletion=\"ignore-dynamic\")...", "data": null, "seq": 1460}
{"ts": "2026-04-27T12:00:18.315588+00:00", "level": "INFO", "jobId": "d58b888a-bc3a-494c-b0bf-a099c4ea3dcb", "keyword": "khai truong", "step": "filter", "message": "Opening filter panel (trigger click)...", "data": null, "seq": 1461}
{"ts": "2026-04-27T12:00:18.664388+00:00", "level": "INFO", "jobId": "d58b888a-bc3a-494c-b0bf-a099c4ea3dcb", "keyword": "khai truong", "step": "filter", "message": "Opening filter panel (data-visualcompletion=\"ignore-dynamic\")...", "data": null, "seq": 1462}
{"ts": "2026-04-27T12:00:19.482548+00:00", "level": "INFO", "jobId": "d58b888a-bc3a-494c-b0bf-a099c4ea3dcb", "keyword": "khai truong", "step": "filter", "message": "Opening filter panel (trigger click)...", "data": null, "seq": 1463}
{"ts": "2026-04-27T12:00:19.845454+00:00", "level": "INFO", "jobId": "d58b888a-bc3a-494c-b0bf-a099c4ea3dcb", "keyword": "khai truong", "step": "filter", "message": "Opening filter panel (data-visualcompletion=\"ignore-dynamic\")...", "data": null, "seq": 1464}
{"ts": "2026-04-27T12:00:21.003869+00:00", "level": "INFO", "jobId": "d58b888a-bc3a-494c-b0bf-a099c4ea3dcb", "keyword": "khai truong", "step": "filter", "message": "Opening filter panel (trigger click)...", "data": null, "seq": 1465}
{"ts": "2026-04-27T12:00:21.555909+00:00", "level": "INFO", "jobId": "d58b888a-bc3a-494c-b0bf-a099c4ea3dcb", "keyword": "khai truong", "step": "filter", "message": "Opening filter panel (data-visualcompletion=\"ignore-dynamic\")...", "data": null, "seq": 1466}
{"ts": "2026-04-27T12:00:24.293258+00:00", "level": "INFO", "jobId": "d58b888a-bc3a-494c-b0bf-a099c4ea3dcb", "keyword": "khai truong", "step": "filter", "message": "Filter \"Bài viết mới đây\" enabled.", "data": null, "seq": 1467}
{"ts": "2026-04-27T12:00:24.560926+00:00", "level": "INFO", "jobId": "d58b888a-bc3a-494c-b0bf-a099c4ea3dcb", "keyword": "khai truong", "step": "capture", "message": "Start capturing up to 30 posts.", "data": null, "seq": 1468}
{"ts": "2026-04-27T12:02:00.009860+00:00", "level": "INFO", "jobId": "d58b888a-bc3a-494c-b0bf-a099c4ea3dcb", "keyword": "khai truong", "step": "capture", "message": "Post screenshot error (skip): Locator.screenshot: Target page, context or browser has been closed", "data": null, "seq": 1470}
{"ts": "2026-04-27T12:02:00.030276+00:00", "level": "WARN", "jobId": "d58b888a-bc3a-494c-b0bf-a099c4ea3dcb", "keyword": "khai truong", "step": "relaunch", "message": "Browser/page closed unexpectedly. Will relaunch + retry. (Page.evaluate: Target page, context or browser has been closed)", "data": null, "seq": 1471}
{"ts": "2026-04-27T12:02:02.022811+00:00", "level": "WARN", "jobId": "d58b888a-bc3a-494c-b0bf-a099c4ea3dcb", "keyword": "khai truong", "step": "retry", "message": "Reset job to pending for retry (closed target).", "data": null, "seq": 1472}
{"ts": "2026-04-27T12:02:02.023548+00:00", "level": "INFO", "jobId": "d58b888a-bc3a-494c-b0bf-a099c4ea3dcb", "keyword": "khai truong", "step": "cooldown", "message": "Between-keywords delay: 2.0s", "data": null, "seq": 1473}
