{"ts": "2026-04-27T11:12:47.821565+00:00", "level": "INFO", "jobId": "e64368e9-9399-46dd-9bd5-036820d7649a", "keyword": "khai truong", "step": "created", "message": "Job created", "data": {"maxPosts": 30}, "seq": 1261}
{"ts": "2026-04-27T11:12:48.314592+00:00", "level": "INFO", "jobId": "e64368e9-9399-46dd-9bd5-036820d7649a", "keyword": "khai truong", "step": "start", "message": "Job started (attempt 1/2)", "data": null, "seq": 1262}
{"ts": "2026-04-27T11:12:48.568728+00:00", "level": "WARN", "jobId": "e64368e9-9399-46dd-9bd5-036820d7649a", "keyword": "khai truong", "step": "relaunch", "message": "Browser/page closed unexpectedly. Will relaunch + retry. (Page.goto: Target page, context or browser has been closed)", "data": null, "seq": 1263}
{"ts": "2026-04-27T11:12:50.522218+00:00", "level": "WARN", "jobId": "e64368e9-9399-46dd-9bd5-036820d7649a", "keyword": "khai truong", "step": "retry", "message": "Reset job to pending for retry (closed target).", "data": null, "seq": 1264}
{"ts": "2026-04-27T11:12:50.522218+00:00", "level": "INFO", "jobId": "e64368e9-9399-46dd-9bd5-036820d7649a", "keyword": "khai truong", "step": "cooldown", "message": "Between-keywords delay: 1.2s", "data": null, "seq": 1265}
{"ts": "2026-04-27T11:12:51.705928+00:00", "level": "INFO", "jobId": "e64368e9-9399-46dd-9bd5-036820d7649a", "keyword": "khai truong", "step": "start", "message": "Job started (attempt 2/2)", "data": null, "seq": 1266}
{"ts": "2026-04-27T11:12:54.821755+00:00", "level": "INFO", "jobId": "e64368e9-9399-46dd-9bd5-036820d7649a", "keyword": "khai truong", "step": "login", "message": "Already logged in (profile session).", "data": null, "seq": 1267}
{"ts": "2026-04-27T11:12:55.106817+00:00", "level": "INFO", "jobId": "e64368e9-9399-46dd-9bd5-036820d7649a", "keyword": "khai truong", "step": "search", "message": "Searching keyword: \"khai truong\"", "data": null, "seq": 1268}
{"ts": "2026-04-27T11:13:01.503496+00:00", "level": "INFO", "jobId": "e64368e9-9399-46dd-9bd5-036820d7649a", "keyword": "khai truong", "step": "filter", "message": "Enabling filter: \"Bài viết mới đây\"", "data": null, "seq": 1269}
{"ts": "2026-04-27T11:13:03.951452+00:00", "level": "INFO", "jobId": "e64368e9-9399-46dd-9bd5-036820d7649a", "keyword": "khai truong", "step": "filter", "message": "Opening filter panel (trigger click)...", "data": null, "seq": 1270}
{"ts": "2026-04-27T11:13:04.672498+00:00", "level": "INFO", "jobId": "e64368e9-9399-46dd-9bd5-036820d7649a", "keyword": "khai truong", "step": "filter", "message": "Opening filter panel (data-visualcompletion=\"ignore-dynamic\")...", "data": null, "seq": 1271}
{"ts": "2026-04-27T11:13:05.327012+00:00", "level": "INFO", "jobId": "e64368e9-9399-46dd-9bd5-036820d7649a", "keyword": "khai truong", "step": "filter", "message": "Opening filter panel (trigger click)...", "data": null, "seq": 1272}
{"ts": "2026-04-27T11:13:05.701366+00:00", "level": "INFO", "jobId": "e64368e9-9399-46dd-9bd5-036820d7649a", "keyword": "khai truong", "step": "filter", "message": "Opening filter panel (data-visualcompletion=\"ignore-dynamic\")...", "data": null, "seq": 1273}
{"ts": "2026-04-27T11:13:06.428864+00:00", "level": "INFO", "jobId": "e64368e9-9399-46dd-9bd5-036820d7649a", "keyword": "khai truong", "step": "filter", "message": "Opening filter panel (trigger click)...", "data": null, "seq": 1274}
{"ts": "2026-04-27T11:13:06.923436+00:00", "level": "INFO", "jobId": "e64368e9-9399-46dd-9bd5-036820d7649a", "keyword": "khai truong", "step": "filter", "message": "Opening filter panel (data-visualcompletion=\"ignore-dynamic\")...", "data": null, "seq": 1275}
{"ts": "2026-04-27T11:13:07.560792+00:00", "level": "INFO", "jobId": "e64368e9-9399-46dd-9bd5-036820d7649a", "keyword": "khai truong", "step": "filter", "message": "Opening filter panel (trigger click)...", "data": null, "seq": 1276}
{"ts": "2026-04-27T11:13:08.012880+00:00", "level": "INFO", "jobId": "e64368e9-9399-46dd-9bd5-036820d7649a", "keyword": "khai truong", "step": "filter", "message": "Opening filter panel (data-visualcompletion=\"ignore-dynamic\")...", "data": null, "seq": 1277}
{"ts": "2026-04-27T11:13:08.901897+00:00", "level": "INFO", "jobId": "e64368e9-9399-46dd-9bd5-036820d7649a", "keyword": "khai truong", "step": "filter", "message": "Opening filter panel (trigger click)...", "data": null, "seq": 1278}
{"ts": "2026-04-27T11:13:09.302384+00:00", "level": "INFO", "jobId": "e64368e9-9399-46dd-9bd5-036820d7649a", "keyword": "khai truong", "step": "filter", "message": "Opening filter panel (data-visualcompletion=\"ignore-dynamic\")...", "data": null, "seq": 1279}
{"ts": "2026-04-27T11:13:10.231108+00:00", "level": "INFO", "jobId": "e64368e9-9399-46dd-9bd5-036820d7649a", "keyword": "khai truong", "step": "filter", "message": "Opening filter panel (trigger click)...", "data": null, "seq": 1280}
{"ts": "2026-04-27T11:13:10.756136+00:00", "level": "INFO", "jobId": "e64368e9-9399-46dd-9bd5-036820d7649a", "keyword": "khai truong", "step": "filter", "message": "Opening filter panel (data-visualcompletion=\"ignore-dynamic\")...", "data": null, "seq": 1281}
{"ts": "2026-04-27T11:13:12.309735+00:00", "level": "INFO", "jobId": "e64368e9-9399-46dd-9bd5-036820d7649a", "keyword": "khai truong", "step": "filter", "message": "Filter \"Bài viết mới đây\" enabled.", "data": null, "seq": 1282}
{"ts": "2026-04-27T11:13:12.578771+00:00", "level": "INFO", "jobId": "e64368e9-9399-46dd-9bd5-036820d7649a", "keyword": "khai truong", "step": "capture", "message": "Start capturing up to 30 posts.", "data": null, "seq": 1283}
{"ts": "2026-04-27T11:13:12.609540+00:00", "level": "INFO", "jobId": "e64368e9-9399-46dd-9bd5-036820d7649a", "keyword": "khai truong", "step": "capture", "message": "Found 1 candidate posts in DOM.", "data": null, "seq": 1284}
{"ts": "2026-04-27T11:13:12.614606+00:00", "level": "INFO", "jobId": "e64368e9-9399-46dd-9bd5-036820d7649a", "keyword": "khai truong", "step": "capture", "message": "Heartbeat: saved=0 stalls=0 items=1 scrollTop=0/1800", "data": null, "seq": 1285}
{"ts": "2026-04-27T11:13:12.653314+00:00", "level": "INFO", "jobId": "e64368e9-9399-46dd-9bd5-036820d7649a", "keyword": "khai truong", "step": "capture", "message": "Capturing candidate sig=pos:|h:da39a3ee5e", "data": null, "seq": 1286}
{"ts": "2026-04-27T11:13:46.521647+00:00", "level": "INFO", "jobId": "e64368e9-9399-46dd-9bd5-036820d7649a", "keyword": "khai truong", "step": "capture", "message": "Screenshot attempt 1/2 ...", "data": null, "seq": 1287}
{"ts": "2026-04-27T11:16:39.221502+00:00", "level": "INFO", "jobId": "e64368e9-9399-46dd-9bd5-036820d7649a", "keyword": "khai truong", "step": "capture", "message": "Saved post_001.png", "data": null, "seq": 1288}
{"ts": "2026-04-27T11:16:39.248860+00:00", "level": "INFO", "jobId": "e64368e9-9399-46dd-9bd5-036820d7649a", "keyword": "khai truong", "step": "capture", "message": "Scroll: st=0 sh=0 ch=0", "data": null, "seq": 1289}
{"ts": "2026-04-27T11:16:39.793369+00:00", "level": "WARN", "jobId": "e64368e9-9399-46dd-9bd5-036820d7649a", "keyword": "khai truong", "step": "relaunch", "message": "Browser/page closed unexpectedly. Will relaunch + retry. (Locator.inner_text: Target page, context or browser has been closed)", "data": null, "seq": 1290}
{"ts": "2026-04-27T11:16:41.768330+00:00", "level": "INFO", "jobId": "e64368e9-9399-46dd-9bd5-036820d7649a", "keyword": "khai truong", "step": "cooldown", "message": "Between-keywords delay: 1.5s", "data": null, "seq": 1291}
