{"ts": "2026-04-27T11:25:03.638801+00:00", "level": "INFO", "jobId": "e7fb51c2-c7a6-481e-8b75-b04b08e510ae", "keyword": "khai truong", "step": "created", "message": "Job created", "data": {"maxPosts": 30}, "seq": 1292}
{"ts": "2026-04-27T11:25:03.969327+00:00", "level": "INFO", "jobId": "e7fb51c2-c7a6-481e-8b75-b04b08e510ae", "keyword": "khai truong", "step": "start", "message": "Job started (attempt 1/2)", "data": null, "seq": 1293}
{"ts": "2026-04-27T11:25:04.217094+00:00", "level": "WARN", "jobId": "e7fb51c2-c7a6-481e-8b75-b04b08e510ae", "keyword": "khai truong", "step": "relaunch", "message": "Browser/page closed unexpectedly. Will relaunch + retry. (Page.goto: Target page, context or browser has been closed)", "data": null, "seq": 1294}
{"ts": "2026-04-27T11:25:06.167892+00:00", "level": "WARN", "jobId": "e7fb51c2-c7a6-481e-8b75-b04b08e510ae", "keyword": "khai truong", "step": "retry", "message": "Reset job to pending for retry (closed target).", "data": null, "seq": 1295}
{"ts": "2026-04-27T11:25:06.168890+00:00", "level": "INFO", "jobId": "e7fb51c2-c7a6-481e-8b75-b04b08e510ae", "keyword": "khai truong", "step": "cooldown", "message": "Between-keywords delay: 1.2s", "data": null, "seq": 1296}
{"ts": "2026-04-27T11:25:07.413605+00:00", "level": "INFO", "jobId": "e7fb51c2-c7a6-481e-8b75-b04b08e510ae", "keyword": "khai truong", "step": "start", "message": "Job started (attempt 2/2)", "data": null, "seq": 1297}
{"ts": "2026-04-27T11:25:09.961387+00:00", "level": "INFO", "jobId": "e7fb51c2-c7a6-481e-8b75-b04b08e510ae", "keyword": "khai truong", "step": "login", "message": "Already logged in (profile session).", "data": null, "seq": 1298}
{"ts": "2026-04-27T11:25:10.183759+00:00", "level": "INFO", "jobId": "e7fb51c2-c7a6-481e-8b75-b04b08e510ae", "keyword": "khai truong", "step": "search", "message": "Searching keyword: \"khai truong\"", "data": null, "seq": 1299}
{"ts": "2026-04-27T11:25:17.477894+00:00", "level": "INFO", "jobId": "e7fb51c2-c7a6-481e-8b75-b04b08e510ae", "keyword": "khai truong", "step": "filter", "message": "Enabling filter: \"Bài viết mới đây\"", "data": null, "seq": 1300}
{"ts": "2026-04-27T11:25:18.776557+00:00", "level": "INFO", "jobId": "e7fb51c2-c7a6-481e-8b75-b04b08e510ae", "keyword": "khai truong", "step": "filter", "message": "Opening filter panel (trigger click)...", "data": null, "seq": 1301}
{"ts": "2026-04-27T11:25:24.501637+00:00", "level": "INFO", "jobId": "e7fb51c2-c7a6-481e-8b75-b04b08e510ae", "keyword": "khai truong", "step": "filter", "message": "Opening filter panel (data-visualcompletion=\"ignore-dynamic\")...", "data": null, "seq": 1302}
{"ts": "2026-04-27T11:25:38.461048+00:00", "level": "INFO", "jobId": "e7fb51c2-c7a6-481e-8b75-b04b08e510ae", "keyword": "khai truong", "step": "filter", "message": "Filter \"Bài viết mới đây\" enabled.", "data": null, "seq": 1303}
{"ts": "2026-04-27T11:25:38.730833+00:00", "level": "INFO", "jobId": "e7fb51c2-c7a6-481e-8b75-b04b08e510ae", "keyword": "khai truong", "step": "capture", "message": "Start capturing up to 30 posts.", "data": null, "seq": 1304}
{"ts": "2026-04-27T11:25:38.772402+00:00", "level": "INFO", "jobId": "e7fb51c2-c7a6-481e-8b75-b04b08e510ae", "keyword": "khai truong", "step": "capture", "message": "Found 1 candidate posts in DOM.", "data": null, "seq": 1305}
{"ts": "2026-04-27T11:25:38.778366+00:00", "level": "INFO", "jobId": "e7fb51c2-c7a6-481e-8b75-b04b08e510ae", "keyword": "khai truong", "step": "capture", "message": "Heartbeat: saved=0 stalls=0 items=1 scrollTop=0/1800", "data": null, "seq": 1306}
{"ts": "2026-04-27T11:25:38.919829+00:00", "level": "INFO", "jobId": "e7fb51c2-c7a6-481e-8b75-b04b08e510ae", "keyword": "khai truong", "step": "capture", "message": "Capturing candidate sig=pos:|h:da39a3ee5e", "data": null, "seq": 1307}
{"ts": "2026-04-27T11:26:12.806996+00:00", "level": "INFO", "jobId": "e7fb51c2-c7a6-481e-8b75-b04b08e510ae", "keyword": "khai truong", "step": "capture", "message": "Screenshot attempt 1/2 ...", "data": null, "seq": 1308}
{"ts": "2026-04-27T11:30:13.435573+00:00", "level": "INFO", "jobId": "e7fb51c2-c7a6-481e-8b75-b04b08e510ae", "keyword": "khai truong", "step": "capture", "message": "Saved post_001.png", "data": null, "seq": 1309}
{"ts": "2026-04-27T11:30:13.474112+00:00", "level": "INFO", "jobId": "e7fb51c2-c7a6-481e-8b75-b04b08e510ae", "keyword": "khai truong", "step": "capture", "message": "Scroll: st=0 sh=0 ch=0", "data": null, "seq": 1310}
{"ts": "2026-04-27T11:30:14.040537+00:00", "level": "INFO", "jobId": "e7fb51c2-c7a6-481e-8b75-b04b08e510ae", "keyword": "khai truong", "step": "capture", "message": "Heartbeat: saved=1 stalls=0 items=5 scrollTop=0/3940", "data": null, "seq": 1311}
{"ts": "2026-04-27T11:30:14.124014+00:00", "level": "INFO", "jobId": "e7fb51c2-c7a6-481e-8b75-b04b08e510ae", "keyword": "khai truong", "step": "capture", "message": "Capturing candidate sig=pos:1|h:91e54209ce", "data": null, "seq": 1312}
{"ts": "2026-04-27T11:30:38.025992+00:00", "level": "INFO", "jobId": "e7fb51c2-c7a6-481e-8b75-b04b08e510ae", "keyword": "khai truong", "step": "capture", "message": "Screenshot attempt 1/2 ...", "data": null, "seq": 1313}
{"ts": "2026-04-27T11:30:38.299297+00:00", "level": "INFO", "jobId": "e7fb51c2-c7a6-481e-8b75-b04b08e510ae", "keyword": "khai truong", "step": "capture", "message": "Post screenshot error (skip): Page.screenshot: Target page, context or browser has been closed", "data": null, "seq": 1314}
{"ts": "2026-04-27T11:30:38.315170+00:00", "level": "INFO", "jobId": "e7fb51c2-c7a6-481e-8b75-b04b08e510ae", "keyword": "khai truong", "step": "capture", "message": "Scroll: st=0 sh=0 ch=0", "data": null, "seq": 1315}
{"ts": "2026-04-27T11:30:38.871333+00:00", "level": "WARN", "jobId": "e7fb51c2-c7a6-481e-8b75-b04b08e510ae", "keyword": "khai truong", "step": "relaunch", "message": "Browser/page closed unexpectedly. Will relaunch + retry. (Locator.inner_text: Target page, context or browser has been closed)", "data": null, "seq": 1316}
{"ts": "2026-04-27T11:30:40.839836+00:00", "level": "INFO", "jobId": "e7fb51c2-c7a6-481e-8b75-b04b08e510ae", "keyword": "khai truong", "step": "cooldown", "message": "Between-keywords delay: 1.3s", "data": null, "seq": 1317}
