{"ts": "2026-04-27T14:23:25.709994+00:00", "level": "INFO", "jobId": "efd6ce5d-7c46-4038-8481-f7e3067a3d08", "keyword": "khai truong", "step": "created", "message": "Job created", "data": {"maxPosts": 30}, "seq": 1815}
{"ts": "2026-04-27T14:23:26.036049+00:00", "level": "INFO", "jobId": "efd6ce5d-7c46-4038-8481-f7e3067a3d08", "keyword": "khai truong", "step": "start", "message": "Job started (attempt 1/2)", "data": null, "seq": 1816}
{"ts": "2026-04-27T14:23:29.864225+00:00", "level": "INFO", "jobId": "efd6ce5d-7c46-4038-8481-f7e3067a3d08", "keyword": "khai truong", "step": "login", "message": "Already logged in (profile session).", "data": null, "seq": 1817}
{"ts": "2026-04-27T14:23:30.146305+00:00", "level": "INFO", "jobId": "efd6ce5d-7c46-4038-8481-f7e3067a3d08", "keyword": "khai truong", "step": "search", "message": "Searching keyword: \"khai truong\"", "data": null, "seq": 1818}
{"ts": "2026-04-27T14:23:42.894631+00:00", "level": "INFO", "jobId": "efd6ce5d-7c46-4038-8481-f7e3067a3d08", "keyword": "khai truong", "step": "filter", "message": "Enabling filter: \"Bài viết mới đây\"", "data": null, "seq": 1819}
{"ts": "2026-04-27T14:23:43.149590+00:00", "level": "INFO", "jobId": "efd6ce5d-7c46-4038-8481-f7e3067a3d08", "keyword": "khai truong", "step": "filter", "message": "Đang mở panel bộ lọc…", "data": null, "seq": 1820}
{"ts": "2026-04-27T14:23:43.617457+00:00", "level": "INFO", "jobId": "efd6ce5d-7c46-4038-8481-f7e3067a3d08", "keyword": "khai truong", "step": "filter", "message": "Đang mở panel bộ lọc…", "data": null, "seq": 1821}
{"ts": "2026-04-27T14:23:50.489843+00:00", "level": "INFO", "jobId": "efd6ce5d-7c46-4038-8481-f7e3067a3d08", "keyword": "khai truong", "step": "filter", "message": "Đang mở panel bộ lọc…", "data": null, "seq": 1822}
{"ts": "2026-04-27T14:23:56.773203+00:00", "level": "INFO", "jobId": "efd6ce5d-7c46-4038-8481-f7e3067a3d08", "keyword": "khai truong", "step": "filter", "message": "Đang mở panel bộ lọc…", "data": null, "seq": 1823}
{"ts": "2026-04-27T14:24:01.442189+00:00", "level": "INFO", "jobId": "efd6ce5d-7c46-4038-8481-f7e3067a3d08", "keyword": "khai truong", "step": "filter", "message": "Filter \"Bài viết mới đây\" enabled.", "data": null, "seq": 1824}
{"ts": "2026-04-27T14:24:01.453845+00:00", "level": "INFO", "jobId": "efd6ce5d-7c46-4038-8481-f7e3067a3d08", "keyword": "khai truong", "step": "filter", "message": "Chuyển sang trang kết quả Bài viết…", "data": null, "seq": 1825}
{"ts": "2026-04-27T14:24:09.552557+00:00", "level": "INFO", "jobId": "efd6ce5d-7c46-4038-8481-f7e3067a3d08", "keyword": "khai truong", "step": "capture", "message": "Start capturing up to 30 posts.", "data": null, "seq": 1826}
{"ts": "2026-04-27T14:24:09.608340+00:00", "level": "INFO", "jobId": "efd6ce5d-7c46-4038-8481-f7e3067a3d08", "keyword": "khai truong", "step": "capture", "message": "No post elements found yet (round=1, loading_rounds=1). url=https://www.facebook.com/search/posts/?q=khai%20truong", "data": null, "seq": 1827}
{"ts": "2026-04-27T14:24:10.473357+00:00", "level": "INFO", "jobId": "efd6ce5d-7c46-4038-8481-f7e3067a3d08", "keyword": "khai truong", "step": "capture", "message": "Scrolling…", "data": null, "seq": 1828}
{"ts": "2026-04-27T14:24:13.898430+00:00", "level": "INFO", "jobId": "efd6ce5d-7c46-4038-8481-f7e3067a3d08", "keyword": "khai truong", "step": "capture", "message": "No post elements found yet (round=3, loading_rounds=3). url=https://www.facebook.com/search/posts/?q=khai%20truong", "data": null, "seq": 1829}
{"ts": "2026-04-27T14:24:15.119262+00:00", "level": "INFO", "jobId": "efd6ce5d-7c46-4038-8481-f7e3067a3d08", "keyword": "khai truong", "step": "capture", "message": "Scrolling…", "data": null, "seq": 1830}
{"ts": "2026-04-27T14:24:18.810512+00:00", "level": "INFO", "jobId": "efd6ce5d-7c46-4038-8481-f7e3067a3d08", "keyword": "khai truong", "step": "capture", "message": "No post elements found yet (round=6, loading_rounds=6). url=https://www.facebook.com/search/posts/?q=khai%20truong", "data": null, "seq": 1831}
{"ts": "2026-04-27T14:24:19.739711+00:00", "level": "INFO", "jobId": "efd6ce5d-7c46-4038-8481-f7e3067a3d08", "keyword": "khai truong", "step": "capture", "message": "Scrolling…", "data": null, "seq": 1832}
{"ts": "2026-04-27T14:24:23.728279+00:00", "level": "INFO", "jobId": "efd6ce5d-7c46-4038-8481-f7e3067a3d08", "keyword": "khai truong", "step": "capture", "message": "No post elements found yet (round=9, loading_rounds=9). url=https://www.facebook.com/search/top/?q=khai%20truong", "data": null, "seq": 1833}
{"ts": "2026-04-27T14:24:24.983500+00:00", "level": "INFO", "jobId": "efd6ce5d-7c46-4038-8481-f7e3067a3d08", "keyword": "khai truong", "step": "capture", "message": "Scrolling…", "data": null, "seq": 1834}
{"ts": "2026-04-27T14:24:28.795377+00:00", "level": "INFO", "jobId": "efd6ce5d-7c46-4038-8481-f7e3067a3d08", "keyword": "khai truong", "step": "capture", "message": "No post elements found yet (round=12, loading_rounds=12). url=https://www.facebook.com/search/top/?q=khai%20truong", "data": null, "seq": 1835}
{"ts": "2026-04-27T14:24:30.012771+00:00", "level": "INFO", "jobId": "efd6ce5d-7c46-4038-8481-f7e3067a3d08", "keyword": "khai truong", "step": "capture", "message": "Scrolling…", "data": null, "seq": 1836}
{"ts": "2026-04-27T14:24:30.053766+00:00", "level": "WARN", "jobId": "efd6ce5d-7c46-4038-8481-f7e3067a3d08", "keyword": "khai truong", "step": "relaunch", "message": "Browser/page closed unexpectedly. Will relaunch + retry. (Page.evaluate: Target page, context or browser has been closed)", "data": null, "seq": 1837}
{"ts": "2026-04-27T14:24:31.985064+00:00", "level": "WARN", "jobId": "efd6ce5d-7c46-4038-8481-f7e3067a3d08", "keyword": "khai truong", "step": "retry", "message": "Reset job to pending for retry (closed target).", "data": null, "seq": 1838}
{"ts": "2026-04-27T14:24:31.985999+00:00", "level": "INFO", "jobId": "efd6ce5d-7c46-4038-8481-f7e3067a3d08", "keyword": "khai truong", "step": "cooldown", "message": "Between-keywords delay: 1.3s", "data": null, "seq": 1839}
{"ts": "2026-04-27T14:24:33.290029+00:00", "level": "INFO", "jobId": "efd6ce5d-7c46-4038-8481-f7e3067a3d08", "keyword": "khai truong", "step": "start", "message": "Job started (attempt 2/2)", "data": null, "seq": 1840}
{"ts": "2026-04-27T14:24:36.917981+00:00", "level": "INFO", "jobId": "efd6ce5d-7c46-4038-8481-f7e3067a3d08", "keyword": "khai truong", "step": "login", "message": "Already logged in (profile session).", "data": null, "seq": 1841}
{"ts": "2026-04-27T14:24:37.190953+00:00", "level": "INFO", "jobId": "efd6ce5d-7c46-4038-8481-f7e3067a3d08", "keyword": "khai truong", "step": "search", "message": "Searching keyword: \"khai truong\"", "data": null, "seq": 1842}
{"ts": "2026-04-27T14:24:40.039270+00:00", "level": "INFO", "jobId": "efd6ce5d-7c46-4038-8481-f7e3067a3d08", "keyword": "khai truong", "step": "filter", "message": "Enabling filter: \"Bài viết mới đây\"", "data": null, "seq": 1843}
{"ts": "2026-04-27T14:24:40.538597+00:00", "level": "INFO", "jobId": "efd6ce5d-7c46-4038-8481-f7e3067a3d08", "keyword": "khai truong", "step": "filter", "message": "Đang mở panel bộ lọc…", "data": null, "seq": 1844}
{"ts": "2026-04-27T14:24:42.895917+00:00", "level": "INFO", "jobId": "efd6ce5d-7c46-4038-8481-f7e3067a3d08", "keyword": "khai truong", "step": "filter", "message": "Đang mở panel bộ lọc…", "data": null, "seq": 1845}
{"ts": "2026-04-27T14:24:48.942154+00:00", "level": "INFO", "jobId": "efd6ce5d-7c46-4038-8481-f7e3067a3d08", "keyword": "khai truong", "step": "filter", "message": "Đang mở panel bộ lọc…", "data": null, "seq": 1846}
{"ts": "2026-04-27T14:24:55.865444+00:00", "level": "INFO", "jobId": "efd6ce5d-7c46-4038-8481-f7e3067a3d08", "keyword": "khai truong", "step": "filter", "message": "Filter \"Bài viết mới đây\" enabled.", "data": null, "seq": 1847}
{"ts": "2026-04-27T14:24:55.895120+00:00", "level": "INFO", "jobId": "efd6ce5d-7c46-4038-8481-f7e3067a3d08", "keyword": "khai truong", "step": "filter", "message": "Chuyển sang trang kết quả Bài viết…", "data": null, "seq": 1848}
{"ts": "2026-04-27T14:25:01.918182+00:00", "level": "INFO", "jobId": "efd6ce5d-7c46-4038-8481-f7e3067a3d08", "keyword": "khai truong", "step": "capture", "message": "Start capturing up to 30 posts.", "data": null, "seq": 1849}
{"ts": "2026-04-27T14:25:01.944240+00:00", "level": "INFO", "jobId": "efd6ce5d-7c46-4038-8481-f7e3067a3d08", "keyword": "khai truong", "step": "capture", "message": "No post elements found yet (round=1, loading_rounds=1). url=https://www.facebook.com/search/posts/?q=khai%20truong", "data": null, "seq": 1850}
{"ts": "2026-04-27T14:25:03.041637+00:00", "level": "INFO", "jobId": "efd6ce5d-7c46-4038-8481-f7e3067a3d08", "keyword": "khai truong", "step": "capture", "message": "Scrolling…", "data": null, "seq": 1851}
{"ts": "2026-04-27T14:25:06.859492+00:00", "level": "INFO", "jobId": "efd6ce5d-7c46-4038-8481-f7e3067a3d08", "keyword": "khai truong", "step": "capture", "message": "Scrolling…", "data": null, "seq": 1852}
{"ts": "2026-04-27T14:25:07.473644+00:00", "level": "INFO", "jobId": "efd6ce5d-7c46-4038-8481-f7e3067a3d08", "keyword": "khai truong", "step": "capture", "message": "No post elements found yet (round=4, loading_rounds=4). url=https://www.facebook.com/search/posts/?q=khai%20truong", "data": null, "seq": 1853}
{"ts": "2026-04-27T14:25:10.440258+00:00", "level": "INFO", "jobId": "efd6ce5d-7c46-4038-8481-f7e3067a3d08", "keyword": "khai truong", "step": "capture", "message": "Scrolling…", "data": null, "seq": 1854}
{"ts": "2026-04-27T14:25:13.097186+00:00", "level": "INFO", "jobId": "efd6ce5d-7c46-4038-8481-f7e3067a3d08", "keyword": "khai truong", "step": "capture", "message": "No post elements found yet (round=7, loading_rounds=7). url=https://www.facebook.com/search/posts/?q=khai%20truong", "data": null, "seq": 1855}
{"ts": "2026-04-27T14:25:14.141122+00:00", "level": "INFO", "jobId": "efd6ce5d-7c46-4038-8481-f7e3067a3d08", "keyword": "khai truong", "step": "capture", "message": "Scrolling…", "data": null, "seq": 1856}
{"ts": "2026-04-27T14:25:17.626852+00:00", "level": "INFO", "jobId": "efd6ce5d-7c46-4038-8481-f7e3067a3d08", "keyword": "khai truong", "step": "capture", "message": "No post elements found yet (round=10, loading_rounds=10). url=https://www.facebook.com/search/posts/?q=khai%20truong", "data": null, "seq": 1857}
{"ts": "2026-04-27T14:25:18.641460+00:00", "level": "INFO", "jobId": "efd6ce5d-7c46-4038-8481-f7e3067a3d08", "keyword": "khai truong", "step": "capture", "message": "Scrolling…", "data": null, "seq": 1858}
{"ts": "2026-04-27T14:25:22.177691+00:00", "level": "INFO", "jobId": "efd6ce5d-7c46-4038-8481-f7e3067a3d08", "keyword": "khai truong", "step": "capture", "message": "No post elements found yet (round=13, loading_rounds=13). url=https://www.facebook.com/search/posts/?q=khai%20truong", "data": null, "seq": 1859}
{"ts": "2026-04-27T14:25:23.390875+00:00", "level": "INFO", "jobId": "efd6ce5d-7c46-4038-8481-f7e3067a3d08", "keyword": "khai truong", "step": "capture", "message": "Scrolling…", "data": null, "seq": 1860}
{"ts": "2026-04-27T14:25:27.157337+00:00", "level": "INFO", "jobId": "efd6ce5d-7c46-4038-8481-f7e3067a3d08", "keyword": "khai truong", "step": "capture", "message": "No post elements found yet (round=16, loading_rounds=16). url=https://www.facebook.com/search/posts/?q=khai%20truong", "data": null, "seq": 1861}
{"ts": "2026-04-27T14:25:27.971669+00:00", "level": "INFO", "jobId": "efd6ce5d-7c46-4038-8481-f7e3067a3d08", "keyword": "khai truong", "step": "capture", "message": "Scrolling…", "data": null, "seq": 1862}
{"ts": "2026-04-27T14:25:31.877214+00:00", "level": "INFO", "jobId": "efd6ce5d-7c46-4038-8481-f7e3067a3d08", "keyword": "khai truong", "step": "capture", "message": "No post elements found yet (round=19, loading_rounds=19). url=https://www.facebook.com/search/posts/?q=khai%20truong", "data": null, "seq": 1863}
{"ts": "2026-04-27T14:25:33.105474+00:00", "level": "INFO", "jobId": "efd6ce5d-7c46-4038-8481-f7e3067a3d08", "keyword": "khai truong", "step": "capture", "message": "Scrolling…", "data": null, "seq": 1864}
{"ts": "2026-04-27T14:25:36.895229+00:00", "level": "INFO", "jobId": "efd6ce5d-7c46-4038-8481-f7e3067a3d08", "keyword": "khai truong", "step": "capture", "message": "No post elements found yet (round=22, loading_rounds=22). url=https://www.facebook.com/search/posts/?q=khai%20truong", "data": null, "seq": 1865}
{"ts": "2026-04-27T14:25:37.951431+00:00", "level": "INFO", "jobId": "efd6ce5d-7c46-4038-8481-f7e3067a3d08", "keyword": "khai truong", "step": "capture", "message": "Scrolling…", "data": null, "seq": 1866}
{"ts": "2026-04-27T14:25:41.245985+00:00", "level": "INFO", "jobId": "efd6ce5d-7c46-4038-8481-f7e3067a3d08", "keyword": "khai truong", "step": "capture", "message": "No post elements found yet (round=25, loading_rounds=25). url=https://www.facebook.com/search/posts/?q=khai%20truong", "data": null, "seq": 1867}
{"ts": "2026-04-27T14:25:42.349740+00:00", "level": "INFO", "jobId": "efd6ce5d-7c46-4038-8481-f7e3067a3d08", "keyword": "khai truong", "step": "capture", "message": "Scrolling…", "data": null, "seq": 1868}
{"ts": "2026-04-27T14:25:46.020495+00:00", "level": "INFO", "jobId": "efd6ce5d-7c46-4038-8481-f7e3067a3d08", "keyword": "khai truong", "step": "capture", "message": "No post elements found yet (round=28, loading_rounds=28). url=https://www.facebook.com/search/posts/?q=khai%20truong", "data": null, "seq": 1869}
{"ts": "2026-04-27T14:25:47.269481+00:00", "level": "INFO", "jobId": "efd6ce5d-7c46-4038-8481-f7e3067a3d08", "keyword": "khai truong", "step": "capture", "message": "Scrolling…", "data": null, "seq": 1870}
{"ts": "2026-04-27T14:25:51.137397+00:00", "level": "INFO", "jobId": "efd6ce5d-7c46-4038-8481-f7e3067a3d08", "keyword": "khai truong", "step": "capture", "message": "Stopped early: saved=0, stalls=30", "data": null, "seq": 1871}
{"ts": "2026-04-27T14:25:51.138540+00:00", "level": "INFO", "jobId": "efd6ce5d-7c46-4038-8481-f7e3067a3d08", "keyword": "khai truong", "step": "done", "message": "Completed. Saved=0", "data": null, "seq": 1872}
{"ts": "2026-04-27T14:25:51.138540+00:00", "level": "INFO", "jobId": "efd6ce5d-7c46-4038-8481-f7e3067a3d08", "keyword": "khai truong", "step": "cooldown", "message": "Between-keywords delay: 2.0s", "data": null, "seq": 1873}
