{"ts": "2026-04-28T14:31:44.711434+00:00", "level": "INFO", "jobId": "26755072-efc3-473f-84ec-caf7800ed6fe", "keyword": "test", "step": "created", "message": "Job created", "data": {"maxPosts": "unlimited"}, "seq": 4845}
{"ts": "2026-04-28T14:32:33.461845+00:00", "level": "INFO", "jobId": "26755072-efc3-473f-84ec-caf7800ed6fe", "keyword": "test", "step": "start", "message": "Job started (attempt 1/2)", "data": null, "seq": 4846}
{"ts": "2026-04-28T14:32:43.146511+00:00", "level": "INFO", "jobId": "26755072-efc3-473f-84ec-caf7800ed6fe", "keyword": "test", "step": "login", "message": "Already logged in (profile session).", "data": null, "seq": 4847}
{"ts": "2026-04-28T14:32:43.911915+00:00", "level": "WARN", "jobId": "26755072-efc3-473f-84ec-caf7800ed6fe", "keyword": "test", "step": "network", "message": "Network slow during search: rtt=657ms http=106ms (slow). Increasing timeouts.", "data": null, "seq": 4848}
{"ts": "2026-04-28T14:32:43.915513+00:00", "level": "INFO", "jobId": "26755072-efc3-473f-84ec-caf7800ed6fe", "keyword": "test", "step": "search", "message": "Searching keyword: \"test\"", "data": null, "seq": 4849}
{"ts": "2026-04-28T14:32:51.326800+00:00", "level": "INFO", "jobId": "26755072-efc3-473f-84ec-caf7800ed6fe", "keyword": "test", "step": "capture", "message": "Start capturing all posts until end of results.", "data": null, "seq": 4850}
{"ts": "2026-04-28T14:32:51.397036+00:00", "level": "INFO", "jobId": "26755072-efc3-473f-84ec-caf7800ed6fe", "keyword": "test", "step": "capture", "message": "Capturing 1/∞ (viewport)…", "data": null, "seq": 4851}
{"ts": "2026-04-28T14:32:51.755175+00:00", "level": "INFO", "jobId": "26755072-efc3-473f-84ec-caf7800ed6fe", "keyword": "test", "step": "capture", "message": "Saved post_001.png", "data": null, "seq": 4852}
{"ts": "2026-04-28T14:32:51.756180+00:00", "level": "INFO", "jobId": "26755072-efc3-473f-84ec-caf7800ed6fe", "keyword": "test", "step": "cooldown", "message": "Cooldown 3.0s (after capture)", "data": null, "seq": 4853}
{"ts": "2026-04-28T14:32:56.373099+00:00", "level": "INFO", "jobId": "26755072-efc3-473f-84ec-caf7800ed6fe", "keyword": "test", "step": "capture", "message": "Capturing 2/∞ (viewport)…", "data": null, "seq": 4854}
{"ts": "2026-04-28T14:32:57.235700+00:00", "level": "INFO", "jobId": "26755072-efc3-473f-84ec-caf7800ed6fe", "keyword": "test", "step": "capture", "message": "Expanded \"Xem thêm\" (exact-class): +2 (total 2)", "data": null, "seq": 4855}
{"ts": "2026-04-28T14:32:59.221292+00:00", "level": "INFO", "jobId": "26755072-efc3-473f-84ec-caf7800ed6fe", "keyword": "test", "step": "capture", "message": "Saved post_002.png", "data": null, "seq": 4856}
{"ts": "2026-04-28T14:32:59.223425+00:00", "level": "INFO", "jobId": "26755072-efc3-473f-84ec-caf7800ed6fe", "keyword": "test", "step": "cooldown", "message": "Cooldown 2.3s (after capture)", "data": null, "seq": 4857}
{"ts": "2026-04-28T14:33:02.164133+00:00", "level": "INFO", "jobId": "26755072-efc3-473f-84ec-caf7800ed6fe", "keyword": "test", "step": "capture", "message": "Capturing 3/∞ (viewport)…", "data": null, "seq": 4858}
{"ts": "2026-04-28T14:33:02.248159+00:00", "level": "INFO", "jobId": "26755072-efc3-473f-84ec-caf7800ed6fe", "keyword": "test", "step": "capture", "message": "Expanded \"Xem thêm\" (exact-class): +1 (total 1)", "data": null, "seq": 4859}
{"ts": "2026-04-28T14:33:03.111918+00:00", "level": "INFO", "jobId": "26755072-efc3-473f-84ec-caf7800ed6fe", "keyword": "test", "step": "capture", "message": "Saved post_003.png", "data": null, "seq": 4860}
{"ts": "2026-04-28T14:33:03.111918+00:00", "level": "INFO", "jobId": "26755072-efc3-473f-84ec-caf7800ed6fe", "keyword": "test", "step": "cooldown", "message": "Cooldown 2.3s (after capture)", "data": null, "seq": 4861}
{"ts": "2026-04-28T14:33:06.098638+00:00", "level": "INFO", "jobId": "26755072-efc3-473f-84ec-caf7800ed6fe", "keyword": "test", "step": "capture", "message": "Capturing 4/∞ (viewport)…", "data": null, "seq": 4862}
{"ts": "2026-04-28T14:33:06.199064+00:00", "level": "INFO", "jobId": "26755072-efc3-473f-84ec-caf7800ed6fe", "keyword": "test", "step": "capture", "message": "Expanded \"Xem thêm\" (exact-class): +1 (total 1)", "data": null, "seq": 4863}
{"ts": "2026-04-28T14:33:07.091923+00:00", "level": "INFO", "jobId": "26755072-efc3-473f-84ec-caf7800ed6fe", "keyword": "test", "step": "capture", "message": "Saved post_004.png", "data": null, "seq": 4864}
{"ts": "2026-04-28T14:33:07.093325+00:00", "level": "INFO", "jobId": "26755072-efc3-473f-84ec-caf7800ed6fe", "keyword": "test", "step": "cooldown", "message": "Cooldown 2.2s (after capture)", "data": null, "seq": 4865}
{"ts": "2026-04-28T14:33:09.931634+00:00", "level": "INFO", "jobId": "26755072-efc3-473f-84ec-caf7800ed6fe", "keyword": "test", "step": "capture", "message": "Capturing 5/∞ (viewport)…", "data": null, "seq": 4866}
{"ts": "2026-04-28T14:33:10.352912+00:00", "level": "INFO", "jobId": "26755072-efc3-473f-84ec-caf7800ed6fe", "keyword": "test", "step": "capture", "message": "Saved post_005.png", "data": null, "seq": 4867}
{"ts": "2026-04-28T14:33:10.354202+00:00", "level": "INFO", "jobId": "26755072-efc3-473f-84ec-caf7800ed6fe", "keyword": "test", "step": "cooldown", "message": "Cooldown 2.5s (after capture)", "data": null, "seq": 4868}
