{"ts": "2026-04-28T11:59:45.443308+00:00", "level": "INFO", "jobId": "2b348015-d427-4da2-bd02-38d06b6138c2", "keyword": "khai truong", "step": "created", "message": "Job created", "data": {"maxPosts": 30}, "seq": 3548}
{"ts": "2026-04-28T11:59:45.462039+00:00", "level": "INFO", "jobId": "2b348015-d427-4da2-bd02-38d06b6138c2", "keyword": "khai truong", "step": "start", "message": "Job started (attempt 1/2)", "data": null, "seq": 3549}
{"ts": "2026-04-28T11:59:49.434960+00:00", "level": "INFO", "jobId": "2b348015-d427-4da2-bd02-38d06b6138c2", "keyword": "khai truong", "step": "login", "message": "Already logged in (profile session).", "data": null, "seq": 3550}
{"ts": "2026-04-28T11:59:53.580767+00:00", "level": "WARN", "jobId": "2b348015-d427-4da2-bd02-38d06b6138c2", "keyword": "khai truong", "step": "network", "message": "Network slow during search: rtt=332ms http=3811ms (slow). Increasing timeouts.", "data": null, "seq": 3551}
{"ts": "2026-04-28T11:59:53.583234+00:00", "level": "INFO", "jobId": "2b348015-d427-4da2-bd02-38d06b6138c2", "keyword": "khai truong", "step": "search", "message": "Searching keyword: \"khai truong\"", "data": null, "seq": 3552}
{"ts": "2026-04-28T12:00:02.764111+00:00", "level": "INFO", "jobId": "2b348015-d427-4da2-bd02-38d06b6138c2", "keyword": "khai truong", "step": "capture", "message": "Start capturing up to 30 posts.", "data": null, "seq": 3553}
{"ts": "2026-04-28T12:00:02.784591+00:00", "level": "INFO", "jobId": "2b348015-d427-4da2-bd02-38d06b6138c2", "keyword": "khai truong", "step": "capture", "message": "Capturing 1/30 (viewport)…", "data": null, "seq": 3554}
{"ts": "2026-04-28T12:00:02.805938+00:00", "level": "INFO", "jobId": "2b348015-d427-4da2-bd02-38d06b6138c2", "keyword": "khai truong", "step": "capture", "message": "Waiting for posts to appear (avoid blank capture)…", "data": null, "seq": 3555}
{"ts": "2026-04-28T12:00:06.386473+00:00", "level": "INFO", "jobId": "2b348015-d427-4da2-bd02-38d06b6138c2", "keyword": "khai truong", "step": "capture", "message": "Waiting for posts to appear (avoid blank capture)…", "data": null, "seq": 3556}
{"ts": "2026-04-28T12:00:10.033948+00:00", "level": "INFO", "jobId": "2b348015-d427-4da2-bd02-38d06b6138c2", "keyword": "khai truong", "step": "capture", "message": "Waiting for posts to appear (avoid blank capture)…", "data": null, "seq": 3557}
{"ts": "2026-04-28T12:00:13.615569+00:00", "level": "INFO", "jobId": "2b348015-d427-4da2-bd02-38d06b6138c2", "keyword": "khai truong", "step": "capture", "message": "Waiting for posts to appear (avoid blank capture)…", "data": null, "seq": 3558}
{"ts": "2026-04-28T12:00:17.222520+00:00", "level": "INFO", "jobId": "2b348015-d427-4da2-bd02-38d06b6138c2", "keyword": "khai truong", "step": "capture", "message": "Waiting for posts to appear (avoid blank capture)…", "data": null, "seq": 3559}
{"ts": "2026-04-28T12:00:20.813789+00:00", "level": "INFO", "jobId": "2b348015-d427-4da2-bd02-38d06b6138c2", "keyword": "khai truong", "step": "capture", "message": "Waiting for posts to appear (avoid blank capture)…", "data": null, "seq": 3560}
{"ts": "2026-04-28T12:00:24.396639+00:00", "level": "INFO", "jobId": "2b348015-d427-4da2-bd02-38d06b6138c2", "keyword": "khai truong", "step": "capture", "message": "Waiting for posts to appear (avoid blank capture)…", "data": null, "seq": 3561}
{"ts": "2026-04-28T12:00:27.997792+00:00", "level": "INFO", "jobId": "2b348015-d427-4da2-bd02-38d06b6138c2", "keyword": "khai truong", "step": "capture", "message": "Waiting for posts to appear (avoid blank capture)…", "data": null, "seq": 3562}
{"ts": "2026-04-28T12:00:31.599644+00:00", "level": "INFO", "jobId": "2b348015-d427-4da2-bd02-38d06b6138c2", "keyword": "khai truong", "step": "capture", "message": "Waiting for posts to appear (avoid blank capture)…", "data": null, "seq": 3563}
{"ts": "2026-04-28T12:00:35.191923+00:00", "level": "INFO", "jobId": "2b348015-d427-4da2-bd02-38d06b6138c2", "keyword": "khai truong", "step": "capture", "message": "Waiting for posts to appear (avoid blank capture)…", "data": null, "seq": 3564}
{"ts": "2026-04-28T12:00:38.110855+00:00", "level": "INFO", "jobId": "2b348015-d427-4da2-bd02-38d06b6138c2", "keyword": "khai truong", "step": "capture", "message": "No posts detected yet. Scrolling and retrying…", "data": null, "seq": 3565}
{"ts": "2026-04-28T12:00:38.116501+00:00", "level": "INFO", "jobId": "2b348015-d427-4da2-bd02-38d06b6138c2", "keyword": "khai truong", "step": "capture", "message": "Viewport screenshot error (will retry): no posts yet", "data": null, "seq": 3566}
{"ts": "2026-04-28T12:00:38.132415+00:00", "level": "INFO", "jobId": "2b348015-d427-4da2-bd02-38d06b6138c2", "keyword": "khai truong", "step": "capture", "message": "Capturing 1/30 (viewport)…", "data": null, "seq": 3567}
{"ts": "2026-04-28T12:00:38.265350+00:00", "level": "INFO", "jobId": "2b348015-d427-4da2-bd02-38d06b6138c2", "keyword": "khai truong", "step": "capture", "message": "Waiting for posts to appear (avoid blank capture)…", "data": null, "seq": 3568}
{"ts": "2026-04-28T12:00:41.911210+00:00", "level": "INFO", "jobId": "2b348015-d427-4da2-bd02-38d06b6138c2", "keyword": "khai truong", "step": "capture", "message": "Waiting for posts to appear (avoid blank capture)…", "data": null, "seq": 3569}
{"ts": "2026-04-28T12:00:45.534310+00:00", "level": "INFO", "jobId": "2b348015-d427-4da2-bd02-38d06b6138c2", "keyword": "khai truong", "step": "capture", "message": "Waiting for posts to appear (avoid blank capture)…", "data": null, "seq": 3570}
{"ts": "2026-04-28T12:00:49.210147+00:00", "level": "INFO", "jobId": "2b348015-d427-4da2-bd02-38d06b6138c2", "keyword": "khai truong", "step": "capture", "message": "Waiting for posts to appear (avoid blank capture)…", "data": null, "seq": 3571}
