{"ts": "2026-04-28T13:00:11.606088+00:00", "level": "INFO", "jobId": "2c41f803-b0a9-4873-a8b2-d4f8b15ac221", "keyword": "khai truong", "step": "created", "message": "Job created", "data": {"maxPosts": 30}, "seq": 4501}
{"ts": "2026-04-28T13:00:11.861026+00:00", "level": "INFO", "jobId": "2c41f803-b0a9-4873-a8b2-d4f8b15ac221", "keyword": "khai truong", "step": "start", "message": "Job started (attempt 1/2)", "data": null, "seq": 4502}
{"ts": "2026-04-28T13:00:15.465007+00:00", "level": "INFO", "jobId": "2c41f803-b0a9-4873-a8b2-d4f8b15ac221", "keyword": "khai truong", "step": "login", "message": "Already logged in (profile session).", "data": null, "seq": 4503}
{"ts": "2026-04-28T13:00:16.253080+00:00", "level": "INFO", "jobId": "2c41f803-b0a9-4873-a8b2-d4f8b15ac221", "keyword": "khai truong", "step": "search", "message": "Searching keyword: \"khai truong\"", "data": null, "seq": 4504}
{"ts": "2026-04-28T13:00:19.402662+00:00", "level": "INFO", "jobId": "2c41f803-b0a9-4873-a8b2-d4f8b15ac221", "keyword": "khai truong", "step": "capture", "message": "Start capturing up to 30 posts.", "data": null, "seq": 4505}
{"ts": "2026-04-28T13:00:19.677412+00:00", "level": "INFO", "jobId": "2c41f803-b0a9-4873-a8b2-d4f8b15ac221", "keyword": "khai truong", "step": "capture", "message": "Capturing 1/30 (viewport)…", "data": null, "seq": 4506}
{"ts": "2026-04-28T13:00:19.775669+00:00", "level": "INFO", "jobId": "2c41f803-b0a9-4873-a8b2-d4f8b15ac221", "keyword": "khai truong", "step": "capture", "message": "Expanded \"Xem thêm\" (exact-class): +2 (total 2)", "data": null, "seq": 4507}
{"ts": "2026-04-28T13:00:20.399286+00:00", "level": "INFO", "jobId": "2c41f803-b0a9-4873-a8b2-d4f8b15ac221", "keyword": "khai truong", "step": "capture", "message": "Saved post_109.png", "data": null, "seq": 4508}
{"ts": "2026-04-28T13:00:20.400295+00:00", "level": "INFO", "jobId": "2c41f803-b0a9-4873-a8b2-d4f8b15ac221", "keyword": "khai truong", "step": "cooldown", "message": "Cooldown 1.8s (after capture)", "data": null, "seq": 4509}
{"ts": "2026-04-28T13:00:23.037157+00:00", "level": "INFO", "jobId": "2c41f803-b0a9-4873-a8b2-d4f8b15ac221", "keyword": "khai truong", "step": "capture", "message": "Capturing 2/30 (viewport)…", "data": null, "seq": 4510}
{"ts": "2026-04-28T13:00:23.079844+00:00", "level": "INFO", "jobId": "2c41f803-b0a9-4873-a8b2-d4f8b15ac221", "keyword": "khai truong", "step": "capture", "message": "Expanded \"Xem thêm\" (exact-class): +1 (total 1)", "data": null, "seq": 4511}
{"ts": "2026-04-28T13:00:23.766237+00:00", "level": "INFO", "jobId": "2c41f803-b0a9-4873-a8b2-d4f8b15ac221", "keyword": "khai truong", "step": "capture", "message": "Saved post_110.png", "data": null, "seq": 4512}
{"ts": "2026-04-28T13:00:23.768614+00:00", "level": "INFO", "jobId": "2c41f803-b0a9-4873-a8b2-d4f8b15ac221", "keyword": "khai truong", "step": "cooldown", "message": "Cooldown 1.7s (after capture)", "data": null, "seq": 4513}
{"ts": "2026-04-28T13:00:25.963110+00:00", "level": "INFO", "jobId": "2c41f803-b0a9-4873-a8b2-d4f8b15ac221", "keyword": "khai truong", "step": "capture", "message": "Capturing 3/30 (viewport)…", "data": null, "seq": 4514}
{"ts": "2026-04-28T13:00:26.347370+00:00", "level": "INFO", "jobId": "2c41f803-b0a9-4873-a8b2-d4f8b15ac221", "keyword": "khai truong", "step": "capture", "message": "Saved post_111.png", "data": null, "seq": 4515}
{"ts": "2026-04-28T13:00:26.347370+00:00", "level": "INFO", "jobId": "2c41f803-b0a9-4873-a8b2-d4f8b15ac221", "keyword": "khai truong", "step": "cooldown", "message": "Cooldown 1.8s (after capture)", "data": null, "seq": 4516}
{"ts": "2026-04-28T13:00:28.687917+00:00", "level": "INFO", "jobId": "2c41f803-b0a9-4873-a8b2-d4f8b15ac221", "keyword": "khai truong", "step": "capture", "message": "Capturing 4/30 (viewport)…", "data": null, "seq": 4517}
{"ts": "2026-04-28T13:00:28.777086+00:00", "level": "INFO", "jobId": "2c41f803-b0a9-4873-a8b2-d4f8b15ac221", "keyword": "khai truong", "step": "capture", "message": "Expanded \"Xem thêm\" (exact-class): +1 (total 1)", "data": null, "seq": 4518}
{"ts": "2026-04-28T13:00:29.587529+00:00", "level": "INFO", "jobId": "2c41f803-b0a9-4873-a8b2-d4f8b15ac221", "keyword": "khai truong", "step": "capture", "message": "Saved post_112.png", "data": null, "seq": 4519}
{"ts": "2026-04-28T13:00:29.587529+00:00", "level": "INFO", "jobId": "2c41f803-b0a9-4873-a8b2-d4f8b15ac221", "keyword": "khai truong", "step": "cooldown", "message": "Cooldown 1.3s (after capture)", "data": null, "seq": 4520}
{"ts": "2026-04-28T13:00:31.446479+00:00", "level": "INFO", "jobId": "2c41f803-b0a9-4873-a8b2-d4f8b15ac221", "keyword": "khai truong", "step": "capture", "message": "Capturing 5/30 (viewport)…", "data": null, "seq": 4521}
{"ts": "2026-04-28T13:00:31.527534+00:00", "level": "INFO", "jobId": "2c41f803-b0a9-4873-a8b2-d4f8b15ac221", "keyword": "khai truong", "step": "capture", "message": "Expanded \"Xem thêm\" (exact-class): +1 (total 1)", "data": null, "seq": 4522}
{"ts": "2026-04-28T13:00:32.326552+00:00", "level": "INFO", "jobId": "2c41f803-b0a9-4873-a8b2-d4f8b15ac221", "keyword": "khai truong", "step": "capture", "message": "Saved post_113.png", "data": null, "seq": 4523}
{"ts": "2026-04-28T13:00:32.326552+00:00", "level": "INFO", "jobId": "2c41f803-b0a9-4873-a8b2-d4f8b15ac221", "keyword": "khai truong", "step": "cooldown", "message": "Cooldown 1.9s (after capture)", "data": null, "seq": 4524}
{"ts": "2026-04-28T13:00:34.698543+00:00", "level": "INFO", "jobId": "2c41f803-b0a9-4873-a8b2-d4f8b15ac221", "keyword": "khai truong", "step": "capture", "message": "Capturing 6/30 (viewport)…", "data": null, "seq": 4525}
{"ts": "2026-04-28T13:00:35.140621+00:00", "level": "INFO", "jobId": "2c41f803-b0a9-4873-a8b2-d4f8b15ac221", "keyword": "khai truong", "step": "capture", "message": "Saved post_114.png", "data": null, "seq": 4526}
{"ts": "2026-04-28T13:00:35.140621+00:00", "level": "INFO", "jobId": "2c41f803-b0a9-4873-a8b2-d4f8b15ac221", "keyword": "khai truong", "step": "cooldown", "message": "Cooldown 2.2s (after capture)", "data": null, "seq": 4527}
{"ts": "2026-04-28T13:00:37.899335+00:00", "level": "INFO", "jobId": "2c41f803-b0a9-4873-a8b2-d4f8b15ac221", "keyword": "khai truong", "step": "capture", "message": "Capturing 7/30 (viewport)…", "data": null, "seq": 4528}
{"ts": "2026-04-28T13:00:37.976039+00:00", "level": "INFO", "jobId": "2c41f803-b0a9-4873-a8b2-d4f8b15ac221", "keyword": "khai truong", "step": "capture", "message": "Expanded \"Xem thêm\" (exact-class): +1 (total 1)", "data": null, "seq": 4529}
{"ts": "2026-04-28T13:00:38.926853+00:00", "level": "INFO", "jobId": "2c41f803-b0a9-4873-a8b2-d4f8b15ac221", "keyword": "khai truong", "step": "capture", "message": "Saved post_115.png", "data": null, "seq": 4530}
{"ts": "2026-04-28T13:00:38.927883+00:00", "level": "INFO", "jobId": "2c41f803-b0a9-4873-a8b2-d4f8b15ac221", "keyword": "khai truong", "step": "cooldown", "message": "Cooldown 2.3s (after capture)", "data": null, "seq": 4531}
{"ts": "2026-04-28T13:00:41.724243+00:00", "level": "INFO", "jobId": "2c41f803-b0a9-4873-a8b2-d4f8b15ac221", "keyword": "khai truong", "step": "capture", "message": "Capturing 8/30 (viewport)…", "data": null, "seq": 4532}
{"ts": "2026-04-28T13:00:41.785187+00:00", "level": "INFO", "jobId": "2c41f803-b0a9-4873-a8b2-d4f8b15ac221", "keyword": "khai truong", "step": "capture", "message": "Expanded \"Xem thêm\" (exact-class): +1 (total 1)", "data": null, "seq": 4533}
{"ts": "2026-04-28T13:00:42.520489+00:00", "level": "INFO", "jobId": "2c41f803-b0a9-4873-a8b2-d4f8b15ac221", "keyword": "khai truong", "step": "capture", "message": "Saved post_116.png", "data": null, "seq": 4534}
{"ts": "2026-04-28T13:00:42.520489+00:00", "level": "INFO", "jobId": "2c41f803-b0a9-4873-a8b2-d4f8b15ac221", "keyword": "khai truong", "step": "cooldown", "message": "Cooldown 3.0s (after capture)", "data": null, "seq": 4535}
{"ts": "2026-04-28T13:00:46.001781+00:00", "level": "INFO", "jobId": "2c41f803-b0a9-4873-a8b2-d4f8b15ac221", "keyword": "khai truong", "step": "capture", "message": "Capturing 9/30 (viewport)…", "data": null, "seq": 4536}
{"ts": "2026-04-28T13:00:46.058045+00:00", "level": "INFO", "jobId": "2c41f803-b0a9-4873-a8b2-d4f8b15ac221", "keyword": "khai truong", "step": "capture", "message": "Expanded \"Xem thêm\" (exact-class): +1 (total 1)", "data": null, "seq": 4537}
{"ts": "2026-04-28T13:00:46.834901+00:00", "level": "INFO", "jobId": "2c41f803-b0a9-4873-a8b2-d4f8b15ac221", "keyword": "khai truong", "step": "capture", "message": "Saved post_117.png", "data": null, "seq": 4538}
{"ts": "2026-04-28T13:00:46.834901+00:00", "level": "INFO", "jobId": "2c41f803-b0a9-4873-a8b2-d4f8b15ac221", "keyword": "khai truong", "step": "cooldown", "message": "Cooldown 1.1s (after capture)", "data": null, "seq": 4539}
{"ts": "2026-04-28T13:00:48.463904+00:00", "level": "INFO", "jobId": "2c41f803-b0a9-4873-a8b2-d4f8b15ac221", "keyword": "khai truong", "step": "capture", "message": "Capturing 10/30 (viewport)…", "data": null, "seq": 4540}
{"ts": "2026-04-28T13:00:48.885350+00:00", "level": "INFO", "jobId": "2c41f803-b0a9-4873-a8b2-d4f8b15ac221", "keyword": "khai truong", "step": "capture", "message": "Saved post_118.png", "data": null, "seq": 4541}
{"ts": "2026-04-28T13:00:48.885350+00:00", "level": "INFO", "jobId": "2c41f803-b0a9-4873-a8b2-d4f8b15ac221", "keyword": "khai truong", "step": "cooldown", "message": "Cooldown 1.6s (after capture)", "data": null, "seq": 4542}
{"ts": "2026-04-28T13:00:50.961387+00:00", "level": "INFO", "jobId": "2c41f803-b0a9-4873-a8b2-d4f8b15ac221", "keyword": "khai truong", "step": "capture", "message": "Capturing 11/30 (viewport)…", "data": null, "seq": 4543}
{"ts": "2026-04-28T13:00:51.422160+00:00", "level": "INFO", "jobId": "2c41f803-b0a9-4873-a8b2-d4f8b15ac221", "keyword": "khai truong", "step": "capture", "message": "Saved post_119.png", "data": null, "seq": 4544}
{"ts": "2026-04-28T13:00:51.422160+00:00", "level": "INFO", "jobId": "2c41f803-b0a9-4873-a8b2-d4f8b15ac221", "keyword": "khai truong", "step": "cooldown", "message": "Cooldown 2.6s (after capture)", "data": null, "seq": 4545}
{"ts": "2026-04-28T13:00:54.575572+00:00", "level": "INFO", "jobId": "2c41f803-b0a9-4873-a8b2-d4f8b15ac221", "keyword": "khai truong", "step": "capture", "message": "Scroll did not move. diag={'y': 10271, 'docTop': 10271, 'docH': 12071, 'primaryTop': 0, 'primaryCH': 0, 'primarySH': 0, 'innerScrollables': 0, 'htmlOverflow': 'scroll', 'bodyOverflow': 'auto', 'articles': 0}", "data": null, "seq": 4546}
{"ts": "2026-04-28T13:00:54.587394+00:00", "level": "INFO", "jobId": "2c41f803-b0a9-4873-a8b2-d4f8b15ac221", "keyword": "khai truong", "step": "capture", "message": "Capturing 12/30 (viewport)…", "data": null, "seq": 4547}
{"ts": "2026-04-28T13:00:55.134348+00:00", "level": "INFO", "jobId": "2c41f803-b0a9-4873-a8b2-d4f8b15ac221", "keyword": "khai truong", "step": "capture", "message": "Saved post_120.png", "data": null, "seq": 4548}
{"ts": "2026-04-28T13:00:55.134348+00:00", "level": "INFO", "jobId": "2c41f803-b0a9-4873-a8b2-d4f8b15ac221", "keyword": "khai truong", "step": "cooldown", "message": "Cooldown 2.4s (after capture)", "data": null, "seq": 4549}
{"ts": "2026-04-28T13:00:58.021455+00:00", "level": "INFO", "jobId": "2c41f803-b0a9-4873-a8b2-d4f8b15ac221", "keyword": "khai truong", "step": "capture", "message": "Scroll did not move. diag={'y': 10271, 'docTop': 10271, 'docH': 12071, 'primaryTop': 0, 'primaryCH': 0, 'primarySH': 0, 'innerScrollables': 0, 'htmlOverflow': 'scroll', 'bodyOverflow': 'auto', 'articles': 0}", "data": null, "seq": 4550}
{"ts": "2026-04-28T13:00:58.033349+00:00", "level": "INFO", "jobId": "2c41f803-b0a9-4873-a8b2-d4f8b15ac221", "keyword": "khai truong", "step": "capture", "message": "Capturing 13/30 (viewport)…", "data": null, "seq": 4551}
{"ts": "2026-04-28T13:00:58.641589+00:00", "level": "INFO", "jobId": "2c41f803-b0a9-4873-a8b2-d4f8b15ac221", "keyword": "khai truong", "step": "capture", "message": "Saved post_121.png", "data": null, "seq": 4552}
{"ts": "2026-04-28T13:00:58.643596+00:00", "level": "INFO", "jobId": "2c41f803-b0a9-4873-a8b2-d4f8b15ac221", "keyword": "khai truong", "step": "cooldown", "message": "Cooldown 2.8s (after capture)", "data": null, "seq": 4553}
{"ts": "2026-04-28T13:01:01.991035+00:00", "level": "INFO", "jobId": "2c41f803-b0a9-4873-a8b2-d4f8b15ac221", "keyword": "khai truong", "step": "capture", "message": "Scroll did not move. diag={'y': 10271, 'docTop': 10271, 'docH': 12071, 'primaryTop': 0, 'primaryCH': 0, 'primarySH': 0, 'innerScrollables': 0, 'htmlOverflow': 'scroll', 'bodyOverflow': 'auto', 'articles': 0}", "data": null, "seq": 4554}
{"ts": "2026-04-28T13:01:02.000803+00:00", "level": "INFO", "jobId": "2c41f803-b0a9-4873-a8b2-d4f8b15ac221", "keyword": "khai truong", "step": "capture", "message": "Capturing 14/30 (viewport)…", "data": null, "seq": 4555}
{"ts": "2026-04-28T13:01:02.451496+00:00", "level": "INFO", "jobId": "2c41f803-b0a9-4873-a8b2-d4f8b15ac221", "keyword": "khai truong", "step": "capture", "message": "Saved post_122.png", "data": null, "seq": 4556}
{"ts": "2026-04-28T13:01:02.451496+00:00", "level": "INFO", "jobId": "2c41f803-b0a9-4873-a8b2-d4f8b15ac221", "keyword": "khai truong", "step": "cooldown", "message": "Cooldown 1.1s (after capture)", "data": null, "seq": 4557}
{"ts": "2026-04-28T13:01:04.050406+00:00", "level": "INFO", "jobId": "2c41f803-b0a9-4873-a8b2-d4f8b15ac221", "keyword": "khai truong", "step": "capture", "message": "Scroll did not move. diag={'y': 10271, 'docTop': 10271, 'docH': 12071, 'primaryTop': 0, 'primaryCH': 0, 'primarySH': 0, 'innerScrollables': 0, 'htmlOverflow': 'scroll', 'bodyOverflow': 'auto', 'articles': 0}", "data": null, "seq": 4558}
{"ts": "2026-04-28T13:01:04.058573+00:00", "level": "INFO", "jobId": "2c41f803-b0a9-4873-a8b2-d4f8b15ac221", "keyword": "khai truong", "step": "capture", "message": "Capturing 15/30 (viewport)…", "data": null, "seq": 4559}
{"ts": "2026-04-28T13:01:04.516187+00:00", "level": "INFO", "jobId": "2c41f803-b0a9-4873-a8b2-d4f8b15ac221", "keyword": "khai truong", "step": "capture", "message": "Saved post_123.png", "data": null, "seq": 4560}
{"ts": "2026-04-28T13:01:04.516187+00:00", "level": "INFO", "jobId": "2c41f803-b0a9-4873-a8b2-d4f8b15ac221", "keyword": "khai truong", "step": "cooldown", "message": "Cooldown 1.2s (after capture)", "data": null, "seq": 4561}
{"ts": "2026-04-28T13:01:06.234372+00:00", "level": "INFO", "jobId": "2c41f803-b0a9-4873-a8b2-d4f8b15ac221", "keyword": "khai truong", "step": "capture", "message": "Scroll did not move. diag={'y': 10271, 'docTop': 10271, 'docH': 12071, 'primaryTop': 0, 'primaryCH': 0, 'primarySH': 0, 'innerScrollables': 0, 'htmlOverflow': 'scroll', 'bodyOverflow': 'auto', 'articles': 0}", "data": null, "seq": 4562}
{"ts": "2026-04-28T13:01:06.262961+00:00", "level": "INFO", "jobId": "2c41f803-b0a9-4873-a8b2-d4f8b15ac221", "keyword": "khai truong", "step": "capture", "message": "Capturing 16/30 (viewport)…", "data": null, "seq": 4563}
{"ts": "2026-04-28T13:01:06.897322+00:00", "level": "INFO", "jobId": "2c41f803-b0a9-4873-a8b2-d4f8b15ac221", "keyword": "khai truong", "step": "capture", "message": "Saved post_124.png", "data": null, "seq": 4564}
{"ts": "2026-04-28T13:01:06.897322+00:00", "level": "INFO", "jobId": "2c41f803-b0a9-4873-a8b2-d4f8b15ac221", "keyword": "khai truong", "step": "cooldown", "message": "Cooldown 2.6s (after capture)", "data": null, "seq": 4565}
{"ts": "2026-04-28T13:01:10.013170+00:00", "level": "INFO", "jobId": "2c41f803-b0a9-4873-a8b2-d4f8b15ac221", "keyword": "khai truong", "step": "capture", "message": "Scroll did not move. diag={'y': 10271, 'docTop': 10271, 'docH': 12071, 'primaryTop': 0, 'primaryCH': 0, 'primarySH': 0, 'innerScrollables': 0, 'htmlOverflow': 'scroll', 'bodyOverflow': 'auto', 'articles': 0}", "data": null, "seq": 4566}
{"ts": "2026-04-28T13:01:10.020595+00:00", "level": "INFO", "jobId": "2c41f803-b0a9-4873-a8b2-d4f8b15ac221", "keyword": "khai truong", "step": "capture", "message": "Capturing 17/30 (viewport)…", "data": null, "seq": 4567}
{"ts": "2026-04-28T13:01:10.513593+00:00", "level": "INFO", "jobId": "2c41f803-b0a9-4873-a8b2-d4f8b15ac221", "keyword": "khai truong", "step": "capture", "message": "Saved post_125.png", "data": null, "seq": 4568}
{"ts": "2026-04-28T13:01:10.518195+00:00", "level": "INFO", "jobId": "2c41f803-b0a9-4873-a8b2-d4f8b15ac221", "keyword": "khai truong", "step": "cooldown", "message": "Cooldown 1.2s (after capture)", "data": null, "seq": 4569}
{"ts": "2026-04-28T13:01:12.300996+00:00", "level": "INFO", "jobId": "2c41f803-b0a9-4873-a8b2-d4f8b15ac221", "keyword": "khai truong", "step": "capture", "message": "Scroll did not move. diag={'y': 10271, 'docTop': 10271, 'docH': 12071, 'primaryTop': 0, 'primaryCH': 0, 'primarySH': 0, 'innerScrollables': 0, 'htmlOverflow': 'scroll', 'bodyOverflow': 'auto', 'articles': 0}", "data": null, "seq": 4570}
{"ts": "2026-04-28T13:01:12.307323+00:00", "level": "INFO", "jobId": "2c41f803-b0a9-4873-a8b2-d4f8b15ac221", "keyword": "khai truong", "step": "capture", "message": "Capturing 18/30 (viewport)…", "data": null, "seq": 4571}
{"ts": "2026-04-28T13:01:12.923023+00:00", "level": "INFO", "jobId": "2c41f803-b0a9-4873-a8b2-d4f8b15ac221", "keyword": "khai truong", "step": "capture", "message": "Saved post_126.png", "data": null, "seq": 4572}
{"ts": "2026-04-28T13:01:12.925147+00:00", "level": "INFO", "jobId": "2c41f803-b0a9-4873-a8b2-d4f8b15ac221", "keyword": "khai truong", "step": "cooldown", "message": "Cooldown 2.0s (after capture)", "data": null, "seq": 4573}
{"ts": "2026-04-28T13:01:15.469701+00:00", "level": "INFO", "jobId": "2c41f803-b0a9-4873-a8b2-d4f8b15ac221", "keyword": "khai truong", "step": "capture", "message": "Scroll did not move. diag={'y': 10271, 'docTop': 10271, 'docH': 12071, 'primaryTop': 0, 'primaryCH': 0, 'primarySH': 0, 'innerScrollables': 0, 'htmlOverflow': 'scroll', 'bodyOverflow': 'auto', 'articles': 0}", "data": null, "seq": 4574}
{"ts": "2026-04-28T13:01:15.481188+00:00", "level": "INFO", "jobId": "2c41f803-b0a9-4873-a8b2-d4f8b15ac221", "keyword": "khai truong", "step": "capture", "message": "Capturing 19/30 (viewport)…", "data": null, "seq": 4575}
{"ts": "2026-04-28T13:01:15.548135+00:00", "level": "INFO", "jobId": "2c41f803-b0a9-4873-a8b2-d4f8b15ac221", "keyword": "khai truong", "step": "capture", "message": "Expanded \"Xem thêm\" (exact-class): +1 (total 1)", "data": null, "seq": 4576}
{"ts": "2026-04-28T13:01:16.318011+00:00", "level": "INFO", "jobId": "2c41f803-b0a9-4873-a8b2-d4f8b15ac221", "keyword": "khai truong", "step": "capture", "message": "Saved post_127.png", "data": null, "seq": 4577}
{"ts": "2026-04-28T13:01:16.318011+00:00", "level": "INFO", "jobId": "2c41f803-b0a9-4873-a8b2-d4f8b15ac221", "keyword": "khai truong", "step": "cooldown", "message": "Cooldown 1.5s (after capture)", "data": null, "seq": 4578}
{"ts": "2026-04-28T13:01:18.278056+00:00", "level": "INFO", "jobId": "2c41f803-b0a9-4873-a8b2-d4f8b15ac221", "keyword": "khai truong", "step": "capture", "message": "Capturing 20/30 (viewport)…", "data": null, "seq": 4579}
{"ts": "2026-04-28T13:01:18.733506+00:00", "level": "INFO", "jobId": "2c41f803-b0a9-4873-a8b2-d4f8b15ac221", "keyword": "khai truong", "step": "capture", "message": "Saved post_128.png", "data": null, "seq": 4580}
{"ts": "2026-04-28T13:01:18.733506+00:00", "level": "INFO", "jobId": "2c41f803-b0a9-4873-a8b2-d4f8b15ac221", "keyword": "khai truong", "step": "cooldown", "message": "Cooldown 2.2s (after capture)", "data": null, "seq": 4581}
{"ts": "2026-04-28T13:01:21.498697+00:00", "level": "INFO", "jobId": "2c41f803-b0a9-4873-a8b2-d4f8b15ac221", "keyword": "khai truong", "step": "capture", "message": "Scroll did not move. diag={'y': 10513, 'docTop': 10513, 'docH': 12313, 'primaryTop': 0, 'primaryCH': 0, 'primarySH': 0, 'innerScrollables': 0, 'htmlOverflow': 'scroll', 'bodyOverflow': 'auto', 'articles': 0}", "data": null, "seq": 4582}
{"ts": "2026-04-28T13:01:21.514738+00:00", "level": "INFO", "jobId": "2c41f803-b0a9-4873-a8b2-d4f8b15ac221", "keyword": "khai truong", "step": "capture", "message": "Capturing 21/30 (viewport)…", "data": null, "seq": 4583}
{"ts": "2026-04-28T13:01:21.946310+00:00", "level": "INFO", "jobId": "2c41f803-b0a9-4873-a8b2-d4f8b15ac221", "keyword": "khai truong", "step": "capture", "message": "Saved post_129.png", "data": null, "seq": 4584}
{"ts": "2026-04-28T13:01:21.946310+00:00", "level": "INFO", "jobId": "2c41f803-b0a9-4873-a8b2-d4f8b15ac221", "keyword": "khai truong", "step": "cooldown", "message": "Cooldown 2.0s (after capture)", "data": null, "seq": 4585}
{"ts": "2026-04-28T13:01:24.477400+00:00", "level": "INFO", "jobId": "2c41f803-b0a9-4873-a8b2-d4f8b15ac221", "keyword": "khai truong", "step": "capture", "message": "Scroll did not move. diag={'y': 10513, 'docTop': 10513, 'docH': 12313, 'primaryTop': 0, 'primaryCH': 0, 'primarySH': 0, 'innerScrollables': 0, 'htmlOverflow': 'scroll', 'bodyOverflow': 'auto', 'articles': 0}", "data": null, "seq": 4586}
{"ts": "2026-04-28T13:01:24.502096+00:00", "level": "INFO", "jobId": "2c41f803-b0a9-4873-a8b2-d4f8b15ac221", "keyword": "khai truong", "step": "capture", "message": "Capturing 22/30 (viewport)…", "data": null, "seq": 4587}
{"ts": "2026-04-28T13:01:25.030457+00:00", "level": "INFO", "jobId": "2c41f803-b0a9-4873-a8b2-d4f8b15ac221", "keyword": "khai truong", "step": "capture", "message": "Saved post_130.png", "data": null, "seq": 4588}
{"ts": "2026-04-28T13:01:25.030457+00:00", "level": "INFO", "jobId": "2c41f803-b0a9-4873-a8b2-d4f8b15ac221", "keyword": "khai truong", "step": "cooldown", "message": "Cooldown 2.3s (after capture)", "data": null, "seq": 4589}
{"ts": "2026-04-28T13:01:27.825323+00:00", "level": "INFO", "jobId": "2c41f803-b0a9-4873-a8b2-d4f8b15ac221", "keyword": "khai truong", "step": "capture", "message": "Scroll did not move. diag={'y': 10513, 'docTop': 10513, 'docH': 12313, 'primaryTop': 0, 'primaryCH': 0, 'primarySH': 0, 'innerScrollables': 0, 'htmlOverflow': 'scroll', 'bodyOverflow': 'auto', 'articles': 0}", "data": null, "seq": 4590}
{"ts": "2026-04-28T13:01:27.825323+00:00", "level": "INFO", "jobId": "2c41f803-b0a9-4873-a8b2-d4f8b15ac221", "keyword": "khai truong", "step": "capture", "message": "Capturing 23/30 (viewport)…", "data": null, "seq": 4591}
{"ts": "2026-04-28T13:01:28.284110+00:00", "level": "INFO", "jobId": "2c41f803-b0a9-4873-a8b2-d4f8b15ac221", "keyword": "khai truong", "step": "capture", "message": "Saved post_131.png", "data": null, "seq": 4592}
{"ts": "2026-04-28T13:01:28.284690+00:00", "level": "INFO", "jobId": "2c41f803-b0a9-4873-a8b2-d4f8b15ac221", "keyword": "khai truong", "step": "cooldown", "message": "Cooldown 1.7s (after capture)", "data": null, "seq": 4593}
{"ts": "2026-04-28T13:01:30.498039+00:00", "level": "INFO", "jobId": "2c41f803-b0a9-4873-a8b2-d4f8b15ac221", "keyword": "khai truong", "step": "capture", "message": "Scroll did not move. diag={}", "data": null, "seq": 4594}
{"ts": "2026-04-28T13:01:30.503512+00:00", "level": "WARN", "jobId": "2c41f803-b0a9-4873-a8b2-d4f8b15ac221", "keyword": "khai truong", "step": "relaunch", "message": "Browser/page closed unexpectedly. Will relaunch + retry. (Locator.inner_text: Target page, context or browser has been closed)", "data": null, "seq": 4595}
{"ts": "2026-04-28T13:01:32.494802+00:00", "level": "WARN", "jobId": "2c41f803-b0a9-4873-a8b2-d4f8b15ac221", "keyword": "khai truong", "step": "retry", "message": "Reset job to pending for retry (closed target).", "data": null, "seq": 4596}
{"ts": "2026-04-28T13:01:32.495724+00:00", "level": "INFO", "jobId": "2c41f803-b0a9-4873-a8b2-d4f8b15ac221", "keyword": "khai truong", "step": "cooldown", "message": "Between-keywords delay: 1.9s", "data": null, "seq": 4597}
{"ts": "2026-04-28T13:01:34.525951+00:00", "level": "INFO", "jobId": "2c41f803-b0a9-4873-a8b2-d4f8b15ac221", "keyword": "khai truong", "step": "start", "message": "Job started (attempt 2/2)", "data": null, "seq": 4598}
