{"ts": "2026-04-28T16:28:59.360353+00:00", "level": "INFO", "jobId": "2f2a613e-a1d1-4ba7-947f-502762213a83", "keyword": "khai trương ưu đãi", "step": "created", "message": "Job created", "data": {"maxPosts": 70}, "seq": 6327}
{"ts": "2026-04-28T16:57:46.567874+00:00", "level": "INFO", "jobId": "2f2a613e-a1d1-4ba7-947f-502762213a83", "keyword": "khai trương ưu đãi", "step": "start", "message": "Job started (attempt 1/2)", "data": null, "seq": 6648}
{"ts": "2026-04-28T16:57:50.119499+00:00", "level": "INFO", "jobId": "2f2a613e-a1d1-4ba7-947f-502762213a83", "keyword": "khai trương ưu đãi", "step": "login", "message": "Already logged in (profile session).", "data": null, "seq": 6649}
{"ts": "2026-04-28T16:57:50.427576+00:00", "level": "INFO", "jobId": "2f2a613e-a1d1-4ba7-947f-502762213a83", "keyword": "khai trương ưu đãi", "step": "search", "message": "Searching keyword: \"khai trương ưu đãi\"", "data": null, "seq": 6650}
{"ts": "2026-04-28T16:57:53.187239+00:00", "level": "INFO", "jobId": "2f2a613e-a1d1-4ba7-947f-502762213a83", "keyword": "khai trương ưu đãi", "step": "capture", "message": "Start capturing up to 70 posts.", "data": null, "seq": 6651}
{"ts": "2026-04-28T16:57:53.187239+00:00", "level": "INFO", "jobId": "2f2a613e-a1d1-4ba7-947f-502762213a83", "keyword": "khai trương ưu đãi", "step": "capture", "message": "Output folder: Lan 1 - 2357", "data": null, "seq": 6652}
{"ts": "2026-04-28T16:57:53.629821+00:00", "level": "INFO", "jobId": "2f2a613e-a1d1-4ba7-947f-502762213a83", "keyword": "khai trương ưu đãi", "step": "capture", "message": "Capturing 1/70 (viewport)…", "data": null, "seq": 6653}
{"ts": "2026-04-28T16:58:06.260218+00:00", "level": "INFO", "jobId": "2f2a613e-a1d1-4ba7-947f-502762213a83", "keyword": "khai trương ưu đãi", "step": "capture", "message": "Saved post_001.png", "data": null, "seq": 6654}
{"ts": "2026-04-28T16:58:06.261219+00:00", "level": "INFO", "jobId": "2f2a613e-a1d1-4ba7-947f-502762213a83", "keyword": "khai trương ưu đãi", "step": "cooldown", "message": "Cooldown 1.5s (after capture)", "data": null, "seq": 6655}
{"ts": "2026-04-28T16:58:08.251735+00:00", "level": "INFO", "jobId": "2f2a613e-a1d1-4ba7-947f-502762213a83", "keyword": "khai trương ưu đãi", "step": "capture", "message": "Capturing 2/70 (viewport)…", "data": null, "seq": 6656}
{"ts": "2026-04-28T16:58:08.329056+00:00", "level": "INFO", "jobId": "2f2a613e-a1d1-4ba7-947f-502762213a83", "keyword": "khai trương ưu đãi", "step": "capture", "message": "Expanded \"Xem thêm\" (exact-class): +2 (total 2)", "data": null, "seq": 6657}
{"ts": "2026-04-28T16:58:21.067638+00:00", "level": "INFO", "jobId": "2f2a613e-a1d1-4ba7-947f-502762213a83", "keyword": "khai trương ưu đãi", "step": "capture", "message": "Saved post_002.png", "data": null, "seq": 6658}
{"ts": "2026-04-28T16:58:21.067638+00:00", "level": "INFO", "jobId": "2f2a613e-a1d1-4ba7-947f-502762213a83", "keyword": "khai trương ưu đãi", "step": "cooldown", "message": "Cooldown 1.7s (after capture)", "data": null, "seq": 6659}
{"ts": "2026-04-28T16:58:23.370747+00:00", "level": "INFO", "jobId": "2f2a613e-a1d1-4ba7-947f-502762213a83", "keyword": "khai trương ưu đãi", "step": "capture", "message": "Capturing 3/70 (viewport)…", "data": null, "seq": 6660}
{"ts": "2026-04-28T16:58:35.941329+00:00", "level": "INFO", "jobId": "2f2a613e-a1d1-4ba7-947f-502762213a83", "keyword": "khai trương ưu đãi", "step": "capture", "message": "Saved post_003.png", "data": null, "seq": 6661}
{"ts": "2026-04-28T16:58:35.942340+00:00", "level": "INFO", "jobId": "2f2a613e-a1d1-4ba7-947f-502762213a83", "keyword": "khai trương ưu đãi", "step": "cooldown", "message": "Cooldown 1.8s (after capture)", "data": null, "seq": 6662}
{"ts": "2026-04-28T16:58:40.780488+00:00", "level": "INFO", "jobId": "2f2a613e-a1d1-4ba7-947f-502762213a83", "keyword": "khai trương ưu đãi", "step": "capture", "message": "Capturing 4/70 (viewport)…", "data": null, "seq": 6663}
{"ts": "2026-04-28T16:58:40.936233+00:00", "level": "INFO", "jobId": "2f2a613e-a1d1-4ba7-947f-502762213a83", "keyword": "khai trương ưu đãi", "step": "capture", "message": "Expanded \"Xem thêm\" (exact-class): +2 (total 2)", "data": null, "seq": 6664}
{"ts": "2026-04-28T16:58:53.769304+00:00", "level": "INFO", "jobId": "2f2a613e-a1d1-4ba7-947f-502762213a83", "keyword": "khai trương ưu đãi", "step": "capture", "message": "Saved post_004.png", "data": null, "seq": 6665}
{"ts": "2026-04-28T16:58:53.784994+00:00", "level": "INFO", "jobId": "2f2a613e-a1d1-4ba7-947f-502762213a83", "keyword": "khai trương ưu đãi", "step": "cooldown", "message": "Cooldown 3.0s (after capture)", "data": null, "seq": 6666}
{"ts": "2026-04-28T16:58:57.290590+00:00", "level": "INFO", "jobId": "2f2a613e-a1d1-4ba7-947f-502762213a83", "keyword": "khai trương ưu đãi", "step": "capture", "message": "Capturing 5/70 (viewport)…", "data": null, "seq": 6667}
{"ts": "2026-04-28T16:58:57.375138+00:00", "level": "INFO", "jobId": "2f2a613e-a1d1-4ba7-947f-502762213a83", "keyword": "khai trương ưu đãi", "step": "capture", "message": "Expanded \"Xem thêm\" (exact-class): +1 (total 1)", "data": null, "seq": 6668}
{"ts": "2026-04-28T16:59:10.400093+00:00", "level": "INFO", "jobId": "2f2a613e-a1d1-4ba7-947f-502762213a83", "keyword": "khai trương ưu đãi", "step": "capture", "message": "Saved post_005.png", "data": null, "seq": 6669}
{"ts": "2026-04-28T16:59:10.400093+00:00", "level": "INFO", "jobId": "2f2a613e-a1d1-4ba7-947f-502762213a83", "keyword": "khai trương ưu đãi", "step": "cooldown", "message": "Cooldown 1.7s (after capture)", "data": null, "seq": 6670}
{"ts": "2026-04-28T16:59:12.677080+00:00", "level": "INFO", "jobId": "2f2a613e-a1d1-4ba7-947f-502762213a83", "keyword": "khai trương ưu đãi", "step": "capture", "message": "Capturing 6/70 (viewport)…", "data": null, "seq": 6671}
{"ts": "2026-04-28T16:59:12.798782+00:00", "level": "INFO", "jobId": "2f2a613e-a1d1-4ba7-947f-502762213a83", "keyword": "khai trương ưu đãi", "step": "capture", "message": "Expanded \"Xem thêm\" (exact-class): +1 (total 1)", "data": null, "seq": 6672}
{"ts": "2026-04-28T16:59:25.766004+00:00", "level": "INFO", "jobId": "2f2a613e-a1d1-4ba7-947f-502762213a83", "keyword": "khai trương ưu đãi", "step": "capture", "message": "Saved post_006.png", "data": null, "seq": 6673}
{"ts": "2026-04-28T16:59:25.766004+00:00", "level": "INFO", "jobId": "2f2a613e-a1d1-4ba7-947f-502762213a83", "keyword": "khai trương ưu đãi", "step": "cooldown", "message": "Cooldown 1.5s (after capture)", "data": null, "seq": 6674}
{"ts": "2026-04-28T16:59:27.842325+00:00", "level": "INFO", "jobId": "2f2a613e-a1d1-4ba7-947f-502762213a83", "keyword": "khai trương ưu đãi", "step": "capture", "message": "Capturing 7/70 (viewport)…", "data": null, "seq": 6675}
{"ts": "2026-04-28T16:59:27.957965+00:00", "level": "INFO", "jobId": "2f2a613e-a1d1-4ba7-947f-502762213a83", "keyword": "khai trương ưu đãi", "step": "capture", "message": "Expanded \"Xem thêm\" (exact-class): +1 (total 1)", "data": null, "seq": 6676}
{"ts": "2026-04-28T16:59:40.697722+00:00", "level": "INFO", "jobId": "2f2a613e-a1d1-4ba7-947f-502762213a83", "keyword": "khai trương ưu đãi", "step": "capture", "message": "Saved post_007.png", "data": null, "seq": 6677}
{"ts": "2026-04-28T16:59:40.697722+00:00", "level": "INFO", "jobId": "2f2a613e-a1d1-4ba7-947f-502762213a83", "keyword": "khai trương ưu đãi", "step": "cooldown", "message": "Cooldown 1.6s (after capture)", "data": null, "seq": 6678}
{"ts": "2026-04-28T16:59:42.774136+00:00", "level": "INFO", "jobId": "2f2a613e-a1d1-4ba7-947f-502762213a83", "keyword": "khai trương ưu đãi", "step": "capture", "message": "Capturing 8/70 (viewport)…", "data": null, "seq": 6679}
