{"ts": "2026-04-28T14:37:23.786075+00:00", "level": "INFO", "jobId": "368d8e9f-9836-4c63-abff-13b210c1027b", "keyword": "khai truong", "step": "created", "message": "Job created", "data": {"maxPosts": "unlimited"}, "seq": 4869}
{"ts": "2026-04-28T14:37:24.669421+00:00", "level": "INFO", "jobId": "368d8e9f-9836-4c63-abff-13b210c1027b", "keyword": "khai truong", "step": "start", "message": "Job started (attempt 1/2)", "data": null, "seq": 4871}
{"ts": "2026-04-28T14:37:33.515801+00:00", "level": "INFO", "jobId": "368d8e9f-9836-4c63-abff-13b210c1027b", "keyword": "khai truong", "step": "login", "message": "Already logged in (profile session).", "data": null, "seq": 4872}
{"ts": "2026-04-28T14:37:34.512836+00:00", "level": "INFO", "jobId": "368d8e9f-9836-4c63-abff-13b210c1027b", "keyword": "khai truong", "step": "search", "message": "Searching keyword: \"khai truong\"", "data": null, "seq": 4873}
{"ts": "2026-04-28T14:37:38.932082+00:00", "level": "INFO", "jobId": "368d8e9f-9836-4c63-abff-13b210c1027b", "keyword": "khai truong", "step": "capture", "message": "Start capturing all posts until end of results.", "data": null, "seq": 4874}
{"ts": "2026-04-28T14:37:39.814968+00:00", "level": "INFO", "jobId": "368d8e9f-9836-4c63-abff-13b210c1027b", "keyword": "khai truong", "step": "capture", "message": "Capturing 1/∞ (viewport)…", "data": null, "seq": 4875}
{"ts": "2026-04-28T14:37:41.042919+00:00", "level": "INFO", "jobId": "368d8e9f-9836-4c63-abff-13b210c1027b", "keyword": "khai truong", "step": "capture", "message": "Expanded \"Xem thêm\" (exact-class): +1 (total 1)", "data": null, "seq": 4876}
{"ts": "2026-04-28T14:37:42.227424+00:00", "level": "INFO", "jobId": "368d8e9f-9836-4c63-abff-13b210c1027b", "keyword": "khai truong", "step": "capture", "message": "Expanded \"Xem thêm\" (exact-class): +1 (total 2)", "data": null, "seq": 4877}
{"ts": "2026-04-28T14:37:44.649297+00:00", "level": "INFO", "jobId": "368d8e9f-9836-4c63-abff-13b210c1027b", "keyword": "khai truong", "step": "capture", "message": "Saved post_187.png", "data": null, "seq": 4878}
{"ts": "2026-04-28T14:37:44.659969+00:00", "level": "INFO", "jobId": "368d8e9f-9836-4c63-abff-13b210c1027b", "keyword": "khai truong", "step": "cooldown", "message": "Cooldown 2.8s (after capture)", "data": null, "seq": 4879}
{"ts": "2026-04-28T14:37:48.266115+00:00", "level": "INFO", "jobId": "368d8e9f-9836-4c63-abff-13b210c1027b", "keyword": "khai truong", "step": "capture", "message": "Capturing 2/∞ (viewport)…", "data": null, "seq": 4880}
{"ts": "2026-04-28T14:37:48.333899+00:00", "level": "INFO", "jobId": "368d8e9f-9836-4c63-abff-13b210c1027b", "keyword": "khai truong", "step": "capture", "message": "Expanded \"Xem thêm\" (exact-class): +1 (total 1)", "data": null, "seq": 4881}
{"ts": "2026-04-28T14:37:49.130581+00:00", "level": "INFO", "jobId": "368d8e9f-9836-4c63-abff-13b210c1027b", "keyword": "khai truong", "step": "capture", "message": "Saved post_188.png", "data": null, "seq": 4882}
{"ts": "2026-04-28T14:37:49.130581+00:00", "level": "INFO", "jobId": "368d8e9f-9836-4c63-abff-13b210c1027b", "keyword": "khai truong", "step": "cooldown", "message": "Cooldown 1.8s (after capture)", "data": null, "seq": 4883}
{"ts": "2026-04-28T14:37:51.445978+00:00", "level": "INFO", "jobId": "368d8e9f-9836-4c63-abff-13b210c1027b", "keyword": "khai truong", "step": "capture", "message": "Capturing 3/∞ (viewport)…", "data": null, "seq": 4884}
{"ts": "2026-04-28T14:37:51.527403+00:00", "level": "INFO", "jobId": "368d8e9f-9836-4c63-abff-13b210c1027b", "keyword": "khai truong", "step": "capture", "message": "Expanded \"Xem thêm\" (exact-class): +1 (total 1)", "data": null, "seq": 4885}
{"ts": "2026-04-28T14:37:52.284582+00:00", "level": "INFO", "jobId": "368d8e9f-9836-4c63-abff-13b210c1027b", "keyword": "khai truong", "step": "capture", "message": "Saved post_189.png", "data": null, "seq": 4886}
{"ts": "2026-04-28T14:37:52.284582+00:00", "level": "INFO", "jobId": "368d8e9f-9836-4c63-abff-13b210c1027b", "keyword": "khai truong", "step": "cooldown", "message": "Cooldown 1.7s (after capture)", "data": null, "seq": 4887}
{"ts": "2026-04-28T14:37:54.617780+00:00", "level": "INFO", "jobId": "368d8e9f-9836-4c63-abff-13b210c1027b", "keyword": "khai truong", "step": "capture", "message": "Capturing 4/∞ (viewport)…", "data": null, "seq": 4888}
{"ts": "2026-04-28T14:37:54.845165+00:00", "level": "INFO", "jobId": "368d8e9f-9836-4c63-abff-13b210c1027b", "keyword": "khai truong", "step": "capture", "message": "Expanded \"Xem thêm\" (exact-class): +1 (total 1)", "data": null, "seq": 4889}
{"ts": "2026-04-28T14:37:55.865168+00:00", "level": "INFO", "jobId": "368d8e9f-9836-4c63-abff-13b210c1027b", "keyword": "khai truong", "step": "capture", "message": "Saved post_190.png", "data": null, "seq": 4890}
{"ts": "2026-04-28T14:37:55.867339+00:00", "level": "INFO", "jobId": "368d8e9f-9836-4c63-abff-13b210c1027b", "keyword": "khai truong", "step": "cooldown", "message": "Cooldown 2.5s (after capture)", "data": null, "seq": 4891}
{"ts": "2026-04-28T14:37:58.965768+00:00", "level": "INFO", "jobId": "368d8e9f-9836-4c63-abff-13b210c1027b", "keyword": "khai truong", "step": "capture", "message": "Capturing 5/∞ (viewport)…", "data": null, "seq": 4892}
{"ts": "2026-04-28T14:37:59.039569+00:00", "level": "INFO", "jobId": "368d8e9f-9836-4c63-abff-13b210c1027b", "keyword": "khai truong", "step": "capture", "message": "Expanded \"Xem thêm\" (exact-class): +1 (total 1)", "data": null, "seq": 4893}
{"ts": "2026-04-28T14:37:59.825534+00:00", "level": "INFO", "jobId": "368d8e9f-9836-4c63-abff-13b210c1027b", "keyword": "khai truong", "step": "capture", "message": "Saved post_191.png", "data": null, "seq": 4894}
{"ts": "2026-04-28T14:37:59.825534+00:00", "level": "INFO", "jobId": "368d8e9f-9836-4c63-abff-13b210c1027b", "keyword": "khai truong", "step": "cooldown", "message": "Cooldown 2.1s (after capture)", "data": null, "seq": 4895}
{"ts": "2026-04-28T14:38:02.668049+00:00", "level": "INFO", "jobId": "368d8e9f-9836-4c63-abff-13b210c1027b", "keyword": "khai truong", "step": "capture", "message": "Capturing 6/∞ (viewport)…", "data": null, "seq": 4896}
{"ts": "2026-04-28T14:38:03.576307+00:00", "level": "INFO", "jobId": "368d8e9f-9836-4c63-abff-13b210c1027b", "keyword": "khai truong", "step": "capture", "message": "Saved post_192.png", "data": null, "seq": 4897}
{"ts": "2026-04-28T14:38:03.576307+00:00", "level": "INFO", "jobId": "368d8e9f-9836-4c63-abff-13b210c1027b", "keyword": "khai truong", "step": "cooldown", "message": "Cooldown 1.3s (after capture)", "data": null, "seq": 4898}
{"ts": "2026-04-28T14:38:05.386984+00:00", "level": "INFO", "jobId": "368d8e9f-9836-4c63-abff-13b210c1027b", "keyword": "khai truong", "step": "capture", "message": "Capturing 7/∞ (viewport)…", "data": null, "seq": 4899}
{"ts": "2026-04-28T14:38:05.505223+00:00", "level": "INFO", "jobId": "368d8e9f-9836-4c63-abff-13b210c1027b", "keyword": "khai truong", "step": "capture", "message": "Expanded \"Xem thêm\" (exact-class): +2 (total 2)", "data": null, "seq": 4900}
{"ts": "2026-04-28T14:38:06.411988+00:00", "level": "INFO", "jobId": "368d8e9f-9836-4c63-abff-13b210c1027b", "keyword": "khai truong", "step": "capture", "message": "Saved post_193.png", "data": null, "seq": 4901}
{"ts": "2026-04-28T14:38:06.417199+00:00", "level": "INFO", "jobId": "368d8e9f-9836-4c63-abff-13b210c1027b", "keyword": "khai truong", "step": "cooldown", "message": "Cooldown 2.9s (after capture)", "data": null, "seq": 4902}
{"ts": "2026-04-28T14:38:09.875412+00:00", "level": "INFO", "jobId": "368d8e9f-9836-4c63-abff-13b210c1027b", "keyword": "khai truong", "step": "capture", "message": "Capturing 8/∞ (viewport)…", "data": null, "seq": 4903}
{"ts": "2026-04-28T14:38:10.295522+00:00", "level": "INFO", "jobId": "368d8e9f-9836-4c63-abff-13b210c1027b", "keyword": "khai truong", "step": "capture", "message": "Saved post_194.png", "data": null, "seq": 4904}
{"ts": "2026-04-28T14:38:10.296532+00:00", "level": "INFO", "jobId": "368d8e9f-9836-4c63-abff-13b210c1027b", "keyword": "khai truong", "step": "cooldown", "message": "Cooldown 2.7s (after capture)", "data": null, "seq": 4905}
{"ts": "2026-04-28T14:38:13.576335+00:00", "level": "INFO", "jobId": "368d8e9f-9836-4c63-abff-13b210c1027b", "keyword": "khai truong", "step": "capture", "message": "Capturing 9/∞ (viewport)…", "data": null, "seq": 4906}
{"ts": "2026-04-28T14:38:13.698812+00:00", "level": "INFO", "jobId": "368d8e9f-9836-4c63-abff-13b210c1027b", "keyword": "khai truong", "step": "capture", "message": "Expanded \"Xem thêm\" (exact-class): +1 (total 1)", "data": null, "seq": 4907}
{"ts": "2026-04-28T14:38:14.358353+00:00", "level": "INFO", "jobId": "368d8e9f-9836-4c63-abff-13b210c1027b", "keyword": "khai truong", "step": "capture", "message": "Saved post_195.png", "data": null, "seq": 4908}
{"ts": "2026-04-28T14:38:14.359446+00:00", "level": "INFO", "jobId": "368d8e9f-9836-4c63-abff-13b210c1027b", "keyword": "khai truong", "step": "cooldown", "message": "Cooldown 1.2s (after capture)", "data": null, "seq": 4909}
{"ts": "2026-04-28T14:38:16.195781+00:00", "level": "INFO", "jobId": "368d8e9f-9836-4c63-abff-13b210c1027b", "keyword": "khai truong", "step": "capture", "message": "Capturing 10/∞ (viewport)…", "data": null, "seq": 4910}
{"ts": "2026-04-28T14:38:16.939950+00:00", "level": "INFO", "jobId": "368d8e9f-9836-4c63-abff-13b210c1027b", "keyword": "khai truong", "step": "capture", "message": "Saved post_196.png", "data": null, "seq": 4911}
{"ts": "2026-04-28T14:38:16.941348+00:00", "level": "INFO", "jobId": "368d8e9f-9836-4c63-abff-13b210c1027b", "keyword": "khai truong", "step": "cooldown", "message": "Cooldown 1.3s (after capture)", "data": null, "seq": 4912}
{"ts": "2026-04-28T14:38:22.729805+00:00", "level": "INFO", "jobId": "368d8e9f-9836-4c63-abff-13b210c1027b", "keyword": "khai truong", "step": "capture", "message": "Capturing 11/∞ (viewport)…", "data": null, "seq": 4913}
{"ts": "2026-04-28T14:38:22.869206+00:00", "level": "INFO", "jobId": "368d8e9f-9836-4c63-abff-13b210c1027b", "keyword": "khai truong", "step": "capture", "message": "Expanded \"Xem thêm\" (exact-class): +1 (total 1)", "data": null, "seq": 4914}
{"ts": "2026-04-28T14:38:33.936219+00:00", "level": "INFO", "jobId": "368d8e9f-9836-4c63-abff-13b210c1027b", "keyword": "khai truong", "step": "capture", "message": "Saved post_197.png", "data": null, "seq": 4915}
{"ts": "2026-04-28T14:38:33.942990+00:00", "level": "INFO", "jobId": "368d8e9f-9836-4c63-abff-13b210c1027b", "keyword": "khai truong", "step": "cooldown", "message": "Cooldown 1.6s (after capture)", "data": null, "seq": 4916}
{"ts": "2026-04-28T14:38:36.330055+00:00", "level": "INFO", "jobId": "368d8e9f-9836-4c63-abff-13b210c1027b", "keyword": "khai truong", "step": "capture", "message": "Capturing 12/∞ (viewport)…", "data": null, "seq": 4917}
{"ts": "2026-04-28T14:38:36.516167+00:00", "level": "INFO", "jobId": "368d8e9f-9836-4c63-abff-13b210c1027b", "keyword": "khai truong", "step": "capture", "message": "Expanded \"Xem thêm\" (exact-class): +1 (total 1)", "data": null, "seq": 4918}
{"ts": "2026-04-28T14:38:47.557643+00:00", "level": "INFO", "jobId": "368d8e9f-9836-4c63-abff-13b210c1027b", "keyword": "khai truong", "step": "capture", "message": "Saved post_198.png", "data": null, "seq": 4919}
{"ts": "2026-04-28T14:38:47.562144+00:00", "level": "INFO", "jobId": "368d8e9f-9836-4c63-abff-13b210c1027b", "keyword": "khai truong", "step": "cooldown", "message": "Cooldown 1.2s (after capture)", "data": null, "seq": 4920}
{"ts": "2026-04-28T14:38:49.309190+00:00", "level": "INFO", "jobId": "368d8e9f-9836-4c63-abff-13b210c1027b", "keyword": "khai truong", "step": "capture", "message": "Capturing 13/∞ (viewport)…", "data": null, "seq": 4921}
{"ts": "2026-04-28T14:39:00.059026+00:00", "level": "INFO", "jobId": "368d8e9f-9836-4c63-abff-13b210c1027b", "keyword": "khai truong", "step": "capture", "message": "Saved post_199.png", "data": null, "seq": 4922}
{"ts": "2026-04-28T14:39:00.059026+00:00", "level": "INFO", "jobId": "368d8e9f-9836-4c63-abff-13b210c1027b", "keyword": "khai truong", "step": "cooldown", "message": "Cooldown 1.3s (after capture)", "data": null, "seq": 4923}
{"ts": "2026-04-28T14:39:01.943347+00:00", "level": "INFO", "jobId": "368d8e9f-9836-4c63-abff-13b210c1027b", "keyword": "khai truong", "step": "capture", "message": "Capturing 14/∞ (viewport)…", "data": null, "seq": 4924}
{"ts": "2026-04-28T14:39:02.227012+00:00", "level": "INFO", "jobId": "368d8e9f-9836-4c63-abff-13b210c1027b", "keyword": "khai truong", "step": "capture", "message": "Expanded \"Xem thêm\" (exact-class): +2 (total 2)", "data": null, "seq": 4925}
{"ts": "2026-04-28T14:39:13.207077+00:00", "level": "INFO", "jobId": "368d8e9f-9836-4c63-abff-13b210c1027b", "keyword": "khai truong", "step": "capture", "message": "Saved post_200.png", "data": null, "seq": 4926}
{"ts": "2026-04-28T14:39:13.207077+00:00", "level": "INFO", "jobId": "368d8e9f-9836-4c63-abff-13b210c1027b", "keyword": "khai truong", "step": "cooldown", "message": "Cooldown 2.8s (after capture)", "data": null, "seq": 4927}
{"ts": "2026-04-28T14:39:16.658353+00:00", "level": "INFO", "jobId": "368d8e9f-9836-4c63-abff-13b210c1027b", "keyword": "khai truong", "step": "capture", "message": "Capturing 15/∞ (viewport)…", "data": null, "seq": 4928}
{"ts": "2026-04-28T14:39:16.771464+00:00", "level": "INFO", "jobId": "368d8e9f-9836-4c63-abff-13b210c1027b", "keyword": "khai truong", "step": "capture", "message": "Expanded \"Xem thêm\" (exact-class): +1 (total 1)", "data": null, "seq": 4929}
{"ts": "2026-04-28T14:39:27.689885+00:00", "level": "INFO", "jobId": "368d8e9f-9836-4c63-abff-13b210c1027b", "keyword": "khai truong", "step": "capture", "message": "Saved post_201.png", "data": null, "seq": 4930}
{"ts": "2026-04-28T14:39:27.689885+00:00", "level": "INFO", "jobId": "368d8e9f-9836-4c63-abff-13b210c1027b", "keyword": "khai truong", "step": "cooldown", "message": "Cooldown 1.7s (after capture)", "data": null, "seq": 4931}
{"ts": "2026-04-28T14:39:29.942969+00:00", "level": "INFO", "jobId": "368d8e9f-9836-4c63-abff-13b210c1027b", "keyword": "khai truong", "step": "capture", "message": "Capturing 16/∞ (viewport)…", "data": null, "seq": 4932}
{"ts": "2026-04-28T14:39:40.822449+00:00", "level": "INFO", "jobId": "368d8e9f-9836-4c63-abff-13b210c1027b", "keyword": "khai truong", "step": "capture", "message": "Saved post_202.png", "data": null, "seq": 4933}
{"ts": "2026-04-28T14:39:40.822449+00:00", "level": "INFO", "jobId": "368d8e9f-9836-4c63-abff-13b210c1027b", "keyword": "khai truong", "step": "cooldown", "message": "Cooldown 2.4s (after capture)", "data": null, "seq": 4934}
{"ts": "2026-04-28T14:39:43.760339+00:00", "level": "INFO", "jobId": "368d8e9f-9836-4c63-abff-13b210c1027b", "keyword": "khai truong", "step": "capture", "message": "Capturing 17/∞ (viewport)…", "data": null, "seq": 4935}
{"ts": "2026-04-28T14:39:43.882440+00:00", "level": "INFO", "jobId": "368d8e9f-9836-4c63-abff-13b210c1027b", "keyword": "khai truong", "step": "capture", "message": "Expanded \"Xem thêm\" (exact-class): +1 (total 1)", "data": null, "seq": 4936}
{"ts": "2026-04-28T14:39:55.112804+00:00", "level": "INFO", "jobId": "368d8e9f-9836-4c63-abff-13b210c1027b", "keyword": "khai truong", "step": "capture", "message": "Saved post_203.png", "data": null, "seq": 4937}
{"ts": "2026-04-28T14:39:55.115725+00:00", "level": "INFO", "jobId": "368d8e9f-9836-4c63-abff-13b210c1027b", "keyword": "khai truong", "step": "cooldown", "message": "Cooldown 1.3s (after capture)", "data": null, "seq": 4938}
{"ts": "2026-04-28T14:39:57.065010+00:00", "level": "INFO", "jobId": "368d8e9f-9836-4c63-abff-13b210c1027b", "keyword": "khai truong", "step": "capture", "message": "Capturing 18/∞ (viewport)…", "data": null, "seq": 4939}
{"ts": "2026-04-28T14:39:57.257879+00:00", "level": "INFO", "jobId": "368d8e9f-9836-4c63-abff-13b210c1027b", "keyword": "khai truong", "step": "capture", "message": "Expanded \"Xem thêm\" (exact-class): +1 (total 1)", "data": null, "seq": 4940}
{"ts": "2026-04-28T14:40:08.421548+00:00", "level": "INFO", "jobId": "368d8e9f-9836-4c63-abff-13b210c1027b", "keyword": "khai truong", "step": "capture", "message": "Saved post_204.png", "data": null, "seq": 4941}
{"ts": "2026-04-28T14:40:08.425600+00:00", "level": "INFO", "jobId": "368d8e9f-9836-4c63-abff-13b210c1027b", "keyword": "khai truong", "step": "cooldown", "message": "Cooldown 1.8s (after capture)", "data": null, "seq": 4942}
{"ts": "2026-04-28T14:40:10.940204+00:00", "level": "INFO", "jobId": "368d8e9f-9836-4c63-abff-13b210c1027b", "keyword": "khai truong", "step": "capture", "message": "Capturing 19/∞ (viewport)…", "data": null, "seq": 4943}
{"ts": "2026-04-28T14:40:11.253232+00:00", "level": "INFO", "jobId": "368d8e9f-9836-4c63-abff-13b210c1027b", "keyword": "khai truong", "step": "capture", "message": "Expanded \"Xem thêm\" (exact-class): +1 (total 1)", "data": null, "seq": 4944}
{"ts": "2026-04-28T14:40:22.370001+00:00", "level": "INFO", "jobId": "368d8e9f-9836-4c63-abff-13b210c1027b", "keyword": "khai truong", "step": "capture", "message": "Saved post_205.png", "data": null, "seq": 4945}
{"ts": "2026-04-28T14:40:22.371007+00:00", "level": "INFO", "jobId": "368d8e9f-9836-4c63-abff-13b210c1027b", "keyword": "khai truong", "step": "cooldown", "message": "Cooldown 2.8s (after capture)", "data": null, "seq": 4946}
{"ts": "2026-04-28T14:40:25.795641+00:00", "level": "INFO", "jobId": "368d8e9f-9836-4c63-abff-13b210c1027b", "keyword": "khai truong", "step": "capture", "message": "Capturing 20/∞ (viewport)…", "data": null, "seq": 4947}
{"ts": "2026-04-28T14:40:36.511224+00:00", "level": "INFO", "jobId": "368d8e9f-9836-4c63-abff-13b210c1027b", "keyword": "khai truong", "step": "capture", "message": "Saved post_206.png", "data": null, "seq": 4948}
{"ts": "2026-04-28T14:40:36.513467+00:00", "level": "INFO", "jobId": "368d8e9f-9836-4c63-abff-13b210c1027b", "keyword": "khai truong", "step": "cooldown", "message": "Cooldown 1.1s (after capture)", "data": null, "seq": 4949}
{"ts": "2026-04-28T14:40:38.243545+00:00", "level": "INFO", "jobId": "368d8e9f-9836-4c63-abff-13b210c1027b", "keyword": "khai truong", "step": "capture", "message": "Capturing 21/∞ (viewport)…", "data": null, "seq": 4950}
{"ts": "2026-04-28T14:40:38.510110+00:00", "level": "INFO", "jobId": "368d8e9f-9836-4c63-abff-13b210c1027b", "keyword": "khai truong", "step": "capture", "message": "Expanded \"Xem thêm\" (exact-class): +2 (total 2)", "data": null, "seq": 4951}
{"ts": "2026-04-28T14:40:49.293944+00:00", "level": "INFO", "jobId": "368d8e9f-9836-4c63-abff-13b210c1027b", "keyword": "khai truong", "step": "capture", "message": "Saved post_207.png", "data": null, "seq": 4952}
{"ts": "2026-04-28T14:40:49.293944+00:00", "level": "INFO", "jobId": "368d8e9f-9836-4c63-abff-13b210c1027b", "keyword": "khai truong", "step": "cooldown", "message": "Cooldown 1.6s (after capture)", "data": null, "seq": 4953}
{"ts": "2026-04-28T14:40:51.485641+00:00", "level": "INFO", "jobId": "368d8e9f-9836-4c63-abff-13b210c1027b", "keyword": "khai truong", "step": "capture", "message": "Capturing 22/∞ (viewport)…", "data": null, "seq": 4954}
{"ts": "2026-04-28T14:41:02.368266+00:00", "level": "INFO", "jobId": "368d8e9f-9836-4c63-abff-13b210c1027b", "keyword": "khai truong", "step": "capture", "message": "Saved post_208.png", "data": null, "seq": 4955}
{"ts": "2026-04-28T14:41:02.370283+00:00", "level": "INFO", "jobId": "368d8e9f-9836-4c63-abff-13b210c1027b", "keyword": "khai truong", "step": "cooldown", "message": "Cooldown 1.5s (after capture)", "data": null, "seq": 4956}
{"ts": "2026-04-28T14:41:04.498098+00:00", "level": "INFO", "jobId": "368d8e9f-9836-4c63-abff-13b210c1027b", "keyword": "khai truong", "step": "capture", "message": "Capturing 23/∞ (viewport)…", "data": null, "seq": 4957}
{"ts": "2026-04-28T14:41:15.655648+00:00", "level": "INFO", "jobId": "368d8e9f-9836-4c63-abff-13b210c1027b", "keyword": "khai truong", "step": "capture", "message": "Saved post_209.png", "data": null, "seq": 4958}
{"ts": "2026-04-28T14:41:15.660704+00:00", "level": "INFO", "jobId": "368d8e9f-9836-4c63-abff-13b210c1027b", "keyword": "khai truong", "step": "cooldown", "message": "Cooldown 2.2s (after capture)", "data": null, "seq": 4959}
{"ts": "2026-04-28T14:41:18.493045+00:00", "level": "INFO", "jobId": "368d8e9f-9836-4c63-abff-13b210c1027b", "keyword": "khai truong", "step": "capture", "message": "Capturing 24/∞ (viewport)…", "data": null, "seq": 4960}
{"ts": "2026-04-28T14:41:29.484194+00:00", "level": "INFO", "jobId": "368d8e9f-9836-4c63-abff-13b210c1027b", "keyword": "khai truong", "step": "capture", "message": "Saved post_210.png", "data": null, "seq": 4961}
{"ts": "2026-04-28T14:41:29.484194+00:00", "level": "INFO", "jobId": "368d8e9f-9836-4c63-abff-13b210c1027b", "keyword": "khai truong", "step": "cooldown", "message": "Cooldown 1.2s (after capture)", "data": null, "seq": 4962}
{"ts": "2026-04-28T14:41:31.339846+00:00", "level": "INFO", "jobId": "368d8e9f-9836-4c63-abff-13b210c1027b", "keyword": "khai truong", "step": "capture", "message": "Capturing 25/∞ (viewport)…", "data": null, "seq": 4963}
{"ts": "2026-04-28T14:41:31.506881+00:00", "level": "INFO", "jobId": "368d8e9f-9836-4c63-abff-13b210c1027b", "keyword": "khai truong", "step": "capture", "message": "Expanded \"Xem thêm\" (exact-class): +1 (total 1)", "data": null, "seq": 4964}
{"ts": "2026-04-28T14:41:42.556708+00:00", "level": "INFO", "jobId": "368d8e9f-9836-4c63-abff-13b210c1027b", "keyword": "khai truong", "step": "capture", "message": "Saved post_211.png", "data": null, "seq": 4965}
{"ts": "2026-04-28T14:41:42.568327+00:00", "level": "INFO", "jobId": "368d8e9f-9836-4c63-abff-13b210c1027b", "keyword": "khai truong", "step": "cooldown", "message": "Cooldown 1.4s (after capture)", "data": null, "seq": 4966}
{"ts": "2026-04-28T14:41:44.607973+00:00", "level": "INFO", "jobId": "368d8e9f-9836-4c63-abff-13b210c1027b", "keyword": "khai truong", "step": "capture", "message": "Capturing 26/∞ (viewport)…", "data": null, "seq": 4967}
{"ts": "2026-04-28T14:41:44.898170+00:00", "level": "INFO", "jobId": "368d8e9f-9836-4c63-abff-13b210c1027b", "keyword": "khai truong", "step": "capture", "message": "Expanded \"Xem thêm\" (exact-class): +1 (total 1)", "data": null, "seq": 4968}
{"ts": "2026-04-28T14:41:56.059596+00:00", "level": "INFO", "jobId": "368d8e9f-9836-4c63-abff-13b210c1027b", "keyword": "khai truong", "step": "capture", "message": "Saved post_212.png", "data": null, "seq": 4969}
{"ts": "2026-04-28T14:41:56.060791+00:00", "level": "INFO", "jobId": "368d8e9f-9836-4c63-abff-13b210c1027b", "keyword": "khai truong", "step": "cooldown", "message": "Cooldown 1.5s (after capture)", "data": null, "seq": 4970}
{"ts": "2026-04-28T14:41:58.186616+00:00", "level": "INFO", "jobId": "368d8e9f-9836-4c63-abff-13b210c1027b", "keyword": "khai truong", "step": "capture", "message": "Capturing 27/∞ (viewport)…", "data": null, "seq": 4971}
{"ts": "2026-04-28T14:41:58.378872+00:00", "level": "INFO", "jobId": "368d8e9f-9836-4c63-abff-13b210c1027b", "keyword": "khai truong", "step": "capture", "message": "Expanded \"Xem thêm\" (exact-class): +1 (total 1)", "data": null, "seq": 4972}
{"ts": "2026-04-28T14:42:09.401800+00:00", "level": "INFO", "jobId": "368d8e9f-9836-4c63-abff-13b210c1027b", "keyword": "khai truong", "step": "capture", "message": "Saved post_213.png", "data": null, "seq": 4973}
{"ts": "2026-04-28T14:42:09.404583+00:00", "level": "INFO", "jobId": "368d8e9f-9836-4c63-abff-13b210c1027b", "keyword": "khai truong", "step": "cooldown", "message": "Cooldown 2.5s (after capture)", "data": null, "seq": 4974}
{"ts": "2026-04-28T14:42:12.457520+00:00", "level": "INFO", "jobId": "368d8e9f-9836-4c63-abff-13b210c1027b", "keyword": "khai truong", "step": "capture", "message": "Capturing 28/∞ (viewport)…", "data": null, "seq": 4975}
{"ts": "2026-04-28T14:42:12.571089+00:00", "level": "INFO", "jobId": "368d8e9f-9836-4c63-abff-13b210c1027b", "keyword": "khai truong", "step": "capture", "message": "Expanded \"Xem thêm\" (exact-class): +1 (total 1)", "data": null, "seq": 4976}
{"ts": "2026-04-28T14:42:23.698909+00:00", "level": "INFO", "jobId": "368d8e9f-9836-4c63-abff-13b210c1027b", "keyword": "khai truong", "step": "capture", "message": "Saved post_214.png", "data": null, "seq": 4977}
{"ts": "2026-04-28T14:42:23.701782+00:00", "level": "INFO", "jobId": "368d8e9f-9836-4c63-abff-13b210c1027b", "keyword": "khai truong", "step": "cooldown", "message": "Cooldown 2.1s (after capture)", "data": null, "seq": 4978}
{"ts": "2026-04-28T14:42:26.456185+00:00", "level": "INFO", "jobId": "368d8e9f-9836-4c63-abff-13b210c1027b", "keyword": "khai truong", "step": "capture", "message": "Capturing 29/∞ (viewport)…", "data": null, "seq": 4979}
{"ts": "2026-04-28T14:42:37.787603+00:00", "level": "INFO", "jobId": "368d8e9f-9836-4c63-abff-13b210c1027b", "keyword": "khai truong", "step": "capture", "message": "Saved post_215.png", "data": null, "seq": 4980}
{"ts": "2026-04-28T14:42:37.789616+00:00", "level": "INFO", "jobId": "368d8e9f-9836-4c63-abff-13b210c1027b", "keyword": "khai truong", "step": "cooldown", "message": "Cooldown 1.1s (after capture)", "data": null, "seq": 4981}
{"ts": "2026-04-28T14:42:39.668330+00:00", "level": "INFO", "jobId": "368d8e9f-9836-4c63-abff-13b210c1027b", "keyword": "khai truong", "step": "capture", "message": "Capturing 30/∞ (viewport)…", "data": null, "seq": 4982}
{"ts": "2026-04-28T14:42:39.927215+00:00", "level": "INFO", "jobId": "368d8e9f-9836-4c63-abff-13b210c1027b", "keyword": "khai truong", "step": "capture", "message": "Expanded \"Xem thêm\" (exact-class): +1 (total 1)", "data": null, "seq": 4983}
{"ts": "2026-04-28T14:42:51.183192+00:00", "level": "INFO", "jobId": "368d8e9f-9836-4c63-abff-13b210c1027b", "keyword": "khai truong", "step": "capture", "message": "Saved post_216.png", "data": null, "seq": 4984}
{"ts": "2026-04-28T14:42:51.185478+00:00", "level": "INFO", "jobId": "368d8e9f-9836-4c63-abff-13b210c1027b", "keyword": "khai truong", "step": "cooldown", "message": "Cooldown 1.3s (after capture)", "data": null, "seq": 4985}
{"ts": "2026-04-28T14:42:53.126942+00:00", "level": "INFO", "jobId": "368d8e9f-9836-4c63-abff-13b210c1027b", "keyword": "khai truong", "step": "capture", "message": "Capturing 31/∞ (viewport)…", "data": null, "seq": 4986}
{"ts": "2026-04-28T14:42:53.307466+00:00", "level": "INFO", "jobId": "368d8e9f-9836-4c63-abff-13b210c1027b", "keyword": "khai truong", "step": "capture", "message": "Expanded \"Xem thêm\" (exact-class): +2 (total 2)", "data": null, "seq": 4987}
{"ts": "2026-04-28T14:43:04.301552+00:00", "level": "INFO", "jobId": "368d8e9f-9836-4c63-abff-13b210c1027b", "keyword": "khai truong", "step": "capture", "message": "Saved post_217.png", "data": null, "seq": 4988}
{"ts": "2026-04-28T14:43:04.301552+00:00", "level": "INFO", "jobId": "368d8e9f-9836-4c63-abff-13b210c1027b", "keyword": "khai truong", "step": "cooldown", "message": "Cooldown 1.5s (after capture)", "data": null, "seq": 4989}
{"ts": "2026-04-28T14:43:06.505272+00:00", "level": "INFO", "jobId": "368d8e9f-9836-4c63-abff-13b210c1027b", "keyword": "khai truong", "step": "capture", "message": "Capturing 32/∞ (viewport)…", "data": null, "seq": 4990}
{"ts": "2026-04-28T14:43:17.428679+00:00", "level": "INFO", "jobId": "368d8e9f-9836-4c63-abff-13b210c1027b", "keyword": "khai truong", "step": "capture", "message": "Saved post_218.png", "data": null, "seq": 4991}
{"ts": "2026-04-28T14:43:17.442259+00:00", "level": "INFO", "jobId": "368d8e9f-9836-4c63-abff-13b210c1027b", "keyword": "khai truong", "step": "cooldown", "message": "Cooldown 2.8s (after capture)", "data": null, "seq": 4992}
{"ts": "2026-04-28T14:43:20.794807+00:00", "level": "INFO", "jobId": "368d8e9f-9836-4c63-abff-13b210c1027b", "keyword": "khai truong", "step": "capture", "message": "Capturing 33/∞ (viewport)…", "data": null, "seq": 4993}
{"ts": "2026-04-28T14:43:20.982407+00:00", "level": "INFO", "jobId": "368d8e9f-9836-4c63-abff-13b210c1027b", "keyword": "khai truong", "step": "capture", "message": "Expanded \"Xem thêm\" (exact-class): +2 (total 2)", "data": null, "seq": 4994}
{"ts": "2026-04-28T14:43:32.078545+00:00", "level": "INFO", "jobId": "368d8e9f-9836-4c63-abff-13b210c1027b", "keyword": "khai truong", "step": "capture", "message": "Saved post_219.png", "data": null, "seq": 4995}
{"ts": "2026-04-28T14:43:32.078545+00:00", "level": "INFO", "jobId": "368d8e9f-9836-4c63-abff-13b210c1027b", "keyword": "khai truong", "step": "cooldown", "message": "Cooldown 1.6s (after capture)", "data": null, "seq": 4996}
{"ts": "2026-04-28T14:43:34.574636+00:00", "level": "INFO", "jobId": "368d8e9f-9836-4c63-abff-13b210c1027b", "keyword": "khai truong", "step": "capture", "message": "Capturing 34/∞ (viewport)…", "data": null, "seq": 4997}
{"ts": "2026-04-28T14:43:45.303684+00:00", "level": "INFO", "jobId": "368d8e9f-9836-4c63-abff-13b210c1027b", "keyword": "khai truong", "step": "capture", "message": "Saved post_220.png", "data": null, "seq": 4998}
{"ts": "2026-04-28T14:43:45.303684+00:00", "level": "INFO", "jobId": "368d8e9f-9836-4c63-abff-13b210c1027b", "keyword": "khai truong", "step": "cooldown", "message": "Cooldown 2.7s (after capture)", "data": null, "seq": 4999}
{"ts": "2026-04-28T14:43:48.688820+00:00", "level": "INFO", "jobId": "368d8e9f-9836-4c63-abff-13b210c1027b", "keyword": "khai truong", "step": "capture", "message": "Capturing 35/∞ (viewport)…", "data": null, "seq": 5000}
{"ts": "2026-04-28T14:43:59.804106+00:00", "level": "INFO", "jobId": "368d8e9f-9836-4c63-abff-13b210c1027b", "keyword": "khai truong", "step": "capture", "message": "Saved post_221.png", "data": null, "seq": 5001}
{"ts": "2026-04-28T14:43:59.808131+00:00", "level": "INFO", "jobId": "368d8e9f-9836-4c63-abff-13b210c1027b", "keyword": "khai truong", "step": "cooldown", "message": "Cooldown 1.2s (after capture)", "data": null, "seq": 5002}
{"ts": "2026-04-28T14:44:01.636406+00:00", "level": "INFO", "jobId": "368d8e9f-9836-4c63-abff-13b210c1027b", "keyword": "khai truong", "step": "capture", "message": "Capturing 36/∞ (viewport)…", "data": null, "seq": 5003}
{"ts": "2026-04-28T14:44:12.463590+00:00", "level": "INFO", "jobId": "368d8e9f-9836-4c63-abff-13b210c1027b", "keyword": "khai truong", "step": "capture", "message": "Saved post_222.png", "data": null, "seq": 5004}
{"ts": "2026-04-28T14:44:12.464681+00:00", "level": "INFO", "jobId": "368d8e9f-9836-4c63-abff-13b210c1027b", "keyword": "khai truong", "step": "cooldown", "message": "Cooldown 1.1s (after capture)", "data": null, "seq": 5005}
{"ts": "2026-04-28T14:44:14.346353+00:00", "level": "INFO", "jobId": "368d8e9f-9836-4c63-abff-13b210c1027b", "keyword": "khai truong", "step": "capture", "message": "Capturing 37/∞ (viewport)…", "data": null, "seq": 5006}
{"ts": "2026-04-28T14:44:14.658397+00:00", "level": "INFO", "jobId": "368d8e9f-9836-4c63-abff-13b210c1027b", "keyword": "khai truong", "step": "capture", "message": "Expanded \"Xem thêm\" (exact-class): +1 (total 1)", "data": null, "seq": 5007}
{"ts": "2026-04-28T14:44:25.638323+00:00", "level": "INFO", "jobId": "368d8e9f-9836-4c63-abff-13b210c1027b", "keyword": "khai truong", "step": "capture", "message": "Saved post_223.png", "data": null, "seq": 5008}
{"ts": "2026-04-28T14:44:25.638323+00:00", "level": "INFO", "jobId": "368d8e9f-9836-4c63-abff-13b210c1027b", "keyword": "khai truong", "step": "cooldown", "message": "Cooldown 2.5s (after capture)", "data": null, "seq": 5009}
{"ts": "2026-04-28T14:44:28.827102+00:00", "level": "INFO", "jobId": "368d8e9f-9836-4c63-abff-13b210c1027b", "keyword": "khai truong", "step": "capture", "message": "Capturing 38/∞ (viewport)…", "data": null, "seq": 5010}
{"ts": "2026-04-28T14:44:29.078765+00:00", "level": "INFO", "jobId": "368d8e9f-9836-4c63-abff-13b210c1027b", "keyword": "khai truong", "step": "capture", "message": "Expanded \"Xem thêm\" (exact-class): +1 (total 1)", "data": null, "seq": 5011}
{"ts": "2026-04-28T14:44:39.986320+00:00", "level": "INFO", "jobId": "368d8e9f-9836-4c63-abff-13b210c1027b", "keyword": "khai truong", "step": "capture", "message": "Saved post_224.png", "data": null, "seq": 5012}
{"ts": "2026-04-28T14:44:39.991446+00:00", "level": "INFO", "jobId": "368d8e9f-9836-4c63-abff-13b210c1027b", "keyword": "khai truong", "step": "cooldown", "message": "Cooldown 1.8s (after capture)", "data": null, "seq": 5013}
{"ts": "2026-04-28T14:44:42.425132+00:00", "level": "INFO", "jobId": "368d8e9f-9836-4c63-abff-13b210c1027b", "keyword": "khai truong", "step": "capture", "message": "Capturing 39/∞ (viewport)…", "data": null, "seq": 5014}
{"ts": "2026-04-28T14:44:42.587157+00:00", "level": "INFO", "jobId": "368d8e9f-9836-4c63-abff-13b210c1027b", "keyword": "khai truong", "step": "capture", "message": "Expanded \"Xem thêm\" (exact-class): +1 (total 1)", "data": null, "seq": 5015}
{"ts": "2026-04-28T14:44:53.601401+00:00", "level": "INFO", "jobId": "368d8e9f-9836-4c63-abff-13b210c1027b", "keyword": "khai truong", "step": "capture", "message": "Saved post_225.png", "data": null, "seq": 5016}
{"ts": "2026-04-28T14:44:53.601401+00:00", "level": "INFO", "jobId": "368d8e9f-9836-4c63-abff-13b210c1027b", "keyword": "khai truong", "step": "cooldown", "message": "Cooldown 2.7s (after capture)", "data": null, "seq": 5017}
{"ts": "2026-04-28T14:44:56.874438+00:00", "level": "INFO", "jobId": "368d8e9f-9836-4c63-abff-13b210c1027b", "keyword": "khai truong", "step": "capture", "message": "Capturing 40/∞ (viewport)…", "data": null, "seq": 5018}
{"ts": "2026-04-28T14:45:07.382099+00:00", "level": "INFO", "jobId": "368d8e9f-9836-4c63-abff-13b210c1027b", "keyword": "khai truong", "step": "capture", "message": "Saved post_226.png", "data": null, "seq": 5019}
{"ts": "2026-04-28T14:45:07.389525+00:00", "level": "INFO", "jobId": "368d8e9f-9836-4c63-abff-13b210c1027b", "keyword": "khai truong", "step": "cooldown", "message": "Cooldown 1.2s (after capture)", "data": null, "seq": 5020}
{"ts": "2026-04-28T14:45:09.159527+00:00", "level": "INFO", "jobId": "368d8e9f-9836-4c63-abff-13b210c1027b", "keyword": "khai truong", "step": "capture", "message": "Capturing 41/∞ (viewport)…", "data": null, "seq": 5021}
{"ts": "2026-04-28T14:45:19.947912+00:00", "level": "INFO", "jobId": "368d8e9f-9836-4c63-abff-13b210c1027b", "keyword": "khai truong", "step": "capture", "message": "Saved post_227.png", "data": null, "seq": 5022}
{"ts": "2026-04-28T14:45:19.950708+00:00", "level": "INFO", "jobId": "368d8e9f-9836-4c63-abff-13b210c1027b", "keyword": "khai truong", "step": "cooldown", "message": "Cooldown 2.1s (after capture)", "data": null, "seq": 5023}
{"ts": "2026-04-28T14:45:22.821196+00:00", "level": "INFO", "jobId": "368d8e9f-9836-4c63-abff-13b210c1027b", "keyword": "khai truong", "step": "capture", "message": "Capturing 42/∞ (viewport)…", "data": null, "seq": 5024}
{"ts": "2026-04-28T14:45:23.243524+00:00", "level": "INFO", "jobId": "368d8e9f-9836-4c63-abff-13b210c1027b", "keyword": "khai truong", "step": "capture", "message": "Expanded \"Xem thêm\" (exact-class): +1 (total 1)", "data": null, "seq": 5025}
{"ts": "2026-04-28T14:45:34.493970+00:00", "level": "INFO", "jobId": "368d8e9f-9836-4c63-abff-13b210c1027b", "keyword": "khai truong", "step": "capture", "message": "Saved post_228.png", "data": null, "seq": 5026}
{"ts": "2026-04-28T14:45:34.495153+00:00", "level": "INFO", "jobId": "368d8e9f-9836-4c63-abff-13b210c1027b", "keyword": "khai truong", "step": "cooldown", "message": "Cooldown 2.4s (after capture)", "data": null, "seq": 5027}
{"ts": "2026-04-28T14:45:37.671747+00:00", "level": "INFO", "jobId": "368d8e9f-9836-4c63-abff-13b210c1027b", "keyword": "khai truong", "step": "capture", "message": "Capturing 43/∞ (viewport)…", "data": null, "seq": 5028}
{"ts": "2026-04-28T14:45:37.994045+00:00", "level": "INFO", "jobId": "368d8e9f-9836-4c63-abff-13b210c1027b", "keyword": "khai truong", "step": "capture", "message": "Expanded \"Xem thêm\" (exact-class): +1 (total 1)", "data": null, "seq": 5029}
{"ts": "2026-04-28T14:45:49.021156+00:00", "level": "INFO", "jobId": "368d8e9f-9836-4c63-abff-13b210c1027b", "keyword": "khai truong", "step": "capture", "message": "Saved post_229.png", "data": null, "seq": 5030}
{"ts": "2026-04-28T14:45:49.021156+00:00", "level": "INFO", "jobId": "368d8e9f-9836-4c63-abff-13b210c1027b", "keyword": "khai truong", "step": "cooldown", "message": "Cooldown 2.0s (after capture)", "data": null, "seq": 5031}
{"ts": "2026-04-28T14:45:51.591533+00:00", "level": "INFO", "jobId": "368d8e9f-9836-4c63-abff-13b210c1027b", "keyword": "khai truong", "step": "capture", "message": "Capturing 44/∞ (viewport)…", "data": null, "seq": 5032}
{"ts": "2026-04-28T14:45:51.726214+00:00", "level": "INFO", "jobId": "368d8e9f-9836-4c63-abff-13b210c1027b", "keyword": "khai truong", "step": "capture", "message": "Expanded \"Xem thêm\" (exact-class): +1 (total 1)", "data": null, "seq": 5033}
{"ts": "2026-04-28T14:46:02.626444+00:00", "level": "INFO", "jobId": "368d8e9f-9836-4c63-abff-13b210c1027b", "keyword": "khai truong", "step": "capture", "message": "Saved post_230.png", "data": null, "seq": 5034}
{"ts": "2026-04-28T14:46:02.627444+00:00", "level": "INFO", "jobId": "368d8e9f-9836-4c63-abff-13b210c1027b", "keyword": "khai truong", "step": "cooldown", "message": "Cooldown 2.8s (after capture)", "data": null, "seq": 5035}
{"ts": "2026-04-28T14:46:06.204896+00:00", "level": "INFO", "jobId": "368d8e9f-9836-4c63-abff-13b210c1027b", "keyword": "khai truong", "step": "capture", "message": "Capturing 45/∞ (viewport)…", "data": null, "seq": 5036}
{"ts": "2026-04-28T14:46:06.496335+00:00", "level": "INFO", "jobId": "368d8e9f-9836-4c63-abff-13b210c1027b", "keyword": "khai truong", "step": "capture", "message": "Expanded \"Xem thêm\" (exact-class): +1 (total 1)", "data": null, "seq": 5037}
{"ts": "2026-04-28T14:46:18.164840+00:00", "level": "INFO", "jobId": "368d8e9f-9836-4c63-abff-13b210c1027b", "keyword": "khai truong", "step": "capture", "message": "Saved post_231.png", "data": null, "seq": 5038}
{"ts": "2026-04-28T14:46:18.164840+00:00", "level": "INFO", "jobId": "368d8e9f-9836-4c63-abff-13b210c1027b", "keyword": "khai truong", "step": "cooldown", "message": "Cooldown 1.6s (after capture)", "data": null, "seq": 5039}
{"ts": "2026-04-28T14:46:20.345489+00:00", "level": "INFO", "jobId": "368d8e9f-9836-4c63-abff-13b210c1027b", "keyword": "khai truong", "step": "capture", "message": "Capturing 46/∞ (viewport)…", "data": null, "seq": 5040}
{"ts": "2026-04-28T14:46:30.963844+00:00", "level": "INFO", "jobId": "368d8e9f-9836-4c63-abff-13b210c1027b", "keyword": "khai truong", "step": "capture", "message": "Saved post_232.png", "data": null, "seq": 5041}
{"ts": "2026-04-28T14:46:30.963844+00:00", "level": "INFO", "jobId": "368d8e9f-9836-4c63-abff-13b210c1027b", "keyword": "khai truong", "step": "cooldown", "message": "Cooldown 1.5s (after capture)", "data": null, "seq": 5042}
{"ts": "2026-04-28T14:46:33.077251+00:00", "level": "INFO", "jobId": "368d8e9f-9836-4c63-abff-13b210c1027b", "keyword": "khai truong", "step": "capture", "message": "Capturing 47/∞ (viewport)…", "data": null, "seq": 5043}
{"ts": "2026-04-28T14:46:33.232237+00:00", "level": "INFO", "jobId": "368d8e9f-9836-4c63-abff-13b210c1027b", "keyword": "khai truong", "step": "capture", "message": "Expanded \"Xem thêm\" (exact-class): +1 (total 1)", "data": null, "seq": 5044}
{"ts": "2026-04-28T14:46:44.158025+00:00", "level": "INFO", "jobId": "368d8e9f-9836-4c63-abff-13b210c1027b", "keyword": "khai truong", "step": "capture", "message": "Saved post_233.png", "data": null, "seq": 5045}
{"ts": "2026-04-28T14:46:44.160642+00:00", "level": "INFO", "jobId": "368d8e9f-9836-4c63-abff-13b210c1027b", "keyword": "khai truong", "step": "cooldown", "message": "Cooldown 2.0s (after capture)", "data": null, "seq": 5046}
{"ts": "2026-04-28T14:46:46.916749+00:00", "level": "INFO", "jobId": "368d8e9f-9836-4c63-abff-13b210c1027b", "keyword": "khai truong", "step": "capture", "message": "Capturing 48/∞ (viewport)…", "data": null, "seq": 5047}
{"ts": "2026-04-28T14:46:47.670764+00:00", "level": "INFO", "jobId": "368d8e9f-9836-4c63-abff-13b210c1027b", "keyword": "khai truong", "step": "capture", "message": "Expanded \"Xem thêm\" (exact-class): +2 (total 2)", "data": null, "seq": 5048}
{"ts": "2026-04-28T14:46:58.617854+00:00", "level": "INFO", "jobId": "368d8e9f-9836-4c63-abff-13b210c1027b", "keyword": "khai truong", "step": "capture", "message": "Saved post_234.png", "data": null, "seq": 5049}
{"ts": "2026-04-28T14:46:58.620133+00:00", "level": "INFO", "jobId": "368d8e9f-9836-4c63-abff-13b210c1027b", "keyword": "khai truong", "step": "cooldown", "message": "Cooldown 2.9s (after capture)", "data": null, "seq": 5050}
{"ts": "2026-04-28T14:47:02.197135+00:00", "level": "INFO", "jobId": "368d8e9f-9836-4c63-abff-13b210c1027b", "keyword": "khai truong", "step": "capture", "message": "Capturing 49/∞ (viewport)…", "data": null, "seq": 5051}
{"ts": "2026-04-28T14:47:13.133576+00:00", "level": "INFO", "jobId": "368d8e9f-9836-4c63-abff-13b210c1027b", "keyword": "khai truong", "step": "capture", "message": "Saved post_235.png", "data": null, "seq": 5052}
{"ts": "2026-04-28T14:47:13.135541+00:00", "level": "INFO", "jobId": "368d8e9f-9836-4c63-abff-13b210c1027b", "keyword": "khai truong", "step": "cooldown", "message": "Cooldown 1.4s (after capture)", "data": null, "seq": 5053}
{"ts": "2026-04-28T14:47:15.204503+00:00", "level": "INFO", "jobId": "368d8e9f-9836-4c63-abff-13b210c1027b", "keyword": "khai truong", "step": "capture", "message": "Capturing 50/∞ (viewport)…", "data": null, "seq": 5054}
{"ts": "2026-04-28T14:47:26.024517+00:00", "level": "INFO", "jobId": "368d8e9f-9836-4c63-abff-13b210c1027b", "keyword": "khai truong", "step": "capture", "message": "Saved post_236.png", "data": null, "seq": 5055}
{"ts": "2026-04-28T14:47:26.024517+00:00", "level": "INFO", "jobId": "368d8e9f-9836-4c63-abff-13b210c1027b", "keyword": "khai truong", "step": "cooldown", "message": "Cooldown 2.0s (after capture)", "data": null, "seq": 5056}
{"ts": "2026-04-28T14:47:28.745413+00:00", "level": "INFO", "jobId": "368d8e9f-9836-4c63-abff-13b210c1027b", "keyword": "khai truong", "step": "capture", "message": "Capturing 51/∞ (viewport)…", "data": null, "seq": 5057}
{"ts": "2026-04-28T14:47:28.971992+00:00", "level": "INFO", "jobId": "368d8e9f-9836-4c63-abff-13b210c1027b", "keyword": "khai truong", "step": "capture", "message": "Expanded \"Xem thêm\" (exact-class): +2 (total 2)", "data": null, "seq": 5058}
{"ts": "2026-04-28T14:47:40.005538+00:00", "level": "INFO", "jobId": "368d8e9f-9836-4c63-abff-13b210c1027b", "keyword": "khai truong", "step": "capture", "message": "Saved post_237.png", "data": null, "seq": 5059}
{"ts": "2026-04-28T14:47:40.005538+00:00", "level": "INFO", "jobId": "368d8e9f-9836-4c63-abff-13b210c1027b", "keyword": "khai truong", "step": "cooldown", "message": "Cooldown 1.7s (after capture)", "data": null, "seq": 5060}
{"ts": "2026-04-28T14:47:42.407720+00:00", "level": "INFO", "jobId": "368d8e9f-9836-4c63-abff-13b210c1027b", "keyword": "khai truong", "step": "capture", "message": "Capturing 52/∞ (viewport)…", "data": null, "seq": 5061}
{"ts": "2026-04-28T14:47:53.338692+00:00", "level": "INFO", "jobId": "368d8e9f-9836-4c63-abff-13b210c1027b", "keyword": "khai truong", "step": "capture", "message": "Saved post_238.png", "data": null, "seq": 5062}
{"ts": "2026-04-28T14:47:53.340956+00:00", "level": "INFO", "jobId": "368d8e9f-9836-4c63-abff-13b210c1027b", "keyword": "khai truong", "step": "cooldown", "message": "Cooldown 2.6s (after capture)", "data": null, "seq": 5063}
{"ts": "2026-04-28T14:47:56.638205+00:00", "level": "INFO", "jobId": "368d8e9f-9836-4c63-abff-13b210c1027b", "keyword": "khai truong", "step": "capture", "message": "Capturing 53/∞ (viewport)…", "data": null, "seq": 5064}
{"ts": "2026-04-28T14:47:56.855056+00:00", "level": "INFO", "jobId": "368d8e9f-9836-4c63-abff-13b210c1027b", "keyword": "khai truong", "step": "capture", "message": "Expanded \"Xem thêm\" (exact-class): +1 (total 1)", "data": null, "seq": 5065}
{"ts": "2026-04-28T14:48:08.053616+00:00", "level": "INFO", "jobId": "368d8e9f-9836-4c63-abff-13b210c1027b", "keyword": "khai truong", "step": "capture", "message": "Saved post_239.png", "data": null, "seq": 5066}
{"ts": "2026-04-28T14:48:08.057594+00:00", "level": "INFO", "jobId": "368d8e9f-9836-4c63-abff-13b210c1027b", "keyword": "khai truong", "step": "cooldown", "message": "Cooldown 2.3s (after capture)", "data": null, "seq": 5067}
{"ts": "2026-04-28T14:48:10.998318+00:00", "level": "INFO", "jobId": "368d8e9f-9836-4c63-abff-13b210c1027b", "keyword": "khai truong", "step": "capture", "message": "Capturing 54/∞ (viewport)…", "data": null, "seq": 5068}
{"ts": "2026-04-28T14:48:11.257895+00:00", "level": "INFO", "jobId": "368d8e9f-9836-4c63-abff-13b210c1027b", "keyword": "khai truong", "step": "capture", "message": "Expanded \"Xem thêm\" (exact-class): +1 (total 1)", "data": null, "seq": 5069}
{"ts": "2026-04-28T14:48:22.235469+00:00", "level": "INFO", "jobId": "368d8e9f-9836-4c63-abff-13b210c1027b", "keyword": "khai truong", "step": "capture", "message": "Saved post_240.png", "data": null, "seq": 5070}
{"ts": "2026-04-28T14:48:22.235469+00:00", "level": "INFO", "jobId": "368d8e9f-9836-4c63-abff-13b210c1027b", "keyword": "khai truong", "step": "cooldown", "message": "Cooldown 1.9s (after capture)", "data": null, "seq": 5071}
{"ts": "2026-04-28T14:48:25.050189+00:00", "level": "INFO", "jobId": "368d8e9f-9836-4c63-abff-13b210c1027b", "keyword": "khai truong", "step": "capture", "message": "Capturing 55/∞ (viewport)…", "data": null, "seq": 5072}
{"ts": "2026-04-28T14:48:35.981514+00:00", "level": "INFO", "jobId": "368d8e9f-9836-4c63-abff-13b210c1027b", "keyword": "khai truong", "step": "capture", "message": "Saved post_241.png", "data": null, "seq": 5073}
{"ts": "2026-04-28T14:48:35.983105+00:00", "level": "INFO", "jobId": "368d8e9f-9836-4c63-abff-13b210c1027b", "keyword": "khai truong", "step": "cooldown", "message": "Cooldown 2.8s (after capture)", "data": null, "seq": 5074}
{"ts": "2026-04-28T14:48:39.473196+00:00", "level": "INFO", "jobId": "368d8e9f-9836-4c63-abff-13b210c1027b", "keyword": "khai truong", "step": "capture", "message": "Capturing 56/∞ (viewport)…", "data": null, "seq": 5075}
{"ts": "2026-04-28T14:48:39.731476+00:00", "level": "INFO", "jobId": "368d8e9f-9836-4c63-abff-13b210c1027b", "keyword": "khai truong", "step": "capture", "message": "Expanded \"Xem thêm\" (exact-class): +1 (total 1)", "data": null, "seq": 5076}
{"ts": "2026-04-28T14:48:50.894395+00:00", "level": "INFO", "jobId": "368d8e9f-9836-4c63-abff-13b210c1027b", "keyword": "khai truong", "step": "capture", "message": "Saved post_242.png", "data": null, "seq": 5077}
{"ts": "2026-04-28T14:48:50.894395+00:00", "level": "INFO", "jobId": "368d8e9f-9836-4c63-abff-13b210c1027b", "keyword": "khai truong", "step": "cooldown", "message": "Cooldown 2.0s (after capture)", "data": null, "seq": 5078}
{"ts": "2026-04-28T14:48:53.643106+00:00", "level": "INFO", "jobId": "368d8e9f-9836-4c63-abff-13b210c1027b", "keyword": "khai truong", "step": "capture", "message": "Capturing 57/∞ (viewport)…", "data": null, "seq": 5079}
{"ts": "2026-04-28T14:48:54.130672+00:00", "level": "INFO", "jobId": "368d8e9f-9836-4c63-abff-13b210c1027b", "keyword": "khai truong", "step": "capture", "message": "Expanded \"Xem thêm\" (exact-class): +1 (total 1)", "data": null, "seq": 5080}
{"ts": "2026-04-28T14:49:05.289324+00:00", "level": "INFO", "jobId": "368d8e9f-9836-4c63-abff-13b210c1027b", "keyword": "khai truong", "step": "capture", "message": "Saved post_243.png", "data": null, "seq": 5081}
{"ts": "2026-04-28T14:49:05.290691+00:00", "level": "INFO", "jobId": "368d8e9f-9836-4c63-abff-13b210c1027b", "keyword": "khai truong", "step": "cooldown", "message": "Cooldown 2.2s (after capture)", "data": null, "seq": 5082}
{"ts": "2026-04-28T14:49:08.150032+00:00", "level": "INFO", "jobId": "368d8e9f-9836-4c63-abff-13b210c1027b", "keyword": "khai truong", "step": "capture", "message": "Capturing 58/∞ (viewport)…", "data": null, "seq": 5083}
{"ts": "2026-04-28T14:49:08.341584+00:00", "level": "INFO", "jobId": "368d8e9f-9836-4c63-abff-13b210c1027b", "keyword": "khai truong", "step": "capture", "message": "Expanded \"Xem thêm\" (exact-class): +1 (total 1)", "data": null, "seq": 5084}
{"ts": "2026-04-28T14:49:19.395617+00:00", "level": "INFO", "jobId": "368d8e9f-9836-4c63-abff-13b210c1027b", "keyword": "khai truong", "step": "capture", "message": "Saved post_244.png", "data": null, "seq": 5085}
{"ts": "2026-04-28T14:49:19.395617+00:00", "level": "INFO", "jobId": "368d8e9f-9836-4c63-abff-13b210c1027b", "keyword": "khai truong", "step": "cooldown", "message": "Cooldown 2.0s (after capture)", "data": null, "seq": 5086}
{"ts": "2026-04-28T14:49:22.027242+00:00", "level": "INFO", "jobId": "368d8e9f-9836-4c63-abff-13b210c1027b", "keyword": "khai truong", "step": "capture", "message": "Capturing 59/∞ (viewport)…", "data": null, "seq": 5087}
{"ts": "2026-04-28T14:49:32.940861+00:00", "level": "INFO", "jobId": "368d8e9f-9836-4c63-abff-13b210c1027b", "keyword": "khai truong", "step": "capture", "message": "Saved post_245.png", "data": null, "seq": 5088}
{"ts": "2026-04-28T14:49:32.940861+00:00", "level": "INFO", "jobId": "368d8e9f-9836-4c63-abff-13b210c1027b", "keyword": "khai truong", "step": "cooldown", "message": "Cooldown 2.4s (after capture)", "data": null, "seq": 5089}
{"ts": "2026-04-28T14:49:36.244337+00:00", "level": "INFO", "jobId": "368d8e9f-9836-4c63-abff-13b210c1027b", "keyword": "khai truong", "step": "capture", "message": "Capturing 60/∞ (viewport)…", "data": null, "seq": 5090}
{"ts": "2026-04-28T14:49:36.604251+00:00", "level": "INFO", "jobId": "368d8e9f-9836-4c63-abff-13b210c1027b", "keyword": "khai truong", "step": "capture", "message": "Expanded \"Xem thêm\" (exact-class): +2 (total 2)", "data": null, "seq": 5091}
{"ts": "2026-04-28T14:49:47.823042+00:00", "level": "INFO", "jobId": "368d8e9f-9836-4c63-abff-13b210c1027b", "keyword": "khai truong", "step": "capture", "message": "Saved post_246.png", "data": null, "seq": 5092}
{"ts": "2026-04-28T14:49:47.835900+00:00", "level": "INFO", "jobId": "368d8e9f-9836-4c63-abff-13b210c1027b", "keyword": "khai truong", "step": "cooldown", "message": "Cooldown 2.7s (after capture)", "data": null, "seq": 5093}
{"ts": "2026-04-28T14:49:51.179474+00:00", "level": "INFO", "jobId": "368d8e9f-9836-4c63-abff-13b210c1027b", "keyword": "khai truong", "step": "capture", "message": "Capturing 61/∞ (viewport)…", "data": null, "seq": 5094}
{"ts": "2026-04-28T14:49:51.358286+00:00", "level": "INFO", "jobId": "368d8e9f-9836-4c63-abff-13b210c1027b", "keyword": "khai truong", "step": "capture", "message": "Expanded \"Xem thêm\" (exact-class): +1 (total 1)", "data": null, "seq": 5095}
{"ts": "2026-04-28T14:50:02.412311+00:00", "level": "INFO", "jobId": "368d8e9f-9836-4c63-abff-13b210c1027b", "keyword": "khai truong", "step": "capture", "message": "Saved post_247.png", "data": null, "seq": 5096}
{"ts": "2026-04-28T14:50:02.412311+00:00", "level": "INFO", "jobId": "368d8e9f-9836-4c63-abff-13b210c1027b", "keyword": "khai truong", "step": "cooldown", "message": "Cooldown 1.7s (after capture)", "data": null, "seq": 5097}
{"ts": "2026-04-28T14:50:05.044549+00:00", "level": "INFO", "jobId": "368d8e9f-9836-4c63-abff-13b210c1027b", "keyword": "khai truong", "step": "capture", "message": "Capturing 62/∞ (viewport)…", "data": null, "seq": 5098}
{"ts": "2026-04-28T14:50:16.289401+00:00", "level": "INFO", "jobId": "368d8e9f-9836-4c63-abff-13b210c1027b", "keyword": "khai truong", "step": "capture", "message": "Saved post_248.png", "data": null, "seq": 5099}
{"ts": "2026-04-28T14:50:16.289401+00:00", "level": "INFO", "jobId": "368d8e9f-9836-4c63-abff-13b210c1027b", "keyword": "khai truong", "step": "cooldown", "message": "Cooldown 2.3s (after capture)", "data": null, "seq": 5100}
{"ts": "2026-04-28T14:50:19.315131+00:00", "level": "INFO", "jobId": "368d8e9f-9836-4c63-abff-13b210c1027b", "keyword": "khai truong", "step": "capture", "message": "Capturing 63/∞ (viewport)…", "data": null, "seq": 5101}
{"ts": "2026-04-28T14:50:19.646485+00:00", "level": "INFO", "jobId": "368d8e9f-9836-4c63-abff-13b210c1027b", "keyword": "khai truong", "step": "capture", "message": "Expanded \"Xem thêm\" (exact-class): +1 (total 1)", "data": null, "seq": 5102}
{"ts": "2026-04-28T14:50:30.889222+00:00", "level": "INFO", "jobId": "368d8e9f-9836-4c63-abff-13b210c1027b", "keyword": "khai truong", "step": "capture", "message": "Saved post_249.png", "data": null, "seq": 5103}
{"ts": "2026-04-28T14:50:30.889222+00:00", "level": "INFO", "jobId": "368d8e9f-9836-4c63-abff-13b210c1027b", "keyword": "khai truong", "step": "cooldown", "message": "Cooldown 2.8s (after capture)", "data": null, "seq": 5104}
{"ts": "2026-04-28T14:50:34.997593+00:00", "level": "INFO", "jobId": "368d8e9f-9836-4c63-abff-13b210c1027b", "keyword": "khai truong", "step": "capture", "message": "Capturing 64/∞ (viewport)…", "data": null, "seq": 5105}
{"ts": "2026-04-28T14:50:47.020462+00:00", "level": "INFO", "jobId": "368d8e9f-9836-4c63-abff-13b210c1027b", "keyword": "khai truong", "step": "capture", "message": "Saved post_250.png", "data": null, "seq": 5106}
{"ts": "2026-04-28T14:50:47.022459+00:00", "level": "INFO", "jobId": "368d8e9f-9836-4c63-abff-13b210c1027b", "keyword": "khai truong", "step": "cooldown", "message": "Cooldown 2.1s (after capture)", "data": null, "seq": 5107}
{"ts": "2026-04-28T14:50:50.222081+00:00", "level": "INFO", "jobId": "368d8e9f-9836-4c63-abff-13b210c1027b", "keyword": "khai truong", "step": "capture", "message": "Capturing 65/∞ (viewport)…", "data": null, "seq": 5108}
{"ts": "2026-04-28T14:50:50.626876+00:00", "level": "INFO", "jobId": "368d8e9f-9836-4c63-abff-13b210c1027b", "keyword": "khai truong", "step": "capture", "message": "Expanded \"Xem thêm\" (exact-class): +1 (total 1)", "data": null, "seq": 5109}
{"ts": "2026-04-28T14:51:01.981820+00:00", "level": "INFO", "jobId": "368d8e9f-9836-4c63-abff-13b210c1027b", "keyword": "khai truong", "step": "capture", "message": "Saved post_251.png", "data": null, "seq": 5110}
{"ts": "2026-04-28T14:51:01.983110+00:00", "level": "INFO", "jobId": "368d8e9f-9836-4c63-abff-13b210c1027b", "keyword": "khai truong", "step": "cooldown", "message": "Cooldown 1.3s (after capture)", "data": null, "seq": 5111}
{"ts": "2026-04-28T14:51:04.088110+00:00", "level": "INFO", "jobId": "368d8e9f-9836-4c63-abff-13b210c1027b", "keyword": "khai truong", "step": "capture", "message": "Capturing 66/∞ (viewport)…", "data": null, "seq": 5112}
{"ts": "2026-04-28T14:51:04.653404+00:00", "level": "INFO", "jobId": "368d8e9f-9836-4c63-abff-13b210c1027b", "keyword": "khai truong", "step": "capture", "message": "Expanded \"Xem thêm\" (exact-class): +1 (total 1)", "data": null, "seq": 5113}
{"ts": "2026-04-28T14:51:19.310500+00:00", "level": "INFO", "jobId": "368d8e9f-9836-4c63-abff-13b210c1027b", "keyword": "khai truong", "step": "capture", "message": "Saved post_252.png", "data": null, "seq": 5114}
{"ts": "2026-04-28T14:51:19.314491+00:00", "level": "INFO", "jobId": "368d8e9f-9836-4c63-abff-13b210c1027b", "keyword": "khai truong", "step": "cooldown", "message": "Cooldown 2.6s (after capture)", "data": null, "seq": 5115}
