{"ts": "2026-04-28T11:56:39.377037+00:00", "level": "INFO", "jobId": "61c496d0-97ac-4f35-9635-247480cc6f46", "keyword": "khai truong", "step": "created", "message": "Job created", "data": {"maxPosts": 30}, "seq": 3512}
{"ts": "2026-04-28T11:56:39.662136+00:00", "level": "INFO", "jobId": "61c496d0-97ac-4f35-9635-247480cc6f46", "keyword": "khai truong", "step": "start", "message": "Job started (attempt 1/2)", "data": null, "seq": 3513}
{"ts": "2026-04-28T11:56:43.900641+00:00", "level": "INFO", "jobId": "61c496d0-97ac-4f35-9635-247480cc6f46", "keyword": "khai truong", "step": "login", "message": "Already logged in (profile session).", "data": null, "seq": 3514}
{"ts": "2026-04-28T11:56:46.342937+00:00", "level": "WARN", "jobId": "61c496d0-97ac-4f35-9635-247480cc6f46", "keyword": "khai truong", "step": "network", "message": "Network slow during search: rtt=1226ms http=1214ms (slow). Increasing timeouts.", "data": null, "seq": 3515}
{"ts": "2026-04-28T11:56:46.348249+00:00", "level": "INFO", "jobId": "61c496d0-97ac-4f35-9635-247480cc6f46", "keyword": "khai truong", "step": "search", "message": "Searching keyword: \"khai truong\"", "data": null, "seq": 3516}
{"ts": "2026-04-28T11:56:49.784313+00:00", "level": "INFO", "jobId": "61c496d0-97ac-4f35-9635-247480cc6f46", "keyword": "khai truong", "step": "capture", "message": "Start capturing up to 30 posts.", "data": null, "seq": 3517}
{"ts": "2026-04-28T11:56:50.060201+00:00", "level": "INFO", "jobId": "61c496d0-97ac-4f35-9635-247480cc6f46", "keyword": "khai truong", "step": "capture", "message": "Capturing 1/30 (viewport)…", "data": null, "seq": 3518}
{"ts": "2026-04-28T11:56:50.096269+00:00", "level": "INFO", "jobId": "61c496d0-97ac-4f35-9635-247480cc6f46", "keyword": "khai truong", "step": "capture", "message": "Waiting for posts to appear (avoid blank capture)…", "data": null, "seq": 3519}
{"ts": "2026-04-28T11:56:53.720579+00:00", "level": "INFO", "jobId": "61c496d0-97ac-4f35-9635-247480cc6f46", "keyword": "khai truong", "step": "capture", "message": "Waiting for posts to appear (avoid blank capture)…", "data": null, "seq": 3520}
{"ts": "2026-04-28T11:56:57.357695+00:00", "level": "INFO", "jobId": "61c496d0-97ac-4f35-9635-247480cc6f46", "keyword": "khai truong", "step": "capture", "message": "Waiting for posts to appear (avoid blank capture)…", "data": null, "seq": 3521}
{"ts": "2026-04-28T11:57:00.942275+00:00", "level": "INFO", "jobId": "61c496d0-97ac-4f35-9635-247480cc6f46", "keyword": "khai truong", "step": "capture", "message": "Waiting for posts to appear (avoid blank capture)…", "data": null, "seq": 3522}
{"ts": "2026-04-28T11:57:04.516112+00:00", "level": "INFO", "jobId": "61c496d0-97ac-4f35-9635-247480cc6f46", "keyword": "khai truong", "step": "capture", "message": "Waiting for posts to appear (avoid blank capture)…", "data": null, "seq": 3523}
{"ts": "2026-04-28T11:57:08.137567+00:00", "level": "INFO", "jobId": "61c496d0-97ac-4f35-9635-247480cc6f46", "keyword": "khai truong", "step": "capture", "message": "Waiting for posts to appear (avoid blank capture)…", "data": null, "seq": 3524}
{"ts": "2026-04-28T11:57:11.719984+00:00", "level": "INFO", "jobId": "61c496d0-97ac-4f35-9635-247480cc6f46", "keyword": "khai truong", "step": "capture", "message": "Waiting for posts to appear (avoid blank capture)…", "data": null, "seq": 3525}
{"ts": "2026-04-28T11:57:15.340522+00:00", "level": "INFO", "jobId": "61c496d0-97ac-4f35-9635-247480cc6f46", "keyword": "khai truong", "step": "capture", "message": "Waiting for posts to appear (avoid blank capture)…", "data": null, "seq": 3526}
{"ts": "2026-04-28T11:57:18.917058+00:00", "level": "INFO", "jobId": "61c496d0-97ac-4f35-9635-247480cc6f46", "keyword": "khai truong", "step": "capture", "message": "Waiting for posts to appear (avoid blank capture)…", "data": null, "seq": 3527}
{"ts": "2026-04-28T11:57:22.550919+00:00", "level": "INFO", "jobId": "61c496d0-97ac-4f35-9635-247480cc6f46", "keyword": "khai truong", "step": "capture", "message": "Waiting for posts to appear (avoid blank capture)…", "data": null, "seq": 3528}
{"ts": "2026-04-28T11:57:25.439071+00:00", "level": "INFO", "jobId": "61c496d0-97ac-4f35-9635-247480cc6f46", "keyword": "khai truong", "step": "capture", "message": "No posts detected yet. Scrolling and retrying…", "data": null, "seq": 3529}
{"ts": "2026-04-28T11:57:25.456328+00:00", "level": "INFO", "jobId": "61c496d0-97ac-4f35-9635-247480cc6f46", "keyword": "khai truong", "step": "capture", "message": "Viewport screenshot error (will retry): no posts yet", "data": null, "seq": 3530}
{"ts": "2026-04-28T11:57:25.489080+00:00", "level": "INFO", "jobId": "61c496d0-97ac-4f35-9635-247480cc6f46", "keyword": "khai truong", "step": "capture", "message": "Capturing 1/30 (viewport)…", "data": null, "seq": 3531}
{"ts": "2026-04-28T11:57:25.525350+00:00", "level": "INFO", "jobId": "61c496d0-97ac-4f35-9635-247480cc6f46", "keyword": "khai truong", "step": "capture", "message": "Waiting for posts to appear (avoid blank capture)…", "data": null, "seq": 3532}
{"ts": "2026-04-28T11:57:29.220099+00:00", "level": "INFO", "jobId": "61c496d0-97ac-4f35-9635-247480cc6f46", "keyword": "khai truong", "step": "capture", "message": "Waiting for posts to appear (avoid blank capture)…", "data": null, "seq": 3533}
{"ts": "2026-04-28T11:57:32.828020+00:00", "level": "INFO", "jobId": "61c496d0-97ac-4f35-9635-247480cc6f46", "keyword": "khai truong", "step": "capture", "message": "Waiting for posts to appear (avoid blank capture)…", "data": null, "seq": 3534}
{"ts": "2026-04-28T11:57:36.417247+00:00", "level": "INFO", "jobId": "61c496d0-97ac-4f35-9635-247480cc6f46", "keyword": "khai truong", "step": "capture", "message": "Waiting for posts to appear (avoid blank capture)…", "data": null, "seq": 3535}
{"ts": "2026-04-28T11:57:40.012095+00:00", "level": "INFO", "jobId": "61c496d0-97ac-4f35-9635-247480cc6f46", "keyword": "khai truong", "step": "capture", "message": "Waiting for posts to appear (avoid blank capture)…", "data": null, "seq": 3536}
{"ts": "2026-04-28T11:57:43.573084+00:00", "level": "INFO", "jobId": "61c496d0-97ac-4f35-9635-247480cc6f46", "keyword": "khai truong", "step": "capture", "message": "Waiting for posts to appear (avoid blank capture)…", "data": null, "seq": 3537}
{"ts": "2026-04-28T11:57:47.183977+00:00", "level": "INFO", "jobId": "61c496d0-97ac-4f35-9635-247480cc6f46", "keyword": "khai truong", "step": "capture", "message": "Waiting for posts to appear (avoid blank capture)…", "data": null, "seq": 3538}
{"ts": "2026-04-28T11:57:50.801419+00:00", "level": "INFO", "jobId": "61c496d0-97ac-4f35-9635-247480cc6f46", "keyword": "khai truong", "step": "capture", "message": "Waiting for posts to appear (avoid blank capture)…", "data": null, "seq": 3539}
{"ts": "2026-04-28T11:57:54.401395+00:00", "level": "INFO", "jobId": "61c496d0-97ac-4f35-9635-247480cc6f46", "keyword": "khai truong", "step": "capture", "message": "Waiting for posts to appear (avoid blank capture)…", "data": null, "seq": 3540}
{"ts": "2026-04-28T11:57:58.020735+00:00", "level": "INFO", "jobId": "61c496d0-97ac-4f35-9635-247480cc6f46", "keyword": "khai truong", "step": "capture", "message": "Waiting for posts to appear (avoid blank capture)…", "data": null, "seq": 3541}
{"ts": "2026-04-28T11:58:00.528366+00:00", "level": "INFO", "jobId": "61c496d0-97ac-4f35-9635-247480cc6f46", "keyword": "khai truong", "step": "capture", "message": "No posts detected yet. Scrolling and retrying…", "data": null, "seq": 3542}
{"ts": "2026-04-28T11:58:00.533706+00:00", "level": "INFO", "jobId": "61c496d0-97ac-4f35-9635-247480cc6f46", "keyword": "khai truong", "step": "capture", "message": "Viewport screenshot error (will retry): no posts yet", "data": null, "seq": 3543}
{"ts": "2026-04-28T11:58:00.543213+00:00", "level": "INFO", "jobId": "61c496d0-97ac-4f35-9635-247480cc6f46", "keyword": "khai truong", "step": "capture", "message": "Capturing 1/30 (viewport)…", "data": null, "seq": 3544}
{"ts": "2026-04-28T11:58:00.562276+00:00", "level": "INFO", "jobId": "61c496d0-97ac-4f35-9635-247480cc6f46", "keyword": "khai truong", "step": "capture", "message": "Waiting for posts to appear (avoid blank capture)…", "data": null, "seq": 3545}
{"ts": "2026-04-28T11:58:04.415361+00:00", "level": "INFO", "jobId": "61c496d0-97ac-4f35-9635-247480cc6f46", "keyword": "khai truong", "step": "capture", "message": "Waiting for posts to appear (avoid blank capture)…", "data": null, "seq": 3546}
{"ts": "2026-04-28T11:58:08.038990+00:00", "level": "INFO", "jobId": "61c496d0-97ac-4f35-9635-247480cc6f46", "keyword": "khai truong", "step": "capture", "message": "Waiting for posts to appear (avoid blank capture)…", "data": null, "seq": 3547}
