{"ts": "2026-04-28T12:10:15.971137+00:00", "level": "INFO", "jobId": "61ec9416-085c-43ca-99b2-bc43f7c9c293", "keyword": "khai truong", "step": "created", "message": "Job created", "data": {"maxPosts": 30}, "seq": 3655}
{"ts": "2026-04-28T12:10:16.621149+00:00", "level": "INFO", "jobId": "61ec9416-085c-43ca-99b2-bc43f7c9c293", "keyword": "khai truong", "step": "start", "message": "Job started (attempt 1/2)", "data": null, "seq": 3656}
{"ts": "2026-04-28T12:10:20.511354+00:00", "level": "INFO", "jobId": "61ec9416-085c-43ca-99b2-bc43f7c9c293", "keyword": "khai truong", "step": "login", "message": "Already logged in (profile session).", "data": null, "seq": 3657}
{"ts": "2026-04-28T12:10:21.056344+00:00", "level": "INFO", "jobId": "61ec9416-085c-43ca-99b2-bc43f7c9c293", "keyword": "khai truong", "step": "search", "message": "Searching keyword: \"khai truong\"", "data": null, "seq": 3658}
{"ts": "2026-04-28T12:10:26.425563+00:00", "level": "WARN", "jobId": "61ec9416-085c-43ca-99b2-bc43f7c9c293", "keyword": "khai truong", "step": "network", "message": "Network slow during capture: rtt=592ms http=1840ms (slow). Increasing timeouts.", "data": null, "seq": 3659}
{"ts": "2026-04-28T12:10:26.429891+00:00", "level": "INFO", "jobId": "61ec9416-085c-43ca-99b2-bc43f7c9c293", "keyword": "khai truong", "step": "capture", "message": "Start capturing up to 30 posts.", "data": null, "seq": 3660}
{"ts": "2026-04-28T12:10:26.668943+00:00", "level": "INFO", "jobId": "61ec9416-085c-43ca-99b2-bc43f7c9c293", "keyword": "khai truong", "step": "capture", "message": "Capturing 1/30 (viewport)…", "data": null, "seq": 3661}
{"ts": "2026-04-28T12:10:26.709202+00:00", "level": "INFO", "jobId": "61ec9416-085c-43ca-99b2-bc43f7c9c293", "keyword": "khai truong", "step": "capture", "message": "Expanded \"Xem thêm\" (exact-class): +1 (total 1)", "data": null, "seq": 3662}
{"ts": "2026-04-28T12:10:29.347017+00:00", "level": "INFO", "jobId": "61ec9416-085c-43ca-99b2-bc43f7c9c293", "keyword": "khai truong", "step": "capture", "message": "Saved post_030.png", "data": null, "seq": 3663}
{"ts": "2026-04-28T12:10:29.347017+00:00", "level": "INFO", "jobId": "61ec9416-085c-43ca-99b2-bc43f7c9c293", "keyword": "khai truong", "step": "cooldown", "message": "Cooldown 1.4s (after capture)", "data": null, "seq": 3664}
{"ts": "2026-04-28T12:10:31.165221+00:00", "level": "INFO", "jobId": "61ec9416-085c-43ca-99b2-bc43f7c9c293", "keyword": "khai truong", "step": "capture", "message": "Capturing 2/30 (viewport)…", "data": null, "seq": 3665}
{"ts": "2026-04-28T12:10:32.928137+00:00", "level": "INFO", "jobId": "61ec9416-085c-43ca-99b2-bc43f7c9c293", "keyword": "khai truong", "step": "capture", "message": "Saved post_031.png", "data": null, "seq": 3666}
{"ts": "2026-04-28T12:10:32.929555+00:00", "level": "INFO", "jobId": "61ec9416-085c-43ca-99b2-bc43f7c9c293", "keyword": "khai truong", "step": "cooldown", "message": "Cooldown 1.4s (after capture)", "data": null, "seq": 3667}
{"ts": "2026-04-28T12:10:34.998695+00:00", "level": "INFO", "jobId": "61ec9416-085c-43ca-99b2-bc43f7c9c293", "keyword": "khai truong", "step": "capture", "message": "Capturing 3/30 (viewport)…", "data": null, "seq": 3668}
{"ts": "2026-04-28T12:10:35.081597+00:00", "level": "INFO", "jobId": "61ec9416-085c-43ca-99b2-bc43f7c9c293", "keyword": "khai truong", "step": "capture", "message": "Expanded \"Xem thêm\" (exact-class): +1 (total 1)", "data": null, "seq": 3669}
{"ts": "2026-04-28T12:10:37.115953+00:00", "level": "INFO", "jobId": "61ec9416-085c-43ca-99b2-bc43f7c9c293", "keyword": "khai truong", "step": "capture", "message": "Saved post_032.png", "data": null, "seq": 3670}
{"ts": "2026-04-28T12:10:37.117050+00:00", "level": "INFO", "jobId": "61ec9416-085c-43ca-99b2-bc43f7c9c293", "keyword": "khai truong", "step": "cooldown", "message": "Cooldown 2.0s (after capture)", "data": null, "seq": 3671}
{"ts": "2026-04-28T12:10:39.575721+00:00", "level": "INFO", "jobId": "61ec9416-085c-43ca-99b2-bc43f7c9c293", "keyword": "khai truong", "step": "capture", "message": "Capturing 4/30 (viewport)…", "data": null, "seq": 3672}
{"ts": "2026-04-28T12:10:41.594460+00:00", "level": "INFO", "jobId": "61ec9416-085c-43ca-99b2-bc43f7c9c293", "keyword": "khai truong", "step": "capture", "message": "Saved post_033.png", "data": null, "seq": 3673}
{"ts": "2026-04-28T12:10:41.595472+00:00", "level": "INFO", "jobId": "61ec9416-085c-43ca-99b2-bc43f7c9c293", "keyword": "khai truong", "step": "cooldown", "message": "Cooldown 1.7s (after capture)", "data": null, "seq": 3674}
{"ts": "2026-04-28T12:10:43.691328+00:00", "level": "INFO", "jobId": "61ec9416-085c-43ca-99b2-bc43f7c9c293", "keyword": "khai truong", "step": "capture", "message": "Capturing 5/30 (viewport)…", "data": null, "seq": 3675}
{"ts": "2026-04-28T12:10:44.691798+00:00", "level": "INFO", "jobId": "61ec9416-085c-43ca-99b2-bc43f7c9c293", "keyword": "khai truong", "step": "capture", "message": "Saved post_034.png", "data": null, "seq": 3676}
{"ts": "2026-04-28T12:10:44.691798+00:00", "level": "INFO", "jobId": "61ec9416-085c-43ca-99b2-bc43f7c9c293", "keyword": "khai truong", "step": "cooldown", "message": "Cooldown 2.2s (after capture)", "data": null, "seq": 3677}
{"ts": "2026-04-28T12:10:47.262691+00:00", "level": "INFO", "jobId": "61ec9416-085c-43ca-99b2-bc43f7c9c293", "keyword": "khai truong", "step": "capture", "message": "Capturing 6/30 (viewport)…", "data": null, "seq": 3678}
{"ts": "2026-04-28T12:10:48.626803+00:00", "level": "INFO", "jobId": "61ec9416-085c-43ca-99b2-bc43f7c9c293", "keyword": "khai truong", "step": "capture", "message": "Saved post_035.png", "data": null, "seq": 3679}
{"ts": "2026-04-28T12:10:48.627825+00:00", "level": "INFO", "jobId": "61ec9416-085c-43ca-99b2-bc43f7c9c293", "keyword": "khai truong", "step": "cooldown", "message": "Cooldown 1.4s (after capture)", "data": null, "seq": 3680}
{"ts": "2026-04-28T12:10:50.452790+00:00", "level": "INFO", "jobId": "61ec9416-085c-43ca-99b2-bc43f7c9c293", "keyword": "khai truong", "step": "capture", "message": "Capturing 7/30 (viewport)…", "data": null, "seq": 3681}
{"ts": "2026-04-28T12:10:51.500796+00:00", "level": "INFO", "jobId": "61ec9416-085c-43ca-99b2-bc43f7c9c293", "keyword": "khai truong", "step": "capture", "message": "Saved post_036.png", "data": null, "seq": 3682}
{"ts": "2026-04-28T12:10:51.501488+00:00", "level": "INFO", "jobId": "61ec9416-085c-43ca-99b2-bc43f7c9c293", "keyword": "khai truong", "step": "cooldown", "message": "Cooldown 1.1s (after capture)", "data": null, "seq": 3683}
{"ts": "2026-04-28T12:10:53.028181+00:00", "level": "INFO", "jobId": "61ec9416-085c-43ca-99b2-bc43f7c9c293", "keyword": "khai truong", "step": "capture", "message": "Capturing 8/30 (viewport)…", "data": null, "seq": 3684}
{"ts": "2026-04-28T12:10:54.523032+00:00", "level": "INFO", "jobId": "61ec9416-085c-43ca-99b2-bc43f7c9c293", "keyword": "khai truong", "step": "capture", "message": "Saved post_037.png", "data": null, "seq": 3685}
{"ts": "2026-04-28T12:10:54.524039+00:00", "level": "INFO", "jobId": "61ec9416-085c-43ca-99b2-bc43f7c9c293", "keyword": "khai truong", "step": "cooldown", "message": "Cooldown 3.0s (after capture)", "data": null, "seq": 3686}
{"ts": "2026-04-28T12:10:57.937519+00:00", "level": "INFO", "jobId": "61ec9416-085c-43ca-99b2-bc43f7c9c293", "keyword": "khai truong", "step": "capture", "message": "Capturing 9/30 (viewport)…", "data": null, "seq": 3687}
{"ts": "2026-04-28T12:10:58.659940+00:00", "level": "INFO", "jobId": "61ec9416-085c-43ca-99b2-bc43f7c9c293", "keyword": "khai truong", "step": "capture", "message": "Saved post_038.png", "data": null, "seq": 3688}
{"ts": "2026-04-28T12:10:58.659940+00:00", "level": "INFO", "jobId": "61ec9416-085c-43ca-99b2-bc43f7c9c293", "keyword": "khai truong", "step": "cooldown", "message": "Cooldown 1.9s (after capture)", "data": null, "seq": 3689}
{"ts": "2026-04-28T12:11:00.917272+00:00", "level": "INFO", "jobId": "61ec9416-085c-43ca-99b2-bc43f7c9c293", "keyword": "khai truong", "step": "capture", "message": "Capturing 10/30 (viewport)…", "data": null, "seq": 3690}
{"ts": "2026-04-28T12:11:01.799002+00:00", "level": "INFO", "jobId": "61ec9416-085c-43ca-99b2-bc43f7c9c293", "keyword": "khai truong", "step": "capture", "message": "Saved post_039.png", "data": null, "seq": 3691}
{"ts": "2026-04-28T12:11:01.799002+00:00", "level": "INFO", "jobId": "61ec9416-085c-43ca-99b2-bc43f7c9c293", "keyword": "khai truong", "step": "cooldown", "message": "Cooldown 2.7s (after capture)", "data": null, "seq": 3692}
{"ts": "2026-04-28T12:11:04.883692+00:00", "level": "INFO", "jobId": "61ec9416-085c-43ca-99b2-bc43f7c9c293", "keyword": "khai truong", "step": "capture", "message": "Capturing 11/30 (viewport)…", "data": null, "seq": 3693}
{"ts": "2026-04-28T12:11:05.884349+00:00", "level": "INFO", "jobId": "61ec9416-085c-43ca-99b2-bc43f7c9c293", "keyword": "khai truong", "step": "capture", "message": "Saved post_040.png", "data": null, "seq": 3694}
{"ts": "2026-04-28T12:11:05.884349+00:00", "level": "INFO", "jobId": "61ec9416-085c-43ca-99b2-bc43f7c9c293", "keyword": "khai truong", "step": "cooldown", "message": "Cooldown 2.0s (after capture)", "data": null, "seq": 3695}
{"ts": "2026-04-28T12:11:08.315197+00:00", "level": "INFO", "jobId": "61ec9416-085c-43ca-99b2-bc43f7c9c293", "keyword": "khai truong", "step": "capture", "message": "Capturing 12/30 (viewport)…", "data": null, "seq": 3696}
{"ts": "2026-04-28T12:11:09.318453+00:00", "level": "INFO", "jobId": "61ec9416-085c-43ca-99b2-bc43f7c9c293", "keyword": "khai truong", "step": "capture", "message": "Saved post_041.png", "data": null, "seq": 3697}
{"ts": "2026-04-28T12:11:09.318453+00:00", "level": "INFO", "jobId": "61ec9416-085c-43ca-99b2-bc43f7c9c293", "keyword": "khai truong", "step": "cooldown", "message": "Cooldown 1.4s (after capture)", "data": null, "seq": 3698}
{"ts": "2026-04-28T12:11:11.117704+00:00", "level": "INFO", "jobId": "61ec9416-085c-43ca-99b2-bc43f7c9c293", "keyword": "khai truong", "step": "capture", "message": "Capturing 13/30 (viewport)…", "data": null, "seq": 3699}
{"ts": "2026-04-28T12:11:12.130530+00:00", "level": "INFO", "jobId": "61ec9416-085c-43ca-99b2-bc43f7c9c293", "keyword": "khai truong", "step": "capture", "message": "Saved post_042.png", "data": null, "seq": 3700}
{"ts": "2026-04-28T12:11:12.132142+00:00", "level": "INFO", "jobId": "61ec9416-085c-43ca-99b2-bc43f7c9c293", "keyword": "khai truong", "step": "cooldown", "message": "Cooldown 2.1s (after capture)", "data": null, "seq": 3701}
{"ts": "2026-04-28T12:11:14.677035+00:00", "level": "INFO", "jobId": "61ec9416-085c-43ca-99b2-bc43f7c9c293", "keyword": "khai truong", "step": "capture", "message": "Capturing 14/30 (viewport)…", "data": null, "seq": 3702}
{"ts": "2026-04-28T12:11:15.659097+00:00", "level": "INFO", "jobId": "61ec9416-085c-43ca-99b2-bc43f7c9c293", "keyword": "khai truong", "step": "capture", "message": "Saved post_043.png", "data": null, "seq": 3703}
{"ts": "2026-04-28T12:11:15.659097+00:00", "level": "INFO", "jobId": "61ec9416-085c-43ca-99b2-bc43f7c9c293", "keyword": "khai truong", "step": "cooldown", "message": "Cooldown 2.4s (after capture)", "data": null, "seq": 3704}
{"ts": "2026-04-28T12:11:18.486075+00:00", "level": "INFO", "jobId": "61ec9416-085c-43ca-99b2-bc43f7c9c293", "keyword": "khai truong", "step": "capture", "message": "Capturing 15/30 (viewport)…", "data": null, "seq": 3705}
{"ts": "2026-04-28T12:11:19.657519+00:00", "level": "INFO", "jobId": "61ec9416-085c-43ca-99b2-bc43f7c9c293", "keyword": "khai truong", "step": "capture", "message": "Saved post_044.png", "data": null, "seq": 3706}
{"ts": "2026-04-28T12:11:19.657519+00:00", "level": "INFO", "jobId": "61ec9416-085c-43ca-99b2-bc43f7c9c293", "keyword": "khai truong", "step": "cooldown", "message": "Cooldown 1.7s (after capture)", "data": null, "seq": 3707}
{"ts": "2026-04-28T12:11:21.710342+00:00", "level": "INFO", "jobId": "61ec9416-085c-43ca-99b2-bc43f7c9c293", "keyword": "khai truong", "step": "capture", "message": "Capturing 16/30 (viewport)…", "data": null, "seq": 3708}
{"ts": "2026-04-28T12:11:22.749420+00:00", "level": "INFO", "jobId": "61ec9416-085c-43ca-99b2-bc43f7c9c293", "keyword": "khai truong", "step": "capture", "message": "Saved post_045.png", "data": null, "seq": 3709}
{"ts": "2026-04-28T12:11:22.750424+00:00", "level": "INFO", "jobId": "61ec9416-085c-43ca-99b2-bc43f7c9c293", "keyword": "khai truong", "step": "cooldown", "message": "Cooldown 1.2s (after capture)", "data": null, "seq": 3710}
{"ts": "2026-04-28T12:11:24.320611+00:00", "level": "INFO", "jobId": "61ec9416-085c-43ca-99b2-bc43f7c9c293", "keyword": "khai truong", "step": "capture", "message": "Capturing 17/30 (viewport)…", "data": null, "seq": 3711}
{"ts": "2026-04-28T12:11:25.456551+00:00", "level": "INFO", "jobId": "61ec9416-085c-43ca-99b2-bc43f7c9c293", "keyword": "khai truong", "step": "capture", "message": "Saved post_046.png", "data": null, "seq": 3712}
{"ts": "2026-04-28T12:11:25.457557+00:00", "level": "INFO", "jobId": "61ec9416-085c-43ca-99b2-bc43f7c9c293", "keyword": "khai truong", "step": "cooldown", "message": "Cooldown 3.0s (after capture)", "data": null, "seq": 3713}
{"ts": "2026-04-28T12:11:28.820612+00:00", "level": "INFO", "jobId": "61ec9416-085c-43ca-99b2-bc43f7c9c293", "keyword": "khai truong", "step": "capture", "message": "Capturing 18/30 (viewport)…", "data": null, "seq": 3714}
{"ts": "2026-04-28T12:11:29.860604+00:00", "level": "INFO", "jobId": "61ec9416-085c-43ca-99b2-bc43f7c9c293", "keyword": "khai truong", "step": "capture", "message": "Saved post_047.png", "data": null, "seq": 3715}
{"ts": "2026-04-28T12:11:29.861617+00:00", "level": "INFO", "jobId": "61ec9416-085c-43ca-99b2-bc43f7c9c293", "keyword": "khai truong", "step": "cooldown", "message": "Cooldown 2.4s (after capture)", "data": null, "seq": 3716}
{"ts": "2026-04-28T12:11:32.631533+00:00", "level": "INFO", "jobId": "61ec9416-085c-43ca-99b2-bc43f7c9c293", "keyword": "khai truong", "step": "capture", "message": "Capturing 19/30 (viewport)…", "data": null, "seq": 3717}
{"ts": "2026-04-28T12:11:33.578962+00:00", "level": "INFO", "jobId": "61ec9416-085c-43ca-99b2-bc43f7c9c293", "keyword": "khai truong", "step": "capture", "message": "Saved post_048.png", "data": null, "seq": 3718}
{"ts": "2026-04-28T12:11:33.580023+00:00", "level": "INFO", "jobId": "61ec9416-085c-43ca-99b2-bc43f7c9c293", "keyword": "khai truong", "step": "cooldown", "message": "Cooldown 1.9s (after capture)", "data": null, "seq": 3719}
{"ts": "2026-04-28T12:11:36.042141+00:00", "level": "INFO", "jobId": "61ec9416-085c-43ca-99b2-bc43f7c9c293", "keyword": "khai truong", "step": "capture", "message": "Capturing 20/30 (viewport)…", "data": null, "seq": 3720}
{"ts": "2026-04-28T12:11:37.008516+00:00", "level": "INFO", "jobId": "61ec9416-085c-43ca-99b2-bc43f7c9c293", "keyword": "khai truong", "step": "capture", "message": "Saved post_049.png", "data": null, "seq": 3721}
{"ts": "2026-04-28T12:11:37.008516+00:00", "level": "INFO", "jobId": "61ec9416-085c-43ca-99b2-bc43f7c9c293", "keyword": "khai truong", "step": "cooldown", "message": "Cooldown 2.2s (after capture)", "data": null, "seq": 3722}
{"ts": "2026-04-28T12:11:39.611976+00:00", "level": "INFO", "jobId": "61ec9416-085c-43ca-99b2-bc43f7c9c293", "keyword": "khai truong", "step": "capture", "message": "Capturing 21/30 (viewport)…", "data": null, "seq": 3723}
{"ts": "2026-04-28T12:11:40.631167+00:00", "level": "INFO", "jobId": "61ec9416-085c-43ca-99b2-bc43f7c9c293", "keyword": "khai truong", "step": "capture", "message": "Saved post_050.png", "data": null, "seq": 3724}
{"ts": "2026-04-28T12:11:40.632620+00:00", "level": "INFO", "jobId": "61ec9416-085c-43ca-99b2-bc43f7c9c293", "keyword": "khai truong", "step": "cooldown", "message": "Cooldown 2.6s (after capture)", "data": null, "seq": 3725}
{"ts": "2026-04-28T12:11:43.626286+00:00", "level": "WARN", "jobId": "61ec9416-085c-43ca-99b2-bc43f7c9c293", "keyword": "khai truong", "step": "relaunch", "message": "Browser/page closed unexpectedly. Will relaunch + retry. (Locator.inner_text: Target page, context or browser has been closed\nCall log:\n  - waiting for locator(\"body\")\n)", "data": null, "seq": 3726}
{"ts": "2026-04-28T12:11:45.611396+00:00", "level": "WARN", "jobId": "61ec9416-085c-43ca-99b2-bc43f7c9c293", "keyword": "khai truong", "step": "retry", "message": "Reset job to pending for retry (closed target).", "data": null, "seq": 3727}
{"ts": "2026-04-28T12:11:45.612774+00:00", "level": "INFO", "jobId": "61ec9416-085c-43ca-99b2-bc43f7c9c293", "keyword": "khai truong", "step": "cooldown", "message": "Between-keywords delay: 1.6s", "data": null, "seq": 3728}
{"ts": "2026-04-28T12:11:47.186708+00:00", "level": "INFO", "jobId": "61ec9416-085c-43ca-99b2-bc43f7c9c293", "keyword": "khai truong", "step": "start", "message": "Job started (attempt 2/2)", "data": null, "seq": 3729}
{"ts": "2026-04-28T12:11:47.439378+00:00", "level": "WARN", "jobId": "61ec9416-085c-43ca-99b2-bc43f7c9c293", "keyword": "khai truong", "step": "relaunch", "message": "Browser/page closed unexpectedly. Will relaunch + retry. (Page.goto: Target page, context or browser has been closed)", "data": null, "seq": 3730}
