{"ts": "2026-04-28T12:15:25.726031+00:00", "level": "INFO", "jobId": "62bc44a9-7873-40a0-a42f-241fabf4afa8", "keyword": "khai truong", "step": "created", "message": "Job created", "data": {"maxPosts": 30}, "seq": 3775}
{"ts": "2026-04-28T12:18:29.937837+00:00", "level": "INFO", "jobId": "62bc44a9-7873-40a0-a42f-241fabf4afa8", "keyword": "khai truong", "step": "start", "message": "Job started (attempt 1/2)", "data": null, "seq": 3797}
{"ts": "2026-04-28T12:18:33.661882+00:00", "level": "INFO", "jobId": "62bc44a9-7873-40a0-a42f-241fabf4afa8", "keyword": "khai truong", "step": "login", "message": "Already logged in (profile session).", "data": null, "seq": 3799}
{"ts": "2026-04-28T12:18:34.009422+00:00", "level": "INFO", "jobId": "62bc44a9-7873-40a0-a42f-241fabf4afa8", "keyword": "khai truong", "step": "search", "message": "Searching keyword: \"khai truong\"", "data": null, "seq": 3800}
{"ts": "2026-04-28T12:18:40.614789+00:00", "level": "WARN", "jobId": "62bc44a9-7873-40a0-a42f-241fabf4afa8", "keyword": "khai truong", "step": "network", "message": "Network slow during capture: rtt=435ms http=4189ms (slow). Increasing timeouts.", "data": null, "seq": 3801}
{"ts": "2026-04-28T12:18:40.620795+00:00", "level": "INFO", "jobId": "62bc44a9-7873-40a0-a42f-241fabf4afa8", "keyword": "khai truong", "step": "capture", "message": "Start capturing up to 30 posts.", "data": null, "seq": 3802}
{"ts": "2026-04-28T12:18:41.118607+00:00", "level": "INFO", "jobId": "62bc44a9-7873-40a0-a42f-241fabf4afa8", "keyword": "khai truong", "step": "capture", "message": "Capturing 1/30 (viewport)…", "data": null, "seq": 3803}
{"ts": "2026-04-28T12:18:41.220966+00:00", "level": "INFO", "jobId": "62bc44a9-7873-40a0-a42f-241fabf4afa8", "keyword": "khai truong", "step": "capture", "message": "Expanded \"Xem thêm\" (exact-class): +1 (total 1)", "data": null, "seq": 3804}
{"ts": "2026-04-28T12:18:43.631659+00:00", "level": "INFO", "jobId": "62bc44a9-7873-40a0-a42f-241fabf4afa8", "keyword": "khai truong", "step": "capture", "message": "Saved post_064.png", "data": null, "seq": 3805}
{"ts": "2026-04-28T12:18:43.632668+00:00", "level": "INFO", "jobId": "62bc44a9-7873-40a0-a42f-241fabf4afa8", "keyword": "khai truong", "step": "cooldown", "message": "Cooldown 2.1s (after capture)", "data": null, "seq": 3806}
{"ts": "2026-04-28T12:18:46.665728+00:00", "level": "INFO", "jobId": "62bc44a9-7873-40a0-a42f-241fabf4afa8", "keyword": "khai truong", "step": "capture", "message": "Capturing 2/30 (viewport)…", "data": null, "seq": 3807}
{"ts": "2026-04-28T12:18:46.706077+00:00", "level": "INFO", "jobId": "62bc44a9-7873-40a0-a42f-241fabf4afa8", "keyword": "khai truong", "step": "capture", "message": "Expanded \"Xem thêm\" (exact-class): +1 (total 1)", "data": null, "seq": 3808}
{"ts": "2026-04-28T12:18:48.258431+00:00", "level": "INFO", "jobId": "62bc44a9-7873-40a0-a42f-241fabf4afa8", "keyword": "khai truong", "step": "capture", "message": "Saved post_065.png", "data": null, "seq": 3809}
{"ts": "2026-04-28T12:18:48.262060+00:00", "level": "INFO", "jobId": "62bc44a9-7873-40a0-a42f-241fabf4afa8", "keyword": "khai truong", "step": "cooldown", "message": "Cooldown 1.2s (after capture)", "data": null, "seq": 3810}
{"ts": "2026-04-28T12:18:50.248670+00:00", "level": "INFO", "jobId": "62bc44a9-7873-40a0-a42f-241fabf4afa8", "keyword": "khai truong", "step": "capture", "message": "Capturing 3/30 (viewport)…", "data": null, "seq": 3811}
{"ts": "2026-04-28T12:18:50.292960+00:00", "level": "INFO", "jobId": "62bc44a9-7873-40a0-a42f-241fabf4afa8", "keyword": "khai truong", "step": "capture", "message": "Expanded \"Xem thêm\" (exact-class): +1 (total 1)", "data": null, "seq": 3812}
{"ts": "2026-04-28T12:18:52.265950+00:00", "level": "INFO", "jobId": "62bc44a9-7873-40a0-a42f-241fabf4afa8", "keyword": "khai truong", "step": "capture", "message": "Saved post_066.png", "data": null, "seq": 3813}
{"ts": "2026-04-28T12:18:52.265950+00:00", "level": "INFO", "jobId": "62bc44a9-7873-40a0-a42f-241fabf4afa8", "keyword": "khai truong", "step": "cooldown", "message": "Cooldown 2.9s (after capture)", "data": null, "seq": 3814}
{"ts": "2026-04-28T12:18:55.997292+00:00", "level": "INFO", "jobId": "62bc44a9-7873-40a0-a42f-241fabf4afa8", "keyword": "khai truong", "step": "capture", "message": "Capturing 4/30 (viewport)…", "data": null, "seq": 3815}
{"ts": "2026-04-28T12:18:57.325952+00:00", "level": "INFO", "jobId": "62bc44a9-7873-40a0-a42f-241fabf4afa8", "keyword": "khai truong", "step": "capture", "message": "Saved post_067.png", "data": null, "seq": 3816}
{"ts": "2026-04-28T12:18:57.325952+00:00", "level": "INFO", "jobId": "62bc44a9-7873-40a0-a42f-241fabf4afa8", "keyword": "khai truong", "step": "cooldown", "message": "Cooldown 2.6s (after capture)", "data": null, "seq": 3817}
{"ts": "2026-04-28T12:19:00.678985+00:00", "level": "INFO", "jobId": "62bc44a9-7873-40a0-a42f-241fabf4afa8", "keyword": "khai truong", "step": "capture", "message": "Capturing 5/30 (viewport)…", "data": null, "seq": 3818}
{"ts": "2026-04-28T12:19:01.925863+00:00", "level": "INFO", "jobId": "62bc44a9-7873-40a0-a42f-241fabf4afa8", "keyword": "khai truong", "step": "capture", "message": "Saved post_068.png", "data": null, "seq": 3819}
{"ts": "2026-04-28T12:19:01.925863+00:00", "level": "INFO", "jobId": "62bc44a9-7873-40a0-a42f-241fabf4afa8", "keyword": "khai truong", "step": "cooldown", "message": "Cooldown 1.1s (after capture)", "data": null, "seq": 3820}
{"ts": "2026-04-28T12:19:03.794057+00:00", "level": "INFO", "jobId": "62bc44a9-7873-40a0-a42f-241fabf4afa8", "keyword": "khai truong", "step": "capture", "message": "Capturing 6/30 (viewport)…", "data": null, "seq": 3821}
{"ts": "2026-04-28T12:19:05.051045+00:00", "level": "INFO", "jobId": "62bc44a9-7873-40a0-a42f-241fabf4afa8", "keyword": "khai truong", "step": "capture", "message": "Saved post_069.png", "data": null, "seq": 3822}
{"ts": "2026-04-28T12:19:05.051045+00:00", "level": "INFO", "jobId": "62bc44a9-7873-40a0-a42f-241fabf4afa8", "keyword": "khai truong", "step": "cooldown", "message": "Cooldown 1.8s (after capture)", "data": null, "seq": 3823}
{"ts": "2026-04-28T12:19:07.624966+00:00", "level": "INFO", "jobId": "62bc44a9-7873-40a0-a42f-241fabf4afa8", "keyword": "khai truong", "step": "capture", "message": "Capturing 7/30 (viewport)…", "data": null, "seq": 3824}
{"ts": "2026-04-28T12:19:08.921257+00:00", "level": "INFO", "jobId": "62bc44a9-7873-40a0-a42f-241fabf4afa8", "keyword": "khai truong", "step": "capture", "message": "Saved post_070.png", "data": null, "seq": 3825}
{"ts": "2026-04-28T12:19:08.923263+00:00", "level": "INFO", "jobId": "62bc44a9-7873-40a0-a42f-241fabf4afa8", "keyword": "khai truong", "step": "cooldown", "message": "Cooldown 1.5s (after capture)", "data": null, "seq": 3826}
{"ts": "2026-04-28T12:19:11.131503+00:00", "level": "INFO", "jobId": "62bc44a9-7873-40a0-a42f-241fabf4afa8", "keyword": "khai truong", "step": "capture", "message": "Capturing 8/30 (viewport)…", "data": null, "seq": 3827}
{"ts": "2026-04-28T12:19:12.677331+00:00", "level": "INFO", "jobId": "62bc44a9-7873-40a0-a42f-241fabf4afa8", "keyword": "khai truong", "step": "capture", "message": "Saved post_071.png", "data": null, "seq": 3828}
{"ts": "2026-04-28T12:19:12.677331+00:00", "level": "INFO", "jobId": "62bc44a9-7873-40a0-a42f-241fabf4afa8", "keyword": "khai truong", "step": "cooldown", "message": "Cooldown 1.1s (after capture)", "data": null, "seq": 3829}
{"ts": "2026-04-28T12:19:14.604964+00:00", "level": "INFO", "jobId": "62bc44a9-7873-40a0-a42f-241fabf4afa8", "keyword": "khai truong", "step": "capture", "message": "Capturing 9/30 (viewport)…", "data": null, "seq": 3830}
{"ts": "2026-04-28T12:19:15.797296+00:00", "level": "INFO", "jobId": "62bc44a9-7873-40a0-a42f-241fabf4afa8", "keyword": "khai truong", "step": "capture", "message": "Saved post_072.png", "data": null, "seq": 3831}
{"ts": "2026-04-28T12:19:15.797296+00:00", "level": "INFO", "jobId": "62bc44a9-7873-40a0-a42f-241fabf4afa8", "keyword": "khai truong", "step": "cooldown", "message": "Cooldown 2.9s (after capture)", "data": null, "seq": 3832}
{"ts": "2026-04-28T12:19:19.474846+00:00", "level": "INFO", "jobId": "62bc44a9-7873-40a0-a42f-241fabf4afa8", "keyword": "khai truong", "step": "capture", "message": "Capturing 10/30 (viewport)…", "data": null, "seq": 3833}
{"ts": "2026-04-28T12:19:20.375536+00:00", "level": "INFO", "jobId": "62bc44a9-7873-40a0-a42f-241fabf4afa8", "keyword": "khai truong", "step": "capture", "message": "Saved post_073.png", "data": null, "seq": 3834}
{"ts": "2026-04-28T12:19:20.375536+00:00", "level": "INFO", "jobId": "62bc44a9-7873-40a0-a42f-241fabf4afa8", "keyword": "khai truong", "step": "cooldown", "message": "Cooldown 2.1s (after capture)", "data": null, "seq": 3835}
{"ts": "2026-04-28T12:19:23.276243+00:00", "level": "INFO", "jobId": "62bc44a9-7873-40a0-a42f-241fabf4afa8", "keyword": "khai truong", "step": "capture", "message": "Capturing 11/30 (viewport)…", "data": null, "seq": 3836}
{"ts": "2026-04-28T12:19:24.452655+00:00", "level": "INFO", "jobId": "62bc44a9-7873-40a0-a42f-241fabf4afa8", "keyword": "khai truong", "step": "capture", "message": "Saved post_074.png", "data": null, "seq": 3837}
{"ts": "2026-04-28T12:19:24.452655+00:00", "level": "INFO", "jobId": "62bc44a9-7873-40a0-a42f-241fabf4afa8", "keyword": "khai truong", "step": "cooldown", "message": "Cooldown 2.4s (after capture)", "data": null, "seq": 3838}
{"ts": "2026-04-28T12:19:27.612504+00:00", "level": "INFO", "jobId": "62bc44a9-7873-40a0-a42f-241fabf4afa8", "keyword": "khai truong", "step": "capture", "message": "Capturing 12/30 (viewport)…", "data": null, "seq": 3839}
{"ts": "2026-04-28T12:19:28.904919+00:00", "level": "INFO", "jobId": "62bc44a9-7873-40a0-a42f-241fabf4afa8", "keyword": "khai truong", "step": "capture", "message": "Saved post_075.png", "data": null, "seq": 3840}
{"ts": "2026-04-28T12:19:28.904919+00:00", "level": "INFO", "jobId": "62bc44a9-7873-40a0-a42f-241fabf4afa8", "keyword": "khai truong", "step": "cooldown", "message": "Cooldown 2.8s (after capture)", "data": null, "seq": 3841}
{"ts": "2026-04-28T12:19:32.526919+00:00", "level": "INFO", "jobId": "62bc44a9-7873-40a0-a42f-241fabf4afa8", "keyword": "khai truong", "step": "capture", "message": "Capturing 13/30 (viewport)…", "data": null, "seq": 3842}
{"ts": "2026-04-28T12:19:33.402454+00:00", "level": "INFO", "jobId": "62bc44a9-7873-40a0-a42f-241fabf4afa8", "keyword": "khai truong", "step": "capture", "message": "Saved post_076.png", "data": null, "seq": 3843}
{"ts": "2026-04-28T12:19:33.403966+00:00", "level": "INFO", "jobId": "62bc44a9-7873-40a0-a42f-241fabf4afa8", "keyword": "khai truong", "step": "cooldown", "message": "Cooldown 1.9s (after capture)", "data": null, "seq": 3844}
{"ts": "2026-04-28T12:19:36.074906+00:00", "level": "INFO", "jobId": "62bc44a9-7873-40a0-a42f-241fabf4afa8", "keyword": "khai truong", "step": "capture", "message": "Capturing 14/30 (viewport)…", "data": null, "seq": 3845}
{"ts": "2026-04-28T12:19:37.311872+00:00", "level": "INFO", "jobId": "62bc44a9-7873-40a0-a42f-241fabf4afa8", "keyword": "khai truong", "step": "capture", "message": "Saved post_077.png", "data": null, "seq": 3846}
{"ts": "2026-04-28T12:19:37.311872+00:00", "level": "INFO", "jobId": "62bc44a9-7873-40a0-a42f-241fabf4afa8", "keyword": "khai truong", "step": "cooldown", "message": "Cooldown 2.0s (after capture)", "data": null, "seq": 3847}
{"ts": "2026-04-28T12:19:40.025102+00:00", "level": "INFO", "jobId": "62bc44a9-7873-40a0-a42f-241fabf4afa8", "keyword": "khai truong", "step": "capture", "message": "Capturing 15/30 (viewport)…", "data": null, "seq": 3848}
{"ts": "2026-04-28T12:19:41.060878+00:00", "level": "INFO", "jobId": "62bc44a9-7873-40a0-a42f-241fabf4afa8", "keyword": "khai truong", "step": "capture", "message": "Saved post_078.png", "data": null, "seq": 3849}
{"ts": "2026-04-28T12:19:41.062217+00:00", "level": "INFO", "jobId": "62bc44a9-7873-40a0-a42f-241fabf4afa8", "keyword": "khai truong", "step": "cooldown", "message": "Cooldown 2.1s (after capture)", "data": null, "seq": 3850}
{"ts": "2026-04-28T12:19:44.029061+00:00", "level": "INFO", "jobId": "62bc44a9-7873-40a0-a42f-241fabf4afa8", "keyword": "khai truong", "step": "capture", "message": "Capturing 16/30 (viewport)…", "data": null, "seq": 3851}
{"ts": "2026-04-28T12:19:44.162462+00:00", "level": "INFO", "jobId": "62bc44a9-7873-40a0-a42f-241fabf4afa8", "keyword": "khai truong", "step": "capture", "message": "Expanded \"Xem thêm\" (exact-class): +1 (total 1)", "data": null, "seq": 3852}
{"ts": "2026-04-28T12:19:45.863185+00:00", "level": "INFO", "jobId": "62bc44a9-7873-40a0-a42f-241fabf4afa8", "keyword": "khai truong", "step": "capture", "message": "Saved post_079.png", "data": null, "seq": 3853}
{"ts": "2026-04-28T12:19:45.864480+00:00", "level": "INFO", "jobId": "62bc44a9-7873-40a0-a42f-241fabf4afa8", "keyword": "khai truong", "step": "cooldown", "message": "Cooldown 2.6s (after capture)", "data": null, "seq": 3854}
{"ts": "2026-04-28T12:19:50.311085+00:00", "level": "INFO", "jobId": "62bc44a9-7873-40a0-a42f-241fabf4afa8", "keyword": "khai truong", "step": "capture", "message": "Capturing 17/30 (viewport)…", "data": null, "seq": 3855}
{"ts": "2026-04-28T12:19:52.024924+00:00", "level": "INFO", "jobId": "62bc44a9-7873-40a0-a42f-241fabf4afa8", "keyword": "khai truong", "step": "capture", "message": "Saved post_080.png", "data": null, "seq": 3856}
{"ts": "2026-04-28T12:19:52.024924+00:00", "level": "INFO", "jobId": "62bc44a9-7873-40a0-a42f-241fabf4afa8", "keyword": "khai truong", "step": "cooldown", "message": "Cooldown 1.7s (after capture)", "data": null, "seq": 3857}
{"ts": "2026-04-28T12:19:54.493398+00:00", "level": "INFO", "jobId": "62bc44a9-7873-40a0-a42f-241fabf4afa8", "keyword": "khai truong", "step": "capture", "message": "Capturing 18/30 (viewport)…", "data": null, "seq": 3858}
{"ts": "2026-04-28T12:19:54.651446+00:00", "level": "INFO", "jobId": "62bc44a9-7873-40a0-a42f-241fabf4afa8", "keyword": "khai truong", "step": "capture", "message": "Viewport screenshot error (will retry): Page.screenshot: Target page, context or browser has been closed\nCall log:\n  - taking page screenshot\n  -   - waiting for fonts to load...\n  -   - fonts loaded\n", "data": null, "seq": 3859}
{"ts": "2026-04-28T12:19:54.658713+00:00", "level": "WARN", "jobId": "62bc44a9-7873-40a0-a42f-241fabf4afa8", "keyword": "khai truong", "step": "relaunch", "message": "Browser/page closed unexpectedly. Will relaunch + retry. (Locator.inner_text: Target page, context or browser has been closed)", "data": null, "seq": 3860}
{"ts": "2026-04-28T12:19:56.643662+00:00", "level": "WARN", "jobId": "62bc44a9-7873-40a0-a42f-241fabf4afa8", "keyword": "khai truong", "step": "retry", "message": "Reset job to pending for retry (closed target).", "data": null, "seq": 3861}
{"ts": "2026-04-28T12:19:56.643662+00:00", "level": "INFO", "jobId": "62bc44a9-7873-40a0-a42f-241fabf4afa8", "keyword": "khai truong", "step": "cooldown", "message": "Between-keywords delay: 1.4s", "data": null, "seq": 3862}
{"ts": "2026-04-28T12:19:58.015211+00:00", "level": "INFO", "jobId": "62bc44a9-7873-40a0-a42f-241fabf4afa8", "keyword": "khai truong", "step": "start", "message": "Job started (attempt 2/2)", "data": null, "seq": 3863}
{"ts": "2026-04-28T12:19:59.646730+00:00", "level": "ERROR", "jobId": "62bc44a9-7873-40a0-a42f-241fabf4afa8", "keyword": "khai truong", "step": "error", "message": "Unhandled error: Page.goto: Connection closed while reading from the driver", "data": {"trace": "Traceback (most recent call last):\n  File \"C:\\Users\\nguyenkhanhduyit\\Desktop\\Posts\\app\\worker\\runner.py\", line 538, in main\n    ensure_login(page, params, lambda s, m: jlog(s, m))\n  File \"C:\\Users\\nguyenkhanhduyit\\Desktop\\Posts\\app\\worker\\fb_automation\\automation.py\", line 127, in ensure_login\n    _goto_home(page)\n  File \"C:\\Users\\nguyenkhanhduyit\\Desktop\\Posts\\app\\worker\\fb_automation\\automation.py\", line 114, in _goto_home\n    page.goto(\"https://www.facebook.com/\", wait_until=\"domcontentloaded\", timeout=60_000)\n  File \"C:\\Users\\nguyenkhanhduyit\\AppData\\Local\\Programs\\Python\\Python310\\lib\\site-packages\\playwright\\sync_api\\_generated.py\", line 9006, in goto\n    self._sync(\n  File \"C:\\Users\\nguyenkhanhduyit\\AppData\\Local\\Programs\\Python\\Python310\\lib\\site-packages\\playwright\\_impl\\_sync_base.py\", line 115, in _sync\n    return task.result()\n  File \"C:\\Users\\nguyenkhanhduyit\\AppData\\Local\\Programs\\Python\\Python310\\lib\\site-packages\\playwright\\_impl\\_page.py\", line 551, in goto\n    return await self._main_frame.goto(**locals_to_params(locals()))\n  File \"C:\\Users\\nguyenkhanhduyit\\AppData\\Local\\Programs\\Python\\Python310\\lib\\site-packages\\playwright\\_impl\\_frame.py\", line 145, in goto\n    await self._channel.send(\"goto\", locals_to_params(locals()))\n  File \"C:\\Users\\nguyenkhanhduyit\\AppData\\Local\\Programs\\Python\\Python310\\lib\\site-packages\\playwright\\_impl\\_connection.py\", line 61, in send\n    return await self._connection.wrap_api_call(\n  File \"C:\\Users\\nguyenkhanhduyit\\AppData\\Local\\Programs\\Python\\Python310\\lib\\site-packages\\playwright\\_impl\\_connection.py\", line 528, in wrap_api_call\n    raise rewrite_error(error, f\"{parsed_st['apiName']}: {error}\") from None\nException: Page.goto: Connection closed while reading from the driver\n"}, "seq": 3864}
{"ts": "2026-04-28T12:19:59.647731+00:00", "level": "INFO", "jobId": "62bc44a9-7873-40a0-a42f-241fabf4afa8", "keyword": "khai truong", "step": "cooldown", "message": "Between-keywords delay: 1.6s", "data": null, "seq": 3865}
