{"ts": "2026-04-28T13:04:41.394024+00:00", "level": "INFO", "jobId": "6ae7ec5c-b721-4800-b698-d421541e45be", "keyword": "khai truong", "step": "created", "message": "Job created", "data": {"maxPosts": 30}, "seq": 4599}
{"ts": "2026-04-28T13:04:41.904070+00:00", "level": "INFO", "jobId": "6ae7ec5c-b721-4800-b698-d421541e45be", "keyword": "khai truong", "step": "start", "message": "Job started (attempt 1/2)", "data": null, "seq": 4600}
{"ts": "2026-04-28T13:04:46.215752+00:00", "level": "INFO", "jobId": "6ae7ec5c-b721-4800-b698-d421541e45be", "keyword": "khai truong", "step": "login", "message": "Already logged in (profile session).", "data": null, "seq": 4601}
{"ts": "2026-04-28T13:04:47.118786+00:00", "level": "INFO", "jobId": "6ae7ec5c-b721-4800-b698-d421541e45be", "keyword": "khai truong", "step": "search", "message": "Searching keyword: \"khai truong\"", "data": null, "seq": 4602}
{"ts": "2026-04-28T13:04:49.268592+00:00", "level": "INFO", "jobId": "6ae7ec5c-b721-4800-b698-d421541e45be", "keyword": "khai truong", "step": "capture", "message": "Start capturing up to 30 posts.", "data": null, "seq": 4603}
{"ts": "2026-04-28T13:04:49.322341+00:00", "level": "INFO", "jobId": "6ae7ec5c-b721-4800-b698-d421541e45be", "keyword": "khai truong", "step": "capture", "message": "Capturing 1/30 (viewport)…", "data": null, "seq": 4604}
{"ts": "2026-04-28T13:04:49.619869+00:00", "level": "INFO", "jobId": "6ae7ec5c-b721-4800-b698-d421541e45be", "keyword": "khai truong", "step": "capture", "message": "Saved post_132.png", "data": null, "seq": 4605}
{"ts": "2026-04-28T13:04:49.619869+00:00", "level": "INFO", "jobId": "6ae7ec5c-b721-4800-b698-d421541e45be", "keyword": "khai truong", "step": "cooldown", "message": "Cooldown 2.5s (after capture)", "data": null, "seq": 4606}
{"ts": "2026-04-28T13:04:52.891941+00:00", "level": "INFO", "jobId": "6ae7ec5c-b721-4800-b698-d421541e45be", "keyword": "khai truong", "step": "capture", "message": "Capturing 2/30 (viewport)…", "data": null, "seq": 4607}
{"ts": "2026-04-28T13:04:52.927704+00:00", "level": "INFO", "jobId": "6ae7ec5c-b721-4800-b698-d421541e45be", "keyword": "khai truong", "step": "capture", "message": "Expanded \"Xem thêm\" (exact-class): +1 (total 1)", "data": null, "seq": 4608}
{"ts": "2026-04-28T13:04:54.241194+00:00", "level": "INFO", "jobId": "6ae7ec5c-b721-4800-b698-d421541e45be", "keyword": "khai truong", "step": "capture", "message": "Saved post_133.png", "data": null, "seq": 4609}
{"ts": "2026-04-28T13:04:54.241194+00:00", "level": "INFO", "jobId": "6ae7ec5c-b721-4800-b698-d421541e45be", "keyword": "khai truong", "step": "cooldown", "message": "Cooldown 2.5s (after capture)", "data": null, "seq": 4610}
{"ts": "2026-04-28T13:04:57.341898+00:00", "level": "INFO", "jobId": "6ae7ec5c-b721-4800-b698-d421541e45be", "keyword": "khai truong", "step": "capture", "message": "Capturing 3/30 (viewport)…", "data": null, "seq": 4611}
{"ts": "2026-04-28T13:04:57.393743+00:00", "level": "INFO", "jobId": "6ae7ec5c-b721-4800-b698-d421541e45be", "keyword": "khai truong", "step": "capture", "message": "Expanded \"Xem thêm\" (exact-class): +1 (total 1)", "data": null, "seq": 4612}
{"ts": "2026-04-28T13:04:58.172166+00:00", "level": "INFO", "jobId": "6ae7ec5c-b721-4800-b698-d421541e45be", "keyword": "khai truong", "step": "capture", "message": "Saved post_134.png", "data": null, "seq": 4613}
{"ts": "2026-04-28T13:04:58.172166+00:00", "level": "INFO", "jobId": "6ae7ec5c-b721-4800-b698-d421541e45be", "keyword": "khai truong", "step": "cooldown", "message": "Cooldown 2.4s (after capture)", "data": null, "seq": 4614}
{"ts": "2026-04-28T13:05:01.192069+00:00", "level": "INFO", "jobId": "6ae7ec5c-b721-4800-b698-d421541e45be", "keyword": "khai truong", "step": "capture", "message": "Capturing 4/30 (viewport)…", "data": null, "seq": 4615}
{"ts": "2026-04-28T13:05:01.762862+00:00", "level": "INFO", "jobId": "6ae7ec5c-b721-4800-b698-d421541e45be", "keyword": "khai truong", "step": "capture", "message": "Saved post_135.png", "data": null, "seq": 4616}
{"ts": "2026-04-28T13:05:01.762862+00:00", "level": "INFO", "jobId": "6ae7ec5c-b721-4800-b698-d421541e45be", "keyword": "khai truong", "step": "cooldown", "message": "Cooldown 1.8s (after capture)", "data": null, "seq": 4617}
{"ts": "2026-04-28T13:05:04.083036+00:00", "level": "INFO", "jobId": "6ae7ec5c-b721-4800-b698-d421541e45be", "keyword": "khai truong", "step": "capture", "message": "Capturing 5/30 (viewport)…", "data": null, "seq": 4618}
{"ts": "2026-04-28T13:05:04.164233+00:00", "level": "INFO", "jobId": "6ae7ec5c-b721-4800-b698-d421541e45be", "keyword": "khai truong", "step": "capture", "message": "Expanded \"Xem thêm\" (exact-class): +1 (total 1)", "data": null, "seq": 4619}
{"ts": "2026-04-28T13:05:04.941541+00:00", "level": "INFO", "jobId": "6ae7ec5c-b721-4800-b698-d421541e45be", "keyword": "khai truong", "step": "capture", "message": "Saved post_136.png", "data": null, "seq": 4620}
{"ts": "2026-04-28T13:05:04.941541+00:00", "level": "INFO", "jobId": "6ae7ec5c-b721-4800-b698-d421541e45be", "keyword": "khai truong", "step": "cooldown", "message": "Cooldown 2.0s (after capture)", "data": null, "seq": 4621}
{"ts": "2026-04-28T13:05:07.440310+00:00", "level": "INFO", "jobId": "6ae7ec5c-b721-4800-b698-d421541e45be", "keyword": "khai truong", "step": "capture", "message": "Capturing 6/30 (viewport)…", "data": null, "seq": 4622}
{"ts": "2026-04-28T13:05:07.517800+00:00", "level": "INFO", "jobId": "6ae7ec5c-b721-4800-b698-d421541e45be", "keyword": "khai truong", "step": "capture", "message": "Expanded \"Xem thêm\" (exact-class): +1 (total 1)", "data": null, "seq": 4623}
{"ts": "2026-04-28T13:05:08.302567+00:00", "level": "INFO", "jobId": "6ae7ec5c-b721-4800-b698-d421541e45be", "keyword": "khai truong", "step": "capture", "message": "Saved post_137.png", "data": null, "seq": 4624}
{"ts": "2026-04-28T13:05:08.302567+00:00", "level": "INFO", "jobId": "6ae7ec5c-b721-4800-b698-d421541e45be", "keyword": "khai truong", "step": "cooldown", "message": "Cooldown 1.7s (after capture)", "data": null, "seq": 4625}
{"ts": "2026-04-28T13:05:10.588661+00:00", "level": "INFO", "jobId": "6ae7ec5c-b721-4800-b698-d421541e45be", "keyword": "khai truong", "step": "capture", "message": "Capturing 7/30 (viewport)…", "data": null, "seq": 4626}
{"ts": "2026-04-28T13:05:10.652091+00:00", "level": "INFO", "jobId": "6ae7ec5c-b721-4800-b698-d421541e45be", "keyword": "khai truong", "step": "capture", "message": "Expanded \"Xem thêm\" (exact-class): +1 (total 1)", "data": null, "seq": 4627}
{"ts": "2026-04-28T13:05:11.435882+00:00", "level": "INFO", "jobId": "6ae7ec5c-b721-4800-b698-d421541e45be", "keyword": "khai truong", "step": "capture", "message": "Saved post_138.png", "data": null, "seq": 4628}
{"ts": "2026-04-28T13:05:11.435882+00:00", "level": "INFO", "jobId": "6ae7ec5c-b721-4800-b698-d421541e45be", "keyword": "khai truong", "step": "cooldown", "message": "Cooldown 1.7s (after capture)", "data": null, "seq": 4629}
{"ts": "2026-04-28T13:05:13.712163+00:00", "level": "INFO", "jobId": "6ae7ec5c-b721-4800-b698-d421541e45be", "keyword": "khai truong", "step": "capture", "message": "Capturing 8/30 (viewport)…", "data": null, "seq": 4630}
{"ts": "2026-04-28T13:05:14.127357+00:00", "level": "INFO", "jobId": "6ae7ec5c-b721-4800-b698-d421541e45be", "keyword": "khai truong", "step": "capture", "message": "Saved post_139.png", "data": null, "seq": 4631}
{"ts": "2026-04-28T13:05:14.127807+00:00", "level": "INFO", "jobId": "6ae7ec5c-b721-4800-b698-d421541e45be", "keyword": "khai truong", "step": "cooldown", "message": "Cooldown 2.5s (after capture)", "data": null, "seq": 4632}
{"ts": "2026-04-28T13:05:17.196292+00:00", "level": "INFO", "jobId": "6ae7ec5c-b721-4800-b698-d421541e45be", "keyword": "khai truong", "step": "capture", "message": "Capturing 9/30 (viewport)…", "data": null, "seq": 4633}
{"ts": "2026-04-28T13:05:17.282924+00:00", "level": "INFO", "jobId": "6ae7ec5c-b721-4800-b698-d421541e45be", "keyword": "khai truong", "step": "capture", "message": "Expanded \"Xem thêm\" (exact-class): +1 (total 1)", "data": null, "seq": 4634}
{"ts": "2026-04-28T13:05:17.968034+00:00", "level": "INFO", "jobId": "6ae7ec5c-b721-4800-b698-d421541e45be", "keyword": "khai truong", "step": "capture", "message": "Saved post_140.png", "data": null, "seq": 4635}
{"ts": "2026-04-28T13:05:17.968034+00:00", "level": "INFO", "jobId": "6ae7ec5c-b721-4800-b698-d421541e45be", "keyword": "khai truong", "step": "cooldown", "message": "Cooldown 1.7s (after capture)", "data": null, "seq": 4636}
{"ts": "2026-04-28T13:05:20.215497+00:00", "level": "INFO", "jobId": "6ae7ec5c-b721-4800-b698-d421541e45be", "keyword": "khai truong", "step": "capture", "message": "Capturing 10/30 (viewport)…", "data": null, "seq": 4637}
{"ts": "2026-04-28T13:05:20.634063+00:00", "level": "INFO", "jobId": "6ae7ec5c-b721-4800-b698-d421541e45be", "keyword": "khai truong", "step": "capture", "message": "Saved post_141.png", "data": null, "seq": 4638}
{"ts": "2026-04-28T13:05:20.634063+00:00", "level": "INFO", "jobId": "6ae7ec5c-b721-4800-b698-d421541e45be", "keyword": "khai truong", "step": "cooldown", "message": "Cooldown 1.4s (after capture)", "data": null, "seq": 4639}
{"ts": "2026-04-28T13:05:33.071177+00:00", "level": "INFO", "jobId": "6ae7ec5c-b721-4800-b698-d421541e45be", "keyword": "khai truong", "step": "capture", "message": "Scroll did not move. diag={'y': 10288, 'docTop': 10288, 'docH': 12088, 'primaryTop': 0, 'primaryCH': 0, 'primarySH': 0, 'innerScrollables': 0, 'htmlOverflow': 'scroll', 'bodyOverflow': 'auto', 'articles': 0}", "data": null, "seq": 4640}
{"ts": "2026-04-28T13:05:33.087376+00:00", "level": "INFO", "jobId": "6ae7ec5c-b721-4800-b698-d421541e45be", "keyword": "khai truong", "step": "capture", "message": "Capturing 11/30 (viewport)…", "data": null, "seq": 4641}
{"ts": "2026-04-28T13:05:33.509312+00:00", "level": "INFO", "jobId": "6ae7ec5c-b721-4800-b698-d421541e45be", "keyword": "khai truong", "step": "capture", "message": "At bottom; waiting for more results… (stall 1)", "data": null, "seq": 4642}
{"ts": "2026-04-28T13:05:48.344579+00:00", "level": "INFO", "jobId": "6ae7ec5c-b721-4800-b698-d421541e45be", "keyword": "khai truong", "step": "capture", "message": "Capturing 11/30 (viewport)…", "data": null, "seq": 4643}
{"ts": "2026-04-28T13:05:48.780383+00:00", "level": "INFO", "jobId": "6ae7ec5c-b721-4800-b698-d421541e45be", "keyword": "khai truong", "step": "capture", "message": "At bottom; waiting for more results… (stall 2)", "data": null, "seq": 4644}
{"ts": "2026-04-28T13:05:59.296765+00:00", "level": "INFO", "jobId": "6ae7ec5c-b721-4800-b698-d421541e45be", "keyword": "khai truong", "step": "capture", "message": "Capturing 11/30 (viewport)…", "data": null, "seq": 4645}
{"ts": "2026-04-28T13:06:00.327297+00:00", "level": "INFO", "jobId": "6ae7ec5c-b721-4800-b698-d421541e45be", "keyword": "khai truong", "step": "capture", "message": "Capturing 11/30 (viewport)…", "data": null, "seq": 4646}
{"ts": "2026-04-28T13:06:00.784362+00:00", "level": "INFO", "jobId": "6ae7ec5c-b721-4800-b698-d421541e45be", "keyword": "khai truong", "step": "capture", "message": "Expanded \"Xem thêm\" (exact-class): +1 (total 1)", "data": null, "seq": 4647}
{"ts": "2026-04-28T13:06:01.582159+00:00", "level": "INFO", "jobId": "6ae7ec5c-b721-4800-b698-d421541e45be", "keyword": "khai truong", "step": "capture", "message": "Saved post_142.png", "data": null, "seq": 4648}
{"ts": "2026-04-28T13:06:01.583418+00:00", "level": "INFO", "jobId": "6ae7ec5c-b721-4800-b698-d421541e45be", "keyword": "khai truong", "step": "cooldown", "message": "Cooldown 2.6s (after capture)", "data": null, "seq": 4649}
{"ts": "2026-04-28T13:06:04.839526+00:00", "level": "INFO", "jobId": "6ae7ec5c-b721-4800-b698-d421541e45be", "keyword": "khai truong", "step": "capture", "message": "Capturing 12/30 (viewport)…", "data": null, "seq": 4650}
{"ts": "2026-04-28T13:06:04.911659+00:00", "level": "INFO", "jobId": "6ae7ec5c-b721-4800-b698-d421541e45be", "keyword": "khai truong", "step": "capture", "message": "Expanded \"Xem thêm\" (exact-class): +1 (total 1)", "data": null, "seq": 4651}
{"ts": "2026-04-28T13:06:05.577755+00:00", "level": "INFO", "jobId": "6ae7ec5c-b721-4800-b698-d421541e45be", "keyword": "khai truong", "step": "capture", "message": "Saved post_143.png", "data": null, "seq": 4652}
{"ts": "2026-04-28T13:06:05.577755+00:00", "level": "INFO", "jobId": "6ae7ec5c-b721-4800-b698-d421541e45be", "keyword": "khai truong", "step": "cooldown", "message": "Cooldown 2.7s (after capture)", "data": null, "seq": 4653}
{"ts": "2026-04-28T13:06:08.842982+00:00", "level": "INFO", "jobId": "6ae7ec5c-b721-4800-b698-d421541e45be", "keyword": "khai truong", "step": "capture", "message": "Capturing 13/30 (viewport)…", "data": null, "seq": 4654}
{"ts": "2026-04-28T13:06:09.095575+00:00", "level": "INFO", "jobId": "6ae7ec5c-b721-4800-b698-d421541e45be", "keyword": "khai truong", "step": "capture", "message": "Saved post_144.png", "data": null, "seq": 4655}
{"ts": "2026-04-28T13:06:09.095575+00:00", "level": "INFO", "jobId": "6ae7ec5c-b721-4800-b698-d421541e45be", "keyword": "khai truong", "step": "cooldown", "message": "Cooldown 2.9s (after capture)", "data": null, "seq": 4656}
{"ts": "2026-04-28T13:06:12.578559+00:00", "level": "INFO", "jobId": "6ae7ec5c-b721-4800-b698-d421541e45be", "keyword": "khai truong", "step": "capture", "message": "Capturing 14/30 (viewport)…", "data": null, "seq": 4657}
{"ts": "2026-04-28T13:06:12.894096+00:00", "level": "INFO", "jobId": "6ae7ec5c-b721-4800-b698-d421541e45be", "keyword": "khai truong", "step": "capture", "message": "Saved post_145.png", "data": null, "seq": 4658}
{"ts": "2026-04-28T13:06:12.894096+00:00", "level": "INFO", "jobId": "6ae7ec5c-b721-4800-b698-d421541e45be", "keyword": "khai truong", "step": "cooldown", "message": "Cooldown 2.4s (after capture)", "data": null, "seq": 4659}
{"ts": "2026-04-28T13:06:26.133728+00:00", "level": "INFO", "jobId": "6ae7ec5c-b721-4800-b698-d421541e45be", "keyword": "khai truong", "step": "capture", "message": "Scroll did not move. diag={'y': 15732, 'docTop': 15732, 'docH': 17532, 'primaryTop': 0, 'primaryCH': 0, 'primarySH': 0, 'innerScrollables': 0, 'htmlOverflow': 'scroll', 'bodyOverflow': 'auto', 'articles': 3}", "data": null, "seq": 4660}
{"ts": "2026-04-28T13:06:26.147064+00:00", "level": "INFO", "jobId": "6ae7ec5c-b721-4800-b698-d421541e45be", "keyword": "khai truong", "step": "capture", "message": "Capturing 15/30 (viewport)…", "data": null, "seq": 4661}
{"ts": "2026-04-28T13:06:26.557399+00:00", "level": "INFO", "jobId": "6ae7ec5c-b721-4800-b698-d421541e45be", "keyword": "khai truong", "step": "capture", "message": "Saved post_146.png", "data": null, "seq": 4662}
{"ts": "2026-04-28T13:06:26.557399+00:00", "level": "INFO", "jobId": "6ae7ec5c-b721-4800-b698-d421541e45be", "keyword": "khai truong", "step": "cooldown", "message": "Cooldown 1.2s (after capture)", "data": null, "seq": 4663}
{"ts": "2026-04-28T13:06:38.583564+00:00", "level": "INFO", "jobId": "6ae7ec5c-b721-4800-b698-d421541e45be", "keyword": "khai truong", "step": "capture", "message": "Scroll did not move. diag={'y': 15732, 'docTop': 15732, 'docH': 17532, 'primaryTop': 0, 'primaryCH': 0, 'primarySH': 0, 'innerScrollables': 0, 'htmlOverflow': 'scroll', 'bodyOverflow': 'auto', 'articles': 3}", "data": null, "seq": 4664}
{"ts": "2026-04-28T13:06:38.593175+00:00", "level": "INFO", "jobId": "6ae7ec5c-b721-4800-b698-d421541e45be", "keyword": "khai truong", "step": "capture", "message": "Capturing 16/30 (viewport)…", "data": null, "seq": 4665}
{"ts": "2026-04-28T13:06:38.991531+00:00", "level": "INFO", "jobId": "6ae7ec5c-b721-4800-b698-d421541e45be", "keyword": "khai truong", "step": "capture", "message": "Saved post_147.png", "data": null, "seq": 4666}
{"ts": "2026-04-28T13:06:38.991531+00:00", "level": "INFO", "jobId": "6ae7ec5c-b721-4800-b698-d421541e45be", "keyword": "khai truong", "step": "cooldown", "message": "Cooldown 1.6s (after capture)", "data": null, "seq": 4667}
{"ts": "2026-04-28T13:06:51.409169+00:00", "level": "INFO", "jobId": "6ae7ec5c-b721-4800-b698-d421541e45be", "keyword": "khai truong", "step": "capture", "message": "Scroll did not move. diag={'y': 15732, 'docTop': 15732, 'docH': 17532, 'primaryTop': 0, 'primaryCH': 0, 'primarySH': 0, 'innerScrollables': 0, 'htmlOverflow': 'scroll', 'bodyOverflow': 'auto', 'articles': 3}", "data": null, "seq": 4668}
{"ts": "2026-04-28T13:06:51.418500+00:00", "level": "INFO", "jobId": "6ae7ec5c-b721-4800-b698-d421541e45be", "keyword": "khai truong", "step": "capture", "message": "Capturing 17/30 (viewport)…", "data": null, "seq": 4669}
{"ts": "2026-04-28T13:06:51.837099+00:00", "level": "INFO", "jobId": "6ae7ec5c-b721-4800-b698-d421541e45be", "keyword": "khai truong", "step": "capture", "message": "Saved post_148.png", "data": null, "seq": 4670}
{"ts": "2026-04-28T13:06:51.838100+00:00", "level": "INFO", "jobId": "6ae7ec5c-b721-4800-b698-d421541e45be", "keyword": "khai truong", "step": "cooldown", "message": "Cooldown 2.1s (after capture)", "data": null, "seq": 4671}
{"ts": "2026-04-28T13:07:04.951201+00:00", "level": "INFO", "jobId": "6ae7ec5c-b721-4800-b698-d421541e45be", "keyword": "khai truong", "step": "capture", "message": "Scroll did not move. diag={'y': 15732, 'docTop': 15732, 'docH': 17639, 'primaryTop': 0, 'primaryCH': 0, 'primarySH': 0, 'innerScrollables': 0, 'htmlOverflow': 'scroll', 'bodyOverflow': 'auto', 'articles': 4}", "data": null, "seq": 4672}
{"ts": "2026-04-28T13:07:05.010595+00:00", "level": "INFO", "jobId": "6ae7ec5c-b721-4800-b698-d421541e45be", "keyword": "khai truong", "step": "capture", "message": "Capturing 18/30 (viewport)…", "data": null, "seq": 4673}
{"ts": "2026-04-28T13:07:05.806202+00:00", "level": "INFO", "jobId": "6ae7ec5c-b721-4800-b698-d421541e45be", "keyword": "khai truong", "step": "capture", "message": "Expanded \"Xem thêm\" (exact-class): +2 (total 2)", "data": null, "seq": 4674}
{"ts": "2026-04-28T13:07:06.786893+00:00", "level": "INFO", "jobId": "6ae7ec5c-b721-4800-b698-d421541e45be", "keyword": "khai truong", "step": "capture", "message": "Saved post_149.png", "data": null, "seq": 4675}
{"ts": "2026-04-28T13:07:06.787642+00:00", "level": "INFO", "jobId": "6ae7ec5c-b721-4800-b698-d421541e45be", "keyword": "khai truong", "step": "cooldown", "message": "Cooldown 1.1s (after capture)", "data": null, "seq": 4676}
{"ts": "2026-04-28T13:07:08.455115+00:00", "level": "INFO", "jobId": "6ae7ec5c-b721-4800-b698-d421541e45be", "keyword": "khai truong", "step": "capture", "message": "Capturing 19/30 (viewport)…", "data": null, "seq": 4677}
{"ts": "2026-04-28T13:07:09.167748+00:00", "level": "INFO", "jobId": "6ae7ec5c-b721-4800-b698-d421541e45be", "keyword": "khai truong", "step": "capture", "message": "Saved post_150.png", "data": null, "seq": 4678}
{"ts": "2026-04-28T13:07:09.168743+00:00", "level": "INFO", "jobId": "6ae7ec5c-b721-4800-b698-d421541e45be", "keyword": "khai truong", "step": "cooldown", "message": "Cooldown 1.1s (after capture)", "data": null, "seq": 4679}
{"ts": "2026-04-28T13:07:10.903964+00:00", "level": "INFO", "jobId": "6ae7ec5c-b721-4800-b698-d421541e45be", "keyword": "khai truong", "step": "capture", "message": "Capturing 20/30 (viewport)…", "data": null, "seq": 4680}
{"ts": "2026-04-28T13:07:11.051744+00:00", "level": "INFO", "jobId": "6ae7ec5c-b721-4800-b698-d421541e45be", "keyword": "khai truong", "step": "capture", "message": "Expanded \"Xem thêm\" (exact-class): +2 (total 2)", "data": null, "seq": 4681}
{"ts": "2026-04-28T13:07:11.848554+00:00", "level": "INFO", "jobId": "6ae7ec5c-b721-4800-b698-d421541e45be", "keyword": "khai truong", "step": "capture", "message": "Viewport screenshot error (will retry): Page.screenshot: Target page, context or browser has been closed\nCall log:\n  - taking page screenshot\n  -   - waiting for fonts to load...\n  -   - fonts loaded\n", "data": null, "seq": 4682}
{"ts": "2026-04-28T13:07:11.862143+00:00", "level": "WARN", "jobId": "6ae7ec5c-b721-4800-b698-d421541e45be", "keyword": "khai truong", "step": "relaunch", "message": "Browser/page closed unexpectedly. Will relaunch + retry. (Locator.inner_text: Target page, context or browser has been closed)", "data": null, "seq": 4683}
{"ts": "2026-04-28T13:07:13.959599+00:00", "level": "WARN", "jobId": "6ae7ec5c-b721-4800-b698-d421541e45be", "keyword": "khai truong", "step": "retry", "message": "Reset job to pending for retry (closed target).", "data": null, "seq": 4684}
{"ts": "2026-04-28T13:07:13.960737+00:00", "level": "INFO", "jobId": "6ae7ec5c-b721-4800-b698-d421541e45be", "keyword": "khai truong", "step": "cooldown", "message": "Between-keywords delay: 1.2s", "data": null, "seq": 4685}
{"ts": "2026-04-28T13:07:15.201613+00:00", "level": "INFO", "jobId": "6ae7ec5c-b721-4800-b698-d421541e45be", "keyword": "khai truong", "step": "start", "message": "Job started (attempt 2/2)", "data": null, "seq": 4686}
{"ts": "2026-04-28T13:07:16.733101+00:00", "level": "ERROR", "jobId": "6ae7ec5c-b721-4800-b698-d421541e45be", "keyword": "khai truong", "step": "error", "message": "Unhandled error: Page.goto: Connection closed while reading from the driver", "data": {"trace": "Traceback (most recent call last):\n  File \"C:\\Users\\nguyenkhanhduyit\\Desktop\\Posts\\app\\worker\\runner.py\", line 542, in main\n    ensure_login(page, params, lambda s, m: jlog(s, m))\n  File \"C:\\Users\\nguyenkhanhduyit\\Desktop\\Posts\\app\\worker\\fb_automation\\automation.py\", line 127, in ensure_login\n    _goto_home(page)\n  File \"C:\\Users\\nguyenkhanhduyit\\Desktop\\Posts\\app\\worker\\fb_automation\\automation.py\", line 114, in _goto_home\n    page.goto(\"https://www.facebook.com/\", wait_until=\"domcontentloaded\", timeout=60_000)\n  File \"C:\\Users\\nguyenkhanhduyit\\AppData\\Local\\Programs\\Python\\Python310\\lib\\site-packages\\playwright\\sync_api\\_generated.py\", line 9006, in goto\n    self._sync(\n  File \"C:\\Users\\nguyenkhanhduyit\\AppData\\Local\\Programs\\Python\\Python310\\lib\\site-packages\\playwright\\_impl\\_sync_base.py\", line 115, in _sync\n    return task.result()\n  File \"C:\\Users\\nguyenkhanhduyit\\AppData\\Local\\Programs\\Python\\Python310\\lib\\site-packages\\playwright\\_impl\\_page.py\", line 551, in goto\n    return await self._main_frame.goto(**locals_to_params(locals()))\n  File \"C:\\Users\\nguyenkhanhduyit\\AppData\\Local\\Programs\\Python\\Python310\\lib\\site-packages\\playwright\\_impl\\_frame.py\", line 145, in goto\n    await self._channel.send(\"goto\", locals_to_params(locals()))\n  File \"C:\\Users\\nguyenkhanhduyit\\AppData\\Local\\Programs\\Python\\Python310\\lib\\site-packages\\playwright\\_impl\\_connection.py\", line 61, in send\n    return await self._connection.wrap_api_call(\n  File \"C:\\Users\\nguyenkhanhduyit\\AppData\\Local\\Programs\\Python\\Python310\\lib\\site-packages\\playwright\\_impl\\_connection.py\", line 528, in wrap_api_call\n    raise rewrite_error(error, f\"{parsed_st['apiName']}: {error}\") from None\nException: Page.goto: Connection closed while reading from the driver\n"}, "seq": 4687}
{"ts": "2026-04-28T13:07:16.735595+00:00", "level": "INFO", "jobId": "6ae7ec5c-b721-4800-b698-d421541e45be", "keyword": "khai truong", "step": "cooldown", "message": "Between-keywords delay: 1.9s", "data": null, "seq": 4688}
