{"ts": "2026-04-28T14:56:23.991089+00:00", "level": "INFO", "jobId": "76aaff5b-a821-41ba-9bf2-afbcc96f9bc7", "keyword": "khai truong", "step": "created", "message": "Job created", "data": {"maxPosts": "unlimited"}, "seq": 5127}
{"ts": "2026-04-28T14:56:26.430802+00:00", "level": "INFO", "jobId": "76aaff5b-a821-41ba-9bf2-afbcc96f9bc7", "keyword": "khai truong", "step": "start", "message": "Job started (attempt 1/2)", "data": null, "seq": 5131}
{"ts": "2026-04-28T14:56:30.614232+00:00", "level": "INFO", "jobId": "76aaff5b-a821-41ba-9bf2-afbcc96f9bc7", "keyword": "khai truong", "step": "login", "message": "Already logged in (profile session).", "data": null, "seq": 5132}
{"ts": "2026-04-28T14:56:31.249868+00:00", "level": "INFO", "jobId": "76aaff5b-a821-41ba-9bf2-afbcc96f9bc7", "keyword": "khai truong", "step": "search", "message": "Searching keyword: \"khai truong\"", "data": null, "seq": 5133}
{"ts": "2026-04-28T14:56:35.208076+00:00", "level": "INFO", "jobId": "76aaff5b-a821-41ba-9bf2-afbcc96f9bc7", "keyword": "khai truong", "step": "capture", "message": "Start capturing all posts until end of results.", "data": null, "seq": 5134}
{"ts": "2026-04-28T14:56:36.333628+00:00", "level": "INFO", "jobId": "76aaff5b-a821-41ba-9bf2-afbcc96f9bc7", "keyword": "khai truong", "step": "capture", "message": "Capturing 1/∞ (viewport)…", "data": null, "seq": 5135}
{"ts": "2026-04-28T14:56:37.344834+00:00", "level": "INFO", "jobId": "76aaff5b-a821-41ba-9bf2-afbcc96f9bc7", "keyword": "khai truong", "step": "capture", "message": "Expanded \"Xem thêm\" (exact-class): +2 (total 2)", "data": null, "seq": 5136}
{"ts": "2026-04-28T14:56:39.935553+00:00", "level": "INFO", "jobId": "76aaff5b-a821-41ba-9bf2-afbcc96f9bc7", "keyword": "khai truong", "step": "capture", "message": "Saved post_253.png", "data": null, "seq": 5137}
{"ts": "2026-04-28T14:56:39.945813+00:00", "level": "INFO", "jobId": "76aaff5b-a821-41ba-9bf2-afbcc96f9bc7", "keyword": "khai truong", "step": "cooldown", "message": "Cooldown 1.0s (after capture)", "data": null, "seq": 5138}
{"ts": "2026-04-28T14:56:41.647778+00:00", "level": "INFO", "jobId": "76aaff5b-a821-41ba-9bf2-afbcc96f9bc7", "keyword": "khai truong", "step": "capture", "message": "Capturing 2/∞ (viewport)…", "data": null, "seq": 5139}
{"ts": "2026-04-28T14:56:41.750936+00:00", "level": "INFO", "jobId": "76aaff5b-a821-41ba-9bf2-afbcc96f9bc7", "keyword": "khai truong", "step": "capture", "message": "Expanded \"Xem thêm\" (exact-class): +1 (total 1)", "data": null, "seq": 5140}
{"ts": "2026-04-28T14:56:42.747470+00:00", "level": "INFO", "jobId": "76aaff5b-a821-41ba-9bf2-afbcc96f9bc7", "keyword": "khai truong", "step": "capture", "message": "Saved post_254.png", "data": null, "seq": 5141}
{"ts": "2026-04-28T14:56:42.748470+00:00", "level": "INFO", "jobId": "76aaff5b-a821-41ba-9bf2-afbcc96f9bc7", "keyword": "khai truong", "step": "cooldown", "message": "Cooldown 1.3s (after capture)", "data": null, "seq": 5142}
{"ts": "2026-04-28T14:56:44.717362+00:00", "level": "INFO", "jobId": "76aaff5b-a821-41ba-9bf2-afbcc96f9bc7", "keyword": "khai truong", "step": "capture", "message": "Capturing 3/∞ (viewport)…", "data": null, "seq": 5143}
{"ts": "2026-04-28T14:56:45.041228+00:00", "level": "INFO", "jobId": "76aaff5b-a821-41ba-9bf2-afbcc96f9bc7", "keyword": "khai truong", "step": "capture", "message": "Expanded \"Xem thêm\" (exact-class): +1 (total 1)", "data": null, "seq": 5144}
{"ts": "2026-04-28T14:56:46.244595+00:00", "level": "INFO", "jobId": "76aaff5b-a821-41ba-9bf2-afbcc96f9bc7", "keyword": "khai truong", "step": "capture", "message": "Saved post_255.png", "data": null, "seq": 5145}
{"ts": "2026-04-28T14:56:46.246877+00:00", "level": "INFO", "jobId": "76aaff5b-a821-41ba-9bf2-afbcc96f9bc7", "keyword": "khai truong", "step": "cooldown", "message": "Cooldown 2.3s (after capture)", "data": null, "seq": 5146}
{"ts": "2026-04-28T14:56:49.107592+00:00", "level": "INFO", "jobId": "76aaff5b-a821-41ba-9bf2-afbcc96f9bc7", "keyword": "khai truong", "step": "capture", "message": "Capturing 4/∞ (viewport)…", "data": null, "seq": 5147}
{"ts": "2026-04-28T14:56:49.246123+00:00", "level": "INFO", "jobId": "76aaff5b-a821-41ba-9bf2-afbcc96f9bc7", "keyword": "khai truong", "step": "capture", "message": "Expanded \"Xem thêm\" (exact-class): +1 (total 1)", "data": null, "seq": 5148}
{"ts": "2026-04-28T14:56:50.189798+00:00", "level": "INFO", "jobId": "76aaff5b-a821-41ba-9bf2-afbcc96f9bc7", "keyword": "khai truong", "step": "capture", "message": "Saved post_256.png", "data": null, "seq": 5149}
{"ts": "2026-04-28T14:56:50.191098+00:00", "level": "INFO", "jobId": "76aaff5b-a821-41ba-9bf2-afbcc96f9bc7", "keyword": "khai truong", "step": "cooldown", "message": "Cooldown 2.1s (after capture)", "data": null, "seq": 5150}
{"ts": "2026-04-28T14:56:52.817964+00:00", "level": "INFO", "jobId": "76aaff5b-a821-41ba-9bf2-afbcc96f9bc7", "keyword": "khai truong", "step": "capture", "message": "Capturing 5/∞ (viewport)…", "data": null, "seq": 5151}
{"ts": "2026-04-28T14:56:53.373368+00:00", "level": "INFO", "jobId": "76aaff5b-a821-41ba-9bf2-afbcc96f9bc7", "keyword": "khai truong", "step": "capture", "message": "Saved post_257.png", "data": null, "seq": 5152}
{"ts": "2026-04-28T14:56:53.374408+00:00", "level": "INFO", "jobId": "76aaff5b-a821-41ba-9bf2-afbcc96f9bc7", "keyword": "khai truong", "step": "cooldown", "message": "Cooldown 2.7s (after capture)", "data": null, "seq": 5153}
{"ts": "2026-04-28T14:56:56.703566+00:00", "level": "INFO", "jobId": "76aaff5b-a821-41ba-9bf2-afbcc96f9bc7", "keyword": "khai truong", "step": "capture", "message": "Capturing 6/∞ (viewport)…", "data": null, "seq": 5154}
{"ts": "2026-04-28T14:56:56.910021+00:00", "level": "INFO", "jobId": "76aaff5b-a821-41ba-9bf2-afbcc96f9bc7", "keyword": "khai truong", "step": "capture", "message": "Expanded \"Xem thêm\" (exact-class): +1 (total 1)", "data": null, "seq": 5155}
{"ts": "2026-04-28T14:56:58.139552+00:00", "level": "INFO", "jobId": "76aaff5b-a821-41ba-9bf2-afbcc96f9bc7", "keyword": "khai truong", "step": "capture", "message": "Saved post_258.png", "data": null, "seq": 5156}
{"ts": "2026-04-28T14:56:58.142598+00:00", "level": "INFO", "jobId": "76aaff5b-a821-41ba-9bf2-afbcc96f9bc7", "keyword": "khai truong", "step": "cooldown", "message": "Cooldown 1.7s (after capture)", "data": null, "seq": 5157}
{"ts": "2026-04-28T14:57:00.464351+00:00", "level": "INFO", "jobId": "76aaff5b-a821-41ba-9bf2-afbcc96f9bc7", "keyword": "khai truong", "step": "capture", "message": "Capturing 7/∞ (viewport)…", "data": null, "seq": 5158}
{"ts": "2026-04-28T14:57:00.648745+00:00", "level": "INFO", "jobId": "76aaff5b-a821-41ba-9bf2-afbcc96f9bc7", "keyword": "khai truong", "step": "capture", "message": "Expanded \"Xem thêm\" (exact-class): +2 (total 2)", "data": null, "seq": 5159}
{"ts": "2026-04-28T14:57:01.727035+00:00", "level": "INFO", "jobId": "76aaff5b-a821-41ba-9bf2-afbcc96f9bc7", "keyword": "khai truong", "step": "capture", "message": "Saved post_259.png", "data": null, "seq": 5160}
{"ts": "2026-04-28T14:57:01.728048+00:00", "level": "INFO", "jobId": "76aaff5b-a821-41ba-9bf2-afbcc96f9bc7", "keyword": "khai truong", "step": "cooldown", "message": "Cooldown 1.5s (after capture)", "data": null, "seq": 5161}
{"ts": "2026-04-28T14:57:03.842059+00:00", "level": "INFO", "jobId": "76aaff5b-a821-41ba-9bf2-afbcc96f9bc7", "keyword": "khai truong", "step": "capture", "message": "Capturing 8/∞ (viewport)…", "data": null, "seq": 5162}
{"ts": "2026-04-28T14:57:04.691525+00:00", "level": "INFO", "jobId": "76aaff5b-a821-41ba-9bf2-afbcc96f9bc7", "keyword": "khai truong", "step": "capture", "message": "Saved post_260.png", "data": null, "seq": 5163}
{"ts": "2026-04-28T14:57:04.694850+00:00", "level": "INFO", "jobId": "76aaff5b-a821-41ba-9bf2-afbcc96f9bc7", "keyword": "khai truong", "step": "cooldown", "message": "Cooldown 1.1s (after capture)", "data": null, "seq": 5164}
{"ts": "2026-04-28T14:57:09.305480+00:00", "level": "INFO", "jobId": "76aaff5b-a821-41ba-9bf2-afbcc96f9bc7", "keyword": "khai truong", "step": "cancel", "message": "Cancel requested.", "data": null, "seq": 5165}
{"ts": "2026-04-28T14:57:09.307476+00:00", "level": "WARN", "jobId": "76aaff5b-a821-41ba-9bf2-afbcc96f9bc7", "keyword": "khai truong", "step": "cancel", "message": "Cancelled. Saved=8", "data": null, "seq": 5166}
