{"ts": "2026-04-28T12:05:10.901768+00:00", "level": "INFO", "jobId": "9324294b-b7c2-4e9c-81d5-9c89c43ff092", "keyword": "khai truong", "step": "created", "message": "Job created", "data": {"maxPosts": 30}, "seq": 3591}
{"ts": "2026-04-28T12:05:11.244948+00:00", "level": "INFO", "jobId": "9324294b-b7c2-4e9c-81d5-9c89c43ff092", "keyword": "khai truong", "step": "start", "message": "Job started (attempt 1/2)", "data": null, "seq": 3592}
{"ts": "2026-04-28T12:05:15.719969+00:00", "level": "INFO", "jobId": "9324294b-b7c2-4e9c-81d5-9c89c43ff092", "keyword": "khai truong", "step": "login", "message": "Already logged in (profile session).", "data": null, "seq": 3593}
{"ts": "2026-04-28T12:05:16.047155+00:00", "level": "INFO", "jobId": "9324294b-b7c2-4e9c-81d5-9c89c43ff092", "keyword": "khai truong", "step": "search", "message": "Searching keyword: \"khai truong\"", "data": null, "seq": 3594}
{"ts": "2026-04-28T12:05:20.886452+00:00", "level": "WARN", "jobId": "9324294b-b7c2-4e9c-81d5-9c89c43ff092", "keyword": "khai truong", "step": "network", "message": "Network slow during capture: rtt=648ms http=1942ms (slow). Increasing timeouts.", "data": null, "seq": 3595}
{"ts": "2026-04-28T12:05:20.891414+00:00", "level": "INFO", "jobId": "9324294b-b7c2-4e9c-81d5-9c89c43ff092", "keyword": "khai truong", "step": "capture", "message": "Start capturing up to 30 posts.", "data": null, "seq": 3596}
{"ts": "2026-04-28T12:05:21.147429+00:00", "level": "INFO", "jobId": "9324294b-b7c2-4e9c-81d5-9c89c43ff092", "keyword": "khai truong", "step": "capture", "message": "Capturing 1/30 (viewport)…", "data": null, "seq": 3597}
{"ts": "2026-04-28T12:05:22.238671+00:00", "level": "INFO", "jobId": "9324294b-b7c2-4e9c-81d5-9c89c43ff092", "keyword": "khai truong", "step": "capture", "message": "Saved post_014.png", "data": null, "seq": 3598}
{"ts": "2026-04-28T12:05:22.238671+00:00", "level": "INFO", "jobId": "9324294b-b7c2-4e9c-81d5-9c89c43ff092", "keyword": "khai truong", "step": "cooldown", "message": "Cooldown 1.3s (after capture)", "data": null, "seq": 3599}
{"ts": "2026-04-28T12:05:24.033886+00:00", "level": "INFO", "jobId": "9324294b-b7c2-4e9c-81d5-9c89c43ff092", "keyword": "khai truong", "step": "capture", "message": "Capturing 2/30 (viewport)…", "data": null, "seq": 3600}
{"ts": "2026-04-28T12:05:26.174605+00:00", "level": "INFO", "jobId": "9324294b-b7c2-4e9c-81d5-9c89c43ff092", "keyword": "khai truong", "step": "capture", "message": "Saved post_015.png", "data": null, "seq": 3601}
{"ts": "2026-04-28T12:05:26.176730+00:00", "level": "INFO", "jobId": "9324294b-b7c2-4e9c-81d5-9c89c43ff092", "keyword": "khai truong", "step": "cooldown", "message": "Cooldown 1.3s (after capture)", "data": null, "seq": 3602}
{"ts": "2026-04-28T12:05:27.934611+00:00", "level": "INFO", "jobId": "9324294b-b7c2-4e9c-81d5-9c89c43ff092", "keyword": "khai truong", "step": "capture", "message": "Capturing 3/30 (viewport)…", "data": null, "seq": 3603}
{"ts": "2026-04-28T12:05:30.527217+00:00", "level": "INFO", "jobId": "9324294b-b7c2-4e9c-81d5-9c89c43ff092", "keyword": "khai truong", "step": "capture", "message": "Saved post_016.png", "data": null, "seq": 3604}
{"ts": "2026-04-28T12:05:30.527217+00:00", "level": "INFO", "jobId": "9324294b-b7c2-4e9c-81d5-9c89c43ff092", "keyword": "khai truong", "step": "cooldown", "message": "Cooldown 2.0s (after capture)", "data": null, "seq": 3605}
{"ts": "2026-04-28T12:05:32.979207+00:00", "level": "INFO", "jobId": "9324294b-b7c2-4e9c-81d5-9c89c43ff092", "keyword": "khai truong", "step": "capture", "message": "Capturing 4/30 (viewport)…", "data": null, "seq": 3606}
{"ts": "2026-04-28T12:05:34.508717+00:00", "level": "INFO", "jobId": "9324294b-b7c2-4e9c-81d5-9c89c43ff092", "keyword": "khai truong", "step": "capture", "message": "Saved post_017.png", "data": null, "seq": 3607}
{"ts": "2026-04-28T12:05:34.508717+00:00", "level": "INFO", "jobId": "9324294b-b7c2-4e9c-81d5-9c89c43ff092", "keyword": "khai truong", "step": "cooldown", "message": "Cooldown 1.6s (after capture)", "data": null, "seq": 3608}
{"ts": "2026-04-28T12:05:36.542948+00:00", "level": "INFO", "jobId": "9324294b-b7c2-4e9c-81d5-9c89c43ff092", "keyword": "khai truong", "step": "capture", "message": "Capturing 5/30 (viewport)…", "data": null, "seq": 3609}
{"ts": "2026-04-28T12:05:37.864316+00:00", "level": "INFO", "jobId": "9324294b-b7c2-4e9c-81d5-9c89c43ff092", "keyword": "khai truong", "step": "capture", "message": "Saved post_018.png", "data": null, "seq": 3610}
{"ts": "2026-04-28T12:05:37.865327+00:00", "level": "INFO", "jobId": "9324294b-b7c2-4e9c-81d5-9c89c43ff092", "keyword": "khai truong", "step": "cooldown", "message": "Cooldown 2.9s (after capture)", "data": null, "seq": 3611}
{"ts": "2026-04-28T12:05:41.203554+00:00", "level": "INFO", "jobId": "9324294b-b7c2-4e9c-81d5-9c89c43ff092", "keyword": "khai truong", "step": "capture", "message": "Capturing 6/30 (viewport)…", "data": null, "seq": 3612}
{"ts": "2026-04-28T12:05:42.819359+00:00", "level": "INFO", "jobId": "9324294b-b7c2-4e9c-81d5-9c89c43ff092", "keyword": "khai truong", "step": "capture", "message": "Saved post_019.png", "data": null, "seq": 3613}
{"ts": "2026-04-28T12:05:42.819359+00:00", "level": "INFO", "jobId": "9324294b-b7c2-4e9c-81d5-9c89c43ff092", "keyword": "khai truong", "step": "cooldown", "message": "Cooldown 2.5s (after capture)", "data": null, "seq": 3614}
{"ts": "2026-04-28T12:05:45.667847+00:00", "level": "INFO", "jobId": "9324294b-b7c2-4e9c-81d5-9c89c43ff092", "keyword": "khai truong", "step": "capture", "message": "Capturing 7/30 (viewport)…", "data": null, "seq": 3615}
{"ts": "2026-04-28T12:05:46.913940+00:00", "level": "INFO", "jobId": "9324294b-b7c2-4e9c-81d5-9c89c43ff092", "keyword": "khai truong", "step": "capture", "message": "Saved post_020.png", "data": null, "seq": 3616}
{"ts": "2026-04-28T12:05:46.913940+00:00", "level": "INFO", "jobId": "9324294b-b7c2-4e9c-81d5-9c89c43ff092", "keyword": "khai truong", "step": "cooldown", "message": "Cooldown 2.5s (after capture)", "data": null, "seq": 3617}
{"ts": "2026-04-28T12:05:49.773452+00:00", "level": "INFO", "jobId": "9324294b-b7c2-4e9c-81d5-9c89c43ff092", "keyword": "khai truong", "step": "capture", "message": "Viewport not changing after scroll. Reloading and continuing…", "data": null, "seq": 3618}
{"ts": "2026-04-28T12:05:51.380122+00:00", "level": "INFO", "jobId": "9324294b-b7c2-4e9c-81d5-9c89c43ff092", "keyword": "khai truong", "step": "capture", "message": "Capturing 8/30 (viewport)…", "data": null, "seq": 3619}
{"ts": "2026-04-28T12:05:51.401391+00:00", "level": "INFO", "jobId": "9324294b-b7c2-4e9c-81d5-9c89c43ff092", "keyword": "khai truong", "step": "capture", "message": "Waiting for posts to appear (avoid blank capture)…", "data": null, "seq": 3620}
{"ts": "2026-04-28T12:05:51.411059+00:00", "level": "INFO", "jobId": "9324294b-b7c2-4e9c-81d5-9c89c43ff092", "keyword": "khai truong", "step": "capture", "message": "Post-detect debug: {'hasMain': True, 'roleArticle': 1, 'divRoleArticle': 1, 'articleTag': 0, 'feedUnit': 0, 'anyPagelet': 0, 'adPreview': 0, 'imgs': 0, 'videos': 0, 'progress': 0, 'busy': '', 'firstArticle': {'tag': 'div', 'role': 'article', 'textLen': 0, 'hasImg': False, 'hasVideo': False, 'hasLink': False, 'hasPermalink': False}}", "data": null, "seq": 3621}
{"ts": "2026-04-28T12:05:53.049150+00:00", "level": "INFO", "jobId": "9324294b-b7c2-4e9c-81d5-9c89c43ff092", "keyword": "khai truong", "step": "capture", "message": "Saved post_021.png", "data": null, "seq": 3622}
{"ts": "2026-04-28T12:05:53.049150+00:00", "level": "INFO", "jobId": "9324294b-b7c2-4e9c-81d5-9c89c43ff092", "keyword": "khai truong", "step": "cooldown", "message": "Cooldown 2.9s (after capture)", "data": null, "seq": 3623}
{"ts": "2026-04-28T12:05:56.527447+00:00", "level": "INFO", "jobId": "9324294b-b7c2-4e9c-81d5-9c89c43ff092", "keyword": "khai truong", "step": "capture", "message": "Capturing 9/30 (viewport)…", "data": null, "seq": 3624}
{"ts": "2026-04-28T12:05:57.812092+00:00", "level": "INFO", "jobId": "9324294b-b7c2-4e9c-81d5-9c89c43ff092", "keyword": "khai truong", "step": "capture", "message": "Saved post_022.png", "data": null, "seq": 3625}
{"ts": "2026-04-28T12:05:57.813150+00:00", "level": "INFO", "jobId": "9324294b-b7c2-4e9c-81d5-9c89c43ff092", "keyword": "khai truong", "step": "cooldown", "message": "Cooldown 1.5s (after capture)", "data": null, "seq": 3626}
{"ts": "2026-04-28T12:05:59.766378+00:00", "level": "INFO", "jobId": "9324294b-b7c2-4e9c-81d5-9c89c43ff092", "keyword": "khai truong", "step": "capture", "message": "Capturing 10/30 (viewport)…", "data": null, "seq": 3627}
{"ts": "2026-04-28T12:06:01.855187+00:00", "level": "INFO", "jobId": "9324294b-b7c2-4e9c-81d5-9c89c43ff092", "keyword": "khai truong", "step": "capture", "message": "Saved post_023.png", "data": null, "seq": 3628}
{"ts": "2026-04-28T12:06:01.856429+00:00", "level": "INFO", "jobId": "9324294b-b7c2-4e9c-81d5-9c89c43ff092", "keyword": "khai truong", "step": "cooldown", "message": "Cooldown 1.7s (after capture)", "data": null, "seq": 3629}
{"ts": "2026-04-28T12:06:03.976057+00:00", "level": "INFO", "jobId": "9324294b-b7c2-4e9c-81d5-9c89c43ff092", "keyword": "khai truong", "step": "capture", "message": "Capturing 11/30 (viewport)…", "data": null, "seq": 3630}
{"ts": "2026-04-28T12:06:05.584790+00:00", "level": "INFO", "jobId": "9324294b-b7c2-4e9c-81d5-9c89c43ff092", "keyword": "khai truong", "step": "capture", "message": "Saved post_024.png", "data": null, "seq": 3631}
{"ts": "2026-04-28T12:06:05.585968+00:00", "level": "INFO", "jobId": "9324294b-b7c2-4e9c-81d5-9c89c43ff092", "keyword": "khai truong", "step": "cooldown", "message": "Cooldown 1.7s (after capture)", "data": null, "seq": 3632}
{"ts": "2026-04-28T12:06:07.664574+00:00", "level": "INFO", "jobId": "9324294b-b7c2-4e9c-81d5-9c89c43ff092", "keyword": "khai truong", "step": "capture", "message": "Capturing 12/30 (viewport)…", "data": null, "seq": 3633}
{"ts": "2026-04-28T12:06:09.280116+00:00", "level": "INFO", "jobId": "9324294b-b7c2-4e9c-81d5-9c89c43ff092", "keyword": "khai truong", "step": "capture", "message": "Saved post_025.png", "data": null, "seq": 3634}
{"ts": "2026-04-28T12:06:09.280116+00:00", "level": "INFO", "jobId": "9324294b-b7c2-4e9c-81d5-9c89c43ff092", "keyword": "khai truong", "step": "cooldown", "message": "Cooldown 2.3s (after capture)", "data": null, "seq": 3635}
{"ts": "2026-04-28T12:06:12.026470+00:00", "level": "INFO", "jobId": "9324294b-b7c2-4e9c-81d5-9c89c43ff092", "keyword": "khai truong", "step": "capture", "message": "Capturing 13/30 (viewport)…", "data": null, "seq": 3636}
{"ts": "2026-04-28T12:06:13.235128+00:00", "level": "INFO", "jobId": "9324294b-b7c2-4e9c-81d5-9c89c43ff092", "keyword": "khai truong", "step": "capture", "message": "Saved post_026.png", "data": null, "seq": 3637}
{"ts": "2026-04-28T12:06:13.235128+00:00", "level": "INFO", "jobId": "9324294b-b7c2-4e9c-81d5-9c89c43ff092", "keyword": "khai truong", "step": "cooldown", "message": "Cooldown 2.3s (after capture)", "data": null, "seq": 3638}
{"ts": "2026-04-28T12:06:15.922140+00:00", "level": "INFO", "jobId": "9324294b-b7c2-4e9c-81d5-9c89c43ff092", "keyword": "khai truong", "step": "capture", "message": "Capturing 14/30 (viewport)…", "data": null, "seq": 3639}
{"ts": "2026-04-28T12:06:17.210456+00:00", "level": "INFO", "jobId": "9324294b-b7c2-4e9c-81d5-9c89c43ff092", "keyword": "khai truong", "step": "capture", "message": "Saved post_027.png", "data": null, "seq": 3640}
{"ts": "2026-04-28T12:06:17.210456+00:00", "level": "INFO", "jobId": "9324294b-b7c2-4e9c-81d5-9c89c43ff092", "keyword": "khai truong", "step": "cooldown", "message": "Cooldown 2.4s (after capture)", "data": null, "seq": 3641}
{"ts": "2026-04-28T12:06:19.967435+00:00", "level": "INFO", "jobId": "9324294b-b7c2-4e9c-81d5-9c89c43ff092", "keyword": "khai truong", "step": "capture", "message": "Capturing 15/30 (viewport)…", "data": null, "seq": 3642}
{"ts": "2026-04-28T12:06:21.352751+00:00", "level": "INFO", "jobId": "9324294b-b7c2-4e9c-81d5-9c89c43ff092", "keyword": "khai truong", "step": "capture", "message": "Saved post_028.png", "data": null, "seq": 3643}
{"ts": "2026-04-28T12:06:21.353066+00:00", "level": "INFO", "jobId": "9324294b-b7c2-4e9c-81d5-9c89c43ff092", "keyword": "khai truong", "step": "cooldown", "message": "Cooldown 2.0s (after capture)", "data": null, "seq": 3644}
{"ts": "2026-04-28T12:06:23.799677+00:00", "level": "INFO", "jobId": "9324294b-b7c2-4e9c-81d5-9c89c43ff092", "keyword": "khai truong", "step": "capture", "message": "Viewport not changing after scroll. Reloading and continuing…", "data": null, "seq": 3645}
{"ts": "2026-04-28T12:06:25.404481+00:00", "level": "INFO", "jobId": "9324294b-b7c2-4e9c-81d5-9c89c43ff092", "keyword": "khai truong", "step": "capture", "message": "Capturing 16/30 (viewport)…", "data": null, "seq": 3646}
{"ts": "2026-04-28T12:06:25.496732+00:00", "level": "INFO", "jobId": "9324294b-b7c2-4e9c-81d5-9c89c43ff092", "keyword": "khai truong", "step": "capture", "message": "Waiting for posts to appear (avoid blank capture)…", "data": null, "seq": 3647}
{"ts": "2026-04-28T12:06:25.505522+00:00", "level": "INFO", "jobId": "9324294b-b7c2-4e9c-81d5-9c89c43ff092", "keyword": "khai truong", "step": "capture", "message": "Post-detect debug: {'hasMain': True, 'roleArticle': 1, 'divRoleArticle': 1, 'articleTag': 0, 'feedUnit': 0, 'anyPagelet': 0, 'adPreview': 0, 'imgs': 0, 'videos': 0, 'progress': 0, 'busy': '', 'firstArticle': {'tag': 'div', 'role': 'article', 'textLen': 0, 'hasImg': False, 'hasVideo': False, 'hasLink': False, 'hasPermalink': False}}", "data": null, "seq": 3648}
{"ts": "2026-04-28T12:06:26.693554+00:00", "level": "INFO", "jobId": "9324294b-b7c2-4e9c-81d5-9c89c43ff092", "keyword": "khai truong", "step": "capture", "message": "Saved post_029.png", "data": null, "seq": 3649}
{"ts": "2026-04-28T12:06:26.694968+00:00", "level": "INFO", "jobId": "9324294b-b7c2-4e9c-81d5-9c89c43ff092", "keyword": "khai truong", "step": "cooldown", "message": "Cooldown 2.3s (after capture)", "data": null, "seq": 3650}
{"ts": "2026-04-28T12:06:29.535104+00:00", "level": "WARN", "jobId": "9324294b-b7c2-4e9c-81d5-9c89c43ff092", "keyword": "khai truong", "step": "relaunch", "message": "Browser/page closed unexpectedly. Will relaunch + retry. (Locator.inner_text: Target page, context or browser has been closed)", "data": null, "seq": 3651}
{"ts": "2026-04-28T12:06:31.521277+00:00", "level": "WARN", "jobId": "9324294b-b7c2-4e9c-81d5-9c89c43ff092", "keyword": "khai truong", "step": "retry", "message": "Reset job to pending for retry (closed target).", "data": null, "seq": 3652}
{"ts": "2026-04-28T12:06:31.521782+00:00", "level": "INFO", "jobId": "9324294b-b7c2-4e9c-81d5-9c89c43ff092", "keyword": "khai truong", "step": "cooldown", "message": "Between-keywords delay: 1.8s", "data": null, "seq": 3653}
{"ts": "2026-04-28T12:06:33.361050+00:00", "level": "INFO", "jobId": "9324294b-b7c2-4e9c-81d5-9c89c43ff092", "keyword": "khai truong", "step": "start", "message": "Job started (attempt 2/2)", "data": null, "seq": 3654}
