{"ts": "2026-04-28T12:38:42.310831+00:00", "level": "INFO", "jobId": "b0d10d5a-7cd1-4e08-b324-b13029edb9cb", "keyword": "khai truong", "step": "created", "message": "Job created", "data": {"maxPosts": 30}, "seq": 4078}
{"ts": "2026-04-28T12:38:43.067445+00:00", "level": "INFO", "jobId": "b0d10d5a-7cd1-4e08-b324-b13029edb9cb", "keyword": "khai truong", "step": "start", "message": "Job started (attempt 1/2)", "data": null, "seq": 4079}
{"ts": "2026-04-28T12:38:47.121108+00:00", "level": "INFO", "jobId": "b0d10d5a-7cd1-4e08-b324-b13029edb9cb", "keyword": "khai truong", "step": "login", "message": "Already logged in (profile session).", "data": null, "seq": 4080}
{"ts": "2026-04-28T12:38:47.611395+00:00", "level": "INFO", "jobId": "b0d10d5a-7cd1-4e08-b324-b13029edb9cb", "keyword": "khai truong", "step": "search", "message": "Searching keyword: \"khai truong\"", "data": null, "seq": 4081}
{"ts": "2026-04-28T12:38:49.925653+00:00", "level": "INFO", "jobId": "b0d10d5a-7cd1-4e08-b324-b13029edb9cb", "keyword": "khai truong", "step": "capture", "message": "Start capturing up to 30 posts.", "data": null, "seq": 4082}
{"ts": "2026-04-28T12:38:50.020736+00:00", "level": "INFO", "jobId": "b0d10d5a-7cd1-4e08-b324-b13029edb9cb", "keyword": "khai truong", "step": "capture", "message": "Capturing 1/30 (viewport)…", "data": null, "seq": 4083}
{"ts": "2026-04-28T12:38:50.239033+00:00", "level": "INFO", "jobId": "b0d10d5a-7cd1-4e08-b324-b13029edb9cb", "keyword": "khai truong", "step": "capture", "message": "Saved post_012.png", "data": null, "seq": 4084}
{"ts": "2026-04-28T12:38:50.239033+00:00", "level": "INFO", "jobId": "b0d10d5a-7cd1-4e08-b324-b13029edb9cb", "keyword": "khai truong", "step": "cooldown", "message": "Cooldown 1.2s (after capture)", "data": null, "seq": 4085}
{"ts": "2026-04-28T12:38:52.018770+00:00", "level": "INFO", "jobId": "b0d10d5a-7cd1-4e08-b324-b13029edb9cb", "keyword": "khai truong", "step": "capture", "message": "Capturing 2/30 (viewport)…", "data": null, "seq": 4086}
{"ts": "2026-04-28T12:38:52.057957+00:00", "level": "INFO", "jobId": "b0d10d5a-7cd1-4e08-b324-b13029edb9cb", "keyword": "khai truong", "step": "capture", "message": "Expanded \"Xem thêm\" (exact-class): +2 (total 2)", "data": null, "seq": 4087}
{"ts": "2026-04-28T12:38:52.770481+00:00", "level": "INFO", "jobId": "b0d10d5a-7cd1-4e08-b324-b13029edb9cb", "keyword": "khai truong", "step": "capture", "message": "Saved post_013.png", "data": null, "seq": 4088}
{"ts": "2026-04-28T12:38:52.771558+00:00", "level": "INFO", "jobId": "b0d10d5a-7cd1-4e08-b324-b13029edb9cb", "keyword": "khai truong", "step": "cooldown", "message": "Cooldown 2.4s (after capture)", "data": null, "seq": 4089}
{"ts": "2026-04-28T12:38:55.912203+00:00", "level": "INFO", "jobId": "b0d10d5a-7cd1-4e08-b324-b13029edb9cb", "keyword": "khai truong", "step": "capture", "message": "Capturing 3/30 (viewport)…", "data": null, "seq": 4090}
{"ts": "2026-04-28T12:38:56.327794+00:00", "level": "INFO", "jobId": "b0d10d5a-7cd1-4e08-b324-b13029edb9cb", "keyword": "khai truong", "step": "capture", "message": "Saved post_014.png", "data": null, "seq": 4091}
{"ts": "2026-04-28T12:38:56.327794+00:00", "level": "INFO", "jobId": "b0d10d5a-7cd1-4e08-b324-b13029edb9cb", "keyword": "khai truong", "step": "cooldown", "message": "Cooldown 1.7s (after capture)", "data": null, "seq": 4092}
{"ts": "2026-04-28T12:38:58.511632+00:00", "level": "INFO", "jobId": "b0d10d5a-7cd1-4e08-b324-b13029edb9cb", "keyword": "khai truong", "step": "capture", "message": "Capturing 4/30 (viewport)…", "data": null, "seq": 4093}
{"ts": "2026-04-28T12:38:58.566305+00:00", "level": "INFO", "jobId": "b0d10d5a-7cd1-4e08-b324-b13029edb9cb", "keyword": "khai truong", "step": "capture", "message": "Expanded \"Xem thêm\" (exact-class): +1 (total 1)", "data": null, "seq": 4094}
{"ts": "2026-04-28T12:38:59.358929+00:00", "level": "INFO", "jobId": "b0d10d5a-7cd1-4e08-b324-b13029edb9cb", "keyword": "khai truong", "step": "capture", "message": "Saved post_015.png", "data": null, "seq": 4095}
{"ts": "2026-04-28T12:38:59.358929+00:00", "level": "INFO", "jobId": "b0d10d5a-7cd1-4e08-b324-b13029edb9cb", "keyword": "khai truong", "step": "cooldown", "message": "Cooldown 2.9s (after capture)", "data": null, "seq": 4096}
{"ts": "2026-04-28T12:39:02.822377+00:00", "level": "INFO", "jobId": "b0d10d5a-7cd1-4e08-b324-b13029edb9cb", "keyword": "khai truong", "step": "capture", "message": "Capturing 5/30 (viewport)…", "data": null, "seq": 4097}
{"ts": "2026-04-28T12:39:02.908350+00:00", "level": "INFO", "jobId": "b0d10d5a-7cd1-4e08-b324-b13029edb9cb", "keyword": "khai truong", "step": "capture", "message": "Expanded \"Xem thêm\" (exact-class): +1 (total 1)", "data": null, "seq": 4098}
{"ts": "2026-04-28T12:39:03.635041+00:00", "level": "INFO", "jobId": "b0d10d5a-7cd1-4e08-b324-b13029edb9cb", "keyword": "khai truong", "step": "capture", "message": "Saved post_016.png", "data": null, "seq": 4099}
{"ts": "2026-04-28T12:39:03.635041+00:00", "level": "INFO", "jobId": "b0d10d5a-7cd1-4e08-b324-b13029edb9cb", "keyword": "khai truong", "step": "cooldown", "message": "Cooldown 1.0s (after capture)", "data": null, "seq": 4100}
{"ts": "2026-04-28T12:39:05.192870+00:00", "level": "INFO", "jobId": "b0d10d5a-7cd1-4e08-b324-b13029edb9cb", "keyword": "khai truong", "step": "capture", "message": "Capturing 6/30 (viewport)…", "data": null, "seq": 4101}
{"ts": "2026-04-28T12:39:05.240852+00:00", "level": "INFO", "jobId": "b0d10d5a-7cd1-4e08-b324-b13029edb9cb", "keyword": "khai truong", "step": "capture", "message": "Expanded \"Xem thêm\" (exact-class): +1 (total 1)", "data": null, "seq": 4102}
{"ts": "2026-04-28T12:39:05.814259+00:00", "level": "INFO", "jobId": "b0d10d5a-7cd1-4e08-b324-b13029edb9cb", "keyword": "khai truong", "step": "capture", "message": "Saved post_017.png", "data": null, "seq": 4103}
{"ts": "2026-04-28T12:39:05.815271+00:00", "level": "INFO", "jobId": "b0d10d5a-7cd1-4e08-b324-b13029edb9cb", "keyword": "khai truong", "step": "cooldown", "message": "Cooldown 2.3s (after capture)", "data": null, "seq": 4104}
{"ts": "2026-04-28T12:39:08.655152+00:00", "level": "INFO", "jobId": "b0d10d5a-7cd1-4e08-b324-b13029edb9cb", "keyword": "khai truong", "step": "capture", "message": "Capturing 7/30 (viewport)…", "data": null, "seq": 4105}
{"ts": "2026-04-28T12:39:09.019263+00:00", "level": "INFO", "jobId": "b0d10d5a-7cd1-4e08-b324-b13029edb9cb", "keyword": "khai truong", "step": "capture", "message": "Saved post_018.png", "data": null, "seq": 4106}
{"ts": "2026-04-28T12:39:09.019263+00:00", "level": "INFO", "jobId": "b0d10d5a-7cd1-4e08-b324-b13029edb9cb", "keyword": "khai truong", "step": "cooldown", "message": "Cooldown 2.4s (after capture)", "data": null, "seq": 4107}
{"ts": "2026-04-28T12:39:12.028806+00:00", "level": "INFO", "jobId": "b0d10d5a-7cd1-4e08-b324-b13029edb9cb", "keyword": "khai truong", "step": "capture", "message": "Capturing 8/30 (viewport)…", "data": null, "seq": 4108}
{"ts": "2026-04-28T12:39:12.374760+00:00", "level": "INFO", "jobId": "b0d10d5a-7cd1-4e08-b324-b13029edb9cb", "keyword": "khai truong", "step": "capture", "message": "Saved post_019.png", "data": null, "seq": 4109}
{"ts": "2026-04-28T12:39:12.374760+00:00", "level": "INFO", "jobId": "b0d10d5a-7cd1-4e08-b324-b13029edb9cb", "keyword": "khai truong", "step": "cooldown", "message": "Cooldown 1.7s (after capture)", "data": null, "seq": 4110}
{"ts": "2026-04-28T12:39:14.617843+00:00", "level": "INFO", "jobId": "b0d10d5a-7cd1-4e08-b324-b13029edb9cb", "keyword": "khai truong", "step": "capture", "message": "Capturing 9/30 (viewport)…", "data": null, "seq": 4111}
{"ts": "2026-04-28T12:39:14.691815+00:00", "level": "INFO", "jobId": "b0d10d5a-7cd1-4e08-b324-b13029edb9cb", "keyword": "khai truong", "step": "capture", "message": "Expanded \"Xem thêm\" (exact-class): +1 (total 1)", "data": null, "seq": 4112}
{"ts": "2026-04-28T12:39:15.402261+00:00", "level": "INFO", "jobId": "b0d10d5a-7cd1-4e08-b324-b13029edb9cb", "keyword": "khai truong", "step": "capture", "message": "Saved post_020.png", "data": null, "seq": 4113}
{"ts": "2026-04-28T12:39:15.402261+00:00", "level": "INFO", "jobId": "b0d10d5a-7cd1-4e08-b324-b13029edb9cb", "keyword": "khai truong", "step": "cooldown", "message": "Cooldown 2.5s (after capture)", "data": null, "seq": 4114}
{"ts": "2026-04-28T12:39:18.453332+00:00", "level": "INFO", "jobId": "b0d10d5a-7cd1-4e08-b324-b13029edb9cb", "keyword": "khai truong", "step": "capture", "message": "Capturing 10/30 (viewport)…", "data": null, "seq": 4115}
{"ts": "2026-04-28T12:39:18.785069+00:00", "level": "INFO", "jobId": "b0d10d5a-7cd1-4e08-b324-b13029edb9cb", "keyword": "khai truong", "step": "capture", "message": "Saved post_021.png", "data": null, "seq": 4116}
{"ts": "2026-04-28T12:39:18.785069+00:00", "level": "INFO", "jobId": "b0d10d5a-7cd1-4e08-b324-b13029edb9cb", "keyword": "khai truong", "step": "cooldown", "message": "Cooldown 2.4s (after capture)", "data": null, "seq": 4117}
{"ts": "2026-04-28T12:39:22.244948+00:00", "level": "INFO", "jobId": "b0d10d5a-7cd1-4e08-b324-b13029edb9cb", "keyword": "khai truong", "step": "capture", "message": "Scroll stuck. diag={'y': 8727, 'docTop': 8727, 'docH': 10527, 'innerScrollables': 0, 'htmlOverflow': 'scroll', 'bodyOverflow': 'auto', 'articles': 0}", "data": null, "seq": 4118}
{"ts": "2026-04-28T12:39:27.475100+00:00", "level": "INFO", "jobId": "b0d10d5a-7cd1-4e08-b324-b13029edb9cb", "keyword": "khai truong", "step": "capture", "message": "Capturing 11/30 (viewport)…", "data": null, "seq": 4119}
{"ts": "2026-04-28T12:39:27.624167+00:00", "level": "INFO", "jobId": "b0d10d5a-7cd1-4e08-b324-b13029edb9cb", "keyword": "khai truong", "step": "capture", "message": "Saved post_022.png", "data": null, "seq": 4120}
{"ts": "2026-04-28T12:39:27.624167+00:00", "level": "INFO", "jobId": "b0d10d5a-7cd1-4e08-b324-b13029edb9cb", "keyword": "khai truong", "step": "cooldown", "message": "Cooldown 2.6s (after capture)", "data": null, "seq": 4121}
{"ts": "2026-04-28T12:39:31.078252+00:00", "level": "INFO", "jobId": "b0d10d5a-7cd1-4e08-b324-b13029edb9cb", "keyword": "khai truong", "step": "capture", "message": "Capturing 12/30 (viewport)…", "data": null, "seq": 4122}
{"ts": "2026-04-28T12:39:31.177036+00:00", "level": "INFO", "jobId": "b0d10d5a-7cd1-4e08-b324-b13029edb9cb", "keyword": "khai truong", "step": "capture", "message": "Expanded \"Xem thêm\" (exact-class): +2 (total 2)", "data": null, "seq": 4123}
{"ts": "2026-04-28T12:39:31.918342+00:00", "level": "INFO", "jobId": "b0d10d5a-7cd1-4e08-b324-b13029edb9cb", "keyword": "khai truong", "step": "capture", "message": "Saved post_023.png", "data": null, "seq": 4124}
{"ts": "2026-04-28T12:39:31.918342+00:00", "level": "INFO", "jobId": "b0d10d5a-7cd1-4e08-b324-b13029edb9cb", "keyword": "khai truong", "step": "cooldown", "message": "Cooldown 2.2s (after capture)", "data": null, "seq": 4125}
{"ts": "2026-04-28T12:39:34.663108+00:00", "level": "INFO", "jobId": "b0d10d5a-7cd1-4e08-b324-b13029edb9cb", "keyword": "khai truong", "step": "capture", "message": "Capturing 13/30 (viewport)…", "data": null, "seq": 4126}
{"ts": "2026-04-28T12:39:35.082545+00:00", "level": "INFO", "jobId": "b0d10d5a-7cd1-4e08-b324-b13029edb9cb", "keyword": "khai truong", "step": "capture", "message": "Saved post_024.png", "data": null, "seq": 4127}
{"ts": "2026-04-28T12:39:35.082545+00:00", "level": "INFO", "jobId": "b0d10d5a-7cd1-4e08-b324-b13029edb9cb", "keyword": "khai truong", "step": "cooldown", "message": "Cooldown 1.6s (after capture)", "data": null, "seq": 4128}
{"ts": "2026-04-28T12:39:37.712473+00:00", "level": "INFO", "jobId": "b0d10d5a-7cd1-4e08-b324-b13029edb9cb", "keyword": "khai truong", "step": "capture", "message": "Capturing 14/30 (viewport)…", "data": null, "seq": 4129}
{"ts": "2026-04-28T12:39:38.150629+00:00", "level": "INFO", "jobId": "b0d10d5a-7cd1-4e08-b324-b13029edb9cb", "keyword": "khai truong", "step": "capture", "message": "Saved post_025.png", "data": null, "seq": 4130}
{"ts": "2026-04-28T12:39:38.150629+00:00", "level": "INFO", "jobId": "b0d10d5a-7cd1-4e08-b324-b13029edb9cb", "keyword": "khai truong", "step": "cooldown", "message": "Cooldown 1.1s (after capture)", "data": null, "seq": 4131}
{"ts": "2026-04-28T12:39:39.807354+00:00", "level": "INFO", "jobId": "b0d10d5a-7cd1-4e08-b324-b13029edb9cb", "keyword": "khai truong", "step": "capture", "message": "Capturing 15/30 (viewport)…", "data": null, "seq": 4132}
{"ts": "2026-04-28T12:39:40.240159+00:00", "level": "INFO", "jobId": "b0d10d5a-7cd1-4e08-b324-b13029edb9cb", "keyword": "khai truong", "step": "capture", "message": "Saved post_026.png", "data": null, "seq": 4133}
{"ts": "2026-04-28T12:39:40.243146+00:00", "level": "INFO", "jobId": "b0d10d5a-7cd1-4e08-b324-b13029edb9cb", "keyword": "khai truong", "step": "cooldown", "message": "Cooldown 1.1s (after capture)", "data": null, "seq": 4134}
{"ts": "2026-04-28T12:39:41.863031+00:00", "level": "INFO", "jobId": "b0d10d5a-7cd1-4e08-b324-b13029edb9cb", "keyword": "khai truong", "step": "capture", "message": "Capturing 16/30 (viewport)…", "data": null, "seq": 4135}
{"ts": "2026-04-28T12:39:42.427817+00:00", "level": "INFO", "jobId": "b0d10d5a-7cd1-4e08-b324-b13029edb9cb", "keyword": "khai truong", "step": "capture", "message": "Saved post_027.png", "data": null, "seq": 4136}
{"ts": "2026-04-28T12:39:42.427817+00:00", "level": "INFO", "jobId": "b0d10d5a-7cd1-4e08-b324-b13029edb9cb", "keyword": "khai truong", "step": "cooldown", "message": "Cooldown 2.0s (after capture)", "data": null, "seq": 4137}
{"ts": "2026-04-28T12:39:44.930549+00:00", "level": "INFO", "jobId": "b0d10d5a-7cd1-4e08-b324-b13029edb9cb", "keyword": "khai truong", "step": "capture", "message": "Capturing 17/30 (viewport)…", "data": null, "seq": 4138}
{"ts": "2026-04-28T12:39:44.984999+00:00", "level": "INFO", "jobId": "b0d10d5a-7cd1-4e08-b324-b13029edb9cb", "keyword": "khai truong", "step": "capture", "message": "Expanded \"Xem thêm\" (exact-class): +1 (total 1)", "data": null, "seq": 4139}
{"ts": "2026-04-28T12:39:45.833034+00:00", "level": "INFO", "jobId": "b0d10d5a-7cd1-4e08-b324-b13029edb9cb", "keyword": "khai truong", "step": "capture", "message": "Saved post_028.png", "data": null, "seq": 4140}
{"ts": "2026-04-28T12:39:45.834067+00:00", "level": "INFO", "jobId": "b0d10d5a-7cd1-4e08-b324-b13029edb9cb", "keyword": "khai truong", "step": "cooldown", "message": "Cooldown 3.0s (after capture)", "data": null, "seq": 4141}
{"ts": "2026-04-28T12:39:49.757123+00:00", "level": "INFO", "jobId": "b0d10d5a-7cd1-4e08-b324-b13029edb9cb", "keyword": "khai truong", "step": "capture", "message": "Scroll stuck. diag={}", "data": null, "seq": 4142}
{"ts": "2026-04-28T12:39:50.978915+00:00", "level": "WARN", "jobId": "b0d10d5a-7cd1-4e08-b324-b13029edb9cb", "keyword": "khai truong", "step": "relaunch", "message": "Browser/page closed unexpectedly. Will relaunch + retry. (Locator.inner_text: Target page, context or browser has been closed)", "data": null, "seq": 4143}
