{"ts": "2026-04-28T12:30:29.899496+00:00", "level": "INFO", "jobId": "db611345-9ee6-4f23-a9b3-cf4f9daccf4f", "keyword": "khai truong", "step": "created", "message": "Job created", "data": {"maxPosts": 30}, "seq": 3952}
{"ts": "2026-04-28T12:30:30.234343+00:00", "level": "INFO", "jobId": "db611345-9ee6-4f23-a9b3-cf4f9daccf4f", "keyword": "khai truong", "step": "start", "message": "Job started (attempt 1/2)", "data": null, "seq": 3953}
{"ts": "2026-04-28T12:30:35.967080+00:00", "level": "INFO", "jobId": "db611345-9ee6-4f23-a9b3-cf4f9daccf4f", "keyword": "khai truong", "step": "login", "message": "Already logged in (profile session).", "data": null, "seq": 3954}
{"ts": "2026-04-28T12:30:39.689261+00:00", "level": "WARN", "jobId": "db611345-9ee6-4f23-a9b3-cf4f9daccf4f", "keyword": "khai truong", "step": "network", "message": "Network slow during search: rtt=403ms http=3312ms (slow). Increasing timeouts.", "data": null, "seq": 3955}
{"ts": "2026-04-28T12:30:39.698003+00:00", "level": "INFO", "jobId": "db611345-9ee6-4f23-a9b3-cf4f9daccf4f", "keyword": "khai truong", "step": "search", "message": "Searching keyword: \"khai truong\"", "data": null, "seq": 3956}
{"ts": "2026-04-28T12:30:43.277562+00:00", "level": "INFO", "jobId": "db611345-9ee6-4f23-a9b3-cf4f9daccf4f", "keyword": "khai truong", "step": "capture", "message": "Start capturing up to 30 posts.", "data": null, "seq": 3957}
{"ts": "2026-04-28T12:30:43.709044+00:00", "level": "INFO", "jobId": "db611345-9ee6-4f23-a9b3-cf4f9daccf4f", "keyword": "khai truong", "step": "capture", "message": "Capturing 1/30 (viewport)…", "data": null, "seq": 3958}
{"ts": "2026-04-28T12:30:43.896258+00:00", "level": "INFO", "jobId": "db611345-9ee6-4f23-a9b3-cf4f9daccf4f", "keyword": "khai truong", "step": "capture", "message": "Expanded \"Xem thêm\" (exact-class): +1 (total 1)", "data": null, "seq": 3959}
{"ts": "2026-04-28T12:30:44.770279+00:00", "level": "INFO", "jobId": "db611345-9ee6-4f23-a9b3-cf4f9daccf4f", "keyword": "khai truong", "step": "capture", "message": "Saved post_102.png", "data": null, "seq": 3960}
{"ts": "2026-04-28T12:30:44.770279+00:00", "level": "INFO", "jobId": "db611345-9ee6-4f23-a9b3-cf4f9daccf4f", "keyword": "khai truong", "step": "cooldown", "message": "Cooldown 1.5s (after capture)", "data": null, "seq": 3961}
{"ts": "2026-04-28T12:30:47.305492+00:00", "level": "INFO", "jobId": "db611345-9ee6-4f23-a9b3-cf4f9daccf4f", "keyword": "khai truong", "step": "capture", "message": "Capturing 2/30 (viewport)…", "data": null, "seq": 3962}
{"ts": "2026-04-28T12:30:47.484765+00:00", "level": "INFO", "jobId": "db611345-9ee6-4f23-a9b3-cf4f9daccf4f", "keyword": "khai truong", "step": "capture", "message": "Expanded \"Xem thêm\" (exact-class): +1 (total 1)", "data": null, "seq": 3963}
{"ts": "2026-04-28T12:30:48.235389+00:00", "level": "INFO", "jobId": "db611345-9ee6-4f23-a9b3-cf4f9daccf4f", "keyword": "khai truong", "step": "capture", "message": "Saved post_103.png", "data": null, "seq": 3964}
{"ts": "2026-04-28T12:30:48.235389+00:00", "level": "INFO", "jobId": "db611345-9ee6-4f23-a9b3-cf4f9daccf4f", "keyword": "khai truong", "step": "cooldown", "message": "Cooldown 1.7s (after capture)", "data": null, "seq": 3965}
{"ts": "2026-04-28T12:30:50.472181+00:00", "level": "INFO", "jobId": "db611345-9ee6-4f23-a9b3-cf4f9daccf4f", "keyword": "khai truong", "step": "capture", "message": "Capturing 3/30 (viewport)…", "data": null, "seq": 3966}
{"ts": "2026-04-28T12:30:50.516450+00:00", "level": "INFO", "jobId": "db611345-9ee6-4f23-a9b3-cf4f9daccf4f", "keyword": "khai truong", "step": "capture", "message": "Expanded \"Xem thêm\" (exact-class): +1 (total 1)", "data": null, "seq": 3967}
{"ts": "2026-04-28T12:30:51.345064+00:00", "level": "INFO", "jobId": "db611345-9ee6-4f23-a9b3-cf4f9daccf4f", "keyword": "khai truong", "step": "capture", "message": "Saved post_104.png", "data": null, "seq": 3968}
{"ts": "2026-04-28T12:30:51.345064+00:00", "level": "INFO", "jobId": "db611345-9ee6-4f23-a9b3-cf4f9daccf4f", "keyword": "khai truong", "step": "cooldown", "message": "Cooldown 1.5s (after capture)", "data": null, "seq": 3969}
{"ts": "2026-04-28T12:30:53.349510+00:00", "level": "INFO", "jobId": "db611345-9ee6-4f23-a9b3-cf4f9daccf4f", "keyword": "khai truong", "step": "capture", "message": "Capturing 4/30 (viewport)…", "data": null, "seq": 3970}
{"ts": "2026-04-28T12:30:53.400143+00:00", "level": "INFO", "jobId": "db611345-9ee6-4f23-a9b3-cf4f9daccf4f", "keyword": "khai truong", "step": "capture", "message": "Expanded \"Xem thêm\" (exact-class): +1 (total 1)", "data": null, "seq": 3971}
{"ts": "2026-04-28T12:30:54.099937+00:00", "level": "INFO", "jobId": "db611345-9ee6-4f23-a9b3-cf4f9daccf4f", "keyword": "khai truong", "step": "capture", "message": "Saved post_105.png", "data": null, "seq": 3972}
{"ts": "2026-04-28T12:30:54.099937+00:00", "level": "INFO", "jobId": "db611345-9ee6-4f23-a9b3-cf4f9daccf4f", "keyword": "khai truong", "step": "cooldown", "message": "Cooldown 1.3s (after capture)", "data": null, "seq": 3973}
{"ts": "2026-04-28T12:30:55.962303+00:00", "level": "INFO", "jobId": "db611345-9ee6-4f23-a9b3-cf4f9daccf4f", "keyword": "khai truong", "step": "capture", "message": "Capturing 5/30 (viewport)…", "data": null, "seq": 3974}
{"ts": "2026-04-28T12:30:56.000447+00:00", "level": "INFO", "jobId": "db611345-9ee6-4f23-a9b3-cf4f9daccf4f", "keyword": "khai truong", "step": "capture", "message": "Expanded \"Xem thêm\" (exact-class): +1 (total 1)", "data": null, "seq": 3975}
{"ts": "2026-04-28T12:30:56.725758+00:00", "level": "INFO", "jobId": "db611345-9ee6-4f23-a9b3-cf4f9daccf4f", "keyword": "khai truong", "step": "capture", "message": "Saved post_106.png", "data": null, "seq": 3976}
{"ts": "2026-04-28T12:30:56.725758+00:00", "level": "INFO", "jobId": "db611345-9ee6-4f23-a9b3-cf4f9daccf4f", "keyword": "khai truong", "step": "cooldown", "message": "Cooldown 1.4s (after capture)", "data": null, "seq": 3977}
{"ts": "2026-04-28T12:30:58.676888+00:00", "level": "INFO", "jobId": "db611345-9ee6-4f23-a9b3-cf4f9daccf4f", "keyword": "khai truong", "step": "capture", "message": "Capturing 6/30 (viewport)…", "data": null, "seq": 3978}
{"ts": "2026-04-28T12:30:58.766552+00:00", "level": "INFO", "jobId": "db611345-9ee6-4f23-a9b3-cf4f9daccf4f", "keyword": "khai truong", "step": "capture", "message": "Expanded \"Xem thêm\" (exact-class): +1 (total 1)", "data": null, "seq": 3979}
{"ts": "2026-04-28T12:30:59.383372+00:00", "level": "INFO", "jobId": "db611345-9ee6-4f23-a9b3-cf4f9daccf4f", "keyword": "khai truong", "step": "capture", "message": "Saved post_107.png", "data": null, "seq": 3980}
{"ts": "2026-04-28T12:30:59.384380+00:00", "level": "INFO", "jobId": "db611345-9ee6-4f23-a9b3-cf4f9daccf4f", "keyword": "khai truong", "step": "cooldown", "message": "Cooldown 1.6s (after capture)", "data": null, "seq": 3981}
{"ts": "2026-04-28T12:31:01.529546+00:00", "level": "INFO", "jobId": "db611345-9ee6-4f23-a9b3-cf4f9daccf4f", "keyword": "khai truong", "step": "capture", "message": "Capturing 7/30 (viewport)…", "data": null, "seq": 3982}
{"ts": "2026-04-28T12:31:01.785032+00:00", "level": "INFO", "jobId": "db611345-9ee6-4f23-a9b3-cf4f9daccf4f", "keyword": "khai truong", "step": "capture", "message": "Saved post_108.png", "data": null, "seq": 3983}
{"ts": "2026-04-28T12:31:01.785032+00:00", "level": "INFO", "jobId": "db611345-9ee6-4f23-a9b3-cf4f9daccf4f", "keyword": "khai truong", "step": "cooldown", "message": "Cooldown 1.7s (after capture)", "data": null, "seq": 3984}
{"ts": "2026-04-28T12:31:04.075052+00:00", "level": "INFO", "jobId": "db611345-9ee6-4f23-a9b3-cf4f9daccf4f", "keyword": "khai truong", "step": "capture", "message": "Capturing 8/30 (viewport)…", "data": null, "seq": 3985}
{"ts": "2026-04-28T12:31:04.401799+00:00", "level": "INFO", "jobId": "db611345-9ee6-4f23-a9b3-cf4f9daccf4f", "keyword": "khai truong", "step": "capture", "message": "Saved post_109.png", "data": null, "seq": 3986}
{"ts": "2026-04-28T12:31:04.403158+00:00", "level": "INFO", "jobId": "db611345-9ee6-4f23-a9b3-cf4f9daccf4f", "keyword": "khai truong", "step": "cooldown", "message": "Cooldown 2.0s (after capture)", "data": null, "seq": 3987}
{"ts": "2026-04-28T12:31:07.416691+00:00", "level": "INFO", "jobId": "db611345-9ee6-4f23-a9b3-cf4f9daccf4f", "keyword": "khai truong", "step": "capture", "message": "Scroll stuck. diag={'y': 7121, 'docTop': 7121, 'docH': 8921, 'innerScrollables': 0, 'htmlOverflow': 'scroll', 'bodyOverflow': 'auto', 'articles': 0}", "data": null, "seq": 3988}
{"ts": "2026-04-28T12:31:12.296100+00:00", "level": "INFO", "jobId": "db611345-9ee6-4f23-a9b3-cf4f9daccf4f", "keyword": "khai truong", "step": "capture", "message": "Capturing 9/30 (viewport)…", "data": null, "seq": 3989}
{"ts": "2026-04-28T12:31:12.348377+00:00", "level": "INFO", "jobId": "db611345-9ee6-4f23-a9b3-cf4f9daccf4f", "keyword": "khai truong", "step": "capture", "message": "Expanded \"Xem thêm\" (exact-class): +1 (total 1)", "data": null, "seq": 3990}
{"ts": "2026-04-28T12:31:13.116504+00:00", "level": "INFO", "jobId": "db611345-9ee6-4f23-a9b3-cf4f9daccf4f", "keyword": "khai truong", "step": "capture", "message": "Saved post_110.png", "data": null, "seq": 3991}
{"ts": "2026-04-28T12:31:13.116504+00:00", "level": "INFO", "jobId": "db611345-9ee6-4f23-a9b3-cf4f9daccf4f", "keyword": "khai truong", "step": "cooldown", "message": "Cooldown 2.2s (after capture)", "data": null, "seq": 3992}
{"ts": "2026-04-28T12:31:16.027323+00:00", "level": "INFO", "jobId": "db611345-9ee6-4f23-a9b3-cf4f9daccf4f", "keyword": "khai truong", "step": "capture", "message": "Capturing 10/30 (viewport)…", "data": null, "seq": 3993}
{"ts": "2026-04-28T12:31:16.083269+00:00", "level": "INFO", "jobId": "db611345-9ee6-4f23-a9b3-cf4f9daccf4f", "keyword": "khai truong", "step": "capture", "message": "Expanded \"Xem thêm\" (exact-class): +1 (total 1)", "data": null, "seq": 3994}
{"ts": "2026-04-28T12:31:16.989921+00:00", "level": "INFO", "jobId": "db611345-9ee6-4f23-a9b3-cf4f9daccf4f", "keyword": "khai truong", "step": "capture", "message": "Saved post_111.png", "data": null, "seq": 3995}
{"ts": "2026-04-28T12:31:16.989921+00:00", "level": "INFO", "jobId": "db611345-9ee6-4f23-a9b3-cf4f9daccf4f", "keyword": "khai truong", "step": "cooldown", "message": "Cooldown 1.2s (after capture)", "data": null, "seq": 3996}
{"ts": "2026-04-28T12:31:18.768305+00:00", "level": "INFO", "jobId": "db611345-9ee6-4f23-a9b3-cf4f9daccf4f", "keyword": "khai truong", "step": "capture", "message": "Capturing 11/30 (viewport)…", "data": null, "seq": 3997}
{"ts": "2026-04-28T12:31:18.810930+00:00", "level": "INFO", "jobId": "db611345-9ee6-4f23-a9b3-cf4f9daccf4f", "keyword": "khai truong", "step": "capture", "message": "Expanded \"Xem thêm\" (exact-class): +1 (total 1)", "data": null, "seq": 3998}
{"ts": "2026-04-28T12:31:19.559138+00:00", "level": "INFO", "jobId": "db611345-9ee6-4f23-a9b3-cf4f9daccf4f", "keyword": "khai truong", "step": "capture", "message": "Saved post_112.png", "data": null, "seq": 3999}
{"ts": "2026-04-28T12:31:19.559138+00:00", "level": "INFO", "jobId": "db611345-9ee6-4f23-a9b3-cf4f9daccf4f", "keyword": "khai truong", "step": "cooldown", "message": "Cooldown 1.4s (after capture)", "data": null, "seq": 4000}
{"ts": "2026-04-28T12:31:21.591847+00:00", "level": "INFO", "jobId": "db611345-9ee6-4f23-a9b3-cf4f9daccf4f", "keyword": "khai truong", "step": "capture", "message": "Capturing 12/30 (viewport)…", "data": null, "seq": 4001}
{"ts": "2026-04-28T12:31:21.637790+00:00", "level": "INFO", "jobId": "db611345-9ee6-4f23-a9b3-cf4f9daccf4f", "keyword": "khai truong", "step": "capture", "message": "Expanded \"Xem thêm\" (exact-class): +1 (total 1)", "data": null, "seq": 4002}
{"ts": "2026-04-28T12:31:22.328845+00:00", "level": "INFO", "jobId": "db611345-9ee6-4f23-a9b3-cf4f9daccf4f", "keyword": "khai truong", "step": "capture", "message": "Saved post_113.png", "data": null, "seq": 4003}
{"ts": "2026-04-28T12:31:22.328845+00:00", "level": "INFO", "jobId": "db611345-9ee6-4f23-a9b3-cf4f9daccf4f", "keyword": "khai truong", "step": "cooldown", "message": "Cooldown 2.5s (after capture)", "data": null, "seq": 4004}
{"ts": "2026-04-28T12:31:25.327482+00:00", "level": "INFO", "jobId": "db611345-9ee6-4f23-a9b3-cf4f9daccf4f", "keyword": "khai truong", "step": "capture", "message": "Capturing 13/30 (viewport)…", "data": null, "seq": 4005}
{"ts": "2026-04-28T12:31:25.369259+00:00", "level": "INFO", "jobId": "db611345-9ee6-4f23-a9b3-cf4f9daccf4f", "keyword": "khai truong", "step": "capture", "message": "Expanded \"Xem thêm\" (exact-class): +1 (total 1)", "data": null, "seq": 4006}
{"ts": "2026-04-28T12:31:26.053873+00:00", "level": "INFO", "jobId": "db611345-9ee6-4f23-a9b3-cf4f9daccf4f", "keyword": "khai truong", "step": "capture", "message": "Saved post_114.png", "data": null, "seq": 4007}
{"ts": "2026-04-28T12:31:26.053873+00:00", "level": "INFO", "jobId": "db611345-9ee6-4f23-a9b3-cf4f9daccf4f", "keyword": "khai truong", "step": "cooldown", "message": "Cooldown 1.7s (after capture)", "data": null, "seq": 4008}
{"ts": "2026-04-28T12:31:28.225026+00:00", "level": "INFO", "jobId": "db611345-9ee6-4f23-a9b3-cf4f9daccf4f", "keyword": "khai truong", "step": "capture", "message": "Capturing 14/30 (viewport)…", "data": null, "seq": 4009}
{"ts": "2026-04-28T12:31:28.299779+00:00", "level": "INFO", "jobId": "db611345-9ee6-4f23-a9b3-cf4f9daccf4f", "keyword": "khai truong", "step": "capture", "message": "Expanded \"Xem thêm\" (exact-class): +1 (total 1)", "data": null, "seq": 4010}
{"ts": "2026-04-28T12:31:28.944221+00:00", "level": "INFO", "jobId": "db611345-9ee6-4f23-a9b3-cf4f9daccf4f", "keyword": "khai truong", "step": "capture", "message": "Saved post_115.png", "data": null, "seq": 4011}
{"ts": "2026-04-28T12:31:28.945229+00:00", "level": "INFO", "jobId": "db611345-9ee6-4f23-a9b3-cf4f9daccf4f", "keyword": "khai truong", "step": "cooldown", "message": "Cooldown 1.8s (after capture)", "data": null, "seq": 4012}
{"ts": "2026-04-28T12:31:31.313259+00:00", "level": "INFO", "jobId": "db611345-9ee6-4f23-a9b3-cf4f9daccf4f", "keyword": "khai truong", "step": "capture", "message": "Capturing 15/30 (viewport)…", "data": null, "seq": 4013}
{"ts": "2026-04-28T12:31:31.584655+00:00", "level": "INFO", "jobId": "db611345-9ee6-4f23-a9b3-cf4f9daccf4f", "keyword": "khai truong", "step": "capture", "message": "Saved post_116.png", "data": null, "seq": 4014}
{"ts": "2026-04-28T12:31:31.584655+00:00", "level": "INFO", "jobId": "db611345-9ee6-4f23-a9b3-cf4f9daccf4f", "keyword": "khai truong", "step": "cooldown", "message": "Cooldown 2.1s (after capture)", "data": null, "seq": 4015}
{"ts": "2026-04-28T12:31:34.208518+00:00", "level": "INFO", "jobId": "db611345-9ee6-4f23-a9b3-cf4f9daccf4f", "keyword": "khai truong", "step": "capture", "message": "Capturing 16/30 (viewport)…", "data": null, "seq": 4016}
{"ts": "2026-04-28T12:31:34.535971+00:00", "level": "INFO", "jobId": "db611345-9ee6-4f23-a9b3-cf4f9daccf4f", "keyword": "khai truong", "step": "capture", "message": "Saved post_117.png", "data": null, "seq": 4017}
{"ts": "2026-04-28T12:31:34.535971+00:00", "level": "INFO", "jobId": "db611345-9ee6-4f23-a9b3-cf4f9daccf4f", "keyword": "khai truong", "step": "cooldown", "message": "Cooldown 1.5s (after capture)", "data": null, "seq": 4018}
{"ts": "2026-04-28T12:31:37.067085+00:00", "level": "INFO", "jobId": "db611345-9ee6-4f23-a9b3-cf4f9daccf4f", "keyword": "khai truong", "step": "capture", "message": "Scroll stuck. diag={'y': 7121, 'docTop': 7121, 'docH': 8921, 'innerScrollables': 0, 'htmlOverflow': 'scroll', 'bodyOverflow': 'auto', 'articles': 0}", "data": null, "seq": 4019}
{"ts": "2026-04-28T12:31:41.921566+00:00", "level": "INFO", "jobId": "db611345-9ee6-4f23-a9b3-cf4f9daccf4f", "keyword": "khai truong", "step": "capture", "message": "Capturing 17/30 (viewport)…", "data": null, "seq": 4020}
{"ts": "2026-04-28T12:31:42.128727+00:00", "level": "INFO", "jobId": "db611345-9ee6-4f23-a9b3-cf4f9daccf4f", "keyword": "khai truong", "step": "capture", "message": "Saved post_118.png", "data": null, "seq": 4021}
{"ts": "2026-04-28T12:31:42.129734+00:00", "level": "INFO", "jobId": "db611345-9ee6-4f23-a9b3-cf4f9daccf4f", "keyword": "khai truong", "step": "cooldown", "message": "Cooldown 1.4s (after capture)", "data": null, "seq": 4022}
{"ts": "2026-04-28T12:31:44.925489+00:00", "level": "INFO", "jobId": "db611345-9ee6-4f23-a9b3-cf4f9daccf4f", "keyword": "khai truong", "step": "capture", "message": "Scroll stuck. diag={}", "data": null, "seq": 4023}
{"ts": "2026-04-28T12:31:46.158041+00:00", "level": "WARN", "jobId": "db611345-9ee6-4f23-a9b3-cf4f9daccf4f", "keyword": "khai truong", "step": "relaunch", "message": "Browser/page closed unexpectedly. Will relaunch + retry. (Locator.inner_text: Target page, context or browser has been closed)", "data": null, "seq": 4024}
