{"ts": "2026-04-28T12:48:23.354934+00:00", "level": "INFO", "jobId": "ec930081-ab53-43c2-aae3-448a8119912c", "keyword": "khai truong", "step": "created", "message": "Job created", "data": {"maxPosts": 30}, "seq": 4249}
{"ts": "2026-04-28T12:48:23.530808+00:00", "level": "INFO", "jobId": "ec930081-ab53-43c2-aae3-448a8119912c", "keyword": "khai truong", "step": "start", "message": "Job started (attempt 1/2)", "data": null, "seq": 4250}
{"ts": "2026-04-28T12:48:27.555692+00:00", "level": "INFO", "jobId": "ec930081-ab53-43c2-aae3-448a8119912c", "keyword": "khai truong", "step": "login", "message": "Already logged in (profile session).", "data": null, "seq": 4251}
{"ts": "2026-04-28T12:48:28.017559+00:00", "level": "INFO", "jobId": "ec930081-ab53-43c2-aae3-448a8119912c", "keyword": "khai truong", "step": "search", "message": "Searching keyword: \"khai truong\"", "data": null, "seq": 4252}
{"ts": "2026-04-28T12:48:32.931517+00:00", "level": "INFO", "jobId": "ec930081-ab53-43c2-aae3-448a8119912c", "keyword": "khai truong", "step": "capture", "message": "Start capturing up to 30 posts.", "data": null, "seq": 4253}
{"ts": "2026-04-28T12:48:33.483963+00:00", "level": "INFO", "jobId": "ec930081-ab53-43c2-aae3-448a8119912c", "keyword": "khai truong", "step": "capture", "message": "Capturing 1/30 (viewport)…", "data": null, "seq": 4254}
{"ts": "2026-04-28T12:48:34.391335+00:00", "level": "INFO", "jobId": "ec930081-ab53-43c2-aae3-448a8119912c", "keyword": "khai truong", "step": "capture", "message": "Expanded \"Xem thêm\" (exact-class): +2 (total 2)", "data": null, "seq": 4255}
{"ts": "2026-04-28T12:48:35.909237+00:00", "level": "INFO", "jobId": "ec930081-ab53-43c2-aae3-448a8119912c", "keyword": "khai truong", "step": "capture", "message": "Saved post_051.png", "data": null, "seq": 4256}
{"ts": "2026-04-28T12:48:35.910237+00:00", "level": "INFO", "jobId": "ec930081-ab53-43c2-aae3-448a8119912c", "keyword": "khai truong", "step": "cooldown", "message": "Cooldown 2.7s (after capture)", "data": null, "seq": 4257}
{"ts": "2026-04-28T12:48:39.181402+00:00", "level": "INFO", "jobId": "ec930081-ab53-43c2-aae3-448a8119912c", "keyword": "khai truong", "step": "capture", "message": "Capturing 2/30 (viewport)…", "data": null, "seq": 4258}
{"ts": "2026-04-28T12:48:39.227473+00:00", "level": "INFO", "jobId": "ec930081-ab53-43c2-aae3-448a8119912c", "keyword": "khai truong", "step": "capture", "message": "Expanded \"Xem thêm\" (exact-class): +1 (total 1)", "data": null, "seq": 4259}
{"ts": "2026-04-28T12:48:39.930902+00:00", "level": "INFO", "jobId": "ec930081-ab53-43c2-aae3-448a8119912c", "keyword": "khai truong", "step": "capture", "message": "Saved post_052.png", "data": null, "seq": 4260}
{"ts": "2026-04-28T12:48:39.930902+00:00", "level": "INFO", "jobId": "ec930081-ab53-43c2-aae3-448a8119912c", "keyword": "khai truong", "step": "cooldown", "message": "Cooldown 2.2s (after capture)", "data": null, "seq": 4261}
{"ts": "2026-04-28T12:48:42.716700+00:00", "level": "INFO", "jobId": "ec930081-ab53-43c2-aae3-448a8119912c", "keyword": "khai truong", "step": "capture", "message": "Capturing 3/30 (viewport)…", "data": null, "seq": 4262}
{"ts": "2026-04-28T12:48:42.774050+00:00", "level": "INFO", "jobId": "ec930081-ab53-43c2-aae3-448a8119912c", "keyword": "khai truong", "step": "capture", "message": "Expanded \"Xem thêm\" (exact-class): +1 (total 1)", "data": null, "seq": 4263}
{"ts": "2026-04-28T12:48:43.523743+00:00", "level": "INFO", "jobId": "ec930081-ab53-43c2-aae3-448a8119912c", "keyword": "khai truong", "step": "capture", "message": "Saved post_053.png", "data": null, "seq": 4264}
{"ts": "2026-04-28T12:48:43.525108+00:00", "level": "INFO", "jobId": "ec930081-ab53-43c2-aae3-448a8119912c", "keyword": "khai truong", "step": "cooldown", "message": "Cooldown 2.6s (after capture)", "data": null, "seq": 4265}
{"ts": "2026-04-28T12:48:46.681404+00:00", "level": "INFO", "jobId": "ec930081-ab53-43c2-aae3-448a8119912c", "keyword": "khai truong", "step": "capture", "message": "Capturing 4/30 (viewport)…", "data": null, "seq": 4266}
{"ts": "2026-04-28T12:48:47.094014+00:00", "level": "INFO", "jobId": "ec930081-ab53-43c2-aae3-448a8119912c", "keyword": "khai truong", "step": "capture", "message": "Saved post_054.png", "data": null, "seq": 4267}
{"ts": "2026-04-28T12:48:47.094014+00:00", "level": "INFO", "jobId": "ec930081-ab53-43c2-aae3-448a8119912c", "keyword": "khai truong", "step": "cooldown", "message": "Cooldown 2.9s (after capture)", "data": null, "seq": 4268}
{"ts": "2026-04-28T12:48:50.513926+00:00", "level": "INFO", "jobId": "ec930081-ab53-43c2-aae3-448a8119912c", "keyword": "khai truong", "step": "capture", "message": "Scroll did not move. diag={'y': 3084, 'docTop': 3084, 'docH': 4884, 'primaryTop': 0, 'primaryCH': 0, 'primarySH': 0, 'innerScrollables': 0, 'htmlOverflow': 'scroll', 'bodyOverflow': 'auto', 'articles': 0}", "data": null, "seq": 4269}
{"ts": "2026-04-28T12:48:50.523225+00:00", "level": "INFO", "jobId": "ec930081-ab53-43c2-aae3-448a8119912c", "keyword": "khai truong", "step": "capture", "message": "Capturing 5/30 (viewport)…", "data": null, "seq": 4270}
{"ts": "2026-04-28T12:48:50.910316+00:00", "level": "INFO", "jobId": "ec930081-ab53-43c2-aae3-448a8119912c", "keyword": "khai truong", "step": "capture", "message": "Saved post_055.png", "data": null, "seq": 4271}
{"ts": "2026-04-28T12:48:50.910316+00:00", "level": "INFO", "jobId": "ec930081-ab53-43c2-aae3-448a8119912c", "keyword": "khai truong", "step": "cooldown", "message": "Cooldown 2.8s (after capture)", "data": null, "seq": 4272}
{"ts": "2026-04-28T12:48:54.266221+00:00", "level": "INFO", "jobId": "ec930081-ab53-43c2-aae3-448a8119912c", "keyword": "khai truong", "step": "capture", "message": "Scroll did not move. diag={'y': 3084, 'docTop': 3084, 'docH': 4884, 'primaryTop': 0, 'primaryCH': 0, 'primarySH': 0, 'innerScrollables': 0, 'htmlOverflow': 'scroll', 'bodyOverflow': 'auto', 'articles': 0}", "data": null, "seq": 4273}
{"ts": "2026-04-28T12:48:54.283079+00:00", "level": "INFO", "jobId": "ec930081-ab53-43c2-aae3-448a8119912c", "keyword": "khai truong", "step": "capture", "message": "Capturing 6/30 (viewport)…", "data": null, "seq": 4274}
{"ts": "2026-04-28T12:48:54.692262+00:00", "level": "INFO", "jobId": "ec930081-ab53-43c2-aae3-448a8119912c", "keyword": "khai truong", "step": "capture", "message": "Saved post_056.png", "data": null, "seq": 4275}
{"ts": "2026-04-28T12:48:54.692262+00:00", "level": "INFO", "jobId": "ec930081-ab53-43c2-aae3-448a8119912c", "keyword": "khai truong", "step": "cooldown", "message": "Cooldown 2.0s (after capture)", "data": null, "seq": 4276}
{"ts": "2026-04-28T12:48:57.287419+00:00", "level": "INFO", "jobId": "ec930081-ab53-43c2-aae3-448a8119912c", "keyword": "khai truong", "step": "capture", "message": "Scroll did not move. diag={'y': 3084, 'docTop': 3084, 'docH': 4884, 'primaryTop': 0, 'primaryCH': 0, 'primarySH': 0, 'innerScrollables': 0, 'htmlOverflow': 'scroll', 'bodyOverflow': 'auto', 'articles': 0}", "data": null, "seq": 4277}
{"ts": "2026-04-28T12:48:57.295579+00:00", "level": "INFO", "jobId": "ec930081-ab53-43c2-aae3-448a8119912c", "keyword": "khai truong", "step": "capture", "message": "Capturing 7/30 (viewport)…", "data": null, "seq": 4278}
{"ts": "2026-04-28T12:48:57.691911+00:00", "level": "INFO", "jobId": "ec930081-ab53-43c2-aae3-448a8119912c", "keyword": "khai truong", "step": "capture", "message": "Saved post_057.png", "data": null, "seq": 4279}
{"ts": "2026-04-28T12:48:57.691911+00:00", "level": "INFO", "jobId": "ec930081-ab53-43c2-aae3-448a8119912c", "keyword": "khai truong", "step": "cooldown", "message": "Cooldown 2.9s (after capture)", "data": null, "seq": 4280}
{"ts": "2026-04-28T12:49:01.135288+00:00", "level": "INFO", "jobId": "ec930081-ab53-43c2-aae3-448a8119912c", "keyword": "khai truong", "step": "capture", "message": "Scroll did not move. diag={'y': 3084, 'docTop': 3084, 'docH': 4884, 'primaryTop': 0, 'primaryCH': 0, 'primarySH': 0, 'innerScrollables': 0, 'htmlOverflow': 'scroll', 'bodyOverflow': 'auto', 'articles': 0}", "data": null, "seq": 4281}
{"ts": "2026-04-28T12:49:01.142175+00:00", "level": "INFO", "jobId": "ec930081-ab53-43c2-aae3-448a8119912c", "keyword": "khai truong", "step": "capture", "message": "Capturing 8/30 (viewport)…", "data": null, "seq": 4282}
{"ts": "2026-04-28T12:49:01.545072+00:00", "level": "INFO", "jobId": "ec930081-ab53-43c2-aae3-448a8119912c", "keyword": "khai truong", "step": "capture", "message": "Saved post_058.png", "data": null, "seq": 4283}
{"ts": "2026-04-28T12:49:01.545072+00:00", "level": "INFO", "jobId": "ec930081-ab53-43c2-aae3-448a8119912c", "keyword": "khai truong", "step": "cooldown", "message": "Cooldown 1.1s (after capture)", "data": null, "seq": 4284}
{"ts": "2026-04-28T12:49:03.267686+00:00", "level": "INFO", "jobId": "ec930081-ab53-43c2-aae3-448a8119912c", "keyword": "khai truong", "step": "capture", "message": "Capturing 9/30 (viewport)…", "data": null, "seq": 4285}
{"ts": "2026-04-28T12:49:03.332307+00:00", "level": "INFO", "jobId": "ec930081-ab53-43c2-aae3-448a8119912c", "keyword": "khai truong", "step": "capture", "message": "Expanded \"Xem thêm\" (exact-class): +1 (total 1)", "data": null, "seq": 4286}
{"ts": "2026-04-28T12:49:04.073713+00:00", "level": "INFO", "jobId": "ec930081-ab53-43c2-aae3-448a8119912c", "keyword": "khai truong", "step": "capture", "message": "Saved post_059.png", "data": null, "seq": 4287}
{"ts": "2026-04-28T12:49:04.073713+00:00", "level": "INFO", "jobId": "ec930081-ab53-43c2-aae3-448a8119912c", "keyword": "khai truong", "step": "cooldown", "message": "Cooldown 1.1s (after capture)", "data": null, "seq": 4288}
{"ts": "2026-04-28T12:49:05.767033+00:00", "level": "INFO", "jobId": "ec930081-ab53-43c2-aae3-448a8119912c", "keyword": "khai truong", "step": "capture", "message": "Scroll did not move. diag={'y': 2717, 'docTop': 2717, 'docH': 10191, 'primaryTop': 0, 'primaryCH': 0, 'primarySH': 0, 'innerScrollables': 0, 'htmlOverflow': 'scroll', 'bodyOverflow': 'auto', 'articles': 0}", "data": null, "seq": 4289}
{"ts": "2026-04-28T12:49:05.778472+00:00", "level": "INFO", "jobId": "ec930081-ab53-43c2-aae3-448a8119912c", "keyword": "khai truong", "step": "capture", "message": "Capturing 10/30 (viewport)…", "data": null, "seq": 4290}
{"ts": "2026-04-28T12:49:06.077230+00:00", "level": "INFO", "jobId": "ec930081-ab53-43c2-aae3-448a8119912c", "keyword": "khai truong", "step": "capture", "message": "Saved post_060.png", "data": null, "seq": 4291}
{"ts": "2026-04-28T12:49:06.077230+00:00", "level": "INFO", "jobId": "ec930081-ab53-43c2-aae3-448a8119912c", "keyword": "khai truong", "step": "cooldown", "message": "Cooldown 2.4s (after capture)", "data": null, "seq": 4292}
{"ts": "2026-04-28T12:49:09.125781+00:00", "level": "INFO", "jobId": "ec930081-ab53-43c2-aae3-448a8119912c", "keyword": "khai truong", "step": "capture", "message": "Capturing 11/30 (viewport)…", "data": null, "seq": 4293}
{"ts": "2026-04-28T12:49:09.170395+00:00", "level": "INFO", "jobId": "ec930081-ab53-43c2-aae3-448a8119912c", "keyword": "khai truong", "step": "capture", "message": "Expanded \"Xem thêm\" (exact-class): +1 (total 1)", "data": null, "seq": 4294}
{"ts": "2026-04-28T12:49:09.853783+00:00", "level": "INFO", "jobId": "ec930081-ab53-43c2-aae3-448a8119912c", "keyword": "khai truong", "step": "capture", "message": "Saved post_061.png", "data": null, "seq": 4295}
{"ts": "2026-04-28T12:49:09.853783+00:00", "level": "INFO", "jobId": "ec930081-ab53-43c2-aae3-448a8119912c", "keyword": "khai truong", "step": "cooldown", "message": "Cooldown 2.8s (after capture)", "data": null, "seq": 4296}
{"ts": "2026-04-28T12:49:13.253400+00:00", "level": "INFO", "jobId": "ec930081-ab53-43c2-aae3-448a8119912c", "keyword": "khai truong", "step": "capture", "message": "Capturing 12/30 (viewport)…", "data": null, "seq": 4297}
{"ts": "2026-04-28T12:49:13.342041+00:00", "level": "INFO", "jobId": "ec930081-ab53-43c2-aae3-448a8119912c", "keyword": "khai truong", "step": "capture", "message": "Expanded \"Xem thêm\" (exact-class): +1 (total 1)", "data": null, "seq": 4298}
{"ts": "2026-04-28T12:49:14.047559+00:00", "level": "INFO", "jobId": "ec930081-ab53-43c2-aae3-448a8119912c", "keyword": "khai truong", "step": "capture", "message": "Saved post_062.png", "data": null, "seq": 4299}
{"ts": "2026-04-28T12:49:14.047559+00:00", "level": "INFO", "jobId": "ec930081-ab53-43c2-aae3-448a8119912c", "keyword": "khai truong", "step": "cooldown", "message": "Cooldown 2.7s (after capture)", "data": null, "seq": 4300}
{"ts": "2026-04-28T12:49:17.278757+00:00", "level": "INFO", "jobId": "ec930081-ab53-43c2-aae3-448a8119912c", "keyword": "khai truong", "step": "capture", "message": "Capturing 13/30 (viewport)…", "data": null, "seq": 4301}
{"ts": "2026-04-28T12:49:17.326622+00:00", "level": "INFO", "jobId": "ec930081-ab53-43c2-aae3-448a8119912c", "keyword": "khai truong", "step": "capture", "message": "Expanded \"Xem thêm\" (exact-class): +1 (total 1)", "data": null, "seq": 4302}
{"ts": "2026-04-28T12:49:18.045938+00:00", "level": "INFO", "jobId": "ec930081-ab53-43c2-aae3-448a8119912c", "keyword": "khai truong", "step": "capture", "message": "Saved post_063.png", "data": null, "seq": 4303}
{"ts": "2026-04-28T12:49:18.045938+00:00", "level": "INFO", "jobId": "ec930081-ab53-43c2-aae3-448a8119912c", "keyword": "khai truong", "step": "cooldown", "message": "Cooldown 2.3s (after capture)", "data": null, "seq": 4304}
{"ts": "2026-04-28T12:49:20.931743+00:00", "level": "INFO", "jobId": "ec930081-ab53-43c2-aae3-448a8119912c", "keyword": "khai truong", "step": "capture", "message": "Capturing 14/30 (viewport)…", "data": null, "seq": 4305}
{"ts": "2026-04-28T12:49:20.978038+00:00", "level": "INFO", "jobId": "ec930081-ab53-43c2-aae3-448a8119912c", "keyword": "khai truong", "step": "capture", "message": "Expanded \"Xem thêm\" (exact-class): +1 (total 1)", "data": null, "seq": 4306}
{"ts": "2026-04-28T12:49:21.877753+00:00", "level": "INFO", "jobId": "ec930081-ab53-43c2-aae3-448a8119912c", "keyword": "khai truong", "step": "capture", "message": "Saved post_064.png", "data": null, "seq": 4307}
{"ts": "2026-04-28T12:49:21.879214+00:00", "level": "INFO", "jobId": "ec930081-ab53-43c2-aae3-448a8119912c", "keyword": "khai truong", "step": "cooldown", "message": "Cooldown 2.6s (after capture)", "data": null, "seq": 4308}
{"ts": "2026-04-28T12:49:25.132051+00:00", "level": "INFO", "jobId": "ec930081-ab53-43c2-aae3-448a8119912c", "keyword": "khai truong", "step": "capture", "message": "Capturing 15/30 (viewport)…", "data": null, "seq": 4309}
{"ts": "2026-04-28T12:49:25.518098+00:00", "level": "INFO", "jobId": "ec930081-ab53-43c2-aae3-448a8119912c", "keyword": "khai truong", "step": "capture", "message": "Saved post_065.png", "data": null, "seq": 4310}
{"ts": "2026-04-28T12:49:25.518098+00:00", "level": "INFO", "jobId": "ec930081-ab53-43c2-aae3-448a8119912c", "keyword": "khai truong", "step": "cooldown", "message": "Cooldown 1.5s (after capture)", "data": null, "seq": 4311}
{"ts": "2026-04-28T12:49:27.651924+00:00", "level": "INFO", "jobId": "ec930081-ab53-43c2-aae3-448a8119912c", "keyword": "khai truong", "step": "capture", "message": "Capturing 16/30 (viewport)…", "data": null, "seq": 4312}
{"ts": "2026-04-28T12:49:27.770288+00:00", "level": "INFO", "jobId": "ec930081-ab53-43c2-aae3-448a8119912c", "keyword": "khai truong", "step": "capture", "message": "Expanded \"Xem thêm\" (exact-class): +1 (total 1)", "data": null, "seq": 4313}
{"ts": "2026-04-28T12:49:28.543919+00:00", "level": "INFO", "jobId": "ec930081-ab53-43c2-aae3-448a8119912c", "keyword": "khai truong", "step": "capture", "message": "Saved post_066.png", "data": null, "seq": 4314}
{"ts": "2026-04-28T12:49:28.543919+00:00", "level": "INFO", "jobId": "ec930081-ab53-43c2-aae3-448a8119912c", "keyword": "khai truong", "step": "cooldown", "message": "Cooldown 2.0s (after capture)", "data": null, "seq": 4315}
{"ts": "2026-04-28T12:49:31.072749+00:00", "level": "INFO", "jobId": "ec930081-ab53-43c2-aae3-448a8119912c", "keyword": "khai truong", "step": "capture", "message": "Capturing 17/30 (viewport)…", "data": null, "seq": 4316}
{"ts": "2026-04-28T12:49:31.150745+00:00", "level": "INFO", "jobId": "ec930081-ab53-43c2-aae3-448a8119912c", "keyword": "khai truong", "step": "capture", "message": "Expanded \"Xem thêm\" (exact-class): +1 (total 1)", "data": null, "seq": 4317}
{"ts": "2026-04-28T12:49:31.897076+00:00", "level": "INFO", "jobId": "ec930081-ab53-43c2-aae3-448a8119912c", "keyword": "khai truong", "step": "capture", "message": "Saved post_067.png", "data": null, "seq": 4318}
{"ts": "2026-04-28T12:49:31.897076+00:00", "level": "INFO", "jobId": "ec930081-ab53-43c2-aae3-448a8119912c", "keyword": "khai truong", "step": "cooldown", "message": "Cooldown 1.6s (after capture)", "data": null, "seq": 4319}
{"ts": "2026-04-28T12:49:34.107423+00:00", "level": "INFO", "jobId": "ec930081-ab53-43c2-aae3-448a8119912c", "keyword": "khai truong", "step": "capture", "message": "Capturing 18/30 (viewport)…", "data": null, "seq": 4320}
{"ts": "2026-04-28T12:49:34.180888+00:00", "level": "INFO", "jobId": "ec930081-ab53-43c2-aae3-448a8119912c", "keyword": "khai truong", "step": "capture", "message": "Expanded \"Xem thêm\" (exact-class): +1 (total 1)", "data": null, "seq": 4321}
{"ts": "2026-04-28T12:49:34.848608+00:00", "level": "INFO", "jobId": "ec930081-ab53-43c2-aae3-448a8119912c", "keyword": "khai truong", "step": "capture", "message": "Saved post_068.png", "data": null, "seq": 4322}
{"ts": "2026-04-28T12:49:34.848608+00:00", "level": "INFO", "jobId": "ec930081-ab53-43c2-aae3-448a8119912c", "keyword": "khai truong", "step": "cooldown", "message": "Cooldown 1.3s (after capture)", "data": null, "seq": 4323}
{"ts": "2026-04-28T12:49:36.758623+00:00", "level": "INFO", "jobId": "ec930081-ab53-43c2-aae3-448a8119912c", "keyword": "khai truong", "step": "capture", "message": "Capturing 19/30 (viewport)…", "data": null, "seq": 4324}
{"ts": "2026-04-28T12:49:37.119308+00:00", "level": "INFO", "jobId": "ec930081-ab53-43c2-aae3-448a8119912c", "keyword": "khai truong", "step": "capture", "message": "Saved post_069.png", "data": null, "seq": 4325}
{"ts": "2026-04-28T12:49:37.119308+00:00", "level": "INFO", "jobId": "ec930081-ab53-43c2-aae3-448a8119912c", "keyword": "khai truong", "step": "cooldown", "message": "Cooldown 1.8s (after capture)", "data": null, "seq": 4326}
{"ts": "2026-04-28T12:49:39.523349+00:00", "level": "INFO", "jobId": "ec930081-ab53-43c2-aae3-448a8119912c", "keyword": "khai truong", "step": "capture", "message": "Capturing 20/30 (viewport)…", "data": null, "seq": 4327}
{"ts": "2026-04-28T12:49:39.881309+00:00", "level": "INFO", "jobId": "ec930081-ab53-43c2-aae3-448a8119912c", "keyword": "khai truong", "step": "capture", "message": "Saved post_070.png", "data": null, "seq": 4328}
{"ts": "2026-04-28T12:49:39.881309+00:00", "level": "INFO", "jobId": "ec930081-ab53-43c2-aae3-448a8119912c", "keyword": "khai truong", "step": "cooldown", "message": "Cooldown 2.2s (after capture)", "data": null, "seq": 4329}
{"ts": "2026-04-28T12:49:42.636162+00:00", "level": "INFO", "jobId": "ec930081-ab53-43c2-aae3-448a8119912c", "keyword": "khai truong", "step": "capture", "message": "Capturing 21/30 (viewport)…", "data": null, "seq": 4330}
{"ts": "2026-04-28T12:49:42.696679+00:00", "level": "INFO", "jobId": "ec930081-ab53-43c2-aae3-448a8119912c", "keyword": "khai truong", "step": "capture", "message": "Expanded \"Xem thêm\" (exact-class): +1 (total 1)", "data": null, "seq": 4331}
{"ts": "2026-04-28T12:49:43.449884+00:00", "level": "INFO", "jobId": "ec930081-ab53-43c2-aae3-448a8119912c", "keyword": "khai truong", "step": "capture", "message": "Saved post_071.png", "data": null, "seq": 4332}
{"ts": "2026-04-28T12:49:43.449884+00:00", "level": "INFO", "jobId": "ec930081-ab53-43c2-aae3-448a8119912c", "keyword": "khai truong", "step": "cooldown", "message": "Cooldown 2.4s (after capture)", "data": null, "seq": 4333}
{"ts": "2026-04-28T12:49:46.372408+00:00", "level": "INFO", "jobId": "ec930081-ab53-43c2-aae3-448a8119912c", "keyword": "khai truong", "step": "capture", "message": "Capturing 22/30 (viewport)…", "data": null, "seq": 4334}
{"ts": "2026-04-28T12:49:46.423356+00:00", "level": "INFO", "jobId": "ec930081-ab53-43c2-aae3-448a8119912c", "keyword": "khai truong", "step": "capture", "message": "Expanded \"Xem thêm\" (exact-class): +1 (total 1)", "data": null, "seq": 4335}
{"ts": "2026-04-28T12:49:47.209819+00:00", "level": "INFO", "jobId": "ec930081-ab53-43c2-aae3-448a8119912c", "keyword": "khai truong", "step": "capture", "message": "Saved post_072.png", "data": null, "seq": 4336}
{"ts": "2026-04-28T12:49:47.209819+00:00", "level": "INFO", "jobId": "ec930081-ab53-43c2-aae3-448a8119912c", "keyword": "khai truong", "step": "cooldown", "message": "Cooldown 2.8s (after capture)", "data": null, "seq": 4337}
{"ts": "2026-04-28T12:49:50.868280+00:00", "level": "INFO", "jobId": "ec930081-ab53-43c2-aae3-448a8119912c", "keyword": "khai truong", "step": "capture", "message": "Capturing 23/30 (viewport)…", "data": null, "seq": 4338}
{"ts": "2026-04-28T12:49:50.990633+00:00", "level": "INFO", "jobId": "ec930081-ab53-43c2-aae3-448a8119912c", "keyword": "khai truong", "step": "capture", "message": "Expanded \"Xem thêm\" (exact-class): +1 (total 1)", "data": null, "seq": 4339}
{"ts": "2026-04-28T12:49:51.701553+00:00", "level": "INFO", "jobId": "ec930081-ab53-43c2-aae3-448a8119912c", "keyword": "khai truong", "step": "capture", "message": "Saved post_073.png", "data": null, "seq": 4340}
{"ts": "2026-04-28T12:49:51.703391+00:00", "level": "INFO", "jobId": "ec930081-ab53-43c2-aae3-448a8119912c", "keyword": "khai truong", "step": "cooldown", "message": "Cooldown 1.9s (after capture)", "data": null, "seq": 4341}
{"ts": "2026-04-28T12:49:54.292898+00:00", "level": "INFO", "jobId": "ec930081-ab53-43c2-aae3-448a8119912c", "keyword": "khai truong", "step": "capture", "message": "Capturing 24/30 (viewport)…", "data": null, "seq": 4342}
{"ts": "2026-04-28T12:49:54.390627+00:00", "level": "INFO", "jobId": "ec930081-ab53-43c2-aae3-448a8119912c", "keyword": "khai truong", "step": "capture", "message": "Expanded \"Xem thêm\" (exact-class): +1 (total 1)", "data": null, "seq": 4343}
{"ts": "2026-04-28T12:49:55.091419+00:00", "level": "INFO", "jobId": "ec930081-ab53-43c2-aae3-448a8119912c", "keyword": "khai truong", "step": "capture", "message": "Saved post_074.png", "data": null, "seq": 4344}
{"ts": "2026-04-28T12:49:55.091419+00:00", "level": "INFO", "jobId": "ec930081-ab53-43c2-aae3-448a8119912c", "keyword": "khai truong", "step": "cooldown", "message": "Cooldown 2.8s (after capture)", "data": null, "seq": 4345}
{"ts": "2026-04-28T12:49:58.452230+00:00", "level": "INFO", "jobId": "ec930081-ab53-43c2-aae3-448a8119912c", "keyword": "khai truong", "step": "capture", "message": "Capturing 25/30 (viewport)…", "data": null, "seq": 4346}
{"ts": "2026-04-28T12:49:58.534841+00:00", "level": "INFO", "jobId": "ec930081-ab53-43c2-aae3-448a8119912c", "keyword": "khai truong", "step": "capture", "message": "Expanded \"Xem thêm\" (exact-class): +1 (total 1)", "data": null, "seq": 4347}
{"ts": "2026-04-28T12:49:59.271729+00:00", "level": "INFO", "jobId": "ec930081-ab53-43c2-aae3-448a8119912c", "keyword": "khai truong", "step": "capture", "message": "Saved post_075.png", "data": null, "seq": 4348}
{"ts": "2026-04-28T12:49:59.272730+00:00", "level": "INFO", "jobId": "ec930081-ab53-43c2-aae3-448a8119912c", "keyword": "khai truong", "step": "cooldown", "message": "Cooldown 2.5s (after capture)", "data": null, "seq": 4349}
{"ts": "2026-04-28T12:50:02.369977+00:00", "level": "INFO", "jobId": "ec930081-ab53-43c2-aae3-448a8119912c", "keyword": "khai truong", "step": "capture", "message": "Capturing 26/30 (viewport)…", "data": null, "seq": 4350}
{"ts": "2026-04-28T12:50:02.463282+00:00", "level": "INFO", "jobId": "ec930081-ab53-43c2-aae3-448a8119912c", "keyword": "khai truong", "step": "capture", "message": "Expanded \"Xem thêm\" (exact-class): +1 (total 1)", "data": null, "seq": 4351}
{"ts": "2026-04-28T12:50:03.667659+00:00", "level": "INFO", "jobId": "ec930081-ab53-43c2-aae3-448a8119912c", "keyword": "khai truong", "step": "capture", "message": "Saved post_076.png", "data": null, "seq": 4352}
{"ts": "2026-04-28T12:50:03.668665+00:00", "level": "INFO", "jobId": "ec930081-ab53-43c2-aae3-448a8119912c", "keyword": "khai truong", "step": "cooldown", "message": "Cooldown 2.1s (after capture)", "data": null, "seq": 4353}
{"ts": "2026-04-28T12:50:06.405740+00:00", "level": "INFO", "jobId": "ec930081-ab53-43c2-aae3-448a8119912c", "keyword": "khai truong", "step": "capture", "message": "Capturing 27/30 (viewport)…", "data": null, "seq": 4354}
{"ts": "2026-04-28T12:50:06.825744+00:00", "level": "INFO", "jobId": "ec930081-ab53-43c2-aae3-448a8119912c", "keyword": "khai truong", "step": "capture", "message": "Saved post_077.png", "data": null, "seq": 4355}
{"ts": "2026-04-28T12:50:06.825744+00:00", "level": "INFO", "jobId": "ec930081-ab53-43c2-aae3-448a8119912c", "keyword": "khai truong", "step": "cooldown", "message": "Cooldown 2.8s (after capture)", "data": null, "seq": 4356}
{"ts": "2026-04-28T12:50:10.208952+00:00", "level": "INFO", "jobId": "ec930081-ab53-43c2-aae3-448a8119912c", "keyword": "khai truong", "step": "capture", "message": "Capturing 28/30 (viewport)…", "data": null, "seq": 4357}
{"ts": "2026-04-28T12:50:10.392149+00:00", "level": "INFO", "jobId": "ec930081-ab53-43c2-aae3-448a8119912c", "keyword": "khai truong", "step": "capture", "message": "Expanded \"Xem thêm\" (exact-class): +1 (total 1)", "data": null, "seq": 4358}
{"ts": "2026-04-28T12:50:11.233940+00:00", "level": "INFO", "jobId": "ec930081-ab53-43c2-aae3-448a8119912c", "keyword": "khai truong", "step": "capture", "message": "Saved post_078.png", "data": null, "seq": 4359}
{"ts": "2026-04-28T12:50:11.234945+00:00", "level": "INFO", "jobId": "ec930081-ab53-43c2-aae3-448a8119912c", "keyword": "khai truong", "step": "cooldown", "message": "Cooldown 1.4s (after capture)", "data": null, "seq": 4360}
{"ts": "2026-04-28T12:50:13.155579+00:00", "level": "INFO", "jobId": "ec930081-ab53-43c2-aae3-448a8119912c", "keyword": "khai truong", "step": "capture", "message": "Capturing 29/30 (viewport)…", "data": null, "seq": 4361}
{"ts": "2026-04-28T12:50:13.244728+00:00", "level": "INFO", "jobId": "ec930081-ab53-43c2-aae3-448a8119912c", "keyword": "khai truong", "step": "capture", "message": "Expanded \"Xem thêm\" (exact-class): +1 (total 1)", "data": null, "seq": 4362}
{"ts": "2026-04-28T12:50:13.960112+00:00", "level": "INFO", "jobId": "ec930081-ab53-43c2-aae3-448a8119912c", "keyword": "khai truong", "step": "capture", "message": "Saved post_079.png", "data": null, "seq": 4363}
{"ts": "2026-04-28T12:50:13.961115+00:00", "level": "INFO", "jobId": "ec930081-ab53-43c2-aae3-448a8119912c", "keyword": "khai truong", "step": "cooldown", "message": "Cooldown 1.6s (after capture)", "data": null, "seq": 4364}
{"ts": "2026-04-28T12:50:16.099630+00:00", "level": "INFO", "jobId": "ec930081-ab53-43c2-aae3-448a8119912c", "keyword": "khai truong", "step": "capture", "message": "Capturing 30/30 (viewport)…", "data": null, "seq": 4365}
{"ts": "2026-04-28T12:50:16.163909+00:00", "level": "INFO", "jobId": "ec930081-ab53-43c2-aae3-448a8119912c", "keyword": "khai truong", "step": "capture", "message": "Expanded \"Xem thêm\" (exact-class): +1 (total 1)", "data": null, "seq": 4366}
{"ts": "2026-04-28T12:50:16.896992+00:00", "level": "INFO", "jobId": "ec930081-ab53-43c2-aae3-448a8119912c", "keyword": "khai truong", "step": "capture", "message": "Saved post_080.png", "data": null, "seq": 4367}
{"ts": "2026-04-28T12:50:16.896992+00:00", "level": "INFO", "jobId": "ec930081-ab53-43c2-aae3-448a8119912c", "keyword": "khai truong", "step": "cooldown", "message": "Cooldown 2.4s (after capture)", "data": null, "seq": 4368}
{"ts": "2026-04-28T12:50:19.929846+00:00", "level": "INFO", "jobId": "ec930081-ab53-43c2-aae3-448a8119912c", "keyword": "khai truong", "step": "done", "message": "Completed. Saved=30", "data": null, "seq": 4369}
{"ts": "2026-04-28T12:50:19.931963+00:00", "level": "INFO", "jobId": "ec930081-ab53-43c2-aae3-448a8119912c", "keyword": "khai truong", "step": "cooldown", "message": "Between-keywords delay: 1.5s", "data": null, "seq": 4370}
