{"ts": "2026-04-28T15:00:30.795026+00:00", "level": "INFO", "jobId": "f822c60b-ad56-4c3a-a3d0-e198f4208ef7", "keyword": "khai truong hcm", "step": "created", "message": "Job created", "data": {"maxPosts": 10}, "seq": 5205}
{"ts": "2026-04-28T15:00:48.188290+00:00", "level": "INFO", "jobId": "f822c60b-ad56-4c3a-a3d0-e198f4208ef7", "keyword": "khai truong hcm", "step": "start", "message": "Job started (attempt 1/2)", "data": null, "seq": 5207}
{"ts": "2026-04-28T15:00:54.006143+00:00", "level": "INFO", "jobId": "f822c60b-ad56-4c3a-a3d0-e198f4208ef7", "keyword": "khai truong hcm", "step": "login", "message": "Already logged in (profile session).", "data": null, "seq": 5210}
{"ts": "2026-04-28T15:00:55.260280+00:00", "level": "WARN", "jobId": "f822c60b-ad56-4c3a-a3d0-e198f4208ef7", "keyword": "khai truong hcm", "step": "network", "message": "Network slow during search: rtt=1052ms http=192ms (slow). Increasing timeouts.", "data": null, "seq": 5211}
{"ts": "2026-04-28T15:00:55.275192+00:00", "level": "INFO", "jobId": "f822c60b-ad56-4c3a-a3d0-e198f4208ef7", "keyword": "khai truong hcm", "step": "search", "message": "Searching keyword: \"khai truong hcm\"", "data": null, "seq": 5212}
{"ts": "2026-04-28T15:01:00.904305+00:00", "level": "INFO", "jobId": "f822c60b-ad56-4c3a-a3d0-e198f4208ef7", "keyword": "khai truong hcm", "step": "capture", "message": "Start capturing up to 10 posts.", "data": null, "seq": 5213}
{"ts": "2026-04-28T15:01:03.000100+00:00", "level": "INFO", "jobId": "f822c60b-ad56-4c3a-a3d0-e198f4208ef7", "keyword": "khai truong hcm", "step": "capture", "message": "Capturing 1/10 (viewport)…", "data": null, "seq": 5214}
{"ts": "2026-04-28T15:01:04.617463+00:00", "level": "INFO", "jobId": "f822c60b-ad56-4c3a-a3d0-e198f4208ef7", "keyword": "khai truong hcm", "step": "capture", "message": "Expanded \"Xem thêm\" (exact-class): +2 (total 2)", "data": null, "seq": 5215}
{"ts": "2026-04-28T15:01:06.285976+00:00", "level": "INFO", "jobId": "f822c60b-ad56-4c3a-a3d0-e198f4208ef7", "keyword": "khai truong hcm", "step": "capture", "message": "Saved post_007.png", "data": null, "seq": 5216}
{"ts": "2026-04-28T15:01:06.290977+00:00", "level": "INFO", "jobId": "f822c60b-ad56-4c3a-a3d0-e198f4208ef7", "keyword": "khai truong hcm", "step": "cooldown", "message": "Cooldown 2.8s (after capture)", "data": null, "seq": 5217}
{"ts": "2026-04-28T15:01:09.902504+00:00", "level": "INFO", "jobId": "f822c60b-ad56-4c3a-a3d0-e198f4208ef7", "keyword": "khai truong hcm", "step": "capture", "message": "Capturing 2/10 (viewport)…", "data": null, "seq": 5218}
{"ts": "2026-04-28T15:01:10.810589+00:00", "level": "INFO", "jobId": "f822c60b-ad56-4c3a-a3d0-e198f4208ef7", "keyword": "khai truong hcm", "step": "capture", "message": "Saved post_008.png", "data": null, "seq": 5219}
{"ts": "2026-04-28T15:01:10.824170+00:00", "level": "INFO", "jobId": "f822c60b-ad56-4c3a-a3d0-e198f4208ef7", "keyword": "khai truong hcm", "step": "cooldown", "message": "Cooldown 2.0s (after capture)", "data": null, "seq": 5220}
{"ts": "2026-04-28T15:01:13.541832+00:00", "level": "INFO", "jobId": "f822c60b-ad56-4c3a-a3d0-e198f4208ef7", "keyword": "khai truong hcm", "step": "capture", "message": "Capturing 3/10 (viewport)…", "data": null, "seq": 5221}
{"ts": "2026-04-28T15:01:13.806442+00:00", "level": "INFO", "jobId": "f822c60b-ad56-4c3a-a3d0-e198f4208ef7", "keyword": "khai truong hcm", "step": "capture", "message": "Expanded \"Xem thêm\" (exact-class): +1 (total 1)", "data": null, "seq": 5222}
{"ts": "2026-04-28T15:01:14.835499+00:00", "level": "INFO", "jobId": "f822c60b-ad56-4c3a-a3d0-e198f4208ef7", "keyword": "khai truong hcm", "step": "capture", "message": "Saved post_009.png", "data": null, "seq": 5223}
{"ts": "2026-04-28T15:01:14.836504+00:00", "level": "INFO", "jobId": "f822c60b-ad56-4c3a-a3d0-e198f4208ef7", "keyword": "khai truong hcm", "step": "cooldown", "message": "Cooldown 2.9s (after capture)", "data": null, "seq": 5224}
{"ts": "2026-04-28T15:01:18.426575+00:00", "level": "INFO", "jobId": "f822c60b-ad56-4c3a-a3d0-e198f4208ef7", "keyword": "khai truong hcm", "step": "capture", "message": "Capturing 4/10 (viewport)…", "data": null, "seq": 5225}
{"ts": "2026-04-28T15:01:18.579007+00:00", "level": "INFO", "jobId": "f822c60b-ad56-4c3a-a3d0-e198f4208ef7", "keyword": "khai truong hcm", "step": "capture", "message": "Expanded \"Xem thêm\" (exact-class): +1 (total 1)", "data": null, "seq": 5226}
{"ts": "2026-04-28T15:01:19.542421+00:00", "level": "INFO", "jobId": "f822c60b-ad56-4c3a-a3d0-e198f4208ef7", "keyword": "khai truong hcm", "step": "capture", "message": "Saved post_010.png", "data": null, "seq": 5227}
{"ts": "2026-04-28T15:01:19.545577+00:00", "level": "INFO", "jobId": "f822c60b-ad56-4c3a-a3d0-e198f4208ef7", "keyword": "khai truong hcm", "step": "cooldown", "message": "Cooldown 1.6s (after capture)", "data": null, "seq": 5228}
{"ts": "2026-04-28T15:01:21.760031+00:00", "level": "INFO", "jobId": "f822c60b-ad56-4c3a-a3d0-e198f4208ef7", "keyword": "khai truong hcm", "step": "capture", "message": "Capturing 5/10 (viewport)…", "data": null, "seq": 5229}
{"ts": "2026-04-28T15:01:21.956393+00:00", "level": "INFO", "jobId": "f822c60b-ad56-4c3a-a3d0-e198f4208ef7", "keyword": "khai truong hcm", "step": "capture", "message": "Expanded \"Xem thêm\" (exact-class): +3 (total 3)", "data": null, "seq": 5230}
{"ts": "2026-04-28T15:01:22.643274+00:00", "level": "INFO", "jobId": "f822c60b-ad56-4c3a-a3d0-e198f4208ef7", "keyword": "khai truong hcm", "step": "capture", "message": "Saved post_011.png", "data": null, "seq": 5231}
{"ts": "2026-04-28T15:01:22.643274+00:00", "level": "INFO", "jobId": "f822c60b-ad56-4c3a-a3d0-e198f4208ef7", "keyword": "khai truong hcm", "step": "cooldown", "message": "Cooldown 1.5s (after capture)", "data": null, "seq": 5232}
{"ts": "2026-04-28T15:01:24.658970+00:00", "level": "INFO", "jobId": "f822c60b-ad56-4c3a-a3d0-e198f4208ef7", "keyword": "khai truong hcm", "step": "capture", "message": "Capturing 6/10 (viewport)…", "data": null, "seq": 5233}
{"ts": "2026-04-28T15:01:24.949839+00:00", "level": "INFO", "jobId": "f822c60b-ad56-4c3a-a3d0-e198f4208ef7", "keyword": "khai truong hcm", "step": "capture", "message": "Saved post_012.png", "data": null, "seq": 5234}
{"ts": "2026-04-28T15:01:24.949839+00:00", "level": "INFO", "jobId": "f822c60b-ad56-4c3a-a3d0-e198f4208ef7", "keyword": "khai truong hcm", "step": "cooldown", "message": "Cooldown 1.2s (after capture)", "data": null, "seq": 5235}
{"ts": "2026-04-28T15:01:26.670888+00:00", "level": "INFO", "jobId": "f822c60b-ad56-4c3a-a3d0-e198f4208ef7", "keyword": "khai truong hcm", "step": "capture", "message": "Capturing 7/10 (viewport)…", "data": null, "seq": 5236}
{"ts": "2026-04-28T15:01:27.027566+00:00", "level": "INFO", "jobId": "f822c60b-ad56-4c3a-a3d0-e198f4208ef7", "keyword": "khai truong hcm", "step": "capture", "message": "Saved post_013.png", "data": null, "seq": 5237}
{"ts": "2026-04-28T15:01:27.039171+00:00", "level": "INFO", "jobId": "f822c60b-ad56-4c3a-a3d0-e198f4208ef7", "keyword": "khai truong hcm", "step": "cooldown", "message": "Cooldown 1.5s (after capture)", "data": null, "seq": 5238}
{"ts": "2026-04-28T15:01:29.141273+00:00", "level": "INFO", "jobId": "f822c60b-ad56-4c3a-a3d0-e198f4208ef7", "keyword": "khai truong hcm", "step": "capture", "message": "Capturing 8/10 (viewport)…", "data": null, "seq": 5239}
{"ts": "2026-04-28T15:01:29.499696+00:00", "level": "INFO", "jobId": "f822c60b-ad56-4c3a-a3d0-e198f4208ef7", "keyword": "khai truong hcm", "step": "capture", "message": "Saved post_014.png", "data": null, "seq": 5240}
{"ts": "2026-04-28T15:01:29.499696+00:00", "level": "INFO", "jobId": "f822c60b-ad56-4c3a-a3d0-e198f4208ef7", "keyword": "khai truong hcm", "step": "cooldown", "message": "Cooldown 1.7s (after capture)", "data": null, "seq": 5241}
{"ts": "2026-04-28T15:01:35.395368+00:00", "level": "INFO", "jobId": "f822c60b-ad56-4c3a-a3d0-e198f4208ef7", "keyword": "khai truong hcm", "step": "capture", "message": "Capturing 9/10 (viewport)…", "data": null, "seq": 5242}
{"ts": "2026-04-28T15:01:35.630902+00:00", "level": "INFO", "jobId": "f822c60b-ad56-4c3a-a3d0-e198f4208ef7", "keyword": "khai truong hcm", "step": "capture", "message": "Expanded \"Xem thêm\" (exact-class): +1 (total 1)", "data": null, "seq": 5243}
{"ts": "2026-04-28T15:01:46.883915+00:00", "level": "INFO", "jobId": "f822c60b-ad56-4c3a-a3d0-e198f4208ef7", "keyword": "khai truong hcm", "step": "capture", "message": "Saved post_015.png", "data": null, "seq": 5244}
{"ts": "2026-04-28T15:01:46.886228+00:00", "level": "INFO", "jobId": "f822c60b-ad56-4c3a-a3d0-e198f4208ef7", "keyword": "khai truong hcm", "step": "cooldown", "message": "Cooldown 1.8s (after capture)", "data": null, "seq": 5245}
{"ts": "2026-04-28T15:01:49.481645+00:00", "level": "INFO", "jobId": "f822c60b-ad56-4c3a-a3d0-e198f4208ef7", "keyword": "khai truong hcm", "step": "capture", "message": "Capturing 10/10 (viewport)…", "data": null, "seq": 5246}
{"ts": "2026-04-28T15:01:49.788387+00:00", "level": "INFO", "jobId": "f822c60b-ad56-4c3a-a3d0-e198f4208ef7", "keyword": "khai truong hcm", "step": "capture", "message": "Expanded \"Xem thêm\" (exact-class): +2 (total 2)", "data": null, "seq": 5247}
{"ts": "2026-04-28T15:02:00.820872+00:00", "level": "INFO", "jobId": "f822c60b-ad56-4c3a-a3d0-e198f4208ef7", "keyword": "khai truong hcm", "step": "capture", "message": "Saved post_016.png", "data": null, "seq": 5248}
{"ts": "2026-04-28T15:02:00.820872+00:00", "level": "INFO", "jobId": "f822c60b-ad56-4c3a-a3d0-e198f4208ef7", "keyword": "khai truong hcm", "step": "cooldown", "message": "Cooldown 2.6s (after capture)", "data": null, "seq": 5249}
{"ts": "2026-04-28T15:02:03.392628+00:00", "level": "INFO", "jobId": "f822c60b-ad56-4c3a-a3d0-e198f4208ef7", "keyword": "khai truong hcm", "step": "done", "message": "Completed. Saved=10", "data": null, "seq": 5250}
