{"ts": "2026-04-28T11:48:46.077982+00:00", "level": "INFO", "jobId": "fd555438-531b-4d68-af0e-c37e42bc8470", "keyword": "khai truong", "step": "created", "message": "Job created", "data": {"maxPosts": 30}, "seq": 3460}
{"ts": "2026-04-28T11:48:46.138929+00:00", "level": "INFO", "jobId": "fd555438-531b-4d68-af0e-c37e42bc8470", "keyword": "khai truong", "step": "start", "message": "Job started (attempt 1/2)", "data": null, "seq": 3461}
{"ts": "2026-04-28T11:48:49.960244+00:00", "level": "INFO", "jobId": "fd555438-531b-4d68-af0e-c37e42bc8470", "keyword": "khai truong", "step": "login", "message": "Already logged in (profile session).", "data": null, "seq": 3462}
{"ts": "2026-04-28T11:48:50.651719+00:00", "level": "INFO", "jobId": "fd555438-531b-4d68-af0e-c37e42bc8470", "keyword": "khai truong", "step": "search", "message": "Searching keyword: \"khai truong\"", "data": null, "seq": 3463}
{"ts": "2026-04-28T11:49:03.377874+00:00", "level": "INFO", "jobId": "fd555438-531b-4d68-af0e-c37e42bc8470", "keyword": "khai truong", "step": "capture", "message": "Start capturing up to 30 posts.", "data": null, "seq": 3464}
{"ts": "2026-04-28T11:49:03.401198+00:00", "level": "INFO", "jobId": "fd555438-531b-4d68-af0e-c37e42bc8470", "keyword": "khai truong", "step": "capture", "message": "Capturing 1/30 (viewport)…", "data": null, "seq": 3465}
{"ts": "2026-04-28T11:49:03.822498+00:00", "level": "INFO", "jobId": "fd555438-531b-4d68-af0e-c37e42bc8470", "keyword": "khai truong", "step": "capture", "message": "Saved post_008.png", "data": null, "seq": 3466}
{"ts": "2026-04-28T11:49:03.822498+00:00", "level": "INFO", "jobId": "fd555438-531b-4d68-af0e-c37e42bc8470", "keyword": "khai truong", "step": "cooldown", "message": "Cooldown 2.7s (after capture)", "data": null, "seq": 3467}
{"ts": "2026-04-28T11:49:07.492497+00:00", "level": "INFO", "jobId": "fd555438-531b-4d68-af0e-c37e42bc8470", "keyword": "khai truong", "step": "capture", "message": "Capturing 2/30 (viewport)…", "data": null, "seq": 3468}
{"ts": "2026-04-28T11:49:11.233593+00:00", "level": "INFO", "jobId": "fd555438-531b-4d68-af0e-c37e42bc8470", "keyword": "khai truong", "step": "capture", "message": "Saved post_009.png", "data": null, "seq": 3469}
{"ts": "2026-04-28T11:49:11.235020+00:00", "level": "INFO", "jobId": "fd555438-531b-4d68-af0e-c37e42bc8470", "keyword": "khai truong", "step": "cooldown", "message": "Cooldown 2.6s (after capture)", "data": null, "seq": 3470}
{"ts": "2026-04-28T11:49:14.330649+00:00", "level": "INFO", "jobId": "fd555438-531b-4d68-af0e-c37e42bc8470", "keyword": "khai truong", "step": "capture", "message": "Capturing 3/30 (viewport)…", "data": null, "seq": 3471}
{"ts": "2026-04-28T11:49:17.307372+00:00", "level": "INFO", "jobId": "fd555438-531b-4d68-af0e-c37e42bc8470", "keyword": "khai truong", "step": "capture", "message": "Saved post_010.png", "data": null, "seq": 3472}
{"ts": "2026-04-28T11:49:17.309167+00:00", "level": "INFO", "jobId": "fd555438-531b-4d68-af0e-c37e42bc8470", "keyword": "khai truong", "step": "cooldown", "message": "Cooldown 1.1s (after capture)", "data": null, "seq": 3473}
{"ts": "2026-04-28T11:49:18.846790+00:00", "level": "INFO", "jobId": "fd555438-531b-4d68-af0e-c37e42bc8470", "keyword": "khai truong", "step": "capture", "message": "Capturing 4/30 (viewport)…", "data": null, "seq": 3474}
{"ts": "2026-04-28T11:49:20.932278+00:00", "level": "INFO", "jobId": "fd555438-531b-4d68-af0e-c37e42bc8470", "keyword": "khai truong", "step": "capture", "message": "Saved post_011.png", "data": null, "seq": 3475}
{"ts": "2026-04-28T11:49:20.932278+00:00", "level": "INFO", "jobId": "fd555438-531b-4d68-af0e-c37e42bc8470", "keyword": "khai truong", "step": "cooldown", "message": "Cooldown 2.4s (after capture)", "data": null, "seq": 3476}
{"ts": "2026-04-28T11:49:23.743607+00:00", "level": "INFO", "jobId": "fd555438-531b-4d68-af0e-c37e42bc8470", "keyword": "khai truong", "step": "capture", "message": "Capturing 5/30 (viewport)…", "data": null, "seq": 3477}
{"ts": "2026-04-28T11:49:25.543678+00:00", "level": "INFO", "jobId": "fd555438-531b-4d68-af0e-c37e42bc8470", "keyword": "khai truong", "step": "capture", "message": "Saved post_012.png", "data": null, "seq": 3478}
{"ts": "2026-04-28T11:49:25.543678+00:00", "level": "INFO", "jobId": "fd555438-531b-4d68-af0e-c37e42bc8470", "keyword": "khai truong", "step": "cooldown", "message": "Cooldown 2.8s (after capture)", "data": null, "seq": 3479}
{"ts": "2026-04-28T11:49:28.724172+00:00", "level": "INFO", "jobId": "fd555438-531b-4d68-af0e-c37e42bc8470", "keyword": "khai truong", "step": "capture", "message": "Capturing 6/30 (viewport)…", "data": null, "seq": 3480}
{"ts": "2026-04-28T11:49:30.605028+00:00", "level": "INFO", "jobId": "fd555438-531b-4d68-af0e-c37e42bc8470", "keyword": "khai truong", "step": "capture", "message": "Saved post_013.png", "data": null, "seq": 3481}
{"ts": "2026-04-28T11:49:30.606476+00:00", "level": "INFO", "jobId": "fd555438-531b-4d68-af0e-c37e42bc8470", "keyword": "khai truong", "step": "cooldown", "message": "Cooldown 1.8s (after capture)", "data": null, "seq": 3482}
{"ts": "2026-04-28T11:49:32.835335+00:00", "level": "WARN", "jobId": "fd555438-531b-4d68-af0e-c37e42bc8470", "keyword": "khai truong", "step": "relaunch", "message": "Browser/page closed unexpectedly. Will relaunch + retry. (Locator.inner_text: Target page, context or browser has been closed)", "data": null, "seq": 3483}
{"ts": "2026-04-28T11:49:37.199049+00:00", "level": "WARN", "jobId": "fd555438-531b-4d68-af0e-c37e42bc8470", "keyword": "khai truong", "step": "retry", "message": "Reset job to pending for retry (closed target).", "data": null, "seq": 3484}
{"ts": "2026-04-28T11:49:37.200087+00:00", "level": "INFO", "jobId": "fd555438-531b-4d68-af0e-c37e42bc8470", "keyword": "khai truong", "step": "cooldown", "message": "Between-keywords delay: 1.9s", "data": null, "seq": 3485}
{"ts": "2026-04-28T11:55:16.327456+00:00", "level": "INFO", "jobId": "fd555438-531b-4d68-af0e-c37e42bc8470", "keyword": "khai truong", "step": "start", "message": "Job started (attempt 2/2)", "data": null, "seq": 3486}
{"ts": "2026-04-28T11:55:24.243180+00:00", "level": "INFO", "jobId": "fd555438-531b-4d68-af0e-c37e42bc8470", "keyword": "khai truong", "step": "login", "message": "Already logged in (profile session).", "data": null, "seq": 3487}
{"ts": "2026-04-28T11:55:27.656804+00:00", "level": "WARN", "jobId": "fd555438-531b-4d68-af0e-c37e42bc8470", "keyword": "khai truong", "step": "network", "message": "Network slow during search: rtt=1428ms http=1982ms (slow). Increasing timeouts.", "data": null, "seq": 3488}
{"ts": "2026-04-28T11:55:27.661159+00:00", "level": "INFO", "jobId": "fd555438-531b-4d68-af0e-c37e42bc8470", "keyword": "khai truong", "step": "search", "message": "Searching keyword: \"khai truong\"", "data": null, "seq": 3489}
{"ts": "2026-04-28T11:55:35.041334+00:00", "level": "INFO", "jobId": "fd555438-531b-4d68-af0e-c37e42bc8470", "keyword": "khai truong", "step": "capture", "message": "Start capturing up to 30 posts.", "data": null, "seq": 3490}
{"ts": "2026-04-28T11:55:35.215634+00:00", "level": "INFO", "jobId": "fd555438-531b-4d68-af0e-c37e42bc8470", "keyword": "khai truong", "step": "capture", "message": "Capturing 1/30 (viewport)…", "data": null, "seq": 3491}
{"ts": "2026-04-28T11:55:35.229368+00:00", "level": "INFO", "jobId": "fd555438-531b-4d68-af0e-c37e42bc8470", "keyword": "khai truong", "step": "capture", "message": "Waiting for posts to appear (avoid blank capture)…", "data": null, "seq": 3492}
{"ts": "2026-04-28T11:55:38.872713+00:00", "level": "INFO", "jobId": "fd555438-531b-4d68-af0e-c37e42bc8470", "keyword": "khai truong", "step": "capture", "message": "Waiting for posts to appear (avoid blank capture)…", "data": null, "seq": 3493}
{"ts": "2026-04-28T11:55:42.450299+00:00", "level": "INFO", "jobId": "fd555438-531b-4d68-af0e-c37e42bc8470", "keyword": "khai truong", "step": "capture", "message": "Waiting for posts to appear (avoid blank capture)…", "data": null, "seq": 3494}
{"ts": "2026-04-28T11:55:46.049222+00:00", "level": "INFO", "jobId": "fd555438-531b-4d68-af0e-c37e42bc8470", "keyword": "khai truong", "step": "capture", "message": "Waiting for posts to appear (avoid blank capture)…", "data": null, "seq": 3495}
{"ts": "2026-04-28T11:55:49.683956+00:00", "level": "INFO", "jobId": "fd555438-531b-4d68-af0e-c37e42bc8470", "keyword": "khai truong", "step": "capture", "message": "Waiting for posts to appear (avoid blank capture)…", "data": null, "seq": 3496}
{"ts": "2026-04-28T11:55:53.266200+00:00", "level": "INFO", "jobId": "fd555438-531b-4d68-af0e-c37e42bc8470", "keyword": "khai truong", "step": "capture", "message": "Waiting for posts to appear (avoid blank capture)…", "data": null, "seq": 3497}
{"ts": "2026-04-28T11:55:56.851947+00:00", "level": "INFO", "jobId": "fd555438-531b-4d68-af0e-c37e42bc8470", "keyword": "khai truong", "step": "capture", "message": "Waiting for posts to appear (avoid blank capture)…", "data": null, "seq": 3498}
{"ts": "2026-04-28T11:56:00.482814+00:00", "level": "INFO", "jobId": "fd555438-531b-4d68-af0e-c37e42bc8470", "keyword": "khai truong", "step": "capture", "message": "Waiting for posts to appear (avoid blank capture)…", "data": null, "seq": 3499}
{"ts": "2026-04-28T11:56:04.101711+00:00", "level": "INFO", "jobId": "fd555438-531b-4d68-af0e-c37e42bc8470", "keyword": "khai truong", "step": "capture", "message": "Waiting for posts to appear (avoid blank capture)…", "data": null, "seq": 3500}
{"ts": "2026-04-28T11:56:07.718062+00:00", "level": "INFO", "jobId": "fd555438-531b-4d68-af0e-c37e42bc8470", "keyword": "khai truong", "step": "capture", "message": "Waiting for posts to appear (avoid blank capture)…", "data": null, "seq": 3501}
{"ts": "2026-04-28T11:56:10.230255+00:00", "level": "INFO", "jobId": "fd555438-531b-4d68-af0e-c37e42bc8470", "keyword": "khai truong", "step": "capture", "message": "No posts detected yet. Scrolling and retrying…", "data": null, "seq": 3502}
{"ts": "2026-04-28T11:56:10.279973+00:00", "level": "INFO", "jobId": "fd555438-531b-4d68-af0e-c37e42bc8470", "keyword": "khai truong", "step": "capture", "message": "Viewport screenshot error (will retry): no posts yet", "data": null, "seq": 3503}
{"ts": "2026-04-28T11:56:10.411083+00:00", "level": "INFO", "jobId": "fd555438-531b-4d68-af0e-c37e42bc8470", "keyword": "khai truong", "step": "capture", "message": "Capturing 1/30 (viewport)…", "data": null, "seq": 3504}
{"ts": "2026-04-28T11:56:10.426351+00:00", "level": "INFO", "jobId": "fd555438-531b-4d68-af0e-c37e42bc8470", "keyword": "khai truong", "step": "capture", "message": "Waiting for posts to appear (avoid blank capture)…", "data": null, "seq": 3505}
{"ts": "2026-04-28T11:56:14.013989+00:00", "level": "INFO", "jobId": "fd555438-531b-4d68-af0e-c37e42bc8470", "keyword": "khai truong", "step": "capture", "message": "Waiting for posts to appear (avoid blank capture)…", "data": null, "seq": 3506}
{"ts": "2026-04-28T11:56:17.645956+00:00", "level": "INFO", "jobId": "fd555438-531b-4d68-af0e-c37e42bc8470", "keyword": "khai truong", "step": "capture", "message": "Waiting for posts to appear (avoid blank capture)…", "data": null, "seq": 3507}
{"ts": "2026-04-28T11:56:21.308089+00:00", "level": "INFO", "jobId": "fd555438-531b-4d68-af0e-c37e42bc8470", "keyword": "khai truong", "step": "capture", "message": "Waiting for posts to appear (avoid blank capture)…", "data": null, "seq": 3508}
{"ts": "2026-04-28T11:56:24.974450+00:00", "level": "INFO", "jobId": "fd555438-531b-4d68-af0e-c37e42bc8470", "keyword": "khai truong", "step": "capture", "message": "Waiting for posts to appear (avoid blank capture)…", "data": null, "seq": 3509}
{"ts": "2026-04-28T11:56:28.811259+00:00", "level": "INFO", "jobId": "fd555438-531b-4d68-af0e-c37e42bc8470", "keyword": "khai truong", "step": "capture", "message": "Waiting for posts to appear (avoid blank capture)…", "data": null, "seq": 3510}
{"ts": "2026-04-28T11:56:32.393850+00:00", "level": "INFO", "jobId": "fd555438-531b-4d68-af0e-c37e42bc8470", "keyword": "khai truong", "step": "capture", "message": "Waiting for posts to appear (avoid blank capture)…", "data": null, "seq": 3511}
