{"ts": "2026-04-28T15:00:52.067597+00:00", "level": "INFO", "jobId": "fd85def0-81b3-4cd6-a008-98982e8076bb", "keyword": "khai truong hcm", "step": "created", "message": "Job created", "data": {"maxPosts": 10}, "seq": 5209}
{"ts": "2026-04-28T15:05:11.893093+00:00", "level": "INFO", "jobId": "fd85def0-81b3-4cd6-a008-98982e8076bb", "keyword": "khai truong hcm", "step": "start", "message": "Job started (attempt 1/2)", "data": null, "seq": 5259}
{"ts": "2026-04-28T15:05:18.415898+00:00", "level": "INFO", "jobId": "fd85def0-81b3-4cd6-a008-98982e8076bb", "keyword": "khai truong hcm", "step": "login", "message": "Already logged in (profile session).", "data": null, "seq": 5262}
{"ts": "2026-04-28T15:05:19.756200+00:00", "level": "INFO", "jobId": "fd85def0-81b3-4cd6-a008-98982e8076bb", "keyword": "khai truong hcm", "step": "search", "message": "Searching keyword: \"khai truong hcm\"", "data": null, "seq": 5263}
{"ts": "2026-04-28T15:05:24.317742+00:00", "level": "INFO", "jobId": "fd85def0-81b3-4cd6-a008-98982e8076bb", "keyword": "khai truong hcm", "step": "capture", "message": "Start capturing up to 10 posts.", "data": null, "seq": 5264}
{"ts": "2026-04-28T15:05:25.621551+00:00", "level": "INFO", "jobId": "fd85def0-81b3-4cd6-a008-98982e8076bb", "keyword": "khai truong hcm", "step": "capture", "message": "Capturing 1/10 (viewport)…", "data": null, "seq": 5265}
{"ts": "2026-04-28T15:05:25.922256+00:00", "level": "INFO", "jobId": "fd85def0-81b3-4cd6-a008-98982e8076bb", "keyword": "khai truong hcm", "step": "capture", "message": "Expanded \"Xem thêm\" (exact-class): +2 (total 2)", "data": null, "seq": 5266}
{"ts": "2026-04-28T15:05:29.397103+00:00", "level": "INFO", "jobId": "fd85def0-81b3-4cd6-a008-98982e8076bb", "keyword": "khai truong hcm", "step": "capture", "message": "Saved post_001.png", "data": null, "seq": 5267}
{"ts": "2026-04-28T15:05:29.399094+00:00", "level": "INFO", "jobId": "fd85def0-81b3-4cd6-a008-98982e8076bb", "keyword": "khai truong hcm", "step": "cooldown", "message": "Cooldown 1.9s (after capture)", "data": null, "seq": 5268}
{"ts": "2026-04-28T15:05:32.108678+00:00", "level": "INFO", "jobId": "fd85def0-81b3-4cd6-a008-98982e8076bb", "keyword": "khai truong hcm", "step": "capture", "message": "Capturing 2/10 (viewport)…", "data": null, "seq": 5269}
{"ts": "2026-04-28T15:05:33.258635+00:00", "level": "INFO", "jobId": "fd85def0-81b3-4cd6-a008-98982e8076bb", "keyword": "khai truong hcm", "step": "capture", "message": "Saved post_002.png", "data": null, "seq": 5270}
{"ts": "2026-04-28T15:05:33.278563+00:00", "level": "INFO", "jobId": "fd85def0-81b3-4cd6-a008-98982e8076bb", "keyword": "khai truong hcm", "step": "cooldown", "message": "Cooldown 2.0s (after capture)", "data": null, "seq": 5271}
{"ts": "2026-04-28T15:05:36.062379+00:00", "level": "INFO", "jobId": "fd85def0-81b3-4cd6-a008-98982e8076bb", "keyword": "khai truong hcm", "step": "capture", "message": "Capturing 3/10 (viewport)…", "data": null, "seq": 5272}
{"ts": "2026-04-28T15:05:36.319730+00:00", "level": "INFO", "jobId": "fd85def0-81b3-4cd6-a008-98982e8076bb", "keyword": "khai truong hcm", "step": "capture", "message": "Expanded \"Xem thêm\" (exact-class): +1 (total 1)", "data": null, "seq": 5273}
{"ts": "2026-04-28T15:05:37.395598+00:00", "level": "INFO", "jobId": "fd85def0-81b3-4cd6-a008-98982e8076bb", "keyword": "khai truong hcm", "step": "capture", "message": "Saved post_003.png", "data": null, "seq": 5274}
{"ts": "2026-04-28T15:05:37.397217+00:00", "level": "INFO", "jobId": "fd85def0-81b3-4cd6-a008-98982e8076bb", "keyword": "khai truong hcm", "step": "cooldown", "message": "Cooldown 1.0s (after capture)", "data": null, "seq": 5275}
{"ts": "2026-04-28T15:05:39.004119+00:00", "level": "INFO", "jobId": "fd85def0-81b3-4cd6-a008-98982e8076bb", "keyword": "khai truong hcm", "step": "capture", "message": "Capturing 4/10 (viewport)…", "data": null, "seq": 5276}
{"ts": "2026-04-28T15:05:39.145603+00:00", "level": "INFO", "jobId": "fd85def0-81b3-4cd6-a008-98982e8076bb", "keyword": "khai truong hcm", "step": "capture", "message": "Expanded \"Xem thêm\" (exact-class): +1 (total 1)", "data": null, "seq": 5277}
{"ts": "2026-04-28T15:05:40.115341+00:00", "level": "INFO", "jobId": "fd85def0-81b3-4cd6-a008-98982e8076bb", "keyword": "khai truong hcm", "step": "capture", "message": "Saved post_004.png", "data": null, "seq": 5278}
{"ts": "2026-04-28T15:05:40.116778+00:00", "level": "INFO", "jobId": "fd85def0-81b3-4cd6-a008-98982e8076bb", "keyword": "khai truong hcm", "step": "cooldown", "message": "Cooldown 2.9s (after capture)", "data": null, "seq": 5279}
{"ts": "2026-04-28T15:05:43.628269+00:00", "level": "INFO", "jobId": "fd85def0-81b3-4cd6-a008-98982e8076bb", "keyword": "khai truong hcm", "step": "capture", "message": "Capturing 5/10 (viewport)…", "data": null, "seq": 5280}
{"ts": "2026-04-28T15:05:43.878559+00:00", "level": "INFO", "jobId": "fd85def0-81b3-4cd6-a008-98982e8076bb", "keyword": "khai truong hcm", "step": "capture", "message": "Expanded \"Xem thêm\" (exact-class): +1 (total 1)", "data": null, "seq": 5281}
{"ts": "2026-04-28T15:05:44.914626+00:00", "level": "INFO", "jobId": "fd85def0-81b3-4cd6-a008-98982e8076bb", "keyword": "khai truong hcm", "step": "capture", "message": "Saved post_005.png", "data": null, "seq": 5282}
{"ts": "2026-04-28T15:05:44.914626+00:00", "level": "INFO", "jobId": "fd85def0-81b3-4cd6-a008-98982e8076bb", "keyword": "khai truong hcm", "step": "cooldown", "message": "Cooldown 1.9s (after capture)", "data": null, "seq": 5283}
{"ts": "2026-04-28T15:05:47.418162+00:00", "level": "INFO", "jobId": "fd85def0-81b3-4cd6-a008-98982e8076bb", "keyword": "khai truong hcm", "step": "capture", "message": "Capturing 6/10 (viewport)…", "data": null, "seq": 5284}
{"ts": "2026-04-28T15:05:48.212606+00:00", "level": "INFO", "jobId": "fd85def0-81b3-4cd6-a008-98982e8076bb", "keyword": "khai truong hcm", "step": "capture", "message": "Saved post_006.png", "data": null, "seq": 5285}
{"ts": "2026-04-28T15:05:48.214033+00:00", "level": "INFO", "jobId": "fd85def0-81b3-4cd6-a008-98982e8076bb", "keyword": "khai truong hcm", "step": "cooldown", "message": "Cooldown 1.9s (after capture)", "data": null, "seq": 5286}
{"ts": "2026-04-28T15:05:50.677193+00:00", "level": "INFO", "jobId": "fd85def0-81b3-4cd6-a008-98982e8076bb", "keyword": "khai truong hcm", "step": "capture", "message": "Capturing 7/10 (viewport)…", "data": null, "seq": 5287}
{"ts": "2026-04-28T15:05:50.863108+00:00", "level": "INFO", "jobId": "fd85def0-81b3-4cd6-a008-98982e8076bb", "keyword": "khai truong hcm", "step": "capture", "message": "Expanded \"Xem thêm\" (exact-class): +2 (total 2)", "data": null, "seq": 5288}
{"ts": "2026-04-28T15:05:51.475687+00:00", "level": "INFO", "jobId": "fd85def0-81b3-4cd6-a008-98982e8076bb", "keyword": "khai truong hcm", "step": "capture", "message": "Saved post_007.png", "data": null, "seq": 5289}
{"ts": "2026-04-28T15:05:51.476755+00:00", "level": "INFO", "jobId": "fd85def0-81b3-4cd6-a008-98982e8076bb", "keyword": "khai truong hcm", "step": "cooldown", "message": "Cooldown 2.8s (after capture)", "data": null, "seq": 5290}
{"ts": "2026-04-28T15:05:54.838341+00:00", "level": "INFO", "jobId": "fd85def0-81b3-4cd6-a008-98982e8076bb", "keyword": "khai truong hcm", "step": "capture", "message": "Capturing 8/10 (viewport)…", "data": null, "seq": 5291}
{"ts": "2026-04-28T15:05:54.957420+00:00", "level": "INFO", "jobId": "fd85def0-81b3-4cd6-a008-98982e8076bb", "keyword": "khai truong hcm", "step": "capture", "message": "Expanded \"Xem thêm\" (exact-class): +1 (total 1)", "data": null, "seq": 5292}
{"ts": "2026-04-28T15:05:55.648167+00:00", "level": "INFO", "jobId": "fd85def0-81b3-4cd6-a008-98982e8076bb", "keyword": "khai truong hcm", "step": "capture", "message": "Saved post_008.png", "data": null, "seq": 5293}
{"ts": "2026-04-28T15:05:55.649460+00:00", "level": "INFO", "jobId": "fd85def0-81b3-4cd6-a008-98982e8076bb", "keyword": "khai truong hcm", "step": "cooldown", "message": "Cooldown 1.8s (after capture)", "data": null, "seq": 5294}
{"ts": "2026-04-28T15:06:01.358450+00:00", "level": "INFO", "jobId": "fd85def0-81b3-4cd6-a008-98982e8076bb", "keyword": "khai truong hcm", "step": "capture", "message": "Capturing 9/10 (viewport)…", "data": null, "seq": 5295}
{"ts": "2026-04-28T15:06:01.514224+00:00", "level": "INFO", "jobId": "fd85def0-81b3-4cd6-a008-98982e8076bb", "keyword": "khai truong hcm", "step": "capture", "message": "Expanded \"Xem thêm\" (exact-class): +2 (total 2)", "data": null, "seq": 5296}
{"ts": "2026-04-28T15:06:02.439871+00:00", "level": "INFO", "jobId": "fd85def0-81b3-4cd6-a008-98982e8076bb", "keyword": "khai truong hcm", "step": "capture", "message": "Saved post_009.png", "data": null, "seq": 5297}
{"ts": "2026-04-28T15:06:02.441166+00:00", "level": "INFO", "jobId": "fd85def0-81b3-4cd6-a008-98982e8076bb", "keyword": "khai truong hcm", "step": "cooldown", "message": "Cooldown 2.2s (after capture)", "data": null, "seq": 5298}
{"ts": "2026-04-28T15:06:05.327410+00:00", "level": "INFO", "jobId": "fd85def0-81b3-4cd6-a008-98982e8076bb", "keyword": "khai truong hcm", "step": "capture", "message": "Capturing 10/10 (viewport)…", "data": null, "seq": 5299}
{"ts": "2026-04-28T15:06:05.638821+00:00", "level": "INFO", "jobId": "fd85def0-81b3-4cd6-a008-98982e8076bb", "keyword": "khai truong hcm", "step": "capture", "message": "Expanded \"Xem thêm\" (exact-class): +1 (total 1)", "data": null, "seq": 5300}
{"ts": "2026-04-28T15:06:06.756483+00:00", "level": "INFO", "jobId": "fd85def0-81b3-4cd6-a008-98982e8076bb", "keyword": "khai truong hcm", "step": "capture", "message": "Saved post_010.png", "data": null, "seq": 5301}
{"ts": "2026-04-28T15:06:06.757484+00:00", "level": "INFO", "jobId": "fd85def0-81b3-4cd6-a008-98982e8076bb", "keyword": "khai truong hcm", "step": "cooldown", "message": "Cooldown 1.2s (after capture)", "data": null, "seq": 5302}
{"ts": "2026-04-28T15:06:07.937774+00:00", "level": "INFO", "jobId": "fd85def0-81b3-4cd6-a008-98982e8076bb", "keyword": "khai truong hcm", "step": "done", "message": "Completed. Saved=10", "data": null, "seq": 5303}
