{"ts": "2026-05-01T11:16:12.418221+00:00", "level": "INFO", "jobId": "040040c1-23cb-43ee-9f0e-58065d564b83", "keyword": "khai trương", "step": "created", "message": "Job created", "data": {"maxPosts": "unlimited"}, "seq": 16749}
{"ts": "2026-05-01T11:16:12.682580+00:00", "level": "INFO", "jobId": "040040c1-23cb-43ee-9f0e-58065d564b83", "keyword": "khai trương", "step": "start", "message": "Job started (attempt 1/2)", "data": {"w": 0}, "seq": 16756}
{"ts": "2026-05-01T11:16:16.873086+00:00", "level": "INFO", "jobId": "040040c1-23cb-43ee-9f0e-58065d564b83", "keyword": "khai trương", "step": "login", "message": "Already logged in (home).", "data": {"w": 0}, "seq": 16757}
{"ts": "2026-05-01T11:16:16.884290+00:00", "level": "INFO", "jobId": "040040c1-23cb-43ee-9f0e-58065d564b83", "keyword": "khai trương", "step": "search", "message": "Searching keyword: \"khai trương\"", "data": {"w": 0}, "seq": 16758}
{"ts": "2026-05-01T11:16:20.087627+00:00", "level": "INFO", "jobId": "040040c1-23cb-43ee-9f0e-58065d564b83", "keyword": "khai trương", "step": "capture", "message": "Start capturing all posts until end of results.", "data": {"w": 0}, "seq": 16759}
{"ts": "2026-05-01T11:16:20.091628+00:00", "level": "INFO", "jobId": "040040c1-23cb-43ee-9f0e-58065d564b83", "keyword": "khai trương", "step": "capture", "message": "Output folder: Lan 16 - 1816", "data": {"w": 0}, "seq": 16760}
{"ts": "2026-05-01T11:16:22.265422+00:00", "level": "INFO", "jobId": "040040c1-23cb-43ee-9f0e-58065d564b83", "keyword": "khai trương", "step": "capture", "message": "Waiting for posts to appear (avoid blank capture)…", "data": {"w": 0}, "seq": 16761}
{"ts": "2026-05-01T11:16:22.282759+00:00", "level": "INFO", "jobId": "040040c1-23cb-43ee-9f0e-58065d564b83", "keyword": "khai trương", "step": "capture", "message": "Post-detect debug: {'hasMain': True, 'url': 'https://www.facebook.com/search/posts/?q=khai%20tr%C6%B0%C6%A1ng&filters=eyJyZWNlbnRfcG9zdHM6MCI6IntcIm5hbWVcIjpcInJlY2VudF9wb3N0c1wiLFwiYXJnc1wiOlwiXCJ9In0%3D', 'title': '(4) khai trương - Kết quả tìm kiếm | Facebook', 'hasLoginInputs': False, 'consentLike': False, 'bodyHead': '\\xa0\\n1 đoạn chat chưa đọc\\n1\\nSố thông báo chưa đọc\\n3\\nKết quả tìm kiếm\\nBộ lọc\\nTất cả\\nMọi người\\nThước phim\\nMarketplace\\nTrang\\nNhóm\\nSự kiện', 'roleArticle': 1, 'divRoleArticle': 1, 'articleTag': 0, 'feedUnit': 0, 'anyPagelet': 0, 'adPreview': 0, 'imgs': 0, 'videos': 0, 'progress': 0, 'busy': '', 'firstArticle': {'tag': 'div', 'role': 'article', 'textLen': 0, 'hasImg': False, 'hasVideo': False, 'hasLink': False, 'hasPermalink': False}}", "data": {"w": 0}, "seq": 16762}
{"ts": "2026-05-01T11:16:23.410936+00:00", "level": "INFO", "jobId": "040040c1-23cb-43ee-9f0e-58065d564b83", "keyword": "khai trương", "step": "capture", "message": "Capturing posinset=1 (1/∞)…", "data": {"w": 0}, "seq": 16763}
{"ts": "2026-05-01T11:16:24.684941+00:00", "level": "INFO", "jobId": "040040c1-23cb-43ee-9f0e-58065d564b83", "keyword": "khai trương", "step": "capture", "message": "Saved post_001.png (posinset=1)", "data": {"w": 0}, "seq": 16764}
{"ts": "2026-05-01T11:16:24.686045+00:00", "level": "INFO", "jobId": "040040c1-23cb-43ee-9f0e-58065d564b83", "keyword": "khai trương", "step": "cooldown", "message": "Cooldown 1.0s (after capture)", "data": {"w": 0}, "seq": 16765}
{"ts": "2026-05-01T11:16:25.718023+00:00", "level": "INFO", "jobId": "040040c1-23cb-43ee-9f0e-58065d564b83", "keyword": "khai trương", "step": "capture", "message": "Capturing posinset=2 (2/∞)…", "data": {"w": 0}, "seq": 16766}
{"ts": "2026-05-01T11:16:26.708602+00:00", "level": "INFO", "jobId": "040040c1-23cb-43ee-9f0e-58065d564b83", "keyword": "khai trương", "step": "capture", "message": "Saved post_002.png (posinset=2)", "data": {"w": 0}, "seq": 16767}
{"ts": "2026-05-01T11:16:26.709704+00:00", "level": "INFO", "jobId": "040040c1-23cb-43ee-9f0e-58065d564b83", "keyword": "khai trương", "step": "cooldown", "message": "Cooldown 1.0s (after capture)", "data": {"w": 0}, "seq": 16768}
{"ts": "2026-05-01T11:16:27.735644+00:00", "level": "INFO", "jobId": "040040c1-23cb-43ee-9f0e-58065d564b83", "keyword": "khai trương", "step": "capture", "message": "Capturing posinset=3 (3/∞)…", "data": {"w": 0}, "seq": 16769}
{"ts": "2026-05-01T11:16:28.708032+00:00", "level": "INFO", "jobId": "040040c1-23cb-43ee-9f0e-58065d564b83", "keyword": "khai trương", "step": "capture", "message": "Saved post_003.png (posinset=3)", "data": {"w": 0}, "seq": 16770}
{"ts": "2026-05-01T11:16:28.709032+00:00", "level": "INFO", "jobId": "040040c1-23cb-43ee-9f0e-58065d564b83", "keyword": "khai trương", "step": "cooldown", "message": "Cooldown 1.0s (after capture)", "data": {"w": 0}, "seq": 16771}
{"ts": "2026-05-01T11:16:29.731680+00:00", "level": "INFO", "jobId": "040040c1-23cb-43ee-9f0e-58065d564b83", "keyword": "khai trương", "step": "capture", "message": "Capturing posinset=4 (4/∞)…", "data": {"w": 0}, "seq": 16772}
{"ts": "2026-05-01T11:16:30.686946+00:00", "level": "INFO", "jobId": "040040c1-23cb-43ee-9f0e-58065d564b83", "keyword": "khai trương", "step": "capture", "message": "Saved post_004.png (posinset=4)", "data": {"w": 0}, "seq": 16773}
{"ts": "2026-05-01T11:16:30.688145+00:00", "level": "INFO", "jobId": "040040c1-23cb-43ee-9f0e-58065d564b83", "keyword": "khai trương", "step": "cooldown", "message": "Cooldown 1.0s (after capture)", "data": {"w": 0}, "seq": 16774}
{"ts": "2026-05-01T11:16:31.791316+00:00", "level": "INFO", "jobId": "040040c1-23cb-43ee-9f0e-58065d564b83", "keyword": "khai trương", "step": "capture", "message": "Capturing posinset=5 (5/∞)…", "data": {"w": 0}, "seq": 16775}
{"ts": "2026-05-01T11:16:33.012936+00:00", "level": "INFO", "jobId": "040040c1-23cb-43ee-9f0e-58065d564b83", "keyword": "khai trương", "step": "capture", "message": "Saved post_005.png (posinset=5)", "data": {"w": 0}, "seq": 16776}
{"ts": "2026-05-01T11:16:33.015323+00:00", "level": "INFO", "jobId": "040040c1-23cb-43ee-9f0e-58065d564b83", "keyword": "khai trương", "step": "cooldown", "message": "Cooldown 1.0s (after capture)", "data": {"w": 0}, "seq": 16777}
{"ts": "2026-05-01T11:16:34.044987+00:00", "level": "INFO", "jobId": "040040c1-23cb-43ee-9f0e-58065d564b83", "keyword": "khai trương", "step": "capture", "message": "Capturing posinset=6 (6/∞)…", "data": {"w": 0}, "seq": 16778}
{"ts": "2026-05-01T11:16:35.100612+00:00", "level": "INFO", "jobId": "040040c1-23cb-43ee-9f0e-58065d564b83", "keyword": "khai trương", "step": "capture", "message": "Saved post_006.png (posinset=6)", "data": {"w": 0}, "seq": 16779}
{"ts": "2026-05-01T11:16:35.101697+00:00", "level": "INFO", "jobId": "040040c1-23cb-43ee-9f0e-58065d564b83", "keyword": "khai trương", "step": "cooldown", "message": "Cooldown 1.0s (after capture)", "data": {"w": 0}, "seq": 16780}
{"ts": "2026-05-01T11:16:36.128248+00:00", "level": "INFO", "jobId": "040040c1-23cb-43ee-9f0e-58065d564b83", "keyword": "khai trương", "step": "capture", "message": "Capturing posinset=7 (7/∞)…", "data": {"w": 0}, "seq": 16781}
{"ts": "2026-05-01T11:16:37.243707+00:00", "level": "INFO", "jobId": "040040c1-23cb-43ee-9f0e-58065d564b83", "keyword": "khai trương", "step": "capture", "message": "Saved post_007.png (posinset=7)", "data": {"w": 0}, "seq": 16782}
{"ts": "2026-05-01T11:16:37.244797+00:00", "level": "INFO", "jobId": "040040c1-23cb-43ee-9f0e-58065d564b83", "keyword": "khai trương", "step": "cooldown", "message": "Cooldown 1.0s (after capture)", "data": {"w": 0}, "seq": 16783}
{"ts": "2026-05-01T11:16:38.279554+00:00", "level": "INFO", "jobId": "040040c1-23cb-43ee-9f0e-58065d564b83", "keyword": "khai trương", "step": "heartbeat", "message": "Worker alive", "data": {"w": 0, "elapsed_s": 25}, "seq": 16784}
{"ts": "2026-05-01T11:16:38.279554+00:00", "level": "INFO", "jobId": "040040c1-23cb-43ee-9f0e-58065d564b83", "keyword": "khai trương", "step": "capture", "message": "Capturing posinset=8 (8/∞)…", "data": {"w": 0}, "seq": 16785}
{"ts": "2026-05-01T11:16:39.265070+00:00", "level": "INFO", "jobId": "040040c1-23cb-43ee-9f0e-58065d564b83", "keyword": "khai trương", "step": "capture", "message": "Saved post_008.png (posinset=8)", "data": {"w": 0}, "seq": 16786}
{"ts": "2026-05-01T11:16:39.266069+00:00", "level": "INFO", "jobId": "040040c1-23cb-43ee-9f0e-58065d564b83", "keyword": "khai trương", "step": "cooldown", "message": "Cooldown 1.0s (after capture)", "data": {"w": 0}, "seq": 16787}
{"ts": "2026-05-01T11:16:40.280559+00:00", "level": "INFO", "jobId": "040040c1-23cb-43ee-9f0e-58065d564b83", "keyword": "khai trương", "step": "capture", "message": "Capturing posinset=9 (9/∞)…", "data": {"w": 0}, "seq": 16788}
{"ts": "2026-05-01T11:16:41.298833+00:00", "level": "INFO", "jobId": "040040c1-23cb-43ee-9f0e-58065d564b83", "keyword": "khai trương", "step": "capture", "message": "Saved post_009.png (posinset=9)", "data": {"w": 0}, "seq": 16789}
{"ts": "2026-05-01T11:16:41.299934+00:00", "level": "INFO", "jobId": "040040c1-23cb-43ee-9f0e-58065d564b83", "keyword": "khai trương", "step": "cooldown", "message": "Cooldown 1.0s (after capture)", "data": {"w": 0}, "seq": 16790}
{"ts": "2026-05-01T11:16:42.459861+00:00", "level": "INFO", "jobId": "040040c1-23cb-43ee-9f0e-58065d564b83", "keyword": "khai trương", "step": "capture", "message": "Capturing posinset=10 (10/∞)…", "data": {"w": 0}, "seq": 16791}
{"ts": "2026-05-01T11:16:43.538057+00:00", "level": "INFO", "jobId": "040040c1-23cb-43ee-9f0e-58065d564b83", "keyword": "khai trương", "step": "capture", "message": "Saved post_010.png (posinset=10)", "data": {"w": 0}, "seq": 16792}
{"ts": "2026-05-01T11:16:43.539533+00:00", "level": "INFO", "jobId": "040040c1-23cb-43ee-9f0e-58065d564b83", "keyword": "khai trương", "step": "cooldown", "message": "Cooldown 1.0s (after capture)", "data": {"w": 0}, "seq": 16793}
{"ts": "2026-05-01T11:16:44.545576+00:00", "level": "INFO", "jobId": "040040c1-23cb-43ee-9f0e-58065d564b83", "keyword": "khai trương", "step": "capture", "message": "Capturing posinset=11 (11/∞)…", "data": {"w": 0}, "seq": 16794}
{"ts": "2026-05-01T11:16:45.642317+00:00", "level": "INFO", "jobId": "040040c1-23cb-43ee-9f0e-58065d564b83", "keyword": "khai trương", "step": "capture", "message": "Saved post_011.png (posinset=11)", "data": {"w": 0}, "seq": 16795}
{"ts": "2026-05-01T11:16:45.642803+00:00", "level": "INFO", "jobId": "040040c1-23cb-43ee-9f0e-58065d564b83", "keyword": "khai trương", "step": "cooldown", "message": "Cooldown 1.0s (after capture)", "data": {"w": 0}, "seq": 16796}
{"ts": "2026-05-01T11:16:46.676841+00:00", "level": "INFO", "jobId": "040040c1-23cb-43ee-9f0e-58065d564b83", "keyword": "khai trương", "step": "capture", "message": "Capturing posinset=12 (12/∞)…", "data": {"w": 0}, "seq": 16797}
{"ts": "2026-05-01T11:16:47.776951+00:00", "level": "INFO", "jobId": "040040c1-23cb-43ee-9f0e-58065d564b83", "keyword": "khai trương", "step": "capture", "message": "Saved post_012.png (posinset=12)", "data": {"w": 0}, "seq": 16798}
{"ts": "2026-05-01T11:16:47.777960+00:00", "level": "INFO", "jobId": "040040c1-23cb-43ee-9f0e-58065d564b83", "keyword": "khai trương", "step": "cooldown", "message": "Cooldown 1.0s (after capture)", "data": {"w": 0}, "seq": 16799}
{"ts": "2026-05-01T11:16:48.791307+00:00", "level": "INFO", "jobId": "040040c1-23cb-43ee-9f0e-58065d564b83", "keyword": "khai trương", "step": "capture", "message": "Capturing posinset=13 (13/∞)…", "data": {"w": 0}, "seq": 16800}
{"ts": "2026-05-01T11:16:49.828303+00:00", "level": "INFO", "jobId": "040040c1-23cb-43ee-9f0e-58065d564b83", "keyword": "khai trương", "step": "capture", "message": "Saved post_013.png (posinset=13)", "data": {"w": 0}, "seq": 16801}
{"ts": "2026-05-01T11:16:49.828303+00:00", "level": "INFO", "jobId": "040040c1-23cb-43ee-9f0e-58065d564b83", "keyword": "khai trương", "step": "cooldown", "message": "Cooldown 1.0s (after capture)", "data": {"w": 0}, "seq": 16802}
{"ts": "2026-05-01T11:16:50.838584+00:00", "level": "INFO", "jobId": "040040c1-23cb-43ee-9f0e-58065d564b83", "keyword": "khai trương", "step": "capture", "message": "Capturing posinset=14 (14/∞)…", "data": {"w": 0}, "seq": 16803}
{"ts": "2026-05-01T11:16:51.836589+00:00", "level": "INFO", "jobId": "040040c1-23cb-43ee-9f0e-58065d564b83", "keyword": "khai trương", "step": "capture", "message": "Saved post_014.png (posinset=14)", "data": {"w": 0}, "seq": 16804}
{"ts": "2026-05-01T11:16:51.837711+00:00", "level": "INFO", "jobId": "040040c1-23cb-43ee-9f0e-58065d564b83", "keyword": "khai trương", "step": "cooldown", "message": "Cooldown 1.0s (after capture)", "data": {"w": 0}, "seq": 16805}
{"ts": "2026-05-01T11:16:52.875013+00:00", "level": "INFO", "jobId": "040040c1-23cb-43ee-9f0e-58065d564b83", "keyword": "khai trương", "step": "capture", "message": "Capturing posinset=15 (15/∞)…", "data": {"w": 0}, "seq": 16806}
{"ts": "2026-05-01T11:16:53.991553+00:00", "level": "INFO", "jobId": "040040c1-23cb-43ee-9f0e-58065d564b83", "keyword": "khai trương", "step": "capture", "message": "Saved post_015.png (posinset=15)", "data": {"w": 0}, "seq": 16807}
{"ts": "2026-05-01T11:16:53.992668+00:00", "level": "INFO", "jobId": "040040c1-23cb-43ee-9f0e-58065d564b83", "keyword": "khai trương", "step": "cooldown", "message": "Cooldown 1.0s (after capture)", "data": {"w": 0}, "seq": 16808}
{"ts": "2026-05-01T11:16:55.105833+00:00", "level": "INFO", "jobId": "040040c1-23cb-43ee-9f0e-58065d564b83", "keyword": "khai trương", "step": "heartbeat", "message": "Worker alive", "data": {"w": 0, "elapsed_s": 42}, "seq": 16809}
{"ts": "2026-05-01T11:16:55.109193+00:00", "level": "INFO", "jobId": "040040c1-23cb-43ee-9f0e-58065d564b83", "keyword": "khai trương", "step": "capture", "message": "Capturing posinset=16 (16/∞)…", "data": {"w": 0}, "seq": 16810}
{"ts": "2026-05-01T11:16:56.290352+00:00", "level": "INFO", "jobId": "040040c1-23cb-43ee-9f0e-58065d564b83", "keyword": "khai trương", "step": "capture", "message": "Saved post_016.png (posinset=16)", "data": {"w": 0}, "seq": 16811}
{"ts": "2026-05-01T11:16:56.290352+00:00", "level": "INFO", "jobId": "040040c1-23cb-43ee-9f0e-58065d564b83", "keyword": "khai trương", "step": "cooldown", "message": "Cooldown 1.0s (after capture)", "data": {"w": 0}, "seq": 16812}
{"ts": "2026-05-01T11:16:57.323329+00:00", "level": "INFO", "jobId": "040040c1-23cb-43ee-9f0e-58065d564b83", "keyword": "khai trương", "step": "capture", "message": "Capturing posinset=17 (17/∞)…", "data": {"w": 0}, "seq": 16813}
{"ts": "2026-05-01T11:16:58.544359+00:00", "level": "INFO", "jobId": "040040c1-23cb-43ee-9f0e-58065d564b83", "keyword": "khai trương", "step": "capture", "message": "Saved post_017.png (posinset=17)", "data": {"w": 0}, "seq": 16814}
{"ts": "2026-05-01T11:16:58.545767+00:00", "level": "INFO", "jobId": "040040c1-23cb-43ee-9f0e-58065d564b83", "keyword": "khai trương", "step": "cooldown", "message": "Cooldown 1.0s (after capture)", "data": {"w": 0}, "seq": 16815}
{"ts": "2026-05-01T11:16:59.625399+00:00", "level": "WARN", "jobId": "040040c1-23cb-43ee-9f0e-58065d564b83", "keyword": "khai trương", "step": "relaunch", "message": "Browser/page closed unexpectedly. Will relaunch + retry. (Locator.inner_text: Target page, context or browser has been closed)", "data": {"w": 0}, "seq": 16816}
{"ts": "2026-05-01T11:17:01.679896+00:00", "level": "WARN", "jobId": "040040c1-23cb-43ee-9f0e-58065d564b83", "keyword": "khai trương", "step": "retry", "message": "Reset job to pending for retry (closed target).", "data": {"w": 0}, "seq": 16817}
{"ts": "2026-05-01T11:17:01.681140+00:00", "level": "INFO", "jobId": "040040c1-23cb-43ee-9f0e-58065d564b83", "keyword": "khai trương", "step": "start", "message": "Job started (attempt 2/2)", "data": {"w": 0}, "seq": 16818}
{"ts": "2026-05-01T11:17:04.228337+00:00", "level": "WARN", "jobId": "040040c1-23cb-43ee-9f0e-58065d564b83", "keyword": "khai trương", "step": "relaunch", "message": "Closed target detected. Will relaunch + retry. (BrowserContext.new_page: Connection closed while reading from the driver)", "data": {"w": 0}, "seq": 16819}
