{"ts": "2026-05-01T10:53:20.949989+00:00", "level": "INFO", "jobId": "2665f975-e7f7-4abf-adeb-e8e84ccb5c94", "keyword": "khai trương", "step": "created", "message": "Job created", "data": {"maxPosts": "unlimited"}, "seq": 16496}
{"ts": "2026-05-01T10:53:21.010056+00:00", "level": "INFO", "jobId": "2665f975-e7f7-4abf-adeb-e8e84ccb5c94", "keyword": "khai trương", "step": "start", "message": "Job started (attempt 1/2)", "data": {"w": 0}, "seq": 16503}
{"ts": "2026-05-01T10:53:25.564486+00:00", "level": "INFO", "jobId": "2665f975-e7f7-4abf-adeb-e8e84ccb5c94", "keyword": "khai trương", "step": "login", "message": "Already logged in (home).", "data": {"w": 0}, "seq": 16504}
{"ts": "2026-05-01T10:53:25.575475+00:00", "level": "INFO", "jobId": "2665f975-e7f7-4abf-adeb-e8e84ccb5c94", "keyword": "khai trương", "step": "search", "message": "Searching keyword: \"khai trương\"", "data": {"w": 0}, "seq": 16505}
{"ts": "2026-05-01T10:53:29.027404+00:00", "level": "INFO", "jobId": "2665f975-e7f7-4abf-adeb-e8e84ccb5c94", "keyword": "khai trương", "step": "capture", "message": "Start capturing all posts until end of results.", "data": {"w": 0}, "seq": 16506}
{"ts": "2026-05-01T10:53:29.027404+00:00", "level": "INFO", "jobId": "2665f975-e7f7-4abf-adeb-e8e84ccb5c94", "keyword": "khai trương", "step": "capture", "message": "Output folder: Lan 9 - 1753", "data": {"w": 0}, "seq": 16507}
{"ts": "2026-05-01T10:53:30.643297+00:00", "level": "INFO", "jobId": "2665f975-e7f7-4abf-adeb-e8e84ccb5c94", "keyword": "khai trương", "step": "capture", "message": "Capturing posinset=1 (1/∞)…", "data": {"w": 0}, "seq": 16508}
{"ts": "2026-05-01T10:53:31.833961+00:00", "level": "INFO", "jobId": "2665f975-e7f7-4abf-adeb-e8e84ccb5c94", "keyword": "khai trương", "step": "capture", "message": "Guard: forcing top before first capture (y=541, primary=0)", "data": {"w": 0}, "seq": 16509}
{"ts": "2026-05-01T10:53:32.244583+00:00", "level": "INFO", "jobId": "2665f975-e7f7-4abf-adeb-e8e84ccb5c94", "keyword": "khai trương", "step": "capture", "message": "Capturing posinset=1 (1/∞)…", "data": {"w": 0}, "seq": 16510}
{"ts": "2026-05-01T10:53:33.338690+00:00", "level": "INFO", "jobId": "2665f975-e7f7-4abf-adeb-e8e84ccb5c94", "keyword": "khai trương", "step": "capture", "message": "Guard: forcing top before first capture (y=541, primary=0)", "data": {"w": 0}, "seq": 16511}
{"ts": "2026-05-01T10:53:33.722933+00:00", "level": "INFO", "jobId": "2665f975-e7f7-4abf-adeb-e8e84ccb5c94", "keyword": "khai trương", "step": "capture", "message": "Capturing posinset=1 (1/∞)…", "data": {"w": 0}, "seq": 16512}
{"ts": "2026-05-01T10:53:34.852854+00:00", "level": "INFO", "jobId": "2665f975-e7f7-4abf-adeb-e8e84ccb5c94", "keyword": "khai trương", "step": "capture", "message": "Guard: forcing top before first capture (y=541, primary=0)", "data": {"w": 0}, "seq": 16513}
{"ts": "2026-05-01T10:53:35.254976+00:00", "level": "INFO", "jobId": "2665f975-e7f7-4abf-adeb-e8e84ccb5c94", "keyword": "khai trương", "step": "capture", "message": "Capturing posinset=1 (1/∞)…", "data": {"w": 0}, "seq": 16514}
{"ts": "2026-05-01T10:53:36.397529+00:00", "level": "INFO", "jobId": "2665f975-e7f7-4abf-adeb-e8e84ccb5c94", "keyword": "khai trương", "step": "capture", "message": "Guard: forcing top before first capture (y=541, primary=0)", "data": {"w": 0}, "seq": 16515}
{"ts": "2026-05-01T10:53:36.780316+00:00", "level": "INFO", "jobId": "2665f975-e7f7-4abf-adeb-e8e84ccb5c94", "keyword": "khai trương", "step": "capture", "message": "Capturing posinset=1 (1/∞)…", "data": {"w": 0}, "seq": 16516}
{"ts": "2026-05-01T10:53:37.943850+00:00", "level": "INFO", "jobId": "2665f975-e7f7-4abf-adeb-e8e84ccb5c94", "keyword": "khai trương", "step": "capture", "message": "Guard: forcing top before first capture (y=541, primary=0)", "data": {"w": 0}, "seq": 16517}
{"ts": "2026-05-01T10:53:38.338652+00:00", "level": "INFO", "jobId": "2665f975-e7f7-4abf-adeb-e8e84ccb5c94", "keyword": "khai trương", "step": "capture", "message": "Capturing posinset=1 (1/∞)…", "data": {"w": 0}, "seq": 16518}
{"ts": "2026-05-01T10:53:39.453525+00:00", "level": "INFO", "jobId": "2665f975-e7f7-4abf-adeb-e8e84ccb5c94", "keyword": "khai trương", "step": "capture", "message": "Guard: forcing top before first capture (y=541, primary=0)", "data": {"w": 0}, "seq": 16519}
{"ts": "2026-05-01T10:53:39.925253+00:00", "level": "INFO", "jobId": "2665f975-e7f7-4abf-adeb-e8e84ccb5c94", "keyword": "khai trương", "step": "capture", "message": "Capturing posinset=1 (1/∞)…", "data": {"w": 0}, "seq": 16520}
{"ts": "2026-05-01T10:53:41.076302+00:00", "level": "INFO", "jobId": "2665f975-e7f7-4abf-adeb-e8e84ccb5c94", "keyword": "khai trương", "step": "capture", "message": "Guard: forcing top before first capture (y=541, primary=0)", "data": {"w": 0}, "seq": 16521}
{"ts": "2026-05-01T10:53:41.506554+00:00", "level": "INFO", "jobId": "2665f975-e7f7-4abf-adeb-e8e84ccb5c94", "keyword": "khai trương", "step": "capture", "message": "Capturing posinset=1 (1/∞)…", "data": {"w": 0}, "seq": 16522}
{"ts": "2026-05-01T10:53:42.696880+00:00", "level": "INFO", "jobId": "2665f975-e7f7-4abf-adeb-e8e84ccb5c94", "keyword": "khai trương", "step": "capture", "message": "Guard: forcing top before first capture (y=541, primary=0)", "data": {"w": 0}, "seq": 16523}
{"ts": "2026-05-01T10:53:43.097505+00:00", "level": "INFO", "jobId": "2665f975-e7f7-4abf-adeb-e8e84ccb5c94", "keyword": "khai trương", "step": "capture", "message": "Capturing posinset=1 (1/∞)…", "data": {"w": 0}, "seq": 16524}
{"ts": "2026-05-01T10:53:44.194341+00:00", "level": "INFO", "jobId": "2665f975-e7f7-4abf-adeb-e8e84ccb5c94", "keyword": "khai trương", "step": "capture", "message": "Guard: forcing top before first capture (y=541, primary=0)", "data": {"w": 0}, "seq": 16525}
{"ts": "2026-05-01T10:53:44.606631+00:00", "level": "INFO", "jobId": "2665f975-e7f7-4abf-adeb-e8e84ccb5c94", "keyword": "khai trương", "step": "capture", "message": "Capturing posinset=1 (1/∞)…", "data": {"w": 0}, "seq": 16526}
{"ts": "2026-05-01T10:53:45.766500+00:00", "level": "INFO", "jobId": "2665f975-e7f7-4abf-adeb-e8e84ccb5c94", "keyword": "khai trương", "step": "heartbeat", "message": "Worker alive", "data": {"w": 0, "elapsed_s": 24}, "seq": 16527}
{"ts": "2026-05-01T10:53:45.785487+00:00", "level": "INFO", "jobId": "2665f975-e7f7-4abf-adeb-e8e84ccb5c94", "keyword": "khai trương", "step": "capture", "message": "Guard: forcing top before first capture (y=541, primary=0)", "data": {"w": 0}, "seq": 16528}
{"ts": "2026-05-01T10:53:46.473941+00:00", "level": "INFO", "jobId": "2665f975-e7f7-4abf-adeb-e8e84ccb5c94", "keyword": "khai trương", "step": "capture", "message": "Capturing posinset=1 (1/∞)…", "data": {"w": 0}, "seq": 16529}
{"ts": "2026-05-01T10:53:47.216110+00:00", "level": "WARN", "jobId": "2665f975-e7f7-4abf-adeb-e8e84ccb5c94", "keyword": "khai trương", "step": "relaunch", "message": "Browser/page closed unexpectedly. Will relaunch + retry. (Locator.inner_text: Target page, context or browser has been closed)", "data": {"w": 0}, "seq": 16530}
{"ts": "2026-05-01T10:53:49.204875+00:00", "level": "WARN", "jobId": "2665f975-e7f7-4abf-adeb-e8e84ccb5c94", "keyword": "khai trương", "step": "retry", "message": "Reset job to pending for retry (closed target).", "data": {"w": 0}, "seq": 16531}
{"ts": "2026-05-01T10:53:49.206049+00:00", "level": "INFO", "jobId": "2665f975-e7f7-4abf-adeb-e8e84ccb5c94", "keyword": "khai trương", "step": "start", "message": "Job started (attempt 2/2)", "data": {"w": 0}, "seq": 16532}
{"ts": "2026-05-01T10:53:51.107393+00:00", "level": "WARN", "jobId": "2665f975-e7f7-4abf-adeb-e8e84ccb5c94", "keyword": "khai trương", "step": "relaunch", "message": "Closed target detected. Will relaunch + retry. (BrowserContext.new_page: Connection closed while reading from the driver)", "data": {"w": 0}, "seq": 16533}
