{"ts": "2026-05-01T04:39:23.187830+00:00", "level": "INFO", "jobId": "2d65ef1c-a390-40c6-824f-90083812c0fe", "keyword": "khai trương hcm", "step": "created", "message": "Job created", "data": {"maxPosts": 130}, "seq": 12823}
{"ts": "2026-05-01T04:39:23.586418+00:00", "level": "INFO", "jobId": "2d65ef1c-a390-40c6-824f-90083812c0fe", "keyword": "khai trương hcm", "step": "start", "message": "Job started (attempt 1/2)", "data": null, "seq": 12873}
{"ts": "2026-05-01T04:39:39.592396+00:00", "level": "INFO", "jobId": "2d65ef1c-a390-40c6-824f-90083812c0fe", "keyword": "khai trương hcm", "step": "login", "message": "Already logged in (profile session).", "data": null, "seq": 12877}
{"ts": "2026-05-01T04:39:40.526971+00:00", "level": "INFO", "jobId": "2d65ef1c-a390-40c6-824f-90083812c0fe", "keyword": "khai trương hcm", "step": "search", "message": "Searching keyword: \"khai trương hcm\"", "data": null, "seq": 12878}
{"ts": "2026-05-01T04:39:46.392884+00:00", "level": "INFO", "jobId": "2d65ef1c-a390-40c6-824f-90083812c0fe", "keyword": "khai trương hcm", "step": "capture", "message": "Start capturing up to 130 posts.", "data": null, "seq": 12879}
{"ts": "2026-05-01T04:39:46.394013+00:00", "level": "INFO", "jobId": "2d65ef1c-a390-40c6-824f-90083812c0fe", "keyword": "khai trương hcm", "step": "capture", "message": "Output folder: Lan 1 - 1139", "data": null, "seq": 12880}
{"ts": "2026-05-01T04:39:46.847016+00:00", "level": "INFO", "jobId": "2d65ef1c-a390-40c6-824f-90083812c0fe", "keyword": "khai trương hcm", "step": "capture", "message": "Capturing 1/130 (viewport)…", "data": null, "seq": 12881}
{"ts": "2026-05-01T04:40:04.573131+00:00", "level": "INFO", "jobId": "2d65ef1c-a390-40c6-824f-90083812c0fe", "keyword": "khai trương hcm", "step": "capture", "message": "Saved post_001.png", "data": null, "seq": 12884}
{"ts": "2026-05-01T04:40:04.577529+00:00", "level": "INFO", "jobId": "2d65ef1c-a390-40c6-824f-90083812c0fe", "keyword": "khai trương hcm", "step": "cooldown", "message": "Cooldown 1.5s (after capture)", "data": null, "seq": 12885}
{"ts": "2026-05-01T04:40:07.788770+00:00", "level": "INFO", "jobId": "2d65ef1c-a390-40c6-824f-90083812c0fe", "keyword": "khai trương hcm", "step": "capture", "message": "Capturing 2/130 (viewport)…", "data": null, "seq": 12887}
{"ts": "2026-05-01T04:40:08.116599+00:00", "level": "INFO", "jobId": "2d65ef1c-a390-40c6-824f-90083812c0fe", "keyword": "khai trương hcm", "step": "capture", "message": "Expanded \"Xem thêm\" (exact-class): +2 (total 2)", "data": null, "seq": 12888}
{"ts": "2026-05-01T04:40:21.247067+00:00", "level": "INFO", "jobId": "2d65ef1c-a390-40c6-824f-90083812c0fe", "keyword": "khai trương hcm", "step": "capture", "message": "Saved post_002.png", "data": null, "seq": 12892}
{"ts": "2026-05-01T04:40:21.250064+00:00", "level": "INFO", "jobId": "2d65ef1c-a390-40c6-824f-90083812c0fe", "keyword": "khai trương hcm", "step": "cooldown", "message": "Cooldown 1.9s (after capture)", "data": null, "seq": 12893}
{"ts": "2026-05-01T04:40:23.808662+00:00", "level": "INFO", "jobId": "2d65ef1c-a390-40c6-824f-90083812c0fe", "keyword": "khai trương hcm", "step": "capture", "message": "Capturing 3/130 (viewport)…", "data": null, "seq": 12894}
{"ts": "2026-05-01T04:40:36.692097+00:00", "level": "INFO", "jobId": "2d65ef1c-a390-40c6-824f-90083812c0fe", "keyword": "khai trương hcm", "step": "capture", "message": "Saved post_003.png", "data": null, "seq": 12897}
{"ts": "2026-05-01T04:40:36.693141+00:00", "level": "INFO", "jobId": "2d65ef1c-a390-40c6-824f-90083812c0fe", "keyword": "khai trương hcm", "step": "cooldown", "message": "Cooldown 1.6s (after capture)", "data": null, "seq": 12898}
{"ts": "2026-05-01T04:40:38.863956+00:00", "level": "INFO", "jobId": "2d65ef1c-a390-40c6-824f-90083812c0fe", "keyword": "khai trương hcm", "step": "capture", "message": "Capturing 4/130 (viewport)…", "data": null, "seq": 12902}
{"ts": "2026-05-01T04:40:39.119071+00:00", "level": "INFO", "jobId": "2d65ef1c-a390-40c6-824f-90083812c0fe", "keyword": "khai trương hcm", "step": "capture", "message": "Expanded \"Xem thêm\" (exact-class): +1 (total 1)", "data": null, "seq": 12903}
{"ts": "2026-05-01T04:40:52.027356+00:00", "level": "INFO", "jobId": "2d65ef1c-a390-40c6-824f-90083812c0fe", "keyword": "khai trương hcm", "step": "capture", "message": "Saved post_004.png", "data": null, "seq": 12905}
{"ts": "2026-05-01T04:40:52.028492+00:00", "level": "INFO", "jobId": "2d65ef1c-a390-40c6-824f-90083812c0fe", "keyword": "khai trương hcm", "step": "cooldown", "message": "Cooldown 1.3s (after capture)", "data": null, "seq": 12906}
{"ts": "2026-05-01T04:40:53.843725+00:00", "level": "INFO", "jobId": "2d65ef1c-a390-40c6-824f-90083812c0fe", "keyword": "khai trương hcm", "step": "capture", "message": "Capturing 5/130 (viewport)…", "data": null, "seq": 12907}
{"ts": "2026-05-01T04:41:06.295897+00:00", "level": "INFO", "jobId": "2d65ef1c-a390-40c6-824f-90083812c0fe", "keyword": "khai trương hcm", "step": "capture", "message": "Saved post_005.png", "data": null, "seq": 12911}
{"ts": "2026-05-01T04:41:06.296897+00:00", "level": "INFO", "jobId": "2d65ef1c-a390-40c6-824f-90083812c0fe", "keyword": "khai trương hcm", "step": "cooldown", "message": "Cooldown 1.6s (after capture)", "data": null, "seq": 12912}
{"ts": "2026-05-01T04:41:08.411927+00:00", "level": "INFO", "jobId": "2d65ef1c-a390-40c6-824f-90083812c0fe", "keyword": "khai trương hcm", "step": "capture", "message": "Capturing 6/130 (viewport)…", "data": null, "seq": 12915}
{"ts": "2026-05-01T04:41:08.539744+00:00", "level": "INFO", "jobId": "2d65ef1c-a390-40c6-824f-90083812c0fe", "keyword": "khai trương hcm", "step": "capture", "message": "Expanded \"Xem thêm\" (exact-class): +1 (total 1)", "data": null, "seq": 12916}
{"ts": "2026-05-01T04:41:21.651882+00:00", "level": "INFO", "jobId": "2d65ef1c-a390-40c6-824f-90083812c0fe", "keyword": "khai trương hcm", "step": "capture", "message": "Saved post_006.png", "data": null, "seq": 12918}
{"ts": "2026-05-01T04:41:21.653116+00:00", "level": "INFO", "jobId": "2d65ef1c-a390-40c6-824f-90083812c0fe", "keyword": "khai trương hcm", "step": "cooldown", "message": "Cooldown 2.2s (after capture)", "data": null, "seq": 12919}
{"ts": "2026-05-01T04:41:24.440704+00:00", "level": "INFO", "jobId": "2d65ef1c-a390-40c6-824f-90083812c0fe", "keyword": "khai trương hcm", "step": "capture", "message": "Capturing 7/130 (viewport)…", "data": null, "seq": 12920}
{"ts": "2026-05-01T04:41:24.704008+00:00", "level": "INFO", "jobId": "2d65ef1c-a390-40c6-824f-90083812c0fe", "keyword": "khai trương hcm", "step": "capture", "message": "Expanded \"Xem thêm\" (exact-class): +1 (total 1)", "data": null, "seq": 12921}
{"ts": "2026-05-01T04:41:37.807124+00:00", "level": "INFO", "jobId": "2d65ef1c-a390-40c6-824f-90083812c0fe", "keyword": "khai trương hcm", "step": "capture", "message": "Saved post_007.png", "data": null, "seq": 12924}
{"ts": "2026-05-01T04:41:37.809584+00:00", "level": "INFO", "jobId": "2d65ef1c-a390-40c6-824f-90083812c0fe", "keyword": "khai trương hcm", "step": "cooldown", "message": "Cooldown 1.5s (after capture)", "data": null, "seq": 12925}
{"ts": "2026-05-01T04:41:41.599961+00:00", "level": "INFO", "jobId": "2d65ef1c-a390-40c6-824f-90083812c0fe", "keyword": "khai trương hcm", "step": "capture", "message": "Capturing 8/130 (viewport)…", "data": null, "seq": 12926}
{"ts": "2026-05-01T04:41:56.058338+00:00", "level": "INFO", "jobId": "2d65ef1c-a390-40c6-824f-90083812c0fe", "keyword": "khai trương hcm", "step": "capture", "message": "Saved post_008.png", "data": null, "seq": 12935}
{"ts": "2026-05-01T04:41:56.063321+00:00", "level": "INFO", "jobId": "2d65ef1c-a390-40c6-824f-90083812c0fe", "keyword": "khai trương hcm", "step": "cooldown", "message": "Cooldown 1.2s (after capture)", "data": null, "seq": 12936}
{"ts": "2026-05-01T04:42:02.903800+00:00", "level": "INFO", "jobId": "2d65ef1c-a390-40c6-824f-90083812c0fe", "keyword": "khai trương hcm", "step": "capture", "message": "Capturing 9/130 (viewport)…", "data": null, "seq": 12940}
{"ts": "2026-05-01T04:42:15.957863+00:00", "level": "INFO", "jobId": "2d65ef1c-a390-40c6-824f-90083812c0fe", "keyword": "khai trương hcm", "step": "capture", "message": "Saved post_009.png", "data": null, "seq": 12946}
{"ts": "2026-05-01T04:42:15.958860+00:00", "level": "INFO", "jobId": "2d65ef1c-a390-40c6-824f-90083812c0fe", "keyword": "khai trương hcm", "step": "cooldown", "message": "Cooldown 1.5s (after capture)", "data": null, "seq": 12947}
{"ts": "2026-05-01T04:42:18.070608+00:00", "level": "INFO", "jobId": "2d65ef1c-a390-40c6-824f-90083812c0fe", "keyword": "khai trương hcm", "step": "capture", "message": "Capturing 10/130 (viewport)…", "data": null, "seq": 12950}
{"ts": "2026-05-01T04:42:18.202388+00:00", "level": "INFO", "jobId": "2d65ef1c-a390-40c6-824f-90083812c0fe", "keyword": "khai trương hcm", "step": "capture", "message": "Expanded \"Xem thêm\" (exact-class): +2 (total 2)", "data": null, "seq": 12951}
{"ts": "2026-05-01T04:42:31.728370+00:00", "level": "INFO", "jobId": "2d65ef1c-a390-40c6-824f-90083812c0fe", "keyword": "khai trương hcm", "step": "capture", "message": "Saved post_010.png", "data": null, "seq": 12958}
{"ts": "2026-05-01T04:42:31.730600+00:00", "level": "INFO", "jobId": "2d65ef1c-a390-40c6-824f-90083812c0fe", "keyword": "khai trương hcm", "step": "cooldown", "message": "Cooldown 2.2s (after capture)", "data": null, "seq": 12959}
{"ts": "2026-05-01T04:42:34.827893+00:00", "level": "INFO", "jobId": "2d65ef1c-a390-40c6-824f-90083812c0fe", "keyword": "khai trương hcm", "step": "capture", "message": "Capturing 11/130 (viewport)…", "data": null, "seq": 12962}
{"ts": "2026-05-01T04:42:47.810071+00:00", "level": "INFO", "jobId": "2d65ef1c-a390-40c6-824f-90083812c0fe", "keyword": "khai trương hcm", "step": "capture", "message": "Saved post_011.png", "data": null, "seq": 12970}
{"ts": "2026-05-01T04:42:47.811270+00:00", "level": "INFO", "jobId": "2d65ef1c-a390-40c6-824f-90083812c0fe", "keyword": "khai trương hcm", "step": "cooldown", "message": "Cooldown 1.3s (after capture)", "data": null, "seq": 12971}
{"ts": "2026-05-01T04:42:49.649056+00:00", "level": "INFO", "jobId": "2d65ef1c-a390-40c6-824f-90083812c0fe", "keyword": "khai trương hcm", "step": "capture", "message": "Capturing 12/130 (viewport)…", "data": null, "seq": 12972}
{"ts": "2026-05-01T04:42:49.743470+00:00", "level": "INFO", "jobId": "2d65ef1c-a390-40c6-824f-90083812c0fe", "keyword": "khai trương hcm", "step": "capture", "message": "Expanded \"Xem thêm\" (exact-class): +1 (total 1)", "data": null, "seq": 12973}
{"ts": "2026-05-01T04:43:03.050774+00:00", "level": "INFO", "jobId": "2d65ef1c-a390-40c6-824f-90083812c0fe", "keyword": "khai trương hcm", "step": "capture", "message": "Saved post_012.png", "data": null, "seq": 12980}
{"ts": "2026-05-01T04:43:03.052194+00:00", "level": "INFO", "jobId": "2d65ef1c-a390-40c6-824f-90083812c0fe", "keyword": "khai trương hcm", "step": "cooldown", "message": "Cooldown 2.4s (after capture)", "data": null, "seq": 12981}
{"ts": "2026-05-01T04:43:06.060518+00:00", "level": "INFO", "jobId": "2d65ef1c-a390-40c6-824f-90083812c0fe", "keyword": "khai trương hcm", "step": "capture", "message": "Capturing 13/130 (viewport)…", "data": null, "seq": 12982}
{"ts": "2026-05-01T04:43:06.249134+00:00", "level": "INFO", "jobId": "2d65ef1c-a390-40c6-824f-90083812c0fe", "keyword": "khai trương hcm", "step": "capture", "message": "Expanded \"Xem thêm\" (exact-class): +2 (total 2)", "data": null, "seq": 12983}
{"ts": "2026-05-01T04:43:19.466157+00:00", "level": "INFO", "jobId": "2d65ef1c-a390-40c6-824f-90083812c0fe", "keyword": "khai trương hcm", "step": "capture", "message": "Saved post_013.png", "data": null, "seq": 12992}
{"ts": "2026-05-01T04:43:19.480980+00:00", "level": "INFO", "jobId": "2d65ef1c-a390-40c6-824f-90083812c0fe", "keyword": "khai trương hcm", "step": "cooldown", "message": "Cooldown 1.3s (after capture)", "data": null, "seq": 12993}
{"ts": "2026-05-01T04:43:21.375716+00:00", "level": "INFO", "jobId": "2d65ef1c-a390-40c6-824f-90083812c0fe", "keyword": "khai trương hcm", "step": "capture", "message": "Capturing 14/130 (viewport)…", "data": null, "seq": 12994}
{"ts": "2026-05-01T04:43:21.561165+00:00", "level": "INFO", "jobId": "2d65ef1c-a390-40c6-824f-90083812c0fe", "keyword": "khai trương hcm", "step": "capture", "message": "Expanded \"Xem thêm\" (exact-class): +2 (total 2)", "data": null, "seq": 12995}
{"ts": "2026-05-01T04:43:34.944862+00:00", "level": "INFO", "jobId": "2d65ef1c-a390-40c6-824f-90083812c0fe", "keyword": "khai trương hcm", "step": "capture", "message": "Saved post_014.png", "data": null, "seq": 13004}
{"ts": "2026-05-01T04:43:34.944862+00:00", "level": "INFO", "jobId": "2d65ef1c-a390-40c6-824f-90083812c0fe", "keyword": "khai trương hcm", "step": "cooldown", "message": "Cooldown 1.4s (after capture)", "data": null, "seq": 13005}
{"ts": "2026-05-01T04:43:36.992118+00:00", "level": "INFO", "jobId": "2d65ef1c-a390-40c6-824f-90083812c0fe", "keyword": "khai trương hcm", "step": "capture", "message": "Capturing 15/130 (viewport)…", "data": null, "seq": 13006}
{"ts": "2026-05-01T04:43:50.133561+00:00", "level": "INFO", "jobId": "2d65ef1c-a390-40c6-824f-90083812c0fe", "keyword": "khai trương hcm", "step": "capture", "message": "Saved post_015.png", "data": null, "seq": 13012}
{"ts": "2026-05-01T04:43:50.134908+00:00", "level": "INFO", "jobId": "2d65ef1c-a390-40c6-824f-90083812c0fe", "keyword": "khai trương hcm", "step": "cooldown", "message": "Cooldown 1.0s (after capture)", "data": null, "seq": 13013}
{"ts": "2026-05-01T04:43:51.774196+00:00", "level": "INFO", "jobId": "2d65ef1c-a390-40c6-824f-90083812c0fe", "keyword": "khai trương hcm", "step": "capture", "message": "Capturing 16/130 (viewport)…", "data": null, "seq": 13015}
{"ts": "2026-05-01T04:43:52.060254+00:00", "level": "INFO", "jobId": "2d65ef1c-a390-40c6-824f-90083812c0fe", "keyword": "khai trương hcm", "step": "capture", "message": "Expanded \"Xem thêm\" (exact-class): +1 (total 1)", "data": null, "seq": 13016}
{"ts": "2026-05-01T04:44:05.181791+00:00", "level": "INFO", "jobId": "2d65ef1c-a390-40c6-824f-90083812c0fe", "keyword": "khai trương hcm", "step": "capture", "message": "Saved post_016.png", "data": null, "seq": 13023}
{"ts": "2026-05-01T04:44:05.184075+00:00", "level": "INFO", "jobId": "2d65ef1c-a390-40c6-824f-90083812c0fe", "keyword": "khai trương hcm", "step": "cooldown", "message": "Cooldown 2.8s (after capture)", "data": null, "seq": 13024}
{"ts": "2026-05-01T04:44:08.602456+00:00", "level": "INFO", "jobId": "2d65ef1c-a390-40c6-824f-90083812c0fe", "keyword": "khai trương hcm", "step": "capture", "message": "Capturing 17/130 (viewport)…", "data": null, "seq": 13026}
{"ts": "2026-05-01T04:44:21.391613+00:00", "level": "INFO", "jobId": "2d65ef1c-a390-40c6-824f-90083812c0fe", "keyword": "khai trương hcm", "step": "capture", "message": "Saved post_017.png", "data": null, "seq": 13035}
{"ts": "2026-05-01T04:44:21.392657+00:00", "level": "INFO", "jobId": "2d65ef1c-a390-40c6-824f-90083812c0fe", "keyword": "khai trương hcm", "step": "cooldown", "message": "Cooldown 1.3s (after capture)", "data": null, "seq": 13036}
{"ts": "2026-05-01T04:44:23.269873+00:00", "level": "INFO", "jobId": "2d65ef1c-a390-40c6-824f-90083812c0fe", "keyword": "khai trương hcm", "step": "capture", "message": "Capturing 18/130 (viewport)…", "data": null, "seq": 13037}
{"ts": "2026-05-01T04:44:35.832558+00:00", "level": "INFO", "jobId": "2d65ef1c-a390-40c6-824f-90083812c0fe", "keyword": "khai trương hcm", "step": "capture", "message": "Saved post_018.png", "data": null, "seq": 13043}
{"ts": "2026-05-01T04:44:35.835265+00:00", "level": "INFO", "jobId": "2d65ef1c-a390-40c6-824f-90083812c0fe", "keyword": "khai trương hcm", "step": "cooldown", "message": "Cooldown 1.9s (after capture)", "data": null, "seq": 13044}
{"ts": "2026-05-01T04:44:38.400758+00:00", "level": "INFO", "jobId": "2d65ef1c-a390-40c6-824f-90083812c0fe", "keyword": "khai trương hcm", "step": "capture", "message": "Capturing 19/130 (viewport)…", "data": null, "seq": 13047}
{"ts": "2026-05-01T04:44:51.829222+00:00", "level": "INFO", "jobId": "2d65ef1c-a390-40c6-824f-90083812c0fe", "keyword": "khai trương hcm", "step": "capture", "message": "Capturing 19/130 (viewport)…", "data": null, "seq": 13054}
{"ts": "2026-05-01T04:45:05.526853+00:00", "level": "INFO", "jobId": "2d65ef1c-a390-40c6-824f-90083812c0fe", "keyword": "khai trương hcm", "step": "capture", "message": "Capturing 19/130 (viewport)…", "data": null, "seq": 13060}
{"ts": "2026-05-01T04:45:18.483210+00:00", "level": "INFO", "jobId": "2d65ef1c-a390-40c6-824f-90083812c0fe", "keyword": "khai trương hcm", "step": "capture", "message": "Capturing 19/130 (viewport)…", "data": null, "seq": 13066}
{"ts": "2026-05-01T04:45:31.177688+00:00", "level": "INFO", "jobId": "2d65ef1c-a390-40c6-824f-90083812c0fe", "keyword": "khai trương hcm", "step": "capture", "message": "Saved post_019.png", "data": null, "seq": 13071}
{"ts": "2026-05-01T04:45:31.179747+00:00", "level": "INFO", "jobId": "2d65ef1c-a390-40c6-824f-90083812c0fe", "keyword": "khai trương hcm", "step": "cooldown", "message": "Cooldown 2.6s (after capture)", "data": null, "seq": 13072}
{"ts": "2026-05-01T04:45:34.540392+00:00", "level": "INFO", "jobId": "2d65ef1c-a390-40c6-824f-90083812c0fe", "keyword": "khai trương hcm", "step": "capture", "message": "Capturing 20/130 (viewport)…", "data": null, "seq": 13075}
{"ts": "2026-05-01T04:45:47.302865+00:00", "level": "INFO", "jobId": "2d65ef1c-a390-40c6-824f-90083812c0fe", "keyword": "khai trương hcm", "step": "capture", "message": "Saved post_020.png", "data": null, "seq": 13078}
{"ts": "2026-05-01T04:45:47.305867+00:00", "level": "INFO", "jobId": "2d65ef1c-a390-40c6-824f-90083812c0fe", "keyword": "khai trương hcm", "step": "cooldown", "message": "Cooldown 2.0s (after capture)", "data": null, "seq": 13079}
{"ts": "2026-05-01T04:45:49.913605+00:00", "level": "INFO", "jobId": "2d65ef1c-a390-40c6-824f-90083812c0fe", "keyword": "khai trương hcm", "step": "capture", "message": "Capturing 21/130 (viewport)…", "data": null, "seq": 13082}
{"ts": "2026-05-01T04:46:02.523333+00:00", "level": "INFO", "jobId": "2d65ef1c-a390-40c6-824f-90083812c0fe", "keyword": "khai trương hcm", "step": "capture", "message": "Saved post_021.png", "data": null, "seq": 13085}
{"ts": "2026-05-01T04:46:02.525498+00:00", "level": "INFO", "jobId": "2d65ef1c-a390-40c6-824f-90083812c0fe", "keyword": "khai trương hcm", "step": "cooldown", "message": "Cooldown 1.4s (after capture)", "data": null, "seq": 13086}
{"ts": "2026-05-01T04:46:04.491634+00:00", "level": "INFO", "jobId": "2d65ef1c-a390-40c6-824f-90083812c0fe", "keyword": "khai trương hcm", "step": "capture", "message": "Capturing 22/130 (viewport)…", "data": null, "seq": 13087}
{"ts": "2026-05-01T04:46:17.740975+00:00", "level": "INFO", "jobId": "2d65ef1c-a390-40c6-824f-90083812c0fe", "keyword": "khai trương hcm", "step": "capture", "message": "Capturing 22/130 (viewport)…", "data": null, "seq": 13092}
{"ts": "2026-05-01T04:46:30.729700+00:00", "level": "INFO", "jobId": "2d65ef1c-a390-40c6-824f-90083812c0fe", "keyword": "khai trương hcm", "step": "capture", "message": "Capturing 22/130 (viewport)…", "data": null, "seq": 13100}
{"ts": "2026-05-01T04:46:43.448903+00:00", "level": "INFO", "jobId": "2d65ef1c-a390-40c6-824f-90083812c0fe", "keyword": "khai trương hcm", "step": "capture", "message": "Saved post_022.png", "data": null, "seq": 13108}
{"ts": "2026-05-01T04:46:43.450896+00:00", "level": "INFO", "jobId": "2d65ef1c-a390-40c6-824f-90083812c0fe", "keyword": "khai trương hcm", "step": "cooldown", "message": "Cooldown 2.9s (after capture)", "data": null, "seq": 13109}
