{"ts": "2026-05-01T10:04:49.842288+00:00", "level": "INFO", "jobId": "36a2f553-92f6-4520-bd40-b7b79192b711", "keyword": "khai trương", "step": "created", "message": "Job created", "data": {"maxPosts": 10}, "seq": 15690}
{"ts": "2026-05-01T10:04:50.161588+00:00", "level": "INFO", "jobId": "36a2f553-92f6-4520-bd40-b7b79192b711", "keyword": "khai trương", "step": "start", "message": "Job started (attempt 1/2)", "data": {"w": 0}, "seq": 15697}
{"ts": "2026-05-01T10:04:53.930506+00:00", "level": "INFO", "jobId": "36a2f553-92f6-4520-bd40-b7b79192b711", "keyword": "khai trương", "step": "login", "message": "Already logged in (home).", "data": {"w": 0}, "seq": 15698}
{"ts": "2026-05-01T10:04:53.930506+00:00", "level": "INFO", "jobId": "36a2f553-92f6-4520-bd40-b7b79192b711", "keyword": "khai trương", "step": "search", "message": "Searching keyword: \"khai trương\"", "data": {"w": 0}, "seq": 15699}
{"ts": "2026-05-01T10:05:06.086099+00:00", "level": "INFO", "jobId": "36a2f553-92f6-4520-bd40-b7b79192b711", "keyword": "khai trương", "step": "capture", "message": "Start capturing up to 10 posts.", "data": {"w": 0}, "seq": 15700}
{"ts": "2026-05-01T10:05:06.087100+00:00", "level": "INFO", "jobId": "36a2f553-92f6-4520-bd40-b7b79192b711", "keyword": "khai trương", "step": "capture", "message": "Output folder: Lan 24 - 1705", "data": {"w": 0}, "seq": 15701}
{"ts": "2026-05-01T10:05:06.589612+00:00", "level": "INFO", "jobId": "36a2f553-92f6-4520-bd40-b7b79192b711", "keyword": "khai trương", "step": "capture", "message": "Capturing posinset=1 (1/10)…", "data": {"w": 0}, "seq": 15702}
{"ts": "2026-05-01T10:05:09.788980+00:00", "level": "INFO", "jobId": "36a2f553-92f6-4520-bd40-b7b79192b711", "keyword": "khai trương", "step": "capture", "message": "Saved post_001.png (posinset=1)", "data": {"w": 0}, "seq": 15703}
{"ts": "2026-05-01T10:05:09.788980+00:00", "level": "INFO", "jobId": "36a2f553-92f6-4520-bd40-b7b79192b711", "keyword": "khai trương", "step": "cooldown", "message": "Cooldown 1.0s (after capture)", "data": {"w": 0}, "seq": 15704}
{"ts": "2026-05-01T10:05:10.952404+00:00", "level": "WARN", "jobId": "36a2f553-92f6-4520-bd40-b7b79192b711", "keyword": "khai trương", "step": "retry", "message": "Element timeout: Lost search page and failed to return: Page.goto: net::ERR_FAILED at https://www.facebook.com/search/posts/?q=khai%20tr%C6%B0%C6%A1ng&filters=eyJyZWNlbnRfcG9zdHM6MCI6IntcIm5hbWVcIjpcInJlY2VudF9wb3N0c1wiLFwiYXJnc1wiOlwiXCJ9In0%3D\nCall log:\n  - navigating to \"https://www.facebook.com/search/posts/?q=khai%20tr%C6%B0%C6%A1ng&filters=eyJyZWNlbnRfcG9zdHM6MCI6IntcIm5hbWVcIjpcInJlY2VudF9wb3N0c1wiLFwiYXJnc1wiOlwiXCJ9In0%3D\", waiting until \"domcontentloaded\"\n", "data": {"w": 0}, "seq": 15705}
{"ts": "2026-05-01T10:05:10.953870+00:00", "level": "WARN", "jobId": "36a2f553-92f6-4520-bd40-b7b79192b711", "keyword": "khai trương", "step": "relaunch", "message": "Relaunching browser before retry.", "data": {"w": 0}, "seq": 15706}
{"ts": "2026-05-01T10:05:12.399389+00:00", "level": "WARN", "jobId": "36a2f553-92f6-4520-bd40-b7b79192b711", "keyword": "khai trương", "step": "retry", "message": "Reset job to pending for retry.", "data": {"w": 0}, "seq": 15707}
{"ts": "2026-05-01T10:05:12.400747+00:00", "level": "INFO", "jobId": "36a2f553-92f6-4520-bd40-b7b79192b711", "keyword": "khai trương", "step": "start", "message": "Job started (attempt 2/2)", "data": {"w": 0}, "seq": 15708}
{"ts": "2026-05-01T10:05:15.699290+00:00", "level": "INFO", "jobId": "36a2f553-92f6-4520-bd40-b7b79192b711", "keyword": "khai trương", "step": "login", "message": "Already logged in (home).", "data": {"w": 0}, "seq": 15709}
{"ts": "2026-05-01T10:05:15.700403+00:00", "level": "INFO", "jobId": "36a2f553-92f6-4520-bd40-b7b79192b711", "keyword": "khai trương", "step": "search", "message": "Searching keyword: \"khai trương\"", "data": {"w": 0}, "seq": 15710}
{"ts": "2026-05-01T10:05:20.751140+00:00", "level": "INFO", "jobId": "36a2f553-92f6-4520-bd40-b7b79192b711", "keyword": "khai trương", "step": "capture", "message": "Start capturing up to 10 posts.", "data": {"w": 0}, "seq": 15711}
{"ts": "2026-05-01T10:05:20.753151+00:00", "level": "INFO", "jobId": "36a2f553-92f6-4520-bd40-b7b79192b711", "keyword": "khai trương", "step": "capture", "message": "Output folder: Lan 25 - 1705", "data": {"w": 0}, "seq": 15712}
{"ts": "2026-05-01T10:05:23.221812+00:00", "level": "INFO", "jobId": "36a2f553-92f6-4520-bd40-b7b79192b711", "keyword": "khai trương", "step": "capture", "message": "Capturing posinset=1 (1/10)…", "data": {"w": 0}, "seq": 15713}
{"ts": "2026-05-01T10:05:29.528555+00:00", "level": "INFO", "jobId": "36a2f553-92f6-4520-bd40-b7b79192b711", "keyword": "khai trương", "step": "capture", "message": "Saved post_001.png (posinset=1)", "data": {"w": 0}, "seq": 15714}
{"ts": "2026-05-01T10:05:29.529972+00:00", "level": "INFO", "jobId": "36a2f553-92f6-4520-bd40-b7b79192b711", "keyword": "khai trương", "step": "cooldown", "message": "Cooldown 1.0s (after capture)", "data": {"w": 0}, "seq": 15715}
{"ts": "2026-05-01T10:05:30.640678+00:00", "level": "WARN", "jobId": "36a2f553-92f6-4520-bd40-b7b79192b711", "keyword": "khai trương", "step": "retry", "message": "Element timeout: Lost search page and failed to return: Page.goto: net::ERR_FAILED at https://www.facebook.com/search/posts/?q=khai%20tr%C6%B0%C6%A1ng&filters=eyJyZWNlbnRfcG9zdHM6MCI6IntcIm5hbWVcIjpcInJlY2VudF9wb3N0c1wiLFwiYXJnc1wiOlwiXCJ9In0%3D\nCall log:\n  - navigating to \"https://www.facebook.com/search/posts/?q=khai%20tr%C6%B0%C6%A1ng&filters=eyJyZWNlbnRfcG9zdHM6MCI6IntcIm5hbWVcIjpcInJlY2VudF9wb3N0c1wiLFwiYXJnc1wiOlwiXCJ9In0%3D\", waiting until \"domcontentloaded\"\n", "data": {"w": 0}, "seq": 15716}
