{"ts": "2026-05-01T14:36:17.559348+00:00", "level": "INFO", "jobId": "482ac908-29fd-494d-a30d-1f4f7c5b9d1b", "keyword": "khai trương", "step": "created", "message": "Job created", "data": {"maxPosts": "unlimited"}, "seq": 19196}
{"ts": "2026-05-01T14:36:18.046969+00:00", "level": "INFO", "jobId": "482ac908-29fd-494d-a30d-1f4f7c5b9d1b", "keyword": "khai trương", "step": "start", "message": "Job started (attempt 1/2)", "data": {"w": 0}, "seq": 19203}
{"ts": "2026-05-01T14:36:23.194934+00:00", "level": "INFO", "jobId": "482ac908-29fd-494d-a30d-1f4f7c5b9d1b", "keyword": "khai trương", "step": "login", "message": "Already logged in (home).", "data": {"w": 0}, "seq": 19206}
{"ts": "2026-05-01T14:36:23.213536+00:00", "level": "INFO", "jobId": "482ac908-29fd-494d-a30d-1f4f7c5b9d1b", "keyword": "khai trương", "step": "search", "message": "Searching keyword: \"khai trương\"", "data": {"w": 0}, "seq": 19207}
{"ts": "2026-05-01T14:36:31.653656+00:00", "level": "INFO", "jobId": "482ac908-29fd-494d-a30d-1f4f7c5b9d1b", "keyword": "khai trương", "step": "capture", "message": "Start capturing all posts until end of results.", "data": {"w": 0}, "seq": 19212}
{"ts": "2026-05-01T14:36:31.654657+00:00", "level": "INFO", "jobId": "482ac908-29fd-494d-a30d-1f4f7c5b9d1b", "keyword": "khai trương", "step": "capture", "message": "Output folder: Lan 2 - 2136", "data": {"w": 0}, "seq": 19213}
{"ts": "2026-05-01T14:36:46.366343+00:00", "level": "INFO", "jobId": "482ac908-29fd-494d-a30d-1f4f7c5b9d1b", "keyword": "khai trương", "step": "capture", "message": "Capturing posinset=1 (1/∞)…", "data": {"w": 0}, "seq": 19216}
{"ts": "2026-05-01T14:36:50.174170+00:00", "level": "INFO", "jobId": "482ac908-29fd-494d-a30d-1f4f7c5b9d1b", "keyword": "khai trương", "step": "capture", "message": "Saved post_001.png (posinset=1)", "data": {"w": 0}, "seq": 19218}
{"ts": "2026-05-01T14:36:50.177168+00:00", "level": "INFO", "jobId": "482ac908-29fd-494d-a30d-1f4f7c5b9d1b", "keyword": "khai trương", "step": "cooldown", "message": "Cooldown 1.0s (after capture)", "data": {"w": 0}, "seq": 19219}
{"ts": "2026-05-01T14:36:51.203466+00:00", "level": "INFO", "jobId": "482ac908-29fd-494d-a30d-1f4f7c5b9d1b", "keyword": "khai trương", "step": "capture", "message": "Capturing posinset=2 (2/∞)…", "data": {"w": 0}, "seq": 19220}
{"ts": "2026-05-01T14:36:53.168561+00:00", "level": "INFO", "jobId": "482ac908-29fd-494d-a30d-1f4f7c5b9d1b", "keyword": "khai trương", "step": "capture", "message": "Saved post_002.png (posinset=2)", "data": {"w": 0}, "seq": 19223}
{"ts": "2026-05-01T14:36:53.168561+00:00", "level": "INFO", "jobId": "482ac908-29fd-494d-a30d-1f4f7c5b9d1b", "keyword": "khai trương", "step": "cooldown", "message": "Cooldown 1.0s (after capture)", "data": {"w": 0}, "seq": 19224}
{"ts": "2026-05-01T14:36:54.263765+00:00", "level": "INFO", "jobId": "482ac908-29fd-494d-a30d-1f4f7c5b9d1b", "keyword": "khai trương", "step": "capture", "message": "Capturing posinset=3 (3/∞)…", "data": {"w": 0}, "seq": 19226}
{"ts": "2026-05-01T14:36:55.671972+00:00", "level": "INFO", "jobId": "482ac908-29fd-494d-a30d-1f4f7c5b9d1b", "keyword": "khai trương", "step": "capture", "message": "Saved post_003.png (posinset=3)", "data": {"w": 0}, "seq": 19229}
{"ts": "2026-05-01T14:36:55.673412+00:00", "level": "INFO", "jobId": "482ac908-29fd-494d-a30d-1f4f7c5b9d1b", "keyword": "khai trương", "step": "cooldown", "message": "Cooldown 1.0s (after capture)", "data": {"w": 0}, "seq": 19230}
{"ts": "2026-05-01T14:36:56.689449+00:00", "level": "INFO", "jobId": "482ac908-29fd-494d-a30d-1f4f7c5b9d1b", "keyword": "khai trương", "step": "capture", "message": "Capturing posinset=4 (4/∞)…", "data": {"w": 0}, "seq": 19232}
{"ts": "2026-05-01T14:36:57.840557+00:00", "level": "INFO", "jobId": "482ac908-29fd-494d-a30d-1f4f7c5b9d1b", "keyword": "khai trương", "step": "capture", "message": "Saved post_004.png (posinset=4)", "data": {"w": 0}, "seq": 19235}
{"ts": "2026-05-01T14:36:57.842924+00:00", "level": "INFO", "jobId": "482ac908-29fd-494d-a30d-1f4f7c5b9d1b", "keyword": "khai trương", "step": "cooldown", "message": "Cooldown 1.0s (after capture)", "data": {"w": 0}, "seq": 19236}
{"ts": "2026-05-01T14:36:58.855662+00:00", "level": "INFO", "jobId": "482ac908-29fd-494d-a30d-1f4f7c5b9d1b", "keyword": "khai trương", "step": "heartbeat", "message": "Worker alive", "data": {"w": 0, "elapsed_s": 40}, "seq": 19238}
{"ts": "2026-05-01T14:36:58.855662+00:00", "level": "INFO", "jobId": "482ac908-29fd-494d-a30d-1f4f7c5b9d1b", "keyword": "khai trương", "step": "capture", "message": "Capturing posinset=5 (5/∞)…", "data": {"w": 0}, "seq": 19239}
{"ts": "2026-05-01T14:36:59.977294+00:00", "level": "INFO", "jobId": "482ac908-29fd-494d-a30d-1f4f7c5b9d1b", "keyword": "khai trương", "step": "capture", "message": "Saved post_005.png (posinset=5)", "data": {"w": 0}, "seq": 19242}
{"ts": "2026-05-01T14:36:59.977294+00:00", "level": "INFO", "jobId": "482ac908-29fd-494d-a30d-1f4f7c5b9d1b", "keyword": "khai trương", "step": "cooldown", "message": "Cooldown 1.0s (after capture)", "data": {"w": 0}, "seq": 19243}
{"ts": "2026-05-01T14:37:00.995021+00:00", "level": "INFO", "jobId": "482ac908-29fd-494d-a30d-1f4f7c5b9d1b", "keyword": "khai trương", "step": "capture", "message": "Capturing posinset=6 (6/∞)…", "data": {"w": 0}, "seq": 19245}
{"ts": "2026-05-01T14:37:02.338925+00:00", "level": "INFO", "jobId": "482ac908-29fd-494d-a30d-1f4f7c5b9d1b", "keyword": "khai trương", "step": "capture", "message": "Saved post_006.png (posinset=6)", "data": {"w": 0}, "seq": 19250}
{"ts": "2026-05-01T14:37:02.343229+00:00", "level": "INFO", "jobId": "482ac908-29fd-494d-a30d-1f4f7c5b9d1b", "keyword": "khai trương", "step": "cooldown", "message": "Cooldown 1.0s (after capture)", "data": {"w": 0}, "seq": 19251}
{"ts": "2026-05-01T14:37:03.366549+00:00", "level": "INFO", "jobId": "482ac908-29fd-494d-a30d-1f4f7c5b9d1b", "keyword": "khai trương", "step": "capture", "message": "Capturing posinset=7 (7/∞)…", "data": {"w": 0}, "seq": 19254}
{"ts": "2026-05-01T14:37:04.726326+00:00", "level": "INFO", "jobId": "482ac908-29fd-494d-a30d-1f4f7c5b9d1b", "keyword": "khai trương", "step": "capture", "message": "Saved post_007.png (posinset=7)", "data": {"w": 0}, "seq": 19257}
{"ts": "2026-05-01T14:37:04.729776+00:00", "level": "INFO", "jobId": "482ac908-29fd-494d-a30d-1f4f7c5b9d1b", "keyword": "khai trương", "step": "cooldown", "message": "Cooldown 1.0s (after capture)", "data": {"w": 0}, "seq": 19258}
{"ts": "2026-05-01T14:37:05.748649+00:00", "level": "INFO", "jobId": "482ac908-29fd-494d-a30d-1f4f7c5b9d1b", "keyword": "khai trương", "step": "capture", "message": "Capturing posinset=8 (8/∞)…", "data": {"w": 0}, "seq": 19261}
{"ts": "2026-05-01T14:37:07.348394+00:00", "level": "INFO", "jobId": "482ac908-29fd-494d-a30d-1f4f7c5b9d1b", "keyword": "khai trương", "step": "capture", "message": "Saved post_008.png (posinset=8)", "data": {"w": 0}, "seq": 19264}
{"ts": "2026-05-01T14:37:07.349393+00:00", "level": "INFO", "jobId": "482ac908-29fd-494d-a30d-1f4f7c5b9d1b", "keyword": "khai trương", "step": "cooldown", "message": "Cooldown 1.0s (after capture)", "data": {"w": 0}, "seq": 19265}
{"ts": "2026-05-01T14:37:08.371448+00:00", "level": "INFO", "jobId": "482ac908-29fd-494d-a30d-1f4f7c5b9d1b", "keyword": "khai trương", "step": "capture", "message": "Capturing posinset=9 (9/∞)…", "data": {"w": 0}, "seq": 19267}
{"ts": "2026-05-01T14:37:09.637184+00:00", "level": "INFO", "jobId": "482ac908-29fd-494d-a30d-1f4f7c5b9d1b", "keyword": "khai trương", "step": "capture", "message": "Saved post_009.png (posinset=9)", "data": {"w": 0}, "seq": 19270}
{"ts": "2026-05-01T14:37:09.638195+00:00", "level": "INFO", "jobId": "482ac908-29fd-494d-a30d-1f4f7c5b9d1b", "keyword": "khai trương", "step": "cooldown", "message": "Cooldown 1.0s (after capture)", "data": {"w": 0}, "seq": 19271}
{"ts": "2026-05-01T14:37:10.653945+00:00", "level": "INFO", "jobId": "482ac908-29fd-494d-a30d-1f4f7c5b9d1b", "keyword": "khai trương", "step": "capture", "message": "Capturing posinset=10 (10/∞)…", "data": {"w": 0}, "seq": 19273}
{"ts": "2026-05-01T14:37:11.577643+00:00", "level": "INFO", "jobId": "482ac908-29fd-494d-a30d-1f4f7c5b9d1b", "keyword": "khai trương", "step": "capture", "message": "Saved post_010.png (posinset=10)", "data": {"w": 0}, "seq": 19276}
{"ts": "2026-05-01T14:37:11.577643+00:00", "level": "INFO", "jobId": "482ac908-29fd-494d-a30d-1f4f7c5b9d1b", "keyword": "khai trương", "step": "cooldown", "message": "Cooldown 1.0s (after capture)", "data": {"w": 0}, "seq": 19277}
{"ts": "2026-05-01T14:37:12.760565+00:00", "level": "INFO", "jobId": "482ac908-29fd-494d-a30d-1f4f7c5b9d1b", "keyword": "khai trương", "step": "capture", "message": "Capturing posinset=11 (11/∞)…", "data": {"w": 0}, "seq": 19281}
{"ts": "2026-05-01T14:37:13.783616+00:00", "level": "INFO", "jobId": "482ac908-29fd-494d-a30d-1f4f7c5b9d1b", "keyword": "khai trương", "step": "capture", "message": "Saved post_011.png (posinset=11)", "data": {"w": 0}, "seq": 19284}
{"ts": "2026-05-01T14:37:13.785008+00:00", "level": "INFO", "jobId": "482ac908-29fd-494d-a30d-1f4f7c5b9d1b", "keyword": "khai trương", "step": "cooldown", "message": "Cooldown 1.0s (after capture)", "data": {"w": 0}, "seq": 19285}
{"ts": "2026-05-01T14:37:14.810144+00:00", "level": "INFO", "jobId": "482ac908-29fd-494d-a30d-1f4f7c5b9d1b", "keyword": "khai trương", "step": "heartbeat", "message": "Worker alive", "data": {"w": 0, "elapsed_s": 56}, "seq": 19287}
{"ts": "2026-05-01T14:37:14.810144+00:00", "level": "INFO", "jobId": "482ac908-29fd-494d-a30d-1f4f7c5b9d1b", "keyword": "khai trương", "step": "capture", "message": "Capturing posinset=12 (12/∞)…", "data": {"w": 0}, "seq": 19288}
{"ts": "2026-05-01T14:37:16.071343+00:00", "level": "INFO", "jobId": "482ac908-29fd-494d-a30d-1f4f7c5b9d1b", "keyword": "khai trương", "step": "capture", "message": "Saved post_012.png (posinset=12)", "data": {"w": 0}, "seq": 19289}
{"ts": "2026-05-01T14:37:16.071343+00:00", "level": "INFO", "jobId": "482ac908-29fd-494d-a30d-1f4f7c5b9d1b", "keyword": "khai trương", "step": "cooldown", "message": "Cooldown 1.0s (after capture)", "data": {"w": 0}, "seq": 19290}
{"ts": "2026-05-01T14:37:17.099696+00:00", "level": "INFO", "jobId": "482ac908-29fd-494d-a30d-1f4f7c5b9d1b", "keyword": "khai trương", "step": "capture", "message": "Capturing posinset=13 (13/∞)…", "data": {"w": 0}, "seq": 19292}
{"ts": "2026-05-01T14:37:18.272814+00:00", "level": "INFO", "jobId": "482ac908-29fd-494d-a30d-1f4f7c5b9d1b", "keyword": "khai trương", "step": "capture", "message": "Saved post_013.png (posinset=13)", "data": {"w": 0}, "seq": 19295}
{"ts": "2026-05-01T14:37:18.274284+00:00", "level": "INFO", "jobId": "482ac908-29fd-494d-a30d-1f4f7c5b9d1b", "keyword": "khai trương", "step": "cooldown", "message": "Cooldown 1.0s (after capture)", "data": {"w": 0}, "seq": 19296}
{"ts": "2026-05-01T14:37:19.292401+00:00", "level": "INFO", "jobId": "482ac908-29fd-494d-a30d-1f4f7c5b9d1b", "keyword": "khai trương", "step": "capture", "message": "Capturing posinset=14 (14/∞)…", "data": {"w": 0}, "seq": 19298}
{"ts": "2026-05-01T14:37:20.297859+00:00", "level": "INFO", "jobId": "482ac908-29fd-494d-a30d-1f4f7c5b9d1b", "keyword": "khai trương", "step": "capture", "message": "Saved post_014.png (posinset=14)", "data": {"w": 0}, "seq": 19301}
{"ts": "2026-05-01T14:37:20.297859+00:00", "level": "INFO", "jobId": "482ac908-29fd-494d-a30d-1f4f7c5b9d1b", "keyword": "khai trương", "step": "cooldown", "message": "Cooldown 1.0s (after capture)", "data": {"w": 0}, "seq": 19302}
{"ts": "2026-05-01T14:37:21.448309+00:00", "level": "INFO", "jobId": "482ac908-29fd-494d-a30d-1f4f7c5b9d1b", "keyword": "khai trương", "step": "capture", "message": "Capturing posinset=15 (15/∞)…", "data": {"w": 0}, "seq": 19305}
{"ts": "2026-05-01T14:37:22.962426+00:00", "level": "INFO", "jobId": "482ac908-29fd-494d-a30d-1f4f7c5b9d1b", "keyword": "khai trương", "step": "capture", "message": "Saved post_015.png (posinset=15)", "data": {"w": 0}, "seq": 19310}
{"ts": "2026-05-01T14:37:22.962426+00:00", "level": "INFO", "jobId": "482ac908-29fd-494d-a30d-1f4f7c5b9d1b", "keyword": "khai trương", "step": "cooldown", "message": "Cooldown 1.0s (after capture)", "data": {"w": 0}, "seq": 19311}
{"ts": "2026-05-01T14:37:23.972943+00:00", "level": "INFO", "jobId": "482ac908-29fd-494d-a30d-1f4f7c5b9d1b", "keyword": "khai trương", "step": "capture", "message": "Capturing posinset=16 (16/∞)…", "data": {"w": 0}, "seq": 19313}
{"ts": "2026-05-01T14:37:24.926969+00:00", "level": "INFO", "jobId": "482ac908-29fd-494d-a30d-1f4f7c5b9d1b", "keyword": "khai trương", "step": "capture", "message": "Saved post_016.png (posinset=16)", "data": {"w": 0}, "seq": 19316}
{"ts": "2026-05-01T14:37:24.929969+00:00", "level": "INFO", "jobId": "482ac908-29fd-494d-a30d-1f4f7c5b9d1b", "keyword": "khai trương", "step": "cooldown", "message": "Cooldown 1.0s (after capture)", "data": {"w": 0}, "seq": 19317}
{"ts": "2026-05-01T14:37:25.948835+00:00", "level": "INFO", "jobId": "482ac908-29fd-494d-a30d-1f4f7c5b9d1b", "keyword": "khai trương", "step": "capture", "message": "Capturing posinset=17 (17/∞)…", "data": {"w": 0}, "seq": 19319}
{"ts": "2026-05-01T14:37:27.248042+00:00", "level": "INFO", "jobId": "482ac908-29fd-494d-a30d-1f4f7c5b9d1b", "keyword": "khai trương", "step": "capture", "message": "Saved post_017.png (posinset=17)", "data": {"w": 0}, "seq": 19322}
{"ts": "2026-05-01T14:37:27.248042+00:00", "level": "INFO", "jobId": "482ac908-29fd-494d-a30d-1f4f7c5b9d1b", "keyword": "khai trương", "step": "cooldown", "message": "Cooldown 1.0s (after capture)", "data": {"w": 0}, "seq": 19323}
{"ts": "2026-05-01T14:37:28.272395+00:00", "level": "INFO", "jobId": "482ac908-29fd-494d-a30d-1f4f7c5b9d1b", "keyword": "khai trương", "step": "capture", "message": "Capturing posinset=18 (18/∞)…", "data": {"w": 0}, "seq": 19325}
{"ts": "2026-05-01T14:37:29.331075+00:00", "level": "INFO", "jobId": "482ac908-29fd-494d-a30d-1f4f7c5b9d1b", "keyword": "khai trương", "step": "capture", "message": "Saved post_018.png (posinset=18)", "data": {"w": 0}, "seq": 19328}
{"ts": "2026-05-01T14:37:29.331075+00:00", "level": "INFO", "jobId": "482ac908-29fd-494d-a30d-1f4f7c5b9d1b", "keyword": "khai trương", "step": "cooldown", "message": "Cooldown 1.0s (after capture)", "data": {"w": 0}, "seq": 19329}
{"ts": "2026-05-01T14:37:30.349949+00:00", "level": "INFO", "jobId": "482ac908-29fd-494d-a30d-1f4f7c5b9d1b", "keyword": "khai trương", "step": "heartbeat", "message": "Worker alive", "data": {"w": 0, "elapsed_s": 72}, "seq": 19331}
{"ts": "2026-05-01T14:37:30.350949+00:00", "level": "INFO", "jobId": "482ac908-29fd-494d-a30d-1f4f7c5b9d1b", "keyword": "khai trương", "step": "capture", "message": "Capturing posinset=19 (19/∞)…", "data": {"w": 0}, "seq": 19332}
{"ts": "2026-05-01T14:37:31.797614+00:00", "level": "INFO", "jobId": "482ac908-29fd-494d-a30d-1f4f7c5b9d1b", "keyword": "khai trương", "step": "capture", "message": "Saved post_019.png (posinset=19)", "data": {"w": 0}, "seq": 19335}
{"ts": "2026-05-01T14:37:31.797614+00:00", "level": "INFO", "jobId": "482ac908-29fd-494d-a30d-1f4f7c5b9d1b", "keyword": "khai trương", "step": "cooldown", "message": "Cooldown 1.0s (after capture)", "data": {"w": 0}, "seq": 19336}
{"ts": "2026-05-01T14:37:32.810750+00:00", "level": "INFO", "jobId": "482ac908-29fd-494d-a30d-1f4f7c5b9d1b", "keyword": "khai trương", "step": "capture", "message": "Capturing posinset=20 (20/∞)…", "data": {"w": 0}, "seq": 19340}
{"ts": "2026-05-01T14:37:33.940732+00:00", "level": "INFO", "jobId": "482ac908-29fd-494d-a30d-1f4f7c5b9d1b", "keyword": "khai trương", "step": "capture", "message": "Saved post_020.png (posinset=20)", "data": {"w": 0}, "seq": 19343}
{"ts": "2026-05-01T14:37:33.942009+00:00", "level": "INFO", "jobId": "482ac908-29fd-494d-a30d-1f4f7c5b9d1b", "keyword": "khai trương", "step": "cooldown", "message": "Cooldown 1.0s (after capture)", "data": {"w": 0}, "seq": 19344}
{"ts": "2026-05-01T14:37:34.964874+00:00", "level": "INFO", "jobId": "482ac908-29fd-494d-a30d-1f4f7c5b9d1b", "keyword": "khai trương", "step": "capture", "message": "Capturing posinset=21 (21/∞)…", "data": {"w": 0}, "seq": 19346}
{"ts": "2026-05-01T14:37:37.099967+00:00", "level": "INFO", "jobId": "482ac908-29fd-494d-a30d-1f4f7c5b9d1b", "keyword": "khai trương", "step": "capture", "message": "Capturing posinset=21 (21/∞)…", "data": {"w": 0}, "seq": 19347}
{"ts": "2026-05-01T14:37:40.054953+00:00", "level": "INFO", "jobId": "482ac908-29fd-494d-a30d-1f4f7c5b9d1b", "keyword": "khai trương", "step": "capture", "message": "Saved post_021.png (posinset=21)", "data": {"w": 0}, "seq": 19350}
{"ts": "2026-05-01T14:37:40.058067+00:00", "level": "INFO", "jobId": "482ac908-29fd-494d-a30d-1f4f7c5b9d1b", "keyword": "khai trương", "step": "cooldown", "message": "Cooldown 1.0s (after capture)", "data": {"w": 0}, "seq": 19351}
{"ts": "2026-05-01T14:37:41.084119+00:00", "level": "INFO", "jobId": "482ac908-29fd-494d-a30d-1f4f7c5b9d1b", "keyword": "khai trương", "step": "capture", "message": "Capturing posinset=22 (22/∞)…", "data": {"w": 0}, "seq": 19354}
{"ts": "2026-05-01T14:37:42.648196+00:00", "level": "INFO", "jobId": "482ac908-29fd-494d-a30d-1f4f7c5b9d1b", "keyword": "khai trương", "step": "capture", "message": "Saved post_022.png (posinset=22)", "data": {"w": 0}, "seq": 19359}
{"ts": "2026-05-01T14:37:42.652459+00:00", "level": "INFO", "jobId": "482ac908-29fd-494d-a30d-1f4f7c5b9d1b", "keyword": "khai trương", "step": "cooldown", "message": "Cooldown 1.0s (after capture)", "data": {"w": 0}, "seq": 19360}
{"ts": "2026-05-01T14:37:43.687685+00:00", "level": "INFO", "jobId": "482ac908-29fd-494d-a30d-1f4f7c5b9d1b", "keyword": "khai trương", "step": "capture", "message": "Capturing posinset=23 (23/∞)…", "data": {"w": 0}, "seq": 19365}
{"ts": "2026-05-01T14:37:45.587127+00:00", "level": "INFO", "jobId": "482ac908-29fd-494d-a30d-1f4f7c5b9d1b", "keyword": "khai trương", "step": "capture", "message": "Saved post_023.png (posinset=23)", "data": {"w": 0}, "seq": 19367}
{"ts": "2026-05-01T14:37:45.589131+00:00", "level": "INFO", "jobId": "482ac908-29fd-494d-a30d-1f4f7c5b9d1b", "keyword": "khai trương", "step": "cooldown", "message": "Cooldown 1.0s (after capture)", "data": {"w": 0}, "seq": 19368}
{"ts": "2026-05-01T14:37:46.611417+00:00", "level": "INFO", "jobId": "482ac908-29fd-494d-a30d-1f4f7c5b9d1b", "keyword": "khai trương", "step": "heartbeat", "message": "Worker alive", "data": {"w": 0, "elapsed_s": 88}, "seq": 19370}
{"ts": "2026-05-01T14:37:46.613161+00:00", "level": "INFO", "jobId": "482ac908-29fd-494d-a30d-1f4f7c5b9d1b", "keyword": "khai trương", "step": "capture", "message": "Capturing posinset=24 (24/∞)…", "data": {"w": 0}, "seq": 19371}
{"ts": "2026-05-01T14:37:47.902284+00:00", "level": "INFO", "jobId": "482ac908-29fd-494d-a30d-1f4f7c5b9d1b", "keyword": "khai trương", "step": "capture", "message": "Saved post_024.png (posinset=24)", "data": {"w": 0}, "seq": 19375}
{"ts": "2026-05-01T14:37:47.902793+00:00", "level": "INFO", "jobId": "482ac908-29fd-494d-a30d-1f4f7c5b9d1b", "keyword": "khai trương", "step": "cooldown", "message": "Cooldown 1.0s (after capture)", "data": {"w": 0}, "seq": 19376}
{"ts": "2026-05-01T14:37:48.926847+00:00", "level": "INFO", "jobId": "482ac908-29fd-494d-a30d-1f4f7c5b9d1b", "keyword": "khai trương", "step": "capture", "message": "Capturing posinset=25 (25/∞)…", "data": {"w": 0}, "seq": 19377}
{"ts": "2026-05-01T14:37:49.870531+00:00", "level": "INFO", "jobId": "482ac908-29fd-494d-a30d-1f4f7c5b9d1b", "keyword": "khai trương", "step": "capture", "message": "Saved post_025.png (posinset=25)", "data": {"w": 0}, "seq": 19380}
{"ts": "2026-05-01T14:37:49.871574+00:00", "level": "INFO", "jobId": "482ac908-29fd-494d-a30d-1f4f7c5b9d1b", "keyword": "khai trương", "step": "cooldown", "message": "Cooldown 1.0s (after capture)", "data": {"w": 0}, "seq": 19381}
{"ts": "2026-05-01T14:37:50.889898+00:00", "level": "INFO", "jobId": "482ac908-29fd-494d-a30d-1f4f7c5b9d1b", "keyword": "khai trương", "step": "capture", "message": "Capturing posinset=26 (26/∞)…", "data": {"w": 0}, "seq": 19385}
{"ts": "2026-05-01T14:37:51.996468+00:00", "level": "INFO", "jobId": "482ac908-29fd-494d-a30d-1f4f7c5b9d1b", "keyword": "khai trương", "step": "capture", "message": "Saved post_026.png (posinset=26)", "data": {"w": 0}, "seq": 19388}
{"ts": "2026-05-01T14:37:51.997487+00:00", "level": "INFO", "jobId": "482ac908-29fd-494d-a30d-1f4f7c5b9d1b", "keyword": "khai trương", "step": "cooldown", "message": "Cooldown 1.0s (after capture)", "data": {"w": 0}, "seq": 19389}
{"ts": "2026-05-01T14:37:53.023388+00:00", "level": "INFO", "jobId": "482ac908-29fd-494d-a30d-1f4f7c5b9d1b", "keyword": "khai trương", "step": "capture", "message": "Capturing posinset=27 (27/∞)…", "data": {"w": 0}, "seq": 19391}
{"ts": "2026-05-01T14:37:54.058892+00:00", "level": "INFO", "jobId": "482ac908-29fd-494d-a30d-1f4f7c5b9d1b", "keyword": "khai trương", "step": "capture", "message": "Saved post_027.png (posinset=27)", "data": {"w": 0}, "seq": 19395}
{"ts": "2026-05-01T14:37:54.058892+00:00", "level": "INFO", "jobId": "482ac908-29fd-494d-a30d-1f4f7c5b9d1b", "keyword": "khai trương", "step": "cooldown", "message": "Cooldown 1.0s (after capture)", "data": {"w": 0}, "seq": 19396}
{"ts": "2026-05-01T14:37:55.068413+00:00", "level": "INFO", "jobId": "482ac908-29fd-494d-a30d-1f4f7c5b9d1b", "keyword": "khai trương", "step": "capture", "message": "Capturing posinset=28 (28/∞)…", "data": {"w": 0}, "seq": 19399}
{"ts": "2026-05-01T14:37:56.264873+00:00", "level": "INFO", "jobId": "482ac908-29fd-494d-a30d-1f4f7c5b9d1b", "keyword": "khai trương", "step": "capture", "message": "Saved post_028.png (posinset=28)", "data": {"w": 0}, "seq": 19402}
{"ts": "2026-05-01T14:37:56.264873+00:00", "level": "INFO", "jobId": "482ac908-29fd-494d-a30d-1f4f7c5b9d1b", "keyword": "khai trương", "step": "cooldown", "message": "Cooldown 1.0s (after capture)", "data": {"w": 0}, "seq": 19403}
{"ts": "2026-05-01T14:37:57.283531+00:00", "level": "INFO", "jobId": "482ac908-29fd-494d-a30d-1f4f7c5b9d1b", "keyword": "khai trương", "step": "capture", "message": "Capturing posinset=29 (29/∞)…", "data": {"w": 0}, "seq": 19405}
{"ts": "2026-05-01T14:37:58.414430+00:00", "level": "INFO", "jobId": "482ac908-29fd-494d-a30d-1f4f7c5b9d1b", "keyword": "khai trương", "step": "capture", "message": "Saved post_029.png (posinset=29)", "data": {"w": 0}, "seq": 19410}
{"ts": "2026-05-01T14:37:58.415557+00:00", "level": "INFO", "jobId": "482ac908-29fd-494d-a30d-1f4f7c5b9d1b", "keyword": "khai trương", "step": "cooldown", "message": "Cooldown 1.0s (after capture)", "data": {"w": 0}, "seq": 19411}
{"ts": "2026-05-01T14:37:59.421248+00:00", "level": "INFO", "jobId": "482ac908-29fd-494d-a30d-1f4f7c5b9d1b", "keyword": "khai trương", "step": "capture", "message": "Capturing posinset=30 (30/∞)…", "data": {"w": 0}, "seq": 19413}
{"ts": "2026-05-01T14:38:00.394457+00:00", "level": "INFO", "jobId": "482ac908-29fd-494d-a30d-1f4f7c5b9d1b", "keyword": "khai trương", "step": "capture", "message": "Saved post_030.png (posinset=30)", "data": {"w": 0}, "seq": 19416}
{"ts": "2026-05-01T14:38:00.394457+00:00", "level": "INFO", "jobId": "482ac908-29fd-494d-a30d-1f4f7c5b9d1b", "keyword": "khai trương", "step": "cooldown", "message": "Cooldown 1.0s (after capture)", "data": {"w": 0}, "seq": 19417}
{"ts": "2026-05-01T14:38:01.858854+00:00", "level": "INFO", "jobId": "482ac908-29fd-494d-a30d-1f4f7c5b9d1b", "keyword": "khai trương", "step": "heartbeat", "message": "Worker alive", "data": {"w": 0, "elapsed_s": 103}, "seq": 19420}
{"ts": "2026-05-01T14:38:01.862844+00:00", "level": "INFO", "jobId": "482ac908-29fd-494d-a30d-1f4f7c5b9d1b", "keyword": "khai trương", "step": "capture", "message": "Capturing posinset=31 (31/∞)…", "data": {"w": 0}, "seq": 19421}
{"ts": "2026-05-01T14:38:06.038868+00:00", "level": "INFO", "jobId": "482ac908-29fd-494d-a30d-1f4f7c5b9d1b", "keyword": "khai trương", "step": "capture", "message": "Saved post_031.png (posinset=31)", "data": {"w": 0}, "seq": 19425}
{"ts": "2026-05-01T14:38:06.039868+00:00", "level": "INFO", "jobId": "482ac908-29fd-494d-a30d-1f4f7c5b9d1b", "keyword": "khai trương", "step": "cooldown", "message": "Cooldown 1.0s (after capture)", "data": {"w": 0}, "seq": 19426}
{"ts": "2026-05-01T14:38:07.071989+00:00", "level": "INFO", "jobId": "482ac908-29fd-494d-a30d-1f4f7c5b9d1b", "keyword": "khai trương", "step": "capture", "message": "Capturing posinset=32 (32/∞)…", "data": {"w": 0}, "seq": 19429}
{"ts": "2026-05-01T14:38:09.444161+00:00", "level": "INFO", "jobId": "482ac908-29fd-494d-a30d-1f4f7c5b9d1b", "keyword": "khai trương", "step": "capture", "message": "Saved post_032.png (posinset=32)", "data": {"w": 0}, "seq": 19432}
{"ts": "2026-05-01T14:38:09.455021+00:00", "level": "INFO", "jobId": "482ac908-29fd-494d-a30d-1f4f7c5b9d1b", "keyword": "khai trương", "step": "cooldown", "message": "Cooldown 1.0s (after capture)", "data": {"w": 0}, "seq": 19433}
{"ts": "2026-05-01T14:38:10.594516+00:00", "level": "INFO", "jobId": "482ac908-29fd-494d-a30d-1f4f7c5b9d1b", "keyword": "khai trương", "step": "capture", "message": "Capturing posinset=33 (33/∞)…", "data": {"w": 0}, "seq": 19436}
{"ts": "2026-05-01T14:38:12.987733+00:00", "level": "INFO", "jobId": "482ac908-29fd-494d-a30d-1f4f7c5b9d1b", "keyword": "khai trương", "step": "capture", "message": "Saved post_033.png (posinset=33)", "data": {"w": 0}, "seq": 19439}
{"ts": "2026-05-01T14:38:12.991828+00:00", "level": "INFO", "jobId": "482ac908-29fd-494d-a30d-1f4f7c5b9d1b", "keyword": "khai trương", "step": "cooldown", "message": "Cooldown 1.0s (after capture)", "data": {"w": 0}, "seq": 19440}
{"ts": "2026-05-01T14:38:14.037523+00:00", "level": "INFO", "jobId": "482ac908-29fd-494d-a30d-1f4f7c5b9d1b", "keyword": "khai trương", "step": "capture", "message": "Capturing posinset=34 (34/∞)…", "data": {"w": 0}, "seq": 19444}
{"ts": "2026-05-01T14:38:16.240740+00:00", "level": "INFO", "jobId": "482ac908-29fd-494d-a30d-1f4f7c5b9d1b", "keyword": "khai trương", "step": "capture", "message": "Saved post_034.png (posinset=34)", "data": {"w": 0}, "seq": 19450}
{"ts": "2026-05-01T14:38:16.241793+00:00", "level": "INFO", "jobId": "482ac908-29fd-494d-a30d-1f4f7c5b9d1b", "keyword": "khai trương", "step": "cooldown", "message": "Cooldown 1.0s (after capture)", "data": {"w": 0}, "seq": 19451}
{"ts": "2026-05-01T14:38:17.249848+00:00", "level": "INFO", "jobId": "482ac908-29fd-494d-a30d-1f4f7c5b9d1b", "keyword": "khai trương", "step": "heartbeat", "message": "Worker alive", "data": {"w": 0, "elapsed_s": 119}, "seq": 19454}
{"ts": "2026-05-01T14:38:17.249848+00:00", "level": "INFO", "jobId": "482ac908-29fd-494d-a30d-1f4f7c5b9d1b", "keyword": "khai trương", "step": "capture", "message": "Capturing posinset=35 (35/∞)…", "data": {"w": 0}, "seq": 19455}
{"ts": "2026-05-01T14:38:18.635894+00:00", "level": "INFO", "jobId": "482ac908-29fd-494d-a30d-1f4f7c5b9d1b", "keyword": "khai trương", "step": "capture", "message": "Saved post_035.png (posinset=35)", "data": {"w": 0}, "seq": 19460}
{"ts": "2026-05-01T14:38:18.637322+00:00", "level": "INFO", "jobId": "482ac908-29fd-494d-a30d-1f4f7c5b9d1b", "keyword": "khai trương", "step": "cooldown", "message": "Cooldown 1.0s (after capture)", "data": {"w": 0}, "seq": 19461}
{"ts": "2026-05-01T14:38:19.660050+00:00", "level": "INFO", "jobId": "482ac908-29fd-494d-a30d-1f4f7c5b9d1b", "keyword": "khai trương", "step": "capture", "message": "Capturing posinset=36 (36/∞)…", "data": {"w": 0}, "seq": 19464}
{"ts": "2026-05-01T14:38:23.546454+00:00", "level": "INFO", "jobId": "482ac908-29fd-494d-a30d-1f4f7c5b9d1b", "keyword": "khai trương", "step": "capture", "message": "Capturing posinset=36 (36/∞)…", "data": {"w": 0}, "seq": 19471}
{"ts": "2026-05-01T14:38:24.822784+00:00", "level": "INFO", "jobId": "482ac908-29fd-494d-a30d-1f4f7c5b9d1b", "keyword": "khai trương", "step": "capture", "message": "Saved post_036.png (posinset=36)", "data": {"w": 0}, "seq": 19475}
{"ts": "2026-05-01T14:38:24.824944+00:00", "level": "INFO", "jobId": "482ac908-29fd-494d-a30d-1f4f7c5b9d1b", "keyword": "khai trương", "step": "cooldown", "message": "Cooldown 1.0s (after capture)", "data": {"w": 0}, "seq": 19476}
{"ts": "2026-05-01T14:38:25.848301+00:00", "level": "INFO", "jobId": "482ac908-29fd-494d-a30d-1f4f7c5b9d1b", "keyword": "khai trương", "step": "capture", "message": "Capturing posinset=37 (37/∞)…", "data": {"w": 0}, "seq": 19480}
{"ts": "2026-05-01T14:38:27.095557+00:00", "level": "INFO", "jobId": "482ac908-29fd-494d-a30d-1f4f7c5b9d1b", "keyword": "khai trương", "step": "capture", "message": "Saved post_037.png (posinset=37)", "data": {"w": 0}, "seq": 19485}
{"ts": "2026-05-01T14:38:27.095557+00:00", "level": "INFO", "jobId": "482ac908-29fd-494d-a30d-1f4f7c5b9d1b", "keyword": "khai trương", "step": "cooldown", "message": "Cooldown 1.0s (after capture)", "data": {"w": 0}, "seq": 19486}
{"ts": "2026-05-01T14:38:28.140618+00:00", "level": "INFO", "jobId": "482ac908-29fd-494d-a30d-1f4f7c5b9d1b", "keyword": "khai trương", "step": "capture", "message": "Capturing posinset=38 (38/∞)…", "data": {"w": 0}, "seq": 19490}
{"ts": "2026-05-01T14:38:29.656132+00:00", "level": "INFO", "jobId": "482ac908-29fd-494d-a30d-1f4f7c5b9d1b", "keyword": "khai trương", "step": "capture", "message": "Saved post_038.png (posinset=38)", "data": {"w": 0}, "seq": 19495}
{"ts": "2026-05-01T14:38:29.656132+00:00", "level": "INFO", "jobId": "482ac908-29fd-494d-a30d-1f4f7c5b9d1b", "keyword": "khai trương", "step": "cooldown", "message": "Cooldown 1.0s (after capture)", "data": {"w": 0}, "seq": 19496}
{"ts": "2026-05-01T14:38:30.697102+00:00", "level": "INFO", "jobId": "482ac908-29fd-494d-a30d-1f4f7c5b9d1b", "keyword": "khai trương", "step": "capture", "message": "Capturing posinset=39 (39/∞)…", "data": {"w": 0}, "seq": 19497}
{"ts": "2026-05-01T14:38:31.910292+00:00", "level": "INFO", "jobId": "482ac908-29fd-494d-a30d-1f4f7c5b9d1b", "keyword": "khai trương", "step": "capture", "message": "Saved post_039.png (posinset=39)", "data": {"w": 0}, "seq": 19502}
{"ts": "2026-05-01T14:38:31.911685+00:00", "level": "INFO", "jobId": "482ac908-29fd-494d-a30d-1f4f7c5b9d1b", "keyword": "khai trương", "step": "cooldown", "message": "Cooldown 1.0s (after capture)", "data": {"w": 0}, "seq": 19503}
{"ts": "2026-05-01T14:38:32.934927+00:00", "level": "INFO", "jobId": "482ac908-29fd-494d-a30d-1f4f7c5b9d1b", "keyword": "khai trương", "step": "heartbeat", "message": "Worker alive", "data": {"w": 0, "elapsed_s": 134}, "seq": 19506}
{"ts": "2026-05-01T14:38:32.943651+00:00", "level": "INFO", "jobId": "482ac908-29fd-494d-a30d-1f4f7c5b9d1b", "keyword": "khai trương", "step": "capture", "message": "Capturing posinset=40 (40/∞)…", "data": {"w": 0}, "seq": 19507}
{"ts": "2026-05-01T14:38:34.252863+00:00", "level": "INFO", "jobId": "482ac908-29fd-494d-a30d-1f4f7c5b9d1b", "keyword": "khai trương", "step": "capture", "message": "Saved post_040.png (posinset=40)", "data": {"w": 0}, "seq": 19512}
{"ts": "2026-05-01T14:38:34.254147+00:00", "level": "INFO", "jobId": "482ac908-29fd-494d-a30d-1f4f7c5b9d1b", "keyword": "khai trương", "step": "cooldown", "message": "Cooldown 1.0s (after capture)", "data": {"w": 0}, "seq": 19513}
{"ts": "2026-05-01T14:38:36.437319+00:00", "level": "INFO", "jobId": "482ac908-29fd-494d-a30d-1f4f7c5b9d1b", "keyword": "khai trương", "step": "capture", "message": "Capturing posinset=41 (41/∞)…", "data": {"w": 0}, "seq": 19516}
{"ts": "2026-05-01T14:38:39.231301+00:00", "level": "INFO", "jobId": "482ac908-29fd-494d-a30d-1f4f7c5b9d1b", "keyword": "khai trương", "step": "capture", "message": "Saved post_041.png (posinset=41)", "data": {"w": 0}, "seq": 19523}
{"ts": "2026-05-01T14:38:39.232442+00:00", "level": "INFO", "jobId": "482ac908-29fd-494d-a30d-1f4f7c5b9d1b", "keyword": "khai trương", "step": "cooldown", "message": "Cooldown 1.0s (after capture)", "data": {"w": 0}, "seq": 19524}
{"ts": "2026-05-01T14:38:40.289862+00:00", "level": "INFO", "jobId": "482ac908-29fd-494d-a30d-1f4f7c5b9d1b", "keyword": "khai trương", "step": "capture", "message": "Capturing posinset=42 (42/∞)…", "data": {"w": 0}, "seq": 19526}
{"ts": "2026-05-01T14:38:42.395429+00:00", "level": "INFO", "jobId": "482ac908-29fd-494d-a30d-1f4f7c5b9d1b", "keyword": "khai trương", "step": "capture", "message": "Saved post_042.png (posinset=42)", "data": {"w": 0}, "seq": 19532}
{"ts": "2026-05-01T14:38:42.397440+00:00", "level": "INFO", "jobId": "482ac908-29fd-494d-a30d-1f4f7c5b9d1b", "keyword": "khai trương", "step": "cooldown", "message": "Cooldown 1.0s (after capture)", "data": {"w": 0}, "seq": 19533}
{"ts": "2026-05-01T14:38:43.428131+00:00", "level": "INFO", "jobId": "482ac908-29fd-494d-a30d-1f4f7c5b9d1b", "keyword": "khai trương", "step": "capture", "message": "Capturing posinset=43 (43/∞)…", "data": {"w": 0}, "seq": 19536}
{"ts": "2026-05-01T14:38:44.747703+00:00", "level": "INFO", "jobId": "482ac908-29fd-494d-a30d-1f4f7c5b9d1b", "keyword": "khai trương", "step": "capture", "message": "Saved post_043.png (posinset=43)", "data": {"w": 0}, "seq": 19542}
{"ts": "2026-05-01T14:38:44.748926+00:00", "level": "INFO", "jobId": "482ac908-29fd-494d-a30d-1f4f7c5b9d1b", "keyword": "khai trương", "step": "cooldown", "message": "Cooldown 1.0s (after capture)", "data": {"w": 0}, "seq": 19543}
{"ts": "2026-05-01T14:38:45.784208+00:00", "level": "INFO", "jobId": "482ac908-29fd-494d-a30d-1f4f7c5b9d1b", "keyword": "khai trương", "step": "capture", "message": "Capturing posinset=44 (44/∞)…", "data": {"w": 0}, "seq": 19545}
{"ts": "2026-05-01T14:38:47.366344+00:00", "level": "INFO", "jobId": "482ac908-29fd-494d-a30d-1f4f7c5b9d1b", "keyword": "khai trương", "step": "capture", "message": "Saved post_044.png (posinset=44)", "data": {"w": 0}, "seq": 19549}
{"ts": "2026-05-01T14:38:47.368344+00:00", "level": "INFO", "jobId": "482ac908-29fd-494d-a30d-1f4f7c5b9d1b", "keyword": "khai trương", "step": "cooldown", "message": "Cooldown 1.0s (after capture)", "data": {"w": 0}, "seq": 19550}
{"ts": "2026-05-01T14:38:48.398742+00:00", "level": "INFO", "jobId": "482ac908-29fd-494d-a30d-1f4f7c5b9d1b", "keyword": "khai trương", "step": "heartbeat", "message": "Worker alive", "data": {"w": 0, "elapsed_s": 150}, "seq": 19553}
{"ts": "2026-05-01T14:38:48.400754+00:00", "level": "INFO", "jobId": "482ac908-29fd-494d-a30d-1f4f7c5b9d1b", "keyword": "khai trương", "step": "capture", "message": "Capturing posinset=45 (45/∞)…", "data": {"w": 0}, "seq": 19554}
{"ts": "2026-05-01T14:38:53.502240+00:00", "level": "INFO", "jobId": "482ac908-29fd-494d-a30d-1f4f7c5b9d1b", "keyword": "khai trương", "step": "capture", "message": "Saved post_045.png (posinset=45)", "data": {"w": 0}, "seq": 19564}
{"ts": "2026-05-01T14:38:53.503240+00:00", "level": "INFO", "jobId": "482ac908-29fd-494d-a30d-1f4f7c5b9d1b", "keyword": "khai trương", "step": "cooldown", "message": "Cooldown 1.0s (after capture)", "data": {"w": 0}, "seq": 19565}
{"ts": "2026-05-01T14:38:54.603363+00:00", "level": "INFO", "jobId": "482ac908-29fd-494d-a30d-1f4f7c5b9d1b", "keyword": "khai trương", "step": "capture", "message": "Capturing posinset=46 (46/∞)…", "data": {"w": 0}, "seq": 19567}
{"ts": "2026-05-01T14:38:56.540013+00:00", "level": "INFO", "jobId": "482ac908-29fd-494d-a30d-1f4f7c5b9d1b", "keyword": "khai trương", "step": "capture", "message": "Saved post_046.png (posinset=46)", "data": {"w": 0}, "seq": 19572}
{"ts": "2026-05-01T14:38:56.546186+00:00", "level": "INFO", "jobId": "482ac908-29fd-494d-a30d-1f4f7c5b9d1b", "keyword": "khai trương", "step": "cooldown", "message": "Cooldown 1.0s (after capture)", "data": {"w": 0}, "seq": 19573}
{"ts": "2026-05-01T14:38:57.602122+00:00", "level": "INFO", "jobId": "482ac908-29fd-494d-a30d-1f4f7c5b9d1b", "keyword": "khai trương", "step": "capture", "message": "Capturing posinset=47 (47/∞)…", "data": {"w": 0}, "seq": 19577}
{"ts": "2026-05-01T14:38:59.990716+00:00", "level": "INFO", "jobId": "482ac908-29fd-494d-a30d-1f4f7c5b9d1b", "keyword": "khai trương", "step": "capture", "message": "Saved post_047.png (posinset=47)", "data": {"w": 0}, "seq": 19582}
{"ts": "2026-05-01T14:38:59.993717+00:00", "level": "INFO", "jobId": "482ac908-29fd-494d-a30d-1f4f7c5b9d1b", "keyword": "khai trương", "step": "cooldown", "message": "Cooldown 1.0s (after capture)", "data": {"w": 0}, "seq": 19583}
{"ts": "2026-05-01T14:39:01.044190+00:00", "level": "INFO", "jobId": "482ac908-29fd-494d-a30d-1f4f7c5b9d1b", "keyword": "khai trương", "step": "capture", "message": "Capturing posinset=48 (48/∞)…", "data": {"w": 0}, "seq": 19587}
{"ts": "2026-05-01T14:39:03.542567+00:00", "level": "INFO", "jobId": "482ac908-29fd-494d-a30d-1f4f7c5b9d1b", "keyword": "khai trương", "step": "capture", "message": "Saved post_048.png (posinset=48)", "data": {"w": 0}, "seq": 19590}
{"ts": "2026-05-01T14:39:03.545557+00:00", "level": "INFO", "jobId": "482ac908-29fd-494d-a30d-1f4f7c5b9d1b", "keyword": "khai trương", "step": "cooldown", "message": "Cooldown 1.0s (after capture)", "data": {"w": 0}, "seq": 19591}
{"ts": "2026-05-01T14:39:04.621432+00:00", "level": "INFO", "jobId": "482ac908-29fd-494d-a30d-1f4f7c5b9d1b", "keyword": "khai trương", "step": "heartbeat", "message": "Worker alive", "data": {"w": 0, "elapsed_s": 166}, "seq": 19596}
{"ts": "2026-05-01T14:39:04.623431+00:00", "level": "INFO", "jobId": "482ac908-29fd-494d-a30d-1f4f7c5b9d1b", "keyword": "khai trương", "step": "capture", "message": "Capturing posinset=49 (49/∞)…", "data": {"w": 0}, "seq": 19597}
{"ts": "2026-05-01T14:39:06.226265+00:00", "level": "INFO", "jobId": "482ac908-29fd-494d-a30d-1f4f7c5b9d1b", "keyword": "khai trương", "step": "capture", "message": "Saved post_049.png (posinset=49)", "data": {"w": 0}, "seq": 19599}
{"ts": "2026-05-01T14:39:06.227268+00:00", "level": "INFO", "jobId": "482ac908-29fd-494d-a30d-1f4f7c5b9d1b", "keyword": "khai trương", "step": "cooldown", "message": "Cooldown 1.0s (after capture)", "data": {"w": 0}, "seq": 19600}
{"ts": "2026-05-01T14:39:07.248169+00:00", "level": "INFO", "jobId": "482ac908-29fd-494d-a30d-1f4f7c5b9d1b", "keyword": "khai trương", "step": "capture", "message": "Capturing posinset=50 (50/∞)…", "data": {"w": 0}, "seq": 19603}
{"ts": "2026-05-01T14:39:08.999377+00:00", "level": "INFO", "jobId": "482ac908-29fd-494d-a30d-1f4f7c5b9d1b", "keyword": "khai trương", "step": "capture", "message": "Saved post_050.png (posinset=50)", "data": {"w": 0}, "seq": 19606}
{"ts": "2026-05-01T14:39:09.001891+00:00", "level": "INFO", "jobId": "482ac908-29fd-494d-a30d-1f4f7c5b9d1b", "keyword": "khai trương", "step": "cooldown", "message": "Cooldown 1.0s (after capture)", "data": {"w": 0}, "seq": 19607}
{"ts": "2026-05-01T14:39:10.480469+00:00", "level": "INFO", "jobId": "482ac908-29fd-494d-a30d-1f4f7c5b9d1b", "keyword": "khai trương", "step": "capture", "message": "Capturing posinset=51 (51/∞)…", "data": {"w": 0}, "seq": 19610}
{"ts": "2026-05-01T14:39:12.865427+00:00", "level": "INFO", "jobId": "482ac908-29fd-494d-a30d-1f4f7c5b9d1b", "keyword": "khai trương", "step": "capture", "message": "Saved post_051.png (posinset=51)", "data": {"w": 0}, "seq": 19611}
{"ts": "2026-05-01T14:39:12.866427+00:00", "level": "INFO", "jobId": "482ac908-29fd-494d-a30d-1f4f7c5b9d1b", "keyword": "khai trương", "step": "cooldown", "message": "Cooldown 1.0s (after capture)", "data": {"w": 0}, "seq": 19612}
{"ts": "2026-05-01T14:39:13.886501+00:00", "level": "INFO", "jobId": "482ac908-29fd-494d-a30d-1f4f7c5b9d1b", "keyword": "khai trương", "step": "capture", "message": "Capturing posinset=52 (52/∞)…", "data": {"w": 0}, "seq": 19614}
{"ts": "2026-05-01T14:39:15.274338+00:00", "level": "INFO", "jobId": "482ac908-29fd-494d-a30d-1f4f7c5b9d1b", "keyword": "khai trương", "step": "capture", "message": "Saved post_052.png (posinset=52)", "data": {"w": 0}, "seq": 19615}
{"ts": "2026-05-01T14:39:15.274338+00:00", "level": "INFO", "jobId": "482ac908-29fd-494d-a30d-1f4f7c5b9d1b", "keyword": "khai trương", "step": "cooldown", "message": "Cooldown 1.0s (after capture)", "data": {"w": 0}, "seq": 19616}
{"ts": "2026-05-01T14:39:16.296154+00:00", "level": "INFO", "jobId": "482ac908-29fd-494d-a30d-1f4f7c5b9d1b", "keyword": "khai trương", "step": "capture", "message": "Capturing posinset=53 (53/∞)…", "data": {"w": 0}, "seq": 19617}
{"ts": "2026-05-01T14:39:17.370841+00:00", "level": "INFO", "jobId": "482ac908-29fd-494d-a30d-1f4f7c5b9d1b", "keyword": "khai trương", "step": "capture", "message": "Saved post_053.png (posinset=53)", "data": {"w": 0}, "seq": 19618}
{"ts": "2026-05-01T14:39:17.382704+00:00", "level": "INFO", "jobId": "482ac908-29fd-494d-a30d-1f4f7c5b9d1b", "keyword": "khai trương", "step": "cooldown", "message": "Cooldown 1.0s (after capture)", "data": {"w": 0}, "seq": 19619}
{"ts": "2026-05-01T14:39:18.401438+00:00", "level": "INFO", "jobId": "482ac908-29fd-494d-a30d-1f4f7c5b9d1b", "keyword": "khai trương", "step": "capture", "message": "Capturing posinset=54 (54/∞)…", "data": {"w": 0}, "seq": 19620}
{"ts": "2026-05-01T14:39:19.645622+00:00", "level": "WARN", "jobId": "482ac908-29fd-494d-a30d-1f4f7c5b9d1b", "keyword": "khai trương", "step": "relaunch", "message": "Browser/page closed unexpectedly. Will relaunch + retry. (Locator.screenshot: Target page, context or browser has been closed\nCall log:\n  - taking element screenshot\n  -   - waiting for fonts to load...\n  -   - fonts loaded\n  -   - attempting scroll into view action\n  -     - waiting for element to be stable\n)", "data": {"w": 0}, "seq": 19621}
{"ts": "2026-05-01T14:39:21.808593+00:00", "level": "WARN", "jobId": "482ac908-29fd-494d-a30d-1f4f7c5b9d1b", "keyword": "khai trương", "step": "retry", "message": "Reset job to pending for retry (closed target).", "data": {"w": 0}, "seq": 19622}
{"ts": "2026-05-01T14:39:21.818804+00:00", "level": "INFO", "jobId": "482ac908-29fd-494d-a30d-1f4f7c5b9d1b", "keyword": "khai trương", "step": "start", "message": "Job started (attempt 2/2)", "data": {"w": 0}, "seq": 19623}
{"ts": "2026-05-01T14:39:24.542996+00:00", "level": "WARN", "jobId": "482ac908-29fd-494d-a30d-1f4f7c5b9d1b", "keyword": "khai trương", "step": "relaunch", "message": "Closed target detected. Will relaunch + retry. (BrowserContext.new_page: Connection closed while reading from the driver)", "data": {"w": 0}, "seq": 19624}
