{"ts": "2026-05-01T12:54:41.742199+00:00", "level": "INFO", "jobId": "4b901aed-84aa-4a77-9da7-1228097e2cf2", "keyword": "khai trương hcm", "step": "created", "message": "Job created", "data": {"maxPosts": "unlimited"}, "seq": 16821}
{"ts": "2026-05-01T12:57:52.154410+00:00", "level": "INFO", "jobId": "4b901aed-84aa-4a77-9da7-1228097e2cf2", "keyword": "khai trương hcm", "step": "start", "message": "Job started (attempt 1/2)", "data": {"w": 0}, "seq": 17070}
{"ts": "2026-05-01T12:57:54.924355+00:00", "level": "INFO", "jobId": "4b901aed-84aa-4a77-9da7-1228097e2cf2", "keyword": "khai trương hcm", "step": "login", "message": "Already logged in (home).", "data": {"w": 0}, "seq": 17071}
{"ts": "2026-05-01T12:57:54.934465+00:00", "level": "INFO", "jobId": "4b901aed-84aa-4a77-9da7-1228097e2cf2", "keyword": "khai trương hcm", "step": "search", "message": "Searching keyword: \"khai trương hcm\"", "data": {"w": 0}, "seq": 17072}
{"ts": "2026-05-01T12:57:58.036125+00:00", "level": "INFO", "jobId": "4b901aed-84aa-4a77-9da7-1228097e2cf2", "keyword": "khai trương hcm", "step": "capture", "message": "Start capturing all posts until end of results.", "data": {"w": 0}, "seq": 17073}
{"ts": "2026-05-01T12:57:58.051093+00:00", "level": "INFO", "jobId": "4b901aed-84aa-4a77-9da7-1228097e2cf2", "keyword": "khai trương hcm", "step": "capture", "message": "Output folder: Lan 5 - 1957", "data": {"w": 0}, "seq": 17074}
{"ts": "2026-05-01T12:58:01.865587+00:00", "level": "INFO", "jobId": "4b901aed-84aa-4a77-9da7-1228097e2cf2", "keyword": "khai trương hcm", "step": "capture", "message": "Waiting for posts to appear (avoid blank capture)…", "data": {"w": 0}, "seq": 17075}
{"ts": "2026-05-01T12:58:01.871606+00:00", "level": "INFO", "jobId": "4b901aed-84aa-4a77-9da7-1228097e2cf2", "keyword": "khai trương hcm", "step": "capture", "message": "Post-detect debug: {'hasMain': True, 'url': 'https://www.facebook.com/search/posts/?q=khai%20tr%C6%B0%C6%A1ng%20hcm&filters=eyJyZWNlbnRfcG9zdHM6MCI6IntcIm5hbWVcIjpcInJlY2VudF9wb3N0c1wiLFwiYXJnc1wiOlwiXCJ9In0%3D', 'title': '(4) khai trương hcm - Kết quả tìm kiếm | Facebook', 'hasLoginInputs': False, 'consentLike': False, 'bodyHead': '\\xa0\\n1 đoạn chat chưa đọc\\n1\\nSố thông báo chưa đọc\\n3\\nKết quả tìm kiếm\\nBộ lọc\\nTất cả\\nMọi người\\nThước phim\\nMarketplace\\nTrang\\nNhóm\\nSự kiện', 'roleArticle': 1, 'divRoleArticle': 1, 'articleTag': 0, 'feedUnit': 0, 'anyPagelet': 0, 'adPreview': 0, 'imgs': 0, 'videos': 0, 'progress': 0, 'busy': '', 'firstArticle': {'tag': 'div', 'role': 'article', 'textLen': 0, 'hasImg': False, 'hasVideo': False, 'hasLink': False, 'hasPermalink': False}}", "data": {"w": 0}, "seq": 17076}
{"ts": "2026-05-01T12:58:03.507324+00:00", "level": "INFO", "jobId": "4b901aed-84aa-4a77-9da7-1228097e2cf2", "keyword": "khai trương hcm", "step": "capture", "message": "Guard: forcing top before first capture (y=2242, primary=0)", "data": {"w": 0}, "seq": 17077}
{"ts": "2026-05-01T12:58:03.548526+00:00", "level": "INFO", "jobId": "4b901aed-84aa-4a77-9da7-1228097e2cf2", "keyword": "khai trương hcm", "step": "capture", "message": "Capturing posinset=1 (1/∞)…", "data": {"w": 0}, "seq": 17078}
{"ts": "2026-05-01T12:58:05.507917+00:00", "level": "INFO", "jobId": "4b901aed-84aa-4a77-9da7-1228097e2cf2", "keyword": "khai trương hcm", "step": "capture", "message": "Saved post_001.png (posinset=1)", "data": {"w": 0}, "seq": 17079}
{"ts": "2026-05-01T12:58:05.508956+00:00", "level": "INFO", "jobId": "4b901aed-84aa-4a77-9da7-1228097e2cf2", "keyword": "khai trương hcm", "step": "cooldown", "message": "Cooldown 1.0s (after capture)", "data": {"w": 0}, "seq": 17080}
{"ts": "2026-05-01T12:58:06.553702+00:00", "level": "INFO", "jobId": "4b901aed-84aa-4a77-9da7-1228097e2cf2", "keyword": "khai trương hcm", "step": "capture", "message": "Capturing posinset=2 (2/∞)…", "data": {"w": 0}, "seq": 17081}
{"ts": "2026-05-01T12:58:07.689180+00:00", "level": "INFO", "jobId": "4b901aed-84aa-4a77-9da7-1228097e2cf2", "keyword": "khai trương hcm", "step": "capture", "message": "Saved post_002.png (posinset=2)", "data": {"w": 0}, "seq": 17082}
{"ts": "2026-05-01T12:58:07.690361+00:00", "level": "INFO", "jobId": "4b901aed-84aa-4a77-9da7-1228097e2cf2", "keyword": "khai trương hcm", "step": "cooldown", "message": "Cooldown 1.0s (after capture)", "data": {"w": 0}, "seq": 17083}
{"ts": "2026-05-01T12:58:08.707565+00:00", "level": "INFO", "jobId": "4b901aed-84aa-4a77-9da7-1228097e2cf2", "keyword": "khai trương hcm", "step": "capture", "message": "Capturing posinset=3 (3/∞)…", "data": {"w": 0}, "seq": 17084}
{"ts": "2026-05-01T12:58:09.867105+00:00", "level": "INFO", "jobId": "4b901aed-84aa-4a77-9da7-1228097e2cf2", "keyword": "khai trương hcm", "step": "capture", "message": "Saved post_003.png (posinset=3)", "data": {"w": 0}, "seq": 17085}
{"ts": "2026-05-01T12:58:09.868207+00:00", "level": "INFO", "jobId": "4b901aed-84aa-4a77-9da7-1228097e2cf2", "keyword": "khai trương hcm", "step": "cooldown", "message": "Cooldown 1.0s (after capture)", "data": {"w": 0}, "seq": 17086}
{"ts": "2026-05-01T12:58:10.886627+00:00", "level": "INFO", "jobId": "4b901aed-84aa-4a77-9da7-1228097e2cf2", "keyword": "khai trương hcm", "step": "capture", "message": "Capturing posinset=4 (4/∞)…", "data": {"w": 0}, "seq": 17087}
{"ts": "2026-05-01T12:58:12.018756+00:00", "level": "INFO", "jobId": "4b901aed-84aa-4a77-9da7-1228097e2cf2", "keyword": "khai trương hcm", "step": "capture", "message": "Saved post_004.png (posinset=4)", "data": {"w": 0}, "seq": 17088}
{"ts": "2026-05-01T12:58:12.018756+00:00", "level": "INFO", "jobId": "4b901aed-84aa-4a77-9da7-1228097e2cf2", "keyword": "khai trương hcm", "step": "cooldown", "message": "Cooldown 1.0s (after capture)", "data": {"w": 0}, "seq": 17089}
{"ts": "2026-05-01T12:58:13.036272+00:00", "level": "INFO", "jobId": "4b901aed-84aa-4a77-9da7-1228097e2cf2", "keyword": "khai trương hcm", "step": "capture", "message": "Capturing posinset=5 (5/∞)…", "data": {"w": 0}, "seq": 17090}
{"ts": "2026-05-01T12:58:14.429755+00:00", "level": "INFO", "jobId": "4b901aed-84aa-4a77-9da7-1228097e2cf2", "keyword": "khai trương hcm", "step": "capture", "message": "Saved post_005.png (posinset=5)", "data": {"w": 0}, "seq": 17091}
{"ts": "2026-05-01T12:58:14.431223+00:00", "level": "INFO", "jobId": "4b901aed-84aa-4a77-9da7-1228097e2cf2", "keyword": "khai trương hcm", "step": "cooldown", "message": "Cooldown 1.0s (after capture)", "data": {"w": 0}, "seq": 17092}
{"ts": "2026-05-01T12:58:15.446712+00:00", "level": "INFO", "jobId": "4b901aed-84aa-4a77-9da7-1228097e2cf2", "keyword": "khai trương hcm", "step": "capture", "message": "Capturing posinset=6 (6/∞)…", "data": {"w": 0}, "seq": 17093}
{"ts": "2026-05-01T12:58:16.560791+00:00", "level": "INFO", "jobId": "4b901aed-84aa-4a77-9da7-1228097e2cf2", "keyword": "khai trương hcm", "step": "capture", "message": "Saved post_006.png (posinset=6)", "data": {"w": 0}, "seq": 17094}
{"ts": "2026-05-01T12:58:16.560791+00:00", "level": "INFO", "jobId": "4b901aed-84aa-4a77-9da7-1228097e2cf2", "keyword": "khai trương hcm", "step": "cooldown", "message": "Cooldown 1.0s (after capture)", "data": {"w": 0}, "seq": 17095}
{"ts": "2026-05-01T12:58:17.586356+00:00", "level": "INFO", "jobId": "4b901aed-84aa-4a77-9da7-1228097e2cf2", "keyword": "khai trương hcm", "step": "capture", "message": "Capturing posinset=7 (7/∞)…", "data": {"w": 0}, "seq": 17096}
{"ts": "2026-05-01T12:58:19.001723+00:00", "level": "INFO", "jobId": "4b901aed-84aa-4a77-9da7-1228097e2cf2", "keyword": "khai trương hcm", "step": "capture", "message": "Saved post_007.png (posinset=7)", "data": {"w": 0}, "seq": 17097}
{"ts": "2026-05-01T12:58:19.003065+00:00", "level": "INFO", "jobId": "4b901aed-84aa-4a77-9da7-1228097e2cf2", "keyword": "khai trương hcm", "step": "cooldown", "message": "Cooldown 1.0s (after capture)", "data": {"w": 0}, "seq": 17098}
{"ts": "2026-05-01T12:58:20.020380+00:00", "level": "INFO", "jobId": "4b901aed-84aa-4a77-9da7-1228097e2cf2", "keyword": "khai trương hcm", "step": "heartbeat", "message": "Worker alive", "data": {"w": 0, "elapsed_s": 27}, "seq": 17099}
{"ts": "2026-05-01T12:58:20.020380+00:00", "level": "INFO", "jobId": "4b901aed-84aa-4a77-9da7-1228097e2cf2", "keyword": "khai trương hcm", "step": "capture", "message": "Capturing posinset=8 (8/∞)…", "data": {"w": 0}, "seq": 17100}
{"ts": "2026-05-01T12:58:21.001554+00:00", "level": "INFO", "jobId": "4b901aed-84aa-4a77-9da7-1228097e2cf2", "keyword": "khai trương hcm", "step": "capture", "message": "Saved post_008.png (posinset=8)", "data": {"w": 0}, "seq": 17101}
{"ts": "2026-05-01T12:58:21.004571+00:00", "level": "INFO", "jobId": "4b901aed-84aa-4a77-9da7-1228097e2cf2", "keyword": "khai trương hcm", "step": "cooldown", "message": "Cooldown 1.0s (after capture)", "data": {"w": 0}, "seq": 17102}
{"ts": "2026-05-01T12:58:22.025365+00:00", "level": "INFO", "jobId": "4b901aed-84aa-4a77-9da7-1228097e2cf2", "keyword": "khai trương hcm", "step": "capture", "message": "Capturing posinset=9 (9/∞)…", "data": {"w": 0}, "seq": 17103}
{"ts": "2026-05-01T12:58:23.112885+00:00", "level": "INFO", "jobId": "4b901aed-84aa-4a77-9da7-1228097e2cf2", "keyword": "khai trương hcm", "step": "capture", "message": "Saved post_009.png (posinset=9)", "data": {"w": 0}, "seq": 17104}
{"ts": "2026-05-01T12:58:23.114155+00:00", "level": "INFO", "jobId": "4b901aed-84aa-4a77-9da7-1228097e2cf2", "keyword": "khai trương hcm", "step": "cooldown", "message": "Cooldown 1.0s (after capture)", "data": {"w": 0}, "seq": 17105}
{"ts": "2026-05-01T12:58:24.137233+00:00", "level": "INFO", "jobId": "4b901aed-84aa-4a77-9da7-1228097e2cf2", "keyword": "khai trương hcm", "step": "capture", "message": "Capturing posinset=10 (10/∞)…", "data": {"w": 0}, "seq": 17106}
{"ts": "2026-05-01T12:58:25.752217+00:00", "level": "INFO", "jobId": "4b901aed-84aa-4a77-9da7-1228097e2cf2", "keyword": "khai trương hcm", "step": "capture", "message": "Saved post_010.png (posinset=10)", "data": {"w": 0}, "seq": 17107}
{"ts": "2026-05-01T12:58:25.753320+00:00", "level": "INFO", "jobId": "4b901aed-84aa-4a77-9da7-1228097e2cf2", "keyword": "khai trương hcm", "step": "cooldown", "message": "Cooldown 1.0s (after capture)", "data": {"w": 0}, "seq": 17108}
{"ts": "2026-05-01T12:58:27.446643+00:00", "level": "INFO", "jobId": "4b901aed-84aa-4a77-9da7-1228097e2cf2", "keyword": "khai trương hcm", "step": "capture", "message": "Capturing posinset=11 (11/∞)…", "data": {"w": 0}, "seq": 17109}
{"ts": "2026-05-01T12:58:29.227051+00:00", "level": "INFO", "jobId": "4b901aed-84aa-4a77-9da7-1228097e2cf2", "keyword": "khai trương hcm", "step": "capture", "message": "Saved post_011.png (posinset=11)", "data": {"w": 0}, "seq": 17110}
{"ts": "2026-05-01T12:58:29.230092+00:00", "level": "INFO", "jobId": "4b901aed-84aa-4a77-9da7-1228097e2cf2", "keyword": "khai trương hcm", "step": "cooldown", "message": "Cooldown 1.0s (after capture)", "data": {"w": 0}, "seq": 17111}
{"ts": "2026-05-01T12:58:30.279027+00:00", "level": "INFO", "jobId": "4b901aed-84aa-4a77-9da7-1228097e2cf2", "keyword": "khai trương hcm", "step": "capture", "message": "Capturing posinset=12 (12/∞)…", "data": {"w": 0}, "seq": 17112}
{"ts": "2026-05-01T12:58:31.253974+00:00", "level": "WARN", "jobId": "4b901aed-84aa-4a77-9da7-1228097e2cf2", "keyword": "khai trương hcm", "step": "relaunch", "message": "Browser/page closed unexpectedly. Will relaunch + retry. (Locator.screenshot: Target page, context or browser has been closed)", "data": {"w": 0}, "seq": 17113}
{"ts": "2026-05-01T12:58:33.336930+00:00", "level": "WARN", "jobId": "4b901aed-84aa-4a77-9da7-1228097e2cf2", "keyword": "khai trương hcm", "step": "retry", "message": "Reset job to pending for retry (closed target).", "data": {"w": 0}, "seq": 17114}
{"ts": "2026-05-01T12:58:33.339699+00:00", "level": "INFO", "jobId": "4b901aed-84aa-4a77-9da7-1228097e2cf2", "keyword": "khai trương hcm", "step": "start", "message": "Job started (attempt 2/2)", "data": {"w": 0}, "seq": 17115}
