{"ts": "2026-05-01T13:06:35.411541+00:00", "level": "INFO", "jobId": "50220db5-c7bd-4d96-b644-30c1dc3d1fe0", "keyword": "khai trương", "step": "created", "message": "Job created", "data": {"maxPosts": "unlimited"}, "seq": 17116}
{"ts": "2026-05-01T13:06:35.742558+00:00", "level": "INFO", "jobId": "50220db5-c7bd-4d96-b644-30c1dc3d1fe0", "keyword": "khai trương", "step": "start", "message": "Job started (attempt 1/2)", "data": {"w": 0}, "seq": 17123}
{"ts": "2026-05-01T13:06:40.483921+00:00", "level": "INFO", "jobId": "50220db5-c7bd-4d96-b644-30c1dc3d1fe0", "keyword": "khai trương", "step": "login", "message": "Already logged in (home).", "data": {"w": 0}, "seq": 17124}
{"ts": "2026-05-01T13:06:40.485919+00:00", "level": "INFO", "jobId": "50220db5-c7bd-4d96-b644-30c1dc3d1fe0", "keyword": "khai trương", "step": "search", "message": "Searching keyword: \"khai trương\"", "data": {"w": 0}, "seq": 17125}
{"ts": "2026-05-01T13:06:44.824658+00:00", "level": "INFO", "jobId": "50220db5-c7bd-4d96-b644-30c1dc3d1fe0", "keyword": "khai trương", "step": "capture", "message": "Start capturing all posts until end of results.", "data": {"w": 0}, "seq": 17126}
{"ts": "2026-05-01T13:06:44.825661+00:00", "level": "INFO", "jobId": "50220db5-c7bd-4d96-b644-30c1dc3d1fe0", "keyword": "khai trương", "step": "capture", "message": "Output folder: Lan 1 - 2006", "data": {"w": 0}, "seq": 17127}
{"ts": "2026-05-01T13:06:47.710186+00:00", "level": "INFO", "jobId": "50220db5-c7bd-4d96-b644-30c1dc3d1fe0", "keyword": "khai trương", "step": "capture", "message": "Waiting for posts to appear (avoid blank capture)…", "data": {"w": 0}, "seq": 17128}
{"ts": "2026-05-01T13:06:47.736474+00:00", "level": "INFO", "jobId": "50220db5-c7bd-4d96-b644-30c1dc3d1fe0", "keyword": "khai trương", "step": "capture", "message": "Post-detect debug: {'hasMain': True, 'url': 'https://www.facebook.com/search/posts/?q=khai%20tr%C6%B0%C6%A1ng&filters=eyJyZWNlbnRfcG9zdHM6MCI6IntcIm5hbWVcIjpcInJlY2VudF9wb3N0c1wiLFwiYXJnc1wiOlwiXCJ9In0%3D', 'title': '(4) khai trương - Kết quả tìm kiếm | Facebook', 'hasLoginInputs': False, 'consentLike': False, 'bodyHead': '\\xa0\\n1 đoạn chat chưa đọc\\n1\\nSố thông báo chưa đọc\\n3\\nKết quả tìm kiếm\\nBộ lọc\\nTất cả\\nMọi người\\nThước phim\\nMarketplace\\nTrang\\nNhóm\\nSự kiện', 'roleArticle': 1, 'divRoleArticle': 1, 'articleTag': 0, 'feedUnit': 0, 'anyPagelet': 0, 'adPreview': 0, 'imgs': 0, 'videos': 0, 'progress': 0, 'busy': '', 'firstArticle': {'tag': 'div', 'role': 'article', 'textLen': 0, 'hasImg': False, 'hasVideo': False, 'hasLink': False, 'hasPermalink': False}}", "data": {"w": 0}, "seq": 17129}
{"ts": "2026-05-01T13:06:48.665506+00:00", "level": "INFO", "jobId": "50220db5-c7bd-4d96-b644-30c1dc3d1fe0", "keyword": "khai trương", "step": "capture", "message": "Capturing posinset=1 (1/∞)…", "data": {"w": 0}, "seq": 17130}
{"ts": "2026-05-01T13:06:49.856188+00:00", "level": "INFO", "jobId": "50220db5-c7bd-4d96-b644-30c1dc3d1fe0", "keyword": "khai trương", "step": "capture", "message": "Saved post_001.png (posinset=1)", "data": {"w": 0}, "seq": 17131}
{"ts": "2026-05-01T13:06:49.858299+00:00", "level": "INFO", "jobId": "50220db5-c7bd-4d96-b644-30c1dc3d1fe0", "keyword": "khai trương", "step": "cooldown", "message": "Cooldown 1.0s (after capture)", "data": {"w": 0}, "seq": 17132}
{"ts": "2026-05-01T13:06:50.914838+00:00", "level": "INFO", "jobId": "50220db5-c7bd-4d96-b644-30c1dc3d1fe0", "keyword": "khai trương", "step": "capture", "message": "Capturing posinset=2 (2/∞)…", "data": {"w": 0}, "seq": 17133}
{"ts": "2026-05-01T13:06:51.986827+00:00", "level": "INFO", "jobId": "50220db5-c7bd-4d96-b644-30c1dc3d1fe0", "keyword": "khai trương", "step": "capture", "message": "Saved post_002.png (posinset=2)", "data": {"w": 0}, "seq": 17134}
{"ts": "2026-05-01T13:06:51.987921+00:00", "level": "INFO", "jobId": "50220db5-c7bd-4d96-b644-30c1dc3d1fe0", "keyword": "khai trương", "step": "cooldown", "message": "Cooldown 1.0s (after capture)", "data": {"w": 0}, "seq": 17135}
{"ts": "2026-05-01T13:06:53.013605+00:00", "level": "INFO", "jobId": "50220db5-c7bd-4d96-b644-30c1dc3d1fe0", "keyword": "khai trương", "step": "capture", "message": "Capturing posinset=3 (3/∞)…", "data": {"w": 0}, "seq": 17136}
{"ts": "2026-05-01T13:06:54.239638+00:00", "level": "INFO", "jobId": "50220db5-c7bd-4d96-b644-30c1dc3d1fe0", "keyword": "khai trương", "step": "capture", "message": "Saved post_003.png (posinset=3)", "data": {"w": 0}, "seq": 17137}
{"ts": "2026-05-01T13:06:54.239638+00:00", "level": "INFO", "jobId": "50220db5-c7bd-4d96-b644-30c1dc3d1fe0", "keyword": "khai trương", "step": "cooldown", "message": "Cooldown 1.0s (after capture)", "data": {"w": 0}, "seq": 17138}
{"ts": "2026-05-01T13:06:55.262267+00:00", "level": "INFO", "jobId": "50220db5-c7bd-4d96-b644-30c1dc3d1fe0", "keyword": "khai trương", "step": "capture", "message": "Capturing posinset=4 (4/∞)…", "data": {"w": 0}, "seq": 17139}
{"ts": "2026-05-01T13:06:56.350558+00:00", "level": "INFO", "jobId": "50220db5-c7bd-4d96-b644-30c1dc3d1fe0", "keyword": "khai trương", "step": "capture", "message": "Saved post_004.png (posinset=4)", "data": {"w": 0}, "seq": 17140}
{"ts": "2026-05-01T13:06:56.350558+00:00", "level": "INFO", "jobId": "50220db5-c7bd-4d96-b644-30c1dc3d1fe0", "keyword": "khai trương", "step": "cooldown", "message": "Cooldown 1.0s (after capture)", "data": {"w": 0}, "seq": 17141}
{"ts": "2026-05-01T13:06:57.380561+00:00", "level": "INFO", "jobId": "50220db5-c7bd-4d96-b644-30c1dc3d1fe0", "keyword": "khai trương", "step": "capture", "message": "Capturing posinset=5 (5/∞)…", "data": {"w": 0}, "seq": 17142}
{"ts": "2026-05-01T13:06:58.826142+00:00", "level": "INFO", "jobId": "50220db5-c7bd-4d96-b644-30c1dc3d1fe0", "keyword": "khai trương", "step": "capture", "message": "Saved post_005.png (posinset=5)", "data": {"w": 0}, "seq": 17143}
{"ts": "2026-05-01T13:06:58.826142+00:00", "level": "INFO", "jobId": "50220db5-c7bd-4d96-b644-30c1dc3d1fe0", "keyword": "khai trương", "step": "cooldown", "message": "Cooldown 1.0s (after capture)", "data": {"w": 0}, "seq": 17144}
{"ts": "2026-05-01T13:06:59.853678+00:00", "level": "INFO", "jobId": "50220db5-c7bd-4d96-b644-30c1dc3d1fe0", "keyword": "khai trương", "step": "capture", "message": "Capturing posinset=6 (6/∞)…", "data": {"w": 0}, "seq": 17145}
{"ts": "2026-05-01T13:07:01.014703+00:00", "level": "INFO", "jobId": "50220db5-c7bd-4d96-b644-30c1dc3d1fe0", "keyword": "khai trương", "step": "capture", "message": "Saved post_006.png (posinset=6)", "data": {"w": 0}, "seq": 17146}
{"ts": "2026-05-01T13:07:01.014703+00:00", "level": "INFO", "jobId": "50220db5-c7bd-4d96-b644-30c1dc3d1fe0", "keyword": "khai trương", "step": "cooldown", "message": "Cooldown 1.0s (after capture)", "data": {"w": 0}, "seq": 17147}
{"ts": "2026-05-01T13:07:02.030221+00:00", "level": "INFO", "jobId": "50220db5-c7bd-4d96-b644-30c1dc3d1fe0", "keyword": "khai trương", "step": "capture", "message": "Capturing posinset=7 (7/∞)…", "data": {"w": 0}, "seq": 17148}
{"ts": "2026-05-01T13:07:03.195079+00:00", "level": "INFO", "jobId": "50220db5-c7bd-4d96-b644-30c1dc3d1fe0", "keyword": "khai trương", "step": "capture", "message": "Saved post_007.png (posinset=7)", "data": {"w": 0}, "seq": 17149}
{"ts": "2026-05-01T13:07:03.195490+00:00", "level": "INFO", "jobId": "50220db5-c7bd-4d96-b644-30c1dc3d1fe0", "keyword": "khai trương", "step": "cooldown", "message": "Cooldown 1.0s (after capture)", "data": {"w": 0}, "seq": 17150}
{"ts": "2026-05-01T13:07:04.226128+00:00", "level": "INFO", "jobId": "50220db5-c7bd-4d96-b644-30c1dc3d1fe0", "keyword": "khai trương", "step": "heartbeat", "message": "Worker alive", "data": {"w": 0, "elapsed_s": 28}, "seq": 17151}
{"ts": "2026-05-01T13:07:04.228261+00:00", "level": "INFO", "jobId": "50220db5-c7bd-4d96-b644-30c1dc3d1fe0", "keyword": "khai trương", "step": "capture", "message": "Capturing posinset=8 (8/∞)…", "data": {"w": 0}, "seq": 17152}
{"ts": "2026-05-01T13:07:05.357509+00:00", "level": "INFO", "jobId": "50220db5-c7bd-4d96-b644-30c1dc3d1fe0", "keyword": "khai trương", "step": "capture", "message": "Saved post_008.png (posinset=8)", "data": {"w": 0}, "seq": 17153}
{"ts": "2026-05-01T13:07:05.358862+00:00", "level": "INFO", "jobId": "50220db5-c7bd-4d96-b644-30c1dc3d1fe0", "keyword": "khai trương", "step": "cooldown", "message": "Cooldown 1.0s (after capture)", "data": {"w": 0}, "seq": 17154}
{"ts": "2026-05-01T13:07:06.375677+00:00", "level": "INFO", "jobId": "50220db5-c7bd-4d96-b644-30c1dc3d1fe0", "keyword": "khai trương", "step": "capture", "message": "Capturing posinset=9 (9/∞)…", "data": {"w": 0}, "seq": 17155}
{"ts": "2026-05-01T13:07:07.515238+00:00", "level": "INFO", "jobId": "50220db5-c7bd-4d96-b644-30c1dc3d1fe0", "keyword": "khai trương", "step": "capture", "message": "Saved post_009.png (posinset=9)", "data": {"w": 0}, "seq": 17156}
{"ts": "2026-05-01T13:07:07.516238+00:00", "level": "INFO", "jobId": "50220db5-c7bd-4d96-b644-30c1dc3d1fe0", "keyword": "khai trương", "step": "cooldown", "message": "Cooldown 1.0s (after capture)", "data": {"w": 0}, "seq": 17157}
{"ts": "2026-05-01T13:07:08.684934+00:00", "level": "INFO", "jobId": "50220db5-c7bd-4d96-b644-30c1dc3d1fe0", "keyword": "khai trương", "step": "capture", "message": "Capturing posinset=10 (10/∞)…", "data": {"w": 0}, "seq": 17158}
{"ts": "2026-05-01T13:07:10.274398+00:00", "level": "INFO", "jobId": "50220db5-c7bd-4d96-b644-30c1dc3d1fe0", "keyword": "khai trương", "step": "capture", "message": "Saved post_010.png (posinset=10)", "data": {"w": 0}, "seq": 17159}
{"ts": "2026-05-01T13:07:10.276436+00:00", "level": "INFO", "jobId": "50220db5-c7bd-4d96-b644-30c1dc3d1fe0", "keyword": "khai trương", "step": "cooldown", "message": "Cooldown 1.0s (after capture)", "data": {"w": 0}, "seq": 17160}
{"ts": "2026-05-01T13:07:11.301315+00:00", "level": "INFO", "jobId": "50220db5-c7bd-4d96-b644-30c1dc3d1fe0", "keyword": "khai trương", "step": "capture", "message": "Capturing posinset=11 (11/∞)…", "data": {"w": 0}, "seq": 17161}
{"ts": "2026-05-01T13:07:12.449023+00:00", "level": "INFO", "jobId": "50220db5-c7bd-4d96-b644-30c1dc3d1fe0", "keyword": "khai trương", "step": "capture", "message": "Saved post_011.png (posinset=11)", "data": {"w": 0}, "seq": 17162}
{"ts": "2026-05-01T13:07:12.449570+00:00", "level": "INFO", "jobId": "50220db5-c7bd-4d96-b644-30c1dc3d1fe0", "keyword": "khai trương", "step": "cooldown", "message": "Cooldown 1.0s (after capture)", "data": {"w": 0}, "seq": 17163}
{"ts": "2026-05-01T13:07:13.466256+00:00", "level": "INFO", "jobId": "50220db5-c7bd-4d96-b644-30c1dc3d1fe0", "keyword": "khai trương", "step": "capture", "message": "Capturing posinset=12 (12/∞)…", "data": {"w": 0}, "seq": 17164}
{"ts": "2026-05-01T13:07:16.635225+00:00", "level": "INFO", "jobId": "50220db5-c7bd-4d96-b644-30c1dc3d1fe0", "keyword": "khai trương", "step": "capture", "message": "Saved post_012.png (posinset=12)", "data": {"w": 0}, "seq": 17165}
{"ts": "2026-05-01T13:07:16.638215+00:00", "level": "INFO", "jobId": "50220db5-c7bd-4d96-b644-30c1dc3d1fe0", "keyword": "khai trương", "step": "cooldown", "message": "Cooldown 1.0s (after capture)", "data": {"w": 0}, "seq": 17166}
{"ts": "2026-05-01T13:07:17.662693+00:00", "level": "INFO", "jobId": "50220db5-c7bd-4d96-b644-30c1dc3d1fe0", "keyword": "khai trương", "step": "capture", "message": "Capturing posinset=13 (13/∞)…", "data": {"w": 0}, "seq": 17167}
{"ts": "2026-05-01T13:07:18.865706+00:00", "level": "INFO", "jobId": "50220db5-c7bd-4d96-b644-30c1dc3d1fe0", "keyword": "khai trương", "step": "capture", "message": "Saved post_013.png (posinset=13)", "data": {"w": 0}, "seq": 17168}
{"ts": "2026-05-01T13:07:18.866719+00:00", "level": "INFO", "jobId": "50220db5-c7bd-4d96-b644-30c1dc3d1fe0", "keyword": "khai trương", "step": "cooldown", "message": "Cooldown 1.0s (after capture)", "data": {"w": 0}, "seq": 17169}
{"ts": "2026-05-01T13:07:19.885650+00:00", "level": "INFO", "jobId": "50220db5-c7bd-4d96-b644-30c1dc3d1fe0", "keyword": "khai trương", "step": "heartbeat", "message": "Worker alive", "data": {"w": 0, "elapsed_s": 44}, "seq": 17170}
{"ts": "2026-05-01T13:07:19.885650+00:00", "level": "INFO", "jobId": "50220db5-c7bd-4d96-b644-30c1dc3d1fe0", "keyword": "khai trương", "step": "capture", "message": "Capturing posinset=14 (14/∞)…", "data": {"w": 0}, "seq": 17171}
{"ts": "2026-05-01T13:07:21.014931+00:00", "level": "INFO", "jobId": "50220db5-c7bd-4d96-b644-30c1dc3d1fe0", "keyword": "khai trương", "step": "capture", "message": "Saved post_014.png (posinset=14)", "data": {"w": 0}, "seq": 17172}
{"ts": "2026-05-01T13:07:21.016302+00:00", "level": "INFO", "jobId": "50220db5-c7bd-4d96-b644-30c1dc3d1fe0", "keyword": "khai trương", "step": "cooldown", "message": "Cooldown 1.0s (after capture)", "data": {"w": 0}, "seq": 17173}
{"ts": "2026-05-01T13:07:22.230823+00:00", "level": "INFO", "jobId": "50220db5-c7bd-4d96-b644-30c1dc3d1fe0", "keyword": "khai trương", "step": "capture", "message": "Capturing posinset=15 (15/∞)…", "data": {"w": 0}, "seq": 17174}
{"ts": "2026-05-01T13:07:23.797692+00:00", "level": "INFO", "jobId": "50220db5-c7bd-4d96-b644-30c1dc3d1fe0", "keyword": "khai trương", "step": "capture", "message": "Saved post_015.png (posinset=15)", "data": {"w": 0}, "seq": 17175}
{"ts": "2026-05-01T13:07:23.798706+00:00", "level": "INFO", "jobId": "50220db5-c7bd-4d96-b644-30c1dc3d1fe0", "keyword": "khai trương", "step": "cooldown", "message": "Cooldown 1.0s (after capture)", "data": {"w": 0}, "seq": 17176}
{"ts": "2026-05-01T13:07:24.823065+00:00", "level": "INFO", "jobId": "50220db5-c7bd-4d96-b644-30c1dc3d1fe0", "keyword": "khai trương", "step": "capture", "message": "Capturing posinset=16 (16/∞)…", "data": {"w": 0}, "seq": 17177}
{"ts": "2026-05-01T13:07:26.001626+00:00", "level": "INFO", "jobId": "50220db5-c7bd-4d96-b644-30c1dc3d1fe0", "keyword": "khai trương", "step": "capture", "message": "Saved post_016.png (posinset=16)", "data": {"w": 0}, "seq": 17178}
{"ts": "2026-05-01T13:07:26.001626+00:00", "level": "INFO", "jobId": "50220db5-c7bd-4d96-b644-30c1dc3d1fe0", "keyword": "khai trương", "step": "cooldown", "message": "Cooldown 1.0s (after capture)", "data": {"w": 0}, "seq": 17179}
{"ts": "2026-05-01T13:07:27.033877+00:00", "level": "INFO", "jobId": "50220db5-c7bd-4d96-b644-30c1dc3d1fe0", "keyword": "khai trương", "step": "capture", "message": "Capturing posinset=17 (17/∞)…", "data": {"w": 0}, "seq": 17180}
{"ts": "2026-05-01T13:07:28.547155+00:00", "level": "INFO", "jobId": "50220db5-c7bd-4d96-b644-30c1dc3d1fe0", "keyword": "khai trương", "step": "capture", "message": "Saved post_017.png (posinset=17)", "data": {"w": 0}, "seq": 17181}
{"ts": "2026-05-01T13:07:28.548217+00:00", "level": "INFO", "jobId": "50220db5-c7bd-4d96-b644-30c1dc3d1fe0", "keyword": "khai trương", "step": "cooldown", "message": "Cooldown 1.0s (after capture)", "data": {"w": 0}, "seq": 17182}
{"ts": "2026-05-01T13:07:29.558733+00:00", "level": "INFO", "jobId": "50220db5-c7bd-4d96-b644-30c1dc3d1fe0", "keyword": "khai trương", "step": "capture", "message": "Capturing posinset=18 (18/∞)…", "data": {"w": 0}, "seq": 17183}
{"ts": "2026-05-01T13:07:30.954528+00:00", "level": "INFO", "jobId": "50220db5-c7bd-4d96-b644-30c1dc3d1fe0", "keyword": "khai trương", "step": "capture", "message": "Saved post_018.png (posinset=18)", "data": {"w": 0}, "seq": 17184}
{"ts": "2026-05-01T13:07:30.955535+00:00", "level": "INFO", "jobId": "50220db5-c7bd-4d96-b644-30c1dc3d1fe0", "keyword": "khai trương", "step": "cooldown", "message": "Cooldown 1.0s (after capture)", "data": {"w": 0}, "seq": 17185}
{"ts": "2026-05-01T13:07:31.970992+00:00", "level": "INFO", "jobId": "50220db5-c7bd-4d96-b644-30c1dc3d1fe0", "keyword": "khai trương", "step": "capture", "message": "Capturing posinset=19 (19/∞)…", "data": {"w": 0}, "seq": 17186}
{"ts": "2026-05-01T13:07:33.209900+00:00", "level": "INFO", "jobId": "50220db5-c7bd-4d96-b644-30c1dc3d1fe0", "keyword": "khai trương", "step": "capture", "message": "Saved post_019.png (posinset=19)", "data": {"w": 0}, "seq": 17187}
{"ts": "2026-05-01T13:07:33.211008+00:00", "level": "INFO", "jobId": "50220db5-c7bd-4d96-b644-30c1dc3d1fe0", "keyword": "khai trương", "step": "cooldown", "message": "Cooldown 1.0s (after capture)", "data": {"w": 0}, "seq": 17188}
{"ts": "2026-05-01T13:07:34.221911+00:00", "level": "INFO", "jobId": "50220db5-c7bd-4d96-b644-30c1dc3d1fe0", "keyword": "khai trương", "step": "capture", "message": "Capturing posinset=20 (20/∞)…", "data": {"w": 0}, "seq": 17189}
{"ts": "2026-05-01T13:07:35.380040+00:00", "level": "INFO", "jobId": "50220db5-c7bd-4d96-b644-30c1dc3d1fe0", "keyword": "khai trương", "step": "capture", "message": "Saved post_020.png (posinset=20)", "data": {"w": 0}, "seq": 17190}
{"ts": "2026-05-01T13:07:35.381052+00:00", "level": "INFO", "jobId": "50220db5-c7bd-4d96-b644-30c1dc3d1fe0", "keyword": "khai trương", "step": "cooldown", "message": "Cooldown 1.0s (after capture)", "data": {"w": 0}, "seq": 17191}
{"ts": "2026-05-01T13:07:36.560986+00:00", "level": "INFO", "jobId": "50220db5-c7bd-4d96-b644-30c1dc3d1fe0", "keyword": "khai trương", "step": "heartbeat", "message": "Worker alive", "data": {"w": 0, "elapsed_s": 60}, "seq": 17192}
{"ts": "2026-05-01T13:07:36.560986+00:00", "level": "INFO", "jobId": "50220db5-c7bd-4d96-b644-30c1dc3d1fe0", "keyword": "khai trương", "step": "capture", "message": "Capturing posinset=21 (21/∞)…", "data": {"w": 0}, "seq": 17193}
{"ts": "2026-05-01T13:07:38.396156+00:00", "level": "INFO", "jobId": "50220db5-c7bd-4d96-b644-30c1dc3d1fe0", "keyword": "khai trương", "step": "capture", "message": "Capturing posinset=21 (21/∞)…", "data": {"w": 0}, "seq": 17194}
{"ts": "2026-05-01T13:07:39.590788+00:00", "level": "INFO", "jobId": "50220db5-c7bd-4d96-b644-30c1dc3d1fe0", "keyword": "khai trương", "step": "capture", "message": "Saved post_021.png (posinset=21)", "data": {"w": 0}, "seq": 17195}
{"ts": "2026-05-01T13:07:39.592076+00:00", "level": "INFO", "jobId": "50220db5-c7bd-4d96-b644-30c1dc3d1fe0", "keyword": "khai trương", "step": "cooldown", "message": "Cooldown 1.0s (after capture)", "data": {"w": 0}, "seq": 17196}
{"ts": "2026-05-01T13:07:40.617489+00:00", "level": "INFO", "jobId": "50220db5-c7bd-4d96-b644-30c1dc3d1fe0", "keyword": "khai trương", "step": "capture", "message": "Capturing posinset=22 (22/∞)…", "data": {"w": 0}, "seq": 17197}
{"ts": "2026-05-01T13:07:41.842903+00:00", "level": "INFO", "jobId": "50220db5-c7bd-4d96-b644-30c1dc3d1fe0", "keyword": "khai trương", "step": "capture", "message": "Saved post_022.png (posinset=22)", "data": {"w": 0}, "seq": 17198}
{"ts": "2026-05-01T13:07:41.842903+00:00", "level": "INFO", "jobId": "50220db5-c7bd-4d96-b644-30c1dc3d1fe0", "keyword": "khai trương", "step": "cooldown", "message": "Cooldown 1.0s (after capture)", "data": {"w": 0}, "seq": 17199}
{"ts": "2026-05-01T13:07:42.876095+00:00", "level": "INFO", "jobId": "50220db5-c7bd-4d96-b644-30c1dc3d1fe0", "keyword": "khai trương", "step": "capture", "message": "Capturing posinset=23 (23/∞)…", "data": {"w": 0}, "seq": 17200}
{"ts": "2026-05-01T13:07:44.127521+00:00", "level": "INFO", "jobId": "50220db5-c7bd-4d96-b644-30c1dc3d1fe0", "keyword": "khai trương", "step": "capture", "message": "Saved post_023.png (posinset=23)", "data": {"w": 0}, "seq": 17201}
{"ts": "2026-05-01T13:07:44.127521+00:00", "level": "INFO", "jobId": "50220db5-c7bd-4d96-b644-30c1dc3d1fe0", "keyword": "khai trương", "step": "cooldown", "message": "Cooldown 1.0s (after capture)", "data": {"w": 0}, "seq": 17202}
{"ts": "2026-05-01T13:07:45.156376+00:00", "level": "INFO", "jobId": "50220db5-c7bd-4d96-b644-30c1dc3d1fe0", "keyword": "khai trương", "step": "capture", "message": "Capturing posinset=24 (24/∞)…", "data": {"w": 0}, "seq": 17203}
{"ts": "2026-05-01T13:07:46.489234+00:00", "level": "INFO", "jobId": "50220db5-c7bd-4d96-b644-30c1dc3d1fe0", "keyword": "khai trương", "step": "capture", "message": "Saved post_024.png (posinset=24)", "data": {"w": 0}, "seq": 17204}
{"ts": "2026-05-01T13:07:46.491625+00:00", "level": "INFO", "jobId": "50220db5-c7bd-4d96-b644-30c1dc3d1fe0", "keyword": "khai trương", "step": "cooldown", "message": "Cooldown 1.0s (after capture)", "data": {"w": 0}, "seq": 17205}
{"ts": "2026-05-01T13:07:47.745256+00:00", "level": "INFO", "jobId": "50220db5-c7bd-4d96-b644-30c1dc3d1fe0", "keyword": "khai trương", "step": "capture", "message": "Capturing posinset=25 (25/∞)…", "data": {"w": 0}, "seq": 17206}
{"ts": "2026-05-01T13:07:49.197314+00:00", "level": "INFO", "jobId": "50220db5-c7bd-4d96-b644-30c1dc3d1fe0", "keyword": "khai trương", "step": "capture", "message": "Saved post_025.png (posinset=25)", "data": {"w": 0}, "seq": 17207}
{"ts": "2026-05-01T13:07:49.198671+00:00", "level": "INFO", "jobId": "50220db5-c7bd-4d96-b644-30c1dc3d1fe0", "keyword": "khai trương", "step": "cooldown", "message": "Cooldown 1.0s (after capture)", "data": {"w": 0}, "seq": 17208}
{"ts": "2026-05-01T13:07:50.224074+00:00", "level": "INFO", "jobId": "50220db5-c7bd-4d96-b644-30c1dc3d1fe0", "keyword": "khai trương", "step": "capture", "message": "Capturing posinset=26 (26/∞)…", "data": {"w": 0}, "seq": 17209}
{"ts": "2026-05-01T13:07:51.629102+00:00", "level": "INFO", "jobId": "50220db5-c7bd-4d96-b644-30c1dc3d1fe0", "keyword": "khai trương", "step": "capture", "message": "Saved post_026.png (posinset=26)", "data": {"w": 0}, "seq": 17210}
{"ts": "2026-05-01T13:07:51.629102+00:00", "level": "INFO", "jobId": "50220db5-c7bd-4d96-b644-30c1dc3d1fe0", "keyword": "khai trương", "step": "cooldown", "message": "Cooldown 1.0s (after capture)", "data": {"w": 0}, "seq": 17211}
{"ts": "2026-05-01T13:07:52.654154+00:00", "level": "INFO", "jobId": "50220db5-c7bd-4d96-b644-30c1dc3d1fe0", "keyword": "khai trương", "step": "heartbeat", "message": "Worker alive", "data": {"w": 0, "elapsed_s": 76}, "seq": 17212}
{"ts": "2026-05-01T13:07:52.654154+00:00", "level": "INFO", "jobId": "50220db5-c7bd-4d96-b644-30c1dc3d1fe0", "keyword": "khai trương", "step": "capture", "message": "Capturing posinset=27 (27/∞)…", "data": {"w": 0}, "seq": 17213}
{"ts": "2026-05-01T13:07:53.912481+00:00", "level": "INFO", "jobId": "50220db5-c7bd-4d96-b644-30c1dc3d1fe0", "keyword": "khai trương", "step": "capture", "message": "Saved post_027.png (posinset=27)", "data": {"w": 0}, "seq": 17214}
{"ts": "2026-05-01T13:07:53.912481+00:00", "level": "INFO", "jobId": "50220db5-c7bd-4d96-b644-30c1dc3d1fe0", "keyword": "khai trương", "step": "cooldown", "message": "Cooldown 1.0s (after capture)", "data": {"w": 0}, "seq": 17215}
{"ts": "2026-05-01T13:07:54.933872+00:00", "level": "INFO", "jobId": "50220db5-c7bd-4d96-b644-30c1dc3d1fe0", "keyword": "khai trương", "step": "capture", "message": "Capturing posinset=28 (28/∞)…", "data": {"w": 0}, "seq": 17216}
{"ts": "2026-05-01T13:07:56.146869+00:00", "level": "INFO", "jobId": "50220db5-c7bd-4d96-b644-30c1dc3d1fe0", "keyword": "khai trương", "step": "capture", "message": "Saved post_028.png (posinset=28)", "data": {"w": 0}, "seq": 17217}
{"ts": "2026-05-01T13:07:56.146869+00:00", "level": "INFO", "jobId": "50220db5-c7bd-4d96-b644-30c1dc3d1fe0", "keyword": "khai trương", "step": "cooldown", "message": "Cooldown 1.0s (after capture)", "data": {"w": 0}, "seq": 17218}
{"ts": "2026-05-01T13:07:57.170738+00:00", "level": "INFO", "jobId": "50220db5-c7bd-4d96-b644-30c1dc3d1fe0", "keyword": "khai trương", "step": "capture", "message": "Capturing posinset=29 (29/∞)…", "data": {"w": 0}, "seq": 17219}
{"ts": "2026-05-01T13:07:58.360485+00:00", "level": "INFO", "jobId": "50220db5-c7bd-4d96-b644-30c1dc3d1fe0", "keyword": "khai trương", "step": "capture", "message": "Saved post_029.png (posinset=29)", "data": {"w": 0}, "seq": 17220}
{"ts": "2026-05-01T13:07:58.361488+00:00", "level": "INFO", "jobId": "50220db5-c7bd-4d96-b644-30c1dc3d1fe0", "keyword": "khai trương", "step": "cooldown", "message": "Cooldown 1.0s (after capture)", "data": {"w": 0}, "seq": 17221}
{"ts": "2026-05-01T13:07:59.384685+00:00", "level": "INFO", "jobId": "50220db5-c7bd-4d96-b644-30c1dc3d1fe0", "keyword": "khai trương", "step": "capture", "message": "Capturing posinset=30 (30/∞)…", "data": {"w": 0}, "seq": 17222}
{"ts": "2026-05-01T13:08:01.500499+00:00", "level": "INFO", "jobId": "50220db5-c7bd-4d96-b644-30c1dc3d1fe0", "keyword": "khai trương", "step": "capture", "message": "Saved post_030.png (posinset=30)", "data": {"w": 0}, "seq": 17223}
{"ts": "2026-05-01T13:08:01.501496+00:00", "level": "INFO", "jobId": "50220db5-c7bd-4d96-b644-30c1dc3d1fe0", "keyword": "khai trương", "step": "cooldown", "message": "Cooldown 1.0s (after capture)", "data": {"w": 0}, "seq": 17224}
{"ts": "2026-05-01T13:08:02.535749+00:00", "level": "INFO", "jobId": "50220db5-c7bd-4d96-b644-30c1dc3d1fe0", "keyword": "khai trương", "step": "capture", "message": "Capturing posinset=31 (31/∞)…", "data": {"w": 0}, "seq": 17225}
{"ts": "2026-05-01T13:08:03.783511+00:00", "level": "INFO", "jobId": "50220db5-c7bd-4d96-b644-30c1dc3d1fe0", "keyword": "khai trương", "step": "capture", "message": "Saved post_031.png (posinset=31)", "data": {"w": 0}, "seq": 17226}
{"ts": "2026-05-01T13:08:03.784500+00:00", "level": "INFO", "jobId": "50220db5-c7bd-4d96-b644-30c1dc3d1fe0", "keyword": "khai trương", "step": "cooldown", "message": "Cooldown 1.0s (after capture)", "data": {"w": 0}, "seq": 17227}
{"ts": "2026-05-01T13:08:04.835918+00:00", "level": "INFO", "jobId": "50220db5-c7bd-4d96-b644-30c1dc3d1fe0", "keyword": "khai trương", "step": "capture", "message": "Capturing posinset=32 (32/∞)…", "data": {"w": 0}, "seq": 17228}
{"ts": "2026-05-01T13:08:06.204984+00:00", "level": "INFO", "jobId": "50220db5-c7bd-4d96-b644-30c1dc3d1fe0", "keyword": "khai trương", "step": "capture", "message": "Saved post_032.png (posinset=32)", "data": {"w": 0}, "seq": 17229}
{"ts": "2026-05-01T13:08:06.206078+00:00", "level": "INFO", "jobId": "50220db5-c7bd-4d96-b644-30c1dc3d1fe0", "keyword": "khai trương", "step": "cooldown", "message": "Cooldown 1.0s (after capture)", "data": {"w": 0}, "seq": 17230}
{"ts": "2026-05-01T13:08:07.252781+00:00", "level": "INFO", "jobId": "50220db5-c7bd-4d96-b644-30c1dc3d1fe0", "keyword": "khai trương", "step": "capture", "message": "Capturing posinset=33 (33/∞)…", "data": {"w": 0}, "seq": 17231}
{"ts": "2026-05-01T13:08:08.554462+00:00", "level": "INFO", "jobId": "50220db5-c7bd-4d96-b644-30c1dc3d1fe0", "keyword": "khai trương", "step": "capture", "message": "Saved post_033.png (posinset=33)", "data": {"w": 0}, "seq": 17232}
{"ts": "2026-05-01T13:08:08.556200+00:00", "level": "INFO", "jobId": "50220db5-c7bd-4d96-b644-30c1dc3d1fe0", "keyword": "khai trương", "step": "cooldown", "message": "Cooldown 1.0s (after capture)", "data": {"w": 0}, "seq": 17233}
{"ts": "2026-05-01T13:08:09.616768+00:00", "level": "INFO", "jobId": "50220db5-c7bd-4d96-b644-30c1dc3d1fe0", "keyword": "khai trương", "step": "heartbeat", "message": "Worker alive", "data": {"w": 0, "elapsed_s": 93}, "seq": 17234}
{"ts": "2026-05-01T13:08:09.616768+00:00", "level": "INFO", "jobId": "50220db5-c7bd-4d96-b644-30c1dc3d1fe0", "keyword": "khai trương", "step": "capture", "message": "Capturing posinset=34 (34/∞)…", "data": {"w": 0}, "seq": 17235}
{"ts": "2026-05-01T13:08:10.825696+00:00", "level": "INFO", "jobId": "50220db5-c7bd-4d96-b644-30c1dc3d1fe0", "keyword": "khai trương", "step": "capture", "message": "Saved post_034.png (posinset=34)", "data": {"w": 0}, "seq": 17236}
{"ts": "2026-05-01T13:08:10.825696+00:00", "level": "INFO", "jobId": "50220db5-c7bd-4d96-b644-30c1dc3d1fe0", "keyword": "khai trương", "step": "cooldown", "message": "Cooldown 1.0s (after capture)", "data": {"w": 0}, "seq": 17237}
{"ts": "2026-05-01T13:08:11.850899+00:00", "level": "INFO", "jobId": "50220db5-c7bd-4d96-b644-30c1dc3d1fe0", "keyword": "khai trương", "step": "capture", "message": "Capturing posinset=35 (35/∞)…", "data": {"w": 0}, "seq": 17238}
{"ts": "2026-05-01T13:08:13.160385+00:00", "level": "INFO", "jobId": "50220db5-c7bd-4d96-b644-30c1dc3d1fe0", "keyword": "khai trương", "step": "capture", "message": "Saved post_035.png (posinset=35)", "data": {"w": 0}, "seq": 17239}
{"ts": "2026-05-01T13:08:13.160385+00:00", "level": "INFO", "jobId": "50220db5-c7bd-4d96-b644-30c1dc3d1fe0", "keyword": "khai trương", "step": "cooldown", "message": "Cooldown 1.0s (after capture)", "data": {"w": 0}, "seq": 17240}
{"ts": "2026-05-01T13:08:14.394695+00:00", "level": "INFO", "jobId": "50220db5-c7bd-4d96-b644-30c1dc3d1fe0", "keyword": "khai trương", "step": "capture", "message": "Capturing posinset=36 (36/∞)…", "data": {"w": 0}, "seq": 17241}
{"ts": "2026-05-01T13:08:15.724142+00:00", "level": "INFO", "jobId": "50220db5-c7bd-4d96-b644-30c1dc3d1fe0", "keyword": "khai trương", "step": "capture", "message": "Saved post_036.png (posinset=36)", "data": {"w": 0}, "seq": 17242}
{"ts": "2026-05-01T13:08:15.725490+00:00", "level": "INFO", "jobId": "50220db5-c7bd-4d96-b644-30c1dc3d1fe0", "keyword": "khai trương", "step": "cooldown", "message": "Cooldown 1.0s (after capture)", "data": {"w": 0}, "seq": 17243}
{"ts": "2026-05-01T13:08:16.771354+00:00", "level": "INFO", "jobId": "50220db5-c7bd-4d96-b644-30c1dc3d1fe0", "keyword": "khai trương", "step": "capture", "message": "Capturing posinset=37 (37/∞)…", "data": {"w": 0}, "seq": 17244}
{"ts": "2026-05-01T13:08:18.113815+00:00", "level": "INFO", "jobId": "50220db5-c7bd-4d96-b644-30c1dc3d1fe0", "keyword": "khai trương", "step": "capture", "message": "Saved post_037.png (posinset=37)", "data": {"w": 0}, "seq": 17245}
{"ts": "2026-05-01T13:08:18.115285+00:00", "level": "INFO", "jobId": "50220db5-c7bd-4d96-b644-30c1dc3d1fe0", "keyword": "khai trương", "step": "cooldown", "message": "Cooldown 1.0s (after capture)", "data": {"w": 0}, "seq": 17246}
{"ts": "2026-05-01T13:08:19.165069+00:00", "level": "INFO", "jobId": "50220db5-c7bd-4d96-b644-30c1dc3d1fe0", "keyword": "khai trương", "step": "capture", "message": "Capturing posinset=38 (38/∞)…", "data": {"w": 0}, "seq": 17247}
{"ts": "2026-05-01T13:08:20.369372+00:00", "level": "INFO", "jobId": "50220db5-c7bd-4d96-b644-30c1dc3d1fe0", "keyword": "khai trương", "step": "capture", "message": "Saved post_038.png (posinset=38)", "data": {"w": 0}, "seq": 17248}
{"ts": "2026-05-01T13:08:20.371411+00:00", "level": "INFO", "jobId": "50220db5-c7bd-4d96-b644-30c1dc3d1fe0", "keyword": "khai trương", "step": "cooldown", "message": "Cooldown 1.0s (after capture)", "data": {"w": 0}, "seq": 17249}
{"ts": "2026-05-01T13:08:21.414536+00:00", "level": "ERROR", "jobId": "50220db5-c7bd-4d96-b644-30c1dc3d1fe0", "keyword": "khai trương", "step": "antiblock", "message": "Captcha/Verify text detected in page", "data": {"w": 0}, "seq": 17250}
{"ts": "2026-05-01T13:08:21.414536+00:00", "level": "WARN", "jobId": "50220db5-c7bd-4d96-b644-30c1dc3d1fe0", "keyword": "khai trương", "step": "retry", "message": "Captcha/Checkpoint: sẽ relaunch và thử lại cùng worker (giữ keyword). Nếu vẫn bị chặn, hãy xử lý xác minh trên đúng cửa sổ Chrome của worker đó.", "data": {"w": 0}, "seq": 17251}
{"ts": "2026-05-01T13:08:24.083386+00:00", "level": "WARN", "jobId": "50220db5-c7bd-4d96-b644-30c1dc3d1fe0", "keyword": "khai trương", "step": "retry", "message": "Reset job to pending for retry (antiblock).", "data": {"w": 0}, "seq": 17252}
{"ts": "2026-05-01T13:08:24.085397+00:00", "level": "INFO", "jobId": "50220db5-c7bd-4d96-b644-30c1dc3d1fe0", "keyword": "khai trương", "step": "start", "message": "Job started (attempt 2/2)", "data": {"w": 0}, "seq": 17253}
{"ts": "2026-05-01T13:08:27.990297+00:00", "level": "INFO", "jobId": "50220db5-c7bd-4d96-b644-30c1dc3d1fe0", "keyword": "khai trương", "step": "login", "message": "Already logged in (home).", "data": {"w": 0}, "seq": 17254}
{"ts": "2026-05-01T13:08:27.991574+00:00", "level": "INFO", "jobId": "50220db5-c7bd-4d96-b644-30c1dc3d1fe0", "keyword": "khai trương", "step": "search", "message": "Searching keyword: \"khai trương\"", "data": {"w": 0}, "seq": 17255}
{"ts": "2026-05-01T13:08:31.977736+00:00", "level": "INFO", "jobId": "50220db5-c7bd-4d96-b644-30c1dc3d1fe0", "keyword": "khai trương", "step": "capture", "message": "Start capturing all posts until end of results.", "data": {"w": 0}, "seq": 17256}
{"ts": "2026-05-01T13:08:31.979861+00:00", "level": "INFO", "jobId": "50220db5-c7bd-4d96-b644-30c1dc3d1fe0", "keyword": "khai trương", "step": "capture", "message": "Output folder: Lan 2 - 2008", "data": {"w": 0}, "seq": 17257}
{"ts": "2026-05-01T13:08:36.131645+00:00", "level": "INFO", "jobId": "50220db5-c7bd-4d96-b644-30c1dc3d1fe0", "keyword": "khai trương", "step": "capture", "message": "Waiting for posts to appear (avoid blank capture)…", "data": {"w": 0}, "seq": 17258}
{"ts": "2026-05-01T13:08:36.232407+00:00", "level": "INFO", "jobId": "50220db5-c7bd-4d96-b644-30c1dc3d1fe0", "keyword": "khai trương", "step": "capture", "message": "Post-detect debug: {'hasMain': True, 'url': 'https://www.facebook.com/search/posts/?q=khai%20tr%C6%B0%C6%A1ng&filters=eyJyZWNlbnRfcG9zdHM6MCI6IntcIm5hbWVcIjpcInJlY2VudF9wb3N0c1wiLFwiYXJnc1wiOlwiXCJ9In0%3D', 'title': '(4) khai trương - Kết quả tìm kiếm | Facebook', 'hasLoginInputs': False, 'consentLike': False, 'bodyHead': '\\xa0\\n1 đoạn chat chưa đọc\\n1\\nSố thông báo chưa đọc\\n3\\nKết quả tìm kiếm\\nBộ lọc\\nTất cả\\nMọi người\\nThước phim\\nMarketplace\\nTrang\\nNhóm\\nSự kiện\\nFacebook\\nFacebook\\nFacebook\\nFacebook\\nFacebook\\nFacebook\\nFacebook\\nFacebook\\nFacebook\\nFaceboo', 'roleArticle': 1, 'divRoleArticle': 1, 'articleTag': 0, 'feedUnit': 0, 'anyPagelet': 0, 'adPreview': 2, 'imgs': 15, 'videos': 0, 'progress': 0, 'busy': '', 'firstArticle': {'tag': 'div', 'role': 'article', 'textLen': 0, 'hasImg': False, 'hasVideo': False, 'hasLink': False, 'hasPermalink': False}}", "data": {"w": 0}, "seq": 17259}
{"ts": "2026-05-01T13:08:38.481670+00:00", "level": "INFO", "jobId": "50220db5-c7bd-4d96-b644-30c1dc3d1fe0", "keyword": "khai trương", "step": "capture", "message": "Guard: forcing top before first capture (y=2012, primary=0)", "data": {"w": 0}, "seq": 17260}
{"ts": "2026-05-01T13:08:38.816371+00:00", "level": "INFO", "jobId": "50220db5-c7bd-4d96-b644-30c1dc3d1fe0", "keyword": "khai trương", "step": "capture", "message": "Capturing posinset=1 (1/∞)…", "data": {"w": 0}, "seq": 17261}
{"ts": "2026-05-01T13:08:41.414540+00:00", "level": "INFO", "jobId": "50220db5-c7bd-4d96-b644-30c1dc3d1fe0", "keyword": "khai trương", "step": "capture", "message": "Saved post_001.png (posinset=1)", "data": {"w": 0}, "seq": 17262}
{"ts": "2026-05-01T13:08:41.417618+00:00", "level": "INFO", "jobId": "50220db5-c7bd-4d96-b644-30c1dc3d1fe0", "keyword": "khai trương", "step": "cooldown", "message": "Cooldown 1.0s (after capture)", "data": {"w": 0}, "seq": 17263}
{"ts": "2026-05-01T13:08:42.451203+00:00", "level": "INFO", "jobId": "50220db5-c7bd-4d96-b644-30c1dc3d1fe0", "keyword": "khai trương", "step": "capture", "message": "Capturing posinset=2 (2/∞)…", "data": {"w": 0}, "seq": 17264}
{"ts": "2026-05-01T13:08:44.001864+00:00", "level": "INFO", "jobId": "50220db5-c7bd-4d96-b644-30c1dc3d1fe0", "keyword": "khai trương", "step": "capture", "message": "Saved post_002.png (posinset=2)", "data": {"w": 0}, "seq": 17265}
{"ts": "2026-05-01T13:08:44.006313+00:00", "level": "INFO", "jobId": "50220db5-c7bd-4d96-b644-30c1dc3d1fe0", "keyword": "khai trương", "step": "cooldown", "message": "Cooldown 1.0s (after capture)", "data": {"w": 0}, "seq": 17266}
{"ts": "2026-05-01T13:08:45.029463+00:00", "level": "INFO", "jobId": "50220db5-c7bd-4d96-b644-30c1dc3d1fe0", "keyword": "khai trương", "step": "capture", "message": "Capturing posinset=3 (3/∞)…", "data": {"w": 0}, "seq": 17267}
{"ts": "2026-05-01T13:08:46.524097+00:00", "level": "INFO", "jobId": "50220db5-c7bd-4d96-b644-30c1dc3d1fe0", "keyword": "khai trương", "step": "capture", "message": "Saved post_003.png (posinset=3)", "data": {"w": 0}, "seq": 17268}
{"ts": "2026-05-01T13:08:46.524097+00:00", "level": "INFO", "jobId": "50220db5-c7bd-4d96-b644-30c1dc3d1fe0", "keyword": "khai trương", "step": "cooldown", "message": "Cooldown 1.0s (after capture)", "data": {"w": 0}, "seq": 17269}
{"ts": "2026-05-01T13:08:47.535567+00:00", "level": "INFO", "jobId": "50220db5-c7bd-4d96-b644-30c1dc3d1fe0", "keyword": "khai trương", "step": "capture", "message": "Capturing posinset=4 (4/∞)…", "data": {"w": 0}, "seq": 17270}
{"ts": "2026-05-01T13:08:48.709824+00:00", "level": "INFO", "jobId": "50220db5-c7bd-4d96-b644-30c1dc3d1fe0", "keyword": "khai trương", "step": "capture", "message": "Saved post_004.png (posinset=4)", "data": {"w": 0}, "seq": 17271}
{"ts": "2026-05-01T13:08:48.711828+00:00", "level": "INFO", "jobId": "50220db5-c7bd-4d96-b644-30c1dc3d1fe0", "keyword": "khai trương", "step": "cooldown", "message": "Cooldown 1.0s (after capture)", "data": {"w": 0}, "seq": 17272}
{"ts": "2026-05-01T13:08:49.730848+00:00", "level": "INFO", "jobId": "50220db5-c7bd-4d96-b644-30c1dc3d1fe0", "keyword": "khai trương", "step": "capture", "message": "Capturing posinset=5 (5/∞)…", "data": {"w": 0}, "seq": 17273}
{"ts": "2026-05-01T13:08:50.953975+00:00", "level": "INFO", "jobId": "50220db5-c7bd-4d96-b644-30c1dc3d1fe0", "keyword": "khai trương", "step": "capture", "message": "Saved post_005.png (posinset=5)", "data": {"w": 0}, "seq": 17274}
{"ts": "2026-05-01T13:08:50.953975+00:00", "level": "INFO", "jobId": "50220db5-c7bd-4d96-b644-30c1dc3d1fe0", "keyword": "khai trương", "step": "cooldown", "message": "Cooldown 1.0s (after capture)", "data": {"w": 0}, "seq": 17275}
{"ts": "2026-05-01T13:08:52.032006+00:00", "level": "INFO", "jobId": "50220db5-c7bd-4d96-b644-30c1dc3d1fe0", "keyword": "khai trương", "step": "capture", "message": "Capturing posinset=6 (6/∞)…", "data": {"w": 0}, "seq": 17276}
{"ts": "2026-05-01T13:08:53.009163+00:00", "level": "INFO", "jobId": "50220db5-c7bd-4d96-b644-30c1dc3d1fe0", "keyword": "khai trương", "step": "capture", "message": "Saved post_006.png (posinset=6)", "data": {"w": 0}, "seq": 17277}
{"ts": "2026-05-01T13:08:53.011631+00:00", "level": "INFO", "jobId": "50220db5-c7bd-4d96-b644-30c1dc3d1fe0", "keyword": "khai trương", "step": "cooldown", "message": "Cooldown 1.0s (after capture)", "data": {"w": 0}, "seq": 17278}
{"ts": "2026-05-01T13:08:54.031497+00:00", "level": "INFO", "jobId": "50220db5-c7bd-4d96-b644-30c1dc3d1fe0", "keyword": "khai trương", "step": "heartbeat", "message": "Worker alive", "data": {"w": 0, "elapsed_s": 29}, "seq": 17279}
{"ts": "2026-05-01T13:08:54.033502+00:00", "level": "INFO", "jobId": "50220db5-c7bd-4d96-b644-30c1dc3d1fe0", "keyword": "khai trương", "step": "capture", "message": "Capturing posinset=7 (7/∞)…", "data": {"w": 0}, "seq": 17280}
{"ts": "2026-05-01T13:08:55.033931+00:00", "level": "INFO", "jobId": "50220db5-c7bd-4d96-b644-30c1dc3d1fe0", "keyword": "khai trương", "step": "capture", "message": "Saved post_007.png (posinset=7)", "data": {"w": 0}, "seq": 17281}
{"ts": "2026-05-01T13:08:55.034947+00:00", "level": "INFO", "jobId": "50220db5-c7bd-4d96-b644-30c1dc3d1fe0", "keyword": "khai trương", "step": "cooldown", "message": "Cooldown 1.0s (after capture)", "data": {"w": 0}, "seq": 17282}
{"ts": "2026-05-01T13:08:56.066761+00:00", "level": "INFO", "jobId": "50220db5-c7bd-4d96-b644-30c1dc3d1fe0", "keyword": "khai trương", "step": "capture", "message": "Capturing posinset=8 (8/∞)…", "data": {"w": 0}, "seq": 17283}
{"ts": "2026-05-01T13:08:57.202301+00:00", "level": "INFO", "jobId": "50220db5-c7bd-4d96-b644-30c1dc3d1fe0", "keyword": "khai trương", "step": "capture", "message": "Saved post_008.png (posinset=8)", "data": {"w": 0}, "seq": 17284}
{"ts": "2026-05-01T13:08:57.202301+00:00", "level": "INFO", "jobId": "50220db5-c7bd-4d96-b644-30c1dc3d1fe0", "keyword": "khai trương", "step": "cooldown", "message": "Cooldown 1.0s (after capture)", "data": {"w": 0}, "seq": 17285}
{"ts": "2026-05-01T13:08:58.213428+00:00", "level": "INFO", "jobId": "50220db5-c7bd-4d96-b644-30c1dc3d1fe0", "keyword": "khai trương", "step": "capture", "message": "Capturing posinset=9 (9/∞)…", "data": {"w": 0}, "seq": 17286}
{"ts": "2026-05-01T13:08:59.247276+00:00", "level": "INFO", "jobId": "50220db5-c7bd-4d96-b644-30c1dc3d1fe0", "keyword": "khai trương", "step": "capture", "message": "Saved post_009.png (posinset=9)", "data": {"w": 0}, "seq": 17287}
{"ts": "2026-05-01T13:08:59.248759+00:00", "level": "INFO", "jobId": "50220db5-c7bd-4d96-b644-30c1dc3d1fe0", "keyword": "khai trương", "step": "cooldown", "message": "Cooldown 1.0s (after capture)", "data": {"w": 0}, "seq": 17288}
{"ts": "2026-05-01T13:09:00.440863+00:00", "level": "INFO", "jobId": "50220db5-c7bd-4d96-b644-30c1dc3d1fe0", "keyword": "khai trương", "step": "capture", "message": "Capturing posinset=10 (10/∞)…", "data": {"w": 0}, "seq": 17289}
{"ts": "2026-05-01T13:09:01.455236+00:00", "level": "INFO", "jobId": "50220db5-c7bd-4d96-b644-30c1dc3d1fe0", "keyword": "khai trương", "step": "capture", "message": "Saved post_010.png (posinset=10)", "data": {"w": 0}, "seq": 17290}
{"ts": "2026-05-01T13:09:01.455236+00:00", "level": "INFO", "jobId": "50220db5-c7bd-4d96-b644-30c1dc3d1fe0", "keyword": "khai trương", "step": "cooldown", "message": "Cooldown 1.0s (after capture)", "data": {"w": 0}, "seq": 17291}
{"ts": "2026-05-01T13:09:02.479938+00:00", "level": "INFO", "jobId": "50220db5-c7bd-4d96-b644-30c1dc3d1fe0", "keyword": "khai trương", "step": "capture", "message": "Capturing posinset=11 (11/∞)…", "data": {"w": 0}, "seq": 17292}
{"ts": "2026-05-01T13:09:03.540515+00:00", "level": "INFO", "jobId": "50220db5-c7bd-4d96-b644-30c1dc3d1fe0", "keyword": "khai trương", "step": "capture", "message": "Saved post_011.png (posinset=11)", "data": {"w": 0}, "seq": 17293}
{"ts": "2026-05-01T13:09:03.540515+00:00", "level": "INFO", "jobId": "50220db5-c7bd-4d96-b644-30c1dc3d1fe0", "keyword": "khai trương", "step": "cooldown", "message": "Cooldown 1.0s (after capture)", "data": {"w": 0}, "seq": 17294}
{"ts": "2026-05-01T13:09:04.556909+00:00", "level": "INFO", "jobId": "50220db5-c7bd-4d96-b644-30c1dc3d1fe0", "keyword": "khai trương", "step": "capture", "message": "Capturing posinset=12 (12/∞)…", "data": {"w": 0}, "seq": 17295}
{"ts": "2026-05-01T13:09:05.709226+00:00", "level": "INFO", "jobId": "50220db5-c7bd-4d96-b644-30c1dc3d1fe0", "keyword": "khai trương", "step": "capture", "message": "Saved post_012.png (posinset=12)", "data": {"w": 0}, "seq": 17296}
{"ts": "2026-05-01T13:09:05.710333+00:00", "level": "INFO", "jobId": "50220db5-c7bd-4d96-b644-30c1dc3d1fe0", "keyword": "khai trương", "step": "cooldown", "message": "Cooldown 1.0s (after capture)", "data": {"w": 0}, "seq": 17297}
{"ts": "2026-05-01T13:09:06.721592+00:00", "level": "INFO", "jobId": "50220db5-c7bd-4d96-b644-30c1dc3d1fe0", "keyword": "khai trương", "step": "capture", "message": "Capturing posinset=13 (13/∞)…", "data": {"w": 0}, "seq": 17298}
{"ts": "2026-05-01T13:09:07.810103+00:00", "level": "INFO", "jobId": "50220db5-c7bd-4d96-b644-30c1dc3d1fe0", "keyword": "khai trương", "step": "capture", "message": "Saved post_013.png (posinset=13)", "data": {"w": 0}, "seq": 17299}
{"ts": "2026-05-01T13:09:07.810465+00:00", "level": "INFO", "jobId": "50220db5-c7bd-4d96-b644-30c1dc3d1fe0", "keyword": "khai trương", "step": "cooldown", "message": "Cooldown 1.0s (after capture)", "data": {"w": 0}, "seq": 17300}
{"ts": "2026-05-01T13:09:08.832517+00:00", "level": "INFO", "jobId": "50220db5-c7bd-4d96-b644-30c1dc3d1fe0", "keyword": "khai trương", "step": "capture", "message": "Capturing posinset=14 (14/∞)…", "data": {"w": 0}, "seq": 17301}
{"ts": "2026-05-01T13:09:09.904502+00:00", "level": "INFO", "jobId": "50220db5-c7bd-4d96-b644-30c1dc3d1fe0", "keyword": "khai trương", "step": "capture", "message": "Saved post_014.png (posinset=14)", "data": {"w": 0}, "seq": 17302}
{"ts": "2026-05-01T13:09:09.906306+00:00", "level": "INFO", "jobId": "50220db5-c7bd-4d96-b644-30c1dc3d1fe0", "keyword": "khai trương", "step": "cooldown", "message": "Cooldown 1.0s (after capture)", "data": {"w": 0}, "seq": 17303}
{"ts": "2026-05-01T13:09:11.139644+00:00", "level": "INFO", "jobId": "50220db5-c7bd-4d96-b644-30c1dc3d1fe0", "keyword": "khai trương", "step": "heartbeat", "message": "Worker alive", "data": {"w": 0, "elapsed_s": 47}, "seq": 17304}
{"ts": "2026-05-01T13:09:11.139644+00:00", "level": "INFO", "jobId": "50220db5-c7bd-4d96-b644-30c1dc3d1fe0", "keyword": "khai trương", "step": "capture", "message": "Capturing posinset=15 (15/∞)…", "data": {"w": 0}, "seq": 17305}
{"ts": "2026-05-01T13:09:12.442722+00:00", "level": "INFO", "jobId": "50220db5-c7bd-4d96-b644-30c1dc3d1fe0", "keyword": "khai trương", "step": "capture", "message": "Saved post_015.png (posinset=15)", "data": {"w": 0}, "seq": 17306}
{"ts": "2026-05-01T13:09:12.444279+00:00", "level": "INFO", "jobId": "50220db5-c7bd-4d96-b644-30c1dc3d1fe0", "keyword": "khai trương", "step": "cooldown", "message": "Cooldown 1.0s (after capture)", "data": {"w": 0}, "seq": 17307}
{"ts": "2026-05-01T13:09:13.464146+00:00", "level": "INFO", "jobId": "50220db5-c7bd-4d96-b644-30c1dc3d1fe0", "keyword": "khai trương", "step": "capture", "message": "Capturing posinset=16 (16/∞)…", "data": {"w": 0}, "seq": 17308}
{"ts": "2026-05-01T13:09:14.617757+00:00", "level": "INFO", "jobId": "50220db5-c7bd-4d96-b644-30c1dc3d1fe0", "keyword": "khai trương", "step": "capture", "message": "Saved post_016.png (posinset=16)", "data": {"w": 0}, "seq": 17309}
{"ts": "2026-05-01T13:09:14.618998+00:00", "level": "INFO", "jobId": "50220db5-c7bd-4d96-b644-30c1dc3d1fe0", "keyword": "khai trương", "step": "cooldown", "message": "Cooldown 1.0s (after capture)", "data": {"w": 0}, "seq": 17310}
{"ts": "2026-05-01T13:09:15.649494+00:00", "level": "INFO", "jobId": "50220db5-c7bd-4d96-b644-30c1dc3d1fe0", "keyword": "khai trương", "step": "capture", "message": "Capturing posinset=17 (17/∞)…", "data": {"w": 0}, "seq": 17311}
{"ts": "2026-05-01T13:09:16.803171+00:00", "level": "INFO", "jobId": "50220db5-c7bd-4d96-b644-30c1dc3d1fe0", "keyword": "khai trương", "step": "capture", "message": "Saved post_017.png (posinset=17)", "data": {"w": 0}, "seq": 17312}
{"ts": "2026-05-01T13:09:16.803171+00:00", "level": "INFO", "jobId": "50220db5-c7bd-4d96-b644-30c1dc3d1fe0", "keyword": "khai trương", "step": "cooldown", "message": "Cooldown 1.0s (after capture)", "data": {"w": 0}, "seq": 17313}
{"ts": "2026-05-01T13:09:17.830511+00:00", "level": "INFO", "jobId": "50220db5-c7bd-4d96-b644-30c1dc3d1fe0", "keyword": "khai trương", "step": "capture", "message": "Capturing posinset=18 (18/∞)…", "data": {"w": 0}, "seq": 17314}
{"ts": "2026-05-01T13:09:19.032012+00:00", "level": "INFO", "jobId": "50220db5-c7bd-4d96-b644-30c1dc3d1fe0", "keyword": "khai trương", "step": "capture", "message": "Saved post_018.png (posinset=18)", "data": {"w": 0}, "seq": 17315}
{"ts": "2026-05-01T13:09:19.032012+00:00", "level": "INFO", "jobId": "50220db5-c7bd-4d96-b644-30c1dc3d1fe0", "keyword": "khai trương", "step": "cooldown", "message": "Cooldown 1.0s (after capture)", "data": {"w": 0}, "seq": 17316}
{"ts": "2026-05-01T13:09:20.074593+00:00", "level": "INFO", "jobId": "50220db5-c7bd-4d96-b644-30c1dc3d1fe0", "keyword": "khai trương", "step": "capture", "message": "Capturing posinset=19 (19/∞)…", "data": {"w": 0}, "seq": 17317}
{"ts": "2026-05-01T13:09:21.258399+00:00", "level": "INFO", "jobId": "50220db5-c7bd-4d96-b644-30c1dc3d1fe0", "keyword": "khai trương", "step": "capture", "message": "Saved post_019.png (posinset=19)", "data": {"w": 0}, "seq": 17318}
{"ts": "2026-05-01T13:09:21.259409+00:00", "level": "INFO", "jobId": "50220db5-c7bd-4d96-b644-30c1dc3d1fe0", "keyword": "khai trương", "step": "cooldown", "message": "Cooldown 1.0s (after capture)", "data": {"w": 0}, "seq": 17319}
{"ts": "2026-05-01T13:09:22.284897+00:00", "level": "INFO", "jobId": "50220db5-c7bd-4d96-b644-30c1dc3d1fe0", "keyword": "khai trương", "step": "capture", "message": "Capturing posinset=20 (20/∞)…", "data": {"w": 0}, "seq": 17320}
{"ts": "2026-05-01T13:09:23.345585+00:00", "level": "INFO", "jobId": "50220db5-c7bd-4d96-b644-30c1dc3d1fe0", "keyword": "khai trương", "step": "capture", "message": "Saved post_020.png (posinset=20)", "data": {"w": 0}, "seq": 17321}
{"ts": "2026-05-01T13:09:23.345585+00:00", "level": "INFO", "jobId": "50220db5-c7bd-4d96-b644-30c1dc3d1fe0", "keyword": "khai trương", "step": "cooldown", "message": "Cooldown 1.0s (after capture)", "data": {"w": 0}, "seq": 17322}
{"ts": "2026-05-01T13:09:24.454809+00:00", "level": "INFO", "jobId": "50220db5-c7bd-4d96-b644-30c1dc3d1fe0", "keyword": "khai trương", "step": "capture", "message": "Capturing posinset=21 (21/∞)…", "data": {"w": 0}, "seq": 17323}
{"ts": "2026-05-01T13:09:25.627508+00:00", "level": "INFO", "jobId": "50220db5-c7bd-4d96-b644-30c1dc3d1fe0", "keyword": "khai trương", "step": "capture", "message": "Saved post_021.png (posinset=21)", "data": {"w": 0}, "seq": 17324}
{"ts": "2026-05-01T13:09:25.628611+00:00", "level": "INFO", "jobId": "50220db5-c7bd-4d96-b644-30c1dc3d1fe0", "keyword": "khai trương", "step": "cooldown", "message": "Cooldown 1.0s (after capture)", "data": {"w": 0}, "seq": 17325}
{"ts": "2026-05-01T13:09:26.666586+00:00", "level": "INFO", "jobId": "50220db5-c7bd-4d96-b644-30c1dc3d1fe0", "keyword": "khai trương", "step": "heartbeat", "message": "Worker alive", "data": {"w": 0, "elapsed_s": 62}, "seq": 17326}
{"ts": "2026-05-01T13:09:26.666586+00:00", "level": "INFO", "jobId": "50220db5-c7bd-4d96-b644-30c1dc3d1fe0", "keyword": "khai trương", "step": "capture", "message": "Capturing posinset=22 (22/∞)…", "data": {"w": 0}, "seq": 17327}
{"ts": "2026-05-01T13:09:27.927002+00:00", "level": "INFO", "jobId": "50220db5-c7bd-4d96-b644-30c1dc3d1fe0", "keyword": "khai trương", "step": "capture", "message": "Saved post_022.png (posinset=22)", "data": {"w": 0}, "seq": 17328}
{"ts": "2026-05-01T13:09:27.927002+00:00", "level": "INFO", "jobId": "50220db5-c7bd-4d96-b644-30c1dc3d1fe0", "keyword": "khai trương", "step": "cooldown", "message": "Cooldown 1.0s (after capture)", "data": {"w": 0}, "seq": 17329}
{"ts": "2026-05-01T13:09:28.947046+00:00", "level": "INFO", "jobId": "50220db5-c7bd-4d96-b644-30c1dc3d1fe0", "keyword": "khai trương", "step": "capture", "message": "Capturing posinset=23 (23/∞)…", "data": {"w": 0}, "seq": 17330}
{"ts": "2026-05-01T13:09:30.067997+00:00", "level": "INFO", "jobId": "50220db5-c7bd-4d96-b644-30c1dc3d1fe0", "keyword": "khai trương", "step": "capture", "message": "Saved post_023.png (posinset=23)", "data": {"w": 0}, "seq": 17331}
{"ts": "2026-05-01T13:09:30.067997+00:00", "level": "INFO", "jobId": "50220db5-c7bd-4d96-b644-30c1dc3d1fe0", "keyword": "khai trương", "step": "cooldown", "message": "Cooldown 1.0s (after capture)", "data": {"w": 0}, "seq": 17332}
{"ts": "2026-05-01T13:09:31.094301+00:00", "level": "INFO", "jobId": "50220db5-c7bd-4d96-b644-30c1dc3d1fe0", "keyword": "khai trương", "step": "capture", "message": "Capturing posinset=24 (24/∞)…", "data": {"w": 0}, "seq": 17333}
{"ts": "2026-05-01T13:09:32.329615+00:00", "level": "INFO", "jobId": "50220db5-c7bd-4d96-b644-30c1dc3d1fe0", "keyword": "khai trương", "step": "capture", "message": "Saved post_024.png (posinset=24)", "data": {"w": 0}, "seq": 17334}
{"ts": "2026-05-01T13:09:32.329615+00:00", "level": "INFO", "jobId": "50220db5-c7bd-4d96-b644-30c1dc3d1fe0", "keyword": "khai trương", "step": "cooldown", "message": "Cooldown 1.0s (after capture)", "data": {"w": 0}, "seq": 17335}
{"ts": "2026-05-01T13:09:33.354654+00:00", "level": "INFO", "jobId": "50220db5-c7bd-4d96-b644-30c1dc3d1fe0", "keyword": "khai trương", "step": "capture", "message": "Capturing posinset=25 (25/∞)…", "data": {"w": 0}, "seq": 17336}
{"ts": "2026-05-01T13:09:34.419073+00:00", "level": "INFO", "jobId": "50220db5-c7bd-4d96-b644-30c1dc3d1fe0", "keyword": "khai trương", "step": "capture", "message": "Saved post_025.png (posinset=25)", "data": {"w": 0}, "seq": 17337}
{"ts": "2026-05-01T13:09:34.419929+00:00", "level": "INFO", "jobId": "50220db5-c7bd-4d96-b644-30c1dc3d1fe0", "keyword": "khai trương", "step": "cooldown", "message": "Cooldown 1.0s (after capture)", "data": {"w": 0}, "seq": 17338}
{"ts": "2026-05-01T13:09:35.523572+00:00", "level": "INFO", "jobId": "50220db5-c7bd-4d96-b644-30c1dc3d1fe0", "keyword": "khai trương", "step": "capture", "message": "Capturing posinset=26 (26/∞)…", "data": {"w": 0}, "seq": 17339}
{"ts": "2026-05-01T13:09:36.798319+00:00", "level": "INFO", "jobId": "50220db5-c7bd-4d96-b644-30c1dc3d1fe0", "keyword": "khai trương", "step": "capture", "message": "Saved post_026.png (posinset=26)", "data": {"w": 0}, "seq": 17340}
{"ts": "2026-05-01T13:09:36.800101+00:00", "level": "INFO", "jobId": "50220db5-c7bd-4d96-b644-30c1dc3d1fe0", "keyword": "khai trương", "step": "cooldown", "message": "Cooldown 1.0s (after capture)", "data": {"w": 0}, "seq": 17341}
{"ts": "2026-05-01T13:09:37.845570+00:00", "level": "INFO", "jobId": "50220db5-c7bd-4d96-b644-30c1dc3d1fe0", "keyword": "khai trương", "step": "capture", "message": "Capturing posinset=27 (27/∞)…", "data": {"w": 0}, "seq": 17342}
{"ts": "2026-05-01T13:09:38.952212+00:00", "level": "INFO", "jobId": "50220db5-c7bd-4d96-b644-30c1dc3d1fe0", "keyword": "khai trương", "step": "capture", "message": "Saved post_027.png (posinset=27)", "data": {"w": 0}, "seq": 17343}
{"ts": "2026-05-01T13:09:38.952212+00:00", "level": "INFO", "jobId": "50220db5-c7bd-4d96-b644-30c1dc3d1fe0", "keyword": "khai trương", "step": "cooldown", "message": "Cooldown 1.0s (after capture)", "data": {"w": 0}, "seq": 17344}
{"ts": "2026-05-01T13:09:39.999940+00:00", "level": "INFO", "jobId": "50220db5-c7bd-4d96-b644-30c1dc3d1fe0", "keyword": "khai trương", "step": "capture", "message": "Capturing posinset=28 (28/∞)…", "data": {"w": 0}, "seq": 17345}
{"ts": "2026-05-01T13:09:41.200534+00:00", "level": "INFO", "jobId": "50220db5-c7bd-4d96-b644-30c1dc3d1fe0", "keyword": "khai trương", "step": "capture", "message": "Saved post_028.png (posinset=28)", "data": {"w": 0}, "seq": 17346}
{"ts": "2026-05-01T13:09:41.200534+00:00", "level": "INFO", "jobId": "50220db5-c7bd-4d96-b644-30c1dc3d1fe0", "keyword": "khai trương", "step": "cooldown", "message": "Cooldown 1.0s (after capture)", "data": {"w": 0}, "seq": 17347}
{"ts": "2026-05-01T13:09:42.241226+00:00", "level": "INFO", "jobId": "50220db5-c7bd-4d96-b644-30c1dc3d1fe0", "keyword": "khai trương", "step": "heartbeat", "message": "Worker alive", "data": {"w": 0, "elapsed_s": 78}, "seq": 17348}
{"ts": "2026-05-01T13:09:42.241226+00:00", "level": "INFO", "jobId": "50220db5-c7bd-4d96-b644-30c1dc3d1fe0", "keyword": "khai trương", "step": "capture", "message": "Capturing posinset=29 (29/∞)…", "data": {"w": 0}, "seq": 17349}
{"ts": "2026-05-01T13:09:43.307202+00:00", "level": "INFO", "jobId": "50220db5-c7bd-4d96-b644-30c1dc3d1fe0", "keyword": "khai trương", "step": "capture", "message": "Saved post_029.png (posinset=29)", "data": {"w": 0}, "seq": 17350}
{"ts": "2026-05-01T13:09:43.307202+00:00", "level": "INFO", "jobId": "50220db5-c7bd-4d96-b644-30c1dc3d1fe0", "keyword": "khai trương", "step": "cooldown", "message": "Cooldown 1.0s (after capture)", "data": {"w": 0}, "seq": 17351}
{"ts": "2026-05-01T13:09:44.391712+00:00", "level": "INFO", "jobId": "50220db5-c7bd-4d96-b644-30c1dc3d1fe0", "keyword": "khai trương", "step": "capture", "message": "Capturing posinset=30 (30/∞)…", "data": {"w": 0}, "seq": 17352}
{"ts": "2026-05-01T13:09:45.671070+00:00", "level": "INFO", "jobId": "50220db5-c7bd-4d96-b644-30c1dc3d1fe0", "keyword": "khai trương", "step": "capture", "message": "Saved post_030.png (posinset=30)", "data": {"w": 0}, "seq": 17353}
{"ts": "2026-05-01T13:09:45.672085+00:00", "level": "INFO", "jobId": "50220db5-c7bd-4d96-b644-30c1dc3d1fe0", "keyword": "khai trương", "step": "cooldown", "message": "Cooldown 1.0s (after capture)", "data": {"w": 0}, "seq": 17354}
{"ts": "2026-05-01T13:09:46.884700+00:00", "level": "INFO", "jobId": "50220db5-c7bd-4d96-b644-30c1dc3d1fe0", "keyword": "khai trương", "step": "capture", "message": "Capturing posinset=31 (31/∞)…", "data": {"w": 0}, "seq": 17355}
{"ts": "2026-05-01T13:09:48.886750+00:00", "level": "INFO", "jobId": "50220db5-c7bd-4d96-b644-30c1dc3d1fe0", "keyword": "khai trương", "step": "capture", "message": "Capturing posinset=31 (31/∞)…", "data": {"w": 0}, "seq": 17356}
{"ts": "2026-05-01T13:09:49.992997+00:00", "level": "INFO", "jobId": "50220db5-c7bd-4d96-b644-30c1dc3d1fe0", "keyword": "khai trương", "step": "capture", "message": "Saved post_031.png (posinset=31)", "data": {"w": 0}, "seq": 17357}
{"ts": "2026-05-01T13:09:49.994169+00:00", "level": "INFO", "jobId": "50220db5-c7bd-4d96-b644-30c1dc3d1fe0", "keyword": "khai trương", "step": "cooldown", "message": "Cooldown 1.0s (after capture)", "data": {"w": 0}, "seq": 17358}
{"ts": "2026-05-01T13:09:51.043534+00:00", "level": "INFO", "jobId": "50220db5-c7bd-4d96-b644-30c1dc3d1fe0", "keyword": "khai trương", "step": "capture", "message": "Capturing posinset=32 (32/∞)…", "data": {"w": 0}, "seq": 17359}
{"ts": "2026-05-01T13:09:52.168486+00:00", "level": "INFO", "jobId": "50220db5-c7bd-4d96-b644-30c1dc3d1fe0", "keyword": "khai trương", "step": "capture", "message": "Saved post_032.png (posinset=32)", "data": {"w": 0}, "seq": 17360}
{"ts": "2026-05-01T13:09:52.168486+00:00", "level": "INFO", "jobId": "50220db5-c7bd-4d96-b644-30c1dc3d1fe0", "keyword": "khai trương", "step": "cooldown", "message": "Cooldown 1.0s (after capture)", "data": {"w": 0}, "seq": 17361}
{"ts": "2026-05-01T13:09:53.213092+00:00", "level": "INFO", "jobId": "50220db5-c7bd-4d96-b644-30c1dc3d1fe0", "keyword": "khai trương", "step": "capture", "message": "Capturing posinset=33 (33/∞)…", "data": {"w": 0}, "seq": 17362}
{"ts": "2026-05-01T13:09:54.414286+00:00", "level": "INFO", "jobId": "50220db5-c7bd-4d96-b644-30c1dc3d1fe0", "keyword": "khai trương", "step": "capture", "message": "Saved post_033.png (posinset=33)", "data": {"w": 0}, "seq": 17363}
{"ts": "2026-05-01T13:09:54.415732+00:00", "level": "INFO", "jobId": "50220db5-c7bd-4d96-b644-30c1dc3d1fe0", "keyword": "khai trương", "step": "cooldown", "message": "Cooldown 1.0s (after capture)", "data": {"w": 0}, "seq": 17364}
{"ts": "2026-05-01T13:09:55.472301+00:00", "level": "INFO", "jobId": "50220db5-c7bd-4d96-b644-30c1dc3d1fe0", "keyword": "khai trương", "step": "capture", "message": "Capturing posinset=34 (34/∞)…", "data": {"w": 0}, "seq": 17365}
{"ts": "2026-05-01T13:09:56.660871+00:00", "level": "INFO", "jobId": "50220db5-c7bd-4d96-b644-30c1dc3d1fe0", "keyword": "khai trương", "step": "capture", "message": "Saved post_034.png (posinset=34)", "data": {"w": 0}, "seq": 17366}
{"ts": "2026-05-01T13:09:56.660871+00:00", "level": "INFO", "jobId": "50220db5-c7bd-4d96-b644-30c1dc3d1fe0", "keyword": "khai trương", "step": "cooldown", "message": "Cooldown 1.0s (after capture)", "data": {"w": 0}, "seq": 17367}
{"ts": "2026-05-01T13:09:57.701736+00:00", "level": "INFO", "jobId": "50220db5-c7bd-4d96-b644-30c1dc3d1fe0", "keyword": "khai trương", "step": "heartbeat", "message": "Worker alive", "data": {"w": 0, "elapsed_s": 93}, "seq": 17368}
{"ts": "2026-05-01T13:09:57.704910+00:00", "level": "INFO", "jobId": "50220db5-c7bd-4d96-b644-30c1dc3d1fe0", "keyword": "khai trương", "step": "capture", "message": "Capturing posinset=35 (35/∞)…", "data": {"w": 0}, "seq": 17369}
{"ts": "2026-05-01T13:09:58.921136+00:00", "level": "INFO", "jobId": "50220db5-c7bd-4d96-b644-30c1dc3d1fe0", "keyword": "khai trương", "step": "capture", "message": "Saved post_035.png (posinset=35)", "data": {"w": 0}, "seq": 17370}
{"ts": "2026-05-01T13:09:58.922492+00:00", "level": "INFO", "jobId": "50220db5-c7bd-4d96-b644-30c1dc3d1fe0", "keyword": "khai trương", "step": "cooldown", "message": "Cooldown 1.0s (after capture)", "data": {"w": 0}, "seq": 17371}
{"ts": "2026-05-01T13:09:59.967844+00:00", "level": "INFO", "jobId": "50220db5-c7bd-4d96-b644-30c1dc3d1fe0", "keyword": "khai trương", "step": "capture", "message": "Capturing posinset=36 (36/∞)…", "data": {"w": 0}, "seq": 17372}
{"ts": "2026-05-01T13:10:01.231701+00:00", "level": "INFO", "jobId": "50220db5-c7bd-4d96-b644-30c1dc3d1fe0", "keyword": "khai trương", "step": "capture", "message": "Saved post_036.png (posinset=36)", "data": {"w": 0}, "seq": 17373}
{"ts": "2026-05-01T13:10:01.232702+00:00", "level": "INFO", "jobId": "50220db5-c7bd-4d96-b644-30c1dc3d1fe0", "keyword": "khai trương", "step": "cooldown", "message": "Cooldown 1.0s (after capture)", "data": {"w": 0}, "seq": 17374}
{"ts": "2026-05-01T13:10:02.254705+00:00", "level": "INFO", "jobId": "50220db5-c7bd-4d96-b644-30c1dc3d1fe0", "keyword": "khai trương", "step": "capture", "message": "Capturing posinset=37 (37/∞)…", "data": {"w": 0}, "seq": 17375}
{"ts": "2026-05-01T13:10:03.387405+00:00", "level": "INFO", "jobId": "50220db5-c7bd-4d96-b644-30c1dc3d1fe0", "keyword": "khai trương", "step": "capture", "message": "Saved post_037.png (posinset=37)", "data": {"w": 0}, "seq": 17376}
{"ts": "2026-05-01T13:10:03.387405+00:00", "level": "INFO", "jobId": "50220db5-c7bd-4d96-b644-30c1dc3d1fe0", "keyword": "khai trương", "step": "cooldown", "message": "Cooldown 1.0s (after capture)", "data": {"w": 0}, "seq": 17377}
{"ts": "2026-05-01T13:10:04.422405+00:00", "level": "INFO", "jobId": "50220db5-c7bd-4d96-b644-30c1dc3d1fe0", "keyword": "khai trương", "step": "capture", "message": "Capturing posinset=38 (38/∞)…", "data": {"w": 0}, "seq": 17378}
{"ts": "2026-05-01T13:10:05.515748+00:00", "level": "INFO", "jobId": "50220db5-c7bd-4d96-b644-30c1dc3d1fe0", "keyword": "khai trương", "step": "capture", "message": "Saved post_038.png (posinset=38)", "data": {"w": 0}, "seq": 17379}
{"ts": "2026-05-01T13:10:05.516906+00:00", "level": "INFO", "jobId": "50220db5-c7bd-4d96-b644-30c1dc3d1fe0", "keyword": "khai trương", "step": "cooldown", "message": "Cooldown 1.0s (after capture)", "data": {"w": 0}, "seq": 17380}
{"ts": "2026-05-01T13:10:06.557271+00:00", "level": "INFO", "jobId": "50220db5-c7bd-4d96-b644-30c1dc3d1fe0", "keyword": "khai trương", "step": "capture", "message": "Capturing posinset=39 (39/∞)…", "data": {"w": 0}, "seq": 17381}
{"ts": "2026-05-01T13:10:07.864088+00:00", "level": "INFO", "jobId": "50220db5-c7bd-4d96-b644-30c1dc3d1fe0", "keyword": "khai trương", "step": "capture", "message": "Saved post_039.png (posinset=39)", "data": {"w": 0}, "seq": 17382}
{"ts": "2026-05-01T13:10:07.864088+00:00", "level": "INFO", "jobId": "50220db5-c7bd-4d96-b644-30c1dc3d1fe0", "keyword": "khai trương", "step": "cooldown", "message": "Cooldown 1.0s (after capture)", "data": {"w": 0}, "seq": 17383}
{"ts": "2026-05-01T13:10:08.929554+00:00", "level": "INFO", "jobId": "50220db5-c7bd-4d96-b644-30c1dc3d1fe0", "keyword": "khai trương", "step": "capture", "message": "Capturing posinset=40 (40/∞)…", "data": {"w": 0}, "seq": 17384}
{"ts": "2026-05-01T13:10:10.188097+00:00", "level": "INFO", "jobId": "50220db5-c7bd-4d96-b644-30c1dc3d1fe0", "keyword": "khai trương", "step": "capture", "message": "Saved post_040.png (posinset=40)", "data": {"w": 0}, "seq": 17385}
{"ts": "2026-05-01T13:10:10.189194+00:00", "level": "INFO", "jobId": "50220db5-c7bd-4d96-b644-30c1dc3d1fe0", "keyword": "khai trương", "step": "cooldown", "message": "Cooldown 1.0s (after capture)", "data": {"w": 0}, "seq": 17386}
{"ts": "2026-05-01T13:10:11.234819+00:00", "level": "INFO", "jobId": "50220db5-c7bd-4d96-b644-30c1dc3d1fe0", "keyword": "khai trương", "step": "capture", "message": "Capturing posinset=41 (41/∞)…", "data": {"w": 0}, "seq": 17387}
{"ts": "2026-05-01T13:10:12.599583+00:00", "level": "INFO", "jobId": "50220db5-c7bd-4d96-b644-30c1dc3d1fe0", "keyword": "khai trương", "step": "capture", "message": "Capturing posinset=41 (41/∞)…", "data": {"w": 0}, "seq": 17388}
{"ts": "2026-05-01T13:10:13.821419+00:00", "level": "INFO", "jobId": "50220db5-c7bd-4d96-b644-30c1dc3d1fe0", "keyword": "khai trương", "step": "capture", "message": "Saved post_041.png (posinset=41)", "data": {"w": 0}, "seq": 17389}
{"ts": "2026-05-01T13:10:13.821419+00:00", "level": "INFO", "jobId": "50220db5-c7bd-4d96-b644-30c1dc3d1fe0", "keyword": "khai trương", "step": "cooldown", "message": "Cooldown 1.0s (after capture)", "data": {"w": 0}, "seq": 17390}
{"ts": "2026-05-01T13:10:14.856063+00:00", "level": "INFO", "jobId": "50220db5-c7bd-4d96-b644-30c1dc3d1fe0", "keyword": "khai trương", "step": "heartbeat", "message": "Worker alive", "data": {"w": 0, "elapsed_s": 110}, "seq": 17391}
{"ts": "2026-05-01T13:10:14.856063+00:00", "level": "INFO", "jobId": "50220db5-c7bd-4d96-b644-30c1dc3d1fe0", "keyword": "khai trương", "step": "capture", "message": "Capturing posinset=42 (42/∞)…", "data": {"w": 0}, "seq": 17392}
{"ts": "2026-05-01T13:10:16.022303+00:00", "level": "INFO", "jobId": "50220db5-c7bd-4d96-b644-30c1dc3d1fe0", "keyword": "khai trương", "step": "capture", "message": "Saved post_042.png (posinset=42)", "data": {"w": 0}, "seq": 17393}
{"ts": "2026-05-01T13:10:16.022303+00:00", "level": "INFO", "jobId": "50220db5-c7bd-4d96-b644-30c1dc3d1fe0", "keyword": "khai trương", "step": "cooldown", "message": "Cooldown 1.0s (after capture)", "data": {"w": 0}, "seq": 17394}
{"ts": "2026-05-01T13:10:17.056924+00:00", "level": "INFO", "jobId": "50220db5-c7bd-4d96-b644-30c1dc3d1fe0", "keyword": "khai trương", "step": "capture", "message": "Capturing posinset=43 (43/∞)…", "data": {"w": 0}, "seq": 17395}
{"ts": "2026-05-01T13:10:18.354995+00:00", "level": "INFO", "jobId": "50220db5-c7bd-4d96-b644-30c1dc3d1fe0", "keyword": "khai trương", "step": "capture", "message": "Saved post_043.png (posinset=43)", "data": {"w": 0}, "seq": 17396}
{"ts": "2026-05-01T13:10:18.356067+00:00", "level": "INFO", "jobId": "50220db5-c7bd-4d96-b644-30c1dc3d1fe0", "keyword": "khai trương", "step": "cooldown", "message": "Cooldown 1.0s (after capture)", "data": {"w": 0}, "seq": 17397}
{"ts": "2026-05-01T13:10:19.404368+00:00", "level": "INFO", "jobId": "50220db5-c7bd-4d96-b644-30c1dc3d1fe0", "keyword": "khai trương", "step": "capture", "message": "Capturing posinset=44 (44/∞)…", "data": {"w": 0}, "seq": 17398}
{"ts": "2026-05-01T13:10:20.615967+00:00", "level": "INFO", "jobId": "50220db5-c7bd-4d96-b644-30c1dc3d1fe0", "keyword": "khai trương", "step": "capture", "message": "Saved post_044.png (posinset=44)", "data": {"w": 0}, "seq": 17399}
{"ts": "2026-05-01T13:10:20.615967+00:00", "level": "INFO", "jobId": "50220db5-c7bd-4d96-b644-30c1dc3d1fe0", "keyword": "khai trương", "step": "cooldown", "message": "Cooldown 1.0s (after capture)", "data": {"w": 0}, "seq": 17400}
{"ts": "2026-05-01T13:10:21.669486+00:00", "level": "INFO", "jobId": "50220db5-c7bd-4d96-b644-30c1dc3d1fe0", "keyword": "khai trương", "step": "capture", "message": "Capturing posinset=45 (45/∞)…", "data": {"w": 0}, "seq": 17401}
{"ts": "2026-05-01T13:10:22.942058+00:00", "level": "INFO", "jobId": "50220db5-c7bd-4d96-b644-30c1dc3d1fe0", "keyword": "khai trương", "step": "capture", "message": "Saved post_045.png (posinset=45)", "data": {"w": 0}, "seq": 17402}
{"ts": "2026-05-01T13:10:22.943358+00:00", "level": "INFO", "jobId": "50220db5-c7bd-4d96-b644-30c1dc3d1fe0", "keyword": "khai trương", "step": "cooldown", "message": "Cooldown 1.0s (after capture)", "data": {"w": 0}, "seq": 17403}
{"ts": "2026-05-01T13:10:23.957531+00:00", "level": "INFO", "jobId": "50220db5-c7bd-4d96-b644-30c1dc3d1fe0", "keyword": "khai trương", "step": "capture", "message": "Capturing posinset=46 (46/∞)…", "data": {"w": 0}, "seq": 17404}
{"ts": "2026-05-01T13:10:25.589948+00:00", "level": "INFO", "jobId": "50220db5-c7bd-4d96-b644-30c1dc3d1fe0", "keyword": "khai trương", "step": "capture", "message": "Capturing posinset=46 (46/∞)…", "data": {"w": 0}, "seq": 17405}
{"ts": "2026-05-01T13:10:26.777180+00:00", "level": "INFO", "jobId": "50220db5-c7bd-4d96-b644-30c1dc3d1fe0", "keyword": "khai trương", "step": "capture", "message": "Saved post_046.png (posinset=46)", "data": {"w": 0}, "seq": 17406}
{"ts": "2026-05-01T13:10:26.777180+00:00", "level": "INFO", "jobId": "50220db5-c7bd-4d96-b644-30c1dc3d1fe0", "keyword": "khai trương", "step": "cooldown", "message": "Cooldown 1.0s (after capture)", "data": {"w": 0}, "seq": 17407}
{"ts": "2026-05-01T13:10:27.830157+00:00", "level": "ERROR", "jobId": "50220db5-c7bd-4d96-b644-30c1dc3d1fe0", "keyword": "khai trương", "step": "antiblock", "message": "Captcha/Verify text detected in page", "data": {"w": 0}, "seq": 17408}
