{"ts": "2026-05-01T15:40:56.064606+00:00", "level": "INFO", "jobId": "50c825fa-559a-482f-a0ad-5959089abff0", "keyword": "khai trương hcm", "step": "created", "message": "Job created", "data": {"maxPosts": "unlimited"}, "seq": 24480}
{"ts": "2026-05-01T15:40:56.718753+00:00", "level": "INFO", "jobId": "50c825fa-559a-482f-a0ad-5959089abff0", "keyword": "khai trương hcm", "step": "start", "message": "Job started (attempt 1/1)", "data": {"w": 1}, "seq": 24487}
{"ts": "2026-05-01T15:41:15.728879+00:00", "level": "INFO", "jobId": "50c825fa-559a-482f-a0ad-5959089abff0", "keyword": "khai trương hcm", "step": "login", "message": "Already logged in (home).", "data": {"w": 1}, "seq": 24491}
{"ts": "2026-05-01T15:41:15.739574+00:00", "level": "INFO", "jobId": "50c825fa-559a-482f-a0ad-5959089abff0", "keyword": "khai trương hcm", "step": "search", "message": "Searching keyword: \"khai trương hcm\"", "data": {"w": 1}, "seq": 24492}
{"ts": "2026-05-01T15:41:24.779387+00:00", "level": "INFO", "jobId": "50c825fa-559a-482f-a0ad-5959089abff0", "keyword": "khai trương hcm", "step": "capture", "message": "Start capturing all posts until end of results.", "data": {"w": 1}, "seq": 24497}
{"ts": "2026-05-01T15:41:24.784123+00:00", "level": "INFO", "jobId": "50c825fa-559a-482f-a0ad-5959089abff0", "keyword": "khai trương hcm", "step": "capture", "message": "Output folder: Lan 1 - 2241", "data": {"w": 1}, "seq": 24498}
{"ts": "2026-05-01T15:41:39.769405+00:00", "level": "INFO", "jobId": "50c825fa-559a-482f-a0ad-5959089abff0", "keyword": "khai trương hcm", "step": "capture", "message": "Capturing posinset=1 (1/∞)…", "data": {"w": 1}, "seq": 24501}
{"ts": "2026-05-01T15:41:43.575451+00:00", "level": "INFO", "jobId": "50c825fa-559a-482f-a0ad-5959089abff0", "keyword": "khai trương hcm", "step": "capture", "message": "Saved post_001.png (posinset=1)", "data": {"w": 1}, "seq": 24504}
{"ts": "2026-05-01T15:41:43.578960+00:00", "level": "INFO", "jobId": "50c825fa-559a-482f-a0ad-5959089abff0", "keyword": "khai trương hcm", "step": "cooldown", "message": "Cooldown 1.0s (after capture)", "data": {"w": 1}, "seq": 24505}
{"ts": "2026-05-01T15:41:44.625537+00:00", "level": "INFO", "jobId": "50c825fa-559a-482f-a0ad-5959089abff0", "keyword": "khai trương hcm", "step": "capture", "message": "Capturing posinset=2 (2/∞)…", "data": {"w": 1}, "seq": 24508}
{"ts": "2026-05-01T15:41:46.111124+00:00", "level": "INFO", "jobId": "50c825fa-559a-482f-a0ad-5959089abff0", "keyword": "khai trương hcm", "step": "capture", "message": "Saved post_002.png (posinset=2)", "data": {"w": 1}, "seq": 24513}
{"ts": "2026-05-01T15:41:46.111124+00:00", "level": "INFO", "jobId": "50c825fa-559a-482f-a0ad-5959089abff0", "keyword": "khai trương hcm", "step": "cooldown", "message": "Cooldown 1.0s (after capture)", "data": {"w": 1}, "seq": 24514}
{"ts": "2026-05-01T15:41:47.138355+00:00", "level": "INFO", "jobId": "50c825fa-559a-482f-a0ad-5959089abff0", "keyword": "khai trương hcm", "step": "capture", "message": "Capturing posinset=3 (3/∞)…", "data": {"w": 1}, "seq": 24517}
{"ts": "2026-05-01T15:41:48.298234+00:00", "level": "INFO", "jobId": "50c825fa-559a-482f-a0ad-5959089abff0", "keyword": "khai trương hcm", "step": "capture", "message": "Saved post_003.png (posinset=3)", "data": {"w": 1}, "seq": 24521}
{"ts": "2026-05-01T15:41:48.299514+00:00", "level": "INFO", "jobId": "50c825fa-559a-482f-a0ad-5959089abff0", "keyword": "khai trương hcm", "step": "cooldown", "message": "Cooldown 1.0s (after capture)", "data": {"w": 1}, "seq": 24522}
{"ts": "2026-05-01T15:41:49.311324+00:00", "level": "INFO", "jobId": "50c825fa-559a-482f-a0ad-5959089abff0", "keyword": "khai trương hcm", "step": "capture", "message": "Capturing posinset=4 (4/∞)…", "data": {"w": 1}, "seq": 24526}
{"ts": "2026-05-01T15:41:50.350927+00:00", "level": "INFO", "jobId": "50c825fa-559a-482f-a0ad-5959089abff0", "keyword": "khai trương hcm", "step": "capture", "message": "Saved post_004.png (posinset=4)", "data": {"w": 1}, "seq": 24530}
{"ts": "2026-05-01T15:41:50.350927+00:00", "level": "INFO", "jobId": "50c825fa-559a-482f-a0ad-5959089abff0", "keyword": "khai trương hcm", "step": "cooldown", "message": "Cooldown 1.0s (after capture)", "data": {"w": 1}, "seq": 24531}
{"ts": "2026-05-01T15:41:51.359931+00:00", "level": "INFO", "jobId": "50c825fa-559a-482f-a0ad-5959089abff0", "keyword": "khai trương hcm", "step": "capture", "message": "Capturing posinset=5 (5/∞)…", "data": {"w": 1}, "seq": 24535}
{"ts": "2026-05-01T15:41:52.488612+00:00", "level": "INFO", "jobId": "50c825fa-559a-482f-a0ad-5959089abff0", "keyword": "khai trương hcm", "step": "capture", "message": "Saved post_005.png (posinset=5)", "data": {"w": 1}, "seq": 24539}
{"ts": "2026-05-01T15:41:52.489945+00:00", "level": "INFO", "jobId": "50c825fa-559a-482f-a0ad-5959089abff0", "keyword": "khai trương hcm", "step": "cooldown", "message": "Cooldown 1.0s (after capture)", "data": {"w": 1}, "seq": 24540}
{"ts": "2026-05-01T15:41:53.510924+00:00", "level": "INFO", "jobId": "50c825fa-559a-482f-a0ad-5959089abff0", "keyword": "khai trương hcm", "step": "capture", "message": "Capturing posinset=6 (6/∞)…", "data": {"w": 1}, "seq": 24544}
{"ts": "2026-05-01T15:41:54.450713+00:00", "level": "INFO", "jobId": "50c825fa-559a-482f-a0ad-5959089abff0", "keyword": "khai trương hcm", "step": "capture", "message": "Saved post_006.png (posinset=6)", "data": {"w": 1}, "seq": 24548}
{"ts": "2026-05-01T15:41:54.450713+00:00", "level": "INFO", "jobId": "50c825fa-559a-482f-a0ad-5959089abff0", "keyword": "khai trương hcm", "step": "cooldown", "message": "Cooldown 1.0s (after capture)", "data": {"w": 1}, "seq": 24549}
{"ts": "2026-05-01T15:41:55.478586+00:00", "level": "INFO", "jobId": "50c825fa-559a-482f-a0ad-5959089abff0", "keyword": "khai trương hcm", "step": "heartbeat", "message": "Worker alive", "data": {"w": 1, "elapsed_s": 58}, "seq": 24553}
{"ts": "2026-05-01T15:41:55.478586+00:00", "level": "INFO", "jobId": "50c825fa-559a-482f-a0ad-5959089abff0", "keyword": "khai trương hcm", "step": "capture", "message": "Capturing posinset=7 (7/∞)…", "data": {"w": 1}, "seq": 24554}
{"ts": "2026-05-01T15:41:56.462432+00:00", "level": "INFO", "jobId": "50c825fa-559a-482f-a0ad-5959089abff0", "keyword": "khai trương hcm", "step": "capture", "message": "Saved post_007.png (posinset=7)", "data": {"w": 1}, "seq": 24559}
{"ts": "2026-05-01T15:41:56.462432+00:00", "level": "INFO", "jobId": "50c825fa-559a-482f-a0ad-5959089abff0", "keyword": "khai trương hcm", "step": "cooldown", "message": "Cooldown 1.0s (after capture)", "data": {"w": 1}, "seq": 24560}
{"ts": "2026-05-01T15:41:57.475741+00:00", "level": "INFO", "jobId": "50c825fa-559a-482f-a0ad-5959089abff0", "keyword": "khai trương hcm", "step": "capture", "message": "Capturing posinset=8 (8/∞)…", "data": {"w": 1}, "seq": 24564}
{"ts": "2026-05-01T15:41:58.275987+00:00", "level": "WARN", "jobId": "50c825fa-559a-482f-a0ad-5959089abff0", "keyword": "khai trương hcm", "step": "capture", "message": "Expand \"Xem thêm\" failed; will still screenshot. posinset=8 see_more_candidates=1 err=See-more still present in post after expansion attempts (left=1).", "data": {"w": 1}, "seq": 24566}
{"ts": "2026-05-01T15:41:58.544961+00:00", "level": "WARN", "jobId": "50c825fa-559a-482f-a0ad-5959089abff0", "keyword": "khai trương hcm", "step": "capture", "message": "Expand \"Xem thêm\" still failing; will screenshot anyway. posinset=8 err=See-more still present in post after expansion attempts (left=1).", "data": {"w": 1}, "seq": 24569}
{"ts": "2026-05-01T15:41:58.701047+00:00", "level": "INFO", "jobId": "50c825fa-559a-482f-a0ad-5959089abff0", "keyword": "khai trương hcm", "step": "capture", "message": "Saved post_008.png (posinset=8)", "data": {"w": 1}, "seq": 24570}
{"ts": "2026-05-01T15:41:58.701047+00:00", "level": "INFO", "jobId": "50c825fa-559a-482f-a0ad-5959089abff0", "keyword": "khai trương hcm", "step": "cooldown", "message": "Cooldown 1.0s (after capture)", "data": {"w": 1}, "seq": 24571}
{"ts": "2026-05-01T15:41:59.715392+00:00", "level": "INFO", "jobId": "50c825fa-559a-482f-a0ad-5959089abff0", "keyword": "khai trương hcm", "step": "capture", "message": "Capturing posinset=9 (9/∞)…", "data": {"w": 1}, "seq": 24576}
{"ts": "2026-05-01T15:42:01.516474+00:00", "level": "INFO", "jobId": "50c825fa-559a-482f-a0ad-5959089abff0", "keyword": "khai trương hcm", "step": "capture", "message": "Saved post_009.png (posinset=9)", "data": {"w": 1}, "seq": 24578}
{"ts": "2026-05-01T15:42:01.517485+00:00", "level": "INFO", "jobId": "50c825fa-559a-482f-a0ad-5959089abff0", "keyword": "khai trương hcm", "step": "cooldown", "message": "Cooldown 1.0s (after capture)", "data": {"w": 1}, "seq": 24579}
{"ts": "2026-05-01T15:42:02.588556+00:00", "level": "INFO", "jobId": "50c825fa-559a-482f-a0ad-5959089abff0", "keyword": "khai trương hcm", "step": "capture", "message": "Capturing posinset=10 (10/∞)…", "data": {"w": 1}, "seq": 24582}
{"ts": "2026-05-01T15:42:04.071650+00:00", "level": "ERROR", "jobId": "50c825fa-559a-482f-a0ad-5959089abff0", "keyword": "khai trương hcm", "step": "error", "message": "Browser/page closed unexpectedly. Stop job. (Locator.screenshot: Target page, context or browser has been closed\nCall log:\n  - taking element screenshot\n  -   - waiting for fonts to load...\n  -   - fonts loaded\n  -   - attempting scroll into view action\n  -     - waiting for element to be stable\n)", "data": {"w": 1}, "seq": 24586}
