{"ts": "2026-05-01T04:39:23.197751+00:00", "level": "INFO", "jobId": "5150a2de-57e3-4281-a749-052eb879619f", "keyword": "khai trương giảm sốc", "step": "created", "message": "Job created", "data": {"maxPosts": 130}, "seq": 12829}
{"ts": "2026-05-01T04:41:03.783922+00:00", "level": "INFO", "jobId": "5150a2de-57e3-4281-a749-052eb879619f", "keyword": "khai trương giảm sốc", "step": "start", "message": "Job started (attempt 1/2)", "data": null, "seq": 12909}
{"ts": "2026-05-01T04:41:04.931112+00:00", "level": "INFO", "jobId": "5150a2de-57e3-4281-a749-052eb879619f", "keyword": "khai trương giảm sốc", "step": "login", "message": "Logging in...", "data": null, "seq": 12910}
{"ts": "2026-05-01T04:41:31.302536+00:00", "level": "INFO", "jobId": "5150a2de-57e3-4281-a749-052eb879619f", "keyword": "khai trương giảm sốc", "step": "login", "message": "Login OK.", "data": null, "seq": 12922}
{"ts": "2026-05-01T04:41:31.866042+00:00", "level": "INFO", "jobId": "5150a2de-57e3-4281-a749-052eb879619f", "keyword": "khai trương giảm sốc", "step": "search", "message": "Searching keyword: \"khai trương giảm sốc\"", "data": null, "seq": 12923}
{"ts": "2026-05-01T04:41:43.614557+00:00", "level": "INFO", "jobId": "5150a2de-57e3-4281-a749-052eb879619f", "keyword": "khai trương giảm sốc", "step": "capture", "message": "Start capturing up to 130 posts.", "data": null, "seq": 12927}
{"ts": "2026-05-01T04:41:43.617548+00:00", "level": "INFO", "jobId": "5150a2de-57e3-4281-a749-052eb879619f", "keyword": "khai trương giảm sốc", "step": "capture", "message": "Output folder: Lan 1 - 1141", "data": null, "seq": 12928}
{"ts": "2026-05-01T04:41:48.922599+00:00", "level": "INFO", "jobId": "5150a2de-57e3-4281-a749-052eb879619f", "keyword": "khai trương giảm sốc", "step": "capture", "message": "Capturing 1/130 (viewport)…", "data": null, "seq": 12931}
{"ts": "2026-05-01T04:41:50.433784+00:00", "level": "INFO", "jobId": "5150a2de-57e3-4281-a749-052eb879619f", "keyword": "khai trương giảm sốc", "step": "capture", "message": "Expanded \"Xem thêm\" (exact-class): +3 (total 3)", "data": null, "seq": 12932}
{"ts": "2026-05-01T04:42:04.062103+00:00", "level": "INFO", "jobId": "5150a2de-57e3-4281-a749-052eb879619f", "keyword": "khai trương giảm sốc", "step": "capture", "message": "Saved post_001.png", "data": null, "seq": 12941}
{"ts": "2026-05-01T04:42:04.065094+00:00", "level": "INFO", "jobId": "5150a2de-57e3-4281-a749-052eb879619f", "keyword": "khai trương giảm sốc", "step": "cooldown", "message": "Cooldown 2.4s (after capture)", "data": null, "seq": 12942}
{"ts": "2026-05-01T04:42:07.082517+00:00", "level": "INFO", "jobId": "5150a2de-57e3-4281-a749-052eb879619f", "keyword": "khai trương giảm sốc", "step": "capture", "message": "Capturing 2/130 (viewport)…", "data": null, "seq": 12943}
{"ts": "2026-05-01T04:42:19.567785+00:00", "level": "INFO", "jobId": "5150a2de-57e3-4281-a749-052eb879619f", "keyword": "khai trương giảm sốc", "step": "capture", "message": "Saved post_002.png", "data": null, "seq": 12952}
{"ts": "2026-05-01T04:42:19.568941+00:00", "level": "INFO", "jobId": "5150a2de-57e3-4281-a749-052eb879619f", "keyword": "khai trương giảm sốc", "step": "cooldown", "message": "Cooldown 1.9s (after capture)", "data": null, "seq": 12953}
{"ts": "2026-05-01T04:42:25.132779+00:00", "level": "INFO", "jobId": "5150a2de-57e3-4281-a749-052eb879619f", "keyword": "khai trương giảm sốc", "step": "capture", "message": "Capturing 3/130 (viewport)…", "data": null, "seq": 12954}
{"ts": "2026-05-01T04:42:26.068647+00:00", "level": "INFO", "jobId": "5150a2de-57e3-4281-a749-052eb879619f", "keyword": "khai trương giảm sốc", "step": "capture", "message": "Expanded \"Xem thêm\" (exact-class): +2 (total 2)", "data": null, "seq": 12955}
{"ts": "2026-05-01T04:42:39.238375+00:00", "level": "INFO", "jobId": "5150a2de-57e3-4281-a749-052eb879619f", "keyword": "khai trương giảm sốc", "step": "capture", "message": "Saved post_003.png", "data": null, "seq": 12963}
{"ts": "2026-05-01T04:42:39.239486+00:00", "level": "INFO", "jobId": "5150a2de-57e3-4281-a749-052eb879619f", "keyword": "khai trương giảm sốc", "step": "cooldown", "message": "Cooldown 2.7s (after capture)", "data": null, "seq": 12964}
{"ts": "2026-05-01T04:42:42.565023+00:00", "level": "INFO", "jobId": "5150a2de-57e3-4281-a749-052eb879619f", "keyword": "khai trương giảm sốc", "step": "capture", "message": "Capturing 4/130 (viewport)…", "data": null, "seq": 12965}
{"ts": "2026-05-01T04:42:42.822855+00:00", "level": "INFO", "jobId": "5150a2de-57e3-4281-a749-052eb879619f", "keyword": "khai trương giảm sốc", "step": "capture", "message": "Expanded \"Xem thêm\" (exact-class): +1 (total 1)", "data": null, "seq": 12966}
{"ts": "2026-05-01T04:42:55.741547+00:00", "level": "INFO", "jobId": "5150a2de-57e3-4281-a749-052eb879619f", "keyword": "khai trương giảm sốc", "step": "capture", "message": "Saved post_004.png", "data": null, "seq": 12974}
{"ts": "2026-05-01T04:42:55.742544+00:00", "level": "INFO", "jobId": "5150a2de-57e3-4281-a749-052eb879619f", "keyword": "khai trương giảm sốc", "step": "cooldown", "message": "Cooldown 2.6s (after capture)", "data": null, "seq": 12975}
{"ts": "2026-05-01T04:42:58.966265+00:00", "level": "INFO", "jobId": "5150a2de-57e3-4281-a749-052eb879619f", "keyword": "khai trương giảm sốc", "step": "capture", "message": "Capturing 5/130 (viewport)…", "data": null, "seq": 12976}
{"ts": "2026-05-01T04:43:11.889673+00:00", "level": "INFO", "jobId": "5150a2de-57e3-4281-a749-052eb879619f", "keyword": "khai trương giảm sốc", "step": "capture", "message": "Saved post_005.png", "data": null, "seq": 12984}
{"ts": "2026-05-01T04:43:11.889673+00:00", "level": "INFO", "jobId": "5150a2de-57e3-4281-a749-052eb879619f", "keyword": "khai trương giảm sốc", "step": "cooldown", "message": "Cooldown 1.8s (after capture)", "data": null, "seq": 12985}
{"ts": "2026-05-01T04:43:14.249949+00:00", "level": "INFO", "jobId": "5150a2de-57e3-4281-a749-052eb879619f", "keyword": "khai trương giảm sốc", "step": "capture", "message": "Capturing 6/130 (viewport)…", "data": null, "seq": 12986}
{"ts": "2026-05-01T04:43:14.416634+00:00", "level": "INFO", "jobId": "5150a2de-57e3-4281-a749-052eb879619f", "keyword": "khai trương giảm sốc", "step": "capture", "message": "Expanded \"Xem thêm\" (exact-class): +2 (total 2)", "data": null, "seq": 12987}
{"ts": "2026-05-01T04:43:27.506272+00:00", "level": "INFO", "jobId": "5150a2de-57e3-4281-a749-052eb879619f", "keyword": "khai trương giảm sốc", "step": "capture", "message": "Saved post_006.png", "data": null, "seq": 12996}
{"ts": "2026-05-01T04:43:27.509348+00:00", "level": "INFO", "jobId": "5150a2de-57e3-4281-a749-052eb879619f", "keyword": "khai trương giảm sốc", "step": "cooldown", "message": "Cooldown 1.7s (after capture)", "data": null, "seq": 12997}
{"ts": "2026-05-01T04:43:29.839524+00:00", "level": "INFO", "jobId": "5150a2de-57e3-4281-a749-052eb879619f", "keyword": "khai trương giảm sốc", "step": "capture", "message": "Capturing 7/130 (viewport)…", "data": null, "seq": 12998}
{"ts": "2026-05-01T04:43:30.130903+00:00", "level": "INFO", "jobId": "5150a2de-57e3-4281-a749-052eb879619f", "keyword": "khai trương giảm sốc", "step": "capture", "message": "Expanded \"Xem thêm\" (exact-class): +1 (total 1)", "data": null, "seq": 12999}
{"ts": "2026-05-01T04:43:42.879810+00:00", "level": "INFO", "jobId": "5150a2de-57e3-4281-a749-052eb879619f", "keyword": "khai trương giảm sốc", "step": "capture", "message": "Saved post_007.png", "data": null, "seq": 13007}
{"ts": "2026-05-01T04:43:42.880810+00:00", "level": "INFO", "jobId": "5150a2de-57e3-4281-a749-052eb879619f", "keyword": "khai trương giảm sốc", "step": "cooldown", "message": "Cooldown 1.5s (after capture)", "data": null, "seq": 13008}
{"ts": "2026-05-01T04:43:45.024543+00:00", "level": "INFO", "jobId": "5150a2de-57e3-4281-a749-052eb879619f", "keyword": "khai trương giảm sốc", "step": "capture", "message": "Capturing 8/130 (viewport)…", "data": null, "seq": 13009}
{"ts": "2026-05-01T04:43:57.651929+00:00", "level": "INFO", "jobId": "5150a2de-57e3-4281-a749-052eb879619f", "keyword": "khai trương giảm sốc", "step": "capture", "message": "Saved post_008.png", "data": null, "seq": 13017}
{"ts": "2026-05-01T04:43:57.652930+00:00", "level": "INFO", "jobId": "5150a2de-57e3-4281-a749-052eb879619f", "keyword": "khai trương giảm sốc", "step": "cooldown", "message": "Cooldown 1.5s (after capture)", "data": null, "seq": 13018}
{"ts": "2026-05-01T04:43:59.757634+00:00", "level": "INFO", "jobId": "5150a2de-57e3-4281-a749-052eb879619f", "keyword": "khai trương giảm sốc", "step": "capture", "message": "Capturing 9/130 (viewport)…", "data": null, "seq": 13019}
{"ts": "2026-05-01T04:43:59.908514+00:00", "level": "INFO", "jobId": "5150a2de-57e3-4281-a749-052eb879619f", "keyword": "khai trương giảm sốc", "step": "capture", "message": "Expanded \"Xem thêm\" (exact-class): +1 (total 1)", "data": null, "seq": 13020}
{"ts": "2026-05-01T04:44:12.827117+00:00", "level": "INFO", "jobId": "5150a2de-57e3-4281-a749-052eb879619f", "keyword": "khai trương giảm sốc", "step": "capture", "message": "Saved post_009.png", "data": null, "seq": 13027}
{"ts": "2026-05-01T04:44:12.828175+00:00", "level": "INFO", "jobId": "5150a2de-57e3-4281-a749-052eb879619f", "keyword": "khai trương giảm sốc", "step": "cooldown", "message": "Cooldown 2.7s (after capture)", "data": null, "seq": 13028}
{"ts": "2026-05-01T04:44:16.138543+00:00", "level": "INFO", "jobId": "5150a2de-57e3-4281-a749-052eb879619f", "keyword": "khai trương giảm sốc", "step": "capture", "message": "Capturing 10/130 (viewport)…", "data": null, "seq": 13029}
{"ts": "2026-05-01T04:44:16.356395+00:00", "level": "INFO", "jobId": "5150a2de-57e3-4281-a749-052eb879619f", "keyword": "khai trương giảm sốc", "step": "capture", "message": "Expanded \"Xem thêm\" (exact-class): +2 (total 2)", "data": null, "seq": 13030}
{"ts": "2026-05-01T04:44:29.453138+00:00", "level": "INFO", "jobId": "5150a2de-57e3-4281-a749-052eb879619f", "keyword": "khai trương giảm sốc", "step": "capture", "message": "Saved post_010.png", "data": null, "seq": 13038}
{"ts": "2026-05-01T04:44:29.453138+00:00", "level": "INFO", "jobId": "5150a2de-57e3-4281-a749-052eb879619f", "keyword": "khai trương giảm sốc", "step": "cooldown", "message": "Cooldown 1.9s (after capture)", "data": null, "seq": 13039}
{"ts": "2026-05-01T04:44:31.938880+00:00", "level": "INFO", "jobId": "5150a2de-57e3-4281-a749-052eb879619f", "keyword": "khai trương giảm sốc", "step": "capture", "message": "Capturing 11/130 (viewport)…", "data": null, "seq": 13040}
{"ts": "2026-05-01T04:44:44.745908+00:00", "level": "INFO", "jobId": "5150a2de-57e3-4281-a749-052eb879619f", "keyword": "khai trương giảm sốc", "step": "capture", "message": "Saved post_011.png", "data": null, "seq": 13048}
{"ts": "2026-05-01T04:44:44.747017+00:00", "level": "INFO", "jobId": "5150a2de-57e3-4281-a749-052eb879619f", "keyword": "khai trương giảm sốc", "step": "cooldown", "message": "Cooldown 2.3s (after capture)", "data": null, "seq": 13049}
{"ts": "2026-05-01T04:44:47.660187+00:00", "level": "INFO", "jobId": "5150a2de-57e3-4281-a749-052eb879619f", "keyword": "khai trương giảm sốc", "step": "capture", "message": "Capturing 12/130 (viewport)…", "data": null, "seq": 13050}
{"ts": "2026-05-01T04:44:47.910504+00:00", "level": "INFO", "jobId": "5150a2de-57e3-4281-a749-052eb879619f", "keyword": "khai trương giảm sốc", "step": "capture", "message": "Expanded \"Xem thêm\" (exact-class): +1 (total 1)", "data": null, "seq": 13051}
{"ts": "2026-05-01T04:45:01.215704+00:00", "level": "INFO", "jobId": "5150a2de-57e3-4281-a749-052eb879619f", "keyword": "khai trương giảm sốc", "step": "capture", "message": "Saved post_012.png", "data": null, "seq": 13056}
{"ts": "2026-05-01T04:45:01.217696+00:00", "level": "INFO", "jobId": "5150a2de-57e3-4281-a749-052eb879619f", "keyword": "khai trương giảm sốc", "step": "cooldown", "message": "Cooldown 2.3s (after capture)", "data": null, "seq": 13057}
{"ts": "2026-05-01T04:45:04.278756+00:00", "level": "INFO", "jobId": "5150a2de-57e3-4281-a749-052eb879619f", "keyword": "khai trương giảm sốc", "step": "capture", "message": "Capturing 13/130 (viewport)…", "data": null, "seq": 13058}
{"ts": "2026-05-01T04:45:04.899111+00:00", "level": "INFO", "jobId": "5150a2de-57e3-4281-a749-052eb879619f", "keyword": "khai trương giảm sốc", "step": "capture", "message": "Expanded \"Xem thêm\" (exact-class): +3 (total 3)", "data": null, "seq": 13059}
{"ts": "2026-05-01T04:45:18.249819+00:00", "level": "INFO", "jobId": "5150a2de-57e3-4281-a749-052eb879619f", "keyword": "khai trương giảm sốc", "step": "capture", "message": "Saved post_013.png", "data": null, "seq": 13064}
{"ts": "2026-05-01T04:45:18.251230+00:00", "level": "INFO", "jobId": "5150a2de-57e3-4281-a749-052eb879619f", "keyword": "khai trương giảm sốc", "step": "cooldown", "message": "Cooldown 1.5s (after capture)", "data": null, "seq": 13065}
{"ts": "2026-05-01T04:45:20.298341+00:00", "level": "INFO", "jobId": "5150a2de-57e3-4281-a749-052eb879619f", "keyword": "khai trương giảm sốc", "step": "capture", "message": "Capturing 14/130 (viewport)…", "data": null, "seq": 13067}
{"ts": "2026-05-01T04:45:34.007843+00:00", "level": "INFO", "jobId": "5150a2de-57e3-4281-a749-052eb879619f", "keyword": "khai trương giảm sốc", "step": "capture", "message": "Saved post_014.png", "data": null, "seq": 13073}
{"ts": "2026-05-01T04:45:34.008846+00:00", "level": "INFO", "jobId": "5150a2de-57e3-4281-a749-052eb879619f", "keyword": "khai trương giảm sốc", "step": "cooldown", "message": "Cooldown 1.1s (after capture)", "data": null, "seq": 13074}
{"ts": "2026-05-01T04:45:35.876739+00:00", "level": "INFO", "jobId": "5150a2de-57e3-4281-a749-052eb879619f", "keyword": "khai trương giảm sốc", "step": "capture", "message": "Capturing 15/130 (viewport)…", "data": null, "seq": 13076}
{"ts": "2026-05-01T04:45:36.233380+00:00", "level": "INFO", "jobId": "5150a2de-57e3-4281-a749-052eb879619f", "keyword": "khai trương giảm sốc", "step": "capture", "message": "Expanded \"Xem thêm\" (exact-class): +1 (total 1)", "data": null, "seq": 13077}
{"ts": "2026-05-01T04:45:49.271488+00:00", "level": "INFO", "jobId": "5150a2de-57e3-4281-a749-052eb879619f", "keyword": "khai trương giảm sốc", "step": "capture", "message": "Saved post_015.png", "data": null, "seq": 13080}
{"ts": "2026-05-01T04:45:49.273483+00:00", "level": "INFO", "jobId": "5150a2de-57e3-4281-a749-052eb879619f", "keyword": "khai trương giảm sốc", "step": "cooldown", "message": "Cooldown 2.0s (after capture)", "data": null, "seq": 13081}
{"ts": "2026-05-01T04:45:51.878184+00:00", "level": "INFO", "jobId": "5150a2de-57e3-4281-a749-052eb879619f", "keyword": "khai trương giảm sốc", "step": "capture", "message": "Capturing 16/130 (viewport)…", "data": null, "seq": 13083}
{"ts": "2026-05-01T04:45:52.225301+00:00", "level": "INFO", "jobId": "5150a2de-57e3-4281-a749-052eb879619f", "keyword": "khai trương giảm sốc", "step": "capture", "message": "Expanded \"Xem thêm\" (exact-class): +1 (total 1)", "data": null, "seq": 13084}
{"ts": "2026-05-01T04:46:05.373438+00:00", "level": "INFO", "jobId": "5150a2de-57e3-4281-a749-052eb879619f", "keyword": "khai trương giảm sốc", "step": "capture", "message": "Saved post_016.png", "data": null, "seq": 13088}
{"ts": "2026-05-01T04:46:05.375872+00:00", "level": "INFO", "jobId": "5150a2de-57e3-4281-a749-052eb879619f", "keyword": "khai trương giảm sốc", "step": "cooldown", "message": "Cooldown 1.8s (after capture)", "data": null, "seq": 13089}
{"ts": "2026-05-01T04:46:07.832510+00:00", "level": "INFO", "jobId": "5150a2de-57e3-4281-a749-052eb879619f", "keyword": "khai trương giảm sốc", "step": "capture", "message": "Capturing 17/130 (viewport)…", "data": null, "seq": 13090}
{"ts": "2026-05-01T04:46:08.010719+00:00", "level": "INFO", "jobId": "5150a2de-57e3-4281-a749-052eb879619f", "keyword": "khai trương giảm sốc", "step": "capture", "message": "Expanded \"Xem thêm\" (exact-class): +1 (total 1)", "data": null, "seq": 13091}
{"ts": "2026-05-01T04:46:22.227233+00:00", "level": "INFO", "jobId": "5150a2de-57e3-4281-a749-052eb879619f", "keyword": "khai trương giảm sốc", "step": "capture", "message": "Saved post_017.png", "data": null, "seq": 13095}
{"ts": "2026-05-01T04:46:22.234946+00:00", "level": "INFO", "jobId": "5150a2de-57e3-4281-a749-052eb879619f", "keyword": "khai trương giảm sốc", "step": "cooldown", "message": "Cooldown 1.1s (after capture)", "data": null, "seq": 13096}
{"ts": "2026-05-01T04:46:24.163433+00:00", "level": "INFO", "jobId": "5150a2de-57e3-4281-a749-052eb879619f", "keyword": "khai trương giảm sốc", "step": "capture", "message": "Capturing 18/130 (viewport)…", "data": null, "seq": 13098}
{"ts": "2026-05-01T04:46:24.742455+00:00", "level": "INFO", "jobId": "5150a2de-57e3-4281-a749-052eb879619f", "keyword": "khai trương giảm sốc", "step": "capture", "message": "Expanded \"Xem thêm\" (exact-class): +2 (total 2)", "data": null, "seq": 13099}
{"ts": "2026-05-01T04:46:37.862817+00:00", "level": "INFO", "jobId": "5150a2de-57e3-4281-a749-052eb879619f", "keyword": "khai trương giảm sốc", "step": "capture", "message": "Saved post_018.png", "data": null, "seq": 13104}
{"ts": "2026-05-01T04:46:37.862817+00:00", "level": "INFO", "jobId": "5150a2de-57e3-4281-a749-052eb879619f", "keyword": "khai trương giảm sốc", "step": "cooldown", "message": "Cooldown 2.5s (after capture)", "data": null, "seq": 13105}
{"ts": "2026-05-01T04:46:41.408462+00:00", "level": "INFO", "jobId": "5150a2de-57e3-4281-a749-052eb879619f", "keyword": "khai trương giảm sốc", "step": "capture", "message": "Capturing 19/130 (viewport)…", "data": null, "seq": 13106}
{"ts": "2026-05-01T04:46:54.394179+00:00", "level": "INFO", "jobId": "5150a2de-57e3-4281-a749-052eb879619f", "keyword": "khai trương giảm sốc", "step": "capture", "message": "Saved post_019.png", "data": null, "seq": 13114}
{"ts": "2026-05-01T04:46:54.396460+00:00", "level": "INFO", "jobId": "5150a2de-57e3-4281-a749-052eb879619f", "keyword": "khai trương giảm sốc", "step": "cooldown", "message": "Cooldown 1.1s (after capture)", "data": null, "seq": 13115}
{"ts": "2026-05-01T04:46:56.186905+00:00", "level": "INFO", "jobId": "5150a2de-57e3-4281-a749-052eb879619f", "keyword": "khai trương giảm sốc", "step": "capture", "message": "Capturing 20/130 (viewport)…", "data": null, "seq": 13116}
{"ts": "2026-05-01T04:46:56.524514+00:00", "level": "INFO", "jobId": "5150a2de-57e3-4281-a749-052eb879619f", "keyword": "khai trương giảm sốc", "step": "capture", "message": "Expanded \"Xem thêm\" (exact-class): +1 (total 1)", "data": null, "seq": 13117}
{"ts": "2026-05-01T04:47:09.684956+00:00", "level": "INFO", "jobId": "5150a2de-57e3-4281-a749-052eb879619f", "keyword": "khai trương giảm sốc", "step": "capture", "message": "Saved post_020.png", "data": null, "seq": 13118}
{"ts": "2026-05-01T04:47:09.685956+00:00", "level": "INFO", "jobId": "5150a2de-57e3-4281-a749-052eb879619f", "keyword": "khai trương giảm sốc", "step": "cooldown", "message": "Cooldown 1.2s (after capture)", "data": null, "seq": 13119}
{"ts": "2026-05-01T04:47:11.606620+00:00", "level": "INFO", "jobId": "5150a2de-57e3-4281-a749-052eb879619f", "keyword": "khai trương giảm sốc", "step": "capture", "message": "Capturing 21/130 (viewport)…", "data": null, "seq": 13120}
{"ts": "2026-05-01T04:47:11.994185+00:00", "level": "INFO", "jobId": "5150a2de-57e3-4281-a749-052eb879619f", "keyword": "khai trương giảm sốc", "step": "capture", "message": "Expanded \"Xem thêm\" (exact-class): +2 (total 2)", "data": null, "seq": 13121}
{"ts": "2026-05-01T04:47:25.128374+00:00", "level": "INFO", "jobId": "5150a2de-57e3-4281-a749-052eb879619f", "keyword": "khai trương giảm sốc", "step": "capture", "message": "Saved post_021.png", "data": null, "seq": 13122}
{"ts": "2026-05-01T04:47:25.130367+00:00", "level": "INFO", "jobId": "5150a2de-57e3-4281-a749-052eb879619f", "keyword": "khai trương giảm sốc", "step": "cooldown", "message": "Cooldown 2.7s (after capture)", "data": null, "seq": 13123}
{"ts": "2026-05-01T04:47:28.449923+00:00", "level": "INFO", "jobId": "5150a2de-57e3-4281-a749-052eb879619f", "keyword": "khai trương giảm sốc", "step": "capture", "message": "Capturing 22/130 (viewport)…", "data": null, "seq": 13124}
{"ts": "2026-05-01T04:47:41.167541+00:00", "level": "INFO", "jobId": "5150a2de-57e3-4281-a749-052eb879619f", "keyword": "khai trương giảm sốc", "step": "capture", "message": "Saved post_022.png", "data": null, "seq": 13125}
{"ts": "2026-05-01T04:47:41.168536+00:00", "level": "INFO", "jobId": "5150a2de-57e3-4281-a749-052eb879619f", "keyword": "khai trương giảm sốc", "step": "cooldown", "message": "Cooldown 1.8s (after capture)", "data": null, "seq": 13126}
{"ts": "2026-05-01T04:47:43.595588+00:00", "level": "INFO", "jobId": "5150a2de-57e3-4281-a749-052eb879619f", "keyword": "khai trương giảm sốc", "step": "capture", "message": "Capturing 23/130 (viewport)…", "data": null, "seq": 13127}
{"ts": "2026-05-01T04:47:43.761140+00:00", "level": "INFO", "jobId": "5150a2de-57e3-4281-a749-052eb879619f", "keyword": "khai trương giảm sốc", "step": "capture", "message": "Expanded \"Xem thêm\" (exact-class): +1 (total 1)", "data": null, "seq": 13128}
{"ts": "2026-05-01T04:47:56.759139+00:00", "level": "INFO", "jobId": "5150a2de-57e3-4281-a749-052eb879619f", "keyword": "khai trương giảm sốc", "step": "capture", "message": "Saved post_023.png", "data": null, "seq": 13129}
{"ts": "2026-05-01T04:47:56.760069+00:00", "level": "INFO", "jobId": "5150a2de-57e3-4281-a749-052eb879619f", "keyword": "khai trương giảm sốc", "step": "cooldown", "message": "Cooldown 2.4s (after capture)", "data": null, "seq": 13130}
{"ts": "2026-05-01T04:47:59.772232+00:00", "level": "INFO", "jobId": "5150a2de-57e3-4281-a749-052eb879619f", "keyword": "khai trương giảm sốc", "step": "capture", "message": "Capturing 24/130 (viewport)…", "data": null, "seq": 13131}
{"ts": "2026-05-01T04:48:00.116190+00:00", "level": "INFO", "jobId": "5150a2de-57e3-4281-a749-052eb879619f", "keyword": "khai trương giảm sốc", "step": "capture", "message": "Expanded \"Xem thêm\" (exact-class): +1 (total 1)", "data": null, "seq": 13132}
{"ts": "2026-05-01T04:48:13.006215+00:00", "level": "INFO", "jobId": "5150a2de-57e3-4281-a749-052eb879619f", "keyword": "khai trương giảm sốc", "step": "capture", "message": "Saved post_024.png", "data": null, "seq": 13133}
{"ts": "2026-05-01T04:48:13.017370+00:00", "level": "INFO", "jobId": "5150a2de-57e3-4281-a749-052eb879619f", "keyword": "khai trương giảm sốc", "step": "cooldown", "message": "Cooldown 1.3s (after capture)", "data": null, "seq": 13134}
{"ts": "2026-05-01T04:48:14.975918+00:00", "level": "INFO", "jobId": "5150a2de-57e3-4281-a749-052eb879619f", "keyword": "khai trương giảm sốc", "step": "capture", "message": "Capturing 25/130 (viewport)…", "data": null, "seq": 13135}
{"ts": "2026-05-01T04:48:27.644514+00:00", "level": "INFO", "jobId": "5150a2de-57e3-4281-a749-052eb879619f", "keyword": "khai trương giảm sốc", "step": "capture", "message": "Saved post_025.png", "data": null, "seq": 13136}
{"ts": "2026-05-01T04:48:27.645963+00:00", "level": "INFO", "jobId": "5150a2de-57e3-4281-a749-052eb879619f", "keyword": "khai trương giảm sốc", "step": "cooldown", "message": "Cooldown 1.4s (after capture)", "data": null, "seq": 13137}
{"ts": "2026-05-01T04:48:29.785245+00:00", "level": "INFO", "jobId": "5150a2de-57e3-4281-a749-052eb879619f", "keyword": "khai trương giảm sốc", "step": "capture", "message": "Capturing 26/130 (viewport)…", "data": null, "seq": 13138}
{"ts": "2026-05-01T04:48:30.267651+00:00", "level": "INFO", "jobId": "5150a2de-57e3-4281-a749-052eb879619f", "keyword": "khai trương giảm sốc", "step": "capture", "message": "Expanded \"Xem thêm\" (exact-class): +2 (total 2)", "data": null, "seq": 13139}
{"ts": "2026-05-01T04:48:43.256533+00:00", "level": "INFO", "jobId": "5150a2de-57e3-4281-a749-052eb879619f", "keyword": "khai trương giảm sốc", "step": "capture", "message": "Saved post_026.png", "data": null, "seq": 13140}
{"ts": "2026-05-01T04:48:43.257532+00:00", "level": "INFO", "jobId": "5150a2de-57e3-4281-a749-052eb879619f", "keyword": "khai trương giảm sốc", "step": "cooldown", "message": "Cooldown 2.7s (after capture)", "data": null, "seq": 13141}
{"ts": "2026-05-01T04:48:46.573445+00:00", "level": "INFO", "jobId": "5150a2de-57e3-4281-a749-052eb879619f", "keyword": "khai trương giảm sốc", "step": "capture", "message": "Capturing 27/130 (viewport)…", "data": null, "seq": 13142}
{"ts": "2026-05-01T04:48:59.408053+00:00", "level": "INFO", "jobId": "5150a2de-57e3-4281-a749-052eb879619f", "keyword": "khai trương giảm sốc", "step": "capture", "message": "Saved post_027.png", "data": null, "seq": 13143}
{"ts": "2026-05-01T04:48:59.409117+00:00", "level": "INFO", "jobId": "5150a2de-57e3-4281-a749-052eb879619f", "keyword": "khai trương giảm sốc", "step": "cooldown", "message": "Cooldown 2.1s (after capture)", "data": null, "seq": 13144}
{"ts": "2026-05-01T04:49:02.080272+00:00", "level": "INFO", "jobId": "5150a2de-57e3-4281-a749-052eb879619f", "keyword": "khai trương giảm sốc", "step": "capture", "message": "Capturing 28/130 (viewport)…", "data": null, "seq": 13145}
{"ts": "2026-05-01T04:49:02.299417+00:00", "level": "INFO", "jobId": "5150a2de-57e3-4281-a749-052eb879619f", "keyword": "khai trương giảm sốc", "step": "capture", "message": "Expanded \"Xem thêm\" (exact-class): +1 (total 1)", "data": null, "seq": 13146}
{"ts": "2026-05-01T04:49:15.447060+00:00", "level": "INFO", "jobId": "5150a2de-57e3-4281-a749-052eb879619f", "keyword": "khai trương giảm sốc", "step": "capture", "message": "Saved post_028.png", "data": null, "seq": 13147}
{"ts": "2026-05-01T04:49:15.448057+00:00", "level": "INFO", "jobId": "5150a2de-57e3-4281-a749-052eb879619f", "keyword": "khai trương giảm sốc", "step": "cooldown", "message": "Cooldown 1.9s (after capture)", "data": null, "seq": 13148}
{"ts": "2026-05-01T04:49:17.957989+00:00", "level": "INFO", "jobId": "5150a2de-57e3-4281-a749-052eb879619f", "keyword": "khai trương giảm sốc", "step": "capture", "message": "Capturing 29/130 (viewport)…", "data": null, "seq": 13149}
{"ts": "2026-05-01T04:49:30.650872+00:00", "level": "INFO", "jobId": "5150a2de-57e3-4281-a749-052eb879619f", "keyword": "khai trương giảm sốc", "step": "capture", "message": "Saved post_029.png", "data": null, "seq": 13150}
{"ts": "2026-05-01T04:49:30.652141+00:00", "level": "INFO", "jobId": "5150a2de-57e3-4281-a749-052eb879619f", "keyword": "khai trương giảm sốc", "step": "cooldown", "message": "Cooldown 2.4s (after capture)", "data": null, "seq": 13151}
{"ts": "2026-05-01T04:49:33.672283+00:00", "level": "INFO", "jobId": "5150a2de-57e3-4281-a749-052eb879619f", "keyword": "khai trương giảm sốc", "step": "capture", "message": "Capturing 30/130 (viewport)…", "data": null, "seq": 13152}
{"ts": "2026-05-01T04:49:33.851381+00:00", "level": "INFO", "jobId": "5150a2de-57e3-4281-a749-052eb879619f", "keyword": "khai trương giảm sốc", "step": "capture", "message": "Expanded \"Xem thêm\" (exact-class): +2 (total 2)", "data": null, "seq": 13153}
{"ts": "2026-05-01T04:49:46.771791+00:00", "level": "INFO", "jobId": "5150a2de-57e3-4281-a749-052eb879619f", "keyword": "khai trương giảm sốc", "step": "capture", "message": "Saved post_030.png", "data": null, "seq": 13154}
{"ts": "2026-05-01T04:49:46.772942+00:00", "level": "INFO", "jobId": "5150a2de-57e3-4281-a749-052eb879619f", "keyword": "khai trương giảm sốc", "step": "cooldown", "message": "Cooldown 1.5s (after capture)", "data": null, "seq": 13155}
{"ts": "2026-05-01T04:49:48.953298+00:00", "level": "INFO", "jobId": "5150a2de-57e3-4281-a749-052eb879619f", "keyword": "khai trương giảm sốc", "step": "capture", "message": "Capturing 31/130 (viewport)…", "data": null, "seq": 13156}
{"ts": "2026-05-01T04:49:49.198863+00:00", "level": "INFO", "jobId": "5150a2de-57e3-4281-a749-052eb879619f", "keyword": "khai trương giảm sốc", "step": "capture", "message": "Expanded \"Xem thêm\" (exact-class): +2 (total 2)", "data": null, "seq": 13157}
{"ts": "2026-05-01T04:50:02.126503+00:00", "level": "INFO", "jobId": "5150a2de-57e3-4281-a749-052eb879619f", "keyword": "khai trương giảm sốc", "step": "capture", "message": "Saved post_031.png", "data": null, "seq": 13158}
{"ts": "2026-05-01T04:50:02.127500+00:00", "level": "INFO", "jobId": "5150a2de-57e3-4281-a749-052eb879619f", "keyword": "khai trương giảm sốc", "step": "cooldown", "message": "Cooldown 2.2s (after capture)", "data": null, "seq": 13159}
{"ts": "2026-05-01T04:50:04.860594+00:00", "level": "INFO", "jobId": "5150a2de-57e3-4281-a749-052eb879619f", "keyword": "khai trương giảm sốc", "step": "capture", "message": "Capturing 32/130 (viewport)…", "data": null, "seq": 13160}
{"ts": "2026-05-01T04:50:18.380358+00:00", "level": "INFO", "jobId": "5150a2de-57e3-4281-a749-052eb879619f", "keyword": "khai trương giảm sốc", "step": "capture", "message": "Saved post_032.png", "data": null, "seq": 13161}
{"ts": "2026-05-01T04:50:18.383195+00:00", "level": "INFO", "jobId": "5150a2de-57e3-4281-a749-052eb879619f", "keyword": "khai trương giảm sốc", "step": "cooldown", "message": "Cooldown 2.3s (after capture)", "data": null, "seq": 13162}
{"ts": "2026-05-01T04:50:21.319096+00:00", "level": "INFO", "jobId": "5150a2de-57e3-4281-a749-052eb879619f", "keyword": "khai trương giảm sốc", "step": "capture", "message": "Capturing 33/130 (viewport)…", "data": null, "seq": 13163}
{"ts": "2026-05-01T04:50:21.481171+00:00", "level": "INFO", "jobId": "5150a2de-57e3-4281-a749-052eb879619f", "keyword": "khai trương giảm sốc", "step": "capture", "message": "Expanded \"Xem thêm\" (exact-class): +1 (total 1)", "data": null, "seq": 13164}
{"ts": "2026-05-01T04:50:34.368698+00:00", "level": "INFO", "jobId": "5150a2de-57e3-4281-a749-052eb879619f", "keyword": "khai trương giảm sốc", "step": "capture", "message": "Saved post_033.png", "data": null, "seq": 13165}
{"ts": "2026-05-01T04:50:34.369290+00:00", "level": "INFO", "jobId": "5150a2de-57e3-4281-a749-052eb879619f", "keyword": "khai trương giảm sốc", "step": "cooldown", "message": "Cooldown 2.3s (after capture)", "data": null, "seq": 13166}
{"ts": "2026-05-01T04:50:37.270485+00:00", "level": "INFO", "jobId": "5150a2de-57e3-4281-a749-052eb879619f", "keyword": "khai trương giảm sốc", "step": "capture", "message": "Capturing 34/130 (viewport)…", "data": null, "seq": 13167}
{"ts": "2026-05-01T04:50:49.749039+00:00", "level": "INFO", "jobId": "5150a2de-57e3-4281-a749-052eb879619f", "keyword": "khai trương giảm sốc", "step": "capture", "message": "Saved post_034.png", "data": null, "seq": 13168}
{"ts": "2026-05-01T04:50:49.750332+00:00", "level": "INFO", "jobId": "5150a2de-57e3-4281-a749-052eb879619f", "keyword": "khai trương giảm sốc", "step": "cooldown", "message": "Cooldown 1.4s (after capture)", "data": null, "seq": 13169}
{"ts": "2026-05-01T04:50:51.816129+00:00", "level": "INFO", "jobId": "5150a2de-57e3-4281-a749-052eb879619f", "keyword": "khai trương giảm sốc", "step": "capture", "message": "Capturing 35/130 (viewport)…", "data": null, "seq": 13170}
{"ts": "2026-05-01T04:50:52.075340+00:00", "level": "INFO", "jobId": "5150a2de-57e3-4281-a749-052eb879619f", "keyword": "khai trương giảm sốc", "step": "capture", "message": "Expanded \"Xem thêm\" (exact-class): +2 (total 2)", "data": null, "seq": 13171}
{"ts": "2026-05-01T04:51:05.126058+00:00", "level": "INFO", "jobId": "5150a2de-57e3-4281-a749-052eb879619f", "keyword": "khai trương giảm sốc", "step": "capture", "message": "Saved post_035.png", "data": null, "seq": 13172}
{"ts": "2026-05-01T04:51:05.127279+00:00", "level": "INFO", "jobId": "5150a2de-57e3-4281-a749-052eb879619f", "keyword": "khai trương giảm sốc", "step": "cooldown", "message": "Cooldown 2.0s (after capture)", "data": null, "seq": 13173}
{"ts": "2026-05-01T04:51:07.779869+00:00", "level": "INFO", "jobId": "5150a2de-57e3-4281-a749-052eb879619f", "keyword": "khai trương giảm sốc", "step": "capture", "message": "Capturing 36/130 (viewport)…", "data": null, "seq": 13174}
{"ts": "2026-05-01T04:51:20.447429+00:00", "level": "INFO", "jobId": "5150a2de-57e3-4281-a749-052eb879619f", "keyword": "khai trương giảm sốc", "step": "capture", "message": "Saved post_036.png", "data": null, "seq": 13175}
{"ts": "2026-05-01T04:51:20.448427+00:00", "level": "INFO", "jobId": "5150a2de-57e3-4281-a749-052eb879619f", "keyword": "khai trương giảm sốc", "step": "cooldown", "message": "Cooldown 1.6s (after capture)", "data": null, "seq": 13176}
{"ts": "2026-05-01T04:51:22.663184+00:00", "level": "INFO", "jobId": "5150a2de-57e3-4281-a749-052eb879619f", "keyword": "khai trương giảm sốc", "step": "capture", "message": "Capturing 37/130 (viewport)…", "data": null, "seq": 13177}
{"ts": "2026-05-01T04:51:22.842648+00:00", "level": "INFO", "jobId": "5150a2de-57e3-4281-a749-052eb879619f", "keyword": "khai trương giảm sốc", "step": "capture", "message": "Expanded \"Xem thêm\" (exact-class): +2 (total 2)", "data": null, "seq": 13178}
{"ts": "2026-05-01T04:51:35.983258+00:00", "level": "INFO", "jobId": "5150a2de-57e3-4281-a749-052eb879619f", "keyword": "khai trương giảm sốc", "step": "capture", "message": "Saved post_037.png", "data": null, "seq": 13179}
{"ts": "2026-05-01T04:51:35.993903+00:00", "level": "INFO", "jobId": "5150a2de-57e3-4281-a749-052eb879619f", "keyword": "khai trương giảm sốc", "step": "cooldown", "message": "Cooldown 2.2s (after capture)", "data": null, "seq": 13180}
{"ts": "2026-05-01T04:51:38.773359+00:00", "level": "INFO", "jobId": "5150a2de-57e3-4281-a749-052eb879619f", "keyword": "khai trương giảm sốc", "step": "capture", "message": "Capturing 38/130 (viewport)…", "data": null, "seq": 13181}
{"ts": "2026-05-01T04:51:51.522271+00:00", "level": "INFO", "jobId": "5150a2de-57e3-4281-a749-052eb879619f", "keyword": "khai trương giảm sốc", "step": "capture", "message": "Saved post_038.png", "data": null, "seq": 13182}
{"ts": "2026-05-01T04:51:51.523267+00:00", "level": "INFO", "jobId": "5150a2de-57e3-4281-a749-052eb879619f", "keyword": "khai trương giảm sốc", "step": "cooldown", "message": "Cooldown 2.3s (after capture)", "data": null, "seq": 13183}
{"ts": "2026-05-01T04:51:54.404112+00:00", "level": "INFO", "jobId": "5150a2de-57e3-4281-a749-052eb879619f", "keyword": "khai trương giảm sốc", "step": "capture", "message": "Capturing 39/130 (viewport)…", "data": null, "seq": 13184}
{"ts": "2026-05-01T04:51:54.594985+00:00", "level": "INFO", "jobId": "5150a2de-57e3-4281-a749-052eb879619f", "keyword": "khai trương giảm sốc", "step": "capture", "message": "Expanded \"Xem thêm\" (exact-class): +1 (total 1)", "data": null, "seq": 13185}
{"ts": "2026-05-01T04:52:07.619365+00:00", "level": "INFO", "jobId": "5150a2de-57e3-4281-a749-052eb879619f", "keyword": "khai trương giảm sốc", "step": "capture", "message": "Saved post_039.png", "data": null, "seq": 13186}
{"ts": "2026-05-01T04:52:07.619365+00:00", "level": "INFO", "jobId": "5150a2de-57e3-4281-a749-052eb879619f", "keyword": "khai trương giảm sốc", "step": "cooldown", "message": "Cooldown 2.0s (after capture)", "data": null, "seq": 13187}
{"ts": "2026-05-01T04:52:10.240088+00:00", "level": "INFO", "jobId": "5150a2de-57e3-4281-a749-052eb879619f", "keyword": "khai trương giảm sốc", "step": "capture", "message": "Capturing 40/130 (viewport)…", "data": null, "seq": 13188}
{"ts": "2026-05-01T05:03:13.075662+00:00", "level": "INFO", "jobId": "5150a2de-57e3-4281-a749-052eb879619f", "keyword": "khai trương giảm sốc", "step": "capture", "message": "Viewport screenshot error (will retry): Page.screenshot: Timeout 60000ms exceeded.\nCall log:\n  - taking page screenshot\n  -   - waiting for fonts to load...\n  -   - fonts loaded\n", "data": null, "seq": 13189}
{"ts": "2026-05-01T05:03:13.125456+00:00", "level": "INFO", "jobId": "5150a2de-57e3-4281-a749-052eb879619f", "keyword": "khai trương giảm sốc", "step": "capture", "message": "No progress for too long. Reloading to recover…", "data": null, "seq": 13190}
{"ts": "2026-05-01T05:03:17.607577+00:00", "level": "INFO", "jobId": "5150a2de-57e3-4281-a749-052eb879619f", "keyword": "khai trương giảm sốc", "step": "capture", "message": "Capturing 40/130 (viewport)…", "data": null, "seq": 13191}
{"ts": "2026-05-01T05:03:31.102579+00:00", "level": "INFO", "jobId": "5150a2de-57e3-4281-a749-052eb879619f", "keyword": "khai trương giảm sốc", "step": "capture", "message": "Saved post_040.png", "data": null, "seq": 13192}
{"ts": "2026-05-01T05:03:31.102579+00:00", "level": "INFO", "jobId": "5150a2de-57e3-4281-a749-052eb879619f", "keyword": "khai trương giảm sốc", "step": "cooldown", "message": "Cooldown 1.2s (after capture)", "data": null, "seq": 13193}
{"ts": "2026-05-01T05:03:35.546266+00:00", "level": "INFO", "jobId": "5150a2de-57e3-4281-a749-052eb879619f", "keyword": "khai trương giảm sốc", "step": "capture", "message": "Capturing 41/130 (viewport)…", "data": null, "seq": 13194}
{"ts": "2026-05-01T05:03:35.761831+00:00", "level": "INFO", "jobId": "5150a2de-57e3-4281-a749-052eb879619f", "keyword": "khai trương giảm sốc", "step": "capture", "message": "Expanded \"Xem thêm\" (exact-class): +2 (total 2)", "data": null, "seq": 13195}
{"ts": "2026-05-01T05:03:48.791109+00:00", "level": "INFO", "jobId": "5150a2de-57e3-4281-a749-052eb879619f", "keyword": "khai trương giảm sốc", "step": "capture", "message": "Saved post_041.png", "data": null, "seq": 13196}
{"ts": "2026-05-01T05:03:48.792159+00:00", "level": "INFO", "jobId": "5150a2de-57e3-4281-a749-052eb879619f", "keyword": "khai trương giảm sốc", "step": "cooldown", "message": "Cooldown 1.7s (after capture)", "data": null, "seq": 13197}
{"ts": "2026-05-01T05:03:51.776076+00:00", "level": "INFO", "jobId": "5150a2de-57e3-4281-a749-052eb879619f", "keyword": "khai trương giảm sốc", "step": "capture", "message": "Capturing 42/130 (viewport)…", "data": null, "seq": 13198}
{"ts": "2026-05-01T05:03:52.031133+00:00", "level": "INFO", "jobId": "5150a2de-57e3-4281-a749-052eb879619f", "keyword": "khai trương giảm sốc", "step": "capture", "message": "Expanded \"Xem thêm\" (exact-class): +1 (total 1)", "data": null, "seq": 13199}
{"ts": "2026-05-01T05:04:04.821466+00:00", "level": "INFO", "jobId": "5150a2de-57e3-4281-a749-052eb879619f", "keyword": "khai trương giảm sốc", "step": "capture", "message": "Saved post_042.png", "data": null, "seq": 13200}
{"ts": "2026-05-01T05:04:04.821466+00:00", "level": "INFO", "jobId": "5150a2de-57e3-4281-a749-052eb879619f", "keyword": "khai trương giảm sốc", "step": "cooldown", "message": "Cooldown 1.1s (after capture)", "data": null, "seq": 13201}
{"ts": "2026-05-01T05:04:06.391937+00:00", "level": "INFO", "jobId": "5150a2de-57e3-4281-a749-052eb879619f", "keyword": "khai trương giảm sốc", "step": "capture", "message": "Capturing 43/130 (viewport)…", "data": null, "seq": 13202}
{"ts": "2026-05-01T05:04:06.470390+00:00", "level": "INFO", "jobId": "5150a2de-57e3-4281-a749-052eb879619f", "keyword": "khai trương giảm sốc", "step": "capture", "message": "Expanded \"Xem thêm\" (exact-class): +1 (total 1)", "data": null, "seq": 13203}
{"ts": "2026-05-01T05:04:19.355357+00:00", "level": "INFO", "jobId": "5150a2de-57e3-4281-a749-052eb879619f", "keyword": "khai trương giảm sốc", "step": "capture", "message": "Saved post_043.png", "data": null, "seq": 13204}
{"ts": "2026-05-01T05:04:19.355357+00:00", "level": "INFO", "jobId": "5150a2de-57e3-4281-a749-052eb879619f", "keyword": "khai trương giảm sốc", "step": "cooldown", "message": "Cooldown 2.7s (after capture)", "data": null, "seq": 13205}
{"ts": "2026-05-01T05:04:22.586739+00:00", "level": "INFO", "jobId": "5150a2de-57e3-4281-a749-052eb879619f", "keyword": "khai trương giảm sốc", "step": "capture", "message": "Capturing 44/130 (viewport)…", "data": null, "seq": 13206}
{"ts": "2026-05-01T05:04:35.084930+00:00", "level": "INFO", "jobId": "5150a2de-57e3-4281-a749-052eb879619f", "keyword": "khai trương giảm sốc", "step": "capture", "message": "Saved post_044.png", "data": null, "seq": 13207}
{"ts": "2026-05-01T05:04:35.096719+00:00", "level": "INFO", "jobId": "5150a2de-57e3-4281-a749-052eb879619f", "keyword": "khai trương giảm sốc", "step": "cooldown", "message": "Cooldown 3.0s (after capture)", "data": null, "seq": 13208}
{"ts": "2026-05-01T05:04:38.616273+00:00", "level": "INFO", "jobId": "5150a2de-57e3-4281-a749-052eb879619f", "keyword": "khai trương giảm sốc", "step": "capture", "message": "Capturing 45/130 (viewport)…", "data": null, "seq": 13209}
{"ts": "2026-05-01T05:04:38.700271+00:00", "level": "INFO", "jobId": "5150a2de-57e3-4281-a749-052eb879619f", "keyword": "khai trương giảm sốc", "step": "capture", "message": "Expanded \"Xem thêm\" (exact-class): +1 (total 1)", "data": null, "seq": 13210}
{"ts": "2026-05-01T05:04:51.695865+00:00", "level": "INFO", "jobId": "5150a2de-57e3-4281-a749-052eb879619f", "keyword": "khai trương giảm sốc", "step": "capture", "message": "Saved post_045.png", "data": null, "seq": 13211}
{"ts": "2026-05-01T05:04:51.697322+00:00", "level": "INFO", "jobId": "5150a2de-57e3-4281-a749-052eb879619f", "keyword": "khai trương giảm sốc", "step": "cooldown", "message": "Cooldown 2.7s (after capture)", "data": null, "seq": 13212}
{"ts": "2026-05-01T05:04:55.013493+00:00", "level": "INFO", "jobId": "5150a2de-57e3-4281-a749-052eb879619f", "keyword": "khai trương giảm sốc", "step": "capture", "message": "Capturing 46/130 (viewport)…", "data": null, "seq": 13213}
{"ts": "2026-05-01T05:04:55.122001+00:00", "level": "INFO", "jobId": "5150a2de-57e3-4281-a749-052eb879619f", "keyword": "khai trương giảm sốc", "step": "capture", "message": "Expanded \"Xem thêm\" (exact-class): +1 (total 1)", "data": null, "seq": 13214}
{"ts": "2026-05-01T05:05:07.907009+00:00", "level": "INFO", "jobId": "5150a2de-57e3-4281-a749-052eb879619f", "keyword": "khai trương giảm sốc", "step": "capture", "message": "Saved post_046.png", "data": null, "seq": 13215}
{"ts": "2026-05-01T05:05:07.907009+00:00", "level": "INFO", "jobId": "5150a2de-57e3-4281-a749-052eb879619f", "keyword": "khai trương giảm sốc", "step": "cooldown", "message": "Cooldown 1.7s (after capture)", "data": null, "seq": 13216}
{"ts": "2026-05-01T05:05:10.111106+00:00", "level": "INFO", "jobId": "5150a2de-57e3-4281-a749-052eb879619f", "keyword": "khai trương giảm sốc", "step": "capture", "message": "Capturing 47/130 (viewport)…", "data": null, "seq": 13217}
{"ts": "2026-05-01T05:05:10.201797+00:00", "level": "INFO", "jobId": "5150a2de-57e3-4281-a749-052eb879619f", "keyword": "khai trương giảm sốc", "step": "capture", "message": "Expanded \"Xem thêm\" (exact-class): +1 (total 1)", "data": null, "seq": 13218}
{"ts": "2026-05-01T05:05:23.385686+00:00", "level": "INFO", "jobId": "5150a2de-57e3-4281-a749-052eb879619f", "keyword": "khai trương giảm sốc", "step": "capture", "message": "Saved post_047.png", "data": null, "seq": 13219}
{"ts": "2026-05-01T05:05:23.385686+00:00", "level": "INFO", "jobId": "5150a2de-57e3-4281-a749-052eb879619f", "keyword": "khai trương giảm sốc", "step": "cooldown", "message": "Cooldown 2.4s (after capture)", "data": null, "seq": 13220}
{"ts": "2026-05-01T05:05:26.421073+00:00", "level": "INFO", "jobId": "5150a2de-57e3-4281-a749-052eb879619f", "keyword": "khai trương giảm sốc", "step": "capture", "message": "Capturing 48/130 (viewport)…", "data": null, "seq": 13221}
{"ts": "2026-05-01T05:05:26.530334+00:00", "level": "INFO", "jobId": "5150a2de-57e3-4281-a749-052eb879619f", "keyword": "khai trương giảm sốc", "step": "capture", "message": "Expanded \"Xem thêm\" (exact-class): +1 (total 1)", "data": null, "seq": 13222}
{"ts": "2026-05-01T05:05:39.387885+00:00", "level": "INFO", "jobId": "5150a2de-57e3-4281-a749-052eb879619f", "keyword": "khai trương giảm sốc", "step": "capture", "message": "Saved post_048.png", "data": null, "seq": 13223}
{"ts": "2026-05-01T05:05:39.387885+00:00", "level": "INFO", "jobId": "5150a2de-57e3-4281-a749-052eb879619f", "keyword": "khai trương giảm sốc", "step": "cooldown", "message": "Cooldown 2.1s (after capture)", "data": null, "seq": 13224}
{"ts": "2026-05-01T05:05:42.028699+00:00", "level": "INFO", "jobId": "5150a2de-57e3-4281-a749-052eb879619f", "keyword": "khai trương giảm sốc", "step": "capture", "message": "Capturing 49/130 (viewport)…", "data": null, "seq": 13225}
{"ts": "2026-05-01T05:05:42.152650+00:00", "level": "INFO", "jobId": "5150a2de-57e3-4281-a749-052eb879619f", "keyword": "khai trương giảm sốc", "step": "capture", "message": "Expanded \"Xem thêm\" (exact-class): +2 (total 2)", "data": null, "seq": 13226}
{"ts": "2026-05-01T05:05:55.214598+00:00", "level": "INFO", "jobId": "5150a2de-57e3-4281-a749-052eb879619f", "keyword": "khai trương giảm sốc", "step": "capture", "message": "Saved post_049.png", "data": null, "seq": 13227}
{"ts": "2026-05-01T05:05:55.214598+00:00", "level": "INFO", "jobId": "5150a2de-57e3-4281-a749-052eb879619f", "keyword": "khai trương giảm sốc", "step": "cooldown", "message": "Cooldown 2.0s (after capture)", "data": null, "seq": 13228}
{"ts": "2026-05-01T05:05:57.952129+00:00", "level": "INFO", "jobId": "5150a2de-57e3-4281-a749-052eb879619f", "keyword": "khai trương giảm sốc", "step": "capture", "message": "Capturing 50/130 (viewport)…", "data": null, "seq": 13229}
{"ts": "2026-05-01T05:05:59.768636+00:00", "level": "WARN", "jobId": "5150a2de-57e3-4281-a749-052eb879619f", "keyword": "khai trương giảm sốc", "step": "relaunch", "message": "Browser/page closed unexpectedly. Will relaunch + retry. (Page.screenshot: Target page, context or browser has been closed)", "data": null, "seq": 13230}
{"ts": "2026-05-01T05:06:01.926274+00:00", "level": "WARN", "jobId": "5150a2de-57e3-4281-a749-052eb879619f", "keyword": "khai trương giảm sốc", "step": "retry", "message": "Reset job to pending for retry (closed target).", "data": null, "seq": 13231}
{"ts": "2026-05-01T05:06:01.931566+00:00", "level": "INFO", "jobId": "5150a2de-57e3-4281-a749-052eb879619f", "keyword": "khai trương giảm sốc", "step": "start", "message": "Job started (attempt 2/2)", "data": null, "seq": 13232}
{"ts": "2026-05-01T05:06:02.945179+00:00", "level": "ERROR", "jobId": "5150a2de-57e3-4281-a749-052eb879619f", "keyword": "khai trương giảm sốc", "step": "error", "message": "Playwright error: Page.goto: net::ERR_ABORTED; maybe frame was detached?\nCall log:\n  - navigating to \"https://www.facebook.com/\", waiting until \"domcontentloaded\"\n", "data": {"trace": "Traceback (most recent call last):\n  File \"C:\\Users\\nguyenkhanhduyit\\Desktop\\Posts\\app\\worker\\runner.py\", line 563, in main\n    raise SystemExit(0)\n  File \"C:\\Users\\nguyenkhanhduyit\\Desktop\\Posts\\app\\worker\\fb_automation\\automation.py\", line 127, in ensure_login\n    _goto_home(page)\n  File \"C:\\Users\\nguyenkhanhduyit\\Desktop\\Posts\\app\\worker\\fb_automation\\automation.py\", line 114, in _goto_home\n    page.goto(\"https://www.facebook.com/\", wait_until=\"domcontentloaded\", timeout=60_000)\n  File \"C:\\Users\\nguyenkhanhduyit\\AppData\\Local\\Programs\\Python\\Python310\\lib\\site-packages\\playwright\\sync_api\\_generated.py\", line 9006, in goto\n    self._sync(\n  File \"C:\\Users\\nguyenkhanhduyit\\AppData\\Local\\Programs\\Python\\Python310\\lib\\site-packages\\playwright\\_impl\\_sync_base.py\", line 115, in _sync\n    return task.result()\n  File \"C:\\Users\\nguyenkhanhduyit\\AppData\\Local\\Programs\\Python\\Python310\\lib\\site-packages\\playwright\\_impl\\_page.py\", line 551, in goto\n    return await self._main_frame.goto(**locals_to_params(locals()))\n  File \"C:\\Users\\nguyenkhanhduyit\\AppData\\Local\\Programs\\Python\\Python310\\lib\\site-packages\\playwright\\_impl\\_frame.py\", line 145, in goto\n    await self._channel.send(\"goto\", locals_to_params(locals()))\n  File \"C:\\Users\\nguyenkhanhduyit\\AppData\\Local\\Programs\\Python\\Python310\\lib\\site-packages\\playwright\\_impl\\_connection.py\", line 61, in send\n    return await self._connection.wrap_api_call(\n  File \"C:\\Users\\nguyenkhanhduyit\\AppData\\Local\\Programs\\Python\\Python310\\lib\\site-packages\\playwright\\_impl\\_connection.py\", line 528, in wrap_api_call\n    raise rewrite_error(error, f\"{parsed_st['apiName']}: {error}\") from None\nplaywright._impl._errors.Error: Page.goto: net::ERR_ABORTED; maybe frame was detached?\nCall log:\n  - navigating to \"https://www.facebook.com/\", waiting until \"domcontentloaded\"\n\n"}, "seq": 13233}
