{"ts": "2026-05-01T07:17:21.140467+00:00", "level": "INFO", "jobId": "534aa46c-70bc-430a-a71c-e797f03ce51a", "keyword": "khai trương", "step": "created", "message": "Job created", "data": {"maxPosts": "unlimited"}, "seq": 13603}
{"ts": "2026-05-01T07:17:21.742424+00:00", "level": "INFO", "jobId": "534aa46c-70bc-430a-a71c-e797f03ce51a", "keyword": "khai trương", "step": "start", "message": "Job started (attempt 1/2)", "data": {"w": 0}, "seq": 13653}
{"ts": "2026-05-01T07:17:30.019283+00:00", "level": "INFO", "jobId": "534aa46c-70bc-430a-a71c-e797f03ce51a", "keyword": "khai trương", "step": "login", "message": "Already logged in (profile session).", "data": {"w": 0}, "seq": 13655}
{"ts": "2026-05-01T07:17:30.293705+00:00", "level": "INFO", "jobId": "534aa46c-70bc-430a-a71c-e797f03ce51a", "keyword": "khai trương", "step": "search", "message": "Searching keyword: \"khai trương\"", "data": {"w": 0}, "seq": 13657}
{"ts": "2026-05-01T07:17:39.422976+00:00", "level": "INFO", "jobId": "534aa46c-70bc-430a-a71c-e797f03ce51a", "keyword": "khai trương", "step": "capture", "message": "Start capturing all posts until end of results.", "data": {"w": 0}, "seq": 13661}
{"ts": "2026-05-01T07:17:39.449728+00:00", "level": "INFO", "jobId": "534aa46c-70bc-430a-a71c-e797f03ce51a", "keyword": "khai trương", "step": "capture", "message": "Output folder: Lan 1 - 1417", "data": {"w": 0}, "seq": 13662}
{"ts": "2026-05-01T07:17:42.761971+00:00", "level": "INFO", "jobId": "534aa46c-70bc-430a-a71c-e797f03ce51a", "keyword": "khai trương", "step": "capture", "message": "Capturing 1/∞ (viewport)…", "data": {"w": 0}, "seq": 13665}
{"ts": "2026-05-01T07:17:43.007875+00:00", "level": "INFO", "jobId": "534aa46c-70bc-430a-a71c-e797f03ce51a", "keyword": "khai trương", "step": "capture", "message": "Expanded \"Xem thêm\" (exact-class): +2 (total 2)", "data": {"w": 0}, "seq": 13666}
{"ts": "2026-05-01T07:17:56.294137+00:00", "level": "INFO", "jobId": "534aa46c-70bc-430a-a71c-e797f03ce51a", "keyword": "khai trương", "step": "capture", "message": "Saved post_001.png", "data": {"w": 0}, "seq": 13669}
{"ts": "2026-05-01T07:17:56.295137+00:00", "level": "INFO", "jobId": "534aa46c-70bc-430a-a71c-e797f03ce51a", "keyword": "khai trương", "step": "cooldown", "message": "Cooldown 2.1s (after capture)", "data": {"w": 0}, "seq": 13670}
{"ts": "2026-05-01T07:17:58.966610+00:00", "level": "INFO", "jobId": "534aa46c-70bc-430a-a71c-e797f03ce51a", "keyword": "khai trương", "step": "heartbeat", "message": "Worker alive", "data": {"w": 0, "elapsed_s": 37}, "seq": 13674}
{"ts": "2026-05-01T07:17:58.966610+00:00", "level": "INFO", "jobId": "534aa46c-70bc-430a-a71c-e797f03ce51a", "keyword": "khai trương", "step": "capture", "message": "Capturing 2/∞ (viewport)…", "data": {"w": 0}, "seq": 13675}
{"ts": "2026-05-01T07:17:59.042489+00:00", "level": "INFO", "jobId": "534aa46c-70bc-430a-a71c-e797f03ce51a", "keyword": "khai trương", "step": "capture", "message": "Expanded \"Xem thêm\" (exact-class): +2 (total 2)", "data": {"w": 0}, "seq": 13676}
{"ts": "2026-05-01T07:18:12.836298+00:00", "level": "INFO", "jobId": "534aa46c-70bc-430a-a71c-e797f03ce51a", "keyword": "khai trương", "step": "capture", "message": "Saved post_002.png", "data": {"w": 0}, "seq": 13679}
{"ts": "2026-05-01T07:18:12.838531+00:00", "level": "INFO", "jobId": "534aa46c-70bc-430a-a71c-e797f03ce51a", "keyword": "khai trương", "step": "cooldown", "message": "Cooldown 2.0s (after capture)", "data": {"w": 0}, "seq": 13680}
{"ts": "2026-05-01T07:18:15.729400+00:00", "level": "INFO", "jobId": "534aa46c-70bc-430a-a71c-e797f03ce51a", "keyword": "khai trương", "step": "heartbeat", "message": "Worker alive", "data": {"w": 0, "elapsed_s": 53}, "seq": 13684}
{"ts": "2026-05-01T07:18:15.739455+00:00", "level": "INFO", "jobId": "534aa46c-70bc-430a-a71c-e797f03ce51a", "keyword": "khai trương", "step": "capture", "message": "Capturing 3/∞ (viewport)…", "data": {"w": 0}, "seq": 13685}
{"ts": "2026-05-01T07:18:15.976280+00:00", "level": "INFO", "jobId": "534aa46c-70bc-430a-a71c-e797f03ce51a", "keyword": "khai trương", "step": "capture", "message": "Expanded \"Xem thêm\" (exact-class): +1 (total 1)", "data": {"w": 0}, "seq": 13686}
{"ts": "2026-05-01T07:18:29.149585+00:00", "level": "INFO", "jobId": "534aa46c-70bc-430a-a71c-e797f03ce51a", "keyword": "khai trương", "step": "capture", "message": "Saved post_003.png", "data": {"w": 0}, "seq": 13689}
{"ts": "2026-05-01T07:18:29.150814+00:00", "level": "INFO", "jobId": "534aa46c-70bc-430a-a71c-e797f03ce51a", "keyword": "khai trương", "step": "cooldown", "message": "Cooldown 1.8s (after capture)", "data": {"w": 0}, "seq": 13690}
{"ts": "2026-05-01T07:18:31.482591+00:00", "level": "INFO", "jobId": "534aa46c-70bc-430a-a71c-e797f03ce51a", "keyword": "khai trương", "step": "heartbeat", "message": "Worker alive", "data": {"w": 0, "elapsed_s": 69}, "seq": 13694}
{"ts": "2026-05-01T07:18:31.482591+00:00", "level": "INFO", "jobId": "534aa46c-70bc-430a-a71c-e797f03ce51a", "keyword": "khai trương", "step": "capture", "message": "Capturing 4/∞ (viewport)…", "data": {"w": 0}, "seq": 13695}
{"ts": "2026-05-01T07:18:44.020909+00:00", "level": "INFO", "jobId": "534aa46c-70bc-430a-a71c-e797f03ce51a", "keyword": "khai trương", "step": "capture", "message": "Saved post_004.png", "data": {"w": 0}, "seq": 13698}
{"ts": "2026-05-01T07:18:44.022006+00:00", "level": "INFO", "jobId": "534aa46c-70bc-430a-a71c-e797f03ce51a", "keyword": "khai trương", "step": "cooldown", "message": "Cooldown 2.4s (after capture)", "data": {"w": 0}, "seq": 13699}
{"ts": "2026-05-01T07:18:46.924873+00:00", "level": "INFO", "jobId": "534aa46c-70bc-430a-a71c-e797f03ce51a", "keyword": "khai trương", "step": "heartbeat", "message": "Worker alive", "data": {"w": 0, "elapsed_s": 85}, "seq": 13702}
{"ts": "2026-05-01T07:18:46.924873+00:00", "level": "INFO", "jobId": "534aa46c-70bc-430a-a71c-e797f03ce51a", "keyword": "khai trương", "step": "capture", "message": "Capturing 5/∞ (viewport)…", "data": {"w": 0}, "seq": 13703}
{"ts": "2026-05-01T07:18:46.982682+00:00", "level": "INFO", "jobId": "534aa46c-70bc-430a-a71c-e797f03ce51a", "keyword": "khai trương", "step": "capture", "message": "Expanded \"Xem thêm\" (exact-class): +1 (total 1)", "data": {"w": 0}, "seq": 13704}
{"ts": "2026-05-01T07:18:59.981176+00:00", "level": "INFO", "jobId": "534aa46c-70bc-430a-a71c-e797f03ce51a", "keyword": "khai trương", "step": "capture", "message": "Saved post_005.png", "data": {"w": 0}, "seq": 13709}
{"ts": "2026-05-01T07:18:59.981176+00:00", "level": "INFO", "jobId": "534aa46c-70bc-430a-a71c-e797f03ce51a", "keyword": "khai trương", "step": "cooldown", "message": "Cooldown 1.5s (after capture)", "data": {"w": 0}, "seq": 13710}
{"ts": "2026-05-01T07:19:02.041451+00:00", "level": "INFO", "jobId": "534aa46c-70bc-430a-a71c-e797f03ce51a", "keyword": "khai trương", "step": "heartbeat", "message": "Worker alive", "data": {"w": 0, "elapsed_s": 100}, "seq": 13712}
{"ts": "2026-05-01T07:19:02.042791+00:00", "level": "INFO", "jobId": "534aa46c-70bc-430a-a71c-e797f03ce51a", "keyword": "khai trương", "step": "capture", "message": "Capturing 6/∞ (viewport)…", "data": {"w": 0}, "seq": 13713}
{"ts": "2026-05-01T07:19:14.551404+00:00", "level": "INFO", "jobId": "534aa46c-70bc-430a-a71c-e797f03ce51a", "keyword": "khai trương", "step": "capture", "message": "Saved post_006.png", "data": {"w": 0}, "seq": 13716}
{"ts": "2026-05-01T07:19:14.551404+00:00", "level": "INFO", "jobId": "534aa46c-70bc-430a-a71c-e797f03ce51a", "keyword": "khai trương", "step": "cooldown", "message": "Cooldown 1.1s (after capture)", "data": {"w": 0}, "seq": 13717}
{"ts": "2026-05-01T07:19:16.204920+00:00", "level": "INFO", "jobId": "534aa46c-70bc-430a-a71c-e797f03ce51a", "keyword": "khai trương", "step": "capture", "message": "Capturing 7/∞ (viewport)…", "data": {"w": 0}, "seq": 13720}
{"ts": "2026-05-01T07:19:17.090641+00:00", "level": "INFO", "jobId": "534aa46c-70bc-430a-a71c-e797f03ce51a", "keyword": "khai trương", "step": "heartbeat", "message": "Worker alive", "data": {"w": 0, "elapsed_s": 115}, "seq": 13721}
{"ts": "2026-05-01T07:19:28.826412+00:00", "level": "INFO", "jobId": "534aa46c-70bc-430a-a71c-e797f03ce51a", "keyword": "khai trương", "step": "capture", "message": "Saved post_007.png", "data": {"w": 0}, "seq": 13724}
{"ts": "2026-05-01T07:19:28.827451+00:00", "level": "INFO", "jobId": "534aa46c-70bc-430a-a71c-e797f03ce51a", "keyword": "khai trương", "step": "cooldown", "message": "Cooldown 2.1s (after capture)", "data": {"w": 0}, "seq": 13725}
{"ts": "2026-05-01T07:19:34.395218+00:00", "level": "INFO", "jobId": "534aa46c-70bc-430a-a71c-e797f03ce51a", "keyword": "khai trương", "step": "heartbeat", "message": "Worker alive", "data": {"w": 0, "elapsed_s": 132}, "seq": 13729}
{"ts": "2026-05-01T07:19:34.396742+00:00", "level": "INFO", "jobId": "534aa46c-70bc-430a-a71c-e797f03ce51a", "keyword": "khai trương", "step": "capture", "message": "Capturing 8/∞ (viewport)…", "data": {"w": 0}, "seq": 13730}
{"ts": "2026-05-01T07:19:34.868046+00:00", "level": "INFO", "jobId": "534aa46c-70bc-430a-a71c-e797f03ce51a", "keyword": "khai trương", "step": "capture", "message": "Expanded \"Xem thêm\" (exact-class): +3 (total 3)", "data": {"w": 0}, "seq": 13731}
{"ts": "2026-05-01T07:19:47.750750+00:00", "level": "INFO", "jobId": "534aa46c-70bc-430a-a71c-e797f03ce51a", "keyword": "khai trương", "step": "capture", "message": "Saved post_008.png", "data": {"w": 0}, "seq": 13734}
{"ts": "2026-05-01T07:19:47.751978+00:00", "level": "INFO", "jobId": "534aa46c-70bc-430a-a71c-e797f03ce51a", "keyword": "khai trương", "step": "cooldown", "message": "Cooldown 2.4s (after capture)", "data": {"w": 0}, "seq": 13735}
{"ts": "2026-05-01T07:19:50.678102+00:00", "level": "INFO", "jobId": "534aa46c-70bc-430a-a71c-e797f03ce51a", "keyword": "khai trương", "step": "heartbeat", "message": "Worker alive", "data": {"w": 0, "elapsed_s": 148}, "seq": 13739}
{"ts": "2026-05-01T07:19:50.680694+00:00", "level": "INFO", "jobId": "534aa46c-70bc-430a-a71c-e797f03ce51a", "keyword": "khai trương", "step": "capture", "message": "Capturing 9/∞ (viewport)…", "data": {"w": 0}, "seq": 13740}
{"ts": "2026-05-01T07:19:50.798060+00:00", "level": "INFO", "jobId": "534aa46c-70bc-430a-a71c-e797f03ce51a", "keyword": "khai trương", "step": "capture", "message": "Expanded \"Xem thêm\" (exact-class): +1 (total 1)", "data": {"w": 0}, "seq": 13741}
{"ts": "2026-05-01T07:20:03.687010+00:00", "level": "INFO", "jobId": "534aa46c-70bc-430a-a71c-e797f03ce51a", "keyword": "khai trương", "step": "capture", "message": "Saved post_009.png", "data": {"w": 0}, "seq": 13744}
{"ts": "2026-05-01T07:20:03.688342+00:00", "level": "INFO", "jobId": "534aa46c-70bc-430a-a71c-e797f03ce51a", "keyword": "khai trương", "step": "cooldown", "message": "Cooldown 2.1s (after capture)", "data": {"w": 0}, "seq": 13745}
{"ts": "2026-05-01T07:20:06.349588+00:00", "level": "INFO", "jobId": "534aa46c-70bc-430a-a71c-e797f03ce51a", "keyword": "khai trương", "step": "heartbeat", "message": "Worker alive", "data": {"w": 0, "elapsed_s": 164}, "seq": 13749}
{"ts": "2026-05-01T07:20:06.349588+00:00", "level": "INFO", "jobId": "534aa46c-70bc-430a-a71c-e797f03ce51a", "keyword": "khai trương", "step": "capture", "message": "Capturing 10/∞ (viewport)…", "data": {"w": 0}, "seq": 13750}
{"ts": "2026-05-01T07:20:18.997262+00:00", "level": "INFO", "jobId": "534aa46c-70bc-430a-a71c-e797f03ce51a", "keyword": "khai trương", "step": "capture", "message": "Saved post_010.png", "data": {"w": 0}, "seq": 13753}
{"ts": "2026-05-01T07:20:19.001430+00:00", "level": "INFO", "jobId": "534aa46c-70bc-430a-a71c-e797f03ce51a", "keyword": "khai trương", "step": "cooldown", "message": "Cooldown 1.5s (after capture)", "data": {"w": 0}, "seq": 13754}
{"ts": "2026-05-01T07:20:21.047047+00:00", "level": "INFO", "jobId": "534aa46c-70bc-430a-a71c-e797f03ce51a", "keyword": "khai trương", "step": "capture", "message": "Capturing 11/∞ (viewport)…", "data": {"w": 0}, "seq": 13757}
{"ts": "2026-05-01T07:20:21.169791+00:00", "level": "INFO", "jobId": "534aa46c-70bc-430a-a71c-e797f03ce51a", "keyword": "khai trương", "step": "capture", "message": "Expanded \"Xem thêm\" (exact-class): +1 (total 1)", "data": {"w": 0}, "seq": 13758}
{"ts": "2026-05-01T07:20:21.572047+00:00", "level": "INFO", "jobId": "534aa46c-70bc-430a-a71c-e797f03ce51a", "keyword": "khai trương", "step": "heartbeat", "message": "Worker alive", "data": {"w": 0, "elapsed_s": 179}, "seq": 13759}
{"ts": "2026-05-01T07:20:34.001575+00:00", "level": "INFO", "jobId": "534aa46c-70bc-430a-a71c-e797f03ce51a", "keyword": "khai trương", "step": "capture", "message": "Saved post_011.png", "data": {"w": 0}, "seq": 13762}
{"ts": "2026-05-01T07:20:34.001575+00:00", "level": "INFO", "jobId": "534aa46c-70bc-430a-a71c-e797f03ce51a", "keyword": "khai trương", "step": "cooldown", "message": "Cooldown 1.4s (after capture)", "data": {"w": 0}, "seq": 13763}
{"ts": "2026-05-01T07:20:35.945955+00:00", "level": "INFO", "jobId": "534aa46c-70bc-430a-a71c-e797f03ce51a", "keyword": "khai trương", "step": "capture", "message": "Capturing 12/∞ (viewport)…", "data": {"w": 0}, "seq": 13767}
{"ts": "2026-05-01T07:20:36.065250+00:00", "level": "INFO", "jobId": "534aa46c-70bc-430a-a71c-e797f03ce51a", "keyword": "khai trương", "step": "capture", "message": "Expanded \"Xem thêm\" (exact-class): +1 (total 1)", "data": {"w": 0}, "seq": 13768}
{"ts": "2026-05-01T07:20:36.866226+00:00", "level": "INFO", "jobId": "534aa46c-70bc-430a-a71c-e797f03ce51a", "keyword": "khai trương", "step": "heartbeat", "message": "Worker alive", "data": {"w": 0, "elapsed_s": 195}, "seq": 13769}
{"ts": "2026-05-01T07:20:48.873330+00:00", "level": "INFO", "jobId": "534aa46c-70bc-430a-a71c-e797f03ce51a", "keyword": "khai trương", "step": "capture", "message": "Saved post_012.png", "data": {"w": 0}, "seq": 13772}
{"ts": "2026-05-01T07:20:48.873330+00:00", "level": "INFO", "jobId": "534aa46c-70bc-430a-a71c-e797f03ce51a", "keyword": "khai trương", "step": "cooldown", "message": "Cooldown 1.8s (after capture)", "data": {"w": 0}, "seq": 13773}
{"ts": "2026-05-01T07:20:51.250346+00:00", "level": "INFO", "jobId": "534aa46c-70bc-430a-a71c-e797f03ce51a", "keyword": "khai trương", "step": "capture", "message": "Capturing 13/∞ (viewport)…", "data": {"w": 0}, "seq": 13776}
{"ts": "2026-05-01T07:20:51.472670+00:00", "level": "INFO", "jobId": "534aa46c-70bc-430a-a71c-e797f03ce51a", "keyword": "khai trương", "step": "capture", "message": "Expanded \"Xem thêm\" (exact-class): +1 (total 1)", "data": {"w": 0}, "seq": 13777}
{"ts": "2026-05-01T07:20:51.890630+00:00", "level": "INFO", "jobId": "534aa46c-70bc-430a-a71c-e797f03ce51a", "keyword": "khai trương", "step": "heartbeat", "message": "Worker alive", "data": {"w": 0, "elapsed_s": 210}, "seq": 13779}
{"ts": "2026-05-01T07:21:04.571907+00:00", "level": "INFO", "jobId": "534aa46c-70bc-430a-a71c-e797f03ce51a", "keyword": "khai trương", "step": "capture", "message": "Saved post_013.png", "data": {"w": 0}, "seq": 13782}
{"ts": "2026-05-01T07:21:04.572911+00:00", "level": "INFO", "jobId": "534aa46c-70bc-430a-a71c-e797f03ce51a", "keyword": "khai trương", "step": "cooldown", "message": "Cooldown 2.3s (after capture)", "data": {"w": 0}, "seq": 13783}
{"ts": "2026-05-01T07:21:07.456008+00:00", "level": "INFO", "jobId": "534aa46c-70bc-430a-a71c-e797f03ce51a", "keyword": "khai trương", "step": "heartbeat", "message": "Worker alive", "data": {"w": 0, "elapsed_s": 225}, "seq": 13786}
{"ts": "2026-05-01T07:21:07.457018+00:00", "level": "INFO", "jobId": "534aa46c-70bc-430a-a71c-e797f03ce51a", "keyword": "khai trương", "step": "capture", "message": "Capturing 14/∞ (viewport)…", "data": {"w": 0}, "seq": 13787}
{"ts": "2026-05-01T07:21:07.640834+00:00", "level": "INFO", "jobId": "534aa46c-70bc-430a-a71c-e797f03ce51a", "keyword": "khai trương", "step": "capture", "message": "Expanded \"Xem thêm\" (exact-class): +1 (total 1)", "data": {"w": 0}, "seq": 13789}
{"ts": "2026-05-01T07:21:20.598861+00:00", "level": "INFO", "jobId": "534aa46c-70bc-430a-a71c-e797f03ce51a", "keyword": "khai trương", "step": "capture", "message": "Saved post_014.png", "data": {"w": 0}, "seq": 13790}
{"ts": "2026-05-01T07:21:20.599894+00:00", "level": "INFO", "jobId": "534aa46c-70bc-430a-a71c-e797f03ce51a", "keyword": "khai trương", "step": "cooldown", "message": "Cooldown 1.2s (after capture)", "data": {"w": 0}, "seq": 13791}
{"ts": "2026-05-01T07:21:22.353729+00:00", "level": "INFO", "jobId": "534aa46c-70bc-430a-a71c-e797f03ce51a", "keyword": "khai trương", "step": "capture", "message": "Capturing 15/∞ (viewport)…", "data": {"w": 0}, "seq": 13794}
{"ts": "2026-05-01T07:21:22.457556+00:00", "level": "INFO", "jobId": "534aa46c-70bc-430a-a71c-e797f03ce51a", "keyword": "khai trương", "step": "capture", "message": "Expanded \"Xem thêm\" (exact-class): +1 (total 1)", "data": {"w": 0}, "seq": 13795}
{"ts": "2026-05-01T07:21:22.865661+00:00", "level": "INFO", "jobId": "534aa46c-70bc-430a-a71c-e797f03ce51a", "keyword": "khai trương", "step": "heartbeat", "message": "Worker alive", "data": {"w": 0, "elapsed_s": 241}, "seq": 13796}
{"ts": "2026-05-01T07:21:35.190814+00:00", "level": "INFO", "jobId": "534aa46c-70bc-430a-a71c-e797f03ce51a", "keyword": "khai trương", "step": "capture", "message": "Saved post_015.png", "data": {"w": 0}, "seq": 13800}
{"ts": "2026-05-01T07:21:35.191819+00:00", "level": "INFO", "jobId": "534aa46c-70bc-430a-a71c-e797f03ce51a", "keyword": "khai trương", "step": "cooldown", "message": "Cooldown 1.6s (after capture)", "data": {"w": 0}, "seq": 13801}
{"ts": "2026-05-01T07:21:37.363613+00:00", "level": "INFO", "jobId": "534aa46c-70bc-430a-a71c-e797f03ce51a", "keyword": "khai trương", "step": "capture", "message": "Capturing 16/∞ (viewport)…", "data": {"w": 0}, "seq": 13804}
{"ts": "2026-05-01T07:21:37.867059+00:00", "level": "INFO", "jobId": "534aa46c-70bc-430a-a71c-e797f03ce51a", "keyword": "khai trương", "step": "heartbeat", "message": "Worker alive", "data": {"w": 0, "elapsed_s": 256}, "seq": 13805}
{"ts": "2026-05-01T07:21:50.129384+00:00", "level": "INFO", "jobId": "534aa46c-70bc-430a-a71c-e797f03ce51a", "keyword": "khai trương", "step": "capture", "message": "Saved post_016.png", "data": {"w": 0}, "seq": 13809}
{"ts": "2026-05-01T07:21:50.129384+00:00", "level": "INFO", "jobId": "534aa46c-70bc-430a-a71c-e797f03ce51a", "keyword": "khai trương", "step": "cooldown", "message": "Cooldown 1.5s (after capture)", "data": {"w": 0}, "seq": 13810}
{"ts": "2026-05-01T07:21:52.152710+00:00", "level": "INFO", "jobId": "534aa46c-70bc-430a-a71c-e797f03ce51a", "keyword": "khai trương", "step": "capture", "message": "Capturing 17/∞ (viewport)…", "data": {"w": 0}, "seq": 13811}
{"ts": "2026-05-01T07:21:52.317446+00:00", "level": "INFO", "jobId": "534aa46c-70bc-430a-a71c-e797f03ce51a", "keyword": "khai trương", "step": "capture", "message": "Expanded \"Xem thêm\" (exact-class): +3 (total 3)", "data": {"w": 0}, "seq": 13812}
{"ts": "2026-05-01T07:21:53.115350+00:00", "level": "INFO", "jobId": "534aa46c-70bc-430a-a71c-e797f03ce51a", "keyword": "khai trương", "step": "heartbeat", "message": "Worker alive", "data": {"w": 0, "elapsed_s": 271}, "seq": 13815}
{"ts": "2026-05-01T07:22:05.331910+00:00", "level": "INFO", "jobId": "534aa46c-70bc-430a-a71c-e797f03ce51a", "keyword": "khai trương", "step": "capture", "message": "Saved post_017.png", "data": {"w": 0}, "seq": 13818}
{"ts": "2026-05-01T07:22:05.331910+00:00", "level": "INFO", "jobId": "534aa46c-70bc-430a-a71c-e797f03ce51a", "keyword": "khai trương", "step": "cooldown", "message": "Cooldown 2.7s (after capture)", "data": {"w": 0}, "seq": 13819}
{"ts": "2026-05-01T07:22:08.633100+00:00", "level": "INFO", "jobId": "534aa46c-70bc-430a-a71c-e797f03ce51a", "keyword": "khai trương", "step": "heartbeat", "message": "Worker alive", "data": {"w": 0, "elapsed_s": 286}, "seq": 13822}
{"ts": "2026-05-01T07:22:08.633989+00:00", "level": "INFO", "jobId": "534aa46c-70bc-430a-a71c-e797f03ce51a", "keyword": "khai trương", "step": "capture", "message": "Capturing 18/∞ (viewport)…", "data": {"w": 0}, "seq": 13823}
{"ts": "2026-05-01T07:22:21.297942+00:00", "level": "INFO", "jobId": "534aa46c-70bc-430a-a71c-e797f03ce51a", "keyword": "khai trương", "step": "capture", "message": "Saved post_018.png", "data": {"w": 0}, "seq": 13827}
{"ts": "2026-05-01T07:22:21.299945+00:00", "level": "INFO", "jobId": "534aa46c-70bc-430a-a71c-e797f03ce51a", "keyword": "khai trương", "step": "cooldown", "message": "Cooldown 2.3s (after capture)", "data": {"w": 0}, "seq": 13828}
{"ts": "2026-05-01T07:22:24.113724+00:00", "level": "INFO", "jobId": "534aa46c-70bc-430a-a71c-e797f03ce51a", "keyword": "khai trương", "step": "heartbeat", "message": "Worker alive", "data": {"w": 0, "elapsed_s": 302}, "seq": 13831}
{"ts": "2026-05-01T07:22:24.113724+00:00", "level": "INFO", "jobId": "534aa46c-70bc-430a-a71c-e797f03ce51a", "keyword": "khai trương", "step": "capture", "message": "Capturing 19/∞ (viewport)…", "data": {"w": 0}, "seq": 13832}
{"ts": "2026-05-01T07:22:24.196509+00:00", "level": "INFO", "jobId": "534aa46c-70bc-430a-a71c-e797f03ce51a", "keyword": "khai trương", "step": "capture", "message": "Expanded \"Xem thêm\" (exact-class): +1 (total 1)", "data": {"w": 0}, "seq": 13833}
{"ts": "2026-05-01T07:22:37.304797+00:00", "level": "INFO", "jobId": "534aa46c-70bc-430a-a71c-e797f03ce51a", "keyword": "khai trương", "step": "capture", "message": "Saved post_019.png", "data": {"w": 0}, "seq": 13836}
{"ts": "2026-05-01T07:22:37.306092+00:00", "level": "INFO", "jobId": "534aa46c-70bc-430a-a71c-e797f03ce51a", "keyword": "khai trương", "step": "cooldown", "message": "Cooldown 1.6s (after capture)", "data": {"w": 0}, "seq": 13837}
{"ts": "2026-05-01T07:22:39.477153+00:00", "level": "INFO", "jobId": "534aa46c-70bc-430a-a71c-e797f03ce51a", "keyword": "khai trương", "step": "heartbeat", "message": "Worker alive", "data": {"w": 0, "elapsed_s": 317}, "seq": 13840}
{"ts": "2026-05-01T07:22:39.478245+00:00", "level": "INFO", "jobId": "534aa46c-70bc-430a-a71c-e797f03ce51a", "keyword": "khai trương", "step": "capture", "message": "Capturing 20/∞ (viewport)…", "data": {"w": 0}, "seq": 13841}
{"ts": "2026-05-01T07:22:39.569768+00:00", "level": "INFO", "jobId": "534aa46c-70bc-430a-a71c-e797f03ce51a", "keyword": "khai trương", "step": "capture", "message": "Expanded \"Xem thêm\" (exact-class): +1 (total 1)", "data": {"w": 0}, "seq": 13842}
{"ts": "2026-05-01T07:22:52.302182+00:00", "level": "INFO", "jobId": "534aa46c-70bc-430a-a71c-e797f03ce51a", "keyword": "khai trương", "step": "capture", "message": "Saved post_020.png", "data": {"w": 0}, "seq": 13846}
{"ts": "2026-05-01T07:22:52.303193+00:00", "level": "INFO", "jobId": "534aa46c-70bc-430a-a71c-e797f03ce51a", "keyword": "khai trương", "step": "cooldown", "message": "Cooldown 1.1s (after capture)", "data": {"w": 0}, "seq": 13847}
{"ts": "2026-05-01T07:22:53.979158+00:00", "level": "INFO", "jobId": "534aa46c-70bc-430a-a71c-e797f03ce51a", "keyword": "khai trương", "step": "capture", "message": "Capturing 21/∞ (viewport)…", "data": {"w": 0}, "seq": 13850}
{"ts": "2026-05-01T07:22:54.064631+00:00", "level": "INFO", "jobId": "534aa46c-70bc-430a-a71c-e797f03ce51a", "keyword": "khai trương", "step": "capture", "message": "Expanded \"Xem thêm\" (exact-class): +1 (total 1)", "data": {"w": 0}, "seq": 13851}
{"ts": "2026-05-01T07:22:54.504148+00:00", "level": "INFO", "jobId": "534aa46c-70bc-430a-a71c-e797f03ce51a", "keyword": "khai trương", "step": "heartbeat", "message": "Worker alive", "data": {"w": 0, "elapsed_s": 332}, "seq": 13852}
{"ts": "2026-05-01T07:23:07.326171+00:00", "level": "INFO", "jobId": "534aa46c-70bc-430a-a71c-e797f03ce51a", "keyword": "khai trương", "step": "capture", "message": "Saved post_021.png", "data": {"w": 0}, "seq": 13856}
{"ts": "2026-05-01T07:23:07.328413+00:00", "level": "INFO", "jobId": "534aa46c-70bc-430a-a71c-e797f03ce51a", "keyword": "khai trương", "step": "cooldown", "message": "Cooldown 1.5s (after capture)", "data": {"w": 0}, "seq": 13857}
{"ts": "2026-05-01T07:23:09.461702+00:00", "level": "INFO", "jobId": "534aa46c-70bc-430a-a71c-e797f03ce51a", "keyword": "khai trương", "step": "capture", "message": "Capturing 22/∞ (viewport)…", "data": {"w": 0}, "seq": 13858}
{"ts": "2026-05-01T07:23:09.770893+00:00", "level": "INFO", "jobId": "534aa46c-70bc-430a-a71c-e797f03ce51a", "keyword": "khai trương", "step": "capture", "message": "Expanded \"Xem thêm\" (exact-class): +2 (total 2)", "data": {"w": 0}, "seq": 13859}
{"ts": "2026-05-01T07:23:10.243772+00:00", "level": "INFO", "jobId": "534aa46c-70bc-430a-a71c-e797f03ce51a", "keyword": "khai trương", "step": "heartbeat", "message": "Worker alive", "data": {"w": 0, "elapsed_s": 348}, "seq": 13862}
{"ts": "2026-05-01T07:23:23.088265+00:00", "level": "INFO", "jobId": "534aa46c-70bc-430a-a71c-e797f03ce51a", "keyword": "khai trương", "step": "capture", "message": "Saved post_022.png", "data": {"w": 0}, "seq": 13866}
{"ts": "2026-05-01T07:23:23.088265+00:00", "level": "INFO", "jobId": "534aa46c-70bc-430a-a71c-e797f03ce51a", "keyword": "khai trương", "step": "cooldown", "message": "Cooldown 1.8s (after capture)", "data": {"w": 0}, "seq": 13867}
{"ts": "2026-05-01T07:23:25.470211+00:00", "level": "INFO", "jobId": "534aa46c-70bc-430a-a71c-e797f03ce51a", "keyword": "khai trương", "step": "heartbeat", "message": "Worker alive", "data": {"w": 0, "elapsed_s": 363}, "seq": 13870}
{"ts": "2026-05-01T07:23:25.471229+00:00", "level": "INFO", "jobId": "534aa46c-70bc-430a-a71c-e797f03ce51a", "keyword": "khai trương", "step": "capture", "message": "Capturing 23/∞ (viewport)…", "data": {"w": 0}, "seq": 13871}
{"ts": "2026-05-01T07:23:38.176340+00:00", "level": "INFO", "jobId": "534aa46c-70bc-430a-a71c-e797f03ce51a", "keyword": "khai trương", "step": "capture", "message": "Saved post_023.png", "data": {"w": 0}, "seq": 13874}
{"ts": "2026-05-01T07:23:38.177921+00:00", "level": "INFO", "jobId": "534aa46c-70bc-430a-a71c-e797f03ce51a", "keyword": "khai trương", "step": "cooldown", "message": "Cooldown 1.6s (after capture)", "data": {"w": 0}, "seq": 13875}
{"ts": "2026-05-01T07:23:40.359177+00:00", "level": "INFO", "jobId": "534aa46c-70bc-430a-a71c-e797f03ce51a", "keyword": "khai trương", "step": "capture", "message": "Capturing 24/∞ (viewport)…", "data": {"w": 0}, "seq": 13876}
{"ts": "2026-05-01T07:23:40.479952+00:00", "level": "INFO", "jobId": "534aa46c-70bc-430a-a71c-e797f03ce51a", "keyword": "khai trương", "step": "capture", "message": "Expanded \"Xem thêm\" (exact-class): +1 (total 1)", "data": {"w": 0}, "seq": 13877}
{"ts": "2026-05-01T07:23:40.922739+00:00", "level": "INFO", "jobId": "534aa46c-70bc-430a-a71c-e797f03ce51a", "keyword": "khai trương", "step": "heartbeat", "message": "Worker alive", "data": {"w": 0, "elapsed_s": 379}, "seq": 13880}
{"ts": "2026-05-01T07:23:53.604588+00:00", "level": "INFO", "jobId": "534aa46c-70bc-430a-a71c-e797f03ce51a", "keyword": "khai trương", "step": "capture", "message": "Saved post_024.png", "data": {"w": 0}, "seq": 13884}
{"ts": "2026-05-01T07:23:53.604588+00:00", "level": "INFO", "jobId": "534aa46c-70bc-430a-a71c-e797f03ce51a", "keyword": "khai trương", "step": "cooldown", "message": "Cooldown 2.4s (after capture)", "data": {"w": 0}, "seq": 13885}
{"ts": "2026-05-01T07:23:56.621077+00:00", "level": "INFO", "jobId": "534aa46c-70bc-430a-a71c-e797f03ce51a", "keyword": "khai trương", "step": "heartbeat", "message": "Worker alive", "data": {"w": 0, "elapsed_s": 394}, "seq": 13888}
{"ts": "2026-05-01T07:23:56.621077+00:00", "level": "INFO", "jobId": "534aa46c-70bc-430a-a71c-e797f03ce51a", "keyword": "khai trương", "step": "capture", "message": "Capturing 25/∞ (viewport)…", "data": {"w": 0}, "seq": 13889}
{"ts": "2026-05-01T07:24:09.302123+00:00", "level": "INFO", "jobId": "534aa46c-70bc-430a-a71c-e797f03ce51a", "keyword": "khai trương", "step": "capture", "message": "Saved post_025.png", "data": {"w": 0}, "seq": 13892}
{"ts": "2026-05-01T07:24:09.302123+00:00", "level": "INFO", "jobId": "534aa46c-70bc-430a-a71c-e797f03ce51a", "keyword": "khai trương", "step": "cooldown", "message": "Cooldown 2.9s (after capture)", "data": {"w": 0}, "seq": 13893}
{"ts": "2026-05-01T07:24:12.817219+00:00", "level": "INFO", "jobId": "534aa46c-70bc-430a-a71c-e797f03ce51a", "keyword": "khai trương", "step": "heartbeat", "message": "Worker alive", "data": {"w": 0, "elapsed_s": 411}, "seq": 13896}
{"ts": "2026-05-01T07:24:12.817219+00:00", "level": "INFO", "jobId": "534aa46c-70bc-430a-a71c-e797f03ce51a", "keyword": "khai trương", "step": "capture", "message": "Capturing 26/∞ (viewport)…", "data": {"w": 0}, "seq": 13897}
{"ts": "2026-05-01T07:24:12.920583+00:00", "level": "INFO", "jobId": "534aa46c-70bc-430a-a71c-e797f03ce51a", "keyword": "khai trương", "step": "capture", "message": "Expanded \"Xem thêm\" (exact-class): +1 (total 1)", "data": {"w": 0}, "seq": 13898}
{"ts": "2026-05-01T07:24:25.836630+00:00", "level": "INFO", "jobId": "534aa46c-70bc-430a-a71c-e797f03ce51a", "keyword": "khai trương", "step": "capture", "message": "Saved post_026.png", "data": {"w": 0}, "seq": 13902}
{"ts": "2026-05-01T07:24:25.838634+00:00", "level": "INFO", "jobId": "534aa46c-70bc-430a-a71c-e797f03ce51a", "keyword": "khai trương", "step": "cooldown", "message": "Cooldown 1.6s (after capture)", "data": {"w": 0}, "seq": 13903}
{"ts": "2026-05-01T07:24:28.035974+00:00", "level": "INFO", "jobId": "534aa46c-70bc-430a-a71c-e797f03ce51a", "keyword": "khai trương", "step": "heartbeat", "message": "Worker alive", "data": {"w": 0, "elapsed_s": 426}, "seq": 13904}
{"ts": "2026-05-01T07:24:28.035974+00:00", "level": "INFO", "jobId": "534aa46c-70bc-430a-a71c-e797f03ce51a", "keyword": "khai trương", "step": "capture", "message": "Capturing 27/∞ (viewport)…", "data": {"w": 0}, "seq": 13905}
{"ts": "2026-05-01T07:24:40.871773+00:00", "level": "INFO", "jobId": "534aa46c-70bc-430a-a71c-e797f03ce51a", "keyword": "khai trương", "step": "capture", "message": "Saved post_027.png", "data": {"w": 0}, "seq": 13911}
{"ts": "2026-05-01T07:24:40.871773+00:00", "level": "INFO", "jobId": "534aa46c-70bc-430a-a71c-e797f03ce51a", "keyword": "khai trương", "step": "cooldown", "message": "Cooldown 2.8s (after capture)", "data": {"w": 0}, "seq": 13912}
{"ts": "2026-05-01T07:24:44.376239+00:00", "level": "INFO", "jobId": "534aa46c-70bc-430a-a71c-e797f03ce51a", "keyword": "khai trương", "step": "heartbeat", "message": "Worker alive", "data": {"w": 0, "elapsed_s": 442}, "seq": 13915}
{"ts": "2026-05-01T07:24:44.377240+00:00", "level": "INFO", "jobId": "534aa46c-70bc-430a-a71c-e797f03ce51a", "keyword": "khai trương", "step": "capture", "message": "Capturing 28/∞ (viewport)…", "data": {"w": 0}, "seq": 13916}
{"ts": "2026-05-01T07:24:44.731583+00:00", "level": "INFO", "jobId": "534aa46c-70bc-430a-a71c-e797f03ce51a", "keyword": "khai trương", "step": "capture", "message": "Expanded \"Xem thêm\" (exact-class): +1 (total 1)", "data": {"w": 0}, "seq": 13917}
{"ts": "2026-05-01T07:24:57.571474+00:00", "level": "INFO", "jobId": "534aa46c-70bc-430a-a71c-e797f03ce51a", "keyword": "khai trương", "step": "capture", "message": "Saved post_028.png", "data": {"w": 0}, "seq": 13920}
{"ts": "2026-05-01T07:24:57.571474+00:00", "level": "INFO", "jobId": "534aa46c-70bc-430a-a71c-e797f03ce51a", "keyword": "khai trương", "step": "cooldown", "message": "Cooldown 2.4s (after capture)", "data": {"w": 0}, "seq": 13921}
{"ts": "2026-05-01T07:25:00.642935+00:00", "level": "INFO", "jobId": "534aa46c-70bc-430a-a71c-e797f03ce51a", "keyword": "khai trương", "step": "heartbeat", "message": "Worker alive", "data": {"w": 0, "elapsed_s": 458}, "seq": 13924}
{"ts": "2026-05-01T07:25:00.643962+00:00", "level": "INFO", "jobId": "534aa46c-70bc-430a-a71c-e797f03ce51a", "keyword": "khai trương", "step": "capture", "message": "Capturing 29/∞ (viewport)…", "data": {"w": 0}, "seq": 13925}
{"ts": "2026-05-01T07:25:00.775044+00:00", "level": "INFO", "jobId": "534aa46c-70bc-430a-a71c-e797f03ce51a", "keyword": "khai trương", "step": "capture", "message": "Expanded \"Xem thêm\" (exact-class): +1 (total 1)", "data": {"w": 0}, "seq": 13926}
{"ts": "2026-05-01T07:25:13.856538+00:00", "level": "INFO", "jobId": "534aa46c-70bc-430a-a71c-e797f03ce51a", "keyword": "khai trương", "step": "capture", "message": "Saved post_029.png", "data": {"w": 0}, "seq": 13930}
{"ts": "2026-05-01T07:25:13.858734+00:00", "level": "INFO", "jobId": "534aa46c-70bc-430a-a71c-e797f03ce51a", "keyword": "khai trương", "step": "cooldown", "message": "Cooldown 2.6s (after capture)", "data": {"w": 0}, "seq": 13931}
{"ts": "2026-05-01T07:25:17.072782+00:00", "level": "INFO", "jobId": "534aa46c-70bc-430a-a71c-e797f03ce51a", "keyword": "khai trương", "step": "heartbeat", "message": "Worker alive", "data": {"w": 0, "elapsed_s": 475}, "seq": 13934}
{"ts": "2026-05-01T07:25:17.073785+00:00", "level": "INFO", "jobId": "534aa46c-70bc-430a-a71c-e797f03ce51a", "keyword": "khai trương", "step": "capture", "message": "Capturing 30/∞ (viewport)…", "data": {"w": 0}, "seq": 13935}
{"ts": "2026-05-01T07:25:17.340710+00:00", "level": "INFO", "jobId": "534aa46c-70bc-430a-a71c-e797f03ce51a", "keyword": "khai trương", "step": "capture", "message": "Expanded \"Xem thêm\" (exact-class): +1 (total 1)", "data": {"w": 0}, "seq": 13936}
{"ts": "2026-05-01T07:25:30.312417+00:00", "level": "INFO", "jobId": "534aa46c-70bc-430a-a71c-e797f03ce51a", "keyword": "khai trương", "step": "capture", "message": "Saved post_030.png", "data": {"w": 0}, "seq": 13940}
{"ts": "2026-05-01T07:25:30.312417+00:00", "level": "INFO", "jobId": "534aa46c-70bc-430a-a71c-e797f03ce51a", "keyword": "khai trương", "step": "cooldown", "message": "Cooldown 2.1s (after capture)", "data": {"w": 0}, "seq": 13941}
{"ts": "2026-05-01T07:25:32.975700+00:00", "level": "INFO", "jobId": "534aa46c-70bc-430a-a71c-e797f03ce51a", "keyword": "khai trương", "step": "heartbeat", "message": "Worker alive", "data": {"w": 0, "elapsed_s": 491}, "seq": 13944}
{"ts": "2026-05-01T07:25:32.975700+00:00", "level": "INFO", "jobId": "534aa46c-70bc-430a-a71c-e797f03ce51a", "keyword": "khai trương", "step": "capture", "message": "Capturing 31/∞ (viewport)…", "data": {"w": 0}, "seq": 13945}
{"ts": "2026-05-01T07:25:45.597099+00:00", "level": "INFO", "jobId": "534aa46c-70bc-430a-a71c-e797f03ce51a", "keyword": "khai trương", "step": "capture", "message": "Saved post_031.png", "data": {"w": 0}, "seq": 13949}
{"ts": "2026-05-01T07:25:45.597099+00:00", "level": "INFO", "jobId": "534aa46c-70bc-430a-a71c-e797f03ce51a", "keyword": "khai trương", "step": "cooldown", "message": "Cooldown 2.9s (after capture)", "data": {"w": 0}, "seq": 13950}
{"ts": "2026-05-01T07:25:49.150147+00:00", "level": "INFO", "jobId": "534aa46c-70bc-430a-a71c-e797f03ce51a", "keyword": "khai trương", "step": "heartbeat", "message": "Worker alive", "data": {"w": 0, "elapsed_s": 507}, "seq": 13954}
{"ts": "2026-05-01T07:25:49.154665+00:00", "level": "INFO", "jobId": "534aa46c-70bc-430a-a71c-e797f03ce51a", "keyword": "khai trương", "step": "capture", "message": "Capturing 32/∞ (viewport)…", "data": {"w": 0}, "seq": 13955}
{"ts": "2026-05-01T07:25:49.323624+00:00", "level": "INFO", "jobId": "534aa46c-70bc-430a-a71c-e797f03ce51a", "keyword": "khai trương", "step": "capture", "message": "Expanded \"Xem thêm\" (exact-class): +2 (total 2)", "data": {"w": 0}, "seq": 13957}
{"ts": "2026-05-01T07:26:02.553865+00:00", "level": "INFO", "jobId": "534aa46c-70bc-430a-a71c-e797f03ce51a", "keyword": "khai trương", "step": "capture", "message": "Saved post_032.png", "data": {"w": 0}, "seq": 13960}
{"ts": "2026-05-01T07:26:02.555065+00:00", "level": "INFO", "jobId": "534aa46c-70bc-430a-a71c-e797f03ce51a", "keyword": "khai trương", "step": "cooldown", "message": "Cooldown 2.7s (after capture)", "data": {"w": 0}, "seq": 13961}
{"ts": "2026-05-01T07:26:05.809826+00:00", "level": "INFO", "jobId": "534aa46c-70bc-430a-a71c-e797f03ce51a", "keyword": "khai trương", "step": "heartbeat", "message": "Worker alive", "data": {"w": 0, "elapsed_s": 524}, "seq": 13965}
{"ts": "2026-05-01T07:26:05.809826+00:00", "level": "INFO", "jobId": "534aa46c-70bc-430a-a71c-e797f03ce51a", "keyword": "khai trương", "step": "capture", "message": "Capturing 33/∞ (viewport)…", "data": {"w": 0}, "seq": 13966}
{"ts": "2026-05-01T07:26:18.323643+00:00", "level": "INFO", "jobId": "534aa46c-70bc-430a-a71c-e797f03ce51a", "keyword": "khai trương", "step": "capture", "message": "Saved post_033.png", "data": {"w": 0}, "seq": 13969}
{"ts": "2026-05-01T07:26:18.323643+00:00", "level": "INFO", "jobId": "534aa46c-70bc-430a-a71c-e797f03ce51a", "keyword": "khai trương", "step": "cooldown", "message": "Cooldown 2.5s (after capture)", "data": {"w": 0}, "seq": 13970}
{"ts": "2026-05-01T07:26:21.399989+00:00", "level": "INFO", "jobId": "534aa46c-70bc-430a-a71c-e797f03ce51a", "keyword": "khai trương", "step": "heartbeat", "message": "Worker alive", "data": {"w": 0, "elapsed_s": 539}, "seq": 13973}
{"ts": "2026-05-01T07:26:21.399989+00:00", "level": "INFO", "jobId": "534aa46c-70bc-430a-a71c-e797f03ce51a", "keyword": "khai trương", "step": "capture", "message": "Capturing 34/∞ (viewport)…", "data": {"w": 0}, "seq": 13974}
{"ts": "2026-05-01T07:26:21.541874+00:00", "level": "INFO", "jobId": "534aa46c-70bc-430a-a71c-e797f03ce51a", "keyword": "khai trương", "step": "capture", "message": "Expanded \"Xem thêm\" (exact-class): +1 (total 1)", "data": {"w": 0}, "seq": 13975}
{"ts": "2026-05-01T07:26:34.478752+00:00", "level": "INFO", "jobId": "534aa46c-70bc-430a-a71c-e797f03ce51a", "keyword": "khai trương", "step": "capture", "message": "Saved post_034.png", "data": {"w": 0}, "seq": 13978}
{"ts": "2026-05-01T07:26:34.478752+00:00", "level": "INFO", "jobId": "534aa46c-70bc-430a-a71c-e797f03ce51a", "keyword": "khai trương", "step": "cooldown", "message": "Cooldown 2.1s (after capture)", "data": {"w": 0}, "seq": 13979}
{"ts": "2026-05-01T07:26:37.131414+00:00", "level": "INFO", "jobId": "534aa46c-70bc-430a-a71c-e797f03ce51a", "keyword": "khai trương", "step": "heartbeat", "message": "Worker alive", "data": {"w": 0, "elapsed_s": 555}, "seq": 13983}
{"ts": "2026-05-01T07:26:37.133172+00:00", "level": "INFO", "jobId": "534aa46c-70bc-430a-a71c-e797f03ce51a", "keyword": "khai trương", "step": "capture", "message": "Capturing 35/∞ (viewport)…", "data": {"w": 0}, "seq": 13984}
{"ts": "2026-05-01T07:26:37.252613+00:00", "level": "INFO", "jobId": "534aa46c-70bc-430a-a71c-e797f03ce51a", "keyword": "khai trương", "step": "capture", "message": "Expanded \"Xem thêm\" (exact-class): +1 (total 1)", "data": {"w": 0}, "seq": 13985}
{"ts": "2026-05-01T07:26:50.281493+00:00", "level": "INFO", "jobId": "534aa46c-70bc-430a-a71c-e797f03ce51a", "keyword": "khai trương", "step": "capture", "message": "Saved post_035.png", "data": {"w": 0}, "seq": 13988}
{"ts": "2026-05-01T07:26:50.282302+00:00", "level": "INFO", "jobId": "534aa46c-70bc-430a-a71c-e797f03ce51a", "keyword": "khai trương", "step": "cooldown", "message": "Cooldown 1.7s (after capture)", "data": {"w": 0}, "seq": 13989}
{"ts": "2026-05-01T07:26:52.620706+00:00", "level": "INFO", "jobId": "534aa46c-70bc-430a-a71c-e797f03ce51a", "keyword": "khai trương", "step": "heartbeat", "message": "Worker alive", "data": {"w": 0, "elapsed_s": 570}, "seq": 13993}
{"ts": "2026-05-01T07:26:52.621724+00:00", "level": "INFO", "jobId": "534aa46c-70bc-430a-a71c-e797f03ce51a", "keyword": "khai trương", "step": "capture", "message": "Capturing 36/∞ (viewport)…", "data": {"w": 0}, "seq": 13994}
{"ts": "2026-05-01T07:26:52.744283+00:00", "level": "INFO", "jobId": "534aa46c-70bc-430a-a71c-e797f03ce51a", "keyword": "khai trương", "step": "capture", "message": "Expanded \"Xem thêm\" (exact-class): +1 (total 1)", "data": {"w": 0}, "seq": 13995}
{"ts": "2026-05-01T07:27:05.887420+00:00", "level": "INFO", "jobId": "534aa46c-70bc-430a-a71c-e797f03ce51a", "keyword": "khai trương", "step": "capture", "message": "Saved post_036.png", "data": {"w": 0}, "seq": 13998}
{"ts": "2026-05-01T07:27:05.887420+00:00", "level": "INFO", "jobId": "534aa46c-70bc-430a-a71c-e797f03ce51a", "keyword": "khai trương", "step": "cooldown", "message": "Cooldown 2.4s (after capture)", "data": {"w": 0}, "seq": 13999}
{"ts": "2026-05-01T07:27:08.894996+00:00", "level": "INFO", "jobId": "534aa46c-70bc-430a-a71c-e797f03ce51a", "keyword": "khai trương", "step": "heartbeat", "message": "Worker alive", "data": {"w": 0, "elapsed_s": 587}, "seq": 14003}
{"ts": "2026-05-01T07:27:08.894996+00:00", "level": "INFO", "jobId": "534aa46c-70bc-430a-a71c-e797f03ce51a", "keyword": "khai trương", "step": "capture", "message": "Capturing 37/∞ (viewport)…", "data": {"w": 0}, "seq": 14004}
{"ts": "2026-05-01T07:27:09.040275+00:00", "level": "INFO", "jobId": "534aa46c-70bc-430a-a71c-e797f03ce51a", "keyword": "khai trương", "step": "capture", "message": "Expanded \"Xem thêm\" (exact-class): +1 (total 1)", "data": {"w": 0}, "seq": 14005}
{"ts": "2026-05-01T07:27:21.860826+00:00", "level": "INFO", "jobId": "534aa46c-70bc-430a-a71c-e797f03ce51a", "keyword": "khai trương", "step": "capture", "message": "Saved post_037.png", "data": {"w": 0}, "seq": 14008}
{"ts": "2026-05-01T07:27:21.861599+00:00", "level": "INFO", "jobId": "534aa46c-70bc-430a-a71c-e797f03ce51a", "keyword": "khai trương", "step": "cooldown", "message": "Cooldown 2.6s (after capture)", "data": {"w": 0}, "seq": 14009}
{"ts": "2026-05-01T07:27:25.078145+00:00", "level": "INFO", "jobId": "534aa46c-70bc-430a-a71c-e797f03ce51a", "keyword": "khai trương", "step": "heartbeat", "message": "Worker alive", "data": {"w": 0, "elapsed_s": 603}, "seq": 14013}
{"ts": "2026-05-01T07:27:25.078145+00:00", "level": "INFO", "jobId": "534aa46c-70bc-430a-a71c-e797f03ce51a", "keyword": "khai trương", "step": "capture", "message": "Capturing 38/∞ (viewport)…", "data": {"w": 0}, "seq": 14014}
{"ts": "2026-05-01T07:27:37.965885+00:00", "level": "INFO", "jobId": "534aa46c-70bc-430a-a71c-e797f03ce51a", "keyword": "khai trương", "step": "capture", "message": "Saved post_038.png", "data": {"w": 0}, "seq": 14017}
{"ts": "2026-05-01T07:27:37.976471+00:00", "level": "INFO", "jobId": "534aa46c-70bc-430a-a71c-e797f03ce51a", "keyword": "khai trương", "step": "cooldown", "message": "Cooldown 1.4s (after capture)", "data": {"w": 0}, "seq": 14018}
{"ts": "2026-05-01T07:27:40.170968+00:00", "level": "INFO", "jobId": "534aa46c-70bc-430a-a71c-e797f03ce51a", "keyword": "khai trương", "step": "heartbeat", "message": "Worker alive", "data": {"w": 0, "elapsed_s": 618}, "seq": 14022}
{"ts": "2026-05-01T07:27:40.173131+00:00", "level": "INFO", "jobId": "534aa46c-70bc-430a-a71c-e797f03ce51a", "keyword": "khai trương", "step": "capture", "message": "Capturing 39/∞ (viewport)…", "data": {"w": 0}, "seq": 14023}
{"ts": "2026-05-01T07:27:40.984993+00:00", "level": "INFO", "jobId": "534aa46c-70bc-430a-a71c-e797f03ce51a", "keyword": "khai trương", "step": "capture", "message": "Expanded \"Xem thêm\" (exact-class): +2 (total 2)", "data": {"w": 0}, "seq": 14024}
{"ts": "2026-05-01T07:27:54.011162+00:00", "level": "INFO", "jobId": "534aa46c-70bc-430a-a71c-e797f03ce51a", "keyword": "khai trương", "step": "capture", "message": "Saved post_039.png", "data": {"w": 0}, "seq": 14027}
{"ts": "2026-05-01T07:27:54.012177+00:00", "level": "INFO", "jobId": "534aa46c-70bc-430a-a71c-e797f03ce51a", "keyword": "khai trương", "step": "cooldown", "message": "Cooldown 2.4s (after capture)", "data": {"w": 0}, "seq": 14028}
{"ts": "2026-05-01T07:27:57.070719+00:00", "level": "INFO", "jobId": "534aa46c-70bc-430a-a71c-e797f03ce51a", "keyword": "khai trương", "step": "heartbeat", "message": "Worker alive", "data": {"w": 0, "elapsed_s": 635}, "seq": 14031}
{"ts": "2026-05-01T07:27:57.071719+00:00", "level": "INFO", "jobId": "534aa46c-70bc-430a-a71c-e797f03ce51a", "keyword": "khai trương", "step": "capture", "message": "Capturing 40/∞ (viewport)…", "data": {"w": 0}, "seq": 14032}
{"ts": "2026-05-01T07:27:57.298652+00:00", "level": "INFO", "jobId": "534aa46c-70bc-430a-a71c-e797f03ce51a", "keyword": "khai trương", "step": "capture", "message": "Expanded \"Xem thêm\" (exact-class): +1 (total 1)", "data": {"w": 0}, "seq": 14033}
{"ts": "2026-05-01T07:28:10.449239+00:00", "level": "INFO", "jobId": "534aa46c-70bc-430a-a71c-e797f03ce51a", "keyword": "khai trương", "step": "capture", "message": "Saved post_040.png", "data": {"w": 0}, "seq": 14039}
{"ts": "2026-05-01T07:28:10.450247+00:00", "level": "INFO", "jobId": "534aa46c-70bc-430a-a71c-e797f03ce51a", "keyword": "khai trương", "step": "cooldown", "message": "Cooldown 2.7s (after capture)", "data": {"w": 0}, "seq": 14040}
{"ts": "2026-05-01T07:28:14.062984+00:00", "level": "INFO", "jobId": "534aa46c-70bc-430a-a71c-e797f03ce51a", "keyword": "khai trương", "step": "heartbeat", "message": "Worker alive", "data": {"w": 0, "elapsed_s": 652}, "seq": 14041}
{"ts": "2026-05-01T07:28:14.064984+00:00", "level": "INFO", "jobId": "534aa46c-70bc-430a-a71c-e797f03ce51a", "keyword": "khai trương", "step": "capture", "message": "Capturing 41/∞ (viewport)…", "data": {"w": 0}, "seq": 14042}
{"ts": "2026-05-01T07:28:14.563573+00:00", "level": "INFO", "jobId": "534aa46c-70bc-430a-a71c-e797f03ce51a", "keyword": "khai trương", "step": "capture", "message": "Expanded \"Xem thêm\" (exact-class): +2 (total 2)", "data": {"w": 0}, "seq": 14043}
{"ts": "2026-05-01T07:28:28.471795+00:00", "level": "INFO", "jobId": "534aa46c-70bc-430a-a71c-e797f03ce51a", "keyword": "khai trương", "step": "capture", "message": "Saved post_041.png", "data": {"w": 0}, "seq": 14049}
{"ts": "2026-05-01T07:28:28.472966+00:00", "level": "INFO", "jobId": "534aa46c-70bc-430a-a71c-e797f03ce51a", "keyword": "khai trương", "step": "cooldown", "message": "Cooldown 1.6s (after capture)", "data": {"w": 0}, "seq": 14050}
{"ts": "2026-05-01T07:28:31.084249+00:00", "level": "INFO", "jobId": "534aa46c-70bc-430a-a71c-e797f03ce51a", "keyword": "khai trương", "step": "heartbeat", "message": "Worker alive", "data": {"w": 0, "elapsed_s": 669}, "seq": 14051}
{"ts": "2026-05-01T07:28:31.086642+00:00", "level": "INFO", "jobId": "534aa46c-70bc-430a-a71c-e797f03ce51a", "keyword": "khai trương", "step": "capture", "message": "Capturing 42/∞ (viewport)…", "data": {"w": 0}, "seq": 14052}
{"ts": "2026-05-01T07:28:44.196132+00:00", "level": "INFO", "jobId": "534aa46c-70bc-430a-a71c-e797f03ce51a", "keyword": "khai trương", "step": "capture", "message": "Saved post_042.png", "data": {"w": 0}, "seq": 14058}
{"ts": "2026-05-01T07:28:44.196132+00:00", "level": "INFO", "jobId": "534aa46c-70bc-430a-a71c-e797f03ce51a", "keyword": "khai trương", "step": "cooldown", "message": "Cooldown 2.1s (after capture)", "data": {"w": 0}, "seq": 14059}
{"ts": "2026-05-01T07:28:46.960235+00:00", "level": "INFO", "jobId": "534aa46c-70bc-430a-a71c-e797f03ce51a", "keyword": "khai trương", "step": "heartbeat", "message": "Worker alive", "data": {"w": 0, "elapsed_s": 685}, "seq": 14060}
{"ts": "2026-05-01T07:28:46.960235+00:00", "level": "INFO", "jobId": "534aa46c-70bc-430a-a71c-e797f03ce51a", "keyword": "khai trương", "step": "capture", "message": "Capturing 43/∞ (viewport)…", "data": {"w": 0}, "seq": 14061}
{"ts": "2026-05-01T07:28:47.123648+00:00", "level": "INFO", "jobId": "534aa46c-70bc-430a-a71c-e797f03ce51a", "keyword": "khai trương", "step": "capture", "message": "Expanded \"Xem thêm\" (exact-class): +2 (total 2)", "data": {"w": 0}, "seq": 14062}
{"ts": "2026-05-01T07:29:00.055443+00:00", "level": "INFO", "jobId": "534aa46c-70bc-430a-a71c-e797f03ce51a", "keyword": "khai trương", "step": "capture", "message": "Saved post_043.png", "data": {"w": 0}, "seq": 14067}
{"ts": "2026-05-01T07:29:00.056513+00:00", "level": "INFO", "jobId": "534aa46c-70bc-430a-a71c-e797f03ce51a", "keyword": "khai trương", "step": "cooldown", "message": "Cooldown 1.4s (after capture)", "data": {"w": 0}, "seq": 14068}
{"ts": "2026-05-01T07:29:02.136451+00:00", "level": "INFO", "jobId": "534aa46c-70bc-430a-a71c-e797f03ce51a", "keyword": "khai trương", "step": "heartbeat", "message": "Worker alive", "data": {"w": 0, "elapsed_s": 700}, "seq": 14069}
{"ts": "2026-05-01T07:29:02.137472+00:00", "level": "INFO", "jobId": "534aa46c-70bc-430a-a71c-e797f03ce51a", "keyword": "khai trương", "step": "capture", "message": "Capturing 44/∞ (viewport)…", "data": {"w": 0}, "seq": 14070}
{"ts": "2026-05-01T07:29:14.979780+00:00", "level": "INFO", "jobId": "534aa46c-70bc-430a-a71c-e797f03ce51a", "keyword": "khai trương", "step": "capture", "message": "Saved post_044.png", "data": {"w": 0}, "seq": 14076}
{"ts": "2026-05-01T07:29:14.979780+00:00", "level": "INFO", "jobId": "534aa46c-70bc-430a-a71c-e797f03ce51a", "keyword": "khai trương", "step": "cooldown", "message": "Cooldown 2.5s (after capture)", "data": {"w": 0}, "seq": 14077}
{"ts": "2026-05-01T07:29:18.070303+00:00", "level": "INFO", "jobId": "534aa46c-70bc-430a-a71c-e797f03ce51a", "keyword": "khai trương", "step": "heartbeat", "message": "Worker alive", "data": {"w": 0, "elapsed_s": 716}, "seq": 14078}
{"ts": "2026-05-01T07:29:18.071485+00:00", "level": "INFO", "jobId": "534aa46c-70bc-430a-a71c-e797f03ce51a", "keyword": "khai trương", "step": "capture", "message": "Capturing 45/∞ (viewport)…", "data": {"w": 0}, "seq": 14079}
{"ts": "2026-05-01T07:29:18.205801+00:00", "level": "INFO", "jobId": "534aa46c-70bc-430a-a71c-e797f03ce51a", "keyword": "khai trương", "step": "capture", "message": "Expanded \"Xem thêm\" (exact-class): +1 (total 1)", "data": {"w": 0}, "seq": 14080}
{"ts": "2026-05-01T07:29:31.537477+00:00", "level": "INFO", "jobId": "534aa46c-70bc-430a-a71c-e797f03ce51a", "keyword": "khai trương", "step": "capture", "message": "Saved post_045.png", "data": {"w": 0}, "seq": 14085}
{"ts": "2026-05-01T07:29:31.543638+00:00", "level": "INFO", "jobId": "534aa46c-70bc-430a-a71c-e797f03ce51a", "keyword": "khai trương", "step": "cooldown", "message": "Cooldown 1.7s (after capture)", "data": {"w": 0}, "seq": 14086}
{"ts": "2026-05-01T07:29:33.878885+00:00", "level": "INFO", "jobId": "534aa46c-70bc-430a-a71c-e797f03ce51a", "keyword": "khai trương", "step": "heartbeat", "message": "Worker alive", "data": {"w": 0, "elapsed_s": 732}, "seq": 14087}
{"ts": "2026-05-01T07:29:33.880885+00:00", "level": "INFO", "jobId": "534aa46c-70bc-430a-a71c-e797f03ce51a", "keyword": "khai trương", "step": "capture", "message": "Capturing 46/∞ (viewport)…", "data": {"w": 0}, "seq": 14088}
{"ts": "2026-05-01T07:29:34.039436+00:00", "level": "INFO", "jobId": "534aa46c-70bc-430a-a71c-e797f03ce51a", "keyword": "khai trương", "step": "capture", "message": "Expanded \"Xem thêm\" (exact-class): +2 (total 2)", "data": {"w": 0}, "seq": 14089}
{"ts": "2026-05-01T07:29:46.868818+00:00", "level": "INFO", "jobId": "534aa46c-70bc-430a-a71c-e797f03ce51a", "keyword": "khai trương", "step": "capture", "message": "Saved post_046.png", "data": {"w": 0}, "seq": 14095}
{"ts": "2026-05-01T07:29:46.868818+00:00", "level": "INFO", "jobId": "534aa46c-70bc-430a-a71c-e797f03ce51a", "keyword": "khai trương", "step": "cooldown", "message": "Cooldown 2.9s (after capture)", "data": {"w": 0}, "seq": 14096}
{"ts": "2026-05-01T07:29:50.425625+00:00", "level": "INFO", "jobId": "534aa46c-70bc-430a-a71c-e797f03ce51a", "keyword": "khai trương", "step": "heartbeat", "message": "Worker alive", "data": {"w": 0, "elapsed_s": 748}, "seq": 14097}
{"ts": "2026-05-01T07:29:50.427635+00:00", "level": "INFO", "jobId": "534aa46c-70bc-430a-a71c-e797f03ce51a", "keyword": "khai trương", "step": "capture", "message": "Capturing 47/∞ (viewport)…", "data": {"w": 0}, "seq": 14098}
{"ts": "2026-05-01T07:30:03.123404+00:00", "level": "INFO", "jobId": "534aa46c-70bc-430a-a71c-e797f03ce51a", "keyword": "khai trương", "step": "capture", "message": "Saved post_047.png", "data": {"w": 0}, "seq": 14104}
{"ts": "2026-05-01T07:30:03.124702+00:00", "level": "INFO", "jobId": "534aa46c-70bc-430a-a71c-e797f03ce51a", "keyword": "khai trương", "step": "cooldown", "message": "Cooldown 2.9s (after capture)", "data": {"w": 0}, "seq": 14105}
{"ts": "2026-05-01T07:30:06.658956+00:00", "level": "INFO", "jobId": "534aa46c-70bc-430a-a71c-e797f03ce51a", "keyword": "khai trương", "step": "heartbeat", "message": "Worker alive", "data": {"w": 0, "elapsed_s": 764}, "seq": 14106}
{"ts": "2026-05-01T07:30:06.658956+00:00", "level": "INFO", "jobId": "534aa46c-70bc-430a-a71c-e797f03ce51a", "keyword": "khai trương", "step": "capture", "message": "Capturing 48/∞ (viewport)…", "data": {"w": 0}, "seq": 14107}
{"ts": "2026-05-01T07:30:06.934909+00:00", "level": "INFO", "jobId": "534aa46c-70bc-430a-a71c-e797f03ce51a", "keyword": "khai trương", "step": "capture", "message": "Expanded \"Xem thêm\" (exact-class): +2 (total 2)", "data": {"w": 0}, "seq": 14108}
{"ts": "2026-05-01T07:30:20.151077+00:00", "level": "INFO", "jobId": "534aa46c-70bc-430a-a71c-e797f03ce51a", "keyword": "khai trương", "step": "capture", "message": "Saved post_048.png", "data": {"w": 0}, "seq": 14114}
{"ts": "2026-05-01T07:30:20.151077+00:00", "level": "INFO", "jobId": "534aa46c-70bc-430a-a71c-e797f03ce51a", "keyword": "khai trương", "step": "cooldown", "message": "Cooldown 1.7s (after capture)", "data": {"w": 0}, "seq": 14115}
{"ts": "2026-05-01T07:30:22.558859+00:00", "level": "INFO", "jobId": "534aa46c-70bc-430a-a71c-e797f03ce51a", "keyword": "khai trương", "step": "heartbeat", "message": "Worker alive", "data": {"w": 0, "elapsed_s": 780}, "seq": 14116}
{"ts": "2026-05-01T07:30:22.558859+00:00", "level": "INFO", "jobId": "534aa46c-70bc-430a-a71c-e797f03ce51a", "keyword": "khai trương", "step": "capture", "message": "Capturing 49/∞ (viewport)…", "data": {"w": 0}, "seq": 14117}
{"ts": "2026-05-01T07:30:22.720718+00:00", "level": "INFO", "jobId": "534aa46c-70bc-430a-a71c-e797f03ce51a", "keyword": "khai trương", "step": "capture", "message": "Expanded \"Xem thêm\" (exact-class): +1 (total 1)", "data": {"w": 0}, "seq": 14118}
{"ts": "2026-05-01T07:31:35.417485+00:00", "level": "INFO", "jobId": "534aa46c-70bc-430a-a71c-e797f03ce51a", "keyword": "khai trương", "step": "capture", "message": "Viewport screenshot error (will retry): Page.screenshot: Timeout 60000ms exceeded.\nCall log:\n  - taking page screenshot\n  -   - waiting for fonts to load...\n  -   - fonts loaded\n", "data": {"w": 0}, "seq": 14128}
{"ts": "2026-05-01T07:31:35.464578+00:00", "level": "INFO", "jobId": "534aa46c-70bc-430a-a71c-e797f03ce51a", "keyword": "khai trương", "step": "heartbeat", "message": "Worker alive", "data": {"w": 0, "elapsed_s": 853}, "seq": 14129}
{"ts": "2026-05-01T07:31:35.464578+00:00", "level": "INFO", "jobId": "534aa46c-70bc-430a-a71c-e797f03ce51a", "keyword": "khai trương", "step": "capture", "message": "Capturing 49/∞ (viewport)…", "data": {"w": 0}, "seq": 14130}
{"ts": "2026-05-01T07:32:48.171019+00:00", "level": "INFO", "jobId": "534aa46c-70bc-430a-a71c-e797f03ce51a", "keyword": "khai trương", "step": "capture", "message": "Viewport screenshot error (will retry): Page.screenshot: Timeout 60000ms exceeded.\nCall log:\n  - taking page screenshot\n  -   - waiting for fonts to load...\n  -   - fonts loaded\n", "data": {"w": 0}, "seq": 14136}
{"ts": "2026-05-01T07:32:48.219369+00:00", "level": "INFO", "jobId": "534aa46c-70bc-430a-a71c-e797f03ce51a", "keyword": "khai trương", "step": "heartbeat", "message": "Worker alive", "data": {"w": 0, "elapsed_s": 926}, "seq": 14137}
{"ts": "2026-05-01T07:32:48.220424+00:00", "level": "ERROR", "jobId": "534aa46c-70bc-430a-a71c-e797f03ce51a", "keyword": "khai trương", "step": "watchdog", "message": "Hard-timeout exceeded (900s). Will stop this job to prevent hanging.", "data": {"w": 0, "elapsed_s": 926, "hard_timeout_s": 900}, "seq": 14138}
{"ts": "2026-05-01T07:32:48.221435+00:00", "level": "INFO", "jobId": "534aa46c-70bc-430a-a71c-e797f03ce51a", "keyword": "khai trương", "step": "cancel", "message": "Cancel requested.", "data": {"w": 0}, "seq": 14139}
{"ts": "2026-05-01T07:32:48.221435+00:00", "level": "ERROR", "jobId": "534aa46c-70bc-430a-a71c-e797f03ce51a", "keyword": "khai trương", "step": "watchdog", "message": "Job marked error due to hard-timeout. Relaunching browser.", "data": {"w": 0}, "seq": 14140}
