{"ts": "2026-05-01T14:36:17.562130+00:00", "level": "INFO", "jobId": "587a6a93-ebab-49c4-823b-c60d2f14adb5", "keyword": "khai trương hcm", "step": "created", "message": "Job created", "data": {"maxPosts": "unlimited"}, "seq": 19197}
{"ts": "2026-05-01T14:36:19.708769+00:00", "level": "INFO", "jobId": "587a6a93-ebab-49c4-823b-c60d2f14adb5", "keyword": "khai trương hcm", "step": "start", "message": "Job started (attempt 1/2)", "data": {"w": 1}, "seq": 19204}
{"ts": "2026-05-01T14:36:28.689108+00:00", "level": "INFO", "jobId": "587a6a93-ebab-49c4-823b-c60d2f14adb5", "keyword": "khai trương hcm", "step": "login", "message": "Already logged in (home).", "data": {"w": 1}, "seq": 19210}
{"ts": "2026-05-01T14:36:28.700022+00:00", "level": "INFO", "jobId": "587a6a93-ebab-49c4-823b-c60d2f14adb5", "keyword": "khai trương hcm", "step": "search", "message": "Searching keyword: \"khai trương hcm\"", "data": {"w": 1}, "seq": 19211}
{"ts": "2026-05-01T14:36:36.747290+00:00", "level": "INFO", "jobId": "587a6a93-ebab-49c4-823b-c60d2f14adb5", "keyword": "khai trương hcm", "step": "capture", "message": "Start capturing all posts until end of results.", "data": {"w": 1}, "seq": 19214}
{"ts": "2026-05-01T14:36:36.749301+00:00", "level": "INFO", "jobId": "587a6a93-ebab-49c4-823b-c60d2f14adb5", "keyword": "khai trương hcm", "step": "capture", "message": "Output folder: Lan 1 - 2136", "data": {"w": 1}, "seq": 19215}
{"ts": "2026-05-01T14:36:49.989921+00:00", "level": "INFO", "jobId": "587a6a93-ebab-49c4-823b-c60d2f14adb5", "keyword": "khai trương hcm", "step": "capture", "message": "Capturing posinset=1 (1/∞)…", "data": {"w": 1}, "seq": 19217}
{"ts": "2026-05-01T14:36:52.836032+00:00", "level": "INFO", "jobId": "587a6a93-ebab-49c4-823b-c60d2f14adb5", "keyword": "khai trương hcm", "step": "capture", "message": "Saved post_001.png (posinset=1)", "data": {"w": 1}, "seq": 19221}
{"ts": "2026-05-01T14:36:52.836032+00:00", "level": "INFO", "jobId": "587a6a93-ebab-49c4-823b-c60d2f14adb5", "keyword": "khai trương hcm", "step": "cooldown", "message": "Cooldown 1.0s (after capture)", "data": {"w": 1}, "seq": 19222}
{"ts": "2026-05-01T14:36:53.869244+00:00", "level": "INFO", "jobId": "587a6a93-ebab-49c4-823b-c60d2f14adb5", "keyword": "khai trương hcm", "step": "capture", "message": "Capturing posinset=2 (2/∞)…", "data": {"w": 1}, "seq": 19225}
{"ts": "2026-05-01T14:36:55.208025+00:00", "level": "INFO", "jobId": "587a6a93-ebab-49c4-823b-c60d2f14adb5", "keyword": "khai trương hcm", "step": "capture", "message": "Saved post_002.png (posinset=2)", "data": {"w": 1}, "seq": 19227}
{"ts": "2026-05-01T14:36:55.209027+00:00", "level": "INFO", "jobId": "587a6a93-ebab-49c4-823b-c60d2f14adb5", "keyword": "khai trương hcm", "step": "cooldown", "message": "Cooldown 1.0s (after capture)", "data": {"w": 1}, "seq": 19228}
{"ts": "2026-05-01T14:36:56.226227+00:00", "level": "INFO", "jobId": "587a6a93-ebab-49c4-823b-c60d2f14adb5", "keyword": "khai trương hcm", "step": "capture", "message": "Capturing posinset=3 (3/∞)…", "data": {"w": 1}, "seq": 19231}
{"ts": "2026-05-01T14:36:57.407581+00:00", "level": "INFO", "jobId": "587a6a93-ebab-49c4-823b-c60d2f14adb5", "keyword": "khai trương hcm", "step": "capture", "message": "Saved post_003.png (posinset=3)", "data": {"w": 1}, "seq": 19233}
{"ts": "2026-05-01T14:36:57.408804+00:00", "level": "INFO", "jobId": "587a6a93-ebab-49c4-823b-c60d2f14adb5", "keyword": "khai trương hcm", "step": "cooldown", "message": "Cooldown 1.0s (after capture)", "data": {"w": 1}, "seq": 19234}
{"ts": "2026-05-01T14:36:58.415940+00:00", "level": "INFO", "jobId": "587a6a93-ebab-49c4-823b-c60d2f14adb5", "keyword": "khai trương hcm", "step": "capture", "message": "Capturing posinset=4 (4/∞)…", "data": {"w": 1}, "seq": 19237}
{"ts": "2026-05-01T14:36:59.624173+00:00", "level": "INFO", "jobId": "587a6a93-ebab-49c4-823b-c60d2f14adb5", "keyword": "khai trương hcm", "step": "capture", "message": "Saved post_004.png (posinset=4)", "data": {"w": 1}, "seq": 19240}
{"ts": "2026-05-01T14:36:59.626162+00:00", "level": "INFO", "jobId": "587a6a93-ebab-49c4-823b-c60d2f14adb5", "keyword": "khai trương hcm", "step": "cooldown", "message": "Cooldown 1.0s (after capture)", "data": {"w": 1}, "seq": 19241}
{"ts": "2026-05-01T14:37:00.642334+00:00", "level": "INFO", "jobId": "587a6a93-ebab-49c4-823b-c60d2f14adb5", "keyword": "khai trương hcm", "step": "capture", "message": "Capturing posinset=5 (5/∞)…", "data": {"w": 1}, "seq": 19244}
{"ts": "2026-05-01T14:37:01.807119+00:00", "level": "INFO", "jobId": "587a6a93-ebab-49c4-823b-c60d2f14adb5", "keyword": "khai trương hcm", "step": "capture", "message": "Saved post_005.png (posinset=5)", "data": {"w": 1}, "seq": 19246}
{"ts": "2026-05-01T14:37:01.812430+00:00", "level": "INFO", "jobId": "587a6a93-ebab-49c4-823b-c60d2f14adb5", "keyword": "khai trương hcm", "step": "cooldown", "message": "Cooldown 1.0s (after capture)", "data": {"w": 1}, "seq": 19247}
{"ts": "2026-05-01T14:37:02.833898+00:00", "level": "INFO", "jobId": "587a6a93-ebab-49c4-823b-c60d2f14adb5", "keyword": "khai trương hcm", "step": "capture", "message": "Capturing posinset=6 (6/∞)…", "data": {"w": 1}, "seq": 19253}
{"ts": "2026-05-01T14:37:04.477630+00:00", "level": "INFO", "jobId": "587a6a93-ebab-49c4-823b-c60d2f14adb5", "keyword": "khai trương hcm", "step": "capture", "message": "Saved post_006.png (posinset=6)", "data": {"w": 1}, "seq": 19255}
{"ts": "2026-05-01T14:37:04.477630+00:00", "level": "INFO", "jobId": "587a6a93-ebab-49c4-823b-c60d2f14adb5", "keyword": "khai trương hcm", "step": "cooldown", "message": "Cooldown 1.0s (after capture)", "data": {"w": 1}, "seq": 19256}
{"ts": "2026-05-01T14:37:05.493090+00:00", "level": "INFO", "jobId": "587a6a93-ebab-49c4-823b-c60d2f14adb5", "keyword": "khai trương hcm", "step": "heartbeat", "message": "Worker alive", "data": {"w": 1, "elapsed_s": 45}, "seq": 19259}
{"ts": "2026-05-01T14:37:05.495098+00:00", "level": "INFO", "jobId": "587a6a93-ebab-49c4-823b-c60d2f14adb5", "keyword": "khai trương hcm", "step": "capture", "message": "Capturing posinset=7 (7/∞)…", "data": {"w": 1}, "seq": 19260}
{"ts": "2026-05-01T14:37:06.979622+00:00", "level": "INFO", "jobId": "587a6a93-ebab-49c4-823b-c60d2f14adb5", "keyword": "khai trương hcm", "step": "capture", "message": "Saved post_007.png (posinset=7)", "data": {"w": 1}, "seq": 19262}
{"ts": "2026-05-01T14:37:06.982025+00:00", "level": "INFO", "jobId": "587a6a93-ebab-49c4-823b-c60d2f14adb5", "keyword": "khai trương hcm", "step": "cooldown", "message": "Cooldown 1.0s (after capture)", "data": {"w": 1}, "seq": 19263}
{"ts": "2026-05-01T14:37:08.007945+00:00", "level": "INFO", "jobId": "587a6a93-ebab-49c4-823b-c60d2f14adb5", "keyword": "khai trương hcm", "step": "capture", "message": "Capturing posinset=8 (8/∞)…", "data": {"w": 1}, "seq": 19266}
{"ts": "2026-05-01T14:37:09.278209+00:00", "level": "INFO", "jobId": "587a6a93-ebab-49c4-823b-c60d2f14adb5", "keyword": "khai trương hcm", "step": "capture", "message": "Saved post_008.png (posinset=8)", "data": {"w": 1}, "seq": 19268}
{"ts": "2026-05-01T14:37:09.279418+00:00", "level": "INFO", "jobId": "587a6a93-ebab-49c4-823b-c60d2f14adb5", "keyword": "khai trương hcm", "step": "cooldown", "message": "Cooldown 1.0s (after capture)", "data": {"w": 1}, "seq": 19269}
{"ts": "2026-05-01T14:37:10.305189+00:00", "level": "INFO", "jobId": "587a6a93-ebab-49c4-823b-c60d2f14adb5", "keyword": "khai trương hcm", "step": "capture", "message": "Capturing posinset=9 (9/∞)…", "data": {"w": 1}, "seq": 19272}
{"ts": "2026-05-01T14:37:11.414315+00:00", "level": "INFO", "jobId": "587a6a93-ebab-49c4-823b-c60d2f14adb5", "keyword": "khai trương hcm", "step": "capture", "message": "Saved post_009.png (posinset=9)", "data": {"w": 1}, "seq": 19274}
{"ts": "2026-05-01T14:37:11.415334+00:00", "level": "INFO", "jobId": "587a6a93-ebab-49c4-823b-c60d2f14adb5", "keyword": "khai trương hcm", "step": "cooldown", "message": "Cooldown 1.0s (after capture)", "data": {"w": 1}, "seq": 19275}
{"ts": "2026-05-01T14:37:12.422465+00:00", "level": "INFO", "jobId": "587a6a93-ebab-49c4-823b-c60d2f14adb5", "keyword": "khai trương hcm", "step": "capture", "message": "Capturing posinset=10 (10/∞)…", "data": {"w": 1}, "seq": 19279}
{"ts": "2026-05-01T14:37:13.419121+00:00", "level": "INFO", "jobId": "587a6a93-ebab-49c4-823b-c60d2f14adb5", "keyword": "khai trương hcm", "step": "capture", "message": "Saved post_010.png (posinset=10)", "data": {"w": 1}, "seq": 19282}
{"ts": "2026-05-01T14:37:13.419121+00:00", "level": "INFO", "jobId": "587a6a93-ebab-49c4-823b-c60d2f14adb5", "keyword": "khai trương hcm", "step": "cooldown", "message": "Cooldown 1.0s (after capture)", "data": {"w": 1}, "seq": 19283}
{"ts": "2026-05-01T14:37:14.444798+00:00", "level": "INFO", "jobId": "587a6a93-ebab-49c4-823b-c60d2f14adb5", "keyword": "khai trương hcm", "step": "capture", "message": "Capturing posinset=11 (11/∞)…", "data": {"w": 1}, "seq": 19286}
{"ts": "2026-05-01T14:37:16.397664+00:00", "level": "INFO", "jobId": "587a6a93-ebab-49c4-823b-c60d2f14adb5", "keyword": "khai trương hcm", "step": "capture", "message": "Capturing posinset=11 (11/∞)…", "data": {"w": 1}, "seq": 19291}
{"ts": "2026-05-01T14:37:17.649768+00:00", "level": "INFO", "jobId": "587a6a93-ebab-49c4-823b-c60d2f14adb5", "keyword": "khai trương hcm", "step": "capture", "message": "Saved post_011.png (posinset=11)", "data": {"w": 1}, "seq": 19293}
{"ts": "2026-05-01T14:37:17.649768+00:00", "level": "INFO", "jobId": "587a6a93-ebab-49c4-823b-c60d2f14adb5", "keyword": "khai trương hcm", "step": "cooldown", "message": "Cooldown 1.0s (after capture)", "data": {"w": 1}, "seq": 19294}
{"ts": "2026-05-01T14:37:18.685399+00:00", "level": "INFO", "jobId": "587a6a93-ebab-49c4-823b-c60d2f14adb5", "keyword": "khai trương hcm", "step": "capture", "message": "Capturing posinset=12 (12/∞)…", "data": {"w": 1}, "seq": 19297}
{"ts": "2026-05-01T14:37:19.686425+00:00", "level": "INFO", "jobId": "587a6a93-ebab-49c4-823b-c60d2f14adb5", "keyword": "khai trương hcm", "step": "capture", "message": "Saved post_012.png (posinset=12)", "data": {"w": 1}, "seq": 19299}
{"ts": "2026-05-01T14:37:19.686425+00:00", "level": "INFO", "jobId": "587a6a93-ebab-49c4-823b-c60d2f14adb5", "keyword": "khai trương hcm", "step": "cooldown", "message": "Cooldown 1.0s (after capture)", "data": {"w": 1}, "seq": 19300}
{"ts": "2026-05-01T14:37:20.704071+00:00", "level": "INFO", "jobId": "587a6a93-ebab-49c4-823b-c60d2f14adb5", "keyword": "khai trương hcm", "step": "heartbeat", "message": "Worker alive", "data": {"w": 1, "elapsed_s": 60}, "seq": 19303}
{"ts": "2026-05-01T14:37:20.711089+00:00", "level": "INFO", "jobId": "587a6a93-ebab-49c4-823b-c60d2f14adb5", "keyword": "khai trương hcm", "step": "capture", "message": "Capturing posinset=13 (13/∞)…", "data": {"w": 1}, "seq": 19304}
{"ts": "2026-05-01T14:37:22.106750+00:00", "level": "INFO", "jobId": "587a6a93-ebab-49c4-823b-c60d2f14adb5", "keyword": "khai trương hcm", "step": "capture", "message": "Saved post_013.png (posinset=13)", "data": {"w": 1}, "seq": 19306}
{"ts": "2026-05-01T14:37:22.106750+00:00", "level": "INFO", "jobId": "587a6a93-ebab-49c4-823b-c60d2f14adb5", "keyword": "khai trương hcm", "step": "cooldown", "message": "Cooldown 1.0s (after capture)", "data": {"w": 1}, "seq": 19307}
{"ts": "2026-05-01T14:37:23.117949+00:00", "level": "INFO", "jobId": "587a6a93-ebab-49c4-823b-c60d2f14adb5", "keyword": "khai trương hcm", "step": "capture", "message": "Capturing posinset=14 (14/∞)…", "data": {"w": 1}, "seq": 19312}
{"ts": "2026-05-01T14:37:24.205071+00:00", "level": "INFO", "jobId": "587a6a93-ebab-49c4-823b-c60d2f14adb5", "keyword": "khai trương hcm", "step": "capture", "message": "Saved post_014.png (posinset=14)", "data": {"w": 1}, "seq": 19314}
{"ts": "2026-05-01T14:37:24.205071+00:00", "level": "INFO", "jobId": "587a6a93-ebab-49c4-823b-c60d2f14adb5", "keyword": "khai trương hcm", "step": "cooldown", "message": "Cooldown 1.0s (after capture)", "data": {"w": 1}, "seq": 19315}
{"ts": "2026-05-01T14:37:25.234357+00:00", "level": "INFO", "jobId": "587a6a93-ebab-49c4-823b-c60d2f14adb5", "keyword": "khai trương hcm", "step": "capture", "message": "Capturing posinset=15 (15/∞)…", "data": {"w": 1}, "seq": 19318}
{"ts": "2026-05-01T14:37:26.673851+00:00", "level": "INFO", "jobId": "587a6a93-ebab-49c4-823b-c60d2f14adb5", "keyword": "khai trương hcm", "step": "capture", "message": "Saved post_015.png (posinset=15)", "data": {"w": 1}, "seq": 19320}
{"ts": "2026-05-01T14:37:26.677842+00:00", "level": "INFO", "jobId": "587a6a93-ebab-49c4-823b-c60d2f14adb5", "keyword": "khai trương hcm", "step": "cooldown", "message": "Cooldown 1.0s (after capture)", "data": {"w": 1}, "seq": 19321}
{"ts": "2026-05-01T14:37:27.706335+00:00", "level": "INFO", "jobId": "587a6a93-ebab-49c4-823b-c60d2f14adb5", "keyword": "khai trương hcm", "step": "capture", "message": "Capturing posinset=16 (16/∞)…", "data": {"w": 1}, "seq": 19324}
{"ts": "2026-05-01T14:37:28.886486+00:00", "level": "INFO", "jobId": "587a6a93-ebab-49c4-823b-c60d2f14adb5", "keyword": "khai trương hcm", "step": "capture", "message": "Saved post_016.png (posinset=16)", "data": {"w": 1}, "seq": 19326}
{"ts": "2026-05-01T14:37:28.888997+00:00", "level": "INFO", "jobId": "587a6a93-ebab-49c4-823b-c60d2f14adb5", "keyword": "khai trương hcm", "step": "cooldown", "message": "Cooldown 1.0s (after capture)", "data": {"w": 1}, "seq": 19327}
{"ts": "2026-05-01T14:37:29.924477+00:00", "level": "INFO", "jobId": "587a6a93-ebab-49c4-823b-c60d2f14adb5", "keyword": "khai trương hcm", "step": "capture", "message": "Capturing posinset=17 (17/∞)…", "data": {"w": 1}, "seq": 19330}
{"ts": "2026-05-01T14:37:31.239098+00:00", "level": "INFO", "jobId": "587a6a93-ebab-49c4-823b-c60d2f14adb5", "keyword": "khai trương hcm", "step": "capture", "message": "Saved post_017.png (posinset=17)", "data": {"w": 1}, "seq": 19333}
{"ts": "2026-05-01T14:37:31.240346+00:00", "level": "INFO", "jobId": "587a6a93-ebab-49c4-823b-c60d2f14adb5", "keyword": "khai trương hcm", "step": "cooldown", "message": "Cooldown 1.0s (after capture)", "data": {"w": 1}, "seq": 19334}
{"ts": "2026-05-01T14:37:32.258811+00:00", "level": "INFO", "jobId": "587a6a93-ebab-49c4-823b-c60d2f14adb5", "keyword": "khai trương hcm", "step": "capture", "message": "Capturing posinset=18 (18/∞)…", "data": {"w": 1}, "seq": 19338}
{"ts": "2026-05-01T14:37:33.414234+00:00", "level": "INFO", "jobId": "587a6a93-ebab-49c4-823b-c60d2f14adb5", "keyword": "khai trương hcm", "step": "capture", "message": "Saved post_018.png (posinset=18)", "data": {"w": 1}, "seq": 19341}
{"ts": "2026-05-01T14:37:33.414234+00:00", "level": "INFO", "jobId": "587a6a93-ebab-49c4-823b-c60d2f14adb5", "keyword": "khai trương hcm", "step": "cooldown", "message": "Cooldown 1.0s (after capture)", "data": {"w": 1}, "seq": 19342}
{"ts": "2026-05-01T14:37:34.440730+00:00", "level": "INFO", "jobId": "587a6a93-ebab-49c4-823b-c60d2f14adb5", "keyword": "khai trương hcm", "step": "capture", "message": "Capturing posinset=19 (19/∞)…", "data": {"w": 1}, "seq": 19345}
{"ts": "2026-05-01T14:37:37.361828+00:00", "level": "INFO", "jobId": "587a6a93-ebab-49c4-823b-c60d2f14adb5", "keyword": "khai trương hcm", "step": "heartbeat", "message": "Worker alive", "data": {"w": 1, "elapsed_s": 77}, "seq": 19348}
{"ts": "2026-05-01T14:37:37.364124+00:00", "level": "INFO", "jobId": "587a6a93-ebab-49c4-823b-c60d2f14adb5", "keyword": "khai trương hcm", "step": "capture", "message": "Capturing posinset=19 (19/∞)…", "data": {"w": 1}, "seq": 19349}
{"ts": "2026-05-01T14:37:40.782636+00:00", "level": "INFO", "jobId": "587a6a93-ebab-49c4-823b-c60d2f14adb5", "keyword": "khai trương hcm", "step": "capture", "message": "Saved post_019.png (posinset=19)", "data": {"w": 1}, "seq": 19352}
{"ts": "2026-05-01T14:37:40.785793+00:00", "level": "INFO", "jobId": "587a6a93-ebab-49c4-823b-c60d2f14adb5", "keyword": "khai trương hcm", "step": "cooldown", "message": "Cooldown 1.0s (after capture)", "data": {"w": 1}, "seq": 19353}
{"ts": "2026-05-01T14:37:41.827812+00:00", "level": "INFO", "jobId": "587a6a93-ebab-49c4-823b-c60d2f14adb5", "keyword": "khai trương hcm", "step": "capture", "message": "Capturing posinset=20 (20/∞)…", "data": {"w": 1}, "seq": 19355}
{"ts": "2026-05-01T14:37:43.677213+00:00", "level": "INFO", "jobId": "587a6a93-ebab-49c4-823b-c60d2f14adb5", "keyword": "khai trương hcm", "step": "capture", "message": "Saved post_020.png (posinset=20)", "data": {"w": 1}, "seq": 19363}
{"ts": "2026-05-01T14:37:43.678347+00:00", "level": "INFO", "jobId": "587a6a93-ebab-49c4-823b-c60d2f14adb5", "keyword": "khai trương hcm", "step": "cooldown", "message": "Cooldown 1.0s (after capture)", "data": {"w": 1}, "seq": 19364}
{"ts": "2026-05-01T14:37:44.719592+00:00", "level": "INFO", "jobId": "587a6a93-ebab-49c4-823b-c60d2f14adb5", "keyword": "khai trương hcm", "step": "capture", "message": "Capturing posinset=21 (21/∞)…", "data": {"w": 1}, "seq": 19366}
{"ts": "2026-05-01T14:37:46.847334+00:00", "level": "INFO", "jobId": "587a6a93-ebab-49c4-823b-c60d2f14adb5", "keyword": "khai trương hcm", "step": "capture", "message": "Saved post_021.png (posinset=21)", "data": {"w": 1}, "seq": 19372}
{"ts": "2026-05-01T14:37:46.849340+00:00", "level": "INFO", "jobId": "587a6a93-ebab-49c4-823b-c60d2f14adb5", "keyword": "khai trương hcm", "step": "cooldown", "message": "Cooldown 1.0s (after capture)", "data": {"w": 1}, "seq": 19373}
{"ts": "2026-05-01T14:37:47.868950+00:00", "level": "INFO", "jobId": "587a6a93-ebab-49c4-823b-c60d2f14adb5", "keyword": "khai trương hcm", "step": "capture", "message": "Capturing posinset=22 (22/∞)…", "data": {"w": 1}, "seq": 19374}
{"ts": "2026-05-01T14:37:49.062648+00:00", "level": "INFO", "jobId": "587a6a93-ebab-49c4-823b-c60d2f14adb5", "keyword": "khai trương hcm", "step": "capture", "message": "Saved post_022.png (posinset=22)", "data": {"w": 1}, "seq": 19378}
{"ts": "2026-05-01T14:37:49.064158+00:00", "level": "INFO", "jobId": "587a6a93-ebab-49c4-823b-c60d2f14adb5", "keyword": "khai trương hcm", "step": "cooldown", "message": "Cooldown 1.0s (after capture)", "data": {"w": 1}, "seq": 19379}
{"ts": "2026-05-01T14:37:50.073795+00:00", "level": "INFO", "jobId": "587a6a93-ebab-49c4-823b-c60d2f14adb5", "keyword": "khai trương hcm", "step": "capture", "message": "Capturing posinset=23 (23/∞)…", "data": {"w": 1}, "seq": 19384}
{"ts": "2026-05-01T14:37:51.293130+00:00", "level": "INFO", "jobId": "587a6a93-ebab-49c4-823b-c60d2f14adb5", "keyword": "khai trương hcm", "step": "capture", "message": "Saved post_023.png (posinset=23)", "data": {"w": 1}, "seq": 19386}
{"ts": "2026-05-01T14:37:51.293130+00:00", "level": "INFO", "jobId": "587a6a93-ebab-49c4-823b-c60d2f14adb5", "keyword": "khai trương hcm", "step": "cooldown", "message": "Cooldown 1.0s (after capture)", "data": {"w": 1}, "seq": 19387}
{"ts": "2026-05-01T14:37:52.303094+00:00", "level": "INFO", "jobId": "587a6a93-ebab-49c4-823b-c60d2f14adb5", "keyword": "khai trương hcm", "step": "capture", "message": "Capturing posinset=24 (24/∞)…", "data": {"w": 1}, "seq": 19390}
{"ts": "2026-05-01T14:37:53.358934+00:00", "level": "INFO", "jobId": "587a6a93-ebab-49c4-823b-c60d2f14adb5", "keyword": "khai trương hcm", "step": "capture", "message": "Saved post_024.png (posinset=24)", "data": {"w": 1}, "seq": 19392}
{"ts": "2026-05-01T14:37:53.360793+00:00", "level": "INFO", "jobId": "587a6a93-ebab-49c4-823b-c60d2f14adb5", "keyword": "khai trương hcm", "step": "cooldown", "message": "Cooldown 1.0s (after capture)", "data": {"w": 1}, "seq": 19393}
{"ts": "2026-05-01T14:37:54.370572+00:00", "level": "INFO", "jobId": "587a6a93-ebab-49c4-823b-c60d2f14adb5", "keyword": "khai trương hcm", "step": "heartbeat", "message": "Worker alive", "data": {"w": 1, "elapsed_s": 94}, "seq": 19397}
{"ts": "2026-05-01T14:37:54.370572+00:00", "level": "INFO", "jobId": "587a6a93-ebab-49c4-823b-c60d2f14adb5", "keyword": "khai trương hcm", "step": "capture", "message": "Capturing posinset=25 (25/∞)…", "data": {"w": 1}, "seq": 19398}
{"ts": "2026-05-01T14:37:55.682770+00:00", "level": "INFO", "jobId": "587a6a93-ebab-49c4-823b-c60d2f14adb5", "keyword": "khai trương hcm", "step": "capture", "message": "Saved post_025.png (posinset=25)", "data": {"w": 1}, "seq": 19400}
{"ts": "2026-05-01T14:37:55.682770+00:00", "level": "INFO", "jobId": "587a6a93-ebab-49c4-823b-c60d2f14adb5", "keyword": "khai trương hcm", "step": "cooldown", "message": "Cooldown 1.0s (after capture)", "data": {"w": 1}, "seq": 19401}
{"ts": "2026-05-01T14:37:56.708378+00:00", "level": "INFO", "jobId": "587a6a93-ebab-49c4-823b-c60d2f14adb5", "keyword": "khai trương hcm", "step": "capture", "message": "Capturing posinset=26 (26/∞)…", "data": {"w": 1}, "seq": 19404}
{"ts": "2026-05-01T14:37:57.859915+00:00", "level": "INFO", "jobId": "587a6a93-ebab-49c4-823b-c60d2f14adb5", "keyword": "khai trương hcm", "step": "capture", "message": "Saved post_026.png (posinset=26)", "data": {"w": 1}, "seq": 19408}
{"ts": "2026-05-01T14:37:57.861397+00:00", "level": "INFO", "jobId": "587a6a93-ebab-49c4-823b-c60d2f14adb5", "keyword": "khai trương hcm", "step": "cooldown", "message": "Cooldown 1.0s (after capture)", "data": {"w": 1}, "seq": 19409}
{"ts": "2026-05-01T14:37:58.880523+00:00", "level": "INFO", "jobId": "587a6a93-ebab-49c4-823b-c60d2f14adb5", "keyword": "khai trương hcm", "step": "capture", "message": "Capturing posinset=27 (27/∞)…", "data": {"w": 1}, "seq": 19412}
{"ts": "2026-05-01T14:38:00.099788+00:00", "level": "INFO", "jobId": "587a6a93-ebab-49c4-823b-c60d2f14adb5", "keyword": "khai trương hcm", "step": "capture", "message": "Saved post_027.png (posinset=27)", "data": {"w": 1}, "seq": 19414}
{"ts": "2026-05-01T14:38:00.099788+00:00", "level": "INFO", "jobId": "587a6a93-ebab-49c4-823b-c60d2f14adb5", "keyword": "khai trương hcm", "step": "cooldown", "message": "Cooldown 1.0s (after capture)", "data": {"w": 1}, "seq": 19415}
{"ts": "2026-05-01T14:38:01.137932+00:00", "level": "INFO", "jobId": "587a6a93-ebab-49c4-823b-c60d2f14adb5", "keyword": "khai trương hcm", "step": "capture", "message": "Capturing posinset=28 (28/∞)…", "data": {"w": 1}, "seq": 19419}
{"ts": "2026-05-01T14:38:04.727357+00:00", "level": "INFO", "jobId": "587a6a93-ebab-49c4-823b-c60d2f14adb5", "keyword": "khai trương hcm", "step": "capture", "message": "Saved post_028.png (posinset=28)", "data": {"w": 1}, "seq": 19422}
{"ts": "2026-05-01T14:38:04.734366+00:00", "level": "INFO", "jobId": "587a6a93-ebab-49c4-823b-c60d2f14adb5", "keyword": "khai trương hcm", "step": "cooldown", "message": "Cooldown 1.0s (after capture)", "data": {"w": 1}, "seq": 19423}
{"ts": "2026-05-01T14:38:05.773382+00:00", "level": "INFO", "jobId": "587a6a93-ebab-49c4-823b-c60d2f14adb5", "keyword": "khai trương hcm", "step": "capture", "message": "Capturing posinset=29 (29/∞)…", "data": {"w": 1}, "seq": 19424}
{"ts": "2026-05-01T14:38:08.676126+00:00", "level": "INFO", "jobId": "587a6a93-ebab-49c4-823b-c60d2f14adb5", "keyword": "khai trương hcm", "step": "capture", "message": "Saved post_029.png (posinset=29)", "data": {"w": 1}, "seq": 19430}
{"ts": "2026-05-01T14:38:08.678133+00:00", "level": "INFO", "jobId": "587a6a93-ebab-49c4-823b-c60d2f14adb5", "keyword": "khai trương hcm", "step": "cooldown", "message": "Cooldown 1.0s (after capture)", "data": {"w": 1}, "seq": 19431}
{"ts": "2026-05-01T14:38:09.820643+00:00", "level": "INFO", "jobId": "587a6a93-ebab-49c4-823b-c60d2f14adb5", "keyword": "khai trương hcm", "step": "heartbeat", "message": "Worker alive", "data": {"w": 1, "elapsed_s": 110}, "seq": 19434}
{"ts": "2026-05-01T14:38:09.822653+00:00", "level": "INFO", "jobId": "587a6a93-ebab-49c4-823b-c60d2f14adb5", "keyword": "khai trương hcm", "step": "capture", "message": "Capturing posinset=30 (30/∞)…", "data": {"w": 1}, "seq": 19435}
{"ts": "2026-05-01T14:38:12.431759+00:00", "level": "INFO", "jobId": "587a6a93-ebab-49c4-823b-c60d2f14adb5", "keyword": "khai trương hcm", "step": "capture", "message": "Saved post_030.png (posinset=30)", "data": {"w": 1}, "seq": 19437}
{"ts": "2026-05-01T14:38:12.433761+00:00", "level": "INFO", "jobId": "587a6a93-ebab-49c4-823b-c60d2f14adb5", "keyword": "khai trương hcm", "step": "cooldown", "message": "Cooldown 1.0s (after capture)", "data": {"w": 1}, "seq": 19438}
{"ts": "2026-05-01T14:38:13.473354+00:00", "level": "INFO", "jobId": "587a6a93-ebab-49c4-823b-c60d2f14adb5", "keyword": "khai trương hcm", "step": "capture", "message": "Capturing posinset=31 (31/∞)…", "data": {"w": 1}, "seq": 19443}
{"ts": "2026-05-01T14:38:15.515578+00:00", "level": "INFO", "jobId": "587a6a93-ebab-49c4-823b-c60d2f14adb5", "keyword": "khai trương hcm", "step": "capture", "message": "Saved post_031.png (posinset=31)", "data": {"w": 1}, "seq": 19446}
{"ts": "2026-05-01T14:38:15.516765+00:00", "level": "INFO", "jobId": "587a6a93-ebab-49c4-823b-c60d2f14adb5", "keyword": "khai trương hcm", "step": "cooldown", "message": "Cooldown 1.0s (after capture)", "data": {"w": 1}, "seq": 19447}
{"ts": "2026-05-01T14:38:16.538333+00:00", "level": "INFO", "jobId": "587a6a93-ebab-49c4-823b-c60d2f14adb5", "keyword": "khai trương hcm", "step": "capture", "message": "Capturing posinset=32 (32/∞)…", "data": {"w": 1}, "seq": 19452}
{"ts": "2026-05-01T14:38:17.937325+00:00", "level": "INFO", "jobId": "587a6a93-ebab-49c4-823b-c60d2f14adb5", "keyword": "khai trương hcm", "step": "capture", "message": "Saved post_032.png (posinset=32)", "data": {"w": 1}, "seq": 19456}
{"ts": "2026-05-01T14:38:17.938422+00:00", "level": "INFO", "jobId": "587a6a93-ebab-49c4-823b-c60d2f14adb5", "keyword": "khai trương hcm", "step": "cooldown", "message": "Cooldown 1.0s (after capture)", "data": {"w": 1}, "seq": 19457}
{"ts": "2026-05-01T14:38:19.273453+00:00", "level": "INFO", "jobId": "587a6a93-ebab-49c4-823b-c60d2f14adb5", "keyword": "khai trương hcm", "step": "capture", "message": "Capturing posinset=33 (33/∞)…", "data": {"w": 1}, "seq": 19463}
{"ts": "2026-05-01T14:38:22.764605+00:00", "level": "INFO", "jobId": "587a6a93-ebab-49c4-823b-c60d2f14adb5", "keyword": "khai trương hcm", "step": "capture", "message": "Saved post_033.png (posinset=33)", "data": {"w": 1}, "seq": 19467}
{"ts": "2026-05-01T14:38:22.768624+00:00", "level": "INFO", "jobId": "587a6a93-ebab-49c4-823b-c60d2f14adb5", "keyword": "khai trương hcm", "step": "cooldown", "message": "Cooldown 1.0s (after capture)", "data": {"w": 1}, "seq": 19468}
{"ts": "2026-05-01T14:38:23.794325+00:00", "level": "INFO", "jobId": "587a6a93-ebab-49c4-823b-c60d2f14adb5", "keyword": "khai trương hcm", "step": "capture", "message": "Capturing posinset=34 (34/∞)…", "data": {"w": 1}, "seq": 19472}
{"ts": "2026-05-01T14:38:25.371461+00:00", "level": "INFO", "jobId": "587a6a93-ebab-49c4-823b-c60d2f14adb5", "keyword": "khai trương hcm", "step": "capture", "message": "Saved post_034.png (posinset=34)", "data": {"w": 1}, "seq": 19478}
{"ts": "2026-05-01T14:38:25.371461+00:00", "level": "INFO", "jobId": "587a6a93-ebab-49c4-823b-c60d2f14adb5", "keyword": "khai trương hcm", "step": "cooldown", "message": "Cooldown 1.0s (after capture)", "data": {"w": 1}, "seq": 19479}
{"ts": "2026-05-01T14:38:26.403130+00:00", "level": "INFO", "jobId": "587a6a93-ebab-49c4-823b-c60d2f14adb5", "keyword": "khai trương hcm", "step": "heartbeat", "message": "Worker alive", "data": {"w": 1, "elapsed_s": 126}, "seq": 19483}
{"ts": "2026-05-01T14:38:26.404134+00:00", "level": "INFO", "jobId": "587a6a93-ebab-49c4-823b-c60d2f14adb5", "keyword": "khai trương hcm", "step": "capture", "message": "Capturing posinset=35 (35/∞)…", "data": {"w": 1}, "seq": 19484}
{"ts": "2026-05-01T14:38:28.134756+00:00", "level": "INFO", "jobId": "587a6a93-ebab-49c4-823b-c60d2f14adb5", "keyword": "khai trương hcm", "step": "capture", "message": "Saved post_035.png (posinset=35)", "data": {"w": 1}, "seq": 19488}
{"ts": "2026-05-01T14:38:28.135748+00:00", "level": "INFO", "jobId": "587a6a93-ebab-49c4-823b-c60d2f14adb5", "keyword": "khai trương hcm", "step": "cooldown", "message": "Cooldown 1.0s (after capture)", "data": {"w": 1}, "seq": 19489}
{"ts": "2026-05-01T14:38:29.170042+00:00", "level": "INFO", "jobId": "587a6a93-ebab-49c4-823b-c60d2f14adb5", "keyword": "khai trương hcm", "step": "capture", "message": "Capturing posinset=36 (36/∞)…", "data": {"w": 1}, "seq": 19493}
{"ts": "2026-05-01T14:38:31.019164+00:00", "level": "INFO", "jobId": "587a6a93-ebab-49c4-823b-c60d2f14adb5", "keyword": "khai trương hcm", "step": "capture", "message": "Saved post_036.png (posinset=36)", "data": {"w": 1}, "seq": 19500}
{"ts": "2026-05-01T14:38:31.019164+00:00", "level": "INFO", "jobId": "587a6a93-ebab-49c4-823b-c60d2f14adb5", "keyword": "khai trương hcm", "step": "cooldown", "message": "Cooldown 1.0s (after capture)", "data": {"w": 1}, "seq": 19501}
{"ts": "2026-05-01T14:38:32.054109+00:00", "level": "INFO", "jobId": "587a6a93-ebab-49c4-823b-c60d2f14adb5", "keyword": "khai trương hcm", "step": "capture", "message": "Capturing posinset=37 (37/∞)…", "data": {"w": 1}, "seq": 19505}
{"ts": "2026-05-01T14:38:33.570890+00:00", "level": "INFO", "jobId": "587a6a93-ebab-49c4-823b-c60d2f14adb5", "keyword": "khai trương hcm", "step": "capture", "message": "Saved post_037.png (posinset=37)", "data": {"w": 1}, "seq": 19510}
{"ts": "2026-05-01T14:38:33.571890+00:00", "level": "INFO", "jobId": "587a6a93-ebab-49c4-823b-c60d2f14adb5", "keyword": "khai trương hcm", "step": "cooldown", "message": "Cooldown 1.0s (after capture)", "data": {"w": 1}, "seq": 19511}
{"ts": "2026-05-01T14:38:35.049944+00:00", "level": "INFO", "jobId": "587a6a93-ebab-49c4-823b-c60d2f14adb5", "keyword": "khai trương hcm", "step": "capture", "message": "Capturing posinset=38 (38/∞)…", "data": {"w": 1}, "seq": 19515}
{"ts": "2026-05-01T14:38:38.818479+00:00", "level": "INFO", "jobId": "587a6a93-ebab-49c4-823b-c60d2f14adb5", "keyword": "khai trương hcm", "step": "capture", "message": "Saved post_038.png (posinset=38)", "data": {"w": 1}, "seq": 19519}
{"ts": "2026-05-01T14:38:38.820486+00:00", "level": "INFO", "jobId": "587a6a93-ebab-49c4-823b-c60d2f14adb5", "keyword": "khai trương hcm", "step": "cooldown", "message": "Cooldown 1.0s (after capture)", "data": {"w": 1}, "seq": 19520}
{"ts": "2026-05-01T14:38:39.851978+00:00", "level": "INFO", "jobId": "587a6a93-ebab-49c4-823b-c60d2f14adb5", "keyword": "khai trương hcm", "step": "capture", "message": "Capturing posinset=39 (39/∞)…", "data": {"w": 1}, "seq": 19525}
{"ts": "2026-05-01T14:38:41.825907+00:00", "level": "INFO", "jobId": "587a6a93-ebab-49c4-823b-c60d2f14adb5", "keyword": "khai trương hcm", "step": "capture", "message": "Saved post_039.png (posinset=39)", "data": {"w": 1}, "seq": 19530}
{"ts": "2026-05-01T14:38:41.827908+00:00", "level": "INFO", "jobId": "587a6a93-ebab-49c4-823b-c60d2f14adb5", "keyword": "khai trương hcm", "step": "cooldown", "message": "Cooldown 1.0s (after capture)", "data": {"w": 1}, "seq": 19531}
{"ts": "2026-05-01T14:38:42.869102+00:00", "level": "INFO", "jobId": "587a6a93-ebab-49c4-823b-c60d2f14adb5", "keyword": "khai trương hcm", "step": "heartbeat", "message": "Worker alive", "data": {"w": 1, "elapsed_s": 143}, "seq": 19534}
{"ts": "2026-05-01T14:38:42.874810+00:00", "level": "INFO", "jobId": "587a6a93-ebab-49c4-823b-c60d2f14adb5", "keyword": "khai trương hcm", "step": "capture", "message": "Capturing posinset=40 (40/∞)…", "data": {"w": 1}, "seq": 19535}
{"ts": "2026-05-01T14:38:44.583943+00:00", "level": "INFO", "jobId": "587a6a93-ebab-49c4-823b-c60d2f14adb5", "keyword": "khai trương hcm", "step": "capture", "message": "Saved post_040.png (posinset=40)", "data": {"w": 1}, "seq": 19539}
{"ts": "2026-05-01T14:38:44.585261+00:00", "level": "INFO", "jobId": "587a6a93-ebab-49c4-823b-c60d2f14adb5", "keyword": "khai trương hcm", "step": "cooldown", "message": "Cooldown 1.0s (after capture)", "data": {"w": 1}, "seq": 19540}
{"ts": "2026-05-01T14:38:45.612058+00:00", "level": "INFO", "jobId": "587a6a93-ebab-49c4-823b-c60d2f14adb5", "keyword": "khai trương hcm", "step": "capture", "message": "Capturing posinset=41 (41/∞)…", "data": {"w": 1}, "seq": 19544}
{"ts": "2026-05-01T14:38:47.444698+00:00", "level": "INFO", "jobId": "587a6a93-ebab-49c4-823b-c60d2f14adb5", "keyword": "khai trương hcm", "step": "capture", "message": "Saved post_041.png (posinset=41)", "data": {"w": 1}, "seq": 19551}
{"ts": "2026-05-01T14:38:47.445702+00:00", "level": "INFO", "jobId": "587a6a93-ebab-49c4-823b-c60d2f14adb5", "keyword": "khai trương hcm", "step": "cooldown", "message": "Cooldown 1.0s (after capture)", "data": {"w": 1}, "seq": 19552}
{"ts": "2026-05-01T14:38:48.499130+00:00", "level": "INFO", "jobId": "587a6a93-ebab-49c4-823b-c60d2f14adb5", "keyword": "khai trương hcm", "step": "capture", "message": "Capturing posinset=42 (42/∞)…", "data": {"w": 1}, "seq": 19555}
{"ts": "2026-05-01T14:38:51.401635+00:00", "level": "INFO", "jobId": "587a6a93-ebab-49c4-823b-c60d2f14adb5", "keyword": "khai trương hcm", "step": "capture", "message": "Saved post_042.png (posinset=42)", "data": {"w": 1}, "seq": 19559}
{"ts": "2026-05-01T14:38:51.402654+00:00", "level": "INFO", "jobId": "587a6a93-ebab-49c4-823b-c60d2f14adb5", "keyword": "khai trương hcm", "step": "cooldown", "message": "Cooldown 1.0s (after capture)", "data": {"w": 1}, "seq": 19560}
{"ts": "2026-05-01T14:38:53.010547+00:00", "level": "INFO", "jobId": "587a6a93-ebab-49c4-823b-c60d2f14adb5", "keyword": "khai trương hcm", "step": "capture", "message": "Capturing posinset=43 (43/∞)…", "data": {"w": 1}, "seq": 19563}
{"ts": "2026-05-01T14:38:55.802201+00:00", "level": "INFO", "jobId": "587a6a93-ebab-49c4-823b-c60d2f14adb5", "keyword": "khai trương hcm", "step": "capture", "message": "Saved post_043.png (posinset=43)", "data": {"w": 1}, "seq": 19568}
{"ts": "2026-05-01T14:38:55.803197+00:00", "level": "INFO", "jobId": "587a6a93-ebab-49c4-823b-c60d2f14adb5", "keyword": "khai trương hcm", "step": "cooldown", "message": "Cooldown 1.0s (after capture)", "data": {"w": 1}, "seq": 19569}
{"ts": "2026-05-01T14:38:56.874312+00:00", "level": "INFO", "jobId": "587a6a93-ebab-49c4-823b-c60d2f14adb5", "keyword": "khai trương hcm", "step": "capture", "message": "Capturing posinset=44 (44/∞)…", "data": {"w": 1}, "seq": 19574}
{"ts": "2026-05-01T14:38:59.769270+00:00", "level": "INFO", "jobId": "587a6a93-ebab-49c4-823b-c60d2f14adb5", "keyword": "khai trương hcm", "step": "capture", "message": "Saved post_044.png (posinset=44)", "data": {"w": 1}, "seq": 19580}
{"ts": "2026-05-01T14:38:59.770707+00:00", "level": "INFO", "jobId": "587a6a93-ebab-49c4-823b-c60d2f14adb5", "keyword": "khai trương hcm", "step": "cooldown", "message": "Cooldown 1.0s (after capture)", "data": {"w": 1}, "seq": 19581}
{"ts": "2026-05-01T14:39:00.823988+00:00", "level": "INFO", "jobId": "587a6a93-ebab-49c4-823b-c60d2f14adb5", "keyword": "khai trương hcm", "step": "heartbeat", "message": "Worker alive", "data": {"w": 1, "elapsed_s": 161}, "seq": 19585}
{"ts": "2026-05-01T14:39:00.827986+00:00", "level": "INFO", "jobId": "587a6a93-ebab-49c4-823b-c60d2f14adb5", "keyword": "khai trương hcm", "step": "capture", "message": "Capturing posinset=45 (45/∞)…", "data": {"w": 1}, "seq": 19586}
{"ts": "2026-05-01T14:39:03.575477+00:00", "level": "INFO", "jobId": "587a6a93-ebab-49c4-823b-c60d2f14adb5", "keyword": "khai trương hcm", "step": "capture", "message": "Saved post_045.png (posinset=45)", "data": {"w": 1}, "seq": 19592}
{"ts": "2026-05-01T14:39:03.579043+00:00", "level": "INFO", "jobId": "587a6a93-ebab-49c4-823b-c60d2f14adb5", "keyword": "khai trương hcm", "step": "cooldown", "message": "Cooldown 1.0s (after capture)", "data": {"w": 1}, "seq": 19593}
{"ts": "2026-05-01T14:39:04.714433+00:00", "level": "INFO", "jobId": "587a6a93-ebab-49c4-823b-c60d2f14adb5", "keyword": "khai trương hcm", "step": "capture", "message": "Capturing posinset=46 (46/∞)…", "data": {"w": 1}, "seq": 19598}
{"ts": "2026-05-01T14:39:06.672030+00:00", "level": "INFO", "jobId": "587a6a93-ebab-49c4-823b-c60d2f14adb5", "keyword": "khai trương hcm", "step": "capture", "message": "Saved post_046.png (posinset=46)", "data": {"w": 1}, "seq": 19601}
{"ts": "2026-05-01T14:39:06.673400+00:00", "level": "INFO", "jobId": "587a6a93-ebab-49c4-823b-c60d2f14adb5", "keyword": "khai trương hcm", "step": "cooldown", "message": "Cooldown 1.0s (after capture)", "data": {"w": 1}, "seq": 19602}
{"ts": "2026-05-01T14:39:08.302642+00:00", "level": "WARN", "jobId": "587a6a93-ebab-49c4-823b-c60d2f14adb5", "keyword": "khai trương hcm", "step": "relaunch", "message": "Browser/page closed unexpectedly. Will relaunch + retry. (Page.evaluate: Target page, context or browser has been closed)", "data": {"w": 1}, "seq": 19605}
{"ts": "2026-05-01T14:39:10.471508+00:00", "level": "WARN", "jobId": "587a6a93-ebab-49c4-823b-c60d2f14adb5", "keyword": "khai trương hcm", "step": "retry", "message": "Reset job to pending for retry (closed target).", "data": {"w": 1}, "seq": 19608}
{"ts": "2026-05-01T14:39:10.471508+00:00", "level": "INFO", "jobId": "587a6a93-ebab-49c4-823b-c60d2f14adb5", "keyword": "khai trương hcm", "step": "start", "message": "Job started (attempt 2/2)", "data": {"w": 1}, "seq": 19609}
{"ts": "2026-05-01T14:39:13.129772+00:00", "level": "WARN", "jobId": "587a6a93-ebab-49c4-823b-c60d2f14adb5", "keyword": "khai trương hcm", "step": "relaunch", "message": "Closed target detected. Will relaunch + retry. (BrowserContext.new_page: Connection closed while reading from the driver)", "data": {"w": 1}, "seq": 19613}
