{"ts": "2026-05-01T09:52:16.215686+00:00", "level": "INFO", "jobId": "59a3d421-67c3-462c-8138-0fc55797ff74", "keyword": "khai trương tdm", "step": "created", "message": "Job created", "data": {"maxPosts": 8}, "seq": 15470}
{"ts": "2026-05-01T09:53:53.643602+00:00", "level": "INFO", "jobId": "59a3d421-67c3-462c-8138-0fc55797ff74", "keyword": "khai trương tdm", "step": "start", "message": "Job started (attempt 1/2)", "data": {"w": 0}, "seq": 15553}
{"ts": "2026-05-01T09:53:56.388664+00:00", "level": "INFO", "jobId": "59a3d421-67c3-462c-8138-0fc55797ff74", "keyword": "khai trương tdm", "step": "login", "message": "Already logged in (home).", "data": {"w": 0}, "seq": 15554}
{"ts": "2026-05-01T09:53:56.390753+00:00", "level": "INFO", "jobId": "59a3d421-67c3-462c-8138-0fc55797ff74", "keyword": "khai trương tdm", "step": "search", "message": "Searching keyword: \"khai trương tdm\"", "data": {"w": 0}, "seq": 15555}
{"ts": "2026-05-01T09:54:05.809466+00:00", "level": "INFO", "jobId": "59a3d421-67c3-462c-8138-0fc55797ff74", "keyword": "khai trương tdm", "step": "capture", "message": "Start capturing up to 8 posts.", "data": {"w": 0}, "seq": 15556}
{"ts": "2026-05-01T09:54:05.811874+00:00", "level": "INFO", "jobId": "59a3d421-67c3-462c-8138-0fc55797ff74", "keyword": "khai trương tdm", "step": "capture", "message": "Output folder: Lan 8 - 1654", "data": {"w": 0}, "seq": 15557}
{"ts": "2026-05-01T09:54:07.252954+00:00", "level": "INFO", "jobId": "59a3d421-67c3-462c-8138-0fc55797ff74", "keyword": "khai trương tdm", "step": "capture", "message": "Guard: forcing top before first capture (y=658, primary=0)", "data": {"w": 0}, "seq": 15558}
{"ts": "2026-05-01T09:54:07.982443+00:00", "level": "INFO", "jobId": "59a3d421-67c3-462c-8138-0fc55797ff74", "keyword": "khai trương tdm", "step": "capture", "message": "Capturing posinset=1 (1/8)…", "data": {"w": 0}, "seq": 15559}
{"ts": "2026-05-01T09:54:10.376334+00:00", "level": "INFO", "jobId": "59a3d421-67c3-462c-8138-0fc55797ff74", "keyword": "khai trương tdm", "step": "capture", "message": "Saved post_001.png (posinset=1)", "data": {"w": 0}, "seq": 15560}
{"ts": "2026-05-01T09:54:10.396432+00:00", "level": "INFO", "jobId": "59a3d421-67c3-462c-8138-0fc55797ff74", "keyword": "khai trương tdm", "step": "cooldown", "message": "Cooldown 1.0s (after capture)", "data": {"w": 0}, "seq": 15561}
{"ts": "2026-05-01T09:54:11.555865+00:00", "level": "INFO", "jobId": "59a3d421-67c3-462c-8138-0fc55797ff74", "keyword": "khai trương tdm", "step": "capture", "message": "Capturing posinset=2 (2/8)…", "data": {"w": 0}, "seq": 15562}
{"ts": "2026-05-01T09:54:13.928575+00:00", "level": "INFO", "jobId": "59a3d421-67c3-462c-8138-0fc55797ff74", "keyword": "khai trương tdm", "step": "capture", "message": "Saved post_002.png (posinset=2)", "data": {"w": 0}, "seq": 15563}
{"ts": "2026-05-01T09:54:13.930575+00:00", "level": "INFO", "jobId": "59a3d421-67c3-462c-8138-0fc55797ff74", "keyword": "khai trương tdm", "step": "cooldown", "message": "Cooldown 1.0s (after capture)", "data": {"w": 0}, "seq": 15564}
{"ts": "2026-05-01T09:54:14.948225+00:00", "level": "INFO", "jobId": "59a3d421-67c3-462c-8138-0fc55797ff74", "keyword": "khai trương tdm", "step": "capture", "message": "Capturing posinset=3 (3/8)…", "data": {"w": 0}, "seq": 15565}
{"ts": "2026-05-01T09:54:15.649010+00:00", "level": "INFO", "jobId": "59a3d421-67c3-462c-8138-0fc55797ff74", "keyword": "khai trương tdm", "step": "capture", "message": "Saved post_003.png (posinset=3)", "data": {"w": 0}, "seq": 15566}
{"ts": "2026-05-01T09:54:15.649010+00:00", "level": "INFO", "jobId": "59a3d421-67c3-462c-8138-0fc55797ff74", "keyword": "khai trương tdm", "step": "cooldown", "message": "Cooldown 1.0s (after capture)", "data": {"w": 0}, "seq": 15567}
{"ts": "2026-05-01T09:54:16.698599+00:00", "level": "INFO", "jobId": "59a3d421-67c3-462c-8138-0fc55797ff74", "keyword": "khai trương tdm", "step": "capture", "message": "Capturing posinset=4 (4/8)…", "data": {"w": 0}, "seq": 15568}
{"ts": "2026-05-01T09:54:17.191817+00:00", "level": "WARN", "jobId": "59a3d421-67c3-462c-8138-0fc55797ff74", "keyword": "khai trương tdm", "step": "relaunch", "message": "Browser/page closed unexpectedly. Will relaunch + retry. (Locator.screenshot: Target page, context or browser has been closed)", "data": {"w": 0}, "seq": 15569}
{"ts": "2026-05-01T09:54:19.301945+00:00", "level": "WARN", "jobId": "59a3d421-67c3-462c-8138-0fc55797ff74", "keyword": "khai trương tdm", "step": "retry", "message": "Reset job to pending for retry (closed target).", "data": {"w": 0}, "seq": 15570}
{"ts": "2026-05-01T09:54:19.303179+00:00", "level": "INFO", "jobId": "59a3d421-67c3-462c-8138-0fc55797ff74", "keyword": "khai trương tdm", "step": "start", "message": "Job started (attempt 2/2)", "data": {"w": 0}, "seq": 15571}
{"ts": "2026-05-01T09:54:20.321364+00:00", "level": "WARN", "jobId": "59a3d421-67c3-462c-8138-0fc55797ff74", "keyword": "khai trương tdm", "step": "relaunch", "message": "Browser/page closed unexpectedly. Will relaunch + retry. (Page.goto: Target page, context or browser has been closed\nCall log:\n  - navigating to \"https://www.facebook.com/\", waiting until \"domcontentloaded\"\n)", "data": {"w": 0}, "seq": 15572}
