{"ts": "2026-05-01T15:51:32.203629+00:00", "level": "INFO", "jobId": "5b19db9f-c3d4-4404-aab0-b8f56e1b83a6", "keyword": "khai trương giảm sốc", "step": "created", "message": "Job created", "data": {"maxPosts": "unlimited"}, "seq": 25538}
{"ts": "2026-05-01T16:22:07.498082+00:00", "level": "INFO", "jobId": "5b19db9f-c3d4-4404-aab0-b8f56e1b83a6", "keyword": "khai trương giảm sốc", "step": "start", "message": "Job started (attempt 1/1)", "data": {"w": 0}, "seq": 29237}
{"ts": "2026-05-01T16:22:15.637115+00:00", "level": "INFO", "jobId": "5b19db9f-c3d4-4404-aab0-b8f56e1b83a6", "keyword": "khai trương giảm sốc", "step": "login", "message": "Already logged in (home).", "data": {"w": 0}, "seq": 29240}
{"ts": "2026-05-01T16:22:15.662023+00:00", "level": "INFO", "jobId": "5b19db9f-c3d4-4404-aab0-b8f56e1b83a6", "keyword": "khai trương giảm sốc", "step": "search", "message": "Searching keyword: \"khai trương giảm sốc\"", "data": {"w": 0}, "seq": 29241}
{"ts": "2026-05-01T16:22:38.239319+00:00", "level": "INFO", "jobId": "5b19db9f-c3d4-4404-aab0-b8f56e1b83a6", "keyword": "khai trương giảm sốc", "step": "capture", "message": "Start capturing all posts until end of results.", "data": {"w": 0}, "seq": 29253}
{"ts": "2026-05-01T16:22:38.243422+00:00", "level": "INFO", "jobId": "5b19db9f-c3d4-4404-aab0-b8f56e1b83a6", "keyword": "khai trương giảm sốc", "step": "capture", "message": "Output folder: Lan 1 - 2322", "data": {"w": 0}, "seq": 29254}
{"ts": "2026-05-01T16:22:42.396465+00:00", "level": "INFO", "jobId": "5b19db9f-c3d4-4404-aab0-b8f56e1b83a6", "keyword": "khai trương giảm sốc", "step": "capture", "message": "Waiting for posts to appear (avoid blank capture)…", "data": {"w": 0}, "seq": 29261}
{"ts": "2026-05-01T16:22:42.413676+00:00", "level": "INFO", "jobId": "5b19db9f-c3d4-4404-aab0-b8f56e1b83a6", "keyword": "khai trương giảm sốc", "step": "capture", "message": "Post-detect debug: {'hasMain': True, 'url': 'https://www.facebook.com/search/posts/?q=khai%20tr%C6%B0%C6%A1ng%20gi%E1%BA%A3m%20s%E1%BB%91c&filters=eyJyZWNlbnRfcG9zdHM6MCI6IntcIm5hbWVcIjpcInJlY2VudF9wb3N0c1wiLFwiYXJnc1wiOlwiXCJ9In0%3D', 'title': '(1) khai trương giảm sốc - Kết quả tìm kiếm | Facebook', 'hasLoginInputs': False, 'consentLike': False, 'bodyHead': '\\xa0\\n1 đoạn chat chưa đọc\\n1\\nKết quả tìm kiếm\\nBộ lọc\\nTất cả\\nMọi người\\nThước phim\\nMarketplace\\nTrang\\nNhóm\\nSự kiện', 'roleArticle': 1, 'divRoleArticle': 1, 'articleTag': 0, 'feedUnit': 0, 'anyPagelet': 0, 'adPreview': 0, 'imgs': 0, 'videos': 0, 'progress': 0, 'busy': '', 'firstArticle': {'tag': 'div', 'role': 'article', 'textLen': 0, 'hasImg': False, 'hasVideo': False, 'hasLink': False, 'hasPermalink': False}}", "data": {"w": 0}, "seq": 29262}
{"ts": "2026-05-01T16:22:46.591768+00:00", "level": "INFO", "jobId": "5b19db9f-c3d4-4404-aab0-b8f56e1b83a6", "keyword": "khai trương giảm sốc", "step": "capture", "message": "Guard: forcing top before first capture (y=3899, primary=0)", "data": {"w": 0}, "seq": 29263}
{"ts": "2026-05-01T16:22:46.842471+00:00", "level": "INFO", "jobId": "5b19db9f-c3d4-4404-aab0-b8f56e1b83a6", "keyword": "khai trương giảm sốc", "step": "capture", "message": "Capturing posinset=1 (1/∞)…", "data": {"w": 0}, "seq": 29264}
{"ts": "2026-05-01T16:22:49.991236+00:00", "level": "INFO", "jobId": "5b19db9f-c3d4-4404-aab0-b8f56e1b83a6", "keyword": "khai trương giảm sốc", "step": "capture", "message": "Saved post_001.png (posinset=1)", "data": {"w": 0}, "seq": 29268}
{"ts": "2026-05-01T16:22:49.993246+00:00", "level": "INFO", "jobId": "5b19db9f-c3d4-4404-aab0-b8f56e1b83a6", "keyword": "khai trương giảm sốc", "step": "cooldown", "message": "Cooldown 1.0s (after capture)", "data": {"w": 0}, "seq": 29269}
{"ts": "2026-05-01T16:22:51.047410+00:00", "level": "INFO", "jobId": "5b19db9f-c3d4-4404-aab0-b8f56e1b83a6", "keyword": "khai trương giảm sốc", "step": "capture", "message": "Capturing posinset=2 (2/∞)…", "data": {"w": 0}, "seq": 29270}
{"ts": "2026-05-01T16:22:52.481706+00:00", "level": "INFO", "jobId": "5b19db9f-c3d4-4404-aab0-b8f56e1b83a6", "keyword": "khai trương giảm sốc", "step": "capture", "message": "Saved post_002.png (posinset=2)", "data": {"w": 0}, "seq": 29271}
{"ts": "2026-05-01T16:22:52.494321+00:00", "level": "INFO", "jobId": "5b19db9f-c3d4-4404-aab0-b8f56e1b83a6", "keyword": "khai trương giảm sốc", "step": "cooldown", "message": "Cooldown 1.0s (after capture)", "data": {"w": 0}, "seq": 29272}
{"ts": "2026-05-01T16:22:53.515101+00:00", "level": "INFO", "jobId": "5b19db9f-c3d4-4404-aab0-b8f56e1b83a6", "keyword": "khai trương giảm sốc", "step": "capture", "message": "Capturing posinset=3 (3/∞)…", "data": {"w": 0}, "seq": 29273}
{"ts": "2026-05-01T16:22:54.944258+00:00", "level": "INFO", "jobId": "5b19db9f-c3d4-4404-aab0-b8f56e1b83a6", "keyword": "khai trương giảm sốc", "step": "capture", "message": "Saved post_003.png (posinset=3)", "data": {"w": 0}, "seq": 29274}
{"ts": "2026-05-01T16:22:54.945257+00:00", "level": "INFO", "jobId": "5b19db9f-c3d4-4404-aab0-b8f56e1b83a6", "keyword": "khai trương giảm sốc", "step": "cooldown", "message": "Cooldown 1.0s (after capture)", "data": {"w": 0}, "seq": 29275}
{"ts": "2026-05-01T16:22:55.958860+00:00", "level": "INFO", "jobId": "5b19db9f-c3d4-4404-aab0-b8f56e1b83a6", "keyword": "khai trương giảm sốc", "step": "capture", "message": "Capturing posinset=4 (4/∞)…", "data": {"w": 0}, "seq": 29276}
{"ts": "2026-05-01T16:22:57.478108+00:00", "level": "INFO", "jobId": "5b19db9f-c3d4-4404-aab0-b8f56e1b83a6", "keyword": "khai trương giảm sốc", "step": "capture", "message": "Saved post_004.png (posinset=4)", "data": {"w": 0}, "seq": 29279}
{"ts": "2026-05-01T16:22:57.479163+00:00", "level": "INFO", "jobId": "5b19db9f-c3d4-4404-aab0-b8f56e1b83a6", "keyword": "khai trương giảm sốc", "step": "cooldown", "message": "Cooldown 1.0s (after capture)", "data": {"w": 0}, "seq": 29280}
{"ts": "2026-05-01T16:22:58.528736+00:00", "level": "INFO", "jobId": "5b19db9f-c3d4-4404-aab0-b8f56e1b83a6", "keyword": "khai trương giảm sốc", "step": "capture", "message": "Capturing posinset=5 (5/∞)…", "data": {"w": 0}, "seq": 29283}
{"ts": "2026-05-01T16:23:00.861667+00:00", "level": "INFO", "jobId": "5b19db9f-c3d4-4404-aab0-b8f56e1b83a6", "keyword": "khai trương giảm sốc", "step": "capture", "message": "Saved post_005.png (posinset=5)", "data": {"w": 0}, "seq": 29284}
{"ts": "2026-05-01T16:23:00.862672+00:00", "level": "INFO", "jobId": "5b19db9f-c3d4-4404-aab0-b8f56e1b83a6", "keyword": "khai trương giảm sốc", "step": "cooldown", "message": "Cooldown 1.0s (after capture)", "data": {"w": 0}, "seq": 29285}
{"ts": "2026-05-01T16:23:01.900134+00:00", "level": "INFO", "jobId": "5b19db9f-c3d4-4404-aab0-b8f56e1b83a6", "keyword": "khai trương giảm sốc", "step": "heartbeat", "message": "Worker alive", "data": {"w": 0, "elapsed_s": 54}, "seq": 29286}
{"ts": "2026-05-01T16:23:01.904951+00:00", "level": "INFO", "jobId": "5b19db9f-c3d4-4404-aab0-b8f56e1b83a6", "keyword": "khai trương giảm sốc", "step": "capture", "message": "Capturing posinset=6 (6/∞)…", "data": {"w": 0}, "seq": 29287}
{"ts": "2026-05-01T16:23:03.810324+00:00", "level": "INFO", "jobId": "5b19db9f-c3d4-4404-aab0-b8f56e1b83a6", "keyword": "khai trương giảm sốc", "step": "capture", "message": "Saved post_006.png (posinset=6)", "data": {"w": 0}, "seq": 29288}
{"ts": "2026-05-01T16:23:03.810324+00:00", "level": "INFO", "jobId": "5b19db9f-c3d4-4404-aab0-b8f56e1b83a6", "keyword": "khai trương giảm sốc", "step": "cooldown", "message": "Cooldown 1.0s (after capture)", "data": {"w": 0}, "seq": 29289}
{"ts": "2026-05-01T16:23:04.875485+00:00", "level": "INFO", "jobId": "5b19db9f-c3d4-4404-aab0-b8f56e1b83a6", "keyword": "khai trương giảm sốc", "step": "capture", "message": "Capturing posinset=7 (7/∞)…", "data": {"w": 0}, "seq": 29292}
{"ts": "2026-05-01T16:23:06.697979+00:00", "level": "INFO", "jobId": "5b19db9f-c3d4-4404-aab0-b8f56e1b83a6", "keyword": "khai trương giảm sốc", "step": "capture", "message": "Saved post_007.png (posinset=7)", "data": {"w": 0}, "seq": 29295}
{"ts": "2026-05-01T16:23:06.699870+00:00", "level": "INFO", "jobId": "5b19db9f-c3d4-4404-aab0-b8f56e1b83a6", "keyword": "khai trương giảm sốc", "step": "cooldown", "message": "Cooldown 1.0s (after capture)", "data": {"w": 0}, "seq": 29296}
{"ts": "2026-05-01T16:23:07.724793+00:00", "level": "INFO", "jobId": "5b19db9f-c3d4-4404-aab0-b8f56e1b83a6", "keyword": "khai trương giảm sốc", "step": "capture", "message": "Capturing posinset=8 (8/∞)…", "data": {"w": 0}, "seq": 29297}
{"ts": "2026-05-01T16:23:09.348324+00:00", "level": "INFO", "jobId": "5b19db9f-c3d4-4404-aab0-b8f56e1b83a6", "keyword": "khai trương giảm sốc", "step": "capture", "message": "Saved post_008.png (posinset=8)", "data": {"w": 0}, "seq": 29298}
{"ts": "2026-05-01T16:23:09.350329+00:00", "level": "INFO", "jobId": "5b19db9f-c3d4-4404-aab0-b8f56e1b83a6", "keyword": "khai trương giảm sốc", "step": "cooldown", "message": "Cooldown 1.0s (after capture)", "data": {"w": 0}, "seq": 29299}
{"ts": "2026-05-01T16:23:10.383603+00:00", "level": "INFO", "jobId": "5b19db9f-c3d4-4404-aab0-b8f56e1b83a6", "keyword": "khai trương giảm sốc", "step": "capture", "message": "Capturing posinset=9 (9/∞)…", "data": {"w": 0}, "seq": 29300}
{"ts": "2026-05-01T16:23:11.951652+00:00", "level": "INFO", "jobId": "5b19db9f-c3d4-4404-aab0-b8f56e1b83a6", "keyword": "khai trương giảm sốc", "step": "capture", "message": "Saved post_009.png (posinset=9)", "data": {"w": 0}, "seq": 29301}
{"ts": "2026-05-01T16:23:11.953652+00:00", "level": "INFO", "jobId": "5b19db9f-c3d4-4404-aab0-b8f56e1b83a6", "keyword": "khai trương giảm sốc", "step": "cooldown", "message": "Cooldown 1.0s (after capture)", "data": {"w": 0}, "seq": 29302}
{"ts": "2026-05-01T16:23:12.986804+00:00", "level": "INFO", "jobId": "5b19db9f-c3d4-4404-aab0-b8f56e1b83a6", "keyword": "khai trương giảm sốc", "step": "capture", "message": "Capturing posinset=10 (10/∞)…", "data": {"w": 0}, "seq": 29303}
{"ts": "2026-05-01T16:23:14.306002+00:00", "level": "INFO", "jobId": "5b19db9f-c3d4-4404-aab0-b8f56e1b83a6", "keyword": "khai trương giảm sốc", "step": "capture", "message": "Saved post_010.png (posinset=10)", "data": {"w": 0}, "seq": 29304}
{"ts": "2026-05-01T16:23:14.308388+00:00", "level": "INFO", "jobId": "5b19db9f-c3d4-4404-aab0-b8f56e1b83a6", "keyword": "khai trương giảm sốc", "step": "cooldown", "message": "Cooldown 1.0s (after capture)", "data": {"w": 0}, "seq": 29305}
{"ts": "2026-05-01T16:23:15.689139+00:00", "level": "INFO", "jobId": "5b19db9f-c3d4-4404-aab0-b8f56e1b83a6", "keyword": "khai trương giảm sốc", "step": "capture", "message": "Capturing posinset=11 (11/∞)…", "data": {"w": 0}, "seq": 29306}
{"ts": "2026-05-01T16:23:18.157812+00:00", "level": "INFO", "jobId": "5b19db9f-c3d4-4404-aab0-b8f56e1b83a6", "keyword": "khai trương giảm sốc", "step": "capture", "message": "Saved post_011.png (posinset=11)", "data": {"w": 0}, "seq": 29307}
{"ts": "2026-05-01T16:23:18.158900+00:00", "level": "INFO", "jobId": "5b19db9f-c3d4-4404-aab0-b8f56e1b83a6", "keyword": "khai trương giảm sốc", "step": "cooldown", "message": "Cooldown 1.0s (after capture)", "data": {"w": 0}, "seq": 29308}
{"ts": "2026-05-01T16:23:19.173715+00:00", "level": "INFO", "jobId": "5b19db9f-c3d4-4404-aab0-b8f56e1b83a6", "keyword": "khai trương giảm sốc", "step": "heartbeat", "message": "Worker alive", "data": {"w": 0, "elapsed_s": 71}, "seq": 29309}
{"ts": "2026-05-01T16:23:19.175228+00:00", "level": "INFO", "jobId": "5b19db9f-c3d4-4404-aab0-b8f56e1b83a6", "keyword": "khai trương giảm sốc", "step": "capture", "message": "Capturing posinset=12 (12/∞)…", "data": {"w": 0}, "seq": 29310}
{"ts": "2026-05-01T16:23:20.550962+00:00", "level": "INFO", "jobId": "5b19db9f-c3d4-4404-aab0-b8f56e1b83a6", "keyword": "khai trương giảm sốc", "step": "capture", "message": "Saved post_012.png (posinset=12)", "data": {"w": 0}, "seq": 29313}
{"ts": "2026-05-01T16:23:20.552411+00:00", "level": "INFO", "jobId": "5b19db9f-c3d4-4404-aab0-b8f56e1b83a6", "keyword": "khai trương giảm sốc", "step": "cooldown", "message": "Cooldown 1.0s (after capture)", "data": {"w": 0}, "seq": 29314}
{"ts": "2026-05-01T16:23:21.577175+00:00", "level": "INFO", "jobId": "5b19db9f-c3d4-4404-aab0-b8f56e1b83a6", "keyword": "khai trương giảm sốc", "step": "capture", "message": "Capturing posinset=13 (13/∞)…", "data": {"w": 0}, "seq": 29315}
{"ts": "2026-05-01T16:23:23.186686+00:00", "level": "INFO", "jobId": "5b19db9f-c3d4-4404-aab0-b8f56e1b83a6", "keyword": "khai trương giảm sốc", "step": "capture", "message": "Saved post_013.png (posinset=13)", "data": {"w": 0}, "seq": 29318}
{"ts": "2026-05-01T16:23:23.188691+00:00", "level": "INFO", "jobId": "5b19db9f-c3d4-4404-aab0-b8f56e1b83a6", "keyword": "khai trương giảm sốc", "step": "cooldown", "message": "Cooldown 1.0s (after capture)", "data": {"w": 0}, "seq": 29319}
{"ts": "2026-05-01T16:23:24.236651+00:00", "level": "INFO", "jobId": "5b19db9f-c3d4-4404-aab0-b8f56e1b83a6", "keyword": "khai trương giảm sốc", "step": "capture", "message": "Capturing posinset=14 (14/∞)…", "data": {"w": 0}, "seq": 29320}
{"ts": "2026-05-01T16:23:26.545313+00:00", "level": "INFO", "jobId": "5b19db9f-c3d4-4404-aab0-b8f56e1b83a6", "keyword": "khai trương giảm sốc", "step": "capture", "message": "Saved post_014.png (posinset=14)", "data": {"w": 0}, "seq": 29323}
{"ts": "2026-05-01T16:23:26.546746+00:00", "level": "INFO", "jobId": "5b19db9f-c3d4-4404-aab0-b8f56e1b83a6", "keyword": "khai trương giảm sốc", "step": "cooldown", "message": "Cooldown 1.0s (after capture)", "data": {"w": 0}, "seq": 29324}
{"ts": "2026-05-01T16:23:27.585981+00:00", "level": "INFO", "jobId": "5b19db9f-c3d4-4404-aab0-b8f56e1b83a6", "keyword": "khai trương giảm sốc", "step": "capture", "message": "Capturing posinset=15 (15/∞)…", "data": {"w": 0}, "seq": 29327}
{"ts": "2026-05-01T16:23:28.886233+00:00", "level": "INFO", "jobId": "5b19db9f-c3d4-4404-aab0-b8f56e1b83a6", "keyword": "khai trương giảm sốc", "step": "capture", "message": "Saved post_015.png (posinset=15)", "data": {"w": 0}, "seq": 29328}
{"ts": "2026-05-01T16:23:28.887233+00:00", "level": "INFO", "jobId": "5b19db9f-c3d4-4404-aab0-b8f56e1b83a6", "keyword": "khai trương giảm sốc", "step": "cooldown", "message": "Cooldown 1.0s (after capture)", "data": {"w": 0}, "seq": 29329}
{"ts": "2026-05-01T16:23:30.552778+00:00", "level": "INFO", "jobId": "5b19db9f-c3d4-4404-aab0-b8f56e1b83a6", "keyword": "khai trương giảm sốc", "step": "capture", "message": "Capturing posinset=16 (16/∞)…", "data": {"w": 0}, "seq": 29330}
{"ts": "2026-05-01T16:23:34.760789+00:00", "level": "INFO", "jobId": "5b19db9f-c3d4-4404-aab0-b8f56e1b83a6", "keyword": "khai trương giảm sốc", "step": "capture", "message": "Saved post_016.png (posinset=16)", "data": {"w": 0}, "seq": 29331}
{"ts": "2026-05-01T16:23:34.766399+00:00", "level": "INFO", "jobId": "5b19db9f-c3d4-4404-aab0-b8f56e1b83a6", "keyword": "khai trương giảm sốc", "step": "cooldown", "message": "Cooldown 1.0s (after capture)", "data": {"w": 0}, "seq": 29332}
{"ts": "2026-05-01T16:23:35.799453+00:00", "level": "INFO", "jobId": "5b19db9f-c3d4-4404-aab0-b8f56e1b83a6", "keyword": "khai trương giảm sốc", "step": "heartbeat", "message": "Worker alive", "data": {"w": 0, "elapsed_s": 88}, "seq": 29335}
{"ts": "2026-05-01T16:23:35.802457+00:00", "level": "INFO", "jobId": "5b19db9f-c3d4-4404-aab0-b8f56e1b83a6", "keyword": "khai trương giảm sốc", "step": "capture", "message": "Capturing posinset=17 (17/∞)…", "data": {"w": 0}, "seq": 29336}
{"ts": "2026-05-01T16:23:37.958930+00:00", "level": "INFO", "jobId": "5b19db9f-c3d4-4404-aab0-b8f56e1b83a6", "keyword": "khai trương giảm sốc", "step": "capture", "message": "Saved post_017.png (posinset=17)", "data": {"w": 0}, "seq": 29338}
{"ts": "2026-05-01T16:23:37.961017+00:00", "level": "INFO", "jobId": "5b19db9f-c3d4-4404-aab0-b8f56e1b83a6", "keyword": "khai trương giảm sốc", "step": "cooldown", "message": "Cooldown 1.0s (after capture)", "data": {"w": 0}, "seq": 29339}
{"ts": "2026-05-01T16:23:38.993887+00:00", "level": "INFO", "jobId": "5b19db9f-c3d4-4404-aab0-b8f56e1b83a6", "keyword": "khai trương giảm sốc", "step": "capture", "message": "Capturing posinset=18 (18/∞)…", "data": {"w": 0}, "seq": 29340}
{"ts": "2026-05-01T16:23:41.111774+00:00", "level": "INFO", "jobId": "5b19db9f-c3d4-4404-aab0-b8f56e1b83a6", "keyword": "khai trương giảm sốc", "step": "capture", "message": "Saved post_018.png (posinset=18)", "data": {"w": 0}, "seq": 29341}
{"ts": "2026-05-01T16:23:41.114884+00:00", "level": "INFO", "jobId": "5b19db9f-c3d4-4404-aab0-b8f56e1b83a6", "keyword": "khai trương giảm sốc", "step": "cooldown", "message": "Cooldown 1.0s (after capture)", "data": {"w": 0}, "seq": 29342}
{"ts": "2026-05-01T16:23:42.152705+00:00", "level": "INFO", "jobId": "5b19db9f-c3d4-4404-aab0-b8f56e1b83a6", "keyword": "khai trương giảm sốc", "step": "capture", "message": "Capturing posinset=19 (19/∞)…", "data": {"w": 0}, "seq": 29343}
{"ts": "2026-05-01T16:23:44.222066+00:00", "level": "INFO", "jobId": "5b19db9f-c3d4-4404-aab0-b8f56e1b83a6", "keyword": "khai trương giảm sốc", "step": "capture", "message": "Saved post_019.png (posinset=19)", "data": {"w": 0}, "seq": 29346}
{"ts": "2026-05-01T16:23:44.223067+00:00", "level": "INFO", "jobId": "5b19db9f-c3d4-4404-aab0-b8f56e1b83a6", "keyword": "khai trương giảm sốc", "step": "cooldown", "message": "Cooldown 1.0s (after capture)", "data": {"w": 0}, "seq": 29347}
{"ts": "2026-05-01T16:23:45.244070+00:00", "level": "INFO", "jobId": "5b19db9f-c3d4-4404-aab0-b8f56e1b83a6", "keyword": "khai trương giảm sốc", "step": "capture", "message": "Capturing posinset=20 (20/∞)…", "data": {"w": 0}, "seq": 29348}
{"ts": "2026-05-01T16:23:46.878027+00:00", "level": "INFO", "jobId": "5b19db9f-c3d4-4404-aab0-b8f56e1b83a6", "keyword": "khai trương giảm sốc", "step": "capture", "message": "Saved post_020.png (posinset=20)", "data": {"w": 0}, "seq": 29349}
{"ts": "2026-05-01T16:23:46.879049+00:00", "level": "INFO", "jobId": "5b19db9f-c3d4-4404-aab0-b8f56e1b83a6", "keyword": "khai trương giảm sốc", "step": "cooldown", "message": "Cooldown 1.0s (after capture)", "data": {"w": 0}, "seq": 29350}
{"ts": "2026-05-01T16:23:48.463172+00:00", "level": "INFO", "jobId": "5b19db9f-c3d4-4404-aab0-b8f56e1b83a6", "keyword": "khai trương giảm sốc", "step": "capture", "message": "Capturing posinset=21 (21/∞)…", "data": {"w": 0}, "seq": 29353}
{"ts": "2026-05-01T16:23:51.053834+00:00", "level": "INFO", "jobId": "5b19db9f-c3d4-4404-aab0-b8f56e1b83a6", "keyword": "khai trương giảm sốc", "step": "capture", "message": "Saved post_021.png (posinset=21)", "data": {"w": 0}, "seq": 29354}
{"ts": "2026-05-01T16:23:51.055834+00:00", "level": "INFO", "jobId": "5b19db9f-c3d4-4404-aab0-b8f56e1b83a6", "keyword": "khai trương giảm sốc", "step": "cooldown", "message": "Cooldown 1.0s (after capture)", "data": {"w": 0}, "seq": 29355}
{"ts": "2026-05-01T16:23:52.084987+00:00", "level": "INFO", "jobId": "5b19db9f-c3d4-4404-aab0-b8f56e1b83a6", "keyword": "khai trương giảm sốc", "step": "heartbeat", "message": "Worker alive", "data": {"w": 0, "elapsed_s": 104}, "seq": 29356}
{"ts": "2026-05-01T16:23:52.087391+00:00", "level": "INFO", "jobId": "5b19db9f-c3d4-4404-aab0-b8f56e1b83a6", "keyword": "khai trương giảm sốc", "step": "capture", "message": "Capturing posinset=22 (22/∞)…", "data": {"w": 0}, "seq": 29357}
{"ts": "2026-05-01T16:23:56.181632+00:00", "level": "INFO", "jobId": "5b19db9f-c3d4-4404-aab0-b8f56e1b83a6", "keyword": "khai trương giảm sốc", "step": "capture", "message": "Saved post_022.png (posinset=22)", "data": {"w": 0}, "seq": 29362}
{"ts": "2026-05-01T16:23:56.184630+00:00", "level": "INFO", "jobId": "5b19db9f-c3d4-4404-aab0-b8f56e1b83a6", "keyword": "khai trương giảm sốc", "step": "cooldown", "message": "Cooldown 1.0s (after capture)", "data": {"w": 0}, "seq": 29363}
{"ts": "2026-05-01T16:23:57.233558+00:00", "level": "INFO", "jobId": "5b19db9f-c3d4-4404-aab0-b8f56e1b83a6", "keyword": "khai trương giảm sốc", "step": "capture", "message": "Capturing posinset=23 (23/∞)…", "data": {"w": 0}, "seq": 29364}
{"ts": "2026-05-01T16:23:59.722160+00:00", "level": "INFO", "jobId": "5b19db9f-c3d4-4404-aab0-b8f56e1b83a6", "keyword": "khai trương giảm sốc", "step": "capture", "message": "Saved post_023.png (posinset=23)", "data": {"w": 0}, "seq": 29365}
{"ts": "2026-05-01T16:23:59.724655+00:00", "level": "INFO", "jobId": "5b19db9f-c3d4-4404-aab0-b8f56e1b83a6", "keyword": "khai trương giảm sốc", "step": "cooldown", "message": "Cooldown 1.0s (after capture)", "data": {"w": 0}, "seq": 29366}
{"ts": "2026-05-01T16:24:00.806280+00:00", "level": "INFO", "jobId": "5b19db9f-c3d4-4404-aab0-b8f56e1b83a6", "keyword": "khai trương giảm sốc", "step": "capture", "message": "Capturing posinset=24 (24/∞)…", "data": {"w": 0}, "seq": 29367}
{"ts": "2026-05-01T16:24:02.853707+00:00", "level": "INFO", "jobId": "5b19db9f-c3d4-4404-aab0-b8f56e1b83a6", "keyword": "khai trương giảm sốc", "step": "capture", "message": "Saved post_024.png (posinset=24)", "data": {"w": 0}, "seq": 29368}
{"ts": "2026-05-01T16:24:02.855085+00:00", "level": "INFO", "jobId": "5b19db9f-c3d4-4404-aab0-b8f56e1b83a6", "keyword": "khai trương giảm sốc", "step": "cooldown", "message": "Cooldown 1.0s (after capture)", "data": {"w": 0}, "seq": 29369}
{"ts": "2026-05-01T16:24:03.939823+00:00", "level": "INFO", "jobId": "5b19db9f-c3d4-4404-aab0-b8f56e1b83a6", "keyword": "khai trương giảm sốc", "step": "capture", "message": "Capturing posinset=25 (25/∞)…", "data": {"w": 0}, "seq": 29370}
{"ts": "2026-05-01T16:24:06.203877+00:00", "level": "INFO", "jobId": "5b19db9f-c3d4-4404-aab0-b8f56e1b83a6", "keyword": "khai trương giảm sốc", "step": "capture", "message": "Saved post_025.png (posinset=25)", "data": {"w": 0}, "seq": 29371}
{"ts": "2026-05-01T16:24:06.209827+00:00", "level": "INFO", "jobId": "5b19db9f-c3d4-4404-aab0-b8f56e1b83a6", "keyword": "khai trương giảm sốc", "step": "cooldown", "message": "Cooldown 1.0s (after capture)", "data": {"w": 0}, "seq": 29372}
{"ts": "2026-05-01T16:24:08.431782+00:00", "level": "INFO", "jobId": "5b19db9f-c3d4-4404-aab0-b8f56e1b83a6", "keyword": "khai trương giảm sốc", "step": "heartbeat", "message": "Worker alive", "data": {"w": 0, "elapsed_s": 120}, "seq": 29375}
{"ts": "2026-05-01T16:24:08.435778+00:00", "level": "INFO", "jobId": "5b19db9f-c3d4-4404-aab0-b8f56e1b83a6", "keyword": "khai trương giảm sốc", "step": "capture", "message": "Capturing posinset=26 (26/∞)…", "data": {"w": 0}, "seq": 29376}
{"ts": "2026-05-01T16:24:10.769235+00:00", "level": "INFO", "jobId": "5b19db9f-c3d4-4404-aab0-b8f56e1b83a6", "keyword": "khai trương giảm sốc", "step": "capture", "message": "Saved post_026.png (posinset=26)", "data": {"w": 0}, "seq": 29380}
{"ts": "2026-05-01T16:24:10.771235+00:00", "level": "INFO", "jobId": "5b19db9f-c3d4-4404-aab0-b8f56e1b83a6", "keyword": "khai trương giảm sốc", "step": "cooldown", "message": "Cooldown 1.0s (after capture)", "data": {"w": 0}, "seq": 29381}
{"ts": "2026-05-01T16:24:11.816048+00:00", "level": "INFO", "jobId": "5b19db9f-c3d4-4404-aab0-b8f56e1b83a6", "keyword": "khai trương giảm sốc", "step": "capture", "message": "Capturing posinset=27 (27/∞)…", "data": {"w": 0}, "seq": 29384}
{"ts": "2026-05-01T16:24:14.418307+00:00", "level": "INFO", "jobId": "5b19db9f-c3d4-4404-aab0-b8f56e1b83a6", "keyword": "khai trương giảm sốc", "step": "capture", "message": "Saved post_027.png (posinset=27)", "data": {"w": 0}, "seq": 29385}
{"ts": "2026-05-01T16:24:14.419736+00:00", "level": "INFO", "jobId": "5b19db9f-c3d4-4404-aab0-b8f56e1b83a6", "keyword": "khai trương giảm sốc", "step": "cooldown", "message": "Cooldown 1.0s (after capture)", "data": {"w": 0}, "seq": 29386}
{"ts": "2026-05-01T16:24:15.454492+00:00", "level": "INFO", "jobId": "5b19db9f-c3d4-4404-aab0-b8f56e1b83a6", "keyword": "khai trương giảm sốc", "step": "capture", "message": "Capturing posinset=28 (28/∞)…", "data": {"w": 0}, "seq": 29387}
{"ts": "2026-05-01T16:24:17.166807+00:00", "level": "INFO", "jobId": "5b19db9f-c3d4-4404-aab0-b8f56e1b83a6", "keyword": "khai trương giảm sốc", "step": "capture", "message": "Saved post_028.png (posinset=28)", "data": {"w": 0}, "seq": 29388}
{"ts": "2026-05-01T16:24:17.167842+00:00", "level": "INFO", "jobId": "5b19db9f-c3d4-4404-aab0-b8f56e1b83a6", "keyword": "khai trương giảm sốc", "step": "cooldown", "message": "Cooldown 1.0s (after capture)", "data": {"w": 0}, "seq": 29389}
{"ts": "2026-05-01T16:24:18.190434+00:00", "level": "INFO", "jobId": "5b19db9f-c3d4-4404-aab0-b8f56e1b83a6", "keyword": "khai trương giảm sốc", "step": "capture", "message": "Capturing posinset=29 (29/∞)…", "data": {"w": 0}, "seq": 29390}
{"ts": "2026-05-01T16:24:19.733286+00:00", "level": "INFO", "jobId": "5b19db9f-c3d4-4404-aab0-b8f56e1b83a6", "keyword": "khai trương giảm sốc", "step": "capture", "message": "Saved post_029.png (posinset=29)", "data": {"w": 0}, "seq": 29393}
{"ts": "2026-05-01T16:24:19.735380+00:00", "level": "INFO", "jobId": "5b19db9f-c3d4-4404-aab0-b8f56e1b83a6", "keyword": "khai trương giảm sốc", "step": "cooldown", "message": "Cooldown 1.0s (after capture)", "data": {"w": 0}, "seq": 29394}
{"ts": "2026-05-01T16:24:21.200348+00:00", "level": "INFO", "jobId": "5b19db9f-c3d4-4404-aab0-b8f56e1b83a6", "keyword": "khai trương giảm sốc", "step": "capture", "message": "Capturing posinset=30 (30/∞)…", "data": {"w": 0}, "seq": 29397}
{"ts": "2026-05-01T16:24:24.277203+00:00", "level": "INFO", "jobId": "5b19db9f-c3d4-4404-aab0-b8f56e1b83a6", "keyword": "khai trương giảm sốc", "step": "capture", "message": "Saved post_030.png (posinset=30)", "data": {"w": 0}, "seq": 29400}
{"ts": "2026-05-01T16:24:24.279202+00:00", "level": "INFO", "jobId": "5b19db9f-c3d4-4404-aab0-b8f56e1b83a6", "keyword": "khai trương giảm sốc", "step": "cooldown", "message": "Cooldown 1.0s (after capture)", "data": {"w": 0}, "seq": 29401}
{"ts": "2026-05-01T16:24:25.306216+00:00", "level": "INFO", "jobId": "5b19db9f-c3d4-4404-aab0-b8f56e1b83a6", "keyword": "khai trương giảm sốc", "step": "heartbeat", "message": "Worker alive", "data": {"w": 0, "elapsed_s": 137}, "seq": 29405}
{"ts": "2026-05-01T16:24:25.307351+00:00", "level": "INFO", "jobId": "5b19db9f-c3d4-4404-aab0-b8f56e1b83a6", "keyword": "khai trương giảm sốc", "step": "capture", "message": "Capturing posinset=31 (31/∞)…", "data": {"w": 0}, "seq": 29406}
{"ts": "2026-05-01T16:24:26.784740+00:00", "level": "INFO", "jobId": "5b19db9f-c3d4-4404-aab0-b8f56e1b83a6", "keyword": "khai trương giảm sốc", "step": "capture", "message": "Saved post_031.png (posinset=31)", "data": {"w": 0}, "seq": 29408}
{"ts": "2026-05-01T16:24:26.786852+00:00", "level": "INFO", "jobId": "5b19db9f-c3d4-4404-aab0-b8f56e1b83a6", "keyword": "khai trương giảm sốc", "step": "cooldown", "message": "Cooldown 1.0s (after capture)", "data": {"w": 0}, "seq": 29409}
{"ts": "2026-05-01T16:24:27.834766+00:00", "level": "INFO", "jobId": "5b19db9f-c3d4-4404-aab0-b8f56e1b83a6", "keyword": "khai trương giảm sốc", "step": "capture", "message": "Capturing posinset=32 (32/∞)…", "data": {"w": 0}, "seq": 29410}
{"ts": "2026-05-01T16:24:30.447987+00:00", "level": "INFO", "jobId": "5b19db9f-c3d4-4404-aab0-b8f56e1b83a6", "keyword": "khai trương giảm sốc", "step": "capture", "message": "Saved post_032.png (posinset=32)", "data": {"w": 0}, "seq": 29413}
{"ts": "2026-05-01T16:24:30.449109+00:00", "level": "INFO", "jobId": "5b19db9f-c3d4-4404-aab0-b8f56e1b83a6", "keyword": "khai trương giảm sốc", "step": "cooldown", "message": "Cooldown 1.0s (after capture)", "data": {"w": 0}, "seq": 29414}
{"ts": "2026-05-01T16:24:31.482201+00:00", "level": "INFO", "jobId": "5b19db9f-c3d4-4404-aab0-b8f56e1b83a6", "keyword": "khai trương giảm sốc", "step": "capture", "message": "Capturing posinset=33 (33/∞)…", "data": {"w": 0}, "seq": 29417}
{"ts": "2026-05-01T16:24:33.006596+00:00", "level": "INFO", "jobId": "5b19db9f-c3d4-4404-aab0-b8f56e1b83a6", "keyword": "khai trương giảm sốc", "step": "capture", "message": "Saved post_033.png (posinset=33)", "data": {"w": 0}, "seq": 29418}
{"ts": "2026-05-01T16:24:33.008213+00:00", "level": "INFO", "jobId": "5b19db9f-c3d4-4404-aab0-b8f56e1b83a6", "keyword": "khai trương giảm sốc", "step": "cooldown", "message": "Cooldown 1.0s (after capture)", "data": {"w": 0}, "seq": 29419}
{"ts": "2026-05-01T16:24:34.064605+00:00", "level": "INFO", "jobId": "5b19db9f-c3d4-4404-aab0-b8f56e1b83a6", "keyword": "khai trương giảm sốc", "step": "capture", "message": "Capturing posinset=34 (34/∞)…", "data": {"w": 0}, "seq": 29420}
{"ts": "2026-05-01T16:24:36.050858+00:00", "level": "INFO", "jobId": "5b19db9f-c3d4-4404-aab0-b8f56e1b83a6", "keyword": "khai trương giảm sốc", "step": "capture", "message": "Saved post_034.png (posinset=34)", "data": {"w": 0}, "seq": 29421}
{"ts": "2026-05-01T16:24:36.055895+00:00", "level": "INFO", "jobId": "5b19db9f-c3d4-4404-aab0-b8f56e1b83a6", "keyword": "khai trương giảm sốc", "step": "cooldown", "message": "Cooldown 1.0s (after capture)", "data": {"w": 0}, "seq": 29422}
{"ts": "2026-05-01T16:24:37.092926+00:00", "level": "INFO", "jobId": "5b19db9f-c3d4-4404-aab0-b8f56e1b83a6", "keyword": "khai trương giảm sốc", "step": "capture", "message": "Capturing posinset=35 (35/∞)…", "data": {"w": 0}, "seq": 29425}
{"ts": "2026-05-01T16:24:39.232233+00:00", "level": "INFO", "jobId": "5b19db9f-c3d4-4404-aab0-b8f56e1b83a6", "keyword": "khai trương giảm sốc", "step": "capture", "message": "Saved post_035.png (posinset=35)", "data": {"w": 0}, "seq": 29427}
{"ts": "2026-05-01T16:24:39.233238+00:00", "level": "INFO", "jobId": "5b19db9f-c3d4-4404-aab0-b8f56e1b83a6", "keyword": "khai trương giảm sốc", "step": "cooldown", "message": "Cooldown 1.0s (after capture)", "data": {"w": 0}, "seq": 29428}
{"ts": "2026-05-01T16:24:40.965873+00:00", "level": "INFO", "jobId": "5b19db9f-c3d4-4404-aab0-b8f56e1b83a6", "keyword": "khai trương giảm sốc", "step": "heartbeat", "message": "Worker alive", "data": {"w": 0, "elapsed_s": 153}, "seq": 29429}
{"ts": "2026-05-01T16:24:40.967917+00:00", "level": "INFO", "jobId": "5b19db9f-c3d4-4404-aab0-b8f56e1b83a6", "keyword": "khai trương giảm sốc", "step": "capture", "message": "Capturing posinset=36 (36/∞)…", "data": {"w": 0}, "seq": 29430}
{"ts": "2026-05-01T16:24:45.368424+00:00", "level": "INFO", "jobId": "5b19db9f-c3d4-4404-aab0-b8f56e1b83a6", "keyword": "khai trương giảm sốc", "step": "capture", "message": "Saved post_036.png (posinset=36)", "data": {"w": 0}, "seq": 29431}
{"ts": "2026-05-01T16:24:45.368424+00:00", "level": "INFO", "jobId": "5b19db9f-c3d4-4404-aab0-b8f56e1b83a6", "keyword": "khai trương giảm sốc", "step": "cooldown", "message": "Cooldown 1.0s (after capture)", "data": {"w": 0}, "seq": 29432}
{"ts": "2026-05-01T16:24:46.417503+00:00", "level": "INFO", "jobId": "5b19db9f-c3d4-4404-aab0-b8f56e1b83a6", "keyword": "khai trương giảm sốc", "step": "capture", "message": "Capturing posinset=37 (37/∞)…", "data": {"w": 0}, "seq": 29433}
{"ts": "2026-05-01T16:24:49.216197+00:00", "level": "INFO", "jobId": "5b19db9f-c3d4-4404-aab0-b8f56e1b83a6", "keyword": "khai trương giảm sốc", "step": "capture", "message": "Saved post_037.png (posinset=37)", "data": {"w": 0}, "seq": 29434}
{"ts": "2026-05-01T16:24:49.219196+00:00", "level": "INFO", "jobId": "5b19db9f-c3d4-4404-aab0-b8f56e1b83a6", "keyword": "khai trương giảm sốc", "step": "cooldown", "message": "Cooldown 1.0s (after capture)", "data": {"w": 0}, "seq": 29435}
{"ts": "2026-05-01T16:24:50.289874+00:00", "level": "INFO", "jobId": "5b19db9f-c3d4-4404-aab0-b8f56e1b83a6", "keyword": "khai trương giảm sốc", "step": "capture", "message": "Capturing posinset=38 (38/∞)…", "data": {"w": 0}, "seq": 29436}
{"ts": "2026-05-01T16:24:52.662013+00:00", "level": "INFO", "jobId": "5b19db9f-c3d4-4404-aab0-b8f56e1b83a6", "keyword": "khai trương giảm sốc", "step": "capture", "message": "Saved post_038.png (posinset=38)", "data": {"w": 0}, "seq": 29439}
{"ts": "2026-05-01T16:24:52.664014+00:00", "level": "INFO", "jobId": "5b19db9f-c3d4-4404-aab0-b8f56e1b83a6", "keyword": "khai trương giảm sốc", "step": "cooldown", "message": "Cooldown 1.0s (after capture)", "data": {"w": 0}, "seq": 29440}
{"ts": "2026-05-01T16:24:53.731747+00:00", "level": "INFO", "jobId": "5b19db9f-c3d4-4404-aab0-b8f56e1b83a6", "keyword": "khai trương giảm sốc", "step": "capture", "message": "Capturing posinset=39 (39/∞)…", "data": {"w": 0}, "seq": 29441}
{"ts": "2026-05-01T16:24:56.455232+00:00", "level": "INFO", "jobId": "5b19db9f-c3d4-4404-aab0-b8f56e1b83a6", "keyword": "khai trương giảm sốc", "step": "capture", "message": "Saved post_039.png (posinset=39)", "data": {"w": 0}, "seq": 29444}
{"ts": "2026-05-01T16:24:56.457233+00:00", "level": "INFO", "jobId": "5b19db9f-c3d4-4404-aab0-b8f56e1b83a6", "keyword": "khai trương giảm sốc", "step": "cooldown", "message": "Cooldown 1.0s (after capture)", "data": {"w": 0}, "seq": 29445}
{"ts": "2026-05-01T16:24:57.501437+00:00", "level": "INFO", "jobId": "5b19db9f-c3d4-4404-aab0-b8f56e1b83a6", "keyword": "khai trương giảm sốc", "step": "heartbeat", "message": "Worker alive", "data": {"w": 0, "elapsed_s": 170}, "seq": 29448}
{"ts": "2026-05-01T16:24:57.503143+00:00", "level": "INFO", "jobId": "5b19db9f-c3d4-4404-aab0-b8f56e1b83a6", "keyword": "khai trương giảm sốc", "step": "capture", "message": "Capturing posinset=40 (40/∞)…", "data": {"w": 0}, "seq": 29449}
{"ts": "2026-05-01T16:24:59.493930+00:00", "level": "INFO", "jobId": "5b19db9f-c3d4-4404-aab0-b8f56e1b83a6", "keyword": "khai trương giảm sốc", "step": "capture", "message": "Saved post_040.png (posinset=40)", "data": {"w": 0}, "seq": 29452}
{"ts": "2026-05-01T16:24:59.494932+00:00", "level": "INFO", "jobId": "5b19db9f-c3d4-4404-aab0-b8f56e1b83a6", "keyword": "khai trương giảm sốc", "step": "cooldown", "message": "Cooldown 1.0s (after capture)", "data": {"w": 0}, "seq": 29453}
{"ts": "2026-05-01T16:25:01.460188+00:00", "level": "INFO", "jobId": "5b19db9f-c3d4-4404-aab0-b8f56e1b83a6", "keyword": "khai trương giảm sốc", "step": "capture", "message": "Capturing posinset=41 (41/∞)…", "data": {"w": 0}, "seq": 29454}
{"ts": "2026-05-01T16:25:04.845601+00:00", "level": "INFO", "jobId": "5b19db9f-c3d4-4404-aab0-b8f56e1b83a6", "keyword": "khai trương giảm sốc", "step": "capture", "message": "Saved post_041.png (posinset=41)", "data": {"w": 0}, "seq": 29455}
{"ts": "2026-05-01T16:25:04.846601+00:00", "level": "INFO", "jobId": "5b19db9f-c3d4-4404-aab0-b8f56e1b83a6", "keyword": "khai trương giảm sốc", "step": "cooldown", "message": "Cooldown 1.0s (after capture)", "data": {"w": 0}, "seq": 29456}
{"ts": "2026-05-01T16:25:05.870145+00:00", "level": "INFO", "jobId": "5b19db9f-c3d4-4404-aab0-b8f56e1b83a6", "keyword": "khai trương giảm sốc", "step": "capture", "message": "Capturing posinset=42 (42/∞)…", "data": {"w": 0}, "seq": 29457}
{"ts": "2026-05-01T16:25:08.343747+00:00", "level": "INFO", "jobId": "5b19db9f-c3d4-4404-aab0-b8f56e1b83a6", "keyword": "khai trương giảm sốc", "step": "capture", "message": "Saved post_042.png (posinset=42)", "data": {"w": 0}, "seq": 29458}
{"ts": "2026-05-01T16:25:08.344747+00:00", "level": "INFO", "jobId": "5b19db9f-c3d4-4404-aab0-b8f56e1b83a6", "keyword": "khai trương giảm sốc", "step": "cooldown", "message": "Cooldown 1.0s (after capture)", "data": {"w": 0}, "seq": 29459}
{"ts": "2026-05-01T16:25:09.377440+00:00", "level": "INFO", "jobId": "5b19db9f-c3d4-4404-aab0-b8f56e1b83a6", "keyword": "khai trương giảm sốc", "step": "capture", "message": "Capturing posinset=43 (43/∞)…", "data": {"w": 0}, "seq": 29460}
{"ts": "2026-05-01T16:25:11.549294+00:00", "level": "INFO", "jobId": "5b19db9f-c3d4-4404-aab0-b8f56e1b83a6", "keyword": "khai trương giảm sốc", "step": "capture", "message": "Saved post_043.png (posinset=43)", "data": {"w": 0}, "seq": 29461}
{"ts": "2026-05-01T16:25:11.551720+00:00", "level": "INFO", "jobId": "5b19db9f-c3d4-4404-aab0-b8f56e1b83a6", "keyword": "khai trương giảm sốc", "step": "cooldown", "message": "Cooldown 1.0s (after capture)", "data": {"w": 0}, "seq": 29462}
{"ts": "2026-05-01T16:25:12.627429+00:00", "level": "INFO", "jobId": "5b19db9f-c3d4-4404-aab0-b8f56e1b83a6", "keyword": "khai trương giảm sốc", "step": "heartbeat", "message": "Worker alive", "data": {"w": 0, "elapsed_s": 185}, "seq": 29463}
{"ts": "2026-05-01T16:25:12.629438+00:00", "level": "INFO", "jobId": "5b19db9f-c3d4-4404-aab0-b8f56e1b83a6", "keyword": "khai trương giảm sốc", "step": "capture", "message": "Capturing posinset=44 (44/∞)…", "data": {"w": 0}, "seq": 29464}
{"ts": "2026-05-01T16:25:17.164799+00:00", "level": "INFO", "jobId": "5b19db9f-c3d4-4404-aab0-b8f56e1b83a6", "keyword": "khai trương giảm sốc", "step": "capture", "message": "Saved post_044.png (posinset=44)", "data": {"w": 0}, "seq": 29467}
{"ts": "2026-05-01T16:25:17.170627+00:00", "level": "INFO", "jobId": "5b19db9f-c3d4-4404-aab0-b8f56e1b83a6", "keyword": "khai trương giảm sốc", "step": "cooldown", "message": "Cooldown 1.0s (after capture)", "data": {"w": 0}, "seq": 29468}
{"ts": "2026-05-01T16:25:18.224773+00:00", "level": "INFO", "jobId": "5b19db9f-c3d4-4404-aab0-b8f56e1b83a6", "keyword": "khai trương giảm sốc", "step": "capture", "message": "Capturing posinset=45 (45/∞)…", "data": {"w": 0}, "seq": 29469}
{"ts": "2026-05-01T16:25:20.813127+00:00", "level": "INFO", "jobId": "5b19db9f-c3d4-4404-aab0-b8f56e1b83a6", "keyword": "khai trương giảm sốc", "step": "capture", "message": "Saved post_045.png (posinset=45)", "data": {"w": 0}, "seq": 29474}
{"ts": "2026-05-01T16:25:20.814130+00:00", "level": "INFO", "jobId": "5b19db9f-c3d4-4404-aab0-b8f56e1b83a6", "keyword": "khai trương giảm sốc", "step": "cooldown", "message": "Cooldown 1.0s (after capture)", "data": {"w": 0}, "seq": 29475}
{"ts": "2026-05-01T16:25:22.568522+00:00", "level": "INFO", "jobId": "5b19db9f-c3d4-4404-aab0-b8f56e1b83a6", "keyword": "khai trương giảm sốc", "step": "capture", "message": "Capturing posinset=46 (46/∞)…", "data": {"w": 0}, "seq": 29478}
{"ts": "2026-05-01T16:25:25.645699+00:00", "level": "INFO", "jobId": "5b19db9f-c3d4-4404-aab0-b8f56e1b83a6", "keyword": "khai trương giảm sốc", "step": "capture", "message": "Saved post_046.png (posinset=46)", "data": {"w": 0}, "seq": 29479}
{"ts": "2026-05-01T16:25:25.646875+00:00", "level": "INFO", "jobId": "5b19db9f-c3d4-4404-aab0-b8f56e1b83a6", "keyword": "khai trương giảm sốc", "step": "cooldown", "message": "Cooldown 1.0s (after capture)", "data": {"w": 0}, "seq": 29480}
{"ts": "2026-05-01T16:25:26.740349+00:00", "level": "INFO", "jobId": "5b19db9f-c3d4-4404-aab0-b8f56e1b83a6", "keyword": "khai trương giảm sốc", "step": "capture", "message": "Capturing posinset=47 (47/∞)…", "data": {"w": 0}, "seq": 29481}
{"ts": "2026-05-01T16:25:30.202123+00:00", "level": "INFO", "jobId": "5b19db9f-c3d4-4404-aab0-b8f56e1b83a6", "keyword": "khai trương giảm sốc", "step": "capture", "message": "Saved post_047.png (posinset=47)", "data": {"w": 0}, "seq": 29484}
{"ts": "2026-05-01T16:25:30.208118+00:00", "level": "INFO", "jobId": "5b19db9f-c3d4-4404-aab0-b8f56e1b83a6", "keyword": "khai trương giảm sốc", "step": "cooldown", "message": "Cooldown 1.0s (after capture)", "data": {"w": 0}, "seq": 29485}
{"ts": "2026-05-01T16:25:31.250087+00:00", "level": "INFO", "jobId": "5b19db9f-c3d4-4404-aab0-b8f56e1b83a6", "keyword": "khai trương giảm sốc", "step": "heartbeat", "message": "Worker alive", "data": {"w": 0, "elapsed_s": 203}, "seq": 29487}
{"ts": "2026-05-01T16:25:31.252103+00:00", "level": "INFO", "jobId": "5b19db9f-c3d4-4404-aab0-b8f56e1b83a6", "keyword": "khai trương giảm sốc", "step": "capture", "message": "Capturing posinset=48 (48/∞)…", "data": {"w": 0}, "seq": 29488}
{"ts": "2026-05-01T16:25:36.123211+00:00", "level": "INFO", "jobId": "5b19db9f-c3d4-4404-aab0-b8f56e1b83a6", "keyword": "khai trương giảm sốc", "step": "capture", "message": "Saved post_048.png (posinset=48)", "data": {"w": 0}, "seq": 29489}
{"ts": "2026-05-01T16:25:36.124206+00:00", "level": "INFO", "jobId": "5b19db9f-c3d4-4404-aab0-b8f56e1b83a6", "keyword": "khai trương giảm sốc", "step": "cooldown", "message": "Cooldown 1.0s (after capture)", "data": {"w": 0}, "seq": 29490}
{"ts": "2026-05-01T16:25:37.178181+00:00", "level": "INFO", "jobId": "5b19db9f-c3d4-4404-aab0-b8f56e1b83a6", "keyword": "khai trương giảm sốc", "step": "capture", "message": "Capturing posinset=49 (49/∞)…", "data": {"w": 0}, "seq": 29491}
{"ts": "2026-05-01T16:25:40.044394+00:00", "level": "INFO", "jobId": "5b19db9f-c3d4-4404-aab0-b8f56e1b83a6", "keyword": "khai trương giảm sốc", "step": "capture", "message": "Saved post_049.png (posinset=49)", "data": {"w": 0}, "seq": 29494}
{"ts": "2026-05-01T16:25:40.051760+00:00", "level": "INFO", "jobId": "5b19db9f-c3d4-4404-aab0-b8f56e1b83a6", "keyword": "khai trương giảm sốc", "step": "cooldown", "message": "Cooldown 1.0s (after capture)", "data": {"w": 0}, "seq": 29495}
{"ts": "2026-05-01T16:25:41.113272+00:00", "level": "INFO", "jobId": "5b19db9f-c3d4-4404-aab0-b8f56e1b83a6", "keyword": "khai trương giảm sốc", "step": "capture", "message": "Capturing posinset=50 (50/∞)…", "data": {"w": 0}, "seq": 29498}
{"ts": "2026-05-01T16:25:44.736063+00:00", "level": "INFO", "jobId": "5b19db9f-c3d4-4404-aab0-b8f56e1b83a6", "keyword": "khai trương giảm sốc", "step": "capture", "message": "Saved post_050.png (posinset=50)", "data": {"w": 0}, "seq": 29501}
{"ts": "2026-05-01T16:25:44.738172+00:00", "level": "INFO", "jobId": "5b19db9f-c3d4-4404-aab0-b8f56e1b83a6", "keyword": "khai trương giảm sốc", "step": "cooldown", "message": "Cooldown 1.0s (after capture)", "data": {"w": 0}, "seq": 29502}
{"ts": "2026-05-01T16:25:46.273001+00:00", "level": "INFO", "jobId": "5b19db9f-c3d4-4404-aab0-b8f56e1b83a6", "keyword": "khai trương giảm sốc", "step": "heartbeat", "message": "Worker alive", "data": {"w": 0, "elapsed_s": 218}, "seq": 29503}
{"ts": "2026-05-01T16:25:46.274001+00:00", "level": "INFO", "jobId": "5b19db9f-c3d4-4404-aab0-b8f56e1b83a6", "keyword": "khai trương giảm sốc", "step": "capture", "message": "Capturing posinset=51 (51/∞)…", "data": {"w": 0}, "seq": 29504}
{"ts": "2026-05-01T16:25:49.528980+00:00", "level": "INFO", "jobId": "5b19db9f-c3d4-4404-aab0-b8f56e1b83a6", "keyword": "khai trương giảm sốc", "step": "capture", "message": "Saved post_051.png (posinset=51)", "data": {"w": 0}, "seq": 29505}
{"ts": "2026-05-01T16:25:49.531156+00:00", "level": "INFO", "jobId": "5b19db9f-c3d4-4404-aab0-b8f56e1b83a6", "keyword": "khai trương giảm sốc", "step": "cooldown", "message": "Cooldown 1.0s (after capture)", "data": {"w": 0}, "seq": 29506}
{"ts": "2026-05-01T16:25:50.565535+00:00", "level": "INFO", "jobId": "5b19db9f-c3d4-4404-aab0-b8f56e1b83a6", "keyword": "khai trương giảm sốc", "step": "capture", "message": "Capturing posinset=52 (52/∞)…", "data": {"w": 0}, "seq": 29507}
{"ts": "2026-05-01T16:25:53.682641+00:00", "level": "INFO", "jobId": "5b19db9f-c3d4-4404-aab0-b8f56e1b83a6", "keyword": "khai trương giảm sốc", "step": "capture", "message": "Saved post_052.png (posinset=52)", "data": {"w": 0}, "seq": 29508}
{"ts": "2026-05-01T16:25:53.684657+00:00", "level": "INFO", "jobId": "5b19db9f-c3d4-4404-aab0-b8f56e1b83a6", "keyword": "khai trương giảm sốc", "step": "cooldown", "message": "Cooldown 1.0s (after capture)", "data": {"w": 0}, "seq": 29509}
{"ts": "2026-05-01T16:25:54.717086+00:00", "level": "INFO", "jobId": "5b19db9f-c3d4-4404-aab0-b8f56e1b83a6", "keyword": "khai trương giảm sốc", "step": "capture", "message": "Capturing posinset=53 (53/∞)…", "data": {"w": 0}, "seq": 29510}
{"ts": "2026-05-01T16:25:56.969596+00:00", "level": "INFO", "jobId": "5b19db9f-c3d4-4404-aab0-b8f56e1b83a6", "keyword": "khai trương giảm sốc", "step": "capture", "message": "Saved post_053.png (posinset=53)", "data": {"w": 0}, "seq": 29511}
{"ts": "2026-05-01T16:25:56.971604+00:00", "level": "INFO", "jobId": "5b19db9f-c3d4-4404-aab0-b8f56e1b83a6", "keyword": "khai trương giảm sốc", "step": "cooldown", "message": "Cooldown 1.0s (after capture)", "data": {"w": 0}, "seq": 29512}
{"ts": "2026-05-01T16:25:58.022800+00:00", "level": "INFO", "jobId": "5b19db9f-c3d4-4404-aab0-b8f56e1b83a6", "keyword": "khai trương giảm sốc", "step": "capture", "message": "Capturing posinset=54 (54/∞)…", "data": {"w": 0}, "seq": 29513}
{"ts": "2026-05-01T16:26:00.126704+00:00", "level": "INFO", "jobId": "5b19db9f-c3d4-4404-aab0-b8f56e1b83a6", "keyword": "khai trương giảm sốc", "step": "capture", "message": "Saved post_054.png (posinset=54)", "data": {"w": 0}, "seq": 29516}
{"ts": "2026-05-01T16:26:00.127671+00:00", "level": "INFO", "jobId": "5b19db9f-c3d4-4404-aab0-b8f56e1b83a6", "keyword": "khai trương giảm sốc", "step": "cooldown", "message": "Cooldown 1.0s (after capture)", "data": {"w": 0}, "seq": 29517}
{"ts": "2026-05-01T16:26:01.159034+00:00", "level": "INFO", "jobId": "5b19db9f-c3d4-4404-aab0-b8f56e1b83a6", "keyword": "khai trương giảm sốc", "step": "capture", "message": "Capturing posinset=55 (55/∞)…", "data": {"w": 0}, "seq": 29518}
{"ts": "2026-05-01T16:26:03.424742+00:00", "level": "INFO", "jobId": "5b19db9f-c3d4-4404-aab0-b8f56e1b83a6", "keyword": "khai trương giảm sốc", "step": "capture", "message": "Saved post_055.png (posinset=55)", "data": {"w": 0}, "seq": 29523}
{"ts": "2026-05-01T16:26:03.425851+00:00", "level": "INFO", "jobId": "5b19db9f-c3d4-4404-aab0-b8f56e1b83a6", "keyword": "khai trương giảm sốc", "step": "cooldown", "message": "Cooldown 1.0s (after capture)", "data": {"w": 0}, "seq": 29524}
{"ts": "2026-05-01T16:26:04.945820+00:00", "level": "INFO", "jobId": "5b19db9f-c3d4-4404-aab0-b8f56e1b83a6", "keyword": "khai trương giảm sốc", "step": "heartbeat", "message": "Worker alive", "data": {"w": 0, "elapsed_s": 237}, "seq": 29527}
{"ts": "2026-05-01T16:26:04.949944+00:00", "level": "INFO", "jobId": "5b19db9f-c3d4-4404-aab0-b8f56e1b83a6", "keyword": "khai trương giảm sốc", "step": "capture", "message": "Capturing posinset=56 (56/∞)…", "data": {"w": 0}, "seq": 29528}
{"ts": "2026-05-01T16:26:09.383479+00:00", "level": "INFO", "jobId": "5b19db9f-c3d4-4404-aab0-b8f56e1b83a6", "keyword": "khai trương giảm sốc", "step": "capture", "message": "Saved post_056.png (posinset=56)", "data": {"w": 0}, "seq": 29529}
{"ts": "2026-05-01T16:26:09.385477+00:00", "level": "INFO", "jobId": "5b19db9f-c3d4-4404-aab0-b8f56e1b83a6", "keyword": "khai trương giảm sốc", "step": "cooldown", "message": "Cooldown 1.0s (after capture)", "data": {"w": 0}, "seq": 29530}
{"ts": "2026-05-01T16:26:10.424126+00:00", "level": "INFO", "jobId": "5b19db9f-c3d4-4404-aab0-b8f56e1b83a6", "keyword": "khai trương giảm sốc", "step": "capture", "message": "Capturing posinset=57 (57/∞)…", "data": {"w": 0}, "seq": 29531}
{"ts": "2026-05-01T16:26:13.144039+00:00", "level": "INFO", "jobId": "5b19db9f-c3d4-4404-aab0-b8f56e1b83a6", "keyword": "khai trương giảm sốc", "step": "capture", "message": "Saved post_057.png (posinset=57)", "data": {"w": 0}, "seq": 29532}
{"ts": "2026-05-01T16:26:13.147039+00:00", "level": "INFO", "jobId": "5b19db9f-c3d4-4404-aab0-b8f56e1b83a6", "keyword": "khai trương giảm sốc", "step": "cooldown", "message": "Cooldown 1.0s (after capture)", "data": {"w": 0}, "seq": 29533}
{"ts": "2026-05-01T16:26:14.200611+00:00", "level": "INFO", "jobId": "5b19db9f-c3d4-4404-aab0-b8f56e1b83a6", "keyword": "khai trương giảm sốc", "step": "capture", "message": "Capturing posinset=58 (58/∞)…", "data": {"w": 0}, "seq": 29534}
{"ts": "2026-05-01T16:26:18.488288+00:00", "level": "INFO", "jobId": "5b19db9f-c3d4-4404-aab0-b8f56e1b83a6", "keyword": "khai trương giảm sốc", "step": "capture", "message": "Saved post_058.png (posinset=58)", "data": {"w": 0}, "seq": 29535}
{"ts": "2026-05-01T16:26:18.490288+00:00", "level": "INFO", "jobId": "5b19db9f-c3d4-4404-aab0-b8f56e1b83a6", "keyword": "khai trương giảm sốc", "step": "cooldown", "message": "Cooldown 1.0s (after capture)", "data": {"w": 0}, "seq": 29536}
{"ts": "2026-05-01T16:26:19.536644+00:00", "level": "INFO", "jobId": "5b19db9f-c3d4-4404-aab0-b8f56e1b83a6", "keyword": "khai trương giảm sốc", "step": "capture", "message": "Capturing posinset=59 (59/∞)…", "data": {"w": 0}, "seq": 29537}
{"ts": "2026-05-01T16:26:22.432766+00:00", "level": "INFO", "jobId": "5b19db9f-c3d4-4404-aab0-b8f56e1b83a6", "keyword": "khai trương giảm sốc", "step": "capture", "message": "Saved post_059.png (posinset=59)", "data": {"w": 0}, "seq": 29538}
{"ts": "2026-05-01T16:26:22.434168+00:00", "level": "INFO", "jobId": "5b19db9f-c3d4-4404-aab0-b8f56e1b83a6", "keyword": "khai trương giảm sốc", "step": "cooldown", "message": "Cooldown 1.0s (after capture)", "data": {"w": 0}, "seq": 29539}
{"ts": "2026-05-01T16:26:24.378449+00:00", "level": "INFO", "jobId": "5b19db9f-c3d4-4404-aab0-b8f56e1b83a6", "keyword": "khai trương giảm sốc", "step": "heartbeat", "message": "Worker alive", "data": {"w": 0, "elapsed_s": 256}, "seq": 29540}
{"ts": "2026-05-01T16:26:24.381449+00:00", "level": "INFO", "jobId": "5b19db9f-c3d4-4404-aab0-b8f56e1b83a6", "keyword": "khai trương giảm sốc", "step": "capture", "message": "Capturing posinset=60 (60/∞)…", "data": {"w": 0}, "seq": 29541}
{"ts": "2026-05-01T16:26:27.503214+00:00", "level": "INFO", "jobId": "5b19db9f-c3d4-4404-aab0-b8f56e1b83a6", "keyword": "khai trương giảm sốc", "step": "capture", "message": "Saved post_060.png (posinset=60)", "data": {"w": 0}, "seq": 29544}
{"ts": "2026-05-01T16:26:27.504219+00:00", "level": "INFO", "jobId": "5b19db9f-c3d4-4404-aab0-b8f56e1b83a6", "keyword": "khai trương giảm sốc", "step": "cooldown", "message": "Cooldown 1.0s (after capture)", "data": {"w": 0}, "seq": 29545}
{"ts": "2026-05-01T16:26:28.535405+00:00", "level": "INFO", "jobId": "5b19db9f-c3d4-4404-aab0-b8f56e1b83a6", "keyword": "khai trương giảm sốc", "step": "capture", "message": "Capturing posinset=61 (61/∞)…", "data": {"w": 0}, "seq": 29548}
{"ts": "2026-05-01T16:26:31.899077+00:00", "level": "INFO", "jobId": "5b19db9f-c3d4-4404-aab0-b8f56e1b83a6", "keyword": "khai trương giảm sốc", "step": "capture", "message": "Saved post_061.png (posinset=61)", "data": {"w": 0}, "seq": 29553}
{"ts": "2026-05-01T16:26:31.900075+00:00", "level": "INFO", "jobId": "5b19db9f-c3d4-4404-aab0-b8f56e1b83a6", "keyword": "khai trương giảm sốc", "step": "cooldown", "message": "Cooldown 1.0s (after capture)", "data": {"w": 0}, "seq": 29554}
{"ts": "2026-05-01T16:26:32.934908+00:00", "level": "INFO", "jobId": "5b19db9f-c3d4-4404-aab0-b8f56e1b83a6", "keyword": "khai trương giảm sốc", "step": "capture", "message": "Capturing posinset=62 (62/∞)…", "data": {"w": 0}, "seq": 29555}
{"ts": "2026-05-01T16:26:35.086410+00:00", "level": "INFO", "jobId": "5b19db9f-c3d4-4404-aab0-b8f56e1b83a6", "keyword": "khai trương giảm sốc", "step": "capture", "message": "Saved post_062.png (posinset=62)", "data": {"w": 0}, "seq": 29556}
{"ts": "2026-05-01T16:26:35.087410+00:00", "level": "INFO", "jobId": "5b19db9f-c3d4-4404-aab0-b8f56e1b83a6", "keyword": "khai trương giảm sốc", "step": "cooldown", "message": "Cooldown 1.0s (after capture)", "data": {"w": 0}, "seq": 29557}
{"ts": "2026-05-01T16:26:36.119962+00:00", "level": "INFO", "jobId": "5b19db9f-c3d4-4404-aab0-b8f56e1b83a6", "keyword": "khai trương giảm sốc", "step": "capture", "message": "Capturing posinset=63 (63/∞)…", "data": {"w": 0}, "seq": 29558}
{"ts": "2026-05-01T16:26:38.931433+00:00", "level": "INFO", "jobId": "5b19db9f-c3d4-4404-aab0-b8f56e1b83a6", "keyword": "khai trương giảm sốc", "step": "capture", "message": "Saved post_063.png (posinset=63)", "data": {"w": 0}, "seq": 29562}
{"ts": "2026-05-01T16:26:38.932478+00:00", "level": "INFO", "jobId": "5b19db9f-c3d4-4404-aab0-b8f56e1b83a6", "keyword": "khai trương giảm sốc", "step": "cooldown", "message": "Cooldown 1.0s (after capture)", "data": {"w": 0}, "seq": 29563}
{"ts": "2026-05-01T16:26:39.965904+00:00", "level": "INFO", "jobId": "5b19db9f-c3d4-4404-aab0-b8f56e1b83a6", "keyword": "khai trương giảm sốc", "step": "heartbeat", "message": "Worker alive", "data": {"w": 0, "elapsed_s": 272}, "seq": 29564}
{"ts": "2026-05-01T16:26:39.974978+00:00", "level": "INFO", "jobId": "5b19db9f-c3d4-4404-aab0-b8f56e1b83a6", "keyword": "khai trương giảm sốc", "step": "capture", "message": "Capturing posinset=64 (64/∞)…", "data": {"w": 0}, "seq": 29565}
{"ts": "2026-05-01T16:26:44.110230+00:00", "level": "INFO", "jobId": "5b19db9f-c3d4-4404-aab0-b8f56e1b83a6", "keyword": "khai trương giảm sốc", "step": "capture", "message": "Saved post_064.png (posinset=64)", "data": {"w": 0}, "seq": 29566}
{"ts": "2026-05-01T16:26:44.115230+00:00", "level": "INFO", "jobId": "5b19db9f-c3d4-4404-aab0-b8f56e1b83a6", "keyword": "khai trương giảm sốc", "step": "cooldown", "message": "Cooldown 1.0s (after capture)", "data": {"w": 0}, "seq": 29567}
{"ts": "2026-05-01T16:26:45.202084+00:00", "level": "INFO", "jobId": "5b19db9f-c3d4-4404-aab0-b8f56e1b83a6", "keyword": "khai trương giảm sốc", "step": "capture", "message": "Capturing posinset=65 (65/∞)…", "data": {"w": 0}, "seq": 29568}
{"ts": "2026-05-01T16:26:47.851115+00:00", "level": "INFO", "jobId": "5b19db9f-c3d4-4404-aab0-b8f56e1b83a6", "keyword": "khai trương giảm sốc", "step": "capture", "message": "Saved post_065.png (posinset=65)", "data": {"w": 0}, "seq": 29575}
{"ts": "2026-05-01T16:26:47.851115+00:00", "level": "INFO", "jobId": "5b19db9f-c3d4-4404-aab0-b8f56e1b83a6", "keyword": "khai trương giảm sốc", "step": "cooldown", "message": "Cooldown 1.0s (after capture)", "data": {"w": 0}, "seq": 29576}
{"ts": "2026-05-01T16:26:50.098841+00:00", "level": "INFO", "jobId": "5b19db9f-c3d4-4404-aab0-b8f56e1b83a6", "keyword": "khai trương giảm sốc", "step": "capture", "message": "Capturing posinset=66 (66/∞)…", "data": {"w": 0}, "seq": 29579}
{"ts": "2026-05-01T16:26:53.251378+00:00", "level": "INFO", "jobId": "5b19db9f-c3d4-4404-aab0-b8f56e1b83a6", "keyword": "khai trương giảm sốc", "step": "capture", "message": "Saved post_066.png (posinset=66)", "data": {"w": 0}, "seq": 29580}
{"ts": "2026-05-01T16:26:53.253390+00:00", "level": "INFO", "jobId": "5b19db9f-c3d4-4404-aab0-b8f56e1b83a6", "keyword": "khai trương giảm sốc", "step": "cooldown", "message": "Cooldown 1.0s (after capture)", "data": {"w": 0}, "seq": 29581}
{"ts": "2026-05-01T16:26:54.299417+00:00", "level": "INFO", "jobId": "5b19db9f-c3d4-4404-aab0-b8f56e1b83a6", "keyword": "khai trương giảm sốc", "step": "capture", "message": "Capturing posinset=67 (67/∞)…", "data": {"w": 0}, "seq": 29584}
{"ts": "2026-05-01T16:26:57.638240+00:00", "level": "INFO", "jobId": "5b19db9f-c3d4-4404-aab0-b8f56e1b83a6", "keyword": "khai trương giảm sốc", "step": "capture", "message": "Saved post_067.png (posinset=67)", "data": {"w": 0}, "seq": 29586}
{"ts": "2026-05-01T16:26:57.640256+00:00", "level": "INFO", "jobId": "5b19db9f-c3d4-4404-aab0-b8f56e1b83a6", "keyword": "khai trương giảm sốc", "step": "cooldown", "message": "Cooldown 1.0s (after capture)", "data": {"w": 0}, "seq": 29587}
{"ts": "2026-05-01T16:26:58.791778+00:00", "level": "INFO", "jobId": "5b19db9f-c3d4-4404-aab0-b8f56e1b83a6", "keyword": "khai trương giảm sốc", "step": "heartbeat", "message": "Worker alive", "data": {"w": 0, "elapsed_s": 291}, "seq": 29590}
{"ts": "2026-05-01T16:26:58.798774+00:00", "level": "INFO", "jobId": "5b19db9f-c3d4-4404-aab0-b8f56e1b83a6", "keyword": "khai trương giảm sốc", "step": "capture", "message": "Capturing posinset=68 (68/∞)…", "data": {"w": 0}, "seq": 29591}
{"ts": "2026-05-01T16:27:02.768484+00:00", "level": "INFO", "jobId": "5b19db9f-c3d4-4404-aab0-b8f56e1b83a6", "keyword": "khai trương giảm sốc", "step": "capture", "message": "Saved post_068.png (posinset=68)", "data": {"w": 0}, "seq": 29593}
{"ts": "2026-05-01T16:27:02.769455+00:00", "level": "INFO", "jobId": "5b19db9f-c3d4-4404-aab0-b8f56e1b83a6", "keyword": "khai trương giảm sốc", "step": "cooldown", "message": "Cooldown 1.0s (after capture)", "data": {"w": 0}, "seq": 29594}
{"ts": "2026-05-01T16:27:03.872395+00:00", "level": "INFO", "jobId": "5b19db9f-c3d4-4404-aab0-b8f56e1b83a6", "keyword": "khai trương giảm sốc", "step": "capture", "message": "Capturing posinset=69 (69/∞)…", "data": {"w": 0}, "seq": 29595}
{"ts": "2026-05-01T16:27:08.961136+00:00", "level": "INFO", "jobId": "5b19db9f-c3d4-4404-aab0-b8f56e1b83a6", "keyword": "khai trương giảm sốc", "step": "capture", "message": "Saved post_069.png (posinset=69)", "data": {"w": 0}, "seq": 29596}
{"ts": "2026-05-01T16:27:08.962136+00:00", "level": "INFO", "jobId": "5b19db9f-c3d4-4404-aab0-b8f56e1b83a6", "keyword": "khai trương giảm sốc", "step": "cooldown", "message": "Cooldown 1.0s (after capture)", "data": {"w": 0}, "seq": 29597}
{"ts": "2026-05-01T16:27:10.017512+00:00", "level": "INFO", "jobId": "5b19db9f-c3d4-4404-aab0-b8f56e1b83a6", "keyword": "khai trương giảm sốc", "step": "capture", "message": "Capturing posinset=70 (70/∞)…", "data": {"w": 0}, "seq": 29598}
{"ts": "2026-05-01T16:27:13.854477+00:00", "level": "INFO", "jobId": "5b19db9f-c3d4-4404-aab0-b8f56e1b83a6", "keyword": "khai trương giảm sốc", "step": "capture", "message": "Saved post_070.png (posinset=70)", "data": {"w": 0}, "seq": 29599}
{"ts": "2026-05-01T16:27:13.856500+00:00", "level": "INFO", "jobId": "5b19db9f-c3d4-4404-aab0-b8f56e1b83a6", "keyword": "khai trương giảm sốc", "step": "cooldown", "message": "Cooldown 1.0s (after capture)", "data": {"w": 0}, "seq": 29600}
{"ts": "2026-05-01T16:27:15.095673+00:00", "level": "INFO", "jobId": "5b19db9f-c3d4-4404-aab0-b8f56e1b83a6", "keyword": "khai trương giảm sốc", "step": "heartbeat", "message": "Worker alive", "data": {"w": 0, "elapsed_s": 307}, "seq": 29601}
{"ts": "2026-05-01T16:27:15.097673+00:00", "level": "INFO", "jobId": "5b19db9f-c3d4-4404-aab0-b8f56e1b83a6", "keyword": "khai trương giảm sốc", "step": "capture", "message": "Capturing posinset=71 (71/∞)…", "data": {"w": 0}, "seq": 29602}
{"ts": "2026-05-01T16:27:21.340920+00:00", "level": "INFO", "jobId": "5b19db9f-c3d4-4404-aab0-b8f56e1b83a6", "keyword": "khai trương giảm sốc", "step": "capture", "message": "Saved post_071.png (posinset=71)", "data": {"w": 0}, "seq": 29611}
{"ts": "2026-05-01T16:27:21.341920+00:00", "level": "INFO", "jobId": "5b19db9f-c3d4-4404-aab0-b8f56e1b83a6", "keyword": "khai trương giảm sốc", "step": "cooldown", "message": "Cooldown 1.0s (after capture)", "data": {"w": 0}, "seq": 29612}
{"ts": "2026-05-01T16:27:22.386820+00:00", "level": "INFO", "jobId": "5b19db9f-c3d4-4404-aab0-b8f56e1b83a6", "keyword": "khai trương giảm sốc", "step": "capture", "message": "Capturing posinset=72 (72/∞)…", "data": {"w": 0}, "seq": 29613}
{"ts": "2026-05-01T16:27:26.243263+00:00", "level": "INFO", "jobId": "5b19db9f-c3d4-4404-aab0-b8f56e1b83a6", "keyword": "khai trương giảm sốc", "step": "capture", "message": "Saved post_072.png (posinset=72)", "data": {"w": 0}, "seq": 29614}
{"ts": "2026-05-01T16:27:26.245263+00:00", "level": "INFO", "jobId": "5b19db9f-c3d4-4404-aab0-b8f56e1b83a6", "keyword": "khai trương giảm sốc", "step": "cooldown", "message": "Cooldown 1.0s (after capture)", "data": {"w": 0}, "seq": 29615}
{"ts": "2026-05-01T16:27:27.296132+00:00", "level": "INFO", "jobId": "5b19db9f-c3d4-4404-aab0-b8f56e1b83a6", "keyword": "khai trương giảm sốc", "step": "capture", "message": "Capturing posinset=73 (73/∞)…", "data": {"w": 0}, "seq": 29616}
{"ts": "2026-05-01T16:27:32.296476+00:00", "level": "INFO", "jobId": "5b19db9f-c3d4-4404-aab0-b8f56e1b83a6", "keyword": "khai trương giảm sốc", "step": "capture", "message": "Saved post_073.png (posinset=73)", "data": {"w": 0}, "seq": 29617}
{"ts": "2026-05-01T16:27:32.297477+00:00", "level": "INFO", "jobId": "5b19db9f-c3d4-4404-aab0-b8f56e1b83a6", "keyword": "khai trương giảm sốc", "step": "cooldown", "message": "Cooldown 1.0s (after capture)", "data": {"w": 0}, "seq": 29618}
{"ts": "2026-05-01T16:27:33.376987+00:00", "level": "INFO", "jobId": "5b19db9f-c3d4-4404-aab0-b8f56e1b83a6", "keyword": "khai trương giảm sốc", "step": "heartbeat", "message": "Worker alive", "data": {"w": 0, "elapsed_s": 325}, "seq": 29619}
{"ts": "2026-05-01T16:27:33.377987+00:00", "level": "INFO", "jobId": "5b19db9f-c3d4-4404-aab0-b8f56e1b83a6", "keyword": "khai trương giảm sốc", "step": "capture", "message": "Capturing posinset=74 (74/∞)…", "data": {"w": 0}, "seq": 29620}
{"ts": "2026-05-01T16:27:38.170632+00:00", "level": "INFO", "jobId": "5b19db9f-c3d4-4404-aab0-b8f56e1b83a6", "keyword": "khai trương giảm sốc", "step": "capture", "message": "Saved post_074.png (posinset=74)", "data": {"w": 0}, "seq": 29621}
{"ts": "2026-05-01T16:27:38.173850+00:00", "level": "INFO", "jobId": "5b19db9f-c3d4-4404-aab0-b8f56e1b83a6", "keyword": "khai trương giảm sốc", "step": "cooldown", "message": "Cooldown 1.0s (after capture)", "data": {"w": 0}, "seq": 29622}
{"ts": "2026-05-01T16:27:39.218376+00:00", "level": "INFO", "jobId": "5b19db9f-c3d4-4404-aab0-b8f56e1b83a6", "keyword": "khai trương giảm sốc", "step": "capture", "message": "Capturing posinset=75 (75/∞)…", "data": {"w": 0}, "seq": 29623}
{"ts": "2026-05-01T16:27:43.845299+00:00", "level": "INFO", "jobId": "5b19db9f-c3d4-4404-aab0-b8f56e1b83a6", "keyword": "khai trương giảm sốc", "step": "capture", "message": "Saved post_075.png (posinset=75)", "data": {"w": 0}, "seq": 29624}
{"ts": "2026-05-01T16:27:43.846700+00:00", "level": "INFO", "jobId": "5b19db9f-c3d4-4404-aab0-b8f56e1b83a6", "keyword": "khai trương giảm sốc", "step": "cooldown", "message": "Cooldown 1.0s (after capture)", "data": {"w": 0}, "seq": 29625}
{"ts": "2026-05-01T16:27:45.146184+00:00", "level": "INFO", "jobId": "5b19db9f-c3d4-4404-aab0-b8f56e1b83a6", "keyword": "khai trương giảm sốc", "step": "capture", "message": "Capturing posinset=76 (76/∞)…", "data": {"w": 0}, "seq": 29628}
{"ts": "2026-05-01T16:27:48.774956+00:00", "level": "INFO", "jobId": "5b19db9f-c3d4-4404-aab0-b8f56e1b83a6", "keyword": "khai trương giảm sốc", "step": "capture", "message": "Saved post_076.png (posinset=76)", "data": {"w": 0}, "seq": 29635}
{"ts": "2026-05-01T16:27:48.775954+00:00", "level": "INFO", "jobId": "5b19db9f-c3d4-4404-aab0-b8f56e1b83a6", "keyword": "khai trương giảm sốc", "step": "cooldown", "message": "Cooldown 1.0s (after capture)", "data": {"w": 0}, "seq": 29636}
{"ts": "2026-05-01T16:27:49.813781+00:00", "level": "INFO", "jobId": "5b19db9f-c3d4-4404-aab0-b8f56e1b83a6", "keyword": "khai trương giảm sốc", "step": "heartbeat", "message": "Worker alive", "data": {"w": 0, "elapsed_s": 342}, "seq": 29637}
{"ts": "2026-05-01T16:27:49.814917+00:00", "level": "INFO", "jobId": "5b19db9f-c3d4-4404-aab0-b8f56e1b83a6", "keyword": "khai trương giảm sốc", "step": "capture", "message": "Capturing posinset=77 (77/∞)…", "data": {"w": 0}, "seq": 29638}
{"ts": "2026-05-01T16:27:54.170071+00:00", "level": "INFO", "jobId": "5b19db9f-c3d4-4404-aab0-b8f56e1b83a6", "keyword": "khai trương giảm sốc", "step": "capture", "message": "Saved post_077.png (posinset=77)", "data": {"w": 0}, "seq": 29639}
{"ts": "2026-05-01T16:27:54.172072+00:00", "level": "INFO", "jobId": "5b19db9f-c3d4-4404-aab0-b8f56e1b83a6", "keyword": "khai trương giảm sốc", "step": "cooldown", "message": "Cooldown 1.0s (after capture)", "data": {"w": 0}, "seq": 29640}
{"ts": "2026-05-01T16:27:55.215716+00:00", "level": "INFO", "jobId": "5b19db9f-c3d4-4404-aab0-b8f56e1b83a6", "keyword": "khai trương giảm sốc", "step": "capture", "message": "Capturing posinset=78 (78/∞)…", "data": {"w": 0}, "seq": 29643}
{"ts": "2026-05-01T16:27:58.920963+00:00", "level": "INFO", "jobId": "5b19db9f-c3d4-4404-aab0-b8f56e1b83a6", "keyword": "khai trương giảm sốc", "step": "capture", "message": "Saved post_078.png (posinset=78)", "data": {"w": 0}, "seq": 29645}
{"ts": "2026-05-01T16:27:58.921962+00:00", "level": "INFO", "jobId": "5b19db9f-c3d4-4404-aab0-b8f56e1b83a6", "keyword": "khai trương giảm sốc", "step": "cooldown", "message": "Cooldown 1.0s (after capture)", "data": {"w": 0}, "seq": 29646}
{"ts": "2026-05-01T16:27:59.965995+00:00", "level": "INFO", "jobId": "5b19db9f-c3d4-4404-aab0-b8f56e1b83a6", "keyword": "khai trương giảm sốc", "step": "capture", "message": "Capturing posinset=79 (79/∞)…", "data": {"w": 0}, "seq": 29647}
{"ts": "2026-05-01T16:28:02.163054+00:00", "level": "INFO", "jobId": "5b19db9f-c3d4-4404-aab0-b8f56e1b83a6", "keyword": "khai trương giảm sốc", "step": "capture", "message": "Saved post_079.png (posinset=79)", "data": {"w": 0}, "seq": 29650}
{"ts": "2026-05-01T16:28:02.165053+00:00", "level": "INFO", "jobId": "5b19db9f-c3d4-4404-aab0-b8f56e1b83a6", "keyword": "khai trương giảm sốc", "step": "cooldown", "message": "Cooldown 1.0s (after capture)", "data": {"w": 0}, "seq": 29651}
{"ts": "2026-05-01T16:28:03.224879+00:00", "level": "INFO", "jobId": "5b19db9f-c3d4-4404-aab0-b8f56e1b83a6", "keyword": "khai trương giảm sốc", "step": "capture", "message": "Capturing posinset=80 (80/∞)…", "data": {"w": 0}, "seq": 29654}
{"ts": "2026-05-01T16:28:13.353617+00:00", "level": "INFO", "jobId": "5b19db9f-c3d4-4404-aab0-b8f56e1b83a6", "keyword": "khai trương giảm sốc", "step": "capture", "message": "Saved post_080.png (posinset=80)", "data": {"w": 0}, "seq": 29661}
{"ts": "2026-05-01T16:28:13.355016+00:00", "level": "INFO", "jobId": "5b19db9f-c3d4-4404-aab0-b8f56e1b83a6", "keyword": "khai trương giảm sốc", "step": "cooldown", "message": "Cooldown 1.0s (after capture)", "data": {"w": 0}, "seq": 29662}
{"ts": "2026-05-01T16:28:14.448141+00:00", "level": "INFO", "jobId": "5b19db9f-c3d4-4404-aab0-b8f56e1b83a6", "keyword": "khai trương giảm sốc", "step": "heartbeat", "message": "Worker alive", "data": {"w": 0, "elapsed_s": 366}, "seq": 29664}
{"ts": "2026-05-01T16:28:14.450142+00:00", "level": "INFO", "jobId": "5b19db9f-c3d4-4404-aab0-b8f56e1b83a6", "keyword": "khai trương giảm sốc", "step": "capture", "message": "Capturing posinset=81 (81/∞)…", "data": {"w": 0}, "seq": 29665}
{"ts": "2026-05-01T16:28:18.051825+00:00", "level": "INFO", "jobId": "5b19db9f-c3d4-4404-aab0-b8f56e1b83a6", "keyword": "khai trương giảm sốc", "step": "capture", "message": "Saved post_081.png (posinset=81)", "data": {"w": 0}, "seq": 29666}
{"ts": "2026-05-01T16:28:18.057683+00:00", "level": "INFO", "jobId": "5b19db9f-c3d4-4404-aab0-b8f56e1b83a6", "keyword": "khai trương giảm sốc", "step": "cooldown", "message": "Cooldown 1.0s (after capture)", "data": {"w": 0}, "seq": 29667}
{"ts": "2026-05-01T16:28:19.155451+00:00", "level": "INFO", "jobId": "5b19db9f-c3d4-4404-aab0-b8f56e1b83a6", "keyword": "khai trương giảm sốc", "step": "capture", "message": "Capturing posinset=82 (82/∞)…", "data": {"w": 0}, "seq": 29668}
{"ts": "2026-05-01T16:28:22.654724+00:00", "level": "INFO", "jobId": "5b19db9f-c3d4-4404-aab0-b8f56e1b83a6", "keyword": "khai trương giảm sốc", "step": "capture", "message": "Saved post_082.png (posinset=82)", "data": {"w": 0}, "seq": 29677}
{"ts": "2026-05-01T16:28:22.654724+00:00", "level": "INFO", "jobId": "5b19db9f-c3d4-4404-aab0-b8f56e1b83a6", "keyword": "khai trương giảm sốc", "step": "cooldown", "message": "Cooldown 1.0s (after capture)", "data": {"w": 0}, "seq": 29678}
{"ts": "2026-05-01T16:28:23.757345+00:00", "level": "INFO", "jobId": "5b19db9f-c3d4-4404-aab0-b8f56e1b83a6", "keyword": "khai trương giảm sốc", "step": "capture", "message": "Capturing posinset=83 (83/∞)…", "data": {"w": 0}, "seq": 29679}
{"ts": "2026-05-01T16:28:27.334923+00:00", "level": "INFO", "jobId": "5b19db9f-c3d4-4404-aab0-b8f56e1b83a6", "keyword": "khai trương giảm sốc", "step": "capture", "message": "Saved post_083.png (posinset=83)", "data": {"w": 0}, "seq": 29683}
{"ts": "2026-05-01T16:28:27.336140+00:00", "level": "INFO", "jobId": "5b19db9f-c3d4-4404-aab0-b8f56e1b83a6", "keyword": "khai trương giảm sốc", "step": "cooldown", "message": "Cooldown 1.0s (after capture)", "data": {"w": 0}, "seq": 29684}
{"ts": "2026-05-01T16:28:28.400946+00:00", "level": "INFO", "jobId": "5b19db9f-c3d4-4404-aab0-b8f56e1b83a6", "keyword": "khai trương giảm sốc", "step": "capture", "message": "Capturing posinset=84 (84/∞)…", "data": {"w": 0}, "seq": 29685}
{"ts": "2026-05-01T16:28:33.201616+00:00", "level": "INFO", "jobId": "5b19db9f-c3d4-4404-aab0-b8f56e1b83a6", "keyword": "khai trương giảm sốc", "step": "capture", "message": "Saved post_084.png (posinset=84)", "data": {"w": 0}, "seq": 29689}
{"ts": "2026-05-01T16:28:33.203614+00:00", "level": "INFO", "jobId": "5b19db9f-c3d4-4404-aab0-b8f56e1b83a6", "keyword": "khai trương giảm sốc", "step": "cooldown", "message": "Cooldown 1.0s (after capture)", "data": {"w": 0}, "seq": 29690}
{"ts": "2026-05-01T16:28:34.250963+00:00", "level": "INFO", "jobId": "5b19db9f-c3d4-4404-aab0-b8f56e1b83a6", "keyword": "khai trương giảm sốc", "step": "heartbeat", "message": "Worker alive", "data": {"w": 0, "elapsed_s": 386}, "seq": 29691}
{"ts": "2026-05-01T16:28:34.252014+00:00", "level": "INFO", "jobId": "5b19db9f-c3d4-4404-aab0-b8f56e1b83a6", "keyword": "khai trương giảm sốc", "step": "capture", "message": "Capturing posinset=85 (85/∞)…", "data": {"w": 0}, "seq": 29692}
{"ts": "2026-05-01T16:28:40.465190+00:00", "level": "INFO", "jobId": "5b19db9f-c3d4-4404-aab0-b8f56e1b83a6", "keyword": "khai trương giảm sốc", "step": "capture", "message": "Saved post_085.png (posinset=85)", "data": {"w": 0}, "seq": 29697}
{"ts": "2026-05-01T16:28:40.465190+00:00", "level": "INFO", "jobId": "5b19db9f-c3d4-4404-aab0-b8f56e1b83a6", "keyword": "khai trương giảm sốc", "step": "cooldown", "message": "Cooldown 1.0s (after capture)", "data": {"w": 0}, "seq": 29698}
{"ts": "2026-05-01T16:28:41.494987+00:00", "level": "INFO", "jobId": "5b19db9f-c3d4-4404-aab0-b8f56e1b83a6", "keyword": "khai trương giảm sốc", "step": "capture", "message": "Capturing posinset=86 (86/∞)…", "data": {"w": 0}, "seq": 29701}
{"ts": "2026-05-01T16:28:45.003735+00:00", "level": "INFO", "jobId": "5b19db9f-c3d4-4404-aab0-b8f56e1b83a6", "keyword": "khai trương giảm sốc", "step": "capture", "message": "Saved post_086.png (posinset=86)", "data": {"w": 0}, "seq": 29704}
{"ts": "2026-05-01T16:28:45.004925+00:00", "level": "INFO", "jobId": "5b19db9f-c3d4-4404-aab0-b8f56e1b83a6", "keyword": "khai trương giảm sốc", "step": "cooldown", "message": "Cooldown 1.0s (after capture)", "data": {"w": 0}, "seq": 29705}
{"ts": "2026-05-01T16:28:46.077242+00:00", "level": "INFO", "jobId": "5b19db9f-c3d4-4404-aab0-b8f56e1b83a6", "keyword": "khai trương giảm sốc", "step": "capture", "message": "Capturing posinset=87 (87/∞)…", "data": {"w": 0}, "seq": 29706}
{"ts": "2026-05-01T16:28:48.203329+00:00", "level": "INFO", "jobId": "5b19db9f-c3d4-4404-aab0-b8f56e1b83a6", "keyword": "khai trương giảm sốc", "step": "capture", "message": "Capturing posinset=87 (87/∞)…", "data": {"w": 0}, "seq": 29710}
{"ts": "2026-05-01T16:28:50.432309+00:00", "level": "INFO", "jobId": "5b19db9f-c3d4-4404-aab0-b8f56e1b83a6", "keyword": "khai trương giảm sốc", "step": "heartbeat", "message": "Worker alive", "data": {"w": 0, "elapsed_s": 402}, "seq": 29711}
{"ts": "2026-05-01T16:28:50.434350+00:00", "level": "INFO", "jobId": "5b19db9f-c3d4-4404-aab0-b8f56e1b83a6", "keyword": "khai trương giảm sốc", "step": "capture", "message": "Capturing posinset=87 (87/∞)…", "data": {"w": 0}, "seq": 29712}
{"ts": "2026-05-01T16:28:52.747414+00:00", "level": "INFO", "jobId": "5b19db9f-c3d4-4404-aab0-b8f56e1b83a6", "keyword": "khai trương giảm sốc", "step": "capture", "message": "Capturing posinset=87 (87/∞)…", "data": {"w": 0}, "seq": 29713}
{"ts": "2026-05-01T16:28:54.597244+00:00", "level": "INFO", "jobId": "5b19db9f-c3d4-4404-aab0-b8f56e1b83a6", "keyword": "khai trương giảm sốc", "step": "capture", "message": "Capturing posinset=87 (87/∞)…", "data": {"w": 0}, "seq": 29714}
{"ts": "2026-05-01T16:28:57.601177+00:00", "level": "INFO", "jobId": "5b19db9f-c3d4-4404-aab0-b8f56e1b83a6", "keyword": "khai trương giảm sốc", "step": "capture", "message": "Capturing posinset=87 (87/∞)…", "data": {"w": 0}, "seq": 29715}
{"ts": "2026-05-01T16:29:00.584242+00:00", "level": "INFO", "jobId": "5b19db9f-c3d4-4404-aab0-b8f56e1b83a6", "keyword": "khai trương giảm sốc", "step": "capture", "message": "Capturing posinset=87 (87/∞)…", "data": {"w": 0}, "seq": 29716}
{"ts": "2026-05-01T16:29:13.548236+00:00", "level": "INFO", "jobId": "5b19db9f-c3d4-4404-aab0-b8f56e1b83a6", "keyword": "khai trương giảm sốc", "step": "heartbeat", "message": "Worker alive", "data": {"w": 0, "elapsed_s": 426}, "seq": 29723}
{"ts": "2026-05-01T16:29:13.549351+00:00", "level": "INFO", "jobId": "5b19db9f-c3d4-4404-aab0-b8f56e1b83a6", "keyword": "khai trương giảm sốc", "step": "capture", "message": "Capturing posinset=87 (87/∞)…", "data": {"w": 0}, "seq": 29724}
{"ts": "2026-05-01T16:29:27.513641+00:00", "level": "INFO", "jobId": "5b19db9f-c3d4-4404-aab0-b8f56e1b83a6", "keyword": "khai trương giảm sốc", "step": "capture", "message": "Capturing posinset=87 (87/∞)…", "data": {"w": 0}, "seq": 29727}
{"ts": "2026-05-01T16:29:30.313306+00:00", "level": "INFO", "jobId": "5b19db9f-c3d4-4404-aab0-b8f56e1b83a6", "keyword": "khai trương giảm sốc", "step": "capture", "message": "Reached stable end of results (maxPos=86, stable>=35s). Stopping.", "data": {"w": 0}, "seq": 29728}
{"ts": "2026-05-01T16:29:30.356085+00:00", "level": "INFO", "jobId": "5b19db9f-c3d4-4404-aab0-b8f56e1b83a6", "keyword": "khai trương giảm sốc", "step": "capture", "message": "Capture loop finished (unlimited). Saved=86", "data": {"w": 0}, "seq": 29729}
{"ts": "2026-05-01T16:29:30.357076+00:00", "level": "INFO", "jobId": "5b19db9f-c3d4-4404-aab0-b8f56e1b83a6", "keyword": "khai trương giảm sốc", "step": "done", "message": "Completed. Saved=86", "data": {"w": 0}, "seq": 29730}
