{"ts": "2026-05-01T13:06:35.413552+00:00", "level": "INFO", "jobId": "5c6678a3-b67f-48fb-a077-e086d38fb363", "keyword": "khai trương hcm", "step": "created", "message": "Job created", "data": {"maxPosts": "unlimited"}, "seq": 17117}
{"ts": "2026-05-01T13:10:27.831665+00:00", "level": "INFO", "jobId": "5c6678a3-b67f-48fb-a077-e086d38fb363", "keyword": "khai trương hcm", "step": "start", "message": "Job started (attempt 1/2)", "data": {"w": 0}, "seq": 17409}
{"ts": "2026-05-01T13:10:30.646519+00:00", "level": "INFO", "jobId": "5c6678a3-b67f-48fb-a077-e086d38fb363", "keyword": "khai trương hcm", "step": "login", "message": "Already logged in (home).", "data": {"w": 0}, "seq": 17410}
{"ts": "2026-05-01T13:10:30.647663+00:00", "level": "INFO", "jobId": "5c6678a3-b67f-48fb-a077-e086d38fb363", "keyword": "khai trương hcm", "step": "search", "message": "Searching keyword: \"khai trương hcm\"", "data": {"w": 0}, "seq": 17411}
{"ts": "2026-05-01T13:10:35.828953+00:00", "level": "INFO", "jobId": "5c6678a3-b67f-48fb-a077-e086d38fb363", "keyword": "khai trương hcm", "step": "capture", "message": "Start capturing all posts until end of results.", "data": {"w": 0}, "seq": 17412}
{"ts": "2026-05-01T13:10:35.828953+00:00", "level": "INFO", "jobId": "5c6678a3-b67f-48fb-a077-e086d38fb363", "keyword": "khai trương hcm", "step": "capture", "message": "Output folder: Lan 1 - 2010", "data": {"w": 0}, "seq": 17413}
{"ts": "2026-05-01T13:10:38.373913+00:00", "level": "INFO", "jobId": "5c6678a3-b67f-48fb-a077-e086d38fb363", "keyword": "khai trương hcm", "step": "capture", "message": "Waiting for posts to appear (avoid blank capture)…", "data": {"w": 0}, "seq": 17414}
{"ts": "2026-05-01T13:10:38.453408+00:00", "level": "INFO", "jobId": "5c6678a3-b67f-48fb-a077-e086d38fb363", "keyword": "khai trương hcm", "step": "capture", "message": "Post-detect debug: {'hasMain': True, 'url': 'https://www.facebook.com/search/posts/?q=khai%20tr%C6%B0%C6%A1ng%20hcm&filters=eyJyZWNlbnRfcG9zdHM6MCI6IntcIm5hbWVcIjpcInJlY2VudF9wb3N0c1wiLFwiYXJnc1wiOlwiXCJ9In0%3D', 'title': '(4) khai trương hcm - Kết quả tìm kiếm | Facebook', 'hasLoginInputs': False, 'consentLike': False, 'bodyHead': '\\xa0\\n1 đoạn chat chưa đọc\\n1\\nSố thông báo chưa đọc\\n3\\nKết quả tìm kiếm\\nBộ lọc\\nTất cả\\nMọi người\\nThước phim\\nMarketplace\\nTrang\\nNhóm\\nSự kiện', 'roleArticle': 1, 'divRoleArticle': 1, 'articleTag': 0, 'feedUnit': 0, 'anyPagelet': 0, 'adPreview': 0, 'imgs': 0, 'videos': 0, 'progress': 0, 'busy': '', 'firstArticle': {'tag': 'div', 'role': 'article', 'textLen': 0, 'hasImg': False, 'hasVideo': False, 'hasLink': False, 'hasPermalink': False}}", "data": {"w": 0}, "seq": 17415}
{"ts": "2026-05-01T13:10:39.534795+00:00", "level": "INFO", "jobId": "5c6678a3-b67f-48fb-a077-e086d38fb363", "keyword": "khai trương hcm", "step": "capture", "message": "Guard: forcing top before first capture (y=1953, primary=0)", "data": {"w": 0}, "seq": 17416}
{"ts": "2026-05-01T13:10:39.578084+00:00", "level": "INFO", "jobId": "5c6678a3-b67f-48fb-a077-e086d38fb363", "keyword": "khai trương hcm", "step": "capture", "message": "Capturing posinset=1 (1/∞)…", "data": {"w": 0}, "seq": 17417}
{"ts": "2026-05-01T13:10:41.508124+00:00", "level": "INFO", "jobId": "5c6678a3-b67f-48fb-a077-e086d38fb363", "keyword": "khai trương hcm", "step": "capture", "message": "Saved post_001.png (posinset=1)", "data": {"w": 0}, "seq": 17418}
{"ts": "2026-05-01T13:10:41.509224+00:00", "level": "INFO", "jobId": "5c6678a3-b67f-48fb-a077-e086d38fb363", "keyword": "khai trương hcm", "step": "cooldown", "message": "Cooldown 1.0s (after capture)", "data": {"w": 0}, "seq": 17419}
{"ts": "2026-05-01T13:10:42.528097+00:00", "level": "INFO", "jobId": "5c6678a3-b67f-48fb-a077-e086d38fb363", "keyword": "khai trương hcm", "step": "capture", "message": "Capturing posinset=2 (2/∞)…", "data": {"w": 0}, "seq": 17420}
{"ts": "2026-05-01T13:10:43.636784+00:00", "level": "INFO", "jobId": "5c6678a3-b67f-48fb-a077-e086d38fb363", "keyword": "khai trương hcm", "step": "capture", "message": "Saved post_002.png (posinset=2)", "data": {"w": 0}, "seq": 17421}
{"ts": "2026-05-01T13:10:43.637883+00:00", "level": "INFO", "jobId": "5c6678a3-b67f-48fb-a077-e086d38fb363", "keyword": "khai trương hcm", "step": "cooldown", "message": "Cooldown 1.0s (after capture)", "data": {"w": 0}, "seq": 17422}
{"ts": "2026-05-01T13:10:44.647460+00:00", "level": "INFO", "jobId": "5c6678a3-b67f-48fb-a077-e086d38fb363", "keyword": "khai trương hcm", "step": "capture", "message": "Capturing posinset=3 (3/∞)…", "data": {"w": 0}, "seq": 17423}
{"ts": "2026-05-01T13:10:45.756531+00:00", "level": "INFO", "jobId": "5c6678a3-b67f-48fb-a077-e086d38fb363", "keyword": "khai trương hcm", "step": "capture", "message": "Saved post_003.png (posinset=3)", "data": {"w": 0}, "seq": 17424}
{"ts": "2026-05-01T13:10:45.756531+00:00", "level": "INFO", "jobId": "5c6678a3-b67f-48fb-a077-e086d38fb363", "keyword": "khai trương hcm", "step": "cooldown", "message": "Cooldown 1.0s (after capture)", "data": {"w": 0}, "seq": 17425}
{"ts": "2026-05-01T13:10:46.781444+00:00", "level": "INFO", "jobId": "5c6678a3-b67f-48fb-a077-e086d38fb363", "keyword": "khai trương hcm", "step": "capture", "message": "Capturing posinset=4 (4/∞)…", "data": {"w": 0}, "seq": 17426}
{"ts": "2026-05-01T13:10:48.088451+00:00", "level": "INFO", "jobId": "5c6678a3-b67f-48fb-a077-e086d38fb363", "keyword": "khai trương hcm", "step": "capture", "message": "Saved post_004.png (posinset=4)", "data": {"w": 0}, "seq": 17427}
{"ts": "2026-05-01T13:10:48.088451+00:00", "level": "INFO", "jobId": "5c6678a3-b67f-48fb-a077-e086d38fb363", "keyword": "khai trương hcm", "step": "cooldown", "message": "Cooldown 1.0s (after capture)", "data": {"w": 0}, "seq": 17428}
{"ts": "2026-05-01T13:10:49.104896+00:00", "level": "INFO", "jobId": "5c6678a3-b67f-48fb-a077-e086d38fb363", "keyword": "khai trương hcm", "step": "capture", "message": "Capturing posinset=5 (5/∞)…", "data": {"w": 0}, "seq": 17429}
{"ts": "2026-05-01T13:10:50.367148+00:00", "level": "INFO", "jobId": "5c6678a3-b67f-48fb-a077-e086d38fb363", "keyword": "khai trương hcm", "step": "capture", "message": "Saved post_005.png (posinset=5)", "data": {"w": 0}, "seq": 17430}
{"ts": "2026-05-01T13:10:50.369284+00:00", "level": "INFO", "jobId": "5c6678a3-b67f-48fb-a077-e086d38fb363", "keyword": "khai trương hcm", "step": "cooldown", "message": "Cooldown 1.0s (after capture)", "data": {"w": 0}, "seq": 17431}
{"ts": "2026-05-01T13:10:51.386838+00:00", "level": "INFO", "jobId": "5c6678a3-b67f-48fb-a077-e086d38fb363", "keyword": "khai trương hcm", "step": "capture", "message": "Capturing posinset=6 (6/∞)…", "data": {"w": 0}, "seq": 17432}
{"ts": "2026-05-01T13:10:52.405376+00:00", "level": "INFO", "jobId": "5c6678a3-b67f-48fb-a077-e086d38fb363", "keyword": "khai trương hcm", "step": "capture", "message": "Saved post_006.png (posinset=6)", "data": {"w": 0}, "seq": 17433}
{"ts": "2026-05-01T13:10:52.409004+00:00", "level": "INFO", "jobId": "5c6678a3-b67f-48fb-a077-e086d38fb363", "keyword": "khai trương hcm", "step": "cooldown", "message": "Cooldown 1.0s (after capture)", "data": {"w": 0}, "seq": 17434}
{"ts": "2026-05-01T13:10:53.421399+00:00", "level": "INFO", "jobId": "5c6678a3-b67f-48fb-a077-e086d38fb363", "keyword": "khai trương hcm", "step": "capture", "message": "Capturing posinset=7 (7/∞)…", "data": {"w": 0}, "seq": 17435}
{"ts": "2026-05-01T13:10:54.499710+00:00", "level": "INFO", "jobId": "5c6678a3-b67f-48fb-a077-e086d38fb363", "keyword": "khai trương hcm", "step": "capture", "message": "Saved post_007.png (posinset=7)", "data": {"w": 0}, "seq": 17436}
{"ts": "2026-05-01T13:10:54.499710+00:00", "level": "INFO", "jobId": "5c6678a3-b67f-48fb-a077-e086d38fb363", "keyword": "khai trương hcm", "step": "cooldown", "message": "Cooldown 1.0s (after capture)", "data": {"w": 0}, "seq": 17437}
{"ts": "2026-05-01T13:10:55.536220+00:00", "level": "INFO", "jobId": "5c6678a3-b67f-48fb-a077-e086d38fb363", "keyword": "khai trương hcm", "step": "heartbeat", "message": "Worker alive", "data": {"w": 0, "elapsed_s": 27}, "seq": 17438}
{"ts": "2026-05-01T13:10:55.536220+00:00", "level": "INFO", "jobId": "5c6678a3-b67f-48fb-a077-e086d38fb363", "keyword": "khai trương hcm", "step": "capture", "message": "Capturing posinset=8 (8/∞)…", "data": {"w": 0}, "seq": 17439}
{"ts": "2026-05-01T13:10:56.746401+00:00", "level": "INFO", "jobId": "5c6678a3-b67f-48fb-a077-e086d38fb363", "keyword": "khai trương hcm", "step": "capture", "message": "Saved post_008.png (posinset=8)", "data": {"w": 0}, "seq": 17440}
{"ts": "2026-05-01T13:10:56.746401+00:00", "level": "INFO", "jobId": "5c6678a3-b67f-48fb-a077-e086d38fb363", "keyword": "khai trương hcm", "step": "cooldown", "message": "Cooldown 1.0s (after capture)", "data": {"w": 0}, "seq": 17441}
{"ts": "2026-05-01T13:10:57.787453+00:00", "level": "WARN", "jobId": "5c6678a3-b67f-48fb-a077-e086d38fb363", "keyword": "khai trương hcm", "step": "relaunch", "message": "Browser/page closed unexpectedly. Will relaunch + retry. (Locator.inner_text: Target page, context or browser has been closed)", "data": {"w": 0}, "seq": 17442}
{"ts": "2026-05-01T13:10:59.768629+00:00", "level": "WARN", "jobId": "5c6678a3-b67f-48fb-a077-e086d38fb363", "keyword": "khai trương hcm", "step": "retry", "message": "Reset job to pending for retry (closed target).", "data": {"w": 0}, "seq": 17443}
{"ts": "2026-05-01T13:10:59.770970+00:00", "level": "INFO", "jobId": "5c6678a3-b67f-48fb-a077-e086d38fb363", "keyword": "khai trương hcm", "step": "start", "message": "Job started (attempt 2/2)", "data": {"w": 0}, "seq": 17444}
{"ts": "2026-05-01T13:11:02.382199+00:00", "level": "WARN", "jobId": "5c6678a3-b67f-48fb-a077-e086d38fb363", "keyword": "khai trương hcm", "step": "relaunch", "message": "Closed target detected. Will relaunch + retry. (BrowserContext.new_page: Connection closed while reading from the driver)", "data": {"w": 0}, "seq": 17445}
