{"ts": "2026-05-01T08:12:03.811230+00:00", "level": "INFO", "jobId": "5e4bb7e0-0df2-4233-ad1b-49cdbba118a9", "keyword": "khai trương", "step": "created", "message": "Job created", "data": {"maxPosts": "unlimited"}, "seq": 14447}
{"ts": "2026-05-01T08:12:03.868301+00:00", "level": "INFO", "jobId": "5e4bb7e0-0df2-4233-ad1b-49cdbba118a9", "keyword": "khai trương", "step": "start", "message": "Job started (attempt 1/2)", "data": {"w": 0}, "seq": 14451}
{"ts": "2026-05-01T08:12:06.488936+00:00", "level": "INFO", "jobId": "5e4bb7e0-0df2-4233-ad1b-49cdbba118a9", "keyword": "khai trương", "step": "search", "message": "Searching keyword: \"khai trương\"", "data": {"w": 0}, "seq": 14453}
{"ts": "2026-05-01T08:12:15.462347+00:00", "level": "INFO", "jobId": "5e4bb7e0-0df2-4233-ad1b-49cdbba118a9", "keyword": "khai trương", "step": "capture", "message": "Start capturing all posts until end of results.", "data": {"w": 0}, "seq": 14457}
{"ts": "2026-05-01T08:12:15.467374+00:00", "level": "INFO", "jobId": "5e4bb7e0-0df2-4233-ad1b-49cdbba118a9", "keyword": "khai trương", "step": "capture", "message": "Output folder: Lan 6 - 1512", "data": {"w": 0}, "seq": 14458}
{"ts": "2026-05-01T08:12:21.752959+00:00", "level": "INFO", "jobId": "5e4bb7e0-0df2-4233-ad1b-49cdbba118a9", "keyword": "khai trương", "step": "capture", "message": "Capturing 1/∞ (viewport)…", "data": {"w": 0}, "seq": 14460}
{"ts": "2026-05-01T08:12:22.305670+00:00", "level": "INFO", "jobId": "5e4bb7e0-0df2-4233-ad1b-49cdbba118a9", "keyword": "khai trương", "step": "capture", "message": "Expanded \"Xem thêm\" (exact-class): +2 (total 2)", "data": {"w": 0}, "seq": 14461}
{"ts": "2026-05-01T08:12:35.700618+00:00", "level": "INFO", "jobId": "5e4bb7e0-0df2-4233-ad1b-49cdbba118a9", "keyword": "khai trương", "step": "capture", "message": "Saved post_001.png", "data": {"w": 0}, "seq": 14465}
{"ts": "2026-05-01T08:12:35.702633+00:00", "level": "INFO", "jobId": "5e4bb7e0-0df2-4233-ad1b-49cdbba118a9", "keyword": "khai trương", "step": "cooldown", "message": "Cooldown 1.1s (after capture)", "data": {"w": 0}, "seq": 14466}
{"ts": "2026-05-01T08:12:37.384961+00:00", "level": "INFO", "jobId": "5e4bb7e0-0df2-4233-ad1b-49cdbba118a9", "keyword": "khai trương", "step": "heartbeat", "message": "Worker alive", "data": {"w": 0, "elapsed_s": 33}, "seq": 14467}
{"ts": "2026-05-01T08:12:37.386001+00:00", "level": "INFO", "jobId": "5e4bb7e0-0df2-4233-ad1b-49cdbba118a9", "keyword": "khai trương", "step": "capture", "message": "Capturing 2/∞ (viewport)…", "data": {"w": 0}, "seq": 14468}
{"ts": "2026-05-01T08:12:50.044040+00:00", "level": "INFO", "jobId": "5e4bb7e0-0df2-4233-ad1b-49cdbba118a9", "keyword": "khai trương", "step": "capture", "message": "Saved post_002.png", "data": {"w": 0}, "seq": 14471}
{"ts": "2026-05-01T08:12:50.044552+00:00", "level": "INFO", "jobId": "5e4bb7e0-0df2-4233-ad1b-49cdbba118a9", "keyword": "khai trương", "step": "cooldown", "message": "Cooldown 1.7s (after capture)", "data": {"w": 0}, "seq": 14472}
{"ts": "2026-05-01T08:12:52.288513+00:00", "level": "INFO", "jobId": "5e4bb7e0-0df2-4233-ad1b-49cdbba118a9", "keyword": "khai trương", "step": "capture", "message": "Capturing 3/∞ (viewport)…", "data": {"w": 0}, "seq": 14475}
{"ts": "2026-05-01T08:12:52.361616+00:00", "level": "INFO", "jobId": "5e4bb7e0-0df2-4233-ad1b-49cdbba118a9", "keyword": "khai trương", "step": "capture", "message": "Expanded \"Xem thêm\" (exact-class): +2 (total 2)", "data": {"w": 0}, "seq": 14476}
{"ts": "2026-05-01T08:12:52.795518+00:00", "level": "INFO", "jobId": "5e4bb7e0-0df2-4233-ad1b-49cdbba118a9", "keyword": "khai trương", "step": "heartbeat", "message": "Worker alive", "data": {"w": 0, "elapsed_s": 48}, "seq": 14477}
{"ts": "2026-05-01T08:13:05.341068+00:00", "level": "INFO", "jobId": "5e4bb7e0-0df2-4233-ad1b-49cdbba118a9", "keyword": "khai trương", "step": "capture", "message": "Saved post_003.png", "data": {"w": 0}, "seq": 14481}
{"ts": "2026-05-01T08:13:05.341068+00:00", "level": "INFO", "jobId": "5e4bb7e0-0df2-4233-ad1b-49cdbba118a9", "keyword": "khai trương", "step": "cooldown", "message": "Cooldown 1.9s (after capture)", "data": {"w": 0}, "seq": 14482}
{"ts": "2026-05-01T08:13:07.880664+00:00", "level": "INFO", "jobId": "5e4bb7e0-0df2-4233-ad1b-49cdbba118a9", "keyword": "khai trương", "step": "heartbeat", "message": "Worker alive", "data": {"w": 0, "elapsed_s": 64}, "seq": 14485}
{"ts": "2026-05-01T08:13:07.882766+00:00", "level": "INFO", "jobId": "5e4bb7e0-0df2-4233-ad1b-49cdbba118a9", "keyword": "khai trương", "step": "capture", "message": "Capturing 4/∞ (viewport)…", "data": {"w": 0}, "seq": 14486}
{"ts": "2026-05-01T08:13:20.712510+00:00", "level": "INFO", "jobId": "5e4bb7e0-0df2-4233-ad1b-49cdbba118a9", "keyword": "khai trương", "step": "capture", "message": "Saved post_004.png", "data": {"w": 0}, "seq": 14489}
{"ts": "2026-05-01T08:13:20.714632+00:00", "level": "INFO", "jobId": "5e4bb7e0-0df2-4233-ad1b-49cdbba118a9", "keyword": "khai trương", "step": "cooldown", "message": "Cooldown 2.3s (after capture)", "data": {"w": 0}, "seq": 14490}
{"ts": "2026-05-01T08:13:23.702163+00:00", "level": "INFO", "jobId": "5e4bb7e0-0df2-4233-ad1b-49cdbba118a9", "keyword": "khai trương", "step": "heartbeat", "message": "Worker alive", "data": {"w": 0, "elapsed_s": 79}, "seq": 14495}
{"ts": "2026-05-01T08:13:23.704699+00:00", "level": "INFO", "jobId": "5e4bb7e0-0df2-4233-ad1b-49cdbba118a9", "keyword": "khai trương", "step": "capture", "message": "Capturing 5/∞ (viewport)…", "data": {"w": 0}, "seq": 14496}
{"ts": "2026-05-01T08:13:23.941216+00:00", "level": "INFO", "jobId": "5e4bb7e0-0df2-4233-ad1b-49cdbba118a9", "keyword": "khai trương", "step": "capture", "message": "Expanded \"Xem thêm\" (exact-class): +1 (total 1)", "data": {"w": 0}, "seq": 14497}
{"ts": "2026-05-01T08:13:37.023990+00:00", "level": "INFO", "jobId": "5e4bb7e0-0df2-4233-ad1b-49cdbba118a9", "keyword": "khai trương", "step": "capture", "message": "Saved post_005.png", "data": {"w": 0}, "seq": 14501}
{"ts": "2026-05-01T08:13:37.024505+00:00", "level": "INFO", "jobId": "5e4bb7e0-0df2-4233-ad1b-49cdbba118a9", "keyword": "khai trương", "step": "cooldown", "message": "Cooldown 1.4s (after capture)", "data": {"w": 0}, "seq": 14502}
{"ts": "2026-05-01T08:13:39.118271+00:00", "level": "INFO", "jobId": "5e4bb7e0-0df2-4233-ad1b-49cdbba118a9", "keyword": "khai trương", "step": "heartbeat", "message": "Worker alive", "data": {"w": 0, "elapsed_s": 95}, "seq": 14504}
{"ts": "2026-05-01T08:13:39.118271+00:00", "level": "INFO", "jobId": "5e4bb7e0-0df2-4233-ad1b-49cdbba118a9", "keyword": "khai trương", "step": "capture", "message": "Capturing 6/∞ (viewport)…", "data": {"w": 0}, "seq": 14505}
{"ts": "2026-05-01T08:13:51.738434+00:00", "level": "INFO", "jobId": "5e4bb7e0-0df2-4233-ad1b-49cdbba118a9", "keyword": "khai trương", "step": "capture", "message": "Saved post_006.png", "data": {"w": 0}, "seq": 14509}
{"ts": "2026-05-01T08:13:51.738434+00:00", "level": "INFO", "jobId": "5e4bb7e0-0df2-4233-ad1b-49cdbba118a9", "keyword": "khai trương", "step": "cooldown", "message": "Cooldown 2.7s (after capture)", "data": {"w": 0}, "seq": 14510}
{"ts": "2026-05-01T08:13:55.022320+00:00", "level": "INFO", "jobId": "5e4bb7e0-0df2-4233-ad1b-49cdbba118a9", "keyword": "khai trương", "step": "heartbeat", "message": "Worker alive", "data": {"w": 0, "elapsed_s": 111}, "seq": 14514}
{"ts": "2026-05-01T08:13:55.025560+00:00", "level": "INFO", "jobId": "5e4bb7e0-0df2-4233-ad1b-49cdbba118a9", "keyword": "khai trương", "step": "capture", "message": "Capturing 7/∞ (viewport)…", "data": {"w": 0}, "seq": 14515}
{"ts": "2026-05-01T08:14:07.811489+00:00", "level": "INFO", "jobId": "5e4bb7e0-0df2-4233-ad1b-49cdbba118a9", "keyword": "khai trương", "step": "capture", "message": "Saved post_007.png", "data": {"w": 0}, "seq": 14516}
{"ts": "2026-05-01T08:14:07.812897+00:00", "level": "INFO", "jobId": "5e4bb7e0-0df2-4233-ad1b-49cdbba118a9", "keyword": "khai trương", "step": "cooldown", "message": "Cooldown 2.2s (after capture)", "data": {"w": 0}, "seq": 14517}
{"ts": "2026-05-01T08:14:14.935208+00:00", "level": "INFO", "jobId": "5e4bb7e0-0df2-4233-ad1b-49cdbba118a9", "keyword": "khai trương", "step": "heartbeat", "message": "Worker alive", "data": {"w": 0, "elapsed_s": 131}, "seq": 14522}
{"ts": "2026-05-01T08:14:14.938848+00:00", "level": "INFO", "jobId": "5e4bb7e0-0df2-4233-ad1b-49cdbba118a9", "keyword": "khai trương", "step": "capture", "message": "Capturing 8/∞ (viewport)…", "data": {"w": 0}, "seq": 14523}
{"ts": "2026-05-01T08:14:17.174816+00:00", "level": "INFO", "jobId": "5e4bb7e0-0df2-4233-ad1b-49cdbba118a9", "keyword": "khai trương", "step": "capture", "message": "Expanded \"Xem thêm\" (exact-class): +1 (total 1)", "data": {"w": 0}, "seq": 14524}
{"ts": "2026-05-01T08:14:30.414509+00:00", "level": "INFO", "jobId": "5e4bb7e0-0df2-4233-ad1b-49cdbba118a9", "keyword": "khai trương", "step": "capture", "message": "Saved post_008.png", "data": {"w": 0}, "seq": 14530}
{"ts": "2026-05-01T08:14:30.420264+00:00", "level": "INFO", "jobId": "5e4bb7e0-0df2-4233-ad1b-49cdbba118a9", "keyword": "khai trương", "step": "cooldown", "message": "Cooldown 2.7s (after capture)", "data": {"w": 0}, "seq": 14531}
{"ts": "2026-05-01T08:14:33.705951+00:00", "level": "INFO", "jobId": "5e4bb7e0-0df2-4233-ad1b-49cdbba118a9", "keyword": "khai trương", "step": "heartbeat", "message": "Worker alive", "data": {"w": 0, "elapsed_s": 149}, "seq": 14532}
{"ts": "2026-05-01T08:14:33.707962+00:00", "level": "INFO", "jobId": "5e4bb7e0-0df2-4233-ad1b-49cdbba118a9", "keyword": "khai trương", "step": "capture", "message": "Capturing 9/∞ (viewport)…", "data": {"w": 0}, "seq": 14533}
{"ts": "2026-05-01T08:14:46.536849+00:00", "level": "INFO", "jobId": "5e4bb7e0-0df2-4233-ad1b-49cdbba118a9", "keyword": "khai trương", "step": "capture", "message": "Saved post_009.png", "data": {"w": 0}, "seq": 14539}
{"ts": "2026-05-01T08:14:46.538360+00:00", "level": "INFO", "jobId": "5e4bb7e0-0df2-4233-ad1b-49cdbba118a9", "keyword": "khai trương", "step": "cooldown", "message": "Cooldown 2.0s (after capture)", "data": {"w": 0}, "seq": 14540}
{"ts": "2026-05-01T08:14:49.071114+00:00", "level": "INFO", "jobId": "5e4bb7e0-0df2-4233-ad1b-49cdbba118a9", "keyword": "khai trương", "step": "heartbeat", "message": "Worker alive", "data": {"w": 0, "elapsed_s": 165}, "seq": 14541}
{"ts": "2026-05-01T08:14:49.072845+00:00", "level": "INFO", "jobId": "5e4bb7e0-0df2-4233-ad1b-49cdbba118a9", "keyword": "khai trương", "step": "capture", "message": "Capturing 10/∞ (viewport)…", "data": {"w": 0}, "seq": 14542}
{"ts": "2026-05-01T08:14:49.251792+00:00", "level": "INFO", "jobId": "5e4bb7e0-0df2-4233-ad1b-49cdbba118a9", "keyword": "khai trương", "step": "capture", "message": "Expanded \"Xem thêm\" (exact-class): +1 (total 1)", "data": {"w": 0}, "seq": 14543}
{"ts": "2026-05-01T08:15:02.271850+00:00", "level": "INFO", "jobId": "5e4bb7e0-0df2-4233-ad1b-49cdbba118a9", "keyword": "khai trương", "step": "capture", "message": "Saved post_010.png", "data": {"w": 0}, "seq": 14548}
{"ts": "2026-05-01T08:15:02.274523+00:00", "level": "INFO", "jobId": "5e4bb7e0-0df2-4233-ad1b-49cdbba118a9", "keyword": "khai trương", "step": "cooldown", "message": "Cooldown 2.3s (after capture)", "data": {"w": 0}, "seq": 14549}
{"ts": "2026-05-01T08:15:05.167367+00:00", "level": "INFO", "jobId": "5e4bb7e0-0df2-4233-ad1b-49cdbba118a9", "keyword": "khai trương", "step": "heartbeat", "message": "Worker alive", "data": {"w": 0, "elapsed_s": 181}, "seq": 14550}
{"ts": "2026-05-01T08:15:05.169950+00:00", "level": "INFO", "jobId": "5e4bb7e0-0df2-4233-ad1b-49cdbba118a9", "keyword": "khai trương", "step": "capture", "message": "Capturing 11/∞ (viewport)…", "data": {"w": 0}, "seq": 14551}
{"ts": "2026-05-01T08:15:05.310970+00:00", "level": "INFO", "jobId": "5e4bb7e0-0df2-4233-ad1b-49cdbba118a9", "keyword": "khai trương", "step": "capture", "message": "Expanded \"Xem thêm\" (exact-class): +1 (total 1)", "data": {"w": 0}, "seq": 14552}
{"ts": "2026-05-01T08:15:18.238330+00:00", "level": "INFO", "jobId": "5e4bb7e0-0df2-4233-ad1b-49cdbba118a9", "keyword": "khai trương", "step": "capture", "message": "Saved post_011.png", "data": {"w": 0}, "seq": 14555}
{"ts": "2026-05-01T08:15:18.239531+00:00", "level": "INFO", "jobId": "5e4bb7e0-0df2-4233-ad1b-49cdbba118a9", "keyword": "khai trương", "step": "cooldown", "message": "Cooldown 2.3s (after capture)", "data": {"w": 0}, "seq": 14556}
{"ts": "2026-05-01T08:15:21.080799+00:00", "level": "INFO", "jobId": "5e4bb7e0-0df2-4233-ad1b-49cdbba118a9", "keyword": "khai trương", "step": "heartbeat", "message": "Worker alive", "data": {"w": 0, "elapsed_s": 197}, "seq": 14557}
{"ts": "2026-05-01T08:15:21.081789+00:00", "level": "INFO", "jobId": "5e4bb7e0-0df2-4233-ad1b-49cdbba118a9", "keyword": "khai trương", "step": "capture", "message": "Capturing 12/∞ (viewport)…", "data": {"w": 0}, "seq": 14558}
{"ts": "2026-05-01T08:15:21.309339+00:00", "level": "INFO", "jobId": "5e4bb7e0-0df2-4233-ad1b-49cdbba118a9", "keyword": "khai trương", "step": "capture", "message": "Expanded \"Xem thêm\" (exact-class): +1 (total 1)", "data": {"w": 0}, "seq": 14559}
{"ts": "2026-05-01T08:15:34.485342+00:00", "level": "INFO", "jobId": "5e4bb7e0-0df2-4233-ad1b-49cdbba118a9", "keyword": "khai trương", "step": "capture", "message": "Saved post_012.png", "data": {"w": 0}, "seq": 14563}
{"ts": "2026-05-01T08:15:34.486146+00:00", "level": "INFO", "jobId": "5e4bb7e0-0df2-4233-ad1b-49cdbba118a9", "keyword": "khai trương", "step": "cooldown", "message": "Cooldown 1.6s (after capture)", "data": {"w": 0}, "seq": 14564}
{"ts": "2026-05-01T08:15:36.749815+00:00", "level": "INFO", "jobId": "5e4bb7e0-0df2-4233-ad1b-49cdbba118a9", "keyword": "khai trương", "step": "heartbeat", "message": "Worker alive", "data": {"w": 0, "elapsed_s": 212}, "seq": 14566}
{"ts": "2026-05-01T08:15:36.750843+00:00", "level": "INFO", "jobId": "5e4bb7e0-0df2-4233-ad1b-49cdbba118a9", "keyword": "khai trương", "step": "capture", "message": "Capturing 13/∞ (viewport)…", "data": {"w": 0}, "seq": 14568}
{"ts": "2026-05-01T08:15:36.869629+00:00", "level": "INFO", "jobId": "5e4bb7e0-0df2-4233-ad1b-49cdbba118a9", "keyword": "khai trương", "step": "capture", "message": "Expanded \"Xem thêm\" (exact-class): +2 (total 2)", "data": {"w": 0}, "seq": 14569}
{"ts": "2026-05-01T08:15:49.751660+00:00", "level": "INFO", "jobId": "5e4bb7e0-0df2-4233-ad1b-49cdbba118a9", "keyword": "khai trương", "step": "capture", "message": "Saved post_013.png", "data": {"w": 0}, "seq": 14572}
{"ts": "2026-05-01T08:15:49.752799+00:00", "level": "INFO", "jobId": "5e4bb7e0-0df2-4233-ad1b-49cdbba118a9", "keyword": "khai trương", "step": "cooldown", "message": "Cooldown 2.7s (after capture)", "data": {"w": 0}, "seq": 14573}
{"ts": "2026-05-01T08:15:53.034008+00:00", "level": "INFO", "jobId": "5e4bb7e0-0df2-4233-ad1b-49cdbba118a9", "keyword": "khai trương", "step": "heartbeat", "message": "Worker alive", "data": {"w": 0, "elapsed_s": 229}, "seq": 14576}
{"ts": "2026-05-01T08:15:53.034556+00:00", "level": "INFO", "jobId": "5e4bb7e0-0df2-4233-ad1b-49cdbba118a9", "keyword": "khai trương", "step": "capture", "message": "Capturing 14/∞ (viewport)…", "data": {"w": 0}, "seq": 14577}
{"ts": "2026-05-01T08:15:53.145368+00:00", "level": "INFO", "jobId": "5e4bb7e0-0df2-4233-ad1b-49cdbba118a9", "keyword": "khai trương", "step": "capture", "message": "Expanded \"Xem thêm\" (exact-class): +1 (total 1)", "data": {"w": 0}, "seq": 14578}
{"ts": "2026-05-01T08:16:06.153826+00:00", "level": "INFO", "jobId": "5e4bb7e0-0df2-4233-ad1b-49cdbba118a9", "keyword": "khai trương", "step": "capture", "message": "Saved post_014.png", "data": {"w": 0}, "seq": 14582}
{"ts": "2026-05-01T08:16:06.154844+00:00", "level": "INFO", "jobId": "5e4bb7e0-0df2-4233-ad1b-49cdbba118a9", "keyword": "khai trương", "step": "cooldown", "message": "Cooldown 3.0s (after capture)", "data": {"w": 0}, "seq": 14583}
{"ts": "2026-05-01T08:16:09.768927+00:00", "level": "INFO", "jobId": "5e4bb7e0-0df2-4233-ad1b-49cdbba118a9", "keyword": "khai trương", "step": "heartbeat", "message": "Worker alive", "data": {"w": 0, "elapsed_s": 245}, "seq": 14586}
{"ts": "2026-05-01T08:16:09.770974+00:00", "level": "INFO", "jobId": "5e4bb7e0-0df2-4233-ad1b-49cdbba118a9", "keyword": "khai trương", "step": "capture", "message": "Capturing 15/∞ (viewport)…", "data": {"w": 0}, "seq": 14587}
{"ts": "2026-05-01T08:16:10.026046+00:00", "level": "INFO", "jobId": "5e4bb7e0-0df2-4233-ad1b-49cdbba118a9", "keyword": "khai trương", "step": "capture", "message": "Expanded \"Xem thêm\" (exact-class): +1 (total 1)", "data": {"w": 0}, "seq": 14590}
{"ts": "2026-05-01T08:16:23.134560+00:00", "level": "INFO", "jobId": "5e4bb7e0-0df2-4233-ad1b-49cdbba118a9", "keyword": "khai trương", "step": "capture", "message": "Saved post_015.png", "data": {"w": 0}, "seq": 14592}
{"ts": "2026-05-01T08:16:23.134560+00:00", "level": "INFO", "jobId": "5e4bb7e0-0df2-4233-ad1b-49cdbba118a9", "keyword": "khai trương", "step": "cooldown", "message": "Cooldown 2.1s (after capture)", "data": {"w": 0}, "seq": 14593}
{"ts": "2026-05-01T08:16:25.846682+00:00", "level": "INFO", "jobId": "5e4bb7e0-0df2-4233-ad1b-49cdbba118a9", "keyword": "khai trương", "step": "heartbeat", "message": "Worker alive", "data": {"w": 0, "elapsed_s": 261}, "seq": 14599}
{"ts": "2026-05-01T08:16:25.847924+00:00", "level": "INFO", "jobId": "5e4bb7e0-0df2-4233-ad1b-49cdbba118a9", "keyword": "khai trương", "step": "capture", "message": "Capturing 16/∞ (viewport)…", "data": {"w": 0}, "seq": 14600}
{"ts": "2026-05-01T08:16:25.945607+00:00", "level": "INFO", "jobId": "5e4bb7e0-0df2-4233-ad1b-49cdbba118a9", "keyword": "khai trương", "step": "capture", "message": "Expanded \"Xem thêm\" (exact-class): +1 (total 1)", "data": {"w": 0}, "seq": 14601}
{"ts": "2026-05-01T08:16:39.046061+00:00", "level": "INFO", "jobId": "5e4bb7e0-0df2-4233-ad1b-49cdbba118a9", "keyword": "khai trương", "step": "capture", "message": "Saved post_016.png", "data": {"w": 0}, "seq": 14604}
{"ts": "2026-05-01T08:16:39.047214+00:00", "level": "INFO", "jobId": "5e4bb7e0-0df2-4233-ad1b-49cdbba118a9", "keyword": "khai trương", "step": "cooldown", "message": "Cooldown 1.4s (after capture)", "data": {"w": 0}, "seq": 14605}
{"ts": "2026-05-01T08:16:40.981174+00:00", "level": "INFO", "jobId": "5e4bb7e0-0df2-4233-ad1b-49cdbba118a9", "keyword": "khai trương", "step": "heartbeat", "message": "Worker alive", "data": {"w": 0, "elapsed_s": 277}, "seq": 14608}
{"ts": "2026-05-01T08:16:40.982192+00:00", "level": "INFO", "jobId": "5e4bb7e0-0df2-4233-ad1b-49cdbba118a9", "keyword": "khai trương", "step": "capture", "message": "Capturing 17/∞ (viewport)…", "data": {"w": 0}, "seq": 14609}
{"ts": "2026-05-01T08:16:41.131452+00:00", "level": "INFO", "jobId": "5e4bb7e0-0df2-4233-ad1b-49cdbba118a9", "keyword": "khai trương", "step": "capture", "message": "Expanded \"Xem thêm\" (exact-class): +1 (total 1)", "data": {"w": 0}, "seq": 14611}
{"ts": "2026-05-01T08:16:57.473690+00:00", "level": "INFO", "jobId": "5e4bb7e0-0df2-4233-ad1b-49cdbba118a9", "keyword": "khai trương", "step": "capture", "message": "Saved post_017.png", "data": {"w": 0}, "seq": 14612}
{"ts": "2026-05-01T08:16:57.475505+00:00", "level": "INFO", "jobId": "5e4bb7e0-0df2-4233-ad1b-49cdbba118a9", "keyword": "khai trương", "step": "cooldown", "message": "Cooldown 2.0s (after capture)", "data": {"w": 0}, "seq": 14613}
{"ts": "2026-05-01T08:17:00.029503+00:00", "level": "INFO", "jobId": "5e4bb7e0-0df2-4233-ad1b-49cdbba118a9", "keyword": "khai trương", "step": "heartbeat", "message": "Worker alive", "data": {"w": 0, "elapsed_s": 296}, "seq": 14614}
{"ts": "2026-05-01T08:17:00.029503+00:00", "level": "INFO", "jobId": "5e4bb7e0-0df2-4233-ad1b-49cdbba118a9", "keyword": "khai trương", "step": "capture", "message": "Capturing 18/∞ (viewport)…", "data": {"w": 0}, "seq": 14615}
{"ts": "2026-05-01T08:17:00.100614+00:00", "level": "INFO", "jobId": "5e4bb7e0-0df2-4233-ad1b-49cdbba118a9", "keyword": "khai trương", "step": "capture", "message": "Expanded \"Xem thêm\" (exact-class): +1 (total 1)", "data": {"w": 0}, "seq": 14616}
{"ts": "2026-05-01T08:18:12.733421+00:00", "level": "INFO", "jobId": "5e4bb7e0-0df2-4233-ad1b-49cdbba118a9", "keyword": "khai trương", "step": "capture", "message": "Viewport screenshot error (will retry): Page.screenshot: Timeout 60000ms exceeded.\nCall log:\n  - taking page screenshot\n  -   - waiting for fonts to load...\n  -   - fonts loaded\n", "data": {"w": 0}, "seq": 14620}
{"ts": "2026-05-01T08:18:12.769480+00:00", "level": "INFO", "jobId": "5e4bb7e0-0df2-4233-ad1b-49cdbba118a9", "keyword": "khai trương", "step": "heartbeat", "message": "Worker alive", "data": {"w": 0, "elapsed_s": 368}, "seq": 14621}
{"ts": "2026-05-01T08:18:12.770601+00:00", "level": "INFO", "jobId": "5e4bb7e0-0df2-4233-ad1b-49cdbba118a9", "keyword": "khai trương", "step": "capture", "message": "Capturing 18/∞ (viewport)…", "data": {"w": 0}, "seq": 14622}
{"ts": "2026-05-01T08:18:37.829300+00:00", "level": "INFO", "jobId": "5e4bb7e0-0df2-4233-ad1b-49cdbba118a9", "keyword": "khai trương", "step": "capture", "message": "Saved post_018.png", "data": {"w": 0}, "seq": 14623}
{"ts": "2026-05-01T08:18:37.830171+00:00", "level": "INFO", "jobId": "5e4bb7e0-0df2-4233-ad1b-49cdbba118a9", "keyword": "khai trương", "step": "cooldown", "message": "Cooldown 2.9s (after capture)", "data": {"w": 0}, "seq": 14624}
{"ts": "2026-05-01T08:18:41.281032+00:00", "level": "INFO", "jobId": "5e4bb7e0-0df2-4233-ad1b-49cdbba118a9", "keyword": "khai trương", "step": "heartbeat", "message": "Worker alive", "data": {"w": 0, "elapsed_s": 397}, "seq": 14630}
{"ts": "2026-05-01T08:18:41.281032+00:00", "level": "INFO", "jobId": "5e4bb7e0-0df2-4233-ad1b-49cdbba118a9", "keyword": "khai trương", "step": "capture", "message": "Capturing 19/∞ (viewport)…", "data": {"w": 0}, "seq": 14631}
{"ts": "2026-05-01T08:18:41.439432+00:00", "level": "INFO", "jobId": "5e4bb7e0-0df2-4233-ad1b-49cdbba118a9", "keyword": "khai trương", "step": "capture", "message": "Expanded \"Xem thêm\" (exact-class): +1 (total 1)", "data": {"w": 0}, "seq": 14632}
{"ts": "2026-05-01T08:18:54.434315+00:00", "level": "INFO", "jobId": "5e4bb7e0-0df2-4233-ad1b-49cdbba118a9", "keyword": "khai trương", "step": "capture", "message": "Saved post_019.png", "data": {"w": 0}, "seq": 14635}
{"ts": "2026-05-01T08:18:54.434315+00:00", "level": "INFO", "jobId": "5e4bb7e0-0df2-4233-ad1b-49cdbba118a9", "keyword": "khai trương", "step": "cooldown", "message": "Cooldown 2.0s (after capture)", "data": {"w": 0}, "seq": 14636}
{"ts": "2026-05-01T08:18:57.039051+00:00", "level": "INFO", "jobId": "5e4bb7e0-0df2-4233-ad1b-49cdbba118a9", "keyword": "khai trương", "step": "heartbeat", "message": "Worker alive", "data": {"w": 0, "elapsed_s": 413}, "seq": 14639}
{"ts": "2026-05-01T08:18:57.040644+00:00", "level": "INFO", "jobId": "5e4bb7e0-0df2-4233-ad1b-49cdbba118a9", "keyword": "khai trương", "step": "capture", "message": "Capturing 20/∞ (viewport)…", "data": {"w": 0}, "seq": 14640}
{"ts": "2026-05-01T08:19:09.827846+00:00", "level": "INFO", "jobId": "5e4bb7e0-0df2-4233-ad1b-49cdbba118a9", "keyword": "khai trương", "step": "capture", "message": "Saved post_020.png", "data": {"w": 0}, "seq": 14642}
{"ts": "2026-05-01T08:19:09.829366+00:00", "level": "INFO", "jobId": "5e4bb7e0-0df2-4233-ad1b-49cdbba118a9", "keyword": "khai trương", "step": "cooldown", "message": "Cooldown 1.6s (after capture)", "data": {"w": 0}, "seq": 14643}
{"ts": "2026-05-01T08:19:12.015431+00:00", "level": "INFO", "jobId": "5e4bb7e0-0df2-4233-ad1b-49cdbba118a9", "keyword": "khai trương", "step": "capture", "message": "Capturing 21/∞ (viewport)…", "data": {"w": 0}, "seq": 14646}
{"ts": "2026-05-01T08:19:12.155548+00:00", "level": "INFO", "jobId": "5e4bb7e0-0df2-4233-ad1b-49cdbba118a9", "keyword": "khai trương", "step": "capture", "message": "Expanded \"Xem thêm\" (exact-class): +2 (total 2)", "data": {"w": 0}, "seq": 14647}
{"ts": "2026-05-01T08:19:12.554539+00:00", "level": "INFO", "jobId": "5e4bb7e0-0df2-4233-ad1b-49cdbba118a9", "keyword": "khai trương", "step": "heartbeat", "message": "Worker alive", "data": {"w": 0, "elapsed_s": 428}, "seq": 14648}
{"ts": "2026-05-01T08:19:25.047027+00:00", "level": "INFO", "jobId": "5e4bb7e0-0df2-4233-ad1b-49cdbba118a9", "keyword": "khai trương", "step": "capture", "message": "Saved post_021.png", "data": {"w": 0}, "seq": 14652}
{"ts": "2026-05-01T08:19:25.047027+00:00", "level": "INFO", "jobId": "5e4bb7e0-0df2-4233-ad1b-49cdbba118a9", "keyword": "khai trương", "step": "cooldown", "message": "Cooldown 2.0s (after capture)", "data": {"w": 0}, "seq": 14653}
{"ts": "2026-05-01T08:19:27.651208+00:00", "level": "INFO", "jobId": "5e4bb7e0-0df2-4233-ad1b-49cdbba118a9", "keyword": "khai trương", "step": "heartbeat", "message": "Worker alive", "data": {"w": 0, "elapsed_s": 443}, "seq": 14654}
{"ts": "2026-05-01T08:19:27.654208+00:00", "level": "INFO", "jobId": "5e4bb7e0-0df2-4233-ad1b-49cdbba118a9", "keyword": "khai trương", "step": "capture", "message": "Capturing 22/∞ (viewport)…", "data": {"w": 0}, "seq": 14655}
{"ts": "2026-05-01T08:19:27.932411+00:00", "level": "INFO", "jobId": "5e4bb7e0-0df2-4233-ad1b-49cdbba118a9", "keyword": "khai trương", "step": "capture", "message": "Expanded \"Xem thêm\" (exact-class): +2 (total 2)", "data": {"w": 0}, "seq": 14658}
{"ts": "2026-05-01T08:19:40.968734+00:00", "level": "INFO", "jobId": "5e4bb7e0-0df2-4233-ad1b-49cdbba118a9", "keyword": "khai trương", "step": "capture", "message": "Saved post_022.png", "data": {"w": 0}, "seq": 14662}
{"ts": "2026-05-01T08:19:40.972266+00:00", "level": "INFO", "jobId": "5e4bb7e0-0df2-4233-ad1b-49cdbba118a9", "keyword": "khai trương", "step": "cooldown", "message": "Cooldown 2.2s (after capture)", "data": {"w": 0}, "seq": 14663}
{"ts": "2026-05-01T08:19:43.780251+00:00", "level": "INFO", "jobId": "5e4bb7e0-0df2-4233-ad1b-49cdbba118a9", "keyword": "khai trương", "step": "heartbeat", "message": "Worker alive", "data": {"w": 0, "elapsed_s": 459}, "seq": 14664}
{"ts": "2026-05-01T08:19:43.781271+00:00", "level": "INFO", "jobId": "5e4bb7e0-0df2-4233-ad1b-49cdbba118a9", "keyword": "khai trương", "step": "capture", "message": "Capturing 23/∞ (viewport)…", "data": {"w": 0}, "seq": 14665}
{"ts": "2026-05-01T08:19:56.560472+00:00", "level": "INFO", "jobId": "5e4bb7e0-0df2-4233-ad1b-49cdbba118a9", "keyword": "khai trương", "step": "capture", "message": "Saved post_023.png", "data": {"w": 0}, "seq": 14670}
{"ts": "2026-05-01T08:19:56.562033+00:00", "level": "INFO", "jobId": "5e4bb7e0-0df2-4233-ad1b-49cdbba118a9", "keyword": "khai trương", "step": "cooldown", "message": "Cooldown 2.8s (after capture)", "data": {"w": 0}, "seq": 14671}
{"ts": "2026-05-01T08:19:59.922667+00:00", "level": "INFO", "jobId": "5e4bb7e0-0df2-4233-ad1b-49cdbba118a9", "keyword": "khai trương", "step": "heartbeat", "message": "Worker alive", "data": {"w": 0, "elapsed_s": 476}, "seq": 14674}
{"ts": "2026-05-01T08:19:59.923927+00:00", "level": "INFO", "jobId": "5e4bb7e0-0df2-4233-ad1b-49cdbba118a9", "keyword": "khai trương", "step": "capture", "message": "Capturing 24/∞ (viewport)…", "data": {"w": 0}, "seq": 14675}
{"ts": "2026-05-01T08:20:00.082322+00:00", "level": "INFO", "jobId": "5e4bb7e0-0df2-4233-ad1b-49cdbba118a9", "keyword": "khai trương", "step": "capture", "message": "Expanded \"Xem thêm\" (exact-class): +1 (total 1)", "data": {"w": 0}, "seq": 14676}
{"ts": "2026-05-01T08:20:12.856788+00:00", "level": "INFO", "jobId": "5e4bb7e0-0df2-4233-ad1b-49cdbba118a9", "keyword": "khai trương", "step": "capture", "message": "Saved post_024.png", "data": {"w": 0}, "seq": 14680}
{"ts": "2026-05-01T08:20:12.857870+00:00", "level": "INFO", "jobId": "5e4bb7e0-0df2-4233-ad1b-49cdbba118a9", "keyword": "khai trương", "step": "cooldown", "message": "Cooldown 2.7s (after capture)", "data": {"w": 0}, "seq": 14681}
{"ts": "2026-05-01T08:20:16.158679+00:00", "level": "INFO", "jobId": "5e4bb7e0-0df2-4233-ad1b-49cdbba118a9", "keyword": "khai trương", "step": "heartbeat", "message": "Worker alive", "data": {"w": 0, "elapsed_s": 492}, "seq": 14684}
{"ts": "2026-05-01T08:20:16.159680+00:00", "level": "INFO", "jobId": "5e4bb7e0-0df2-4233-ad1b-49cdbba118a9", "keyword": "khai trương", "step": "capture", "message": "Capturing 25/∞ (viewport)…", "data": {"w": 0}, "seq": 14685}
{"ts": "2026-05-01T08:20:16.247374+00:00", "level": "INFO", "jobId": "5e4bb7e0-0df2-4233-ad1b-49cdbba118a9", "keyword": "khai trương", "step": "capture", "message": "Expanded \"Xem thêm\" (exact-class): +2 (total 2)", "data": {"w": 0}, "seq": 14686}
{"ts": "2026-05-01T08:20:29.078885+00:00", "level": "INFO", "jobId": "5e4bb7e0-0df2-4233-ad1b-49cdbba118a9", "keyword": "khai trương", "step": "capture", "message": "Saved post_025.png", "data": {"w": 0}, "seq": 14690}
{"ts": "2026-05-01T08:20:29.079396+00:00", "level": "INFO", "jobId": "5e4bb7e0-0df2-4233-ad1b-49cdbba118a9", "keyword": "khai trương", "step": "cooldown", "message": "Cooldown 1.5s (after capture)", "data": {"w": 0}, "seq": 14691}
{"ts": "2026-05-01T08:20:31.182715+00:00", "level": "INFO", "jobId": "5e4bb7e0-0df2-4233-ad1b-49cdbba118a9", "keyword": "khai trương", "step": "heartbeat", "message": "Worker alive", "data": {"w": 0, "elapsed_s": 507}, "seq": 14694}
{"ts": "2026-05-01T08:20:31.183824+00:00", "level": "INFO", "jobId": "5e4bb7e0-0df2-4233-ad1b-49cdbba118a9", "keyword": "khai trương", "step": "capture", "message": "Capturing 26/∞ (viewport)…", "data": {"w": 0}, "seq": 14695}
{"ts": "2026-05-01T08:20:43.932288+00:00", "level": "INFO", "jobId": "5e4bb7e0-0df2-4233-ad1b-49cdbba118a9", "keyword": "khai trương", "step": "capture", "message": "Saved post_026.png", "data": {"w": 0}, "seq": 14699}
{"ts": "2026-05-01T08:20:43.933727+00:00", "level": "INFO", "jobId": "5e4bb7e0-0df2-4233-ad1b-49cdbba118a9", "keyword": "khai trương", "step": "cooldown", "message": "Cooldown 1.9s (after capture)", "data": {"w": 0}, "seq": 14700}
{"ts": "2026-05-01T08:20:46.409356+00:00", "level": "INFO", "jobId": "5e4bb7e0-0df2-4233-ad1b-49cdbba118a9", "keyword": "khai trương", "step": "heartbeat", "message": "Worker alive", "data": {"w": 0, "elapsed_s": 522}, "seq": 14703}
{"ts": "2026-05-01T08:20:46.410365+00:00", "level": "INFO", "jobId": "5e4bb7e0-0df2-4233-ad1b-49cdbba118a9", "keyword": "khai trương", "step": "capture", "message": "Capturing 27/∞ (viewport)…", "data": {"w": 0}, "seq": 14704}
{"ts": "2026-05-01T08:20:46.549747+00:00", "level": "INFO", "jobId": "5e4bb7e0-0df2-4233-ad1b-49cdbba118a9", "keyword": "khai trương", "step": "capture", "message": "Expanded \"Xem thêm\" (exact-class): +2 (total 2)", "data": {"w": 0}, "seq": 14705}
{"ts": "2026-05-01T08:20:59.728037+00:00", "level": "INFO", "jobId": "5e4bb7e0-0df2-4233-ad1b-49cdbba118a9", "keyword": "khai trương", "step": "capture", "message": "Saved post_027.png", "data": {"w": 0}, "seq": 14709}
{"ts": "2026-05-01T08:20:59.728543+00:00", "level": "INFO", "jobId": "5e4bb7e0-0df2-4233-ad1b-49cdbba118a9", "keyword": "khai trương", "step": "cooldown", "message": "Cooldown 2.8s (after capture)", "data": {"w": 0}, "seq": 14710}
{"ts": "2026-05-01T08:21:03.079338+00:00", "level": "INFO", "jobId": "5e4bb7e0-0df2-4233-ad1b-49cdbba118a9", "keyword": "khai trương", "step": "heartbeat", "message": "Worker alive", "data": {"w": 0, "elapsed_s": 539}, "seq": 14713}
{"ts": "2026-05-01T08:21:03.080261+00:00", "level": "INFO", "jobId": "5e4bb7e0-0df2-4233-ad1b-49cdbba118a9", "keyword": "khai trương", "step": "capture", "message": "Capturing 28/∞ (viewport)…", "data": {"w": 0}, "seq": 14714}
{"ts": "2026-05-01T08:21:03.206008+00:00", "level": "INFO", "jobId": "5e4bb7e0-0df2-4233-ad1b-49cdbba118a9", "keyword": "khai trương", "step": "capture", "message": "Expanded \"Xem thêm\" (exact-class): +1 (total 1)", "data": {"w": 0}, "seq": 14715}
{"ts": "2026-05-01T08:21:16.811062+00:00", "level": "INFO", "jobId": "5e4bb7e0-0df2-4233-ad1b-49cdbba118a9", "keyword": "khai trương", "step": "capture", "message": "Saved post_028.png", "data": {"w": 0}, "seq": 14719}
{"ts": "2026-05-01T08:21:16.813061+00:00", "level": "INFO", "jobId": "5e4bb7e0-0df2-4233-ad1b-49cdbba118a9", "keyword": "khai trương", "step": "cooldown", "message": "Cooldown 1.5s (after capture)", "data": {"w": 0}, "seq": 14720}
{"ts": "2026-05-01T08:21:18.959030+00:00", "level": "INFO", "jobId": "5e4bb7e0-0df2-4233-ad1b-49cdbba118a9", "keyword": "khai trương", "step": "heartbeat", "message": "Worker alive", "data": {"w": 0, "elapsed_s": 555}, "seq": 14721}
{"ts": "2026-05-01T08:21:18.960663+00:00", "level": "INFO", "jobId": "5e4bb7e0-0df2-4233-ad1b-49cdbba118a9", "keyword": "khai trương", "step": "capture", "message": "Capturing 29/∞ (viewport)…", "data": {"w": 0}, "seq": 14722}
{"ts": "2026-05-01T08:21:32.026565+00:00", "level": "INFO", "jobId": "5e4bb7e0-0df2-4233-ad1b-49cdbba118a9", "keyword": "khai trương", "step": "capture", "message": "Saved post_029.png", "data": {"w": 0}, "seq": 14727}
{"ts": "2026-05-01T08:21:32.037236+00:00", "level": "INFO", "jobId": "5e4bb7e0-0df2-4233-ad1b-49cdbba118a9", "keyword": "khai trương", "step": "cooldown", "message": "Cooldown 1.8s (after capture)", "data": {"w": 0}, "seq": 14728}
{"ts": "2026-05-01T08:21:34.511966+00:00", "level": "INFO", "jobId": "5e4bb7e0-0df2-4233-ad1b-49cdbba118a9", "keyword": "khai trương", "step": "heartbeat", "message": "Worker alive", "data": {"w": 0, "elapsed_s": 570}, "seq": 14729}
{"ts": "2026-05-01T08:21:34.523221+00:00", "level": "INFO", "jobId": "5e4bb7e0-0df2-4233-ad1b-49cdbba118a9", "keyword": "khai trương", "step": "capture", "message": "Capturing 30/∞ (viewport)…", "data": {"w": 0}, "seq": 14730}
{"ts": "2026-05-01T08:21:34.751712+00:00", "level": "INFO", "jobId": "5e4bb7e0-0df2-4233-ad1b-49cdbba118a9", "keyword": "khai trương", "step": "capture", "message": "Expanded \"Xem thêm\" (exact-class): +2 (total 2)", "data": {"w": 0}, "seq": 14731}
{"ts": "2026-05-01T08:21:47.830360+00:00", "level": "INFO", "jobId": "5e4bb7e0-0df2-4233-ad1b-49cdbba118a9", "keyword": "khai trương", "step": "capture", "message": "Saved post_030.png", "data": {"w": 0}, "seq": 14737}
{"ts": "2026-05-01T08:21:47.830360+00:00", "level": "INFO", "jobId": "5e4bb7e0-0df2-4233-ad1b-49cdbba118a9", "keyword": "khai trương", "step": "cooldown", "message": "Cooldown 1.9s (after capture)", "data": {"w": 0}, "seq": 14738}
{"ts": "2026-05-01T08:21:50.355245+00:00", "level": "INFO", "jobId": "5e4bb7e0-0df2-4233-ad1b-49cdbba118a9", "keyword": "khai trương", "step": "heartbeat", "message": "Worker alive", "data": {"w": 0, "elapsed_s": 586}, "seq": 14739}
{"ts": "2026-05-01T08:21:50.356320+00:00", "level": "INFO", "jobId": "5e4bb7e0-0df2-4233-ad1b-49cdbba118a9", "keyword": "khai trương", "step": "capture", "message": "Capturing 31/∞ (viewport)…", "data": {"w": 0}, "seq": 14740}
{"ts": "2026-05-01T08:22:02.903925+00:00", "level": "INFO", "jobId": "5e4bb7e0-0df2-4233-ad1b-49cdbba118a9", "keyword": "khai trương", "step": "capture", "message": "Saved post_031.png", "data": {"w": 0}, "seq": 14746}
{"ts": "2026-05-01T08:22:02.903925+00:00", "level": "INFO", "jobId": "5e4bb7e0-0df2-4233-ad1b-49cdbba118a9", "keyword": "khai trương", "step": "cooldown", "message": "Cooldown 1.1s (after capture)", "data": {"w": 0}, "seq": 14747}
{"ts": "2026-05-01T08:22:04.707054+00:00", "level": "INFO", "jobId": "5e4bb7e0-0df2-4233-ad1b-49cdbba118a9", "keyword": "khai trương", "step": "capture", "message": "Capturing 32/∞ (viewport)…", "data": {"w": 0}, "seq": 14748}
{"ts": "2026-05-01T08:22:05.010766+00:00", "level": "INFO", "jobId": "5e4bb7e0-0df2-4233-ad1b-49cdbba118a9", "keyword": "khai trương", "step": "capture", "message": "Expanded \"Xem thêm\" (exact-class): +1 (total 1)", "data": {"w": 0}, "seq": 14749}
{"ts": "2026-05-01T08:22:05.487513+00:00", "level": "INFO", "jobId": "5e4bb7e0-0df2-4233-ad1b-49cdbba118a9", "keyword": "khai trương", "step": "heartbeat", "message": "Worker alive", "data": {"w": 0, "elapsed_s": 601}, "seq": 14750}
{"ts": "2026-05-01T08:22:17.969319+00:00", "level": "INFO", "jobId": "5e4bb7e0-0df2-4233-ad1b-49cdbba118a9", "keyword": "khai trương", "step": "capture", "message": "Saved post_032.png", "data": {"w": 0}, "seq": 14756}
{"ts": "2026-05-01T08:22:18.001368+00:00", "level": "INFO", "jobId": "5e4bb7e0-0df2-4233-ad1b-49cdbba118a9", "keyword": "khai trương", "step": "cooldown", "message": "Cooldown 1.6s (after capture)", "data": {"w": 0}, "seq": 14757}
{"ts": "2026-05-01T08:22:20.204419+00:00", "level": "INFO", "jobId": "5e4bb7e0-0df2-4233-ad1b-49cdbba118a9", "keyword": "khai trương", "step": "capture", "message": "Capturing 33/∞ (viewport)…", "data": {"w": 0}, "seq": 14758}
{"ts": "2026-05-01T08:22:20.452275+00:00", "level": "INFO", "jobId": "5e4bb7e0-0df2-4233-ad1b-49cdbba118a9", "keyword": "khai trương", "step": "capture", "message": "Expanded \"Xem thêm\" (exact-class): +1 (total 1)", "data": {"w": 0}, "seq": 14759}
{"ts": "2026-05-01T08:22:20.885648+00:00", "level": "INFO", "jobId": "5e4bb7e0-0df2-4233-ad1b-49cdbba118a9", "keyword": "khai trương", "step": "heartbeat", "message": "Worker alive", "data": {"w": 0, "elapsed_s": 617}, "seq": 14760}
{"ts": "2026-05-01T08:22:33.352945+00:00", "level": "INFO", "jobId": "5e4bb7e0-0df2-4233-ad1b-49cdbba118a9", "keyword": "khai trương", "step": "capture", "message": "Saved post_033.png", "data": {"w": 0}, "seq": 14766}
{"ts": "2026-05-01T08:22:33.352945+00:00", "level": "INFO", "jobId": "5e4bb7e0-0df2-4233-ad1b-49cdbba118a9", "keyword": "khai trương", "step": "cooldown", "message": "Cooldown 1.4s (after capture)", "data": {"w": 0}, "seq": 14767}
{"ts": "2026-05-01T08:22:35.377008+00:00", "level": "INFO", "jobId": "5e4bb7e0-0df2-4233-ad1b-49cdbba118a9", "keyword": "khai trương", "step": "capture", "message": "Capturing 34/∞ (viewport)…", "data": {"w": 0}, "seq": 14768}
{"ts": "2026-05-01T08:22:35.614308+00:00", "level": "INFO", "jobId": "5e4bb7e0-0df2-4233-ad1b-49cdbba118a9", "keyword": "khai trương", "step": "capture", "message": "Expanded \"Xem thêm\" (exact-class): +2 (total 2)", "data": {"w": 0}, "seq": 14769}
{"ts": "2026-05-01T08:22:36.044920+00:00", "level": "INFO", "jobId": "5e4bb7e0-0df2-4233-ad1b-49cdbba118a9", "keyword": "khai trương", "step": "heartbeat", "message": "Worker alive", "data": {"w": 0, "elapsed_s": 632}, "seq": 14770}
{"ts": "2026-05-01T08:22:48.674530+00:00", "level": "INFO", "jobId": "5e4bb7e0-0df2-4233-ad1b-49cdbba118a9", "keyword": "khai trương", "step": "capture", "message": "Saved post_034.png", "data": {"w": 0}, "seq": 14776}
{"ts": "2026-05-01T08:22:48.677782+00:00", "level": "INFO", "jobId": "5e4bb7e0-0df2-4233-ad1b-49cdbba118a9", "keyword": "khai trương", "step": "cooldown", "message": "Cooldown 1.0s (after capture)", "data": {"w": 0}, "seq": 14777}
{"ts": "2026-05-01T08:22:50.295446+00:00", "level": "INFO", "jobId": "5e4bb7e0-0df2-4233-ad1b-49cdbba118a9", "keyword": "khai trương", "step": "capture", "message": "Capturing 35/∞ (viewport)…", "data": {"w": 0}, "seq": 14778}
{"ts": "2026-05-01T08:22:50.494037+00:00", "level": "INFO", "jobId": "5e4bb7e0-0df2-4233-ad1b-49cdbba118a9", "keyword": "khai trương", "step": "capture", "message": "Expanded \"Xem thêm\" (exact-class): +2 (total 2)", "data": {"w": 0}, "seq": 14779}
{"ts": "2026-05-01T08:22:51.337326+00:00", "level": "INFO", "jobId": "5e4bb7e0-0df2-4233-ad1b-49cdbba118a9", "keyword": "khai trương", "step": "heartbeat", "message": "Worker alive", "data": {"w": 0, "elapsed_s": 647}, "seq": 14780}
{"ts": "2026-05-01T08:23:03.485951+00:00", "level": "INFO", "jobId": "5e4bb7e0-0df2-4233-ad1b-49cdbba118a9", "keyword": "khai trương", "step": "capture", "message": "Saved post_035.png", "data": {"w": 0}, "seq": 14785}
{"ts": "2026-05-01T08:23:03.485951+00:00", "level": "INFO", "jobId": "5e4bb7e0-0df2-4233-ad1b-49cdbba118a9", "keyword": "khai trương", "step": "cooldown", "message": "Cooldown 1.6s (after capture)", "data": {"w": 0}, "seq": 14786}
{"ts": "2026-05-01T08:23:05.702351+00:00", "level": "INFO", "jobId": "5e4bb7e0-0df2-4233-ad1b-49cdbba118a9", "keyword": "khai trương", "step": "capture", "message": "Capturing 36/∞ (viewport)…", "data": {"w": 0}, "seq": 14787}
{"ts": "2026-05-01T08:23:06.648840+00:00", "level": "INFO", "jobId": "5e4bb7e0-0df2-4233-ad1b-49cdbba118a9", "keyword": "khai trương", "step": "heartbeat", "message": "Worker alive", "data": {"w": 0, "elapsed_s": 662}, "seq": 14788}
{"ts": "2026-05-01T08:23:18.887629+00:00", "level": "INFO", "jobId": "5e4bb7e0-0df2-4233-ad1b-49cdbba118a9", "keyword": "khai trương", "step": "capture", "message": "Saved post_036.png", "data": {"w": 0}, "seq": 14794}
{"ts": "2026-05-01T08:23:18.888633+00:00", "level": "INFO", "jobId": "5e4bb7e0-0df2-4233-ad1b-49cdbba118a9", "keyword": "khai trương", "step": "cooldown", "message": "Cooldown 2.2s (after capture)", "data": {"w": 0}, "seq": 14795}
{"ts": "2026-05-01T08:23:21.709600+00:00", "level": "INFO", "jobId": "5e4bb7e0-0df2-4233-ad1b-49cdbba118a9", "keyword": "khai trương", "step": "heartbeat", "message": "Worker alive", "data": {"w": 0, "elapsed_s": 677}, "seq": 14796}
{"ts": "2026-05-01T08:23:21.711600+00:00", "level": "INFO", "jobId": "5e4bb7e0-0df2-4233-ad1b-49cdbba118a9", "keyword": "khai trương", "step": "capture", "message": "Capturing 37/∞ (viewport)…", "data": {"w": 0}, "seq": 14797}
{"ts": "2026-05-01T08:23:21.924614+00:00", "level": "INFO", "jobId": "5e4bb7e0-0df2-4233-ad1b-49cdbba118a9", "keyword": "khai trương", "step": "capture", "message": "Expanded \"Xem thêm\" (exact-class): +2 (total 2)", "data": {"w": 0}, "seq": 14798}
{"ts": "2026-05-01T08:23:34.867189+00:00", "level": "INFO", "jobId": "5e4bb7e0-0df2-4233-ad1b-49cdbba118a9", "keyword": "khai trương", "step": "capture", "message": "Saved post_037.png", "data": {"w": 0}, "seq": 14803}
{"ts": "2026-05-01T08:23:34.867998+00:00", "level": "INFO", "jobId": "5e4bb7e0-0df2-4233-ad1b-49cdbba118a9", "keyword": "khai trương", "step": "cooldown", "message": "Cooldown 1.5s (after capture)", "data": {"w": 0}, "seq": 14804}
{"ts": "2026-05-01T08:23:36.952565+00:00", "level": "INFO", "jobId": "5e4bb7e0-0df2-4233-ad1b-49cdbba118a9", "keyword": "khai trương", "step": "heartbeat", "message": "Worker alive", "data": {"w": 0, "elapsed_s": 693}, "seq": 14805}
{"ts": "2026-05-01T08:23:36.952565+00:00", "level": "INFO", "jobId": "5e4bb7e0-0df2-4233-ad1b-49cdbba118a9", "keyword": "khai trương", "step": "capture", "message": "Capturing 38/∞ (viewport)…", "data": {"w": 0}, "seq": 14806}
{"ts": "2026-05-01T08:23:37.074905+00:00", "level": "INFO", "jobId": "5e4bb7e0-0df2-4233-ad1b-49cdbba118a9", "keyword": "khai trương", "step": "capture", "message": "Expanded \"Xem thêm\" (exact-class): +1 (total 1)", "data": {"w": 0}, "seq": 14807}
{"ts": "2026-05-01T08:23:50.302108+00:00", "level": "INFO", "jobId": "5e4bb7e0-0df2-4233-ad1b-49cdbba118a9", "keyword": "khai trương", "step": "capture", "message": "Saved post_038.png", "data": {"w": 0}, "seq": 14813}
{"ts": "2026-05-01T08:23:50.303225+00:00", "level": "INFO", "jobId": "5e4bb7e0-0df2-4233-ad1b-49cdbba118a9", "keyword": "khai trương", "step": "cooldown", "message": "Cooldown 2.5s (after capture)", "data": {"w": 0}, "seq": 14814}
{"ts": "2026-05-01T08:23:53.439588+00:00", "level": "INFO", "jobId": "5e4bb7e0-0df2-4233-ad1b-49cdbba118a9", "keyword": "khai trương", "step": "heartbeat", "message": "Worker alive", "data": {"w": 0, "elapsed_s": 709}, "seq": 14815}
{"ts": "2026-05-01T08:23:53.439588+00:00", "level": "INFO", "jobId": "5e4bb7e0-0df2-4233-ad1b-49cdbba118a9", "keyword": "khai trương", "step": "capture", "message": "Capturing 39/∞ (viewport)…", "data": {"w": 0}, "seq": 14816}
{"ts": "2026-05-01T08:23:53.544480+00:00", "level": "INFO", "jobId": "5e4bb7e0-0df2-4233-ad1b-49cdbba118a9", "keyword": "khai trương", "step": "capture", "message": "Expanded \"Xem thêm\" (exact-class): +1 (total 1)", "data": {"w": 0}, "seq": 14817}
{"ts": "2026-05-01T08:24:06.886761+00:00", "level": "INFO", "jobId": "5e4bb7e0-0df2-4233-ad1b-49cdbba118a9", "keyword": "khai trương", "step": "capture", "message": "Saved post_039.png", "data": {"w": 0}, "seq": 14823}
{"ts": "2026-05-01T08:24:06.887679+00:00", "level": "INFO", "jobId": "5e4bb7e0-0df2-4233-ad1b-49cdbba118a9", "keyword": "khai trương", "step": "cooldown", "message": "Cooldown 1.5s (after capture)", "data": {"w": 0}, "seq": 14824}
{"ts": "2026-05-01T08:24:09.014204+00:00", "level": "INFO", "jobId": "5e4bb7e0-0df2-4233-ad1b-49cdbba118a9", "keyword": "khai trương", "step": "heartbeat", "message": "Worker alive", "data": {"w": 0, "elapsed_s": 725}, "seq": 14825}
{"ts": "2026-05-01T08:24:09.016073+00:00", "level": "INFO", "jobId": "5e4bb7e0-0df2-4233-ad1b-49cdbba118a9", "keyword": "khai trương", "step": "capture", "message": "Capturing 40/∞ (viewport)…", "data": {"w": 0}, "seq": 14826}
{"ts": "2026-05-01T08:24:09.250012+00:00", "level": "INFO", "jobId": "5e4bb7e0-0df2-4233-ad1b-49cdbba118a9", "keyword": "khai trương", "step": "capture", "message": "Expanded \"Xem thêm\" (exact-class): +1 (total 1)", "data": {"w": 0}, "seq": 14827}
{"ts": "2026-05-01T08:24:22.327568+00:00", "level": "INFO", "jobId": "5e4bb7e0-0df2-4233-ad1b-49cdbba118a9", "keyword": "khai trương", "step": "capture", "message": "Saved post_040.png", "data": {"w": 0}, "seq": 14833}
{"ts": "2026-05-01T08:24:22.338182+00:00", "level": "INFO", "jobId": "5e4bb7e0-0df2-4233-ad1b-49cdbba118a9", "keyword": "khai trương", "step": "cooldown", "message": "Cooldown 2.5s (after capture)", "data": {"w": 0}, "seq": 14834}
{"ts": "2026-05-01T08:24:25.426886+00:00", "level": "INFO", "jobId": "5e4bb7e0-0df2-4233-ad1b-49cdbba118a9", "keyword": "khai trương", "step": "heartbeat", "message": "Worker alive", "data": {"w": 0, "elapsed_s": 741}, "seq": 14835}
{"ts": "2026-05-01T08:24:25.438379+00:00", "level": "INFO", "jobId": "5e4bb7e0-0df2-4233-ad1b-49cdbba118a9", "keyword": "khai trương", "step": "capture", "message": "Capturing 41/∞ (viewport)…", "data": {"w": 0}, "seq": 14836}
{"ts": "2026-05-01T08:24:25.581566+00:00", "level": "INFO", "jobId": "5e4bb7e0-0df2-4233-ad1b-49cdbba118a9", "keyword": "khai trương", "step": "capture", "message": "Expanded \"Xem thêm\" (exact-class): +1 (total 1)", "data": {"w": 0}, "seq": 14837}
{"ts": "2026-05-01T08:24:39.273055+00:00", "level": "INFO", "jobId": "5e4bb7e0-0df2-4233-ad1b-49cdbba118a9", "keyword": "khai trương", "step": "capture", "message": "Saved post_041.png", "data": {"w": 0}, "seq": 14842}
{"ts": "2026-05-01T08:24:39.277755+00:00", "level": "INFO", "jobId": "5e4bb7e0-0df2-4233-ad1b-49cdbba118a9", "keyword": "khai trương", "step": "cooldown", "message": "Cooldown 2.8s (after capture)", "data": {"w": 0}, "seq": 14843}
{"ts": "2026-05-01T08:24:43.291804+00:00", "level": "INFO", "jobId": "5e4bb7e0-0df2-4233-ad1b-49cdbba118a9", "keyword": "khai trương", "step": "heartbeat", "message": "Worker alive", "data": {"w": 0, "elapsed_s": 759}, "seq": 14844}
{"ts": "2026-05-01T08:24:43.296283+00:00", "level": "INFO", "jobId": "5e4bb7e0-0df2-4233-ad1b-49cdbba118a9", "keyword": "khai trương", "step": "capture", "message": "Capturing 42/∞ (viewport)…", "data": {"w": 0}, "seq": 14845}
{"ts": "2026-05-01T08:24:43.613692+00:00", "level": "INFO", "jobId": "5e4bb7e0-0df2-4233-ad1b-49cdbba118a9", "keyword": "khai trương", "step": "capture", "message": "Expanded \"Xem thêm\" (exact-class): +1 (total 1)", "data": {"w": 0}, "seq": 14846}
{"ts": "2026-05-01T08:24:57.137908+00:00", "level": "INFO", "jobId": "5e4bb7e0-0df2-4233-ad1b-49cdbba118a9", "keyword": "khai trương", "step": "capture", "message": "Saved post_042.png", "data": {"w": 0}, "seq": 14852}
{"ts": "2026-05-01T08:24:57.140913+00:00", "level": "INFO", "jobId": "5e4bb7e0-0df2-4233-ad1b-49cdbba118a9", "keyword": "khai trương", "step": "cooldown", "message": "Cooldown 2.4s (after capture)", "data": {"w": 0}, "seq": 14853}
{"ts": "2026-05-01T08:25:00.296016+00:00", "level": "INFO", "jobId": "5e4bb7e0-0df2-4233-ad1b-49cdbba118a9", "keyword": "khai trương", "step": "heartbeat", "message": "Worker alive", "data": {"w": 0, "elapsed_s": 776}, "seq": 14854}
{"ts": "2026-05-01T08:25:00.299934+00:00", "level": "INFO", "jobId": "5e4bb7e0-0df2-4233-ad1b-49cdbba118a9", "keyword": "khai trương", "step": "capture", "message": "Capturing 43/∞ (viewport)…", "data": {"w": 0}, "seq": 14855}
{"ts": "2026-05-01T08:25:14.687961+00:00", "level": "INFO", "jobId": "5e4bb7e0-0df2-4233-ad1b-49cdbba118a9", "keyword": "khai trương", "step": "capture", "message": "Saved post_043.png", "data": {"w": 0}, "seq": 14860}
{"ts": "2026-05-01T08:25:14.690524+00:00", "level": "INFO", "jobId": "5e4bb7e0-0df2-4233-ad1b-49cdbba118a9", "keyword": "khai trương", "step": "cooldown", "message": "Cooldown 1.5s (after capture)", "data": {"w": 0}, "seq": 14861}
{"ts": "2026-05-01T08:25:17.149232+00:00", "level": "INFO", "jobId": "5e4bb7e0-0df2-4233-ad1b-49cdbba118a9", "keyword": "khai trương", "step": "heartbeat", "message": "Worker alive", "data": {"w": 0, "elapsed_s": 793}, "seq": 14862}
{"ts": "2026-05-01T08:25:17.151636+00:00", "level": "INFO", "jobId": "5e4bb7e0-0df2-4233-ad1b-49cdbba118a9", "keyword": "khai trương", "step": "capture", "message": "Capturing 44/∞ (viewport)…", "data": {"w": 0}, "seq": 14863}
{"ts": "2026-05-01T08:25:17.603473+00:00", "level": "INFO", "jobId": "5e4bb7e0-0df2-4233-ad1b-49cdbba118a9", "keyword": "khai trương", "step": "capture", "message": "Expanded \"Xem thêm\" (exact-class): +1 (total 1)", "data": {"w": 0}, "seq": 14864}
{"ts": "2026-05-01T08:25:31.490901+00:00", "level": "INFO", "jobId": "5e4bb7e0-0df2-4233-ad1b-49cdbba118a9", "keyword": "khai trương", "step": "capture", "message": "Saved post_044.png", "data": {"w": 0}, "seq": 14870}
{"ts": "2026-05-01T08:25:31.493118+00:00", "level": "INFO", "jobId": "5e4bb7e0-0df2-4233-ad1b-49cdbba118a9", "keyword": "khai trương", "step": "cooldown", "message": "Cooldown 1.6s (after capture)", "data": {"w": 0}, "seq": 14871}
{"ts": "2026-05-01T08:25:33.893048+00:00", "level": "INFO", "jobId": "5e4bb7e0-0df2-4233-ad1b-49cdbba118a9", "keyword": "khai trương", "step": "heartbeat", "message": "Worker alive", "data": {"w": 0, "elapsed_s": 810}, "seq": 14872}
{"ts": "2026-05-01T08:25:33.895057+00:00", "level": "INFO", "jobId": "5e4bb7e0-0df2-4233-ad1b-49cdbba118a9", "keyword": "khai trương", "step": "capture", "message": "Capturing 45/∞ (viewport)…", "data": {"w": 0}, "seq": 14873}
{"ts": "2026-05-01T08:25:34.212371+00:00", "level": "INFO", "jobId": "5e4bb7e0-0df2-4233-ad1b-49cdbba118a9", "keyword": "khai trương", "step": "capture", "message": "Expanded \"Xem thêm\" (exact-class): +1 (total 1)", "data": {"w": 0}, "seq": 14874}
{"ts": "2026-05-01T08:25:48.256171+00:00", "level": "INFO", "jobId": "5e4bb7e0-0df2-4233-ad1b-49cdbba118a9", "keyword": "khai trương", "step": "capture", "message": "Saved post_045.png", "data": {"w": 0}, "seq": 14879}
{"ts": "2026-05-01T08:25:48.256691+00:00", "level": "INFO", "jobId": "5e4bb7e0-0df2-4233-ad1b-49cdbba118a9", "keyword": "khai trương", "step": "cooldown", "message": "Cooldown 2.9s (after capture)", "data": {"w": 0}, "seq": 14880}
{"ts": "2026-05-01T08:25:52.549034+00:00", "level": "INFO", "jobId": "5e4bb7e0-0df2-4233-ad1b-49cdbba118a9", "keyword": "khai trương", "step": "heartbeat", "message": "Worker alive", "data": {"w": 0, "elapsed_s": 828}, "seq": 14881}
{"ts": "2026-05-01T08:25:52.550959+00:00", "level": "INFO", "jobId": "5e4bb7e0-0df2-4233-ad1b-49cdbba118a9", "keyword": "khai trương", "step": "capture", "message": "Capturing 46/∞ (viewport)…", "data": {"w": 0}, "seq": 14882}
{"ts": "2026-05-01T08:26:05.889092+00:00", "level": "INFO", "jobId": "5e4bb7e0-0df2-4233-ad1b-49cdbba118a9", "keyword": "khai trương", "step": "capture", "message": "Saved post_046.png", "data": {"w": 0}, "seq": 14888}
{"ts": "2026-05-01T08:26:05.894120+00:00", "level": "INFO", "jobId": "5e4bb7e0-0df2-4233-ad1b-49cdbba118a9", "keyword": "khai trương", "step": "cooldown", "message": "Cooldown 1.8s (after capture)", "data": {"w": 0}, "seq": 14889}
{"ts": "2026-05-01T08:26:08.399169+00:00", "level": "INFO", "jobId": "5e4bb7e0-0df2-4233-ad1b-49cdbba118a9", "keyword": "khai trương", "step": "heartbeat", "message": "Worker alive", "data": {"w": 0, "elapsed_s": 844}, "seq": 14890}
{"ts": "2026-05-01T08:26:08.400639+00:00", "level": "INFO", "jobId": "5e4bb7e0-0df2-4233-ad1b-49cdbba118a9", "keyword": "khai trương", "step": "capture", "message": "Capturing 47/∞ (viewport)…", "data": {"w": 0}, "seq": 14891}
{"ts": "2026-05-01T08:26:08.694938+00:00", "level": "INFO", "jobId": "5e4bb7e0-0df2-4233-ad1b-49cdbba118a9", "keyword": "khai trương", "step": "capture", "message": "Expanded \"Xem thêm\" (exact-class): +1 (total 1)", "data": {"w": 0}, "seq": 14892}
{"ts": "2026-05-01T08:26:22.304639+00:00", "level": "INFO", "jobId": "5e4bb7e0-0df2-4233-ad1b-49cdbba118a9", "keyword": "khai trương", "step": "capture", "message": "Saved post_047.png", "data": {"w": 0}, "seq": 14897}
{"ts": "2026-05-01T08:26:22.305639+00:00", "level": "INFO", "jobId": "5e4bb7e0-0df2-4233-ad1b-49cdbba118a9", "keyword": "khai trương", "step": "cooldown", "message": "Cooldown 1.1s (after capture)", "data": {"w": 0}, "seq": 14898}
{"ts": "2026-05-01T08:26:24.480383+00:00", "level": "INFO", "jobId": "5e4bb7e0-0df2-4233-ad1b-49cdbba118a9", "keyword": "khai trương", "step": "heartbeat", "message": "Worker alive", "data": {"w": 0, "elapsed_s": 860}, "seq": 14899}
{"ts": "2026-05-01T08:26:24.481730+00:00", "level": "INFO", "jobId": "5e4bb7e0-0df2-4233-ad1b-49cdbba118a9", "keyword": "khai trương", "step": "capture", "message": "Capturing 48/∞ (viewport)…", "data": {"w": 0}, "seq": 14900}
{"ts": "2026-05-01T08:26:25.718920+00:00", "level": "INFO", "jobId": "5e4bb7e0-0df2-4233-ad1b-49cdbba118a9", "keyword": "khai trương", "step": "capture", "message": "Expanded \"Xem thêm\" (exact-class): +1 (total 1)", "data": {"w": 0}, "seq": 14901}
{"ts": "2026-05-01T08:26:39.028126+00:00", "level": "INFO", "jobId": "5e4bb7e0-0df2-4233-ad1b-49cdbba118a9", "keyword": "khai trương", "step": "capture", "message": "Saved post_048.png", "data": {"w": 0}, "seq": 14907}
{"ts": "2026-05-01T08:26:39.028126+00:00", "level": "INFO", "jobId": "5e4bb7e0-0df2-4233-ad1b-49cdbba118a9", "keyword": "khai trương", "step": "cooldown", "message": "Cooldown 2.7s (after capture)", "data": {"w": 0}, "seq": 14908}
{"ts": "2026-05-01T08:26:42.303376+00:00", "level": "INFO", "jobId": "5e4bb7e0-0df2-4233-ad1b-49cdbba118a9", "keyword": "khai trương", "step": "heartbeat", "message": "Worker alive", "data": {"w": 0, "elapsed_s": 878}, "seq": 14909}
{"ts": "2026-05-01T08:26:42.303376+00:00", "level": "INFO", "jobId": "5e4bb7e0-0df2-4233-ad1b-49cdbba118a9", "keyword": "khai trương", "step": "capture", "message": "Capturing 49/∞ (viewport)…", "data": {"w": 0}, "seq": 14910}
{"ts": "2026-05-01T08:26:42.427687+00:00", "level": "INFO", "jobId": "5e4bb7e0-0df2-4233-ad1b-49cdbba118a9", "keyword": "khai trương", "step": "capture", "message": "Expanded \"Xem thêm\" (exact-class): +1 (total 1)", "data": {"w": 0}, "seq": 14911}
{"ts": "2026-05-01T08:26:55.438046+00:00", "level": "INFO", "jobId": "5e4bb7e0-0df2-4233-ad1b-49cdbba118a9", "keyword": "khai trương", "step": "capture", "message": "Saved post_049.png", "data": {"w": 0}, "seq": 14917}
{"ts": "2026-05-01T08:26:55.440552+00:00", "level": "INFO", "jobId": "5e4bb7e0-0df2-4233-ad1b-49cdbba118a9", "keyword": "khai trương", "step": "cooldown", "message": "Cooldown 2.8s (after capture)", "data": {"w": 0}, "seq": 14918}
{"ts": "2026-05-01T08:26:58.876694+00:00", "level": "INFO", "jobId": "5e4bb7e0-0df2-4233-ad1b-49cdbba118a9", "keyword": "khai trương", "step": "heartbeat", "message": "Worker alive", "data": {"w": 0, "elapsed_s": 895}, "seq": 14919}
{"ts": "2026-05-01T08:26:58.887059+00:00", "level": "INFO", "jobId": "5e4bb7e0-0df2-4233-ad1b-49cdbba118a9", "keyword": "khai trương", "step": "capture", "message": "Capturing 50/∞ (viewport)…", "data": {"w": 0}, "seq": 14920}
{"ts": "2026-05-01T08:27:03.977102+00:00", "level": "ERROR", "jobId": "5e4bb7e0-0df2-4233-ad1b-49cdbba118a9", "keyword": "khai trương", "step": "watchdog", "message": "Hard-timeout exceeded (900s). Will stop this job to prevent hanging.", "data": {"w": 0, "elapsed_s": 900, "hard_timeout_s": 900}, "seq": 14925}
{"ts": "2026-05-01T08:27:04.372635+00:00", "level": "INFO", "jobId": "5e4bb7e0-0df2-4233-ad1b-49cdbba118a9", "keyword": "khai trương", "step": "capture", "message": "Saved post_050.png", "data": {"w": 0}, "seq": 14927}
{"ts": "2026-05-01T08:27:04.372635+00:00", "level": "INFO", "jobId": "5e4bb7e0-0df2-4233-ad1b-49cdbba118a9", "keyword": "khai trương", "step": "cooldown", "message": "Cooldown 2.6s (after capture)", "data": {"w": 0}, "seq": 14928}
{"ts": "2026-05-01T08:27:07.556998+00:00", "level": "ERROR", "jobId": "5e4bb7e0-0df2-4233-ad1b-49cdbba118a9", "keyword": "khai trương", "step": "watchdog", "message": "Hard-timeout exceeded (900s). Will stop this job to prevent hanging.", "data": {"w": 0, "elapsed_s": 903, "hard_timeout_s": 900}, "seq": 14935}
{"ts": "2026-05-01T08:27:07.556998+00:00", "level": "INFO", "jobId": "5e4bb7e0-0df2-4233-ad1b-49cdbba118a9", "keyword": "khai trương", "step": "cancel", "message": "Cancel requested.", "data": {"w": 0}, "seq": 14936}
{"ts": "2026-05-01T08:27:07.556998+00:00", "level": "INFO", "jobId": "5e4bb7e0-0df2-4233-ad1b-49cdbba118a9", "keyword": "khai trương", "step": "capture", "message": "Capture loop finished (unlimited). Saved=50", "data": {"w": 0}, "seq": 14937}
{"ts": "2026-05-01T08:27:07.556998+00:00", "level": "ERROR", "jobId": "5e4bb7e0-0df2-4233-ad1b-49cdbba118a9", "keyword": "khai trương", "step": "watchdog", "message": "Job marked error due to hard-timeout. Relaunching browser.", "data": {"w": 0}, "seq": 14938}
