{"ts": "2026-05-01T15:40:56.063153+00:00", "level": "INFO", "jobId": "5ffb982b-439b-4419-a63b-c7277deea3cd", "keyword": "khai trương", "step": "created", "message": "Job created", "data": {"maxPosts": "unlimited"}, "seq": 24479}
{"ts": "2026-05-01T15:40:56.549547+00:00", "level": "INFO", "jobId": "5ffb982b-439b-4419-a63b-c7277deea3cd", "keyword": "khai trương", "step": "start", "message": "Job started (attempt 1/1)", "data": {"w": 0}, "seq": 24486}
{"ts": "2026-05-01T15:41:14.972211+00:00", "level": "INFO", "jobId": "5ffb982b-439b-4419-a63b-c7277deea3cd", "keyword": "khai trương", "step": "login", "message": "Already logged in (home).", "data": {"w": 0}, "seq": 24489}
{"ts": "2026-05-01T15:41:14.978239+00:00", "level": "INFO", "jobId": "5ffb982b-439b-4419-a63b-c7277deea3cd", "keyword": "khai trương", "step": "search", "message": "Searching keyword: \"khai trương\"", "data": {"w": 0}, "seq": 24490}
{"ts": "2026-05-01T15:41:24.562158+00:00", "level": "INFO", "jobId": "5ffb982b-439b-4419-a63b-c7277deea3cd", "keyword": "khai trương", "step": "capture", "message": "Start capturing all posts until end of results.", "data": {"w": 0}, "seq": 24495}
{"ts": "2026-05-01T15:41:24.569128+00:00", "level": "INFO", "jobId": "5ffb982b-439b-4419-a63b-c7277deea3cd", "keyword": "khai trương", "step": "capture", "message": "Output folder: Lan 1 - 2241", "data": {"w": 0}, "seq": 24496}
{"ts": "2026-05-01T15:41:41.850392+00:00", "level": "INFO", "jobId": "5ffb982b-439b-4419-a63b-c7277deea3cd", "keyword": "khai trương", "step": "capture", "message": "Capturing posinset=1 (1/∞)…", "data": {"w": 0}, "seq": 24502}
{"ts": "2026-05-01T15:41:44.379901+00:00", "level": "INFO", "jobId": "5ffb982b-439b-4419-a63b-c7277deea3cd", "keyword": "khai trương", "step": "capture", "message": "Saved post_001.png (posinset=1)", "data": {"w": 0}, "seq": 24506}
{"ts": "2026-05-01T15:41:44.384873+00:00", "level": "INFO", "jobId": "5ffb982b-439b-4419-a63b-c7277deea3cd", "keyword": "khai trương", "step": "cooldown", "message": "Cooldown 1.0s (after capture)", "data": {"w": 0}, "seq": 24507}
{"ts": "2026-05-01T15:41:45.422749+00:00", "level": "INFO", "jobId": "5ffb982b-439b-4419-a63b-c7277deea3cd", "keyword": "khai trương", "step": "capture", "message": "Capturing posinset=2 (2/∞)…", "data": {"w": 0}, "seq": 24511}
{"ts": "2026-05-01T15:41:46.733306+00:00", "level": "INFO", "jobId": "5ffb982b-439b-4419-a63b-c7277deea3cd", "keyword": "khai trương", "step": "capture", "message": "Saved post_002.png (posinset=2)", "data": {"w": 0}, "seq": 24515}
{"ts": "2026-05-01T15:41:46.736118+00:00", "level": "INFO", "jobId": "5ffb982b-439b-4419-a63b-c7277deea3cd", "keyword": "khai trương", "step": "cooldown", "message": "Cooldown 1.0s (after capture)", "data": {"w": 0}, "seq": 24516}
{"ts": "2026-05-01T15:41:47.750854+00:00", "level": "INFO", "jobId": "5ffb982b-439b-4419-a63b-c7277deea3cd", "keyword": "khai trương", "step": "capture", "message": "Capturing posinset=3 (3/∞)…", "data": {"w": 0}, "seq": 24520}
{"ts": "2026-05-01T15:41:48.904939+00:00", "level": "INFO", "jobId": "5ffb982b-439b-4419-a63b-c7277deea3cd", "keyword": "khai trương", "step": "capture", "message": "Saved post_003.png (posinset=3)", "data": {"w": 0}, "seq": 24524}
{"ts": "2026-05-01T15:41:48.906258+00:00", "level": "INFO", "jobId": "5ffb982b-439b-4419-a63b-c7277deea3cd", "keyword": "khai trương", "step": "cooldown", "message": "Cooldown 1.0s (after capture)", "data": {"w": 0}, "seq": 24525}
{"ts": "2026-05-01T15:41:49.911688+00:00", "level": "INFO", "jobId": "5ffb982b-439b-4419-a63b-c7277deea3cd", "keyword": "khai trương", "step": "capture", "message": "Capturing posinset=4 (4/∞)…", "data": {"w": 0}, "seq": 24529}
{"ts": "2026-05-01T15:41:50.804382+00:00", "level": "INFO", "jobId": "5ffb982b-439b-4419-a63b-c7277deea3cd", "keyword": "khai trương", "step": "capture", "message": "Saved post_004.png (posinset=4)", "data": {"w": 0}, "seq": 24533}
{"ts": "2026-05-01T15:41:50.804382+00:00", "level": "INFO", "jobId": "5ffb982b-439b-4419-a63b-c7277deea3cd", "keyword": "khai trương", "step": "cooldown", "message": "Cooldown 1.0s (after capture)", "data": {"w": 0}, "seq": 24534}
{"ts": "2026-05-01T15:41:51.819047+00:00", "level": "INFO", "jobId": "5ffb982b-439b-4419-a63b-c7277deea3cd", "keyword": "khai trương", "step": "capture", "message": "Capturing posinset=5 (5/∞)…", "data": {"w": 0}, "seq": 24538}
{"ts": "2026-05-01T15:41:53.039091+00:00", "level": "INFO", "jobId": "5ffb982b-439b-4419-a63b-c7277deea3cd", "keyword": "khai trương", "step": "capture", "message": "Saved post_005.png (posinset=5)", "data": {"w": 0}, "seq": 24542}
{"ts": "2026-05-01T15:41:53.040417+00:00", "level": "INFO", "jobId": "5ffb982b-439b-4419-a63b-c7277deea3cd", "keyword": "khai trương", "step": "cooldown", "message": "Cooldown 1.0s (after capture)", "data": {"w": 0}, "seq": 24543}
{"ts": "2026-05-01T15:41:54.058685+00:00", "level": "INFO", "jobId": "5ffb982b-439b-4419-a63b-c7277deea3cd", "keyword": "khai trương", "step": "capture", "message": "Capturing posinset=6 (6/∞)…", "data": {"w": 0}, "seq": 24547}
{"ts": "2026-05-01T15:41:55.014300+00:00", "level": "INFO", "jobId": "5ffb982b-439b-4419-a63b-c7277deea3cd", "keyword": "khai trương", "step": "capture", "message": "Saved post_006.png (posinset=6)", "data": {"w": 0}, "seq": 24551}
{"ts": "2026-05-01T15:41:55.014300+00:00", "level": "INFO", "jobId": "5ffb982b-439b-4419-a63b-c7277deea3cd", "keyword": "khai trương", "step": "cooldown", "message": "Cooldown 1.0s (after capture)", "data": {"w": 0}, "seq": 24552}
{"ts": "2026-05-01T15:41:56.026544+00:00", "level": "INFO", "jobId": "5ffb982b-439b-4419-a63b-c7277deea3cd", "keyword": "khai trương", "step": "heartbeat", "message": "Worker alive", "data": {"w": 0, "elapsed_s": 59}, "seq": 24557}
{"ts": "2026-05-01T15:41:56.026544+00:00", "level": "INFO", "jobId": "5ffb982b-439b-4419-a63b-c7277deea3cd", "keyword": "khai trương", "step": "capture", "message": "Capturing posinset=7 (7/∞)…", "data": {"w": 0}, "seq": 24558}
{"ts": "2026-05-01T15:41:57.094933+00:00", "level": "INFO", "jobId": "5ffb982b-439b-4419-a63b-c7277deea3cd", "keyword": "khai trương", "step": "capture", "message": "Saved post_007.png (posinset=7)", "data": {"w": 0}, "seq": 24562}
{"ts": "2026-05-01T15:41:57.095936+00:00", "level": "INFO", "jobId": "5ffb982b-439b-4419-a63b-c7277deea3cd", "keyword": "khai trương", "step": "cooldown", "message": "Cooldown 1.0s (after capture)", "data": {"w": 0}, "seq": 24563}
{"ts": "2026-05-01T15:41:58.117875+00:00", "level": "INFO", "jobId": "5ffb982b-439b-4419-a63b-c7277deea3cd", "keyword": "khai trương", "step": "capture", "message": "Capturing posinset=8 (8/∞)…", "data": {"w": 0}, "seq": 24565}
{"ts": "2026-05-01T15:41:59.279562+00:00", "level": "INFO", "jobId": "5ffb982b-439b-4419-a63b-c7277deea3cd", "keyword": "khai trương", "step": "capture", "message": "Saved post_008.png (posinset=8)", "data": {"w": 0}, "seq": 24572}
{"ts": "2026-05-01T15:41:59.281560+00:00", "level": "INFO", "jobId": "5ffb982b-439b-4419-a63b-c7277deea3cd", "keyword": "khai trương", "step": "cooldown", "message": "Cooldown 1.0s (after capture)", "data": {"w": 0}, "seq": 24573}
{"ts": "2026-05-01T15:42:00.307231+00:00", "level": "INFO", "jobId": "5ffb982b-439b-4419-a63b-c7277deea3cd", "keyword": "khai trương", "step": "capture", "message": "Capturing posinset=9 (9/∞)…", "data": {"w": 0}, "seq": 24577}
{"ts": "2026-05-01T15:42:01.698244+00:00", "level": "INFO", "jobId": "5ffb982b-439b-4419-a63b-c7277deea3cd", "keyword": "khai trương", "step": "capture", "message": "Saved post_009.png (posinset=9)", "data": {"w": 0}, "seq": 24580}
{"ts": "2026-05-01T15:42:01.698244+00:00", "level": "INFO", "jobId": "5ffb982b-439b-4419-a63b-c7277deea3cd", "keyword": "khai trương", "step": "cooldown", "message": "Cooldown 1.0s (after capture)", "data": {"w": 0}, "seq": 24581}
{"ts": "2026-05-01T15:42:02.715056+00:00", "level": "INFO", "jobId": "5ffb982b-439b-4419-a63b-c7277deea3cd", "keyword": "khai trương", "step": "capture", "message": "Capturing posinset=10 (10/∞)…", "data": {"w": 0}, "seq": 24583}
{"ts": "2026-05-01T15:42:04.224127+00:00", "level": "INFO", "jobId": "5ffb982b-439b-4419-a63b-c7277deea3cd", "keyword": "khai trương", "step": "capture", "message": "Saved post_010.png (posinset=10)", "data": {"w": 0}, "seq": 24588}
{"ts": "2026-05-01T15:42:04.226277+00:00", "level": "INFO", "jobId": "5ffb982b-439b-4419-a63b-c7277deea3cd", "keyword": "khai trương", "step": "cooldown", "message": "Cooldown 1.0s (after capture)", "data": {"w": 0}, "seq": 24589}
{"ts": "2026-05-01T15:42:05.240818+00:00", "level": "INFO", "jobId": "5ffb982b-439b-4419-a63b-c7277deea3cd", "keyword": "khai trương", "step": "capture", "message": "Capturing posinset=11 (11/∞)…", "data": {"w": 0}, "seq": 24590}
{"ts": "2026-05-01T15:42:06.375744+00:00", "level": "INFO", "jobId": "5ffb982b-439b-4419-a63b-c7277deea3cd", "keyword": "khai trương", "step": "capture", "message": "Capturing posinset=11 (11/∞)…", "data": {"w": 0}, "seq": 24591}
{"ts": "2026-05-01T15:42:08.759691+00:00", "level": "INFO", "jobId": "5ffb982b-439b-4419-a63b-c7277deea3cd", "keyword": "khai trương", "step": "capture", "message": "Capturing posinset=11 (11/∞)…", "data": {"w": 0}, "seq": 24594}
{"ts": "2026-05-01T15:42:09.194164+00:00", "level": "WARN", "jobId": "5ffb982b-439b-4419-a63b-c7277deea3cd", "keyword": "khai trương", "step": "retry", "message": "Element timeout: scroll_into_view timeout for posinset=11: element not visible after retries", "data": {"w": 0}, "seq": 24597}
