{"ts": "2026-05-01T15:51:32.203629+00:00", "level": "INFO", "jobId": "62222318-9407-48bb-bb42-0991b1db822e", "keyword": "khai trương đặc biệt", "step": "created", "message": "Job created", "data": {"maxPosts": "unlimited"}, "seq": 25544}
{"ts": "2026-05-01T16:47:54.421055+00:00", "level": "INFO", "jobId": "62222318-9407-48bb-bb42-0991b1db822e", "keyword": "khai trương đặc biệt", "step": "start", "message": "Job started (attempt 1/1)", "data": {"w": 0}, "seq": 31571}
{"ts": "2026-05-01T16:48:01.926458+00:00", "level": "INFO", "jobId": "62222318-9407-48bb-bb42-0991b1db822e", "keyword": "khai trương đặc biệt", "step": "login", "message": "Already logged in (home).", "data": {"w": 0}, "seq": 31582}
{"ts": "2026-05-01T16:48:01.932106+00:00", "level": "INFO", "jobId": "62222318-9407-48bb-bb42-0991b1db822e", "keyword": "khai trương đặc biệt", "step": "search", "message": "Searching keyword: \"khai trương đặc biệt\"", "data": {"w": 0}, "seq": 31583}
{"ts": "2026-05-01T16:48:07.545877+00:00", "level": "INFO", "jobId": "62222318-9407-48bb-bb42-0991b1db822e", "keyword": "khai trương đặc biệt", "step": "capture", "message": "Start capturing all posts until end of results.", "data": {"w": 0}, "seq": 31584}
{"ts": "2026-05-01T16:48:07.549876+00:00", "level": "INFO", "jobId": "62222318-9407-48bb-bb42-0991b1db822e", "keyword": "khai trương đặc biệt", "step": "capture", "message": "Output folder: Lan 1 - 2348", "data": {"w": 0}, "seq": 31585}
{"ts": "2026-05-01T16:48:19.903102+00:00", "level": "INFO", "jobId": "62222318-9407-48bb-bb42-0991b1db822e", "keyword": "khai trương đặc biệt", "step": "capture", "message": "Guard: forcing top before first capture (y=3771, primary=0)", "data": {"w": 0}, "seq": 31590}
{"ts": "2026-05-01T16:48:20.917384+00:00", "level": "INFO", "jobId": "62222318-9407-48bb-bb42-0991b1db822e", "keyword": "khai trương đặc biệt", "step": "capture", "message": "Capturing posinset=1 (1/∞)…", "data": {"w": 0}, "seq": 31592}
{"ts": "2026-05-01T16:48:22.965143+00:00", "level": "INFO", "jobId": "62222318-9407-48bb-bb42-0991b1db822e", "keyword": "khai trương đặc biệt", "step": "capture", "message": "Saved post_001.png (posinset=1)", "data": {"w": 0}, "seq": 31594}
{"ts": "2026-05-01T16:48:22.965143+00:00", "level": "INFO", "jobId": "62222318-9407-48bb-bb42-0991b1db822e", "keyword": "khai trương đặc biệt", "step": "cooldown", "message": "Cooldown 1.0s (after capture)", "data": {"w": 0}, "seq": 31595}
{"ts": "2026-05-01T16:48:24.009008+00:00", "level": "INFO", "jobId": "62222318-9407-48bb-bb42-0991b1db822e", "keyword": "khai trương đặc biệt", "step": "capture", "message": "Capturing posinset=2 (2/∞)…", "data": {"w": 0}, "seq": 31596}
{"ts": "2026-05-01T16:48:25.332046+00:00", "level": "INFO", "jobId": "62222318-9407-48bb-bb42-0991b1db822e", "keyword": "khai trương đặc biệt", "step": "capture", "message": "Saved post_002.png (posinset=2)", "data": {"w": 0}, "seq": 31598}
{"ts": "2026-05-01T16:48:25.332046+00:00", "level": "INFO", "jobId": "62222318-9407-48bb-bb42-0991b1db822e", "keyword": "khai trương đặc biệt", "step": "cooldown", "message": "Cooldown 1.0s (after capture)", "data": {"w": 0}, "seq": 31599}
{"ts": "2026-05-01T16:48:26.350319+00:00", "level": "INFO", "jobId": "62222318-9407-48bb-bb42-0991b1db822e", "keyword": "khai trương đặc biệt", "step": "capture", "message": "Capturing posinset=3 (3/∞)…", "data": {"w": 0}, "seq": 31601}
{"ts": "2026-05-01T16:48:27.554349+00:00", "level": "INFO", "jobId": "62222318-9407-48bb-bb42-0991b1db822e", "keyword": "khai trương đặc biệt", "step": "capture", "message": "Saved post_003.png (posinset=3)", "data": {"w": 0}, "seq": 31602}
{"ts": "2026-05-01T16:48:27.555349+00:00", "level": "INFO", "jobId": "62222318-9407-48bb-bb42-0991b1db822e", "keyword": "khai trương đặc biệt", "step": "cooldown", "message": "Cooldown 1.0s (after capture)", "data": {"w": 0}, "seq": 31603}
{"ts": "2026-05-01T16:48:28.557985+00:00", "level": "INFO", "jobId": "62222318-9407-48bb-bb42-0991b1db822e", "keyword": "khai trương đặc biệt", "step": "capture", "message": "Capturing posinset=4 (4/∞)…", "data": {"w": 0}, "seq": 31605}
{"ts": "2026-05-01T16:48:29.826971+00:00", "level": "INFO", "jobId": "62222318-9407-48bb-bb42-0991b1db822e", "keyword": "khai trương đặc biệt", "step": "capture", "message": "Saved post_004.png (posinset=4)", "data": {"w": 0}, "seq": 31609}
{"ts": "2026-05-01T16:48:29.829240+00:00", "level": "INFO", "jobId": "62222318-9407-48bb-bb42-0991b1db822e", "keyword": "khai trương đặc biệt", "step": "cooldown", "message": "Cooldown 1.0s (after capture)", "data": {"w": 0}, "seq": 31610}
{"ts": "2026-05-01T16:48:30.851631+00:00", "level": "INFO", "jobId": "62222318-9407-48bb-bb42-0991b1db822e", "keyword": "khai trương đặc biệt", "step": "capture", "message": "Capturing posinset=5 (5/∞)…", "data": {"w": 0}, "seq": 31613}
{"ts": "2026-05-01T16:48:32.267508+00:00", "level": "INFO", "jobId": "62222318-9407-48bb-bb42-0991b1db822e", "keyword": "khai trương đặc biệt", "step": "capture", "message": "Saved post_005.png (posinset=5)", "data": {"w": 0}, "seq": 31615}
{"ts": "2026-05-01T16:48:32.268819+00:00", "level": "INFO", "jobId": "62222318-9407-48bb-bb42-0991b1db822e", "keyword": "khai trương đặc biệt", "step": "cooldown", "message": "Cooldown 1.0s (after capture)", "data": {"w": 0}, "seq": 31616}
{"ts": "2026-05-01T16:48:33.281007+00:00", "level": "INFO", "jobId": "62222318-9407-48bb-bb42-0991b1db822e", "keyword": "khai trương đặc biệt", "step": "heartbeat", "message": "Worker alive", "data": {"w": 0, "elapsed_s": 38}, "seq": 31618}
{"ts": "2026-05-01T16:48:33.283217+00:00", "level": "INFO", "jobId": "62222318-9407-48bb-bb42-0991b1db822e", "keyword": "khai trương đặc biệt", "step": "capture", "message": "Capturing posinset=6 (6/∞)…", "data": {"w": 0}, "seq": 31619}
{"ts": "2026-05-01T16:48:34.435538+00:00", "level": "INFO", "jobId": "62222318-9407-48bb-bb42-0991b1db822e", "keyword": "khai trương đặc biệt", "step": "capture", "message": "Saved post_006.png (posinset=6)", "data": {"w": 0}, "seq": 31620}
{"ts": "2026-05-01T16:48:34.436631+00:00", "level": "INFO", "jobId": "62222318-9407-48bb-bb42-0991b1db822e", "keyword": "khai trương đặc biệt", "step": "cooldown", "message": "Cooldown 1.0s (after capture)", "data": {"w": 0}, "seq": 31621}
{"ts": "2026-05-01T16:48:35.450450+00:00", "level": "INFO", "jobId": "62222318-9407-48bb-bb42-0991b1db822e", "keyword": "khai trương đặc biệt", "step": "capture", "message": "Capturing posinset=7 (7/∞)…", "data": {"w": 0}, "seq": 31624}
{"ts": "2026-05-01T16:48:36.849675+00:00", "level": "INFO", "jobId": "62222318-9407-48bb-bb42-0991b1db822e", "keyword": "khai trương đặc biệt", "step": "capture", "message": "Saved post_007.png (posinset=7)", "data": {"w": 0}, "seq": 31626}
{"ts": "2026-05-01T16:48:36.850996+00:00", "level": "INFO", "jobId": "62222318-9407-48bb-bb42-0991b1db822e", "keyword": "khai trương đặc biệt", "step": "cooldown", "message": "Cooldown 1.0s (after capture)", "data": {"w": 0}, "seq": 31627}
{"ts": "2026-05-01T16:48:37.864854+00:00", "level": "INFO", "jobId": "62222318-9407-48bb-bb42-0991b1db822e", "keyword": "khai trương đặc biệt", "step": "capture", "message": "Capturing posinset=8 (8/∞)…", "data": {"w": 0}, "seq": 31628}
{"ts": "2026-05-01T16:48:39.205954+00:00", "level": "INFO", "jobId": "62222318-9407-48bb-bb42-0991b1db822e", "keyword": "khai trương đặc biệt", "step": "capture", "message": "Saved post_008.png (posinset=8)", "data": {"w": 0}, "seq": 31630}
{"ts": "2026-05-01T16:48:39.206960+00:00", "level": "INFO", "jobId": "62222318-9407-48bb-bb42-0991b1db822e", "keyword": "khai trương đặc biệt", "step": "cooldown", "message": "Cooldown 1.0s (after capture)", "data": {"w": 0}, "seq": 31631}
{"ts": "2026-05-01T16:48:40.230073+00:00", "level": "INFO", "jobId": "62222318-9407-48bb-bb42-0991b1db822e", "keyword": "khai trương đặc biệt", "step": "capture", "message": "Capturing posinset=9 (9/∞)…", "data": {"w": 0}, "seq": 31633}
{"ts": "2026-05-01T16:48:41.647551+00:00", "level": "INFO", "jobId": "62222318-9407-48bb-bb42-0991b1db822e", "keyword": "khai trương đặc biệt", "step": "capture", "message": "Saved post_009.png (posinset=9)", "data": {"w": 0}, "seq": 31635}
{"ts": "2026-05-01T16:48:41.648562+00:00", "level": "INFO", "jobId": "62222318-9407-48bb-bb42-0991b1db822e", "keyword": "khai trương đặc biệt", "step": "cooldown", "message": "Cooldown 1.0s (after capture)", "data": {"w": 0}, "seq": 31636}
{"ts": "2026-05-01T16:48:43.107576+00:00", "level": "INFO", "jobId": "62222318-9407-48bb-bb42-0991b1db822e", "keyword": "khai trương đặc biệt", "step": "capture", "message": "Capturing posinset=10 (10/∞)…", "data": {"w": 0}, "seq": 31637}
{"ts": "2026-05-01T16:48:45.185994+00:00", "level": "INFO", "jobId": "62222318-9407-48bb-bb42-0991b1db822e", "keyword": "khai trương đặc biệt", "step": "capture", "message": "Saved post_010.png (posinset=10)", "data": {"w": 0}, "seq": 31639}
{"ts": "2026-05-01T16:48:45.188528+00:00", "level": "INFO", "jobId": "62222318-9407-48bb-bb42-0991b1db822e", "keyword": "khai trương đặc biệt", "step": "cooldown", "message": "Cooldown 1.0s (after capture)", "data": {"w": 0}, "seq": 31640}
{"ts": "2026-05-01T16:48:46.215275+00:00", "level": "INFO", "jobId": "62222318-9407-48bb-bb42-0991b1db822e", "keyword": "khai trương đặc biệt", "step": "capture", "message": "Capturing posinset=11 (11/∞)…", "data": {"w": 0}, "seq": 31641}
{"ts": "2026-05-01T16:48:48.440141+00:00", "level": "INFO", "jobId": "62222318-9407-48bb-bb42-0991b1db822e", "keyword": "khai trương đặc biệt", "step": "capture", "message": "Saved post_011.png (posinset=11)", "data": {"w": 0}, "seq": 31643}
{"ts": "2026-05-01T16:48:48.442139+00:00", "level": "INFO", "jobId": "62222318-9407-48bb-bb42-0991b1db822e", "keyword": "khai trương đặc biệt", "step": "cooldown", "message": "Cooldown 1.0s (after capture)", "data": {"w": 0}, "seq": 31644}
{"ts": "2026-05-01T16:48:49.463908+00:00", "level": "INFO", "jobId": "62222318-9407-48bb-bb42-0991b1db822e", "keyword": "khai trương đặc biệt", "step": "heartbeat", "message": "Worker alive", "data": {"w": 0, "elapsed_s": 55}, "seq": 31645}
{"ts": "2026-05-01T16:48:49.465011+00:00", "level": "INFO", "jobId": "62222318-9407-48bb-bb42-0991b1db822e", "keyword": "khai trương đặc biệt", "step": "capture", "message": "Capturing posinset=12 (12/∞)…", "data": {"w": 0}, "seq": 31646}
{"ts": "2026-05-01T16:48:50.913168+00:00", "level": "INFO", "jobId": "62222318-9407-48bb-bb42-0991b1db822e", "keyword": "khai trương đặc biệt", "step": "capture", "message": "Saved post_012.png (posinset=12)", "data": {"w": 0}, "seq": 31647}
{"ts": "2026-05-01T16:48:50.922159+00:00", "level": "INFO", "jobId": "62222318-9407-48bb-bb42-0991b1db822e", "keyword": "khai trương đặc biệt", "step": "cooldown", "message": "Cooldown 1.0s (after capture)", "data": {"w": 0}, "seq": 31648}
{"ts": "2026-05-01T16:48:51.947422+00:00", "level": "INFO", "jobId": "62222318-9407-48bb-bb42-0991b1db822e", "keyword": "khai trương đặc biệt", "step": "capture", "message": "Capturing posinset=13 (13/∞)…", "data": {"w": 0}, "seq": 31651}
{"ts": "2026-05-01T16:48:53.562096+00:00", "level": "INFO", "jobId": "62222318-9407-48bb-bb42-0991b1db822e", "keyword": "khai trương đặc biệt", "step": "capture", "message": "Saved post_013.png (posinset=13)", "data": {"w": 0}, "seq": 31654}
{"ts": "2026-05-01T16:48:53.563096+00:00", "level": "INFO", "jobId": "62222318-9407-48bb-bb42-0991b1db822e", "keyword": "khai trương đặc biệt", "step": "cooldown", "message": "Cooldown 1.0s (after capture)", "data": {"w": 0}, "seq": 31655}
{"ts": "2026-05-01T16:48:54.585051+00:00", "level": "INFO", "jobId": "62222318-9407-48bb-bb42-0991b1db822e", "keyword": "khai trương đặc biệt", "step": "capture", "message": "Capturing posinset=14 (14/∞)…", "data": {"w": 0}, "seq": 31656}
{"ts": "2026-05-01T16:48:55.883907+00:00", "level": "INFO", "jobId": "62222318-9407-48bb-bb42-0991b1db822e", "keyword": "khai trương đặc biệt", "step": "capture", "message": "Saved post_014.png (posinset=14)", "data": {"w": 0}, "seq": 31660}
{"ts": "2026-05-01T16:48:55.884911+00:00", "level": "INFO", "jobId": "62222318-9407-48bb-bb42-0991b1db822e", "keyword": "khai trương đặc biệt", "step": "cooldown", "message": "Cooldown 1.0s (after capture)", "data": {"w": 0}, "seq": 31661}
{"ts": "2026-05-01T16:48:56.914046+00:00", "level": "INFO", "jobId": "62222318-9407-48bb-bb42-0991b1db822e", "keyword": "khai trương đặc biệt", "step": "capture", "message": "Capturing posinset=15 (15/∞)…", "data": {"w": 0}, "seq": 31662}
{"ts": "2026-05-01T16:48:58.394918+00:00", "level": "INFO", "jobId": "62222318-9407-48bb-bb42-0991b1db822e", "keyword": "khai trương đặc biệt", "step": "capture", "message": "Saved post_015.png (posinset=15)", "data": {"w": 0}, "seq": 31665}
{"ts": "2026-05-01T16:48:58.396372+00:00", "level": "INFO", "jobId": "62222318-9407-48bb-bb42-0991b1db822e", "keyword": "khai trương đặc biệt", "step": "cooldown", "message": "Cooldown 1.0s (after capture)", "data": {"w": 0}, "seq": 31666}
{"ts": "2026-05-01T16:48:59.718409+00:00", "level": "INFO", "jobId": "62222318-9407-48bb-bb42-0991b1db822e", "keyword": "khai trương đặc biệt", "step": "capture", "message": "Capturing posinset=16 (16/∞)…", "data": {"w": 0}, "seq": 31670}
{"ts": "2026-05-01T16:49:02.681360+00:00", "level": "INFO", "jobId": "62222318-9407-48bb-bb42-0991b1db822e", "keyword": "khai trương đặc biệt", "step": "capture", "message": "Saved post_016.png (posinset=16)", "data": {"w": 0}, "seq": 31675}
{"ts": "2026-05-01T16:49:02.682435+00:00", "level": "INFO", "jobId": "62222318-9407-48bb-bb42-0991b1db822e", "keyword": "khai trương đặc biệt", "step": "cooldown", "message": "Cooldown 1.0s (after capture)", "data": {"w": 0}, "seq": 31676}
{"ts": "2026-05-01T16:49:03.759252+00:00", "level": "INFO", "jobId": "62222318-9407-48bb-bb42-0991b1db822e", "keyword": "khai trương đặc biệt", "step": "capture", "message": "Capturing posinset=17 (17/∞)…", "data": {"w": 0}, "seq": 31678}
{"ts": "2026-05-01T16:49:05.537920+00:00", "level": "INFO", "jobId": "62222318-9407-48bb-bb42-0991b1db822e", "keyword": "khai trương đặc biệt", "step": "capture", "message": "Saved post_017.png (posinset=17)", "data": {"w": 0}, "seq": 31681}
{"ts": "2026-05-01T16:49:05.538918+00:00", "level": "INFO", "jobId": "62222318-9407-48bb-bb42-0991b1db822e", "keyword": "khai trương đặc biệt", "step": "cooldown", "message": "Cooldown 1.0s (after capture)", "data": {"w": 0}, "seq": 31682}
{"ts": "2026-05-01T16:49:06.613816+00:00", "level": "INFO", "jobId": "62222318-9407-48bb-bb42-0991b1db822e", "keyword": "khai trương đặc biệt", "step": "heartbeat", "message": "Worker alive", "data": {"w": 0, "elapsed_s": 72}, "seq": 31684}
{"ts": "2026-05-01T16:49:06.615824+00:00", "level": "INFO", "jobId": "62222318-9407-48bb-bb42-0991b1db822e", "keyword": "khai trương đặc biệt", "step": "capture", "message": "Capturing posinset=18 (18/∞)…", "data": {"w": 0}, "seq": 31685}
{"ts": "2026-05-01T16:49:10.205481+00:00", "level": "INFO", "jobId": "62222318-9407-48bb-bb42-0991b1db822e", "keyword": "khai trương đặc biệt", "step": "capture", "message": "Saved post_018.png (posinset=18)", "data": {"w": 0}, "seq": 31686}
{"ts": "2026-05-01T16:49:10.207477+00:00", "level": "INFO", "jobId": "62222318-9407-48bb-bb42-0991b1db822e", "keyword": "khai trương đặc biệt", "step": "cooldown", "message": "Cooldown 1.0s (after capture)", "data": {"w": 0}, "seq": 31687}
{"ts": "2026-05-01T16:49:11.231121+00:00", "level": "INFO", "jobId": "62222318-9407-48bb-bb42-0991b1db822e", "keyword": "khai trương đặc biệt", "step": "capture", "message": "Capturing posinset=19 (19/∞)…", "data": {"w": 0}, "seq": 31688}
{"ts": "2026-05-01T16:49:13.033949+00:00", "level": "INFO", "jobId": "62222318-9407-48bb-bb42-0991b1db822e", "keyword": "khai trương đặc biệt", "step": "capture", "message": "Saved post_019.png (posinset=19)", "data": {"w": 0}, "seq": 31691}
{"ts": "2026-05-01T16:49:13.035953+00:00", "level": "INFO", "jobId": "62222318-9407-48bb-bb42-0991b1db822e", "keyword": "khai trương đặc biệt", "step": "cooldown", "message": "Cooldown 1.0s (after capture)", "data": {"w": 0}, "seq": 31692}
{"ts": "2026-05-01T16:49:14.065298+00:00", "level": "INFO", "jobId": "62222318-9407-48bb-bb42-0991b1db822e", "keyword": "khai trương đặc biệt", "step": "capture", "message": "Capturing posinset=20 (20/∞)…", "data": {"w": 0}, "seq": 31693}
{"ts": "2026-05-01T16:49:15.604664+00:00", "level": "INFO", "jobId": "62222318-9407-48bb-bb42-0991b1db822e", "keyword": "khai trương đặc biệt", "step": "capture", "message": "Saved post_020.png (posinset=20)", "data": {"w": 0}, "seq": 31697}
{"ts": "2026-05-01T16:49:15.605938+00:00", "level": "INFO", "jobId": "62222318-9407-48bb-bb42-0991b1db822e", "keyword": "khai trương đặc biệt", "step": "cooldown", "message": "Cooldown 1.0s (after capture)", "data": {"w": 0}, "seq": 31698}
{"ts": "2026-05-01T16:49:16.630508+00:00", "level": "INFO", "jobId": "62222318-9407-48bb-bb42-0991b1db822e", "keyword": "khai trương đặc biệt", "step": "capture", "message": "Capturing posinset=21 (21/∞)…", "data": {"w": 0}, "seq": 31699}
{"ts": "2026-05-01T16:49:20.603488+00:00", "level": "INFO", "jobId": "62222318-9407-48bb-bb42-0991b1db822e", "keyword": "khai trương đặc biệt", "step": "capture", "message": "Capturing posinset=21 (21/∞)…", "data": {"w": 0}, "seq": 31700}
{"ts": "2026-05-01T16:49:22.014571+00:00", "level": "INFO", "jobId": "62222318-9407-48bb-bb42-0991b1db822e", "keyword": "khai trương đặc biệt", "step": "capture", "message": "Saved post_021.png (posinset=21)", "data": {"w": 0}, "seq": 31701}
{"ts": "2026-05-01T16:49:22.026337+00:00", "level": "INFO", "jobId": "62222318-9407-48bb-bb42-0991b1db822e", "keyword": "khai trương đặc biệt", "step": "cooldown", "message": "Cooldown 1.0s (after capture)", "data": {"w": 0}, "seq": 31702}
{"ts": "2026-05-01T16:49:23.045471+00:00", "level": "INFO", "jobId": "62222318-9407-48bb-bb42-0991b1db822e", "keyword": "khai trương đặc biệt", "step": "heartbeat", "message": "Worker alive", "data": {"w": 0, "elapsed_s": 88}, "seq": 31703}
{"ts": "2026-05-01T16:49:23.046538+00:00", "level": "INFO", "jobId": "62222318-9407-48bb-bb42-0991b1db822e", "keyword": "khai trương đặc biệt", "step": "capture", "message": "Capturing posinset=22 (22/∞)…", "data": {"w": 0}, "seq": 31704}
{"ts": "2026-05-01T16:49:24.860237+00:00", "level": "INFO", "jobId": "62222318-9407-48bb-bb42-0991b1db822e", "keyword": "khai trương đặc biệt", "step": "capture", "message": "Saved post_022.png (posinset=22)", "data": {"w": 0}, "seq": 31707}
{"ts": "2026-05-01T16:49:24.861237+00:00", "level": "INFO", "jobId": "62222318-9407-48bb-bb42-0991b1db822e", "keyword": "khai trương đặc biệt", "step": "cooldown", "message": "Cooldown 1.0s (after capture)", "data": {"w": 0}, "seq": 31708}
{"ts": "2026-05-01T16:49:25.883441+00:00", "level": "INFO", "jobId": "62222318-9407-48bb-bb42-0991b1db822e", "keyword": "khai trương đặc biệt", "step": "capture", "message": "Capturing posinset=23 (23/∞)…", "data": {"w": 0}, "seq": 31710}
{"ts": "2026-05-01T16:49:27.961802+00:00", "level": "INFO", "jobId": "62222318-9407-48bb-bb42-0991b1db822e", "keyword": "khai trương đặc biệt", "step": "capture", "message": "Saved post_023.png (posinset=23)", "data": {"w": 0}, "seq": 31711}
{"ts": "2026-05-01T16:49:27.962802+00:00", "level": "INFO", "jobId": "62222318-9407-48bb-bb42-0991b1db822e", "keyword": "khai trương đặc biệt", "step": "cooldown", "message": "Cooldown 1.0s (after capture)", "data": {"w": 0}, "seq": 31712}
{"ts": "2026-05-01T16:49:28.994217+00:00", "level": "INFO", "jobId": "62222318-9407-48bb-bb42-0991b1db822e", "keyword": "khai trương đặc biệt", "step": "capture", "message": "Capturing posinset=24 (24/∞)…", "data": {"w": 0}, "seq": 31715}
{"ts": "2026-05-01T16:49:30.603837+00:00", "level": "INFO", "jobId": "62222318-9407-48bb-bb42-0991b1db822e", "keyword": "khai trương đặc biệt", "step": "capture", "message": "Saved post_024.png (posinset=24)", "data": {"w": 0}, "seq": 31718}
{"ts": "2026-05-01T16:49:30.605843+00:00", "level": "INFO", "jobId": "62222318-9407-48bb-bb42-0991b1db822e", "keyword": "khai trương đặc biệt", "step": "cooldown", "message": "Cooldown 1.0s (after capture)", "data": {"w": 0}, "seq": 31719}
{"ts": "2026-05-01T16:49:31.666857+00:00", "level": "INFO", "jobId": "62222318-9407-48bb-bb42-0991b1db822e", "keyword": "khai trương đặc biệt", "step": "capture", "message": "Capturing posinset=25 (25/∞)…", "data": {"w": 0}, "seq": 31720}
{"ts": "2026-05-01T16:49:34.201218+00:00", "level": "INFO", "jobId": "62222318-9407-48bb-bb42-0991b1db822e", "keyword": "khai trương đặc biệt", "step": "capture", "message": "Saved post_025.png (posinset=25)", "data": {"w": 0}, "seq": 31723}
{"ts": "2026-05-01T16:49:34.203227+00:00", "level": "INFO", "jobId": "62222318-9407-48bb-bb42-0991b1db822e", "keyword": "khai trương đặc biệt", "step": "cooldown", "message": "Cooldown 1.0s (after capture)", "data": {"w": 0}, "seq": 31724}
{"ts": "2026-05-01T16:49:35.221153+00:00", "level": "INFO", "jobId": "62222318-9407-48bb-bb42-0991b1db822e", "keyword": "khai trương đặc biệt", "step": "capture", "message": "Capturing posinset=26 (26/∞)…", "data": {"w": 0}, "seq": 31726}
{"ts": "2026-05-01T16:49:36.833237+00:00", "level": "INFO", "jobId": "62222318-9407-48bb-bb42-0991b1db822e", "keyword": "khai trương đặc biệt", "step": "capture", "message": "Saved post_026.png (posinset=26)", "data": {"w": 0}, "seq": 31727}
{"ts": "2026-05-01T16:49:36.835260+00:00", "level": "INFO", "jobId": "62222318-9407-48bb-bb42-0991b1db822e", "keyword": "khai trương đặc biệt", "step": "cooldown", "message": "Cooldown 1.0s (after capture)", "data": {"w": 0}, "seq": 31728}
{"ts": "2026-05-01T16:49:37.879294+00:00", "level": "INFO", "jobId": "62222318-9407-48bb-bb42-0991b1db822e", "keyword": "khai trương đặc biệt", "step": "capture", "message": "Capturing posinset=27 (27/∞)…", "data": {"w": 0}, "seq": 31731}
{"ts": "2026-05-01T16:49:40.897088+00:00", "level": "INFO", "jobId": "62222318-9407-48bb-bb42-0991b1db822e", "keyword": "khai trương đặc biệt", "step": "capture", "message": "Saved post_027.png (posinset=27)", "data": {"w": 0}, "seq": 31735}
{"ts": "2026-05-01T16:49:40.904410+00:00", "level": "INFO", "jobId": "62222318-9407-48bb-bb42-0991b1db822e", "keyword": "khai trương đặc biệt", "step": "cooldown", "message": "Cooldown 1.0s (after capture)", "data": {"w": 0}, "seq": 31736}
{"ts": "2026-05-01T16:49:41.928449+00:00", "level": "INFO", "jobId": "62222318-9407-48bb-bb42-0991b1db822e", "keyword": "khai trương đặc biệt", "step": "heartbeat", "message": "Worker alive", "data": {"w": 0, "elapsed_s": 107}, "seq": 31740}
{"ts": "2026-05-01T16:49:41.928449+00:00", "level": "INFO", "jobId": "62222318-9407-48bb-bb42-0991b1db822e", "keyword": "khai trương đặc biệt", "step": "capture", "message": "Capturing posinset=28 (28/∞)…", "data": {"w": 0}, "seq": 31741}
{"ts": "2026-05-01T16:49:43.561147+00:00", "level": "INFO", "jobId": "62222318-9407-48bb-bb42-0991b1db822e", "keyword": "khai trương đặc biệt", "step": "capture", "message": "Saved post_028.png (posinset=28)", "data": {"w": 0}, "seq": 31742}
{"ts": "2026-05-01T16:49:43.563280+00:00", "level": "INFO", "jobId": "62222318-9407-48bb-bb42-0991b1db822e", "keyword": "khai trương đặc biệt", "step": "cooldown", "message": "Cooldown 1.0s (after capture)", "data": {"w": 0}, "seq": 31743}
{"ts": "2026-05-01T16:49:45.509486+00:00", "level": "INFO", "jobId": "62222318-9407-48bb-bb42-0991b1db822e", "keyword": "khai trương đặc biệt", "step": "capture", "message": "Capturing posinset=29 (29/∞)…", "data": {"w": 0}, "seq": 31744}
{"ts": "2026-05-01T16:49:48.810804+00:00", "level": "INFO", "jobId": "62222318-9407-48bb-bb42-0991b1db822e", "keyword": "khai trương đặc biệt", "step": "capture", "message": "Saved post_029.png (posinset=29)", "data": {"w": 0}, "seq": 31747}
{"ts": "2026-05-01T16:49:48.811831+00:00", "level": "INFO", "jobId": "62222318-9407-48bb-bb42-0991b1db822e", "keyword": "khai trương đặc biệt", "step": "cooldown", "message": "Cooldown 1.0s (after capture)", "data": {"w": 0}, "seq": 31748}
{"ts": "2026-05-01T16:49:49.860009+00:00", "level": "INFO", "jobId": "62222318-9407-48bb-bb42-0991b1db822e", "keyword": "khai trương đặc biệt", "step": "capture", "message": "Capturing posinset=30 (30/∞)…", "data": {"w": 0}, "seq": 31749}
{"ts": "2026-05-01T16:49:51.711361+00:00", "level": "INFO", "jobId": "62222318-9407-48bb-bb42-0991b1db822e", "keyword": "khai trương đặc biệt", "step": "capture", "message": "Saved post_030.png (posinset=30)", "data": {"w": 0}, "seq": 31750}
{"ts": "2026-05-01T16:49:51.712731+00:00", "level": "INFO", "jobId": "62222318-9407-48bb-bb42-0991b1db822e", "keyword": "khai trương đặc biệt", "step": "cooldown", "message": "Cooldown 1.0s (after capture)", "data": {"w": 0}, "seq": 31751}
{"ts": "2026-05-01T16:49:52.893952+00:00", "level": "INFO", "jobId": "62222318-9407-48bb-bb42-0991b1db822e", "keyword": "khai trương đặc biệt", "step": "capture", "message": "Capturing posinset=31 (31/∞)…", "data": {"w": 0}, "seq": 31752}
{"ts": "2026-05-01T16:49:55.725284+00:00", "level": "INFO", "jobId": "62222318-9407-48bb-bb42-0991b1db822e", "keyword": "khai trương đặc biệt", "step": "capture", "message": "Saved post_031.png (posinset=31)", "data": {"w": 0}, "seq": 31753}
{"ts": "2026-05-01T16:49:55.726597+00:00", "level": "INFO", "jobId": "62222318-9407-48bb-bb42-0991b1db822e", "keyword": "khai trương đặc biệt", "step": "cooldown", "message": "Cooldown 1.0s (after capture)", "data": {"w": 0}, "seq": 31754}
{"ts": "2026-05-01T16:49:56.749480+00:00", "level": "INFO", "jobId": "62222318-9407-48bb-bb42-0991b1db822e", "keyword": "khai trương đặc biệt", "step": "capture", "message": "Capturing posinset=32 (32/∞)…", "data": {"w": 0}, "seq": 31757}
{"ts": "2026-05-01T16:49:58.117833+00:00", "level": "INFO", "jobId": "62222318-9407-48bb-bb42-0991b1db822e", "keyword": "khai trương đặc biệt", "step": "capture", "message": "Saved post_032.png (posinset=32)", "data": {"w": 0}, "seq": 31759}
{"ts": "2026-05-01T16:49:58.120049+00:00", "level": "INFO", "jobId": "62222318-9407-48bb-bb42-0991b1db822e", "keyword": "khai trương đặc biệt", "step": "cooldown", "message": "Cooldown 1.0s (after capture)", "data": {"w": 0}, "seq": 31760}
{"ts": "2026-05-01T16:49:59.140362+00:00", "level": "INFO", "jobId": "62222318-9407-48bb-bb42-0991b1db822e", "keyword": "khai trương đặc biệt", "step": "heartbeat", "message": "Worker alive", "data": {"w": 0, "elapsed_s": 124}, "seq": 31761}
{"ts": "2026-05-01T16:49:59.141835+00:00", "level": "INFO", "jobId": "62222318-9407-48bb-bb42-0991b1db822e", "keyword": "khai trương đặc biệt", "step": "capture", "message": "Capturing posinset=33 (33/∞)…", "data": {"w": 0}, "seq": 31762}
{"ts": "2026-05-01T16:50:01.180842+00:00", "level": "INFO", "jobId": "62222318-9407-48bb-bb42-0991b1db822e", "keyword": "khai trương đặc biệt", "step": "capture", "message": "Saved post_033.png (posinset=33)", "data": {"w": 0}, "seq": 31765}
{"ts": "2026-05-01T16:50:01.182998+00:00", "level": "INFO", "jobId": "62222318-9407-48bb-bb42-0991b1db822e", "keyword": "khai trương đặc biệt", "step": "cooldown", "message": "Cooldown 1.0s (after capture)", "data": {"w": 0}, "seq": 31766}
{"ts": "2026-05-01T16:50:02.214759+00:00", "level": "INFO", "jobId": "62222318-9407-48bb-bb42-0991b1db822e", "keyword": "khai trương đặc biệt", "step": "capture", "message": "Capturing posinset=34 (34/∞)…", "data": {"w": 0}, "seq": 31769}
{"ts": "2026-05-01T16:50:04.036854+00:00", "level": "INFO", "jobId": "62222318-9407-48bb-bb42-0991b1db822e", "keyword": "khai trương đặc biệt", "step": "capture", "message": "Saved post_034.png (posinset=34)", "data": {"w": 0}, "seq": 31772}
{"ts": "2026-05-01T16:50:04.037861+00:00", "level": "INFO", "jobId": "62222318-9407-48bb-bb42-0991b1db822e", "keyword": "khai trương đặc biệt", "step": "cooldown", "message": "Cooldown 1.0s (after capture)", "data": {"w": 0}, "seq": 31773}
{"ts": "2026-05-01T16:50:05.066751+00:00", "level": "INFO", "jobId": "62222318-9407-48bb-bb42-0991b1db822e", "keyword": "khai trương đặc biệt", "step": "capture", "message": "Capturing posinset=35 (35/∞)…", "data": {"w": 0}, "seq": 31775}
{"ts": "2026-05-01T16:50:07.012911+00:00", "level": "INFO", "jobId": "62222318-9407-48bb-bb42-0991b1db822e", "keyword": "khai trương đặc biệt", "step": "capture", "message": "Saved post_035.png (posinset=35)", "data": {"w": 0}, "seq": 31778}
{"ts": "2026-05-01T16:50:07.015486+00:00", "level": "INFO", "jobId": "62222318-9407-48bb-bb42-0991b1db822e", "keyword": "khai trương đặc biệt", "step": "cooldown", "message": "Cooldown 1.0s (after capture)", "data": {"w": 0}, "seq": 31779}
{"ts": "2026-05-01T16:50:08.043696+00:00", "level": "INFO", "jobId": "62222318-9407-48bb-bb42-0991b1db822e", "keyword": "khai trương đặc biệt", "step": "capture", "message": "Capturing posinset=36 (36/∞)…", "data": {"w": 0}, "seq": 31784}
{"ts": "2026-05-01T16:50:09.613084+00:00", "level": "INFO", "jobId": "62222318-9407-48bb-bb42-0991b1db822e", "keyword": "khai trương đặc biệt", "step": "capture", "message": "Saved post_036.png (posinset=36)", "data": {"w": 0}, "seq": 31786}
{"ts": "2026-05-01T16:50:09.614087+00:00", "level": "INFO", "jobId": "62222318-9407-48bb-bb42-0991b1db822e", "keyword": "khai trương đặc biệt", "step": "cooldown", "message": "Cooldown 1.0s (after capture)", "data": {"w": 0}, "seq": 31787}
{"ts": "2026-05-01T16:50:10.649974+00:00", "level": "INFO", "jobId": "62222318-9407-48bb-bb42-0991b1db822e", "keyword": "khai trương đặc biệt", "step": "capture", "message": "Capturing posinset=37 (37/∞)…", "data": {"w": 0}, "seq": 31788}
{"ts": "2026-05-01T16:50:12.352475+00:00", "level": "INFO", "jobId": "62222318-9407-48bb-bb42-0991b1db822e", "keyword": "khai trương đặc biệt", "step": "capture", "message": "Saved post_037.png (posinset=37)", "data": {"w": 0}, "seq": 31791}
{"ts": "2026-05-01T16:50:12.353505+00:00", "level": "INFO", "jobId": "62222318-9407-48bb-bb42-0991b1db822e", "keyword": "khai trương đặc biệt", "step": "cooldown", "message": "Cooldown 1.0s (after capture)", "data": {"w": 0}, "seq": 31792}
{"ts": "2026-05-01T16:50:14.089913+00:00", "level": "INFO", "jobId": "62222318-9407-48bb-bb42-0991b1db822e", "keyword": "khai trương đặc biệt", "step": "capture", "message": "Capturing posinset=38 (38/∞)…", "data": {"w": 0}, "seq": 31794}
{"ts": "2026-05-01T16:50:18.251052+00:00", "level": "INFO", "jobId": "62222318-9407-48bb-bb42-0991b1db822e", "keyword": "khai trương đặc biệt", "step": "capture", "message": "Saved post_038.png (posinset=38)", "data": {"w": 0}, "seq": 31799}
{"ts": "2026-05-01T16:50:18.252072+00:00", "level": "INFO", "jobId": "62222318-9407-48bb-bb42-0991b1db822e", "keyword": "khai trương đặc biệt", "step": "cooldown", "message": "Cooldown 1.0s (after capture)", "data": {"w": 0}, "seq": 31800}
{"ts": "2026-05-01T16:50:19.276706+00:00", "level": "INFO", "jobId": "62222318-9407-48bb-bb42-0991b1db822e", "keyword": "khai trương đặc biệt", "step": "heartbeat", "message": "Worker alive", "data": {"w": 0, "elapsed_s": 144}, "seq": 31801}
{"ts": "2026-05-01T16:50:19.279168+00:00", "level": "INFO", "jobId": "62222318-9407-48bb-bb42-0991b1db822e", "keyword": "khai trương đặc biệt", "step": "capture", "message": "Capturing posinset=39 (39/∞)…", "data": {"w": 0}, "seq": 31802}
{"ts": "2026-05-01T16:50:21.313201+00:00", "level": "INFO", "jobId": "62222318-9407-48bb-bb42-0991b1db822e", "keyword": "khai trương đặc biệt", "step": "capture", "message": "Saved post_039.png (posinset=39)", "data": {"w": 0}, "seq": 31805}
{"ts": "2026-05-01T16:50:21.315205+00:00", "level": "INFO", "jobId": "62222318-9407-48bb-bb42-0991b1db822e", "keyword": "khai trương đặc biệt", "step": "cooldown", "message": "Cooldown 1.0s (after capture)", "data": {"w": 0}, "seq": 31806}
{"ts": "2026-05-01T16:50:22.346977+00:00", "level": "INFO", "jobId": "62222318-9407-48bb-bb42-0991b1db822e", "keyword": "khai trương đặc biệt", "step": "capture", "message": "Capturing posinset=40 (40/∞)…", "data": {"w": 0}, "seq": 31808}
{"ts": "2026-05-01T16:50:24.764787+00:00", "level": "INFO", "jobId": "62222318-9407-48bb-bb42-0991b1db822e", "keyword": "khai trương đặc biệt", "step": "capture", "message": "Saved post_040.png (posinset=40)", "data": {"w": 0}, "seq": 31809}
{"ts": "2026-05-01T16:50:24.766786+00:00", "level": "INFO", "jobId": "62222318-9407-48bb-bb42-0991b1db822e", "keyword": "khai trương đặc biệt", "step": "cooldown", "message": "Cooldown 1.0s (after capture)", "data": {"w": 0}, "seq": 31810}
{"ts": "2026-05-01T16:50:25.807299+00:00", "level": "INFO", "jobId": "62222318-9407-48bb-bb42-0991b1db822e", "keyword": "khai trương đặc biệt", "step": "capture", "message": "Capturing posinset=41 (41/∞)…", "data": {"w": 0}, "seq": 31811}
{"ts": "2026-05-01T16:50:28.272849+00:00", "level": "INFO", "jobId": "62222318-9407-48bb-bb42-0991b1db822e", "keyword": "khai trương đặc biệt", "step": "capture", "message": "Saved post_041.png (posinset=41)", "data": {"w": 0}, "seq": 31812}
{"ts": "2026-05-01T16:50:28.274328+00:00", "level": "INFO", "jobId": "62222318-9407-48bb-bb42-0991b1db822e", "keyword": "khai trương đặc biệt", "step": "cooldown", "message": "Cooldown 1.0s (after capture)", "data": {"w": 0}, "seq": 31813}
{"ts": "2026-05-01T16:50:29.328363+00:00", "level": "INFO", "jobId": "62222318-9407-48bb-bb42-0991b1db822e", "keyword": "khai trương đặc biệt", "step": "capture", "message": "Capturing posinset=42 (42/∞)…", "data": {"w": 0}, "seq": 31814}
{"ts": "2026-05-01T16:50:31.706383+00:00", "level": "INFO", "jobId": "62222318-9407-48bb-bb42-0991b1db822e", "keyword": "khai trương đặc biệt", "step": "capture", "message": "Saved post_042.png (posinset=42)", "data": {"w": 0}, "seq": 31817}
{"ts": "2026-05-01T16:50:31.709162+00:00", "level": "INFO", "jobId": "62222318-9407-48bb-bb42-0991b1db822e", "keyword": "khai trương đặc biệt", "step": "cooldown", "message": "Cooldown 1.0s (after capture)", "data": {"w": 0}, "seq": 31818}
{"ts": "2026-05-01T16:50:32.872630+00:00", "level": "INFO", "jobId": "62222318-9407-48bb-bb42-0991b1db822e", "keyword": "khai trương đặc biệt", "step": "capture", "message": "Capturing posinset=43 (43/∞)…", "data": {"w": 0}, "seq": 31820}
{"ts": "2026-05-01T16:50:35.518396+00:00", "level": "INFO", "jobId": "62222318-9407-48bb-bb42-0991b1db822e", "keyword": "khai trương đặc biệt", "step": "capture", "message": "Saved post_043.png (posinset=43)", "data": {"w": 0}, "seq": 31825}
{"ts": "2026-05-01T16:50:35.519751+00:00", "level": "INFO", "jobId": "62222318-9407-48bb-bb42-0991b1db822e", "keyword": "khai trương đặc biệt", "step": "cooldown", "message": "Cooldown 1.0s (after capture)", "data": {"w": 0}, "seq": 31826}
{"ts": "2026-05-01T16:50:36.548147+00:00", "level": "INFO", "jobId": "62222318-9407-48bb-bb42-0991b1db822e", "keyword": "khai trương đặc biệt", "step": "heartbeat", "message": "Worker alive", "data": {"w": 0, "elapsed_s": 162}, "seq": 31829}
{"ts": "2026-05-01T16:50:36.549151+00:00", "level": "INFO", "jobId": "62222318-9407-48bb-bb42-0991b1db822e", "keyword": "khai trương đặc biệt", "step": "capture", "message": "Capturing posinset=44 (44/∞)…", "data": {"w": 0}, "seq": 31830}
{"ts": "2026-05-01T16:50:38.161706+00:00", "level": "INFO", "jobId": "62222318-9407-48bb-bb42-0991b1db822e", "keyword": "khai trương đặc biệt", "step": "capture", "message": "Saved post_044.png (posinset=44)", "data": {"w": 0}, "seq": 31833}
{"ts": "2026-05-01T16:50:38.163186+00:00", "level": "INFO", "jobId": "62222318-9407-48bb-bb42-0991b1db822e", "keyword": "khai trương đặc biệt", "step": "cooldown", "message": "Cooldown 1.0s (after capture)", "data": {"w": 0}, "seq": 31834}
{"ts": "2026-05-01T16:50:39.193402+00:00", "level": "INFO", "jobId": "62222318-9407-48bb-bb42-0991b1db822e", "keyword": "khai trương đặc biệt", "step": "capture", "message": "Capturing posinset=45 (45/∞)…", "data": {"w": 0}, "seq": 31835}
{"ts": "2026-05-01T16:50:41.357605+00:00", "level": "INFO", "jobId": "62222318-9407-48bb-bb42-0991b1db822e", "keyword": "khai trương đặc biệt", "step": "capture", "message": "Saved post_045.png (posinset=45)", "data": {"w": 0}, "seq": 31836}
{"ts": "2026-05-01T16:50:41.358858+00:00", "level": "INFO", "jobId": "62222318-9407-48bb-bb42-0991b1db822e", "keyword": "khai trương đặc biệt", "step": "cooldown", "message": "Cooldown 1.0s (after capture)", "data": {"w": 0}, "seq": 31837}
{"ts": "2026-05-01T16:50:42.397832+00:00", "level": "INFO", "jobId": "62222318-9407-48bb-bb42-0991b1db822e", "keyword": "khai trương đặc biệt", "step": "capture", "message": "Capturing posinset=46 (46/∞)…", "data": {"w": 0}, "seq": 31838}
{"ts": "2026-05-01T16:50:44.670975+00:00", "level": "INFO", "jobId": "62222318-9407-48bb-bb42-0991b1db822e", "keyword": "khai trương đặc biệt", "step": "capture", "message": "Saved post_046.png (posinset=46)", "data": {"w": 0}, "seq": 31839}
{"ts": "2026-05-01T16:50:44.682335+00:00", "level": "INFO", "jobId": "62222318-9407-48bb-bb42-0991b1db822e", "keyword": "khai trương đặc biệt", "step": "cooldown", "message": "Cooldown 1.0s (after capture)", "data": {"w": 0}, "seq": 31840}
{"ts": "2026-05-01T16:50:47.581364+00:00", "level": "INFO", "jobId": "62222318-9407-48bb-bb42-0991b1db822e", "keyword": "khai trương đặc biệt", "step": "capture", "message": "Capturing posinset=47 (47/∞)…", "data": {"w": 0}, "seq": 31847}
{"ts": "2026-05-01T16:50:50.925804+00:00", "level": "INFO", "jobId": "62222318-9407-48bb-bb42-0991b1db822e", "keyword": "khai trương đặc biệt", "step": "capture", "message": "Saved post_047.png (posinset=47)", "data": {"w": 0}, "seq": 31849}
{"ts": "2026-05-01T16:50:50.927808+00:00", "level": "INFO", "jobId": "62222318-9407-48bb-bb42-0991b1db822e", "keyword": "khai trương đặc biệt", "step": "cooldown", "message": "Cooldown 1.0s (after capture)", "data": {"w": 0}, "seq": 31850}
{"ts": "2026-05-01T16:50:51.962065+00:00", "level": "INFO", "jobId": "62222318-9407-48bb-bb42-0991b1db822e", "keyword": "khai trương đặc biệt", "step": "heartbeat", "message": "Worker alive", "data": {"w": 0, "elapsed_s": 177}, "seq": 31852}
{"ts": "2026-05-01T16:50:51.962065+00:00", "level": "INFO", "jobId": "62222318-9407-48bb-bb42-0991b1db822e", "keyword": "khai trương đặc biệt", "step": "capture", "message": "Capturing posinset=48 (48/∞)…", "data": {"w": 0}, "seq": 31853}
{"ts": "2026-05-01T16:50:53.954648+00:00", "level": "INFO", "jobId": "62222318-9407-48bb-bb42-0991b1db822e", "keyword": "khai trương đặc biệt", "step": "capture", "message": "Saved post_048.png (posinset=48)", "data": {"w": 0}, "seq": 31856}
{"ts": "2026-05-01T16:50:53.958082+00:00", "level": "INFO", "jobId": "62222318-9407-48bb-bb42-0991b1db822e", "keyword": "khai trương đặc biệt", "step": "cooldown", "message": "Cooldown 1.0s (after capture)", "data": {"w": 0}, "seq": 31857}
{"ts": "2026-05-01T16:50:55.011670+00:00", "level": "INFO", "jobId": "62222318-9407-48bb-bb42-0991b1db822e", "keyword": "khai trương đặc biệt", "step": "capture", "message": "Capturing posinset=49 (49/∞)…", "data": {"w": 0}, "seq": 31861}
{"ts": "2026-05-01T16:50:56.636056+00:00", "level": "INFO", "jobId": "62222318-9407-48bb-bb42-0991b1db822e", "keyword": "khai trương đặc biệt", "step": "capture", "message": "Saved post_049.png (posinset=49)", "data": {"w": 0}, "seq": 31865}
{"ts": "2026-05-01T16:50:56.637366+00:00", "level": "INFO", "jobId": "62222318-9407-48bb-bb42-0991b1db822e", "keyword": "khai trương đặc biệt", "step": "cooldown", "message": "Cooldown 1.0s (after capture)", "data": {"w": 0}, "seq": 31866}
{"ts": "2026-05-01T16:50:57.674793+00:00", "level": "INFO", "jobId": "62222318-9407-48bb-bb42-0991b1db822e", "keyword": "khai trương đặc biệt", "step": "capture", "message": "Capturing posinset=50 (50/∞)…", "data": {"w": 0}, "seq": 31867}
{"ts": "2026-05-01T16:50:59.221869+00:00", "level": "INFO", "jobId": "62222318-9407-48bb-bb42-0991b1db822e", "keyword": "khai trương đặc biệt", "step": "capture", "message": "Saved post_050.png (posinset=50)", "data": {"w": 0}, "seq": 31869}
{"ts": "2026-05-01T16:50:59.221869+00:00", "level": "INFO", "jobId": "62222318-9407-48bb-bb42-0991b1db822e", "keyword": "khai trương đặc biệt", "step": "cooldown", "message": "Cooldown 1.0s (after capture)", "data": {"w": 0}, "seq": 31870}
{"ts": "2026-05-01T16:51:00.253780+00:00", "level": "INFO", "jobId": "62222318-9407-48bb-bb42-0991b1db822e", "keyword": "khai trương đặc biệt", "step": "capture", "message": "Capturing posinset=51 (51/∞)…", "data": {"w": 0}, "seq": 31872}
{"ts": "2026-05-01T16:51:02.290096+00:00", "level": "INFO", "jobId": "62222318-9407-48bb-bb42-0991b1db822e", "keyword": "khai trương đặc biệt", "step": "capture", "message": "Saved post_051.png (posinset=51)", "data": {"w": 0}, "seq": 31876}
{"ts": "2026-05-01T16:51:02.291451+00:00", "level": "INFO", "jobId": "62222318-9407-48bb-bb42-0991b1db822e", "keyword": "khai trương đặc biệt", "step": "cooldown", "message": "Cooldown 1.0s (after capture)", "data": {"w": 0}, "seq": 31877}
{"ts": "2026-05-01T16:51:03.329053+00:00", "level": "INFO", "jobId": "62222318-9407-48bb-bb42-0991b1db822e", "keyword": "khai trương đặc biệt", "step": "capture", "message": "Capturing posinset=52 (52/∞)…", "data": {"w": 0}, "seq": 31879}
{"ts": "2026-05-01T16:51:04.977328+00:00", "level": "INFO", "jobId": "62222318-9407-48bb-bb42-0991b1db822e", "keyword": "khai trương đặc biệt", "step": "capture", "message": "Saved post_052.png (posinset=52)", "data": {"w": 0}, "seq": 31881}
{"ts": "2026-05-01T16:51:04.978631+00:00", "level": "INFO", "jobId": "62222318-9407-48bb-bb42-0991b1db822e", "keyword": "khai trương đặc biệt", "step": "cooldown", "message": "Cooldown 1.0s (after capture)", "data": {"w": 0}, "seq": 31882}
{"ts": "2026-05-01T16:51:06.460230+00:00", "level": "INFO", "jobId": "62222318-9407-48bb-bb42-0991b1db822e", "keyword": "khai trương đặc biệt", "step": "capture", "message": "Capturing posinset=53 (53/∞)…", "data": {"w": 0}, "seq": 31884}
{"ts": "2026-05-01T16:51:10.000323+00:00", "level": "INFO", "jobId": "62222318-9407-48bb-bb42-0991b1db822e", "keyword": "khai trương đặc biệt", "step": "capture", "message": "Saved post_053.png (posinset=53)", "data": {"w": 0}, "seq": 31886}
{"ts": "2026-05-01T16:51:10.002699+00:00", "level": "INFO", "jobId": "62222318-9407-48bb-bb42-0991b1db822e", "keyword": "khai trương đặc biệt", "step": "cooldown", "message": "Cooldown 1.0s (after capture)", "data": {"w": 0}, "seq": 31887}
{"ts": "2026-05-01T16:51:11.041624+00:00", "level": "INFO", "jobId": "62222318-9407-48bb-bb42-0991b1db822e", "keyword": "khai trương đặc biệt", "step": "heartbeat", "message": "Worker alive", "data": {"w": 0, "elapsed_s": 196}, "seq": 31888}
{"ts": "2026-05-01T16:51:11.043638+00:00", "level": "INFO", "jobId": "62222318-9407-48bb-bb42-0991b1db822e", "keyword": "khai trương đặc biệt", "step": "capture", "message": "Capturing posinset=54 (54/∞)…", "data": {"w": 0}, "seq": 31889}
{"ts": "2026-05-01T16:51:13.285203+00:00", "level": "INFO", "jobId": "62222318-9407-48bb-bb42-0991b1db822e", "keyword": "khai trương đặc biệt", "step": "capture", "message": "Saved post_054.png (posinset=54)", "data": {"w": 0}, "seq": 31896}
{"ts": "2026-05-01T16:51:13.287110+00:00", "level": "INFO", "jobId": "62222318-9407-48bb-bb42-0991b1db822e", "keyword": "khai trương đặc biệt", "step": "cooldown", "message": "Cooldown 1.0s (after capture)", "data": {"w": 0}, "seq": 31897}
{"ts": "2026-05-01T16:51:14.314247+00:00", "level": "INFO", "jobId": "62222318-9407-48bb-bb42-0991b1db822e", "keyword": "khai trương đặc biệt", "step": "capture", "message": "Capturing posinset=55 (55/∞)…", "data": {"w": 0}, "seq": 31898}
{"ts": "2026-05-01T16:51:16.132082+00:00", "level": "INFO", "jobId": "62222318-9407-48bb-bb42-0991b1db822e", "keyword": "khai trương đặc biệt", "step": "capture", "message": "Saved post_055.png (posinset=55)", "data": {"w": 0}, "seq": 31902}
{"ts": "2026-05-01T16:51:16.133401+00:00", "level": "INFO", "jobId": "62222318-9407-48bb-bb42-0991b1db822e", "keyword": "khai trương đặc biệt", "step": "cooldown", "message": "Cooldown 1.0s (after capture)", "data": {"w": 0}, "seq": 31903}
{"ts": "2026-05-01T16:51:17.175248+00:00", "level": "INFO", "jobId": "62222318-9407-48bb-bb42-0991b1db822e", "keyword": "khai trương đặc biệt", "step": "capture", "message": "Capturing posinset=56 (56/∞)…", "data": {"w": 0}, "seq": 31904}
{"ts": "2026-05-01T16:51:19.109444+00:00", "level": "INFO", "jobId": "62222318-9407-48bb-bb42-0991b1db822e", "keyword": "khai trương đặc biệt", "step": "capture", "message": "Saved post_056.png (posinset=56)", "data": {"w": 0}, "seq": 31907}
{"ts": "2026-05-01T16:51:19.111456+00:00", "level": "INFO", "jobId": "62222318-9407-48bb-bb42-0991b1db822e", "keyword": "khai trương đặc biệt", "step": "cooldown", "message": "Cooldown 1.0s (after capture)", "data": {"w": 0}, "seq": 31908}
{"ts": "2026-05-01T16:51:20.218826+00:00", "level": "INFO", "jobId": "62222318-9407-48bb-bb42-0991b1db822e", "keyword": "khai trương đặc biệt", "step": "capture", "message": "Capturing posinset=57 (57/∞)…", "data": {"w": 0}, "seq": 31910}
{"ts": "2026-05-01T16:51:22.745590+00:00", "level": "INFO", "jobId": "62222318-9407-48bb-bb42-0991b1db822e", "keyword": "khai trương đặc biệt", "step": "capture", "message": "Saved post_057.png (posinset=57)", "data": {"w": 0}, "seq": 31911}
{"ts": "2026-05-01T16:51:22.746594+00:00", "level": "INFO", "jobId": "62222318-9407-48bb-bb42-0991b1db822e", "keyword": "khai trương đặc biệt", "step": "cooldown", "message": "Cooldown 1.0s (after capture)", "data": {"w": 0}, "seq": 31912}
{"ts": "2026-05-01T16:51:23.794712+00:00", "level": "INFO", "jobId": "62222318-9407-48bb-bb42-0991b1db822e", "keyword": "khai trương đặc biệt", "step": "capture", "message": "Capturing posinset=58 (58/∞)…", "data": {"w": 0}, "seq": 31913}
{"ts": "2026-05-01T16:51:26.379460+00:00", "level": "INFO", "jobId": "62222318-9407-48bb-bb42-0991b1db822e", "keyword": "khai trương đặc biệt", "step": "capture", "message": "Saved post_058.png (posinset=58)", "data": {"w": 0}, "seq": 31915}
{"ts": "2026-05-01T16:51:26.381469+00:00", "level": "INFO", "jobId": "62222318-9407-48bb-bb42-0991b1db822e", "keyword": "khai trương đặc biệt", "step": "cooldown", "message": "Cooldown 1.0s (after capture)", "data": {"w": 0}, "seq": 31916}
{"ts": "2026-05-01T16:51:27.428023+00:00", "level": "INFO", "jobId": "62222318-9407-48bb-bb42-0991b1db822e", "keyword": "khai trương đặc biệt", "step": "heartbeat", "message": "Worker alive", "data": {"w": 0, "elapsed_s": 213}, "seq": 31919}
{"ts": "2026-05-01T16:51:27.429029+00:00", "level": "INFO", "jobId": "62222318-9407-48bb-bb42-0991b1db822e", "keyword": "khai trương đặc biệt", "step": "capture", "message": "Capturing posinset=59 (59/∞)…", "data": {"w": 0}, "seq": 31920}
{"ts": "2026-05-01T16:51:29.065264+00:00", "level": "INFO", "jobId": "62222318-9407-48bb-bb42-0991b1db822e", "keyword": "khai trương đặc biệt", "step": "capture", "message": "Saved post_059.png (posinset=59)", "data": {"w": 0}, "seq": 31923}
{"ts": "2026-05-01T16:51:29.067473+00:00", "level": "INFO", "jobId": "62222318-9407-48bb-bb42-0991b1db822e", "keyword": "khai trương đặc biệt", "step": "cooldown", "message": "Cooldown 1.0s (after capture)", "data": {"w": 0}, "seq": 31924}
{"ts": "2026-05-01T16:51:30.107670+00:00", "level": "INFO", "jobId": "62222318-9407-48bb-bb42-0991b1db822e", "keyword": "khai trương đặc biệt", "step": "capture", "message": "Capturing posinset=60 (60/∞)…", "data": {"w": 0}, "seq": 31925}
{"ts": "2026-05-01T16:51:32.281457+00:00", "level": "INFO", "jobId": "62222318-9407-48bb-bb42-0991b1db822e", "keyword": "khai trương đặc biệt", "step": "capture", "message": "Saved post_060.png (posinset=60)", "data": {"w": 0}, "seq": 31929}
{"ts": "2026-05-01T16:51:32.283935+00:00", "level": "INFO", "jobId": "62222318-9407-48bb-bb42-0991b1db822e", "keyword": "khai trương đặc biệt", "step": "cooldown", "message": "Cooldown 1.0s (after capture)", "data": {"w": 0}, "seq": 31930}
{"ts": "2026-05-01T16:51:33.740199+00:00", "level": "INFO", "jobId": "62222318-9407-48bb-bb42-0991b1db822e", "keyword": "khai trương đặc biệt", "step": "capture", "message": "Capturing posinset=61 (61/∞)…", "data": {"w": 0}, "seq": 31931}
{"ts": "2026-05-01T16:51:38.843780+00:00", "level": "INFO", "jobId": "62222318-9407-48bb-bb42-0991b1db822e", "keyword": "khai trương đặc biệt", "step": "capture", "message": "Saved post_061.png (posinset=61)", "data": {"w": 0}, "seq": 31935}
{"ts": "2026-05-01T16:51:38.848056+00:00", "level": "INFO", "jobId": "62222318-9407-48bb-bb42-0991b1db822e", "keyword": "khai trương đặc biệt", "step": "cooldown", "message": "Cooldown 1.0s (after capture)", "data": {"w": 0}, "seq": 31936}
{"ts": "2026-05-01T16:51:39.904718+00:00", "level": "INFO", "jobId": "62222318-9407-48bb-bb42-0991b1db822e", "keyword": "khai trương đặc biệt", "step": "capture", "message": "Capturing posinset=62 (62/∞)…", "data": {"w": 0}, "seq": 31941}
{"ts": "2026-05-01T16:51:42.183703+00:00", "level": "INFO", "jobId": "62222318-9407-48bb-bb42-0991b1db822e", "keyword": "khai trương đặc biệt", "step": "capture", "message": "Saved post_062.png (posinset=62)", "data": {"w": 0}, "seq": 31943}
{"ts": "2026-05-01T16:51:42.185708+00:00", "level": "INFO", "jobId": "62222318-9407-48bb-bb42-0991b1db822e", "keyword": "khai trương đặc biệt", "step": "cooldown", "message": "Cooldown 1.0s (after capture)", "data": {"w": 0}, "seq": 31944}
{"ts": "2026-05-01T16:51:43.237157+00:00", "level": "INFO", "jobId": "62222318-9407-48bb-bb42-0991b1db822e", "keyword": "khai trương đặc biệt", "step": "heartbeat", "message": "Worker alive", "data": {"w": 0, "elapsed_s": 228}, "seq": 31945}
{"ts": "2026-05-01T16:51:43.239452+00:00", "level": "INFO", "jobId": "62222318-9407-48bb-bb42-0991b1db822e", "keyword": "khai trương đặc biệt", "step": "capture", "message": "Capturing posinset=63 (63/∞)…", "data": {"w": 0}, "seq": 31946}
{"ts": "2026-05-01T16:51:45.552073+00:00", "level": "INFO", "jobId": "62222318-9407-48bb-bb42-0991b1db822e", "keyword": "khai trương đặc biệt", "step": "capture", "message": "Saved post_063.png (posinset=63)", "data": {"w": 0}, "seq": 31951}
{"ts": "2026-05-01T16:51:45.554072+00:00", "level": "INFO", "jobId": "62222318-9407-48bb-bb42-0991b1db822e", "keyword": "khai trương đặc biệt", "step": "cooldown", "message": "Cooldown 1.0s (after capture)", "data": {"w": 0}, "seq": 31952}
{"ts": "2026-05-01T16:51:46.594461+00:00", "level": "INFO", "jobId": "62222318-9407-48bb-bb42-0991b1db822e", "keyword": "khai trương đặc biệt", "step": "capture", "message": "Capturing posinset=64 (64/∞)…", "data": {"w": 0}, "seq": 31953}
{"ts": "2026-05-01T16:51:53.912036+00:00", "level": "INFO", "jobId": "62222318-9407-48bb-bb42-0991b1db822e", "keyword": "khai trương đặc biệt", "step": "capture", "message": "Saved post_064.png (posinset=64)", "data": {"w": 0}, "seq": 31956}
{"ts": "2026-05-01T16:51:53.914048+00:00", "level": "INFO", "jobId": "62222318-9407-48bb-bb42-0991b1db822e", "keyword": "khai trương đặc biệt", "step": "cooldown", "message": "Cooldown 1.0s (after capture)", "data": {"w": 0}, "seq": 31957}
{"ts": "2026-05-01T16:51:55.006767+00:00", "level": "INFO", "jobId": "62222318-9407-48bb-bb42-0991b1db822e", "keyword": "khai trương đặc biệt", "step": "capture", "message": "Capturing posinset=65 (65/∞)…", "data": {"w": 0}, "seq": 31960}
{"ts": "2026-05-01T16:52:02.673505+00:00", "level": "INFO", "jobId": "62222318-9407-48bb-bb42-0991b1db822e", "keyword": "khai trương đặc biệt", "step": "capture", "message": "Saved post_065.png (posinset=65)", "data": {"w": 0}, "seq": 31961}
{"ts": "2026-05-01T16:52:02.675505+00:00", "level": "INFO", "jobId": "62222318-9407-48bb-bb42-0991b1db822e", "keyword": "khai trương đặc biệt", "step": "cooldown", "message": "Cooldown 1.0s (after capture)", "data": {"w": 0}, "seq": 31962}
{"ts": "2026-05-01T16:52:03.892941+00:00", "level": "INFO", "jobId": "62222318-9407-48bb-bb42-0991b1db822e", "keyword": "khai trương đặc biệt", "step": "heartbeat", "message": "Worker alive", "data": {"w": 0, "elapsed_s": 249}, "seq": 31963}
{"ts": "2026-05-01T16:52:03.900214+00:00", "level": "INFO", "jobId": "62222318-9407-48bb-bb42-0991b1db822e", "keyword": "khai trương đặc biệt", "step": "capture", "message": "Capturing posinset=66 (66/∞)…", "data": {"w": 0}, "seq": 31964}
{"ts": "2026-05-01T16:52:14.772782+00:00", "level": "INFO", "jobId": "62222318-9407-48bb-bb42-0991b1db822e", "keyword": "khai trương đặc biệt", "step": "capture", "message": "Saved post_066.png (posinset=66)", "data": {"w": 0}, "seq": 31970}
{"ts": "2026-05-01T16:52:14.784547+00:00", "level": "INFO", "jobId": "62222318-9407-48bb-bb42-0991b1db822e", "keyword": "khai trương đặc biệt", "step": "cooldown", "message": "Cooldown 1.0s (after capture)", "data": {"w": 0}, "seq": 31971}
{"ts": "2026-05-01T16:52:15.861075+00:00", "level": "INFO", "jobId": "62222318-9407-48bb-bb42-0991b1db822e", "keyword": "khai trương đặc biệt", "step": "capture", "message": "Capturing posinset=67 (67/∞)…", "data": {"w": 0}, "seq": 31974}
{"ts": "2026-05-01T16:52:20.054653+00:00", "level": "INFO", "jobId": "62222318-9407-48bb-bb42-0991b1db822e", "keyword": "khai trương đặc biệt", "step": "capture", "message": "Saved post_067.png (posinset=67)", "data": {"w": 0}, "seq": 31979}
{"ts": "2026-05-01T16:52:20.055651+00:00", "level": "INFO", "jobId": "62222318-9407-48bb-bb42-0991b1db822e", "keyword": "khai trương đặc biệt", "step": "cooldown", "message": "Cooldown 1.0s (after capture)", "data": {"w": 0}, "seq": 31980}
{"ts": "2026-05-01T16:52:21.199364+00:00", "level": "INFO", "jobId": "62222318-9407-48bb-bb42-0991b1db822e", "keyword": "khai trương đặc biệt", "step": "heartbeat", "message": "Worker alive", "data": {"w": 0, "elapsed_s": 266}, "seq": 31981}
{"ts": "2026-05-01T16:52:21.203394+00:00", "level": "INFO", "jobId": "62222318-9407-48bb-bb42-0991b1db822e", "keyword": "khai trương đặc biệt", "step": "capture", "message": "Capturing posinset=68 (68/∞)…", "data": {"w": 0}, "seq": 31982}
{"ts": "2026-05-01T16:52:24.433791+00:00", "level": "INFO", "jobId": "62222318-9407-48bb-bb42-0991b1db822e", "keyword": "khai trương đặc biệt", "step": "capture", "message": "Capturing posinset=68 (68/∞)…", "data": {"w": 0}, "seq": 31983}
{"ts": "2026-05-01T16:52:27.223655+00:00", "level": "INFO", "jobId": "62222318-9407-48bb-bb42-0991b1db822e", "keyword": "khai trương đặc biệt", "step": "capture", "message": "Capturing posinset=68 (68/∞)…", "data": {"w": 0}, "seq": 31986}
{"ts": "2026-05-01T16:52:30.283959+00:00", "level": "INFO", "jobId": "62222318-9407-48bb-bb42-0991b1db822e", "keyword": "khai trương đặc biệt", "step": "capture", "message": "Capturing posinset=68 (68/∞)…", "data": {"w": 0}, "seq": 31988}
{"ts": "2026-05-01T16:52:33.202123+00:00", "level": "INFO", "jobId": "62222318-9407-48bb-bb42-0991b1db822e", "keyword": "khai trương đặc biệt", "step": "capture", "message": "Capturing posinset=68 (68/∞)…", "data": {"w": 0}, "seq": 31990}
{"ts": "2026-05-01T16:52:35.033716+00:00", "level": "INFO", "jobId": "62222318-9407-48bb-bb42-0991b1db822e", "keyword": "khai trương đặc biệt", "step": "capture", "message": "Capturing posinset=68 (68/∞)…", "data": {"w": 0}, "seq": 31993}
{"ts": "2026-05-01T16:52:47.572266+00:00", "level": "INFO", "jobId": "62222318-9407-48bb-bb42-0991b1db822e", "keyword": "khai trương đặc biệt", "step": "heartbeat", "message": "Worker alive", "data": {"w": 0, "elapsed_s": 293}, "seq": 32017}
{"ts": "2026-05-01T16:52:47.574664+00:00", "level": "INFO", "jobId": "62222318-9407-48bb-bb42-0991b1db822e", "keyword": "khai trương đặc biệt", "step": "capture", "message": "Capturing posinset=68 (68/∞)…", "data": {"w": 0}, "seq": 32018}
{"ts": "2026-05-01T16:52:59.568484+00:00", "level": "INFO", "jobId": "62222318-9407-48bb-bb42-0991b1db822e", "keyword": "khai trương đặc biệt", "step": "capture", "message": "Capturing posinset=68 (68/∞)…", "data": {"w": 0}, "seq": 32043}
{"ts": "2026-05-01T16:53:01.219336+00:00", "level": "INFO", "jobId": "62222318-9407-48bb-bb42-0991b1db822e", "keyword": "khai trương đặc biệt", "step": "capture", "message": "Reached stable end of results (maxPos=67, stable>=35s). Stopping.", "data": {"w": 0}, "seq": 32046}
{"ts": "2026-05-01T16:53:01.330042+00:00", "level": "INFO", "jobId": "62222318-9407-48bb-bb42-0991b1db822e", "keyword": "khai trương đặc biệt", "step": "capture", "message": "Capture loop finished (unlimited). Saved=67", "data": {"w": 0}, "seq": 32047}
{"ts": "2026-05-01T16:53:01.332099+00:00", "level": "INFO", "jobId": "62222318-9407-48bb-bb42-0991b1db822e", "keyword": "khai trương đặc biệt", "step": "done", "message": "Completed. Saved=67", "data": {"w": 0}, "seq": 32048}
