{"ts": "2026-05-01T09:47:43.665167+00:00", "level": "INFO", "jobId": "73c1d1d0-fad1-4ef2-8fd0-39fdb1e5b805", "keyword": "khai trương hcm", "step": "created", "message": "Job created", "data": {"maxPosts": 5}, "seq": 15368}
{"ts": "2026-05-01T09:48:06.492535+00:00", "level": "INFO", "jobId": "73c1d1d0-fad1-4ef2-8fd0-39fdb1e5b805", "keyword": "khai trương hcm", "step": "start", "message": "Job started (attempt 1/2)", "data": {"w": 0}, "seq": 15393}
{"ts": "2026-05-01T09:48:10.007859+00:00", "level": "INFO", "jobId": "73c1d1d0-fad1-4ef2-8fd0-39fdb1e5b805", "keyword": "khai trương hcm", "step": "login", "message": "Already logged in (home).", "data": {"w": 0}, "seq": 15394}
{"ts": "2026-05-01T09:48:10.010906+00:00", "level": "INFO", "jobId": "73c1d1d0-fad1-4ef2-8fd0-39fdb1e5b805", "keyword": "khai trương hcm", "step": "search", "message": "Searching keyword: \"khai trương hcm\"", "data": {"w": 0}, "seq": 15395}
{"ts": "2026-05-01T09:48:15.710547+00:00", "level": "INFO", "jobId": "73c1d1d0-fad1-4ef2-8fd0-39fdb1e5b805", "keyword": "khai trương hcm", "step": "capture", "message": "Start capturing up to 5 posts.", "data": {"w": 0}, "seq": 15396}
{"ts": "2026-05-01T09:48:15.712036+00:00", "level": "INFO", "jobId": "73c1d1d0-fad1-4ef2-8fd0-39fdb1e5b805", "keyword": "khai trương hcm", "step": "capture", "message": "Output folder: Lan 10 - 1648", "data": {"w": 0}, "seq": 15397}
{"ts": "2026-05-01T09:48:16.824844+00:00", "level": "INFO", "jobId": "73c1d1d0-fad1-4ef2-8fd0-39fdb1e5b805", "keyword": "khai trương hcm", "step": "capture", "message": "Guard: forcing top before first capture (y=336, primary=0)", "data": {"w": 0}, "seq": 15398}
{"ts": "2026-05-01T09:48:17.233100+00:00", "level": "INFO", "jobId": "73c1d1d0-fad1-4ef2-8fd0-39fdb1e5b805", "keyword": "khai trương hcm", "step": "capture", "message": "Capturing posinset=1 (1/5)…", "data": {"w": 0}, "seq": 15399}
{"ts": "2026-05-01T09:48:17.763333+00:00", "level": "INFO", "jobId": "73c1d1d0-fad1-4ef2-8fd0-39fdb1e5b805", "keyword": "khai trương hcm", "step": "capture", "message": "Saved post_001.png (posinset=1)", "data": {"w": 0}, "seq": 15400}
{"ts": "2026-05-01T09:48:17.764428+00:00", "level": "INFO", "jobId": "73c1d1d0-fad1-4ef2-8fd0-39fdb1e5b805", "keyword": "khai trương hcm", "step": "cooldown", "message": "Cooldown 1.0s (after capture)", "data": {"w": 0}, "seq": 15401}
{"ts": "2026-05-01T09:48:18.884320+00:00", "level": "INFO", "jobId": "73c1d1d0-fad1-4ef2-8fd0-39fdb1e5b805", "keyword": "khai trương hcm", "step": "capture", "message": "Capturing posinset=2 (2/5)…", "data": {"w": 0}, "seq": 15402}
{"ts": "2026-05-01T09:48:20.282787+00:00", "level": "INFO", "jobId": "73c1d1d0-fad1-4ef2-8fd0-39fdb1e5b805", "keyword": "khai trương hcm", "step": "capture", "message": "Saved post_002.png (posinset=2)", "data": {"w": 0}, "seq": 15403}
{"ts": "2026-05-01T09:48:20.283787+00:00", "level": "INFO", "jobId": "73c1d1d0-fad1-4ef2-8fd0-39fdb1e5b805", "keyword": "khai trương hcm", "step": "cooldown", "message": "Cooldown 1.0s (after capture)", "data": {"w": 0}, "seq": 15404}
{"ts": "2026-05-01T09:48:21.339957+00:00", "level": "INFO", "jobId": "73c1d1d0-fad1-4ef2-8fd0-39fdb1e5b805", "keyword": "khai trương hcm", "step": "capture", "message": "Capturing posinset=3 (3/5)…", "data": {"w": 0}, "seq": 15405}
{"ts": "2026-05-01T09:48:21.951184+00:00", "level": "INFO", "jobId": "73c1d1d0-fad1-4ef2-8fd0-39fdb1e5b805", "keyword": "khai trương hcm", "step": "capture", "message": "Saved post_003.png (posinset=3)", "data": {"w": 0}, "seq": 15406}
{"ts": "2026-05-01T09:48:21.952426+00:00", "level": "INFO", "jobId": "73c1d1d0-fad1-4ef2-8fd0-39fdb1e5b805", "keyword": "khai trương hcm", "step": "cooldown", "message": "Cooldown 1.0s (after capture)", "data": {"w": 0}, "seq": 15407}
{"ts": "2026-05-01T09:48:23.006220+00:00", "level": "INFO", "jobId": "73c1d1d0-fad1-4ef2-8fd0-39fdb1e5b805", "keyword": "khai trương hcm", "step": "capture", "message": "Capturing posinset=4 (4/5)…", "data": {"w": 0}, "seq": 15408}
{"ts": "2026-05-01T09:48:23.918066+00:00", "level": "INFO", "jobId": "73c1d1d0-fad1-4ef2-8fd0-39fdb1e5b805", "keyword": "khai trương hcm", "step": "capture", "message": "Saved post_004.png (posinset=4)", "data": {"w": 0}, "seq": 15409}
{"ts": "2026-05-01T09:48:23.919064+00:00", "level": "INFO", "jobId": "73c1d1d0-fad1-4ef2-8fd0-39fdb1e5b805", "keyword": "khai trương hcm", "step": "cooldown", "message": "Cooldown 1.0s (after capture)", "data": {"w": 0}, "seq": 15410}
{"ts": "2026-05-01T09:48:25.019084+00:00", "level": "INFO", "jobId": "73c1d1d0-fad1-4ef2-8fd0-39fdb1e5b805", "keyword": "khai trương hcm", "step": "capture", "message": "Capturing posinset=5 (5/5)…", "data": {"w": 0}, "seq": 15411}
{"ts": "2026-05-01T09:48:25.728451+00:00", "level": "INFO", "jobId": "73c1d1d0-fad1-4ef2-8fd0-39fdb1e5b805", "keyword": "khai trương hcm", "step": "capture", "message": "Saved post_005.png (posinset=5)", "data": {"w": 0}, "seq": 15412}
{"ts": "2026-05-01T09:48:25.728859+00:00", "level": "INFO", "jobId": "73c1d1d0-fad1-4ef2-8fd0-39fdb1e5b805", "keyword": "khai trương hcm", "step": "cooldown", "message": "Cooldown 1.0s (after capture)", "data": {"w": 0}, "seq": 15413}
{"ts": "2026-05-01T09:48:26.748704+00:00", "level": "INFO", "jobId": "73c1d1d0-fad1-4ef2-8fd0-39fdb1e5b805", "keyword": "khai trương hcm", "step": "done", "message": "Completed. Saved=5", "data": {"w": 0}, "seq": 15414}
