{"ts": "2026-05-01T10:31:31.302061+00:00", "level": "INFO", "jobId": "7b96f370-aa43-4f02-83c8-8500e0fae48f", "keyword": "khai trương", "step": "created", "message": "Job created", "data": {"maxPosts": "unlimited"}, "seq": 16301}
{"ts": "2026-05-01T10:31:32.159397+00:00", "level": "INFO", "jobId": "7b96f370-aa43-4f02-83c8-8500e0fae48f", "keyword": "khai trương", "step": "start", "message": "Job started (attempt 1/2)", "data": {"w": 0}, "seq": 16308}
{"ts": "2026-05-01T10:31:36.802387+00:00", "level": "INFO", "jobId": "7b96f370-aa43-4f02-83c8-8500e0fae48f", "keyword": "khai trương", "step": "login", "message": "Already logged in (home).", "data": {"w": 0}, "seq": 16309}
{"ts": "2026-05-01T10:31:36.802387+00:00", "level": "INFO", "jobId": "7b96f370-aa43-4f02-83c8-8500e0fae48f", "keyword": "khai trương", "step": "search", "message": "Searching keyword: \"khai trương\"", "data": {"w": 0}, "seq": 16310}
{"ts": "2026-05-01T10:31:40.059132+00:00", "level": "INFO", "jobId": "7b96f370-aa43-4f02-83c8-8500e0fae48f", "keyword": "khai trương", "step": "capture", "message": "Start capturing all posts until end of results.", "data": {"w": 0}, "seq": 16311}
{"ts": "2026-05-01T10:31:40.061388+00:00", "level": "INFO", "jobId": "7b96f370-aa43-4f02-83c8-8500e0fae48f", "keyword": "khai trương", "step": "capture", "message": "Output folder: Lan 2 - 1731", "data": {"w": 0}, "seq": 16312}
{"ts": "2026-05-01T10:31:40.479144+00:00", "level": "INFO", "jobId": "7b96f370-aa43-4f02-83c8-8500e0fae48f", "keyword": "khai trương", "step": "capture", "message": "Waiting for posts to appear (avoid blank capture)…", "data": {"w": 0}, "seq": 16313}
{"ts": "2026-05-01T10:31:40.499854+00:00", "level": "INFO", "jobId": "7b96f370-aa43-4f02-83c8-8500e0fae48f", "keyword": "khai trương", "step": "capture", "message": "Post-detect debug: {'hasMain': True, 'roleArticle': 1, 'divRoleArticle': 1, 'articleTag': 0, 'feedUnit': 0, 'anyPagelet': 0, 'adPreview': 0, 'imgs': 0, 'videos': 0, 'progress': 0, 'busy': '', 'firstArticle': {'tag': 'div', 'role': 'article', 'textLen': 0, 'hasImg': False, 'hasVideo': False, 'hasLink': False, 'hasPermalink': False}}", "data": {"w": 0}, "seq": 16314}
{"ts": "2026-05-01T10:31:41.787544+00:00", "level": "INFO", "jobId": "7b96f370-aa43-4f02-83c8-8500e0fae48f", "keyword": "khai trương", "step": "capture", "message": "Capturing posinset=1 (1/∞)…", "data": {"w": 0}, "seq": 16315}
{"ts": "2026-05-01T10:31:43.208692+00:00", "level": "INFO", "jobId": "7b96f370-aa43-4f02-83c8-8500e0fae48f", "keyword": "khai trương", "step": "capture", "message": "Saved post_001.png (posinset=1)", "data": {"w": 0}, "seq": 16316}
{"ts": "2026-05-01T10:31:43.209732+00:00", "level": "INFO", "jobId": "7b96f370-aa43-4f02-83c8-8500e0fae48f", "keyword": "khai trương", "step": "cooldown", "message": "Cooldown 1.0s (after capture)", "data": {"w": 0}, "seq": 16317}
{"ts": "2026-05-01T10:31:44.231933+00:00", "level": "INFO", "jobId": "7b96f370-aa43-4f02-83c8-8500e0fae48f", "keyword": "khai trương", "step": "capture", "message": "Capturing posinset=2 (2/∞)…", "data": {"w": 0}, "seq": 16318}
{"ts": "2026-05-01T10:31:45.312548+00:00", "level": "INFO", "jobId": "7b96f370-aa43-4f02-83c8-8500e0fae48f", "keyword": "khai trương", "step": "capture", "message": "Saved post_002.png (posinset=2)", "data": {"w": 0}, "seq": 16319}
{"ts": "2026-05-01T10:31:45.313547+00:00", "level": "INFO", "jobId": "7b96f370-aa43-4f02-83c8-8500e0fae48f", "keyword": "khai trương", "step": "cooldown", "message": "Cooldown 1.0s (after capture)", "data": {"w": 0}, "seq": 16320}
{"ts": "2026-05-01T10:31:46.341120+00:00", "level": "INFO", "jobId": "7b96f370-aa43-4f02-83c8-8500e0fae48f", "keyword": "khai trương", "step": "capture", "message": "Capturing posinset=3 (3/∞)…", "data": {"w": 0}, "seq": 16321}
{"ts": "2026-05-01T10:31:47.451325+00:00", "level": "INFO", "jobId": "7b96f370-aa43-4f02-83c8-8500e0fae48f", "keyword": "khai trương", "step": "capture", "message": "Saved post_003.png (posinset=3)", "data": {"w": 0}, "seq": 16322}
{"ts": "2026-05-01T10:31:47.452828+00:00", "level": "INFO", "jobId": "7b96f370-aa43-4f02-83c8-8500e0fae48f", "keyword": "khai trương", "step": "cooldown", "message": "Cooldown 1.0s (after capture)", "data": {"w": 0}, "seq": 16323}
{"ts": "2026-05-01T10:31:48.476412+00:00", "level": "WARN", "jobId": "7b96f370-aa43-4f02-83c8-8500e0fae48f", "keyword": "khai trương", "step": "relaunch", "message": "Browser/page closed unexpectedly. Will relaunch + retry. (Locator.inner_text: Target page, context or browser has been closed)", "data": {"w": 0}, "seq": 16324}
{"ts": "2026-05-01T10:31:50.638709+00:00", "level": "WARN", "jobId": "7b96f370-aa43-4f02-83c8-8500e0fae48f", "keyword": "khai trương", "step": "retry", "message": "Reset job to pending for retry (closed target).", "data": {"w": 0}, "seq": 16325}
{"ts": "2026-05-01T10:31:50.639985+00:00", "level": "INFO", "jobId": "7b96f370-aa43-4f02-83c8-8500e0fae48f", "keyword": "khai trương", "step": "start", "message": "Job started (attempt 2/2)", "data": {"w": 0}, "seq": 16326}
{"ts": "2026-05-01T10:31:52.554475+00:00", "level": "WARN", "jobId": "7b96f370-aa43-4f02-83c8-8500e0fae48f", "keyword": "khai trương", "step": "relaunch", "message": "Closed target detected. Will relaunch + retry. (Page.goto: Connection closed while reading from the driver)", "data": {"w": 0}, "seq": 16327}
