{"ts": "2026-05-01T15:51:32.203629+00:00", "level": "INFO", "jobId": "7c7e4384-3cf0-44c8-a24d-388899822ea6", "keyword": "khai trương rực rỡ", "step": "created", "message": "Job created", "data": {"maxPosts": "unlimited"}, "seq": 25545}
{"ts": "2026-05-01T16:51:43.366666+00:00", "level": "INFO", "jobId": "7c7e4384-3cf0-44c8-a24d-388899822ea6", "keyword": "khai trương rực rỡ", "step": "start", "message": "Job started (attempt 1/1)", "data": {"w": 2}, "seq": 31950}
{"ts": "2026-05-01T16:52:05.678025+00:00", "level": "INFO", "jobId": "7c7e4384-3cf0-44c8-a24d-388899822ea6", "keyword": "khai trương rực rỡ", "step": "login", "message": "Already logged in (home).", "data": {"w": 2}, "seq": 31965}
{"ts": "2026-05-01T16:52:05.685081+00:00", "level": "INFO", "jobId": "7c7e4384-3cf0-44c8-a24d-388899822ea6", "keyword": "khai trương rực rỡ", "step": "search", "message": "Searching keyword: \"khai trương rực rỡ\"", "data": {"w": 2}, "seq": 31966}
{"ts": "2026-05-01T16:52:15.286739+00:00", "level": "INFO", "jobId": "7c7e4384-3cf0-44c8-a24d-388899822ea6", "keyword": "khai trương rực rỡ", "step": "capture", "message": "Start capturing all posts until end of results.", "data": {"w": 2}, "seq": 31972}
{"ts": "2026-05-01T16:52:15.291823+00:00", "level": "INFO", "jobId": "7c7e4384-3cf0-44c8-a24d-388899822ea6", "keyword": "khai trương rực rỡ", "step": "capture", "message": "Output folder: Lan 1 - 2352", "data": {"w": 2}, "seq": 31973}
{"ts": "2026-05-01T16:52:32.101557+00:00", "level": "INFO", "jobId": "7c7e4384-3cf0-44c8-a24d-388899822ea6", "keyword": "khai trương rực rỡ", "step": "capture", "message": "Capturing posinset=1 (1/∞)…", "data": {"w": 2}, "seq": 31989}
{"ts": "2026-05-01T16:52:34.140625+00:00", "level": "INFO", "jobId": "7c7e4384-3cf0-44c8-a24d-388899822ea6", "keyword": "khai trương rực rỡ", "step": "capture", "message": "Saved post_001.png (posinset=1)", "data": {"w": 2}, "seq": 31991}
{"ts": "2026-05-01T16:52:34.144087+00:00", "level": "INFO", "jobId": "7c7e4384-3cf0-44c8-a24d-388899822ea6", "keyword": "khai trương rực rỡ", "step": "cooldown", "message": "Cooldown 1.0s (after capture)", "data": {"w": 2}, "seq": 31992}
{"ts": "2026-05-01T16:52:35.195027+00:00", "level": "INFO", "jobId": "7c7e4384-3cf0-44c8-a24d-388899822ea6", "keyword": "khai trương rực rỡ", "step": "capture", "message": "Capturing posinset=2 (2/∞)…", "data": {"w": 2}, "seq": 31994}
{"ts": "2026-05-01T16:52:37.266877+00:00", "level": "INFO", "jobId": "7c7e4384-3cf0-44c8-a24d-388899822ea6", "keyword": "khai trương rực rỡ", "step": "capture", "message": "Saved post_002.png (posinset=2)", "data": {"w": 2}, "seq": 31995}
{"ts": "2026-05-01T16:52:37.267877+00:00", "level": "INFO", "jobId": "7c7e4384-3cf0-44c8-a24d-388899822ea6", "keyword": "khai trương rực rỡ", "step": "cooldown", "message": "Cooldown 1.0s (after capture)", "data": {"w": 2}, "seq": 31996}
{"ts": "2026-05-01T16:52:38.285787+00:00", "level": "INFO", "jobId": "7c7e4384-3cf0-44c8-a24d-388899822ea6", "keyword": "khai trương rực rỡ", "step": "capture", "message": "Capturing posinset=3 (3/∞)…", "data": {"w": 2}, "seq": 31997}
{"ts": "2026-05-01T16:52:39.678978+00:00", "level": "INFO", "jobId": "7c7e4384-3cf0-44c8-a24d-388899822ea6", "keyword": "khai trương rực rỡ", "step": "capture", "message": "Saved post_003.png (posinset=3)", "data": {"w": 2}, "seq": 31998}
{"ts": "2026-05-01T16:52:39.681019+00:00", "level": "INFO", "jobId": "7c7e4384-3cf0-44c8-a24d-388899822ea6", "keyword": "khai trương rực rỡ", "step": "cooldown", "message": "Cooldown 1.0s (after capture)", "data": {"w": 2}, "seq": 31999}
{"ts": "2026-05-01T16:52:40.705708+00:00", "level": "INFO", "jobId": "7c7e4384-3cf0-44c8-a24d-388899822ea6", "keyword": "khai trương rực rỡ", "step": "capture", "message": "Capturing posinset=4 (4/∞)…", "data": {"w": 2}, "seq": 32002}
{"ts": "2026-05-01T16:52:42.604164+00:00", "level": "INFO", "jobId": "7c7e4384-3cf0-44c8-a24d-388899822ea6", "keyword": "khai trương rực rỡ", "step": "capture", "message": "Saved post_004.png (posinset=4)", "data": {"w": 2}, "seq": 32005}
{"ts": "2026-05-01T16:52:42.604164+00:00", "level": "INFO", "jobId": "7c7e4384-3cf0-44c8-a24d-388899822ea6", "keyword": "khai trương rực rỡ", "step": "cooldown", "message": "Cooldown 1.0s (after capture)", "data": {"w": 2}, "seq": 32006}
{"ts": "2026-05-01T16:52:43.619868+00:00", "level": "INFO", "jobId": "7c7e4384-3cf0-44c8-a24d-388899822ea6", "keyword": "khai trương rực rỡ", "step": "capture", "message": "Capturing posinset=5 (5/∞)…", "data": {"w": 2}, "seq": 32007}
{"ts": "2026-05-01T16:52:44.703236+00:00", "level": "INFO", "jobId": "7c7e4384-3cf0-44c8-a24d-388899822ea6", "keyword": "khai trương rực rỡ", "step": "capture", "message": "Saved post_005.png (posinset=5)", "data": {"w": 2}, "seq": 32010}
{"ts": "2026-05-01T16:52:44.704236+00:00", "level": "INFO", "jobId": "7c7e4384-3cf0-44c8-a24d-388899822ea6", "keyword": "khai trương rực rỡ", "step": "cooldown", "message": "Cooldown 1.0s (after capture)", "data": {"w": 2}, "seq": 32011}
{"ts": "2026-05-01T16:52:45.948427+00:00", "level": "INFO", "jobId": "7c7e4384-3cf0-44c8-a24d-388899822ea6", "keyword": "khai trương rực rỡ", "step": "heartbeat", "message": "Worker alive", "data": {"w": 2, "elapsed_s": 62}, "seq": 32013}
{"ts": "2026-05-01T16:52:45.948427+00:00", "level": "INFO", "jobId": "7c7e4384-3cf0-44c8-a24d-388899822ea6", "keyword": "khai trương rực rỡ", "step": "capture", "message": "Capturing posinset=6 (6/∞)…", "data": {"w": 2}, "seq": 32014}
{"ts": "2026-05-01T16:52:48.241033+00:00", "level": "INFO", "jobId": "7c7e4384-3cf0-44c8-a24d-388899822ea6", "keyword": "khai trương rực rỡ", "step": "capture", "message": "Capturing posinset=6 (6/∞)…", "data": {"w": 2}, "seq": 32019}
{"ts": "2026-05-01T16:52:49.621298+00:00", "level": "INFO", "jobId": "7c7e4384-3cf0-44c8-a24d-388899822ea6", "keyword": "khai trương rực rỡ", "step": "capture", "message": "Saved post_006.png (posinset=6)", "data": {"w": 2}, "seq": 32021}
{"ts": "2026-05-01T16:52:49.622302+00:00", "level": "INFO", "jobId": "7c7e4384-3cf0-44c8-a24d-388899822ea6", "keyword": "khai trương rực rỡ", "step": "cooldown", "message": "Cooldown 1.0s (after capture)", "data": {"w": 2}, "seq": 32022}
{"ts": "2026-05-01T16:52:50.647003+00:00", "level": "INFO", "jobId": "7c7e4384-3cf0-44c8-a24d-388899822ea6", "keyword": "khai trương rực rỡ", "step": "capture", "message": "Capturing posinset=7 (7/∞)…", "data": {"w": 2}, "seq": 32024}
{"ts": "2026-05-01T16:52:51.898869+00:00", "level": "INFO", "jobId": "7c7e4384-3cf0-44c8-a24d-388899822ea6", "keyword": "khai trương rực rỡ", "step": "capture", "message": "Saved post_007.png (posinset=7)", "data": {"w": 2}, "seq": 32025}
{"ts": "2026-05-01T16:52:51.899958+00:00", "level": "INFO", "jobId": "7c7e4384-3cf0-44c8-a24d-388899822ea6", "keyword": "khai trương rực rỡ", "step": "cooldown", "message": "Cooldown 1.0s (after capture)", "data": {"w": 2}, "seq": 32026}
{"ts": "2026-05-01T16:52:52.915546+00:00", "level": "INFO", "jobId": "7c7e4384-3cf0-44c8-a24d-388899822ea6", "keyword": "khai trương rực rỡ", "step": "capture", "message": "Capturing posinset=8 (8/∞)…", "data": {"w": 2}, "seq": 32027}
{"ts": "2026-05-01T16:52:53.992003+00:00", "level": "INFO", "jobId": "7c7e4384-3cf0-44c8-a24d-388899822ea6", "keyword": "khai trương rực rỡ", "step": "capture", "message": "Saved post_008.png (posinset=8)", "data": {"w": 2}, "seq": 32029}
{"ts": "2026-05-01T16:52:53.993227+00:00", "level": "INFO", "jobId": "7c7e4384-3cf0-44c8-a24d-388899822ea6", "keyword": "khai trương rực rỡ", "step": "cooldown", "message": "Cooldown 1.0s (after capture)", "data": {"w": 2}, "seq": 32030}
{"ts": "2026-05-01T16:52:55.016077+00:00", "level": "INFO", "jobId": "7c7e4384-3cf0-44c8-a24d-388899822ea6", "keyword": "khai trương rực rỡ", "step": "capture", "message": "Capturing posinset=9 (9/∞)…", "data": {"w": 2}, "seq": 32031}
{"ts": "2026-05-01T16:52:56.916220+00:00", "level": "INFO", "jobId": "7c7e4384-3cf0-44c8-a24d-388899822ea6", "keyword": "khai trương rực rỡ", "step": "capture", "message": "Saved post_009.png (posinset=9)", "data": {"w": 2}, "seq": 32034}
{"ts": "2026-05-01T16:52:56.917339+00:00", "level": "INFO", "jobId": "7c7e4384-3cf0-44c8-a24d-388899822ea6", "keyword": "khai trương rực rỡ", "step": "cooldown", "message": "Cooldown 1.0s (after capture)", "data": {"w": 2}, "seq": 32035}
{"ts": "2026-05-01T16:52:57.932388+00:00", "level": "INFO", "jobId": "7c7e4384-3cf0-44c8-a24d-388899822ea6", "keyword": "khai trương rực rỡ", "step": "capture", "message": "Capturing posinset=10 (10/∞)…", "data": {"w": 2}, "seq": 32038}
{"ts": "2026-05-01T16:52:59.101364+00:00", "level": "INFO", "jobId": "7c7e4384-3cf0-44c8-a24d-388899822ea6", "keyword": "khai trương rực rỡ", "step": "capture", "message": "Saved post_010.png (posinset=10)", "data": {"w": 2}, "seq": 32039}
{"ts": "2026-05-01T16:52:59.102365+00:00", "level": "INFO", "jobId": "7c7e4384-3cf0-44c8-a24d-388899822ea6", "keyword": "khai trương rực rỡ", "step": "cooldown", "message": "Cooldown 1.0s (after capture)", "data": {"w": 2}, "seq": 32040}
{"ts": "2026-05-01T16:53:00.682996+00:00", "level": "INFO", "jobId": "7c7e4384-3cf0-44c8-a24d-388899822ea6", "keyword": "khai trương rực rỡ", "step": "capture", "message": "Capturing posinset=11 (11/∞)…", "data": {"w": 2}, "seq": 32045}
{"ts": "2026-05-01T16:53:02.681311+00:00", "level": "INFO", "jobId": "7c7e4384-3cf0-44c8-a24d-388899822ea6", "keyword": "khai trương rực rỡ", "step": "capture", "message": "Saved post_011.png (posinset=11)", "data": {"w": 2}, "seq": 32050}
{"ts": "2026-05-01T16:53:02.694163+00:00", "level": "INFO", "jobId": "7c7e4384-3cf0-44c8-a24d-388899822ea6", "keyword": "khai trương rực rỡ", "step": "cooldown", "message": "Cooldown 1.0s (after capture)", "data": {"w": 2}, "seq": 32051}
{"ts": "2026-05-01T16:53:03.735879+00:00", "level": "INFO", "jobId": "7c7e4384-3cf0-44c8-a24d-388899822ea6", "keyword": "khai trương rực rỡ", "step": "heartbeat", "message": "Worker alive", "data": {"w": 2, "elapsed_s": 80}, "seq": 32052}
{"ts": "2026-05-01T16:53:03.743497+00:00", "level": "INFO", "jobId": "7c7e4384-3cf0-44c8-a24d-388899822ea6", "keyword": "khai trương rực rỡ", "step": "capture", "message": "Capturing posinset=12 (12/∞)…", "data": {"w": 2}, "seq": 32053}
{"ts": "2026-05-01T16:53:06.234041+00:00", "level": "INFO", "jobId": "7c7e4384-3cf0-44c8-a24d-388899822ea6", "keyword": "khai trương rực rỡ", "step": "capture", "message": "Saved post_012.png (posinset=12)", "data": {"w": 2}, "seq": 32057}
{"ts": "2026-05-01T16:53:06.235041+00:00", "level": "INFO", "jobId": "7c7e4384-3cf0-44c8-a24d-388899822ea6", "keyword": "khai trương rực rỡ", "step": "cooldown", "message": "Cooldown 1.0s (after capture)", "data": {"w": 2}, "seq": 32058}
{"ts": "2026-05-01T16:53:07.277187+00:00", "level": "INFO", "jobId": "7c7e4384-3cf0-44c8-a24d-388899822ea6", "keyword": "khai trương rực rỡ", "step": "capture", "message": "Capturing posinset=13 (13/∞)…", "data": {"w": 2}, "seq": 32059}
{"ts": "2026-05-01T16:53:09.199460+00:00", "level": "INFO", "jobId": "7c7e4384-3cf0-44c8-a24d-388899822ea6", "keyword": "khai trương rực rỡ", "step": "capture", "message": "Saved post_013.png (posinset=13)", "data": {"w": 2}, "seq": 32060}
{"ts": "2026-05-01T16:53:09.201469+00:00", "level": "INFO", "jobId": "7c7e4384-3cf0-44c8-a24d-388899822ea6", "keyword": "khai trương rực rỡ", "step": "cooldown", "message": "Cooldown 1.0s (after capture)", "data": {"w": 2}, "seq": 32061}
{"ts": "2026-05-01T16:53:10.234491+00:00", "level": "INFO", "jobId": "7c7e4384-3cf0-44c8-a24d-388899822ea6", "keyword": "khai trương rực rỡ", "step": "capture", "message": "Capturing posinset=14 (14/∞)…", "data": {"w": 2}, "seq": 32064}
{"ts": "2026-05-01T16:53:12.028657+00:00", "level": "INFO", "jobId": "7c7e4384-3cf0-44c8-a24d-388899822ea6", "keyword": "khai trương rực rỡ", "step": "capture", "message": "Saved post_014.png (posinset=14)", "data": {"w": 2}, "seq": 32065}
{"ts": "2026-05-01T16:53:12.030664+00:00", "level": "INFO", "jobId": "7c7e4384-3cf0-44c8-a24d-388899822ea6", "keyword": "khai trương rực rỡ", "step": "cooldown", "message": "Cooldown 1.0s (after capture)", "data": {"w": 2}, "seq": 32066}
{"ts": "2026-05-01T16:53:13.149671+00:00", "level": "INFO", "jobId": "7c7e4384-3cf0-44c8-a24d-388899822ea6", "keyword": "khai trương rực rỡ", "step": "capture", "message": "Capturing posinset=15 (15/∞)…", "data": {"w": 2}, "seq": 32067}
{"ts": "2026-05-01T16:53:17.136573+00:00", "level": "INFO", "jobId": "7c7e4384-3cf0-44c8-a24d-388899822ea6", "keyword": "khai trương rực rỡ", "step": "capture", "message": "Saved post_015.png (posinset=15)", "data": {"w": 2}, "seq": 32068}
{"ts": "2026-05-01T16:53:17.139616+00:00", "level": "INFO", "jobId": "7c7e4384-3cf0-44c8-a24d-388899822ea6", "keyword": "khai trương rực rỡ", "step": "cooldown", "message": "Cooldown 1.0s (after capture)", "data": {"w": 2}, "seq": 32069}
{"ts": "2026-05-01T16:53:18.160813+00:00", "level": "INFO", "jobId": "7c7e4384-3cf0-44c8-a24d-388899822ea6", "keyword": "khai trương rực rỡ", "step": "capture", "message": "Capturing posinset=16 (16/∞)…", "data": {"w": 2}, "seq": 32072}
{"ts": "2026-05-01T16:53:19.313106+00:00", "level": "INFO", "jobId": "7c7e4384-3cf0-44c8-a24d-388899822ea6", "keyword": "khai trương rực rỡ", "step": "capture", "message": "Saved post_016.png (posinset=16)", "data": {"w": 2}, "seq": 32075}
{"ts": "2026-05-01T16:53:19.315426+00:00", "level": "INFO", "jobId": "7c7e4384-3cf0-44c8-a24d-388899822ea6", "keyword": "khai trương rực rỡ", "step": "cooldown", "message": "Cooldown 1.0s (after capture)", "data": {"w": 2}, "seq": 32076}
{"ts": "2026-05-01T16:53:20.429234+00:00", "level": "INFO", "jobId": "7c7e4384-3cf0-44c8-a24d-388899822ea6", "keyword": "khai trương rực rỡ", "step": "heartbeat", "message": "Worker alive", "data": {"w": 2, "elapsed_s": 97}, "seq": 32077}
{"ts": "2026-05-01T16:53:20.431716+00:00", "level": "INFO", "jobId": "7c7e4384-3cf0-44c8-a24d-388899822ea6", "keyword": "khai trương rực rỡ", "step": "capture", "message": "Capturing posinset=17 (17/∞)…", "data": {"w": 2}, "seq": 32078}
{"ts": "2026-05-01T16:53:21.815405+00:00", "level": "INFO", "jobId": "7c7e4384-3cf0-44c8-a24d-388899822ea6", "keyword": "khai trương rực rỡ", "step": "capture", "message": "Saved post_017.png (posinset=17)", "data": {"w": 2}, "seq": 32081}
{"ts": "2026-05-01T16:53:21.815405+00:00", "level": "INFO", "jobId": "7c7e4384-3cf0-44c8-a24d-388899822ea6", "keyword": "khai trương rực rỡ", "step": "cooldown", "message": "Cooldown 1.0s (after capture)", "data": {"w": 2}, "seq": 32082}
{"ts": "2026-05-01T16:53:22.858016+00:00", "level": "INFO", "jobId": "7c7e4384-3cf0-44c8-a24d-388899822ea6", "keyword": "khai trương rực rỡ", "step": "capture", "message": "Capturing posinset=18 (18/∞)…", "data": {"w": 2}, "seq": 32083}
{"ts": "2026-05-01T16:53:24.813768+00:00", "level": "INFO", "jobId": "7c7e4384-3cf0-44c8-a24d-388899822ea6", "keyword": "khai trương rực rỡ", "step": "capture", "message": "Saved post_018.png (posinset=18)", "data": {"w": 2}, "seq": 32085}
{"ts": "2026-05-01T16:53:24.815806+00:00", "level": "INFO", "jobId": "7c7e4384-3cf0-44c8-a24d-388899822ea6", "keyword": "khai trương rực rỡ", "step": "cooldown", "message": "Cooldown 1.0s (after capture)", "data": {"w": 2}, "seq": 32086}
{"ts": "2026-05-01T16:53:25.878500+00:00", "level": "INFO", "jobId": "7c7e4384-3cf0-44c8-a24d-388899822ea6", "keyword": "khai trương rực rỡ", "step": "capture", "message": "Capturing posinset=19 (19/∞)…", "data": {"w": 2}, "seq": 32089}
{"ts": "2026-05-01T16:53:29.929301+00:00", "level": "INFO", "jobId": "7c7e4384-3cf0-44c8-a24d-388899822ea6", "keyword": "khai trương rực rỡ", "step": "capture", "message": "Saved post_019.png (posinset=19)", "data": {"w": 2}, "seq": 32091}
{"ts": "2026-05-01T16:53:29.930302+00:00", "level": "INFO", "jobId": "7c7e4384-3cf0-44c8-a24d-388899822ea6", "keyword": "khai trương rực rỡ", "step": "cooldown", "message": "Cooldown 1.0s (after capture)", "data": {"w": 2}, "seq": 32092}
{"ts": "2026-05-01T16:53:31.298735+00:00", "level": "INFO", "jobId": "7c7e4384-3cf0-44c8-a24d-388899822ea6", "keyword": "khai trương rực rỡ", "step": "capture", "message": "Capturing posinset=20 (20/∞)…", "data": {"w": 2}, "seq": 32093}
{"ts": "2026-05-01T16:53:34.163235+00:00", "level": "INFO", "jobId": "7c7e4384-3cf0-44c8-a24d-388899822ea6", "keyword": "khai trương rực rỡ", "step": "capture", "message": "Saved post_020.png (posinset=20)", "data": {"w": 2}, "seq": 32095}
{"ts": "2026-05-01T16:53:34.165245+00:00", "level": "INFO", "jobId": "7c7e4384-3cf0-44c8-a24d-388899822ea6", "keyword": "khai trương rực rỡ", "step": "cooldown", "message": "Cooldown 1.0s (after capture)", "data": {"w": 2}, "seq": 32096}
{"ts": "2026-05-01T16:53:36.031001+00:00", "level": "INFO", "jobId": "7c7e4384-3cf0-44c8-a24d-388899822ea6", "keyword": "khai trương rực rỡ", "step": "heartbeat", "message": "Worker alive", "data": {"w": 2, "elapsed_s": 112}, "seq": 32100}
{"ts": "2026-05-01T16:53:36.052790+00:00", "level": "INFO", "jobId": "7c7e4384-3cf0-44c8-a24d-388899822ea6", "keyword": "khai trương rực rỡ", "step": "capture", "message": "Capturing posinset=21 (21/∞)…", "data": {"w": 2}, "seq": 32101}
{"ts": "2026-05-01T16:53:38.363367+00:00", "level": "INFO", "jobId": "7c7e4384-3cf0-44c8-a24d-388899822ea6", "keyword": "khai trương rực rỡ", "step": "capture", "message": "Saved post_021.png (posinset=21)", "data": {"w": 2}, "seq": 32104}
{"ts": "2026-05-01T16:53:38.365642+00:00", "level": "INFO", "jobId": "7c7e4384-3cf0-44c8-a24d-388899822ea6", "keyword": "khai trương rực rỡ", "step": "cooldown", "message": "Cooldown 1.0s (after capture)", "data": {"w": 2}, "seq": 32105}
{"ts": "2026-05-01T16:53:39.395502+00:00", "level": "INFO", "jobId": "7c7e4384-3cf0-44c8-a24d-388899822ea6", "keyword": "khai trương rực rỡ", "step": "capture", "message": "Capturing posinset=22 (22/∞)…", "data": {"w": 2}, "seq": 32108}
{"ts": "2026-05-01T16:53:40.781603+00:00", "level": "INFO", "jobId": "7c7e4384-3cf0-44c8-a24d-388899822ea6", "keyword": "khai trương rực rỡ", "step": "capture", "message": "Saved post_022.png (posinset=22)", "data": {"w": 2}, "seq": 32112}
{"ts": "2026-05-01T16:53:40.782646+00:00", "level": "INFO", "jobId": "7c7e4384-3cf0-44c8-a24d-388899822ea6", "keyword": "khai trương rực rỡ", "step": "cooldown", "message": "Cooldown 1.0s (after capture)", "data": {"w": 2}, "seq": 32113}
{"ts": "2026-05-01T16:53:41.792828+00:00", "level": "INFO", "jobId": "7c7e4384-3cf0-44c8-a24d-388899822ea6", "keyword": "khai trương rực rỡ", "step": "capture", "message": "Capturing posinset=23 (23/∞)…", "data": {"w": 2}, "seq": 32117}
{"ts": "2026-05-01T16:53:45.323221+00:00", "level": "INFO", "jobId": "7c7e4384-3cf0-44c8-a24d-388899822ea6", "keyword": "khai trương rực rỡ", "step": "capture", "message": "Saved post_023.png (posinset=23)", "data": {"w": 2}, "seq": 32124}
{"ts": "2026-05-01T16:53:45.326220+00:00", "level": "INFO", "jobId": "7c7e4384-3cf0-44c8-a24d-388899822ea6", "keyword": "khai trương rực rỡ", "step": "cooldown", "message": "Cooldown 1.0s (after capture)", "data": {"w": 2}, "seq": 32125}
{"ts": "2026-05-01T16:53:46.409381+00:00", "level": "INFO", "jobId": "7c7e4384-3cf0-44c8-a24d-388899822ea6", "keyword": "khai trương rực rỡ", "step": "capture", "message": "Capturing posinset=24 (24/∞)…", "data": {"w": 2}, "seq": 32127}
{"ts": "2026-05-01T16:53:48.082366+00:00", "level": "INFO", "jobId": "7c7e4384-3cf0-44c8-a24d-388899822ea6", "keyword": "khai trương rực rỡ", "step": "capture", "message": "Saved post_024.png (posinset=24)", "data": {"w": 2}, "seq": 32130}
{"ts": "2026-05-01T16:53:48.089421+00:00", "level": "INFO", "jobId": "7c7e4384-3cf0-44c8-a24d-388899822ea6", "keyword": "khai trương rực rỡ", "step": "cooldown", "message": "Cooldown 1.0s (after capture)", "data": {"w": 2}, "seq": 32131}
{"ts": "2026-05-01T16:53:49.120837+00:00", "level": "INFO", "jobId": "7c7e4384-3cf0-44c8-a24d-388899822ea6", "keyword": "khai trương rực rỡ", "step": "capture", "message": "Capturing posinset=25 (25/∞)…", "data": {"w": 2}, "seq": 32134}
{"ts": "2026-05-01T16:53:50.996778+00:00", "level": "INFO", "jobId": "7c7e4384-3cf0-44c8-a24d-388899822ea6", "keyword": "khai trương rực rỡ", "step": "capture", "message": "Saved post_025.png (posinset=25)", "data": {"w": 2}, "seq": 32140}
{"ts": "2026-05-01T16:53:50.998172+00:00", "level": "INFO", "jobId": "7c7e4384-3cf0-44c8-a24d-388899822ea6", "keyword": "khai trương rực rỡ", "step": "cooldown", "message": "Cooldown 1.0s (after capture)", "data": {"w": 2}, "seq": 32141}
{"ts": "2026-05-01T16:53:53.091193+00:00", "level": "INFO", "jobId": "7c7e4384-3cf0-44c8-a24d-388899822ea6", "keyword": "khai trương rực rỡ", "step": "heartbeat", "message": "Worker alive", "data": {"w": 2, "elapsed_s": 129}, "seq": 32143}
{"ts": "2026-05-01T16:53:53.095194+00:00", "level": "INFO", "jobId": "7c7e4384-3cf0-44c8-a24d-388899822ea6", "keyword": "khai trương rực rỡ", "step": "capture", "message": "Capturing posinset=26 (26/∞)…", "data": {"w": 2}, "seq": 32144}
{"ts": "2026-05-01T16:53:55.122528+00:00", "level": "INFO", "jobId": "7c7e4384-3cf0-44c8-a24d-388899822ea6", "keyword": "khai trương rực rỡ", "step": "capture", "message": "Saved post_026.png (posinset=26)", "data": {"w": 2}, "seq": 32150}
{"ts": "2026-05-01T16:53:55.123554+00:00", "level": "INFO", "jobId": "7c7e4384-3cf0-44c8-a24d-388899822ea6", "keyword": "khai trương rực rỡ", "step": "cooldown", "message": "Cooldown 1.0s (after capture)", "data": {"w": 2}, "seq": 32151}
{"ts": "2026-05-01T16:53:56.147206+00:00", "level": "INFO", "jobId": "7c7e4384-3cf0-44c8-a24d-388899822ea6", "keyword": "khai trương rực rỡ", "step": "capture", "message": "Capturing posinset=27 (27/∞)…", "data": {"w": 2}, "seq": 32154}
{"ts": "2026-05-01T16:53:58.491737+00:00", "level": "INFO", "jobId": "7c7e4384-3cf0-44c8-a24d-388899822ea6", "keyword": "khai trương rực rỡ", "step": "capture", "message": "Saved post_027.png (posinset=27)", "data": {"w": 2}, "seq": 32158}
{"ts": "2026-05-01T16:53:58.493624+00:00", "level": "INFO", "jobId": "7c7e4384-3cf0-44c8-a24d-388899822ea6", "keyword": "khai trương rực rỡ", "step": "cooldown", "message": "Cooldown 1.0s (after capture)", "data": {"w": 2}, "seq": 32159}
{"ts": "2026-05-01T16:53:59.504888+00:00", "level": "INFO", "jobId": "7c7e4384-3cf0-44c8-a24d-388899822ea6", "keyword": "khai trương rực rỡ", "step": "capture", "message": "Capturing posinset=28 (28/∞)…", "data": {"w": 2}, "seq": 32162}
{"ts": "2026-05-01T16:54:02.412487+00:00", "level": "INFO", "jobId": "7c7e4384-3cf0-44c8-a24d-388899822ea6", "keyword": "khai trương rực rỡ", "step": "capture", "message": "Saved post_028.png (posinset=28)", "data": {"w": 2}, "seq": 32169}
{"ts": "2026-05-01T16:54:02.414837+00:00", "level": "INFO", "jobId": "7c7e4384-3cf0-44c8-a24d-388899822ea6", "keyword": "khai trương rực rỡ", "step": "cooldown", "message": "Cooldown 1.0s (after capture)", "data": {"w": 2}, "seq": 32170}
{"ts": "2026-05-01T16:54:03.442296+00:00", "level": "INFO", "jobId": "7c7e4384-3cf0-44c8-a24d-388899822ea6", "keyword": "khai trương rực rỡ", "step": "capture", "message": "Capturing posinset=29 (29/∞)…", "data": {"w": 2}, "seq": 32172}
{"ts": "2026-05-01T16:54:05.430992+00:00", "level": "INFO", "jobId": "7c7e4384-3cf0-44c8-a24d-388899822ea6", "keyword": "khai trương rực rỡ", "step": "capture", "message": "Saved post_029.png (posinset=29)", "data": {"w": 2}, "seq": 32175}
{"ts": "2026-05-01T16:54:05.438080+00:00", "level": "INFO", "jobId": "7c7e4384-3cf0-44c8-a24d-388899822ea6", "keyword": "khai trương rực rỡ", "step": "cooldown", "message": "Cooldown 1.0s (after capture)", "data": {"w": 2}, "seq": 32176}
{"ts": "2026-05-01T16:54:06.510523+00:00", "level": "INFO", "jobId": "7c7e4384-3cf0-44c8-a24d-388899822ea6", "keyword": "khai trương rực rỡ", "step": "capture", "message": "Capturing posinset=30 (30/∞)…", "data": {"w": 2}, "seq": 32179}
{"ts": "2026-05-01T16:54:08.518247+00:00", "level": "INFO", "jobId": "7c7e4384-3cf0-44c8-a24d-388899822ea6", "keyword": "khai trương rực rỡ", "step": "capture", "message": "Saved post_030.png (posinset=30)", "data": {"w": 2}, "seq": 32182}
{"ts": "2026-05-01T16:54:08.520252+00:00", "level": "INFO", "jobId": "7c7e4384-3cf0-44c8-a24d-388899822ea6", "keyword": "khai trương rực rỡ", "step": "cooldown", "message": "Cooldown 1.0s (after capture)", "data": {"w": 2}, "seq": 32183}
{"ts": "2026-05-01T16:54:09.919651+00:00", "level": "INFO", "jobId": "7c7e4384-3cf0-44c8-a24d-388899822ea6", "keyword": "khai trương rực rỡ", "step": "heartbeat", "message": "Worker alive", "data": {"w": 2, "elapsed_s": 146}, "seq": 32185}
{"ts": "2026-05-01T16:54:09.921105+00:00", "level": "INFO", "jobId": "7c7e4384-3cf0-44c8-a24d-388899822ea6", "keyword": "khai trương rực rỡ", "step": "capture", "message": "Capturing posinset=31 (31/∞)…", "data": {"w": 2}, "seq": 32186}
{"ts": "2026-05-01T16:54:12.922801+00:00", "level": "INFO", "jobId": "7c7e4384-3cf0-44c8-a24d-388899822ea6", "keyword": "khai trương rực rỡ", "step": "capture", "message": "Capturing posinset=31 (31/∞)…", "data": {"w": 2}, "seq": 32190}
{"ts": "2026-05-01T16:54:14.588699+00:00", "level": "INFO", "jobId": "7c7e4384-3cf0-44c8-a24d-388899822ea6", "keyword": "khai trương rực rỡ", "step": "capture", "message": "Saved post_031.png (posinset=31)", "data": {"w": 2}, "seq": 32193}
{"ts": "2026-05-01T16:54:14.589805+00:00", "level": "INFO", "jobId": "7c7e4384-3cf0-44c8-a24d-388899822ea6", "keyword": "khai trương rực rỡ", "step": "cooldown", "message": "Cooldown 1.0s (after capture)", "data": {"w": 2}, "seq": 32194}
{"ts": "2026-05-01T16:54:15.790139+00:00", "level": "INFO", "jobId": "7c7e4384-3cf0-44c8-a24d-388899822ea6", "keyword": "khai trương rực rỡ", "step": "capture", "message": "Capturing posinset=32 (32/∞)…", "data": {"w": 2}, "seq": 32198}
{"ts": "2026-05-01T16:54:17.339959+00:00", "level": "INFO", "jobId": "7c7e4384-3cf0-44c8-a24d-388899822ea6", "keyword": "khai trương rực rỡ", "step": "capture", "message": "Saved post_032.png (posinset=32)", "data": {"w": 2}, "seq": 32203}
{"ts": "2026-05-01T16:54:17.341958+00:00", "level": "INFO", "jobId": "7c7e4384-3cf0-44c8-a24d-388899822ea6", "keyword": "khai trương rực rỡ", "step": "cooldown", "message": "Cooldown 1.0s (after capture)", "data": {"w": 2}, "seq": 32204}
{"ts": "2026-05-01T16:54:18.366287+00:00", "level": "INFO", "jobId": "7c7e4384-3cf0-44c8-a24d-388899822ea6", "keyword": "khai trương rực rỡ", "step": "capture", "message": "Capturing posinset=33 (33/∞)…", "data": {"w": 2}, "seq": 32206}
{"ts": "2026-05-01T16:54:20.242610+00:00", "level": "INFO", "jobId": "7c7e4384-3cf0-44c8-a24d-388899822ea6", "keyword": "khai trương rực rỡ", "step": "capture", "message": "Saved post_033.png (posinset=33)", "data": {"w": 2}, "seq": 32209}
{"ts": "2026-05-01T16:54:20.244669+00:00", "level": "INFO", "jobId": "7c7e4384-3cf0-44c8-a24d-388899822ea6", "keyword": "khai trương rực rỡ", "step": "cooldown", "message": "Cooldown 1.0s (after capture)", "data": {"w": 2}, "seq": 32210}
{"ts": "2026-05-01T16:54:21.292509+00:00", "level": "INFO", "jobId": "7c7e4384-3cf0-44c8-a24d-388899822ea6", "keyword": "khai trương rực rỡ", "step": "capture", "message": "Capturing posinset=34 (34/∞)…", "data": {"w": 2}, "seq": 32214}
{"ts": "2026-05-01T16:54:23.196163+00:00", "level": "INFO", "jobId": "7c7e4384-3cf0-44c8-a24d-388899822ea6", "keyword": "khai trương rực rỡ", "step": "capture", "message": "Saved post_034.png (posinset=34)", "data": {"w": 2}, "seq": 32218}
{"ts": "2026-05-01T16:54:23.202193+00:00", "level": "INFO", "jobId": "7c7e4384-3cf0-44c8-a24d-388899822ea6", "keyword": "khai trương rực rỡ", "step": "cooldown", "message": "Cooldown 1.0s (after capture)", "data": {"w": 2}, "seq": 32219}
{"ts": "2026-05-01T16:54:24.224052+00:00", "level": "INFO", "jobId": "7c7e4384-3cf0-44c8-a24d-388899822ea6", "keyword": "khai trương rực rỡ", "step": "capture", "message": "Capturing posinset=35 (35/∞)…", "data": {"w": 2}, "seq": 32221}
{"ts": "2026-05-01T16:54:28.457032+00:00", "level": "INFO", "jobId": "7c7e4384-3cf0-44c8-a24d-388899822ea6", "keyword": "khai trương rực rỡ", "step": "capture", "message": "Saved post_035.png (posinset=35)", "data": {"w": 2}, "seq": 32223}
{"ts": "2026-05-01T16:54:28.459040+00:00", "level": "INFO", "jobId": "7c7e4384-3cf0-44c8-a24d-388899822ea6", "keyword": "khai trương rực rỡ", "step": "cooldown", "message": "Cooldown 1.0s (after capture)", "data": {"w": 2}, "seq": 32224}
{"ts": "2026-05-01T16:54:29.492286+00:00", "level": "INFO", "jobId": "7c7e4384-3cf0-44c8-a24d-388899822ea6", "keyword": "khai trương rực rỡ", "step": "heartbeat", "message": "Worker alive", "data": {"w": 2, "elapsed_s": 166}, "seq": 32225}
{"ts": "2026-05-01T16:54:29.495880+00:00", "level": "INFO", "jobId": "7c7e4384-3cf0-44c8-a24d-388899822ea6", "keyword": "khai trương rực rỡ", "step": "capture", "message": "Capturing posinset=36 (36/∞)…", "data": {"w": 2}, "seq": 32226}
{"ts": "2026-05-01T16:54:30.830347+00:00", "level": "INFO", "jobId": "7c7e4384-3cf0-44c8-a24d-388899822ea6", "keyword": "khai trương rực rỡ", "step": "capture", "message": "Capturing posinset=36 (36/∞)…", "data": {"w": 2}, "seq": 32229}
{"ts": "2026-05-01T16:54:32.143400+00:00", "level": "INFO", "jobId": "7c7e4384-3cf0-44c8-a24d-388899822ea6", "keyword": "khai trương rực rỡ", "step": "capture", "message": "Capturing posinset=36 (36/∞)…", "data": {"w": 2}, "seq": 32233}
{"ts": "2026-05-01T16:54:33.586808+00:00", "level": "INFO", "jobId": "7c7e4384-3cf0-44c8-a24d-388899822ea6", "keyword": "khai trương rực rỡ", "step": "capture", "message": "Capturing posinset=36 (36/∞)…", "data": {"w": 2}, "seq": 32238}
{"ts": "2026-05-01T16:54:36.689060+00:00", "level": "INFO", "jobId": "7c7e4384-3cf0-44c8-a24d-388899822ea6", "keyword": "khai trương rực rỡ", "step": "capture", "message": "Capturing posinset=36 (36/∞)…", "data": {"w": 2}, "seq": 32242}
{"ts": "2026-05-01T16:54:38.688977+00:00", "level": "INFO", "jobId": "7c7e4384-3cf0-44c8-a24d-388899822ea6", "keyword": "khai trương rực rỡ", "step": "capture", "message": "Saved post_036.png (posinset=36)", "data": {"w": 2}, "seq": 32248}
{"ts": "2026-05-01T16:54:38.690760+00:00", "level": "INFO", "jobId": "7c7e4384-3cf0-44c8-a24d-388899822ea6", "keyword": "khai trương rực rỡ", "step": "cooldown", "message": "Cooldown 1.0s (after capture)", "data": {"w": 2}, "seq": 32249}
{"ts": "2026-05-01T16:54:39.734118+00:00", "level": "INFO", "jobId": "7c7e4384-3cf0-44c8-a24d-388899822ea6", "keyword": "khai trương rực rỡ", "step": "capture", "message": "Capturing posinset=37 (37/∞)…", "data": {"w": 2}, "seq": 32252}
{"ts": "2026-05-01T16:54:41.935515+00:00", "level": "INFO", "jobId": "7c7e4384-3cf0-44c8-a24d-388899822ea6", "keyword": "khai trương rực rỡ", "step": "capture", "message": "Saved post_037.png (posinset=37)", "data": {"w": 2}, "seq": 32254}
{"ts": "2026-05-01T16:54:41.938514+00:00", "level": "INFO", "jobId": "7c7e4384-3cf0-44c8-a24d-388899822ea6", "keyword": "khai trương rực rỡ", "step": "cooldown", "message": "Cooldown 1.0s (after capture)", "data": {"w": 2}, "seq": 32255}
{"ts": "2026-05-01T16:54:42.988919+00:00", "level": "INFO", "jobId": "7c7e4384-3cf0-44c8-a24d-388899822ea6", "keyword": "khai trương rực rỡ", "step": "capture", "message": "Capturing posinset=38 (38/∞)…", "data": {"w": 2}, "seq": 32258}
{"ts": "2026-05-01T16:54:47.167309+00:00", "level": "INFO", "jobId": "7c7e4384-3cf0-44c8-a24d-388899822ea6", "keyword": "khai trương rực rỡ", "step": "capture", "message": "Saved post_038.png (posinset=38)", "data": {"w": 2}, "seq": 32262}
{"ts": "2026-05-01T16:54:47.168307+00:00", "level": "INFO", "jobId": "7c7e4384-3cf0-44c8-a24d-388899822ea6", "keyword": "khai trương rực rỡ", "step": "cooldown", "message": "Cooldown 1.0s (after capture)", "data": {"w": 2}, "seq": 32263}
{"ts": "2026-05-01T16:54:48.219149+00:00", "level": "INFO", "jobId": "7c7e4384-3cf0-44c8-a24d-388899822ea6", "keyword": "khai trương rực rỡ", "step": "heartbeat", "message": "Worker alive", "data": {"w": 2, "elapsed_s": 184}, "seq": 32266}
{"ts": "2026-05-01T16:54:48.221149+00:00", "level": "INFO", "jobId": "7c7e4384-3cf0-44c8-a24d-388899822ea6", "keyword": "khai trương rực rỡ", "step": "capture", "message": "Capturing posinset=39 (39/∞)…", "data": {"w": 2}, "seq": 32267}
{"ts": "2026-05-01T16:54:50.004231+00:00", "level": "INFO", "jobId": "7c7e4384-3cf0-44c8-a24d-388899822ea6", "keyword": "khai trương rực rỡ", "step": "capture", "message": "Saved post_039.png (posinset=39)", "data": {"w": 2}, "seq": 32273}
{"ts": "2026-05-01T16:54:50.005231+00:00", "level": "INFO", "jobId": "7c7e4384-3cf0-44c8-a24d-388899822ea6", "keyword": "khai trương rực rỡ", "step": "cooldown", "message": "Cooldown 1.0s (after capture)", "data": {"w": 2}, "seq": 32274}
{"ts": "2026-05-01T16:54:51.035464+00:00", "level": "INFO", "jobId": "7c7e4384-3cf0-44c8-a24d-388899822ea6", "keyword": "khai trương rực rỡ", "step": "capture", "message": "Capturing posinset=40 (40/∞)…", "data": {"w": 2}, "seq": 32275}
{"ts": "2026-05-01T16:54:52.698669+00:00", "level": "INFO", "jobId": "7c7e4384-3cf0-44c8-a24d-388899822ea6", "keyword": "khai trương rực rỡ", "step": "capture", "message": "Saved post_040.png (posinset=40)", "data": {"w": 2}, "seq": 32278}
{"ts": "2026-05-01T16:54:52.700660+00:00", "level": "INFO", "jobId": "7c7e4384-3cf0-44c8-a24d-388899822ea6", "keyword": "khai trương rực rỡ", "step": "cooldown", "message": "Cooldown 1.0s (after capture)", "data": {"w": 2}, "seq": 32279}
{"ts": "2026-05-01T16:54:53.732338+00:00", "level": "INFO", "jobId": "7c7e4384-3cf0-44c8-a24d-388899822ea6", "keyword": "khai trương rực rỡ", "step": "capture", "message": "Capturing posinset=41 (41/∞)…", "data": {"w": 2}, "seq": 32282}
{"ts": "2026-05-01T16:54:55.205401+00:00", "level": "INFO", "jobId": "7c7e4384-3cf0-44c8-a24d-388899822ea6", "keyword": "khai trương rực rỡ", "step": "capture", "message": "Capturing posinset=41 (41/∞)…", "data": {"w": 2}, "seq": 32285}
{"ts": "2026-05-01T16:54:58.044424+00:00", "level": "INFO", "jobId": "7c7e4384-3cf0-44c8-a24d-388899822ea6", "keyword": "khai trương rực rỡ", "step": "capture", "message": "Capturing posinset=41 (41/∞)…", "data": {"w": 2}, "seq": 32289}
{"ts": "2026-05-01T16:55:00.110868+00:00", "level": "INFO", "jobId": "7c7e4384-3cf0-44c8-a24d-388899822ea6", "keyword": "khai trương rực rỡ", "step": "capture", "message": "Saved post_041.png (posinset=41)", "data": {"w": 2}, "seq": 32291}
{"ts": "2026-05-01T16:55:00.114896+00:00", "level": "INFO", "jobId": "7c7e4384-3cf0-44c8-a24d-388899822ea6", "keyword": "khai trương rực rỡ", "step": "cooldown", "message": "Cooldown 1.0s (after capture)", "data": {"w": 2}, "seq": 32292}
{"ts": "2026-05-01T16:55:01.185414+00:00", "level": "INFO", "jobId": "7c7e4384-3cf0-44c8-a24d-388899822ea6", "keyword": "khai trương rực rỡ", "step": "capture", "message": "Capturing posinset=42 (42/∞)…", "data": {"w": 2}, "seq": 32293}
{"ts": "2026-05-01T16:55:06.520171+00:00", "level": "INFO", "jobId": "7c7e4384-3cf0-44c8-a24d-388899822ea6", "keyword": "khai trương rực rỡ", "step": "capture", "message": "Saved post_042.png (posinset=42)", "data": {"w": 2}, "seq": 32301}
{"ts": "2026-05-01T16:55:06.521680+00:00", "level": "INFO", "jobId": "7c7e4384-3cf0-44c8-a24d-388899822ea6", "keyword": "khai trương rực rỡ", "step": "cooldown", "message": "Cooldown 1.0s (after capture)", "data": {"w": 2}, "seq": 32302}
{"ts": "2026-05-01T16:55:07.601511+00:00", "level": "INFO", "jobId": "7c7e4384-3cf0-44c8-a24d-388899822ea6", "keyword": "khai trương rực rỡ", "step": "heartbeat", "message": "Worker alive", "data": {"w": 2, "elapsed_s": 204}, "seq": 32303}
{"ts": "2026-05-01T16:55:07.613602+00:00", "level": "INFO", "jobId": "7c7e4384-3cf0-44c8-a24d-388899822ea6", "keyword": "khai trương rực rỡ", "step": "capture", "message": "Capturing posinset=43 (43/∞)…", "data": {"w": 2}, "seq": 32305}
{"ts": "2026-05-01T16:55:11.085845+00:00", "level": "INFO", "jobId": "7c7e4384-3cf0-44c8-a24d-388899822ea6", "keyword": "khai trương rực rỡ", "step": "capture", "message": "Saved post_043.png (posinset=43)", "data": {"w": 2}, "seq": 32309}
{"ts": "2026-05-01T16:55:11.086845+00:00", "level": "INFO", "jobId": "7c7e4384-3cf0-44c8-a24d-388899822ea6", "keyword": "khai trương rực rỡ", "step": "cooldown", "message": "Cooldown 1.0s (after capture)", "data": {"w": 2}, "seq": 32310}
{"ts": "2026-05-01T16:55:12.126039+00:00", "level": "INFO", "jobId": "7c7e4384-3cf0-44c8-a24d-388899822ea6", "keyword": "khai trương rực rỡ", "step": "capture", "message": "Capturing posinset=44 (44/∞)…", "data": {"w": 2}, "seq": 32313}
{"ts": "2026-05-01T16:55:16.135936+00:00", "level": "INFO", "jobId": "7c7e4384-3cf0-44c8-a24d-388899822ea6", "keyword": "khai trương rực rỡ", "step": "capture", "message": "Saved post_044.png (posinset=44)", "data": {"w": 2}, "seq": 32320}
{"ts": "2026-05-01T16:55:16.138309+00:00", "level": "INFO", "jobId": "7c7e4384-3cf0-44c8-a24d-388899822ea6", "keyword": "khai trương rực rỡ", "step": "cooldown", "message": "Cooldown 1.0s (after capture)", "data": {"w": 2}, "seq": 32321}
{"ts": "2026-05-01T16:55:17.177279+00:00", "level": "INFO", "jobId": "7c7e4384-3cf0-44c8-a24d-388899822ea6", "keyword": "khai trương rực rỡ", "step": "capture", "message": "Capturing posinset=45 (45/∞)…", "data": {"w": 2}, "seq": 32323}
{"ts": "2026-05-01T16:55:18.715639+00:00", "level": "INFO", "jobId": "7c7e4384-3cf0-44c8-a24d-388899822ea6", "keyword": "khai trương rực rỡ", "step": "capture", "message": "Saved post_045.png (posinset=45)", "data": {"w": 2}, "seq": 32328}
{"ts": "2026-05-01T16:55:18.716643+00:00", "level": "INFO", "jobId": "7c7e4384-3cf0-44c8-a24d-388899822ea6", "keyword": "khai trương rực rỡ", "step": "cooldown", "message": "Cooldown 1.0s (after capture)", "data": {"w": 2}, "seq": 32329}
{"ts": "2026-05-01T16:55:19.850277+00:00", "level": "INFO", "jobId": "7c7e4384-3cf0-44c8-a24d-388899822ea6", "keyword": "khai trương rực rỡ", "step": "capture", "message": "Capturing posinset=46 (46/∞)…", "data": {"w": 2}, "seq": 32331}
{"ts": "2026-05-01T16:55:21.522782+00:00", "level": "INFO", "jobId": "7c7e4384-3cf0-44c8-a24d-388899822ea6", "keyword": "khai trương rực rỡ", "step": "capture", "message": "Capturing posinset=46 (46/∞)…", "data": {"w": 2}, "seq": 32333}
{"ts": "2026-05-01T16:55:24.326690+00:00", "level": "INFO", "jobId": "7c7e4384-3cf0-44c8-a24d-388899822ea6", "keyword": "khai trương rực rỡ", "step": "heartbeat", "message": "Worker alive", "data": {"w": 2, "elapsed_s": 220}, "seq": 32337}
{"ts": "2026-05-01T16:55:24.328700+00:00", "level": "INFO", "jobId": "7c7e4384-3cf0-44c8-a24d-388899822ea6", "keyword": "khai trương rực rỡ", "step": "capture", "message": "Capturing posinset=46 (46/∞)…", "data": {"w": 2}, "seq": 32338}
{"ts": "2026-05-01T16:55:27.182336+00:00", "level": "INFO", "jobId": "7c7e4384-3cf0-44c8-a24d-388899822ea6", "keyword": "khai trương rực rỡ", "step": "capture", "message": "Saved post_046.png (posinset=46)", "data": {"w": 2}, "seq": 32341}
{"ts": "2026-05-01T16:55:27.182336+00:00", "level": "INFO", "jobId": "7c7e4384-3cf0-44c8-a24d-388899822ea6", "keyword": "khai trương rực rỡ", "step": "cooldown", "message": "Cooldown 1.0s (after capture)", "data": {"w": 2}, "seq": 32342}
{"ts": "2026-05-01T16:55:28.210150+00:00", "level": "INFO", "jobId": "7c7e4384-3cf0-44c8-a24d-388899822ea6", "keyword": "khai trương rực rỡ", "step": "capture", "message": "Capturing posinset=47 (47/∞)…", "data": {"w": 2}, "seq": 32345}
{"ts": "2026-05-01T16:55:30.284392+00:00", "level": "INFO", "jobId": "7c7e4384-3cf0-44c8-a24d-388899822ea6", "keyword": "khai trương rực rỡ", "step": "capture", "message": "Saved post_047.png (posinset=47)", "data": {"w": 2}, "seq": 32349}
{"ts": "2026-05-01T16:55:30.287032+00:00", "level": "INFO", "jobId": "7c7e4384-3cf0-44c8-a24d-388899822ea6", "keyword": "khai trương rực rỡ", "step": "cooldown", "message": "Cooldown 1.0s (after capture)", "data": {"w": 2}, "seq": 32350}
{"ts": "2026-05-01T16:55:31.331632+00:00", "level": "INFO", "jobId": "7c7e4384-3cf0-44c8-a24d-388899822ea6", "keyword": "khai trương rực rỡ", "step": "capture", "message": "Capturing posinset=48 (48/∞)…", "data": {"w": 2}, "seq": 32351}
{"ts": "2026-05-01T16:55:32.989632+00:00", "level": "INFO", "jobId": "7c7e4384-3cf0-44c8-a24d-388899822ea6", "keyword": "khai trương rực rỡ", "step": "capture", "message": "Saved post_048.png (posinset=48)", "data": {"w": 2}, "seq": 32355}
{"ts": "2026-05-01T16:55:32.990638+00:00", "level": "INFO", "jobId": "7c7e4384-3cf0-44c8-a24d-388899822ea6", "keyword": "khai trương rực rỡ", "step": "cooldown", "message": "Cooldown 1.0s (after capture)", "data": {"w": 2}, "seq": 32356}
{"ts": "2026-05-01T16:55:34.022854+00:00", "level": "INFO", "jobId": "7c7e4384-3cf0-44c8-a24d-388899822ea6", "keyword": "khai trương rực rỡ", "step": "capture", "message": "Capturing posinset=49 (49/∞)…", "data": {"w": 2}, "seq": 32357}
{"ts": "2026-05-01T16:55:36.986259+00:00", "level": "INFO", "jobId": "7c7e4384-3cf0-44c8-a24d-388899822ea6", "keyword": "khai trương rực rỡ", "step": "capture", "message": "Saved post_049.png (posinset=49)", "data": {"w": 2}, "seq": 32360}
{"ts": "2026-05-01T16:55:36.989258+00:00", "level": "INFO", "jobId": "7c7e4384-3cf0-44c8-a24d-388899822ea6", "keyword": "khai trương rực rỡ", "step": "cooldown", "message": "Cooldown 1.0s (after capture)", "data": {"w": 2}, "seq": 32361}
{"ts": "2026-05-01T16:55:38.024533+00:00", "level": "INFO", "jobId": "7c7e4384-3cf0-44c8-a24d-388899822ea6", "keyword": "khai trương rực rỡ", "step": "capture", "message": "Capturing posinset=50 (50/∞)…", "data": {"w": 2}, "seq": 32365}
{"ts": "2026-05-01T16:55:39.846336+00:00", "level": "INFO", "jobId": "7c7e4384-3cf0-44c8-a24d-388899822ea6", "keyword": "khai trương rực rỡ", "step": "capture", "message": "Saved post_050.png (posinset=50)", "data": {"w": 2}, "seq": 32368}
{"ts": "2026-05-01T16:55:39.854619+00:00", "level": "INFO", "jobId": "7c7e4384-3cf0-44c8-a24d-388899822ea6", "keyword": "khai trương rực rỡ", "step": "cooldown", "message": "Cooldown 1.0s (after capture)", "data": {"w": 2}, "seq": 32369}
{"ts": "2026-05-01T16:55:41.129318+00:00", "level": "INFO", "jobId": "7c7e4384-3cf0-44c8-a24d-388899822ea6", "keyword": "khai trương rực rỡ", "step": "heartbeat", "message": "Worker alive", "data": {"w": 2, "elapsed_s": 237}, "seq": 32372}
{"ts": "2026-05-01T16:55:41.133337+00:00", "level": "INFO", "jobId": "7c7e4384-3cf0-44c8-a24d-388899822ea6", "keyword": "khai trương rực rỡ", "step": "capture", "message": "Capturing posinset=51 (51/∞)…", "data": {"w": 2}, "seq": 32373}
{"ts": "2026-05-01T16:55:42.822221+00:00", "level": "INFO", "jobId": "7c7e4384-3cf0-44c8-a24d-388899822ea6", "keyword": "khai trương rực rỡ", "step": "capture", "message": "Saved post_051.png (posinset=51)", "data": {"w": 2}, "seq": 32377}
{"ts": "2026-05-01T16:55:42.823736+00:00", "level": "INFO", "jobId": "7c7e4384-3cf0-44c8-a24d-388899822ea6", "keyword": "khai trương rực rỡ", "step": "cooldown", "message": "Cooldown 1.0s (after capture)", "data": {"w": 2}, "seq": 32378}
{"ts": "2026-05-01T16:55:43.846702+00:00", "level": "INFO", "jobId": "7c7e4384-3cf0-44c8-a24d-388899822ea6", "keyword": "khai trương rực rỡ", "step": "capture", "message": "Capturing posinset=52 (52/∞)…", "data": {"w": 2}, "seq": 32382}
{"ts": "2026-05-01T16:55:45.564347+00:00", "level": "INFO", "jobId": "7c7e4384-3cf0-44c8-a24d-388899822ea6", "keyword": "khai trương rực rỡ", "step": "capture", "message": "Saved post_052.png (posinset=52)", "data": {"w": 2}, "seq": 32385}
{"ts": "2026-05-01T16:55:45.566103+00:00", "level": "INFO", "jobId": "7c7e4384-3cf0-44c8-a24d-388899822ea6", "keyword": "khai trương rực rỡ", "step": "cooldown", "message": "Cooldown 1.0s (after capture)", "data": {"w": 2}, "seq": 32386}
{"ts": "2026-05-01T16:55:46.592453+00:00", "level": "INFO", "jobId": "7c7e4384-3cf0-44c8-a24d-388899822ea6", "keyword": "khai trương rực rỡ", "step": "capture", "message": "Capturing posinset=53 (53/∞)…", "data": {"w": 2}, "seq": 32391}
{"ts": "2026-05-01T16:55:48.001530+00:00", "level": "INFO", "jobId": "7c7e4384-3cf0-44c8-a24d-388899822ea6", "keyword": "khai trương rực rỡ", "step": "capture", "message": "Saved post_053.png (posinset=53)", "data": {"w": 2}, "seq": 32394}
{"ts": "2026-05-01T16:55:48.002704+00:00", "level": "INFO", "jobId": "7c7e4384-3cf0-44c8-a24d-388899822ea6", "keyword": "khai trương rực rỡ", "step": "cooldown", "message": "Cooldown 1.0s (after capture)", "data": {"w": 2}, "seq": 32395}
{"ts": "2026-05-01T16:55:49.031161+00:00", "level": "INFO", "jobId": "7c7e4384-3cf0-44c8-a24d-388899822ea6", "keyword": "khai trương rực rỡ", "step": "capture", "message": "Capturing posinset=54 (54/∞)…", "data": {"w": 2}, "seq": 32398}
{"ts": "2026-05-01T16:55:50.527832+00:00", "level": "INFO", "jobId": "7c7e4384-3cf0-44c8-a24d-388899822ea6", "keyword": "khai trương rực rỡ", "step": "capture", "message": "Saved post_054.png (posinset=54)", "data": {"w": 2}, "seq": 32402}
{"ts": "2026-05-01T16:55:50.528832+00:00", "level": "INFO", "jobId": "7c7e4384-3cf0-44c8-a24d-388899822ea6", "keyword": "khai trương rực rỡ", "step": "cooldown", "message": "Cooldown 1.0s (after capture)", "data": {"w": 2}, "seq": 32403}
{"ts": "2026-05-01T16:55:51.550082+00:00", "level": "INFO", "jobId": "7c7e4384-3cf0-44c8-a24d-388899822ea6", "keyword": "khai trương rực rỡ", "step": "capture", "message": "Capturing posinset=55 (55/∞)…", "data": {"w": 2}, "seq": 32407}
{"ts": "2026-05-01T16:55:53.168714+00:00", "level": "INFO", "jobId": "7c7e4384-3cf0-44c8-a24d-388899822ea6", "keyword": "khai trương rực rỡ", "step": "capture", "message": "Saved post_055.png (posinset=55)", "data": {"w": 2}, "seq": 32409}
{"ts": "2026-05-01T16:55:53.171064+00:00", "level": "INFO", "jobId": "7c7e4384-3cf0-44c8-a24d-388899822ea6", "keyword": "khai trương rực rỡ", "step": "cooldown", "message": "Cooldown 1.0s (after capture)", "data": {"w": 2}, "seq": 32410}
{"ts": "2026-05-01T16:55:54.194997+00:00", "level": "INFO", "jobId": "7c7e4384-3cf0-44c8-a24d-388899822ea6", "keyword": "khai trương rực rỡ", "step": "capture", "message": "Capturing posinset=56 (56/∞)…", "data": {"w": 2}, "seq": 32415}
{"ts": "2026-05-01T16:55:55.445060+00:00", "level": "INFO", "jobId": "7c7e4384-3cf0-44c8-a24d-388899822ea6", "keyword": "khai trương rực rỡ", "step": "capture", "message": "Capturing posinset=56 (56/∞)…", "data": {"w": 2}, "seq": 32419}
{"ts": "2026-05-01T16:56:00.111093+00:00", "level": "INFO", "jobId": "7c7e4384-3cf0-44c8-a24d-388899822ea6", "keyword": "khai trương rực rỡ", "step": "capture", "message": "Saved post_056.png (posinset=56)", "data": {"w": 2}, "seq": 32427}
{"ts": "2026-05-01T16:56:00.112088+00:00", "level": "INFO", "jobId": "7c7e4384-3cf0-44c8-a24d-388899822ea6", "keyword": "khai trương rực rỡ", "step": "cooldown", "message": "Cooldown 1.0s (after capture)", "data": {"w": 2}, "seq": 32428}
{"ts": "2026-05-01T16:56:01.149186+00:00", "level": "INFO", "jobId": "7c7e4384-3cf0-44c8-a24d-388899822ea6", "keyword": "khai trương rực rỡ", "step": "heartbeat", "message": "Worker alive", "data": {"w": 2, "elapsed_s": 257}, "seq": 32429}
{"ts": "2026-05-01T16:56:01.151238+00:00", "level": "INFO", "jobId": "7c7e4384-3cf0-44c8-a24d-388899822ea6", "keyword": "khai trương rực rỡ", "step": "capture", "message": "Capturing posinset=57 (57/∞)…", "data": {"w": 2}, "seq": 32430}
{"ts": "2026-05-01T16:56:02.828502+00:00", "level": "INFO", "jobId": "7c7e4384-3cf0-44c8-a24d-388899822ea6", "keyword": "khai trương rực rỡ", "step": "capture", "message": "Saved post_057.png (posinset=57)", "data": {"w": 2}, "seq": 32435}
{"ts": "2026-05-01T16:56:02.829551+00:00", "level": "INFO", "jobId": "7c7e4384-3cf0-44c8-a24d-388899822ea6", "keyword": "khai trương rực rỡ", "step": "cooldown", "message": "Cooldown 1.0s (after capture)", "data": {"w": 2}, "seq": 32436}
{"ts": "2026-05-01T16:56:03.849616+00:00", "level": "INFO", "jobId": "7c7e4384-3cf0-44c8-a24d-388899822ea6", "keyword": "khai trương rực rỡ", "step": "capture", "message": "Capturing posinset=58 (58/∞)…", "data": {"w": 2}, "seq": 32439}
{"ts": "2026-05-01T16:56:06.109206+00:00", "level": "INFO", "jobId": "7c7e4384-3cf0-44c8-a24d-388899822ea6", "keyword": "khai trương rực rỡ", "step": "capture", "message": "Saved post_058.png (posinset=58)", "data": {"w": 2}, "seq": 32440}
{"ts": "2026-05-01T16:56:06.109206+00:00", "level": "INFO", "jobId": "7c7e4384-3cf0-44c8-a24d-388899822ea6", "keyword": "khai trương rực rỡ", "step": "cooldown", "message": "Cooldown 1.0s (after capture)", "data": {"w": 2}, "seq": 32441}
{"ts": "2026-05-01T16:56:07.141222+00:00", "level": "INFO", "jobId": "7c7e4384-3cf0-44c8-a24d-388899822ea6", "keyword": "khai trương rực rỡ", "step": "capture", "message": "Capturing posinset=59 (59/∞)…", "data": {"w": 2}, "seq": 32446}
{"ts": "2026-05-01T16:56:09.274379+00:00", "level": "INFO", "jobId": "7c7e4384-3cf0-44c8-a24d-388899822ea6", "keyword": "khai trương rực rỡ", "step": "capture", "message": "Saved post_059.png (posinset=59)", "data": {"w": 2}, "seq": 32449}
{"ts": "2026-05-01T16:56:09.275387+00:00", "level": "INFO", "jobId": "7c7e4384-3cf0-44c8-a24d-388899822ea6", "keyword": "khai trương rực rỡ", "step": "cooldown", "message": "Cooldown 1.0s (after capture)", "data": {"w": 2}, "seq": 32450}
{"ts": "2026-05-01T16:56:11.187870+00:00", "level": "INFO", "jobId": "7c7e4384-3cf0-44c8-a24d-388899822ea6", "keyword": "khai trương rực rỡ", "step": "capture", "message": "Capturing posinset=60 (60/∞)…", "data": {"w": 2}, "seq": 32454}
{"ts": "2026-05-01T16:56:13.580426+00:00", "level": "INFO", "jobId": "7c7e4384-3cf0-44c8-a24d-388899822ea6", "keyword": "khai trương rực rỡ", "step": "capture", "message": "Saved post_060.png (posinset=60)", "data": {"w": 2}, "seq": 32457}
{"ts": "2026-05-01T16:56:13.585241+00:00", "level": "INFO", "jobId": "7c7e4384-3cf0-44c8-a24d-388899822ea6", "keyword": "khai trương rực rỡ", "step": "cooldown", "message": "Cooldown 1.0s (after capture)", "data": {"w": 2}, "seq": 32458}
{"ts": "2026-05-01T16:56:14.688645+00:00", "level": "INFO", "jobId": "7c7e4384-3cf0-44c8-a24d-388899822ea6", "keyword": "khai trương rực rỡ", "step": "capture", "message": "Capturing posinset=61 (61/∞)…", "data": {"w": 2}, "seq": 32459}
{"ts": "2026-05-01T16:56:17.527860+00:00", "level": "INFO", "jobId": "7c7e4384-3cf0-44c8-a24d-388899822ea6", "keyword": "khai trương rực rỡ", "step": "capture", "message": "Saved post_061.png (posinset=61)", "data": {"w": 2}, "seq": 32462}
{"ts": "2026-05-01T16:56:17.527860+00:00", "level": "INFO", "jobId": "7c7e4384-3cf0-44c8-a24d-388899822ea6", "keyword": "khai trương rực rỡ", "step": "cooldown", "message": "Cooldown 1.0s (after capture)", "data": {"w": 2}, "seq": 32463}
{"ts": "2026-05-01T16:56:18.576826+00:00", "level": "INFO", "jobId": "7c7e4384-3cf0-44c8-a24d-388899822ea6", "keyword": "khai trương rực rỡ", "step": "heartbeat", "message": "Worker alive", "data": {"w": 2, "elapsed_s": 275}, "seq": 32466}
{"ts": "2026-05-01T16:56:18.579829+00:00", "level": "INFO", "jobId": "7c7e4384-3cf0-44c8-a24d-388899822ea6", "keyword": "khai trương rực rỡ", "step": "capture", "message": "Capturing posinset=62 (62/∞)…", "data": {"w": 2}, "seq": 32467}
{"ts": "2026-05-01T16:56:20.986478+00:00", "level": "INFO", "jobId": "7c7e4384-3cf0-44c8-a24d-388899822ea6", "keyword": "khai trương rực rỡ", "step": "capture", "message": "Saved post_062.png (posinset=62)", "data": {"w": 2}, "seq": 32473}
{"ts": "2026-05-01T16:56:20.987477+00:00", "level": "INFO", "jobId": "7c7e4384-3cf0-44c8-a24d-388899822ea6", "keyword": "khai trương rực rỡ", "step": "cooldown", "message": "Cooldown 1.0s (after capture)", "data": {"w": 2}, "seq": 32474}
{"ts": "2026-05-01T16:56:22.024536+00:00", "level": "INFO", "jobId": "7c7e4384-3cf0-44c8-a24d-388899822ea6", "keyword": "khai trương rực rỡ", "step": "capture", "message": "Capturing posinset=63 (63/∞)…", "data": {"w": 2}, "seq": 32475}
{"ts": "2026-05-01T16:56:26.198979+00:00", "level": "INFO", "jobId": "7c7e4384-3cf0-44c8-a24d-388899822ea6", "keyword": "khai trương rực rỡ", "step": "capture", "message": "Saved post_063.png (posinset=63)", "data": {"w": 2}, "seq": 32479}
{"ts": "2026-05-01T16:56:26.202975+00:00", "level": "INFO", "jobId": "7c7e4384-3cf0-44c8-a24d-388899822ea6", "keyword": "khai trương rực rỡ", "step": "cooldown", "message": "Cooldown 1.0s (after capture)", "data": {"w": 2}, "seq": 32480}
{"ts": "2026-05-01T16:56:27.238806+00:00", "level": "INFO", "jobId": "7c7e4384-3cf0-44c8-a24d-388899822ea6", "keyword": "khai trương rực rỡ", "step": "capture", "message": "Capturing posinset=64 (64/∞)…", "data": {"w": 2}, "seq": 32483}
{"ts": "2026-05-01T16:56:29.811731+00:00", "level": "INFO", "jobId": "7c7e4384-3cf0-44c8-a24d-388899822ea6", "keyword": "khai trương rực rỡ", "step": "capture", "message": "Saved post_064.png (posinset=64)", "data": {"w": 2}, "seq": 32487}
{"ts": "2026-05-01T16:56:29.813893+00:00", "level": "INFO", "jobId": "7c7e4384-3cf0-44c8-a24d-388899822ea6", "keyword": "khai trương rực rỡ", "step": "cooldown", "message": "Cooldown 1.0s (after capture)", "data": {"w": 2}, "seq": 32488}
{"ts": "2026-05-01T16:56:30.854255+00:00", "level": "INFO", "jobId": "7c7e4384-3cf0-44c8-a24d-388899822ea6", "keyword": "khai trương rực rỡ", "step": "capture", "message": "Capturing posinset=65 (65/∞)…", "data": {"w": 2}, "seq": 32491}
{"ts": "2026-05-01T16:56:32.953290+00:00", "level": "INFO", "jobId": "7c7e4384-3cf0-44c8-a24d-388899822ea6", "keyword": "khai trương rực rỡ", "step": "capture", "message": "Saved post_065.png (posinset=65)", "data": {"w": 2}, "seq": 32495}
{"ts": "2026-05-01T16:56:32.957385+00:00", "level": "INFO", "jobId": "7c7e4384-3cf0-44c8-a24d-388899822ea6", "keyword": "khai trương rực rỡ", "step": "cooldown", "message": "Cooldown 1.0s (after capture)", "data": {"w": 2}, "seq": 32496}
{"ts": "2026-05-01T16:56:33.993025+00:00", "level": "INFO", "jobId": "7c7e4384-3cf0-44c8-a24d-388899822ea6", "keyword": "khai trương rực rỡ", "step": "heartbeat", "message": "Worker alive", "data": {"w": 2, "elapsed_s": 290}, "seq": 32497}
{"ts": "2026-05-01T16:56:33.994546+00:00", "level": "INFO", "jobId": "7c7e4384-3cf0-44c8-a24d-388899822ea6", "keyword": "khai trương rực rỡ", "step": "capture", "message": "Capturing posinset=66 (66/∞)…", "data": {"w": 2}, "seq": 32498}
{"ts": "2026-05-01T16:56:37.500851+00:00", "level": "INFO", "jobId": "7c7e4384-3cf0-44c8-a24d-388899822ea6", "keyword": "khai trương rực rỡ", "step": "capture", "message": "Capturing posinset=66 (66/∞)…", "data": {"w": 2}, "seq": 32502}
{"ts": "2026-05-01T16:56:39.412913+00:00", "level": "INFO", "jobId": "7c7e4384-3cf0-44c8-a24d-388899822ea6", "keyword": "khai trương rực rỡ", "step": "capture", "message": "Saved post_066.png (posinset=66)", "data": {"w": 2}, "seq": 32504}
{"ts": "2026-05-01T16:56:39.414919+00:00", "level": "INFO", "jobId": "7c7e4384-3cf0-44c8-a24d-388899822ea6", "keyword": "khai trương rực rỡ", "step": "cooldown", "message": "Cooldown 1.0s (after capture)", "data": {"w": 2}, "seq": 32505}
{"ts": "2026-05-01T16:56:40.473714+00:00", "level": "INFO", "jobId": "7c7e4384-3cf0-44c8-a24d-388899822ea6", "keyword": "khai trương rực rỡ", "step": "capture", "message": "Capturing posinset=67 (67/∞)…", "data": {"w": 2}, "seq": 32506}
{"ts": "2026-05-01T16:56:43.348089+00:00", "level": "INFO", "jobId": "7c7e4384-3cf0-44c8-a24d-388899822ea6", "keyword": "khai trương rực rỡ", "step": "capture", "message": "Saved post_067.png (posinset=67)", "data": {"w": 2}, "seq": 32508}
{"ts": "2026-05-01T16:56:43.349441+00:00", "level": "INFO", "jobId": "7c7e4384-3cf0-44c8-a24d-388899822ea6", "keyword": "khai trương rực rỡ", "step": "cooldown", "message": "Cooldown 1.0s (after capture)", "data": {"w": 2}, "seq": 32509}
{"ts": "2026-05-01T16:56:44.388499+00:00", "level": "INFO", "jobId": "7c7e4384-3cf0-44c8-a24d-388899822ea6", "keyword": "khai trương rực rỡ", "step": "capture", "message": "Capturing posinset=68 (68/∞)…", "data": {"w": 2}, "seq": 32511}
{"ts": "2026-05-01T16:56:46.263212+00:00", "level": "INFO", "jobId": "7c7e4384-3cf0-44c8-a24d-388899822ea6", "keyword": "khai trương rực rỡ", "step": "capture", "message": "Saved post_068.png (posinset=68)", "data": {"w": 2}, "seq": 32514}
{"ts": "2026-05-01T16:56:46.265396+00:00", "level": "INFO", "jobId": "7c7e4384-3cf0-44c8-a24d-388899822ea6", "keyword": "khai trương rực rỡ", "step": "cooldown", "message": "Cooldown 1.0s (after capture)", "data": {"w": 2}, "seq": 32515}
{"ts": "2026-05-01T16:56:47.310611+00:00", "level": "INFO", "jobId": "7c7e4384-3cf0-44c8-a24d-388899822ea6", "keyword": "khai trương rực rỡ", "step": "capture", "message": "Capturing posinset=69 (69/∞)…", "data": {"w": 2}, "seq": 32519}
{"ts": "2026-05-01T16:56:49.645115+00:00", "level": "INFO", "jobId": "7c7e4384-3cf0-44c8-a24d-388899822ea6", "keyword": "khai trương rực rỡ", "step": "capture", "message": "Saved post_069.png (posinset=69)", "data": {"w": 2}, "seq": 32524}
{"ts": "2026-05-01T16:56:49.646256+00:00", "level": "INFO", "jobId": "7c7e4384-3cf0-44c8-a24d-388899822ea6", "keyword": "khai trương rực rỡ", "step": "cooldown", "message": "Cooldown 1.0s (after capture)", "data": {"w": 2}, "seq": 32525}
{"ts": "2026-05-01T16:56:50.670592+00:00", "level": "INFO", "jobId": "7c7e4384-3cf0-44c8-a24d-388899822ea6", "keyword": "khai trương rực rỡ", "step": "heartbeat", "message": "Worker alive", "data": {"w": 2, "elapsed_s": 307}, "seq": 32528}
{"ts": "2026-05-01T16:56:50.673999+00:00", "level": "INFO", "jobId": "7c7e4384-3cf0-44c8-a24d-388899822ea6", "keyword": "khai trương rực rỡ", "step": "capture", "message": "Capturing posinset=70 (70/∞)…", "data": {"w": 2}, "seq": 32529}
{"ts": "2026-05-01T16:56:52.690650+00:00", "level": "INFO", "jobId": "7c7e4384-3cf0-44c8-a24d-388899822ea6", "keyword": "khai trương rực rỡ", "step": "capture", "message": "Saved post_070.png (posinset=70)", "data": {"w": 2}, "seq": 32530}
{"ts": "2026-05-01T16:56:52.692856+00:00", "level": "INFO", "jobId": "7c7e4384-3cf0-44c8-a24d-388899822ea6", "keyword": "khai trương rực rỡ", "step": "cooldown", "message": "Cooldown 1.0s (after capture)", "data": {"w": 2}, "seq": 32531}
{"ts": "2026-05-01T16:56:53.731774+00:00", "level": "INFO", "jobId": "7c7e4384-3cf0-44c8-a24d-388899822ea6", "keyword": "khai trương rực rỡ", "step": "capture", "message": "Capturing posinset=71 (71/∞)…", "data": {"w": 2}, "seq": 32532}
{"ts": "2026-05-01T16:56:56.658534+00:00", "level": "INFO", "jobId": "7c7e4384-3cf0-44c8-a24d-388899822ea6", "keyword": "khai trương rực rỡ", "step": "capture", "message": "Capturing posinset=71 (71/∞)…", "data": {"w": 2}, "seq": 32536}
{"ts": "2026-05-01T16:56:59.600348+00:00", "level": "INFO", "jobId": "7c7e4384-3cf0-44c8-a24d-388899822ea6", "keyword": "khai trương rực rỡ", "step": "capture", "message": "Saved post_071.png (posinset=71)", "data": {"w": 2}, "seq": 32542}
{"ts": "2026-05-01T16:56:59.602586+00:00", "level": "INFO", "jobId": "7c7e4384-3cf0-44c8-a24d-388899822ea6", "keyword": "khai trương rực rỡ", "step": "cooldown", "message": "Cooldown 1.0s (after capture)", "data": {"w": 2}, "seq": 32543}
{"ts": "2026-05-01T16:57:00.658019+00:00", "level": "INFO", "jobId": "7c7e4384-3cf0-44c8-a24d-388899822ea6", "keyword": "khai trương rực rỡ", "step": "capture", "message": "Capturing posinset=72 (72/∞)…", "data": {"w": 2}, "seq": 32545}
{"ts": "2026-05-01T16:57:03.718112+00:00", "level": "INFO", "jobId": "7c7e4384-3cf0-44c8-a24d-388899822ea6", "keyword": "khai trương rực rỡ", "step": "capture", "message": "Saved post_072.png (posinset=72)", "data": {"w": 2}, "seq": 32546}
{"ts": "2026-05-01T16:57:03.721514+00:00", "level": "INFO", "jobId": "7c7e4384-3cf0-44c8-a24d-388899822ea6", "keyword": "khai trương rực rỡ", "step": "cooldown", "message": "Cooldown 1.0s (after capture)", "data": {"w": 2}, "seq": 32547}
{"ts": "2026-05-01T16:57:04.765794+00:00", "level": "INFO", "jobId": "7c7e4384-3cf0-44c8-a24d-388899822ea6", "keyword": "khai trương rực rỡ", "step": "capture", "message": "Capturing posinset=73 (73/∞)…", "data": {"w": 2}, "seq": 32548}
{"ts": "2026-05-01T16:57:07.940335+00:00", "level": "INFO", "jobId": "7c7e4384-3cf0-44c8-a24d-388899822ea6", "keyword": "khai trương rực rỡ", "step": "capture", "message": "Saved post_073.png (posinset=73)", "data": {"w": 2}, "seq": 32553}
{"ts": "2026-05-01T16:57:07.941448+00:00", "level": "INFO", "jobId": "7c7e4384-3cf0-44c8-a24d-388899822ea6", "keyword": "khai trương rực rỡ", "step": "cooldown", "message": "Cooldown 1.0s (after capture)", "data": {"w": 2}, "seq": 32554}
{"ts": "2026-05-01T16:57:09.000821+00:00", "level": "INFO", "jobId": "7c7e4384-3cf0-44c8-a24d-388899822ea6", "keyword": "khai trương rực rỡ", "step": "heartbeat", "message": "Worker alive", "data": {"w": 2, "elapsed_s": 325}, "seq": 32555}
{"ts": "2026-05-01T16:57:09.000821+00:00", "level": "INFO", "jobId": "7c7e4384-3cf0-44c8-a24d-388899822ea6", "keyword": "khai trương rực rỡ", "step": "capture", "message": "Capturing posinset=74 (74/∞)…", "data": {"w": 2}, "seq": 32556}
{"ts": "2026-05-01T16:57:11.535284+00:00", "level": "INFO", "jobId": "7c7e4384-3cf0-44c8-a24d-388899822ea6", "keyword": "khai trương rực rỡ", "step": "capture", "message": "Saved post_074.png (posinset=74)", "data": {"w": 2}, "seq": 32560}
{"ts": "2026-05-01T16:57:11.537292+00:00", "level": "INFO", "jobId": "7c7e4384-3cf0-44c8-a24d-388899822ea6", "keyword": "khai trương rực rỡ", "step": "cooldown", "message": "Cooldown 1.0s (after capture)", "data": {"w": 2}, "seq": 32561}
{"ts": "2026-05-01T16:57:13.059807+00:00", "level": "INFO", "jobId": "7c7e4384-3cf0-44c8-a24d-388899822ea6", "keyword": "khai trương rực rỡ", "step": "capture", "message": "Capturing posinset=75 (75/∞)…", "data": {"w": 2}, "seq": 32564}
{"ts": "2026-05-01T16:57:17.238363+00:00", "level": "INFO", "jobId": "7c7e4384-3cf0-44c8-a24d-388899822ea6", "keyword": "khai trương rực rỡ", "step": "capture", "message": "Saved post_075.png (posinset=75)", "data": {"w": 2}, "seq": 32566}
{"ts": "2026-05-01T16:57:17.242154+00:00", "level": "INFO", "jobId": "7c7e4384-3cf0-44c8-a24d-388899822ea6", "keyword": "khai trương rực rỡ", "step": "cooldown", "message": "Cooldown 1.0s (after capture)", "data": {"w": 2}, "seq": 32567}
{"ts": "2026-05-01T16:57:18.364720+00:00", "level": "INFO", "jobId": "7c7e4384-3cf0-44c8-a24d-388899822ea6", "keyword": "khai trương rực rỡ", "step": "capture", "message": "Capturing posinset=76 (76/∞)…", "data": {"w": 2}, "seq": 32568}
{"ts": "2026-05-01T16:57:21.001173+00:00", "level": "INFO", "jobId": "7c7e4384-3cf0-44c8-a24d-388899822ea6", "keyword": "khai trương rực rỡ", "step": "capture", "message": "Saved post_076.png (posinset=76)", "data": {"w": 2}, "seq": 32572}
{"ts": "2026-05-01T16:57:21.003182+00:00", "level": "INFO", "jobId": "7c7e4384-3cf0-44c8-a24d-388899822ea6", "keyword": "khai trương rực rỡ", "step": "cooldown", "message": "Cooldown 1.0s (after capture)", "data": {"w": 2}, "seq": 32573}
{"ts": "2026-05-01T16:57:22.093163+00:00", "level": "INFO", "jobId": "7c7e4384-3cf0-44c8-a24d-388899822ea6", "keyword": "khai trương rực rỡ", "step": "capture", "message": "Capturing posinset=77 (77/∞)…", "data": {"w": 2}, "seq": 32578}
{"ts": "2026-05-01T16:57:26.431933+00:00", "level": "INFO", "jobId": "7c7e4384-3cf0-44c8-a24d-388899822ea6", "keyword": "khai trương rực rỡ", "step": "capture", "message": "Saved post_077.png (posinset=77)", "data": {"w": 2}, "seq": 32584}
{"ts": "2026-05-01T16:57:26.433941+00:00", "level": "INFO", "jobId": "7c7e4384-3cf0-44c8-a24d-388899822ea6", "keyword": "khai trương rực rỡ", "step": "cooldown", "message": "Cooldown 1.0s (after capture)", "data": {"w": 2}, "seq": 32585}
{"ts": "2026-05-01T16:57:27.479458+00:00", "level": "INFO", "jobId": "7c7e4384-3cf0-44c8-a24d-388899822ea6", "keyword": "khai trương rực rỡ", "step": "heartbeat", "message": "Worker alive", "data": {"w": 2, "elapsed_s": 344}, "seq": 32587}
{"ts": "2026-05-01T16:57:27.482463+00:00", "level": "INFO", "jobId": "7c7e4384-3cf0-44c8-a24d-388899822ea6", "keyword": "khai trương rực rỡ", "step": "capture", "message": "Capturing posinset=78 (78/∞)…", "data": {"w": 2}, "seq": 32588}
{"ts": "2026-05-01T16:57:32.162034+00:00", "level": "INFO", "jobId": "7c7e4384-3cf0-44c8-a24d-388899822ea6", "keyword": "khai trương rực rỡ", "step": "capture", "message": "Saved post_078.png (posinset=78)", "data": {"w": 2}, "seq": 32590}
{"ts": "2026-05-01T16:57:32.180197+00:00", "level": "INFO", "jobId": "7c7e4384-3cf0-44c8-a24d-388899822ea6", "keyword": "khai trương rực rỡ", "step": "cooldown", "message": "Cooldown 1.0s (after capture)", "data": {"w": 2}, "seq": 32591}
{"ts": "2026-05-01T16:57:33.363928+00:00", "level": "INFO", "jobId": "7c7e4384-3cf0-44c8-a24d-388899822ea6", "keyword": "khai trương rực rỡ", "step": "capture", "message": "Capturing posinset=79 (79/∞)…", "data": {"w": 2}, "seq": 32593}
{"ts": "2026-05-01T16:57:40.298763+00:00", "level": "INFO", "jobId": "7c7e4384-3cf0-44c8-a24d-388899822ea6", "keyword": "khai trương rực rỡ", "step": "capture", "message": "Saved post_079.png (posinset=79)", "data": {"w": 2}, "seq": 32603}
{"ts": "2026-05-01T16:57:40.301534+00:00", "level": "INFO", "jobId": "7c7e4384-3cf0-44c8-a24d-388899822ea6", "keyword": "khai trương rực rỡ", "step": "cooldown", "message": "Cooldown 1.0s (after capture)", "data": {"w": 2}, "seq": 32604}
{"ts": "2026-05-01T16:57:41.728347+00:00", "level": "INFO", "jobId": "7c7e4384-3cf0-44c8-a24d-388899822ea6", "keyword": "khai trương rực rỡ", "step": "capture", "message": "Capturing posinset=80 (80/∞)…", "data": {"w": 2}, "seq": 32607}
{"ts": "2026-05-01T16:57:47.701942+00:00", "level": "INFO", "jobId": "7c7e4384-3cf0-44c8-a24d-388899822ea6", "keyword": "khai trương rực rỡ", "step": "capture", "message": "Saved post_080.png (posinset=80)", "data": {"w": 2}, "seq": 32614}
{"ts": "2026-05-01T16:57:47.705008+00:00", "level": "INFO", "jobId": "7c7e4384-3cf0-44c8-a24d-388899822ea6", "keyword": "khai trương rực rỡ", "step": "cooldown", "message": "Cooldown 1.0s (after capture)", "data": {"w": 2}, "seq": 32615}
{"ts": "2026-05-01T16:57:48.790746+00:00", "level": "INFO", "jobId": "7c7e4384-3cf0-44c8-a24d-388899822ea6", "keyword": "khai trương rực rỡ", "step": "heartbeat", "message": "Worker alive", "data": {"w": 2, "elapsed_s": 365}, "seq": 32616}
{"ts": "2026-05-01T16:57:48.793494+00:00", "level": "INFO", "jobId": "7c7e4384-3cf0-44c8-a24d-388899822ea6", "keyword": "khai trương rực rỡ", "step": "capture", "message": "Capturing posinset=81 (81/∞)…", "data": {"w": 2}, "seq": 32617}
{"ts": "2026-05-01T16:57:58.392683+00:00", "level": "INFO", "jobId": "7c7e4384-3cf0-44c8-a24d-388899822ea6", "keyword": "khai trương rực rỡ", "step": "capture", "message": "Saved post_081.png (posinset=81)", "data": {"w": 2}, "seq": 32624}
{"ts": "2026-05-01T16:57:58.394681+00:00", "level": "INFO", "jobId": "7c7e4384-3cf0-44c8-a24d-388899822ea6", "keyword": "khai trương rực rỡ", "step": "cooldown", "message": "Cooldown 1.0s (after capture)", "data": {"w": 2}, "seq": 32625}
{"ts": "2026-05-01T16:57:59.461409+00:00", "level": "INFO", "jobId": "7c7e4384-3cf0-44c8-a24d-388899822ea6", "keyword": "khai trương rực rỡ", "step": "capture", "message": "Capturing posinset=82 (82/∞)…", "data": {"w": 2}, "seq": 32628}
{"ts": "2026-05-01T16:58:02.442454+00:00", "level": "INFO", "jobId": "7c7e4384-3cf0-44c8-a24d-388899822ea6", "keyword": "khai trương rực rỡ", "step": "capture", "message": "Saved post_082.png (posinset=82)", "data": {"w": 2}, "seq": 32631}
{"ts": "2026-05-01T16:58:02.443454+00:00", "level": "INFO", "jobId": "7c7e4384-3cf0-44c8-a24d-388899822ea6", "keyword": "khai trương rực rỡ", "step": "cooldown", "message": "Cooldown 1.0s (after capture)", "data": {"w": 2}, "seq": 32632}
{"ts": "2026-05-01T16:58:03.491667+00:00", "level": "INFO", "jobId": "7c7e4384-3cf0-44c8-a24d-388899822ea6", "keyword": "khai trương rực rỡ", "step": "capture", "message": "Capturing posinset=83 (83/∞)…", "data": {"w": 2}, "seq": 32635}
{"ts": "2026-05-01T16:58:06.537632+00:00", "level": "INFO", "jobId": "7c7e4384-3cf0-44c8-a24d-388899822ea6", "keyword": "khai trương rực rỡ", "step": "capture", "message": "Saved post_083.png (posinset=83)", "data": {"w": 2}, "seq": 32637}
{"ts": "2026-05-01T16:58:06.541632+00:00", "level": "INFO", "jobId": "7c7e4384-3cf0-44c8-a24d-388899822ea6", "keyword": "khai trương rực rỡ", "step": "cooldown", "message": "Cooldown 1.0s (after capture)", "data": {"w": 2}, "seq": 32638}
{"ts": "2026-05-01T16:58:07.571200+00:00", "level": "INFO", "jobId": "7c7e4384-3cf0-44c8-a24d-388899822ea6", "keyword": "khai trương rực rỡ", "step": "heartbeat", "message": "Worker alive", "data": {"w": 2, "elapsed_s": 384}, "seq": 32643}
{"ts": "2026-05-01T16:58:07.571200+00:00", "level": "INFO", "jobId": "7c7e4384-3cf0-44c8-a24d-388899822ea6", "keyword": "khai trương rực rỡ", "step": "capture", "message": "Capturing posinset=84 (84/∞)…", "data": {"w": 2}, "seq": 32644}
{"ts": "2026-05-01T16:58:09.919769+00:00", "level": "INFO", "jobId": "7c7e4384-3cf0-44c8-a24d-388899822ea6", "keyword": "khai trương rực rỡ", "step": "capture", "message": "Saved post_084.png (posinset=84)", "data": {"w": 2}, "seq": 32647}
{"ts": "2026-05-01T16:58:09.920770+00:00", "level": "INFO", "jobId": "7c7e4384-3cf0-44c8-a24d-388899822ea6", "keyword": "khai trương rực rỡ", "step": "cooldown", "message": "Cooldown 1.0s (after capture)", "data": {"w": 2}, "seq": 32648}
{"ts": "2026-05-01T16:58:10.989286+00:00", "level": "INFO", "jobId": "7c7e4384-3cf0-44c8-a24d-388899822ea6", "keyword": "khai trương rực rỡ", "step": "capture", "message": "Capturing posinset=85 (85/∞)…", "data": {"w": 2}, "seq": 32651}
{"ts": "2026-05-01T16:58:13.902699+00:00", "level": "INFO", "jobId": "7c7e4384-3cf0-44c8-a24d-388899822ea6", "keyword": "khai trương rực rỡ", "step": "capture", "message": "Saved post_085.png (posinset=85)", "data": {"w": 2}, "seq": 32653}
{"ts": "2026-05-01T16:58:13.906016+00:00", "level": "INFO", "jobId": "7c7e4384-3cf0-44c8-a24d-388899822ea6", "keyword": "khai trương rực rỡ", "step": "cooldown", "message": "Cooldown 1.0s (after capture)", "data": {"w": 2}, "seq": 32654}
{"ts": "2026-05-01T16:58:15.961079+00:00", "level": "INFO", "jobId": "7c7e4384-3cf0-44c8-a24d-388899822ea6", "keyword": "khai trương rực rỡ", "step": "capture", "message": "Capturing posinset=86 (86/∞)…", "data": {"w": 2}, "seq": 32658}
{"ts": "2026-05-01T16:58:19.497542+00:00", "level": "INFO", "jobId": "7c7e4384-3cf0-44c8-a24d-388899822ea6", "keyword": "khai trương rực rỡ", "step": "capture", "message": "Saved post_086.png (posinset=86)", "data": {"w": 2}, "seq": 32663}
{"ts": "2026-05-01T16:58:19.501595+00:00", "level": "INFO", "jobId": "7c7e4384-3cf0-44c8-a24d-388899822ea6", "keyword": "khai trương rực rỡ", "step": "cooldown", "message": "Cooldown 1.0s (after capture)", "data": {"w": 2}, "seq": 32664}
{"ts": "2026-05-01T16:58:20.550175+00:00", "level": "INFO", "jobId": "7c7e4384-3cf0-44c8-a24d-388899822ea6", "keyword": "khai trương rực rỡ", "step": "capture", "message": "Capturing posinset=87 (87/∞)…", "data": {"w": 2}, "seq": 32665}
{"ts": "2026-05-01T16:58:23.801870+00:00", "level": "INFO", "jobId": "7c7e4384-3cf0-44c8-a24d-388899822ea6", "keyword": "khai trương rực rỡ", "step": "capture", "message": "Saved post_087.png (posinset=87)", "data": {"w": 2}, "seq": 32669}
{"ts": "2026-05-01T16:58:23.802869+00:00", "level": "INFO", "jobId": "7c7e4384-3cf0-44c8-a24d-388899822ea6", "keyword": "khai trương rực rỡ", "step": "cooldown", "message": "Cooldown 1.0s (after capture)", "data": {"w": 2}, "seq": 32670}
{"ts": "2026-05-01T16:58:24.844382+00:00", "level": "INFO", "jobId": "7c7e4384-3cf0-44c8-a24d-388899822ea6", "keyword": "khai trương rực rỡ", "step": "heartbeat", "message": "Worker alive", "data": {"w": 2, "elapsed_s": 401}, "seq": 32672}
{"ts": "2026-05-01T16:58:24.845569+00:00", "level": "INFO", "jobId": "7c7e4384-3cf0-44c8-a24d-388899822ea6", "keyword": "khai trương rực rỡ", "step": "capture", "message": "Capturing posinset=88 (88/∞)…", "data": {"w": 2}, "seq": 32673}
{"ts": "2026-05-01T16:58:28.486768+00:00", "level": "INFO", "jobId": "7c7e4384-3cf0-44c8-a24d-388899822ea6", "keyword": "khai trương rực rỡ", "step": "capture", "message": "Saved post_088.png (posinset=88)", "data": {"w": 2}, "seq": 32675}
{"ts": "2026-05-01T16:58:28.486768+00:00", "level": "INFO", "jobId": "7c7e4384-3cf0-44c8-a24d-388899822ea6", "keyword": "khai trương rực rỡ", "step": "cooldown", "message": "Cooldown 1.0s (after capture)", "data": {"w": 2}, "seq": 32676}
{"ts": "2026-05-01T16:58:29.582997+00:00", "level": "INFO", "jobId": "7c7e4384-3cf0-44c8-a24d-388899822ea6", "keyword": "khai trương rực rỡ", "step": "capture", "message": "Capturing posinset=89 (89/∞)…", "data": {"w": 2}, "seq": 32677}
{"ts": "2026-05-01T16:58:33.792816+00:00", "level": "INFO", "jobId": "7c7e4384-3cf0-44c8-a24d-388899822ea6", "keyword": "khai trương rực rỡ", "step": "capture", "message": "Saved post_089.png (posinset=89)", "data": {"w": 2}, "seq": 32685}
{"ts": "2026-05-01T16:58:33.802816+00:00", "level": "INFO", "jobId": "7c7e4384-3cf0-44c8-a24d-388899822ea6", "keyword": "khai trương rực rỡ", "step": "cooldown", "message": "Cooldown 1.0s (after capture)", "data": {"w": 2}, "seq": 32686}
{"ts": "2026-05-01T16:58:34.854841+00:00", "level": "INFO", "jobId": "7c7e4384-3cf0-44c8-a24d-388899822ea6", "keyword": "khai trương rực rỡ", "step": "capture", "message": "Capturing posinset=90 (90/∞)…", "data": {"w": 2}, "seq": 32687}
{"ts": "2026-05-01T16:58:41.655443+00:00", "level": "INFO", "jobId": "7c7e4384-3cf0-44c8-a24d-388899822ea6", "keyword": "khai trương rực rỡ", "step": "capture", "message": "Saved post_090.png (posinset=90)", "data": {"w": 2}, "seq": 32692}
{"ts": "2026-05-01T16:58:41.656947+00:00", "level": "INFO", "jobId": "7c7e4384-3cf0-44c8-a24d-388899822ea6", "keyword": "khai trương rực rỡ", "step": "cooldown", "message": "Cooldown 1.0s (after capture)", "data": {"w": 2}, "seq": 32693}
{"ts": "2026-05-01T16:58:42.693011+00:00", "level": "INFO", "jobId": "7c7e4384-3cf0-44c8-a24d-388899822ea6", "keyword": "khai trương rực rỡ", "step": "heartbeat", "message": "Worker alive", "data": {"w": 2, "elapsed_s": 419}, "seq": 32694}
{"ts": "2026-05-01T16:58:42.694015+00:00", "level": "INFO", "jobId": "7c7e4384-3cf0-44c8-a24d-388899822ea6", "keyword": "khai trương rực rỡ", "step": "capture", "message": "Capturing posinset=91 (91/∞)…", "data": {"w": 2}, "seq": 32695}
{"ts": "2026-05-01T16:58:44.601327+00:00", "level": "INFO", "jobId": "7c7e4384-3cf0-44c8-a24d-388899822ea6", "keyword": "khai trương rực rỡ", "step": "capture", "message": "Capturing posinset=91 (91/∞)…", "data": {"w": 2}, "seq": 32698}
{"ts": "2026-05-01T16:58:46.247052+00:00", "level": "INFO", "jobId": "7c7e4384-3cf0-44c8-a24d-388899822ea6", "keyword": "khai trương rực rỡ", "step": "capture", "message": "Capturing posinset=91 (91/∞)…", "data": {"w": 2}, "seq": 32700}
{"ts": "2026-05-01T16:58:47.819306+00:00", "level": "INFO", "jobId": "7c7e4384-3cf0-44c8-a24d-388899822ea6", "keyword": "khai trương rực rỡ", "step": "capture", "message": "Capturing posinset=91 (91/∞)…", "data": {"w": 2}, "seq": 32705}
{"ts": "2026-05-01T16:58:51.070901+00:00", "level": "INFO", "jobId": "7c7e4384-3cf0-44c8-a24d-388899822ea6", "keyword": "khai trương rực rỡ", "step": "capture", "message": "Capturing posinset=91 (91/∞)…", "data": {"w": 2}, "seq": 32709}
{"ts": "2026-05-01T16:58:53.762417+00:00", "level": "INFO", "jobId": "7c7e4384-3cf0-44c8-a24d-388899822ea6", "keyword": "khai trương rực rỡ", "step": "capture", "message": "Saved post_091.png (posinset=91)", "data": {"w": 2}, "seq": 32716}
{"ts": "2026-05-01T16:58:53.773790+00:00", "level": "INFO", "jobId": "7c7e4384-3cf0-44c8-a24d-388899822ea6", "keyword": "khai trương rực rỡ", "step": "cooldown", "message": "Cooldown 1.0s (after capture)", "data": {"w": 2}, "seq": 32717}
{"ts": "2026-05-01T16:58:54.799559+00:00", "level": "INFO", "jobId": "7c7e4384-3cf0-44c8-a24d-388899822ea6", "keyword": "khai trương rực rỡ", "step": "capture", "message": "Capturing posinset=92 (92/∞)…", "data": {"w": 2}, "seq": 32719}
{"ts": "2026-05-01T16:58:57.017605+00:00", "level": "INFO", "jobId": "7c7e4384-3cf0-44c8-a24d-388899822ea6", "keyword": "khai trương rực rỡ", "step": "capture", "message": "Saved post_092.png (posinset=92)", "data": {"w": 2}, "seq": 32725}
{"ts": "2026-05-01T16:58:57.018819+00:00", "level": "INFO", "jobId": "7c7e4384-3cf0-44c8-a24d-388899822ea6", "keyword": "khai trương rực rỡ", "step": "cooldown", "message": "Cooldown 1.0s (after capture)", "data": {"w": 2}, "seq": 32726}
{"ts": "2026-05-01T16:58:58.066905+00:00", "level": "INFO", "jobId": "7c7e4384-3cf0-44c8-a24d-388899822ea6", "keyword": "khai trương rực rỡ", "step": "heartbeat", "message": "Worker alive", "data": {"w": 2, "elapsed_s": 434}, "seq": 32728}
{"ts": "2026-05-01T16:58:58.067933+00:00", "level": "INFO", "jobId": "7c7e4384-3cf0-44c8-a24d-388899822ea6", "keyword": "khai trương rực rỡ", "step": "capture", "message": "Capturing posinset=93 (93/∞)…", "data": {"w": 2}, "seq": 32729}
{"ts": "2026-05-01T16:59:00.158173+00:00", "level": "INFO", "jobId": "7c7e4384-3cf0-44c8-a24d-388899822ea6", "keyword": "khai trương rực rỡ", "step": "capture", "message": "Saved post_093.png (posinset=93)", "data": {"w": 2}, "seq": 32733}
{"ts": "2026-05-01T16:59:00.159595+00:00", "level": "INFO", "jobId": "7c7e4384-3cf0-44c8-a24d-388899822ea6", "keyword": "khai trương rực rỡ", "step": "cooldown", "message": "Cooldown 1.0s (after capture)", "data": {"w": 2}, "seq": 32734}
{"ts": "2026-05-01T16:59:01.200943+00:00", "level": "INFO", "jobId": "7c7e4384-3cf0-44c8-a24d-388899822ea6", "keyword": "khai trương rực rỡ", "step": "capture", "message": "Capturing posinset=94 (94/∞)…", "data": {"w": 2}, "seq": 32737}
{"ts": "2026-05-01T16:59:02.655191+00:00", "level": "INFO", "jobId": "7c7e4384-3cf0-44c8-a24d-388899822ea6", "keyword": "khai trương rực rỡ", "step": "capture", "message": "Capturing posinset=94 (94/∞)…", "data": {"w": 2}, "seq": 32742}
{"ts": "2026-05-01T16:59:04.216960+00:00", "level": "INFO", "jobId": "7c7e4384-3cf0-44c8-a24d-388899822ea6", "keyword": "khai trương rực rỡ", "step": "capture", "message": "Capturing posinset=94 (94/∞)…", "data": {"w": 2}, "seq": 32743}
{"ts": "2026-05-01T16:59:05.798855+00:00", "level": "INFO", "jobId": "7c7e4384-3cf0-44c8-a24d-388899822ea6", "keyword": "khai trương rực rỡ", "step": "capture", "message": "Capturing posinset=94 (94/∞)…", "data": {"w": 2}, "seq": 32747}
{"ts": "2026-05-01T16:59:07.372824+00:00", "level": "INFO", "jobId": "7c7e4384-3cf0-44c8-a24d-388899822ea6", "keyword": "khai trương rực rỡ", "step": "capture", "message": "Capturing posinset=94 (94/∞)…", "data": {"w": 2}, "seq": 32748}
{"ts": "2026-05-01T16:59:08.864658+00:00", "level": "INFO", "jobId": "7c7e4384-3cf0-44c8-a24d-388899822ea6", "keyword": "khai trương rực rỡ", "step": "capture", "message": "Capturing posinset=94 (94/∞)…", "data": {"w": 2}, "seq": 32751}
{"ts": "2026-05-01T16:59:10.444575+00:00", "level": "INFO", "jobId": "7c7e4384-3cf0-44c8-a24d-388899822ea6", "keyword": "khai trương rực rỡ", "step": "capture", "message": "Capturing posinset=94 (94/∞)…", "data": {"w": 2}, "seq": 32752}
{"ts": "2026-05-01T16:59:22.333588+00:00", "level": "INFO", "jobId": "7c7e4384-3cf0-44c8-a24d-388899822ea6", "keyword": "khai trương rực rỡ", "step": "heartbeat", "message": "Worker alive", "data": {"w": 2, "elapsed_s": 458}, "seq": 32772}
{"ts": "2026-05-01T16:59:22.335595+00:00", "level": "INFO", "jobId": "7c7e4384-3cf0-44c8-a24d-388899822ea6", "keyword": "khai trương rực rỡ", "step": "capture", "message": "Capturing posinset=94 (94/∞)…", "data": {"w": 2}, "seq": 32773}
{"ts": "2026-05-01T16:59:35.080883+00:00", "level": "INFO", "jobId": "7c7e4384-3cf0-44c8-a24d-388899822ea6", "keyword": "khai trương rực rỡ", "step": "capture", "message": "Capturing posinset=94 (94/∞)…", "data": {"w": 2}, "seq": 32788}
{"ts": "2026-05-01T16:59:36.894887+00:00", "level": "INFO", "jobId": "7c7e4384-3cf0-44c8-a24d-388899822ea6", "keyword": "khai trương rực rỡ", "step": "capture", "message": "Reached stable end of results (maxPos=93, stable>=35s). Stopping.", "data": {"w": 2}, "seq": 32791}
{"ts": "2026-05-01T16:59:36.934114+00:00", "level": "INFO", "jobId": "7c7e4384-3cf0-44c8-a24d-388899822ea6", "keyword": "khai trương rực rỡ", "step": "capture", "message": "Capture loop finished (unlimited). Saved=93", "data": {"w": 2}, "seq": 32792}
{"ts": "2026-05-01T16:59:36.946425+00:00", "level": "INFO", "jobId": "7c7e4384-3cf0-44c8-a24d-388899822ea6", "keyword": "khai trương rực rỡ", "step": "done", "message": "Completed. Saved=93", "data": {"w": 2}, "seq": 32793}
