{"ts": "2026-05-01T09:04:43.439852+00:00", "level": "INFO", "jobId": "812dee06-4908-42a3-bae8-eb1a0404d968", "keyword": "khai trương", "step": "created", "message": "Job created", "data": {"maxPosts": 5}, "seq": 15084}
{"ts": "2026-05-01T09:04:43.640798+00:00", "level": "INFO", "jobId": "812dee06-4908-42a3-bae8-eb1a0404d968", "keyword": "khai trương", "step": "start", "message": "Job started (attempt 1/2)", "data": {"w": 0}, "seq": 15088}
{"ts": "2026-05-01T09:04:50.523211+00:00", "level": "INFO", "jobId": "812dee06-4908-42a3-bae8-eb1a0404d968", "keyword": "khai trương", "step": "search", "message": "Searching keyword: \"khai trương\"", "data": {"w": 0}, "seq": 15089}
{"ts": "2026-05-01T09:04:51.499940+00:00", "level": "INFO", "jobId": "812dee06-4908-42a3-bae8-eb1a0404d968", "keyword": "khai trương", "step": "capture", "message": "Start capturing up to 5 posts.", "data": {"w": 0}, "seq": 15090}
{"ts": "2026-05-01T09:04:51.501034+00:00", "level": "INFO", "jobId": "812dee06-4908-42a3-bae8-eb1a0404d968", "keyword": "khai trương", "step": "capture", "message": "Output folder: Lan 9 - 1604", "data": {"w": 0}, "seq": 15091}
{"ts": "2026-05-01T09:04:51.536372+00:00", "level": "INFO", "jobId": "812dee06-4908-42a3-bae8-eb1a0404d968", "keyword": "khai trương", "step": "capture", "message": "Waiting for posts to appear (avoid blank capture)…", "data": {"w": 0}, "seq": 15092}
{"ts": "2026-05-01T09:04:51.546795+00:00", "level": "INFO", "jobId": "812dee06-4908-42a3-bae8-eb1a0404d968", "keyword": "khai trương", "step": "capture", "message": "Post-detect debug: {'hasMain': False, 'roleArticle': 0, 'divRoleArticle': 0, 'articleTag': 0, 'feedUnit': 0, 'anyPagelet': 0, 'adPreview': 0, 'imgs': 0, 'videos': 0, 'progress': 0, 'busy': '', 'firstArticle': None}", "data": {"w": 0}, "seq": 15093}
{"ts": "2026-05-01T09:04:55.364388+00:00", "level": "INFO", "jobId": "812dee06-4908-42a3-bae8-eb1a0404d968", "keyword": "khai trương", "step": "capture", "message": "Waiting for posts to appear (avoid blank capture)…", "data": {"w": 0}, "seq": 15094}
{"ts": "2026-05-01T09:04:58.702681+00:00", "level": "INFO", "jobId": "812dee06-4908-42a3-bae8-eb1a0404d968", "keyword": "khai trương", "step": "capture", "message": "Post-detect debug: {'hasMain': False, 'roleArticle': 0, 'divRoleArticle': 0, 'articleTag': 0, 'feedUnit': 0, 'anyPagelet': 0, 'adPreview': 0, 'imgs': 0, 'videos': 0, 'progress': 0, 'busy': '', 'firstArticle': None}", "data": {"w": 0}, "seq": 15095}
{"ts": "2026-05-01T09:04:59.081698+00:00", "level": "INFO", "jobId": "812dee06-4908-42a3-bae8-eb1a0404d968", "keyword": "khai trương", "step": "capture", "message": "Waiting for posts to appear (avoid blank capture)…", "data": {"w": 0}, "seq": 15096}
{"ts": "2026-05-01T09:05:02.805401+00:00", "level": "INFO", "jobId": "812dee06-4908-42a3-bae8-eb1a0404d968", "keyword": "khai trương", "step": "capture", "message": "Waiting for posts to appear (avoid blank capture)…", "data": {"w": 0}, "seq": 15097}
{"ts": "2026-05-01T09:05:05.832901+00:00", "level": "INFO", "jobId": "812dee06-4908-42a3-bae8-eb1a0404d968", "keyword": "khai trương", "step": "capture", "message": "Post-detect debug: {'hasMain': False, 'roleArticle': 0, 'divRoleArticle': 0, 'articleTag': 0, 'feedUnit': 0, 'anyPagelet': 0, 'adPreview': 0, 'imgs': 0, 'videos': 0, 'progress': 0, 'busy': '', 'firstArticle': None}", "data": {"w": 0}, "seq": 15098}
{"ts": "2026-05-01T09:05:06.571705+00:00", "level": "INFO", "jobId": "812dee06-4908-42a3-bae8-eb1a0404d968", "keyword": "khai trương", "step": "capture", "message": "Waiting for posts to appear (avoid blank capture)…", "data": {"w": 0}, "seq": 15099}
{"ts": "2026-05-01T09:05:10.183604+00:00", "level": "INFO", "jobId": "812dee06-4908-42a3-bae8-eb1a0404d968", "keyword": "khai trương", "step": "capture", "message": "Waiting for posts to appear (avoid blank capture)…", "data": {"w": 0}, "seq": 15100}
{"ts": "2026-05-01T09:05:13.118334+00:00", "level": "INFO", "jobId": "812dee06-4908-42a3-bae8-eb1a0404d968", "keyword": "khai trương", "step": "capture", "message": "Post-detect debug failed: Page.evaluate: Target page, context or browser has been closed", "data": {"w": 0}, "seq": 15101}
{"ts": "2026-05-01T09:05:14.660002+00:00", "level": "INFO", "jobId": "812dee06-4908-42a3-bae8-eb1a0404d968", "keyword": "khai trương", "step": "capture", "message": "Waiting for posts to appear (avoid blank capture)…", "data": {"w": 0}, "seq": 15102}
{"ts": "2026-05-01T09:05:14.665038+00:00", "level": "INFO", "jobId": "812dee06-4908-42a3-bae8-eb1a0404d968", "keyword": "khai trương", "step": "capture", "message": "Post-detect debug failed: Page.evaluate: Target page, context or browser has been closed", "data": {"w": 0}, "seq": 15103}
{"ts": "2026-05-01T09:05:18.376835+00:00", "level": "INFO", "jobId": "812dee06-4908-42a3-bae8-eb1a0404d968", "keyword": "khai trương", "step": "capture", "message": "Waiting for posts to appear (avoid blank capture)…", "data": {"w": 0}, "seq": 15104}
{"ts": "2026-05-01T09:05:21.702763+00:00", "level": "INFO", "jobId": "812dee06-4908-42a3-bae8-eb1a0404d968", "keyword": "khai trương", "step": "capture", "message": "Post-detect debug failed: Page.evaluate: Target page, context or browser has been closed", "data": {"w": 0}, "seq": 15105}
{"ts": "2026-05-01T09:05:22.067740+00:00", "level": "INFO", "jobId": "812dee06-4908-42a3-bae8-eb1a0404d968", "keyword": "khai trương", "step": "capture", "message": "Waiting for posts to appear (avoid blank capture)…", "data": {"w": 0}, "seq": 15106}
{"ts": "2026-05-01T09:05:27.423731+00:00", "level": "INFO", "jobId": "812dee06-4908-42a3-bae8-eb1a0404d968", "keyword": "khai trương", "step": "capture", "message": "Waiting for posts to appear (avoid blank capture)…", "data": {"w": 0}, "seq": 15107}
