{"ts": "2026-05-01T04:39:23.224051+00:00", "level": "INFO", "jobId": "81862211-14f8-4c1c-b89b-b67f73f189a1", "keyword": "đồng loạt khai trương", "step": "created", "message": "Job created", "data": {"maxPosts": 130}, "seq": 12841}
{"ts": "2026-05-01T06:30:33.944037+00:00", "level": "INFO", "jobId": "81862211-14f8-4c1c-b89b-b67f73f189a1", "keyword": "đồng loạt khai trương", "step": "start", "message": "Job started (attempt 1/2)", "data": {"w": 1}, "seq": 13296}
{"ts": "2026-05-01T06:30:37.360557+00:00", "level": "INFO", "jobId": "81862211-14f8-4c1c-b89b-b67f73f189a1", "keyword": "đồng loạt khai trương", "step": "login", "message": "Already logged in (profile session).", "data": {"w": 1}, "seq": 13297}
{"ts": "2026-05-01T06:30:39.417236+00:00", "level": "INFO", "jobId": "81862211-14f8-4c1c-b89b-b67f73f189a1", "keyword": "đồng loạt khai trương", "step": "search", "message": "Searching keyword: \"đồng loạt khai trương\"", "data": {"w": 1}, "seq": 13298}
{"ts": "2026-05-01T06:30:44.168062+00:00", "level": "INFO", "jobId": "81862211-14f8-4c1c-b89b-b67f73f189a1", "keyword": "đồng loạt khai trương", "step": "capture", "message": "Start capturing up to 130 posts.", "data": {"w": 1}, "seq": 13299}
{"ts": "2026-05-01T06:30:44.170062+00:00", "level": "INFO", "jobId": "81862211-14f8-4c1c-b89b-b67f73f189a1", "keyword": "đồng loạt khai trương", "step": "capture", "message": "Output folder: Lan 1 - 1330", "data": {"w": 1}, "seq": 13300}
{"ts": "2026-05-01T06:30:45.313687+00:00", "level": "INFO", "jobId": "81862211-14f8-4c1c-b89b-b67f73f189a1", "keyword": "đồng loạt khai trương", "step": "capture", "message": "Guard: forcing top before first capture (y=1294, primary=0)", "data": {"w": 1}, "seq": 13301}
{"ts": "2026-05-01T06:30:46.129400+00:00", "level": "INFO", "jobId": "81862211-14f8-4c1c-b89b-b67f73f189a1", "keyword": "đồng loạt khai trương", "step": "capture", "message": "Capturing 1/130 (viewport)…", "data": {"w": 1}, "seq": 13302}
{"ts": "2026-05-01T06:30:47.237621+00:00", "level": "INFO", "jobId": "81862211-14f8-4c1c-b89b-b67f73f189a1", "keyword": "đồng loạt khai trương", "step": "capture", "message": "Expanded \"Xem thêm\" (exact-class): +2 (total 2)", "data": {"w": 1}, "seq": 13303}
{"ts": "2026-05-01T06:30:59.484420+00:00", "level": "INFO", "jobId": "81862211-14f8-4c1c-b89b-b67f73f189a1", "keyword": "đồng loạt khai trương", "step": "heartbeat", "message": "Worker alive", "data": {"w": 1, "elapsed_s": 25}, "seq": 13304}
{"ts": "2026-05-01T06:31:00.137617+00:00", "level": "INFO", "jobId": "81862211-14f8-4c1c-b89b-b67f73f189a1", "keyword": "đồng loạt khai trương", "step": "capture", "message": "Saved post_001.png", "data": {"w": 1}, "seq": 13305}
{"ts": "2026-05-01T06:31:00.137617+00:00", "level": "INFO", "jobId": "81862211-14f8-4c1c-b89b-b67f73f189a1", "keyword": "đồng loạt khai trương", "step": "cooldown", "message": "Cooldown 1.3s (after capture)", "data": {"w": 1}, "seq": 13306}
{"ts": "2026-05-01T06:31:02.034425+00:00", "level": "INFO", "jobId": "81862211-14f8-4c1c-b89b-b67f73f189a1", "keyword": "đồng loạt khai trương", "step": "capture", "message": "Capturing 2/130 (viewport)…", "data": {"w": 1}, "seq": 13307}
{"ts": "2026-05-01T06:31:14.631301+00:00", "level": "INFO", "jobId": "81862211-14f8-4c1c-b89b-b67f73f189a1", "keyword": "đồng loạt khai trương", "step": "capture", "message": "Saved post_002.png", "data": {"w": 1}, "seq": 13308}
{"ts": "2026-05-01T06:31:14.632357+00:00", "level": "INFO", "jobId": "81862211-14f8-4c1c-b89b-b67f73f189a1", "keyword": "đồng loạt khai trương", "step": "cooldown", "message": "Cooldown 2.4s (after capture)", "data": {"w": 1}, "seq": 13309}
{"ts": "2026-05-01T06:31:17.584363+00:00", "level": "INFO", "jobId": "81862211-14f8-4c1c-b89b-b67f73f189a1", "keyword": "đồng loạt khai trương", "step": "heartbeat", "message": "Worker alive", "data": {"w": 1, "elapsed_s": 43}, "seq": 13310}
{"ts": "2026-05-01T06:31:17.585377+00:00", "level": "INFO", "jobId": "81862211-14f8-4c1c-b89b-b67f73f189a1", "keyword": "đồng loạt khai trương", "step": "capture", "message": "Capturing 3/130 (viewport)…", "data": {"w": 1}, "seq": 13311}
{"ts": "2026-05-01T06:31:17.712473+00:00", "level": "INFO", "jobId": "81862211-14f8-4c1c-b89b-b67f73f189a1", "keyword": "đồng loạt khai trương", "step": "capture", "message": "Expanded \"Xem thêm\" (exact-class): +2 (total 2)", "data": {"w": 1}, "seq": 13312}
{"ts": "2026-05-01T06:31:30.567184+00:00", "level": "INFO", "jobId": "81862211-14f8-4c1c-b89b-b67f73f189a1", "keyword": "đồng loạt khai trương", "step": "capture", "message": "Saved post_003.png", "data": {"w": 1}, "seq": 13313}
{"ts": "2026-05-01T06:31:30.578127+00:00", "level": "INFO", "jobId": "81862211-14f8-4c1c-b89b-b67f73f189a1", "keyword": "đồng loạt khai trương", "step": "cooldown", "message": "Cooldown 2.8s (after capture)", "data": {"w": 1}, "seq": 13314}
{"ts": "2026-05-01T06:31:33.925666+00:00", "level": "INFO", "jobId": "81862211-14f8-4c1c-b89b-b67f73f189a1", "keyword": "đồng loạt khai trương", "step": "heartbeat", "message": "Worker alive", "data": {"w": 1, "elapsed_s": 59}, "seq": 13315}
{"ts": "2026-05-01T06:31:33.926667+00:00", "level": "INFO", "jobId": "81862211-14f8-4c1c-b89b-b67f73f189a1", "keyword": "đồng loạt khai trương", "step": "capture", "message": "Capturing 4/130 (viewport)…", "data": {"w": 1}, "seq": 13316}
{"ts": "2026-05-01T06:31:46.615923+00:00", "level": "INFO", "jobId": "81862211-14f8-4c1c-b89b-b67f73f189a1", "keyword": "đồng loạt khai trương", "step": "capture", "message": "Saved post_004.png", "data": {"w": 1}, "seq": 13317}
{"ts": "2026-05-01T06:31:46.619992+00:00", "level": "INFO", "jobId": "81862211-14f8-4c1c-b89b-b67f73f189a1", "keyword": "đồng loạt khai trương", "step": "cooldown", "message": "Cooldown 2.4s (after capture)", "data": {"w": 1}, "seq": 13318}
{"ts": "2026-05-01T06:31:49.550842+00:00", "level": "INFO", "jobId": "81862211-14f8-4c1c-b89b-b67f73f189a1", "keyword": "đồng loạt khai trương", "step": "heartbeat", "message": "Worker alive", "data": {"w": 1, "elapsed_s": 75}, "seq": 13319}
{"ts": "2026-05-01T06:31:49.550842+00:00", "level": "INFO", "jobId": "81862211-14f8-4c1c-b89b-b67f73f189a1", "keyword": "đồng loạt khai trương", "step": "capture", "message": "Capturing 5/130 (viewport)…", "data": {"w": 1}, "seq": 13320}
{"ts": "2026-05-01T06:31:49.646475+00:00", "level": "INFO", "jobId": "81862211-14f8-4c1c-b89b-b67f73f189a1", "keyword": "đồng loạt khai trương", "step": "capture", "message": "Expanded \"Xem thêm\" (exact-class): +2 (total 2)", "data": {"w": 1}, "seq": 13321}
{"ts": "2026-05-01T06:32:02.599324+00:00", "level": "INFO", "jobId": "81862211-14f8-4c1c-b89b-b67f73f189a1", "keyword": "đồng loạt khai trương", "step": "capture", "message": "Saved post_005.png", "data": {"w": 1}, "seq": 13322}
{"ts": "2026-05-01T06:32:02.599324+00:00", "level": "INFO", "jobId": "81862211-14f8-4c1c-b89b-b67f73f189a1", "keyword": "đồng loạt khai trương", "step": "cooldown", "message": "Cooldown 1.4s (after capture)", "data": {"w": 1}, "seq": 13323}
{"ts": "2026-05-01T06:32:04.571242+00:00", "level": "INFO", "jobId": "81862211-14f8-4c1c-b89b-b67f73f189a1", "keyword": "đồng loạt khai trương", "step": "heartbeat", "message": "Worker alive", "data": {"w": 1, "elapsed_s": 90}, "seq": 13324}
{"ts": "2026-05-01T06:32:04.571242+00:00", "level": "INFO", "jobId": "81862211-14f8-4c1c-b89b-b67f73f189a1", "keyword": "đồng loạt khai trương", "step": "capture", "message": "Capturing 6/130 (viewport)…", "data": {"w": 1}, "seq": 13325}
{"ts": "2026-05-01T06:32:17.145367+00:00", "level": "INFO", "jobId": "81862211-14f8-4c1c-b89b-b67f73f189a1", "keyword": "đồng loạt khai trương", "step": "capture", "message": "Saved post_006.png", "data": {"w": 1}, "seq": 13326}
{"ts": "2026-05-01T06:32:17.145367+00:00", "level": "INFO", "jobId": "81862211-14f8-4c1c-b89b-b67f73f189a1", "keyword": "đồng loạt khai trương", "step": "cooldown", "message": "Cooldown 2.2s (after capture)", "data": {"w": 1}, "seq": 13327}
{"ts": "2026-05-01T06:32:19.898934+00:00", "level": "INFO", "jobId": "81862211-14f8-4c1c-b89b-b67f73f189a1", "keyword": "đồng loạt khai trương", "step": "heartbeat", "message": "Worker alive", "data": {"w": 1, "elapsed_s": 105}, "seq": 13328}
{"ts": "2026-05-01T06:32:19.898934+00:00", "level": "INFO", "jobId": "81862211-14f8-4c1c-b89b-b67f73f189a1", "keyword": "đồng loạt khai trương", "step": "capture", "message": "Capturing 7/130 (viewport)…", "data": {"w": 1}, "seq": 13329}
{"ts": "2026-05-01T06:32:19.980017+00:00", "level": "INFO", "jobId": "81862211-14f8-4c1c-b89b-b67f73f189a1", "keyword": "đồng loạt khai trương", "step": "capture", "message": "Expanded \"Xem thêm\" (exact-class): +1 (total 1)", "data": {"w": 1}, "seq": 13330}
{"ts": "2026-05-01T06:32:32.858150+00:00", "level": "INFO", "jobId": "81862211-14f8-4c1c-b89b-b67f73f189a1", "keyword": "đồng loạt khai trương", "step": "capture", "message": "Saved post_007.png", "data": {"w": 1}, "seq": 13331}
{"ts": "2026-05-01T06:32:32.858150+00:00", "level": "INFO", "jobId": "81862211-14f8-4c1c-b89b-b67f73f189a1", "keyword": "đồng loạt khai trương", "step": "cooldown", "message": "Cooldown 2.5s (after capture)", "data": {"w": 1}, "seq": 13332}
{"ts": "2026-05-01T06:32:35.929374+00:00", "level": "INFO", "jobId": "81862211-14f8-4c1c-b89b-b67f73f189a1", "keyword": "đồng loạt khai trương", "step": "heartbeat", "message": "Worker alive", "data": {"w": 1, "elapsed_s": 121}, "seq": 13333}
{"ts": "2026-05-01T06:32:35.944539+00:00", "level": "INFO", "jobId": "81862211-14f8-4c1c-b89b-b67f73f189a1", "keyword": "đồng loạt khai trương", "step": "capture", "message": "Capturing 8/130 (viewport)…", "data": {"w": 1}, "seq": 13334}
{"ts": "2026-05-01T06:32:36.079981+00:00", "level": "INFO", "jobId": "81862211-14f8-4c1c-b89b-b67f73f189a1", "keyword": "đồng loạt khai trương", "step": "capture", "message": "Expanded \"Xem thêm\" (exact-class): +2 (total 2)", "data": {"w": 1}, "seq": 13335}
{"ts": "2026-05-01T06:32:49.028896+00:00", "level": "INFO", "jobId": "81862211-14f8-4c1c-b89b-b67f73f189a1", "keyword": "đồng loạt khai trương", "step": "capture", "message": "Saved post_008.png", "data": {"w": 1}, "seq": 13336}
{"ts": "2026-05-01T06:32:49.028896+00:00", "level": "INFO", "jobId": "81862211-14f8-4c1c-b89b-b67f73f189a1", "keyword": "đồng loạt khai trương", "step": "cooldown", "message": "Cooldown 2.5s (after capture)", "data": {"w": 1}, "seq": 13337}
{"ts": "2026-05-01T06:32:52.071896+00:00", "level": "INFO", "jobId": "81862211-14f8-4c1c-b89b-b67f73f189a1", "keyword": "đồng loạt khai trương", "step": "heartbeat", "message": "Worker alive", "data": {"w": 1, "elapsed_s": 138}, "seq": 13338}
{"ts": "2026-05-01T06:32:52.071896+00:00", "level": "INFO", "jobId": "81862211-14f8-4c1c-b89b-b67f73f189a1", "keyword": "đồng loạt khai trương", "step": "capture", "message": "Capturing 9/130 (viewport)…", "data": {"w": 1}, "seq": 13339}
{"ts": "2026-05-01T06:33:04.337943+00:00", "level": "INFO", "jobId": "81862211-14f8-4c1c-b89b-b67f73f189a1", "keyword": "đồng loạt khai trương", "step": "capture", "message": "Saved post_009.png", "data": {"w": 1}, "seq": 13340}
{"ts": "2026-05-01T06:33:04.337943+00:00", "level": "INFO", "jobId": "81862211-14f8-4c1c-b89b-b67f73f189a1", "keyword": "đồng loạt khai trương", "step": "cooldown", "message": "Cooldown 2.8s (after capture)", "data": {"w": 1}, "seq": 13341}
{"ts": "2026-05-01T06:33:07.673050+00:00", "level": "INFO", "jobId": "81862211-14f8-4c1c-b89b-b67f73f189a1", "keyword": "đồng loạt khai trương", "step": "heartbeat", "message": "Worker alive", "data": {"w": 1, "elapsed_s": 153}, "seq": 13342}
{"ts": "2026-05-01T06:33:07.673050+00:00", "level": "INFO", "jobId": "81862211-14f8-4c1c-b89b-b67f73f189a1", "keyword": "đồng loạt khai trương", "step": "capture", "message": "Capturing 10/130 (viewport)…", "data": {"w": 1}, "seq": 13343}
{"ts": "2026-05-01T06:33:19.887106+00:00", "level": "INFO", "jobId": "81862211-14f8-4c1c-b89b-b67f73f189a1", "keyword": "đồng loạt khai trương", "step": "capture", "message": "Saved post_010.png", "data": {"w": 1}, "seq": 13344}
{"ts": "2026-05-01T06:33:19.888530+00:00", "level": "INFO", "jobId": "81862211-14f8-4c1c-b89b-b67f73f189a1", "keyword": "đồng loạt khai trương", "step": "cooldown", "message": "Cooldown 1.0s (after capture)", "data": {"w": 1}, "seq": 13345}
{"ts": "2026-05-01T06:33:21.440697+00:00", "level": "INFO", "jobId": "81862211-14f8-4c1c-b89b-b67f73f189a1", "keyword": "đồng loạt khai trương", "step": "capture", "message": "Capturing 11/130 (viewport)…", "data": {"w": 1}, "seq": 13346}
{"ts": "2026-05-01T06:33:22.995817+00:00", "level": "INFO", "jobId": "81862211-14f8-4c1c-b89b-b67f73f189a1", "keyword": "đồng loạt khai trương", "step": "heartbeat", "message": "Worker alive", "data": {"w": 1, "elapsed_s": 169}, "seq": 13347}
{"ts": "2026-05-01T06:33:33.724450+00:00", "level": "INFO", "jobId": "81862211-14f8-4c1c-b89b-b67f73f189a1", "keyword": "đồng loạt khai trương", "step": "capture", "message": "Saved post_011.png", "data": {"w": 1}, "seq": 13348}
{"ts": "2026-05-01T06:33:33.724450+00:00", "level": "INFO", "jobId": "81862211-14f8-4c1c-b89b-b67f73f189a1", "keyword": "đồng loạt khai trương", "step": "cooldown", "message": "Cooldown 2.8s (after capture)", "data": {"w": 1}, "seq": 13349}
{"ts": "2026-05-01T06:33:37.071214+00:00", "level": "INFO", "jobId": "81862211-14f8-4c1c-b89b-b67f73f189a1", "keyword": "đồng loạt khai trương", "step": "capture", "message": "Capturing 12/130 (viewport)…", "data": {"w": 1}, "seq": 13350}
{"ts": "2026-05-01T06:33:38.254162+00:00", "level": "INFO", "jobId": "81862211-14f8-4c1c-b89b-b67f73f189a1", "keyword": "đồng loạt khai trương", "step": "heartbeat", "message": "Worker alive", "data": {"w": 1, "elapsed_s": 184}, "seq": 13351}
{"ts": "2026-05-01T06:33:49.465315+00:00", "level": "INFO", "jobId": "81862211-14f8-4c1c-b89b-b67f73f189a1", "keyword": "đồng loạt khai trương", "step": "capture", "message": "Saved post_012.png", "data": {"w": 1}, "seq": 13352}
{"ts": "2026-05-01T06:33:49.465315+00:00", "level": "INFO", "jobId": "81862211-14f8-4c1c-b89b-b67f73f189a1", "keyword": "đồng loạt khai trương", "step": "cooldown", "message": "Cooldown 2.3s (after capture)", "data": {"w": 1}, "seq": 13353}
{"ts": "2026-05-01T06:33:52.323330+00:00", "level": "INFO", "jobId": "81862211-14f8-4c1c-b89b-b67f73f189a1", "keyword": "đồng loạt khai trương", "step": "capture", "message": "Capturing 13/130 (viewport)…", "data": {"w": 1}, "seq": 13354}
{"ts": "2026-05-01T06:33:53.510870+00:00", "level": "INFO", "jobId": "81862211-14f8-4c1c-b89b-b67f73f189a1", "keyword": "đồng loạt khai trương", "step": "heartbeat", "message": "Worker alive", "data": {"w": 1, "elapsed_s": 199}, "seq": 13355}
{"ts": "2026-05-01T06:34:04.975412+00:00", "level": "INFO", "jobId": "81862211-14f8-4c1c-b89b-b67f73f189a1", "keyword": "đồng loạt khai trương", "step": "capture", "message": "Saved post_013.png", "data": {"w": 1}, "seq": 13356}
{"ts": "2026-05-01T06:34:04.975412+00:00", "level": "INFO", "jobId": "81862211-14f8-4c1c-b89b-b67f73f189a1", "keyword": "đồng loạt khai trương", "step": "cooldown", "message": "Cooldown 1.2s (after capture)", "data": {"w": 1}, "seq": 13357}
{"ts": "2026-05-01T06:34:06.714636+00:00", "level": "INFO", "jobId": "81862211-14f8-4c1c-b89b-b67f73f189a1", "keyword": "đồng loạt khai trương", "step": "capture", "message": "Capturing 14/130 (viewport)…", "data": {"w": 1}, "seq": 13358}
{"ts": "2026-05-01T06:34:06.778864+00:00", "level": "INFO", "jobId": "81862211-14f8-4c1c-b89b-b67f73f189a1", "keyword": "đồng loạt khai trương", "step": "capture", "message": "Expanded \"Xem thêm\" (exact-class): +1 (total 1)", "data": {"w": 1}, "seq": 13359}
{"ts": "2026-05-01T06:34:08.734747+00:00", "level": "INFO", "jobId": "81862211-14f8-4c1c-b89b-b67f73f189a1", "keyword": "đồng loạt khai trương", "step": "heartbeat", "message": "Worker alive", "data": {"w": 1, "elapsed_s": 214}, "seq": 13360}
{"ts": "2026-05-01T06:34:19.839574+00:00", "level": "INFO", "jobId": "81862211-14f8-4c1c-b89b-b67f73f189a1", "keyword": "đồng loạt khai trương", "step": "capture", "message": "Saved post_014.png", "data": {"w": 1}, "seq": 13361}
{"ts": "2026-05-01T06:34:19.839574+00:00", "level": "INFO", "jobId": "81862211-14f8-4c1c-b89b-b67f73f189a1", "keyword": "đồng loạt khai trương", "step": "cooldown", "message": "Cooldown 1.5s (after capture)", "data": {"w": 1}, "seq": 13362}
{"ts": "2026-05-01T06:34:21.900333+00:00", "level": "INFO", "jobId": "81862211-14f8-4c1c-b89b-b67f73f189a1", "keyword": "đồng loạt khai trương", "step": "capture", "message": "Capturing 15/130 (viewport)…", "data": {"w": 1}, "seq": 13363}
{"ts": "2026-05-01T06:34:21.975719+00:00", "level": "INFO", "jobId": "81862211-14f8-4c1c-b89b-b67f73f189a1", "keyword": "đồng loạt khai trương", "step": "capture", "message": "Expanded \"Xem thêm\" (exact-class): +1 (total 1)", "data": {"w": 1}, "seq": 13364}
{"ts": "2026-05-01T06:34:24.020986+00:00", "level": "INFO", "jobId": "81862211-14f8-4c1c-b89b-b67f73f189a1", "keyword": "đồng loạt khai trương", "step": "heartbeat", "message": "Worker alive", "data": {"w": 1, "elapsed_s": 230}, "seq": 13365}
{"ts": "2026-05-01T06:34:35.097575+00:00", "level": "INFO", "jobId": "81862211-14f8-4c1c-b89b-b67f73f189a1", "keyword": "đồng loạt khai trương", "step": "capture", "message": "Saved post_015.png", "data": {"w": 1}, "seq": 13366}
{"ts": "2026-05-01T06:34:35.097575+00:00", "level": "INFO", "jobId": "81862211-14f8-4c1c-b89b-b67f73f189a1", "keyword": "đồng loạt khai trương", "step": "cooldown", "message": "Cooldown 1.7s (after capture)", "data": {"w": 1}, "seq": 13367}
{"ts": "2026-05-01T06:34:37.929916+00:00", "level": "INFO", "jobId": "81862211-14f8-4c1c-b89b-b67f73f189a1", "keyword": "đồng loạt khai trương", "step": "capture", "message": "Capturing 16/130 (viewport)…", "data": {"w": 1}, "seq": 13368}
{"ts": "2026-05-01T06:34:38.217338+00:00", "level": "INFO", "jobId": "81862211-14f8-4c1c-b89b-b67f73f189a1", "keyword": "đồng loạt khai trương", "step": "capture", "message": "Expanded \"Xem thêm\" (exact-class): +1 (total 1)", "data": {"w": 1}, "seq": 13369}
{"ts": "2026-05-01T06:39:26.285756+00:00", "level": "INFO", "jobId": "81862211-14f8-4c1c-b89b-b67f73f189a1", "keyword": "đồng loạt khai trương", "step": "heartbeat", "message": "Worker alive", "data": {"w": 1, "elapsed_s": 532}, "seq": 13370}
{"ts": "2026-05-01T06:39:38.748639+00:00", "level": "INFO", "jobId": "81862211-14f8-4c1c-b89b-b67f73f189a1", "keyword": "đồng loạt khai trương", "step": "capture", "message": "Saved post_016.png", "data": {"w": 1}, "seq": 13371}
{"ts": "2026-05-01T06:39:38.748639+00:00", "level": "INFO", "jobId": "81862211-14f8-4c1c-b89b-b67f73f189a1", "keyword": "đồng loạt khai trương", "step": "cooldown", "message": "Cooldown 2.6s (after capture)", "data": {"w": 1}, "seq": 13372}
{"ts": "2026-05-01T06:39:41.980993+00:00", "level": "INFO", "jobId": "81862211-14f8-4c1c-b89b-b67f73f189a1", "keyword": "đồng loạt khai trương", "step": "heartbeat", "message": "Worker alive", "data": {"w": 1, "elapsed_s": 548}, "seq": 13373}
{"ts": "2026-05-01T06:39:41.982132+00:00", "level": "INFO", "jobId": "81862211-14f8-4c1c-b89b-b67f73f189a1", "keyword": "đồng loạt khai trương", "step": "capture", "message": "Capturing 17/130 (viewport)…", "data": {"w": 1}, "seq": 13374}
{"ts": "2026-05-01T06:39:54.576805+00:00", "level": "INFO", "jobId": "81862211-14f8-4c1c-b89b-b67f73f189a1", "keyword": "đồng loạt khai trương", "step": "capture", "message": "Saved post_017.png", "data": {"w": 1}, "seq": 13375}
{"ts": "2026-05-01T06:39:54.576805+00:00", "level": "INFO", "jobId": "81862211-14f8-4c1c-b89b-b67f73f189a1", "keyword": "đồng loạt khai trương", "step": "cooldown", "message": "Cooldown 1.8s (after capture)", "data": {"w": 1}, "seq": 13376}
{"ts": "2026-05-01T06:39:56.883707+00:00", "level": "INFO", "jobId": "81862211-14f8-4c1c-b89b-b67f73f189a1", "keyword": "đồng loạt khai trương", "step": "capture", "message": "Capturing 18/130 (viewport)…", "data": {"w": 1}, "seq": 13377}
{"ts": "2026-05-01T06:39:56.941357+00:00", "level": "INFO", "jobId": "81862211-14f8-4c1c-b89b-b67f73f189a1", "keyword": "đồng loạt khai trương", "step": "capture", "message": "Expanded \"Xem thêm\" (exact-class): +1 (total 1)", "data": {"w": 1}, "seq": 13378}
{"ts": "2026-05-01T06:39:57.357050+00:00", "level": "INFO", "jobId": "81862211-14f8-4c1c-b89b-b67f73f189a1", "keyword": "đồng loạt khai trương", "step": "heartbeat", "message": "Worker alive", "data": {"w": 1, "elapsed_s": 563}, "seq": 13379}
{"ts": "2026-05-01T06:40:09.922329+00:00", "level": "INFO", "jobId": "81862211-14f8-4c1c-b89b-b67f73f189a1", "keyword": "đồng loạt khai trương", "step": "capture", "message": "Saved post_018.png", "data": {"w": 1}, "seq": 13380}
{"ts": "2026-05-01T06:40:09.922329+00:00", "level": "INFO", "jobId": "81862211-14f8-4c1c-b89b-b67f73f189a1", "keyword": "đồng loạt khai trương", "step": "cooldown", "message": "Cooldown 2.4s (after capture)", "data": {"w": 1}, "seq": 13381}
{"ts": "2026-05-01T06:40:12.882261+00:00", "level": "INFO", "jobId": "81862211-14f8-4c1c-b89b-b67f73f189a1", "keyword": "đồng loạt khai trương", "step": "heartbeat", "message": "Worker alive", "data": {"w": 1, "elapsed_s": 578}, "seq": 13382}
{"ts": "2026-05-01T06:40:12.882261+00:00", "level": "INFO", "jobId": "81862211-14f8-4c1c-b89b-b67f73f189a1", "keyword": "đồng loạt khai trương", "step": "capture", "message": "Capturing 19/130 (viewport)…", "data": {"w": 1}, "seq": 13383}
{"ts": "2026-05-01T06:40:12.960296+00:00", "level": "INFO", "jobId": "81862211-14f8-4c1c-b89b-b67f73f189a1", "keyword": "đồng loạt khai trương", "step": "capture", "message": "Expanded \"Xem thêm\" (exact-class): +1 (total 1)", "data": {"w": 1}, "seq": 13384}
{"ts": "2026-05-01T06:40:26.061713+00:00", "level": "INFO", "jobId": "81862211-14f8-4c1c-b89b-b67f73f189a1", "keyword": "đồng loạt khai trương", "step": "capture", "message": "Saved post_019.png", "data": {"w": 1}, "seq": 13385}
{"ts": "2026-05-01T06:40:26.061713+00:00", "level": "INFO", "jobId": "81862211-14f8-4c1c-b89b-b67f73f189a1", "keyword": "đồng loạt khai trương", "step": "cooldown", "message": "Cooldown 1.3s (after capture)", "data": {"w": 1}, "seq": 13386}
{"ts": "2026-05-01T06:40:27.990768+00:00", "level": "INFO", "jobId": "81862211-14f8-4c1c-b89b-b67f73f189a1", "keyword": "đồng loạt khai trương", "step": "heartbeat", "message": "Worker alive", "data": {"w": 1, "elapsed_s": 594}, "seq": 13387}
{"ts": "2026-05-01T06:40:27.990768+00:00", "level": "INFO", "jobId": "81862211-14f8-4c1c-b89b-b67f73f189a1", "keyword": "đồng loạt khai trương", "step": "capture", "message": "Capturing 20/130 (viewport)…", "data": {"w": 1}, "seq": 13388}
{"ts": "2026-05-01T06:40:40.704109+00:00", "level": "INFO", "jobId": "81862211-14f8-4c1c-b89b-b67f73f189a1", "keyword": "đồng loạt khai trương", "step": "capture", "message": "Saved post_020.png", "data": {"w": 1}, "seq": 13389}
{"ts": "2026-05-01T06:40:40.705218+00:00", "level": "INFO", "jobId": "81862211-14f8-4c1c-b89b-b67f73f189a1", "keyword": "đồng loạt khai trương", "step": "cooldown", "message": "Cooldown 2.5s (after capture)", "data": {"w": 1}, "seq": 13390}
{"ts": "2026-05-01T06:40:43.797956+00:00", "level": "INFO", "jobId": "81862211-14f8-4c1c-b89b-b67f73f189a1", "keyword": "đồng loạt khai trương", "step": "heartbeat", "message": "Worker alive", "data": {"w": 1, "elapsed_s": 609}, "seq": 13391}
{"ts": "2026-05-01T06:40:43.797956+00:00", "level": "INFO", "jobId": "81862211-14f8-4c1c-b89b-b67f73f189a1", "keyword": "đồng loạt khai trương", "step": "capture", "message": "Capturing 21/130 (viewport)…", "data": {"w": 1}, "seq": 13392}
{"ts": "2026-05-01T06:40:43.908127+00:00", "level": "INFO", "jobId": "81862211-14f8-4c1c-b89b-b67f73f189a1", "keyword": "đồng loạt khai trương", "step": "capture", "message": "Expanded \"Xem thêm\" (exact-class): +2 (total 2)", "data": {"w": 1}, "seq": 13393}
{"ts": "2026-05-01T06:40:56.876095+00:00", "level": "INFO", "jobId": "81862211-14f8-4c1c-b89b-b67f73f189a1", "keyword": "đồng loạt khai trương", "step": "capture", "message": "Saved post_021.png", "data": {"w": 1}, "seq": 13394}
{"ts": "2026-05-01T06:40:56.877106+00:00", "level": "INFO", "jobId": "81862211-14f8-4c1c-b89b-b67f73f189a1", "keyword": "đồng loạt khai trương", "step": "cooldown", "message": "Cooldown 2.7s (after capture)", "data": {"w": 1}, "seq": 13395}
{"ts": "2026-05-01T06:41:00.179200+00:00", "level": "INFO", "jobId": "81862211-14f8-4c1c-b89b-b67f73f189a1", "keyword": "đồng loạt khai trương", "step": "heartbeat", "message": "Worker alive", "data": {"w": 1, "elapsed_s": 626}, "seq": 13396}
{"ts": "2026-05-01T06:41:00.179200+00:00", "level": "INFO", "jobId": "81862211-14f8-4c1c-b89b-b67f73f189a1", "keyword": "đồng loạt khai trương", "step": "capture", "message": "Capturing 22/130 (viewport)…", "data": {"w": 1}, "seq": 13397}
{"ts": "2026-05-01T06:41:12.671645+00:00", "level": "INFO", "jobId": "81862211-14f8-4c1c-b89b-b67f73f189a1", "keyword": "đồng loạt khai trương", "step": "capture", "message": "Saved post_022.png", "data": {"w": 1}, "seq": 13398}
{"ts": "2026-05-01T06:41:12.671645+00:00", "level": "INFO", "jobId": "81862211-14f8-4c1c-b89b-b67f73f189a1", "keyword": "đồng loạt khai trương", "step": "cooldown", "message": "Cooldown 1.7s (after capture)", "data": {"w": 1}, "seq": 13399}
{"ts": "2026-05-01T06:41:14.980045+00:00", "level": "INFO", "jobId": "81862211-14f8-4c1c-b89b-b67f73f189a1", "keyword": "đồng loạt khai trương", "step": "capture", "message": "Capturing 23/130 (viewport)…", "data": {"w": 1}, "seq": 13400}
{"ts": "2026-05-01T06:41:15.435210+00:00", "level": "INFO", "jobId": "81862211-14f8-4c1c-b89b-b67f73f189a1", "keyword": "đồng loạt khai trương", "step": "heartbeat", "message": "Worker alive", "data": {"w": 1, "elapsed_s": 641}, "seq": 13401}
{"ts": "2026-05-01T06:41:28.163140+00:00", "level": "INFO", "jobId": "81862211-14f8-4c1c-b89b-b67f73f189a1", "keyword": "đồng loạt khai trương", "step": "capture", "message": "Capturing 23/130 (viewport)…", "data": {"w": 1}, "seq": 13402}
{"ts": "2026-05-01T06:41:30.642520+00:00", "level": "INFO", "jobId": "81862211-14f8-4c1c-b89b-b67f73f189a1", "keyword": "đồng loạt khai trương", "step": "heartbeat", "message": "Worker alive", "data": {"w": 1, "elapsed_s": 656}, "seq": 13403}
{"ts": "2026-05-01T06:41:40.454344+00:00", "level": "INFO", "jobId": "81862211-14f8-4c1c-b89b-b67f73f189a1", "keyword": "đồng loạt khai trương", "step": "capture", "message": "Saved post_023.png", "data": {"w": 1}, "seq": 13404}
{"ts": "2026-05-01T06:41:40.455351+00:00", "level": "INFO", "jobId": "81862211-14f8-4c1c-b89b-b67f73f189a1", "keyword": "đồng loạt khai trương", "step": "cooldown", "message": "Cooldown 1.4s (after capture)", "data": {"w": 1}, "seq": 13405}
{"ts": "2026-05-01T06:41:42.525236+00:00", "level": "INFO", "jobId": "81862211-14f8-4c1c-b89b-b67f73f189a1", "keyword": "đồng loạt khai trương", "step": "capture", "message": "Capturing 24/130 (viewport)…", "data": {"w": 1}, "seq": 13406}
{"ts": "2026-05-01T06:41:45.702474+00:00", "level": "INFO", "jobId": "81862211-14f8-4c1c-b89b-b67f73f189a1", "keyword": "đồng loạt khai trương", "step": "heartbeat", "message": "Worker alive", "data": {"w": 1, "elapsed_s": 671}, "seq": 13407}
{"ts": "2026-05-01T06:41:54.966418+00:00", "level": "INFO", "jobId": "81862211-14f8-4c1c-b89b-b67f73f189a1", "keyword": "đồng loạt khai trương", "step": "capture", "message": "Saved post_024.png", "data": {"w": 1}, "seq": 13408}
{"ts": "2026-05-01T06:41:54.966418+00:00", "level": "INFO", "jobId": "81862211-14f8-4c1c-b89b-b67f73f189a1", "keyword": "đồng loạt khai trương", "step": "cooldown", "message": "Cooldown 1.7s (after capture)", "data": {"w": 1}, "seq": 13409}
{"ts": "2026-05-01T06:41:57.257853+00:00", "level": "INFO", "jobId": "81862211-14f8-4c1c-b89b-b67f73f189a1", "keyword": "đồng loạt khai trương", "step": "capture", "message": "Capturing 25/130 (viewport)…", "data": {"w": 1}, "seq": 13410}
{"ts": "2026-05-01T06:41:57.338177+00:00", "level": "INFO", "jobId": "81862211-14f8-4c1c-b89b-b67f73f189a1", "keyword": "đồng loạt khai trương", "step": "capture", "message": "Expanded \"Xem thêm\" (exact-class): +2 (total 2)", "data": {"w": 1}, "seq": 13411}
{"ts": "2026-05-01T06:42:01.001313+00:00", "level": "INFO", "jobId": "81862211-14f8-4c1c-b89b-b67f73f189a1", "keyword": "đồng loạt khai trương", "step": "heartbeat", "message": "Worker alive", "data": {"w": 1, "elapsed_s": 687}, "seq": 13412}
{"ts": "2026-05-01T06:42:10.176481+00:00", "level": "INFO", "jobId": "81862211-14f8-4c1c-b89b-b67f73f189a1", "keyword": "đồng loạt khai trương", "step": "capture", "message": "Saved post_025.png", "data": {"w": 1}, "seq": 13413}
{"ts": "2026-05-01T06:42:10.176481+00:00", "level": "INFO", "jobId": "81862211-14f8-4c1c-b89b-b67f73f189a1", "keyword": "đồng loạt khai trương", "step": "cooldown", "message": "Cooldown 1.0s (after capture)", "data": {"w": 1}, "seq": 13414}
{"ts": "2026-05-01T06:42:11.772920+00:00", "level": "INFO", "jobId": "81862211-14f8-4c1c-b89b-b67f73f189a1", "keyword": "đồng loạt khai trương", "step": "capture", "message": "Capturing 26/130 (viewport)…", "data": {"w": 1}, "seq": 13415}
{"ts": "2026-05-01T06:42:16.139573+00:00", "level": "INFO", "jobId": "81862211-14f8-4c1c-b89b-b67f73f189a1", "keyword": "đồng loạt khai trương", "step": "heartbeat", "message": "Worker alive", "data": {"w": 1, "elapsed_s": 702}, "seq": 13416}
{"ts": "2026-05-01T06:42:24.381835+00:00", "level": "INFO", "jobId": "81862211-14f8-4c1c-b89b-b67f73f189a1", "keyword": "đồng loạt khai trương", "step": "capture", "message": "Saved post_026.png", "data": {"w": 1}, "seq": 13417}
{"ts": "2026-05-01T06:42:24.381835+00:00", "level": "INFO", "jobId": "81862211-14f8-4c1c-b89b-b67f73f189a1", "keyword": "đồng loạt khai trương", "step": "cooldown", "message": "Cooldown 2.6s (after capture)", "data": {"w": 1}, "seq": 13418}
{"ts": "2026-05-01T06:42:27.610380+00:00", "level": "INFO", "jobId": "81862211-14f8-4c1c-b89b-b67f73f189a1", "keyword": "đồng loạt khai trương", "step": "capture", "message": "Capturing 27/130 (viewport)…", "data": {"w": 1}, "seq": 13419}
{"ts": "2026-05-01T06:42:27.703207+00:00", "level": "INFO", "jobId": "81862211-14f8-4c1c-b89b-b67f73f189a1", "keyword": "đồng loạt khai trương", "step": "capture", "message": "Expanded \"Xem thêm\" (exact-class): +1 (total 1)", "data": {"w": 1}, "seq": 13420}
{"ts": "2026-05-01T06:42:31.230964+00:00", "level": "INFO", "jobId": "81862211-14f8-4c1c-b89b-b67f73f189a1", "keyword": "đồng loạt khai trương", "step": "heartbeat", "message": "Worker alive", "data": {"w": 1, "elapsed_s": 717}, "seq": 13421}
{"ts": "2026-05-01T06:42:40.523592+00:00", "level": "INFO", "jobId": "81862211-14f8-4c1c-b89b-b67f73f189a1", "keyword": "đồng loạt khai trương", "step": "capture", "message": "Saved post_027.png", "data": {"w": 1}, "seq": 13422}
{"ts": "2026-05-01T06:42:40.524879+00:00", "level": "INFO", "jobId": "81862211-14f8-4c1c-b89b-b67f73f189a1", "keyword": "đồng loạt khai trương", "step": "cooldown", "message": "Cooldown 1.9s (after capture)", "data": {"w": 1}, "seq": 13423}
{"ts": "2026-05-01T06:42:43.029172+00:00", "level": "INFO", "jobId": "81862211-14f8-4c1c-b89b-b67f73f189a1", "keyword": "đồng loạt khai trương", "step": "capture", "message": "Capturing 28/130 (viewport)…", "data": {"w": 1}, "seq": 13424}
{"ts": "2026-05-01T06:42:43.155764+00:00", "level": "INFO", "jobId": "81862211-14f8-4c1c-b89b-b67f73f189a1", "keyword": "đồng loạt khai trương", "step": "capture", "message": "Expanded \"Xem thêm\" (exact-class): +1 (total 1)", "data": {"w": 1}, "seq": 13425}
{"ts": "2026-05-01T06:42:46.439246+00:00", "level": "INFO", "jobId": "81862211-14f8-4c1c-b89b-b67f73f189a1", "keyword": "đồng loạt khai trương", "step": "heartbeat", "message": "Worker alive", "data": {"w": 1, "elapsed_s": 732}, "seq": 13426}
{"ts": "2026-05-01T06:42:55.976462+00:00", "level": "INFO", "jobId": "81862211-14f8-4c1c-b89b-b67f73f189a1", "keyword": "đồng loạt khai trương", "step": "capture", "message": "Saved post_028.png", "data": {"w": 1}, "seq": 13427}
{"ts": "2026-05-01T06:42:55.976462+00:00", "level": "INFO", "jobId": "81862211-14f8-4c1c-b89b-b67f73f189a1", "keyword": "đồng loạt khai trương", "step": "cooldown", "message": "Cooldown 1.4s (after capture)", "data": {"w": 1}, "seq": 13428}
{"ts": "2026-05-01T06:42:57.907532+00:00", "level": "INFO", "jobId": "81862211-14f8-4c1c-b89b-b67f73f189a1", "keyword": "đồng loạt khai trương", "step": "capture", "message": "Capturing 29/130 (viewport)…", "data": {"w": 1}, "seq": 13429}
{"ts": "2026-05-01T06:43:01.571344+00:00", "level": "INFO", "jobId": "81862211-14f8-4c1c-b89b-b67f73f189a1", "keyword": "đồng loạt khai trương", "step": "heartbeat", "message": "Worker alive", "data": {"w": 1, "elapsed_s": 747}, "seq": 13430}
{"ts": "2026-05-01T06:43:10.299924+00:00", "level": "INFO", "jobId": "81862211-14f8-4c1c-b89b-b67f73f189a1", "keyword": "đồng loạt khai trương", "step": "capture", "message": "Saved post_029.png", "data": {"w": 1}, "seq": 13431}
{"ts": "2026-05-01T06:43:10.300930+00:00", "level": "INFO", "jobId": "81862211-14f8-4c1c-b89b-b67f73f189a1", "keyword": "đồng loạt khai trương", "step": "cooldown", "message": "Cooldown 1.5s (after capture)", "data": {"w": 1}, "seq": 13432}
{"ts": "2026-05-01T06:43:12.403183+00:00", "level": "INFO", "jobId": "81862211-14f8-4c1c-b89b-b67f73f189a1", "keyword": "đồng loạt khai trương", "step": "capture", "message": "Capturing 30/130 (viewport)…", "data": {"w": 1}, "seq": 13433}
{"ts": "2026-05-01T06:43:16.575647+00:00", "level": "INFO", "jobId": "81862211-14f8-4c1c-b89b-b67f73f189a1", "keyword": "đồng loạt khai trương", "step": "heartbeat", "message": "Worker alive", "data": {"w": 1, "elapsed_s": 762}, "seq": 13434}
{"ts": "2026-05-01T06:43:25.331107+00:00", "level": "INFO", "jobId": "81862211-14f8-4c1c-b89b-b67f73f189a1", "keyword": "đồng loạt khai trương", "step": "capture", "message": "Capturing 30/130 (viewport)…", "data": {"w": 1}, "seq": 13435}
{"ts": "2026-05-01T06:43:31.826927+00:00", "level": "INFO", "jobId": "81862211-14f8-4c1c-b89b-b67f73f189a1", "keyword": "đồng loạt khai trương", "step": "heartbeat", "message": "Worker alive", "data": {"w": 1, "elapsed_s": 777}, "seq": 13436}
{"ts": "2026-05-01T06:43:37.906721+00:00", "level": "INFO", "jobId": "81862211-14f8-4c1c-b89b-b67f73f189a1", "keyword": "đồng loạt khai trương", "step": "capture", "message": "Saved post_030.png", "data": {"w": 1}, "seq": 13437}
{"ts": "2026-05-01T06:43:37.906721+00:00", "level": "INFO", "jobId": "81862211-14f8-4c1c-b89b-b67f73f189a1", "keyword": "đồng loạt khai trương", "step": "cooldown", "message": "Cooldown 2.9s (after capture)", "data": {"w": 1}, "seq": 13438}
{"ts": "2026-05-01T06:43:41.433978+00:00", "level": "INFO", "jobId": "81862211-14f8-4c1c-b89b-b67f73f189a1", "keyword": "đồng loạt khai trương", "step": "capture", "message": "Capturing 31/130 (viewport)…", "data": {"w": 1}, "seq": 13439}
{"ts": "2026-05-01T06:43:41.502338+00:00", "level": "INFO", "jobId": "81862211-14f8-4c1c-b89b-b67f73f189a1", "keyword": "đồng loạt khai trương", "step": "capture", "message": "Expanded \"Xem thêm\" (exact-class): +1 (total 1)", "data": {"w": 1}, "seq": 13440}
{"ts": "2026-05-01T06:43:47.172289+00:00", "level": "INFO", "jobId": "81862211-14f8-4c1c-b89b-b67f73f189a1", "keyword": "đồng loạt khai trương", "step": "heartbeat", "message": "Worker alive", "data": {"w": 1, "elapsed_s": 793}, "seq": 13441}
{"ts": "2026-05-01T06:43:54.298347+00:00", "level": "INFO", "jobId": "81862211-14f8-4c1c-b89b-b67f73f189a1", "keyword": "đồng loạt khai trương", "step": "capture", "message": "Saved post_031.png", "data": {"w": 1}, "seq": 13442}
{"ts": "2026-05-01T06:43:54.299350+00:00", "level": "INFO", "jobId": "81862211-14f8-4c1c-b89b-b67f73f189a1", "keyword": "đồng loạt khai trương", "step": "cooldown", "message": "Cooldown 1.2s (after capture)", "data": {"w": 1}, "seq": 13443}
{"ts": "2026-05-01T06:43:56.169305+00:00", "level": "INFO", "jobId": "81862211-14f8-4c1c-b89b-b67f73f189a1", "keyword": "đồng loạt khai trương", "step": "capture", "message": "Capturing 32/130 (viewport)…", "data": {"w": 1}, "seq": 13444}
{"ts": "2026-05-01T06:44:02.433852+00:00", "level": "INFO", "jobId": "81862211-14f8-4c1c-b89b-b67f73f189a1", "keyword": "đồng loạt khai trương", "step": "heartbeat", "message": "Worker alive", "data": {"w": 1, "elapsed_s": 808}, "seq": 13445}
{"ts": "2026-05-01T06:44:08.735927+00:00", "level": "INFO", "jobId": "81862211-14f8-4c1c-b89b-b67f73f189a1", "keyword": "đồng loạt khai trương", "step": "capture", "message": "Saved post_032.png", "data": {"w": 1}, "seq": 13446}
{"ts": "2026-05-01T06:44:08.736978+00:00", "level": "INFO", "jobId": "81862211-14f8-4c1c-b89b-b67f73f189a1", "keyword": "đồng loạt khai trương", "step": "cooldown", "message": "Cooldown 2.7s (after capture)", "data": {"w": 1}, "seq": 13447}
{"ts": "2026-05-01T06:44:22.485966+00:00", "level": "INFO", "jobId": "81862211-14f8-4c1c-b89b-b67f73f189a1", "keyword": "đồng loạt khai trương", "step": "heartbeat", "message": "Worker alive", "data": {"w": 1, "elapsed_s": 828}, "seq": 13448}
{"ts": "2026-05-01T06:44:22.485966+00:00", "level": "INFO", "jobId": "81862211-14f8-4c1c-b89b-b67f73f189a1", "keyword": "đồng loạt khai trương", "step": "capture", "message": "Capturing 33/130 (viewport)…", "data": {"w": 1}, "seq": 13449}
{"ts": "2026-05-01T06:44:34.749788+00:00", "level": "INFO", "jobId": "81862211-14f8-4c1c-b89b-b67f73f189a1", "keyword": "đồng loạt khai trương", "step": "capture", "message": "Saved post_033.png", "data": {"w": 1}, "seq": 13450}
{"ts": "2026-05-01T06:44:34.749788+00:00", "level": "INFO", "jobId": "81862211-14f8-4c1c-b89b-b67f73f189a1", "keyword": "đồng loạt khai trương", "step": "cooldown", "message": "Cooldown 1.8s (after capture)", "data": {"w": 1}, "seq": 13451}
{"ts": "2026-05-01T06:44:47.605632+00:00", "level": "INFO", "jobId": "81862211-14f8-4c1c-b89b-b67f73f189a1", "keyword": "đồng loạt khai trương", "step": "heartbeat", "message": "Worker alive", "data": {"w": 1, "elapsed_s": 853}, "seq": 13452}
{"ts": "2026-05-01T06:44:47.606639+00:00", "level": "INFO", "jobId": "81862211-14f8-4c1c-b89b-b67f73f189a1", "keyword": "đồng loạt khai trương", "step": "capture", "message": "Capturing 34/130 (viewport)…", "data": {"w": 1}, "seq": 13453}
{"ts": "2026-05-01T06:44:55.477568+00:00", "level": "WARN", "jobId": "81862211-14f8-4c1c-b89b-b67f73f189a1", "keyword": "đồng loạt khai trương", "step": "relaunch", "message": "Browser/page closed unexpectedly. Will relaunch + retry. (Page.screenshot: Target page, context or browser has been closed)", "data": {"w": 1}, "seq": 13454}
{"ts": "2026-05-01T06:44:57.415126+00:00", "level": "WARN", "jobId": "81862211-14f8-4c1c-b89b-b67f73f189a1", "keyword": "đồng loạt khai trương", "step": "retry", "message": "Reset job to pending for retry (closed target).", "data": {"w": 1}, "seq": 13455}
{"ts": "2026-05-01T06:44:57.418956+00:00", "level": "INFO", "jobId": "81862211-14f8-4c1c-b89b-b67f73f189a1", "keyword": "đồng loạt khai trương", "step": "start", "message": "Job started (attempt 2/2)", "data": {"w": 1}, "seq": 13456}
{"ts": "2026-05-01T06:44:59.927011+00:00", "level": "WARN", "jobId": "81862211-14f8-4c1c-b89b-b67f73f189a1", "keyword": "đồng loạt khai trương", "step": "network", "message": "Network slow during login: rtt=-1ms http=-1ms (tcp_connect_failed: timed out). Increasing timeouts.", "data": {"w": 1}, "seq": 13457}
{"ts": "2026-05-01T06:45:21.015038+00:00", "level": "ERROR", "jobId": "81862211-14f8-4c1c-b89b-b67f73f189a1", "keyword": "đồng loạt khai trương", "step": "error", "message": "Playwright error: Page.goto: net::ERR_CONNECTION_TIMED_OUT at https://www.facebook.com/\nCall log:\n  - navigating to \"https://www.facebook.com/\", waiting until \"domcontentloaded\"\n", "data": {"w": 1, "trace": "Traceback (most recent call last):\n  File \"C:\\Users\\nguyenkhanhduyit\\Desktop\\Posts\\app\\worker\\runner.py\", line 656, in main\n    ensure_login(page, params, lambda s, m: jlog(s, m))\n  File \"C:\\Users\\nguyenkhanhduyit\\Desktop\\Posts\\app\\worker\\fb_automation\\automation.py\", line 127, in ensure_login\n    _goto_home(page)\n  File \"C:\\Users\\nguyenkhanhduyit\\Desktop\\Posts\\app\\worker\\fb_automation\\automation.py\", line 114, in _goto_home\n    page.goto(\"https://www.facebook.com/\", wait_until=\"domcontentloaded\", timeout=60_000)\n  File \"C:\\Users\\nguyenkhanhduyit\\AppData\\Local\\Programs\\Python\\Python310\\lib\\site-packages\\playwright\\sync_api\\_generated.py\", line 9006, in goto\n    self._sync(\n  File \"C:\\Users\\nguyenkhanhduyit\\AppData\\Local\\Programs\\Python\\Python310\\lib\\site-packages\\playwright\\_impl\\_sync_base.py\", line 115, in _sync\n    return task.result()\n  File \"C:\\Users\\nguyenkhanhduyit\\AppData\\Local\\Programs\\Python\\Python310\\lib\\site-packages\\playwright\\_impl\\_page.py\", line 551, in goto\n    return await self._main_frame.goto(**locals_to_params(locals()))\n  File \"C:\\Users\\nguyenkhanhduyit\\AppData\\Local\\Programs\\Python\\Python310\\lib\\site-packages\\playwright\\_impl\\_frame.py\", line 145, in goto\n    await self._channel.send(\"goto\", locals_to_params(locals()))\n  File \"C:\\Users\\nguyenkhanhduyit\\AppData\\Local\\Programs\\Python\\Python310\\lib\\site-packages\\playwright\\_impl\\_connection.py\", line 61, in send\n    return await self._connection.wrap_api_call(\n  File \"C:\\Users\\nguyenkhanhduyit\\AppData\\Local\\Programs\\Python\\Python310\\lib\\site-packages\\playwright\\_impl\\_connection.py\", line 528, in wrap_api_call\n    raise rewrite_error(error, f\"{parsed_st['apiName']}: {error}\") from None\nplaywright._impl._errors.Error: Page.goto: net::ERR_CONNECTION_TIMED_OUT at https://www.facebook.com/\nCall log:\n  - navigating to \"https://www.facebook.com/\", waiting until \"domcontentloaded\"\n\n"}, "seq": 13458}
