{"ts": "2026-05-01T15:51:32.203629+00:00", "level": "INFO", "jobId": "830f6a6c-57cf-4c66-88ec-1d6d9b835a58", "keyword": "khai trương tdm", "step": "created", "message": "Job created", "data": {"maxPosts": "unlimited"}, "seq": 25533}
{"ts": "2026-05-01T15:51:33.056810+00:00", "level": "INFO", "jobId": "830f6a6c-57cf-4c66-88ec-1d6d9b835a58", "keyword": "khai trương tdm", "step": "start", "message": "Job started (attempt 1/1)", "data": {"w": 0}, "seq": 25585}
{"ts": "2026-05-01T15:51:51.618867+00:00", "level": "INFO", "jobId": "830f6a6c-57cf-4c66-88ec-1d6d9b835a58", "keyword": "khai trương tdm", "step": "login", "message": "Already logged in (home).", "data": {"w": 0}, "seq": 25590}
{"ts": "2026-05-01T15:51:51.713858+00:00", "level": "INFO", "jobId": "830f6a6c-57cf-4c66-88ec-1d6d9b835a58", "keyword": "khai trương tdm", "step": "search", "message": "Searching keyword: \"khai trương tdm\"", "data": {"w": 0}, "seq": 25591}
{"ts": "2026-05-01T15:52:04.492188+00:00", "level": "INFO", "jobId": "830f6a6c-57cf-4c66-88ec-1d6d9b835a58", "keyword": "khai trương tdm", "step": "capture", "message": "Start capturing all posts until end of results.", "data": {"w": 0}, "seq": 25596}
{"ts": "2026-05-01T15:52:04.494188+00:00", "level": "INFO", "jobId": "830f6a6c-57cf-4c66-88ec-1d6d9b835a58", "keyword": "khai trương tdm", "step": "capture", "message": "Output folder: Lan 1 - 2252", "data": {"w": 0}, "seq": 25597}
{"ts": "2026-05-01T15:52:16.939898+00:00", "level": "INFO", "jobId": "830f6a6c-57cf-4c66-88ec-1d6d9b835a58", "keyword": "khai trương tdm", "step": "capture", "message": "Capturing posinset=1 (1/∞)…", "data": {"w": 0}, "seq": 25600}
{"ts": "2026-05-01T15:52:18.903772+00:00", "level": "INFO", "jobId": "830f6a6c-57cf-4c66-88ec-1d6d9b835a58", "keyword": "khai trương tdm", "step": "capture", "message": "Saved post_001.png (posinset=1)", "data": {"w": 0}, "seq": 25606}
{"ts": "2026-05-01T15:52:18.903772+00:00", "level": "INFO", "jobId": "830f6a6c-57cf-4c66-88ec-1d6d9b835a58", "keyword": "khai trương tdm", "step": "cooldown", "message": "Cooldown 1.0s (after capture)", "data": {"w": 0}, "seq": 25607}
{"ts": "2026-05-01T15:52:19.931499+00:00", "level": "INFO", "jobId": "830f6a6c-57cf-4c66-88ec-1d6d9b835a58", "keyword": "khai trương tdm", "step": "capture", "message": "Capturing posinset=2 (2/∞)…", "data": {"w": 0}, "seq": 25609}
{"ts": "2026-05-01T15:52:21.560724+00:00", "level": "INFO", "jobId": "830f6a6c-57cf-4c66-88ec-1d6d9b835a58", "keyword": "khai trương tdm", "step": "capture", "message": "Saved post_002.png (posinset=2)", "data": {"w": 0}, "seq": 25615}
{"ts": "2026-05-01T15:52:21.561821+00:00", "level": "INFO", "jobId": "830f6a6c-57cf-4c66-88ec-1d6d9b835a58", "keyword": "khai trương tdm", "step": "cooldown", "message": "Cooldown 1.0s (after capture)", "data": {"w": 0}, "seq": 25616}
{"ts": "2026-05-01T15:52:22.571769+00:00", "level": "INFO", "jobId": "830f6a6c-57cf-4c66-88ec-1d6d9b835a58", "keyword": "khai trương tdm", "step": "capture", "message": "Capturing posinset=3 (3/∞)…", "data": {"w": 0}, "seq": 25620}
{"ts": "2026-05-01T15:52:23.791322+00:00", "level": "INFO", "jobId": "830f6a6c-57cf-4c66-88ec-1d6d9b835a58", "keyword": "khai trương tdm", "step": "capture", "message": "Saved post_003.png (posinset=3)", "data": {"w": 0}, "seq": 25624}
{"ts": "2026-05-01T15:52:23.792445+00:00", "level": "INFO", "jobId": "830f6a6c-57cf-4c66-88ec-1d6d9b835a58", "keyword": "khai trương tdm", "step": "cooldown", "message": "Cooldown 1.0s (after capture)", "data": {"w": 0}, "seq": 25625}
{"ts": "2026-05-01T15:52:24.805783+00:00", "level": "INFO", "jobId": "830f6a6c-57cf-4c66-88ec-1d6d9b835a58", "keyword": "khai trương tdm", "step": "capture", "message": "Capturing posinset=4 (4/∞)…", "data": {"w": 0}, "seq": 25629}
{"ts": "2026-05-01T15:52:26.061646+00:00", "level": "INFO", "jobId": "830f6a6c-57cf-4c66-88ec-1d6d9b835a58", "keyword": "khai trương tdm", "step": "capture", "message": "Saved post_004.png (posinset=4)", "data": {"w": 0}, "seq": 25633}
{"ts": "2026-05-01T15:52:26.062199+00:00", "level": "INFO", "jobId": "830f6a6c-57cf-4c66-88ec-1d6d9b835a58", "keyword": "khai trương tdm", "step": "cooldown", "message": "Cooldown 1.0s (after capture)", "data": {"w": 0}, "seq": 25634}
{"ts": "2026-05-01T15:52:27.091295+00:00", "level": "INFO", "jobId": "830f6a6c-57cf-4c66-88ec-1d6d9b835a58", "keyword": "khai trương tdm", "step": "capture", "message": "Capturing posinset=5 (5/∞)…", "data": {"w": 0}, "seq": 25638}
{"ts": "2026-05-01T15:52:28.568729+00:00", "level": "INFO", "jobId": "830f6a6c-57cf-4c66-88ec-1d6d9b835a58", "keyword": "khai trương tdm", "step": "capture", "message": "Saved post_005.png (posinset=5)", "data": {"w": 0}, "seq": 25643}
{"ts": "2026-05-01T15:52:28.570780+00:00", "level": "INFO", "jobId": "830f6a6c-57cf-4c66-88ec-1d6d9b835a58", "keyword": "khai trương tdm", "step": "cooldown", "message": "Cooldown 1.0s (after capture)", "data": {"w": 0}, "seq": 25644}
{"ts": "2026-05-01T15:52:29.585184+00:00", "level": "INFO", "jobId": "830f6a6c-57cf-4c66-88ec-1d6d9b835a58", "keyword": "khai trương tdm", "step": "capture", "message": "Capturing posinset=6 (6/∞)…", "data": {"w": 0}, "seq": 25648}
{"ts": "2026-05-01T15:52:31.369617+00:00", "level": "INFO", "jobId": "830f6a6c-57cf-4c66-88ec-1d6d9b835a58", "keyword": "khai trương tdm", "step": "capture", "message": "Saved post_006.png (posinset=6)", "data": {"w": 0}, "seq": 25656}
{"ts": "2026-05-01T15:52:31.370992+00:00", "level": "INFO", "jobId": "830f6a6c-57cf-4c66-88ec-1d6d9b835a58", "keyword": "khai trương tdm", "step": "cooldown", "message": "Cooldown 1.0s (after capture)", "data": {"w": 0}, "seq": 25657}
{"ts": "2026-05-01T15:52:32.384475+00:00", "level": "INFO", "jobId": "830f6a6c-57cf-4c66-88ec-1d6d9b835a58", "keyword": "khai trương tdm", "step": "heartbeat", "message": "Worker alive", "data": {"w": 0, "elapsed_s": 59}, "seq": 25661}
{"ts": "2026-05-01T15:52:32.384475+00:00", "level": "INFO", "jobId": "830f6a6c-57cf-4c66-88ec-1d6d9b835a58", "keyword": "khai trương tdm", "step": "capture", "message": "Capturing posinset=7 (7/∞)…", "data": {"w": 0}, "seq": 25662}
{"ts": "2026-05-01T15:52:33.616603+00:00", "level": "INFO", "jobId": "830f6a6c-57cf-4c66-88ec-1d6d9b835a58", "keyword": "khai trương tdm", "step": "capture", "message": "Saved post_007.png (posinset=7)", "data": {"w": 0}, "seq": 25666}
{"ts": "2026-05-01T15:52:33.616603+00:00", "level": "INFO", "jobId": "830f6a6c-57cf-4c66-88ec-1d6d9b835a58", "keyword": "khai trương tdm", "step": "cooldown", "message": "Cooldown 1.0s (after capture)", "data": {"w": 0}, "seq": 25667}
{"ts": "2026-05-01T15:52:34.648038+00:00", "level": "INFO", "jobId": "830f6a6c-57cf-4c66-88ec-1d6d9b835a58", "keyword": "khai trương tdm", "step": "capture", "message": "Capturing posinset=8 (8/∞)…", "data": {"w": 0}, "seq": 25671}
{"ts": "2026-05-01T15:52:35.870387+00:00", "level": "INFO", "jobId": "830f6a6c-57cf-4c66-88ec-1d6d9b835a58", "keyword": "khai trương tdm", "step": "capture", "message": "Saved post_008.png (posinset=8)", "data": {"w": 0}, "seq": 25675}
{"ts": "2026-05-01T15:52:35.870387+00:00", "level": "INFO", "jobId": "830f6a6c-57cf-4c66-88ec-1d6d9b835a58", "keyword": "khai trương tdm", "step": "cooldown", "message": "Cooldown 1.0s (after capture)", "data": {"w": 0}, "seq": 25676}
{"ts": "2026-05-01T15:52:36.880817+00:00", "level": "INFO", "jobId": "830f6a6c-57cf-4c66-88ec-1d6d9b835a58", "keyword": "khai trương tdm", "step": "capture", "message": "Capturing posinset=9 (9/∞)…", "data": {"w": 0}, "seq": 25680}
{"ts": "2026-05-01T15:52:37.987346+00:00", "level": "INFO", "jobId": "830f6a6c-57cf-4c66-88ec-1d6d9b835a58", "keyword": "khai trương tdm", "step": "capture", "message": "Saved post_009.png (posinset=9)", "data": {"w": 0}, "seq": 25684}
{"ts": "2026-05-01T15:52:37.988894+00:00", "level": "INFO", "jobId": "830f6a6c-57cf-4c66-88ec-1d6d9b835a58", "keyword": "khai trương tdm", "step": "cooldown", "message": "Cooldown 1.0s (after capture)", "data": {"w": 0}, "seq": 25685}
{"ts": "2026-05-01T15:52:39.007639+00:00", "level": "INFO", "jobId": "830f6a6c-57cf-4c66-88ec-1d6d9b835a58", "keyword": "khai trương tdm", "step": "capture", "message": "Capturing posinset=10 (10/∞)…", "data": {"w": 0}, "seq": 25688}
{"ts": "2026-05-01T15:52:40.458811+00:00", "level": "INFO", "jobId": "830f6a6c-57cf-4c66-88ec-1d6d9b835a58", "keyword": "khai trương tdm", "step": "capture", "message": "Saved post_010.png (posinset=10)", "data": {"w": 0}, "seq": 25691}
{"ts": "2026-05-01T15:52:40.460257+00:00", "level": "INFO", "jobId": "830f6a6c-57cf-4c66-88ec-1d6d9b835a58", "keyword": "khai trương tdm", "step": "cooldown", "message": "Cooldown 1.0s (after capture)", "data": {"w": 0}, "seq": 25692}
{"ts": "2026-05-01T15:52:41.909368+00:00", "level": "INFO", "jobId": "830f6a6c-57cf-4c66-88ec-1d6d9b835a58", "keyword": "khai trương tdm", "step": "capture", "message": "Capturing posinset=11 (11/∞)…", "data": {"w": 0}, "seq": 25695}
{"ts": "2026-05-01T15:52:45.934225+00:00", "level": "INFO", "jobId": "830f6a6c-57cf-4c66-88ec-1d6d9b835a58", "keyword": "khai trương tdm", "step": "capture", "message": "Saved post_011.png (posinset=11)", "data": {"w": 0}, "seq": 25704}
{"ts": "2026-05-01T15:52:45.934225+00:00", "level": "INFO", "jobId": "830f6a6c-57cf-4c66-88ec-1d6d9b835a58", "keyword": "khai trương tdm", "step": "cooldown", "message": "Cooldown 1.0s (after capture)", "data": {"w": 0}, "seq": 25705}
{"ts": "2026-05-01T15:52:46.958259+00:00", "level": "INFO", "jobId": "830f6a6c-57cf-4c66-88ec-1d6d9b835a58", "keyword": "khai trương tdm", "step": "capture", "message": "Capturing posinset=12 (12/∞)…", "data": {"w": 0}, "seq": 25710}
{"ts": "2026-05-01T15:52:48.388700+00:00", "level": "INFO", "jobId": "830f6a6c-57cf-4c66-88ec-1d6d9b835a58", "keyword": "khai trương tdm", "step": "capture", "message": "Saved post_012.png (posinset=12)", "data": {"w": 0}, "seq": 25714}
{"ts": "2026-05-01T15:52:48.388700+00:00", "level": "INFO", "jobId": "830f6a6c-57cf-4c66-88ec-1d6d9b835a58", "keyword": "khai trương tdm", "step": "cooldown", "message": "Cooldown 1.0s (after capture)", "data": {"w": 0}, "seq": 25715}
{"ts": "2026-05-01T15:52:49.409902+00:00", "level": "INFO", "jobId": "830f6a6c-57cf-4c66-88ec-1d6d9b835a58", "keyword": "khai trương tdm", "step": "heartbeat", "message": "Worker alive", "data": {"w": 0, "elapsed_s": 76}, "seq": 25719}
{"ts": "2026-05-01T15:52:49.411030+00:00", "level": "INFO", "jobId": "830f6a6c-57cf-4c66-88ec-1d6d9b835a58", "keyword": "khai trương tdm", "step": "capture", "message": "Capturing posinset=13 (13/∞)…", "data": {"w": 0}, "seq": 25720}
{"ts": "2026-05-01T15:52:50.888711+00:00", "level": "INFO", "jobId": "830f6a6c-57cf-4c66-88ec-1d6d9b835a58", "keyword": "khai trương tdm", "step": "capture", "message": "Saved post_013.png (posinset=13)", "data": {"w": 0}, "seq": 25724}
{"ts": "2026-05-01T15:52:50.888711+00:00", "level": "INFO", "jobId": "830f6a6c-57cf-4c66-88ec-1d6d9b835a58", "keyword": "khai trương tdm", "step": "cooldown", "message": "Cooldown 1.0s (after capture)", "data": {"w": 0}, "seq": 25725}
{"ts": "2026-05-01T15:52:51.901698+00:00", "level": "INFO", "jobId": "830f6a6c-57cf-4c66-88ec-1d6d9b835a58", "keyword": "khai trương tdm", "step": "capture", "message": "Capturing posinset=14 (14/∞)…", "data": {"w": 0}, "seq": 25729}
{"ts": "2026-05-01T15:52:53.960536+00:00", "level": "INFO", "jobId": "830f6a6c-57cf-4c66-88ec-1d6d9b835a58", "keyword": "khai trương tdm", "step": "capture", "message": "Saved post_014.png (posinset=14)", "data": {"w": 0}, "seq": 25734}
{"ts": "2026-05-01T15:52:53.965537+00:00", "level": "INFO", "jobId": "830f6a6c-57cf-4c66-88ec-1d6d9b835a58", "keyword": "khai trương tdm", "step": "cooldown", "message": "Cooldown 1.0s (after capture)", "data": {"w": 0}, "seq": 25735}
{"ts": "2026-05-01T15:52:55.042278+00:00", "level": "INFO", "jobId": "830f6a6c-57cf-4c66-88ec-1d6d9b835a58", "keyword": "khai trương tdm", "step": "capture", "message": "Capturing posinset=15 (15/∞)…", "data": {"w": 0}, "seq": 25737}
{"ts": "2026-05-01T15:52:56.529561+00:00", "level": "INFO", "jobId": "830f6a6c-57cf-4c66-88ec-1d6d9b835a58", "keyword": "khai trương tdm", "step": "capture", "message": "Saved post_015.png (posinset=15)", "data": {"w": 0}, "seq": 25742}
{"ts": "2026-05-01T15:52:56.537267+00:00", "level": "INFO", "jobId": "830f6a6c-57cf-4c66-88ec-1d6d9b835a58", "keyword": "khai trương tdm", "step": "cooldown", "message": "Cooldown 1.0s (after capture)", "data": {"w": 0}, "seq": 25743}
{"ts": "2026-05-01T15:52:57.578495+00:00", "level": "INFO", "jobId": "830f6a6c-57cf-4c66-88ec-1d6d9b835a58", "keyword": "khai trương tdm", "step": "capture", "message": "Capturing posinset=16 (16/∞)…", "data": {"w": 0}, "seq": 25746}
{"ts": "2026-05-01T15:52:59.210472+00:00", "level": "INFO", "jobId": "830f6a6c-57cf-4c66-88ec-1d6d9b835a58", "keyword": "khai trương tdm", "step": "capture", "message": "Saved post_016.png (posinset=16)", "data": {"w": 0}, "seq": 25751}
{"ts": "2026-05-01T15:52:59.211911+00:00", "level": "INFO", "jobId": "830f6a6c-57cf-4c66-88ec-1d6d9b835a58", "keyword": "khai trương tdm", "step": "cooldown", "message": "Cooldown 1.0s (after capture)", "data": {"w": 0}, "seq": 25752}
{"ts": "2026-05-01T15:53:00.229979+00:00", "level": "INFO", "jobId": "830f6a6c-57cf-4c66-88ec-1d6d9b835a58", "keyword": "khai trương tdm", "step": "capture", "message": "Capturing posinset=17 (17/∞)…", "data": {"w": 0}, "seq": 25755}
{"ts": "2026-05-01T15:53:01.762154+00:00", "level": "INFO", "jobId": "830f6a6c-57cf-4c66-88ec-1d6d9b835a58", "keyword": "khai trương tdm", "step": "capture", "message": "Saved post_017.png (posinset=17)", "data": {"w": 0}, "seq": 25760}
{"ts": "2026-05-01T15:53:01.764653+00:00", "level": "INFO", "jobId": "830f6a6c-57cf-4c66-88ec-1d6d9b835a58", "keyword": "khai trương tdm", "step": "cooldown", "message": "Cooldown 1.0s (after capture)", "data": {"w": 0}, "seq": 25761}
{"ts": "2026-05-01T15:53:02.783202+00:00", "level": "INFO", "jobId": "830f6a6c-57cf-4c66-88ec-1d6d9b835a58", "keyword": "khai trương tdm", "step": "capture", "message": "Capturing posinset=18 (18/∞)…", "data": {"w": 0}, "seq": 25766}
{"ts": "2026-05-01T15:53:04.086646+00:00", "level": "INFO", "jobId": "830f6a6c-57cf-4c66-88ec-1d6d9b835a58", "keyword": "khai trương tdm", "step": "capture", "message": "Saved post_018.png (posinset=18)", "data": {"w": 0}, "seq": 25771}
{"ts": "2026-05-01T15:53:04.087653+00:00", "level": "INFO", "jobId": "830f6a6c-57cf-4c66-88ec-1d6d9b835a58", "keyword": "khai trương tdm", "step": "cooldown", "message": "Cooldown 1.0s (after capture)", "data": {"w": 0}, "seq": 25772}
{"ts": "2026-05-01T15:53:05.788728+00:00", "level": "INFO", "jobId": "830f6a6c-57cf-4c66-88ec-1d6d9b835a58", "keyword": "khai trương tdm", "step": "heartbeat", "message": "Worker alive", "data": {"w": 0, "elapsed_s": 92}, "seq": 25777}
{"ts": "2026-05-01T15:53:05.790476+00:00", "level": "INFO", "jobId": "830f6a6c-57cf-4c66-88ec-1d6d9b835a58", "keyword": "khai trương tdm", "step": "capture", "message": "Capturing posinset=19 (19/∞)…", "data": {"w": 0}, "seq": 25778}
{"ts": "2026-05-01T15:53:10.000974+00:00", "level": "INFO", "jobId": "830f6a6c-57cf-4c66-88ec-1d6d9b835a58", "keyword": "khai trương tdm", "step": "capture", "message": "Saved post_019.png (posinset=19)", "data": {"w": 0}, "seq": 25782}
{"ts": "2026-05-01T15:53:10.002973+00:00", "level": "INFO", "jobId": "830f6a6c-57cf-4c66-88ec-1d6d9b835a58", "keyword": "khai trương tdm", "step": "cooldown", "message": "Cooldown 1.0s (after capture)", "data": {"w": 0}, "seq": 25783}
{"ts": "2026-05-01T15:53:11.022119+00:00", "level": "INFO", "jobId": "830f6a6c-57cf-4c66-88ec-1d6d9b835a58", "keyword": "khai trương tdm", "step": "capture", "message": "Capturing posinset=20 (20/∞)…", "data": {"w": 0}, "seq": 25786}
{"ts": "2026-05-01T15:53:12.594626+00:00", "level": "INFO", "jobId": "830f6a6c-57cf-4c66-88ec-1d6d9b835a58", "keyword": "khai trương tdm", "step": "capture", "message": "Saved post_020.png (posinset=20)", "data": {"w": 0}, "seq": 25791}
{"ts": "2026-05-01T15:53:12.598550+00:00", "level": "INFO", "jobId": "830f6a6c-57cf-4c66-88ec-1d6d9b835a58", "keyword": "khai trương tdm", "step": "cooldown", "message": "Cooldown 1.0s (after capture)", "data": {"w": 0}, "seq": 25792}
{"ts": "2026-05-01T15:53:13.628063+00:00", "level": "INFO", "jobId": "830f6a6c-57cf-4c66-88ec-1d6d9b835a58", "keyword": "khai trương tdm", "step": "capture", "message": "Capturing posinset=21 (21/∞)…", "data": {"w": 0}, "seq": 25793}
{"ts": "2026-05-01T15:53:15.004347+00:00", "level": "INFO", "jobId": "830f6a6c-57cf-4c66-88ec-1d6d9b835a58", "keyword": "khai trương tdm", "step": "capture", "message": "Saved post_021.png (posinset=21)", "data": {"w": 0}, "seq": 25800}
{"ts": "2026-05-01T15:53:15.006835+00:00", "level": "INFO", "jobId": "830f6a6c-57cf-4c66-88ec-1d6d9b835a58", "keyword": "khai trương tdm", "step": "cooldown", "message": "Cooldown 1.0s (after capture)", "data": {"w": 0}, "seq": 25801}
{"ts": "2026-05-01T15:53:16.025358+00:00", "level": "INFO", "jobId": "830f6a6c-57cf-4c66-88ec-1d6d9b835a58", "keyword": "khai trương tdm", "step": "capture", "message": "Capturing posinset=22 (22/∞)…", "data": {"w": 0}, "seq": 25802}
{"ts": "2026-05-01T15:53:17.263741+00:00", "level": "INFO", "jobId": "830f6a6c-57cf-4c66-88ec-1d6d9b835a58", "keyword": "khai trương tdm", "step": "capture", "message": "Saved post_022.png (posinset=22)", "data": {"w": 0}, "seq": 25809}
{"ts": "2026-05-01T15:53:17.264765+00:00", "level": "INFO", "jobId": "830f6a6c-57cf-4c66-88ec-1d6d9b835a58", "keyword": "khai trương tdm", "step": "cooldown", "message": "Cooldown 1.0s (after capture)", "data": {"w": 0}, "seq": 25810}
{"ts": "2026-05-01T15:53:18.984654+00:00", "level": "INFO", "jobId": "830f6a6c-57cf-4c66-88ec-1d6d9b835a58", "keyword": "khai trương tdm", "step": "capture", "message": "Capturing posinset=23 (23/∞)…", "data": {"w": 0}, "seq": 25817}
{"ts": "2026-05-01T15:53:21.468306+00:00", "level": "INFO", "jobId": "830f6a6c-57cf-4c66-88ec-1d6d9b835a58", "keyword": "khai trương tdm", "step": "capture", "message": "Saved post_023.png (posinset=23)", "data": {"w": 0}, "seq": 25820}
{"ts": "2026-05-01T15:53:21.470345+00:00", "level": "INFO", "jobId": "830f6a6c-57cf-4c66-88ec-1d6d9b835a58", "keyword": "khai trương tdm", "step": "cooldown", "message": "Cooldown 1.0s (after capture)", "data": {"w": 0}, "seq": 25821}
{"ts": "2026-05-01T15:53:22.501801+00:00", "level": "INFO", "jobId": "830f6a6c-57cf-4c66-88ec-1d6d9b835a58", "keyword": "khai trương tdm", "step": "heartbeat", "message": "Worker alive", "data": {"w": 0, "elapsed_s": 109}, "seq": 25824}
{"ts": "2026-05-01T15:53:22.502966+00:00", "level": "INFO", "jobId": "830f6a6c-57cf-4c66-88ec-1d6d9b835a58", "keyword": "khai trương tdm", "step": "capture", "message": "Capturing posinset=24 (24/∞)…", "data": {"w": 0}, "seq": 25825}
{"ts": "2026-05-01T15:53:24.166651+00:00", "level": "INFO", "jobId": "830f6a6c-57cf-4c66-88ec-1d6d9b835a58", "keyword": "khai trương tdm", "step": "capture", "message": "Saved post_024.png (posinset=24)", "data": {"w": 0}, "seq": 25830}
{"ts": "2026-05-01T15:53:24.168660+00:00", "level": "INFO", "jobId": "830f6a6c-57cf-4c66-88ec-1d6d9b835a58", "keyword": "khai trương tdm", "step": "cooldown", "message": "Cooldown 1.0s (after capture)", "data": {"w": 0}, "seq": 25831}
{"ts": "2026-05-01T15:53:25.180466+00:00", "level": "INFO", "jobId": "830f6a6c-57cf-4c66-88ec-1d6d9b835a58", "keyword": "khai trương tdm", "step": "capture", "message": "Capturing posinset=25 (25/∞)…", "data": {"w": 0}, "seq": 25836}
{"ts": "2026-05-01T15:53:26.484120+00:00", "level": "INFO", "jobId": "830f6a6c-57cf-4c66-88ec-1d6d9b835a58", "keyword": "khai trương tdm", "step": "capture", "message": "Saved post_025.png (posinset=25)", "data": {"w": 0}, "seq": 25839}
{"ts": "2026-05-01T15:53:26.484120+00:00", "level": "INFO", "jobId": "830f6a6c-57cf-4c66-88ec-1d6d9b835a58", "keyword": "khai trương tdm", "step": "cooldown", "message": "Cooldown 1.0s (after capture)", "data": {"w": 0}, "seq": 25840}
{"ts": "2026-05-01T15:53:27.532867+00:00", "level": "INFO", "jobId": "830f6a6c-57cf-4c66-88ec-1d6d9b835a58", "keyword": "khai trương tdm", "step": "capture", "message": "Capturing posinset=26 (26/∞)…", "data": {"w": 0}, "seq": 25841}
{"ts": "2026-05-01T15:53:29.897415+00:00", "level": "INFO", "jobId": "830f6a6c-57cf-4c66-88ec-1d6d9b835a58", "keyword": "khai trương tdm", "step": "capture", "message": "Saved post_026.png (posinset=26)", "data": {"w": 0}, "seq": 25848}
{"ts": "2026-05-01T15:53:29.898526+00:00", "level": "INFO", "jobId": "830f6a6c-57cf-4c66-88ec-1d6d9b835a58", "keyword": "khai trương tdm", "step": "cooldown", "message": "Cooldown 1.0s (after capture)", "data": {"w": 0}, "seq": 25849}
{"ts": "2026-05-01T15:53:30.920635+00:00", "level": "INFO", "jobId": "830f6a6c-57cf-4c66-88ec-1d6d9b835a58", "keyword": "khai trương tdm", "step": "capture", "message": "Capturing posinset=27 (27/∞)…", "data": {"w": 0}, "seq": 25852}
{"ts": "2026-05-01T15:53:32.715403+00:00", "level": "INFO", "jobId": "830f6a6c-57cf-4c66-88ec-1d6d9b835a58", "keyword": "khai trương tdm", "step": "capture", "message": "Saved post_027.png (posinset=27)", "data": {"w": 0}, "seq": 25856}
{"ts": "2026-05-01T15:53:32.716403+00:00", "level": "INFO", "jobId": "830f6a6c-57cf-4c66-88ec-1d6d9b835a58", "keyword": "khai trương tdm", "step": "cooldown", "message": "Cooldown 1.0s (after capture)", "data": {"w": 0}, "seq": 25857}
{"ts": "2026-05-01T15:53:33.764165+00:00", "level": "INFO", "jobId": "830f6a6c-57cf-4c66-88ec-1d6d9b835a58", "keyword": "khai trương tdm", "step": "capture", "message": "Capturing posinset=28 (28/∞)…", "data": {"w": 0}, "seq": 25862}
{"ts": "2026-05-01T15:53:35.395154+00:00", "level": "INFO", "jobId": "830f6a6c-57cf-4c66-88ec-1d6d9b835a58", "keyword": "khai trương tdm", "step": "capture", "message": "Saved post_028.png (posinset=28)", "data": {"w": 0}, "seq": 25867}
{"ts": "2026-05-01T15:53:35.397153+00:00", "level": "INFO", "jobId": "830f6a6c-57cf-4c66-88ec-1d6d9b835a58", "keyword": "khai trương tdm", "step": "cooldown", "message": "Cooldown 1.0s (after capture)", "data": {"w": 0}, "seq": 25868}
{"ts": "2026-05-01T15:53:37.068226+00:00", "level": "INFO", "jobId": "830f6a6c-57cf-4c66-88ec-1d6d9b835a58", "keyword": "khai trương tdm", "step": "capture", "message": "Capturing posinset=29 (29/∞)…", "data": {"w": 0}, "seq": 25870}
{"ts": "2026-05-01T15:53:40.506651+00:00", "level": "INFO", "jobId": "830f6a6c-57cf-4c66-88ec-1d6d9b835a58", "keyword": "khai trương tdm", "step": "capture", "message": "Saved post_029.png (posinset=29)", "data": {"w": 0}, "seq": 25877}
{"ts": "2026-05-01T15:53:40.510007+00:00", "level": "INFO", "jobId": "830f6a6c-57cf-4c66-88ec-1d6d9b835a58", "keyword": "khai trương tdm", "step": "cooldown", "message": "Cooldown 1.0s (after capture)", "data": {"w": 0}, "seq": 25878}
{"ts": "2026-05-01T15:53:41.533343+00:00", "level": "INFO", "jobId": "830f6a6c-57cf-4c66-88ec-1d6d9b835a58", "keyword": "khai trương tdm", "step": "heartbeat", "message": "Worker alive", "data": {"w": 0, "elapsed_s": 128}, "seq": 25881}
{"ts": "2026-05-01T15:53:41.533343+00:00", "level": "INFO", "jobId": "830f6a6c-57cf-4c66-88ec-1d6d9b835a58", "keyword": "khai trương tdm", "step": "capture", "message": "Capturing posinset=30 (30/∞)…", "data": {"w": 0}, "seq": 25882}
{"ts": "2026-05-01T15:53:43.168137+00:00", "level": "INFO", "jobId": "830f6a6c-57cf-4c66-88ec-1d6d9b835a58", "keyword": "khai trương tdm", "step": "capture", "message": "Saved post_030.png (posinset=30)", "data": {"w": 0}, "seq": 25887}
{"ts": "2026-05-01T15:53:43.169343+00:00", "level": "INFO", "jobId": "830f6a6c-57cf-4c66-88ec-1d6d9b835a58", "keyword": "khai trương tdm", "step": "cooldown", "message": "Cooldown 1.0s (after capture)", "data": {"w": 0}, "seq": 25888}
{"ts": "2026-05-01T15:53:44.209167+00:00", "level": "INFO", "jobId": "830f6a6c-57cf-4c66-88ec-1d6d9b835a58", "keyword": "khai trương tdm", "step": "capture", "message": "Capturing posinset=31 (31/∞)…", "data": {"w": 0}, "seq": 25891}
{"ts": "2026-05-01T15:53:45.635847+00:00", "level": "INFO", "jobId": "830f6a6c-57cf-4c66-88ec-1d6d9b835a58", "keyword": "khai trương tdm", "step": "capture", "message": "Saved post_031.png (posinset=31)", "data": {"w": 0}, "seq": 25896}
{"ts": "2026-05-01T15:53:45.641452+00:00", "level": "INFO", "jobId": "830f6a6c-57cf-4c66-88ec-1d6d9b835a58", "keyword": "khai trương tdm", "step": "cooldown", "message": "Cooldown 1.0s (after capture)", "data": {"w": 0}, "seq": 25897}
{"ts": "2026-05-01T15:53:46.655097+00:00", "level": "INFO", "jobId": "830f6a6c-57cf-4c66-88ec-1d6d9b835a58", "keyword": "khai trương tdm", "step": "capture", "message": "Capturing posinset=32 (32/∞)…", "data": {"w": 0}, "seq": 25902}
{"ts": "2026-05-01T15:53:47.885007+00:00", "level": "INFO", "jobId": "830f6a6c-57cf-4c66-88ec-1d6d9b835a58", "keyword": "khai trương tdm", "step": "capture", "message": "Saved post_032.png (posinset=32)", "data": {"w": 0}, "seq": 25905}
{"ts": "2026-05-01T15:53:47.887788+00:00", "level": "INFO", "jobId": "830f6a6c-57cf-4c66-88ec-1d6d9b835a58", "keyword": "khai trương tdm", "step": "cooldown", "message": "Cooldown 1.0s (after capture)", "data": {"w": 0}, "seq": 25906}
{"ts": "2026-05-01T15:53:48.921383+00:00", "level": "INFO", "jobId": "830f6a6c-57cf-4c66-88ec-1d6d9b835a58", "keyword": "khai trương tdm", "step": "capture", "message": "Capturing posinset=33 (33/∞)…", "data": {"w": 0}, "seq": 25909}
{"ts": "2026-05-01T15:53:50.348993+00:00", "level": "INFO", "jobId": "830f6a6c-57cf-4c66-88ec-1d6d9b835a58", "keyword": "khai trương tdm", "step": "capture", "message": "Saved post_033.png (posinset=33)", "data": {"w": 0}, "seq": 25914}
{"ts": "2026-05-01T15:53:50.349993+00:00", "level": "INFO", "jobId": "830f6a6c-57cf-4c66-88ec-1d6d9b835a58", "keyword": "khai trương tdm", "step": "cooldown", "message": "Cooldown 1.0s (after capture)", "data": {"w": 0}, "seq": 25915}
{"ts": "2026-05-01T15:53:51.881877+00:00", "level": "INFO", "jobId": "830f6a6c-57cf-4c66-88ec-1d6d9b835a58", "keyword": "khai trương tdm", "step": "capture", "message": "Capturing posinset=34 (34/∞)…", "data": {"w": 0}, "seq": 25920}
{"ts": "2026-05-01T15:53:54.577878+00:00", "level": "INFO", "jobId": "830f6a6c-57cf-4c66-88ec-1d6d9b835a58", "keyword": "khai trương tdm", "step": "capture", "message": "Saved post_034.png (posinset=34)", "data": {"w": 0}, "seq": 25925}
{"ts": "2026-05-01T15:53:54.578384+00:00", "level": "INFO", "jobId": "830f6a6c-57cf-4c66-88ec-1d6d9b835a58", "keyword": "khai trương tdm", "step": "cooldown", "message": "Cooldown 1.0s (after capture)", "data": {"w": 0}, "seq": 25926}
{"ts": "2026-05-01T15:53:55.598479+00:00", "level": "INFO", "jobId": "830f6a6c-57cf-4c66-88ec-1d6d9b835a58", "keyword": "khai trương tdm", "step": "capture", "message": "Capturing posinset=35 (35/∞)…", "data": {"w": 0}, "seq": 25928}
{"ts": "2026-05-01T15:53:57.691959+00:00", "level": "INFO", "jobId": "830f6a6c-57cf-4c66-88ec-1d6d9b835a58", "keyword": "khai trương tdm", "step": "capture", "message": "Saved post_035.png (posinset=35)", "data": {"w": 0}, "seq": 25933}
{"ts": "2026-05-01T15:53:57.693391+00:00", "level": "INFO", "jobId": "830f6a6c-57cf-4c66-88ec-1d6d9b835a58", "keyword": "khai trương tdm", "step": "cooldown", "message": "Cooldown 1.0s (after capture)", "data": {"w": 0}, "seq": 25935}
{"ts": "2026-05-01T15:53:58.725137+00:00", "level": "INFO", "jobId": "830f6a6c-57cf-4c66-88ec-1d6d9b835a58", "keyword": "khai trương tdm", "step": "heartbeat", "message": "Worker alive", "data": {"w": 0, "elapsed_s": 145}, "seq": 25937}
{"ts": "2026-05-01T15:53:58.725137+00:00", "level": "INFO", "jobId": "830f6a6c-57cf-4c66-88ec-1d6d9b835a58", "keyword": "khai trương tdm", "step": "capture", "message": "Capturing posinset=36 (36/∞)…", "data": {"w": 0}, "seq": 25938}
{"ts": "2026-05-01T15:54:00.531525+00:00", "level": "INFO", "jobId": "830f6a6c-57cf-4c66-88ec-1d6d9b835a58", "keyword": "khai trương tdm", "step": "capture", "message": "Saved post_036.png (posinset=36)", "data": {"w": 0}, "seq": 25944}
{"ts": "2026-05-01T15:54:00.532537+00:00", "level": "INFO", "jobId": "830f6a6c-57cf-4c66-88ec-1d6d9b835a58", "keyword": "khai trương tdm", "step": "cooldown", "message": "Cooldown 1.0s (after capture)", "data": {"w": 0}, "seq": 25945}
{"ts": "2026-05-01T15:54:01.555244+00:00", "level": "INFO", "jobId": "830f6a6c-57cf-4c66-88ec-1d6d9b835a58", "keyword": "khai trương tdm", "step": "capture", "message": "Capturing posinset=37 (37/∞)…", "data": {"w": 0}, "seq": 25947}
{"ts": "2026-05-01T15:54:03.041667+00:00", "level": "INFO", "jobId": "830f6a6c-57cf-4c66-88ec-1d6d9b835a58", "keyword": "khai trương tdm", "step": "capture", "message": "Saved post_037.png (posinset=37)", "data": {"w": 0}, "seq": 25953}
{"ts": "2026-05-01T15:54:03.042665+00:00", "level": "INFO", "jobId": "830f6a6c-57cf-4c66-88ec-1d6d9b835a58", "keyword": "khai trương tdm", "step": "cooldown", "message": "Cooldown 1.0s (after capture)", "data": {"w": 0}, "seq": 25954}
{"ts": "2026-05-01T15:54:04.074593+00:00", "level": "INFO", "jobId": "830f6a6c-57cf-4c66-88ec-1d6d9b835a58", "keyword": "khai trương tdm", "step": "capture", "message": "Capturing posinset=38 (38/∞)…", "data": {"w": 0}, "seq": 25956}
{"ts": "2026-05-01T15:54:05.740407+00:00", "level": "INFO", "jobId": "830f6a6c-57cf-4c66-88ec-1d6d9b835a58", "keyword": "khai trương tdm", "step": "capture", "message": "Saved post_038.png (posinset=38)", "data": {"w": 0}, "seq": 25962}
{"ts": "2026-05-01T15:54:05.741642+00:00", "level": "INFO", "jobId": "830f6a6c-57cf-4c66-88ec-1d6d9b835a58", "keyword": "khai trương tdm", "step": "cooldown", "message": "Cooldown 1.0s (after capture)", "data": {"w": 0}, "seq": 25963}
{"ts": "2026-05-01T15:54:07.177057+00:00", "level": "INFO", "jobId": "830f6a6c-57cf-4c66-88ec-1d6d9b835a58", "keyword": "khai trương tdm", "step": "capture", "message": "Capturing posinset=39 (39/∞)…", "data": {"w": 0}, "seq": 25968}
{"ts": "2026-05-01T15:54:10.260235+00:00", "level": "INFO", "jobId": "830f6a6c-57cf-4c66-88ec-1d6d9b835a58", "keyword": "khai trương tdm", "step": "capture", "message": "Saved post_039.png (posinset=39)", "data": {"w": 0}, "seq": 25973}
{"ts": "2026-05-01T15:54:10.260235+00:00", "level": "INFO", "jobId": "830f6a6c-57cf-4c66-88ec-1d6d9b835a58", "keyword": "khai trương tdm", "step": "cooldown", "message": "Cooldown 1.0s (after capture)", "data": {"w": 0}, "seq": 25974}
{"ts": "2026-05-01T15:54:11.293667+00:00", "level": "INFO", "jobId": "830f6a6c-57cf-4c66-88ec-1d6d9b835a58", "keyword": "khai trương tdm", "step": "capture", "message": "Capturing posinset=40 (40/∞)…", "data": {"w": 0}, "seq": 25975}
{"ts": "2026-05-01T15:54:12.978084+00:00", "level": "INFO", "jobId": "830f6a6c-57cf-4c66-88ec-1d6d9b835a58", "keyword": "khai trương tdm", "step": "capture", "message": "Saved post_040.png (posinset=40)", "data": {"w": 0}, "seq": 25982}
{"ts": "2026-05-01T15:54:12.986105+00:00", "level": "INFO", "jobId": "830f6a6c-57cf-4c66-88ec-1d6d9b835a58", "keyword": "khai trương tdm", "step": "cooldown", "message": "Cooldown 1.0s (after capture)", "data": {"w": 0}, "seq": 25983}
{"ts": "2026-05-01T15:54:14.025933+00:00", "level": "INFO", "jobId": "830f6a6c-57cf-4c66-88ec-1d6d9b835a58", "keyword": "khai trương tdm", "step": "heartbeat", "message": "Worker alive", "data": {"w": 0, "elapsed_s": 160}, "seq": 25986}
{"ts": "2026-05-01T15:54:14.026933+00:00", "level": "INFO", "jobId": "830f6a6c-57cf-4c66-88ec-1d6d9b835a58", "keyword": "khai trương tdm", "step": "capture", "message": "Capturing posinset=41 (41/∞)…", "data": {"w": 0}, "seq": 25987}
{"ts": "2026-05-01T15:54:15.676562+00:00", "level": "INFO", "jobId": "830f6a6c-57cf-4c66-88ec-1d6d9b835a58", "keyword": "khai trương tdm", "step": "capture", "message": "Saved post_041.png (posinset=41)", "data": {"w": 0}, "seq": 25992}
{"ts": "2026-05-01T15:54:15.679404+00:00", "level": "INFO", "jobId": "830f6a6c-57cf-4c66-88ec-1d6d9b835a58", "keyword": "khai trương tdm", "step": "cooldown", "message": "Cooldown 1.0s (after capture)", "data": {"w": 0}, "seq": 25993}
{"ts": "2026-05-01T15:54:16.711023+00:00", "level": "INFO", "jobId": "830f6a6c-57cf-4c66-88ec-1d6d9b835a58", "keyword": "khai trương tdm", "step": "capture", "message": "Capturing posinset=42 (42/∞)…", "data": {"w": 0}, "seq": 25996}
{"ts": "2026-05-01T15:54:18.052846+00:00", "level": "INFO", "jobId": "830f6a6c-57cf-4c66-88ec-1d6d9b835a58", "keyword": "khai trương tdm", "step": "capture", "message": "Saved post_042.png (posinset=42)", "data": {"w": 0}, "seq": 26000}
{"ts": "2026-05-01T15:54:18.055101+00:00", "level": "INFO", "jobId": "830f6a6c-57cf-4c66-88ec-1d6d9b835a58", "keyword": "khai trương tdm", "step": "cooldown", "message": "Cooldown 1.0s (after capture)", "data": {"w": 0}, "seq": 26001}
{"ts": "2026-05-01T15:54:19.101478+00:00", "level": "INFO", "jobId": "830f6a6c-57cf-4c66-88ec-1d6d9b835a58", "keyword": "khai trương tdm", "step": "capture", "message": "Capturing posinset=43 (43/∞)…", "data": {"w": 0}, "seq": 26003}
{"ts": "2026-05-01T15:54:23.988519+00:00", "level": "INFO", "jobId": "830f6a6c-57cf-4c66-88ec-1d6d9b835a58", "keyword": "khai trương tdm", "step": "capture", "message": "Saved post_043.png (posinset=43)", "data": {"w": 0}, "seq": 26013}
{"ts": "2026-05-01T15:54:23.991480+00:00", "level": "INFO", "jobId": "830f6a6c-57cf-4c66-88ec-1d6d9b835a58", "keyword": "khai trương tdm", "step": "cooldown", "message": "Cooldown 1.0s (after capture)", "data": {"w": 0}, "seq": 26014}
{"ts": "2026-05-01T15:54:25.023147+00:00", "level": "INFO", "jobId": "830f6a6c-57cf-4c66-88ec-1d6d9b835a58", "keyword": "khai trương tdm", "step": "capture", "message": "Capturing posinset=44 (44/∞)…", "data": {"w": 0}, "seq": 26017}
{"ts": "2026-05-01T15:54:26.613495+00:00", "level": "INFO", "jobId": "830f6a6c-57cf-4c66-88ec-1d6d9b835a58", "keyword": "khai trương tdm", "step": "capture", "message": "Saved post_044.png (posinset=44)", "data": {"w": 0}, "seq": 26022}
{"ts": "2026-05-01T15:54:26.615626+00:00", "level": "INFO", "jobId": "830f6a6c-57cf-4c66-88ec-1d6d9b835a58", "keyword": "khai trương tdm", "step": "cooldown", "message": "Cooldown 1.0s (after capture)", "data": {"w": 0}, "seq": 26023}
{"ts": "2026-05-01T15:54:27.652782+00:00", "level": "INFO", "jobId": "830f6a6c-57cf-4c66-88ec-1d6d9b835a58", "keyword": "khai trương tdm", "step": "capture", "message": "Capturing posinset=45 (45/∞)…", "data": {"w": 0}, "seq": 26026}
{"ts": "2026-05-01T15:54:29.488813+00:00", "level": "INFO", "jobId": "830f6a6c-57cf-4c66-88ec-1d6d9b835a58", "keyword": "khai trương tdm", "step": "capture", "message": "Saved post_045.png (posinset=45)", "data": {"w": 0}, "seq": 26030}
{"ts": "2026-05-01T15:54:29.489809+00:00", "level": "INFO", "jobId": "830f6a6c-57cf-4c66-88ec-1d6d9b835a58", "keyword": "khai trương tdm", "step": "cooldown", "message": "Cooldown 1.0s (after capture)", "data": {"w": 0}, "seq": 26031}
{"ts": "2026-05-01T15:54:30.512954+00:00", "level": "INFO", "jobId": "830f6a6c-57cf-4c66-88ec-1d6d9b835a58", "keyword": "khai trương tdm", "step": "heartbeat", "message": "Worker alive", "data": {"w": 0, "elapsed_s": 177}, "seq": 26034}
{"ts": "2026-05-01T15:54:30.515667+00:00", "level": "INFO", "jobId": "830f6a6c-57cf-4c66-88ec-1d6d9b835a58", "keyword": "khai trương tdm", "step": "capture", "message": "Capturing posinset=46 (46/∞)…", "data": {"w": 0}, "seq": 26035}
{"ts": "2026-05-01T15:54:32.465049+00:00", "level": "INFO", "jobId": "830f6a6c-57cf-4c66-88ec-1d6d9b835a58", "keyword": "khai trương tdm", "step": "capture", "message": "Saved post_046.png (posinset=46)", "data": {"w": 0}, "seq": 26039}
{"ts": "2026-05-01T15:54:32.468056+00:00", "level": "INFO", "jobId": "830f6a6c-57cf-4c66-88ec-1d6d9b835a58", "keyword": "khai trương tdm", "step": "cooldown", "message": "Cooldown 1.0s (after capture)", "data": {"w": 0}, "seq": 26040}
{"ts": "2026-05-01T15:54:33.495969+00:00", "level": "INFO", "jobId": "830f6a6c-57cf-4c66-88ec-1d6d9b835a58", "keyword": "khai trương tdm", "step": "capture", "message": "Capturing posinset=47 (47/∞)…", "data": {"w": 0}, "seq": 26044}
{"ts": "2026-05-01T15:54:34.952694+00:00", "level": "INFO", "jobId": "830f6a6c-57cf-4c66-88ec-1d6d9b835a58", "keyword": "khai trương tdm", "step": "capture", "message": "Saved post_047.png (posinset=47)", "data": {"w": 0}, "seq": 26048}
{"ts": "2026-05-01T15:54:34.954686+00:00", "level": "INFO", "jobId": "830f6a6c-57cf-4c66-88ec-1d6d9b835a58", "keyword": "khai trương tdm", "step": "cooldown", "message": "Cooldown 1.0s (after capture)", "data": {"w": 0}, "seq": 26049}
{"ts": "2026-05-01T15:54:35.972151+00:00", "level": "INFO", "jobId": "830f6a6c-57cf-4c66-88ec-1d6d9b835a58", "keyword": "khai trương tdm", "step": "capture", "message": "Capturing posinset=48 (48/∞)…", "data": {"w": 0}, "seq": 26053}
{"ts": "2026-05-01T15:54:37.937786+00:00", "level": "INFO", "jobId": "830f6a6c-57cf-4c66-88ec-1d6d9b835a58", "keyword": "khai trương tdm", "step": "capture", "message": "Saved post_048.png (posinset=48)", "data": {"w": 0}, "seq": 26059}
{"ts": "2026-05-01T15:54:37.937786+00:00", "level": "INFO", "jobId": "830f6a6c-57cf-4c66-88ec-1d6d9b835a58", "keyword": "khai trương tdm", "step": "cooldown", "message": "Cooldown 1.0s (after capture)", "data": {"w": 0}, "seq": 26060}
{"ts": "2026-05-01T15:54:38.984860+00:00", "level": "INFO", "jobId": "830f6a6c-57cf-4c66-88ec-1d6d9b835a58", "keyword": "khai trương tdm", "step": "capture", "message": "Capturing posinset=49 (49/∞)…", "data": {"w": 0}, "seq": 26061}
{"ts": "2026-05-01T15:54:40.970739+00:00", "level": "INFO", "jobId": "830f6a6c-57cf-4c66-88ec-1d6d9b835a58", "keyword": "khai trương tdm", "step": "capture", "message": "Saved post_049.png (posinset=49)", "data": {"w": 0}, "seq": 26068}
{"ts": "2026-05-01T15:54:40.989131+00:00", "level": "INFO", "jobId": "830f6a6c-57cf-4c66-88ec-1d6d9b835a58", "keyword": "khai trương tdm", "step": "cooldown", "message": "Cooldown 1.0s (after capture)", "data": {"w": 0}, "seq": 26069}
{"ts": "2026-05-01T15:54:42.036821+00:00", "level": "INFO", "jobId": "830f6a6c-57cf-4c66-88ec-1d6d9b835a58", "keyword": "khai trương tdm", "step": "capture", "message": "Capturing posinset=50 (50/∞)…", "data": {"w": 0}, "seq": 26071}
{"ts": "2026-05-01T15:54:44.034281+00:00", "level": "INFO", "jobId": "830f6a6c-57cf-4c66-88ec-1d6d9b835a58", "keyword": "khai trương tdm", "step": "capture", "message": "Saved post_050.png (posinset=50)", "data": {"w": 0}, "seq": 26074}
{"ts": "2026-05-01T15:54:44.035371+00:00", "level": "INFO", "jobId": "830f6a6c-57cf-4c66-88ec-1d6d9b835a58", "keyword": "khai trương tdm", "step": "cooldown", "message": "Cooldown 1.0s (after capture)", "data": {"w": 0}, "seq": 26075}
{"ts": "2026-05-01T15:54:45.052214+00:00", "level": "INFO", "jobId": "830f6a6c-57cf-4c66-88ec-1d6d9b835a58", "keyword": "khai trương tdm", "step": "capture", "message": "Capturing posinset=51 (51/∞)…", "data": {"w": 0}, "seq": 26077}
{"ts": "2026-05-01T15:54:47.135576+00:00", "level": "INFO", "jobId": "830f6a6c-57cf-4c66-88ec-1d6d9b835a58", "keyword": "khai trương tdm", "step": "capture", "message": "Saved post_051.png (posinset=51)", "data": {"w": 0}, "seq": 26080}
{"ts": "2026-05-01T15:54:47.137576+00:00", "level": "INFO", "jobId": "830f6a6c-57cf-4c66-88ec-1d6d9b835a58", "keyword": "khai trương tdm", "step": "cooldown", "message": "Cooldown 1.0s (after capture)", "data": {"w": 0}, "seq": 26081}
{"ts": "2026-05-01T15:54:48.639330+00:00", "level": "INFO", "jobId": "830f6a6c-57cf-4c66-88ec-1d6d9b835a58", "keyword": "khai trương tdm", "step": "heartbeat", "message": "Worker alive", "data": {"w": 0, "elapsed_s": 195}, "seq": 26086}
{"ts": "2026-05-01T15:54:48.640437+00:00", "level": "INFO", "jobId": "830f6a6c-57cf-4c66-88ec-1d6d9b835a58", "keyword": "khai trương tdm", "step": "capture", "message": "Capturing posinset=52 (52/∞)…", "data": {"w": 0}, "seq": 26087}
{"ts": "2026-05-01T15:54:51.740964+00:00", "level": "INFO", "jobId": "830f6a6c-57cf-4c66-88ec-1d6d9b835a58", "keyword": "khai trương tdm", "step": "capture", "message": "Saved post_052.png (posinset=52)", "data": {"w": 0}, "seq": 26093}
{"ts": "2026-05-01T15:54:51.741964+00:00", "level": "INFO", "jobId": "830f6a6c-57cf-4c66-88ec-1d6d9b835a58", "keyword": "khai trương tdm", "step": "cooldown", "message": "Cooldown 1.0s (after capture)", "data": {"w": 0}, "seq": 26094}
{"ts": "2026-05-01T15:54:52.789182+00:00", "level": "INFO", "jobId": "830f6a6c-57cf-4c66-88ec-1d6d9b835a58", "keyword": "khai trương tdm", "step": "capture", "message": "Capturing posinset=53 (53/∞)…", "data": {"w": 0}, "seq": 26096}
{"ts": "2026-05-01T15:54:54.855752+00:00", "level": "INFO", "jobId": "830f6a6c-57cf-4c66-88ec-1d6d9b835a58", "keyword": "khai trương tdm", "step": "capture", "message": "Saved post_053.png (posinset=53)", "data": {"w": 0}, "seq": 26102}
{"ts": "2026-05-01T15:54:54.856756+00:00", "level": "INFO", "jobId": "830f6a6c-57cf-4c66-88ec-1d6d9b835a58", "keyword": "khai trương tdm", "step": "cooldown", "message": "Cooldown 1.0s (after capture)", "data": {"w": 0}, "seq": 26103}
{"ts": "2026-05-01T15:54:55.871284+00:00", "level": "INFO", "jobId": "830f6a6c-57cf-4c66-88ec-1d6d9b835a58", "keyword": "khai trương tdm", "step": "capture", "message": "Capturing posinset=54 (54/∞)…", "data": {"w": 0}, "seq": 26108}
{"ts": "2026-05-01T15:54:58.140129+00:00", "level": "INFO", "jobId": "830f6a6c-57cf-4c66-88ec-1d6d9b835a58", "keyword": "khai trương tdm", "step": "capture", "message": "Saved post_054.png (posinset=54)", "data": {"w": 0}, "seq": 26113}
{"ts": "2026-05-01T15:54:58.142586+00:00", "level": "INFO", "jobId": "830f6a6c-57cf-4c66-88ec-1d6d9b835a58", "keyword": "khai trương tdm", "step": "cooldown", "message": "Cooldown 1.0s (after capture)", "data": {"w": 0}, "seq": 26114}
{"ts": "2026-05-01T15:54:59.182499+00:00", "level": "INFO", "jobId": "830f6a6c-57cf-4c66-88ec-1d6d9b835a58", "keyword": "khai trương tdm", "step": "capture", "message": "Capturing posinset=55 (55/∞)…", "data": {"w": 0}, "seq": 26116}
{"ts": "2026-05-01T15:55:01.333102+00:00", "level": "INFO", "jobId": "830f6a6c-57cf-4c66-88ec-1d6d9b835a58", "keyword": "khai trương tdm", "step": "capture", "message": "Saved post_055.png (posinset=55)", "data": {"w": 0}, "seq": 26122}
{"ts": "2026-05-01T15:55:01.335145+00:00", "level": "INFO", "jobId": "830f6a6c-57cf-4c66-88ec-1d6d9b835a58", "keyword": "khai trương tdm", "step": "cooldown", "message": "Cooldown 1.0s (after capture)", "data": {"w": 0}, "seq": 26123}
{"ts": "2026-05-01T15:55:02.387820+00:00", "level": "INFO", "jobId": "830f6a6c-57cf-4c66-88ec-1d6d9b835a58", "keyword": "khai trương tdm", "step": "capture", "message": "Capturing posinset=56 (56/∞)…", "data": {"w": 0}, "seq": 26124}
{"ts": "2026-05-01T15:55:04.634512+00:00", "level": "INFO", "jobId": "830f6a6c-57cf-4c66-88ec-1d6d9b835a58", "keyword": "khai trương tdm", "step": "capture", "message": "Saved post_056.png (posinset=56)", "data": {"w": 0}, "seq": 26129}
{"ts": "2026-05-01T15:55:04.635525+00:00", "level": "INFO", "jobId": "830f6a6c-57cf-4c66-88ec-1d6d9b835a58", "keyword": "khai trương tdm", "step": "cooldown", "message": "Cooldown 1.0s (after capture)", "data": {"w": 0}, "seq": 26130}
{"ts": "2026-05-01T15:55:06.479711+00:00", "level": "INFO", "jobId": "830f6a6c-57cf-4c66-88ec-1d6d9b835a58", "keyword": "khai trương tdm", "step": "heartbeat", "message": "Worker alive", "data": {"w": 0, "elapsed_s": 213}, "seq": 26135}
{"ts": "2026-05-01T15:55:06.483728+00:00", "level": "INFO", "jobId": "830f6a6c-57cf-4c66-88ec-1d6d9b835a58", "keyword": "khai trương tdm", "step": "capture", "message": "Capturing posinset=57 (57/∞)…", "data": {"w": 0}, "seq": 26136}
{"ts": "2026-05-01T15:55:10.894034+00:00", "level": "INFO", "jobId": "830f6a6c-57cf-4c66-88ec-1d6d9b835a58", "keyword": "khai trương tdm", "step": "capture", "message": "Saved post_057.png (posinset=57)", "data": {"w": 0}, "seq": 26144}
{"ts": "2026-05-01T15:55:10.894034+00:00", "level": "INFO", "jobId": "830f6a6c-57cf-4c66-88ec-1d6d9b835a58", "keyword": "khai trương tdm", "step": "cooldown", "message": "Cooldown 1.0s (after capture)", "data": {"w": 0}, "seq": 26145}
{"ts": "2026-05-01T15:55:11.933706+00:00", "level": "INFO", "jobId": "830f6a6c-57cf-4c66-88ec-1d6d9b835a58", "keyword": "khai trương tdm", "step": "capture", "message": "Capturing posinset=58 (58/∞)…", "data": {"w": 0}, "seq": 26148}
{"ts": "2026-05-01T15:55:13.765489+00:00", "level": "INFO", "jobId": "830f6a6c-57cf-4c66-88ec-1d6d9b835a58", "keyword": "khai trương tdm", "step": "capture", "message": "Saved post_058.png (posinset=58)", "data": {"w": 0}, "seq": 26153}
{"ts": "2026-05-01T15:55:13.772315+00:00", "level": "INFO", "jobId": "830f6a6c-57cf-4c66-88ec-1d6d9b835a58", "keyword": "khai trương tdm", "step": "cooldown", "message": "Cooldown 1.0s (after capture)", "data": {"w": 0}, "seq": 26154}
{"ts": "2026-05-01T15:55:14.810227+00:00", "level": "INFO", "jobId": "830f6a6c-57cf-4c66-88ec-1d6d9b835a58", "keyword": "khai trương tdm", "step": "capture", "message": "Capturing posinset=59 (59/∞)…", "data": {"w": 0}, "seq": 26155}
{"ts": "2026-05-01T15:55:16.613741+00:00", "level": "INFO", "jobId": "830f6a6c-57cf-4c66-88ec-1d6d9b835a58", "keyword": "khai trương tdm", "step": "capture", "message": "Saved post_059.png (posinset=59)", "data": {"w": 0}, "seq": 26162}
{"ts": "2026-05-01T15:55:16.615754+00:00", "level": "INFO", "jobId": "830f6a6c-57cf-4c66-88ec-1d6d9b835a58", "keyword": "khai trương tdm", "step": "cooldown", "message": "Cooldown 1.0s (after capture)", "data": {"w": 0}, "seq": 26163}
{"ts": "2026-05-01T15:55:17.650058+00:00", "level": "INFO", "jobId": "830f6a6c-57cf-4c66-88ec-1d6d9b835a58", "keyword": "khai trương tdm", "step": "capture", "message": "Capturing posinset=60 (60/∞)…", "data": {"w": 0}, "seq": 26164}
{"ts": "2026-05-01T15:55:19.761549+00:00", "level": "INFO", "jobId": "830f6a6c-57cf-4c66-88ec-1d6d9b835a58", "keyword": "khai trương tdm", "step": "capture", "message": "Saved post_060.png (posinset=60)", "data": {"w": 0}, "seq": 26171}
{"ts": "2026-05-01T15:55:19.761549+00:00", "level": "INFO", "jobId": "830f6a6c-57cf-4c66-88ec-1d6d9b835a58", "keyword": "khai trương tdm", "step": "cooldown", "message": "Cooldown 1.0s (after capture)", "data": {"w": 0}, "seq": 26172}
{"ts": "2026-05-01T15:55:20.813634+00:00", "level": "INFO", "jobId": "830f6a6c-57cf-4c66-88ec-1d6d9b835a58", "keyword": "khai trương tdm", "step": "capture", "message": "Capturing posinset=61 (61/∞)…", "data": {"w": 0}, "seq": 26173}
{"ts": "2026-05-01T15:55:24.080778+00:00", "level": "INFO", "jobId": "830f6a6c-57cf-4c66-88ec-1d6d9b835a58", "keyword": "khai trương tdm", "step": "capture", "message": "Saved post_061.png (posinset=61)", "data": {"w": 0}, "seq": 26180}
{"ts": "2026-05-01T15:55:24.082776+00:00", "level": "INFO", "jobId": "830f6a6c-57cf-4c66-88ec-1d6d9b835a58", "keyword": "khai trương tdm", "step": "cooldown", "message": "Cooldown 1.0s (after capture)", "data": {"w": 0}, "seq": 26181}
{"ts": "2026-05-01T15:55:25.126850+00:00", "level": "INFO", "jobId": "830f6a6c-57cf-4c66-88ec-1d6d9b835a58", "keyword": "khai trương tdm", "step": "heartbeat", "message": "Worker alive", "data": {"w": 0, "elapsed_s": 232}, "seq": 26184}
{"ts": "2026-05-01T15:55:25.128867+00:00", "level": "INFO", "jobId": "830f6a6c-57cf-4c66-88ec-1d6d9b835a58", "keyword": "khai trương tdm", "step": "capture", "message": "Capturing posinset=62 (62/∞)…", "data": {"w": 0}, "seq": 26185}
{"ts": "2026-05-01T15:55:27.963932+00:00", "level": "INFO", "jobId": "830f6a6c-57cf-4c66-88ec-1d6d9b835a58", "keyword": "khai trương tdm", "step": "capture", "message": "Saved post_062.png (posinset=62)", "data": {"w": 0}, "seq": 26191}
{"ts": "2026-05-01T15:55:27.963932+00:00", "level": "INFO", "jobId": "830f6a6c-57cf-4c66-88ec-1d6d9b835a58", "keyword": "khai trương tdm", "step": "cooldown", "message": "Cooldown 1.0s (after capture)", "data": {"w": 0}, "seq": 26192}
{"ts": "2026-05-01T15:55:28.997429+00:00", "level": "INFO", "jobId": "830f6a6c-57cf-4c66-88ec-1d6d9b835a58", "keyword": "khai trương tdm", "step": "capture", "message": "Capturing posinset=63 (63/∞)…", "data": {"w": 0}, "seq": 26195}
{"ts": "2026-05-01T15:55:31.278035+00:00", "level": "INFO", "jobId": "830f6a6c-57cf-4c66-88ec-1d6d9b835a58", "keyword": "khai trương tdm", "step": "capture", "message": "Saved post_063.png (posinset=63)", "data": {"w": 0}, "seq": 26198}
{"ts": "2026-05-01T15:55:31.279039+00:00", "level": "INFO", "jobId": "830f6a6c-57cf-4c66-88ec-1d6d9b835a58", "keyword": "khai trương tdm", "step": "cooldown", "message": "Cooldown 1.0s (after capture)", "data": {"w": 0}, "seq": 26199}
{"ts": "2026-05-01T15:55:32.312277+00:00", "level": "INFO", "jobId": "830f6a6c-57cf-4c66-88ec-1d6d9b835a58", "keyword": "khai trương tdm", "step": "capture", "message": "Capturing posinset=64 (64/∞)…", "data": {"w": 0}, "seq": 26203}
{"ts": "2026-05-01T15:55:34.121528+00:00", "level": "INFO", "jobId": "830f6a6c-57cf-4c66-88ec-1d6d9b835a58", "keyword": "khai trương tdm", "step": "capture", "message": "Saved post_064.png (posinset=64)", "data": {"w": 0}, "seq": 26209}
{"ts": "2026-05-01T15:55:34.127625+00:00", "level": "INFO", "jobId": "830f6a6c-57cf-4c66-88ec-1d6d9b835a58", "keyword": "khai trương tdm", "step": "cooldown", "message": "Cooldown 1.0s (after capture)", "data": {"w": 0}, "seq": 26210}
{"ts": "2026-05-01T15:55:35.165554+00:00", "level": "INFO", "jobId": "830f6a6c-57cf-4c66-88ec-1d6d9b835a58", "keyword": "khai trương tdm", "step": "capture", "message": "Capturing posinset=65 (65/∞)…", "data": {"w": 0}, "seq": 26213}
{"ts": "2026-05-01T15:55:36.611775+00:00", "level": "INFO", "jobId": "830f6a6c-57cf-4c66-88ec-1d6d9b835a58", "keyword": "khai trương tdm", "step": "capture", "message": "Capturing posinset=65 (65/∞)…", "data": {"w": 0}, "seq": 26218}
{"ts": "2026-05-01T15:55:41.140052+00:00", "level": "INFO", "jobId": "830f6a6c-57cf-4c66-88ec-1d6d9b835a58", "keyword": "khai trương tdm", "step": "heartbeat", "message": "Worker alive", "data": {"w": 0, "elapsed_s": 248}, "seq": 26222}
{"ts": "2026-05-01T15:55:41.153928+00:00", "level": "INFO", "jobId": "830f6a6c-57cf-4c66-88ec-1d6d9b835a58", "keyword": "khai trương tdm", "step": "capture", "message": "Capturing posinset=65 (65/∞)…", "data": {"w": 0}, "seq": 26223}
{"ts": "2026-05-01T15:55:42.840111+00:00", "level": "INFO", "jobId": "830f6a6c-57cf-4c66-88ec-1d6d9b835a58", "keyword": "khai trương tdm", "step": "capture", "message": "Saved post_065.png (posinset=65)", "data": {"w": 0}, "seq": 26228}
{"ts": "2026-05-01T15:55:42.842117+00:00", "level": "INFO", "jobId": "830f6a6c-57cf-4c66-88ec-1d6d9b835a58", "keyword": "khai trương tdm", "step": "cooldown", "message": "Cooldown 1.0s (after capture)", "data": {"w": 0}, "seq": 26229}
{"ts": "2026-05-01T15:55:43.931379+00:00", "level": "INFO", "jobId": "830f6a6c-57cf-4c66-88ec-1d6d9b835a58", "keyword": "khai trương tdm", "step": "capture", "message": "Capturing posinset=66 (66/∞)…", "data": {"w": 0}, "seq": 26231}
{"ts": "2026-05-01T15:55:49.244018+00:00", "level": "INFO", "jobId": "830f6a6c-57cf-4c66-88ec-1d6d9b835a58", "keyword": "khai trương tdm", "step": "capture", "message": "Saved post_066.png (posinset=66)", "data": {"w": 0}, "seq": 26242}
{"ts": "2026-05-01T15:55:49.244018+00:00", "level": "INFO", "jobId": "830f6a6c-57cf-4c66-88ec-1d6d9b835a58", "keyword": "khai trương tdm", "step": "cooldown", "message": "Cooldown 1.0s (after capture)", "data": {"w": 0}, "seq": 26243}
{"ts": "2026-05-01T15:55:50.293618+00:00", "level": "INFO", "jobId": "830f6a6c-57cf-4c66-88ec-1d6d9b835a58", "keyword": "khai trương tdm", "step": "capture", "message": "Capturing posinset=67 (67/∞)…", "data": {"w": 0}, "seq": 26247}
{"ts": "2026-05-01T15:55:52.337966+00:00", "level": "INFO", "jobId": "830f6a6c-57cf-4c66-88ec-1d6d9b835a58", "keyword": "khai trương tdm", "step": "capture", "message": "Saved post_067.png (posinset=67)", "data": {"w": 0}, "seq": 26249}
{"ts": "2026-05-01T15:55:52.339962+00:00", "level": "INFO", "jobId": "830f6a6c-57cf-4c66-88ec-1d6d9b835a58", "keyword": "khai trương tdm", "step": "cooldown", "message": "Cooldown 1.0s (after capture)", "data": {"w": 0}, "seq": 26250}
{"ts": "2026-05-01T15:55:53.398709+00:00", "level": "INFO", "jobId": "830f6a6c-57cf-4c66-88ec-1d6d9b835a58", "keyword": "khai trương tdm", "step": "capture", "message": "Capturing posinset=68 (68/∞)…", "data": {"w": 0}, "seq": 26256}
{"ts": "2026-05-01T15:55:55.328089+00:00", "level": "INFO", "jobId": "830f6a6c-57cf-4c66-88ec-1d6d9b835a58", "keyword": "khai trương tdm", "step": "capture", "message": "Saved post_068.png (posinset=68)", "data": {"w": 0}, "seq": 26260}
{"ts": "2026-05-01T15:55:55.330098+00:00", "level": "INFO", "jobId": "830f6a6c-57cf-4c66-88ec-1d6d9b835a58", "keyword": "khai trương tdm", "step": "cooldown", "message": "Cooldown 1.0s (after capture)", "data": {"w": 0}, "seq": 26261}
{"ts": "2026-05-01T15:55:56.364623+00:00", "level": "INFO", "jobId": "830f6a6c-57cf-4c66-88ec-1d6d9b835a58", "keyword": "khai trương tdm", "step": "heartbeat", "message": "Worker alive", "data": {"w": 0, "elapsed_s": 263}, "seq": 26267}
{"ts": "2026-05-01T15:55:56.364623+00:00", "level": "INFO", "jobId": "830f6a6c-57cf-4c66-88ec-1d6d9b835a58", "keyword": "khai trương tdm", "step": "capture", "message": "Capturing posinset=69 (69/∞)…", "data": {"w": 0}, "seq": 26268}
{"ts": "2026-05-01T15:55:59.115843+00:00", "level": "INFO", "jobId": "830f6a6c-57cf-4c66-88ec-1d6d9b835a58", "keyword": "khai trương tdm", "step": "capture", "message": "Saved post_069.png (posinset=69)", "data": {"w": 0}, "seq": 26270}
{"ts": "2026-05-01T15:55:59.117845+00:00", "level": "INFO", "jobId": "830f6a6c-57cf-4c66-88ec-1d6d9b835a58", "keyword": "khai trương tdm", "step": "cooldown", "message": "Cooldown 1.0s (after capture)", "data": {"w": 0}, "seq": 26271}
{"ts": "2026-05-01T15:56:00.162958+00:00", "level": "INFO", "jobId": "830f6a6c-57cf-4c66-88ec-1d6d9b835a58", "keyword": "khai trương tdm", "step": "capture", "message": "Capturing posinset=70 (70/∞)…", "data": {"w": 0}, "seq": 26274}
{"ts": "2026-05-01T15:56:03.509652+00:00", "level": "INFO", "jobId": "830f6a6c-57cf-4c66-88ec-1d6d9b835a58", "keyword": "khai trương tdm", "step": "capture", "message": "Saved post_070.png (posinset=70)", "data": {"w": 0}, "seq": 26278}
{"ts": "2026-05-01T15:56:03.511665+00:00", "level": "INFO", "jobId": "830f6a6c-57cf-4c66-88ec-1d6d9b835a58", "keyword": "khai trương tdm", "step": "cooldown", "message": "Cooldown 1.0s (after capture)", "data": {"w": 0}, "seq": 26279}
{"ts": "2026-05-01T15:56:04.562429+00:00", "level": "INFO", "jobId": "830f6a6c-57cf-4c66-88ec-1d6d9b835a58", "keyword": "khai trương tdm", "step": "capture", "message": "Capturing posinset=71 (71/∞)…", "data": {"w": 0}, "seq": 26282}
{"ts": "2026-05-01T15:56:07.454733+00:00", "level": "INFO", "jobId": "830f6a6c-57cf-4c66-88ec-1d6d9b835a58", "keyword": "khai trương tdm", "step": "capture", "message": "Saved post_071.png (posinset=71)", "data": {"w": 0}, "seq": 26294}
{"ts": "2026-05-01T15:56:07.456450+00:00", "level": "INFO", "jobId": "830f6a6c-57cf-4c66-88ec-1d6d9b835a58", "keyword": "khai trương tdm", "step": "cooldown", "message": "Cooldown 1.0s (after capture)", "data": {"w": 0}, "seq": 26295}
{"ts": "2026-05-01T15:56:08.509306+00:00", "level": "INFO", "jobId": "830f6a6c-57cf-4c66-88ec-1d6d9b835a58", "keyword": "khai trương tdm", "step": "capture", "message": "Capturing posinset=72 (72/∞)…", "data": {"w": 0}, "seq": 26296}
{"ts": "2026-05-01T15:56:11.272990+00:00", "level": "INFO", "jobId": "830f6a6c-57cf-4c66-88ec-1d6d9b835a58", "keyword": "khai trương tdm", "step": "capture", "message": "Saved post_072.png (posinset=72)", "data": {"w": 0}, "seq": 26305}
{"ts": "2026-05-01T15:56:11.274021+00:00", "level": "INFO", "jobId": "830f6a6c-57cf-4c66-88ec-1d6d9b835a58", "keyword": "khai trương tdm", "step": "cooldown", "message": "Cooldown 1.0s (after capture)", "data": {"w": 0}, "seq": 26306}
{"ts": "2026-05-01T15:56:12.313810+00:00", "level": "INFO", "jobId": "830f6a6c-57cf-4c66-88ec-1d6d9b835a58", "keyword": "khai trương tdm", "step": "heartbeat", "message": "Worker alive", "data": {"w": 0, "elapsed_s": 279}, "seq": 26307}
{"ts": "2026-05-01T15:56:12.315909+00:00", "level": "INFO", "jobId": "830f6a6c-57cf-4c66-88ec-1d6d9b835a58", "keyword": "khai trương tdm", "step": "capture", "message": "Capturing posinset=73 (73/∞)…", "data": {"w": 0}, "seq": 26308}
{"ts": "2026-05-01T15:56:18.768288+00:00", "level": "INFO", "jobId": "830f6a6c-57cf-4c66-88ec-1d6d9b835a58", "keyword": "khai trương tdm", "step": "capture", "message": "Saved post_073.png (posinset=73)", "data": {"w": 0}, "seq": 26314}
{"ts": "2026-05-01T15:56:18.769317+00:00", "level": "INFO", "jobId": "830f6a6c-57cf-4c66-88ec-1d6d9b835a58", "keyword": "khai trương tdm", "step": "cooldown", "message": "Cooldown 1.0s (after capture)", "data": {"w": 0}, "seq": 26315}
{"ts": "2026-05-01T15:56:19.794048+00:00", "level": "INFO", "jobId": "830f6a6c-57cf-4c66-88ec-1d6d9b835a58", "keyword": "khai trương tdm", "step": "capture", "message": "Capturing posinset=74 (74/∞)…", "data": {"w": 0}, "seq": 26317}
{"ts": "2026-05-01T15:56:21.360468+00:00", "level": "INFO", "jobId": "830f6a6c-57cf-4c66-88ec-1d6d9b835a58", "keyword": "khai trương tdm", "step": "capture", "message": "Capturing posinset=74 (74/∞)…", "data": {"w": 0}, "seq": 26322}
{"ts": "2026-05-01T15:56:22.901021+00:00", "level": "INFO", "jobId": "830f6a6c-57cf-4c66-88ec-1d6d9b835a58", "keyword": "khai trương tdm", "step": "capture", "message": "Capturing posinset=74 (74/∞)…", "data": {"w": 0}, "seq": 26327}
{"ts": "2026-05-01T15:56:24.543721+00:00", "level": "INFO", "jobId": "830f6a6c-57cf-4c66-88ec-1d6d9b835a58", "keyword": "khai trương tdm", "step": "capture", "message": "Capturing posinset=74 (74/∞)…", "data": {"w": 0}, "seq": 26331}
{"ts": "2026-05-01T15:56:26.201199+00:00", "level": "INFO", "jobId": "830f6a6c-57cf-4c66-88ec-1d6d9b835a58", "keyword": "khai trương tdm", "step": "capture", "message": "Capturing posinset=74 (74/∞)…", "data": {"w": 0}, "seq": 26334}
{"ts": "2026-05-01T15:56:27.760767+00:00", "level": "INFO", "jobId": "830f6a6c-57cf-4c66-88ec-1d6d9b835a58", "keyword": "khai trương tdm", "step": "heartbeat", "message": "Worker alive", "data": {"w": 0, "elapsed_s": 294}, "seq": 26338}
{"ts": "2026-05-01T15:56:27.764767+00:00", "level": "INFO", "jobId": "830f6a6c-57cf-4c66-88ec-1d6d9b835a58", "keyword": "khai trương tdm", "step": "capture", "message": "Capturing posinset=74 (74/∞)…", "data": {"w": 0}, "seq": 26339}
{"ts": "2026-05-01T15:56:29.912323+00:00", "level": "INFO", "jobId": "830f6a6c-57cf-4c66-88ec-1d6d9b835a58", "keyword": "khai trương tdm", "step": "capture", "message": "Capturing posinset=74 (74/∞)…", "data": {"w": 0}, "seq": 26343}
{"ts": "2026-05-01T15:56:41.906348+00:00", "level": "INFO", "jobId": "830f6a6c-57cf-4c66-88ec-1d6d9b835a58", "keyword": "khai trương tdm", "step": "capture", "message": "Capturing posinset=74 (74/∞)…", "data": {"w": 0}, "seq": 26361}
{"ts": "2026-05-01T15:56:54.006089+00:00", "level": "INFO", "jobId": "830f6a6c-57cf-4c66-88ec-1d6d9b835a58", "keyword": "khai trương tdm", "step": "heartbeat", "message": "Worker alive", "data": {"w": 0, "elapsed_s": 320}, "seq": 26383}
{"ts": "2026-05-01T15:56:54.006089+00:00", "level": "INFO", "jobId": "830f6a6c-57cf-4c66-88ec-1d6d9b835a58", "keyword": "khai trương tdm", "step": "capture", "message": "Capturing posinset=74 (74/∞)…", "data": {"w": 0}, "seq": 26384}
{"ts": "2026-05-01T15:56:55.797822+00:00", "level": "INFO", "jobId": "830f6a6c-57cf-4c66-88ec-1d6d9b835a58", "keyword": "khai trương tdm", "step": "capture", "message": "Reached end of results (maxPos=73). Stopping capture loop.", "data": {"w": 0}, "seq": 26390}
{"ts": "2026-05-01T15:56:55.839579+00:00", "level": "INFO", "jobId": "830f6a6c-57cf-4c66-88ec-1d6d9b835a58", "keyword": "khai trương tdm", "step": "capture", "message": "Capture loop finished (unlimited). Saved=73", "data": {"w": 0}, "seq": 26391}
{"ts": "2026-05-01T15:56:55.840668+00:00", "level": "INFO", "jobId": "830f6a6c-57cf-4c66-88ec-1d6d9b835a58", "keyword": "khai trương tdm", "step": "done", "message": "Completed. Saved=73", "data": {"w": 0}, "seq": 26392}
