{"ts": "2026-05-01T15:51:32.219610+00:00", "level": "INFO", "jobId": "868d4e53-cad2-4525-8739-f132a3cecbde", "keyword": "khai trương hoành tráng", "step": "created", "message": "Job created", "data": {"maxPosts": "unlimited"}, "seq": 25546}
{"ts": "2026-05-01T16:53:01.335070+00:00", "level": "INFO", "jobId": "868d4e53-cad2-4525-8739-f132a3cecbde", "keyword": "khai trương hoành tráng", "step": "start", "message": "Job started (attempt 1/1)", "data": {"w": 0}, "seq": 32049}
{"ts": "2026-05-01T16:53:09.366363+00:00", "level": "INFO", "jobId": "868d4e53-cad2-4525-8739-f132a3cecbde", "keyword": "khai trương hoành tráng", "step": "login", "message": "Already logged in (home).", "data": {"w": 0}, "seq": 32062}
{"ts": "2026-05-01T16:53:09.370735+00:00", "level": "INFO", "jobId": "868d4e53-cad2-4525-8739-f132a3cecbde", "keyword": "khai trương hoành tráng", "step": "search", "message": "Searching keyword: \"khai trương hoành tráng\"", "data": {"w": 0}, "seq": 32063}
{"ts": "2026-05-01T16:53:25.265196+00:00", "level": "INFO", "jobId": "868d4e53-cad2-4525-8739-f132a3cecbde", "keyword": "khai trương hoành tráng", "step": "capture", "message": "Start capturing all posts until end of results.", "data": {"w": 0}, "seq": 32087}
{"ts": "2026-05-01T16:53:25.265196+00:00", "level": "INFO", "jobId": "868d4e53-cad2-4525-8739-f132a3cecbde", "keyword": "khai trương hoành tráng", "step": "capture", "message": "Output folder: Lan 2 - 2353", "data": {"w": 0}, "seq": 32088}
{"ts": "2026-05-01T16:53:32.444374+00:00", "level": "INFO", "jobId": "868d4e53-cad2-4525-8739-f132a3cecbde", "keyword": "khai trương hoành tráng", "step": "capture", "message": "Guard: forcing top before first capture (y=2236, primary=0)", "data": {"w": 0}, "seq": 32094}
{"ts": "2026-05-01T16:53:34.592165+00:00", "level": "INFO", "jobId": "868d4e53-cad2-4525-8739-f132a3cecbde", "keyword": "khai trương hoành tráng", "step": "capture", "message": "Capturing posinset=1 (1/∞)…", "data": {"w": 0}, "seq": 32097}
{"ts": "2026-05-01T16:53:39.088708+00:00", "level": "INFO", "jobId": "868d4e53-cad2-4525-8739-f132a3cecbde", "keyword": "khai trương hoành tráng", "step": "capture", "message": "Saved post_001.png (posinset=1)", "data": {"w": 0}, "seq": 32106}
{"ts": "2026-05-01T16:53:39.092337+00:00", "level": "INFO", "jobId": "868d4e53-cad2-4525-8739-f132a3cecbde", "keyword": "khai trương hoành tráng", "step": "cooldown", "message": "Cooldown 1.0s (after capture)", "data": {"w": 0}, "seq": 32107}
{"ts": "2026-05-01T16:53:40.112940+00:00", "level": "INFO", "jobId": "868d4e53-cad2-4525-8739-f132a3cecbde", "keyword": "khai trương hoành tráng", "step": "capture", "message": "Capturing posinset=2 (2/∞)…", "data": {"w": 0}, "seq": 32111}
{"ts": "2026-05-01T16:53:41.278144+00:00", "level": "INFO", "jobId": "868d4e53-cad2-4525-8739-f132a3cecbde", "keyword": "khai trương hoành tráng", "step": "capture", "message": "Saved post_002.png (posinset=2)", "data": {"w": 0}, "seq": 32115}
{"ts": "2026-05-01T16:53:41.279144+00:00", "level": "INFO", "jobId": "868d4e53-cad2-4525-8739-f132a3cecbde", "keyword": "khai trương hoành tráng", "step": "cooldown", "message": "Cooldown 1.0s (after capture)", "data": {"w": 0}, "seq": 32116}
{"ts": "2026-05-01T16:53:42.299287+00:00", "level": "INFO", "jobId": "868d4e53-cad2-4525-8739-f132a3cecbde", "keyword": "khai trương hoành tráng", "step": "capture", "message": "Capturing posinset=3 (3/∞)…", "data": {"w": 0}, "seq": 32118}
{"ts": "2026-05-01T16:53:43.645626+00:00", "level": "INFO", "jobId": "868d4e53-cad2-4525-8739-f132a3cecbde", "keyword": "khai trương hoành tráng", "step": "capture", "message": "Saved post_003.png (posinset=3)", "data": {"w": 0}, "seq": 32119}
{"ts": "2026-05-01T16:53:43.648154+00:00", "level": "INFO", "jobId": "868d4e53-cad2-4525-8739-f132a3cecbde", "keyword": "khai trương hoành tráng", "step": "cooldown", "message": "Cooldown 1.0s (after capture)", "data": {"w": 0}, "seq": 32120}
{"ts": "2026-05-01T16:53:44.710210+00:00", "level": "INFO", "jobId": "868d4e53-cad2-4525-8739-f132a3cecbde", "keyword": "khai trương hoành tráng", "step": "capture", "message": "Capturing posinset=4 (4/∞)…", "data": {"w": 0}, "seq": 32123}
{"ts": "2026-05-01T16:53:47.394602+00:00", "level": "INFO", "jobId": "868d4e53-cad2-4525-8739-f132a3cecbde", "keyword": "khai trương hoành tráng", "step": "capture", "message": "Saved post_004.png (posinset=4)", "data": {"w": 0}, "seq": 32128}
{"ts": "2026-05-01T16:53:47.397424+00:00", "level": "INFO", "jobId": "868d4e53-cad2-4525-8739-f132a3cecbde", "keyword": "khai trương hoành tráng", "step": "cooldown", "message": "Cooldown 1.0s (after capture)", "data": {"w": 0}, "seq": 32129}
{"ts": "2026-05-01T16:53:48.426515+00:00", "level": "INFO", "jobId": "868d4e53-cad2-4525-8739-f132a3cecbde", "keyword": "khai trương hoành tráng", "step": "heartbeat", "message": "Worker alive", "data": {"w": 0, "elapsed_s": 47}, "seq": 32132}
{"ts": "2026-05-01T16:53:48.427886+00:00", "level": "INFO", "jobId": "868d4e53-cad2-4525-8739-f132a3cecbde", "keyword": "khai trương hoành tráng", "step": "capture", "message": "Capturing posinset=5 (5/∞)…", "data": {"w": 0}, "seq": 32133}
{"ts": "2026-05-01T16:53:50.284142+00:00", "level": "INFO", "jobId": "868d4e53-cad2-4525-8739-f132a3cecbde", "keyword": "khai trương hoành tráng", "step": "capture", "message": "Saved post_005.png (posinset=5)", "data": {"w": 0}, "seq": 32138}
{"ts": "2026-05-01T16:53:50.288143+00:00", "level": "INFO", "jobId": "868d4e53-cad2-4525-8739-f132a3cecbde", "keyword": "khai trương hoành tráng", "step": "cooldown", "message": "Cooldown 1.0s (after capture)", "data": {"w": 0}, "seq": 32139}
{"ts": "2026-05-01T16:53:51.307700+00:00", "level": "INFO", "jobId": "868d4e53-cad2-4525-8739-f132a3cecbde", "keyword": "khai trương hoành tráng", "step": "capture", "message": "Capturing posinset=6 (6/∞)…", "data": {"w": 0}, "seq": 32142}
{"ts": "2026-05-01T16:53:53.824961+00:00", "level": "INFO", "jobId": "868d4e53-cad2-4525-8739-f132a3cecbde", "keyword": "khai trương hoành tráng", "step": "capture", "message": "Saved post_006.png (posinset=6)", "data": {"w": 0}, "seq": 32145}
{"ts": "2026-05-01T16:53:53.825469+00:00", "level": "INFO", "jobId": "868d4e53-cad2-4525-8739-f132a3cecbde", "keyword": "khai trương hoành tráng", "step": "cooldown", "message": "Cooldown 1.0s (after capture)", "data": {"w": 0}, "seq": 32146}
{"ts": "2026-05-01T16:53:54.842968+00:00", "level": "INFO", "jobId": "868d4e53-cad2-4525-8739-f132a3cecbde", "keyword": "khai trương hoành tráng", "step": "capture", "message": "Capturing posinset=7 (7/∞)…", "data": {"w": 0}, "seq": 32149}
{"ts": "2026-05-01T16:53:56.272709+00:00", "level": "INFO", "jobId": "868d4e53-cad2-4525-8739-f132a3cecbde", "keyword": "khai trương hoành tráng", "step": "capture", "message": "Saved post_007.png (posinset=7)", "data": {"w": 0}, "seq": 32155}
{"ts": "2026-05-01T16:53:56.275701+00:00", "level": "INFO", "jobId": "868d4e53-cad2-4525-8739-f132a3cecbde", "keyword": "khai trương hoành tráng", "step": "cooldown", "message": "Cooldown 1.0s (after capture)", "data": {"w": 0}, "seq": 32156}
{"ts": "2026-05-01T16:53:57.291976+00:00", "level": "INFO", "jobId": "868d4e53-cad2-4525-8739-f132a3cecbde", "keyword": "khai trương hoành tráng", "step": "capture", "message": "Capturing posinset=8 (8/∞)…", "data": {"w": 0}, "seq": 32157}
{"ts": "2026-05-01T16:53:58.818971+00:00", "level": "INFO", "jobId": "868d4e53-cad2-4525-8739-f132a3cecbde", "keyword": "khai trương hoành tráng", "step": "capture", "message": "Saved post_008.png (posinset=8)", "data": {"w": 0}, "seq": 32160}
{"ts": "2026-05-01T16:53:58.820223+00:00", "level": "INFO", "jobId": "868d4e53-cad2-4525-8739-f132a3cecbde", "keyword": "khai trương hoành tráng", "step": "cooldown", "message": "Cooldown 1.0s (after capture)", "data": {"w": 0}, "seq": 32161}
{"ts": "2026-05-01T16:53:59.839025+00:00", "level": "INFO", "jobId": "868d4e53-cad2-4525-8739-f132a3cecbde", "keyword": "khai trương hoành tráng", "step": "capture", "message": "Capturing posinset=9 (9/∞)…", "data": {"w": 0}, "seq": 32163}
{"ts": "2026-05-01T16:54:01.724279+00:00", "level": "INFO", "jobId": "868d4e53-cad2-4525-8739-f132a3cecbde", "keyword": "khai trương hoành tráng", "step": "capture", "message": "Saved post_009.png (posinset=9)", "data": {"w": 0}, "seq": 32166}
{"ts": "2026-05-01T16:54:01.724279+00:00", "level": "INFO", "jobId": "868d4e53-cad2-4525-8739-f132a3cecbde", "keyword": "khai trương hoành tráng", "step": "cooldown", "message": "Cooldown 1.0s (after capture)", "data": {"w": 0}, "seq": 32167}
{"ts": "2026-05-01T16:54:02.974421+00:00", "level": "INFO", "jobId": "868d4e53-cad2-4525-8739-f132a3cecbde", "keyword": "khai trương hoành tráng", "step": "capture", "message": "Capturing posinset=10 (10/∞)…", "data": {"w": 0}, "seq": 32171}
{"ts": "2026-05-01T16:54:04.562238+00:00", "level": "INFO", "jobId": "868d4e53-cad2-4525-8739-f132a3cecbde", "keyword": "khai trương hoành tráng", "step": "capture", "message": "Saved post_010.png (posinset=10)", "data": {"w": 0}, "seq": 32173}
{"ts": "2026-05-01T16:54:04.577111+00:00", "level": "INFO", "jobId": "868d4e53-cad2-4525-8739-f132a3cecbde", "keyword": "khai trương hoành tráng", "step": "cooldown", "message": "Cooldown 1.0s (after capture)", "data": {"w": 0}, "seq": 32174}
{"ts": "2026-05-01T16:54:05.600092+00:00", "level": "INFO", "jobId": "868d4e53-cad2-4525-8739-f132a3cecbde", "keyword": "khai trương hoành tráng", "step": "heartbeat", "message": "Worker alive", "data": {"w": 0, "elapsed_s": 64}, "seq": 32177}
{"ts": "2026-05-01T16:54:05.602516+00:00", "level": "INFO", "jobId": "868d4e53-cad2-4525-8739-f132a3cecbde", "keyword": "khai trương hoành tráng", "step": "capture", "message": "Capturing posinset=11 (11/∞)…", "data": {"w": 0}, "seq": 32178}
{"ts": "2026-05-01T16:54:07.508341+00:00", "level": "INFO", "jobId": "868d4e53-cad2-4525-8739-f132a3cecbde", "keyword": "khai trương hoành tráng", "step": "capture", "message": "Saved post_011.png (posinset=11)", "data": {"w": 0}, "seq": 32180}
{"ts": "2026-05-01T16:54:07.510341+00:00", "level": "INFO", "jobId": "868d4e53-cad2-4525-8739-f132a3cecbde", "keyword": "khai trương hoành tráng", "step": "cooldown", "message": "Cooldown 1.0s (after capture)", "data": {"w": 0}, "seq": 32181}
{"ts": "2026-05-01T16:54:08.533286+00:00", "level": "INFO", "jobId": "868d4e53-cad2-4525-8739-f132a3cecbde", "keyword": "khai trương hoành tráng", "step": "capture", "message": "Capturing posinset=12 (12/∞)…", "data": {"w": 0}, "seq": 32184}
{"ts": "2026-05-01T16:54:10.039985+00:00", "level": "INFO", "jobId": "868d4e53-cad2-4525-8739-f132a3cecbde", "keyword": "khai trương hoành tráng", "step": "capture", "message": "Saved post_012.png (posinset=12)", "data": {"w": 0}, "seq": 32187}
{"ts": "2026-05-01T16:54:10.041993+00:00", "level": "INFO", "jobId": "868d4e53-cad2-4525-8739-f132a3cecbde", "keyword": "khai trương hoành tráng", "step": "cooldown", "message": "Cooldown 1.0s (after capture)", "data": {"w": 0}, "seq": 32188}
{"ts": "2026-05-01T16:54:11.065097+00:00", "level": "INFO", "jobId": "868d4e53-cad2-4525-8739-f132a3cecbde", "keyword": "khai trương hoành tráng", "step": "capture", "message": "Capturing posinset=13 (13/∞)…", "data": {"w": 0}, "seq": 32189}
{"ts": "2026-05-01T16:54:13.702292+00:00", "level": "INFO", "jobId": "868d4e53-cad2-4525-8739-f132a3cecbde", "keyword": "khai trương hoành tráng", "step": "capture", "message": "Saved post_013.png (posinset=13)", "data": {"w": 0}, "seq": 32191}
{"ts": "2026-05-01T16:54:13.702292+00:00", "level": "INFO", "jobId": "868d4e53-cad2-4525-8739-f132a3cecbde", "keyword": "khai trương hoành tráng", "step": "cooldown", "message": "Cooldown 1.0s (after capture)", "data": {"w": 0}, "seq": 32192}
{"ts": "2026-05-01T16:54:14.714931+00:00", "level": "INFO", "jobId": "868d4e53-cad2-4525-8739-f132a3cecbde", "keyword": "khai trương hoành tráng", "step": "capture", "message": "Capturing posinset=14 (14/∞)…", "data": {"w": 0}, "seq": 32195}
{"ts": "2026-05-01T16:54:16.522340+00:00", "level": "INFO", "jobId": "868d4e53-cad2-4525-8739-f132a3cecbde", "keyword": "khai trương hoành tráng", "step": "capture", "message": "Saved post_014.png (posinset=14)", "data": {"w": 0}, "seq": 32201}
{"ts": "2026-05-01T16:54:16.526356+00:00", "level": "INFO", "jobId": "868d4e53-cad2-4525-8739-f132a3cecbde", "keyword": "khai trương hoành tráng", "step": "cooldown", "message": "Cooldown 1.0s (after capture)", "data": {"w": 0}, "seq": 32202}
{"ts": "2026-05-01T16:54:17.565123+00:00", "level": "INFO", "jobId": "868d4e53-cad2-4525-8739-f132a3cecbde", "keyword": "khai trương hoành tráng", "step": "capture", "message": "Capturing posinset=15 (15/∞)…", "data": {"w": 0}, "seq": 32205}
{"ts": "2026-05-01T16:54:20.504348+00:00", "level": "INFO", "jobId": "868d4e53-cad2-4525-8739-f132a3cecbde", "keyword": "khai trương hoành tráng", "step": "capture", "message": "Saved post_015.png (posinset=15)", "data": {"w": 0}, "seq": 32211}
{"ts": "2026-05-01T16:54:20.506296+00:00", "level": "INFO", "jobId": "868d4e53-cad2-4525-8739-f132a3cecbde", "keyword": "khai trương hoành tráng", "step": "cooldown", "message": "Cooldown 1.0s (after capture)", "data": {"w": 0}, "seq": 32212}
{"ts": "2026-05-01T16:54:21.525251+00:00", "level": "INFO", "jobId": "868d4e53-cad2-4525-8739-f132a3cecbde", "keyword": "khai trương hoành tráng", "step": "heartbeat", "message": "Worker alive", "data": {"w": 0, "elapsed_s": 80}, "seq": 32215}
{"ts": "2026-05-01T16:54:21.528659+00:00", "level": "INFO", "jobId": "868d4e53-cad2-4525-8739-f132a3cecbde", "keyword": "khai trương hoành tráng", "step": "capture", "message": "Capturing posinset=16 (16/∞)…", "data": {"w": 0}, "seq": 32216}
{"ts": "2026-05-01T16:54:22.840084+00:00", "level": "INFO", "jobId": "868d4e53-cad2-4525-8739-f132a3cecbde", "keyword": "khai trương hoành tráng", "step": "capture", "message": "Capturing posinset=16 (16/∞)…", "data": {"w": 0}, "seq": 32217}
{"ts": "2026-05-01T16:54:24.144542+00:00", "level": "INFO", "jobId": "868d4e53-cad2-4525-8739-f132a3cecbde", "keyword": "khai trương hoành tráng", "step": "capture", "message": "Capturing posinset=16 (16/∞)…", "data": {"w": 0}, "seq": 32220}
{"ts": "2026-05-01T16:54:27.269588+00:00", "level": "INFO", "jobId": "868d4e53-cad2-4525-8739-f132a3cecbde", "keyword": "khai trương hoành tráng", "step": "capture", "message": "Capturing posinset=16 (16/∞)…", "data": {"w": 0}, "seq": 32222}
{"ts": "2026-05-01T16:54:30.020518+00:00", "level": "INFO", "jobId": "868d4e53-cad2-4525-8739-f132a3cecbde", "keyword": "khai trương hoành tráng", "step": "capture", "message": "Saved post_016.png (posinset=16)", "data": {"w": 0}, "seq": 32227}
{"ts": "2026-05-01T16:54:30.021520+00:00", "level": "INFO", "jobId": "868d4e53-cad2-4525-8739-f132a3cecbde", "keyword": "khai trương hoành tráng", "step": "cooldown", "message": "Cooldown 1.0s (after capture)", "data": {"w": 0}, "seq": 32228}
{"ts": "2026-05-01T16:54:31.036036+00:00", "level": "INFO", "jobId": "868d4e53-cad2-4525-8739-f132a3cecbde", "keyword": "khai trương hoành tráng", "step": "capture", "message": "Capturing posinset=17 (17/∞)…", "data": {"w": 0}, "seq": 32230}
{"ts": "2026-05-01T16:54:33.005492+00:00", "level": "INFO", "jobId": "868d4e53-cad2-4525-8739-f132a3cecbde", "keyword": "khai trương hoành tráng", "step": "capture", "message": "Saved post_017.png (posinset=17)", "data": {"w": 0}, "seq": 32234}
{"ts": "2026-05-01T16:54:33.019381+00:00", "level": "INFO", "jobId": "868d4e53-cad2-4525-8739-f132a3cecbde", "keyword": "khai trương hoành tráng", "step": "cooldown", "message": "Cooldown 1.0s (after capture)", "data": {"w": 0}, "seq": 32235}
{"ts": "2026-05-01T16:54:34.090381+00:00", "level": "INFO", "jobId": "868d4e53-cad2-4525-8739-f132a3cecbde", "keyword": "khai trương hoành tráng", "step": "capture", "message": "Capturing posinset=18 (18/∞)…", "data": {"w": 0}, "seq": 32239}
{"ts": "2026-05-01T16:54:36.205170+00:00", "level": "INFO", "jobId": "868d4e53-cad2-4525-8739-f132a3cecbde", "keyword": "khai trương hoành tráng", "step": "capture", "message": "Saved post_018.png (posinset=18)", "data": {"w": 0}, "seq": 32240}
{"ts": "2026-05-01T16:54:36.207326+00:00", "level": "INFO", "jobId": "868d4e53-cad2-4525-8739-f132a3cecbde", "keyword": "khai trương hoành tráng", "step": "cooldown", "message": "Cooldown 1.0s (after capture)", "data": {"w": 0}, "seq": 32241}
{"ts": "2026-05-01T16:54:37.247026+00:00", "level": "INFO", "jobId": "868d4e53-cad2-4525-8739-f132a3cecbde", "keyword": "khai trương hoành tráng", "step": "heartbeat", "message": "Worker alive", "data": {"w": 0, "elapsed_s": 95}, "seq": 32245}
{"ts": "2026-05-01T16:54:37.249021+00:00", "level": "INFO", "jobId": "868d4e53-cad2-4525-8739-f132a3cecbde", "keyword": "khai trương hoành tráng", "step": "capture", "message": "Capturing posinset=19 (19/∞)…", "data": {"w": 0}, "seq": 32246}
{"ts": "2026-05-01T16:54:39.342273+00:00", "level": "INFO", "jobId": "868d4e53-cad2-4525-8739-f132a3cecbde", "keyword": "khai trương hoành tráng", "step": "capture", "message": "Saved post_019.png (posinset=19)", "data": {"w": 0}, "seq": 32250}
{"ts": "2026-05-01T16:54:39.345002+00:00", "level": "INFO", "jobId": "868d4e53-cad2-4525-8739-f132a3cecbde", "keyword": "khai trương hoành tráng", "step": "cooldown", "message": "Cooldown 1.0s (after capture)", "data": {"w": 0}, "seq": 32251}
{"ts": "2026-05-01T16:54:40.372425+00:00", "level": "INFO", "jobId": "868d4e53-cad2-4525-8739-f132a3cecbde", "keyword": "khai trương hoành tráng", "step": "capture", "message": "Capturing posinset=20 (20/∞)…", "data": {"w": 0}, "seq": 32253}
{"ts": "2026-05-01T16:54:42.760741+00:00", "level": "INFO", "jobId": "868d4e53-cad2-4525-8739-f132a3cecbde", "keyword": "khai trương hoành tráng", "step": "capture", "message": "Saved post_020.png (posinset=20)", "data": {"w": 0}, "seq": 32256}
{"ts": "2026-05-01T16:54:42.762742+00:00", "level": "INFO", "jobId": "868d4e53-cad2-4525-8739-f132a3cecbde", "keyword": "khai trương hoành tráng", "step": "cooldown", "message": "Cooldown 1.0s (after capture)", "data": {"w": 0}, "seq": 32257}
{"ts": "2026-05-01T16:54:43.800979+00:00", "level": "INFO", "jobId": "868d4e53-cad2-4525-8739-f132a3cecbde", "keyword": "khai trương hoành tráng", "step": "capture", "message": "Capturing posinset=21 (21/∞)…", "data": {"w": 0}, "seq": 32260}
{"ts": "2026-05-01T16:54:46.421360+00:00", "level": "INFO", "jobId": "868d4e53-cad2-4525-8739-f132a3cecbde", "keyword": "khai trương hoành tráng", "step": "capture", "message": "Capturing posinset=21 (21/∞)…", "data": {"w": 0}, "seq": 32261}
{"ts": "2026-05-01T16:54:48.711589+00:00", "level": "INFO", "jobId": "868d4e53-cad2-4525-8739-f132a3cecbde", "keyword": "khai trương hoành tráng", "step": "capture", "message": "Saved post_021.png (posinset=21)", "data": {"w": 0}, "seq": 32268}
{"ts": "2026-05-01T16:54:48.714599+00:00", "level": "INFO", "jobId": "868d4e53-cad2-4525-8739-f132a3cecbde", "keyword": "khai trương hoành tráng", "step": "cooldown", "message": "Cooldown 1.0s (after capture)", "data": {"w": 0}, "seq": 32269}
{"ts": "2026-05-01T16:54:49.745223+00:00", "level": "INFO", "jobId": "868d4e53-cad2-4525-8739-f132a3cecbde", "keyword": "khai trương hoành tráng", "step": "capture", "message": "Capturing posinset=22 (22/∞)…", "data": {"w": 0}, "seq": 32272}
{"ts": "2026-05-01T16:54:51.712929+00:00", "level": "INFO", "jobId": "868d4e53-cad2-4525-8739-f132a3cecbde", "keyword": "khai trương hoành tráng", "step": "capture", "message": "Saved post_022.png (posinset=22)", "data": {"w": 0}, "seq": 32276}
{"ts": "2026-05-01T16:54:51.715983+00:00", "level": "INFO", "jobId": "868d4e53-cad2-4525-8739-f132a3cecbde", "keyword": "khai trương hoành tráng", "step": "cooldown", "message": "Cooldown 1.0s (after capture)", "data": {"w": 0}, "seq": 32277}
{"ts": "2026-05-01T16:54:52.745176+00:00", "level": "INFO", "jobId": "868d4e53-cad2-4525-8739-f132a3cecbde", "keyword": "khai trương hoành tráng", "step": "heartbeat", "message": "Worker alive", "data": {"w": 0, "elapsed_s": 111}, "seq": 32280}
{"ts": "2026-05-01T16:54:52.747192+00:00", "level": "INFO", "jobId": "868d4e53-cad2-4525-8739-f132a3cecbde", "keyword": "khai trương hoành tráng", "step": "capture", "message": "Capturing posinset=23 (23/∞)…", "data": {"w": 0}, "seq": 32281}
{"ts": "2026-05-01T16:54:54.578254+00:00", "level": "INFO", "jobId": "868d4e53-cad2-4525-8739-f132a3cecbde", "keyword": "khai trương hoành tráng", "step": "capture", "message": "Saved post_023.png (posinset=23)", "data": {"w": 0}, "seq": 32283}
{"ts": "2026-05-01T16:54:54.578254+00:00", "level": "INFO", "jobId": "868d4e53-cad2-4525-8739-f132a3cecbde", "keyword": "khai trương hoành tráng", "step": "cooldown", "message": "Cooldown 1.0s (after capture)", "data": {"w": 0}, "seq": 32284}
{"ts": "2026-05-01T16:54:55.623908+00:00", "level": "INFO", "jobId": "868d4e53-cad2-4525-8739-f132a3cecbde", "keyword": "khai trương hoành tráng", "step": "capture", "message": "Capturing posinset=24 (24/∞)…", "data": {"w": 0}, "seq": 32286}
{"ts": "2026-05-01T16:54:57.534099+00:00", "level": "INFO", "jobId": "868d4e53-cad2-4525-8739-f132a3cecbde", "keyword": "khai trương hoành tráng", "step": "capture", "message": "Saved post_024.png (posinset=24)", "data": {"w": 0}, "seq": 32287}
{"ts": "2026-05-01T16:54:57.535244+00:00", "level": "INFO", "jobId": "868d4e53-cad2-4525-8739-f132a3cecbde", "keyword": "khai trương hoành tráng", "step": "cooldown", "message": "Cooldown 1.0s (after capture)", "data": {"w": 0}, "seq": 32288}
{"ts": "2026-05-01T16:54:59.237113+00:00", "level": "INFO", "jobId": "868d4e53-cad2-4525-8739-f132a3cecbde", "keyword": "khai trương hoành tráng", "step": "capture", "message": "Capturing posinset=25 (25/∞)…", "data": {"w": 0}, "seq": 32290}
{"ts": "2026-05-01T16:55:03.299572+00:00", "level": "INFO", "jobId": "868d4e53-cad2-4525-8739-f132a3cecbde", "keyword": "khai trương hoành tráng", "step": "capture", "message": "Saved post_025.png (posinset=25)", "data": {"w": 0}, "seq": 32296}
{"ts": "2026-05-01T16:55:03.301582+00:00", "level": "INFO", "jobId": "868d4e53-cad2-4525-8739-f132a3cecbde", "keyword": "khai trương hoành tráng", "step": "cooldown", "message": "Cooldown 1.0s (after capture)", "data": {"w": 0}, "seq": 32297}
{"ts": "2026-05-01T16:55:04.324895+00:00", "level": "INFO", "jobId": "868d4e53-cad2-4525-8739-f132a3cecbde", "keyword": "khai trương hoành tráng", "step": "capture", "message": "Capturing posinset=26 (26/∞)…", "data": {"w": 0}, "seq": 32298}
{"ts": "2026-05-01T16:55:07.603519+00:00", "level": "INFO", "jobId": "868d4e53-cad2-4525-8739-f132a3cecbde", "keyword": "khai trương hoành tráng", "step": "capture", "message": "Saved post_026.png (posinset=26)", "data": {"w": 0}, "seq": 32304}
{"ts": "2026-05-01T16:55:07.616600+00:00", "level": "INFO", "jobId": "868d4e53-cad2-4525-8739-f132a3cecbde", "keyword": "khai trương hoành tráng", "step": "cooldown", "message": "Cooldown 1.0s (after capture)", "data": {"w": 0}, "seq": 32306}
{"ts": "2026-05-01T16:55:08.669028+00:00", "level": "INFO", "jobId": "868d4e53-cad2-4525-8739-f132a3cecbde", "keyword": "khai trương hoành tráng", "step": "heartbeat", "message": "Worker alive", "data": {"w": 0, "elapsed_s": 127}, "seq": 32307}
{"ts": "2026-05-01T16:55:08.671029+00:00", "level": "INFO", "jobId": "868d4e53-cad2-4525-8739-f132a3cecbde", "keyword": "khai trương hoành tráng", "step": "capture", "message": "Capturing posinset=27 (27/∞)…", "data": {"w": 0}, "seq": 32308}
{"ts": "2026-05-01T16:55:11.924300+00:00", "level": "INFO", "jobId": "868d4e53-cad2-4525-8739-f132a3cecbde", "keyword": "khai trương hoành tráng", "step": "capture", "message": "Saved post_027.png (posinset=27)", "data": {"w": 0}, "seq": 32311}
{"ts": "2026-05-01T16:55:11.926809+00:00", "level": "INFO", "jobId": "868d4e53-cad2-4525-8739-f132a3cecbde", "keyword": "khai trương hoành tráng", "step": "cooldown", "message": "Cooldown 1.0s (after capture)", "data": {"w": 0}, "seq": 32312}
{"ts": "2026-05-01T16:55:12.957220+00:00", "level": "INFO", "jobId": "868d4e53-cad2-4525-8739-f132a3cecbde", "keyword": "khai trương hoành tráng", "step": "capture", "message": "Capturing posinset=28 (28/∞)…", "data": {"w": 0}, "seq": 32316}
{"ts": "2026-05-01T16:55:15.383710+00:00", "level": "INFO", "jobId": "868d4e53-cad2-4525-8739-f132a3cecbde", "keyword": "khai trương hoành tráng", "step": "capture", "message": "Saved post_028.png (posinset=28)", "data": {"w": 0}, "seq": 32318}
{"ts": "2026-05-01T16:55:15.385718+00:00", "level": "INFO", "jobId": "868d4e53-cad2-4525-8739-f132a3cecbde", "keyword": "khai trương hoành tráng", "step": "cooldown", "message": "Cooldown 1.0s (after capture)", "data": {"w": 0}, "seq": 32319}
{"ts": "2026-05-01T16:55:16.404569+00:00", "level": "INFO", "jobId": "868d4e53-cad2-4525-8739-f132a3cecbde", "keyword": "khai trương hoành tráng", "step": "capture", "message": "Capturing posinset=29 (29/∞)…", "data": {"w": 0}, "seq": 32322}
{"ts": "2026-05-01T16:55:18.185896+00:00", "level": "INFO", "jobId": "868d4e53-cad2-4525-8739-f132a3cecbde", "keyword": "khai trương hoành tráng", "step": "capture", "message": "Saved post_029.png (posinset=29)", "data": {"w": 0}, "seq": 32326}
{"ts": "2026-05-01T16:55:18.187255+00:00", "level": "INFO", "jobId": "868d4e53-cad2-4525-8739-f132a3cecbde", "keyword": "khai trương hoành tráng", "step": "cooldown", "message": "Cooldown 1.0s (after capture)", "data": {"w": 0}, "seq": 32327}
{"ts": "2026-05-01T16:55:20.162470+00:00", "level": "INFO", "jobId": "868d4e53-cad2-4525-8739-f132a3cecbde", "keyword": "khai trương hoành tráng", "step": "capture", "message": "Capturing posinset=30 (30/∞)…", "data": {"w": 0}, "seq": 32332}
{"ts": "2026-05-01T16:55:22.251608+00:00", "level": "INFO", "jobId": "868d4e53-cad2-4525-8739-f132a3cecbde", "keyword": "khai trương hoành tráng", "step": "capture", "message": "Saved post_030.png (posinset=30)", "data": {"w": 0}, "seq": 32334}
{"ts": "2026-05-01T16:55:22.254638+00:00", "level": "INFO", "jobId": "868d4e53-cad2-4525-8739-f132a3cecbde", "keyword": "khai trương hoành tráng", "step": "cooldown", "message": "Cooldown 1.0s (after capture)", "data": {"w": 0}, "seq": 32335}
{"ts": "2026-05-01T16:55:23.318834+00:00", "level": "INFO", "jobId": "868d4e53-cad2-4525-8739-f132a3cecbde", "keyword": "khai trương hoành tráng", "step": "capture", "message": "Capturing posinset=31 (31/∞)…", "data": {"w": 0}, "seq": 32336}
{"ts": "2026-05-01T16:55:26.320505+00:00", "level": "INFO", "jobId": "868d4e53-cad2-4525-8739-f132a3cecbde", "keyword": "khai trương hoành tráng", "step": "capture", "message": "Saved post_031.png (posinset=31)", "data": {"w": 0}, "seq": 32339}
{"ts": "2026-05-01T16:55:26.323502+00:00", "level": "INFO", "jobId": "868d4e53-cad2-4525-8739-f132a3cecbde", "keyword": "khai trương hoành tráng", "step": "cooldown", "message": "Cooldown 1.0s (after capture)", "data": {"w": 0}, "seq": 32340}
{"ts": "2026-05-01T16:55:27.361263+00:00", "level": "INFO", "jobId": "868d4e53-cad2-4525-8739-f132a3cecbde", "keyword": "khai trương hoành tráng", "step": "heartbeat", "message": "Worker alive", "data": {"w": 0, "elapsed_s": 146}, "seq": 32343}
{"ts": "2026-05-01T16:55:27.362765+00:00", "level": "INFO", "jobId": "868d4e53-cad2-4525-8739-f132a3cecbde", "keyword": "khai trương hoành tráng", "step": "capture", "message": "Capturing posinset=32 (32/∞)…", "data": {"w": 0}, "seq": 32344}
{"ts": "2026-05-01T16:55:29.161555+00:00", "level": "INFO", "jobId": "868d4e53-cad2-4525-8739-f132a3cecbde", "keyword": "khai trương hoành tráng", "step": "capture", "message": "Saved post_032.png (posinset=32)", "data": {"w": 0}, "seq": 32346}
{"ts": "2026-05-01T16:55:29.163555+00:00", "level": "INFO", "jobId": "868d4e53-cad2-4525-8739-f132a3cecbde", "keyword": "khai trương hoành tráng", "step": "cooldown", "message": "Cooldown 1.0s (after capture)", "data": {"w": 0}, "seq": 32347}
{"ts": "2026-05-01T16:55:30.193539+00:00", "level": "INFO", "jobId": "868d4e53-cad2-4525-8739-f132a3cecbde", "keyword": "khai trương hoành tráng", "step": "capture", "message": "Capturing posinset=33 (33/∞)…", "data": {"w": 0}, "seq": 32348}
{"ts": "2026-05-01T16:55:31.892096+00:00", "level": "INFO", "jobId": "868d4e53-cad2-4525-8739-f132a3cecbde", "keyword": "khai trương hoành tráng", "step": "capture", "message": "Saved post_033.png (posinset=33)", "data": {"w": 0}, "seq": 32352}
{"ts": "2026-05-01T16:55:31.894091+00:00", "level": "INFO", "jobId": "868d4e53-cad2-4525-8739-f132a3cecbde", "keyword": "khai trương hoành tráng", "step": "cooldown", "message": "Cooldown 1.0s (after capture)", "data": {"w": 0}, "seq": 32353}
{"ts": "2026-05-01T16:55:32.914210+00:00", "level": "INFO", "jobId": "868d4e53-cad2-4525-8739-f132a3cecbde", "keyword": "khai trương hoành tráng", "step": "capture", "message": "Capturing posinset=34 (34/∞)…", "data": {"w": 0}, "seq": 32354}
{"ts": "2026-05-01T16:55:35.283606+00:00", "level": "INFO", "jobId": "868d4e53-cad2-4525-8739-f132a3cecbde", "keyword": "khai trương hoành tráng", "step": "capture", "message": "Saved post_034.png (posinset=34)", "data": {"w": 0}, "seq": 32358}
{"ts": "2026-05-01T16:55:35.286406+00:00", "level": "INFO", "jobId": "868d4e53-cad2-4525-8739-f132a3cecbde", "keyword": "khai trương hoành tráng", "step": "cooldown", "message": "Cooldown 1.0s (after capture)", "data": {"w": 0}, "seq": 32359}
{"ts": "2026-05-01T16:55:37.264856+00:00", "level": "INFO", "jobId": "868d4e53-cad2-4525-8739-f132a3cecbde", "keyword": "khai trương hoành tráng", "step": "capture", "message": "Capturing posinset=35 (35/∞)…", "data": {"w": 0}, "seq": 32362}
{"ts": "2026-05-01T16:55:40.271165+00:00", "level": "INFO", "jobId": "868d4e53-cad2-4525-8739-f132a3cecbde", "keyword": "khai trương hoành tráng", "step": "capture", "message": "Saved post_035.png (posinset=35)", "data": {"w": 0}, "seq": 32370}
{"ts": "2026-05-01T16:55:40.273160+00:00", "level": "INFO", "jobId": "868d4e53-cad2-4525-8739-f132a3cecbde", "keyword": "khai trương hoành tráng", "step": "cooldown", "message": "Cooldown 1.0s (after capture)", "data": {"w": 0}, "seq": 32371}
{"ts": "2026-05-01T16:55:41.305282+00:00", "level": "INFO", "jobId": "868d4e53-cad2-4525-8739-f132a3cecbde", "keyword": "khai trương hoành tráng", "step": "capture", "message": "Capturing posinset=36 (36/∞)…", "data": {"w": 0}, "seq": 32374}
{"ts": "2026-05-01T16:55:43.183700+00:00", "level": "INFO", "jobId": "868d4e53-cad2-4525-8739-f132a3cecbde", "keyword": "khai trương hoành tráng", "step": "capture", "message": "Saved post_036.png (posinset=36)", "data": {"w": 0}, "seq": 32380}
{"ts": "2026-05-01T16:55:43.184360+00:00", "level": "INFO", "jobId": "868d4e53-cad2-4525-8739-f132a3cecbde", "keyword": "khai trương hoành tráng", "step": "cooldown", "message": "Cooldown 1.0s (after capture)", "data": {"w": 0}, "seq": 32381}
{"ts": "2026-05-01T16:55:44.210202+00:00", "level": "INFO", "jobId": "868d4e53-cad2-4525-8739-f132a3cecbde", "keyword": "khai trương hoành tráng", "step": "heartbeat", "message": "Worker alive", "data": {"w": 0, "elapsed_s": 162}, "seq": 32383}
{"ts": "2026-05-01T16:55:44.214661+00:00", "level": "INFO", "jobId": "868d4e53-cad2-4525-8739-f132a3cecbde", "keyword": "khai trương hoành tráng", "step": "capture", "message": "Capturing posinset=37 (37/∞)…", "data": {"w": 0}, "seq": 32384}
{"ts": "2026-05-01T16:55:46.095088+00:00", "level": "INFO", "jobId": "868d4e53-cad2-4525-8739-f132a3cecbde", "keyword": "khai trương hoành tráng", "step": "capture", "message": "Saved post_037.png (posinset=37)", "data": {"w": 0}, "seq": 32387}
{"ts": "2026-05-01T16:55:46.096561+00:00", "level": "INFO", "jobId": "868d4e53-cad2-4525-8739-f132a3cecbde", "keyword": "khai trương hoành tráng", "step": "cooldown", "message": "Cooldown 1.0s (after capture)", "data": {"w": 0}, "seq": 32388}
{"ts": "2026-05-01T16:55:47.113351+00:00", "level": "INFO", "jobId": "868d4e53-cad2-4525-8739-f132a3cecbde", "keyword": "khai trương hoành tráng", "step": "capture", "message": "Capturing posinset=38 (38/∞)…", "data": {"w": 0}, "seq": 32392}
{"ts": "2026-05-01T16:55:48.805931+00:00", "level": "INFO", "jobId": "868d4e53-cad2-4525-8739-f132a3cecbde", "keyword": "khai trương hoành tráng", "step": "capture", "message": "Saved post_038.png (posinset=38)", "data": {"w": 0}, "seq": 32396}
{"ts": "2026-05-01T16:55:48.806942+00:00", "level": "INFO", "jobId": "868d4e53-cad2-4525-8739-f132a3cecbde", "keyword": "khai trương hoành tráng", "step": "cooldown", "message": "Cooldown 1.0s (after capture)", "data": {"w": 0}, "seq": 32397}
{"ts": "2026-05-01T16:55:49.836873+00:00", "level": "INFO", "jobId": "868d4e53-cad2-4525-8739-f132a3cecbde", "keyword": "khai trương hoành tráng", "step": "capture", "message": "Capturing posinset=39 (39/∞)…", "data": {"w": 0}, "seq": 32401}
{"ts": "2026-05-01T16:55:51.403312+00:00", "level": "INFO", "jobId": "868d4e53-cad2-4525-8739-f132a3cecbde", "keyword": "khai trương hoành tráng", "step": "capture", "message": "Saved post_039.png (posinset=39)", "data": {"w": 0}, "seq": 32405}
{"ts": "2026-05-01T16:55:51.404407+00:00", "level": "INFO", "jobId": "868d4e53-cad2-4525-8739-f132a3cecbde", "keyword": "khai trương hoành tráng", "step": "cooldown", "message": "Cooldown 1.0s (after capture)", "data": {"w": 0}, "seq": 32406}
{"ts": "2026-05-01T16:55:52.434682+00:00", "level": "INFO", "jobId": "868d4e53-cad2-4525-8739-f132a3cecbde", "keyword": "khai trương hoành tráng", "step": "capture", "message": "Capturing posinset=40 (40/∞)…", "data": {"w": 0}, "seq": 32408}
{"ts": "2026-05-01T16:55:53.889764+00:00", "level": "INFO", "jobId": "868d4e53-cad2-4525-8739-f132a3cecbde", "keyword": "khai trương hoành tráng", "step": "capture", "message": "Saved post_040.png (posinset=40)", "data": {"w": 0}, "seq": 32413}
{"ts": "2026-05-01T16:55:53.890913+00:00", "level": "INFO", "jobId": "868d4e53-cad2-4525-8739-f132a3cecbde", "keyword": "khai trương hoành tráng", "step": "cooldown", "message": "Cooldown 1.0s (after capture)", "data": {"w": 0}, "seq": 32414}
{"ts": "2026-05-01T16:55:55.293272+00:00", "level": "INFO", "jobId": "868d4e53-cad2-4525-8739-f132a3cecbde", "keyword": "khai trương hoành tráng", "step": "capture", "message": "Capturing posinset=41 (41/∞)…", "data": {"w": 0}, "seq": 32418}
{"ts": "2026-05-01T16:55:58.390599+00:00", "level": "INFO", "jobId": "868d4e53-cad2-4525-8739-f132a3cecbde", "keyword": "khai trương hoành tráng", "step": "capture", "message": "Saved post_041.png (posinset=41)", "data": {"w": 0}, "seq": 32422}
{"ts": "2026-05-01T16:55:58.391599+00:00", "level": "INFO", "jobId": "868d4e53-cad2-4525-8739-f132a3cecbde", "keyword": "khai trương hoành tráng", "step": "cooldown", "message": "Cooldown 1.0s (after capture)", "data": {"w": 0}, "seq": 32423}
{"ts": "2026-05-01T16:55:59.432473+00:00", "level": "INFO", "jobId": "868d4e53-cad2-4525-8739-f132a3cecbde", "keyword": "khai trương hoành tráng", "step": "heartbeat", "message": "Worker alive", "data": {"w": 0, "elapsed_s": 178}, "seq": 32425}
{"ts": "2026-05-01T16:55:59.434699+00:00", "level": "INFO", "jobId": "868d4e53-cad2-4525-8739-f132a3cecbde", "keyword": "khai trương hoành tráng", "step": "capture", "message": "Capturing posinset=42 (42/∞)…", "data": {"w": 0}, "seq": 32426}
{"ts": "2026-05-01T16:56:02.089077+00:00", "level": "INFO", "jobId": "868d4e53-cad2-4525-8739-f132a3cecbde", "keyword": "khai trương hoành tráng", "step": "capture", "message": "Saved post_042.png (posinset=42)", "data": {"w": 0}, "seq": 32433}
{"ts": "2026-05-01T16:56:02.090165+00:00", "level": "INFO", "jobId": "868d4e53-cad2-4525-8739-f132a3cecbde", "keyword": "khai trương hoành tráng", "step": "cooldown", "message": "Cooldown 1.0s (after capture)", "data": {"w": 0}, "seq": 32434}
{"ts": "2026-05-01T16:56:03.116214+00:00", "level": "INFO", "jobId": "868d4e53-cad2-4525-8739-f132a3cecbde", "keyword": "khai trương hoành tráng", "step": "capture", "message": "Capturing posinset=43 (43/∞)…", "data": {"w": 0}, "seq": 32438}
{"ts": "2026-05-01T16:56:07.120265+00:00", "level": "INFO", "jobId": "868d4e53-cad2-4525-8739-f132a3cecbde", "keyword": "khai trương hoành tráng", "step": "capture", "message": "Saved post_043.png (posinset=43)", "data": {"w": 0}, "seq": 32444}
{"ts": "2026-05-01T16:56:07.122936+00:00", "level": "INFO", "jobId": "868d4e53-cad2-4525-8739-f132a3cecbde", "keyword": "khai trương hoành tráng", "step": "cooldown", "message": "Cooldown 1.0s (after capture)", "data": {"w": 0}, "seq": 32445}
{"ts": "2026-05-01T16:56:08.149110+00:00", "level": "INFO", "jobId": "868d4e53-cad2-4525-8739-f132a3cecbde", "keyword": "khai trương hoành tráng", "step": "capture", "message": "Capturing posinset=44 (44/∞)…", "data": {"w": 0}, "seq": 32448}
{"ts": "2026-05-01T16:56:09.878194+00:00", "level": "INFO", "jobId": "868d4e53-cad2-4525-8739-f132a3cecbde", "keyword": "khai trương hoành tráng", "step": "capture", "message": "Saved post_044.png (posinset=44)", "data": {"w": 0}, "seq": 32451}
{"ts": "2026-05-01T16:56:09.880194+00:00", "level": "INFO", "jobId": "868d4e53-cad2-4525-8739-f132a3cecbde", "keyword": "khai trương hoành tráng", "step": "cooldown", "message": "Cooldown 1.0s (after capture)", "data": {"w": 0}, "seq": 32452}
{"ts": "2026-05-01T16:56:11.018231+00:00", "level": "INFO", "jobId": "868d4e53-cad2-4525-8739-f132a3cecbde", "keyword": "khai trương hoành tráng", "step": "capture", "message": "Capturing posinset=45 (45/∞)…", "data": {"w": 0}, "seq": 32453}
{"ts": "2026-05-01T16:56:13.359573+00:00", "level": "INFO", "jobId": "868d4e53-cad2-4525-8739-f132a3cecbde", "keyword": "khai trương hoành tráng", "step": "capture", "message": "Saved post_045.png (posinset=45)", "data": {"w": 0}, "seq": 32455}
{"ts": "2026-05-01T16:56:13.361581+00:00", "level": "INFO", "jobId": "868d4e53-cad2-4525-8739-f132a3cecbde", "keyword": "khai trương hoành tráng", "step": "cooldown", "message": "Cooldown 1.0s (after capture)", "data": {"w": 0}, "seq": 32456}
{"ts": "2026-05-01T16:56:15.120654+00:00", "level": "INFO", "jobId": "868d4e53-cad2-4525-8739-f132a3cecbde", "keyword": "khai trương hoành tráng", "step": "heartbeat", "message": "Worker alive", "data": {"w": 0, "elapsed_s": 193}, "seq": 32460}
{"ts": "2026-05-01T16:56:15.122655+00:00", "level": "INFO", "jobId": "868d4e53-cad2-4525-8739-f132a3cecbde", "keyword": "khai trương hoành tráng", "step": "capture", "message": "Capturing posinset=46 (46/∞)…", "data": {"w": 0}, "seq": 32461}
{"ts": "2026-05-01T16:56:18.459636+00:00", "level": "INFO", "jobId": "868d4e53-cad2-4525-8739-f132a3cecbde", "keyword": "khai trương hoành tráng", "step": "capture", "message": "Saved post_046.png (posinset=46)", "data": {"w": 0}, "seq": 32464}
{"ts": "2026-05-01T16:56:18.465227+00:00", "level": "INFO", "jobId": "868d4e53-cad2-4525-8739-f132a3cecbde", "keyword": "khai trương hoành tráng", "step": "cooldown", "message": "Cooldown 1.0s (after capture)", "data": {"w": 0}, "seq": 32465}
{"ts": "2026-05-01T16:56:19.516806+00:00", "level": "INFO", "jobId": "868d4e53-cad2-4525-8739-f132a3cecbde", "keyword": "khai trương hoành tráng", "step": "capture", "message": "Capturing posinset=47 (47/∞)…", "data": {"w": 0}, "seq": 32468}
{"ts": "2026-05-01T16:56:22.345126+00:00", "level": "INFO", "jobId": "868d4e53-cad2-4525-8739-f132a3cecbde", "keyword": "khai trương hoành tráng", "step": "capture", "message": "Saved post_047.png (posinset=47)", "data": {"w": 0}, "seq": 32476}
{"ts": "2026-05-01T16:56:22.348847+00:00", "level": "INFO", "jobId": "868d4e53-cad2-4525-8739-f132a3cecbde", "keyword": "khai trương hoành tráng", "step": "cooldown", "message": "Cooldown 1.0s (after capture)", "data": {"w": 0}, "seq": 32477}
{"ts": "2026-05-01T16:56:23.407899+00:00", "level": "INFO", "jobId": "868d4e53-cad2-4525-8739-f132a3cecbde", "keyword": "khai trương hoành tráng", "step": "capture", "message": "Capturing posinset=48 (48/∞)…", "data": {"w": 0}, "seq": 32478}
{"ts": "2026-05-01T16:56:26.853728+00:00", "level": "INFO", "jobId": "868d4e53-cad2-4525-8739-f132a3cecbde", "keyword": "khai trương hoành tráng", "step": "capture", "message": "Saved post_048.png (posinset=48)", "data": {"w": 0}, "seq": 32481}
{"ts": "2026-05-01T16:56:26.854729+00:00", "level": "INFO", "jobId": "868d4e53-cad2-4525-8739-f132a3cecbde", "keyword": "khai trương hoành tráng", "step": "cooldown", "message": "Cooldown 1.0s (after capture)", "data": {"w": 0}, "seq": 32482}
{"ts": "2026-05-01T16:56:27.890806+00:00", "level": "INFO", "jobId": "868d4e53-cad2-4525-8739-f132a3cecbde", "keyword": "khai trương hoành tráng", "step": "capture", "message": "Capturing posinset=49 (49/∞)…", "data": {"w": 0}, "seq": 32484}
{"ts": "2026-05-01T16:56:30.490784+00:00", "level": "INFO", "jobId": "868d4e53-cad2-4525-8739-f132a3cecbde", "keyword": "khai trương hoành tráng", "step": "capture", "message": "Saved post_049.png (posinset=49)", "data": {"w": 0}, "seq": 32489}
{"ts": "2026-05-01T16:56:30.495115+00:00", "level": "INFO", "jobId": "868d4e53-cad2-4525-8739-f132a3cecbde", "keyword": "khai trương hoành tráng", "step": "cooldown", "message": "Cooldown 1.0s (after capture)", "data": {"w": 0}, "seq": 32490}
{"ts": "2026-05-01T16:56:31.531883+00:00", "level": "INFO", "jobId": "868d4e53-cad2-4525-8739-f132a3cecbde", "keyword": "khai trương hoành tráng", "step": "heartbeat", "message": "Worker alive", "data": {"w": 0, "elapsed_s": 210}, "seq": 32493}
{"ts": "2026-05-01T16:56:31.535168+00:00", "level": "INFO", "jobId": "868d4e53-cad2-4525-8739-f132a3cecbde", "keyword": "khai trương hoành tráng", "step": "capture", "message": "Capturing posinset=50 (50/∞)…", "data": {"w": 0}, "seq": 32494}
{"ts": "2026-05-01T16:56:36.375094+00:00", "level": "INFO", "jobId": "868d4e53-cad2-4525-8739-f132a3cecbde", "keyword": "khai trương hoành tráng", "step": "capture", "message": "Saved post_050.png (posinset=50)", "data": {"w": 0}, "seq": 32499}
{"ts": "2026-05-01T16:56:36.386482+00:00", "level": "INFO", "jobId": "868d4e53-cad2-4525-8739-f132a3cecbde", "keyword": "khai trương hoành tráng", "step": "cooldown", "message": "Cooldown 1.0s (after capture)", "data": {"w": 0}, "seq": 32500}
{"ts": "2026-05-01T16:56:37.431078+00:00", "level": "INFO", "jobId": "868d4e53-cad2-4525-8739-f132a3cecbde", "keyword": "khai trương hoành tráng", "step": "capture", "message": "Capturing posinset=51 (51/∞)…", "data": {"w": 0}, "seq": 32501}
{"ts": "2026-05-01T16:56:38.918793+00:00", "level": "INFO", "jobId": "868d4e53-cad2-4525-8739-f132a3cecbde", "keyword": "khai trương hoành tráng", "step": "capture", "message": "Capturing posinset=51 (51/∞)…", "data": {"w": 0}, "seq": 32503}
{"ts": "2026-05-01T16:56:40.486100+00:00", "level": "INFO", "jobId": "868d4e53-cad2-4525-8739-f132a3cecbde", "keyword": "khai trương hoành tráng", "step": "capture", "message": "Capturing posinset=51 (51/∞)…", "data": {"w": 0}, "seq": 32507}
{"ts": "2026-05-01T16:56:43.675197+00:00", "level": "INFO", "jobId": "868d4e53-cad2-4525-8739-f132a3cecbde", "keyword": "khai trương hoành tráng", "step": "capture", "message": "Capturing posinset=51 (51/∞)…", "data": {"w": 0}, "seq": 32510}
{"ts": "2026-05-01T16:56:45.426402+00:00", "level": "INFO", "jobId": "868d4e53-cad2-4525-8739-f132a3cecbde", "keyword": "khai trương hoành tráng", "step": "capture", "message": "Saved post_051.png (posinset=51)", "data": {"w": 0}, "seq": 32512}
{"ts": "2026-05-01T16:56:45.429208+00:00", "level": "INFO", "jobId": "868d4e53-cad2-4525-8739-f132a3cecbde", "keyword": "khai trương hoành tráng", "step": "cooldown", "message": "Cooldown 1.0s (after capture)", "data": {"w": 0}, "seq": 32513}
{"ts": "2026-05-01T16:56:46.470326+00:00", "level": "INFO", "jobId": "868d4e53-cad2-4525-8739-f132a3cecbde", "keyword": "khai trương hoành tráng", "step": "capture", "message": "Capturing posinset=52 (52/∞)…", "data": {"w": 0}, "seq": 32516}
{"ts": "2026-05-01T16:56:48.969708+00:00", "level": "INFO", "jobId": "868d4e53-cad2-4525-8739-f132a3cecbde", "keyword": "khai trương hoành tráng", "step": "capture", "message": "Saved post_052.png (posinset=52)", "data": {"w": 0}, "seq": 32522}
{"ts": "2026-05-01T16:56:48.971716+00:00", "level": "INFO", "jobId": "868d4e53-cad2-4525-8739-f132a3cecbde", "keyword": "khai trương hoành tráng", "step": "cooldown", "message": "Cooldown 1.0s (after capture)", "data": {"w": 0}, "seq": 32523}
{"ts": "2026-05-01T16:56:49.997128+00:00", "level": "INFO", "jobId": "868d4e53-cad2-4525-8739-f132a3cecbde", "keyword": "khai trương hoành tráng", "step": "heartbeat", "message": "Worker alive", "data": {"w": 0, "elapsed_s": 228}, "seq": 32526}
{"ts": "2026-05-01T16:56:49.998128+00:00", "level": "INFO", "jobId": "868d4e53-cad2-4525-8739-f132a3cecbde", "keyword": "khai trương hoành tráng", "step": "capture", "message": "Capturing posinset=53 (53/∞)…", "data": {"w": 0}, "seq": 32527}
{"ts": "2026-05-01T16:56:54.286554+00:00", "level": "INFO", "jobId": "868d4e53-cad2-4525-8739-f132a3cecbde", "keyword": "khai trương hoành tráng", "step": "capture", "message": "Saved post_053.png (posinset=53)", "data": {"w": 0}, "seq": 32533}
{"ts": "2026-05-01T16:56:54.287554+00:00", "level": "INFO", "jobId": "868d4e53-cad2-4525-8739-f132a3cecbde", "keyword": "khai trương hoành tráng", "step": "cooldown", "message": "Cooldown 1.0s (after capture)", "data": {"w": 0}, "seq": 32534}
{"ts": "2026-05-01T16:56:55.321954+00:00", "level": "INFO", "jobId": "868d4e53-cad2-4525-8739-f132a3cecbde", "keyword": "khai trương hoành tráng", "step": "capture", "message": "Capturing posinset=54 (54/∞)…", "data": {"w": 0}, "seq": 32535}
{"ts": "2026-05-01T16:56:57.899899+00:00", "level": "INFO", "jobId": "868d4e53-cad2-4525-8739-f132a3cecbde", "keyword": "khai trương hoành tráng", "step": "capture", "message": "Saved post_054.png (posinset=54)", "data": {"w": 0}, "seq": 32539}
{"ts": "2026-05-01T16:56:57.901908+00:00", "level": "INFO", "jobId": "868d4e53-cad2-4525-8739-f132a3cecbde", "keyword": "khai trương hoành tráng", "step": "cooldown", "message": "Cooldown 1.0s (after capture)", "data": {"w": 0}, "seq": 32540}
{"ts": "2026-05-01T16:56:59.739578+00:00", "level": "INFO", "jobId": "868d4e53-cad2-4525-8739-f132a3cecbde", "keyword": "khai trương hoành tráng", "step": "capture", "message": "Capturing posinset=55 (55/∞)…", "data": {"w": 0}, "seq": 32544}
{"ts": "2026-05-01T16:57:05.887562+00:00", "level": "INFO", "jobId": "868d4e53-cad2-4525-8739-f132a3cecbde", "keyword": "khai trương hoành tráng", "step": "capture", "message": "Saved post_055.png (posinset=55)", "data": {"w": 0}, "seq": 32549}
{"ts": "2026-05-01T16:57:05.887562+00:00", "level": "INFO", "jobId": "868d4e53-cad2-4525-8739-f132a3cecbde", "keyword": "khai trương hoành tráng", "step": "cooldown", "message": "Cooldown 1.0s (after capture)", "data": {"w": 0}, "seq": 32550}
{"ts": "2026-05-01T16:57:06.921074+00:00", "level": "INFO", "jobId": "868d4e53-cad2-4525-8739-f132a3cecbde", "keyword": "khai trương hoành tráng", "step": "heartbeat", "message": "Worker alive", "data": {"w": 0, "elapsed_s": 245}, "seq": 32551}
{"ts": "2026-05-01T16:57:06.923873+00:00", "level": "INFO", "jobId": "868d4e53-cad2-4525-8739-f132a3cecbde", "keyword": "khai trương hoành tráng", "step": "capture", "message": "Capturing posinset=56 (56/∞)…", "data": {"w": 0}, "seq": 32552}
{"ts": "2026-05-01T16:57:09.067402+00:00", "level": "INFO", "jobId": "868d4e53-cad2-4525-8739-f132a3cecbde", "keyword": "khai trương hoành tráng", "step": "capture", "message": "Saved post_056.png (posinset=56)", "data": {"w": 0}, "seq": 32557}
{"ts": "2026-05-01T16:57:09.069410+00:00", "level": "INFO", "jobId": "868d4e53-cad2-4525-8739-f132a3cecbde", "keyword": "khai trương hoành tráng", "step": "cooldown", "message": "Cooldown 1.0s (after capture)", "data": {"w": 0}, "seq": 32558}
{"ts": "2026-05-01T16:57:10.097542+00:00", "level": "INFO", "jobId": "868d4e53-cad2-4525-8739-f132a3cecbde", "keyword": "khai trương hoành tráng", "step": "capture", "message": "Capturing posinset=57 (57/∞)…", "data": {"w": 0}, "seq": 32559}
{"ts": "2026-05-01T16:57:12.300305+00:00", "level": "INFO", "jobId": "868d4e53-cad2-4525-8739-f132a3cecbde", "keyword": "khai trương hoành tráng", "step": "capture", "message": "Saved post_057.png (posinset=57)", "data": {"w": 0}, "seq": 32562}
{"ts": "2026-05-01T16:57:12.301395+00:00", "level": "INFO", "jobId": "868d4e53-cad2-4525-8739-f132a3cecbde", "keyword": "khai trương hoành tráng", "step": "cooldown", "message": "Cooldown 1.0s (after capture)", "data": {"w": 0}, "seq": 32563}
{"ts": "2026-05-01T16:57:13.351804+00:00", "level": "INFO", "jobId": "868d4e53-cad2-4525-8739-f132a3cecbde", "keyword": "khai trương hoành tráng", "step": "capture", "message": "Capturing posinset=58 (58/∞)…", "data": {"w": 0}, "seq": 32565}
{"ts": "2026-05-01T16:57:18.897871+00:00", "level": "INFO", "jobId": "868d4e53-cad2-4525-8739-f132a3cecbde", "keyword": "khai trương hoành tráng", "step": "capture", "message": "Saved post_058.png (posinset=58)", "data": {"w": 0}, "seq": 32569}
{"ts": "2026-05-01T16:57:18.899880+00:00", "level": "INFO", "jobId": "868d4e53-cad2-4525-8739-f132a3cecbde", "keyword": "khai trương hoành tráng", "step": "cooldown", "message": "Cooldown 1.0s (after capture)", "data": {"w": 0}, "seq": 32570}
{"ts": "2026-05-01T16:57:19.944043+00:00", "level": "INFO", "jobId": "868d4e53-cad2-4525-8739-f132a3cecbde", "keyword": "khai trương hoành tráng", "step": "capture", "message": "Capturing posinset=59 (59/∞)…", "data": {"w": 0}, "seq": 32571}
{"ts": "2026-05-01T16:57:21.950100+00:00", "level": "INFO", "jobId": "868d4e53-cad2-4525-8739-f132a3cecbde", "keyword": "khai trương hoành tráng", "step": "capture", "message": "Saved post_059.png (posinset=59)", "data": {"w": 0}, "seq": 32576}
{"ts": "2026-05-01T16:57:21.954380+00:00", "level": "INFO", "jobId": "868d4e53-cad2-4525-8739-f132a3cecbde", "keyword": "khai trương hoành tráng", "step": "cooldown", "message": "Cooldown 1.0s (after capture)", "data": {"w": 0}, "seq": 32577}
{"ts": "2026-05-01T16:57:23.101434+00:00", "level": "INFO", "jobId": "868d4e53-cad2-4525-8739-f132a3cecbde", "keyword": "khai trương hoành tráng", "step": "heartbeat", "message": "Worker alive", "data": {"w": 0, "elapsed_s": 261}, "seq": 32581}
{"ts": "2026-05-01T16:57:23.103434+00:00", "level": "INFO", "jobId": "868d4e53-cad2-4525-8739-f132a3cecbde", "keyword": "khai trương hoành tráng", "step": "capture", "message": "Capturing posinset=60 (60/∞)…", "data": {"w": 0}, "seq": 32582}
{"ts": "2026-05-01T16:57:26.429925+00:00", "level": "INFO", "jobId": "868d4e53-cad2-4525-8739-f132a3cecbde", "keyword": "khai trương hoành tráng", "step": "capture", "message": "Saved post_060.png (posinset=60)", "data": {"w": 0}, "seq": 32583}
{"ts": "2026-05-01T16:57:26.431933+00:00", "level": "INFO", "jobId": "868d4e53-cad2-4525-8739-f132a3cecbde", "keyword": "khai trương hoành tráng", "step": "cooldown", "message": "Cooldown 1.0s (after capture)", "data": {"w": 0}, "seq": 32586}
{"ts": "2026-05-01T16:57:27.494315+00:00", "level": "INFO", "jobId": "868d4e53-cad2-4525-8739-f132a3cecbde", "keyword": "khai trương hoành tráng", "step": "capture", "message": "Capturing posinset=61 (61/∞)…", "data": {"w": 0}, "seq": 32589}
{"ts": "2026-05-01T16:57:32.846191+00:00", "level": "INFO", "jobId": "868d4e53-cad2-4525-8739-f132a3cecbde", "keyword": "khai trương hoành tráng", "step": "capture", "message": "Capturing posinset=61 (61/∞)…", "data": {"w": 0}, "seq": 32592}
{"ts": "2026-05-01T16:57:35.736938+00:00", "level": "INFO", "jobId": "868d4e53-cad2-4525-8739-f132a3cecbde", "keyword": "khai trương hoành tráng", "step": "capture", "message": "Saved post_061.png (posinset=61)", "data": {"w": 0}, "seq": 32594}
{"ts": "2026-05-01T16:57:35.739128+00:00", "level": "INFO", "jobId": "868d4e53-cad2-4525-8739-f132a3cecbde", "keyword": "khai trương hoành tráng", "step": "cooldown", "message": "Cooldown 1.0s (after capture)", "data": {"w": 0}, "seq": 32595}
{"ts": "2026-05-01T16:57:36.784130+00:00", "level": "INFO", "jobId": "868d4e53-cad2-4525-8739-f132a3cecbde", "keyword": "khai trương hoành tráng", "step": "capture", "message": "Capturing posinset=62 (62/∞)…", "data": {"w": 0}, "seq": 32596}
{"ts": "2026-05-01T16:57:39.497676+00:00", "level": "INFO", "jobId": "868d4e53-cad2-4525-8739-f132a3cecbde", "keyword": "khai trương hoành tráng", "step": "capture", "message": "Saved post_062.png (posinset=62)", "data": {"w": 0}, "seq": 32599}
{"ts": "2026-05-01T16:57:39.500169+00:00", "level": "INFO", "jobId": "868d4e53-cad2-4525-8739-f132a3cecbde", "keyword": "khai trương hoành tráng", "step": "cooldown", "message": "Cooldown 1.0s (after capture)", "data": {"w": 0}, "seq": 32600}
{"ts": "2026-05-01T16:57:40.539150+00:00", "level": "INFO", "jobId": "868d4e53-cad2-4525-8739-f132a3cecbde", "keyword": "khai trương hoành tráng", "step": "heartbeat", "message": "Worker alive", "data": {"w": 0, "elapsed_s": 279}, "seq": 32605}
{"ts": "2026-05-01T16:57:40.541440+00:00", "level": "INFO", "jobId": "868d4e53-cad2-4525-8739-f132a3cecbde", "keyword": "khai trương hoành tráng", "step": "capture", "message": "Capturing posinset=63 (63/∞)…", "data": {"w": 0}, "seq": 32606}
{"ts": "2026-05-01T16:57:45.970839+00:00", "level": "INFO", "jobId": "868d4e53-cad2-4525-8739-f132a3cecbde", "keyword": "khai trương hoành tráng", "step": "capture", "message": "Saved post_063.png (posinset=63)", "data": {"w": 0}, "seq": 32610}
{"ts": "2026-05-01T16:57:45.972016+00:00", "level": "INFO", "jobId": "868d4e53-cad2-4525-8739-f132a3cecbde", "keyword": "khai trương hoành tráng", "step": "cooldown", "message": "Cooldown 1.0s (after capture)", "data": {"w": 0}, "seq": 32611}
{"ts": "2026-05-01T16:57:47.015795+00:00", "level": "INFO", "jobId": "868d4e53-cad2-4525-8739-f132a3cecbde", "keyword": "khai trương hoành tráng", "step": "capture", "message": "Capturing posinset=64 (64/∞)…", "data": {"w": 0}, "seq": 32613}
{"ts": "2026-05-01T16:57:54.028078+00:00", "level": "INFO", "jobId": "868d4e53-cad2-4525-8739-f132a3cecbde", "keyword": "khai trương hoành tráng", "step": "capture", "message": "Saved post_064.png (posinset=64)", "data": {"w": 0}, "seq": 32619}
{"ts": "2026-05-01T16:57:54.039592+00:00", "level": "INFO", "jobId": "868d4e53-cad2-4525-8739-f132a3cecbde", "keyword": "khai trương hoành tráng", "step": "cooldown", "message": "Cooldown 1.0s (after capture)", "data": {"w": 0}, "seq": 32620}
{"ts": "2026-05-01T16:57:55.253624+00:00", "level": "INFO", "jobId": "868d4e53-cad2-4525-8739-f132a3cecbde", "keyword": "khai trương hoành tráng", "step": "capture", "message": "Capturing posinset=65 (65/∞)…", "data": {"w": 0}, "seq": 32621}
{"ts": "2026-05-01T16:57:57.464688+00:00", "level": "INFO", "jobId": "868d4e53-cad2-4525-8739-f132a3cecbde", "keyword": "khai trương hoành tráng", "step": "capture", "message": "Saved post_065.png (posinset=65)", "data": {"w": 0}, "seq": 32622}
{"ts": "2026-05-01T16:57:57.466898+00:00", "level": "INFO", "jobId": "868d4e53-cad2-4525-8739-f132a3cecbde", "keyword": "khai trương hoành tráng", "step": "cooldown", "message": "Cooldown 1.0s (after capture)", "data": {"w": 0}, "seq": 32623}
{"ts": "2026-05-01T16:57:58.960865+00:00", "level": "INFO", "jobId": "868d4e53-cad2-4525-8739-f132a3cecbde", "keyword": "khai trương hoành tráng", "step": "heartbeat", "message": "Worker alive", "data": {"w": 0, "elapsed_s": 297}, "seq": 32626}
{"ts": "2026-05-01T16:57:58.962740+00:00", "level": "INFO", "jobId": "868d4e53-cad2-4525-8739-f132a3cecbde", "keyword": "khai trương hoành tráng", "step": "capture", "message": "Capturing posinset=66 (66/∞)…", "data": {"w": 0}, "seq": 32627}
{"ts": "2026-05-01T16:58:03.266630+00:00", "level": "INFO", "jobId": "868d4e53-cad2-4525-8739-f132a3cecbde", "keyword": "khai trương hoành tráng", "step": "capture", "message": "Saved post_066.png (posinset=66)", "data": {"w": 0}, "seq": 32633}
{"ts": "2026-05-01T16:58:03.278635+00:00", "level": "INFO", "jobId": "868d4e53-cad2-4525-8739-f132a3cecbde", "keyword": "khai trương hoành tráng", "step": "cooldown", "message": "Cooldown 1.0s (after capture)", "data": {"w": 0}, "seq": 32634}
{"ts": "2026-05-01T16:58:04.333136+00:00", "level": "INFO", "jobId": "868d4e53-cad2-4525-8739-f132a3cecbde", "keyword": "khai trương hoành tráng", "step": "capture", "message": "Capturing posinset=67 (67/∞)…", "data": {"w": 0}, "seq": 32636}
{"ts": "2026-05-01T16:58:06.643800+00:00", "level": "INFO", "jobId": "868d4e53-cad2-4525-8739-f132a3cecbde", "keyword": "khai trương hoành tráng", "step": "capture", "message": "Saved post_067.png (posinset=67)", "data": {"w": 0}, "seq": 32639}
{"ts": "2026-05-01T16:58:06.645128+00:00", "level": "INFO", "jobId": "868d4e53-cad2-4525-8739-f132a3cecbde", "keyword": "khai trương hoành tráng", "step": "cooldown", "message": "Cooldown 1.0s (after capture)", "data": {"w": 0}, "seq": 32640}
{"ts": "2026-05-01T16:58:07.682687+00:00", "level": "INFO", "jobId": "868d4e53-cad2-4525-8739-f132a3cecbde", "keyword": "khai trương hoành tráng", "step": "capture", "message": "Capturing posinset=68 (68/∞)…", "data": {"w": 0}, "seq": 32645}
{"ts": "2026-05-01T16:58:10.085935+00:00", "level": "INFO", "jobId": "868d4e53-cad2-4525-8739-f132a3cecbde", "keyword": "khai trương hoành tráng", "step": "capture", "message": "Saved post_068.png (posinset=68)", "data": {"w": 0}, "seq": 32649}
{"ts": "2026-05-01T16:58:10.087941+00:00", "level": "INFO", "jobId": "868d4e53-cad2-4525-8739-f132a3cecbde", "keyword": "khai trương hoành tráng", "step": "cooldown", "message": "Cooldown 1.0s (after capture)", "data": {"w": 0}, "seq": 32650}
{"ts": "2026-05-01T16:58:11.225596+00:00", "level": "INFO", "jobId": "868d4e53-cad2-4525-8739-f132a3cecbde", "keyword": "khai trương hoành tráng", "step": "capture", "message": "Capturing posinset=69 (69/∞)…", "data": {"w": 0}, "seq": 32652}
{"ts": "2026-05-01T16:58:17.919025+00:00", "level": "INFO", "jobId": "868d4e53-cad2-4525-8739-f132a3cecbde", "keyword": "khai trương hoành tráng", "step": "capture", "message": "Saved post_069.png (posinset=69)", "data": {"w": 0}, "seq": 32659}
{"ts": "2026-05-01T16:58:17.921037+00:00", "level": "INFO", "jobId": "868d4e53-cad2-4525-8739-f132a3cecbde", "keyword": "khai trương hoành tráng", "step": "cooldown", "message": "Cooldown 1.0s (after capture)", "data": {"w": 0}, "seq": 32660}
{"ts": "2026-05-01T16:58:18.988363+00:00", "level": "INFO", "jobId": "868d4e53-cad2-4525-8739-f132a3cecbde", "keyword": "khai trương hoành tráng", "step": "heartbeat", "message": "Worker alive", "data": {"w": 0, "elapsed_s": 317}, "seq": 32661}
{"ts": "2026-05-01T16:58:18.990441+00:00", "level": "INFO", "jobId": "868d4e53-cad2-4525-8739-f132a3cecbde", "keyword": "khai trương hoành tráng", "step": "capture", "message": "Capturing posinset=70 (70/∞)…", "data": {"w": 0}, "seq": 32662}
{"ts": "2026-05-01T16:58:21.550052+00:00", "level": "INFO", "jobId": "868d4e53-cad2-4525-8739-f132a3cecbde", "keyword": "khai trương hoành tráng", "step": "capture", "message": "Saved post_070.png (posinset=70)", "data": {"w": 0}, "seq": 32666}
{"ts": "2026-05-01T16:58:21.556082+00:00", "level": "INFO", "jobId": "868d4e53-cad2-4525-8739-f132a3cecbde", "keyword": "khai trương hoành tráng", "step": "cooldown", "message": "Cooldown 1.0s (after capture)", "data": {"w": 0}, "seq": 32667}
{"ts": "2026-05-01T16:58:22.589960+00:00", "level": "INFO", "jobId": "868d4e53-cad2-4525-8739-f132a3cecbde", "keyword": "khai trương hoành tráng", "step": "capture", "message": "Capturing posinset=71 (71/∞)…", "data": {"w": 0}, "seq": 32668}
{"ts": "2026-05-01T16:58:24.454629+00:00", "level": "INFO", "jobId": "868d4e53-cad2-4525-8739-f132a3cecbde", "keyword": "khai trương hoành tráng", "step": "capture", "message": "Capturing posinset=71 (71/∞)…", "data": {"w": 0}, "seq": 32671}
{"ts": "2026-05-01T16:58:28.386810+00:00", "level": "INFO", "jobId": "868d4e53-cad2-4525-8739-f132a3cecbde", "keyword": "khai trương hoành tráng", "step": "capture", "message": "Capturing posinset=71 (71/∞)…", "data": {"w": 0}, "seq": 32674}
{"ts": "2026-05-01T16:58:31.815250+00:00", "level": "INFO", "jobId": "868d4e53-cad2-4525-8739-f132a3cecbde", "keyword": "khai trương hoành tráng", "step": "capture", "message": "Saved post_071.png (posinset=71)", "data": {"w": 0}, "seq": 32680}
{"ts": "2026-05-01T16:58:31.817249+00:00", "level": "INFO", "jobId": "868d4e53-cad2-4525-8739-f132a3cecbde", "keyword": "khai trương hoành tráng", "step": "cooldown", "message": "Cooldown 1.0s (after capture)", "data": {"w": 0}, "seq": 32681}
{"ts": "2026-05-01T16:58:32.902986+00:00", "level": "INFO", "jobId": "868d4e53-cad2-4525-8739-f132a3cecbde", "keyword": "khai trương hoành tráng", "step": "capture", "message": "Capturing posinset=72 (72/∞)…", "data": {"w": 0}, "seq": 32684}
{"ts": "2026-05-01T16:58:36.555735+00:00", "level": "INFO", "jobId": "868d4e53-cad2-4525-8739-f132a3cecbde", "keyword": "khai trương hoành tráng", "step": "capture", "message": "Saved post_072.png (posinset=72)", "data": {"w": 0}, "seq": 32688}
{"ts": "2026-05-01T16:58:36.557737+00:00", "level": "INFO", "jobId": "868d4e53-cad2-4525-8739-f132a3cecbde", "keyword": "khai trương hoành tráng", "step": "cooldown", "message": "Cooldown 1.0s (after capture)", "data": {"w": 0}, "seq": 32689}
{"ts": "2026-05-01T16:58:37.593254+00:00", "level": "INFO", "jobId": "868d4e53-cad2-4525-8739-f132a3cecbde", "keyword": "khai trương hoành tráng", "step": "heartbeat", "message": "Worker alive", "data": {"w": 0, "elapsed_s": 336}, "seq": 32690}
{"ts": "2026-05-01T16:58:37.593254+00:00", "level": "INFO", "jobId": "868d4e53-cad2-4525-8739-f132a3cecbde", "keyword": "khai trương hoành tráng", "step": "capture", "message": "Capturing posinset=73 (73/∞)…", "data": {"w": 0}, "seq": 32691}
{"ts": "2026-05-01T16:58:43.860820+00:00", "level": "INFO", "jobId": "868d4e53-cad2-4525-8739-f132a3cecbde", "keyword": "khai trương hoành tráng", "step": "capture", "message": "Saved post_073.png (posinset=73)", "data": {"w": 0}, "seq": 32696}
{"ts": "2026-05-01T16:58:43.870160+00:00", "level": "INFO", "jobId": "868d4e53-cad2-4525-8739-f132a3cecbde", "keyword": "khai trương hoành tráng", "step": "cooldown", "message": "Cooldown 1.0s (after capture)", "data": {"w": 0}, "seq": 32697}
{"ts": "2026-05-01T16:58:44.923960+00:00", "level": "INFO", "jobId": "868d4e53-cad2-4525-8739-f132a3cecbde", "keyword": "khai trương hoành tráng", "step": "capture", "message": "Capturing posinset=74 (74/∞)…", "data": {"w": 0}, "seq": 32699}
{"ts": "2026-05-01T16:58:47.221976+00:00", "level": "INFO", "jobId": "868d4e53-cad2-4525-8739-f132a3cecbde", "keyword": "khai trương hoành tráng", "step": "capture", "message": "Saved post_074.png (posinset=74)", "data": {"w": 0}, "seq": 32703}
{"ts": "2026-05-01T16:58:47.223983+00:00", "level": "INFO", "jobId": "868d4e53-cad2-4525-8739-f132a3cecbde", "keyword": "khai trương hoành tráng", "step": "cooldown", "message": "Cooldown 1.0s (after capture)", "data": {"w": 0}, "seq": 32704}
{"ts": "2026-05-01T16:58:48.265467+00:00", "level": "INFO", "jobId": "868d4e53-cad2-4525-8739-f132a3cecbde", "keyword": "khai trương hoành tráng", "step": "capture", "message": "Capturing posinset=75 (75/∞)…", "data": {"w": 0}, "seq": 32708}
{"ts": "2026-05-01T16:58:51.933793+00:00", "level": "INFO", "jobId": "868d4e53-cad2-4525-8739-f132a3cecbde", "keyword": "khai trương hoành tráng", "step": "capture", "message": "Saved post_075.png (posinset=75)", "data": {"w": 0}, "seq": 32710}
{"ts": "2026-05-01T16:58:51.935802+00:00", "level": "INFO", "jobId": "868d4e53-cad2-4525-8739-f132a3cecbde", "keyword": "khai trương hoành tráng", "step": "cooldown", "message": "Cooldown 1.0s (after capture)", "data": {"w": 0}, "seq": 32711}
{"ts": "2026-05-01T16:58:53.104871+00:00", "level": "INFO", "jobId": "868d4e53-cad2-4525-8739-f132a3cecbde", "keyword": "khai trương hoành tráng", "step": "heartbeat", "message": "Worker alive", "data": {"w": 0, "elapsed_s": 351}, "seq": 32714}
{"ts": "2026-05-01T16:58:53.107870+00:00", "level": "INFO", "jobId": "868d4e53-cad2-4525-8739-f132a3cecbde", "keyword": "khai trương hoành tráng", "step": "capture", "message": "Capturing posinset=76 (76/∞)…", "data": {"w": 0}, "seq": 32715}
{"ts": "2026-05-01T16:58:55.285637+00:00", "level": "INFO", "jobId": "868d4e53-cad2-4525-8739-f132a3cecbde", "keyword": "khai trương hoành tráng", "step": "capture", "message": "Saved post_076.png (posinset=76)", "data": {"w": 0}, "seq": 32720}
{"ts": "2026-05-01T16:58:55.293427+00:00", "level": "INFO", "jobId": "868d4e53-cad2-4525-8739-f132a3cecbde", "keyword": "khai trương hoành tráng", "step": "cooldown", "message": "Cooldown 1.0s (after capture)", "data": {"w": 0}, "seq": 32721}
{"ts": "2026-05-01T16:58:56.340079+00:00", "level": "INFO", "jobId": "868d4e53-cad2-4525-8739-f132a3cecbde", "keyword": "khai trương hoành tráng", "step": "capture", "message": "Capturing posinset=77 (77/∞)…", "data": {"w": 0}, "seq": 32722}
{"ts": "2026-05-01T16:58:58.276314+00:00", "level": "INFO", "jobId": "868d4e53-cad2-4525-8739-f132a3cecbde", "keyword": "khai trương hoành tráng", "step": "capture", "message": "Saved post_077.png (posinset=77)", "data": {"w": 0}, "seq": 32730}
{"ts": "2026-05-01T16:58:58.278550+00:00", "level": "INFO", "jobId": "868d4e53-cad2-4525-8739-f132a3cecbde", "keyword": "khai trương hoành tráng", "step": "cooldown", "message": "Cooldown 1.0s (after capture)", "data": {"w": 0}, "seq": 32731}
{"ts": "2026-05-01T16:58:59.341091+00:00", "level": "INFO", "jobId": "868d4e53-cad2-4525-8739-f132a3cecbde", "keyword": "khai trương hoành tráng", "step": "capture", "message": "Capturing posinset=78 (78/∞)…", "data": {"w": 0}, "seq": 32732}
{"ts": "2026-05-01T16:59:01.370066+00:00", "level": "INFO", "jobId": "868d4e53-cad2-4525-8739-f132a3cecbde", "keyword": "khai trương hoành tráng", "step": "capture", "message": "Saved post_078.png (posinset=78)", "data": {"w": 0}, "seq": 32738}
{"ts": "2026-05-01T16:59:01.371483+00:00", "level": "INFO", "jobId": "868d4e53-cad2-4525-8739-f132a3cecbde", "keyword": "khai trương hoành tráng", "step": "cooldown", "message": "Cooldown 1.0s (after capture)", "data": {"w": 0}, "seq": 32739}
{"ts": "2026-05-01T16:59:02.428915+00:00", "level": "INFO", "jobId": "868d4e53-cad2-4525-8739-f132a3cecbde", "keyword": "khai trương hoành tráng", "step": "capture", "message": "Capturing posinset=79 (79/∞)…", "data": {"w": 0}, "seq": 32741}
{"ts": "2026-05-01T16:59:04.522008+00:00", "level": "INFO", "jobId": "868d4e53-cad2-4525-8739-f132a3cecbde", "keyword": "khai trương hoành tráng", "step": "capture", "message": "Saved post_079.png (posinset=79)", "data": {"w": 0}, "seq": 32744}
{"ts": "2026-05-01T16:59:04.523953+00:00", "level": "INFO", "jobId": "868d4e53-cad2-4525-8739-f132a3cecbde", "keyword": "khai trương hoành tráng", "step": "cooldown", "message": "Cooldown 1.0s (after capture)", "data": {"w": 0}, "seq": 32745}
{"ts": "2026-05-01T16:59:05.575474+00:00", "level": "INFO", "jobId": "868d4e53-cad2-4525-8739-f132a3cecbde", "keyword": "khai trương hoành tráng", "step": "capture", "message": "Capturing posinset=80 (80/∞)…", "data": {"w": 0}, "seq": 32746}
{"ts": "2026-05-01T16:59:10.882098+00:00", "level": "INFO", "jobId": "868d4e53-cad2-4525-8739-f132a3cecbde", "keyword": "khai trương hoành tráng", "step": "capture", "message": "Saved post_080.png (posinset=80)", "data": {"w": 0}, "seq": 32755}
{"ts": "2026-05-01T16:59:10.885641+00:00", "level": "INFO", "jobId": "868d4e53-cad2-4525-8739-f132a3cecbde", "keyword": "khai trương hoành tráng", "step": "cooldown", "message": "Cooldown 1.0s (after capture)", "data": {"w": 0}, "seq": 32756}
{"ts": "2026-05-01T16:59:11.917900+00:00", "level": "INFO", "jobId": "868d4e53-cad2-4525-8739-f132a3cecbde", "keyword": "khai trương hoành tráng", "step": "heartbeat", "message": "Worker alive", "data": {"w": 0, "elapsed_s": 370}, "seq": 32758}
{"ts": "2026-05-01T16:59:11.917900+00:00", "level": "INFO", "jobId": "868d4e53-cad2-4525-8739-f132a3cecbde", "keyword": "khai trương hoành tráng", "step": "capture", "message": "Capturing posinset=81 (81/∞)…", "data": {"w": 0}, "seq": 32759}
{"ts": "2026-05-01T16:59:13.357755+00:00", "level": "INFO", "jobId": "868d4e53-cad2-4525-8739-f132a3cecbde", "keyword": "khai trương hoành tráng", "step": "capture", "message": "Capturing posinset=81 (81/∞)…", "data": {"w": 0}, "seq": 32760}
{"ts": "2026-05-01T16:59:14.838874+00:00", "level": "INFO", "jobId": "868d4e53-cad2-4525-8739-f132a3cecbde", "keyword": "khai trương hoành tráng", "step": "capture", "message": "Capturing posinset=81 (81/∞)…", "data": {"w": 0}, "seq": 32763}
{"ts": "2026-05-01T16:59:17.870520+00:00", "level": "INFO", "jobId": "868d4e53-cad2-4525-8739-f132a3cecbde", "keyword": "khai trương hoành tráng", "step": "capture", "message": "Capturing posinset=81 (81/∞)…", "data": {"w": 0}, "seq": 32765}
{"ts": "2026-05-01T16:59:19.814791+00:00", "level": "INFO", "jobId": "868d4e53-cad2-4525-8739-f132a3cecbde", "keyword": "khai trương hoành tráng", "step": "capture", "message": "Saved post_081.png (posinset=81)", "data": {"w": 0}, "seq": 32768}
{"ts": "2026-05-01T16:59:19.816464+00:00", "level": "INFO", "jobId": "868d4e53-cad2-4525-8739-f132a3cecbde", "keyword": "khai trương hoành tráng", "step": "cooldown", "message": "Cooldown 1.0s (after capture)", "data": {"w": 0}, "seq": 32769}
{"ts": "2026-05-01T16:59:20.857773+00:00", "level": "INFO", "jobId": "868d4e53-cad2-4525-8739-f132a3cecbde", "keyword": "khai trương hoành tráng", "step": "capture", "message": "Capturing posinset=82 (82/∞)…", "data": {"w": 0}, "seq": 32771}
{"ts": "2026-05-01T16:59:23.203945+00:00", "level": "INFO", "jobId": "868d4e53-cad2-4525-8739-f132a3cecbde", "keyword": "khai trương hoành tráng", "step": "capture", "message": "Saved post_082.png (posinset=82)", "data": {"w": 0}, "seq": 32776}
{"ts": "2026-05-01T16:59:23.213490+00:00", "level": "INFO", "jobId": "868d4e53-cad2-4525-8739-f132a3cecbde", "keyword": "khai trương hoành tráng", "step": "cooldown", "message": "Cooldown 1.0s (after capture)", "data": {"w": 0}, "seq": 32777}
{"ts": "2026-05-01T16:59:24.288941+00:00", "level": "INFO", "jobId": "868d4e53-cad2-4525-8739-f132a3cecbde", "keyword": "khai trương hoành tráng", "step": "capture", "message": "Capturing posinset=83 (83/∞)…", "data": {"w": 0}, "seq": 32780}
{"ts": "2026-05-01T16:59:26.307254+00:00", "level": "INFO", "jobId": "868d4e53-cad2-4525-8739-f132a3cecbde", "keyword": "khai trương hoành tráng", "step": "capture", "message": "Saved post_083.png (posinset=83)", "data": {"w": 0}, "seq": 32781}
{"ts": "2026-05-01T16:59:26.309484+00:00", "level": "INFO", "jobId": "868d4e53-cad2-4525-8739-f132a3cecbde", "keyword": "khai trương hoành tráng", "step": "cooldown", "message": "Cooldown 1.0s (after capture)", "data": {"w": 0}, "seq": 32782}
{"ts": "2026-05-01T16:59:27.351614+00:00", "level": "INFO", "jobId": "868d4e53-cad2-4525-8739-f132a3cecbde", "keyword": "khai trương hoành tráng", "step": "heartbeat", "message": "Worker alive", "data": {"w": 0, "elapsed_s": 386}, "seq": 32783}
{"ts": "2026-05-01T16:59:27.352728+00:00", "level": "INFO", "jobId": "868d4e53-cad2-4525-8739-f132a3cecbde", "keyword": "khai trương hoành tráng", "step": "capture", "message": "Capturing posinset=84 (84/∞)…", "data": {"w": 0}, "seq": 32784}
{"ts": "2026-05-01T16:59:29.957668+00:00", "level": "INFO", "jobId": "868d4e53-cad2-4525-8739-f132a3cecbde", "keyword": "khai trương hoành tráng", "step": "capture", "message": "Saved post_084.png (posinset=84)", "data": {"w": 0}, "seq": 32785}
{"ts": "2026-05-01T16:59:29.959667+00:00", "level": "INFO", "jobId": "868d4e53-cad2-4525-8739-f132a3cecbde", "keyword": "khai trương hoành tráng", "step": "cooldown", "message": "Cooldown 1.0s (after capture)", "data": {"w": 0}, "seq": 32786}
{"ts": "2026-05-01T16:59:31.007896+00:00", "level": "INFO", "jobId": "868d4e53-cad2-4525-8739-f132a3cecbde", "keyword": "khai trương hoành tráng", "step": "capture", "message": "Capturing posinset=85 (85/∞)…", "data": {"w": 0}, "seq": 32787}
{"ts": "2026-05-01T16:59:40.335278+00:00", "level": "INFO", "jobId": "868d4e53-cad2-4525-8739-f132a3cecbde", "keyword": "khai trương hoành tráng", "step": "capture", "message": "Saved post_085.png (posinset=85)", "data": {"w": 0}, "seq": 32796}
{"ts": "2026-05-01T16:59:40.340622+00:00", "level": "INFO", "jobId": "868d4e53-cad2-4525-8739-f132a3cecbde", "keyword": "khai trương hoành tráng", "step": "cooldown", "message": "Cooldown 1.0s (after capture)", "data": {"w": 0}, "seq": 32797}
{"ts": "2026-05-01T16:59:41.517528+00:00", "level": "INFO", "jobId": "868d4e53-cad2-4525-8739-f132a3cecbde", "keyword": "khai trương hoành tráng", "step": "capture", "message": "Capturing posinset=86 (86/∞)…", "data": {"w": 0}, "seq": 32798}
{"ts": "2026-05-01T16:59:48.832931+00:00", "level": "INFO", "jobId": "868d4e53-cad2-4525-8739-f132a3cecbde", "keyword": "khai trương hoành tráng", "step": "capture", "message": "Saved post_086.png (posinset=86)", "data": {"w": 0}, "seq": 32801}
{"ts": "2026-05-01T16:59:48.834932+00:00", "level": "INFO", "jobId": "868d4e53-cad2-4525-8739-f132a3cecbde", "keyword": "khai trương hoành tráng", "step": "cooldown", "message": "Cooldown 1.0s (after capture)", "data": {"w": 0}, "seq": 32802}
{"ts": "2026-05-01T16:59:49.882784+00:00", "level": "INFO", "jobId": "868d4e53-cad2-4525-8739-f132a3cecbde", "keyword": "khai trương hoành tráng", "step": "heartbeat", "message": "Worker alive", "data": {"w": 0, "elapsed_s": 408}, "seq": 32803}
{"ts": "2026-05-01T16:59:49.884783+00:00", "level": "INFO", "jobId": "868d4e53-cad2-4525-8739-f132a3cecbde", "keyword": "khai trương hoành tráng", "step": "capture", "message": "Capturing posinset=87 (87/∞)…", "data": {"w": 0}, "seq": 32804}
{"ts": "2026-05-01T16:59:54.653226+00:00", "level": "INFO", "jobId": "868d4e53-cad2-4525-8739-f132a3cecbde", "keyword": "khai trương hoành tráng", "step": "capture", "message": "Saved post_087.png (posinset=87)", "data": {"w": 0}, "seq": 32809}
{"ts": "2026-05-01T16:59:54.654341+00:00", "level": "INFO", "jobId": "868d4e53-cad2-4525-8739-f132a3cecbde", "keyword": "khai trương hoành tráng", "step": "cooldown", "message": "Cooldown 1.0s (after capture)", "data": {"w": 0}, "seq": 32810}
{"ts": "2026-05-01T16:59:55.710358+00:00", "level": "INFO", "jobId": "868d4e53-cad2-4525-8739-f132a3cecbde", "keyword": "khai trương hoành tráng", "step": "capture", "message": "Capturing posinset=88 (88/∞)…", "data": {"w": 0}, "seq": 32813}
{"ts": "2026-05-01T16:59:59.131599+00:00", "level": "INFO", "jobId": "868d4e53-cad2-4525-8739-f132a3cecbde", "keyword": "khai trương hoành tráng", "step": "capture", "message": "Saved post_088.png (posinset=88)", "data": {"w": 0}, "seq": 32817}
{"ts": "2026-05-01T16:59:59.133608+00:00", "level": "INFO", "jobId": "868d4e53-cad2-4525-8739-f132a3cecbde", "keyword": "khai trương hoành tráng", "step": "cooldown", "message": "Cooldown 1.0s (after capture)", "data": {"w": 0}, "seq": 32818}
