{"ts": "2026-05-01T09:07:38.357225+00:00", "level": "INFO", "jobId": "a108537a-cdd2-495f-9e1b-ca3df046580a", "keyword": "khai trương", "step": "created", "message": "Job created", "data": {"maxPosts": 5}, "seq": 15140}
{"ts": "2026-05-01T09:07:39.090584+00:00", "level": "INFO", "jobId": "a108537a-cdd2-495f-9e1b-ca3df046580a", "keyword": "khai trương", "step": "start", "message": "Job started (attempt 1/2)", "data": {"w": 0}, "seq": 15144}
{"ts": "2026-05-01T09:07:40.793285+00:00", "level": "INFO", "jobId": "a108537a-cdd2-495f-9e1b-ca3df046580a", "keyword": "khai trương", "step": "search", "message": "Searching keyword: \"khai trương\"", "data": {"w": 0}, "seq": 15145}
{"ts": "2026-05-01T09:07:42.028929+00:00", "level": "INFO", "jobId": "a108537a-cdd2-495f-9e1b-ca3df046580a", "keyword": "khai trương", "step": "capture", "message": "Start capturing up to 5 posts.", "data": {"w": 0}, "seq": 15146}
{"ts": "2026-05-01T09:07:42.028929+00:00", "level": "INFO", "jobId": "a108537a-cdd2-495f-9e1b-ca3df046580a", "keyword": "khai trương", "step": "capture", "message": "Output folder: Lan 11 - 1607", "data": {"w": 0}, "seq": 15147}
{"ts": "2026-05-01T09:07:42.055314+00:00", "level": "INFO", "jobId": "a108537a-cdd2-495f-9e1b-ca3df046580a", "keyword": "khai trương", "step": "capture", "message": "Waiting for posts to appear (avoid blank capture)…", "data": {"w": 0}, "seq": 15148}
{"ts": "2026-05-01T09:07:42.063345+00:00", "level": "INFO", "jobId": "a108537a-cdd2-495f-9e1b-ca3df046580a", "keyword": "khai trương", "step": "capture", "message": "Post-detect debug: {'hasMain': False, 'roleArticle': 0, 'divRoleArticle': 0, 'articleTag': 0, 'feedUnit': 0, 'anyPagelet': 0, 'adPreview': 0, 'imgs': 0, 'videos': 0, 'progress': 0, 'busy': '', 'firstArticle': None}", "data": {"w": 0}, "seq": 15149}
{"ts": "2026-05-01T09:07:45.783511+00:00", "level": "INFO", "jobId": "a108537a-cdd2-495f-9e1b-ca3df046580a", "keyword": "khai trương", "step": "capture", "message": "Waiting for posts to appear (avoid blank capture)…", "data": {"w": 0}, "seq": 15150}
{"ts": "2026-05-01T09:07:49.108575+00:00", "level": "INFO", "jobId": "a108537a-cdd2-495f-9e1b-ca3df046580a", "keyword": "khai trương", "step": "capture", "message": "Post-detect debug: {'hasMain': False, 'roleArticle': 0, 'divRoleArticle': 0, 'articleTag': 0, 'feedUnit': 0, 'anyPagelet': 0, 'adPreview': 0, 'imgs': 0, 'videos': 0, 'progress': 0, 'busy': '', 'firstArticle': None}", "data": {"w": 0}, "seq": 15151}
{"ts": "2026-05-01T09:07:49.475804+00:00", "level": "INFO", "jobId": "a108537a-cdd2-495f-9e1b-ca3df046580a", "keyword": "khai trương", "step": "capture", "message": "Waiting for posts to appear (avoid blank capture)…", "data": {"w": 0}, "seq": 15152}
{"ts": "2026-05-01T09:07:53.134693+00:00", "level": "INFO", "jobId": "a108537a-cdd2-495f-9e1b-ca3df046580a", "keyword": "khai trương", "step": "capture", "message": "Waiting for posts to appear (avoid blank capture)…", "data": {"w": 0}, "seq": 15153}
{"ts": "2026-05-01T09:07:56.413097+00:00", "level": "INFO", "jobId": "a108537a-cdd2-495f-9e1b-ca3df046580a", "keyword": "khai trương", "step": "capture", "message": "Post-detect debug: {'hasMain': False, 'roleArticle': 0, 'divRoleArticle': 0, 'articleTag': 0, 'feedUnit': 0, 'anyPagelet': 0, 'adPreview': 0, 'imgs': 0, 'videos': 0, 'progress': 0, 'busy': '', 'firstArticle': None}", "data": {"w": 0}, "seq": 15154}
{"ts": "2026-05-01T09:07:56.784220+00:00", "level": "INFO", "jobId": "a108537a-cdd2-495f-9e1b-ca3df046580a", "keyword": "khai trương", "step": "capture", "message": "Waiting for posts to appear (avoid blank capture)…", "data": {"w": 0}, "seq": 15155}
{"ts": "2026-05-01T09:08:00.467809+00:00", "level": "INFO", "jobId": "a108537a-cdd2-495f-9e1b-ca3df046580a", "keyword": "khai trương", "step": "capture", "message": "Waiting for posts to appear (avoid blank capture)…", "data": {"w": 0}, "seq": 15156}
{"ts": "2026-05-01T09:08:03.763240+00:00", "level": "INFO", "jobId": "a108537a-cdd2-495f-9e1b-ca3df046580a", "keyword": "khai trương", "step": "capture", "message": "Post-detect debug: {'hasMain': False, 'roleArticle': 0, 'divRoleArticle': 0, 'articleTag': 0, 'feedUnit': 0, 'anyPagelet': 0, 'adPreview': 0, 'imgs': 0, 'videos': 0, 'progress': 0, 'busy': '', 'firstArticle': None}", "data": {"w": 0}, "seq": 15157}
{"ts": "2026-05-01T09:08:05.237002+00:00", "level": "INFO", "jobId": "a108537a-cdd2-495f-9e1b-ca3df046580a", "keyword": "khai trương", "step": "capture", "message": "Waiting for posts to appear (avoid blank capture)…", "data": {"w": 0}, "seq": 15158}
{"ts": "2026-05-01T09:08:05.245931+00:00", "level": "INFO", "jobId": "a108537a-cdd2-495f-9e1b-ca3df046580a", "keyword": "khai trương", "step": "capture", "message": "Post-detect debug: {'hasMain': False, 'roleArticle': 0, 'divRoleArticle': 0, 'articleTag': 0, 'feedUnit': 0, 'anyPagelet': 0, 'adPreview': 0, 'imgs': 0, 'videos': 0, 'progress': 0, 'busy': '', 'firstArticle': None}", "data": {"w": 0}, "seq": 15159}
{"ts": "2026-05-01T09:08:08.963513+00:00", "level": "INFO", "jobId": "a108537a-cdd2-495f-9e1b-ca3df046580a", "keyword": "khai trương", "step": "capture", "message": "Waiting for posts to appear (avoid blank capture)…", "data": {"w": 0}, "seq": 15160}
{"ts": "2026-05-01T09:08:12.266708+00:00", "level": "INFO", "jobId": "a108537a-cdd2-495f-9e1b-ca3df046580a", "keyword": "khai trương", "step": "capture", "message": "Post-detect debug failed: Page.evaluate: Target page, context or browser has been closed", "data": {"w": 0}, "seq": 15161}
{"ts": "2026-05-01T09:08:12.626953+00:00", "level": "INFO", "jobId": "a108537a-cdd2-495f-9e1b-ca3df046580a", "keyword": "khai trương", "step": "capture", "message": "Waiting for posts to appear (avoid blank capture)…", "data": {"w": 0}, "seq": 15162}
{"ts": "2026-05-01T09:08:17.111154+00:00", "level": "INFO", "jobId": "a108537a-cdd2-495f-9e1b-ca3df046580a", "keyword": "khai trương", "step": "capture", "message": "Waiting for posts to appear (avoid blank capture)…", "data": {"w": 0}, "seq": 15163}
