{"ts": "2026-05-01T14:52:31.804614+00:00", "level": "INFO", "jobId": "a22033b6-afdf-4226-9d63-b43beb2f9437", "keyword": "khai trương tdm", "step": "created", "message": "Job created", "data": {"maxPosts": "unlimited"}, "seq": 19715}
{"ts": "2026-05-01T14:52:31.936235+00:00", "level": "INFO", "jobId": "a22033b6-afdf-4226-9d63-b43beb2f9437", "keyword": "khai trương tdm", "step": "start", "message": "Job started (attempt 1/1)", "data": {"w": 2}, "seq": 19720}
{"ts": "2026-05-01T14:52:45.158410+00:00", "level": "INFO", "jobId": "a22033b6-afdf-4226-9d63-b43beb2f9437", "keyword": "khai trương tdm", "step": "login", "message": "Already logged in (home).", "data": {"w": 2}, "seq": 19723}
{"ts": "2026-05-01T14:52:45.160420+00:00", "level": "INFO", "jobId": "a22033b6-afdf-4226-9d63-b43beb2f9437", "keyword": "khai trương tdm", "step": "search", "message": "Searching keyword: \"khai trương tdm\"", "data": {"w": 2}, "seq": 19724}
{"ts": "2026-05-01T14:52:53.888832+00:00", "level": "INFO", "jobId": "a22033b6-afdf-4226-9d63-b43beb2f9437", "keyword": "khai trương tdm", "step": "capture", "message": "Start capturing all posts until end of results.", "data": {"w": 2}, "seq": 19733}
{"ts": "2026-05-01T14:52:53.892860+00:00", "level": "INFO", "jobId": "a22033b6-afdf-4226-9d63-b43beb2f9437", "keyword": "khai trương tdm", "step": "capture", "message": "Output folder: Lan 2 - 2152", "data": {"w": 2}, "seq": 19734}
{"ts": "2026-05-01T14:53:06.924066+00:00", "level": "INFO", "jobId": "a22033b6-afdf-4226-9d63-b43beb2f9437", "keyword": "khai trương tdm", "step": "capture", "message": "Capturing posinset=1 (1/∞)…", "data": {"w": 2}, "seq": 19740}
{"ts": "2026-05-01T14:53:09.028563+00:00", "level": "INFO", "jobId": "a22033b6-afdf-4226-9d63-b43beb2f9437", "keyword": "khai trương tdm", "step": "capture", "message": "Saved post_001.png (posinset=1)", "data": {"w": 2}, "seq": 19743}
{"ts": "2026-05-01T14:53:09.039079+00:00", "level": "INFO", "jobId": "a22033b6-afdf-4226-9d63-b43beb2f9437", "keyword": "khai trương tdm", "step": "cooldown", "message": "Cooldown 1.0s (after capture)", "data": {"w": 2}, "seq": 19744}
{"ts": "2026-05-01T14:53:10.083254+00:00", "level": "INFO", "jobId": "a22033b6-afdf-4226-9d63-b43beb2f9437", "keyword": "khai trương tdm", "step": "capture", "message": "Capturing posinset=2 (2/∞)…", "data": {"w": 2}, "seq": 19749}
{"ts": "2026-05-01T14:53:12.005766+00:00", "level": "INFO", "jobId": "a22033b6-afdf-4226-9d63-b43beb2f9437", "keyword": "khai trương tdm", "step": "capture", "message": "Saved post_002.png (posinset=2)", "data": {"w": 2}, "seq": 19752}
{"ts": "2026-05-01T14:53:12.007315+00:00", "level": "INFO", "jobId": "a22033b6-afdf-4226-9d63-b43beb2f9437", "keyword": "khai trương tdm", "step": "cooldown", "message": "Cooldown 1.0s (after capture)", "data": {"w": 2}, "seq": 19753}
{"ts": "2026-05-01T14:53:13.024541+00:00", "level": "INFO", "jobId": "a22033b6-afdf-4226-9d63-b43beb2f9437", "keyword": "khai trương tdm", "step": "capture", "message": "Capturing posinset=3 (3/∞)…", "data": {"w": 2}, "seq": 19758}
{"ts": "2026-05-01T14:53:14.401581+00:00", "level": "INFO", "jobId": "a22033b6-afdf-4226-9d63-b43beb2f9437", "keyword": "khai trương tdm", "step": "capture", "message": "Saved post_003.png (posinset=3)", "data": {"w": 2}, "seq": 19761}
{"ts": "2026-05-01T14:53:14.402699+00:00", "level": "INFO", "jobId": "a22033b6-afdf-4226-9d63-b43beb2f9437", "keyword": "khai trương tdm", "step": "cooldown", "message": "Cooldown 1.0s (after capture)", "data": {"w": 2}, "seq": 19762}
{"ts": "2026-05-01T14:53:15.418119+00:00", "level": "INFO", "jobId": "a22033b6-afdf-4226-9d63-b43beb2f9437", "keyword": "khai trương tdm", "step": "capture", "message": "Capturing posinset=4 (4/∞)…", "data": {"w": 2}, "seq": 19765}
{"ts": "2026-05-01T14:53:16.803917+00:00", "level": "INFO", "jobId": "a22033b6-afdf-4226-9d63-b43beb2f9437", "keyword": "khai trương tdm", "step": "capture", "message": "Saved post_004.png (posinset=4)", "data": {"w": 2}, "seq": 19771}
{"ts": "2026-05-01T14:53:16.805031+00:00", "level": "INFO", "jobId": "a22033b6-afdf-4226-9d63-b43beb2f9437", "keyword": "khai trương tdm", "step": "cooldown", "message": "Cooldown 1.0s (after capture)", "data": {"w": 2}, "seq": 19772}
{"ts": "2026-05-01T14:53:17.824623+00:00", "level": "INFO", "jobId": "a22033b6-afdf-4226-9d63-b43beb2f9437", "keyword": "khai trương tdm", "step": "capture", "message": "Capturing posinset=5 (5/∞)…", "data": {"w": 2}, "seq": 19775}
{"ts": "2026-05-01T14:53:19.120166+00:00", "level": "INFO", "jobId": "a22033b6-afdf-4226-9d63-b43beb2f9437", "keyword": "khai trương tdm", "step": "capture", "message": "Saved post_005.png (posinset=5)", "data": {"w": 2}, "seq": 19780}
{"ts": "2026-05-01T14:53:19.121447+00:00", "level": "INFO", "jobId": "a22033b6-afdf-4226-9d63-b43beb2f9437", "keyword": "khai trương tdm", "step": "cooldown", "message": "Cooldown 1.0s (after capture)", "data": {"w": 2}, "seq": 19781}
{"ts": "2026-05-01T14:53:20.131809+00:00", "level": "INFO", "jobId": "a22033b6-afdf-4226-9d63-b43beb2f9437", "keyword": "khai trương tdm", "step": "capture", "message": "Capturing posinset=6 (6/∞)…", "data": {"w": 2}, "seq": 19784}
{"ts": "2026-05-01T14:53:21.490517+00:00", "level": "INFO", "jobId": "a22033b6-afdf-4226-9d63-b43beb2f9437", "keyword": "khai trương tdm", "step": "capture", "message": "Saved post_006.png (posinset=6)", "data": {"w": 2}, "seq": 19790}
{"ts": "2026-05-01T14:53:21.491517+00:00", "level": "INFO", "jobId": "a22033b6-afdf-4226-9d63-b43beb2f9437", "keyword": "khai trương tdm", "step": "cooldown", "message": "Cooldown 1.0s (after capture)", "data": {"w": 2}, "seq": 19791}
{"ts": "2026-05-01T14:53:22.528762+00:00", "level": "INFO", "jobId": "a22033b6-afdf-4226-9d63-b43beb2f9437", "keyword": "khai trương tdm", "step": "heartbeat", "message": "Worker alive", "data": {"w": 2, "elapsed_s": 50}, "seq": 19794}
{"ts": "2026-05-01T14:53:22.529968+00:00", "level": "INFO", "jobId": "a22033b6-afdf-4226-9d63-b43beb2f9437", "keyword": "khai trương tdm", "step": "capture", "message": "Capturing posinset=7 (7/∞)…", "data": {"w": 2}, "seq": 19795}
{"ts": "2026-05-01T14:53:24.859758+00:00", "level": "INFO", "jobId": "a22033b6-afdf-4226-9d63-b43beb2f9437", "keyword": "khai trương tdm", "step": "capture", "message": "Saved post_007.png (posinset=7)", "data": {"w": 2}, "seq": 19800}
{"ts": "2026-05-01T14:53:24.861865+00:00", "level": "INFO", "jobId": "a22033b6-afdf-4226-9d63-b43beb2f9437", "keyword": "khai trương tdm", "step": "cooldown", "message": "Cooldown 1.0s (after capture)", "data": {"w": 2}, "seq": 19801}
{"ts": "2026-05-01T14:53:25.884227+00:00", "level": "INFO", "jobId": "a22033b6-afdf-4226-9d63-b43beb2f9437", "keyword": "khai trương tdm", "step": "capture", "message": "Capturing posinset=8 (8/∞)…", "data": {"w": 2}, "seq": 19806}
{"ts": "2026-05-01T14:53:27.724663+00:00", "level": "INFO", "jobId": "a22033b6-afdf-4226-9d63-b43beb2f9437", "keyword": "khai trương tdm", "step": "capture", "message": "Saved post_008.png (posinset=8)", "data": {"w": 2}, "seq": 19811}
{"ts": "2026-05-01T14:53:27.728058+00:00", "level": "INFO", "jobId": "a22033b6-afdf-4226-9d63-b43beb2f9437", "keyword": "khai trương tdm", "step": "cooldown", "message": "Cooldown 1.0s (after capture)", "data": {"w": 2}, "seq": 19812}
{"ts": "2026-05-01T14:53:28.792935+00:00", "level": "INFO", "jobId": "a22033b6-afdf-4226-9d63-b43beb2f9437", "keyword": "khai trương tdm", "step": "capture", "message": "Capturing posinset=9 (9/∞)…", "data": {"w": 2}, "seq": 19816}
{"ts": "2026-05-01T14:53:30.255945+00:00", "level": "INFO", "jobId": "a22033b6-afdf-4226-9d63-b43beb2f9437", "keyword": "khai trương tdm", "step": "capture", "message": "Saved post_009.png (posinset=9)", "data": {"w": 2}, "seq": 19818}
{"ts": "2026-05-01T14:53:30.265091+00:00", "level": "INFO", "jobId": "a22033b6-afdf-4226-9d63-b43beb2f9437", "keyword": "khai trương tdm", "step": "cooldown", "message": "Cooldown 1.0s (after capture)", "data": {"w": 2}, "seq": 19819}
{"ts": "2026-05-01T14:53:31.304227+00:00", "level": "INFO", "jobId": "a22033b6-afdf-4226-9d63-b43beb2f9437", "keyword": "khai trương tdm", "step": "capture", "message": "Capturing posinset=10 (10/∞)…", "data": {"w": 2}, "seq": 19824}
{"ts": "2026-05-01T14:53:32.689731+00:00", "level": "INFO", "jobId": "a22033b6-afdf-4226-9d63-b43beb2f9437", "keyword": "khai trương tdm", "step": "capture", "message": "Saved post_010.png (posinset=10)", "data": {"w": 2}, "seq": 19828}
{"ts": "2026-05-01T14:53:32.692174+00:00", "level": "INFO", "jobId": "a22033b6-afdf-4226-9d63-b43beb2f9437", "keyword": "khai trương tdm", "step": "cooldown", "message": "Cooldown 1.0s (after capture)", "data": {"w": 2}, "seq": 19829}
{"ts": "2026-05-01T14:53:33.735490+00:00", "level": "INFO", "jobId": "a22033b6-afdf-4226-9d63-b43beb2f9437", "keyword": "khai trương tdm", "step": "capture", "message": "Capturing posinset=11 (11/∞)…", "data": {"w": 2}, "seq": 19832}
{"ts": "2026-05-01T14:53:36.874721+00:00", "level": "INFO", "jobId": "a22033b6-afdf-4226-9d63-b43beb2f9437", "keyword": "khai trương tdm", "step": "capture", "message": "Capturing posinset=11 (11/∞)…", "data": {"w": 2}, "seq": 19840}
{"ts": "2026-05-01T14:53:40.222184+00:00", "level": "INFO", "jobId": "a22033b6-afdf-4226-9d63-b43beb2f9437", "keyword": "khai trương tdm", "step": "capture", "message": "Saved post_011.png (posinset=11)", "data": {"w": 2}, "seq": 19844}
{"ts": "2026-05-01T14:53:40.225184+00:00", "level": "INFO", "jobId": "a22033b6-afdf-4226-9d63-b43beb2f9437", "keyword": "khai trương tdm", "step": "cooldown", "message": "Cooldown 1.0s (after capture)", "data": {"w": 2}, "seq": 19845}
{"ts": "2026-05-01T14:53:41.256591+00:00", "level": "INFO", "jobId": "a22033b6-afdf-4226-9d63-b43beb2f9437", "keyword": "khai trương tdm", "step": "heartbeat", "message": "Worker alive", "data": {"w": 2, "elapsed_s": 69}, "seq": 19849}
{"ts": "2026-05-01T14:53:41.257597+00:00", "level": "INFO", "jobId": "a22033b6-afdf-4226-9d63-b43beb2f9437", "keyword": "khai trương tdm", "step": "capture", "message": "Capturing posinset=12 (12/∞)…", "data": {"w": 2}, "seq": 19850}
{"ts": "2026-05-01T14:53:42.956945+00:00", "level": "INFO", "jobId": "a22033b6-afdf-4226-9d63-b43beb2f9437", "keyword": "khai trương tdm", "step": "capture", "message": "Saved post_012.png (posinset=12)", "data": {"w": 2}, "seq": 19856}
{"ts": "2026-05-01T14:53:42.958189+00:00", "level": "INFO", "jobId": "a22033b6-afdf-4226-9d63-b43beb2f9437", "keyword": "khai trương tdm", "step": "cooldown", "message": "Cooldown 1.0s (after capture)", "data": {"w": 2}, "seq": 19857}
{"ts": "2026-05-01T14:53:43.975386+00:00", "level": "INFO", "jobId": "a22033b6-afdf-4226-9d63-b43beb2f9437", "keyword": "khai trương tdm", "step": "capture", "message": "Capturing posinset=13 (13/∞)…", "data": {"w": 2}, "seq": 19860}
{"ts": "2026-05-01T14:53:45.734043+00:00", "level": "INFO", "jobId": "a22033b6-afdf-4226-9d63-b43beb2f9437", "keyword": "khai trương tdm", "step": "capture", "message": "Saved post_013.png (posinset=13)", "data": {"w": 2}, "seq": 19863}
{"ts": "2026-05-01T14:53:45.736085+00:00", "level": "INFO", "jobId": "a22033b6-afdf-4226-9d63-b43beb2f9437", "keyword": "khai trương tdm", "step": "cooldown", "message": "Cooldown 1.0s (after capture)", "data": {"w": 2}, "seq": 19864}
{"ts": "2026-05-01T14:53:46.756897+00:00", "level": "INFO", "jobId": "a22033b6-afdf-4226-9d63-b43beb2f9437", "keyword": "khai trương tdm", "step": "capture", "message": "Capturing posinset=14 (14/∞)…", "data": {"w": 2}, "seq": 19868}
{"ts": "2026-05-01T14:53:49.021314+00:00", "level": "INFO", "jobId": "a22033b6-afdf-4226-9d63-b43beb2f9437", "keyword": "khai trương tdm", "step": "capture", "message": "Saved post_014.png (posinset=14)", "data": {"w": 2}, "seq": 19876}
{"ts": "2026-05-01T14:53:49.021314+00:00", "level": "INFO", "jobId": "a22033b6-afdf-4226-9d63-b43beb2f9437", "keyword": "khai trương tdm", "step": "cooldown", "message": "Cooldown 1.0s (after capture)", "data": {"w": 2}, "seq": 19877}
{"ts": "2026-05-01T14:53:50.052852+00:00", "level": "INFO", "jobId": "a22033b6-afdf-4226-9d63-b43beb2f9437", "keyword": "khai trương tdm", "step": "capture", "message": "Capturing posinset=15 (15/∞)…", "data": {"w": 2}, "seq": 19881}
{"ts": "2026-05-01T14:53:51.541259+00:00", "level": "INFO", "jobId": "a22033b6-afdf-4226-9d63-b43beb2f9437", "keyword": "khai trương tdm", "step": "capture", "message": "Saved post_015.png (posinset=15)", "data": {"w": 2}, "seq": 19885}
{"ts": "2026-05-01T14:53:51.546457+00:00", "level": "INFO", "jobId": "a22033b6-afdf-4226-9d63-b43beb2f9437", "keyword": "khai trương tdm", "step": "cooldown", "message": "Cooldown 1.0s (after capture)", "data": {"w": 2}, "seq": 19886}
{"ts": "2026-05-01T14:53:52.585909+00:00", "level": "INFO", "jobId": "a22033b6-afdf-4226-9d63-b43beb2f9437", "keyword": "khai trương tdm", "step": "capture", "message": "Capturing posinset=16 (16/∞)…", "data": {"w": 2}, "seq": 19891}
{"ts": "2026-05-01T14:53:54.232761+00:00", "level": "INFO", "jobId": "a22033b6-afdf-4226-9d63-b43beb2f9437", "keyword": "khai trương tdm", "step": "capture", "message": "Saved post_016.png (posinset=16)", "data": {"w": 2}, "seq": 19895}
{"ts": "2026-05-01T14:53:54.235242+00:00", "level": "INFO", "jobId": "a22033b6-afdf-4226-9d63-b43beb2f9437", "keyword": "khai trương tdm", "step": "cooldown", "message": "Cooldown 1.0s (after capture)", "data": {"w": 2}, "seq": 19896}
{"ts": "2026-05-01T14:53:55.255806+00:00", "level": "INFO", "jobId": "a22033b6-afdf-4226-9d63-b43beb2f9437", "keyword": "khai trương tdm", "step": "capture", "message": "Capturing posinset=17 (17/∞)…", "data": {"w": 2}, "seq": 19898}
{"ts": "2026-05-01T14:53:56.927190+00:00", "level": "INFO", "jobId": "a22033b6-afdf-4226-9d63-b43beb2f9437", "keyword": "khai trương tdm", "step": "capture", "message": "Saved post_017.png (posinset=17)", "data": {"w": 2}, "seq": 19904}
{"ts": "2026-05-01T14:53:56.929019+00:00", "level": "INFO", "jobId": "a22033b6-afdf-4226-9d63-b43beb2f9437", "keyword": "khai trương tdm", "step": "cooldown", "message": "Cooldown 1.0s (after capture)", "data": {"w": 2}, "seq": 19905}
{"ts": "2026-05-01T14:53:57.953444+00:00", "level": "INFO", "jobId": "a22033b6-afdf-4226-9d63-b43beb2f9437", "keyword": "khai trương tdm", "step": "heartbeat", "message": "Worker alive", "data": {"w": 2, "elapsed_s": 86}, "seq": 19909}
{"ts": "2026-05-01T14:53:57.954537+00:00", "level": "INFO", "jobId": "a22033b6-afdf-4226-9d63-b43beb2f9437", "keyword": "khai trương tdm", "step": "capture", "message": "Capturing posinset=18 (18/∞)…", "data": {"w": 2}, "seq": 19910}
{"ts": "2026-05-01T14:53:59.219736+00:00", "level": "INFO", "jobId": "a22033b6-afdf-4226-9d63-b43beb2f9437", "keyword": "khai trương tdm", "step": "capture", "message": "Saved post_018.png (posinset=18)", "data": {"w": 2}, "seq": 19914}
{"ts": "2026-05-01T14:53:59.220843+00:00", "level": "INFO", "jobId": "a22033b6-afdf-4226-9d63-b43beb2f9437", "keyword": "khai trương tdm", "step": "cooldown", "message": "Cooldown 1.0s (after capture)", "data": {"w": 2}, "seq": 19915}
{"ts": "2026-05-01T14:54:00.229138+00:00", "level": "INFO", "jobId": "a22033b6-afdf-4226-9d63-b43beb2f9437", "keyword": "khai trương tdm", "step": "capture", "message": "Capturing posinset=19 (19/∞)…", "data": {"w": 2}, "seq": 19917}
{"ts": "2026-05-01T14:54:03.061913+00:00", "level": "INFO", "jobId": "a22033b6-afdf-4226-9d63-b43beb2f9437", "keyword": "khai trương tdm", "step": "capture", "message": "Capturing posinset=19 (19/∞)…", "data": {"w": 2}, "seq": 19923}
{"ts": "2026-05-01T14:54:06.010747+00:00", "level": "INFO", "jobId": "a22033b6-afdf-4226-9d63-b43beb2f9437", "keyword": "khai trương tdm", "step": "capture", "message": "Saved post_019.png (posinset=19)", "data": {"w": 2}, "seq": 19931}
{"ts": "2026-05-01T14:54:06.012776+00:00", "level": "INFO", "jobId": "a22033b6-afdf-4226-9d63-b43beb2f9437", "keyword": "khai trương tdm", "step": "cooldown", "message": "Cooldown 1.0s (after capture)", "data": {"w": 2}, "seq": 19932}
{"ts": "2026-05-01T14:54:07.037745+00:00", "level": "INFO", "jobId": "a22033b6-afdf-4226-9d63-b43beb2f9437", "keyword": "khai trương tdm", "step": "capture", "message": "Capturing posinset=20 (20/∞)…", "data": {"w": 2}, "seq": 19935}
{"ts": "2026-05-01T14:54:08.636153+00:00", "level": "INFO", "jobId": "a22033b6-afdf-4226-9d63-b43beb2f9437", "keyword": "khai trương tdm", "step": "capture", "message": "Saved post_020.png (posinset=20)", "data": {"w": 2}, "seq": 19939}
{"ts": "2026-05-01T14:54:08.638917+00:00", "level": "INFO", "jobId": "a22033b6-afdf-4226-9d63-b43beb2f9437", "keyword": "khai trương tdm", "step": "cooldown", "message": "Cooldown 1.0s (after capture)", "data": {"w": 2}, "seq": 19940}
{"ts": "2026-05-01T14:54:09.661335+00:00", "level": "INFO", "jobId": "a22033b6-afdf-4226-9d63-b43beb2f9437", "keyword": "khai trương tdm", "step": "capture", "message": "Capturing posinset=21 (21/∞)…", "data": {"w": 2}, "seq": 19943}
{"ts": "2026-05-01T14:54:11.410227+00:00", "level": "INFO", "jobId": "a22033b6-afdf-4226-9d63-b43beb2f9437", "keyword": "khai trương tdm", "step": "capture", "message": "Saved post_021.png (posinset=21)", "data": {"w": 2}, "seq": 19948}
{"ts": "2026-05-01T14:54:11.414250+00:00", "level": "INFO", "jobId": "a22033b6-afdf-4226-9d63-b43beb2f9437", "keyword": "khai trương tdm", "step": "cooldown", "message": "Cooldown 1.0s (after capture)", "data": {"w": 2}, "seq": 19949}
{"ts": "2026-05-01T14:54:12.435872+00:00", "level": "INFO", "jobId": "a22033b6-afdf-4226-9d63-b43beb2f9437", "keyword": "khai trương tdm", "step": "capture", "message": "Capturing posinset=22 (22/∞)…", "data": {"w": 2}, "seq": 19954}
{"ts": "2026-05-01T14:54:13.824930+00:00", "level": "INFO", "jobId": "a22033b6-afdf-4226-9d63-b43beb2f9437", "keyword": "khai trương tdm", "step": "capture", "message": "Saved post_022.png (posinset=22)", "data": {"w": 2}, "seq": 19957}
{"ts": "2026-05-01T14:54:13.826940+00:00", "level": "INFO", "jobId": "a22033b6-afdf-4226-9d63-b43beb2f9437", "keyword": "khai trương tdm", "step": "cooldown", "message": "Cooldown 1.0s (after capture)", "data": {"w": 2}, "seq": 19958}
{"ts": "2026-05-01T14:54:15.592992+00:00", "level": "INFO", "jobId": "a22033b6-afdf-4226-9d63-b43beb2f9437", "keyword": "khai trương tdm", "step": "heartbeat", "message": "Worker alive", "data": {"w": 2, "elapsed_s": 103}, "seq": 19962}
{"ts": "2026-05-01T14:54:15.595008+00:00", "level": "INFO", "jobId": "a22033b6-afdf-4226-9d63-b43beb2f9437", "keyword": "khai trương tdm", "step": "capture", "message": "Capturing posinset=23 (23/∞)…", "data": {"w": 2}, "seq": 19963}
{"ts": "2026-05-01T14:54:17.411715+00:00", "level": "INFO", "jobId": "a22033b6-afdf-4226-9d63-b43beb2f9437", "keyword": "khai trương tdm", "step": "capture", "message": "Saved post_023.png (posinset=23)", "data": {"w": 2}, "seq": 19969}
{"ts": "2026-05-01T14:54:17.412825+00:00", "level": "INFO", "jobId": "a22033b6-afdf-4226-9d63-b43beb2f9437", "keyword": "khai trương tdm", "step": "cooldown", "message": "Cooldown 1.0s (after capture)", "data": {"w": 2}, "seq": 19970}
{"ts": "2026-05-01T14:54:18.465930+00:00", "level": "INFO", "jobId": "a22033b6-afdf-4226-9d63-b43beb2f9437", "keyword": "khai trương tdm", "step": "capture", "message": "Capturing posinset=24 (24/∞)…", "data": {"w": 2}, "seq": 19972}
{"ts": "2026-05-01T14:54:20.279833+00:00", "level": "INFO", "jobId": "a22033b6-afdf-4226-9d63-b43beb2f9437", "keyword": "khai trương tdm", "step": "capture", "message": "Saved post_024.png (posinset=24)", "data": {"w": 2}, "seq": 19976}
{"ts": "2026-05-01T14:54:20.281201+00:00", "level": "INFO", "jobId": "a22033b6-afdf-4226-9d63-b43beb2f9437", "keyword": "khai trương tdm", "step": "cooldown", "message": "Cooldown 1.0s (after capture)", "data": {"w": 2}, "seq": 19977}
{"ts": "2026-05-01T14:54:21.305926+00:00", "level": "INFO", "jobId": "a22033b6-afdf-4226-9d63-b43beb2f9437", "keyword": "khai trương tdm", "step": "capture", "message": "Capturing posinset=25 (25/∞)…", "data": {"w": 2}, "seq": 19979}
{"ts": "2026-05-01T14:54:23.465778+00:00", "level": "INFO", "jobId": "a22033b6-afdf-4226-9d63-b43beb2f9437", "keyword": "khai trương tdm", "step": "capture", "message": "Saved post_025.png (posinset=25)", "data": {"w": 2}, "seq": 19984}
{"ts": "2026-05-01T14:54:23.467203+00:00", "level": "INFO", "jobId": "a22033b6-afdf-4226-9d63-b43beb2f9437", "keyword": "khai trương tdm", "step": "cooldown", "message": "Cooldown 1.0s (after capture)", "data": {"w": 2}, "seq": 19985}
{"ts": "2026-05-01T14:54:24.502202+00:00", "level": "INFO", "jobId": "a22033b6-afdf-4226-9d63-b43beb2f9437", "keyword": "khai trương tdm", "step": "capture", "message": "Capturing posinset=26 (26/∞)…", "data": {"w": 2}, "seq": 19990}
{"ts": "2026-05-01T14:54:26.397560+00:00", "level": "INFO", "jobId": "a22033b6-afdf-4226-9d63-b43beb2f9437", "keyword": "khai trương tdm", "step": "capture", "message": "Saved post_026.png (posinset=26)", "data": {"w": 2}, "seq": 19993}
{"ts": "2026-05-01T14:54:26.399568+00:00", "level": "INFO", "jobId": "a22033b6-afdf-4226-9d63-b43beb2f9437", "keyword": "khai trương tdm", "step": "cooldown", "message": "Cooldown 1.0s (after capture)", "data": {"w": 2}, "seq": 19994}
{"ts": "2026-05-01T14:54:27.407952+00:00", "level": "INFO", "jobId": "a22033b6-afdf-4226-9d63-b43beb2f9437", "keyword": "khai trương tdm", "step": "capture", "message": "Capturing posinset=27 (27/∞)…", "data": {"w": 2}, "seq": 19998}
{"ts": "2026-05-01T14:54:28.779204+00:00", "level": "INFO", "jobId": "a22033b6-afdf-4226-9d63-b43beb2f9437", "keyword": "khai trương tdm", "step": "capture", "message": "Saved post_027.png (posinset=27)", "data": {"w": 2}, "seq": 20002}
{"ts": "2026-05-01T14:54:28.780846+00:00", "level": "INFO", "jobId": "a22033b6-afdf-4226-9d63-b43beb2f9437", "keyword": "khai trương tdm", "step": "cooldown", "message": "Cooldown 1.0s (after capture)", "data": {"w": 2}, "seq": 20003}
{"ts": "2026-05-01T14:54:29.809656+00:00", "level": "INFO", "jobId": "a22033b6-afdf-4226-9d63-b43beb2f9437", "keyword": "khai trương tdm", "step": "capture", "message": "Capturing posinset=28 (28/∞)…", "data": {"w": 2}, "seq": 20007}
{"ts": "2026-05-01T14:54:32.072301+00:00", "level": "INFO", "jobId": "a22033b6-afdf-4226-9d63-b43beb2f9437", "keyword": "khai trương tdm", "step": "capture", "message": "Saved post_028.png (posinset=28)", "data": {"w": 2}, "seq": 20012}
{"ts": "2026-05-01T14:54:32.075758+00:00", "level": "INFO", "jobId": "a22033b6-afdf-4226-9d63-b43beb2f9437", "keyword": "khai trương tdm", "step": "cooldown", "message": "Cooldown 1.0s (after capture)", "data": {"w": 2}, "seq": 20013}
{"ts": "2026-05-01T14:54:33.610159+00:00", "level": "INFO", "jobId": "a22033b6-afdf-4226-9d63-b43beb2f9437", "keyword": "khai trương tdm", "step": "heartbeat", "message": "Worker alive", "data": {"w": 2, "elapsed_s": 121}, "seq": 20019}
{"ts": "2026-05-01T14:54:33.612429+00:00", "level": "INFO", "jobId": "a22033b6-afdf-4226-9d63-b43beb2f9437", "keyword": "khai trương tdm", "step": "capture", "message": "Capturing posinset=29 (29/∞)…", "data": {"w": 2}, "seq": 20020}
{"ts": "2026-05-01T14:54:36.896360+00:00", "level": "INFO", "jobId": "a22033b6-afdf-4226-9d63-b43beb2f9437", "keyword": "khai trương tdm", "step": "capture", "message": "Capturing posinset=29 (29/∞)…", "data": {"w": 2}, "seq": 20026}
{"ts": "2026-05-01T14:54:39.079672+00:00", "level": "INFO", "jobId": "a22033b6-afdf-4226-9d63-b43beb2f9437", "keyword": "khai trương tdm", "step": "capture", "message": "Saved post_029.png (posinset=29)", "data": {"w": 2}, "seq": 20029}
{"ts": "2026-05-01T14:54:39.081490+00:00", "level": "INFO", "jobId": "a22033b6-afdf-4226-9d63-b43beb2f9437", "keyword": "khai trương tdm", "step": "cooldown", "message": "Cooldown 1.0s (after capture)", "data": {"w": 2}, "seq": 20030}
{"ts": "2026-05-01T14:54:40.129732+00:00", "level": "INFO", "jobId": "a22033b6-afdf-4226-9d63-b43beb2f9437", "keyword": "khai trương tdm", "step": "capture", "message": "Capturing posinset=30 (30/∞)…", "data": {"w": 2}, "seq": 20031}
{"ts": "2026-05-01T14:54:42.674886+00:00", "level": "INFO", "jobId": "a22033b6-afdf-4226-9d63-b43beb2f9437", "keyword": "khai trương tdm", "step": "capture", "message": "Saved post_030.png (posinset=30)", "data": {"w": 2}, "seq": 20036}
{"ts": "2026-05-01T14:54:42.676898+00:00", "level": "INFO", "jobId": "a22033b6-afdf-4226-9d63-b43beb2f9437", "keyword": "khai trương tdm", "step": "cooldown", "message": "Cooldown 1.0s (after capture)", "data": {"w": 2}, "seq": 20037}
{"ts": "2026-05-01T14:54:43.710990+00:00", "level": "INFO", "jobId": "a22033b6-afdf-4226-9d63-b43beb2f9437", "keyword": "khai trương tdm", "step": "capture", "message": "Capturing posinset=31 (31/∞)…", "data": {"w": 2}, "seq": 20038}
{"ts": "2026-05-01T14:54:45.504561+00:00", "level": "INFO", "jobId": "a22033b6-afdf-4226-9d63-b43beb2f9437", "keyword": "khai trương tdm", "step": "capture", "message": "Saved post_031.png (posinset=31)", "data": {"w": 2}, "seq": 20045}
{"ts": "2026-05-01T14:54:45.507564+00:00", "level": "INFO", "jobId": "a22033b6-afdf-4226-9d63-b43beb2f9437", "keyword": "khai trương tdm", "step": "cooldown", "message": "Cooldown 1.0s (after capture)", "data": {"w": 2}, "seq": 20046}
{"ts": "2026-05-01T14:54:46.545596+00:00", "level": "INFO", "jobId": "a22033b6-afdf-4226-9d63-b43beb2f9437", "keyword": "khai trương tdm", "step": "capture", "message": "Capturing posinset=32 (32/∞)…", "data": {"w": 2}, "seq": 20049}
{"ts": "2026-05-01T14:54:48.083933+00:00", "level": "INFO", "jobId": "a22033b6-afdf-4226-9d63-b43beb2f9437", "keyword": "khai trương tdm", "step": "capture", "message": "Saved post_032.png (posinset=32)", "data": {"w": 2}, "seq": 20054}
{"ts": "2026-05-01T14:54:48.087102+00:00", "level": "INFO", "jobId": "a22033b6-afdf-4226-9d63-b43beb2f9437", "keyword": "khai trương tdm", "step": "cooldown", "message": "Cooldown 1.0s (after capture)", "data": {"w": 2}, "seq": 20055}
{"ts": "2026-05-01T14:54:49.195460+00:00", "level": "INFO", "jobId": "a22033b6-afdf-4226-9d63-b43beb2f9437", "keyword": "khai trương tdm", "step": "heartbeat", "message": "Worker alive", "data": {"w": 2, "elapsed_s": 137}, "seq": 20056}
{"ts": "2026-05-01T14:54:49.196459+00:00", "level": "INFO", "jobId": "a22033b6-afdf-4226-9d63-b43beb2f9437", "keyword": "khai trương tdm", "step": "capture", "message": "Capturing posinset=33 (33/∞)…", "data": {"w": 2}, "seq": 20057}
{"ts": "2026-05-01T14:54:50.713246+00:00", "level": "INFO", "jobId": "a22033b6-afdf-4226-9d63-b43beb2f9437", "keyword": "khai trương tdm", "step": "capture", "message": "Saved post_033.png (posinset=33)", "data": {"w": 2}, "seq": 20064}
{"ts": "2026-05-01T14:54:50.714486+00:00", "level": "INFO", "jobId": "a22033b6-afdf-4226-9d63-b43beb2f9437", "keyword": "khai trương tdm", "step": "cooldown", "message": "Cooldown 1.0s (after capture)", "data": {"w": 2}, "seq": 20065}
{"ts": "2026-05-01T14:54:52.179583+00:00", "level": "INFO", "jobId": "a22033b6-afdf-4226-9d63-b43beb2f9437", "keyword": "khai trương tdm", "step": "capture", "message": "Capturing posinset=34 (34/∞)…", "data": {"w": 2}, "seq": 20068}
{"ts": "2026-05-01T14:54:54.426447+00:00", "level": "INFO", "jobId": "a22033b6-afdf-4226-9d63-b43beb2f9437", "keyword": "khai trương tdm", "step": "capture", "message": "Saved post_034.png (posinset=34)", "data": {"w": 2}, "seq": 20075}
{"ts": "2026-05-01T14:54:54.431496+00:00", "level": "INFO", "jobId": "a22033b6-afdf-4226-9d63-b43beb2f9437", "keyword": "khai trương tdm", "step": "cooldown", "message": "Cooldown 1.0s (after capture)", "data": {"w": 2}, "seq": 20076}
{"ts": "2026-05-01T14:54:55.452814+00:00", "level": "INFO", "jobId": "a22033b6-afdf-4226-9d63-b43beb2f9437", "keyword": "khai trương tdm", "step": "capture", "message": "Capturing posinset=35 (35/∞)…", "data": {"w": 2}, "seq": 20080}
{"ts": "2026-05-01T14:54:57.296347+00:00", "level": "INFO", "jobId": "a22033b6-afdf-4226-9d63-b43beb2f9437", "keyword": "khai trương tdm", "step": "capture", "message": "Saved post_035.png (posinset=35)", "data": {"w": 2}, "seq": 20083}
{"ts": "2026-05-01T14:54:57.298854+00:00", "level": "INFO", "jobId": "a22033b6-afdf-4226-9d63-b43beb2f9437", "keyword": "khai trương tdm", "step": "cooldown", "message": "Cooldown 1.0s (after capture)", "data": {"w": 2}, "seq": 20084}
{"ts": "2026-05-01T14:54:58.347807+00:00", "level": "INFO", "jobId": "a22033b6-afdf-4226-9d63-b43beb2f9437", "keyword": "khai trương tdm", "step": "capture", "message": "Capturing posinset=36 (36/∞)…", "data": {"w": 2}, "seq": 20087}
{"ts": "2026-05-01T14:55:00.014528+00:00", "level": "INFO", "jobId": "a22033b6-afdf-4226-9d63-b43beb2f9437", "keyword": "khai trương tdm", "step": "capture", "message": "Saved post_036.png (posinset=36)", "data": {"w": 2}, "seq": 20093}
{"ts": "2026-05-01T14:55:00.018351+00:00", "level": "INFO", "jobId": "a22033b6-afdf-4226-9d63-b43beb2f9437", "keyword": "khai trương tdm", "step": "cooldown", "message": "Cooldown 1.0s (after capture)", "data": {"w": 2}, "seq": 20094}
{"ts": "2026-05-01T14:55:01.056715+00:00", "level": "INFO", "jobId": "a22033b6-afdf-4226-9d63-b43beb2f9437", "keyword": "khai trương tdm", "step": "capture", "message": "Capturing posinset=37 (37/∞)…", "data": {"w": 2}, "seq": 20098}
{"ts": "2026-05-01T14:55:02.722707+00:00", "level": "INFO", "jobId": "a22033b6-afdf-4226-9d63-b43beb2f9437", "keyword": "khai trương tdm", "step": "capture", "message": "Saved post_037.png (posinset=37)", "data": {"w": 2}, "seq": 20100}
{"ts": "2026-05-01T14:55:02.722707+00:00", "level": "INFO", "jobId": "a22033b6-afdf-4226-9d63-b43beb2f9437", "keyword": "khai trương tdm", "step": "cooldown", "message": "Cooldown 1.0s (after capture)", "data": {"w": 2}, "seq": 20101}
{"ts": "2026-05-01T14:55:03.760986+00:00", "level": "INFO", "jobId": "a22033b6-afdf-4226-9d63-b43beb2f9437", "keyword": "khai trương tdm", "step": "capture", "message": "Capturing posinset=38 (38/∞)…", "data": {"w": 2}, "seq": 20106}
{"ts": "2026-05-01T14:55:06.939324+00:00", "level": "INFO", "jobId": "a22033b6-afdf-4226-9d63-b43beb2f9437", "keyword": "khai trương tdm", "step": "capture", "message": "Saved post_038.png (posinset=38)", "data": {"w": 2}, "seq": 20113}
{"ts": "2026-05-01T14:55:06.941839+00:00", "level": "INFO", "jobId": "a22033b6-afdf-4226-9d63-b43beb2f9437", "keyword": "khai trương tdm", "step": "cooldown", "message": "Cooldown 1.0s (after capture)", "data": {"w": 2}, "seq": 20114}
{"ts": "2026-05-01T14:55:07.967345+00:00", "level": "INFO", "jobId": "a22033b6-afdf-4226-9d63-b43beb2f9437", "keyword": "khai trương tdm", "step": "heartbeat", "message": "Worker alive", "data": {"w": 2, "elapsed_s": 156}, "seq": 20117}
{"ts": "2026-05-01T14:55:07.969740+00:00", "level": "INFO", "jobId": "a22033b6-afdf-4226-9d63-b43beb2f9437", "keyword": "khai trương tdm", "step": "capture", "message": "Capturing posinset=39 (39/∞)…", "data": {"w": 2}, "seq": 20118}
{"ts": "2026-05-01T14:55:10.227127+00:00", "level": "INFO", "jobId": "a22033b6-afdf-4226-9d63-b43beb2f9437", "keyword": "khai trương tdm", "step": "capture", "message": "Saved post_039.png (posinset=39)", "data": {"w": 2}, "seq": 20121}
{"ts": "2026-05-01T14:55:10.228317+00:00", "level": "INFO", "jobId": "a22033b6-afdf-4226-9d63-b43beb2f9437", "keyword": "khai trương tdm", "step": "cooldown", "message": "Cooldown 1.0s (after capture)", "data": {"w": 2}, "seq": 20122}
{"ts": "2026-05-01T14:55:11.245670+00:00", "level": "INFO", "jobId": "a22033b6-afdf-4226-9d63-b43beb2f9437", "keyword": "khai trương tdm", "step": "capture", "message": "Capturing posinset=40 (40/∞)…", "data": {"w": 2}, "seq": 20126}
{"ts": "2026-05-01T14:55:12.875905+00:00", "level": "INFO", "jobId": "a22033b6-afdf-4226-9d63-b43beb2f9437", "keyword": "khai trương tdm", "step": "capture", "message": "Saved post_040.png (posinset=40)", "data": {"w": 2}, "seq": 20130}
{"ts": "2026-05-01T14:55:12.875905+00:00", "level": "INFO", "jobId": "a22033b6-afdf-4226-9d63-b43beb2f9437", "keyword": "khai trương tdm", "step": "cooldown", "message": "Cooldown 1.0s (after capture)", "data": {"w": 2}, "seq": 20131}
{"ts": "2026-05-01T14:55:13.912525+00:00", "level": "INFO", "jobId": "a22033b6-afdf-4226-9d63-b43beb2f9437", "keyword": "khai trương tdm", "step": "capture", "message": "Capturing posinset=41 (41/∞)…", "data": {"w": 2}, "seq": 20136}
{"ts": "2026-05-01T14:55:15.977614+00:00", "level": "INFO", "jobId": "a22033b6-afdf-4226-9d63-b43beb2f9437", "keyword": "khai trương tdm", "step": "capture", "message": "Saved post_041.png (posinset=41)", "data": {"w": 2}, "seq": 20141}
{"ts": "2026-05-01T14:55:15.980982+00:00", "level": "INFO", "jobId": "a22033b6-afdf-4226-9d63-b43beb2f9437", "keyword": "khai trương tdm", "step": "cooldown", "message": "Cooldown 1.0s (after capture)", "data": {"w": 2}, "seq": 20142}
{"ts": "2026-05-01T14:55:17.034311+00:00", "level": "INFO", "jobId": "a22033b6-afdf-4226-9d63-b43beb2f9437", "keyword": "khai trương tdm", "step": "capture", "message": "Capturing posinset=42 (42/∞)…", "data": {"w": 2}, "seq": 20145}
{"ts": "2026-05-01T14:55:18.782626+00:00", "level": "INFO", "jobId": "a22033b6-afdf-4226-9d63-b43beb2f9437", "keyword": "khai trương tdm", "step": "capture", "message": "Saved post_042.png (posinset=42)", "data": {"w": 2}, "seq": 20146}
{"ts": "2026-05-01T14:55:18.786970+00:00", "level": "INFO", "jobId": "a22033b6-afdf-4226-9d63-b43beb2f9437", "keyword": "khai trương tdm", "step": "cooldown", "message": "Cooldown 1.0s (after capture)", "data": {"w": 2}, "seq": 20147}
{"ts": "2026-05-01T14:55:19.827079+00:00", "level": "INFO", "jobId": "a22033b6-afdf-4226-9d63-b43beb2f9437", "keyword": "khai trương tdm", "step": "capture", "message": "Capturing posinset=43 (43/∞)…", "data": {"w": 2}, "seq": 20150}
{"ts": "2026-05-01T14:55:21.524770+00:00", "level": "INFO", "jobId": "a22033b6-afdf-4226-9d63-b43beb2f9437", "keyword": "khai trương tdm", "step": "capture", "message": "Saved post_043.png (posinset=43)", "data": {"w": 2}, "seq": 20155}
{"ts": "2026-05-01T14:55:21.527771+00:00", "level": "INFO", "jobId": "a22033b6-afdf-4226-9d63-b43beb2f9437", "keyword": "khai trương tdm", "step": "cooldown", "message": "Cooldown 1.0s (after capture)", "data": {"w": 2}, "seq": 20156}
{"ts": "2026-05-01T14:55:22.546934+00:00", "level": "INFO", "jobId": "a22033b6-afdf-4226-9d63-b43beb2f9437", "keyword": "khai trương tdm", "step": "capture", "message": "Capturing posinset=44 (44/∞)…", "data": {"w": 2}, "seq": 20159}
{"ts": "2026-05-01T14:55:24.742758+00:00", "level": "INFO", "jobId": "a22033b6-afdf-4226-9d63-b43beb2f9437", "keyword": "khai trương tdm", "step": "heartbeat", "message": "Worker alive", "data": {"w": 2, "elapsed_s": 172}, "seq": 20166}
{"ts": "2026-05-01T14:55:24.743890+00:00", "level": "INFO", "jobId": "a22033b6-afdf-4226-9d63-b43beb2f9437", "keyword": "khai trương tdm", "step": "capture", "message": "Capturing posinset=44 (44/∞)…", "data": {"w": 2}, "seq": 20167}
{"ts": "2026-05-01T14:55:28.072227+00:00", "level": "INFO", "jobId": "a22033b6-afdf-4226-9d63-b43beb2f9437", "keyword": "khai trương tdm", "step": "capture", "message": "Saved post_044.png (posinset=44)", "data": {"w": 2}, "seq": 20172}
{"ts": "2026-05-01T14:55:28.073226+00:00", "level": "INFO", "jobId": "a22033b6-afdf-4226-9d63-b43beb2f9437", "keyword": "khai trương tdm", "step": "cooldown", "message": "Cooldown 1.0s (after capture)", "data": {"w": 2}, "seq": 20173}
{"ts": "2026-05-01T14:55:29.105625+00:00", "level": "INFO", "jobId": "a22033b6-afdf-4226-9d63-b43beb2f9437", "keyword": "khai trương tdm", "step": "capture", "message": "Capturing posinset=45 (45/∞)…", "data": {"w": 2}, "seq": 20176}
{"ts": "2026-05-01T14:55:30.301023+00:00", "level": "INFO", "jobId": "a22033b6-afdf-4226-9d63-b43beb2f9437", "keyword": "khai trương tdm", "step": "capture", "message": "Saved post_045.png (posinset=45)", "data": {"w": 2}, "seq": 20181}
{"ts": "2026-05-01T14:55:30.302014+00:00", "level": "INFO", "jobId": "a22033b6-afdf-4226-9d63-b43beb2f9437", "keyword": "khai trương tdm", "step": "cooldown", "message": "Cooldown 1.0s (after capture)", "data": {"w": 2}, "seq": 20182}
{"ts": "2026-05-01T14:55:31.343853+00:00", "level": "INFO", "jobId": "a22033b6-afdf-4226-9d63-b43beb2f9437", "keyword": "khai trương tdm", "step": "capture", "message": "Capturing posinset=46 (46/∞)…", "data": {"w": 2}, "seq": 20187}
{"ts": "2026-05-01T14:55:33.258694+00:00", "level": "INFO", "jobId": "a22033b6-afdf-4226-9d63-b43beb2f9437", "keyword": "khai trương tdm", "step": "capture", "message": "Saved post_046.png (posinset=46)", "data": {"w": 2}, "seq": 20191}
{"ts": "2026-05-01T14:55:33.260041+00:00", "level": "INFO", "jobId": "a22033b6-afdf-4226-9d63-b43beb2f9437", "keyword": "khai trương tdm", "step": "cooldown", "message": "Cooldown 1.0s (after capture)", "data": {"w": 2}, "seq": 20192}
{"ts": "2026-05-01T14:55:34.308292+00:00", "level": "INFO", "jobId": "a22033b6-afdf-4226-9d63-b43beb2f9437", "keyword": "khai trương tdm", "step": "capture", "message": "Capturing posinset=47 (47/∞)…", "data": {"w": 2}, "seq": 20194}
{"ts": "2026-05-01T14:55:36.706045+00:00", "level": "INFO", "jobId": "a22033b6-afdf-4226-9d63-b43beb2f9437", "keyword": "khai trương tdm", "step": "capture", "message": "Saved post_047.png (posinset=47)", "data": {"w": 2}, "seq": 20200}
{"ts": "2026-05-01T14:55:36.709075+00:00", "level": "INFO", "jobId": "a22033b6-afdf-4226-9d63-b43beb2f9437", "keyword": "khai trương tdm", "step": "cooldown", "message": "Cooldown 1.0s (after capture)", "data": {"w": 2}, "seq": 20201}
{"ts": "2026-05-01T14:55:37.755935+00:00", "level": "INFO", "jobId": "a22033b6-afdf-4226-9d63-b43beb2f9437", "keyword": "khai trương tdm", "step": "capture", "message": "Capturing posinset=48 (48/∞)…", "data": {"w": 2}, "seq": 20205}
{"ts": "2026-05-01T14:55:39.859084+00:00", "level": "INFO", "jobId": "a22033b6-afdf-4226-9d63-b43beb2f9437", "keyword": "khai trương tdm", "step": "capture", "message": "Saved post_048.png (posinset=48)", "data": {"w": 2}, "seq": 20209}
{"ts": "2026-05-01T14:55:39.860090+00:00", "level": "INFO", "jobId": "a22033b6-afdf-4226-9d63-b43beb2f9437", "keyword": "khai trương tdm", "step": "cooldown", "message": "Cooldown 1.0s (after capture)", "data": {"w": 2}, "seq": 20210}
{"ts": "2026-05-01T14:55:40.886220+00:00", "level": "INFO", "jobId": "a22033b6-afdf-4226-9d63-b43beb2f9437", "keyword": "khai trương tdm", "step": "heartbeat", "message": "Worker alive", "data": {"w": 2, "elapsed_s": 188}, "seq": 20212}
{"ts": "2026-05-01T14:55:40.886220+00:00", "level": "INFO", "jobId": "a22033b6-afdf-4226-9d63-b43beb2f9437", "keyword": "khai trương tdm", "step": "capture", "message": "Capturing posinset=49 (49/∞)…", "data": {"w": 2}, "seq": 20213}
{"ts": "2026-05-01T14:55:42.427157+00:00", "level": "INFO", "jobId": "a22033b6-afdf-4226-9d63-b43beb2f9437", "keyword": "khai trương tdm", "step": "capture", "message": "Saved post_049.png (posinset=49)", "data": {"w": 2}, "seq": 20217}
{"ts": "2026-05-01T14:55:42.433967+00:00", "level": "INFO", "jobId": "a22033b6-afdf-4226-9d63-b43beb2f9437", "keyword": "khai trương tdm", "step": "cooldown", "message": "Cooldown 1.0s (after capture)", "data": {"w": 2}, "seq": 20218}
{"ts": "2026-05-01T14:55:43.471575+00:00", "level": "INFO", "jobId": "a22033b6-afdf-4226-9d63-b43beb2f9437", "keyword": "khai trương tdm", "step": "capture", "message": "Capturing posinset=50 (50/∞)…", "data": {"w": 2}, "seq": 20221}
{"ts": "2026-05-01T14:55:45.059773+00:00", "level": "INFO", "jobId": "a22033b6-afdf-4226-9d63-b43beb2f9437", "keyword": "khai trương tdm", "step": "capture", "message": "Saved post_050.png (posinset=50)", "data": {"w": 2}, "seq": 20227}
{"ts": "2026-05-01T14:55:45.060989+00:00", "level": "INFO", "jobId": "a22033b6-afdf-4226-9d63-b43beb2f9437", "keyword": "khai trương tdm", "step": "cooldown", "message": "Cooldown 1.0s (after capture)", "data": {"w": 2}, "seq": 20228}
{"ts": "2026-05-01T14:55:46.096573+00:00", "level": "INFO", "jobId": "a22033b6-afdf-4226-9d63-b43beb2f9437", "keyword": "khai trương tdm", "step": "capture", "message": "Capturing posinset=51 (51/∞)…", "data": {"w": 2}, "seq": 20231}
{"ts": "2026-05-01T14:55:47.539836+00:00", "level": "INFO", "jobId": "a22033b6-afdf-4226-9d63-b43beb2f9437", "keyword": "khai trương tdm", "step": "capture", "message": "Saved post_051.png (posinset=51)", "data": {"w": 2}, "seq": 20237}
{"ts": "2026-05-01T14:55:47.541131+00:00", "level": "INFO", "jobId": "a22033b6-afdf-4226-9d63-b43beb2f9437", "keyword": "khai trương tdm", "step": "cooldown", "message": "Cooldown 1.0s (after capture)", "data": {"w": 2}, "seq": 20238}
{"ts": "2026-05-01T14:55:48.564973+00:00", "level": "INFO", "jobId": "a22033b6-afdf-4226-9d63-b43beb2f9437", "keyword": "khai trương tdm", "step": "capture", "message": "Capturing posinset=52 (52/∞)…", "data": {"w": 2}, "seq": 20241}
{"ts": "2026-05-01T14:55:51.778618+00:00", "level": "INFO", "jobId": "a22033b6-afdf-4226-9d63-b43beb2f9437", "keyword": "khai trương tdm", "step": "capture", "message": "Capturing posinset=52 (52/∞)…", "data": {"w": 2}, "seq": 20246}
{"ts": "2026-05-01T14:55:53.888864+00:00", "level": "INFO", "jobId": "a22033b6-afdf-4226-9d63-b43beb2f9437", "keyword": "khai trương tdm", "step": "capture", "message": "Saved post_052.png (posinset=52)", "data": {"w": 2}, "seq": 20251}
{"ts": "2026-05-01T14:55:53.889953+00:00", "level": "INFO", "jobId": "a22033b6-afdf-4226-9d63-b43beb2f9437", "keyword": "khai trương tdm", "step": "cooldown", "message": "Cooldown 1.0s (after capture)", "data": {"w": 2}, "seq": 20252}
{"ts": "2026-05-01T14:55:54.969789+00:00", "level": "INFO", "jobId": "a22033b6-afdf-4226-9d63-b43beb2f9437", "keyword": "khai trương tdm", "step": "capture", "message": "Capturing posinset=53 (53/∞)…", "data": {"w": 2}, "seq": 20253}
{"ts": "2026-05-01T14:55:57.841309+00:00", "level": "INFO", "jobId": "a22033b6-afdf-4226-9d63-b43beb2f9437", "keyword": "khai trương tdm", "step": "capture", "message": "Saved post_053.png (posinset=53)", "data": {"w": 2}, "seq": 20257}
{"ts": "2026-05-01T14:55:57.851456+00:00", "level": "INFO", "jobId": "a22033b6-afdf-4226-9d63-b43beb2f9437", "keyword": "khai trương tdm", "step": "cooldown", "message": "Cooldown 1.0s (after capture)", "data": {"w": 2}, "seq": 20258}
{"ts": "2026-05-01T14:55:59.141475+00:00", "level": "INFO", "jobId": "a22033b6-afdf-4226-9d63-b43beb2f9437", "keyword": "khai trương tdm", "step": "heartbeat", "message": "Worker alive", "data": {"w": 2, "elapsed_s": 207}, "seq": 20259}
{"ts": "2026-05-01T14:55:59.145545+00:00", "level": "INFO", "jobId": "a22033b6-afdf-4226-9d63-b43beb2f9437", "keyword": "khai trương tdm", "step": "capture", "message": "Capturing posinset=54 (54/∞)…", "data": {"w": 2}, "seq": 20260}
{"ts": "2026-05-01T14:56:01.320558+00:00", "level": "INFO", "jobId": "a22033b6-afdf-4226-9d63-b43beb2f9437", "keyword": "khai trương tdm", "step": "capture", "message": "Saved post_054.png (posinset=54)", "data": {"w": 2}, "seq": 20268}
{"ts": "2026-05-01T14:56:01.321557+00:00", "level": "INFO", "jobId": "a22033b6-afdf-4226-9d63-b43beb2f9437", "keyword": "khai trương tdm", "step": "cooldown", "message": "Cooldown 1.0s (after capture)", "data": {"w": 2}, "seq": 20269}
{"ts": "2026-05-01T14:56:02.368910+00:00", "level": "INFO", "jobId": "a22033b6-afdf-4226-9d63-b43beb2f9437", "keyword": "khai trương tdm", "step": "capture", "message": "Capturing posinset=55 (55/∞)…", "data": {"w": 2}, "seq": 20270}
{"ts": "2026-05-01T14:56:04.717592+00:00", "level": "INFO", "jobId": "a22033b6-afdf-4226-9d63-b43beb2f9437", "keyword": "khai trương tdm", "step": "capture", "message": "Saved post_055.png (posinset=55)", "data": {"w": 2}, "seq": 20278}
{"ts": "2026-05-01T14:56:04.719625+00:00", "level": "INFO", "jobId": "a22033b6-afdf-4226-9d63-b43beb2f9437", "keyword": "khai trương tdm", "step": "cooldown", "message": "Cooldown 1.0s (after capture)", "data": {"w": 2}, "seq": 20279}
{"ts": "2026-05-01T14:56:05.770951+00:00", "level": "INFO", "jobId": "a22033b6-afdf-4226-9d63-b43beb2f9437", "keyword": "khai trương tdm", "step": "capture", "message": "Capturing posinset=56 (56/∞)…", "data": {"w": 2}, "seq": 20280}
{"ts": "2026-05-01T14:56:07.813289+00:00", "level": "INFO", "jobId": "a22033b6-afdf-4226-9d63-b43beb2f9437", "keyword": "khai trương tdm", "step": "capture", "message": "Saved post_056.png (posinset=56)", "data": {"w": 2}, "seq": 20287}
{"ts": "2026-05-01T14:56:07.816293+00:00", "level": "INFO", "jobId": "a22033b6-afdf-4226-9d63-b43beb2f9437", "keyword": "khai trương tdm", "step": "cooldown", "message": "Cooldown 1.0s (after capture)", "data": {"w": 2}, "seq": 20288}
{"ts": "2026-05-01T14:56:08.854279+00:00", "level": "INFO", "jobId": "a22033b6-afdf-4226-9d63-b43beb2f9437", "keyword": "khai trương tdm", "step": "capture", "message": "Capturing posinset=57 (57/∞)…", "data": {"w": 2}, "seq": 20291}
{"ts": "2026-05-01T14:56:10.649910+00:00", "level": "INFO", "jobId": "a22033b6-afdf-4226-9d63-b43beb2f9437", "keyword": "khai trương tdm", "step": "capture", "message": "Saved post_057.png (posinset=57)", "data": {"w": 2}, "seq": 20295}
{"ts": "2026-05-01T14:56:10.649910+00:00", "level": "INFO", "jobId": "a22033b6-afdf-4226-9d63-b43beb2f9437", "keyword": "khai trương tdm", "step": "cooldown", "message": "Cooldown 1.0s (after capture)", "data": {"w": 2}, "seq": 20296}
{"ts": "2026-05-01T14:56:11.686743+00:00", "level": "INFO", "jobId": "a22033b6-afdf-4226-9d63-b43beb2f9437", "keyword": "khai trương tdm", "step": "capture", "message": "Capturing posinset=58 (58/∞)…", "data": {"w": 2}, "seq": 20300}
{"ts": "2026-05-01T14:56:14.239309+00:00", "level": "INFO", "jobId": "a22033b6-afdf-4226-9d63-b43beb2f9437", "keyword": "khai trương tdm", "step": "capture", "message": "Saved post_058.png (posinset=58)", "data": {"w": 2}, "seq": 20302}
{"ts": "2026-05-01T14:56:14.242645+00:00", "level": "INFO", "jobId": "a22033b6-afdf-4226-9d63-b43beb2f9437", "keyword": "khai trương tdm", "step": "cooldown", "message": "Cooldown 1.0s (after capture)", "data": {"w": 2}, "seq": 20303}
{"ts": "2026-05-01T14:56:15.281783+00:00", "level": "INFO", "jobId": "a22033b6-afdf-4226-9d63-b43beb2f9437", "keyword": "khai trương tdm", "step": "heartbeat", "message": "Worker alive", "data": {"w": 2, "elapsed_s": 223}, "seq": 20304}
{"ts": "2026-05-01T14:56:15.283801+00:00", "level": "INFO", "jobId": "a22033b6-afdf-4226-9d63-b43beb2f9437", "keyword": "khai trương tdm", "step": "capture", "message": "Capturing posinset=59 (59/∞)…", "data": {"w": 2}, "seq": 20305}
{"ts": "2026-05-01T14:56:17.985998+00:00", "level": "INFO", "jobId": "a22033b6-afdf-4226-9d63-b43beb2f9437", "keyword": "khai trương tdm", "step": "capture", "message": "Saved post_059.png (posinset=59)", "data": {"w": 2}, "seq": 20308}
{"ts": "2026-05-01T14:56:17.987045+00:00", "level": "INFO", "jobId": "a22033b6-afdf-4226-9d63-b43beb2f9437", "keyword": "khai trương tdm", "step": "cooldown", "message": "Cooldown 1.0s (after capture)", "data": {"w": 2}, "seq": 20309}
{"ts": "2026-05-01T14:56:19.016231+00:00", "level": "INFO", "jobId": "a22033b6-afdf-4226-9d63-b43beb2f9437", "keyword": "khai trương tdm", "step": "capture", "message": "Capturing posinset=60 (60/∞)…", "data": {"w": 2}, "seq": 20314}
{"ts": "2026-05-01T14:56:20.766757+00:00", "level": "INFO", "jobId": "a22033b6-afdf-4226-9d63-b43beb2f9437", "keyword": "khai trương tdm", "step": "capture", "message": "Saved post_060.png (posinset=60)", "data": {"w": 2}, "seq": 20318}
{"ts": "2026-05-01T14:56:20.768966+00:00", "level": "INFO", "jobId": "a22033b6-afdf-4226-9d63-b43beb2f9437", "keyword": "khai trương tdm", "step": "cooldown", "message": "Cooldown 1.0s (after capture)", "data": {"w": 2}, "seq": 20319}
{"ts": "2026-05-01T14:56:21.812123+00:00", "level": "INFO", "jobId": "a22033b6-afdf-4226-9d63-b43beb2f9437", "keyword": "khai trương tdm", "step": "capture", "message": "Capturing posinset=61 (61/∞)…", "data": {"w": 2}, "seq": 20322}
{"ts": "2026-05-01T14:56:25.329630+00:00", "level": "INFO", "jobId": "a22033b6-afdf-4226-9d63-b43beb2f9437", "keyword": "khai trương tdm", "step": "capture", "message": "Capturing posinset=61 (61/∞)…", "data": {"w": 2}, "seq": 20327}
{"ts": "2026-05-01T14:56:27.341309+00:00", "level": "INFO", "jobId": "a22033b6-afdf-4226-9d63-b43beb2f9437", "keyword": "khai trương tdm", "step": "capture", "message": "Saved post_061.png (posinset=61)", "data": {"w": 2}, "seq": 20334}
{"ts": "2026-05-01T14:56:27.343321+00:00", "level": "INFO", "jobId": "a22033b6-afdf-4226-9d63-b43beb2f9437", "keyword": "khai trương tdm", "step": "cooldown", "message": "Cooldown 1.0s (after capture)", "data": {"w": 2}, "seq": 20335}
{"ts": "2026-05-01T14:56:28.402735+00:00", "level": "INFO", "jobId": "a22033b6-afdf-4226-9d63-b43beb2f9437", "keyword": "khai trương tdm", "step": "capture", "message": "Capturing posinset=62 (62/∞)…", "data": {"w": 2}, "seq": 20336}
{"ts": "2026-05-01T14:56:30.853158+00:00", "level": "INFO", "jobId": "a22033b6-afdf-4226-9d63-b43beb2f9437", "keyword": "khai trương tdm", "step": "capture", "message": "Saved post_062.png (posinset=62)", "data": {"w": 2}, "seq": 20343}
{"ts": "2026-05-01T14:56:30.854902+00:00", "level": "INFO", "jobId": "a22033b6-afdf-4226-9d63-b43beb2f9437", "keyword": "khai trương tdm", "step": "cooldown", "message": "Cooldown 1.0s (after capture)", "data": {"w": 2}, "seq": 20344}
{"ts": "2026-05-01T14:56:31.909205+00:00", "level": "INFO", "jobId": "a22033b6-afdf-4226-9d63-b43beb2f9437", "keyword": "khai trương tdm", "step": "heartbeat", "message": "Worker alive", "data": {"w": 2, "elapsed_s": 239}, "seq": 20345}
{"ts": "2026-05-01T14:56:31.910699+00:00", "level": "INFO", "jobId": "a22033b6-afdf-4226-9d63-b43beb2f9437", "keyword": "khai trương tdm", "step": "capture", "message": "Capturing posinset=63 (63/∞)…", "data": {"w": 2}, "seq": 20346}
{"ts": "2026-05-01T14:56:33.968102+00:00", "level": "INFO", "jobId": "a22033b6-afdf-4226-9d63-b43beb2f9437", "keyword": "khai trương tdm", "step": "capture", "message": "Saved post_063.png (posinset=63)", "data": {"w": 2}, "seq": 20354}
{"ts": "2026-05-01T14:56:33.969105+00:00", "level": "INFO", "jobId": "a22033b6-afdf-4226-9d63-b43beb2f9437", "keyword": "khai trương tdm", "step": "cooldown", "message": "Cooldown 1.0s (after capture)", "data": {"w": 2}, "seq": 20355}
{"ts": "2026-05-01T14:56:34.999874+00:00", "level": "INFO", "jobId": "a22033b6-afdf-4226-9d63-b43beb2f9437", "keyword": "khai trương tdm", "step": "capture", "message": "Capturing posinset=64 (64/∞)…", "data": {"w": 2}, "seq": 20356}
{"ts": "2026-05-01T14:56:37.267217+00:00", "level": "INFO", "jobId": "a22033b6-afdf-4226-9d63-b43beb2f9437", "keyword": "khai trương tdm", "step": "capture", "message": "Saved post_064.png (posinset=64)", "data": {"w": 2}, "seq": 20360}
{"ts": "2026-05-01T14:56:37.275768+00:00", "level": "INFO", "jobId": "a22033b6-afdf-4226-9d63-b43beb2f9437", "keyword": "khai trương tdm", "step": "cooldown", "message": "Cooldown 1.0s (after capture)", "data": {"w": 2}, "seq": 20361}
{"ts": "2026-05-01T14:56:38.745149+00:00", "level": "INFO", "jobId": "a22033b6-afdf-4226-9d63-b43beb2f9437", "keyword": "khai trương tdm", "step": "capture", "message": "Capturing posinset=65 (65/∞)…", "data": {"w": 2}, "seq": 20366}
{"ts": "2026-05-01T14:56:43.119830+00:00", "level": "INFO", "jobId": "a22033b6-afdf-4226-9d63-b43beb2f9437", "keyword": "khai trương tdm", "step": "capture", "message": "Saved post_065.png (posinset=65)", "data": {"w": 2}, "seq": 20376}
{"ts": "2026-05-01T14:56:43.121845+00:00", "level": "INFO", "jobId": "a22033b6-afdf-4226-9d63-b43beb2f9437", "keyword": "khai trương tdm", "step": "cooldown", "message": "Cooldown 1.0s (after capture)", "data": {"w": 2}, "seq": 20377}
{"ts": "2026-05-01T14:56:44.170121+00:00", "level": "INFO", "jobId": "a22033b6-afdf-4226-9d63-b43beb2f9437", "keyword": "khai trương tdm", "step": "capture", "message": "Capturing posinset=66 (66/∞)…", "data": {"w": 2}, "seq": 20378}
{"ts": "2026-05-01T14:56:46.280776+00:00", "level": "INFO", "jobId": "a22033b6-afdf-4226-9d63-b43beb2f9437", "keyword": "khai trương tdm", "step": "capture", "message": "Saved post_066.png (posinset=66)", "data": {"w": 2}, "seq": 20382}
{"ts": "2026-05-01T14:56:46.281859+00:00", "level": "INFO", "jobId": "a22033b6-afdf-4226-9d63-b43beb2f9437", "keyword": "khai trương tdm", "step": "cooldown", "message": "Cooldown 1.0s (after capture)", "data": {"w": 2}, "seq": 20383}
{"ts": "2026-05-01T14:56:47.314357+00:00", "level": "INFO", "jobId": "a22033b6-afdf-4226-9d63-b43beb2f9437", "keyword": "khai trương tdm", "step": "heartbeat", "message": "Worker alive", "data": {"w": 2, "elapsed_s": 255}, "seq": 20385}
{"ts": "2026-05-01T14:56:47.314357+00:00", "level": "INFO", "jobId": "a22033b6-afdf-4226-9d63-b43beb2f9437", "keyword": "khai trương tdm", "step": "capture", "message": "Capturing posinset=67 (67/∞)…", "data": {"w": 2}, "seq": 20386}
{"ts": "2026-05-01T14:56:51.200607+00:00", "level": "INFO", "jobId": "a22033b6-afdf-4226-9d63-b43beb2f9437", "keyword": "khai trương tdm", "step": "capture", "message": "Saved post_067.png (posinset=67)", "data": {"w": 2}, "seq": 20391}
{"ts": "2026-05-01T14:56:51.211607+00:00", "level": "INFO", "jobId": "a22033b6-afdf-4226-9d63-b43beb2f9437", "keyword": "khai trương tdm", "step": "cooldown", "message": "Cooldown 1.0s (after capture)", "data": {"w": 2}, "seq": 20392}
{"ts": "2026-05-01T14:56:52.484406+00:00", "level": "INFO", "jobId": "a22033b6-afdf-4226-9d63-b43beb2f9437", "keyword": "khai trương tdm", "step": "capture", "message": "Capturing posinset=68 (68/∞)…", "data": {"w": 2}, "seq": 20395}
{"ts": "2026-05-01T14:56:55.798575+00:00", "level": "INFO", "jobId": "a22033b6-afdf-4226-9d63-b43beb2f9437", "keyword": "khai trương tdm", "step": "capture", "message": "Saved post_068.png (posinset=68)", "data": {"w": 2}, "seq": 20403}
{"ts": "2026-05-01T14:56:55.800073+00:00", "level": "INFO", "jobId": "a22033b6-afdf-4226-9d63-b43beb2f9437", "keyword": "khai trương tdm", "step": "cooldown", "message": "Cooldown 1.0s (after capture)", "data": {"w": 2}, "seq": 20404}
{"ts": "2026-05-01T14:56:56.875189+00:00", "level": "INFO", "jobId": "a22033b6-afdf-4226-9d63-b43beb2f9437", "keyword": "khai trương tdm", "step": "capture", "message": "Capturing posinset=69 (69/∞)…", "data": {"w": 2}, "seq": 20408}
{"ts": "2026-05-01T14:56:59.446353+00:00", "level": "INFO", "jobId": "a22033b6-afdf-4226-9d63-b43beb2f9437", "keyword": "khai trương tdm", "step": "capture", "message": "Saved post_069.png (posinset=69)", "data": {"w": 2}, "seq": 20412}
{"ts": "2026-05-01T14:56:59.447352+00:00", "level": "INFO", "jobId": "a22033b6-afdf-4226-9d63-b43beb2f9437", "keyword": "khai trương tdm", "step": "cooldown", "message": "Cooldown 1.0s (after capture)", "data": {"w": 2}, "seq": 20413}
{"ts": "2026-05-01T14:57:00.729181+00:00", "level": "INFO", "jobId": "a22033b6-afdf-4226-9d63-b43beb2f9437", "keyword": "khai trương tdm", "step": "capture", "message": "Capturing posinset=70 (70/∞)…", "data": {"w": 2}, "seq": 20417}
{"ts": "2026-05-01T14:57:03.725294+00:00", "level": "INFO", "jobId": "a22033b6-afdf-4226-9d63-b43beb2f9437", "keyword": "khai trương tdm", "step": "capture", "message": "Saved post_070.png (posinset=70)", "data": {"w": 2}, "seq": 20422}
{"ts": "2026-05-01T14:57:03.727294+00:00", "level": "INFO", "jobId": "a22033b6-afdf-4226-9d63-b43beb2f9437", "keyword": "khai trương tdm", "step": "cooldown", "message": "Cooldown 1.0s (after capture)", "data": {"w": 2}, "seq": 20423}
{"ts": "2026-05-01T14:57:04.779754+00:00", "level": "INFO", "jobId": "a22033b6-afdf-4226-9d63-b43beb2f9437", "keyword": "khai trương tdm", "step": "heartbeat", "message": "Worker alive", "data": {"w": 2, "elapsed_s": 272}, "seq": 20427}
{"ts": "2026-05-01T14:57:04.780754+00:00", "level": "INFO", "jobId": "a22033b6-afdf-4226-9d63-b43beb2f9437", "keyword": "khai trương tdm", "step": "capture", "message": "Capturing posinset=71 (71/∞)…", "data": {"w": 2}, "seq": 20428}
{"ts": "2026-05-01T14:57:06.690052+00:00", "level": "INFO", "jobId": "a22033b6-afdf-4226-9d63-b43beb2f9437", "keyword": "khai trương tdm", "step": "capture", "message": "Saved post_071.png (posinset=71)", "data": {"w": 2}, "seq": 20433}
{"ts": "2026-05-01T14:57:06.691056+00:00", "level": "INFO", "jobId": "a22033b6-afdf-4226-9d63-b43beb2f9437", "keyword": "khai trương tdm", "step": "cooldown", "message": "Cooldown 1.0s (after capture)", "data": {"w": 2}, "seq": 20434}
{"ts": "2026-05-01T14:57:07.726017+00:00", "level": "INFO", "jobId": "a22033b6-afdf-4226-9d63-b43beb2f9437", "keyword": "khai trương tdm", "step": "capture", "message": "Capturing posinset=72 (72/∞)…", "data": {"w": 2}, "seq": 20438}
{"ts": "2026-05-01T14:57:09.312174+00:00", "level": "INFO", "jobId": "a22033b6-afdf-4226-9d63-b43beb2f9437", "keyword": "khai trương tdm", "step": "capture", "message": "Saved post_072.png (posinset=72)", "data": {"w": 2}, "seq": 20442}
{"ts": "2026-05-01T14:57:09.316467+00:00", "level": "INFO", "jobId": "a22033b6-afdf-4226-9d63-b43beb2f9437", "keyword": "khai trương tdm", "step": "cooldown", "message": "Cooldown 1.0s (after capture)", "data": {"w": 2}, "seq": 20443}
{"ts": "2026-05-01T14:57:10.335307+00:00", "level": "INFO", "jobId": "a22033b6-afdf-4226-9d63-b43beb2f9437", "keyword": "khai trương tdm", "step": "capture", "message": "Capturing posinset=73 (73/∞)…", "data": {"w": 2}, "seq": 20448}
{"ts": "2026-05-01T14:57:11.689381+00:00", "level": "INFO", "jobId": "a22033b6-afdf-4226-9d63-b43beb2f9437", "keyword": "khai trương tdm", "step": "capture", "message": "Saved post_073.png (posinset=73)", "data": {"w": 2}, "seq": 20452}
{"ts": "2026-05-01T14:57:11.690551+00:00", "level": "INFO", "jobId": "a22033b6-afdf-4226-9d63-b43beb2f9437", "keyword": "khai trương tdm", "step": "cooldown", "message": "Cooldown 1.0s (after capture)", "data": {"w": 2}, "seq": 20453}
{"ts": "2026-05-01T14:57:12.735134+00:00", "level": "INFO", "jobId": "a22033b6-afdf-4226-9d63-b43beb2f9437", "keyword": "khai trương tdm", "step": "capture", "message": "Capturing posinset=74 (74/∞)…", "data": {"w": 2}, "seq": 20456}
{"ts": "2026-05-01T14:57:13.960420+00:00", "level": "INFO", "jobId": "a22033b6-afdf-4226-9d63-b43beb2f9437", "keyword": "khai trương tdm", "step": "capture", "message": "Capturing posinset=74 (74/∞)…", "data": {"w": 2}, "seq": 20458}
{"ts": "2026-05-01T14:57:15.253834+00:00", "level": "INFO", "jobId": "a22033b6-afdf-4226-9d63-b43beb2f9437", "keyword": "khai trương tdm", "step": "capture", "message": "Capturing posinset=74 (74/∞)…", "data": {"w": 2}, "seq": 20462}
{"ts": "2026-05-01T14:57:16.743359+00:00", "level": "INFO", "jobId": "a22033b6-afdf-4226-9d63-b43beb2f9437", "keyword": "khai trương tdm", "step": "capture", "message": "Capturing posinset=74 (74/∞)…", "data": {"w": 2}, "seq": 20464}
{"ts": "2026-05-01T14:57:18.502014+00:00", "level": "INFO", "jobId": "a22033b6-afdf-4226-9d63-b43beb2f9437", "keyword": "khai trương tdm", "step": "capture", "message": "Capturing posinset=74 (74/∞)…", "data": {"w": 2}, "seq": 20469}
{"ts": "2026-05-01T14:57:20.156878+00:00", "level": "INFO", "jobId": "a22033b6-afdf-4226-9d63-b43beb2f9437", "keyword": "khai trương tdm", "step": "heartbeat", "message": "Worker alive", "data": {"w": 2, "elapsed_s": 288}, "seq": 20472}
{"ts": "2026-05-01T14:57:20.157878+00:00", "level": "INFO", "jobId": "a22033b6-afdf-4226-9d63-b43beb2f9437", "keyword": "khai trương tdm", "step": "capture", "message": "Capturing posinset=74 (74/∞)…", "data": {"w": 2}, "seq": 20473}
{"ts": "2026-05-01T14:57:21.860283+00:00", "level": "INFO", "jobId": "a22033b6-afdf-4226-9d63-b43beb2f9437", "keyword": "khai trương tdm", "step": "capture", "message": "Capturing posinset=74 (74/∞)…", "data": {"w": 2}, "seq": 20478}
{"ts": "2026-05-01T14:57:33.389428+00:00", "level": "INFO", "jobId": "a22033b6-afdf-4226-9d63-b43beb2f9437", "keyword": "khai trương tdm", "step": "capture", "message": "Capturing posinset=74 (74/∞)…", "data": {"w": 2}, "seq": 20504}
{"ts": "2026-05-01T14:57:45.751239+00:00", "level": "INFO", "jobId": "a22033b6-afdf-4226-9d63-b43beb2f9437", "keyword": "khai trương tdm", "step": "heartbeat", "message": "Worker alive", "data": {"w": 2, "elapsed_s": 313}, "seq": 20540}
{"ts": "2026-05-01T14:57:45.751239+00:00", "level": "INFO", "jobId": "a22033b6-afdf-4226-9d63-b43beb2f9437", "keyword": "khai trương tdm", "step": "capture", "message": "Capturing posinset=74 (74/∞)…", "data": {"w": 2}, "seq": 20541}
{"ts": "2026-05-01T14:57:47.158588+00:00", "level": "INFO", "jobId": "a22033b6-afdf-4226-9d63-b43beb2f9437", "keyword": "khai trương tdm", "step": "capture", "message": "Reached end of results (maxPos=73). Stopping capture loop.", "data": {"w": 2}, "seq": 20544}
{"ts": "2026-05-01T14:57:47.204664+00:00", "level": "INFO", "jobId": "a22033b6-afdf-4226-9d63-b43beb2f9437", "keyword": "khai trương tdm", "step": "capture", "message": "Capture loop finished (unlimited). Saved=73", "data": {"w": 2}, "seq": 20545}
{"ts": "2026-05-01T14:57:47.205719+00:00", "level": "INFO", "jobId": "a22033b6-afdf-4226-9d63-b43beb2f9437", "keyword": "khai trương tdm", "step": "done", "message": "Completed. Saved=73", "data": {"w": 2}, "seq": 20546}
