{"ts": "2026-05-01T10:16:59.885989+00:00", "level": "INFO", "jobId": "a299b59c-4bea-46b2-8fb6-3ae87fad2622", "keyword": "khai trương", "step": "created", "message": "Job created", "data": {"maxPosts": "unlimited"}, "seq": 15824}
{"ts": "2026-05-01T10:17:00.185996+00:00", "level": "INFO", "jobId": "a299b59c-4bea-46b2-8fb6-3ae87fad2622", "keyword": "khai trương", "step": "start", "message": "Job started (attempt 1/2)", "data": {"w": 0}, "seq": 15831}
{"ts": "2026-05-01T10:17:03.890337+00:00", "level": "INFO", "jobId": "a299b59c-4bea-46b2-8fb6-3ae87fad2622", "keyword": "khai trương", "step": "login", "message": "Already logged in (home).", "data": {"w": 0}, "seq": 15832}
{"ts": "2026-05-01T10:17:03.891674+00:00", "level": "INFO", "jobId": "a299b59c-4bea-46b2-8fb6-3ae87fad2622", "keyword": "khai trương", "step": "search", "message": "Searching keyword: \"khai trương\"", "data": {"w": 0}, "seq": 15833}
{"ts": "2026-05-01T10:17:07.621604+00:00", "level": "INFO", "jobId": "a299b59c-4bea-46b2-8fb6-3ae87fad2622", "keyword": "khai trương", "step": "capture", "message": "Start capturing all posts until end of results.", "data": {"w": 0}, "seq": 15834}
{"ts": "2026-05-01T10:17:07.622612+00:00", "level": "INFO", "jobId": "a299b59c-4bea-46b2-8fb6-3ae87fad2622", "keyword": "khai trương", "step": "capture", "message": "Output folder: Lan 1 - 1717", "data": {"w": 0}, "seq": 15835}
{"ts": "2026-05-01T10:17:11.080037+00:00", "level": "INFO", "jobId": "a299b59c-4bea-46b2-8fb6-3ae87fad2622", "keyword": "khai trương", "step": "capture", "message": "Capturing posinset=1 (1/∞)…", "data": {"w": 0}, "seq": 15836}
{"ts": "2026-05-01T10:17:12.611548+00:00", "level": "INFO", "jobId": "a299b59c-4bea-46b2-8fb6-3ae87fad2622", "keyword": "khai trương", "step": "capture", "message": "Saved post_001.png (posinset=1)", "data": {"w": 0}, "seq": 15837}
{"ts": "2026-05-01T10:17:12.612578+00:00", "level": "INFO", "jobId": "a299b59c-4bea-46b2-8fb6-3ae87fad2622", "keyword": "khai trương", "step": "cooldown", "message": "Cooldown 1.0s (after capture)", "data": {"w": 0}, "seq": 15838}
{"ts": "2026-05-01T10:17:13.642039+00:00", "level": "INFO", "jobId": "a299b59c-4bea-46b2-8fb6-3ae87fad2622", "keyword": "khai trương", "step": "capture", "message": "Capturing posinset=2 (2/∞)…", "data": {"w": 0}, "seq": 15839}
{"ts": "2026-05-01T10:17:14.497864+00:00", "level": "INFO", "jobId": "a299b59c-4bea-46b2-8fb6-3ae87fad2622", "keyword": "khai trương", "step": "capture", "message": "Saved post_002.png (posinset=2)", "data": {"w": 0}, "seq": 15840}
{"ts": "2026-05-01T10:17:14.498863+00:00", "level": "INFO", "jobId": "a299b59c-4bea-46b2-8fb6-3ae87fad2622", "keyword": "khai trương", "step": "cooldown", "message": "Cooldown 1.0s (after capture)", "data": {"w": 0}, "seq": 15841}
{"ts": "2026-05-01T10:17:15.550900+00:00", "level": "INFO", "jobId": "a299b59c-4bea-46b2-8fb6-3ae87fad2622", "keyword": "khai trương", "step": "capture", "message": "Capturing posinset=3 (3/∞)…", "data": {"w": 0}, "seq": 15842}
{"ts": "2026-05-01T10:17:16.630935+00:00", "level": "INFO", "jobId": "a299b59c-4bea-46b2-8fb6-3ae87fad2622", "keyword": "khai trương", "step": "capture", "message": "Saved post_003.png (posinset=3)", "data": {"w": 0}, "seq": 15843}
{"ts": "2026-05-01T10:17:16.630935+00:00", "level": "INFO", "jobId": "a299b59c-4bea-46b2-8fb6-3ae87fad2622", "keyword": "khai trương", "step": "cooldown", "message": "Cooldown 1.0s (after capture)", "data": {"w": 0}, "seq": 15844}
{"ts": "2026-05-01T10:17:17.649042+00:00", "level": "INFO", "jobId": "a299b59c-4bea-46b2-8fb6-3ae87fad2622", "keyword": "khai trương", "step": "capture", "message": "Capturing posinset=4 (4/∞)…", "data": {"w": 0}, "seq": 15845}
{"ts": "2026-05-01T10:17:18.510823+00:00", "level": "INFO", "jobId": "a299b59c-4bea-46b2-8fb6-3ae87fad2622", "keyword": "khai trương", "step": "capture", "message": "Saved post_004.png (posinset=4)", "data": {"w": 0}, "seq": 15846}
{"ts": "2026-05-01T10:17:18.510823+00:00", "level": "INFO", "jobId": "a299b59c-4bea-46b2-8fb6-3ae87fad2622", "keyword": "khai trương", "step": "cooldown", "message": "Cooldown 1.0s (after capture)", "data": {"w": 0}, "seq": 15847}
{"ts": "2026-05-01T10:17:19.531595+00:00", "level": "INFO", "jobId": "a299b59c-4bea-46b2-8fb6-3ae87fad2622", "keyword": "khai trương", "step": "capture", "message": "Capturing posinset=5 (5/∞)…", "data": {"w": 0}, "seq": 15848}
{"ts": "2026-05-01T10:17:20.381508+00:00", "level": "INFO", "jobId": "a299b59c-4bea-46b2-8fb6-3ae87fad2622", "keyword": "khai trương", "step": "capture", "message": "Saved post_005.png (posinset=5)", "data": {"w": 0}, "seq": 15849}
{"ts": "2026-05-01T10:17:20.382520+00:00", "level": "INFO", "jobId": "a299b59c-4bea-46b2-8fb6-3ae87fad2622", "keyword": "khai trương", "step": "cooldown", "message": "Cooldown 1.0s (after capture)", "data": {"w": 0}, "seq": 15850}
{"ts": "2026-05-01T10:17:21.459174+00:00", "level": "INFO", "jobId": "a299b59c-4bea-46b2-8fb6-3ae87fad2622", "keyword": "khai trương", "step": "capture", "message": "Capturing posinset=6 (6/∞)…", "data": {"w": 0}, "seq": 15851}
{"ts": "2026-05-01T10:17:22.505241+00:00", "level": "INFO", "jobId": "a299b59c-4bea-46b2-8fb6-3ae87fad2622", "keyword": "khai trương", "step": "capture", "message": "Saved post_006.png (posinset=6)", "data": {"w": 0}, "seq": 15852}
{"ts": "2026-05-01T10:17:22.507252+00:00", "level": "INFO", "jobId": "a299b59c-4bea-46b2-8fb6-3ae87fad2622", "keyword": "khai trương", "step": "cooldown", "message": "Cooldown 1.0s (after capture)", "data": {"w": 0}, "seq": 15853}
{"ts": "2026-05-01T10:17:23.543585+00:00", "level": "INFO", "jobId": "a299b59c-4bea-46b2-8fb6-3ae87fad2622", "keyword": "khai trương", "step": "capture", "message": "Capturing posinset=7 (7/∞)…", "data": {"w": 0}, "seq": 15854}
{"ts": "2026-05-01T10:17:24.575291+00:00", "level": "INFO", "jobId": "a299b59c-4bea-46b2-8fb6-3ae87fad2622", "keyword": "khai trương", "step": "capture", "message": "Saved post_007.png (posinset=7)", "data": {"w": 0}, "seq": 15855}
{"ts": "2026-05-01T10:17:24.576687+00:00", "level": "INFO", "jobId": "a299b59c-4bea-46b2-8fb6-3ae87fad2622", "keyword": "khai trương", "step": "cooldown", "message": "Cooldown 1.0s (after capture)", "data": {"w": 0}, "seq": 15856}
{"ts": "2026-05-01T10:17:25.592692+00:00", "level": "INFO", "jobId": "a299b59c-4bea-46b2-8fb6-3ae87fad2622", "keyword": "khai trương", "step": "heartbeat", "message": "Worker alive", "data": {"w": 0, "elapsed_s": 25}, "seq": 15857}
{"ts": "2026-05-01T10:17:25.592692+00:00", "level": "INFO", "jobId": "a299b59c-4bea-46b2-8fb6-3ae87fad2622", "keyword": "khai trương", "step": "capture", "message": "Capturing posinset=8 (8/∞)…", "data": {"w": 0}, "seq": 15858}
{"ts": "2026-05-01T10:17:26.311431+00:00", "level": "INFO", "jobId": "a299b59c-4bea-46b2-8fb6-3ae87fad2622", "keyword": "khai trương", "step": "capture", "message": "Saved post_008.png (posinset=8)", "data": {"w": 0}, "seq": 15859}
{"ts": "2026-05-01T10:17:26.312452+00:00", "level": "INFO", "jobId": "a299b59c-4bea-46b2-8fb6-3ae87fad2622", "keyword": "khai trương", "step": "cooldown", "message": "Cooldown 1.0s (after capture)", "data": {"w": 0}, "seq": 15860}
{"ts": "2026-05-01T10:17:27.331916+00:00", "level": "INFO", "jobId": "a299b59c-4bea-46b2-8fb6-3ae87fad2622", "keyword": "khai trương", "step": "capture", "message": "Capturing posinset=9 (9/∞)…", "data": {"w": 0}, "seq": 15861}
{"ts": "2026-05-01T10:17:28.108005+00:00", "level": "INFO", "jobId": "a299b59c-4bea-46b2-8fb6-3ae87fad2622", "keyword": "khai trương", "step": "capture", "message": "Saved post_009.png (posinset=9)", "data": {"w": 0}, "seq": 15862}
{"ts": "2026-05-01T10:17:28.109123+00:00", "level": "INFO", "jobId": "a299b59c-4bea-46b2-8fb6-3ae87fad2622", "keyword": "khai trương", "step": "cooldown", "message": "Cooldown 1.0s (after capture)", "data": {"w": 0}, "seq": 15863}
{"ts": "2026-05-01T10:17:29.131808+00:00", "level": "INFO", "jobId": "a299b59c-4bea-46b2-8fb6-3ae87fad2622", "keyword": "khai trương", "step": "capture", "message": "Capturing posinset=10 (10/∞)…", "data": {"w": 0}, "seq": 15864}
{"ts": "2026-05-01T10:17:29.934260+00:00", "level": "INFO", "jobId": "a299b59c-4bea-46b2-8fb6-3ae87fad2622", "keyword": "khai trương", "step": "capture", "message": "Saved post_010.png (posinset=10)", "data": {"w": 0}, "seq": 15865}
{"ts": "2026-05-01T10:17:29.935365+00:00", "level": "INFO", "jobId": "a299b59c-4bea-46b2-8fb6-3ae87fad2622", "keyword": "khai trương", "step": "cooldown", "message": "Cooldown 1.0s (after capture)", "data": {"w": 0}, "seq": 15866}
{"ts": "2026-05-01T10:17:31.258627+00:00", "level": "INFO", "jobId": "a299b59c-4bea-46b2-8fb6-3ae87fad2622", "keyword": "khai trương", "step": "capture", "message": "Capturing posinset=11 (11/∞)…", "data": {"w": 0}, "seq": 15867}
{"ts": "2026-05-01T10:17:32.893473+00:00", "level": "INFO", "jobId": "a299b59c-4bea-46b2-8fb6-3ae87fad2622", "keyword": "khai trương", "step": "capture", "message": "Saved post_011.png (posinset=11)", "data": {"w": 0}, "seq": 15868}
{"ts": "2026-05-01T10:17:32.895948+00:00", "level": "INFO", "jobId": "a299b59c-4bea-46b2-8fb6-3ae87fad2622", "keyword": "khai trương", "step": "cooldown", "message": "Cooldown 1.0s (after capture)", "data": {"w": 0}, "seq": 15869}
{"ts": "2026-05-01T10:17:33.913195+00:00", "level": "INFO", "jobId": "a299b59c-4bea-46b2-8fb6-3ae87fad2622", "keyword": "khai trương", "step": "capture", "message": "Capturing posinset=12 (12/∞)…", "data": {"w": 0}, "seq": 15870}
{"ts": "2026-05-01T10:17:34.681807+00:00", "level": "INFO", "jobId": "a299b59c-4bea-46b2-8fb6-3ae87fad2622", "keyword": "khai trương", "step": "capture", "message": "Saved post_012.png (posinset=12)", "data": {"w": 0}, "seq": 15871}
{"ts": "2026-05-01T10:17:34.684406+00:00", "level": "INFO", "jobId": "a299b59c-4bea-46b2-8fb6-3ae87fad2622", "keyword": "khai trương", "step": "cooldown", "message": "Cooldown 1.0s (after capture)", "data": {"w": 0}, "seq": 15872}
{"ts": "2026-05-01T10:17:35.717138+00:00", "level": "INFO", "jobId": "a299b59c-4bea-46b2-8fb6-3ae87fad2622", "keyword": "khai trương", "step": "capture", "message": "Capturing posinset=13 (13/∞)…", "data": {"w": 0}, "seq": 15873}
{"ts": "2026-05-01T10:17:36.711059+00:00", "level": "INFO", "jobId": "a299b59c-4bea-46b2-8fb6-3ae87fad2622", "keyword": "khai trương", "step": "capture", "message": "Saved post_013.png (posinset=13)", "data": {"w": 0}, "seq": 15874}
{"ts": "2026-05-01T10:17:36.712185+00:00", "level": "INFO", "jobId": "a299b59c-4bea-46b2-8fb6-3ae87fad2622", "keyword": "khai trương", "step": "cooldown", "message": "Cooldown 1.0s (after capture)", "data": {"w": 0}, "seq": 15875}
{"ts": "2026-05-01T10:17:37.758574+00:00", "level": "INFO", "jobId": "a299b59c-4bea-46b2-8fb6-3ae87fad2622", "keyword": "khai trương", "step": "capture", "message": "Capturing posinset=14 (14/∞)…", "data": {"w": 0}, "seq": 15876}
{"ts": "2026-05-01T10:17:38.445052+00:00", "level": "INFO", "jobId": "a299b59c-4bea-46b2-8fb6-3ae87fad2622", "keyword": "khai trương", "step": "capture", "message": "Saved post_014.png (posinset=14)", "data": {"w": 0}, "seq": 15877}
{"ts": "2026-05-01T10:17:38.446057+00:00", "level": "INFO", "jobId": "a299b59c-4bea-46b2-8fb6-3ae87fad2622", "keyword": "khai trương", "step": "cooldown", "message": "Cooldown 1.0s (after capture)", "data": {"w": 0}, "seq": 15878}
{"ts": "2026-05-01T10:17:39.468061+00:00", "level": "INFO", "jobId": "a299b59c-4bea-46b2-8fb6-3ae87fad2622", "keyword": "khai trương", "step": "capture", "message": "Capturing posinset=15 (15/∞)…", "data": {"w": 0}, "seq": 15879}
{"ts": "2026-05-01T10:17:40.268598+00:00", "level": "INFO", "jobId": "a299b59c-4bea-46b2-8fb6-3ae87fad2622", "keyword": "khai trương", "step": "capture", "message": "Saved post_015.png (posinset=15)", "data": {"w": 0}, "seq": 15880}
{"ts": "2026-05-01T10:17:40.269604+00:00", "level": "INFO", "jobId": "a299b59c-4bea-46b2-8fb6-3ae87fad2622", "keyword": "khai trương", "step": "cooldown", "message": "Cooldown 1.0s (after capture)", "data": {"w": 0}, "seq": 15881}
{"ts": "2026-05-01T10:17:41.629869+00:00", "level": "INFO", "jobId": "a299b59c-4bea-46b2-8fb6-3ae87fad2622", "keyword": "khai trương", "step": "heartbeat", "message": "Worker alive", "data": {"w": 0, "elapsed_s": 41}, "seq": 15882}
{"ts": "2026-05-01T10:17:41.632876+00:00", "level": "INFO", "jobId": "a299b59c-4bea-46b2-8fb6-3ae87fad2622", "keyword": "khai trương", "step": "capture", "message": "Capturing posinset=16 (16/∞)…", "data": {"w": 0}, "seq": 15883}
{"ts": "2026-05-01T10:17:43.286595+00:00", "level": "INFO", "jobId": "a299b59c-4bea-46b2-8fb6-3ae87fad2622", "keyword": "khai trương", "step": "capture", "message": "Saved post_016.png (posinset=16)", "data": {"w": 0}, "seq": 15884}
{"ts": "2026-05-01T10:17:43.287903+00:00", "level": "INFO", "jobId": "a299b59c-4bea-46b2-8fb6-3ae87fad2622", "keyword": "khai trương", "step": "cooldown", "message": "Cooldown 1.0s (after capture)", "data": {"w": 0}, "seq": 15885}
{"ts": "2026-05-01T10:17:44.316961+00:00", "level": "INFO", "jobId": "a299b59c-4bea-46b2-8fb6-3ae87fad2622", "keyword": "khai trương", "step": "capture", "message": "Capturing posinset=17 (17/∞)…", "data": {"w": 0}, "seq": 15886}
{"ts": "2026-05-01T10:17:45.786226+00:00", "level": "INFO", "jobId": "a299b59c-4bea-46b2-8fb6-3ae87fad2622", "keyword": "khai trương", "step": "capture", "message": "Saved post_017.png (posinset=17)", "data": {"w": 0}, "seq": 15887}
{"ts": "2026-05-01T10:17:45.787224+00:00", "level": "INFO", "jobId": "a299b59c-4bea-46b2-8fb6-3ae87fad2622", "keyword": "khai trương", "step": "cooldown", "message": "Cooldown 1.0s (after capture)", "data": {"w": 0}, "seq": 15888}
{"ts": "2026-05-01T10:17:46.802408+00:00", "level": "INFO", "jobId": "a299b59c-4bea-46b2-8fb6-3ae87fad2622", "keyword": "khai trương", "step": "capture", "message": "Capturing posinset=18 (18/∞)…", "data": {"w": 0}, "seq": 15889}
{"ts": "2026-05-01T10:17:47.778769+00:00", "level": "INFO", "jobId": "a299b59c-4bea-46b2-8fb6-3ae87fad2622", "keyword": "khai trương", "step": "capture", "message": "Saved post_018.png (posinset=18)", "data": {"w": 0}, "seq": 15890}
{"ts": "2026-05-01T10:17:47.779785+00:00", "level": "INFO", "jobId": "a299b59c-4bea-46b2-8fb6-3ae87fad2622", "keyword": "khai trương", "step": "cooldown", "message": "Cooldown 1.0s (after capture)", "data": {"w": 0}, "seq": 15891}
{"ts": "2026-05-01T10:17:48.813821+00:00", "level": "INFO", "jobId": "a299b59c-4bea-46b2-8fb6-3ae87fad2622", "keyword": "khai trương", "step": "capture", "message": "Capturing posinset=19 (19/∞)…", "data": {"w": 0}, "seq": 15892}
{"ts": "2026-05-01T10:17:49.437495+00:00", "level": "INFO", "jobId": "a299b59c-4bea-46b2-8fb6-3ae87fad2622", "keyword": "khai trương", "step": "capture", "message": "Saved post_019.png (posinset=19)", "data": {"w": 0}, "seq": 15893}
{"ts": "2026-05-01T10:17:49.438589+00:00", "level": "INFO", "jobId": "a299b59c-4bea-46b2-8fb6-3ae87fad2622", "keyword": "khai trương", "step": "cooldown", "message": "Cooldown 1.0s (after capture)", "data": {"w": 0}, "seq": 15894}
{"ts": "2026-05-01T10:17:50.458372+00:00", "level": "INFO", "jobId": "a299b59c-4bea-46b2-8fb6-3ae87fad2622", "keyword": "khai trương", "step": "capture", "message": "Capturing posinset=20 (20/∞)…", "data": {"w": 0}, "seq": 15895}
{"ts": "2026-05-01T10:17:51.473203+00:00", "level": "INFO", "jobId": "a299b59c-4bea-46b2-8fb6-3ae87fad2622", "keyword": "khai trương", "step": "capture", "message": "Saved post_020.png (posinset=20)", "data": {"w": 0}, "seq": 15896}
{"ts": "2026-05-01T10:17:51.474338+00:00", "level": "INFO", "jobId": "a299b59c-4bea-46b2-8fb6-3ae87fad2622", "keyword": "khai trương", "step": "cooldown", "message": "Cooldown 1.0s (after capture)", "data": {"w": 0}, "seq": 15897}
{"ts": "2026-05-01T10:17:52.490590+00:00", "level": "INFO", "jobId": "a299b59c-4bea-46b2-8fb6-3ae87fad2622", "keyword": "khai trương", "step": "capture", "message": "Capturing posinset=21 (21/∞)…", "data": {"w": 0}, "seq": 15898}
{"ts": "2026-05-01T10:17:55.646419+00:00", "level": "INFO", "jobId": "a299b59c-4bea-46b2-8fb6-3ae87fad2622", "keyword": "khai trương", "step": "capture", "message": "Capturing posinset=21 (21/∞)…", "data": {"w": 0}, "seq": 15899}
{"ts": "2026-05-01T10:17:56.426439+00:00", "level": "INFO", "jobId": "a299b59c-4bea-46b2-8fb6-3ae87fad2622", "keyword": "khai trương", "step": "capture", "message": "Saved post_021.png (posinset=21)", "data": {"w": 0}, "seq": 15900}
{"ts": "2026-05-01T10:17:56.428202+00:00", "level": "INFO", "jobId": "a299b59c-4bea-46b2-8fb6-3ae87fad2622", "keyword": "khai trương", "step": "cooldown", "message": "Cooldown 1.0s (after capture)", "data": {"w": 0}, "seq": 15901}
{"ts": "2026-05-01T10:17:57.451660+00:00", "level": "INFO", "jobId": "a299b59c-4bea-46b2-8fb6-3ae87fad2622", "keyword": "khai trương", "step": "heartbeat", "message": "Worker alive", "data": {"w": 0, "elapsed_s": 57}, "seq": 15902}
{"ts": "2026-05-01T10:17:57.451660+00:00", "level": "INFO", "jobId": "a299b59c-4bea-46b2-8fb6-3ae87fad2622", "keyword": "khai trương", "step": "capture", "message": "Capturing posinset=22 (22/∞)…", "data": {"w": 0}, "seq": 15903}
{"ts": "2026-05-01T10:17:58.327499+00:00", "level": "INFO", "jobId": "a299b59c-4bea-46b2-8fb6-3ae87fad2622", "keyword": "khai trương", "step": "capture", "message": "Saved post_022.png (posinset=22)", "data": {"w": 0}, "seq": 15904}
{"ts": "2026-05-01T10:17:58.329866+00:00", "level": "INFO", "jobId": "a299b59c-4bea-46b2-8fb6-3ae87fad2622", "keyword": "khai trương", "step": "cooldown", "message": "Cooldown 1.0s (after capture)", "data": {"w": 0}, "seq": 15905}
{"ts": "2026-05-01T10:17:59.383954+00:00", "level": "INFO", "jobId": "a299b59c-4bea-46b2-8fb6-3ae87fad2622", "keyword": "khai trương", "step": "capture", "message": "Capturing posinset=23 (23/∞)…", "data": {"w": 0}, "seq": 15906}
{"ts": "2026-05-01T10:18:00.240480+00:00", "level": "INFO", "jobId": "a299b59c-4bea-46b2-8fb6-3ae87fad2622", "keyword": "khai trương", "step": "capture", "message": "Saved post_023.png (posinset=23)", "data": {"w": 0}, "seq": 15907}
{"ts": "2026-05-01T10:18:00.241828+00:00", "level": "INFO", "jobId": "a299b59c-4bea-46b2-8fb6-3ae87fad2622", "keyword": "khai trương", "step": "cooldown", "message": "Cooldown 1.0s (after capture)", "data": {"w": 0}, "seq": 15908}
{"ts": "2026-05-01T10:18:01.262062+00:00", "level": "INFO", "jobId": "a299b59c-4bea-46b2-8fb6-3ae87fad2622", "keyword": "khai trương", "step": "capture", "message": "Capturing posinset=24 (24/∞)…", "data": {"w": 0}, "seq": 15909}
{"ts": "2026-05-01T10:18:02.439376+00:00", "level": "INFO", "jobId": "a299b59c-4bea-46b2-8fb6-3ae87fad2622", "keyword": "khai trương", "step": "capture", "message": "Saved post_024.png (posinset=24)", "data": {"w": 0}, "seq": 15910}
{"ts": "2026-05-01T10:18:02.440767+00:00", "level": "INFO", "jobId": "a299b59c-4bea-46b2-8fb6-3ae87fad2622", "keyword": "khai trương", "step": "cooldown", "message": "Cooldown 1.0s (after capture)", "data": {"w": 0}, "seq": 15911}
{"ts": "2026-05-01T10:18:03.463090+00:00", "level": "INFO", "jobId": "a299b59c-4bea-46b2-8fb6-3ae87fad2622", "keyword": "khai trương", "step": "capture", "message": "Capturing posinset=25 (25/∞)…", "data": {"w": 0}, "seq": 15912}
{"ts": "2026-05-01T10:18:04.374380+00:00", "level": "INFO", "jobId": "a299b59c-4bea-46b2-8fb6-3ae87fad2622", "keyword": "khai trương", "step": "capture", "message": "Saved post_025.png (posinset=25)", "data": {"w": 0}, "seq": 15913}
{"ts": "2026-05-01T10:18:04.374380+00:00", "level": "INFO", "jobId": "a299b59c-4bea-46b2-8fb6-3ae87fad2622", "keyword": "khai trương", "step": "cooldown", "message": "Cooldown 1.0s (after capture)", "data": {"w": 0}, "seq": 15914}
{"ts": "2026-05-01T10:18:05.392596+00:00", "level": "INFO", "jobId": "a299b59c-4bea-46b2-8fb6-3ae87fad2622", "keyword": "khai trương", "step": "capture", "message": "Capturing posinset=26 (26/∞)…", "data": {"w": 0}, "seq": 15915}
{"ts": "2026-05-01T10:18:07.549016+00:00", "level": "INFO", "jobId": "a299b59c-4bea-46b2-8fb6-3ae87fad2622", "keyword": "khai trương", "step": "capture", "message": "Saved post_026.png (posinset=26)", "data": {"w": 0}, "seq": 15916}
{"ts": "2026-05-01T10:18:07.550022+00:00", "level": "INFO", "jobId": "a299b59c-4bea-46b2-8fb6-3ae87fad2622", "keyword": "khai trương", "step": "cooldown", "message": "Cooldown 1.0s (after capture)", "data": {"w": 0}, "seq": 15917}
{"ts": "2026-05-01T10:18:08.572098+00:00", "level": "INFO", "jobId": "a299b59c-4bea-46b2-8fb6-3ae87fad2622", "keyword": "khai trương", "step": "capture", "message": "Capturing posinset=27 (27/∞)…", "data": {"w": 0}, "seq": 15918}
{"ts": "2026-05-01T10:18:21.188471+00:00", "level": "WARN", "jobId": "a299b59c-4bea-46b2-8fb6-3ae87fad2622", "keyword": "khai trương", "step": "retry", "message": "Element timeout: scroll_into_view timeout for posinset=27: element not visible after retries", "data": {"w": 0}, "seq": 15919}
{"ts": "2026-05-01T10:18:21.189674+00:00", "level": "WARN", "jobId": "a299b59c-4bea-46b2-8fb6-3ae87fad2622", "keyword": "khai trương", "step": "relaunch", "message": "Relaunching browser before retry.", "data": {"w": 0}, "seq": 15920}
{"ts": "2026-05-01T10:18:22.791173+00:00", "level": "WARN", "jobId": "a299b59c-4bea-46b2-8fb6-3ae87fad2622", "keyword": "khai trương", "step": "retry", "message": "Reset job to pending for retry.", "data": {"w": 0}, "seq": 15921}
{"ts": "2026-05-01T10:18:22.791173+00:00", "level": "INFO", "jobId": "a299b59c-4bea-46b2-8fb6-3ae87fad2622", "keyword": "khai trương", "step": "start", "message": "Job started (attempt 2/2)", "data": {"w": 0}, "seq": 15922}
{"ts": "2026-05-01T10:18:29.508115+00:00", "level": "INFO", "jobId": "a299b59c-4bea-46b2-8fb6-3ae87fad2622", "keyword": "khai trương", "step": "login", "message": "Already logged in (home).", "data": {"w": 0}, "seq": 15923}
{"ts": "2026-05-01T10:18:29.512135+00:00", "level": "INFO", "jobId": "a299b59c-4bea-46b2-8fb6-3ae87fad2622", "keyword": "khai trương", "step": "search", "message": "Searching keyword: \"khai trương\"", "data": {"w": 0}, "seq": 15924}
{"ts": "2026-05-01T10:18:34.712258+00:00", "level": "INFO", "jobId": "a299b59c-4bea-46b2-8fb6-3ae87fad2622", "keyword": "khai trương", "step": "capture", "message": "Start capturing all posts until end of results.", "data": {"w": 0}, "seq": 15925}
{"ts": "2026-05-01T10:18:34.714272+00:00", "level": "INFO", "jobId": "a299b59c-4bea-46b2-8fb6-3ae87fad2622", "keyword": "khai trương", "step": "capture", "message": "Output folder: Lan 2 - 1718", "data": {"w": 0}, "seq": 15926}
{"ts": "2026-05-01T10:18:38.821045+00:00", "level": "INFO", "jobId": "a299b59c-4bea-46b2-8fb6-3ae87fad2622", "keyword": "khai trương", "step": "capture", "message": "Capturing posinset=1 (1/∞)…", "data": {"w": 0}, "seq": 15927}
{"ts": "2026-05-01T10:18:40.442799+00:00", "level": "INFO", "jobId": "a299b59c-4bea-46b2-8fb6-3ae87fad2622", "keyword": "khai trương", "step": "capture", "message": "Saved post_001.png (posinset=1)", "data": {"w": 0}, "seq": 15928}
{"ts": "2026-05-01T10:18:40.443834+00:00", "level": "INFO", "jobId": "a299b59c-4bea-46b2-8fb6-3ae87fad2622", "keyword": "khai trương", "step": "cooldown", "message": "Cooldown 1.0s (after capture)", "data": {"w": 0}, "seq": 15929}
{"ts": "2026-05-01T10:18:41.449725+00:00", "level": "INFO", "jobId": "a299b59c-4bea-46b2-8fb6-3ae87fad2622", "keyword": "khai trương", "step": "capture", "message": "Capturing posinset=2 (2/∞)…", "data": {"w": 0}, "seq": 15930}
{"ts": "2026-05-01T10:18:42.073372+00:00", "level": "INFO", "jobId": "a299b59c-4bea-46b2-8fb6-3ae87fad2622", "keyword": "khai trương", "step": "capture", "message": "Saved post_002.png (posinset=2)", "data": {"w": 0}, "seq": 15931}
{"ts": "2026-05-01T10:18:42.073372+00:00", "level": "INFO", "jobId": "a299b59c-4bea-46b2-8fb6-3ae87fad2622", "keyword": "khai trương", "step": "cooldown", "message": "Cooldown 1.0s (after capture)", "data": {"w": 0}, "seq": 15932}
{"ts": "2026-05-01T10:18:43.115356+00:00", "level": "INFO", "jobId": "a299b59c-4bea-46b2-8fb6-3ae87fad2622", "keyword": "khai trương", "step": "capture", "message": "Capturing posinset=3 (3/∞)…", "data": {"w": 0}, "seq": 15933}
{"ts": "2026-05-01T10:18:43.805078+00:00", "level": "INFO", "jobId": "a299b59c-4bea-46b2-8fb6-3ae87fad2622", "keyword": "khai trương", "step": "capture", "message": "Saved post_003.png (posinset=3)", "data": {"w": 0}, "seq": 15934}
{"ts": "2026-05-01T10:18:43.806440+00:00", "level": "INFO", "jobId": "a299b59c-4bea-46b2-8fb6-3ae87fad2622", "keyword": "khai trương", "step": "cooldown", "message": "Cooldown 1.0s (after capture)", "data": {"w": 0}, "seq": 15935}
{"ts": "2026-05-01T10:18:44.829363+00:00", "level": "INFO", "jobId": "a299b59c-4bea-46b2-8fb6-3ae87fad2622", "keyword": "khai trương", "step": "capture", "message": "Capturing posinset=4 (4/∞)…", "data": {"w": 0}, "seq": 15936}
{"ts": "2026-05-01T10:18:45.408141+00:00", "level": "INFO", "jobId": "a299b59c-4bea-46b2-8fb6-3ae87fad2622", "keyword": "khai trương", "step": "capture", "message": "Saved post_004.png (posinset=4)", "data": {"w": 0}, "seq": 15937}
{"ts": "2026-05-01T10:18:45.408141+00:00", "level": "INFO", "jobId": "a299b59c-4bea-46b2-8fb6-3ae87fad2622", "keyword": "khai trương", "step": "cooldown", "message": "Cooldown 1.0s (after capture)", "data": {"w": 0}, "seq": 15938}
{"ts": "2026-05-01T10:18:46.445952+00:00", "level": "INFO", "jobId": "a299b59c-4bea-46b2-8fb6-3ae87fad2622", "keyword": "khai trương", "step": "capture", "message": "Capturing posinset=5 (5/∞)…", "data": {"w": 0}, "seq": 15939}
{"ts": "2026-05-01T10:18:47.076390+00:00", "level": "INFO", "jobId": "a299b59c-4bea-46b2-8fb6-3ae87fad2622", "keyword": "khai trương", "step": "capture", "message": "Saved post_005.png (posinset=5)", "data": {"w": 0}, "seq": 15940}
{"ts": "2026-05-01T10:18:47.077407+00:00", "level": "INFO", "jobId": "a299b59c-4bea-46b2-8fb6-3ae87fad2622", "keyword": "khai trương", "step": "cooldown", "message": "Cooldown 1.0s (after capture)", "data": {"w": 0}, "seq": 15941}
{"ts": "2026-05-01T10:18:48.104822+00:00", "level": "INFO", "jobId": "a299b59c-4bea-46b2-8fb6-3ae87fad2622", "keyword": "khai trương", "step": "capture", "message": "Capturing posinset=6 (6/∞)…", "data": {"w": 0}, "seq": 15942}
{"ts": "2026-05-01T10:18:48.713334+00:00", "level": "INFO", "jobId": "a299b59c-4bea-46b2-8fb6-3ae87fad2622", "keyword": "khai trương", "step": "capture", "message": "Saved post_006.png (posinset=6)", "data": {"w": 0}, "seq": 15943}
{"ts": "2026-05-01T10:18:48.714347+00:00", "level": "INFO", "jobId": "a299b59c-4bea-46b2-8fb6-3ae87fad2622", "keyword": "khai trương", "step": "cooldown", "message": "Cooldown 1.0s (after capture)", "data": {"w": 0}, "seq": 15944}
{"ts": "2026-05-01T10:18:49.731601+00:00", "level": "INFO", "jobId": "a299b59c-4bea-46b2-8fb6-3ae87fad2622", "keyword": "khai trương", "step": "capture", "message": "Capturing posinset=7 (7/∞)…", "data": {"w": 0}, "seq": 15945}
{"ts": "2026-05-01T10:18:50.391145+00:00", "level": "INFO", "jobId": "a299b59c-4bea-46b2-8fb6-3ae87fad2622", "keyword": "khai trương", "step": "capture", "message": "Saved post_007.png (posinset=7)", "data": {"w": 0}, "seq": 15946}
{"ts": "2026-05-01T10:18:50.392145+00:00", "level": "INFO", "jobId": "a299b59c-4bea-46b2-8fb6-3ae87fad2622", "keyword": "khai trương", "step": "cooldown", "message": "Cooldown 1.0s (after capture)", "data": {"w": 0}, "seq": 15947}
{"ts": "2026-05-01T10:18:51.408116+00:00", "level": "INFO", "jobId": "a299b59c-4bea-46b2-8fb6-3ae87fad2622", "keyword": "khai trương", "step": "capture", "message": "Capturing posinset=8 (8/∞)…", "data": {"w": 0}, "seq": 15948}
{"ts": "2026-05-01T10:18:52.081865+00:00", "level": "INFO", "jobId": "a299b59c-4bea-46b2-8fb6-3ae87fad2622", "keyword": "khai trương", "step": "capture", "message": "Saved post_008.png (posinset=8)", "data": {"w": 0}, "seq": 15949}
{"ts": "2026-05-01T10:18:52.082956+00:00", "level": "INFO", "jobId": "a299b59c-4bea-46b2-8fb6-3ae87fad2622", "keyword": "khai trương", "step": "cooldown", "message": "Cooldown 1.0s (after capture)", "data": {"w": 0}, "seq": 15950}
{"ts": "2026-05-01T10:18:53.088323+00:00", "level": "INFO", "jobId": "a299b59c-4bea-46b2-8fb6-3ae87fad2622", "keyword": "khai trương", "step": "heartbeat", "message": "Worker alive", "data": {"w": 0, "elapsed_s": 30}, "seq": 15951}
{"ts": "2026-05-01T10:18:53.088323+00:00", "level": "INFO", "jobId": "a299b59c-4bea-46b2-8fb6-3ae87fad2622", "keyword": "khai trương", "step": "capture", "message": "Capturing posinset=9 (9/∞)…", "data": {"w": 0}, "seq": 15952}
{"ts": "2026-05-01T10:18:53.641691+00:00", "level": "INFO", "jobId": "a299b59c-4bea-46b2-8fb6-3ae87fad2622", "keyword": "khai trương", "step": "capture", "message": "Saved post_009.png (posinset=9)", "data": {"w": 0}, "seq": 15953}
{"ts": "2026-05-01T10:18:53.642714+00:00", "level": "INFO", "jobId": "a299b59c-4bea-46b2-8fb6-3ae87fad2622", "keyword": "khai trương", "step": "cooldown", "message": "Cooldown 1.0s (after capture)", "data": {"w": 0}, "seq": 15954}
{"ts": "2026-05-01T10:18:54.665352+00:00", "level": "INFO", "jobId": "a299b59c-4bea-46b2-8fb6-3ae87fad2622", "keyword": "khai trương", "step": "capture", "message": "Capturing posinset=10 (10/∞)…", "data": {"w": 0}, "seq": 15955}
{"ts": "2026-05-01T10:18:55.322010+00:00", "level": "INFO", "jobId": "a299b59c-4bea-46b2-8fb6-3ae87fad2622", "keyword": "khai trương", "step": "capture", "message": "Saved post_010.png (posinset=10)", "data": {"w": 0}, "seq": 15956}
{"ts": "2026-05-01T10:18:55.323118+00:00", "level": "INFO", "jobId": "a299b59c-4bea-46b2-8fb6-3ae87fad2622", "keyword": "khai trương", "step": "cooldown", "message": "Cooldown 1.0s (after capture)", "data": {"w": 0}, "seq": 15957}
{"ts": "2026-05-01T10:18:56.456829+00:00", "level": "INFO", "jobId": "a299b59c-4bea-46b2-8fb6-3ae87fad2622", "keyword": "khai trương", "step": "capture", "message": "Capturing posinset=11 (11/∞)…", "data": {"w": 0}, "seq": 15958}
{"ts": "2026-05-01T10:18:57.138022+00:00", "level": "INFO", "jobId": "a299b59c-4bea-46b2-8fb6-3ae87fad2622", "keyword": "khai trương", "step": "capture", "message": "Saved post_011.png (posinset=11)", "data": {"w": 0}, "seq": 15959}
{"ts": "2026-05-01T10:18:57.138022+00:00", "level": "INFO", "jobId": "a299b59c-4bea-46b2-8fb6-3ae87fad2622", "keyword": "khai trương", "step": "cooldown", "message": "Cooldown 1.0s (after capture)", "data": {"w": 0}, "seq": 15960}
{"ts": "2026-05-01T10:18:58.166524+00:00", "level": "INFO", "jobId": "a299b59c-4bea-46b2-8fb6-3ae87fad2622", "keyword": "khai trương", "step": "capture", "message": "Capturing posinset=12 (12/∞)…", "data": {"w": 0}, "seq": 15961}
{"ts": "2026-05-01T10:18:58.875091+00:00", "level": "INFO", "jobId": "a299b59c-4bea-46b2-8fb6-3ae87fad2622", "keyword": "khai trương", "step": "capture", "message": "Saved post_012.png (posinset=12)", "data": {"w": 0}, "seq": 15962}
{"ts": "2026-05-01T10:18:58.875091+00:00", "level": "INFO", "jobId": "a299b59c-4bea-46b2-8fb6-3ae87fad2622", "keyword": "khai trương", "step": "cooldown", "message": "Cooldown 1.0s (after capture)", "data": {"w": 0}, "seq": 15963}
{"ts": "2026-05-01T10:18:59.899925+00:00", "level": "INFO", "jobId": "a299b59c-4bea-46b2-8fb6-3ae87fad2622", "keyword": "khai trương", "step": "capture", "message": "Capturing posinset=13 (13/∞)…", "data": {"w": 0}, "seq": 15964}
{"ts": "2026-05-01T10:19:00.589014+00:00", "level": "INFO", "jobId": "a299b59c-4bea-46b2-8fb6-3ae87fad2622", "keyword": "khai trương", "step": "capture", "message": "Saved post_013.png (posinset=13)", "data": {"w": 0}, "seq": 15965}
{"ts": "2026-05-01T10:19:00.590267+00:00", "level": "INFO", "jobId": "a299b59c-4bea-46b2-8fb6-3ae87fad2622", "keyword": "khai trương", "step": "cooldown", "message": "Cooldown 1.0s (after capture)", "data": {"w": 0}, "seq": 15966}
{"ts": "2026-05-01T10:19:01.615432+00:00", "level": "INFO", "jobId": "a299b59c-4bea-46b2-8fb6-3ae87fad2622", "keyword": "khai trương", "step": "capture", "message": "Capturing posinset=14 (14/∞)…", "data": {"w": 0}, "seq": 15967}
{"ts": "2026-05-01T10:19:02.236271+00:00", "level": "INFO", "jobId": "a299b59c-4bea-46b2-8fb6-3ae87fad2622", "keyword": "khai trương", "step": "capture", "message": "Saved post_014.png (posinset=14)", "data": {"w": 0}, "seq": 15968}
{"ts": "2026-05-01T10:19:02.237212+00:00", "level": "INFO", "jobId": "a299b59c-4bea-46b2-8fb6-3ae87fad2622", "keyword": "khai trương", "step": "cooldown", "message": "Cooldown 1.0s (after capture)", "data": {"w": 0}, "seq": 15969}
{"ts": "2026-05-01T10:19:03.262174+00:00", "level": "INFO", "jobId": "a299b59c-4bea-46b2-8fb6-3ae87fad2622", "keyword": "khai trương", "step": "capture", "message": "Capturing posinset=15 (15/∞)…", "data": {"w": 0}, "seq": 15970}
{"ts": "2026-05-01T10:19:03.958138+00:00", "level": "INFO", "jobId": "a299b59c-4bea-46b2-8fb6-3ae87fad2622", "keyword": "khai trương", "step": "capture", "message": "Saved post_015.png (posinset=15)", "data": {"w": 0}, "seq": 15971}
{"ts": "2026-05-01T10:19:03.959433+00:00", "level": "INFO", "jobId": "a299b59c-4bea-46b2-8fb6-3ae87fad2622", "keyword": "khai trương", "step": "cooldown", "message": "Cooldown 1.0s (after capture)", "data": {"w": 0}, "seq": 15972}
{"ts": "2026-05-01T10:19:05.105749+00:00", "level": "INFO", "jobId": "a299b59c-4bea-46b2-8fb6-3ae87fad2622", "keyword": "khai trương", "step": "capture", "message": "Capturing posinset=16 (16/∞)…", "data": {"w": 0}, "seq": 15973}
{"ts": "2026-05-01T10:19:06.418036+00:00", "level": "INFO", "jobId": "a299b59c-4bea-46b2-8fb6-3ae87fad2622", "keyword": "khai trương", "step": "capture", "message": "Saved post_016.png (posinset=16)", "data": {"w": 0}, "seq": 15974}
{"ts": "2026-05-01T10:19:06.419050+00:00", "level": "INFO", "jobId": "a299b59c-4bea-46b2-8fb6-3ae87fad2622", "keyword": "khai trương", "step": "cooldown", "message": "Cooldown 1.0s (after capture)", "data": {"w": 0}, "seq": 15975}
{"ts": "2026-05-01T10:19:07.677681+00:00", "level": "INFO", "jobId": "a299b59c-4bea-46b2-8fb6-3ae87fad2622", "keyword": "khai trương", "step": "capture", "message": "Capturing posinset=17 (17/∞)…", "data": {"w": 0}, "seq": 15976}
{"ts": "2026-05-01T10:19:08.482810+00:00", "level": "INFO", "jobId": "a299b59c-4bea-46b2-8fb6-3ae87fad2622", "keyword": "khai trương", "step": "capture", "message": "Saved post_017.png (posinset=17)", "data": {"w": 0}, "seq": 15977}
{"ts": "2026-05-01T10:19:08.483810+00:00", "level": "INFO", "jobId": "a299b59c-4bea-46b2-8fb6-3ae87fad2622", "keyword": "khai trương", "step": "cooldown", "message": "Cooldown 1.0s (after capture)", "data": {"w": 0}, "seq": 15978}
{"ts": "2026-05-01T10:19:09.527074+00:00", "level": "INFO", "jobId": "a299b59c-4bea-46b2-8fb6-3ae87fad2622", "keyword": "khai trương", "step": "heartbeat", "message": "Worker alive", "data": {"w": 0, "elapsed_s": 46}, "seq": 15979}
{"ts": "2026-05-01T10:19:09.529197+00:00", "level": "INFO", "jobId": "a299b59c-4bea-46b2-8fb6-3ae87fad2622", "keyword": "khai trương", "step": "capture", "message": "Capturing posinset=18 (18/∞)…", "data": {"w": 0}, "seq": 15980}
{"ts": "2026-05-01T10:19:10.309624+00:00", "level": "INFO", "jobId": "a299b59c-4bea-46b2-8fb6-3ae87fad2622", "keyword": "khai trương", "step": "capture", "message": "Saved post_018.png (posinset=18)", "data": {"w": 0}, "seq": 15981}
{"ts": "2026-05-01T10:19:10.310704+00:00", "level": "INFO", "jobId": "a299b59c-4bea-46b2-8fb6-3ae87fad2622", "keyword": "khai trương", "step": "cooldown", "message": "Cooldown 1.0s (after capture)", "data": {"w": 0}, "seq": 15982}
{"ts": "2026-05-01T10:19:11.341408+00:00", "level": "INFO", "jobId": "a299b59c-4bea-46b2-8fb6-3ae87fad2622", "keyword": "khai trương", "step": "capture", "message": "Capturing posinset=19 (19/∞)…", "data": {"w": 0}, "seq": 15983}
{"ts": "2026-05-01T10:19:11.953856+00:00", "level": "INFO", "jobId": "a299b59c-4bea-46b2-8fb6-3ae87fad2622", "keyword": "khai trương", "step": "capture", "message": "Saved post_019.png (posinset=19)", "data": {"w": 0}, "seq": 15984}
{"ts": "2026-05-01T10:19:11.954885+00:00", "level": "INFO", "jobId": "a299b59c-4bea-46b2-8fb6-3ae87fad2622", "keyword": "khai trương", "step": "cooldown", "message": "Cooldown 1.0s (after capture)", "data": {"w": 0}, "seq": 15985}
{"ts": "2026-05-01T10:19:12.978275+00:00", "level": "INFO", "jobId": "a299b59c-4bea-46b2-8fb6-3ae87fad2622", "keyword": "khai trương", "step": "capture", "message": "Capturing posinset=20 (20/∞)…", "data": {"w": 0}, "seq": 15986}
{"ts": "2026-05-01T10:19:13.696865+00:00", "level": "INFO", "jobId": "a299b59c-4bea-46b2-8fb6-3ae87fad2622", "keyword": "khai trương", "step": "capture", "message": "Saved post_020.png (posinset=20)", "data": {"w": 0}, "seq": 15987}
{"ts": "2026-05-01T10:19:13.697934+00:00", "level": "INFO", "jobId": "a299b59c-4bea-46b2-8fb6-3ae87fad2622", "keyword": "khai trương", "step": "cooldown", "message": "Cooldown 1.0s (after capture)", "data": {"w": 0}, "seq": 15988}
{"ts": "2026-05-01T10:19:14.741482+00:00", "level": "INFO", "jobId": "a299b59c-4bea-46b2-8fb6-3ae87fad2622", "keyword": "khai trương", "step": "capture", "message": "Capturing posinset=21 (21/∞)…", "data": {"w": 0}, "seq": 15989}
{"ts": "2026-05-01T10:19:15.559386+00:00", "level": "INFO", "jobId": "a299b59c-4bea-46b2-8fb6-3ae87fad2622", "keyword": "khai trương", "step": "capture", "message": "Saved post_021.png (posinset=21)", "data": {"w": 0}, "seq": 15990}
{"ts": "2026-05-01T10:19:15.560819+00:00", "level": "INFO", "jobId": "a299b59c-4bea-46b2-8fb6-3ae87fad2622", "keyword": "khai trương", "step": "cooldown", "message": "Cooldown 1.0s (after capture)", "data": {"w": 0}, "seq": 15991}
{"ts": "2026-05-01T10:19:16.592050+00:00", "level": "INFO", "jobId": "a299b59c-4bea-46b2-8fb6-3ae87fad2622", "keyword": "khai trương", "step": "capture", "message": "Capturing posinset=22 (22/∞)…", "data": {"w": 0}, "seq": 15992}
{"ts": "2026-05-01T10:19:17.374058+00:00", "level": "INFO", "jobId": "a299b59c-4bea-46b2-8fb6-3ae87fad2622", "keyword": "khai trương", "step": "capture", "message": "Saved post_022.png (posinset=22)", "data": {"w": 0}, "seq": 15993}
{"ts": "2026-05-01T10:19:17.374058+00:00", "level": "INFO", "jobId": "a299b59c-4bea-46b2-8fb6-3ae87fad2622", "keyword": "khai trương", "step": "cooldown", "message": "Cooldown 1.0s (after capture)", "data": {"w": 0}, "seq": 15994}
{"ts": "2026-05-01T10:19:18.403014+00:00", "level": "INFO", "jobId": "a299b59c-4bea-46b2-8fb6-3ae87fad2622", "keyword": "khai trương", "step": "capture", "message": "Capturing posinset=23 (23/∞)…", "data": {"w": 0}, "seq": 15995}
{"ts": "2026-05-01T10:19:19.054161+00:00", "level": "INFO", "jobId": "a299b59c-4bea-46b2-8fb6-3ae87fad2622", "keyword": "khai trương", "step": "capture", "message": "Saved post_023.png (posinset=23)", "data": {"w": 0}, "seq": 15996}
{"ts": "2026-05-01T10:19:19.055646+00:00", "level": "INFO", "jobId": "a299b59c-4bea-46b2-8fb6-3ae87fad2622", "keyword": "khai trương", "step": "cooldown", "message": "Cooldown 1.0s (after capture)", "data": {"w": 0}, "seq": 15997}
{"ts": "2026-05-01T10:19:20.082178+00:00", "level": "INFO", "jobId": "a299b59c-4bea-46b2-8fb6-3ae87fad2622", "keyword": "khai trương", "step": "capture", "message": "Capturing posinset=24 (24/∞)…", "data": {"w": 0}, "seq": 15998}
{"ts": "2026-05-01T10:19:20.768432+00:00", "level": "INFO", "jobId": "a299b59c-4bea-46b2-8fb6-3ae87fad2622", "keyword": "khai trương", "step": "capture", "message": "Saved post_024.png (posinset=24)", "data": {"w": 0}, "seq": 15999}
{"ts": "2026-05-01T10:19:20.769567+00:00", "level": "INFO", "jobId": "a299b59c-4bea-46b2-8fb6-3ae87fad2622", "keyword": "khai trương", "step": "cooldown", "message": "Cooldown 1.0s (after capture)", "data": {"w": 0}, "seq": 16000}
{"ts": "2026-05-01T10:19:21.797413+00:00", "level": "INFO", "jobId": "a299b59c-4bea-46b2-8fb6-3ae87fad2622", "keyword": "khai trương", "step": "capture", "message": "Capturing posinset=25 (25/∞)…", "data": {"w": 0}, "seq": 16001}
{"ts": "2026-05-01T10:19:22.486086+00:00", "level": "INFO", "jobId": "a299b59c-4bea-46b2-8fb6-3ae87fad2622", "keyword": "khai trương", "step": "capture", "message": "Saved post_025.png (posinset=25)", "data": {"w": 0}, "seq": 16002}
{"ts": "2026-05-01T10:19:22.486086+00:00", "level": "INFO", "jobId": "a299b59c-4bea-46b2-8fb6-3ae87fad2622", "keyword": "khai trương", "step": "cooldown", "message": "Cooldown 1.0s (after capture)", "data": {"w": 0}, "seq": 16003}
{"ts": "2026-05-01T10:19:23.519788+00:00", "level": "INFO", "jobId": "a299b59c-4bea-46b2-8fb6-3ae87fad2622", "keyword": "khai trương", "step": "capture", "message": "Capturing posinset=26 (26/∞)…", "data": {"w": 0}, "seq": 16004}
{"ts": "2026-05-01T10:19:24.550160+00:00", "level": "INFO", "jobId": "a299b59c-4bea-46b2-8fb6-3ae87fad2622", "keyword": "khai trương", "step": "capture", "message": "Saved post_026.png (posinset=26)", "data": {"w": 0}, "seq": 16005}
{"ts": "2026-05-01T10:19:24.551186+00:00", "level": "INFO", "jobId": "a299b59c-4bea-46b2-8fb6-3ae87fad2622", "keyword": "khai trương", "step": "cooldown", "message": "Cooldown 1.0s (after capture)", "data": {"w": 0}, "seq": 16006}
{"ts": "2026-05-01T10:19:25.597861+00:00", "level": "INFO", "jobId": "a299b59c-4bea-46b2-8fb6-3ae87fad2622", "keyword": "khai trương", "step": "heartbeat", "message": "Worker alive", "data": {"w": 0, "elapsed_s": 62}, "seq": 16007}
{"ts": "2026-05-01T10:19:25.600288+00:00", "level": "INFO", "jobId": "a299b59c-4bea-46b2-8fb6-3ae87fad2622", "keyword": "khai trương", "step": "capture", "message": "Capturing posinset=27 (27/∞)…", "data": {"w": 0}, "seq": 16008}
{"ts": "2026-05-01T10:19:26.284643+00:00", "level": "INFO", "jobId": "a299b59c-4bea-46b2-8fb6-3ae87fad2622", "keyword": "khai trương", "step": "capture", "message": "Saved post_027.png (posinset=27)", "data": {"w": 0}, "seq": 16009}
{"ts": "2026-05-01T10:19:26.285842+00:00", "level": "INFO", "jobId": "a299b59c-4bea-46b2-8fb6-3ae87fad2622", "keyword": "khai trương", "step": "cooldown", "message": "Cooldown 1.0s (after capture)", "data": {"w": 0}, "seq": 16010}
{"ts": "2026-05-01T10:19:27.310760+00:00", "level": "INFO", "jobId": "a299b59c-4bea-46b2-8fb6-3ae87fad2622", "keyword": "khai trương", "step": "capture", "message": "Capturing posinset=28 (28/∞)…", "data": {"w": 0}, "seq": 16011}
{"ts": "2026-05-01T10:19:27.951255+00:00", "level": "INFO", "jobId": "a299b59c-4bea-46b2-8fb6-3ae87fad2622", "keyword": "khai trương", "step": "capture", "message": "Saved post_028.png (posinset=28)", "data": {"w": 0}, "seq": 16012}
{"ts": "2026-05-01T10:19:27.952666+00:00", "level": "INFO", "jobId": "a299b59c-4bea-46b2-8fb6-3ae87fad2622", "keyword": "khai trương", "step": "cooldown", "message": "Cooldown 1.0s (after capture)", "data": {"w": 0}, "seq": 16013}
{"ts": "2026-05-01T10:19:28.985391+00:00", "level": "INFO", "jobId": "a299b59c-4bea-46b2-8fb6-3ae87fad2622", "keyword": "khai trương", "step": "capture", "message": "Capturing posinset=29 (29/∞)…", "data": {"w": 0}, "seq": 16014}
{"ts": "2026-05-01T10:19:30.256884+00:00", "level": "INFO", "jobId": "a299b59c-4bea-46b2-8fb6-3ae87fad2622", "keyword": "khai trương", "step": "capture", "message": "Saved post_029.png (posinset=29)", "data": {"w": 0}, "seq": 16015}
{"ts": "2026-05-01T10:19:30.257886+00:00", "level": "INFO", "jobId": "a299b59c-4bea-46b2-8fb6-3ae87fad2622", "keyword": "khai trương", "step": "cooldown", "message": "Cooldown 1.0s (after capture)", "data": {"w": 0}, "seq": 16016}
{"ts": "2026-05-01T10:19:31.293358+00:00", "level": "INFO", "jobId": "a299b59c-4bea-46b2-8fb6-3ae87fad2622", "keyword": "khai trương", "step": "capture", "message": "Capturing posinset=30 (30/∞)…", "data": {"w": 0}, "seq": 16017}
{"ts": "2026-05-01T10:19:32.295051+00:00", "level": "INFO", "jobId": "a299b59c-4bea-46b2-8fb6-3ae87fad2622", "keyword": "khai trương", "step": "capture", "message": "Saved post_030.png (posinset=30)", "data": {"w": 0}, "seq": 16018}
{"ts": "2026-05-01T10:19:32.295051+00:00", "level": "INFO", "jobId": "a299b59c-4bea-46b2-8fb6-3ae87fad2622", "keyword": "khai trương", "step": "cooldown", "message": "Cooldown 1.0s (after capture)", "data": {"w": 0}, "seq": 16019}
{"ts": "2026-05-01T10:19:33.344302+00:00", "level": "INFO", "jobId": "a299b59c-4bea-46b2-8fb6-3ae87fad2622", "keyword": "khai trương", "step": "capture", "message": "Capturing posinset=31 (31/∞)…", "data": {"w": 0}, "seq": 16020}
{"ts": "2026-05-01T10:19:33.979348+00:00", "level": "INFO", "jobId": "a299b59c-4bea-46b2-8fb6-3ae87fad2622", "keyword": "khai trương", "step": "capture", "message": "Saved post_031.png (posinset=31)", "data": {"w": 0}, "seq": 16021}
{"ts": "2026-05-01T10:19:33.979348+00:00", "level": "INFO", "jobId": "a299b59c-4bea-46b2-8fb6-3ae87fad2622", "keyword": "khai trương", "step": "cooldown", "message": "Cooldown 1.0s (after capture)", "data": {"w": 0}, "seq": 16022}
{"ts": "2026-05-01T10:19:35.047703+00:00", "level": "INFO", "jobId": "a299b59c-4bea-46b2-8fb6-3ae87fad2622", "keyword": "khai trương", "step": "capture", "message": "Capturing posinset=32 (32/∞)…", "data": {"w": 0}, "seq": 16023}
{"ts": "2026-05-01T10:19:35.790084+00:00", "level": "INFO", "jobId": "a299b59c-4bea-46b2-8fb6-3ae87fad2622", "keyword": "khai trương", "step": "capture", "message": "Saved post_032.png (posinset=32)", "data": {"w": 0}, "seq": 16024}
{"ts": "2026-05-01T10:19:35.790758+00:00", "level": "INFO", "jobId": "a299b59c-4bea-46b2-8fb6-3ae87fad2622", "keyword": "khai trương", "step": "cooldown", "message": "Cooldown 1.0s (after capture)", "data": {"w": 0}, "seq": 16025}
{"ts": "2026-05-01T10:19:36.818585+00:00", "level": "INFO", "jobId": "a299b59c-4bea-46b2-8fb6-3ae87fad2622", "keyword": "khai trương", "step": "capture", "message": "Capturing posinset=33 (33/∞)…", "data": {"w": 0}, "seq": 16026}
{"ts": "2026-05-01T10:19:38.189461+00:00", "level": "INFO", "jobId": "a299b59c-4bea-46b2-8fb6-3ae87fad2622", "keyword": "khai trương", "step": "capture", "message": "Saved post_033.png (posinset=33)", "data": {"w": 0}, "seq": 16027}
{"ts": "2026-05-01T10:19:38.189461+00:00", "level": "INFO", "jobId": "a299b59c-4bea-46b2-8fb6-3ae87fad2622", "keyword": "khai trương", "step": "cooldown", "message": "Cooldown 1.0s (after capture)", "data": {"w": 0}, "seq": 16028}
{"ts": "2026-05-01T10:19:39.212547+00:00", "level": "INFO", "jobId": "a299b59c-4bea-46b2-8fb6-3ae87fad2622", "keyword": "khai trương", "step": "capture", "message": "Capturing posinset=34 (34/∞)…", "data": {"w": 0}, "seq": 16029}
{"ts": "2026-05-01T10:19:39.941461+00:00", "level": "INFO", "jobId": "a299b59c-4bea-46b2-8fb6-3ae87fad2622", "keyword": "khai trương", "step": "capture", "message": "Saved post_034.png (posinset=34)", "data": {"w": 0}, "seq": 16030}
{"ts": "2026-05-01T10:19:39.942470+00:00", "level": "INFO", "jobId": "a299b59c-4bea-46b2-8fb6-3ae87fad2622", "keyword": "khai trương", "step": "cooldown", "message": "Cooldown 1.0s (after capture)", "data": {"w": 0}, "seq": 16031}
{"ts": "2026-05-01T10:19:40.986692+00:00", "level": "INFO", "jobId": "a299b59c-4bea-46b2-8fb6-3ae87fad2622", "keyword": "khai trương", "step": "heartbeat", "message": "Worker alive", "data": {"w": 0, "elapsed_s": 78}, "seq": 16032}
{"ts": "2026-05-01T10:19:40.987816+00:00", "level": "INFO", "jobId": "a299b59c-4bea-46b2-8fb6-3ae87fad2622", "keyword": "khai trương", "step": "capture", "message": "Capturing posinset=35 (35/∞)…", "data": {"w": 0}, "seq": 16033}
{"ts": "2026-05-01T10:19:41.654217+00:00", "level": "INFO", "jobId": "a299b59c-4bea-46b2-8fb6-3ae87fad2622", "keyword": "khai trương", "step": "capture", "message": "Saved post_035.png (posinset=35)", "data": {"w": 0}, "seq": 16034}
{"ts": "2026-05-01T10:19:41.655420+00:00", "level": "INFO", "jobId": "a299b59c-4bea-46b2-8fb6-3ae87fad2622", "keyword": "khai trương", "step": "cooldown", "message": "Cooldown 1.0s (after capture)", "data": {"w": 0}, "seq": 16035}
{"ts": "2026-05-01T10:19:42.705721+00:00", "level": "INFO", "jobId": "a299b59c-4bea-46b2-8fb6-3ae87fad2622", "keyword": "khai trương", "step": "capture", "message": "Capturing posinset=36 (36/∞)…", "data": {"w": 0}, "seq": 16036}
{"ts": "2026-05-01T10:19:43.418757+00:00", "level": "INFO", "jobId": "a299b59c-4bea-46b2-8fb6-3ae87fad2622", "keyword": "khai trương", "step": "capture", "message": "Saved post_036.png (posinset=36)", "data": {"w": 0}, "seq": 16037}
{"ts": "2026-05-01T10:19:43.418757+00:00", "level": "INFO", "jobId": "a299b59c-4bea-46b2-8fb6-3ae87fad2622", "keyword": "khai trương", "step": "cooldown", "message": "Cooldown 1.0s (after capture)", "data": {"w": 0}, "seq": 16038}
{"ts": "2026-05-01T10:19:44.452027+00:00", "level": "INFO", "jobId": "a299b59c-4bea-46b2-8fb6-3ae87fad2622", "keyword": "khai trương", "step": "capture", "message": "Capturing posinset=37 (37/∞)…", "data": {"w": 0}, "seq": 16039}
{"ts": "2026-05-01T10:19:45.251188+00:00", "level": "INFO", "jobId": "a299b59c-4bea-46b2-8fb6-3ae87fad2622", "keyword": "khai trương", "step": "capture", "message": "Saved post_037.png (posinset=37)", "data": {"w": 0}, "seq": 16040}
{"ts": "2026-05-01T10:19:45.251188+00:00", "level": "INFO", "jobId": "a299b59c-4bea-46b2-8fb6-3ae87fad2622", "keyword": "khai trương", "step": "cooldown", "message": "Cooldown 1.0s (after capture)", "data": {"w": 0}, "seq": 16041}
{"ts": "2026-05-01T10:19:46.299896+00:00", "level": "INFO", "jobId": "a299b59c-4bea-46b2-8fb6-3ae87fad2622", "keyword": "khai trương", "step": "capture", "message": "Capturing posinset=38 (38/∞)…", "data": {"w": 0}, "seq": 16042}
{"ts": "2026-05-01T10:19:47.030240+00:00", "level": "INFO", "jobId": "a299b59c-4bea-46b2-8fb6-3ae87fad2622", "keyword": "khai trương", "step": "capture", "message": "Saved post_038.png (posinset=38)", "data": {"w": 0}, "seq": 16043}
{"ts": "2026-05-01T10:19:47.031714+00:00", "level": "INFO", "jobId": "a299b59c-4bea-46b2-8fb6-3ae87fad2622", "keyword": "khai trương", "step": "cooldown", "message": "Cooldown 1.0s (after capture)", "data": {"w": 0}, "seq": 16044}
{"ts": "2026-05-01T10:19:48.074614+00:00", "level": "INFO", "jobId": "a299b59c-4bea-46b2-8fb6-3ae87fad2622", "keyword": "khai trương", "step": "capture", "message": "Capturing posinset=39 (39/∞)…", "data": {"w": 0}, "seq": 16045}
{"ts": "2026-05-01T10:19:48.857441+00:00", "level": "INFO", "jobId": "a299b59c-4bea-46b2-8fb6-3ae87fad2622", "keyword": "khai trương", "step": "capture", "message": "Saved post_039.png (posinset=39)", "data": {"w": 0}, "seq": 16046}
{"ts": "2026-05-01T10:19:48.857441+00:00", "level": "INFO", "jobId": "a299b59c-4bea-46b2-8fb6-3ae87fad2622", "keyword": "khai trương", "step": "cooldown", "message": "Cooldown 1.0s (after capture)", "data": {"w": 0}, "seq": 16047}
{"ts": "2026-05-01T10:19:50.020209+00:00", "level": "INFO", "jobId": "a299b59c-4bea-46b2-8fb6-3ae87fad2622", "keyword": "khai trương", "step": "capture", "message": "Capturing posinset=40 (40/∞)…", "data": {"w": 0}, "seq": 16048}
{"ts": "2026-05-01T10:19:51.051557+00:00", "level": "INFO", "jobId": "a299b59c-4bea-46b2-8fb6-3ae87fad2622", "keyword": "khai trương", "step": "capture", "message": "Saved post_040.png (posinset=40)", "data": {"w": 0}, "seq": 16049}
{"ts": "2026-05-01T10:19:51.052561+00:00", "level": "INFO", "jobId": "a299b59c-4bea-46b2-8fb6-3ae87fad2622", "keyword": "khai trương", "step": "cooldown", "message": "Cooldown 1.0s (after capture)", "data": {"w": 0}, "seq": 16050}
{"ts": "2026-05-01T10:19:52.064425+00:00", "level": "INFO", "jobId": "a299b59c-4bea-46b2-8fb6-3ae87fad2622", "keyword": "khai trương", "step": "capture", "message": "Capturing posinset=41 (41/∞)…", "data": {"w": 0}, "seq": 16051}
{"ts": "2026-05-01T10:19:52.853402+00:00", "level": "INFO", "jobId": "a299b59c-4bea-46b2-8fb6-3ae87fad2622", "keyword": "khai trương", "step": "capture", "message": "Saved post_041.png (posinset=41)", "data": {"w": 0}, "seq": 16052}
{"ts": "2026-05-01T10:19:52.854517+00:00", "level": "INFO", "jobId": "a299b59c-4bea-46b2-8fb6-3ae87fad2622", "keyword": "khai trương", "step": "cooldown", "message": "Cooldown 1.0s (after capture)", "data": {"w": 0}, "seq": 16053}
{"ts": "2026-05-01T10:19:53.904985+00:00", "level": "INFO", "jobId": "a299b59c-4bea-46b2-8fb6-3ae87fad2622", "keyword": "khai trương", "step": "capture", "message": "Capturing posinset=42 (42/∞)…", "data": {"w": 0}, "seq": 16054}
{"ts": "2026-05-01T10:19:54.714122+00:00", "level": "INFO", "jobId": "a299b59c-4bea-46b2-8fb6-3ae87fad2622", "keyword": "khai trương", "step": "capture", "message": "Saved post_042.png (posinset=42)", "data": {"w": 0}, "seq": 16055}
{"ts": "2026-05-01T10:19:54.715154+00:00", "level": "INFO", "jobId": "a299b59c-4bea-46b2-8fb6-3ae87fad2622", "keyword": "khai trương", "step": "cooldown", "message": "Cooldown 1.0s (after capture)", "data": {"w": 0}, "seq": 16056}
{"ts": "2026-05-01T10:19:55.767395+00:00", "level": "INFO", "jobId": "a299b59c-4bea-46b2-8fb6-3ae87fad2622", "keyword": "khai trương", "step": "capture", "message": "Capturing posinset=43 (43/∞)…", "data": {"w": 0}, "seq": 16057}
{"ts": "2026-05-01T10:19:56.523064+00:00", "level": "INFO", "jobId": "a299b59c-4bea-46b2-8fb6-3ae87fad2622", "keyword": "khai trương", "step": "capture", "message": "Saved post_043.png (posinset=43)", "data": {"w": 0}, "seq": 16058}
{"ts": "2026-05-01T10:19:56.524070+00:00", "level": "INFO", "jobId": "a299b59c-4bea-46b2-8fb6-3ae87fad2622", "keyword": "khai trương", "step": "cooldown", "message": "Cooldown 1.0s (after capture)", "data": {"w": 0}, "seq": 16059}
{"ts": "2026-05-01T10:19:57.545288+00:00", "level": "INFO", "jobId": "a299b59c-4bea-46b2-8fb6-3ae87fad2622", "keyword": "khai trương", "step": "heartbeat", "message": "Worker alive", "data": {"w": 0, "elapsed_s": 94}, "seq": 16060}
{"ts": "2026-05-01T10:19:57.546074+00:00", "level": "INFO", "jobId": "a299b59c-4bea-46b2-8fb6-3ae87fad2622", "keyword": "khai trương", "step": "capture", "message": "Capturing posinset=44 (44/∞)…", "data": {"w": 0}, "seq": 16061}
{"ts": "2026-05-01T10:19:58.690788+00:00", "level": "INFO", "jobId": "a299b59c-4bea-46b2-8fb6-3ae87fad2622", "keyword": "khai trương", "step": "capture", "message": "Saved post_044.png (posinset=44)", "data": {"w": 0}, "seq": 16062}
{"ts": "2026-05-01T10:19:58.690788+00:00", "level": "INFO", "jobId": "a299b59c-4bea-46b2-8fb6-3ae87fad2622", "keyword": "khai trương", "step": "cooldown", "message": "Cooldown 1.0s (after capture)", "data": {"w": 0}, "seq": 16063}
{"ts": "2026-05-01T10:19:59.793580+00:00", "level": "INFO", "jobId": "a299b59c-4bea-46b2-8fb6-3ae87fad2622", "keyword": "khai trương", "step": "capture", "message": "Capturing posinset=45 (45/∞)…", "data": {"w": 0}, "seq": 16064}
{"ts": "2026-05-01T10:20:01.278841+00:00", "level": "INFO", "jobId": "a299b59c-4bea-46b2-8fb6-3ae87fad2622", "keyword": "khai trương", "step": "capture", "message": "Capturing posinset=45 (45/∞)…", "data": {"w": 0}, "seq": 16065}
{"ts": "2026-05-01T10:20:02.455268+00:00", "level": "INFO", "jobId": "a299b59c-4bea-46b2-8fb6-3ae87fad2622", "keyword": "khai trương", "step": "capture", "message": "Saved post_045.png (posinset=45)", "data": {"w": 0}, "seq": 16066}
{"ts": "2026-05-01T10:20:02.455268+00:00", "level": "INFO", "jobId": "a299b59c-4bea-46b2-8fb6-3ae87fad2622", "keyword": "khai trương", "step": "cooldown", "message": "Cooldown 1.0s (after capture)", "data": {"w": 0}, "seq": 16067}
{"ts": "2026-05-01T10:20:03.507558+00:00", "level": "INFO", "jobId": "a299b59c-4bea-46b2-8fb6-3ae87fad2622", "keyword": "khai trương", "step": "capture", "message": "Capturing posinset=46 (46/∞)…", "data": {"w": 0}, "seq": 16068}
{"ts": "2026-05-01T10:20:17.477865+00:00", "level": "WARN", "jobId": "a299b59c-4bea-46b2-8fb6-3ae87fad2622", "keyword": "khai trương", "step": "retry", "message": "Element timeout: scroll_into_view timeout for posinset=46: element not visible after retries", "data": {"w": 0}, "seq": 16069}
