{"ts": "2026-05-01T08:12:03.815720+00:00", "level": "INFO", "jobId": "a457ce20-8184-4907-884d-0779b7018e62", "keyword": "khai trương hồng phát", "step": "created", "message": "Job created", "data": {"maxPosts": "unlimited"}, "seq": 14450}
{"ts": "2026-05-01T08:27:08.705205+00:00", "level": "INFO", "jobId": "a457ce20-8184-4907-884d-0779b7018e62", "keyword": "khai trương hồng phát", "step": "start", "message": "Job started (attempt 1/2)", "data": {"w": 1}, "seq": 14939}
{"ts": "2026-05-01T08:27:08.903818+00:00", "level": "INFO", "jobId": "a457ce20-8184-4907-884d-0779b7018e62", "keyword": "khai trương hồng phát", "step": "search", "message": "Searching keyword: \"khai trương hồng phát\"", "data": {"w": 1}, "seq": 14940}
{"ts": "2026-05-01T08:27:12.303829+00:00", "level": "INFO", "jobId": "a457ce20-8184-4907-884d-0779b7018e62", "keyword": "khai trương hồng phát", "step": "capture", "message": "Start capturing all posts until end of results.", "data": {"w": 1}, "seq": 14943}
{"ts": "2026-05-01T08:27:12.304919+00:00", "level": "INFO", "jobId": "a457ce20-8184-4907-884d-0779b7018e62", "keyword": "khai trương hồng phát", "step": "capture", "message": "Output folder: Lan 6 - 1527", "data": {"w": 1}, "seq": 14944}
{"ts": "2026-05-01T08:27:15.009527+00:00", "level": "INFO", "jobId": "a457ce20-8184-4907-884d-0779b7018e62", "keyword": "khai trương hồng phát", "step": "capture", "message": "Capturing 1/∞ (viewport)…", "data": {"w": 1}, "seq": 14945}
{"ts": "2026-05-01T08:27:15.478743+00:00", "level": "INFO", "jobId": "a457ce20-8184-4907-884d-0779b7018e62", "keyword": "khai trương hồng phát", "step": "capture", "message": "Expanded \"Xem thêm\" (exact-class): +1 (total 1)", "data": {"w": 1}, "seq": 14946}
{"ts": "2026-05-01T08:27:28.646122+00:00", "level": "INFO", "jobId": "a457ce20-8184-4907-884d-0779b7018e62", "keyword": "khai trương hồng phát", "step": "capture", "message": "Saved post_001.png", "data": {"w": 1}, "seq": 14951}
{"ts": "2026-05-01T08:27:28.646729+00:00", "level": "INFO", "jobId": "a457ce20-8184-4907-884d-0779b7018e62", "keyword": "khai trương hồng phát", "step": "cooldown", "message": "Cooldown 2.7s (after capture)", "data": {"w": 1}, "seq": 14952}
{"ts": "2026-05-01T08:27:31.834702+00:00", "level": "INFO", "jobId": "a457ce20-8184-4907-884d-0779b7018e62", "keyword": "khai trương hồng phát", "step": "heartbeat", "message": "Worker alive", "data": {"w": 1, "elapsed_s": 23}, "seq": 14955}
{"ts": "2026-05-01T08:27:31.836736+00:00", "level": "INFO", "jobId": "a457ce20-8184-4907-884d-0779b7018e62", "keyword": "khai trương hồng phát", "step": "capture", "message": "Capturing 2/∞ (viewport)…", "data": {"w": 1}, "seq": 14956}
{"ts": "2026-05-01T08:27:44.570197+00:00", "level": "INFO", "jobId": "a457ce20-8184-4907-884d-0779b7018e62", "keyword": "khai trương hồng phát", "step": "capture", "message": "Saved post_002.png", "data": {"w": 1}, "seq": 14959}
{"ts": "2026-05-01T08:27:44.571295+00:00", "level": "INFO", "jobId": "a457ce20-8184-4907-884d-0779b7018e62", "keyword": "khai trương hồng phát", "step": "cooldown", "message": "Cooldown 1.7s (after capture)", "data": {"w": 1}, "seq": 14960}
{"ts": "2026-05-01T08:27:48.742014+00:00", "level": "INFO", "jobId": "a457ce20-8184-4907-884d-0779b7018e62", "keyword": "khai trương hồng phát", "step": "heartbeat", "message": "Worker alive", "data": {"w": 1, "elapsed_s": 40}, "seq": 14964}
{"ts": "2026-05-01T08:27:48.743014+00:00", "level": "INFO", "jobId": "a457ce20-8184-4907-884d-0779b7018e62", "keyword": "khai trương hồng phát", "step": "capture", "message": "Capturing 3/∞ (viewport)…", "data": {"w": 1}, "seq": 14965}
{"ts": "2026-05-01T08:27:48.954286+00:00", "level": "INFO", "jobId": "a457ce20-8184-4907-884d-0779b7018e62", "keyword": "khai trương hồng phát", "step": "capture", "message": "Expanded \"Xem thêm\" (exact-class): +2 (total 2)", "data": {"w": 1}, "seq": 14967}
{"ts": "2026-05-01T08:28:01.973817+00:00", "level": "INFO", "jobId": "a457ce20-8184-4907-884d-0779b7018e62", "keyword": "khai trương hồng phát", "step": "capture", "message": "Saved post_003.png", "data": {"w": 1}, "seq": 14969}
{"ts": "2026-05-01T08:28:01.973817+00:00", "level": "INFO", "jobId": "a457ce20-8184-4907-884d-0779b7018e62", "keyword": "khai trương hồng phát", "step": "cooldown", "message": "Cooldown 1.0s (after capture)", "data": {"w": 1}, "seq": 14970}
{"ts": "2026-05-01T08:28:03.646669+00:00", "level": "INFO", "jobId": "a457ce20-8184-4907-884d-0779b7018e62", "keyword": "khai trương hồng phát", "step": "capture", "message": "Capturing 4/∞ (viewport)…", "data": {"w": 1}, "seq": 14972}
{"ts": "2026-05-01T08:28:04.140721+00:00", "level": "INFO", "jobId": "a457ce20-8184-4907-884d-0779b7018e62", "keyword": "khai trương hồng phát", "step": "heartbeat", "message": "Worker alive", "data": {"w": 1, "elapsed_s": 55}, "seq": 14973}
{"ts": "2026-05-01T08:28:16.778243+00:00", "level": "INFO", "jobId": "a457ce20-8184-4907-884d-0779b7018e62", "keyword": "khai trương hồng phát", "step": "capture", "message": "Saved post_004.png", "data": {"w": 1}, "seq": 14976}
{"ts": "2026-05-01T08:28:16.778243+00:00", "level": "INFO", "jobId": "a457ce20-8184-4907-884d-0779b7018e62", "keyword": "khai trương hồng phát", "step": "cooldown", "message": "Cooldown 1.1s (after capture)", "data": {"w": 1}, "seq": 14977}
{"ts": "2026-05-01T08:28:18.520500+00:00", "level": "INFO", "jobId": "a457ce20-8184-4907-884d-0779b7018e62", "keyword": "khai trương hồng phát", "step": "capture", "message": "Capturing 5/∞ (viewport)…", "data": {"w": 1}, "seq": 14980}
{"ts": "2026-05-01T08:28:19.467481+00:00", "level": "INFO", "jobId": "a457ce20-8184-4907-884d-0779b7018e62", "keyword": "khai trương hồng phát", "step": "heartbeat", "message": "Worker alive", "data": {"w": 1, "elapsed_s": 70}, "seq": 14981}
{"ts": "2026-05-01T08:28:31.482807+00:00", "level": "INFO", "jobId": "a457ce20-8184-4907-884d-0779b7018e62", "keyword": "khai trương hồng phát", "step": "capture", "message": "Saved post_005.png", "data": {"w": 1}, "seq": 14985}
{"ts": "2026-05-01T08:28:31.483809+00:00", "level": "INFO", "jobId": "a457ce20-8184-4907-884d-0779b7018e62", "keyword": "khai trương hồng phát", "step": "cooldown", "message": "Cooldown 2.2s (after capture)", "data": {"w": 1}, "seq": 14986}
{"ts": "2026-05-01T08:28:34.326050+00:00", "level": "INFO", "jobId": "a457ce20-8184-4907-884d-0779b7018e62", "keyword": "khai trương hồng phát", "step": "capture", "message": "Capturing 6/∞ (viewport)…", "data": {"w": 1}, "seq": 14989}
{"ts": "2026-05-01T08:28:34.553833+00:00", "level": "INFO", "jobId": "a457ce20-8184-4907-884d-0779b7018e62", "keyword": "khai trương hồng phát", "step": "capture", "message": "Expanded \"Xem thêm\" (exact-class): +1 (total 1)", "data": {"w": 1}, "seq": 14990}
{"ts": "2026-05-01T08:28:35.006972+00:00", "level": "INFO", "jobId": "a457ce20-8184-4907-884d-0779b7018e62", "keyword": "khai trương hồng phát", "step": "heartbeat", "message": "Worker alive", "data": {"w": 1, "elapsed_s": 86}, "seq": 14991}
{"ts": "2026-05-01T08:28:47.947621+00:00", "level": "INFO", "jobId": "a457ce20-8184-4907-884d-0779b7018e62", "keyword": "khai trương hồng phát", "step": "capture", "message": "Saved post_006.png", "data": {"w": 1}, "seq": 14995}
{"ts": "2026-05-01T08:28:47.949639+00:00", "level": "INFO", "jobId": "a457ce20-8184-4907-884d-0779b7018e62", "keyword": "khai trương hồng phát", "step": "cooldown", "message": "Cooldown 1.8s (after capture)", "data": {"w": 1}, "seq": 14996}
{"ts": "2026-05-01T08:28:50.312805+00:00", "level": "INFO", "jobId": "a457ce20-8184-4907-884d-0779b7018e62", "keyword": "khai trương hồng phát", "step": "heartbeat", "message": "Worker alive", "data": {"w": 1, "elapsed_s": 101}, "seq": 14999}
{"ts": "2026-05-01T08:28:50.313943+00:00", "level": "INFO", "jobId": "a457ce20-8184-4907-884d-0779b7018e62", "keyword": "khai trương hồng phát", "step": "capture", "message": "Capturing 7/∞ (viewport)…", "data": {"w": 1}, "seq": 15000}
{"ts": "2026-05-01T08:28:51.321492+00:00", "level": "WARN", "jobId": "a457ce20-8184-4907-884d-0779b7018e62", "keyword": "khai trương hồng phát", "step": "relaunch", "message": "Browser/page closed unexpectedly. Will relaunch + retry. (Page.screenshot: Target page, context or browser has been closed)", "data": {"w": 1}, "seq": 15001}
{"ts": "2026-05-01T08:28:53.704346+00:00", "level": "WARN", "jobId": "a457ce20-8184-4907-884d-0779b7018e62", "keyword": "khai trương hồng phát", "step": "retry", "message": "Reset job to pending for retry (closed target).", "data": {"w": 1}, "seq": 15005}
{"ts": "2026-05-01T08:28:53.707925+00:00", "level": "INFO", "jobId": "a457ce20-8184-4907-884d-0779b7018e62", "keyword": "khai trương hồng phát", "step": "start", "message": "Job started (attempt 2/2)", "data": {"w": 1}, "seq": 15006}
{"ts": "2026-05-01T08:28:53.922728+00:00", "level": "INFO", "jobId": "a457ce20-8184-4907-884d-0779b7018e62", "keyword": "khai trương hồng phát", "step": "search", "message": "Searching keyword: \"khai trương hồng phát\"", "data": {"w": 1}, "seq": 15007}
{"ts": "2026-05-01T08:28:55.822333+00:00", "level": "ERROR", "jobId": "a457ce20-8184-4907-884d-0779b7018e62", "keyword": "khai trương hồng phát", "step": "error", "message": "Unhandled error: Page.goto: Connection closed while reading from the driver", "data": {"w": 1, "trace": "Traceback (most recent call last):\n  File \"C:\\Users\\nguyenkhanhduyit\\Desktop\\Posts\\app\\worker\\runner.py\", line 657, in main\n    search_keyword(page, params, lambda s, m: jlog(s, m))\n  File \"C:\\Users\\nguyenkhanhduyit\\Desktop\\Posts\\app\\worker\\fb_automation\\automation.py\", line 364, in search_keyword\n    _goto_login(page)\n  File \"C:\\Users\\nguyenkhanhduyit\\Desktop\\Posts\\app\\worker\\fb_automation\\automation.py\", line 119, in _goto_login\n    page.goto(\"https://www.facebook.com/login.php\", wait_until=\"domcontentloaded\", timeout=60_000)\n  File \"C:\\Users\\nguyenkhanhduyit\\AppData\\Local\\Programs\\Python\\Python310\\lib\\site-packages\\playwright\\sync_api\\_generated.py\", line 9006, in goto\n    self._sync(\n  File \"C:\\Users\\nguyenkhanhduyit\\AppData\\Local\\Programs\\Python\\Python310\\lib\\site-packages\\playwright\\_impl\\_sync_base.py\", line 115, in _sync\n    return task.result()\n  File \"C:\\Users\\nguyenkhanhduyit\\AppData\\Local\\Programs\\Python\\Python310\\lib\\site-packages\\playwright\\_impl\\_page.py\", line 551, in goto\n    return await self._main_frame.goto(**locals_to_params(locals()))\n  File \"C:\\Users\\nguyenkhanhduyit\\AppData\\Local\\Programs\\Python\\Python310\\lib\\site-packages\\playwright\\_impl\\_frame.py\", line 145, in goto\n    await self._channel.send(\"goto\", locals_to_params(locals()))\n  File \"C:\\Users\\nguyenkhanhduyit\\AppData\\Local\\Programs\\Python\\Python310\\lib\\site-packages\\playwright\\_impl\\_connection.py\", line 61, in send\n    return await self._connection.wrap_api_call(\n  File \"C:\\Users\\nguyenkhanhduyit\\AppData\\Local\\Programs\\Python\\Python310\\lib\\site-packages\\playwright\\_impl\\_connection.py\", line 528, in wrap_api_call\n    raise rewrite_error(error, f\"{parsed_st['apiName']}: {error}\") from None\nException: Page.goto: Connection closed while reading from the driver\n"}, "seq": 15008}
