{"ts": "2026-05-01T09:47:43.662675+00:00", "level": "INFO", "jobId": "a67b36f3-156e-4f8d-840f-465e5d7b4eb0", "keyword": "khai trương", "step": "created", "message": "Job created", "data": {"maxPosts": 5}, "seq": 15367}
{"ts": "2026-05-01T09:47:43.995203+00:00", "level": "INFO", "jobId": "a67b36f3-156e-4f8d-840f-465e5d7b4eb0", "keyword": "khai trương", "step": "start", "message": "Job started (attempt 1/2)", "data": {"w": 0}, "seq": 15371}
{"ts": "2026-05-01T09:47:48.734598+00:00", "level": "INFO", "jobId": "a67b36f3-156e-4f8d-840f-465e5d7b4eb0", "keyword": "khai trương", "step": "login", "message": "Already logged in (home).", "data": {"w": 0}, "seq": 15372}
{"ts": "2026-05-01T09:47:48.737307+00:00", "level": "INFO", "jobId": "a67b36f3-156e-4f8d-840f-465e5d7b4eb0", "keyword": "khai trương", "step": "search", "message": "Searching keyword: \"khai trương\"", "data": {"w": 0}, "seq": 15373}
{"ts": "2026-05-01T09:47:52.845762+00:00", "level": "INFO", "jobId": "a67b36f3-156e-4f8d-840f-465e5d7b4eb0", "keyword": "khai trương", "step": "capture", "message": "Start capturing up to 5 posts.", "data": {"w": 0}, "seq": 15374}
{"ts": "2026-05-01T09:47:52.848874+00:00", "level": "INFO", "jobId": "a67b36f3-156e-4f8d-840f-465e5d7b4eb0", "keyword": "khai trương", "step": "capture", "message": "Output folder: Lan 17 - 1647", "data": {"w": 0}, "seq": 15375}
{"ts": "2026-05-01T09:47:56.017120+00:00", "level": "INFO", "jobId": "a67b36f3-156e-4f8d-840f-465e5d7b4eb0", "keyword": "khai trương", "step": "capture", "message": "Guard: forcing top before first capture (y=1220, primary=0)", "data": {"w": 0}, "seq": 15376}
{"ts": "2026-05-01T09:47:56.698731+00:00", "level": "INFO", "jobId": "a67b36f3-156e-4f8d-840f-465e5d7b4eb0", "keyword": "khai trương", "step": "capture", "message": "Capturing posinset=1 (1/5)…", "data": {"w": 0}, "seq": 15377}
{"ts": "2026-05-01T09:47:58.136181+00:00", "level": "INFO", "jobId": "a67b36f3-156e-4f8d-840f-465e5d7b4eb0", "keyword": "khai trương", "step": "capture", "message": "Saved post_001.png (posinset=1)", "data": {"w": 0}, "seq": 15378}
{"ts": "2026-05-01T09:47:58.137690+00:00", "level": "INFO", "jobId": "a67b36f3-156e-4f8d-840f-465e5d7b4eb0", "keyword": "khai trương", "step": "cooldown", "message": "Cooldown 1.0s (after capture)", "data": {"w": 0}, "seq": 15379}
{"ts": "2026-05-01T09:47:59.241724+00:00", "level": "INFO", "jobId": "a67b36f3-156e-4f8d-840f-465e5d7b4eb0", "keyword": "khai trương", "step": "capture", "message": "Capturing posinset=2 (2/5)…", "data": {"w": 0}, "seq": 15380}
{"ts": "2026-05-01T09:48:00.088700+00:00", "level": "INFO", "jobId": "a67b36f3-156e-4f8d-840f-465e5d7b4eb0", "keyword": "khai trương", "step": "capture", "message": "Saved post_002.png (posinset=2)", "data": {"w": 0}, "seq": 15381}
{"ts": "2026-05-01T09:48:00.090473+00:00", "level": "INFO", "jobId": "a67b36f3-156e-4f8d-840f-465e5d7b4eb0", "keyword": "khai trương", "step": "cooldown", "message": "Cooldown 1.0s (after capture)", "data": {"w": 0}, "seq": 15382}
{"ts": "2026-05-01T09:48:01.125658+00:00", "level": "INFO", "jobId": "a67b36f3-156e-4f8d-840f-465e5d7b4eb0", "keyword": "khai trương", "step": "capture", "message": "Capturing posinset=3 (3/5)…", "data": {"w": 0}, "seq": 15383}
{"ts": "2026-05-01T09:48:01.881155+00:00", "level": "INFO", "jobId": "a67b36f3-156e-4f8d-840f-465e5d7b4eb0", "keyword": "khai trương", "step": "capture", "message": "Saved post_003.png (posinset=3)", "data": {"w": 0}, "seq": 15384}
{"ts": "2026-05-01T09:48:01.882606+00:00", "level": "INFO", "jobId": "a67b36f3-156e-4f8d-840f-465e5d7b4eb0", "keyword": "khai trương", "step": "cooldown", "message": "Cooldown 1.0s (after capture)", "data": {"w": 0}, "seq": 15385}
{"ts": "2026-05-01T09:48:02.948796+00:00", "level": "INFO", "jobId": "a67b36f3-156e-4f8d-840f-465e5d7b4eb0", "keyword": "khai trương", "step": "capture", "message": "Capturing posinset=4 (4/5)…", "data": {"w": 0}, "seq": 15386}
{"ts": "2026-05-01T09:48:03.534880+00:00", "level": "INFO", "jobId": "a67b36f3-156e-4f8d-840f-465e5d7b4eb0", "keyword": "khai trương", "step": "capture", "message": "Saved post_004.png (posinset=4)", "data": {"w": 0}, "seq": 15387}
{"ts": "2026-05-01T09:48:03.536346+00:00", "level": "INFO", "jobId": "a67b36f3-156e-4f8d-840f-465e5d7b4eb0", "keyword": "khai trương", "step": "cooldown", "message": "Cooldown 1.0s (after capture)", "data": {"w": 0}, "seq": 15388}
{"ts": "2026-05-01T09:48:04.557088+00:00", "level": "INFO", "jobId": "a67b36f3-156e-4f8d-840f-465e5d7b4eb0", "keyword": "khai trương", "step": "capture", "message": "Capturing posinset=5 (5/5)…", "data": {"w": 0}, "seq": 15389}
{"ts": "2026-05-01T09:48:05.452468+00:00", "level": "INFO", "jobId": "a67b36f3-156e-4f8d-840f-465e5d7b4eb0", "keyword": "khai trương", "step": "capture", "message": "Saved post_005.png (posinset=5)", "data": {"w": 0}, "seq": 15390}
{"ts": "2026-05-01T09:48:05.452468+00:00", "level": "INFO", "jobId": "a67b36f3-156e-4f8d-840f-465e5d7b4eb0", "keyword": "khai trương", "step": "cooldown", "message": "Cooldown 1.0s (after capture)", "data": {"w": 0}, "seq": 15391}
{"ts": "2026-05-01T09:48:06.490178+00:00", "level": "INFO", "jobId": "a67b36f3-156e-4f8d-840f-465e5d7b4eb0", "keyword": "khai trương", "step": "done", "message": "Completed. Saved=5", "data": {"w": 0}, "seq": 15392}
