{"ts": "2026-05-01T15:06:16.090745+00:00", "level": "INFO", "jobId": "a7bd1e75-ee33-4995-85b8-4ef228e9353f", "keyword": "khai trương tdm", "step": "created", "message": "Job created", "data": {"maxPosts": "unlimited"}, "seq": 21787}
{"ts": "2026-05-01T15:06:16.551739+00:00", "level": "INFO", "jobId": "a7bd1e75-ee33-4995-85b8-4ef228e9353f", "keyword": "khai trương tdm", "step": "start", "message": "Job started (attempt 1/1)", "data": {"w": 2}, "seq": 21793}
{"ts": "2026-05-01T15:06:34.717446+00:00", "level": "INFO", "jobId": "a7bd1e75-ee33-4995-85b8-4ef228e9353f", "keyword": "khai trương tdm", "step": "login", "message": "Already logged in (home).", "data": {"w": 2}, "seq": 21797}
{"ts": "2026-05-01T15:06:34.721448+00:00", "level": "INFO", "jobId": "a7bd1e75-ee33-4995-85b8-4ef228e9353f", "keyword": "khai trương tdm", "step": "search", "message": "Searching keyword: \"khai trương tdm\"", "data": {"w": 2}, "seq": 21798}
{"ts": "2026-05-01T15:06:44.872289+00:00", "level": "INFO", "jobId": "a7bd1e75-ee33-4995-85b8-4ef228e9353f", "keyword": "khai trương tdm", "step": "capture", "message": "Start capturing all posts until end of results.", "data": {"w": 2}, "seq": 21801}
{"ts": "2026-05-01T15:06:44.952189+00:00", "level": "INFO", "jobId": "a7bd1e75-ee33-4995-85b8-4ef228e9353f", "keyword": "khai trương tdm", "step": "capture", "message": "Output folder: Lan 1 - 2206", "data": {"w": 2}, "seq": 21802}
{"ts": "2026-05-01T15:07:04.228960+00:00", "level": "INFO", "jobId": "a7bd1e75-ee33-4995-85b8-4ef228e9353f", "keyword": "khai trương tdm", "step": "capture", "message": "Capturing posinset=1 (1/∞)…", "data": {"w": 2}, "seq": 21811}
{"ts": "2026-05-01T15:07:06.098860+00:00", "level": "INFO", "jobId": "a7bd1e75-ee33-4995-85b8-4ef228e9353f", "keyword": "khai trương tdm", "step": "capture", "message": "Saved post_001.png (posinset=1)", "data": {"w": 2}, "seq": 21817}
{"ts": "2026-05-01T15:07:06.102259+00:00", "level": "INFO", "jobId": "a7bd1e75-ee33-4995-85b8-4ef228e9353f", "keyword": "khai trương tdm", "step": "cooldown", "message": "Cooldown 1.0s (after capture)", "data": {"w": 2}, "seq": 21818}
{"ts": "2026-05-01T15:07:07.147947+00:00", "level": "INFO", "jobId": "a7bd1e75-ee33-4995-85b8-4ef228e9353f", "keyword": "khai trương tdm", "step": "capture", "message": "Capturing posinset=2 (2/∞)…", "data": {"w": 2}, "seq": 21820}
{"ts": "2026-05-01T15:07:09.178300+00:00", "level": "INFO", "jobId": "a7bd1e75-ee33-4995-85b8-4ef228e9353f", "keyword": "khai trương tdm", "step": "capture", "message": "Saved post_002.png (posinset=2)", "data": {"w": 2}, "seq": 21824}
{"ts": "2026-05-01T15:07:09.182300+00:00", "level": "INFO", "jobId": "a7bd1e75-ee33-4995-85b8-4ef228e9353f", "keyword": "khai trương tdm", "step": "cooldown", "message": "Cooldown 1.0s (after capture)", "data": {"w": 2}, "seq": 21825}
{"ts": "2026-05-01T15:07:10.240647+00:00", "level": "INFO", "jobId": "a7bd1e75-ee33-4995-85b8-4ef228e9353f", "keyword": "khai trương tdm", "step": "capture", "message": "Capturing posinset=3 (3/∞)…", "data": {"w": 2}, "seq": 21828}
{"ts": "2026-05-01T15:07:12.332340+00:00", "level": "INFO", "jobId": "a7bd1e75-ee33-4995-85b8-4ef228e9353f", "keyword": "khai trương tdm", "step": "capture", "message": "Saved post_003.png (posinset=3)", "data": {"w": 2}, "seq": 21833}
{"ts": "2026-05-01T15:07:12.334358+00:00", "level": "INFO", "jobId": "a7bd1e75-ee33-4995-85b8-4ef228e9353f", "keyword": "khai trương tdm", "step": "cooldown", "message": "Cooldown 1.0s (after capture)", "data": {"w": 2}, "seq": 21834}
{"ts": "2026-05-01T15:07:13.354343+00:00", "level": "INFO", "jobId": "a7bd1e75-ee33-4995-85b8-4ef228e9353f", "keyword": "khai trương tdm", "step": "capture", "message": "Capturing posinset=4 (4/∞)…", "data": {"w": 2}, "seq": 21837}
{"ts": "2026-05-01T15:07:15.954651+00:00", "level": "INFO", "jobId": "a7bd1e75-ee33-4995-85b8-4ef228e9353f", "keyword": "khai trương tdm", "step": "capture", "message": "Saved post_004.png (posinset=4)", "data": {"w": 2}, "seq": 21845}
{"ts": "2026-05-01T15:07:15.956081+00:00", "level": "INFO", "jobId": "a7bd1e75-ee33-4995-85b8-4ef228e9353f", "keyword": "khai trương tdm", "step": "cooldown", "message": "Cooldown 1.0s (after capture)", "data": {"w": 2}, "seq": 21846}
{"ts": "2026-05-01T15:07:16.986234+00:00", "level": "INFO", "jobId": "a7bd1e75-ee33-4995-85b8-4ef228e9353f", "keyword": "khai trương tdm", "step": "capture", "message": "Capturing posinset=5 (5/∞)…", "data": {"w": 2}, "seq": 21850}
{"ts": "2026-05-01T15:07:19.389117+00:00", "level": "INFO", "jobId": "a7bd1e75-ee33-4995-85b8-4ef228e9353f", "keyword": "khai trương tdm", "step": "capture", "message": "Saved post_005.png (posinset=5)", "data": {"w": 2}, "seq": 21858}
{"ts": "2026-05-01T15:07:19.392742+00:00", "level": "INFO", "jobId": "a7bd1e75-ee33-4995-85b8-4ef228e9353f", "keyword": "khai trương tdm", "step": "cooldown", "message": "Cooldown 1.0s (after capture)", "data": {"w": 2}, "seq": 21859}
{"ts": "2026-05-01T15:07:20.415898+00:00", "level": "INFO", "jobId": "a7bd1e75-ee33-4995-85b8-4ef228e9353f", "keyword": "khai trương tdm", "step": "heartbeat", "message": "Worker alive", "data": {"w": 2, "elapsed_s": 63}, "seq": 21861}
{"ts": "2026-05-01T15:07:20.415898+00:00", "level": "INFO", "jobId": "a7bd1e75-ee33-4995-85b8-4ef228e9353f", "keyword": "khai trương tdm", "step": "capture", "message": "Capturing posinset=6 (6/∞)…", "data": {"w": 2}, "seq": 21862}
{"ts": "2026-05-01T15:07:23.233457+00:00", "level": "INFO", "jobId": "a7bd1e75-ee33-4995-85b8-4ef228e9353f", "keyword": "khai trương tdm", "step": "capture", "message": "Saved post_006.png (posinset=6)", "data": {"w": 2}, "seq": 21871}
{"ts": "2026-05-01T15:07:23.233457+00:00", "level": "INFO", "jobId": "a7bd1e75-ee33-4995-85b8-4ef228e9353f", "keyword": "khai trương tdm", "step": "cooldown", "message": "Cooldown 1.0s (after capture)", "data": {"w": 2}, "seq": 21872}
{"ts": "2026-05-01T15:07:24.264127+00:00", "level": "INFO", "jobId": "a7bd1e75-ee33-4995-85b8-4ef228e9353f", "keyword": "khai trương tdm", "step": "capture", "message": "Capturing posinset=7 (7/∞)…", "data": {"w": 2}, "seq": 21875}
{"ts": "2026-05-01T15:07:26.175513+00:00", "level": "INFO", "jobId": "a7bd1e75-ee33-4995-85b8-4ef228e9353f", "keyword": "khai trương tdm", "step": "capture", "message": "Saved post_007.png (posinset=7)", "data": {"w": 2}, "seq": 21880}
{"ts": "2026-05-01T15:07:26.179985+00:00", "level": "INFO", "jobId": "a7bd1e75-ee33-4995-85b8-4ef228e9353f", "keyword": "khai trương tdm", "step": "cooldown", "message": "Cooldown 1.0s (after capture)", "data": {"w": 2}, "seq": 21881}
{"ts": "2026-05-01T15:07:27.193779+00:00", "level": "INFO", "jobId": "a7bd1e75-ee33-4995-85b8-4ef228e9353f", "keyword": "khai trương tdm", "step": "capture", "message": "Capturing posinset=8 (8/∞)…", "data": {"w": 2}, "seq": 21884}
{"ts": "2026-05-01T15:07:28.739246+00:00", "level": "INFO", "jobId": "a7bd1e75-ee33-4995-85b8-4ef228e9353f", "keyword": "khai trương tdm", "step": "capture", "message": "Saved post_008.png (posinset=8)", "data": {"w": 2}, "seq": 21889}
{"ts": "2026-05-01T15:07:28.748338+00:00", "level": "INFO", "jobId": "a7bd1e75-ee33-4995-85b8-4ef228e9353f", "keyword": "khai trương tdm", "step": "cooldown", "message": "Cooldown 1.0s (after capture)", "data": {"w": 2}, "seq": 21890}
{"ts": "2026-05-01T15:07:29.781138+00:00", "level": "INFO", "jobId": "a7bd1e75-ee33-4995-85b8-4ef228e9353f", "keyword": "khai trương tdm", "step": "capture", "message": "Capturing posinset=9 (9/∞)…", "data": {"w": 2}, "seq": 21893}
{"ts": "2026-05-01T15:07:32.793704+00:00", "level": "INFO", "jobId": "a7bd1e75-ee33-4995-85b8-4ef228e9353f", "keyword": "khai trương tdm", "step": "capture", "message": "Saved post_009.png (posinset=9)", "data": {"w": 2}, "seq": 21901}
{"ts": "2026-05-01T15:07:32.797737+00:00", "level": "INFO", "jobId": "a7bd1e75-ee33-4995-85b8-4ef228e9353f", "keyword": "khai trương tdm", "step": "cooldown", "message": "Cooldown 1.0s (after capture)", "data": {"w": 2}, "seq": 21902}
{"ts": "2026-05-01T15:07:33.862391+00:00", "level": "INFO", "jobId": "a7bd1e75-ee33-4995-85b8-4ef228e9353f", "keyword": "khai trương tdm", "step": "capture", "message": "Capturing posinset=10 (10/∞)…", "data": {"w": 2}, "seq": 21904}
{"ts": "2026-05-01T15:07:35.468220+00:00", "level": "INFO", "jobId": "a7bd1e75-ee33-4995-85b8-4ef228e9353f", "keyword": "khai trương tdm", "step": "capture", "message": "Saved post_010.png (posinset=10)", "data": {"w": 2}, "seq": 21906}
{"ts": "2026-05-01T15:07:35.482138+00:00", "level": "INFO", "jobId": "a7bd1e75-ee33-4995-85b8-4ef228e9353f", "keyword": "khai trương tdm", "step": "cooldown", "message": "Cooldown 1.0s (after capture)", "data": {"w": 2}, "seq": 21907}
{"ts": "2026-05-01T15:07:36.505594+00:00", "level": "INFO", "jobId": "a7bd1e75-ee33-4995-85b8-4ef228e9353f", "keyword": "khai trương tdm", "step": "heartbeat", "message": "Worker alive", "data": {"w": 2, "elapsed_s": 79}, "seq": 21912}
{"ts": "2026-05-01T15:07:36.507664+00:00", "level": "INFO", "jobId": "a7bd1e75-ee33-4995-85b8-4ef228e9353f", "keyword": "khai trương tdm", "step": "capture", "message": "Capturing posinset=11 (11/∞)…", "data": {"w": 2}, "seq": 21913}
{"ts": "2026-05-01T15:07:37.730250+00:00", "level": "INFO", "jobId": "a7bd1e75-ee33-4995-85b8-4ef228e9353f", "keyword": "khai trương tdm", "step": "capture", "message": "Capturing posinset=11 (11/∞)…", "data": {"w": 2}, "seq": 21917}
{"ts": "2026-05-01T15:07:42.191862+00:00", "level": "INFO", "jobId": "a7bd1e75-ee33-4995-85b8-4ef228e9353f", "keyword": "khai trương tdm", "step": "capture", "message": "Capturing posinset=11 (11/∞)…", "data": {"w": 2}, "seq": 21924}
{"ts": "2026-05-01T15:07:43.649671+00:00", "level": "INFO", "jobId": "a7bd1e75-ee33-4995-85b8-4ef228e9353f", "keyword": "khai trương tdm", "step": "capture", "message": "Saved post_011.png (posinset=11)", "data": {"w": 2}, "seq": 21930}
{"ts": "2026-05-01T15:07:43.650693+00:00", "level": "INFO", "jobId": "a7bd1e75-ee33-4995-85b8-4ef228e9353f", "keyword": "khai trương tdm", "step": "cooldown", "message": "Cooldown 1.0s (after capture)", "data": {"w": 2}, "seq": 21931}
{"ts": "2026-05-01T15:07:44.669265+00:00", "level": "INFO", "jobId": "a7bd1e75-ee33-4995-85b8-4ef228e9353f", "keyword": "khai trương tdm", "step": "capture", "message": "Capturing posinset=12 (12/∞)…", "data": {"w": 2}, "seq": 21933}
{"ts": "2026-05-01T15:07:46.159934+00:00", "level": "INFO", "jobId": "a7bd1e75-ee33-4995-85b8-4ef228e9353f", "keyword": "khai trương tdm", "step": "capture", "message": "Saved post_012.png (posinset=12)", "data": {"w": 2}, "seq": 21939}
{"ts": "2026-05-01T15:07:46.162946+00:00", "level": "INFO", "jobId": "a7bd1e75-ee33-4995-85b8-4ef228e9353f", "keyword": "khai trương tdm", "step": "cooldown", "message": "Cooldown 1.0s (after capture)", "data": {"w": 2}, "seq": 21940}
{"ts": "2026-05-01T15:07:47.189687+00:00", "level": "INFO", "jobId": "a7bd1e75-ee33-4995-85b8-4ef228e9353f", "keyword": "khai trương tdm", "step": "capture", "message": "Capturing posinset=13 (13/∞)…", "data": {"w": 2}, "seq": 21943}
{"ts": "2026-05-01T15:07:49.146401+00:00", "level": "INFO", "jobId": "a7bd1e75-ee33-4995-85b8-4ef228e9353f", "keyword": "khai trương tdm", "step": "capture", "message": "Saved post_013.png (posinset=13)", "data": {"w": 2}, "seq": 21948}
{"ts": "2026-05-01T15:07:49.147632+00:00", "level": "INFO", "jobId": "a7bd1e75-ee33-4995-85b8-4ef228e9353f", "keyword": "khai trương tdm", "step": "cooldown", "message": "Cooldown 1.0s (after capture)", "data": {"w": 2}, "seq": 21949}
{"ts": "2026-05-01T15:07:50.181103+00:00", "level": "INFO", "jobId": "a7bd1e75-ee33-4995-85b8-4ef228e9353f", "keyword": "khai trương tdm", "step": "capture", "message": "Capturing posinset=14 (14/∞)…", "data": {"w": 2}, "seq": 21952}
{"ts": "2026-05-01T15:07:52.133525+00:00", "level": "INFO", "jobId": "a7bd1e75-ee33-4995-85b8-4ef228e9353f", "keyword": "khai trương tdm", "step": "capture", "message": "Saved post_014.png (posinset=14)", "data": {"w": 2}, "seq": 21955}
{"ts": "2026-05-01T15:07:52.143445+00:00", "level": "INFO", "jobId": "a7bd1e75-ee33-4995-85b8-4ef228e9353f", "keyword": "khai trương tdm", "step": "cooldown", "message": "Cooldown 1.0s (after capture)", "data": {"w": 2}, "seq": 21956}
{"ts": "2026-05-01T15:07:53.155737+00:00", "level": "INFO", "jobId": "a7bd1e75-ee33-4995-85b8-4ef228e9353f", "keyword": "khai trương tdm", "step": "heartbeat", "message": "Worker alive", "data": {"w": 2, "elapsed_s": 96}, "seq": 21959}
{"ts": "2026-05-01T15:07:53.155737+00:00", "level": "INFO", "jobId": "a7bd1e75-ee33-4995-85b8-4ef228e9353f", "keyword": "khai trương tdm", "step": "capture", "message": "Capturing posinset=15 (15/∞)…", "data": {"w": 2}, "seq": 21960}
{"ts": "2026-05-01T15:07:54.899794+00:00", "level": "INFO", "jobId": "a7bd1e75-ee33-4995-85b8-4ef228e9353f", "keyword": "khai trương tdm", "step": "capture", "message": "Saved post_015.png (posinset=15)", "data": {"w": 2}, "seq": 21964}
{"ts": "2026-05-01T15:07:54.902787+00:00", "level": "INFO", "jobId": "a7bd1e75-ee33-4995-85b8-4ef228e9353f", "keyword": "khai trương tdm", "step": "cooldown", "message": "Cooldown 1.0s (after capture)", "data": {"w": 2}, "seq": 21965}
{"ts": "2026-05-01T15:07:55.932513+00:00", "level": "INFO", "jobId": "a7bd1e75-ee33-4995-85b8-4ef228e9353f", "keyword": "khai trương tdm", "step": "capture", "message": "Capturing posinset=16 (16/∞)…", "data": {"w": 2}, "seq": 21969}
{"ts": "2026-05-01T15:07:57.760001+00:00", "level": "INFO", "jobId": "a7bd1e75-ee33-4995-85b8-4ef228e9353f", "keyword": "khai trương tdm", "step": "capture", "message": "Saved post_016.png (posinset=16)", "data": {"w": 2}, "seq": 21973}
{"ts": "2026-05-01T15:07:57.761045+00:00", "level": "INFO", "jobId": "a7bd1e75-ee33-4995-85b8-4ef228e9353f", "keyword": "khai trương tdm", "step": "cooldown", "message": "Cooldown 1.0s (after capture)", "data": {"w": 2}, "seq": 21974}
{"ts": "2026-05-01T15:07:58.781854+00:00", "level": "INFO", "jobId": "a7bd1e75-ee33-4995-85b8-4ef228e9353f", "keyword": "khai trương tdm", "step": "capture", "message": "Capturing posinset=17 (17/∞)…", "data": {"w": 2}, "seq": 21978}
{"ts": "2026-05-01T15:08:00.248708+00:00", "level": "INFO", "jobId": "a7bd1e75-ee33-4995-85b8-4ef228e9353f", "keyword": "khai trương tdm", "step": "capture", "message": "Saved post_017.png (posinset=17)", "data": {"w": 2}, "seq": 21982}
{"ts": "2026-05-01T15:08:00.249866+00:00", "level": "INFO", "jobId": "a7bd1e75-ee33-4995-85b8-4ef228e9353f", "keyword": "khai trương tdm", "step": "cooldown", "message": "Cooldown 1.0s (after capture)", "data": {"w": 2}, "seq": 21983}
{"ts": "2026-05-01T15:08:01.291961+00:00", "level": "INFO", "jobId": "a7bd1e75-ee33-4995-85b8-4ef228e9353f", "keyword": "khai trương tdm", "step": "capture", "message": "Capturing posinset=18 (18/∞)…", "data": {"w": 2}, "seq": 21987}
{"ts": "2026-05-01T15:08:02.912734+00:00", "level": "INFO", "jobId": "a7bd1e75-ee33-4995-85b8-4ef228e9353f", "keyword": "khai trương tdm", "step": "capture", "message": "Saved post_018.png (posinset=18)", "data": {"w": 2}, "seq": 21989}
{"ts": "2026-05-01T15:08:02.912734+00:00", "level": "INFO", "jobId": "a7bd1e75-ee33-4995-85b8-4ef228e9353f", "keyword": "khai trương tdm", "step": "cooldown", "message": "Cooldown 1.0s (after capture)", "data": {"w": 2}, "seq": 21990}
{"ts": "2026-05-01T15:08:04.176832+00:00", "level": "INFO", "jobId": "a7bd1e75-ee33-4995-85b8-4ef228e9353f", "keyword": "khai trương tdm", "step": "capture", "message": "Capturing posinset=19 (19/∞)…", "data": {"w": 2}, "seq": 21995}
{"ts": "2026-05-01T15:08:07.395805+00:00", "level": "INFO", "jobId": "a7bd1e75-ee33-4995-85b8-4ef228e9353f", "keyword": "khai trương tdm", "step": "capture", "message": "Saved post_019.png (posinset=19)", "data": {"w": 2}, "seq": 22004}
{"ts": "2026-05-01T15:08:07.395805+00:00", "level": "INFO", "jobId": "a7bd1e75-ee33-4995-85b8-4ef228e9353f", "keyword": "khai trương tdm", "step": "cooldown", "message": "Cooldown 1.0s (after capture)", "data": {"w": 2}, "seq": 22005}
{"ts": "2026-05-01T15:08:08.417225+00:00", "level": "INFO", "jobId": "a7bd1e75-ee33-4995-85b8-4ef228e9353f", "keyword": "khai trương tdm", "step": "heartbeat", "message": "Worker alive", "data": {"w": 2, "elapsed_s": 111}, "seq": 22007}
{"ts": "2026-05-01T15:08:08.419229+00:00", "level": "INFO", "jobId": "a7bd1e75-ee33-4995-85b8-4ef228e9353f", "keyword": "khai trương tdm", "step": "capture", "message": "Capturing posinset=20 (20/∞)…", "data": {"w": 2}, "seq": 22008}
{"ts": "2026-05-01T15:08:10.090069+00:00", "level": "INFO", "jobId": "a7bd1e75-ee33-4995-85b8-4ef228e9353f", "keyword": "khai trương tdm", "step": "capture", "message": "Saved post_020.png (posinset=20)", "data": {"w": 2}, "seq": 22015}
{"ts": "2026-05-01T15:08:10.092066+00:00", "level": "INFO", "jobId": "a7bd1e75-ee33-4995-85b8-4ef228e9353f", "keyword": "khai trương tdm", "step": "cooldown", "message": "Cooldown 1.0s (after capture)", "data": {"w": 2}, "seq": 22016}
{"ts": "2026-05-01T15:08:11.129510+00:00", "level": "INFO", "jobId": "a7bd1e75-ee33-4995-85b8-4ef228e9353f", "keyword": "khai trương tdm", "step": "capture", "message": "Capturing posinset=21 (21/∞)…", "data": {"w": 2}, "seq": 22018}
{"ts": "2026-05-01T15:08:12.767968+00:00", "level": "INFO", "jobId": "a7bd1e75-ee33-4995-85b8-4ef228e9353f", "keyword": "khai trương tdm", "step": "capture", "message": "Saved post_021.png (posinset=21)", "data": {"w": 2}, "seq": 22024}
{"ts": "2026-05-01T15:08:12.770015+00:00", "level": "INFO", "jobId": "a7bd1e75-ee33-4995-85b8-4ef228e9353f", "keyword": "khai trương tdm", "step": "cooldown", "message": "Cooldown 1.0s (after capture)", "data": {"w": 2}, "seq": 22025}
{"ts": "2026-05-01T15:08:13.787554+00:00", "level": "INFO", "jobId": "a7bd1e75-ee33-4995-85b8-4ef228e9353f", "keyword": "khai trương tdm", "step": "capture", "message": "Capturing posinset=22 (22/∞)…", "data": {"w": 2}, "seq": 22029}
{"ts": "2026-05-01T15:08:15.217260+00:00", "level": "INFO", "jobId": "a7bd1e75-ee33-4995-85b8-4ef228e9353f", "keyword": "khai trương tdm", "step": "capture", "message": "Saved post_022.png (posinset=22)", "data": {"w": 2}, "seq": 22033}
{"ts": "2026-05-01T15:08:15.223249+00:00", "level": "INFO", "jobId": "a7bd1e75-ee33-4995-85b8-4ef228e9353f", "keyword": "khai trương tdm", "step": "cooldown", "message": "Cooldown 1.0s (after capture)", "data": {"w": 2}, "seq": 22034}
{"ts": "2026-05-01T15:08:16.246800+00:00", "level": "INFO", "jobId": "a7bd1e75-ee33-4995-85b8-4ef228e9353f", "keyword": "khai trương tdm", "step": "capture", "message": "Capturing posinset=23 (23/∞)…", "data": {"w": 2}, "seq": 22038}
{"ts": "2026-05-01T15:08:20.760477+00:00", "level": "INFO", "jobId": "a7bd1e75-ee33-4995-85b8-4ef228e9353f", "keyword": "khai trương tdm", "step": "capture", "message": "Saved post_023.png (posinset=23)", "data": {"w": 2}, "seq": 22042}
{"ts": "2026-05-01T15:08:20.760477+00:00", "level": "INFO", "jobId": "a7bd1e75-ee33-4995-85b8-4ef228e9353f", "keyword": "khai trương tdm", "step": "cooldown", "message": "Cooldown 1.0s (after capture)", "data": {"w": 2}, "seq": 22043}
{"ts": "2026-05-01T15:08:21.793143+00:00", "level": "INFO", "jobId": "a7bd1e75-ee33-4995-85b8-4ef228e9353f", "keyword": "khai trương tdm", "step": "capture", "message": "Capturing posinset=24 (24/∞)…", "data": {"w": 2}, "seq": 22046}
{"ts": "2026-05-01T15:08:23.739723+00:00", "level": "INFO", "jobId": "a7bd1e75-ee33-4995-85b8-4ef228e9353f", "keyword": "khai trương tdm", "step": "capture", "message": "Saved post_024.png (posinset=24)", "data": {"w": 2}, "seq": 22050}
{"ts": "2026-05-01T15:08:23.739723+00:00", "level": "INFO", "jobId": "a7bd1e75-ee33-4995-85b8-4ef228e9353f", "keyword": "khai trương tdm", "step": "cooldown", "message": "Cooldown 1.0s (after capture)", "data": {"w": 2}, "seq": 22051}
{"ts": "2026-05-01T15:08:24.764309+00:00", "level": "INFO", "jobId": "a7bd1e75-ee33-4995-85b8-4ef228e9353f", "keyword": "khai trương tdm", "step": "heartbeat", "message": "Worker alive", "data": {"w": 2, "elapsed_s": 128}, "seq": 22054}
{"ts": "2026-05-01T15:08:24.764309+00:00", "level": "INFO", "jobId": "a7bd1e75-ee33-4995-85b8-4ef228e9353f", "keyword": "khai trương tdm", "step": "capture", "message": "Capturing posinset=25 (25/∞)…", "data": {"w": 2}, "seq": 22055}
{"ts": "2026-05-01T15:08:26.669839+00:00", "level": "INFO", "jobId": "a7bd1e75-ee33-4995-85b8-4ef228e9353f", "keyword": "khai trương tdm", "step": "capture", "message": "Saved post_025.png (posinset=25)", "data": {"w": 2}, "seq": 22061}
{"ts": "2026-05-01T15:08:26.671852+00:00", "level": "INFO", "jobId": "a7bd1e75-ee33-4995-85b8-4ef228e9353f", "keyword": "khai trương tdm", "step": "cooldown", "message": "Cooldown 1.0s (after capture)", "data": {"w": 2}, "seq": 22062}
{"ts": "2026-05-01T15:08:27.704858+00:00", "level": "INFO", "jobId": "a7bd1e75-ee33-4995-85b8-4ef228e9353f", "keyword": "khai trương tdm", "step": "capture", "message": "Capturing posinset=26 (26/∞)…", "data": {"w": 2}, "seq": 22065}
{"ts": "2026-05-01T15:08:29.715550+00:00", "level": "INFO", "jobId": "a7bd1e75-ee33-4995-85b8-4ef228e9353f", "keyword": "khai trương tdm", "step": "capture", "message": "Saved post_026.png (posinset=26)", "data": {"w": 2}, "seq": 22072}
{"ts": "2026-05-01T15:08:29.717539+00:00", "level": "INFO", "jobId": "a7bd1e75-ee33-4995-85b8-4ef228e9353f", "keyword": "khai trương tdm", "step": "cooldown", "message": "Cooldown 1.0s (after capture)", "data": {"w": 2}, "seq": 22073}
{"ts": "2026-05-01T15:08:30.738929+00:00", "level": "INFO", "jobId": "a7bd1e75-ee33-4995-85b8-4ef228e9353f", "keyword": "khai trương tdm", "step": "capture", "message": "Capturing posinset=27 (27/∞)…", "data": {"w": 2}, "seq": 22077}
{"ts": "2026-05-01T15:08:32.105015+00:00", "level": "INFO", "jobId": "a7bd1e75-ee33-4995-85b8-4ef228e9353f", "keyword": "khai trương tdm", "step": "capture", "message": "Saved post_027.png (posinset=27)", "data": {"w": 2}, "seq": 22079}
{"ts": "2026-05-01T15:08:32.107075+00:00", "level": "INFO", "jobId": "a7bd1e75-ee33-4995-85b8-4ef228e9353f", "keyword": "khai trương tdm", "step": "cooldown", "message": "Cooldown 1.0s (after capture)", "data": {"w": 2}, "seq": 22080}
{"ts": "2026-05-01T15:08:33.117329+00:00", "level": "INFO", "jobId": "a7bd1e75-ee33-4995-85b8-4ef228e9353f", "keyword": "khai trương tdm", "step": "capture", "message": "Capturing posinset=28 (28/∞)…", "data": {"w": 2}, "seq": 22085}
{"ts": "2026-05-01T15:08:34.542197+00:00", "level": "INFO", "jobId": "a7bd1e75-ee33-4995-85b8-4ef228e9353f", "keyword": "khai trương tdm", "step": "capture", "message": "Saved post_028.png (posinset=28)", "data": {"w": 2}, "seq": 22087}
{"ts": "2026-05-01T15:08:34.544984+00:00", "level": "INFO", "jobId": "a7bd1e75-ee33-4995-85b8-4ef228e9353f", "keyword": "khai trương tdm", "step": "cooldown", "message": "Cooldown 1.0s (after capture)", "data": {"w": 2}, "seq": 22088}
{"ts": "2026-05-01T15:08:35.593594+00:00", "level": "INFO", "jobId": "a7bd1e75-ee33-4995-85b8-4ef228e9353f", "keyword": "khai trương tdm", "step": "capture", "message": "Capturing posinset=29 (29/∞)…", "data": {"w": 2}, "seq": 22092}
{"ts": "2026-05-01T15:08:39.582570+00:00", "level": "INFO", "jobId": "a7bd1e75-ee33-4995-85b8-4ef228e9353f", "keyword": "khai trương tdm", "step": "capture", "message": "Capturing posinset=29 (29/∞)…", "data": {"w": 2}, "seq": 22099}
{"ts": "2026-05-01T15:08:41.340935+00:00", "level": "INFO", "jobId": "a7bd1e75-ee33-4995-85b8-4ef228e9353f", "keyword": "khai trương tdm", "step": "capture", "message": "Saved post_029.png (posinset=29)", "data": {"w": 2}, "seq": 22102}
{"ts": "2026-05-01T15:08:41.343292+00:00", "level": "INFO", "jobId": "a7bd1e75-ee33-4995-85b8-4ef228e9353f", "keyword": "khai trương tdm", "step": "cooldown", "message": "Cooldown 1.0s (after capture)", "data": {"w": 2}, "seq": 22103}
{"ts": "2026-05-01T15:08:42.379078+00:00", "level": "INFO", "jobId": "a7bd1e75-ee33-4995-85b8-4ef228e9353f", "keyword": "khai trương tdm", "step": "heartbeat", "message": "Worker alive", "data": {"w": 2, "elapsed_s": 145}, "seq": 22108}
{"ts": "2026-05-01T15:08:42.382553+00:00", "level": "INFO", "jobId": "a7bd1e75-ee33-4995-85b8-4ef228e9353f", "keyword": "khai trương tdm", "step": "capture", "message": "Capturing posinset=30 (30/∞)…", "data": {"w": 2}, "seq": 22109}
{"ts": "2026-05-01T15:08:44.403248+00:00", "level": "INFO", "jobId": "a7bd1e75-ee33-4995-85b8-4ef228e9353f", "keyword": "khai trương tdm", "step": "capture", "message": "Saved post_030.png (posinset=30)", "data": {"w": 2}, "seq": 22113}
{"ts": "2026-05-01T15:08:44.403248+00:00", "level": "INFO", "jobId": "a7bd1e75-ee33-4995-85b8-4ef228e9353f", "keyword": "khai trương tdm", "step": "cooldown", "message": "Cooldown 1.0s (after capture)", "data": {"w": 2}, "seq": 22114}
{"ts": "2026-05-01T15:08:45.432079+00:00", "level": "INFO", "jobId": "a7bd1e75-ee33-4995-85b8-4ef228e9353f", "keyword": "khai trương tdm", "step": "capture", "message": "Capturing posinset=31 (31/∞)…", "data": {"w": 2}, "seq": 22119}
{"ts": "2026-05-01T15:08:47.526173+00:00", "level": "INFO", "jobId": "a7bd1e75-ee33-4995-85b8-4ef228e9353f", "keyword": "khai trương tdm", "step": "capture", "message": "Saved post_031.png (posinset=31)", "data": {"w": 2}, "seq": 22124}
{"ts": "2026-05-01T15:08:47.526173+00:00", "level": "INFO", "jobId": "a7bd1e75-ee33-4995-85b8-4ef228e9353f", "keyword": "khai trương tdm", "step": "cooldown", "message": "Cooldown 1.0s (after capture)", "data": {"w": 2}, "seq": 22125}
{"ts": "2026-05-01T15:08:48.550971+00:00", "level": "INFO", "jobId": "a7bd1e75-ee33-4995-85b8-4ef228e9353f", "keyword": "khai trương tdm", "step": "capture", "message": "Capturing posinset=32 (32/∞)…", "data": {"w": 2}, "seq": 22129}
{"ts": "2026-05-01T15:08:50.401572+00:00", "level": "INFO", "jobId": "a7bd1e75-ee33-4995-85b8-4ef228e9353f", "keyword": "khai trương tdm", "step": "capture", "message": "Saved post_032.png (posinset=32)", "data": {"w": 2}, "seq": 22133}
{"ts": "2026-05-01T15:08:50.405613+00:00", "level": "INFO", "jobId": "a7bd1e75-ee33-4995-85b8-4ef228e9353f", "keyword": "khai trương tdm", "step": "cooldown", "message": "Cooldown 1.0s (after capture)", "data": {"w": 2}, "seq": 22134}
{"ts": "2026-05-01T15:08:51.456206+00:00", "level": "INFO", "jobId": "a7bd1e75-ee33-4995-85b8-4ef228e9353f", "keyword": "khai trương tdm", "step": "capture", "message": "Capturing posinset=33 (33/∞)…", "data": {"w": 2}, "seq": 22135}
{"ts": "2026-05-01T15:08:53.572826+00:00", "level": "INFO", "jobId": "a7bd1e75-ee33-4995-85b8-4ef228e9353f", "keyword": "khai trương tdm", "step": "capture", "message": "Saved post_033.png (posinset=33)", "data": {"w": 2}, "seq": 22139}
{"ts": "2026-05-01T15:08:53.574378+00:00", "level": "INFO", "jobId": "a7bd1e75-ee33-4995-85b8-4ef228e9353f", "keyword": "khai trương tdm", "step": "cooldown", "message": "Cooldown 1.0s (after capture)", "data": {"w": 2}, "seq": 22140}
{"ts": "2026-05-01T15:08:54.971481+00:00", "level": "INFO", "jobId": "a7bd1e75-ee33-4995-85b8-4ef228e9353f", "keyword": "khai trương tdm", "step": "capture", "message": "Capturing posinset=34 (34/∞)…", "data": {"w": 2}, "seq": 22145}
{"ts": "2026-05-01T15:08:57.655371+00:00", "level": "INFO", "jobId": "a7bd1e75-ee33-4995-85b8-4ef228e9353f", "keyword": "khai trương tdm", "step": "capture", "message": "Saved post_034.png (posinset=34)", "data": {"w": 2}, "seq": 22150}
{"ts": "2026-05-01T15:08:57.664534+00:00", "level": "INFO", "jobId": "a7bd1e75-ee33-4995-85b8-4ef228e9353f", "keyword": "khai trương tdm", "step": "cooldown", "message": "Cooldown 1.0s (after capture)", "data": {"w": 2}, "seq": 22151}
{"ts": "2026-05-01T15:08:58.687553+00:00", "level": "INFO", "jobId": "a7bd1e75-ee33-4995-85b8-4ef228e9353f", "keyword": "khai trương tdm", "step": "heartbeat", "message": "Worker alive", "data": {"w": 2, "elapsed_s": 162}, "seq": 22156}
{"ts": "2026-05-01T15:08:58.694251+00:00", "level": "INFO", "jobId": "a7bd1e75-ee33-4995-85b8-4ef228e9353f", "keyword": "khai trương tdm", "step": "capture", "message": "Capturing posinset=35 (35/∞)…", "data": {"w": 2}, "seq": 22157}
{"ts": "2026-05-01T15:09:00.640810+00:00", "level": "INFO", "jobId": "a7bd1e75-ee33-4995-85b8-4ef228e9353f", "keyword": "khai trương tdm", "step": "capture", "message": "Saved post_035.png (posinset=35)", "data": {"w": 2}, "seq": 22161}
{"ts": "2026-05-01T15:09:00.641831+00:00", "level": "INFO", "jobId": "a7bd1e75-ee33-4995-85b8-4ef228e9353f", "keyword": "khai trương tdm", "step": "cooldown", "message": "Cooldown 1.0s (after capture)", "data": {"w": 2}, "seq": 22162}
{"ts": "2026-05-01T15:09:01.656539+00:00", "level": "INFO", "jobId": "a7bd1e75-ee33-4995-85b8-4ef228e9353f", "keyword": "khai trương tdm", "step": "capture", "message": "Capturing posinset=36 (36/∞)…", "data": {"w": 2}, "seq": 22166}
{"ts": "2026-05-01T15:09:03.426016+00:00", "level": "INFO", "jobId": "a7bd1e75-ee33-4995-85b8-4ef228e9353f", "keyword": "khai trương tdm", "step": "capture", "message": "Saved post_036.png (posinset=36)", "data": {"w": 2}, "seq": 22170}
{"ts": "2026-05-01T15:09:03.431019+00:00", "level": "INFO", "jobId": "a7bd1e75-ee33-4995-85b8-4ef228e9353f", "keyword": "khai trương tdm", "step": "cooldown", "message": "Cooldown 1.0s (after capture)", "data": {"w": 2}, "seq": 22171}
{"ts": "2026-05-01T15:09:04.462618+00:00", "level": "INFO", "jobId": "a7bd1e75-ee33-4995-85b8-4ef228e9353f", "keyword": "khai trương tdm", "step": "capture", "message": "Capturing posinset=37 (37/∞)…", "data": {"w": 2}, "seq": 22175}
{"ts": "2026-05-01T15:09:06.189741+00:00", "level": "INFO", "jobId": "a7bd1e75-ee33-4995-85b8-4ef228e9353f", "keyword": "khai trương tdm", "step": "capture", "message": "Saved post_037.png (posinset=37)", "data": {"w": 2}, "seq": 22179}
{"ts": "2026-05-01T15:09:06.189741+00:00", "level": "INFO", "jobId": "a7bd1e75-ee33-4995-85b8-4ef228e9353f", "keyword": "khai trương tdm", "step": "cooldown", "message": "Cooldown 1.0s (after capture)", "data": {"w": 2}, "seq": 22180}
{"ts": "2026-05-01T15:09:07.250624+00:00", "level": "INFO", "jobId": "a7bd1e75-ee33-4995-85b8-4ef228e9353f", "keyword": "khai trương tdm", "step": "capture", "message": "Capturing posinset=38 (38/∞)…", "data": {"w": 2}, "seq": 22181}
{"ts": "2026-05-01T15:09:09.775113+00:00", "level": "INFO", "jobId": "a7bd1e75-ee33-4995-85b8-4ef228e9353f", "keyword": "khai trương tdm", "step": "capture", "message": "Saved post_038.png (posinset=38)", "data": {"w": 2}, "seq": 22187}
{"ts": "2026-05-01T15:09:09.777584+00:00", "level": "INFO", "jobId": "a7bd1e75-ee33-4995-85b8-4ef228e9353f", "keyword": "khai trương tdm", "step": "cooldown", "message": "Cooldown 1.0s (after capture)", "data": {"w": 2}, "seq": 22188}
{"ts": "2026-05-01T15:09:12.138197+00:00", "level": "INFO", "jobId": "a7bd1e75-ee33-4995-85b8-4ef228e9353f", "keyword": "khai trương tdm", "step": "capture", "message": "Capturing posinset=39 (39/∞)…", "data": {"w": 2}, "seq": 22189}
{"ts": "2026-05-01T15:09:14.618597+00:00", "level": "INFO", "jobId": "a7bd1e75-ee33-4995-85b8-4ef228e9353f", "keyword": "khai trương tdm", "step": "capture", "message": "Saved post_039.png (posinset=39)", "data": {"w": 2}, "seq": 22197}
{"ts": "2026-05-01T15:09:14.618597+00:00", "level": "INFO", "jobId": "a7bd1e75-ee33-4995-85b8-4ef228e9353f", "keyword": "khai trương tdm", "step": "cooldown", "message": "Cooldown 1.0s (after capture)", "data": {"w": 2}, "seq": 22198}
{"ts": "2026-05-01T15:09:15.646749+00:00", "level": "INFO", "jobId": "a7bd1e75-ee33-4995-85b8-4ef228e9353f", "keyword": "khai trương tdm", "step": "heartbeat", "message": "Worker alive", "data": {"w": 2, "elapsed_s": 179}, "seq": 22201}
{"ts": "2026-05-01T15:09:15.649748+00:00", "level": "INFO", "jobId": "a7bd1e75-ee33-4995-85b8-4ef228e9353f", "keyword": "khai trương tdm", "step": "capture", "message": "Capturing posinset=40 (40/∞)…", "data": {"w": 2}, "seq": 22202}
{"ts": "2026-05-01T15:09:17.441859+00:00", "level": "INFO", "jobId": "a7bd1e75-ee33-4995-85b8-4ef228e9353f", "keyword": "khai trương tdm", "step": "capture", "message": "Saved post_040.png (posinset=40)", "data": {"w": 2}, "seq": 22207}
{"ts": "2026-05-01T15:09:17.445197+00:00", "level": "INFO", "jobId": "a7bd1e75-ee33-4995-85b8-4ef228e9353f", "keyword": "khai trương tdm", "step": "cooldown", "message": "Cooldown 1.0s (after capture)", "data": {"w": 2}, "seq": 22208}
{"ts": "2026-05-01T15:09:18.485654+00:00", "level": "INFO", "jobId": "a7bd1e75-ee33-4995-85b8-4ef228e9353f", "keyword": "khai trương tdm", "step": "capture", "message": "Capturing posinset=41 (41/∞)…", "data": {"w": 2}, "seq": 22209}
{"ts": "2026-05-01T15:09:20.318326+00:00", "level": "INFO", "jobId": "a7bd1e75-ee33-4995-85b8-4ef228e9353f", "keyword": "khai trương tdm", "step": "capture", "message": "Saved post_041.png (posinset=41)", "data": {"w": 2}, "seq": 22215}
{"ts": "2026-05-01T15:09:20.318326+00:00", "level": "INFO", "jobId": "a7bd1e75-ee33-4995-85b8-4ef228e9353f", "keyword": "khai trương tdm", "step": "cooldown", "message": "Cooldown 1.0s (after capture)", "data": {"w": 2}, "seq": 22216}
{"ts": "2026-05-01T15:09:21.344522+00:00", "level": "INFO", "jobId": "a7bd1e75-ee33-4995-85b8-4ef228e9353f", "keyword": "khai trương tdm", "step": "capture", "message": "Capturing posinset=42 (42/∞)…", "data": {"w": 2}, "seq": 22220}
{"ts": "2026-05-01T15:09:22.883993+00:00", "level": "INFO", "jobId": "a7bd1e75-ee33-4995-85b8-4ef228e9353f", "keyword": "khai trương tdm", "step": "capture", "message": "Saved post_042.png (posinset=42)", "data": {"w": 2}, "seq": 22224}
{"ts": "2026-05-01T15:09:22.886001+00:00", "level": "INFO", "jobId": "a7bd1e75-ee33-4995-85b8-4ef228e9353f", "keyword": "khai trương tdm", "step": "cooldown", "message": "Cooldown 1.0s (after capture)", "data": {"w": 2}, "seq": 22225}
{"ts": "2026-05-01T15:09:23.950367+00:00", "level": "INFO", "jobId": "a7bd1e75-ee33-4995-85b8-4ef228e9353f", "keyword": "khai trương tdm", "step": "capture", "message": "Capturing posinset=43 (43/∞)…", "data": {"w": 2}, "seq": 22227}
{"ts": "2026-05-01T15:09:28.883146+00:00", "level": "INFO", "jobId": "a7bd1e75-ee33-4995-85b8-4ef228e9353f", "keyword": "khai trương tdm", "step": "capture", "message": "Saved post_043.png (posinset=43)", "data": {"w": 2}, "seq": 22233}
{"ts": "2026-05-01T15:09:28.885147+00:00", "level": "INFO", "jobId": "a7bd1e75-ee33-4995-85b8-4ef228e9353f", "keyword": "khai trương tdm", "step": "cooldown", "message": "Cooldown 1.0s (after capture)", "data": {"w": 2}, "seq": 22234}
{"ts": "2026-05-01T15:09:29.930543+00:00", "level": "INFO", "jobId": "a7bd1e75-ee33-4995-85b8-4ef228e9353f", "keyword": "khai trương tdm", "step": "capture", "message": "Capturing posinset=44 (44/∞)…", "data": {"w": 2}, "seq": 22239}
{"ts": "2026-05-01T15:09:31.717753+00:00", "level": "INFO", "jobId": "a7bd1e75-ee33-4995-85b8-4ef228e9353f", "keyword": "khai trương tdm", "step": "capture", "message": "Saved post_044.png (posinset=44)", "data": {"w": 2}, "seq": 22242}
{"ts": "2026-05-01T15:09:31.718752+00:00", "level": "INFO", "jobId": "a7bd1e75-ee33-4995-85b8-4ef228e9353f", "keyword": "khai trương tdm", "step": "cooldown", "message": "Cooldown 1.0s (after capture)", "data": {"w": 2}, "seq": 22243}
{"ts": "2026-05-01T15:09:32.742658+00:00", "level": "INFO", "jobId": "a7bd1e75-ee33-4995-85b8-4ef228e9353f", "keyword": "khai trương tdm", "step": "heartbeat", "message": "Worker alive", "data": {"w": 2, "elapsed_s": 196}, "seq": 22246}
{"ts": "2026-05-01T15:09:32.742658+00:00", "level": "INFO", "jobId": "a7bd1e75-ee33-4995-85b8-4ef228e9353f", "keyword": "khai trương tdm", "step": "capture", "message": "Capturing posinset=45 (45/∞)…", "data": {"w": 2}, "seq": 22247}
{"ts": "2026-05-01T15:09:34.542276+00:00", "level": "INFO", "jobId": "a7bd1e75-ee33-4995-85b8-4ef228e9353f", "keyword": "khai trương tdm", "step": "capture", "message": "Saved post_045.png (posinset=45)", "data": {"w": 2}, "seq": 22254}
{"ts": "2026-05-01T15:09:34.544287+00:00", "level": "INFO", "jobId": "a7bd1e75-ee33-4995-85b8-4ef228e9353f", "keyword": "khai trương tdm", "step": "cooldown", "message": "Cooldown 1.0s (after capture)", "data": {"w": 2}, "seq": 22255}
{"ts": "2026-05-01T15:09:35.584845+00:00", "level": "INFO", "jobId": "a7bd1e75-ee33-4995-85b8-4ef228e9353f", "keyword": "khai trương tdm", "step": "capture", "message": "Capturing posinset=46 (46/∞)…", "data": {"w": 2}, "seq": 22257}
{"ts": "2026-05-01T15:09:38.102771+00:00", "level": "INFO", "jobId": "a7bd1e75-ee33-4995-85b8-4ef228e9353f", "keyword": "khai trương tdm", "step": "capture", "message": "Saved post_046.png (posinset=46)", "data": {"w": 2}, "seq": 22261}
{"ts": "2026-05-01T15:09:38.109588+00:00", "level": "INFO", "jobId": "a7bd1e75-ee33-4995-85b8-4ef228e9353f", "keyword": "khai trương tdm", "step": "cooldown", "message": "Cooldown 1.0s (after capture)", "data": {"w": 2}, "seq": 22262}
{"ts": "2026-05-01T15:09:39.147544+00:00", "level": "INFO", "jobId": "a7bd1e75-ee33-4995-85b8-4ef228e9353f", "keyword": "khai trương tdm", "step": "capture", "message": "Capturing posinset=47 (47/∞)…", "data": {"w": 2}, "seq": 22267}
{"ts": "2026-05-01T15:09:40.785706+00:00", "level": "INFO", "jobId": "a7bd1e75-ee33-4995-85b8-4ef228e9353f", "keyword": "khai trương tdm", "step": "capture", "message": "Saved post_047.png (posinset=47)", "data": {"w": 2}, "seq": 22270}
{"ts": "2026-05-01T15:09:40.785706+00:00", "level": "INFO", "jobId": "a7bd1e75-ee33-4995-85b8-4ef228e9353f", "keyword": "khai trương tdm", "step": "cooldown", "message": "Cooldown 1.0s (after capture)", "data": {"w": 2}, "seq": 22271}
{"ts": "2026-05-01T15:09:41.817721+00:00", "level": "INFO", "jobId": "a7bd1e75-ee33-4995-85b8-4ef228e9353f", "keyword": "khai trương tdm", "step": "capture", "message": "Capturing posinset=48 (48/∞)…", "data": {"w": 2}, "seq": 22274}
{"ts": "2026-05-01T15:09:48.928607+00:00", "level": "INFO", "jobId": "a7bd1e75-ee33-4995-85b8-4ef228e9353f", "keyword": "khai trương tdm", "step": "capture", "message": "Saved post_048.png (posinset=48)", "data": {"w": 2}, "seq": 22279}
{"ts": "2026-05-01T15:09:48.932639+00:00", "level": "INFO", "jobId": "a7bd1e75-ee33-4995-85b8-4ef228e9353f", "keyword": "khai trương tdm", "step": "cooldown", "message": "Cooldown 1.0s (after capture)", "data": {"w": 2}, "seq": 22280}
{"ts": "2026-05-01T15:09:49.977837+00:00", "level": "INFO", "jobId": "a7bd1e75-ee33-4995-85b8-4ef228e9353f", "keyword": "khai trương tdm", "step": "heartbeat", "message": "Worker alive", "data": {"w": 2, "elapsed_s": 213}, "seq": 22285}
{"ts": "2026-05-01T15:09:49.981790+00:00", "level": "INFO", "jobId": "a7bd1e75-ee33-4995-85b8-4ef228e9353f", "keyword": "khai trương tdm", "step": "capture", "message": "Capturing posinset=49 (49/∞)…", "data": {"w": 2}, "seq": 22286}
{"ts": "2026-05-01T15:09:52.814861+00:00", "level": "INFO", "jobId": "a7bd1e75-ee33-4995-85b8-4ef228e9353f", "keyword": "khai trương tdm", "step": "capture", "message": "Saved post_049.png (posinset=49)", "data": {"w": 2}, "seq": 22291}
{"ts": "2026-05-01T15:09:52.814861+00:00", "level": "INFO", "jobId": "a7bd1e75-ee33-4995-85b8-4ef228e9353f", "keyword": "khai trương tdm", "step": "cooldown", "message": "Cooldown 1.0s (after capture)", "data": {"w": 2}, "seq": 22292}
{"ts": "2026-05-01T15:09:53.836277+00:00", "level": "INFO", "jobId": "a7bd1e75-ee33-4995-85b8-4ef228e9353f", "keyword": "khai trương tdm", "step": "capture", "message": "Capturing posinset=50 (50/∞)…", "data": {"w": 2}, "seq": 22297}
{"ts": "2026-05-01T15:09:55.669276+00:00", "level": "INFO", "jobId": "a7bd1e75-ee33-4995-85b8-4ef228e9353f", "keyword": "khai trương tdm", "step": "capture", "message": "Saved post_050.png (posinset=50)", "data": {"w": 2}, "seq": 22300}
{"ts": "2026-05-01T15:09:55.674282+00:00", "level": "INFO", "jobId": "a7bd1e75-ee33-4995-85b8-4ef228e9353f", "keyword": "khai trương tdm", "step": "cooldown", "message": "Cooldown 1.0s (after capture)", "data": {"w": 2}, "seq": 22301}
{"ts": "2026-05-01T15:09:56.728230+00:00", "level": "INFO", "jobId": "a7bd1e75-ee33-4995-85b8-4ef228e9353f", "keyword": "khai trương tdm", "step": "capture", "message": "Capturing posinset=51 (51/∞)…", "data": {"w": 2}, "seq": 22304}
{"ts": "2026-05-01T15:09:59.515677+00:00", "level": "INFO", "jobId": "a7bd1e75-ee33-4995-85b8-4ef228e9353f", "keyword": "khai trương tdm", "step": "capture", "message": "Saved post_051.png (posinset=51)", "data": {"w": 2}, "seq": 22309}
{"ts": "2026-05-01T15:09:59.516676+00:00", "level": "INFO", "jobId": "a7bd1e75-ee33-4995-85b8-4ef228e9353f", "keyword": "khai trương tdm", "step": "cooldown", "message": "Cooldown 1.0s (after capture)", "data": {"w": 2}, "seq": 22310}
{"ts": "2026-05-01T15:10:00.547968+00:00", "level": "INFO", "jobId": "a7bd1e75-ee33-4995-85b8-4ef228e9353f", "keyword": "khai trương tdm", "step": "capture", "message": "Capturing posinset=52 (52/∞)…", "data": {"w": 2}, "seq": 22313}
{"ts": "2026-05-01T15:10:02.573555+00:00", "level": "INFO", "jobId": "a7bd1e75-ee33-4995-85b8-4ef228e9353f", "keyword": "khai trương tdm", "step": "capture", "message": "Saved post_052.png (posinset=52)", "data": {"w": 2}, "seq": 22318}
{"ts": "2026-05-01T15:10:02.575555+00:00", "level": "INFO", "jobId": "a7bd1e75-ee33-4995-85b8-4ef228e9353f", "keyword": "khai trương tdm", "step": "cooldown", "message": "Cooldown 1.0s (after capture)", "data": {"w": 2}, "seq": 22319}
{"ts": "2026-05-01T15:10:03.604334+00:00", "level": "INFO", "jobId": "a7bd1e75-ee33-4995-85b8-4ef228e9353f", "keyword": "khai trương tdm", "step": "capture", "message": "Capturing posinset=53 (53/∞)…", "data": {"w": 2}, "seq": 22322}
{"ts": "2026-05-01T15:10:05.938548+00:00", "level": "INFO", "jobId": "a7bd1e75-ee33-4995-85b8-4ef228e9353f", "keyword": "khai trương tdm", "step": "capture", "message": "Saved post_053.png (posinset=53)", "data": {"w": 2}, "seq": 22327}
{"ts": "2026-05-01T15:10:05.940997+00:00", "level": "INFO", "jobId": "a7bd1e75-ee33-4995-85b8-4ef228e9353f", "keyword": "khai trương tdm", "step": "cooldown", "message": "Cooldown 1.0s (after capture)", "data": {"w": 2}, "seq": 22328}
{"ts": "2026-05-01T15:10:06.982188+00:00", "level": "INFO", "jobId": "a7bd1e75-ee33-4995-85b8-4ef228e9353f", "keyword": "khai trương tdm", "step": "heartbeat", "message": "Worker alive", "data": {"w": 2, "elapsed_s": 230}, "seq": 22329}
{"ts": "2026-05-01T15:10:06.984186+00:00", "level": "INFO", "jobId": "a7bd1e75-ee33-4995-85b8-4ef228e9353f", "keyword": "khai trương tdm", "step": "capture", "message": "Capturing posinset=54 (54/∞)…", "data": {"w": 2}, "seq": 22330}
{"ts": "2026-05-01T15:10:09.457879+00:00", "level": "INFO", "jobId": "a7bd1e75-ee33-4995-85b8-4ef228e9353f", "keyword": "khai trương tdm", "step": "capture", "message": "Saved post_054.png (posinset=54)", "data": {"w": 2}, "seq": 22339}
{"ts": "2026-05-01T15:10:09.459880+00:00", "level": "INFO", "jobId": "a7bd1e75-ee33-4995-85b8-4ef228e9353f", "keyword": "khai trương tdm", "step": "cooldown", "message": "Cooldown 1.0s (after capture)", "data": {"w": 2}, "seq": 22340}
{"ts": "2026-05-01T15:10:10.501750+00:00", "level": "INFO", "jobId": "a7bd1e75-ee33-4995-85b8-4ef228e9353f", "keyword": "khai trương tdm", "step": "capture", "message": "Capturing posinset=55 (55/∞)…", "data": {"w": 2}, "seq": 22341}
{"ts": "2026-05-01T15:10:12.601380+00:00", "level": "INFO", "jobId": "a7bd1e75-ee33-4995-85b8-4ef228e9353f", "keyword": "khai trương tdm", "step": "capture", "message": "Saved post_055.png (posinset=55)", "data": {"w": 2}, "seq": 22347}
{"ts": "2026-05-01T15:10:12.603401+00:00", "level": "INFO", "jobId": "a7bd1e75-ee33-4995-85b8-4ef228e9353f", "keyword": "khai trương tdm", "step": "cooldown", "message": "Cooldown 1.0s (after capture)", "data": {"w": 2}, "seq": 22348}
{"ts": "2026-05-01T15:10:13.647261+00:00", "level": "INFO", "jobId": "a7bd1e75-ee33-4995-85b8-4ef228e9353f", "keyword": "khai trương tdm", "step": "capture", "message": "Capturing posinset=56 (56/∞)…", "data": {"w": 2}, "seq": 22350}
{"ts": "2026-05-01T15:10:15.405024+00:00", "level": "INFO", "jobId": "a7bd1e75-ee33-4995-85b8-4ef228e9353f", "keyword": "khai trương tdm", "step": "capture", "message": "Saved post_056.png (posinset=56)", "data": {"w": 2}, "seq": 22354}
{"ts": "2026-05-01T15:10:15.406184+00:00", "level": "INFO", "jobId": "a7bd1e75-ee33-4995-85b8-4ef228e9353f", "keyword": "khai trương tdm", "step": "cooldown", "message": "Cooldown 1.0s (after capture)", "data": {"w": 2}, "seq": 22355}
{"ts": "2026-05-01T15:10:16.494430+00:00", "level": "INFO", "jobId": "a7bd1e75-ee33-4995-85b8-4ef228e9353f", "keyword": "khai trương tdm", "step": "capture", "message": "Capturing posinset=57 (57/∞)…", "data": {"w": 2}, "seq": 22356}
{"ts": "2026-05-01T15:10:18.655698+00:00", "level": "INFO", "jobId": "a7bd1e75-ee33-4995-85b8-4ef228e9353f", "keyword": "khai trương tdm", "step": "capture", "message": "Saved post_057.png (posinset=57)", "data": {"w": 2}, "seq": 22361}
{"ts": "2026-05-01T15:10:18.657880+00:00", "level": "INFO", "jobId": "a7bd1e75-ee33-4995-85b8-4ef228e9353f", "keyword": "khai trương tdm", "step": "cooldown", "message": "Cooldown 1.0s (after capture)", "data": {"w": 2}, "seq": 22362}
{"ts": "2026-05-01T15:10:19.684245+00:00", "level": "INFO", "jobId": "a7bd1e75-ee33-4995-85b8-4ef228e9353f", "keyword": "khai trương tdm", "step": "capture", "message": "Capturing posinset=58 (58/∞)…", "data": {"w": 2}, "seq": 22365}
{"ts": "2026-05-01T15:10:25.937193+00:00", "level": "INFO", "jobId": "a7bd1e75-ee33-4995-85b8-4ef228e9353f", "keyword": "khai trương tdm", "step": "heartbeat", "message": "Worker alive", "data": {"w": 2, "elapsed_s": 249}, "seq": 22373}
{"ts": "2026-05-01T15:10:25.939209+00:00", "level": "INFO", "jobId": "a7bd1e75-ee33-4995-85b8-4ef228e9353f", "keyword": "khai trương tdm", "step": "capture", "message": "Capturing posinset=58 (58/∞)…", "data": {"w": 2}, "seq": 22374}
{"ts": "2026-05-01T15:10:28.137882+00:00", "level": "INFO", "jobId": "a7bd1e75-ee33-4995-85b8-4ef228e9353f", "keyword": "khai trương tdm", "step": "capture", "message": "Saved post_058.png (posinset=58)", "data": {"w": 2}, "seq": 22381}
{"ts": "2026-05-01T15:10:28.139893+00:00", "level": "INFO", "jobId": "a7bd1e75-ee33-4995-85b8-4ef228e9353f", "keyword": "khai trương tdm", "step": "cooldown", "message": "Cooldown 1.0s (after capture)", "data": {"w": 2}, "seq": 22382}
{"ts": "2026-05-01T15:10:29.178558+00:00", "level": "INFO", "jobId": "a7bd1e75-ee33-4995-85b8-4ef228e9353f", "keyword": "khai trương tdm", "step": "capture", "message": "Capturing posinset=59 (59/∞)…", "data": {"w": 2}, "seq": 22384}
{"ts": "2026-05-01T15:10:31.120135+00:00", "level": "INFO", "jobId": "a7bd1e75-ee33-4995-85b8-4ef228e9353f", "keyword": "khai trương tdm", "step": "capture", "message": "Saved post_059.png (posinset=59)", "data": {"w": 2}, "seq": 22389}
{"ts": "2026-05-01T15:10:31.122147+00:00", "level": "INFO", "jobId": "a7bd1e75-ee33-4995-85b8-4ef228e9353f", "keyword": "khai trương tdm", "step": "cooldown", "message": "Cooldown 1.0s (after capture)", "data": {"w": 2}, "seq": 22390}
{"ts": "2026-05-01T15:10:32.213101+00:00", "level": "INFO", "jobId": "a7bd1e75-ee33-4995-85b8-4ef228e9353f", "keyword": "khai trương tdm", "step": "capture", "message": "Capturing posinset=60 (60/∞)…", "data": {"w": 2}, "seq": 22393}
{"ts": "2026-05-01T15:10:34.694535+00:00", "level": "INFO", "jobId": "a7bd1e75-ee33-4995-85b8-4ef228e9353f", "keyword": "khai trương tdm", "step": "capture", "message": "Saved post_060.png (posinset=60)", "data": {"w": 2}, "seq": 22396}
{"ts": "2026-05-01T15:10:34.695535+00:00", "level": "INFO", "jobId": "a7bd1e75-ee33-4995-85b8-4ef228e9353f", "keyword": "khai trương tdm", "step": "cooldown", "message": "Cooldown 1.0s (after capture)", "data": {"w": 2}, "seq": 22397}
{"ts": "2026-05-01T15:10:35.748551+00:00", "level": "INFO", "jobId": "a7bd1e75-ee33-4995-85b8-4ef228e9353f", "keyword": "khai trương tdm", "step": "capture", "message": "Capturing posinset=61 (61/∞)…", "data": {"w": 2}, "seq": 22401}
{"ts": "2026-05-01T15:10:38.176448+00:00", "level": "INFO", "jobId": "a7bd1e75-ee33-4995-85b8-4ef228e9353f", "keyword": "khai trương tdm", "step": "capture", "message": "Saved post_061.png (posinset=61)", "data": {"w": 2}, "seq": 22405}
{"ts": "2026-05-01T15:10:38.177463+00:00", "level": "INFO", "jobId": "a7bd1e75-ee33-4995-85b8-4ef228e9353f", "keyword": "khai trương tdm", "step": "cooldown", "message": "Cooldown 1.0s (after capture)", "data": {"w": 2}, "seq": 22406}
{"ts": "2026-05-01T15:10:39.223651+00:00", "level": "INFO", "jobId": "a7bd1e75-ee33-4995-85b8-4ef228e9353f", "keyword": "khai trương tdm", "step": "capture", "message": "Capturing posinset=62 (62/∞)…", "data": {"w": 2}, "seq": 22408}
{"ts": "2026-05-01T15:10:41.721224+00:00", "level": "INFO", "jobId": "a7bd1e75-ee33-4995-85b8-4ef228e9353f", "keyword": "khai trương tdm", "step": "capture", "message": "Saved post_062.png (posinset=62)", "data": {"w": 2}, "seq": 22412}
{"ts": "2026-05-01T15:10:41.722703+00:00", "level": "INFO", "jobId": "a7bd1e75-ee33-4995-85b8-4ef228e9353f", "keyword": "khai trương tdm", "step": "cooldown", "message": "Cooldown 1.0s (after capture)", "data": {"w": 2}, "seq": 22413}
{"ts": "2026-05-01T15:10:42.768373+00:00", "level": "INFO", "jobId": "a7bd1e75-ee33-4995-85b8-4ef228e9353f", "keyword": "khai trương tdm", "step": "heartbeat", "message": "Worker alive", "data": {"w": 2, "elapsed_s": 266}, "seq": 22416}
{"ts": "2026-05-01T15:10:42.768373+00:00", "level": "INFO", "jobId": "a7bd1e75-ee33-4995-85b8-4ef228e9353f", "keyword": "khai trương tdm", "step": "capture", "message": "Capturing posinset=63 (63/∞)…", "data": {"w": 2}, "seq": 22417}
{"ts": "2026-05-01T15:10:45.103254+00:00", "level": "INFO", "jobId": "a7bd1e75-ee33-4995-85b8-4ef228e9353f", "keyword": "khai trương tdm", "step": "capture", "message": "Saved post_063.png (posinset=63)", "data": {"w": 2}, "seq": 22424}
{"ts": "2026-05-01T15:10:45.104259+00:00", "level": "INFO", "jobId": "a7bd1e75-ee33-4995-85b8-4ef228e9353f", "keyword": "khai trương tdm", "step": "cooldown", "message": "Cooldown 1.0s (after capture)", "data": {"w": 2}, "seq": 22425}
{"ts": "2026-05-01T15:10:46.155272+00:00", "level": "INFO", "jobId": "a7bd1e75-ee33-4995-85b8-4ef228e9353f", "keyword": "khai trương tdm", "step": "capture", "message": "Capturing posinset=64 (64/∞)…", "data": {"w": 2}, "seq": 22428}
{"ts": "2026-05-01T15:10:48.094698+00:00", "level": "INFO", "jobId": "a7bd1e75-ee33-4995-85b8-4ef228e9353f", "keyword": "khai trương tdm", "step": "capture", "message": "Saved post_064.png (posinset=64)", "data": {"w": 2}, "seq": 22433}
{"ts": "2026-05-01T15:10:48.096023+00:00", "level": "INFO", "jobId": "a7bd1e75-ee33-4995-85b8-4ef228e9353f", "keyword": "khai trương tdm", "step": "cooldown", "message": "Cooldown 1.0s (after capture)", "data": {"w": 2}, "seq": 22434}
{"ts": "2026-05-01T15:10:49.134292+00:00", "level": "INFO", "jobId": "a7bd1e75-ee33-4995-85b8-4ef228e9353f", "keyword": "khai trương tdm", "step": "capture", "message": "Capturing posinset=65 (65/∞)…", "data": {"w": 2}, "seq": 22437}
{"ts": "2026-05-01T15:10:56.123694+00:00", "level": "INFO", "jobId": "a7bd1e75-ee33-4995-85b8-4ef228e9353f", "keyword": "khai trương tdm", "step": "capture", "message": "Saved post_065.png (posinset=65)", "data": {"w": 2}, "seq": 22445}
{"ts": "2026-05-01T15:10:56.124695+00:00", "level": "INFO", "jobId": "a7bd1e75-ee33-4995-85b8-4ef228e9353f", "keyword": "khai trương tdm", "step": "cooldown", "message": "Cooldown 1.0s (after capture)", "data": {"w": 2}, "seq": 22446}
{"ts": "2026-05-01T15:10:57.144842+00:00", "level": "INFO", "jobId": "a7bd1e75-ee33-4995-85b8-4ef228e9353f", "keyword": "khai trương tdm", "step": "capture", "message": "Capturing posinset=66 (66/∞)…", "data": {"w": 2}, "seq": 22451}
{"ts": "2026-05-01T15:10:59.972726+00:00", "level": "INFO", "jobId": "a7bd1e75-ee33-4995-85b8-4ef228e9353f", "keyword": "khai trương tdm", "step": "capture", "message": "Saved post_066.png (posinset=66)", "data": {"w": 2}, "seq": 22454}
{"ts": "2026-05-01T15:10:59.972726+00:00", "level": "INFO", "jobId": "a7bd1e75-ee33-4995-85b8-4ef228e9353f", "keyword": "khai trương tdm", "step": "cooldown", "message": "Cooldown 1.0s (after capture)", "data": {"w": 2}, "seq": 22455}
{"ts": "2026-05-01T15:11:01.004824+00:00", "level": "INFO", "jobId": "a7bd1e75-ee33-4995-85b8-4ef228e9353f", "keyword": "khai trương tdm", "step": "heartbeat", "message": "Worker alive", "data": {"w": 2, "elapsed_s": 284}, "seq": 22460}
{"ts": "2026-05-01T15:11:01.006831+00:00", "level": "INFO", "jobId": "a7bd1e75-ee33-4995-85b8-4ef228e9353f", "keyword": "khai trương tdm", "step": "capture", "message": "Capturing posinset=67 (67/∞)…", "data": {"w": 2}, "seq": 22461}
{"ts": "2026-05-01T15:11:04.436784+00:00", "level": "INFO", "jobId": "a7bd1e75-ee33-4995-85b8-4ef228e9353f", "keyword": "khai trương tdm", "step": "capture", "message": "Saved post_067.png (posinset=67)", "data": {"w": 2}, "seq": 22468}
{"ts": "2026-05-01T15:11:04.438782+00:00", "level": "INFO", "jobId": "a7bd1e75-ee33-4995-85b8-4ef228e9353f", "keyword": "khai trương tdm", "step": "cooldown", "message": "Cooldown 1.0s (after capture)", "data": {"w": 2}, "seq": 22469}
{"ts": "2026-05-01T15:11:05.472461+00:00", "level": "INFO", "jobId": "a7bd1e75-ee33-4995-85b8-4ef228e9353f", "keyword": "khai trương tdm", "step": "capture", "message": "Capturing posinset=68 (68/∞)…", "data": {"w": 2}, "seq": 22471}
{"ts": "2026-05-01T15:11:08.709653+00:00", "level": "INFO", "jobId": "a7bd1e75-ee33-4995-85b8-4ef228e9353f", "keyword": "khai trương tdm", "step": "capture", "message": "Saved post_068.png (posinset=68)", "data": {"w": 2}, "seq": 22479}
{"ts": "2026-05-01T15:11:08.712393+00:00", "level": "INFO", "jobId": "a7bd1e75-ee33-4995-85b8-4ef228e9353f", "keyword": "khai trương tdm", "step": "cooldown", "message": "Cooldown 1.0s (after capture)", "data": {"w": 2}, "seq": 22480}
{"ts": "2026-05-01T15:11:09.784074+00:00", "level": "INFO", "jobId": "a7bd1e75-ee33-4995-85b8-4ef228e9353f", "keyword": "khai trương tdm", "step": "capture", "message": "Capturing posinset=69 (69/∞)…", "data": {"w": 2}, "seq": 22482}
{"ts": "2026-05-01T15:11:12.815797+00:00", "level": "INFO", "jobId": "a7bd1e75-ee33-4995-85b8-4ef228e9353f", "keyword": "khai trương tdm", "step": "capture", "message": "Saved post_069.png (posinset=69)", "data": {"w": 2}, "seq": 22486}
{"ts": "2026-05-01T15:11:12.816821+00:00", "level": "INFO", "jobId": "a7bd1e75-ee33-4995-85b8-4ef228e9353f", "keyword": "khai trương tdm", "step": "cooldown", "message": "Cooldown 1.0s (after capture)", "data": {"w": 2}, "seq": 22487}
{"ts": "2026-05-01T15:11:13.854483+00:00", "level": "INFO", "jobId": "a7bd1e75-ee33-4995-85b8-4ef228e9353f", "keyword": "khai trương tdm", "step": "capture", "message": "Capturing posinset=70 (70/∞)…", "data": {"w": 2}, "seq": 22488}
{"ts": "2026-05-01T15:11:16.351507+00:00", "level": "INFO", "jobId": "a7bd1e75-ee33-4995-85b8-4ef228e9353f", "keyword": "khai trương tdm", "step": "capture", "message": "Saved post_070.png (posinset=70)", "data": {"w": 2}, "seq": 22495}
{"ts": "2026-05-01T15:11:16.353919+00:00", "level": "INFO", "jobId": "a7bd1e75-ee33-4995-85b8-4ef228e9353f", "keyword": "khai trương tdm", "step": "cooldown", "message": "Cooldown 1.0s (after capture)", "data": {"w": 2}, "seq": 22496}
{"ts": "2026-05-01T15:11:17.397475+00:00", "level": "INFO", "jobId": "a7bd1e75-ee33-4995-85b8-4ef228e9353f", "keyword": "khai trương tdm", "step": "heartbeat", "message": "Worker alive", "data": {"w": 2, "elapsed_s": 300}, "seq": 22497}
{"ts": "2026-05-01T15:11:17.401505+00:00", "level": "INFO", "jobId": "a7bd1e75-ee33-4995-85b8-4ef228e9353f", "keyword": "khai trương tdm", "step": "capture", "message": "Capturing posinset=71 (71/∞)…", "data": {"w": 2}, "seq": 22498}
{"ts": "2026-05-01T15:11:20.406350+00:00", "level": "INFO", "jobId": "a7bd1e75-ee33-4995-85b8-4ef228e9353f", "keyword": "khai trương tdm", "step": "capture", "message": "Saved post_071.png (posinset=71)", "data": {"w": 2}, "seq": 22503}
{"ts": "2026-05-01T15:11:20.406856+00:00", "level": "INFO", "jobId": "a7bd1e75-ee33-4995-85b8-4ef228e9353f", "keyword": "khai trương tdm", "step": "cooldown", "message": "Cooldown 1.0s (after capture)", "data": {"w": 2}, "seq": 22504}
{"ts": "2026-05-01T15:11:21.439568+00:00", "level": "INFO", "jobId": "a7bd1e75-ee33-4995-85b8-4ef228e9353f", "keyword": "khai trương tdm", "step": "capture", "message": "Capturing posinset=72 (72/∞)…", "data": {"w": 2}, "seq": 22505}
{"ts": "2026-05-01T15:11:23.000863+00:00", "level": "INFO", "jobId": "a7bd1e75-ee33-4995-85b8-4ef228e9353f", "keyword": "khai trương tdm", "step": "capture", "message": "Capturing posinset=72 (72/∞)…", "data": {"w": 2}, "seq": 22511}
{"ts": "2026-05-01T15:11:24.721892+00:00", "level": "INFO", "jobId": "a7bd1e75-ee33-4995-85b8-4ef228e9353f", "keyword": "khai trương tdm", "step": "capture", "message": "Capturing posinset=72 (72/∞)…", "data": {"w": 2}, "seq": 22514}
{"ts": "2026-05-01T15:11:26.477098+00:00", "level": "INFO", "jobId": "a7bd1e75-ee33-4995-85b8-4ef228e9353f", "keyword": "khai trương tdm", "step": "capture", "message": "Capturing posinset=72 (72/∞)…", "data": {"w": 2}, "seq": 22520}
{"ts": "2026-05-01T15:11:28.885116+00:00", "level": "INFO", "jobId": "a7bd1e75-ee33-4995-85b8-4ef228e9353f", "keyword": "khai trương tdm", "step": "capture", "message": "Capturing posinset=72 (72/∞)…", "data": {"w": 2}, "seq": 22522}
{"ts": "2026-05-01T15:11:30.684612+00:00", "level": "INFO", "jobId": "a7bd1e75-ee33-4995-85b8-4ef228e9353f", "keyword": "khai trương tdm", "step": "capture", "message": "Capturing posinset=72 (72/∞)…", "data": {"w": 2}, "seq": 22528}
{"ts": "2026-05-01T15:11:32.217566+00:00", "level": "INFO", "jobId": "a7bd1e75-ee33-4995-85b8-4ef228e9353f", "keyword": "khai trương tdm", "step": "capture", "message": "Capturing posinset=72 (72/∞)…", "data": {"w": 2}, "seq": 22532}
{"ts": "2026-05-01T15:11:43.878141+00:00", "level": "INFO", "jobId": "a7bd1e75-ee33-4995-85b8-4ef228e9353f", "keyword": "khai trương tdm", "step": "heartbeat", "message": "Worker alive", "data": {"w": 2, "elapsed_s": 327}, "seq": 22548}
{"ts": "2026-05-01T15:11:43.881407+00:00", "level": "INFO", "jobId": "a7bd1e75-ee33-4995-85b8-4ef228e9353f", "keyword": "khai trương tdm", "step": "capture", "message": "Capturing posinset=72 (72/∞)…", "data": {"w": 2}, "seq": 22549}
{"ts": "2026-05-01T15:11:55.595540+00:00", "level": "INFO", "jobId": "a7bd1e75-ee33-4995-85b8-4ef228e9353f", "keyword": "khai trương tdm", "step": "capture", "message": "Capturing posinset=72 (72/∞)…", "data": {"w": 2}, "seq": 22567}
{"ts": "2026-05-01T15:11:58.003997+00:00", "level": "INFO", "jobId": "a7bd1e75-ee33-4995-85b8-4ef228e9353f", "keyword": "khai trương tdm", "step": "capture", "message": "Reached stable end of results (maxPos=71, stable>=35s). Stopping.", "data": {"w": 2}, "seq": 22573}
{"ts": "2026-05-01T15:11:58.081191+00:00", "level": "INFO", "jobId": "a7bd1e75-ee33-4995-85b8-4ef228e9353f", "keyword": "khai trương tdm", "step": "capture", "message": "Capture loop finished (unlimited). Saved=71", "data": {"w": 2}, "seq": 22574}
{"ts": "2026-05-01T15:11:58.083201+00:00", "level": "INFO", "jobId": "a7bd1e75-ee33-4995-85b8-4ef228e9353f", "keyword": "khai trương tdm", "step": "done", "message": "Completed. Saved=71", "data": {"w": 2}, "seq": 22575}
