{"ts": "2026-05-01T08:12:03.814757+00:00", "level": "INFO", "jobId": "ae4b76e5-230b-420b-b94e-4ee16d028603", "keyword": "khai trương tdm", "step": "created", "message": "Job created", "data": {"maxPosts": "unlimited"}, "seq": 14449}
{"ts": "2026-05-01T08:27:09.285851+00:00", "level": "INFO", "jobId": "ae4b76e5-230b-420b-b94e-4ee16d028603", "keyword": "khai trương tdm", "step": "start", "message": "Job started (attempt 1/2)", "data": {"w": 0}, "seq": 14941}
{"ts": "2026-05-01T08:27:09.454271+00:00", "level": "INFO", "jobId": "ae4b76e5-230b-420b-b94e-4ee16d028603", "keyword": "khai trương tdm", "step": "search", "message": "Searching keyword: \"khai trương tdm\"", "data": {"w": 0}, "seq": 14942}
{"ts": "2026-05-01T08:27:15.861664+00:00", "level": "INFO", "jobId": "ae4b76e5-230b-420b-b94e-4ee16d028603", "keyword": "khai trương tdm", "step": "capture", "message": "Start capturing all posts until end of results.", "data": {"w": 0}, "seq": 14947}
{"ts": "2026-05-01T08:27:15.862851+00:00", "level": "INFO", "jobId": "ae4b76e5-230b-420b-b94e-4ee16d028603", "keyword": "khai trương tdm", "step": "capture", "message": "Output folder: Lan 6 - 1527", "data": {"w": 0}, "seq": 14948}
{"ts": "2026-05-01T08:27:17.566543+00:00", "level": "INFO", "jobId": "ae4b76e5-230b-420b-b94e-4ee16d028603", "keyword": "khai trương tdm", "step": "capture", "message": "Capturing 1/∞ (viewport)…", "data": {"w": 0}, "seq": 14949}
{"ts": "2026-05-01T08:27:17.816722+00:00", "level": "INFO", "jobId": "ae4b76e5-230b-420b-b94e-4ee16d028603", "keyword": "khai trương tdm", "step": "capture", "message": "Expanded \"Xem thêm\" (exact-class): +3 (total 3)", "data": {"w": 0}, "seq": 14950}
{"ts": "2026-05-01T08:27:31.087306+00:00", "level": "INFO", "jobId": "ae4b76e5-230b-420b-b94e-4ee16d028603", "keyword": "khai trương tdm", "step": "capture", "message": "Saved post_001.png", "data": {"w": 0}, "seq": 14953}
{"ts": "2026-05-01T08:27:31.088621+00:00", "level": "INFO", "jobId": "ae4b76e5-230b-420b-b94e-4ee16d028603", "keyword": "khai trương tdm", "step": "cooldown", "message": "Cooldown 2.0s (after capture)", "data": {"w": 0}, "seq": 14954}
{"ts": "2026-05-01T08:27:33.689336+00:00", "level": "INFO", "jobId": "ae4b76e5-230b-420b-b94e-4ee16d028603", "keyword": "khai trương tdm", "step": "heartbeat", "message": "Worker alive", "data": {"w": 0, "elapsed_s": 24}, "seq": 14957}
{"ts": "2026-05-01T08:27:33.690435+00:00", "level": "INFO", "jobId": "ae4b76e5-230b-420b-b94e-4ee16d028603", "keyword": "khai trương tdm", "step": "capture", "message": "Capturing 2/∞ (viewport)…", "data": {"w": 0}, "seq": 14958}
{"ts": "2026-05-01T08:27:46.469856+00:00", "level": "INFO", "jobId": "ae4b76e5-230b-420b-b94e-4ee16d028603", "keyword": "khai trương tdm", "step": "capture", "message": "Saved post_002.png", "data": {"w": 0}, "seq": 14961}
{"ts": "2026-05-01T08:27:46.470997+00:00", "level": "INFO", "jobId": "ae4b76e5-230b-420b-b94e-4ee16d028603", "keyword": "khai trương tdm", "step": "cooldown", "message": "Cooldown 1.5s (after capture)", "data": {"w": 0}, "seq": 14962}
{"ts": "2026-05-01T08:27:48.464603+00:00", "level": "INFO", "jobId": "ae4b76e5-230b-420b-b94e-4ee16d028603", "keyword": "khai trương tdm", "step": "capture", "message": "Capturing 3/∞ (viewport)…", "data": {"w": 0}, "seq": 14963}
{"ts": "2026-05-01T08:27:48.906808+00:00", "level": "INFO", "jobId": "ae4b76e5-230b-420b-b94e-4ee16d028603", "keyword": "khai trương tdm", "step": "heartbeat", "message": "Worker alive", "data": {"w": 0, "elapsed_s": 39}, "seq": 14966}
{"ts": "2026-05-01T08:28:01.161274+00:00", "level": "INFO", "jobId": "ae4b76e5-230b-420b-b94e-4ee16d028603", "keyword": "khai trương tdm", "step": "capture", "message": "At bottom; waiting for more results… (stall 1)", "data": {"w": 0}, "seq": 14968}
{"ts": "2026-05-01T08:28:03.409954+00:00", "level": "INFO", "jobId": "ae4b76e5-230b-420b-b94e-4ee16d028603", "keyword": "khai trương tdm", "step": "capture", "message": "Capturing 3/∞ (viewport)…", "data": {"w": 0}, "seq": 14971}
{"ts": "2026-05-01T08:28:04.217806+00:00", "level": "INFO", "jobId": "ae4b76e5-230b-420b-b94e-4ee16d028603", "keyword": "khai trương tdm", "step": "capture", "message": "Expanded \"Xem thêm\" (exact-class): +2 (total 2)", "data": {"w": 0}, "seq": 14974}
{"ts": "2026-05-01T08:28:04.661154+00:00", "level": "INFO", "jobId": "ae4b76e5-230b-420b-b94e-4ee16d028603", "keyword": "khai trương tdm", "step": "heartbeat", "message": "Worker alive", "data": {"w": 0, "elapsed_s": 55}, "seq": 14975}
{"ts": "2026-05-01T08:28:17.513314+00:00", "level": "INFO", "jobId": "ae4b76e5-230b-420b-b94e-4ee16d028603", "keyword": "khai trương tdm", "step": "capture", "message": "Saved post_003.png", "data": {"w": 0}, "seq": 14978}
{"ts": "2026-05-01T08:28:17.514581+00:00", "level": "INFO", "jobId": "ae4b76e5-230b-420b-b94e-4ee16d028603", "keyword": "khai trương tdm", "step": "cooldown", "message": "Cooldown 1.7s (after capture)", "data": {"w": 0}, "seq": 14979}
{"ts": "2026-05-01T08:28:19.890485+00:00", "level": "INFO", "jobId": "ae4b76e5-230b-420b-b94e-4ee16d028603", "keyword": "khai trương tdm", "step": "heartbeat", "message": "Worker alive", "data": {"w": 0, "elapsed_s": 70}, "seq": 14982}
{"ts": "2026-05-01T08:28:19.891720+00:00", "level": "INFO", "jobId": "ae4b76e5-230b-420b-b94e-4ee16d028603", "keyword": "khai trương tdm", "step": "capture", "message": "Capturing 4/∞ (viewport)…", "data": {"w": 0}, "seq": 14983}
{"ts": "2026-05-01T08:28:19.983558+00:00", "level": "INFO", "jobId": "ae4b76e5-230b-420b-b94e-4ee16d028603", "keyword": "khai trương tdm", "step": "capture", "message": "Expanded \"Xem thêm\" (exact-class): +1 (total 1)", "data": {"w": 0}, "seq": 14984}
{"ts": "2026-05-01T08:28:33.337335+00:00", "level": "INFO", "jobId": "ae4b76e5-230b-420b-b94e-4ee16d028603", "keyword": "khai trương tdm", "step": "capture", "message": "Saved post_004.png", "data": {"w": 0}, "seq": 14987}
{"ts": "2026-05-01T08:28:33.339349+00:00", "level": "INFO", "jobId": "ae4b76e5-230b-420b-b94e-4ee16d028603", "keyword": "khai trương tdm", "step": "cooldown", "message": "Cooldown 2.7s (after capture)", "data": {"w": 0}, "seq": 14988}
{"ts": "2026-05-01T08:28:36.605016+00:00", "level": "INFO", "jobId": "ae4b76e5-230b-420b-b94e-4ee16d028603", "keyword": "khai trương tdm", "step": "heartbeat", "message": "Worker alive", "data": {"w": 0, "elapsed_s": 87}, "seq": 14992}
{"ts": "2026-05-01T08:28:36.605964+00:00", "level": "INFO", "jobId": "ae4b76e5-230b-420b-b94e-4ee16d028603", "keyword": "khai trương tdm", "step": "capture", "message": "Capturing 5/∞ (viewport)…", "data": {"w": 0}, "seq": 14993}
{"ts": "2026-05-01T08:28:36.728907+00:00", "level": "INFO", "jobId": "ae4b76e5-230b-420b-b94e-4ee16d028603", "keyword": "khai trương tdm", "step": "capture", "message": "Expanded \"Xem thêm\" (exact-class): +1 (total 1)", "data": {"w": 0}, "seq": 14994}
{"ts": "2026-05-01T08:28:49.867072+00:00", "level": "INFO", "jobId": "ae4b76e5-230b-420b-b94e-4ee16d028603", "keyword": "khai trương tdm", "step": "capture", "message": "Saved post_005.png", "data": {"w": 0}, "seq": 14997}
{"ts": "2026-05-01T08:28:49.868878+00:00", "level": "INFO", "jobId": "ae4b76e5-230b-420b-b94e-4ee16d028603", "keyword": "khai trương tdm", "step": "cooldown", "message": "Cooldown 1.0s (after capture)", "data": {"w": 0}, "seq": 14998}
{"ts": "2026-05-01T08:28:51.547284+00:00", "level": "INFO", "jobId": "ae4b76e5-230b-420b-b94e-4ee16d028603", "keyword": "khai trương tdm", "step": "capture", "message": "Capturing 6/∞ (viewport)…", "data": {"w": 0}, "seq": 15002}
{"ts": "2026-05-01T08:28:51.749239+00:00", "level": "INFO", "jobId": "ae4b76e5-230b-420b-b94e-4ee16d028603", "keyword": "khai trương tdm", "step": "capture", "message": "Expanded \"Xem thêm\" (exact-class): +1 (total 1)", "data": {"w": 0}, "seq": 15003}
{"ts": "2026-05-01T08:28:52.188432+00:00", "level": "INFO", "jobId": "ae4b76e5-230b-420b-b94e-4ee16d028603", "keyword": "khai trương tdm", "step": "heartbeat", "message": "Worker alive", "data": {"w": 0, "elapsed_s": 102}, "seq": 15004}
{"ts": "2026-05-01T08:28:56.300545+00:00", "level": "WARN", "jobId": "ae4b76e5-230b-420b-b94e-4ee16d028603", "keyword": "khai trương tdm", "step": "relaunch", "message": "Browser/page closed unexpectedly. Will relaunch + retry. (Page.screenshot: Target page, context or browser has been closed)", "data": {"w": 0}, "seq": 15009}
{"ts": "2026-05-01T08:28:58.524503+00:00", "level": "WARN", "jobId": "ae4b76e5-230b-420b-b94e-4ee16d028603", "keyword": "khai trương tdm", "step": "retry", "message": "Reset job to pending for retry (closed target).", "data": {"w": 0}, "seq": 15010}
{"ts": "2026-05-01T08:28:58.536967+00:00", "level": "INFO", "jobId": "ae4b76e5-230b-420b-b94e-4ee16d028603", "keyword": "khai trương tdm", "step": "start", "message": "Job started (attempt 2/2)", "data": {"w": 0}, "seq": 15011}
{"ts": "2026-05-01T08:28:58.732509+00:00", "level": "INFO", "jobId": "ae4b76e5-230b-420b-b94e-4ee16d028603", "keyword": "khai trương tdm", "step": "search", "message": "Searching keyword: \"khai trương tdm\"", "data": {"w": 0}, "seq": 15012}
{"ts": "2026-05-01T08:29:00.884579+00:00", "level": "ERROR", "jobId": "ae4b76e5-230b-420b-b94e-4ee16d028603", "keyword": "khai trương tdm", "step": "error", "message": "Unhandled error: Page.goto: Connection closed while reading from the driver", "data": {"w": 0, "trace": "Traceback (most recent call last):\n  File \"C:\\Users\\nguyenkhanhduyit\\Desktop\\Posts\\app\\worker\\runner.py\", line 657, in main\n    search_keyword(page, params, lambda s, m: jlog(s, m))\n  File \"C:\\Users\\nguyenkhanhduyit\\Desktop\\Posts\\app\\worker\\fb_automation\\automation.py\", line 364, in search_keyword\n    _goto_login(page)\n  File \"C:\\Users\\nguyenkhanhduyit\\Desktop\\Posts\\app\\worker\\fb_automation\\automation.py\", line 119, in _goto_login\n    page.goto(\"https://www.facebook.com/login.php\", wait_until=\"domcontentloaded\", timeout=60_000)\n  File \"C:\\Users\\nguyenkhanhduyit\\AppData\\Local\\Programs\\Python\\Python310\\lib\\site-packages\\playwright\\sync_api\\_generated.py\", line 9006, in goto\n    self._sync(\n  File \"C:\\Users\\nguyenkhanhduyit\\AppData\\Local\\Programs\\Python\\Python310\\lib\\site-packages\\playwright\\_impl\\_sync_base.py\", line 115, in _sync\n    return task.result()\n  File \"C:\\Users\\nguyenkhanhduyit\\AppData\\Local\\Programs\\Python\\Python310\\lib\\site-packages\\playwright\\_impl\\_page.py\", line 551, in goto\n    return await self._main_frame.goto(**locals_to_params(locals()))\n  File \"C:\\Users\\nguyenkhanhduyit\\AppData\\Local\\Programs\\Python\\Python310\\lib\\site-packages\\playwright\\_impl\\_frame.py\", line 145, in goto\n    await self._channel.send(\"goto\", locals_to_params(locals()))\n  File \"C:\\Users\\nguyenkhanhduyit\\AppData\\Local\\Programs\\Python\\Python310\\lib\\site-packages\\playwright\\_impl\\_connection.py\", line 61, in send\n    return await self._connection.wrap_api_call(\n  File \"C:\\Users\\nguyenkhanhduyit\\AppData\\Local\\Programs\\Python\\Python310\\lib\\site-packages\\playwright\\_impl\\_connection.py\", line 528, in wrap_api_call\n    raise rewrite_error(error, f\"{parsed_st['apiName']}: {error}\") from None\nException: Page.goto: Connection closed while reading from the driver\n"}, "seq": 15013}
