{"ts": "2026-05-01T09:00:25.814805+00:00", "level": "INFO", "jobId": "aed217ac-9a82-47e8-82a0-78c7fa57e738", "keyword": "khai trương hồng phát", "step": "created", "message": "Job created", "data": {"maxPosts": 5}, "seq": 15017}
{"ts": "2026-05-01T09:01:23.507011+00:00", "level": "INFO", "jobId": "aed217ac-9a82-47e8-82a0-78c7fa57e738", "keyword": "khai trương hồng phát", "step": "start", "message": "Job started (attempt 1/2)", "data": {"w": 1}, "seq": 15046}
{"ts": "2026-05-01T09:01:23.718879+00:00", "level": "INFO", "jobId": "aed217ac-9a82-47e8-82a0-78c7fa57e738", "keyword": "khai trương hồng phát", "step": "search", "message": "Searching keyword: \"khai trương hồng phát\"", "data": {"w": 1}, "seq": 15047}
{"ts": "2026-05-01T09:01:26.903534+00:00", "level": "INFO", "jobId": "aed217ac-9a82-47e8-82a0-78c7fa57e738", "keyword": "khai trương hồng phát", "step": "capture", "message": "Start capturing up to 5 posts.", "data": {"w": 1}, "seq": 15050}
{"ts": "2026-05-01T09:01:26.911500+00:00", "level": "INFO", "jobId": "aed217ac-9a82-47e8-82a0-78c7fa57e738", "keyword": "khai trương hồng phát", "step": "capture", "message": "Output folder: Lan 7 - 1601", "data": {"w": 1}, "seq": 15051}
{"ts": "2026-05-01T09:01:29.673434+00:00", "level": "INFO", "jobId": "aed217ac-9a82-47e8-82a0-78c7fa57e738", "keyword": "khai trương hồng phát", "step": "capture", "message": "Capturing posinset=1 (1/5)…", "data": {"w": 1}, "seq": 15055}
{"ts": "2026-05-01T09:01:32.783667+00:00", "level": "INFO", "jobId": "aed217ac-9a82-47e8-82a0-78c7fa57e738", "keyword": "khai trương hồng phát", "step": "capture", "message": "Saved post_001.png (posinset=1)", "data": {"w": 1}, "seq": 15058}
{"ts": "2026-05-01T09:01:32.786667+00:00", "level": "INFO", "jobId": "aed217ac-9a82-47e8-82a0-78c7fa57e738", "keyword": "khai trương hồng phát", "step": "cooldown", "message": "Cooldown 1.0s (after capture)", "data": {"w": 1}, "seq": 15059}
{"ts": "2026-05-01T09:01:33.822483+00:00", "level": "INFO", "jobId": "aed217ac-9a82-47e8-82a0-78c7fa57e738", "keyword": "khai trương hồng phát", "step": "capture", "message": "Capturing posinset=2 (2/5)…", "data": {"w": 1}, "seq": 15062}
{"ts": "2026-05-01T09:01:34.997186+00:00", "level": "INFO", "jobId": "aed217ac-9a82-47e8-82a0-78c7fa57e738", "keyword": "khai trương hồng phát", "step": "capture", "message": "Saved post_002.png (posinset=2)", "data": {"w": 1}, "seq": 15063}
{"ts": "2026-05-01T09:01:34.998664+00:00", "level": "INFO", "jobId": "aed217ac-9a82-47e8-82a0-78c7fa57e738", "keyword": "khai trương hồng phát", "step": "cooldown", "message": "Cooldown 1.0s (after capture)", "data": {"w": 1}, "seq": 15064}
{"ts": "2026-05-01T09:01:36.032725+00:00", "level": "INFO", "jobId": "aed217ac-9a82-47e8-82a0-78c7fa57e738", "keyword": "khai trương hồng phát", "step": "capture", "message": "Capturing posinset=3 (3/5)…", "data": {"w": 1}, "seq": 15066}
{"ts": "2026-05-01T09:01:37.351522+00:00", "level": "INFO", "jobId": "aed217ac-9a82-47e8-82a0-78c7fa57e738", "keyword": "khai trương hồng phát", "step": "capture", "message": "Saved post_003.png (posinset=3)", "data": {"w": 1}, "seq": 15067}
{"ts": "2026-05-01T09:01:37.353526+00:00", "level": "INFO", "jobId": "aed217ac-9a82-47e8-82a0-78c7fa57e738", "keyword": "khai trương hồng phát", "step": "cooldown", "message": "Cooldown 1.0s (after capture)", "data": {"w": 1}, "seq": 15068}
{"ts": "2026-05-01T09:01:38.376654+00:00", "level": "INFO", "jobId": "aed217ac-9a82-47e8-82a0-78c7fa57e738", "keyword": "khai trương hồng phát", "step": "capture", "message": "Capturing posinset=4 (4/5)…", "data": {"w": 1}, "seq": 15069}
{"ts": "2026-05-01T09:01:40.992552+00:00", "level": "INFO", "jobId": "aed217ac-9a82-47e8-82a0-78c7fa57e738", "keyword": "khai trương hồng phát", "step": "capture", "message": "Saved post_004.png (posinset=4)", "data": {"w": 1}, "seq": 15073}
{"ts": "2026-05-01T09:01:40.992552+00:00", "level": "INFO", "jobId": "aed217ac-9a82-47e8-82a0-78c7fa57e738", "keyword": "khai trương hồng phát", "step": "cooldown", "message": "Cooldown 1.0s (after capture)", "data": {"w": 1}, "seq": 15074}
{"ts": "2026-05-01T09:01:42.014718+00:00", "level": "INFO", "jobId": "aed217ac-9a82-47e8-82a0-78c7fa57e738", "keyword": "khai trương hồng phát", "step": "capture", "message": "Capturing posinset=5 (5/5)…", "data": {"w": 1}, "seq": 15075}
{"ts": "2026-05-01T09:01:43.162078+00:00", "level": "INFO", "jobId": "aed217ac-9a82-47e8-82a0-78c7fa57e738", "keyword": "khai trương hồng phát", "step": "capture", "message": "Saved post_005.png (posinset=5)", "data": {"w": 1}, "seq": 15076}
{"ts": "2026-05-01T09:01:43.163116+00:00", "level": "INFO", "jobId": "aed217ac-9a82-47e8-82a0-78c7fa57e738", "keyword": "khai trương hồng phát", "step": "cooldown", "message": "Cooldown 1.0s (after capture)", "data": {"w": 1}, "seq": 15077}
{"ts": "2026-05-01T09:01:44.174215+00:00", "level": "INFO", "jobId": "aed217ac-9a82-47e8-82a0-78c7fa57e738", "keyword": "khai trương hồng phát", "step": "done", "message": "Completed. Saved=5", "data": {"w": 1}, "seq": 15078}
