{"ts": "2026-05-01T15:51:32.203629+00:00", "level": "INFO", "jobId": "b170bff4-f51e-4f1f-a4d5-f2a03004eac1", "keyword": "khai trương hoành tráng", "step": "created", "message": "Job created", "data": {"maxPosts": "unlimited"}, "seq": 25543}
{"ts": "2026-05-01T16:41:08.431714+00:00", "level": "INFO", "jobId": "b170bff4-f51e-4f1f-a4d5-f2a03004eac1", "keyword": "khai trương hoành tráng", "step": "start", "message": "Job started (attempt 1/1)", "data": {"w": 0}, "seq": 30850}
{"ts": "2026-05-01T16:41:13.457867+00:00", "level": "INFO", "jobId": "b170bff4-f51e-4f1f-a4d5-f2a03004eac1", "keyword": "khai trương hoành tráng", "step": "login", "message": "Already logged in (home).", "data": {"w": 0}, "seq": 30856}
{"ts": "2026-05-01T16:41:13.463593+00:00", "level": "INFO", "jobId": "b170bff4-f51e-4f1f-a4d5-f2a03004eac1", "keyword": "khai trương hoành tráng", "step": "search", "message": "Searching keyword: \"khai trương hoành tráng\"", "data": {"w": 0}, "seq": 30857}
{"ts": "2026-05-01T16:41:18.026378+00:00", "level": "INFO", "jobId": "b170bff4-f51e-4f1f-a4d5-f2a03004eac1", "keyword": "khai trương hoành tráng", "step": "capture", "message": "Start capturing all posts until end of results.", "data": {"w": 0}, "seq": 30863}
{"ts": "2026-05-01T16:41:18.029624+00:00", "level": "INFO", "jobId": "b170bff4-f51e-4f1f-a4d5-f2a03004eac1", "keyword": "khai trương hoành tráng", "step": "capture", "message": "Output folder: Lan 1 - 2341", "data": {"w": 0}, "seq": 30864}
{"ts": "2026-05-01T16:41:23.287085+00:00", "level": "INFO", "jobId": "b170bff4-f51e-4f1f-a4d5-f2a03004eac1", "keyword": "khai trương hoành tráng", "step": "capture", "message": "Waiting for posts to appear (avoid blank capture)…", "data": {"w": 0}, "seq": 30868}
{"ts": "2026-05-01T16:41:23.512393+00:00", "level": "INFO", "jobId": "b170bff4-f51e-4f1f-a4d5-f2a03004eac1", "keyword": "khai trương hoành tráng", "step": "capture", "message": "Post-detect debug: {'hasMain': True, 'url': 'https://www.facebook.com/search/posts/?q=khai%20tr%C6%B0%C6%A1ng%20ho%C3%A0nh%20tr%C3%A1ng&filters=eyJyZWNlbnRfcG9zdHM6MCI6IntcIm5hbWVcIjpcInJlY2VudF9wb3N0c1wiLFwiYXJnc1wiOlwiXCJ9In0%3D', 'title': 'khai trương hoành tráng - Kết quả tìm kiếm | Facebook', 'hasLoginInputs': False, 'consentLike': False, 'bodyHead': '\\xa0\\n1 đoạn chat chưa đọc\\n1\\nKết quả tìm kiếm\\nBộ lọc\\nTất cả\\nMọi người\\nThước phim\\nMarketplace\\nTrang\\nNhóm\\nSự kiện\\nFacebook\\nFacebook\\nFacebook\\nFacebook\\nFacebook\\nFacebook\\nFacebook\\nFacebook\\nFacebook\\nFacebook\\nFacebook\\nFacebook\\nFace', 'roleArticle': 1, 'divRoleArticle': 1, 'articleTag': 0, 'feedUnit': 0, 'anyPagelet': 0, 'adPreview': 1, 'imgs': 7, 'videos': 0, 'progress': 0, 'busy': '', 'firstArticle': {'tag': 'div', 'role': 'article', 'textLen': 0, 'hasImg': False, 'hasVideo': False, 'hasLink': False, 'hasPermalink': False}}", "data": {"w": 0}, "seq": 30869}
{"ts": "2026-05-01T16:41:26.879523+00:00", "level": "INFO", "jobId": "b170bff4-f51e-4f1f-a4d5-f2a03004eac1", "keyword": "khai trương hoành tráng", "step": "capture", "message": "Capturing posinset=1 (1/∞)…", "data": {"w": 0}, "seq": 30873}
{"ts": "2026-05-01T16:41:29.187501+00:00", "level": "INFO", "jobId": "b170bff4-f51e-4f1f-a4d5-f2a03004eac1", "keyword": "khai trương hoành tráng", "step": "capture", "message": "Saved post_001.png (posinset=1)", "data": {"w": 0}, "seq": 30876}
{"ts": "2026-05-01T16:41:29.188664+00:00", "level": "INFO", "jobId": "b170bff4-f51e-4f1f-a4d5-f2a03004eac1", "keyword": "khai trương hoành tráng", "step": "cooldown", "message": "Cooldown 1.0s (after capture)", "data": {"w": 0}, "seq": 30877}
{"ts": "2026-05-01T16:41:30.223404+00:00", "level": "INFO", "jobId": "b170bff4-f51e-4f1f-a4d5-f2a03004eac1", "keyword": "khai trương hoành tráng", "step": "capture", "message": "Capturing posinset=2 (2/∞)…", "data": {"w": 0}, "seq": 30880}
{"ts": "2026-05-01T16:41:31.340674+00:00", "level": "INFO", "jobId": "b170bff4-f51e-4f1f-a4d5-f2a03004eac1", "keyword": "khai trương hoành tráng", "step": "capture", "message": "Saved post_002.png (posinset=2)", "data": {"w": 0}, "seq": 30882}
{"ts": "2026-05-01T16:41:31.341695+00:00", "level": "INFO", "jobId": "b170bff4-f51e-4f1f-a4d5-f2a03004eac1", "keyword": "khai trương hoành tráng", "step": "cooldown", "message": "Cooldown 1.0s (after capture)", "data": {"w": 0}, "seq": 30883}
{"ts": "2026-05-01T16:41:32.380788+00:00", "level": "INFO", "jobId": "b170bff4-f51e-4f1f-a4d5-f2a03004eac1", "keyword": "khai trương hoành tráng", "step": "capture", "message": "Capturing posinset=3 (3/∞)…", "data": {"w": 0}, "seq": 30886}
{"ts": "2026-05-01T16:41:33.616372+00:00", "level": "INFO", "jobId": "b170bff4-f51e-4f1f-a4d5-f2a03004eac1", "keyword": "khai trương hoành tráng", "step": "capture", "message": "Saved post_003.png (posinset=3)", "data": {"w": 0}, "seq": 30888}
{"ts": "2026-05-01T16:41:33.617382+00:00", "level": "INFO", "jobId": "b170bff4-f51e-4f1f-a4d5-f2a03004eac1", "keyword": "khai trương hoành tráng", "step": "cooldown", "message": "Cooldown 1.0s (after capture)", "data": {"w": 0}, "seq": 30889}
{"ts": "2026-05-01T16:41:34.648223+00:00", "level": "INFO", "jobId": "b170bff4-f51e-4f1f-a4d5-f2a03004eac1", "keyword": "khai trương hoành tráng", "step": "capture", "message": "Capturing posinset=4 (4/∞)…", "data": {"w": 0}, "seq": 30892}
{"ts": "2026-05-01T16:41:36.519990+00:00", "level": "INFO", "jobId": "b170bff4-f51e-4f1f-a4d5-f2a03004eac1", "keyword": "khai trương hoành tráng", "step": "capture", "message": "Saved post_004.png (posinset=4)", "data": {"w": 0}, "seq": 30895}
{"ts": "2026-05-01T16:41:36.521009+00:00", "level": "INFO", "jobId": "b170bff4-f51e-4f1f-a4d5-f2a03004eac1", "keyword": "khai trương hoành tráng", "step": "cooldown", "message": "Cooldown 1.0s (after capture)", "data": {"w": 0}, "seq": 30896}
{"ts": "2026-05-01T16:41:37.547769+00:00", "level": "INFO", "jobId": "b170bff4-f51e-4f1f-a4d5-f2a03004eac1", "keyword": "khai trương hoành tráng", "step": "capture", "message": "Capturing posinset=5 (5/∞)…", "data": {"w": 0}, "seq": 30898}
{"ts": "2026-05-01T16:41:38.852306+00:00", "level": "INFO", "jobId": "b170bff4-f51e-4f1f-a4d5-f2a03004eac1", "keyword": "khai trương hoành tráng", "step": "capture", "message": "Saved post_005.png (posinset=5)", "data": {"w": 0}, "seq": 30903}
{"ts": "2026-05-01T16:41:38.853306+00:00", "level": "INFO", "jobId": "b170bff4-f51e-4f1f-a4d5-f2a03004eac1", "keyword": "khai trương hoành tráng", "step": "cooldown", "message": "Cooldown 1.0s (after capture)", "data": {"w": 0}, "seq": 30904}
{"ts": "2026-05-01T16:41:39.864735+00:00", "level": "INFO", "jobId": "b170bff4-f51e-4f1f-a4d5-f2a03004eac1", "keyword": "khai trương hoành tráng", "step": "heartbeat", "message": "Worker alive", "data": {"w": 0, "elapsed_s": 31}, "seq": 30906}
{"ts": "2026-05-01T16:41:39.864735+00:00", "level": "INFO", "jobId": "b170bff4-f51e-4f1f-a4d5-f2a03004eac1", "keyword": "khai trương hoành tráng", "step": "capture", "message": "Capturing posinset=6 (6/∞)…", "data": {"w": 0}, "seq": 30907}
{"ts": "2026-05-01T16:41:42.305055+00:00", "level": "INFO", "jobId": "b170bff4-f51e-4f1f-a4d5-f2a03004eac1", "keyword": "khai trương hoành tráng", "step": "capture", "message": "Saved post_006.png (posinset=6)", "data": {"w": 0}, "seq": 30908}
{"ts": "2026-05-01T16:41:42.306439+00:00", "level": "INFO", "jobId": "b170bff4-f51e-4f1f-a4d5-f2a03004eac1", "keyword": "khai trương hoành tráng", "step": "cooldown", "message": "Cooldown 1.0s (after capture)", "data": {"w": 0}, "seq": 30909}
{"ts": "2026-05-01T16:41:43.319719+00:00", "level": "INFO", "jobId": "b170bff4-f51e-4f1f-a4d5-f2a03004eac1", "keyword": "khai trương hoành tráng", "step": "capture", "message": "Capturing posinset=7 (7/∞)…", "data": {"w": 0}, "seq": 30912}
{"ts": "2026-05-01T16:41:45.280649+00:00", "level": "INFO", "jobId": "b170bff4-f51e-4f1f-a4d5-f2a03004eac1", "keyword": "khai trương hoành tráng", "step": "capture", "message": "Saved post_007.png (posinset=7)", "data": {"w": 0}, "seq": 30913}
{"ts": "2026-05-01T16:41:45.282872+00:00", "level": "INFO", "jobId": "b170bff4-f51e-4f1f-a4d5-f2a03004eac1", "keyword": "khai trương hoành tráng", "step": "cooldown", "message": "Cooldown 1.0s (after capture)", "data": {"w": 0}, "seq": 30914}
{"ts": "2026-05-01T16:41:46.303171+00:00", "level": "INFO", "jobId": "b170bff4-f51e-4f1f-a4d5-f2a03004eac1", "keyword": "khai trương hoành tráng", "step": "capture", "message": "Capturing posinset=8 (8/∞)…", "data": {"w": 0}, "seq": 30915}
{"ts": "2026-05-01T16:41:47.690706+00:00", "level": "INFO", "jobId": "b170bff4-f51e-4f1f-a4d5-f2a03004eac1", "keyword": "khai trương hoành tráng", "step": "capture", "message": "Saved post_008.png (posinset=8)", "data": {"w": 0}, "seq": 30918}
{"ts": "2026-05-01T16:41:47.691740+00:00", "level": "INFO", "jobId": "b170bff4-f51e-4f1f-a4d5-f2a03004eac1", "keyword": "khai trương hoành tráng", "step": "cooldown", "message": "Cooldown 1.0s (after capture)", "data": {"w": 0}, "seq": 30919}
{"ts": "2026-05-01T16:41:48.714997+00:00", "level": "INFO", "jobId": "b170bff4-f51e-4f1f-a4d5-f2a03004eac1", "keyword": "khai trương hoành tráng", "step": "capture", "message": "Capturing posinset=9 (9/∞)…", "data": {"w": 0}, "seq": 30921}
{"ts": "2026-05-01T16:41:50.546022+00:00", "level": "INFO", "jobId": "b170bff4-f51e-4f1f-a4d5-f2a03004eac1", "keyword": "khai trương hoành tráng", "step": "capture", "message": "Saved post_009.png (posinset=9)", "data": {"w": 0}, "seq": 30925}
{"ts": "2026-05-01T16:41:50.547160+00:00", "level": "INFO", "jobId": "b170bff4-f51e-4f1f-a4d5-f2a03004eac1", "keyword": "khai trương hoành tráng", "step": "cooldown", "message": "Cooldown 1.0s (after capture)", "data": {"w": 0}, "seq": 30926}
{"ts": "2026-05-01T16:41:51.927921+00:00", "level": "INFO", "jobId": "b170bff4-f51e-4f1f-a4d5-f2a03004eac1", "keyword": "khai trương hoành tráng", "step": "capture", "message": "Capturing posinset=10 (10/∞)…", "data": {"w": 0}, "seq": 30928}
{"ts": "2026-05-01T16:41:53.376454+00:00", "level": "INFO", "jobId": "b170bff4-f51e-4f1f-a4d5-f2a03004eac1", "keyword": "khai trương hoành tráng", "step": "capture", "message": "Saved post_010.png (posinset=10)", "data": {"w": 0}, "seq": 30931}
{"ts": "2026-05-01T16:41:53.378462+00:00", "level": "INFO", "jobId": "b170bff4-f51e-4f1f-a4d5-f2a03004eac1", "keyword": "khai trương hoành tráng", "step": "cooldown", "message": "Cooldown 1.0s (after capture)", "data": {"w": 0}, "seq": 30932}
{"ts": "2026-05-01T16:41:54.467356+00:00", "level": "INFO", "jobId": "b170bff4-f51e-4f1f-a4d5-f2a03004eac1", "keyword": "khai trương hoành tráng", "step": "capture", "message": "Capturing posinset=11 (11/∞)…", "data": {"w": 0}, "seq": 30934}
{"ts": "2026-05-01T16:41:57.638137+00:00", "level": "INFO", "jobId": "b170bff4-f51e-4f1f-a4d5-f2a03004eac1", "keyword": "khai trương hoành tráng", "step": "capture", "message": "Saved post_011.png (posinset=11)", "data": {"w": 0}, "seq": 30937}
{"ts": "2026-05-01T16:41:57.639687+00:00", "level": "INFO", "jobId": "b170bff4-f51e-4f1f-a4d5-f2a03004eac1", "keyword": "khai trương hoành tráng", "step": "cooldown", "message": "Cooldown 1.0s (after capture)", "data": {"w": 0}, "seq": 30938}
{"ts": "2026-05-01T16:41:58.668432+00:00", "level": "INFO", "jobId": "b170bff4-f51e-4f1f-a4d5-f2a03004eac1", "keyword": "khai trương hoành tráng", "step": "heartbeat", "message": "Worker alive", "data": {"w": 0, "elapsed_s": 50}, "seq": 30941}
{"ts": "2026-05-01T16:41:58.670204+00:00", "level": "INFO", "jobId": "b170bff4-f51e-4f1f-a4d5-f2a03004eac1", "keyword": "khai trương hoành tráng", "step": "capture", "message": "Capturing posinset=12 (12/∞)…", "data": {"w": 0}, "seq": 30942}
{"ts": "2026-05-01T16:41:59.995618+00:00", "level": "INFO", "jobId": "b170bff4-f51e-4f1f-a4d5-f2a03004eac1", "keyword": "khai trương hoành tráng", "step": "capture", "message": "Saved post_012.png (posinset=12)", "data": {"w": 0}, "seq": 30945}
{"ts": "2026-05-01T16:41:59.997680+00:00", "level": "INFO", "jobId": "b170bff4-f51e-4f1f-a4d5-f2a03004eac1", "keyword": "khai trương hoành tráng", "step": "cooldown", "message": "Cooldown 1.0s (after capture)", "data": {"w": 0}, "seq": 30946}
{"ts": "2026-05-01T16:42:01.027212+00:00", "level": "INFO", "jobId": "b170bff4-f51e-4f1f-a4d5-f2a03004eac1", "keyword": "khai trương hoành tráng", "step": "capture", "message": "Capturing posinset=13 (13/∞)…", "data": {"w": 0}, "seq": 30947}
{"ts": "2026-05-01T16:42:03.517864+00:00", "level": "INFO", "jobId": "b170bff4-f51e-4f1f-a4d5-f2a03004eac1", "keyword": "khai trương hoành tráng", "step": "capture", "message": "Saved post_013.png (posinset=13)", "data": {"w": 0}, "seq": 30949}
{"ts": "2026-05-01T16:42:03.519336+00:00", "level": "INFO", "jobId": "b170bff4-f51e-4f1f-a4d5-f2a03004eac1", "keyword": "khai trương hoành tráng", "step": "cooldown", "message": "Cooldown 1.0s (after capture)", "data": {"w": 0}, "seq": 30950}
{"ts": "2026-05-01T16:42:04.543383+00:00", "level": "INFO", "jobId": "b170bff4-f51e-4f1f-a4d5-f2a03004eac1", "keyword": "khai trương hoành tráng", "step": "capture", "message": "Capturing posinset=14 (14/∞)…", "data": {"w": 0}, "seq": 30953}
{"ts": "2026-05-01T16:42:05.820945+00:00", "level": "INFO", "jobId": "b170bff4-f51e-4f1f-a4d5-f2a03004eac1", "keyword": "khai trương hoành tráng", "step": "capture", "message": "Saved post_014.png (posinset=14)", "data": {"w": 0}, "seq": 30955}
{"ts": "2026-05-01T16:42:05.826011+00:00", "level": "INFO", "jobId": "b170bff4-f51e-4f1f-a4d5-f2a03004eac1", "keyword": "khai trương hoành tráng", "step": "cooldown", "message": "Cooldown 1.0s (after capture)", "data": {"w": 0}, "seq": 30956}
{"ts": "2026-05-01T16:42:06.863723+00:00", "level": "INFO", "jobId": "b170bff4-f51e-4f1f-a4d5-f2a03004eac1", "keyword": "khai trương hoành tráng", "step": "capture", "message": "Capturing posinset=15 (15/∞)…", "data": {"w": 0}, "seq": 30957}
{"ts": "2026-05-01T16:42:09.198202+00:00", "level": "INFO", "jobId": "b170bff4-f51e-4f1f-a4d5-f2a03004eac1", "keyword": "khai trương hoành tráng", "step": "capture", "message": "Saved post_015.png (posinset=15)", "data": {"w": 0}, "seq": 30961}
{"ts": "2026-05-01T16:42:09.199421+00:00", "level": "INFO", "jobId": "b170bff4-f51e-4f1f-a4d5-f2a03004eac1", "keyword": "khai trương hoành tráng", "step": "cooldown", "message": "Cooldown 1.0s (after capture)", "data": {"w": 0}, "seq": 30962}
{"ts": "2026-05-01T16:42:10.574955+00:00", "level": "INFO", "jobId": "b170bff4-f51e-4f1f-a4d5-f2a03004eac1", "keyword": "khai trương hoành tráng", "step": "capture", "message": "Capturing posinset=16 (16/∞)…", "data": {"w": 0}, "seq": 30963}
{"ts": "2026-05-01T16:42:12.898846+00:00", "level": "INFO", "jobId": "b170bff4-f51e-4f1f-a4d5-f2a03004eac1", "keyword": "khai trương hoành tráng", "step": "capture", "message": "Capturing posinset=16 (16/∞)…", "data": {"w": 0}, "seq": 30966}
{"ts": "2026-05-01T16:42:15.150291+00:00", "level": "INFO", "jobId": "b170bff4-f51e-4f1f-a4d5-f2a03004eac1", "keyword": "khai trương hoành tráng", "step": "capture", "message": "Saved post_016.png (posinset=16)", "data": {"w": 0}, "seq": 30972}
{"ts": "2026-05-01T16:42:15.152256+00:00", "level": "INFO", "jobId": "b170bff4-f51e-4f1f-a4d5-f2a03004eac1", "keyword": "khai trương hoành tráng", "step": "cooldown", "message": "Cooldown 1.0s (after capture)", "data": {"w": 0}, "seq": 30975}
{"ts": "2026-05-01T16:42:16.182032+00:00", "level": "INFO", "jobId": "b170bff4-f51e-4f1f-a4d5-f2a03004eac1", "keyword": "khai trương hoành tráng", "step": "heartbeat", "message": "Worker alive", "data": {"w": 0, "elapsed_s": 67}, "seq": 30976}
{"ts": "2026-05-01T16:42:16.185766+00:00", "level": "INFO", "jobId": "b170bff4-f51e-4f1f-a4d5-f2a03004eac1", "keyword": "khai trương hoành tráng", "step": "capture", "message": "Capturing posinset=17 (17/∞)…", "data": {"w": 0}, "seq": 30977}
{"ts": "2026-05-01T16:42:17.942196+00:00", "level": "INFO", "jobId": "b170bff4-f51e-4f1f-a4d5-f2a03004eac1", "keyword": "khai trương hoành tráng", "step": "capture", "message": "Saved post_017.png (posinset=17)", "data": {"w": 0}, "seq": 30980}
{"ts": "2026-05-01T16:42:17.944191+00:00", "level": "INFO", "jobId": "b170bff4-f51e-4f1f-a4d5-f2a03004eac1", "keyword": "khai trương hoành tráng", "step": "cooldown", "message": "Cooldown 1.0s (after capture)", "data": {"w": 0}, "seq": 30981}
{"ts": "2026-05-01T16:42:18.965259+00:00", "level": "INFO", "jobId": "b170bff4-f51e-4f1f-a4d5-f2a03004eac1", "keyword": "khai trương hoành tráng", "step": "capture", "message": "Capturing posinset=18 (18/∞)…", "data": {"w": 0}, "seq": 30984}
{"ts": "2026-05-01T16:42:20.669591+00:00", "level": "INFO", "jobId": "b170bff4-f51e-4f1f-a4d5-f2a03004eac1", "keyword": "khai trương hoành tráng", "step": "capture", "message": "Saved post_018.png (posinset=18)", "data": {"w": 0}, "seq": 30986}
{"ts": "2026-05-01T16:42:20.671652+00:00", "level": "INFO", "jobId": "b170bff4-f51e-4f1f-a4d5-f2a03004eac1", "keyword": "khai trương hoành tráng", "step": "cooldown", "message": "Cooldown 1.0s (after capture)", "data": {"w": 0}, "seq": 30987}
{"ts": "2026-05-01T16:42:21.698947+00:00", "level": "INFO", "jobId": "b170bff4-f51e-4f1f-a4d5-f2a03004eac1", "keyword": "khai trương hoành tráng", "step": "capture", "message": "Capturing posinset=19 (19/∞)…", "data": {"w": 0}, "seq": 30990}
{"ts": "2026-05-01T16:42:23.204494+00:00", "level": "INFO", "jobId": "b170bff4-f51e-4f1f-a4d5-f2a03004eac1", "keyword": "khai trương hoành tráng", "step": "capture", "message": "Saved post_019.png (posinset=19)", "data": {"w": 0}, "seq": 30992}
{"ts": "2026-05-01T16:42:23.205583+00:00", "level": "INFO", "jobId": "b170bff4-f51e-4f1f-a4d5-f2a03004eac1", "keyword": "khai trương hoành tráng", "step": "cooldown", "message": "Cooldown 1.0s (after capture)", "data": {"w": 0}, "seq": 30993}
{"ts": "2026-05-01T16:42:24.220498+00:00", "level": "INFO", "jobId": "b170bff4-f51e-4f1f-a4d5-f2a03004eac1", "keyword": "khai trương hoành tráng", "step": "capture", "message": "Capturing posinset=20 (20/∞)…", "data": {"w": 0}, "seq": 30996}
{"ts": "2026-05-01T16:42:26.028450+00:00", "level": "INFO", "jobId": "b170bff4-f51e-4f1f-a4d5-f2a03004eac1", "keyword": "khai trương hoành tráng", "step": "capture", "message": "Saved post_020.png (posinset=20)", "data": {"w": 0}, "seq": 30998}
{"ts": "2026-05-01T16:42:26.029773+00:00", "level": "INFO", "jobId": "b170bff4-f51e-4f1f-a4d5-f2a03004eac1", "keyword": "khai trương hoành tráng", "step": "cooldown", "message": "Cooldown 1.0s (after capture)", "data": {"w": 0}, "seq": 30999}
{"ts": "2026-05-01T16:42:27.429819+00:00", "level": "INFO", "jobId": "b170bff4-f51e-4f1f-a4d5-f2a03004eac1", "keyword": "khai trương hoành tráng", "step": "capture", "message": "Capturing posinset=21 (21/∞)…", "data": {"w": 0}, "seq": 31002}
{"ts": "2026-05-01T16:42:29.393178+00:00", "level": "INFO", "jobId": "b170bff4-f51e-4f1f-a4d5-f2a03004eac1", "keyword": "khai trương hoành tráng", "step": "capture", "message": "Saved post_021.png (posinset=21)", "data": {"w": 0}, "seq": 31004}
{"ts": "2026-05-01T16:42:29.394177+00:00", "level": "INFO", "jobId": "b170bff4-f51e-4f1f-a4d5-f2a03004eac1", "keyword": "khai trương hoành tráng", "step": "cooldown", "message": "Cooldown 1.0s (after capture)", "data": {"w": 0}, "seq": 31005}
{"ts": "2026-05-01T16:42:30.426216+00:00", "level": "INFO", "jobId": "b170bff4-f51e-4f1f-a4d5-f2a03004eac1", "keyword": "khai trương hoành tráng", "step": "capture", "message": "Capturing posinset=22 (22/∞)…", "data": {"w": 0}, "seq": 31006}
{"ts": "2026-05-01T16:42:31.859989+00:00", "level": "INFO", "jobId": "b170bff4-f51e-4f1f-a4d5-f2a03004eac1", "keyword": "khai trương hoành tráng", "step": "capture", "message": "Saved post_022.png (posinset=22)", "data": {"w": 0}, "seq": 31009}
{"ts": "2026-05-01T16:42:31.862010+00:00", "level": "INFO", "jobId": "b170bff4-f51e-4f1f-a4d5-f2a03004eac1", "keyword": "khai trương hoành tráng", "step": "cooldown", "message": "Cooldown 1.0s (after capture)", "data": {"w": 0}, "seq": 31010}
{"ts": "2026-05-01T16:42:32.881553+00:00", "level": "INFO", "jobId": "b170bff4-f51e-4f1f-a4d5-f2a03004eac1", "keyword": "khai trương hoành tráng", "step": "heartbeat", "message": "Worker alive", "data": {"w": 0, "elapsed_s": 84}, "seq": 31013}
{"ts": "2026-05-01T16:42:32.881553+00:00", "level": "INFO", "jobId": "b170bff4-f51e-4f1f-a4d5-f2a03004eac1", "keyword": "khai trương hoành tráng", "step": "capture", "message": "Capturing posinset=23 (23/∞)…", "data": {"w": 0}, "seq": 31014}
{"ts": "2026-05-01T16:42:34.434950+00:00", "level": "INFO", "jobId": "b170bff4-f51e-4f1f-a4d5-f2a03004eac1", "keyword": "khai trương hoành tráng", "step": "capture", "message": "Saved post_023.png (posinset=23)", "data": {"w": 0}, "seq": 31021}
{"ts": "2026-05-01T16:42:34.436633+00:00", "level": "INFO", "jobId": "b170bff4-f51e-4f1f-a4d5-f2a03004eac1", "keyword": "khai trương hoành tráng", "step": "cooldown", "message": "Cooldown 1.0s (after capture)", "data": {"w": 0}, "seq": 31022}
{"ts": "2026-05-01T16:42:35.479428+00:00", "level": "INFO", "jobId": "b170bff4-f51e-4f1f-a4d5-f2a03004eac1", "keyword": "khai trương hoành tráng", "step": "capture", "message": "Capturing posinset=24 (24/∞)…", "data": {"w": 0}, "seq": 31024}
{"ts": "2026-05-01T16:42:36.875435+00:00", "level": "INFO", "jobId": "b170bff4-f51e-4f1f-a4d5-f2a03004eac1", "keyword": "khai trương hoành tráng", "step": "capture", "message": "Saved post_024.png (posinset=24)", "data": {"w": 0}, "seq": 31025}
{"ts": "2026-05-01T16:42:36.876623+00:00", "level": "INFO", "jobId": "b170bff4-f51e-4f1f-a4d5-f2a03004eac1", "keyword": "khai trương hoành tráng", "step": "cooldown", "message": "Cooldown 1.0s (after capture)", "data": {"w": 0}, "seq": 31026}
{"ts": "2026-05-01T16:42:37.894663+00:00", "level": "INFO", "jobId": "b170bff4-f51e-4f1f-a4d5-f2a03004eac1", "keyword": "khai trương hoành tráng", "step": "capture", "message": "Capturing posinset=25 (25/∞)…", "data": {"w": 0}, "seq": 31028}
{"ts": "2026-05-01T16:42:39.292570+00:00", "level": "INFO", "jobId": "b170bff4-f51e-4f1f-a4d5-f2a03004eac1", "keyword": "khai trương hoành tráng", "step": "capture", "message": "Saved post_025.png (posinset=25)", "data": {"w": 0}, "seq": 31031}
{"ts": "2026-05-01T16:42:39.294084+00:00", "level": "INFO", "jobId": "b170bff4-f51e-4f1f-a4d5-f2a03004eac1", "keyword": "khai trương hoành tráng", "step": "cooldown", "message": "Cooldown 1.0s (after capture)", "data": {"w": 0}, "seq": 31032}
{"ts": "2026-05-01T16:42:40.315605+00:00", "level": "INFO", "jobId": "b170bff4-f51e-4f1f-a4d5-f2a03004eac1", "keyword": "khai trương hoành tráng", "step": "capture", "message": "Capturing posinset=26 (26/∞)…", "data": {"w": 0}, "seq": 31034}
{"ts": "2026-05-01T16:42:42.625479+00:00", "level": "INFO", "jobId": "b170bff4-f51e-4f1f-a4d5-f2a03004eac1", "keyword": "khai trương hoành tráng", "step": "capture", "message": "Capturing posinset=26 (26/∞)…", "data": {"w": 0}, "seq": 31037}
{"ts": "2026-05-01T16:42:44.602986+00:00", "level": "INFO", "jobId": "b170bff4-f51e-4f1f-a4d5-f2a03004eac1", "keyword": "khai trương hoành tráng", "step": "capture", "message": "Saved post_026.png (posinset=26)", "data": {"w": 0}, "seq": 31041}
{"ts": "2026-05-01T16:42:44.604973+00:00", "level": "INFO", "jobId": "b170bff4-f51e-4f1f-a4d5-f2a03004eac1", "keyword": "khai trương hoành tráng", "step": "cooldown", "message": "Cooldown 1.0s (after capture)", "data": {"w": 0}, "seq": 31042}
{"ts": "2026-05-01T16:42:45.631445+00:00", "level": "INFO", "jobId": "b170bff4-f51e-4f1f-a4d5-f2a03004eac1", "keyword": "khai trương hoành tráng", "step": "capture", "message": "Capturing posinset=27 (27/∞)…", "data": {"w": 0}, "seq": 31044}
{"ts": "2026-05-01T16:42:47.513625+00:00", "level": "INFO", "jobId": "b170bff4-f51e-4f1f-a4d5-f2a03004eac1", "keyword": "khai trương hoành tráng", "step": "capture", "message": "Saved post_027.png (posinset=27)", "data": {"w": 0}, "seq": 31045}
{"ts": "2026-05-01T16:42:47.514650+00:00", "level": "INFO", "jobId": "b170bff4-f51e-4f1f-a4d5-f2a03004eac1", "keyword": "khai trương hoành tráng", "step": "cooldown", "message": "Cooldown 1.0s (after capture)", "data": {"w": 0}, "seq": 31046}
{"ts": "2026-05-01T16:42:48.549475+00:00", "level": "INFO", "jobId": "b170bff4-f51e-4f1f-a4d5-f2a03004eac1", "keyword": "khai trương hoành tráng", "step": "heartbeat", "message": "Worker alive", "data": {"w": 0, "elapsed_s": 100}, "seq": 31051}
{"ts": "2026-05-01T16:42:48.549475+00:00", "level": "INFO", "jobId": "b170bff4-f51e-4f1f-a4d5-f2a03004eac1", "keyword": "khai trương hoành tráng", "step": "capture", "message": "Capturing posinset=28 (28/∞)…", "data": {"w": 0}, "seq": 31052}
{"ts": "2026-05-01T16:42:50.243671+00:00", "level": "INFO", "jobId": "b170bff4-f51e-4f1f-a4d5-f2a03004eac1", "keyword": "khai trương hoành tráng", "step": "capture", "message": "Saved post_028.png (posinset=28)", "data": {"w": 0}, "seq": 31056}
{"ts": "2026-05-01T16:42:50.245671+00:00", "level": "INFO", "jobId": "b170bff4-f51e-4f1f-a4d5-f2a03004eac1", "keyword": "khai trương hoành tráng", "step": "cooldown", "message": "Cooldown 1.0s (after capture)", "data": {"w": 0}, "seq": 31057}
{"ts": "2026-05-01T16:42:51.259752+00:00", "level": "INFO", "jobId": "b170bff4-f51e-4f1f-a4d5-f2a03004eac1", "keyword": "khai trương hoành tráng", "step": "capture", "message": "Capturing posinset=29 (29/∞)…", "data": {"w": 0}, "seq": 31058}
{"ts": "2026-05-01T16:42:52.797162+00:00", "level": "INFO", "jobId": "b170bff4-f51e-4f1f-a4d5-f2a03004eac1", "keyword": "khai trương hoành tráng", "step": "capture", "message": "Saved post_029.png (posinset=29)", "data": {"w": 0}, "seq": 31061}
{"ts": "2026-05-01T16:42:52.798161+00:00", "level": "INFO", "jobId": "b170bff4-f51e-4f1f-a4d5-f2a03004eac1", "keyword": "khai trương hoành tráng", "step": "cooldown", "message": "Cooldown 1.0s (after capture)", "data": {"w": 0}, "seq": 31062}
{"ts": "2026-05-01T16:42:54.338494+00:00", "level": "INFO", "jobId": "b170bff4-f51e-4f1f-a4d5-f2a03004eac1", "keyword": "khai trương hoành tráng", "step": "capture", "message": "Capturing posinset=30 (30/∞)…", "data": {"w": 0}, "seq": 31064}
{"ts": "2026-05-01T16:42:56.245467+00:00", "level": "INFO", "jobId": "b170bff4-f51e-4f1f-a4d5-f2a03004eac1", "keyword": "khai trương hoành tráng", "step": "capture", "message": "Saved post_030.png (posinset=30)", "data": {"w": 0}, "seq": 31067}
{"ts": "2026-05-01T16:42:56.246467+00:00", "level": "INFO", "jobId": "b170bff4-f51e-4f1f-a4d5-f2a03004eac1", "keyword": "khai trương hoành tráng", "step": "cooldown", "message": "Cooldown 1.0s (after capture)", "data": {"w": 0}, "seq": 31068}
{"ts": "2026-05-01T16:42:57.275935+00:00", "level": "INFO", "jobId": "b170bff4-f51e-4f1f-a4d5-f2a03004eac1", "keyword": "khai trương hoành tráng", "step": "capture", "message": "Capturing posinset=31 (31/∞)…", "data": {"w": 0}, "seq": 31070}
{"ts": "2026-05-01T16:43:00.779241+00:00", "level": "INFO", "jobId": "b170bff4-f51e-4f1f-a4d5-f2a03004eac1", "keyword": "khai trương hoành tráng", "step": "capture", "message": "Saved post_031.png (posinset=31)", "data": {"w": 0}, "seq": 31076}
{"ts": "2026-05-01T16:43:00.782316+00:00", "level": "INFO", "jobId": "b170bff4-f51e-4f1f-a4d5-f2a03004eac1", "keyword": "khai trương hoành tráng", "step": "cooldown", "message": "Cooldown 1.0s (after capture)", "data": {"w": 0}, "seq": 31077}
{"ts": "2026-05-01T16:43:01.813091+00:00", "level": "INFO", "jobId": "b170bff4-f51e-4f1f-a4d5-f2a03004eac1", "keyword": "khai trương hoành tráng", "step": "capture", "message": "Capturing posinset=32 (32/∞)…", "data": {"w": 0}, "seq": 31079}
{"ts": "2026-05-01T16:43:03.955689+00:00", "level": "INFO", "jobId": "b170bff4-f51e-4f1f-a4d5-f2a03004eac1", "keyword": "khai trương hoành tráng", "step": "capture", "message": "Saved post_032.png (posinset=32)", "data": {"w": 0}, "seq": 31084}
{"ts": "2026-05-01T16:43:03.957693+00:00", "level": "INFO", "jobId": "b170bff4-f51e-4f1f-a4d5-f2a03004eac1", "keyword": "khai trương hoành tráng", "step": "cooldown", "message": "Cooldown 1.0s (after capture)", "data": {"w": 0}, "seq": 31085}
{"ts": "2026-05-01T16:43:04.988564+00:00", "level": "INFO", "jobId": "b170bff4-f51e-4f1f-a4d5-f2a03004eac1", "keyword": "khai trương hoành tráng", "step": "heartbeat", "message": "Worker alive", "data": {"w": 0, "elapsed_s": 116}, "seq": 31089}
{"ts": "2026-05-01T16:43:04.988564+00:00", "level": "INFO", "jobId": "b170bff4-f51e-4f1f-a4d5-f2a03004eac1", "keyword": "khai trương hoành tráng", "step": "capture", "message": "Capturing posinset=33 (33/∞)…", "data": {"w": 0}, "seq": 31090}
{"ts": "2026-05-01T16:43:06.645348+00:00", "level": "INFO", "jobId": "b170bff4-f51e-4f1f-a4d5-f2a03004eac1", "keyword": "khai trương hoành tráng", "step": "capture", "message": "Saved post_033.png (posinset=33)", "data": {"w": 0}, "seq": 31093}
{"ts": "2026-05-01T16:43:06.646609+00:00", "level": "INFO", "jobId": "b170bff4-f51e-4f1f-a4d5-f2a03004eac1", "keyword": "khai trương hoành tráng", "step": "cooldown", "message": "Cooldown 1.0s (after capture)", "data": {"w": 0}, "seq": 31094}
{"ts": "2026-05-01T16:43:07.758104+00:00", "level": "INFO", "jobId": "b170bff4-f51e-4f1f-a4d5-f2a03004eac1", "keyword": "khai trương hoành tráng", "step": "capture", "message": "Capturing posinset=34 (34/∞)…", "data": {"w": 0}, "seq": 31095}
{"ts": "2026-05-01T16:43:11.704985+00:00", "level": "INFO", "jobId": "b170bff4-f51e-4f1f-a4d5-f2a03004eac1", "keyword": "khai trương hoành tráng", "step": "capture", "message": "Saved post_034.png (posinset=34)", "data": {"w": 0}, "seq": 31098}
{"ts": "2026-05-01T16:43:11.706984+00:00", "level": "INFO", "jobId": "b170bff4-f51e-4f1f-a4d5-f2a03004eac1", "keyword": "khai trương hoành tráng", "step": "cooldown", "message": "Cooldown 1.0s (after capture)", "data": {"w": 0}, "seq": 31099}
{"ts": "2026-05-01T16:43:12.728386+00:00", "level": "INFO", "jobId": "b170bff4-f51e-4f1f-a4d5-f2a03004eac1", "keyword": "khai trương hoành tráng", "step": "capture", "message": "Capturing posinset=35 (35/∞)…", "data": {"w": 0}, "seq": 31102}
{"ts": "2026-05-01T16:43:14.277437+00:00", "level": "INFO", "jobId": "b170bff4-f51e-4f1f-a4d5-f2a03004eac1", "keyword": "khai trương hoành tráng", "step": "capture", "message": "Saved post_035.png (posinset=35)", "data": {"w": 0}, "seq": 31104}
{"ts": "2026-05-01T16:43:14.278608+00:00", "level": "INFO", "jobId": "b170bff4-f51e-4f1f-a4d5-f2a03004eac1", "keyword": "khai trương hoành tráng", "step": "cooldown", "message": "Cooldown 1.0s (after capture)", "data": {"w": 0}, "seq": 31105}
{"ts": "2026-05-01T16:43:15.843680+00:00", "level": "INFO", "jobId": "b170bff4-f51e-4f1f-a4d5-f2a03004eac1", "keyword": "khai trương hoành tráng", "step": "capture", "message": "Capturing posinset=36 (36/∞)…", "data": {"w": 0}, "seq": 31106}
{"ts": "2026-05-01T16:43:18.357502+00:00", "level": "INFO", "jobId": "b170bff4-f51e-4f1f-a4d5-f2a03004eac1", "keyword": "khai trương hoành tráng", "step": "capture", "message": "Saved post_036.png (posinset=36)", "data": {"w": 0}, "seq": 31109}
{"ts": "2026-05-01T16:43:18.358771+00:00", "level": "INFO", "jobId": "b170bff4-f51e-4f1f-a4d5-f2a03004eac1", "keyword": "khai trương hoành tráng", "step": "cooldown", "message": "Cooldown 1.0s (after capture)", "data": {"w": 0}, "seq": 31110}
{"ts": "2026-05-01T16:43:19.375659+00:00", "level": "INFO", "jobId": "b170bff4-f51e-4f1f-a4d5-f2a03004eac1", "keyword": "khai trương hoành tráng", "step": "capture", "message": "Capturing posinset=37 (37/∞)…", "data": {"w": 0}, "seq": 31112}
{"ts": "2026-05-01T16:43:21.256261+00:00", "level": "INFO", "jobId": "b170bff4-f51e-4f1f-a4d5-f2a03004eac1", "keyword": "khai trương hoành tráng", "step": "capture", "message": "Saved post_037.png (posinset=37)", "data": {"w": 0}, "seq": 31116}
{"ts": "2026-05-01T16:43:21.257290+00:00", "level": "INFO", "jobId": "b170bff4-f51e-4f1f-a4d5-f2a03004eac1", "keyword": "khai trương hoành tráng", "step": "cooldown", "message": "Cooldown 1.0s (after capture)", "data": {"w": 0}, "seq": 31117}
{"ts": "2026-05-01T16:43:22.277186+00:00", "level": "INFO", "jobId": "b170bff4-f51e-4f1f-a4d5-f2a03004eac1", "keyword": "khai trương hoành tráng", "step": "heartbeat", "message": "Worker alive", "data": {"w": 0, "elapsed_s": 133}, "seq": 31118}
{"ts": "2026-05-01T16:43:22.277186+00:00", "level": "INFO", "jobId": "b170bff4-f51e-4f1f-a4d5-f2a03004eac1", "keyword": "khai trương hoành tráng", "step": "capture", "message": "Capturing posinset=38 (38/∞)…", "data": {"w": 0}, "seq": 31119}
{"ts": "2026-05-01T16:43:24.250404+00:00", "level": "INFO", "jobId": "b170bff4-f51e-4f1f-a4d5-f2a03004eac1", "keyword": "khai trương hoành tráng", "step": "capture", "message": "Saved post_038.png (posinset=38)", "data": {"w": 0}, "seq": 31120}
{"ts": "2026-05-01T16:43:24.252402+00:00", "level": "INFO", "jobId": "b170bff4-f51e-4f1f-a4d5-f2a03004eac1", "keyword": "khai trương hoành tráng", "step": "cooldown", "message": "Cooldown 1.0s (after capture)", "data": {"w": 0}, "seq": 31121}
{"ts": "2026-05-01T16:43:25.305967+00:00", "level": "INFO", "jobId": "b170bff4-f51e-4f1f-a4d5-f2a03004eac1", "keyword": "khai trương hoành tráng", "step": "capture", "message": "Capturing posinset=39 (39/∞)…", "data": {"w": 0}, "seq": 31122}
{"ts": "2026-05-01T16:43:27.118889+00:00", "level": "INFO", "jobId": "b170bff4-f51e-4f1f-a4d5-f2a03004eac1", "keyword": "khai trương hoành tráng", "step": "capture", "message": "Saved post_039.png (posinset=39)", "data": {"w": 0}, "seq": 31127}
{"ts": "2026-05-01T16:43:27.120261+00:00", "level": "INFO", "jobId": "b170bff4-f51e-4f1f-a4d5-f2a03004eac1", "keyword": "khai trương hoành tráng", "step": "cooldown", "message": "Cooldown 1.0s (after capture)", "data": {"w": 0}, "seq": 31128}
{"ts": "2026-05-01T16:43:28.149444+00:00", "level": "INFO", "jobId": "b170bff4-f51e-4f1f-a4d5-f2a03004eac1", "keyword": "khai trương hoành tráng", "step": "capture", "message": "Capturing posinset=40 (40/∞)…", "data": {"w": 0}, "seq": 31129}
{"ts": "2026-05-01T16:43:29.938026+00:00", "level": "INFO", "jobId": "b170bff4-f51e-4f1f-a4d5-f2a03004eac1", "keyword": "khai trương hoành tráng", "step": "capture", "message": "Saved post_040.png (posinset=40)", "data": {"w": 0}, "seq": 31133}
{"ts": "2026-05-01T16:43:29.939443+00:00", "level": "INFO", "jobId": "b170bff4-f51e-4f1f-a4d5-f2a03004eac1", "keyword": "khai trương hoành tráng", "step": "cooldown", "message": "Cooldown 1.0s (after capture)", "data": {"w": 0}, "seq": 31134}
{"ts": "2026-05-01T16:43:31.721444+00:00", "level": "INFO", "jobId": "b170bff4-f51e-4f1f-a4d5-f2a03004eac1", "keyword": "khai trương hoành tráng", "step": "capture", "message": "Capturing posinset=41 (41/∞)…", "data": {"w": 0}, "seq": 31135}
{"ts": "2026-05-01T16:43:34.457369+00:00", "level": "INFO", "jobId": "b170bff4-f51e-4f1f-a4d5-f2a03004eac1", "keyword": "khai trương hoành tráng", "step": "capture", "message": "Saved post_041.png (posinset=41)", "data": {"w": 0}, "seq": 31137}
{"ts": "2026-05-01T16:43:34.461620+00:00", "level": "INFO", "jobId": "b170bff4-f51e-4f1f-a4d5-f2a03004eac1", "keyword": "khai trương hoành tráng", "step": "cooldown", "message": "Cooldown 1.0s (after capture)", "data": {"w": 0}, "seq": 31138}
{"ts": "2026-05-01T16:43:35.509152+00:00", "level": "INFO", "jobId": "b170bff4-f51e-4f1f-a4d5-f2a03004eac1", "keyword": "khai trương hoành tráng", "step": "capture", "message": "Capturing posinset=42 (42/∞)…", "data": {"w": 0}, "seq": 31139}
{"ts": "2026-05-01T16:43:37.376834+00:00", "level": "INFO", "jobId": "b170bff4-f51e-4f1f-a4d5-f2a03004eac1", "keyword": "khai trương hoành tráng", "step": "capture", "message": "Saved post_042.png (posinset=42)", "data": {"w": 0}, "seq": 31143}
{"ts": "2026-05-01T16:43:37.376834+00:00", "level": "INFO", "jobId": "b170bff4-f51e-4f1f-a4d5-f2a03004eac1", "keyword": "khai trương hoành tráng", "step": "cooldown", "message": "Cooldown 1.0s (after capture)", "data": {"w": 0}, "seq": 31144}
{"ts": "2026-05-01T16:43:38.417451+00:00", "level": "INFO", "jobId": "b170bff4-f51e-4f1f-a4d5-f2a03004eac1", "keyword": "khai trương hoành tráng", "step": "heartbeat", "message": "Worker alive", "data": {"w": 0, "elapsed_s": 149}, "seq": 31147}
{"ts": "2026-05-01T16:43:38.418463+00:00", "level": "INFO", "jobId": "b170bff4-f51e-4f1f-a4d5-f2a03004eac1", "keyword": "khai trương hoành tráng", "step": "capture", "message": "Capturing posinset=43 (43/∞)…", "data": {"w": 0}, "seq": 31148}
{"ts": "2026-05-01T16:43:40.268020+00:00", "level": "INFO", "jobId": "b170bff4-f51e-4f1f-a4d5-f2a03004eac1", "keyword": "khai trương hoành tráng", "step": "capture", "message": "Saved post_043.png (posinset=43)", "data": {"w": 0}, "seq": 31151}
{"ts": "2026-05-01T16:43:40.268020+00:00", "level": "INFO", "jobId": "b170bff4-f51e-4f1f-a4d5-f2a03004eac1", "keyword": "khai trương hoành tráng", "step": "cooldown", "message": "Cooldown 1.0s (after capture)", "data": {"w": 0}, "seq": 31152}
{"ts": "2026-05-01T16:43:41.369869+00:00", "level": "INFO", "jobId": "b170bff4-f51e-4f1f-a4d5-f2a03004eac1", "keyword": "khai trương hoành tráng", "step": "capture", "message": "Capturing posinset=44 (44/∞)…", "data": {"w": 0}, "seq": 31153}
{"ts": "2026-05-01T16:43:45.686410+00:00", "level": "INFO", "jobId": "b170bff4-f51e-4f1f-a4d5-f2a03004eac1", "keyword": "khai trương hoành tráng", "step": "capture", "message": "Saved post_044.png (posinset=44)", "data": {"w": 0}, "seq": 31160}
{"ts": "2026-05-01T16:43:45.686918+00:00", "level": "INFO", "jobId": "b170bff4-f51e-4f1f-a4d5-f2a03004eac1", "keyword": "khai trương hoành tráng", "step": "cooldown", "message": "Cooldown 1.0s (after capture)", "data": {"w": 0}, "seq": 31161}
{"ts": "2026-05-01T16:43:46.713144+00:00", "level": "INFO", "jobId": "b170bff4-f51e-4f1f-a4d5-f2a03004eac1", "keyword": "khai trương hoành tráng", "step": "capture", "message": "Capturing posinset=45 (45/∞)…", "data": {"w": 0}, "seq": 31163}
{"ts": "2026-05-01T16:43:48.161517+00:00", "level": "INFO", "jobId": "b170bff4-f51e-4f1f-a4d5-f2a03004eac1", "keyword": "khai trương hoành tráng", "step": "capture", "message": "Saved post_045.png (posinset=45)", "data": {"w": 0}, "seq": 31166}
{"ts": "2026-05-01T16:43:48.163657+00:00", "level": "INFO", "jobId": "b170bff4-f51e-4f1f-a4d5-f2a03004eac1", "keyword": "khai trương hoành tráng", "step": "cooldown", "message": "Cooldown 1.0s (after capture)", "data": {"w": 0}, "seq": 31167}
{"ts": "2026-05-01T16:43:49.199952+00:00", "level": "INFO", "jobId": "b170bff4-f51e-4f1f-a4d5-f2a03004eac1", "keyword": "khai trương hoành tráng", "step": "capture", "message": "Capturing posinset=46 (46/∞)…", "data": {"w": 0}, "seq": 31169}
{"ts": "2026-05-01T16:43:53.175115+00:00", "level": "INFO", "jobId": "b170bff4-f51e-4f1f-a4d5-f2a03004eac1", "keyword": "khai trương hoành tráng", "step": "capture", "message": "Capturing posinset=46 (46/∞)…", "data": {"w": 0}, "seq": 31170}
{"ts": "2026-05-01T16:43:55.265074+00:00", "level": "INFO", "jobId": "b170bff4-f51e-4f1f-a4d5-f2a03004eac1", "keyword": "khai trương hoành tráng", "step": "capture", "message": "Saved post_046.png (posinset=46)", "data": {"w": 0}, "seq": 31173}
{"ts": "2026-05-01T16:43:55.265074+00:00", "level": "INFO", "jobId": "b170bff4-f51e-4f1f-a4d5-f2a03004eac1", "keyword": "khai trương hoành tráng", "step": "cooldown", "message": "Cooldown 1.0s (after capture)", "data": {"w": 0}, "seq": 31174}
{"ts": "2026-05-01T16:43:56.293752+00:00", "level": "INFO", "jobId": "b170bff4-f51e-4f1f-a4d5-f2a03004eac1", "keyword": "khai trương hoành tráng", "step": "heartbeat", "message": "Worker alive", "data": {"w": 0, "elapsed_s": 167}, "seq": 31176}
{"ts": "2026-05-01T16:43:56.298754+00:00", "level": "INFO", "jobId": "b170bff4-f51e-4f1f-a4d5-f2a03004eac1", "keyword": "khai trương hoành tráng", "step": "capture", "message": "Capturing posinset=47 (47/∞)…", "data": {"w": 0}, "seq": 31177}
{"ts": "2026-05-01T16:43:58.318100+00:00", "level": "INFO", "jobId": "b170bff4-f51e-4f1f-a4d5-f2a03004eac1", "keyword": "khai trương hoành tráng", "step": "capture", "message": "Saved post_047.png (posinset=47)", "data": {"w": 0}, "seq": 31179}
{"ts": "2026-05-01T16:43:58.319570+00:00", "level": "INFO", "jobId": "b170bff4-f51e-4f1f-a4d5-f2a03004eac1", "keyword": "khai trương hoành tráng", "step": "cooldown", "message": "Cooldown 1.0s (after capture)", "data": {"w": 0}, "seq": 31180}
{"ts": "2026-05-01T16:43:59.346131+00:00", "level": "INFO", "jobId": "b170bff4-f51e-4f1f-a4d5-f2a03004eac1", "keyword": "khai trương hoành tráng", "step": "capture", "message": "Capturing posinset=48 (48/∞)…", "data": {"w": 0}, "seq": 31183}
{"ts": "2026-05-01T16:44:01.258672+00:00", "level": "INFO", "jobId": "b170bff4-f51e-4f1f-a4d5-f2a03004eac1", "keyword": "khai trương hoành tráng", "step": "capture", "message": "Saved post_048.png (posinset=48)", "data": {"w": 0}, "seq": 31185}
{"ts": "2026-05-01T16:44:01.260673+00:00", "level": "INFO", "jobId": "b170bff4-f51e-4f1f-a4d5-f2a03004eac1", "keyword": "khai trương hoành tráng", "step": "cooldown", "message": "Cooldown 1.0s (after capture)", "data": {"w": 0}, "seq": 31186}
{"ts": "2026-05-01T16:44:02.301125+00:00", "level": "INFO", "jobId": "b170bff4-f51e-4f1f-a4d5-f2a03004eac1", "keyword": "khai trương hoành tráng", "step": "capture", "message": "Capturing posinset=49 (49/∞)…", "data": {"w": 0}, "seq": 31187}
{"ts": "2026-05-01T16:44:04.386427+00:00", "level": "INFO", "jobId": "b170bff4-f51e-4f1f-a4d5-f2a03004eac1", "keyword": "khai trương hoành tráng", "step": "capture", "message": "Saved post_049.png (posinset=49)", "data": {"w": 0}, "seq": 31191}
{"ts": "2026-05-01T16:44:04.387480+00:00", "level": "INFO", "jobId": "b170bff4-f51e-4f1f-a4d5-f2a03004eac1", "keyword": "khai trương hoành tráng", "step": "cooldown", "message": "Cooldown 1.0s (after capture)", "data": {"w": 0}, "seq": 31192}
{"ts": "2026-05-01T16:44:05.408523+00:00", "level": "INFO", "jobId": "b170bff4-f51e-4f1f-a4d5-f2a03004eac1", "keyword": "khai trương hoành tráng", "step": "capture", "message": "Capturing posinset=50 (50/∞)…", "data": {"w": 0}, "seq": 31195}
{"ts": "2026-05-01T16:44:08.967639+00:00", "level": "INFO", "jobId": "b170bff4-f51e-4f1f-a4d5-f2a03004eac1", "keyword": "khai trương hoành tráng", "step": "capture", "message": "Saved post_050.png (posinset=50)", "data": {"w": 0}, "seq": 31200}
{"ts": "2026-05-01T16:44:08.968755+00:00", "level": "INFO", "jobId": "b170bff4-f51e-4f1f-a4d5-f2a03004eac1", "keyword": "khai trương hoành tráng", "step": "cooldown", "message": "Cooldown 1.0s (after capture)", "data": {"w": 0}, "seq": 31201}
{"ts": "2026-05-01T16:44:09.997542+00:00", "level": "INFO", "jobId": "b170bff4-f51e-4f1f-a4d5-f2a03004eac1", "keyword": "khai trương hoành tráng", "step": "capture", "message": "Capturing posinset=51 (51/∞)…", "data": {"w": 0}, "seq": 31203}
{"ts": "2026-05-01T16:44:11.464553+00:00", "level": "INFO", "jobId": "b170bff4-f51e-4f1f-a4d5-f2a03004eac1", "keyword": "khai trương hoành tráng", "step": "heartbeat", "message": "Worker alive", "data": {"w": 0, "elapsed_s": 183}, "seq": 31206}
{"ts": "2026-05-01T16:44:11.465645+00:00", "level": "INFO", "jobId": "b170bff4-f51e-4f1f-a4d5-f2a03004eac1", "keyword": "khai trương hoành tráng", "step": "capture", "message": "Capturing posinset=51 (51/∞)…", "data": {"w": 0}, "seq": 31207}
{"ts": "2026-05-01T16:44:12.923268+00:00", "level": "INFO", "jobId": "b170bff4-f51e-4f1f-a4d5-f2a03004eac1", "keyword": "khai trương hoành tráng", "step": "capture", "message": "Capturing posinset=51 (51/∞)…", "data": {"w": 0}, "seq": 31209}
{"ts": "2026-05-01T16:44:16.070200+00:00", "level": "INFO", "jobId": "b170bff4-f51e-4f1f-a4d5-f2a03004eac1", "keyword": "khai trương hoành tráng", "step": "capture", "message": "Capturing posinset=51 (51/∞)…", "data": {"w": 0}, "seq": 31214}
{"ts": "2026-05-01T16:44:17.998147+00:00", "level": "INFO", "jobId": "b170bff4-f51e-4f1f-a4d5-f2a03004eac1", "keyword": "khai trương hoành tráng", "step": "capture", "message": "Saved post_051.png (posinset=51)", "data": {"w": 0}, "seq": 31218}
{"ts": "2026-05-01T16:44:17.999145+00:00", "level": "INFO", "jobId": "b170bff4-f51e-4f1f-a4d5-f2a03004eac1", "keyword": "khai trương hoành tráng", "step": "cooldown", "message": "Cooldown 1.0s (after capture)", "data": {"w": 0}, "seq": 31219}
{"ts": "2026-05-01T16:44:19.046510+00:00", "level": "INFO", "jobId": "b170bff4-f51e-4f1f-a4d5-f2a03004eac1", "keyword": "khai trương hoành tráng", "step": "capture", "message": "Capturing posinset=52 (52/∞)…", "data": {"w": 0}, "seq": 31220}
{"ts": "2026-05-01T16:44:21.699004+00:00", "level": "INFO", "jobId": "b170bff4-f51e-4f1f-a4d5-f2a03004eac1", "keyword": "khai trương hoành tráng", "step": "capture", "message": "Saved post_052.png (posinset=52)", "data": {"w": 0}, "seq": 31222}
{"ts": "2026-05-01T16:44:21.700461+00:00", "level": "INFO", "jobId": "b170bff4-f51e-4f1f-a4d5-f2a03004eac1", "keyword": "khai trương hoành tráng", "step": "cooldown", "message": "Cooldown 1.0s (after capture)", "data": {"w": 0}, "seq": 31223}
{"ts": "2026-05-01T16:44:22.727491+00:00", "level": "INFO", "jobId": "b170bff4-f51e-4f1f-a4d5-f2a03004eac1", "keyword": "khai trương hoành tráng", "step": "capture", "message": "Capturing posinset=53 (53/∞)…", "data": {"w": 0}, "seq": 31224}
{"ts": "2026-05-01T16:44:27.100882+00:00", "level": "INFO", "jobId": "b170bff4-f51e-4f1f-a4d5-f2a03004eac1", "keyword": "khai trương hoành tráng", "step": "capture", "message": "Saved post_053.png (posinset=53)", "data": {"w": 0}, "seq": 31233}
{"ts": "2026-05-01T16:44:27.103643+00:00", "level": "INFO", "jobId": "b170bff4-f51e-4f1f-a4d5-f2a03004eac1", "keyword": "khai trương hoành tráng", "step": "cooldown", "message": "Cooldown 1.0s (after capture)", "data": {"w": 0}, "seq": 31234}
{"ts": "2026-05-01T16:44:28.137103+00:00", "level": "INFO", "jobId": "b170bff4-f51e-4f1f-a4d5-f2a03004eac1", "keyword": "khai trương hoành tráng", "step": "heartbeat", "message": "Worker alive", "data": {"w": 0, "elapsed_s": 199}, "seq": 31237}
{"ts": "2026-05-01T16:44:28.138105+00:00", "level": "INFO", "jobId": "b170bff4-f51e-4f1f-a4d5-f2a03004eac1", "keyword": "khai trương hoành tráng", "step": "capture", "message": "Capturing posinset=54 (54/∞)…", "data": {"w": 0}, "seq": 31238}
{"ts": "2026-05-01T16:44:30.377375+00:00", "level": "INFO", "jobId": "b170bff4-f51e-4f1f-a4d5-f2a03004eac1", "keyword": "khai trương hoành tráng", "step": "capture", "message": "Saved post_054.png (posinset=54)", "data": {"w": 0}, "seq": 31240}
{"ts": "2026-05-01T16:44:30.378374+00:00", "level": "INFO", "jobId": "b170bff4-f51e-4f1f-a4d5-f2a03004eac1", "keyword": "khai trương hoành tráng", "step": "cooldown", "message": "Cooldown 1.0s (after capture)", "data": {"w": 0}, "seq": 31241}
{"ts": "2026-05-01T16:44:31.412131+00:00", "level": "INFO", "jobId": "b170bff4-f51e-4f1f-a4d5-f2a03004eac1", "keyword": "khai trương hoành tráng", "step": "capture", "message": "Capturing posinset=55 (55/∞)…", "data": {"w": 0}, "seq": 31244}
{"ts": "2026-05-01T16:44:37.125761+00:00", "level": "INFO", "jobId": "b170bff4-f51e-4f1f-a4d5-f2a03004eac1", "keyword": "khai trương hoành tráng", "step": "capture", "message": "Saved post_055.png (posinset=55)", "data": {"w": 0}, "seq": 31250}
{"ts": "2026-05-01T16:44:37.127917+00:00", "level": "INFO", "jobId": "b170bff4-f51e-4f1f-a4d5-f2a03004eac1", "keyword": "khai trương hoành tráng", "step": "cooldown", "message": "Cooldown 1.0s (after capture)", "data": {"w": 0}, "seq": 31251}
{"ts": "2026-05-01T16:44:38.177262+00:00", "level": "INFO", "jobId": "b170bff4-f51e-4f1f-a4d5-f2a03004eac1", "keyword": "khai trương hoành tráng", "step": "capture", "message": "Capturing posinset=56 (56/∞)…", "data": {"w": 0}, "seq": 31252}
{"ts": "2026-05-01T16:44:41.126093+00:00", "level": "INFO", "jobId": "b170bff4-f51e-4f1f-a4d5-f2a03004eac1", "keyword": "khai trương hoành tráng", "step": "capture", "message": "Saved post_056.png (posinset=56)", "data": {"w": 0}, "seq": 31256}
{"ts": "2026-05-01T16:44:41.127093+00:00", "level": "INFO", "jobId": "b170bff4-f51e-4f1f-a4d5-f2a03004eac1", "keyword": "khai trương hoành tráng", "step": "cooldown", "message": "Cooldown 1.0s (after capture)", "data": {"w": 0}, "seq": 31257}
{"ts": "2026-05-01T16:44:42.164808+00:00", "level": "INFO", "jobId": "b170bff4-f51e-4f1f-a4d5-f2a03004eac1", "keyword": "khai trương hoành tráng", "step": "capture", "message": "Capturing posinset=57 (57/∞)…", "data": {"w": 0}, "seq": 31258}
{"ts": "2026-05-01T16:44:44.398629+00:00", "level": "INFO", "jobId": "b170bff4-f51e-4f1f-a4d5-f2a03004eac1", "keyword": "khai trương hoành tráng", "step": "capture", "message": "Saved post_057.png (posinset=57)", "data": {"w": 0}, "seq": 31262}
{"ts": "2026-05-01T16:44:44.400103+00:00", "level": "INFO", "jobId": "b170bff4-f51e-4f1f-a4d5-f2a03004eac1", "keyword": "khai trương hoành tráng", "step": "cooldown", "message": "Cooldown 1.0s (after capture)", "data": {"w": 0}, "seq": 31263}
{"ts": "2026-05-01T16:44:45.442563+00:00", "level": "INFO", "jobId": "b170bff4-f51e-4f1f-a4d5-f2a03004eac1", "keyword": "khai trương hoành tráng", "step": "heartbeat", "message": "Worker alive", "data": {"w": 0, "elapsed_s": 217}, "seq": 31266}
{"ts": "2026-05-01T16:44:45.443578+00:00", "level": "INFO", "jobId": "b170bff4-f51e-4f1f-a4d5-f2a03004eac1", "keyword": "khai trương hoành tráng", "step": "capture", "message": "Capturing posinset=58 (58/∞)…", "data": {"w": 0}, "seq": 31267}
{"ts": "2026-05-01T16:44:50.360281+00:00", "level": "INFO", "jobId": "b170bff4-f51e-4f1f-a4d5-f2a03004eac1", "keyword": "khai trương hoành tráng", "step": "capture", "message": "Saved post_058.png (posinset=58)", "data": {"w": 0}, "seq": 31275}
{"ts": "2026-05-01T16:44:50.361419+00:00", "level": "INFO", "jobId": "b170bff4-f51e-4f1f-a4d5-f2a03004eac1", "keyword": "khai trương hoành tráng", "step": "cooldown", "message": "Cooldown 1.0s (after capture)", "data": {"w": 0}, "seq": 31276}
{"ts": "2026-05-01T16:44:51.398960+00:00", "level": "INFO", "jobId": "b170bff4-f51e-4f1f-a4d5-f2a03004eac1", "keyword": "khai trương hoành tráng", "step": "capture", "message": "Capturing posinset=59 (59/∞)…", "data": {"w": 0}, "seq": 31277}
{"ts": "2026-05-01T16:44:53.140281+00:00", "level": "INFO", "jobId": "b170bff4-f51e-4f1f-a4d5-f2a03004eac1", "keyword": "khai trương hoành tráng", "step": "capture", "message": "Saved post_059.png (posinset=59)", "data": {"w": 0}, "seq": 31283}
{"ts": "2026-05-01T16:44:53.142324+00:00", "level": "INFO", "jobId": "b170bff4-f51e-4f1f-a4d5-f2a03004eac1", "keyword": "khai trương hoành tráng", "step": "cooldown", "message": "Cooldown 1.0s (after capture)", "data": {"w": 0}, "seq": 31284}
{"ts": "2026-05-01T16:44:54.228965+00:00", "level": "INFO", "jobId": "b170bff4-f51e-4f1f-a4d5-f2a03004eac1", "keyword": "khai trương hoành tráng", "step": "capture", "message": "Capturing posinset=60 (60/∞)…", "data": {"w": 0}, "seq": 31285}
{"ts": "2026-05-01T16:44:56.844003+00:00", "level": "INFO", "jobId": "b170bff4-f51e-4f1f-a4d5-f2a03004eac1", "keyword": "khai trương hoành tráng", "step": "capture", "message": "Saved post_060.png (posinset=60)", "data": {"w": 0}, "seq": 31286}
{"ts": "2026-05-01T16:44:56.845002+00:00", "level": "INFO", "jobId": "b170bff4-f51e-4f1f-a4d5-f2a03004eac1", "keyword": "khai trương hoành tráng", "step": "cooldown", "message": "Cooldown 1.0s (after capture)", "data": {"w": 0}, "seq": 31287}
{"ts": "2026-05-01T16:44:58.247325+00:00", "level": "INFO", "jobId": "b170bff4-f51e-4f1f-a4d5-f2a03004eac1", "keyword": "khai trương hoành tráng", "step": "capture", "message": "Capturing posinset=61 (61/∞)…", "data": {"w": 0}, "seq": 31291}
{"ts": "2026-05-01T16:45:02.308380+00:00", "level": "INFO", "jobId": "b170bff4-f51e-4f1f-a4d5-f2a03004eac1", "keyword": "khai trương hoành tráng", "step": "capture", "message": "Saved post_061.png (posinset=61)", "data": {"w": 0}, "seq": 31294}
{"ts": "2026-05-01T16:45:02.310388+00:00", "level": "INFO", "jobId": "b170bff4-f51e-4f1f-a4d5-f2a03004eac1", "keyword": "khai trương hoành tráng", "step": "cooldown", "message": "Cooldown 1.0s (after capture)", "data": {"w": 0}, "seq": 31295}
{"ts": "2026-05-01T16:45:03.337979+00:00", "level": "INFO", "jobId": "b170bff4-f51e-4f1f-a4d5-f2a03004eac1", "keyword": "khai trương hoành tráng", "step": "heartbeat", "message": "Worker alive", "data": {"w": 0, "elapsed_s": 234}, "seq": 31297}
{"ts": "2026-05-01T16:45:03.346424+00:00", "level": "INFO", "jobId": "b170bff4-f51e-4f1f-a4d5-f2a03004eac1", "keyword": "khai trương hoành tráng", "step": "capture", "message": "Capturing posinset=62 (62/∞)…", "data": {"w": 0}, "seq": 31298}
{"ts": "2026-05-01T16:45:05.538225+00:00", "level": "INFO", "jobId": "b170bff4-f51e-4f1f-a4d5-f2a03004eac1", "keyword": "khai trương hoành tráng", "step": "capture", "message": "Saved post_062.png (posinset=62)", "data": {"w": 0}, "seq": 31301}
{"ts": "2026-05-01T16:45:05.543591+00:00", "level": "INFO", "jobId": "b170bff4-f51e-4f1f-a4d5-f2a03004eac1", "keyword": "khai trương hoành tráng", "step": "cooldown", "message": "Cooldown 1.0s (after capture)", "data": {"w": 0}, "seq": 31302}
{"ts": "2026-05-01T16:45:06.568411+00:00", "level": "INFO", "jobId": "b170bff4-f51e-4f1f-a4d5-f2a03004eac1", "keyword": "khai trương hoành tráng", "step": "capture", "message": "Capturing posinset=63 (63/∞)…", "data": {"w": 0}, "seq": 31304}
{"ts": "2026-05-01T16:45:08.642314+00:00", "level": "INFO", "jobId": "b170bff4-f51e-4f1f-a4d5-f2a03004eac1", "keyword": "khai trương hoành tráng", "step": "capture", "message": "Saved post_063.png (posinset=63)", "data": {"w": 0}, "seq": 31307}
{"ts": "2026-05-01T16:45:08.642314+00:00", "level": "INFO", "jobId": "b170bff4-f51e-4f1f-a4d5-f2a03004eac1", "keyword": "khai trương hoành tráng", "step": "cooldown", "message": "Cooldown 1.0s (after capture)", "data": {"w": 0}, "seq": 31308}
{"ts": "2026-05-01T16:45:09.679252+00:00", "level": "INFO", "jobId": "b170bff4-f51e-4f1f-a4d5-f2a03004eac1", "keyword": "khai trương hoành tráng", "step": "capture", "message": "Capturing posinset=64 (64/∞)…", "data": {"w": 0}, "seq": 31311}
{"ts": "2026-05-01T16:45:14.776895+00:00", "level": "INFO", "jobId": "b170bff4-f51e-4f1f-a4d5-f2a03004eac1", "keyword": "khai trương hoành tráng", "step": "capture", "message": "Saved post_064.png (posinset=64)", "data": {"w": 0}, "seq": 31317}
{"ts": "2026-05-01T16:45:14.778895+00:00", "level": "INFO", "jobId": "b170bff4-f51e-4f1f-a4d5-f2a03004eac1", "keyword": "khai trương hoành tráng", "step": "cooldown", "message": "Cooldown 1.0s (after capture)", "data": {"w": 0}, "seq": 31318}
{"ts": "2026-05-01T16:45:15.808234+00:00", "level": "INFO", "jobId": "b170bff4-f51e-4f1f-a4d5-f2a03004eac1", "keyword": "khai trương hoành tráng", "step": "capture", "message": "Capturing posinset=65 (65/∞)…", "data": {"w": 0}, "seq": 31322}
{"ts": "2026-05-01T16:45:17.361756+00:00", "level": "INFO", "jobId": "b170bff4-f51e-4f1f-a4d5-f2a03004eac1", "keyword": "khai trương hoành tráng", "step": "capture", "message": "Saved post_065.png (posinset=65)", "data": {"w": 0}, "seq": 31327}
{"ts": "2026-05-01T16:45:17.362754+00:00", "level": "INFO", "jobId": "b170bff4-f51e-4f1f-a4d5-f2a03004eac1", "keyword": "khai trương hoành tráng", "step": "cooldown", "message": "Cooldown 1.0s (after capture)", "data": {"w": 0}, "seq": 31328}
{"ts": "2026-05-01T16:45:18.732651+00:00", "level": "INFO", "jobId": "b170bff4-f51e-4f1f-a4d5-f2a03004eac1", "keyword": "khai trương hoành tráng", "step": "heartbeat", "message": "Worker alive", "data": {"w": 0, "elapsed_s": 250}, "seq": 31330}
{"ts": "2026-05-01T16:45:18.738698+00:00", "level": "INFO", "jobId": "b170bff4-f51e-4f1f-a4d5-f2a03004eac1", "keyword": "khai trương hoành tráng", "step": "capture", "message": "Capturing posinset=66 (66/∞)…", "data": {"w": 0}, "seq": 31331}
{"ts": "2026-05-01T16:45:22.353406+00:00", "level": "INFO", "jobId": "b170bff4-f51e-4f1f-a4d5-f2a03004eac1", "keyword": "khai trương hoành tráng", "step": "capture", "message": "Saved post_066.png (posinset=66)", "data": {"w": 0}, "seq": 31335}
{"ts": "2026-05-01T16:45:22.355342+00:00", "level": "INFO", "jobId": "b170bff4-f51e-4f1f-a4d5-f2a03004eac1", "keyword": "khai trương hoành tráng", "step": "cooldown", "message": "Cooldown 1.0s (after capture)", "data": {"w": 0}, "seq": 31336}
{"ts": "2026-05-01T16:45:23.392158+00:00", "level": "INFO", "jobId": "b170bff4-f51e-4f1f-a4d5-f2a03004eac1", "keyword": "khai trương hoành tráng", "step": "capture", "message": "Capturing posinset=67 (67/∞)…", "data": {"w": 0}, "seq": 31337}
{"ts": "2026-05-01T16:45:25.423659+00:00", "level": "INFO", "jobId": "b170bff4-f51e-4f1f-a4d5-f2a03004eac1", "keyword": "khai trương hoành tráng", "step": "capture", "message": "Saved post_067.png (posinset=67)", "data": {"w": 0}, "seq": 31342}
{"ts": "2026-05-01T16:45:25.425668+00:00", "level": "INFO", "jobId": "b170bff4-f51e-4f1f-a4d5-f2a03004eac1", "keyword": "khai trương hoành tráng", "step": "cooldown", "message": "Cooldown 1.0s (after capture)", "data": {"w": 0}, "seq": 31343}
{"ts": "2026-05-01T16:45:26.459459+00:00", "level": "INFO", "jobId": "b170bff4-f51e-4f1f-a4d5-f2a03004eac1", "keyword": "khai trương hoành tráng", "step": "capture", "message": "Capturing posinset=68 (68/∞)…", "data": {"w": 0}, "seq": 31344}
{"ts": "2026-05-01T16:45:28.206227+00:00", "level": "INFO", "jobId": "b170bff4-f51e-4f1f-a4d5-f2a03004eac1", "keyword": "khai trương hoành tráng", "step": "capture", "message": "Saved post_068.png (posinset=68)", "data": {"w": 0}, "seq": 31348}
{"ts": "2026-05-01T16:45:28.207226+00:00", "level": "INFO", "jobId": "b170bff4-f51e-4f1f-a4d5-f2a03004eac1", "keyword": "khai trương hoành tráng", "step": "cooldown", "message": "Cooldown 1.0s (after capture)", "data": {"w": 0}, "seq": 31349}
{"ts": "2026-05-01T16:45:29.245088+00:00", "level": "INFO", "jobId": "b170bff4-f51e-4f1f-a4d5-f2a03004eac1", "keyword": "khai trương hoành tráng", "step": "capture", "message": "Capturing posinset=69 (69/∞)…", "data": {"w": 0}, "seq": 31350}
{"ts": "2026-05-01T16:45:31.254563+00:00", "level": "INFO", "jobId": "b170bff4-f51e-4f1f-a4d5-f2a03004eac1", "keyword": "khai trương hoành tráng", "step": "capture", "message": "Saved post_069.png (posinset=69)", "data": {"w": 0}, "seq": 31354}
{"ts": "2026-05-01T16:45:31.255961+00:00", "level": "INFO", "jobId": "b170bff4-f51e-4f1f-a4d5-f2a03004eac1", "keyword": "khai trương hoành tráng", "step": "cooldown", "message": "Cooldown 1.0s (after capture)", "data": {"w": 0}, "seq": 31355}
{"ts": "2026-05-01T16:45:32.286937+00:00", "level": "INFO", "jobId": "b170bff4-f51e-4f1f-a4d5-f2a03004eac1", "keyword": "khai trương hoành tráng", "step": "capture", "message": "Capturing posinset=70 (70/∞)…", "data": {"w": 0}, "seq": 31356}
{"ts": "2026-05-01T16:45:34.639339+00:00", "level": "INFO", "jobId": "b170bff4-f51e-4f1f-a4d5-f2a03004eac1", "keyword": "khai trương hoành tráng", "step": "capture", "message": "Saved post_070.png (posinset=70)", "data": {"w": 0}, "seq": 31360}
{"ts": "2026-05-01T16:45:34.640339+00:00", "level": "INFO", "jobId": "b170bff4-f51e-4f1f-a4d5-f2a03004eac1", "keyword": "khai trương hoành tráng", "step": "cooldown", "message": "Cooldown 1.0s (after capture)", "data": {"w": 0}, "seq": 31361}
{"ts": "2026-05-01T16:45:36.283176+00:00", "level": "INFO", "jobId": "b170bff4-f51e-4f1f-a4d5-f2a03004eac1", "keyword": "khai trương hoành tráng", "step": "heartbeat", "message": "Worker alive", "data": {"w": 0, "elapsed_s": 267}, "seq": 31362}
{"ts": "2026-05-01T16:45:36.289173+00:00", "level": "INFO", "jobId": "b170bff4-f51e-4f1f-a4d5-f2a03004eac1", "keyword": "khai trương hoành tráng", "step": "capture", "message": "Capturing posinset=71 (71/∞)…", "data": {"w": 0}, "seq": 31363}
{"ts": "2026-05-01T16:45:44.720393+00:00", "level": "INFO", "jobId": "b170bff4-f51e-4f1f-a4d5-f2a03004eac1", "keyword": "khai trương hoành tráng", "step": "capture", "message": "Saved post_071.png (posinset=71)", "data": {"w": 0}, "seq": 31373}
{"ts": "2026-05-01T16:45:44.721744+00:00", "level": "INFO", "jobId": "b170bff4-f51e-4f1f-a4d5-f2a03004eac1", "keyword": "khai trương hoành tráng", "step": "cooldown", "message": "Cooldown 1.0s (after capture)", "data": {"w": 0}, "seq": 31374}
{"ts": "2026-05-01T16:45:45.773716+00:00", "level": "INFO", "jobId": "b170bff4-f51e-4f1f-a4d5-f2a03004eac1", "keyword": "khai trương hoành tráng", "step": "capture", "message": "Capturing posinset=72 (72/∞)…", "data": {"w": 0}, "seq": 31376}
{"ts": "2026-05-01T16:45:51.212380+00:00", "level": "INFO", "jobId": "b170bff4-f51e-4f1f-a4d5-f2a03004eac1", "keyword": "khai trương hoành tráng", "step": "capture", "message": "Saved post_072.png (posinset=72)", "data": {"w": 0}, "seq": 31382}
{"ts": "2026-05-01T16:45:51.213380+00:00", "level": "INFO", "jobId": "b170bff4-f51e-4f1f-a4d5-f2a03004eac1", "keyword": "khai trương hoành tráng", "step": "cooldown", "message": "Cooldown 1.0s (after capture)", "data": {"w": 0}, "seq": 31383}
{"ts": "2026-05-01T16:45:52.261922+00:00", "level": "INFO", "jobId": "b170bff4-f51e-4f1f-a4d5-f2a03004eac1", "keyword": "khai trương hoành tráng", "step": "heartbeat", "message": "Worker alive", "data": {"w": 0, "elapsed_s": 283}, "seq": 31385}
{"ts": "2026-05-01T16:45:52.263193+00:00", "level": "INFO", "jobId": "b170bff4-f51e-4f1f-a4d5-f2a03004eac1", "keyword": "khai trương hoành tráng", "step": "capture", "message": "Capturing posinset=73 (73/∞)…", "data": {"w": 0}, "seq": 31386}
{"ts": "2026-05-01T16:45:54.870815+00:00", "level": "INFO", "jobId": "b170bff4-f51e-4f1f-a4d5-f2a03004eac1", "keyword": "khai trương hoành tráng", "step": "capture", "message": "Saved post_073.png (posinset=73)", "data": {"w": 0}, "seq": 31389}
{"ts": "2026-05-01T16:45:54.870815+00:00", "level": "INFO", "jobId": "b170bff4-f51e-4f1f-a4d5-f2a03004eac1", "keyword": "khai trương hoành tráng", "step": "cooldown", "message": "Cooldown 1.0s (after capture)", "data": {"w": 0}, "seq": 31390}
{"ts": "2026-05-01T16:45:55.905774+00:00", "level": "INFO", "jobId": "b170bff4-f51e-4f1f-a4d5-f2a03004eac1", "keyword": "khai trương hoành tráng", "step": "capture", "message": "Capturing posinset=74 (74/∞)…", "data": {"w": 0}, "seq": 31392}
{"ts": "2026-05-01T16:45:58.073077+00:00", "level": "INFO", "jobId": "b170bff4-f51e-4f1f-a4d5-f2a03004eac1", "keyword": "khai trương hoành tráng", "step": "capture", "message": "Saved post_074.png (posinset=74)", "data": {"w": 0}, "seq": 31395}
{"ts": "2026-05-01T16:45:58.074090+00:00", "level": "INFO", "jobId": "b170bff4-f51e-4f1f-a4d5-f2a03004eac1", "keyword": "khai trương hoành tráng", "step": "cooldown", "message": "Cooldown 1.0s (after capture)", "data": {"w": 0}, "seq": 31396}
{"ts": "2026-05-01T16:45:59.122916+00:00", "level": "INFO", "jobId": "b170bff4-f51e-4f1f-a4d5-f2a03004eac1", "keyword": "khai trương hoành tráng", "step": "capture", "message": "Capturing posinset=75 (75/∞)…", "data": {"w": 0}, "seq": 31399}
{"ts": "2026-05-01T16:46:02.228234+00:00", "level": "INFO", "jobId": "b170bff4-f51e-4f1f-a4d5-f2a03004eac1", "keyword": "khai trương hoành tráng", "step": "capture", "message": "Saved post_075.png (posinset=75)", "data": {"w": 0}, "seq": 31400}
{"ts": "2026-05-01T16:46:02.240228+00:00", "level": "INFO", "jobId": "b170bff4-f51e-4f1f-a4d5-f2a03004eac1", "keyword": "khai trương hoành tráng", "step": "cooldown", "message": "Cooldown 1.0s (after capture)", "data": {"w": 0}, "seq": 31401}
{"ts": "2026-05-01T16:46:04.501676+00:00", "level": "INFO", "jobId": "b170bff4-f51e-4f1f-a4d5-f2a03004eac1", "keyword": "khai trương hoành tráng", "step": "capture", "message": "Capturing posinset=76 (76/∞)…", "data": {"w": 0}, "seq": 31406}
{"ts": "2026-05-01T16:46:07.636979+00:00", "level": "INFO", "jobId": "b170bff4-f51e-4f1f-a4d5-f2a03004eac1", "keyword": "khai trương hoành tráng", "step": "capture", "message": "Saved post_076.png (posinset=76)", "data": {"w": 0}, "seq": 31410}
{"ts": "2026-05-01T16:46:07.638391+00:00", "level": "INFO", "jobId": "b170bff4-f51e-4f1f-a4d5-f2a03004eac1", "keyword": "khai trương hoành tráng", "step": "cooldown", "message": "Cooldown 1.0s (after capture)", "data": {"w": 0}, "seq": 31411}
{"ts": "2026-05-01T16:46:08.677468+00:00", "level": "INFO", "jobId": "b170bff4-f51e-4f1f-a4d5-f2a03004eac1", "keyword": "khai trương hoành tráng", "step": "heartbeat", "message": "Worker alive", "data": {"w": 0, "elapsed_s": 300}, "seq": 31412}
{"ts": "2026-05-01T16:46:08.678468+00:00", "level": "INFO", "jobId": "b170bff4-f51e-4f1f-a4d5-f2a03004eac1", "keyword": "khai trương hoành tráng", "step": "capture", "message": "Capturing posinset=77 (77/∞)…", "data": {"w": 0}, "seq": 31413}
{"ts": "2026-05-01T16:46:10.903844+00:00", "level": "INFO", "jobId": "b170bff4-f51e-4f1f-a4d5-f2a03004eac1", "keyword": "khai trương hoành tráng", "step": "capture", "message": "Saved post_077.png (posinset=77)", "data": {"w": 0}, "seq": 31414}
{"ts": "2026-05-01T16:46:10.904844+00:00", "level": "INFO", "jobId": "b170bff4-f51e-4f1f-a4d5-f2a03004eac1", "keyword": "khai trương hoành tráng", "step": "cooldown", "message": "Cooldown 1.0s (after capture)", "data": {"w": 0}, "seq": 31415}
{"ts": "2026-05-01T16:46:11.943678+00:00", "level": "INFO", "jobId": "b170bff4-f51e-4f1f-a4d5-f2a03004eac1", "keyword": "khai trương hoành tráng", "step": "capture", "message": "Capturing posinset=78 (78/∞)…", "data": {"w": 0}, "seq": 31416}
{"ts": "2026-05-01T16:46:14.296045+00:00", "level": "INFO", "jobId": "b170bff4-f51e-4f1f-a4d5-f2a03004eac1", "keyword": "khai trương hoành tráng", "step": "capture", "message": "Saved post_078.png (posinset=78)", "data": {"w": 0}, "seq": 31420}
{"ts": "2026-05-01T16:46:14.298046+00:00", "level": "INFO", "jobId": "b170bff4-f51e-4f1f-a4d5-f2a03004eac1", "keyword": "khai trương hoành tráng", "step": "cooldown", "message": "Cooldown 1.0s (after capture)", "data": {"w": 0}, "seq": 31421}
{"ts": "2026-05-01T16:46:15.353343+00:00", "level": "INFO", "jobId": "b170bff4-f51e-4f1f-a4d5-f2a03004eac1", "keyword": "khai trương hoành tráng", "step": "capture", "message": "Capturing posinset=79 (79/∞)…", "data": {"w": 0}, "seq": 31422}
{"ts": "2026-05-01T16:46:17.683531+00:00", "level": "INFO", "jobId": "b170bff4-f51e-4f1f-a4d5-f2a03004eac1", "keyword": "khai trương hoành tráng", "step": "capture", "message": "Saved post_079.png (posinset=79)", "data": {"w": 0}, "seq": 31427}
{"ts": "2026-05-01T16:46:17.684531+00:00", "level": "INFO", "jobId": "b170bff4-f51e-4f1f-a4d5-f2a03004eac1", "keyword": "khai trương hoành tráng", "step": "cooldown", "message": "Cooldown 1.0s (after capture)", "data": {"w": 0}, "seq": 31428}
{"ts": "2026-05-01T16:46:18.994413+00:00", "level": "INFO", "jobId": "b170bff4-f51e-4f1f-a4d5-f2a03004eac1", "keyword": "khai trương hoành tráng", "step": "capture", "message": "Capturing posinset=80 (80/∞)…", "data": {"w": 0}, "seq": 31429}
{"ts": "2026-05-01T16:46:26.685570+00:00", "level": "INFO", "jobId": "b170bff4-f51e-4f1f-a4d5-f2a03004eac1", "keyword": "khai trương hoành tráng", "step": "capture", "message": "Saved post_080.png (posinset=80)", "data": {"w": 0}, "seq": 31433}
{"ts": "2026-05-01T16:46:26.687570+00:00", "level": "INFO", "jobId": "b170bff4-f51e-4f1f-a4d5-f2a03004eac1", "keyword": "khai trương hoành tráng", "step": "cooldown", "message": "Cooldown 1.0s (after capture)", "data": {"w": 0}, "seq": 31434}
{"ts": "2026-05-01T16:46:27.750429+00:00", "level": "INFO", "jobId": "b170bff4-f51e-4f1f-a4d5-f2a03004eac1", "keyword": "khai trương hoành tráng", "step": "heartbeat", "message": "Worker alive", "data": {"w": 0, "elapsed_s": 319}, "seq": 31435}
{"ts": "2026-05-01T16:46:27.752429+00:00", "level": "INFO", "jobId": "b170bff4-f51e-4f1f-a4d5-f2a03004eac1", "keyword": "khai trương hoành tráng", "step": "capture", "message": "Capturing posinset=81 (81/∞)…", "data": {"w": 0}, "seq": 31436}
{"ts": "2026-05-01T16:46:30.009562+00:00", "level": "INFO", "jobId": "b170bff4-f51e-4f1f-a4d5-f2a03004eac1", "keyword": "khai trương hoành tráng", "step": "capture", "message": "Saved post_081.png (posinset=81)", "data": {"w": 0}, "seq": 31439}
{"ts": "2026-05-01T16:46:30.010569+00:00", "level": "INFO", "jobId": "b170bff4-f51e-4f1f-a4d5-f2a03004eac1", "keyword": "khai trương hoành tráng", "step": "cooldown", "message": "Cooldown 1.0s (after capture)", "data": {"w": 0}, "seq": 31440}
{"ts": "2026-05-01T16:46:31.061888+00:00", "level": "INFO", "jobId": "b170bff4-f51e-4f1f-a4d5-f2a03004eac1", "keyword": "khai trương hoành tráng", "step": "capture", "message": "Capturing posinset=82 (82/∞)…", "data": {"w": 0}, "seq": 31442}
{"ts": "2026-05-01T16:46:37.025520+00:00", "level": "INFO", "jobId": "b170bff4-f51e-4f1f-a4d5-f2a03004eac1", "keyword": "khai trương hoành tráng", "step": "capture", "message": "Saved post_082.png (posinset=82)", "data": {"w": 0}, "seq": 31451}
{"ts": "2026-05-01T16:46:37.027886+00:00", "level": "INFO", "jobId": "b170bff4-f51e-4f1f-a4d5-f2a03004eac1", "keyword": "khai trương hoành tráng", "step": "cooldown", "message": "Cooldown 1.0s (after capture)", "data": {"w": 0}, "seq": 31452}
{"ts": "2026-05-01T16:46:38.069527+00:00", "level": "INFO", "jobId": "b170bff4-f51e-4f1f-a4d5-f2a03004eac1", "keyword": "khai trương hoành tráng", "step": "capture", "message": "Capturing posinset=83 (83/∞)…", "data": {"w": 0}, "seq": 31453}
{"ts": "2026-05-01T16:46:40.428475+00:00", "level": "INFO", "jobId": "b170bff4-f51e-4f1f-a4d5-f2a03004eac1", "keyword": "khai trương hoành tráng", "step": "capture", "message": "Saved post_083.png (posinset=83)", "data": {"w": 0}, "seq": 31456}
{"ts": "2026-05-01T16:46:40.429969+00:00", "level": "INFO", "jobId": "b170bff4-f51e-4f1f-a4d5-f2a03004eac1", "keyword": "khai trương hoành tráng", "step": "cooldown", "message": "Cooldown 1.0s (after capture)", "data": {"w": 0}, "seq": 31457}
{"ts": "2026-05-01T16:46:41.461019+00:00", "level": "INFO", "jobId": "b170bff4-f51e-4f1f-a4d5-f2a03004eac1", "keyword": "khai trương hoành tráng", "step": "capture", "message": "Capturing posinset=84 (84/∞)…", "data": {"w": 0}, "seq": 31459}
{"ts": "2026-05-01T16:46:44.513553+00:00", "level": "INFO", "jobId": "b170bff4-f51e-4f1f-a4d5-f2a03004eac1", "keyword": "khai trương hoành tráng", "step": "capture", "message": "Saved post_084.png (posinset=84)", "data": {"w": 0}, "seq": 31463}
{"ts": "2026-05-01T16:46:44.514552+00:00", "level": "INFO", "jobId": "b170bff4-f51e-4f1f-a4d5-f2a03004eac1", "keyword": "khai trương hoành tráng", "step": "cooldown", "message": "Cooldown 1.0s (after capture)", "data": {"w": 0}, "seq": 31464}
{"ts": "2026-05-01T16:46:46.167914+00:00", "level": "INFO", "jobId": "b170bff4-f51e-4f1f-a4d5-f2a03004eac1", "keyword": "khai trương hoành tráng", "step": "heartbeat", "message": "Worker alive", "data": {"w": 0, "elapsed_s": 337}, "seq": 31465}
{"ts": "2026-05-01T16:46:46.170707+00:00", "level": "INFO", "jobId": "b170bff4-f51e-4f1f-a4d5-f2a03004eac1", "keyword": "khai trương hoành tráng", "step": "capture", "message": "Capturing posinset=85 (85/∞)…", "data": {"w": 0}, "seq": 31466}
{"ts": "2026-05-01T16:46:49.405223+00:00", "level": "INFO", "jobId": "b170bff4-f51e-4f1f-a4d5-f2a03004eac1", "keyword": "khai trương hoành tráng", "step": "capture", "message": "Saved post_085.png (posinset=85)", "data": {"w": 0}, "seq": 31467}
{"ts": "2026-05-01T16:46:49.407223+00:00", "level": "INFO", "jobId": "b170bff4-f51e-4f1f-a4d5-f2a03004eac1", "keyword": "khai trương hoành tráng", "step": "cooldown", "message": "Cooldown 1.0s (after capture)", "data": {"w": 0}, "seq": 31468}
{"ts": "2026-05-01T16:46:50.459276+00:00", "level": "INFO", "jobId": "b170bff4-f51e-4f1f-a4d5-f2a03004eac1", "keyword": "khai trương hoành tráng", "step": "capture", "message": "Capturing posinset=86 (86/∞)…", "data": {"w": 0}, "seq": 31469}
{"ts": "2026-05-01T16:46:53.833546+00:00", "level": "INFO", "jobId": "b170bff4-f51e-4f1f-a4d5-f2a03004eac1", "keyword": "khai trương hoành tráng", "step": "capture", "message": "Saved post_086.png (posinset=86)", "data": {"w": 0}, "seq": 31474}
{"ts": "2026-05-01T16:46:53.836955+00:00", "level": "INFO", "jobId": "b170bff4-f51e-4f1f-a4d5-f2a03004eac1", "keyword": "khai trương hoành tráng", "step": "cooldown", "message": "Cooldown 1.0s (after capture)", "data": {"w": 0}, "seq": 31475}
{"ts": "2026-05-01T16:46:54.916935+00:00", "level": "INFO", "jobId": "b170bff4-f51e-4f1f-a4d5-f2a03004eac1", "keyword": "khai trương hoành tráng", "step": "capture", "message": "Capturing posinset=87 (87/∞)…", "data": {"w": 0}, "seq": 31476}
{"ts": "2026-05-01T16:46:57.228478+00:00", "level": "INFO", "jobId": "b170bff4-f51e-4f1f-a4d5-f2a03004eac1", "keyword": "khai trương hoành tráng", "step": "capture", "message": "Saved post_087.png (posinset=87)", "data": {"w": 0}, "seq": 31480}
{"ts": "2026-05-01T16:46:57.229846+00:00", "level": "INFO", "jobId": "b170bff4-f51e-4f1f-a4d5-f2a03004eac1", "keyword": "khai trương hoành tráng", "step": "cooldown", "message": "Cooldown 1.0s (after capture)", "data": {"w": 0}, "seq": 31481}
{"ts": "2026-05-01T16:46:58.263518+00:00", "level": "INFO", "jobId": "b170bff4-f51e-4f1f-a4d5-f2a03004eac1", "keyword": "khai trương hoành tráng", "step": "capture", "message": "Capturing posinset=88 (88/∞)…", "data": {"w": 0}, "seq": 31482}
{"ts": "2026-05-01T16:47:00.650863+00:00", "level": "INFO", "jobId": "b170bff4-f51e-4f1f-a4d5-f2a03004eac1", "keyword": "khai trương hoành tráng", "step": "capture", "message": "Saved post_088.png (posinset=88)", "data": {"w": 0}, "seq": 31486}
{"ts": "2026-05-01T16:47:00.650863+00:00", "level": "INFO", "jobId": "b170bff4-f51e-4f1f-a4d5-f2a03004eac1", "keyword": "khai trương hoành tráng", "step": "cooldown", "message": "Cooldown 1.0s (after capture)", "data": {"w": 0}, "seq": 31487}
{"ts": "2026-05-01T16:47:01.711289+00:00", "level": "INFO", "jobId": "b170bff4-f51e-4f1f-a4d5-f2a03004eac1", "keyword": "khai trương hoành tráng", "step": "heartbeat", "message": "Worker alive", "data": {"w": 0, "elapsed_s": 353}, "seq": 31490}
{"ts": "2026-05-01T16:47:01.713307+00:00", "level": "INFO", "jobId": "b170bff4-f51e-4f1f-a4d5-f2a03004eac1", "keyword": "khai trương hoành tráng", "step": "capture", "message": "Capturing posinset=89 (89/∞)…", "data": {"w": 0}, "seq": 31491}
{"ts": "2026-05-01T16:47:03.745701+00:00", "level": "INFO", "jobId": "b170bff4-f51e-4f1f-a4d5-f2a03004eac1", "keyword": "khai trương hoành tráng", "step": "capture", "message": "Saved post_089.png (posinset=89)", "data": {"w": 0}, "seq": 31493}
{"ts": "2026-05-01T16:47:03.748702+00:00", "level": "INFO", "jobId": "b170bff4-f51e-4f1f-a4d5-f2a03004eac1", "keyword": "khai trương hoành tráng", "step": "cooldown", "message": "Cooldown 1.0s (after capture)", "data": {"w": 0}, "seq": 31494}
{"ts": "2026-05-01T16:47:04.982121+00:00", "level": "INFO", "jobId": "b170bff4-f51e-4f1f-a4d5-f2a03004eac1", "keyword": "khai trương hoành tráng", "step": "capture", "message": "Capturing posinset=90 (90/∞)…", "data": {"w": 0}, "seq": 31495}
{"ts": "2026-05-01T16:47:11.558536+00:00", "level": "INFO", "jobId": "b170bff4-f51e-4f1f-a4d5-f2a03004eac1", "keyword": "khai trương hoành tráng", "step": "capture", "message": "Saved post_090.png (posinset=90)", "data": {"w": 0}, "seq": 31507}
{"ts": "2026-05-01T16:47:11.559537+00:00", "level": "INFO", "jobId": "b170bff4-f51e-4f1f-a4d5-f2a03004eac1", "keyword": "khai trương hoành tráng", "step": "cooldown", "message": "Cooldown 1.0s (after capture)", "data": {"w": 0}, "seq": 31508}
{"ts": "2026-05-01T16:47:12.597330+00:00", "level": "INFO", "jobId": "b170bff4-f51e-4f1f-a4d5-f2a03004eac1", "keyword": "khai trương hoành tráng", "step": "capture", "message": "Capturing posinset=91 (91/∞)…", "data": {"w": 0}, "seq": 31509}
{"ts": "2026-05-01T16:47:14.472502+00:00", "level": "INFO", "jobId": "b170bff4-f51e-4f1f-a4d5-f2a03004eac1", "keyword": "khai trương hoành tráng", "step": "capture", "message": "Saved post_091.png (posinset=91)", "data": {"w": 0}, "seq": 31513}
{"ts": "2026-05-01T16:47:14.475558+00:00", "level": "INFO", "jobId": "b170bff4-f51e-4f1f-a4d5-f2a03004eac1", "keyword": "khai trương hoành tráng", "step": "cooldown", "message": "Cooldown 1.0s (after capture)", "data": {"w": 0}, "seq": 31514}
{"ts": "2026-05-01T16:47:15.513280+00:00", "level": "INFO", "jobId": "b170bff4-f51e-4f1f-a4d5-f2a03004eac1", "keyword": "khai trương hoành tráng", "step": "capture", "message": "Capturing posinset=92 (92/∞)…", "data": {"w": 0}, "seq": 31515}
{"ts": "2026-05-01T16:47:17.513677+00:00", "level": "INFO", "jobId": "b170bff4-f51e-4f1f-a4d5-f2a03004eac1", "keyword": "khai trương hoành tráng", "step": "capture", "message": "Saved post_092.png (posinset=92)", "data": {"w": 0}, "seq": 31518}
{"ts": "2026-05-01T16:47:17.515538+00:00", "level": "INFO", "jobId": "b170bff4-f51e-4f1f-a4d5-f2a03004eac1", "keyword": "khai trương hoành tráng", "step": "cooldown", "message": "Cooldown 1.0s (after capture)", "data": {"w": 0}, "seq": 31519}
{"ts": "2026-05-01T16:47:18.557913+00:00", "level": "INFO", "jobId": "b170bff4-f51e-4f1f-a4d5-f2a03004eac1", "keyword": "khai trương hoành tráng", "step": "heartbeat", "message": "Worker alive", "data": {"w": 0, "elapsed_s": 370}, "seq": 31521}
{"ts": "2026-05-01T16:47:18.559919+00:00", "level": "INFO", "jobId": "b170bff4-f51e-4f1f-a4d5-f2a03004eac1", "keyword": "khai trương hoành tráng", "step": "capture", "message": "Capturing posinset=93 (93/∞)…", "data": {"w": 0}, "seq": 31522}
{"ts": "2026-05-01T16:47:20.019171+00:00", "level": "INFO", "jobId": "b170bff4-f51e-4f1f-a4d5-f2a03004eac1", "keyword": "khai trương hoành tráng", "step": "capture", "message": "Capturing posinset=93 (93/∞)…", "data": {"w": 0}, "seq": 31525}
{"ts": "2026-05-01T16:47:21.889685+00:00", "level": "INFO", "jobId": "b170bff4-f51e-4f1f-a4d5-f2a03004eac1", "keyword": "khai trương hoành tráng", "step": "capture", "message": "Capturing posinset=93 (93/∞)…", "data": {"w": 0}, "seq": 31527}
{"ts": "2026-05-01T16:47:23.761532+00:00", "level": "INFO", "jobId": "b170bff4-f51e-4f1f-a4d5-f2a03004eac1", "keyword": "khai trương hoành tráng", "step": "capture", "message": "Capturing posinset=93 (93/∞)…", "data": {"w": 0}, "seq": 31530}
{"ts": "2026-05-01T16:47:25.374626+00:00", "level": "INFO", "jobId": "b170bff4-f51e-4f1f-a4d5-f2a03004eac1", "keyword": "khai trương hoành tráng", "step": "capture", "message": "Capturing posinset=93 (93/∞)…", "data": {"w": 0}, "seq": 31532}
{"ts": "2026-05-01T16:47:27.088191+00:00", "level": "INFO", "jobId": "b170bff4-f51e-4f1f-a4d5-f2a03004eac1", "keyword": "khai trương hoành tráng", "step": "capture", "message": "Capturing posinset=93 (93/∞)…", "data": {"w": 0}, "seq": 31533}
{"ts": "2026-05-01T16:47:28.746418+00:00", "level": "INFO", "jobId": "b170bff4-f51e-4f1f-a4d5-f2a03004eac1", "keyword": "khai trương hoành tráng", "step": "capture", "message": "Capturing posinset=93 (93/∞)…", "data": {"w": 0}, "seq": 31536}
{"ts": "2026-05-01T16:47:40.748648+00:00", "level": "INFO", "jobId": "b170bff4-f51e-4f1f-a4d5-f2a03004eac1", "keyword": "khai trương hoành tráng", "step": "heartbeat", "message": "Worker alive", "data": {"w": 0, "elapsed_s": 392}, "seq": 31552}
{"ts": "2026-05-01T16:47:40.762433+00:00", "level": "INFO", "jobId": "b170bff4-f51e-4f1f-a4d5-f2a03004eac1", "keyword": "khai trương hoành tráng", "step": "capture", "message": "Capturing posinset=93 (93/∞)…", "data": {"w": 0}, "seq": 31553}
{"ts": "2026-05-01T16:47:52.617341+00:00", "level": "INFO", "jobId": "b170bff4-f51e-4f1f-a4d5-f2a03004eac1", "keyword": "khai trương hoành tráng", "step": "capture", "message": "Capturing posinset=93 (93/∞)…", "data": {"w": 0}, "seq": 31564}
{"ts": "2026-05-01T16:47:54.383264+00:00", "level": "INFO", "jobId": "b170bff4-f51e-4f1f-a4d5-f2a03004eac1", "keyword": "khai trương hoành tráng", "step": "capture", "message": "Reached end of results (maxPos=92). Stopping capture loop.", "data": {"w": 0}, "seq": 31568}
{"ts": "2026-05-01T16:47:54.418048+00:00", "level": "INFO", "jobId": "b170bff4-f51e-4f1f-a4d5-f2a03004eac1", "keyword": "khai trương hoành tráng", "step": "capture", "message": "Capture loop finished (unlimited). Saved=92", "data": {"w": 0}, "seq": 31569}
{"ts": "2026-05-01T16:47:54.419058+00:00", "level": "INFO", "jobId": "b170bff4-f51e-4f1f-a4d5-f2a03004eac1", "keyword": "khai trương hoành tráng", "step": "done", "message": "Completed. Saved=92", "data": {"w": 0}, "seq": 31570}
