{"ts": "2026-05-01T09:42:56.165440+00:00", "level": "INFO", "jobId": "bb73d86d-473d-4492-bdf7-ad6741ca11ce", "keyword": "khai trương", "step": "created", "message": "Job created", "data": {"maxPosts": 5}, "seq": 15333}
{"ts": "2026-05-01T09:42:56.355660+00:00", "level": "INFO", "jobId": "bb73d86d-473d-4492-bdf7-ad6741ca11ce", "keyword": "khai trương", "step": "start", "message": "Job started (attempt 1/2)", "data": {"w": 0}, "seq": 15337}
{"ts": "2026-05-01T09:43:00.828587+00:00", "level": "INFO", "jobId": "bb73d86d-473d-4492-bdf7-ad6741ca11ce", "keyword": "khai trương", "step": "login", "message": "Already logged in (home).", "data": {"w": 0}, "seq": 15338}
{"ts": "2026-05-01T09:43:00.885623+00:00", "level": "INFO", "jobId": "bb73d86d-473d-4492-bdf7-ad6741ca11ce", "keyword": "khai trương", "step": "search", "message": "Searching keyword: \"khai trương\"", "data": {"w": 0}, "seq": 15339}
{"ts": "2026-05-01T09:43:05.532531+00:00", "level": "INFO", "jobId": "bb73d86d-473d-4492-bdf7-ad6741ca11ce", "keyword": "khai trương", "step": "capture", "message": "Start capturing up to 5 posts.", "data": {"w": 0}, "seq": 15340}
{"ts": "2026-05-01T09:43:05.534524+00:00", "level": "INFO", "jobId": "bb73d86d-473d-4492-bdf7-ad6741ca11ce", "keyword": "khai trương", "step": "capture", "message": "Output folder: Lan 16 - 1643", "data": {"w": 0}, "seq": 15341}
{"ts": "2026-05-01T09:43:09.162065+00:00", "level": "INFO", "jobId": "bb73d86d-473d-4492-bdf7-ad6741ca11ce", "keyword": "khai trương", "step": "capture", "message": "Capturing posinset=1 (1/5)…", "data": {"w": 0}, "seq": 15342}
{"ts": "2026-05-01T09:43:11.336476+00:00", "level": "INFO", "jobId": "bb73d86d-473d-4492-bdf7-ad6741ca11ce", "keyword": "khai trương", "step": "capture", "message": "Saved post_001.png (posinset=1)", "data": {"w": 0}, "seq": 15343}
{"ts": "2026-05-01T09:43:11.337590+00:00", "level": "INFO", "jobId": "bb73d86d-473d-4492-bdf7-ad6741ca11ce", "keyword": "khai trương", "step": "cooldown", "message": "Cooldown 1.0s (after capture)", "data": {"w": 0}, "seq": 15344}
{"ts": "2026-05-01T09:43:12.419737+00:00", "level": "INFO", "jobId": "bb73d86d-473d-4492-bdf7-ad6741ca11ce", "keyword": "khai trương", "step": "capture", "message": "Capturing posinset=2 (2/5)…", "data": {"w": 0}, "seq": 15345}
{"ts": "2026-05-01T09:43:13.188393+00:00", "level": "INFO", "jobId": "bb73d86d-473d-4492-bdf7-ad6741ca11ce", "keyword": "khai trương", "step": "capture", "message": "Saved post_002.png (posinset=2)", "data": {"w": 0}, "seq": 15346}
{"ts": "2026-05-01T09:43:13.189828+00:00", "level": "INFO", "jobId": "bb73d86d-473d-4492-bdf7-ad6741ca11ce", "keyword": "khai trương", "step": "cooldown", "message": "Cooldown 1.0s (after capture)", "data": {"w": 0}, "seq": 15347}
{"ts": "2026-05-01T09:43:14.237712+00:00", "level": "INFO", "jobId": "bb73d86d-473d-4492-bdf7-ad6741ca11ce", "keyword": "khai trương", "step": "capture", "message": "Capturing posinset=3 (3/5)…", "data": {"w": 0}, "seq": 15348}
{"ts": "2026-05-01T09:43:14.985257+00:00", "level": "INFO", "jobId": "bb73d86d-473d-4492-bdf7-ad6741ca11ce", "keyword": "khai trương", "step": "capture", "message": "Saved post_003.png (posinset=3)", "data": {"w": 0}, "seq": 15349}
{"ts": "2026-05-01T09:43:14.986286+00:00", "level": "INFO", "jobId": "bb73d86d-473d-4492-bdf7-ad6741ca11ce", "keyword": "khai trương", "step": "cooldown", "message": "Cooldown 1.0s (after capture)", "data": {"w": 0}, "seq": 15350}
{"ts": "2026-05-01T09:43:16.003449+00:00", "level": "INFO", "jobId": "bb73d86d-473d-4492-bdf7-ad6741ca11ce", "keyword": "khai trương", "step": "capture", "message": "Capturing posinset=4 (4/5)…", "data": {"w": 0}, "seq": 15351}
{"ts": "2026-05-01T09:43:16.964857+00:00", "level": "INFO", "jobId": "bb73d86d-473d-4492-bdf7-ad6741ca11ce", "keyword": "khai trương", "step": "capture", "message": "Saved post_004.png (posinset=4)", "data": {"w": 0}, "seq": 15352}
{"ts": "2026-05-01T09:43:16.965992+00:00", "level": "INFO", "jobId": "bb73d86d-473d-4492-bdf7-ad6741ca11ce", "keyword": "khai trương", "step": "cooldown", "message": "Cooldown 1.0s (after capture)", "data": {"w": 0}, "seq": 15353}
{"ts": "2026-05-01T09:43:17.979591+00:00", "level": "INFO", "jobId": "bb73d86d-473d-4492-bdf7-ad6741ca11ce", "keyword": "khai trương", "step": "capture", "message": "Capturing posinset=5 (5/5)…", "data": {"w": 0}, "seq": 15354}
{"ts": "2026-05-01T09:43:19.381900+00:00", "level": "INFO", "jobId": "bb73d86d-473d-4492-bdf7-ad6741ca11ce", "keyword": "khai trương", "step": "capture", "message": "Saved post_005.png (posinset=5)", "data": {"w": 0}, "seq": 15355}
{"ts": "2026-05-01T09:43:19.384971+00:00", "level": "INFO", "jobId": "bb73d86d-473d-4492-bdf7-ad6741ca11ce", "keyword": "khai trương", "step": "cooldown", "message": "Cooldown 1.0s (after capture)", "data": {"w": 0}, "seq": 15356}
{"ts": "2026-05-01T09:43:20.432644+00:00", "level": "INFO", "jobId": "bb73d86d-473d-4492-bdf7-ad6741ca11ce", "keyword": "khai trương", "step": "done", "message": "Completed. Saved=5", "data": {"w": 0}, "seq": 15357}
