{"ts": "2026-05-01T09:50:19.890676+00:00", "level": "INFO", "jobId": "c4eb1a62-6553-456c-b440-a3812f55dd12", "keyword": "khai trương", "step": "created", "message": "Job created", "data": {"maxPosts": 5}, "seq": 15424}
{"ts": "2026-05-01T09:50:20.669090+00:00", "level": "INFO", "jobId": "c4eb1a62-6553-456c-b440-a3812f55dd12", "keyword": "khai trương", "step": "start", "message": "Job started (attempt 1/2)", "data": {"w": 0}, "seq": 15428}
{"ts": "2026-05-01T09:50:26.232455+00:00", "level": "INFO", "jobId": "c4eb1a62-6553-456c-b440-a3812f55dd12", "keyword": "khai trương", "step": "login", "message": "Already logged in (home).", "data": {"w": 0}, "seq": 15429}
{"ts": "2026-05-01T09:50:26.234759+00:00", "level": "INFO", "jobId": "c4eb1a62-6553-456c-b440-a3812f55dd12", "keyword": "khai trương", "step": "search", "message": "Searching keyword: \"khai trương\"", "data": {"w": 0}, "seq": 15430}
{"ts": "2026-05-01T09:50:30.803002+00:00", "level": "INFO", "jobId": "c4eb1a62-6553-456c-b440-a3812f55dd12", "keyword": "khai trương", "step": "capture", "message": "Start capturing up to 5 posts.", "data": {"w": 0}, "seq": 15431}
{"ts": "2026-05-01T09:50:30.803725+00:00", "level": "INFO", "jobId": "c4eb1a62-6553-456c-b440-a3812f55dd12", "keyword": "khai trương", "step": "capture", "message": "Output folder: Lan 18 - 1650", "data": {"w": 0}, "seq": 15432}
{"ts": "2026-05-01T09:50:31.867165+00:00", "level": "INFO", "jobId": "c4eb1a62-6553-456c-b440-a3812f55dd12", "keyword": "khai trương", "step": "capture", "message": "Capturing posinset=1 (1/5)…", "data": {"w": 0}, "seq": 15433}
{"ts": "2026-05-01T09:50:32.622109+00:00", "level": "INFO", "jobId": "c4eb1a62-6553-456c-b440-a3812f55dd12", "keyword": "khai trương", "step": "capture", "message": "Saved post_001.png (posinset=1)", "data": {"w": 0}, "seq": 15434}
{"ts": "2026-05-01T09:50:32.623116+00:00", "level": "INFO", "jobId": "c4eb1a62-6553-456c-b440-a3812f55dd12", "keyword": "khai trương", "step": "cooldown", "message": "Cooldown 1.0s (after capture)", "data": {"w": 0}, "seq": 15435}
{"ts": "2026-05-01T09:50:33.687540+00:00", "level": "INFO", "jobId": "c4eb1a62-6553-456c-b440-a3812f55dd12", "keyword": "khai trương", "step": "capture", "message": "Capturing posinset=2 (2/5)…", "data": {"w": 0}, "seq": 15436}
{"ts": "2026-05-01T09:50:34.229492+00:00", "level": "INFO", "jobId": "c4eb1a62-6553-456c-b440-a3812f55dd12", "keyword": "khai trương", "step": "capture", "message": "Saved post_002.png (posinset=2)", "data": {"w": 0}, "seq": 15437}
{"ts": "2026-05-01T09:50:34.230491+00:00", "level": "INFO", "jobId": "c4eb1a62-6553-456c-b440-a3812f55dd12", "keyword": "khai trương", "step": "cooldown", "message": "Cooldown 1.0s (after capture)", "data": {"w": 0}, "seq": 15438}
{"ts": "2026-05-01T09:50:35.248119+00:00", "level": "INFO", "jobId": "c4eb1a62-6553-456c-b440-a3812f55dd12", "keyword": "khai trương", "step": "capture", "message": "Capturing posinset=3 (3/5)…", "data": {"w": 0}, "seq": 15439}
{"ts": "2026-05-01T09:50:35.927228+00:00", "level": "INFO", "jobId": "c4eb1a62-6553-456c-b440-a3812f55dd12", "keyword": "khai trương", "step": "capture", "message": "Saved post_003.png (posinset=3)", "data": {"w": 0}, "seq": 15440}
{"ts": "2026-05-01T09:50:35.928229+00:00", "level": "INFO", "jobId": "c4eb1a62-6553-456c-b440-a3812f55dd12", "keyword": "khai trương", "step": "cooldown", "message": "Cooldown 1.0s (after capture)", "data": {"w": 0}, "seq": 15441}
{"ts": "2026-05-01T09:50:36.953380+00:00", "level": "INFO", "jobId": "c4eb1a62-6553-456c-b440-a3812f55dd12", "keyword": "khai trương", "step": "capture", "message": "Capturing posinset=4 (4/5)…", "data": {"w": 0}, "seq": 15442}
{"ts": "2026-05-01T09:50:37.582251+00:00", "level": "INFO", "jobId": "c4eb1a62-6553-456c-b440-a3812f55dd12", "keyword": "khai trương", "step": "capture", "message": "Saved post_004.png (posinset=4)", "data": {"w": 0}, "seq": 15443}
{"ts": "2026-05-01T09:50:37.583251+00:00", "level": "INFO", "jobId": "c4eb1a62-6553-456c-b440-a3812f55dd12", "keyword": "khai trương", "step": "cooldown", "message": "Cooldown 1.0s (after capture)", "data": {"w": 0}, "seq": 15444}
{"ts": "2026-05-01T09:50:38.775492+00:00", "level": "INFO", "jobId": "c4eb1a62-6553-456c-b440-a3812f55dd12", "keyword": "khai trương", "step": "capture", "message": "Capturing posinset=5 (5/5)…", "data": {"w": 0}, "seq": 15445}
{"ts": "2026-05-01T09:50:40.113358+00:00", "level": "INFO", "jobId": "c4eb1a62-6553-456c-b440-a3812f55dd12", "keyword": "khai trương", "step": "capture", "message": "Saved post_005.png (posinset=5)", "data": {"w": 0}, "seq": 15446}
{"ts": "2026-05-01T09:50:40.113358+00:00", "level": "INFO", "jobId": "c4eb1a62-6553-456c-b440-a3812f55dd12", "keyword": "khai trương", "step": "cooldown", "message": "Cooldown 1.0s (after capture)", "data": {"w": 0}, "seq": 15447}
{"ts": "2026-05-01T09:50:41.143179+00:00", "level": "INFO", "jobId": "c4eb1a62-6553-456c-b440-a3812f55dd12", "keyword": "khai trương", "step": "done", "message": "Completed. Saved=5", "data": {"w": 0}, "seq": 15448}
