{"ts": "2026-05-01T04:39:23.197751+00:00", "level": "INFO", "jobId": "c65f36b3-d2b3-4c0b-bf24-3897a1463229", "keyword": "khai trương bùng nổ", "step": "created", "message": "Job created", "data": {"maxPosts": 130}, "seq": 12830}
{"ts": "2026-05-01T04:41:07.689334+00:00", "level": "INFO", "jobId": "c65f36b3-d2b3-4c0b-bf24-3897a1463229", "keyword": "khai trương bùng nổ", "step": "start", "message": "Job started (attempt 1/2)", "data": null, "seq": 12914}
{"ts": "2026-05-01T04:41:09.116696+00:00", "level": "INFO", "jobId": "c65f36b3-d2b3-4c0b-bf24-3897a1463229", "keyword": "khai trương bùng nổ", "step": "login", "message": "Logging in...", "data": null, "seq": 12917}
{"ts": "2026-05-01T04:41:45.958473+00:00", "level": "INFO", "jobId": "c65f36b3-d2b3-4c0b-bf24-3897a1463229", "keyword": "khai trương bùng nổ", "step": "login", "message": "Login OK.", "data": null, "seq": 12929}
{"ts": "2026-05-01T04:41:46.327406+00:00", "level": "INFO", "jobId": "c65f36b3-d2b3-4c0b-bf24-3897a1463229", "keyword": "khai trương bùng nổ", "step": "search", "message": "Searching keyword: \"khai trương bùng nổ\"", "data": null, "seq": 12930}
{"ts": "2026-05-01T04:41:54.444009+00:00", "level": "INFO", "jobId": "c65f36b3-d2b3-4c0b-bf24-3897a1463229", "keyword": "khai trương bùng nổ", "step": "capture", "message": "Start capturing up to 130 posts.", "data": null, "seq": 12933}
{"ts": "2026-05-01T04:41:54.446003+00:00", "level": "INFO", "jobId": "c65f36b3-d2b3-4c0b-bf24-3897a1463229", "keyword": "khai trương bùng nổ", "step": "capture", "message": "Output folder: Lan 1 - 1141", "data": null, "seq": 12934}
{"ts": "2026-05-01T04:41:57.075987+00:00", "level": "INFO", "jobId": "c65f36b3-d2b3-4c0b-bf24-3897a1463229", "keyword": "khai trương bùng nổ", "step": "capture", "message": "Guard: forcing top before first capture (y=1388, primary=0)", "data": null, "seq": 12937}
{"ts": "2026-05-01T04:41:58.373691+00:00", "level": "INFO", "jobId": "c65f36b3-d2b3-4c0b-bf24-3897a1463229", "keyword": "khai trương bùng nổ", "step": "capture", "message": "Capturing 1/130 (viewport)…", "data": null, "seq": 12938}
{"ts": "2026-05-01T04:41:59.303050+00:00", "level": "INFO", "jobId": "c65f36b3-d2b3-4c0b-bf24-3897a1463229", "keyword": "khai trương bùng nổ", "step": "capture", "message": "Expanded \"Xem thêm\" (exact-class): +1 (total 1)", "data": null, "seq": 12939}
{"ts": "2026-05-01T04:42:13.762986+00:00", "level": "INFO", "jobId": "c65f36b3-d2b3-4c0b-bf24-3897a1463229", "keyword": "khai trương bùng nổ", "step": "capture", "message": "Saved post_001.png", "data": null, "seq": 12944}
{"ts": "2026-05-01T04:42:13.765987+00:00", "level": "INFO", "jobId": "c65f36b3-d2b3-4c0b-bf24-3897a1463229", "keyword": "khai trương bùng nổ", "step": "cooldown", "message": "Cooldown 1.9s (after capture)", "data": null, "seq": 12945}
{"ts": "2026-05-01T04:42:16.171609+00:00", "level": "INFO", "jobId": "c65f36b3-d2b3-4c0b-bf24-3897a1463229", "keyword": "khai trương bùng nổ", "step": "capture", "message": "Capturing 2/130 (viewport)…", "data": null, "seq": 12948}
{"ts": "2026-05-01T04:42:16.245976+00:00", "level": "INFO", "jobId": "c65f36b3-d2b3-4c0b-bf24-3897a1463229", "keyword": "khai trương bùng nổ", "step": "capture", "message": "Expanded \"Xem thêm\" (exact-class): +1 (total 1)", "data": null, "seq": 12949}
{"ts": "2026-05-01T04:42:29.806434+00:00", "level": "INFO", "jobId": "c65f36b3-d2b3-4c0b-bf24-3897a1463229", "keyword": "khai trương bùng nổ", "step": "capture", "message": "Saved post_002.png", "data": null, "seq": 12956}
{"ts": "2026-05-01T04:42:29.808426+00:00", "level": "INFO", "jobId": "c65f36b3-d2b3-4c0b-bf24-3897a1463229", "keyword": "khai trương bùng nổ", "step": "cooldown", "message": "Cooldown 1.3s (after capture)", "data": null, "seq": 12957}
{"ts": "2026-05-01T04:42:31.758690+00:00", "level": "INFO", "jobId": "c65f36b3-d2b3-4c0b-bf24-3897a1463229", "keyword": "khai trương bùng nổ", "step": "capture", "message": "Capturing 3/130 (viewport)…", "data": null, "seq": 12960}
{"ts": "2026-05-01T04:42:32.084853+00:00", "level": "INFO", "jobId": "c65f36b3-d2b3-4c0b-bf24-3897a1463229", "keyword": "khai trương bùng nổ", "step": "capture", "message": "Expanded \"Xem thêm\" (exact-class): +2 (total 2)", "data": null, "seq": 12961}
{"ts": "2026-05-01T04:42:45.056306+00:00", "level": "INFO", "jobId": "c65f36b3-d2b3-4c0b-bf24-3897a1463229", "keyword": "khai trương bùng nổ", "step": "capture", "message": "Saved post_003.png", "data": null, "seq": 12967}
{"ts": "2026-05-01T04:42:45.057729+00:00", "level": "INFO", "jobId": "c65f36b3-d2b3-4c0b-bf24-3897a1463229", "keyword": "khai trương bùng nổ", "step": "cooldown", "message": "Cooldown 1.0s (after capture)", "data": null, "seq": 12968}
{"ts": "2026-05-01T04:42:46.712882+00:00", "level": "INFO", "jobId": "c65f36b3-d2b3-4c0b-bf24-3897a1463229", "keyword": "khai trương bùng nổ", "step": "capture", "message": "Capturing 4/130 (viewport)…", "data": null, "seq": 12969}
{"ts": "2026-05-01T04:42:59.392315+00:00", "level": "INFO", "jobId": "c65f36b3-d2b3-4c0b-bf24-3897a1463229", "keyword": "khai trương bùng nổ", "step": "capture", "message": "Saved post_004.png", "data": null, "seq": 12977}
{"ts": "2026-05-01T04:42:59.395315+00:00", "level": "INFO", "jobId": "c65f36b3-d2b3-4c0b-bf24-3897a1463229", "keyword": "khai trương bùng nổ", "step": "cooldown", "message": "Cooldown 2.3s (after capture)", "data": null, "seq": 12978}
{"ts": "2026-05-01T04:43:02.290170+00:00", "level": "INFO", "jobId": "c65f36b3-d2b3-4c0b-bf24-3897a1463229", "keyword": "khai trương bùng nổ", "step": "capture", "message": "Capturing 5/130 (viewport)…", "data": null, "seq": 12979}
{"ts": "2026-05-01T04:43:15.033622+00:00", "level": "INFO", "jobId": "c65f36b3-d2b3-4c0b-bf24-3897a1463229", "keyword": "khai trương bùng nổ", "step": "capture", "message": "Saved post_005.png", "data": null, "seq": 12988}
{"ts": "2026-05-01T04:43:15.034622+00:00", "level": "INFO", "jobId": "c65f36b3-d2b3-4c0b-bf24-3897a1463229", "keyword": "khai trương bùng nổ", "step": "cooldown", "message": "Cooldown 2.3s (after capture)", "data": null, "seq": 12989}
{"ts": "2026-05-01T04:43:17.890036+00:00", "level": "INFO", "jobId": "c65f36b3-d2b3-4c0b-bf24-3897a1463229", "keyword": "khai trương bùng nổ", "step": "capture", "message": "Capturing 6/130 (viewport)…", "data": null, "seq": 12990}
{"ts": "2026-05-01T04:43:17.977501+00:00", "level": "INFO", "jobId": "c65f36b3-d2b3-4c0b-bf24-3897a1463229", "keyword": "khai trương bùng nổ", "step": "capture", "message": "Expanded \"Xem thêm\" (exact-class): +1 (total 1)", "data": null, "seq": 12991}
{"ts": "2026-05-01T04:43:30.931604+00:00", "level": "INFO", "jobId": "c65f36b3-d2b3-4c0b-bf24-3897a1463229", "keyword": "khai trương bùng nổ", "step": "capture", "message": "Saved post_006.png", "data": null, "seq": 13000}
{"ts": "2026-05-01T04:43:30.933598+00:00", "level": "INFO", "jobId": "c65f36b3-d2b3-4c0b-bf24-3897a1463229", "keyword": "khai trương bùng nổ", "step": "cooldown", "message": "Cooldown 1.9s (after capture)", "data": null, "seq": 13001}
{"ts": "2026-05-01T04:43:33.446984+00:00", "level": "INFO", "jobId": "c65f36b3-d2b3-4c0b-bf24-3897a1463229", "keyword": "khai trương bùng nổ", "step": "capture", "message": "Capturing 7/130 (viewport)…", "data": null, "seq": 13002}
{"ts": "2026-05-01T04:43:33.667541+00:00", "level": "INFO", "jobId": "c65f36b3-d2b3-4c0b-bf24-3897a1463229", "keyword": "khai trương bùng nổ", "step": "capture", "message": "Expanded \"Xem thêm\" (exact-class): +2 (total 2)", "data": null, "seq": 13003}
{"ts": "2026-05-01T04:43:47.106114+00:00", "level": "INFO", "jobId": "c65f36b3-d2b3-4c0b-bf24-3897a1463229", "keyword": "khai trương bùng nổ", "step": "capture", "message": "Saved post_007.png", "data": null, "seq": 13010}
{"ts": "2026-05-01T04:43:47.107326+00:00", "level": "INFO", "jobId": "c65f36b3-d2b3-4c0b-bf24-3897a1463229", "keyword": "khai trương bùng nổ", "step": "cooldown", "message": "Cooldown 2.8s (after capture)", "data": null, "seq": 13011}
{"ts": "2026-05-01T04:43:50.484897+00:00", "level": "INFO", "jobId": "c65f36b3-d2b3-4c0b-bf24-3897a1463229", "keyword": "khai trương bùng nổ", "step": "capture", "message": "Capturing 8/130 (viewport)…", "data": null, "seq": 13014}
{"ts": "2026-05-01T04:44:03.648749+00:00", "level": "INFO", "jobId": "c65f36b3-d2b3-4c0b-bf24-3897a1463229", "keyword": "khai trương bùng nổ", "step": "capture", "message": "Saved post_008.png", "data": null, "seq": 13021}
{"ts": "2026-05-01T04:44:03.649830+00:00", "level": "INFO", "jobId": "c65f36b3-d2b3-4c0b-bf24-3897a1463229", "keyword": "khai trương bùng nổ", "step": "cooldown", "message": "Cooldown 1.7s (after capture)", "data": null, "seq": 13022}
{"ts": "2026-05-01T04:44:06.084498+00:00", "level": "INFO", "jobId": "c65f36b3-d2b3-4c0b-bf24-3897a1463229", "keyword": "khai trương bùng nổ", "step": "capture", "message": "Capturing 9/130 (viewport)…", "data": null, "seq": 13025}
{"ts": "2026-05-01T04:44:18.689096+00:00", "level": "INFO", "jobId": "c65f36b3-d2b3-4c0b-bf24-3897a1463229", "keyword": "khai trương bùng nổ", "step": "capture", "message": "Saved post_009.png", "data": null, "seq": 13031}
{"ts": "2026-05-01T04:44:18.690258+00:00", "level": "INFO", "jobId": "c65f36b3-d2b3-4c0b-bf24-3897a1463229", "keyword": "khai trương bùng nổ", "step": "cooldown", "message": "Cooldown 1.5s (after capture)", "data": null, "seq": 13032}
{"ts": "2026-05-01T04:44:20.853035+00:00", "level": "INFO", "jobId": "c65f36b3-d2b3-4c0b-bf24-3897a1463229", "keyword": "khai trương bùng nổ", "step": "capture", "message": "Capturing 10/130 (viewport)…", "data": null, "seq": 13033}
{"ts": "2026-05-01T04:44:21.088498+00:00", "level": "INFO", "jobId": "c65f36b3-d2b3-4c0b-bf24-3897a1463229", "keyword": "khai trương bùng nổ", "step": "capture", "message": "Expanded \"Xem thêm\" (exact-class): +1 (total 1)", "data": null, "seq": 13034}
{"ts": "2026-05-01T04:44:34.176903+00:00", "level": "INFO", "jobId": "c65f36b3-d2b3-4c0b-bf24-3897a1463229", "keyword": "khai trương bùng nổ", "step": "capture", "message": "Saved post_010.png", "data": null, "seq": 13041}
{"ts": "2026-05-01T04:44:34.179032+00:00", "level": "INFO", "jobId": "c65f36b3-d2b3-4c0b-bf24-3897a1463229", "keyword": "khai trương bùng nổ", "step": "cooldown", "message": "Cooldown 2.7s (after capture)", "data": null, "seq": 13042}
{"ts": "2026-05-01T04:44:37.507937+00:00", "level": "INFO", "jobId": "c65f36b3-d2b3-4c0b-bf24-3897a1463229", "keyword": "khai trương bùng nổ", "step": "capture", "message": "Capturing 11/130 (viewport)…", "data": null, "seq": 13045}
{"ts": "2026-05-01T04:44:37.885639+00:00", "level": "INFO", "jobId": "c65f36b3-d2b3-4c0b-bf24-3897a1463229", "keyword": "khai trương bùng nổ", "step": "capture", "message": "Expanded \"Xem thêm\" (exact-class): +1 (total 1)", "data": null, "seq": 13046}
{"ts": "2026-05-01T04:44:51.120587+00:00", "level": "INFO", "jobId": "c65f36b3-d2b3-4c0b-bf24-3897a1463229", "keyword": "khai trương bùng nổ", "step": "capture", "message": "Saved post_011.png", "data": null, "seq": 13052}
{"ts": "2026-05-01T04:44:51.121589+00:00", "level": "INFO", "jobId": "c65f36b3-d2b3-4c0b-bf24-3897a1463229", "keyword": "khai trương bùng nổ", "step": "cooldown", "message": "Cooldown 1.2s (after capture)", "data": null, "seq": 13053}
{"ts": "2026-05-01T04:44:53.081957+00:00", "level": "INFO", "jobId": "c65f36b3-d2b3-4c0b-bf24-3897a1463229", "keyword": "khai trương bùng nổ", "step": "capture", "message": "Capturing 12/130 (viewport)…", "data": null, "seq": 13055}
{"ts": "2026-05-01T04:45:05.905203+00:00", "level": "INFO", "jobId": "c65f36b3-d2b3-4c0b-bf24-3897a1463229", "keyword": "khai trương bùng nổ", "step": "capture", "message": "Saved post_012.png", "data": null, "seq": 13061}
{"ts": "2026-05-01T04:45:05.907198+00:00", "level": "INFO", "jobId": "c65f36b3-d2b3-4c0b-bf24-3897a1463229", "keyword": "khai trương bùng nổ", "step": "cooldown", "message": "Cooldown 1.7s (after capture)", "data": null, "seq": 13062}
{"ts": "2026-05-01T04:45:08.240389+00:00", "level": "INFO", "jobId": "c65f36b3-d2b3-4c0b-bf24-3897a1463229", "keyword": "khai trương bùng nổ", "step": "capture", "message": "Capturing 13/130 (viewport)…", "data": null, "seq": 13063}
{"ts": "2026-05-01T04:45:20.726121+00:00", "level": "INFO", "jobId": "c65f36b3-d2b3-4c0b-bf24-3897a1463229", "keyword": "khai trương bùng nổ", "step": "capture", "message": "Saved post_013.png", "data": null, "seq": 13068}
{"ts": "2026-05-01T04:45:20.727148+00:00", "level": "INFO", "jobId": "c65f36b3-d2b3-4c0b-bf24-3897a1463229", "keyword": "khai trương bùng nổ", "step": "cooldown", "message": "Cooldown 3.0s (after capture)", "data": null, "seq": 13069}
{"ts": "2026-05-01T04:45:24.285054+00:00", "level": "INFO", "jobId": "c65f36b3-d2b3-4c0b-bf24-3897a1463229", "keyword": "khai trương bùng nổ", "step": "capture", "message": "Capturing 14/130 (viewport)…", "data": null, "seq": 13070}
{"ts": "2026-05-01T04:46:20.815139+00:00", "level": "INFO", "jobId": "c65f36b3-d2b3-4c0b-bf24-3897a1463229", "keyword": "khai trương bùng nổ", "step": "capture", "message": "Saved post_014.png", "data": null, "seq": 13093}
{"ts": "2026-05-01T04:46:20.816255+00:00", "level": "INFO", "jobId": "c65f36b3-d2b3-4c0b-bf24-3897a1463229", "keyword": "khai trương bùng nổ", "step": "cooldown", "message": "Cooldown 1.4s (after capture)", "data": null, "seq": 13094}
{"ts": "2026-05-01T04:46:22.937668+00:00", "level": "INFO", "jobId": "c65f36b3-d2b3-4c0b-bf24-3897a1463229", "keyword": "khai trương bùng nổ", "step": "capture", "message": "Capturing 15/130 (viewport)…", "data": null, "seq": 13097}
{"ts": "2026-05-01T04:46:35.667167+00:00", "level": "INFO", "jobId": "c65f36b3-d2b3-4c0b-bf24-3897a1463229", "keyword": "khai trương bùng nổ", "step": "capture", "message": "Saved post_015.png", "data": null, "seq": 13101}
{"ts": "2026-05-01T04:46:35.668163+00:00", "level": "INFO", "jobId": "c65f36b3-d2b3-4c0b-bf24-3897a1463229", "keyword": "khai trương bùng nổ", "step": "cooldown", "message": "Cooldown 1.3s (after capture)", "data": null, "seq": 13102}
{"ts": "2026-05-01T04:46:37.515830+00:00", "level": "INFO", "jobId": "c65f36b3-d2b3-4c0b-bf24-3897a1463229", "keyword": "khai trương bùng nổ", "step": "capture", "message": "Capturing 16/130 (viewport)…", "data": null, "seq": 13103}
{"ts": "2026-05-01T04:46:42.157535+00:00", "level": "WARN", "jobId": "c65f36b3-d2b3-4c0b-bf24-3897a1463229", "keyword": "khai trương bùng nổ", "step": "relaunch", "message": "Browser/page closed unexpectedly. Will relaunch + retry. (Page.screenshot: Target page, context or browser has been closed)", "data": null, "seq": 13107}
{"ts": "2026-05-01T04:46:46.114440+00:00", "level": "WARN", "jobId": "c65f36b3-d2b3-4c0b-bf24-3897a1463229", "keyword": "khai trương bùng nổ", "step": "retry", "message": "Reset job to pending for retry (closed target).", "data": null, "seq": 13110}
{"ts": "2026-05-01T04:46:46.117834+00:00", "level": "INFO", "jobId": "c65f36b3-d2b3-4c0b-bf24-3897a1463229", "keyword": "khai trương bùng nổ", "step": "start", "message": "Job started (attempt 2/2)", "data": null, "seq": 13111}
{"ts": "2026-05-01T04:46:46.720857+00:00", "level": "ERROR", "jobId": "c65f36b3-d2b3-4c0b-bf24-3897a1463229", "keyword": "khai trương bùng nổ", "step": "error", "message": "Unhandled error: Page.goto: Connection closed while reading from the driver", "data": {"trace": "Traceback (most recent call last):\n  File \"C:\\Users\\nguyenkhanhduyit\\Desktop\\Posts\\app\\worker\\runner.py\", line 563, in main\n    ensure_login(page, params, lambda s, m: jlog(s, m))\n  File \"C:\\Users\\nguyenkhanhduyit\\Desktop\\Posts\\app\\worker\\fb_automation\\automation.py\", line 127, in ensure_login\n    _goto_home(page)\n  File \"C:\\Users\\nguyenkhanhduyit\\Desktop\\Posts\\app\\worker\\fb_automation\\automation.py\", line 114, in _goto_home\n    page.goto(\"https://www.facebook.com/\", wait_until=\"domcontentloaded\", timeout=60_000)\n  File \"C:\\Users\\nguyenkhanhduyit\\AppData\\Local\\Programs\\Python\\Python310\\lib\\site-packages\\playwright\\sync_api\\_generated.py\", line 9006, in goto\n    self._sync(\n  File \"C:\\Users\\nguyenkhanhduyit\\AppData\\Local\\Programs\\Python\\Python310\\lib\\site-packages\\playwright\\_impl\\_sync_base.py\", line 115, in _sync\n    return task.result()\n  File \"C:\\Users\\nguyenkhanhduyit\\AppData\\Local\\Programs\\Python\\Python310\\lib\\site-packages\\playwright\\_impl\\_page.py\", line 551, in goto\n    return await self._main_frame.goto(**locals_to_params(locals()))\n  File \"C:\\Users\\nguyenkhanhduyit\\AppData\\Local\\Programs\\Python\\Python310\\lib\\site-packages\\playwright\\_impl\\_frame.py\", line 145, in goto\n    await self._channel.send(\"goto\", locals_to_params(locals()))\n  File \"C:\\Users\\nguyenkhanhduyit\\AppData\\Local\\Programs\\Python\\Python310\\lib\\site-packages\\playwright\\_impl\\_connection.py\", line 61, in send\n    return await self._connection.wrap_api_call(\n  File \"C:\\Users\\nguyenkhanhduyit\\AppData\\Local\\Programs\\Python\\Python310\\lib\\site-packages\\playwright\\_impl\\_connection.py\", line 528, in wrap_api_call\n    raise rewrite_error(error, f\"{parsed_st['apiName']}: {error}\") from None\nException: Page.goto: Connection closed while reading from the driver\n"}, "seq": 13112}
