{"ts": "2026-05-01T04:26:56.315453+00:00", "level": "INFO", "jobId": "c72803d9-57ec-48d2-b6a3-9e7804bf00bc", "keyword": "quán khai trương", "step": "start", "message": "Job started (attempt 1/2)", "data": null, "seq": 12797}
{"ts": "2026-05-01T04:27:03.492304+00:00", "level": "INFO", "jobId": "c72803d9-57ec-48d2-b6a3-9e7804bf00bc", "keyword": "quán khai trương", "step": "login", "message": "Already logged in (profile session).", "data": null, "seq": 12798}
{"ts": "2026-05-01T04:27:03.738474+00:00", "level": "INFO", "jobId": "c72803d9-57ec-48d2-b6a3-9e7804bf00bc", "keyword": "quán khai trương", "step": "search", "message": "Searching keyword: \"quán khai trương\"", "data": null, "seq": 12799}
{"ts": "2026-05-01T04:27:10.287605+00:00", "level": "INFO", "jobId": "c72803d9-57ec-48d2-b6a3-9e7804bf00bc", "keyword": "quán khai trương", "step": "capture", "message": "Start capturing up to 70 posts.", "data": null, "seq": 12800}
{"ts": "2026-05-01T04:27:10.299665+00:00", "level": "INFO", "jobId": "c72803d9-57ec-48d2-b6a3-9e7804bf00bc", "keyword": "quán khai trương", "step": "capture", "message": "Output folder: Lan 1 - 1127", "data": null, "seq": 12801}
{"ts": "2026-05-01T04:27:12.642222+00:00", "level": "INFO", "jobId": "c72803d9-57ec-48d2-b6a3-9e7804bf00bc", "keyword": "quán khai trương", "step": "capture", "message": "Guard: forcing top before first capture (y=1166, primary=0)", "data": null, "seq": 12802}
{"ts": "2026-05-01T04:27:13.699115+00:00", "level": "INFO", "jobId": "c72803d9-57ec-48d2-b6a3-9e7804bf00bc", "keyword": "quán khai trương", "step": "capture", "message": "Capturing 1/70 (viewport)…", "data": null, "seq": 12803}
{"ts": "2026-05-01T04:27:15.419407+00:00", "level": "INFO", "jobId": "c72803d9-57ec-48d2-b6a3-9e7804bf00bc", "keyword": "quán khai trương", "step": "capture", "message": "Expanded \"Xem thêm\" (exact-class): +2 (total 2)", "data": null, "seq": 12804}
{"ts": "2026-05-01T04:27:28.934762+00:00", "level": "INFO", "jobId": "c72803d9-57ec-48d2-b6a3-9e7804bf00bc", "keyword": "quán khai trương", "step": "capture", "message": "Saved post_001.png", "data": null, "seq": 12805}
{"ts": "2026-05-01T04:27:28.936540+00:00", "level": "INFO", "jobId": "c72803d9-57ec-48d2-b6a3-9e7804bf00bc", "keyword": "quán khai trương", "step": "cooldown", "message": "Cooldown 2.0s (after capture)", "data": null, "seq": 12806}
{"ts": "2026-05-01T04:27:31.559146+00:00", "level": "INFO", "jobId": "c72803d9-57ec-48d2-b6a3-9e7804bf00bc", "keyword": "quán khai trương", "step": "capture", "message": "Capturing 2/70 (viewport)…", "data": null, "seq": 12807}
{"ts": "2026-05-01T04:27:31.838376+00:00", "level": "INFO", "jobId": "c72803d9-57ec-48d2-b6a3-9e7804bf00bc", "keyword": "quán khai trương", "step": "capture", "message": "Expanded \"Xem thêm\" (exact-class): +1 (total 1)", "data": null, "seq": 12808}
{"ts": "2026-05-01T04:27:45.113637+00:00", "level": "INFO", "jobId": "c72803d9-57ec-48d2-b6a3-9e7804bf00bc", "keyword": "quán khai trương", "step": "capture", "message": "Saved post_002.png", "data": null, "seq": 12809}
{"ts": "2026-05-01T04:27:45.114634+00:00", "level": "INFO", "jobId": "c72803d9-57ec-48d2-b6a3-9e7804bf00bc", "keyword": "quán khai trương", "step": "cooldown", "message": "Cooldown 2.1s (after capture)", "data": null, "seq": 12810}
{"ts": "2026-05-01T04:27:47.807132+00:00", "level": "INFO", "jobId": "c72803d9-57ec-48d2-b6a3-9e7804bf00bc", "keyword": "quán khai trương", "step": "capture", "message": "Capturing 3/70 (viewport)…", "data": null, "seq": 12811}
{"ts": "2026-05-01T04:27:47.908981+00:00", "level": "INFO", "jobId": "c72803d9-57ec-48d2-b6a3-9e7804bf00bc", "keyword": "quán khai trương", "step": "capture", "message": "Expanded \"Xem thêm\" (exact-class): +1 (total 1)", "data": null, "seq": 12812}
{"ts": "2026-05-01T04:28:00.872463+00:00", "level": "INFO", "jobId": "c72803d9-57ec-48d2-b6a3-9e7804bf00bc", "keyword": "quán khai trương", "step": "capture", "message": "Saved post_003.png", "data": null, "seq": 12813}
{"ts": "2026-05-01T04:28:00.872463+00:00", "level": "INFO", "jobId": "c72803d9-57ec-48d2-b6a3-9e7804bf00bc", "keyword": "quán khai trương", "step": "cooldown", "message": "Cooldown 1.3s (after capture)", "data": null, "seq": 12814}
{"ts": "2026-05-01T04:28:02.748970+00:00", "level": "INFO", "jobId": "c72803d9-57ec-48d2-b6a3-9e7804bf00bc", "keyword": "quán khai trương", "step": "capture", "message": "Capturing 4/70 (viewport)…", "data": null, "seq": 12815}
{"ts": "2026-05-01T04:28:02.819034+00:00", "level": "INFO", "jobId": "c72803d9-57ec-48d2-b6a3-9e7804bf00bc", "keyword": "quán khai trương", "step": "capture", "message": "Expanded \"Xem thêm\" (exact-class): +2 (total 2)", "data": null, "seq": 12816}
{"ts": "2026-05-01T04:28:15.604231+00:00", "level": "INFO", "jobId": "c72803d9-57ec-48d2-b6a3-9e7804bf00bc", "keyword": "quán khai trương", "step": "capture", "message": "Saved post_004.png", "data": null, "seq": 12817}
{"ts": "2026-05-01T04:28:15.605236+00:00", "level": "INFO", "jobId": "c72803d9-57ec-48d2-b6a3-9e7804bf00bc", "keyword": "quán khai trương", "step": "cooldown", "message": "Cooldown 2.8s (after capture)", "data": null, "seq": 12818}
{"ts": "2026-05-01T04:28:18.976565+00:00", "level": "INFO", "jobId": "c72803d9-57ec-48d2-b6a3-9e7804bf00bc", "keyword": "quán khai trương", "step": "capture", "message": "Capturing 5/70 (viewport)…", "data": null, "seq": 12819}
{"ts": "2026-05-01T04:28:31.476447+00:00", "level": "WARN", "jobId": "c72803d9-57ec-48d2-b6a3-9e7804bf00bc", "keyword": "quán khai trương", "step": "relaunch", "message": "Browser/page closed unexpectedly. Will relaunch + retry. (Page.screenshot: Target page, context or browser has been closed)", "data": null, "seq": 12820}
{"ts": "2026-05-01T04:28:33.942209+00:00", "level": "WARN", "jobId": "c72803d9-57ec-48d2-b6a3-9e7804bf00bc", "keyword": "quán khai trương", "step": "retry", "message": "Reset job to pending for retry (closed target).", "data": null, "seq": 12821}
