{"ts": "2026-05-01T11:12:30.050480+00:00", "level": "INFO", "jobId": "cc12e090-f507-467f-83c4-f9a7e9dd394a", "keyword": "khai trương", "step": "created", "message": "Job created", "data": {"maxPosts": "unlimited"}, "seq": 16662}
{"ts": "2026-05-01T11:12:30.846703+00:00", "level": "INFO", "jobId": "cc12e090-f507-467f-83c4-f9a7e9dd394a", "keyword": "khai trương", "step": "start", "message": "Job started (attempt 1/2)", "data": {"w": 0}, "seq": 16669}
{"ts": "2026-05-01T11:12:36.499009+00:00", "level": "INFO", "jobId": "cc12e090-f507-467f-83c4-f9a7e9dd394a", "keyword": "khai trương", "step": "login", "message": "Already logged in (home).", "data": {"w": 0}, "seq": 16670}
{"ts": "2026-05-01T11:12:36.509177+00:00", "level": "INFO", "jobId": "cc12e090-f507-467f-83c4-f9a7e9dd394a", "keyword": "khai trương", "step": "search", "message": "Searching keyword: \"khai trương\"", "data": {"w": 0}, "seq": 16671}
{"ts": "2026-05-01T11:12:40.344514+00:00", "level": "INFO", "jobId": "cc12e090-f507-467f-83c4-f9a7e9dd394a", "keyword": "khai trương", "step": "capture", "message": "Start capturing all posts until end of results.", "data": {"w": 0}, "seq": 16672}
{"ts": "2026-05-01T11:12:40.345514+00:00", "level": "INFO", "jobId": "cc12e090-f507-467f-83c4-f9a7e9dd394a", "keyword": "khai trương", "step": "capture", "message": "Output folder: Lan 15 - 1812", "data": {"w": 0}, "seq": 16673}
{"ts": "2026-05-01T11:12:42.699943+00:00", "level": "INFO", "jobId": "cc12e090-f507-467f-83c4-f9a7e9dd394a", "keyword": "khai trương", "step": "capture", "message": "Waiting for posts to appear (avoid blank capture)…", "data": {"w": 0}, "seq": 16674}
{"ts": "2026-05-01T11:12:42.708473+00:00", "level": "INFO", "jobId": "cc12e090-f507-467f-83c4-f9a7e9dd394a", "keyword": "khai trương", "step": "capture", "message": "Post-detect debug: {'hasMain': True, 'url': 'https://www.facebook.com/search/posts/?q=khai%20tr%C6%B0%C6%A1ng&filters=eyJyZWNlbnRfcG9zdHM6MCI6IntcIm5hbWVcIjpcInJlY2VudF9wb3N0c1wiLFwiYXJnc1wiOlwiXCJ9In0%3D', 'title': '(4) khai trương - Kết quả tìm kiếm | Facebook', 'hasLoginInputs': False, 'consentLike': False, 'bodyHead': '\\xa0\\n1 đoạn chat chưa đọc\\n1\\nSố thông báo chưa đọc\\n3\\nKết quả tìm kiếm\\nBộ lọc\\nTất cả\\nMọi người\\nThước phim\\nMarketplace\\nTrang\\nNhóm\\nSự kiện', 'roleArticle': 1, 'divRoleArticle': 1, 'articleTag': 0, 'feedUnit': 0, 'anyPagelet': 0, 'adPreview': 0, 'imgs': 0, 'videos': 0, 'progress': 0, 'busy': '', 'firstArticle': {'tag': 'div', 'role': 'article', 'textLen': 0, 'hasImg': False, 'hasVideo': False, 'hasLink': False, 'hasPermalink': False}}", "data": {"w": 0}, "seq": 16675}
{"ts": "2026-05-01T11:12:44.742636+00:00", "level": "INFO", "jobId": "cc12e090-f507-467f-83c4-f9a7e9dd394a", "keyword": "khai trương", "step": "capture", "message": "Guard: forcing top before first capture (y=2300, primary=0)", "data": {"w": 0}, "seq": 16676}
{"ts": "2026-05-01T11:12:45.439154+00:00", "level": "INFO", "jobId": "cc12e090-f507-467f-83c4-f9a7e9dd394a", "keyword": "khai trương", "step": "capture", "message": "Capturing posinset=1 (1/∞)…", "data": {"w": 0}, "seq": 16677}
{"ts": "2026-05-01T11:12:46.882646+00:00", "level": "INFO", "jobId": "cc12e090-f507-467f-83c4-f9a7e9dd394a", "keyword": "khai trương", "step": "capture", "message": "Saved post_001.png (posinset=1)", "data": {"w": 0}, "seq": 16678}
{"ts": "2026-05-01T11:12:46.882646+00:00", "level": "INFO", "jobId": "cc12e090-f507-467f-83c4-f9a7e9dd394a", "keyword": "khai trương", "step": "cooldown", "message": "Cooldown 1.0s (after capture)", "data": {"w": 0}, "seq": 16679}
{"ts": "2026-05-01T11:12:47.912199+00:00", "level": "INFO", "jobId": "cc12e090-f507-467f-83c4-f9a7e9dd394a", "keyword": "khai trương", "step": "capture", "message": "Capturing posinset=2 (2/∞)…", "data": {"w": 0}, "seq": 16680}
{"ts": "2026-05-01T11:12:48.918315+00:00", "level": "INFO", "jobId": "cc12e090-f507-467f-83c4-f9a7e9dd394a", "keyword": "khai trương", "step": "capture", "message": "Saved post_002.png (posinset=2)", "data": {"w": 0}, "seq": 16681}
{"ts": "2026-05-01T11:12:48.919582+00:00", "level": "INFO", "jobId": "cc12e090-f507-467f-83c4-f9a7e9dd394a", "keyword": "khai trương", "step": "cooldown", "message": "Cooldown 1.0s (after capture)", "data": {"w": 0}, "seq": 16682}
{"ts": "2026-05-01T11:12:49.934162+00:00", "level": "INFO", "jobId": "cc12e090-f507-467f-83c4-f9a7e9dd394a", "keyword": "khai trương", "step": "capture", "message": "Capturing posinset=3 (3/∞)…", "data": {"w": 0}, "seq": 16683}
{"ts": "2026-05-01T11:12:51.010384+00:00", "level": "INFO", "jobId": "cc12e090-f507-467f-83c4-f9a7e9dd394a", "keyword": "khai trương", "step": "capture", "message": "Saved post_003.png (posinset=3)", "data": {"w": 0}, "seq": 16684}
{"ts": "2026-05-01T11:12:51.010384+00:00", "level": "INFO", "jobId": "cc12e090-f507-467f-83c4-f9a7e9dd394a", "keyword": "khai trương", "step": "cooldown", "message": "Cooldown 1.0s (after capture)", "data": {"w": 0}, "seq": 16685}
{"ts": "2026-05-01T11:12:52.033752+00:00", "level": "INFO", "jobId": "cc12e090-f507-467f-83c4-f9a7e9dd394a", "keyword": "khai trương", "step": "capture", "message": "Capturing posinset=4 (4/∞)…", "data": {"w": 0}, "seq": 16686}
{"ts": "2026-05-01T11:12:53.077608+00:00", "level": "INFO", "jobId": "cc12e090-f507-467f-83c4-f9a7e9dd394a", "keyword": "khai trương", "step": "capture", "message": "Saved post_004.png (posinset=4)", "data": {"w": 0}, "seq": 16687}
{"ts": "2026-05-01T11:12:53.078824+00:00", "level": "INFO", "jobId": "cc12e090-f507-467f-83c4-f9a7e9dd394a", "keyword": "khai trương", "step": "cooldown", "message": "Cooldown 1.0s (after capture)", "data": {"w": 0}, "seq": 16688}
{"ts": "2026-05-01T11:12:54.099846+00:00", "level": "INFO", "jobId": "cc12e090-f507-467f-83c4-f9a7e9dd394a", "keyword": "khai trương", "step": "capture", "message": "Capturing posinset=5 (5/∞)…", "data": {"w": 0}, "seq": 16689}
{"ts": "2026-05-01T11:12:55.195324+00:00", "level": "INFO", "jobId": "cc12e090-f507-467f-83c4-f9a7e9dd394a", "keyword": "khai trương", "step": "capture", "message": "Saved post_005.png (posinset=5)", "data": {"w": 0}, "seq": 16690}
{"ts": "2026-05-01T11:12:55.196341+00:00", "level": "INFO", "jobId": "cc12e090-f507-467f-83c4-f9a7e9dd394a", "keyword": "khai trương", "step": "cooldown", "message": "Cooldown 1.0s (after capture)", "data": {"w": 0}, "seq": 16691}
{"ts": "2026-05-01T11:12:56.232555+00:00", "level": "INFO", "jobId": "cc12e090-f507-467f-83c4-f9a7e9dd394a", "keyword": "khai trương", "step": "capture", "message": "Capturing posinset=6 (6/∞)…", "data": {"w": 0}, "seq": 16692}
{"ts": "2026-05-01T11:12:57.278158+00:00", "level": "INFO", "jobId": "cc12e090-f507-467f-83c4-f9a7e9dd394a", "keyword": "khai trương", "step": "capture", "message": "Saved post_006.png (posinset=6)", "data": {"w": 0}, "seq": 16693}
{"ts": "2026-05-01T11:12:57.279350+00:00", "level": "INFO", "jobId": "cc12e090-f507-467f-83c4-f9a7e9dd394a", "keyword": "khai trương", "step": "cooldown", "message": "Cooldown 1.0s (after capture)", "data": {"w": 0}, "seq": 16694}
{"ts": "2026-05-01T11:12:58.306935+00:00", "level": "INFO", "jobId": "cc12e090-f507-467f-83c4-f9a7e9dd394a", "keyword": "khai trương", "step": "capture", "message": "Capturing posinset=7 (7/∞)…", "data": {"w": 0}, "seq": 16695}
{"ts": "2026-05-01T11:12:59.428209+00:00", "level": "INFO", "jobId": "cc12e090-f507-467f-83c4-f9a7e9dd394a", "keyword": "khai trương", "step": "capture", "message": "Saved post_007.png (posinset=7)", "data": {"w": 0}, "seq": 16696}
{"ts": "2026-05-01T11:12:59.429271+00:00", "level": "INFO", "jobId": "cc12e090-f507-467f-83c4-f9a7e9dd394a", "keyword": "khai trương", "step": "cooldown", "message": "Cooldown 1.0s (after capture)", "data": {"w": 0}, "seq": 16697}
{"ts": "2026-05-01T11:13:00.452039+00:00", "level": "INFO", "jobId": "cc12e090-f507-467f-83c4-f9a7e9dd394a", "keyword": "khai trương", "step": "heartbeat", "message": "Worker alive", "data": {"w": 0, "elapsed_s": 29}, "seq": 16698}
{"ts": "2026-05-01T11:13:00.452039+00:00", "level": "INFO", "jobId": "cc12e090-f507-467f-83c4-f9a7e9dd394a", "keyword": "khai trương", "step": "capture", "message": "Capturing posinset=8 (8/∞)…", "data": {"w": 0}, "seq": 16699}
{"ts": "2026-05-01T11:13:01.563269+00:00", "level": "INFO", "jobId": "cc12e090-f507-467f-83c4-f9a7e9dd394a", "keyword": "khai trương", "step": "capture", "message": "Saved post_008.png (posinset=8)", "data": {"w": 0}, "seq": 16700}
{"ts": "2026-05-01T11:13:01.564318+00:00", "level": "INFO", "jobId": "cc12e090-f507-467f-83c4-f9a7e9dd394a", "keyword": "khai trương", "step": "cooldown", "message": "Cooldown 1.0s (after capture)", "data": {"w": 0}, "seq": 16701}
{"ts": "2026-05-01T11:13:02.593216+00:00", "level": "INFO", "jobId": "cc12e090-f507-467f-83c4-f9a7e9dd394a", "keyword": "khai trương", "step": "capture", "message": "Capturing posinset=9 (9/∞)…", "data": {"w": 0}, "seq": 16702}
{"ts": "2026-05-01T11:13:03.687021+00:00", "level": "INFO", "jobId": "cc12e090-f507-467f-83c4-f9a7e9dd394a", "keyword": "khai trương", "step": "capture", "message": "Saved post_009.png (posinset=9)", "data": {"w": 0}, "seq": 16703}
{"ts": "2026-05-01T11:13:03.688033+00:00", "level": "INFO", "jobId": "cc12e090-f507-467f-83c4-f9a7e9dd394a", "keyword": "khai trương", "step": "cooldown", "message": "Cooldown 1.0s (after capture)", "data": {"w": 0}, "seq": 16704}
{"ts": "2026-05-01T11:13:04.852880+00:00", "level": "INFO", "jobId": "cc12e090-f507-467f-83c4-f9a7e9dd394a", "keyword": "khai trương", "step": "capture", "message": "Capturing posinset=10 (10/∞)…", "data": {"w": 0}, "seq": 16705}
{"ts": "2026-05-01T11:13:05.862779+00:00", "level": "INFO", "jobId": "cc12e090-f507-467f-83c4-f9a7e9dd394a", "keyword": "khai trương", "step": "capture", "message": "Saved post_010.png (posinset=10)", "data": {"w": 0}, "seq": 16706}
{"ts": "2026-05-01T11:13:05.863880+00:00", "level": "INFO", "jobId": "cc12e090-f507-467f-83c4-f9a7e9dd394a", "keyword": "khai trương", "step": "cooldown", "message": "Cooldown 1.0s (after capture)", "data": {"w": 0}, "seq": 16707}
{"ts": "2026-05-01T11:13:06.895787+00:00", "level": "INFO", "jobId": "cc12e090-f507-467f-83c4-f9a7e9dd394a", "keyword": "khai trương", "step": "capture", "message": "Capturing posinset=11 (11/∞)…", "data": {"w": 0}, "seq": 16708}
{"ts": "2026-05-01T11:13:08.030152+00:00", "level": "INFO", "jobId": "cc12e090-f507-467f-83c4-f9a7e9dd394a", "keyword": "khai trương", "step": "capture", "message": "Saved post_011.png (posinset=11)", "data": {"w": 0}, "seq": 16709}
{"ts": "2026-05-01T11:13:08.030152+00:00", "level": "INFO", "jobId": "cc12e090-f507-467f-83c4-f9a7e9dd394a", "keyword": "khai trương", "step": "cooldown", "message": "Cooldown 1.0s (after capture)", "data": {"w": 0}, "seq": 16710}
{"ts": "2026-05-01T11:13:09.050696+00:00", "level": "INFO", "jobId": "cc12e090-f507-467f-83c4-f9a7e9dd394a", "keyword": "khai trương", "step": "capture", "message": "Capturing posinset=12 (12/∞)…", "data": {"w": 0}, "seq": 16711}
{"ts": "2026-05-01T11:13:10.199023+00:00", "level": "INFO", "jobId": "cc12e090-f507-467f-83c4-f9a7e9dd394a", "keyword": "khai trương", "step": "capture", "message": "Saved post_012.png (posinset=12)", "data": {"w": 0}, "seq": 16712}
{"ts": "2026-05-01T11:13:10.199023+00:00", "level": "INFO", "jobId": "cc12e090-f507-467f-83c4-f9a7e9dd394a", "keyword": "khai trương", "step": "cooldown", "message": "Cooldown 1.0s (after capture)", "data": {"w": 0}, "seq": 16713}
{"ts": "2026-05-01T11:13:11.235734+00:00", "level": "INFO", "jobId": "cc12e090-f507-467f-83c4-f9a7e9dd394a", "keyword": "khai trương", "step": "capture", "message": "Capturing posinset=13 (13/∞)…", "data": {"w": 0}, "seq": 16714}
{"ts": "2026-05-01T11:13:12.382683+00:00", "level": "INFO", "jobId": "cc12e090-f507-467f-83c4-f9a7e9dd394a", "keyword": "khai trương", "step": "capture", "message": "Saved post_013.png (posinset=13)", "data": {"w": 0}, "seq": 16715}
{"ts": "2026-05-01T11:13:12.384150+00:00", "level": "INFO", "jobId": "cc12e090-f507-467f-83c4-f9a7e9dd394a", "keyword": "khai trương", "step": "cooldown", "message": "Cooldown 1.0s (after capture)", "data": {"w": 0}, "seq": 16716}
{"ts": "2026-05-01T11:13:13.409192+00:00", "level": "INFO", "jobId": "cc12e090-f507-467f-83c4-f9a7e9dd394a", "keyword": "khai trương", "step": "capture", "message": "Capturing posinset=14 (14/∞)…", "data": {"w": 0}, "seq": 16717}
{"ts": "2026-05-01T11:13:14.500188+00:00", "level": "INFO", "jobId": "cc12e090-f507-467f-83c4-f9a7e9dd394a", "keyword": "khai trương", "step": "capture", "message": "Saved post_014.png (posinset=14)", "data": {"w": 0}, "seq": 16718}
{"ts": "2026-05-01T11:13:14.501273+00:00", "level": "INFO", "jobId": "cc12e090-f507-467f-83c4-f9a7e9dd394a", "keyword": "khai trương", "step": "cooldown", "message": "Cooldown 1.0s (after capture)", "data": {"w": 0}, "seq": 16719}
{"ts": "2026-05-01T11:13:15.537425+00:00", "level": "INFO", "jobId": "cc12e090-f507-467f-83c4-f9a7e9dd394a", "keyword": "khai trương", "step": "heartbeat", "message": "Worker alive", "data": {"w": 0, "elapsed_s": 44}, "seq": 16720}
{"ts": "2026-05-01T11:13:15.537425+00:00", "level": "INFO", "jobId": "cc12e090-f507-467f-83c4-f9a7e9dd394a", "keyword": "khai trương", "step": "capture", "message": "Capturing posinset=15 (15/∞)…", "data": {"w": 0}, "seq": 16721}
{"ts": "2026-05-01T11:13:16.701729+00:00", "level": "INFO", "jobId": "cc12e090-f507-467f-83c4-f9a7e9dd394a", "keyword": "khai trương", "step": "capture", "message": "Saved post_015.png (posinset=15)", "data": {"w": 0}, "seq": 16722}
{"ts": "2026-05-01T11:13:16.702880+00:00", "level": "INFO", "jobId": "cc12e090-f507-467f-83c4-f9a7e9dd394a", "keyword": "khai trương", "step": "cooldown", "message": "Cooldown 1.0s (after capture)", "data": {"w": 0}, "seq": 16723}
{"ts": "2026-05-01T11:13:17.901848+00:00", "level": "INFO", "jobId": "cc12e090-f507-467f-83c4-f9a7e9dd394a", "keyword": "khai trương", "step": "capture", "message": "Capturing posinset=16 (16/∞)…", "data": {"w": 0}, "seq": 16724}
{"ts": "2026-05-01T11:13:19.088978+00:00", "level": "INFO", "jobId": "cc12e090-f507-467f-83c4-f9a7e9dd394a", "keyword": "khai trương", "step": "capture", "message": "Saved post_016.png (posinset=16)", "data": {"w": 0}, "seq": 16725}
{"ts": "2026-05-01T11:13:19.090354+00:00", "level": "INFO", "jobId": "cc12e090-f507-467f-83c4-f9a7e9dd394a", "keyword": "khai trương", "step": "cooldown", "message": "Cooldown 1.0s (after capture)", "data": {"w": 0}, "seq": 16726}
{"ts": "2026-05-01T11:13:20.109140+00:00", "level": "INFO", "jobId": "cc12e090-f507-467f-83c4-f9a7e9dd394a", "keyword": "khai trương", "step": "capture", "message": "Capturing posinset=17 (17/∞)…", "data": {"w": 0}, "seq": 16727}
{"ts": "2026-05-01T11:13:21.280107+00:00", "level": "INFO", "jobId": "cc12e090-f507-467f-83c4-f9a7e9dd394a", "keyword": "khai trương", "step": "capture", "message": "Saved post_017.png (posinset=17)", "data": {"w": 0}, "seq": 16728}
{"ts": "2026-05-01T11:13:21.281148+00:00", "level": "INFO", "jobId": "cc12e090-f507-467f-83c4-f9a7e9dd394a", "keyword": "khai trương", "step": "cooldown", "message": "Cooldown 1.0s (after capture)", "data": {"w": 0}, "seq": 16729}
{"ts": "2026-05-01T11:13:22.293928+00:00", "level": "INFO", "jobId": "cc12e090-f507-467f-83c4-f9a7e9dd394a", "keyword": "khai trương", "step": "capture", "message": "Capturing posinset=18 (18/∞)…", "data": {"w": 0}, "seq": 16730}
{"ts": "2026-05-01T11:13:23.392449+00:00", "level": "INFO", "jobId": "cc12e090-f507-467f-83c4-f9a7e9dd394a", "keyword": "khai trương", "step": "capture", "message": "Saved post_018.png (posinset=18)", "data": {"w": 0}, "seq": 16731}
{"ts": "2026-05-01T11:13:23.393613+00:00", "level": "INFO", "jobId": "cc12e090-f507-467f-83c4-f9a7e9dd394a", "keyword": "khai trương", "step": "cooldown", "message": "Cooldown 1.0s (after capture)", "data": {"w": 0}, "seq": 16732}
{"ts": "2026-05-01T11:13:24.426704+00:00", "level": "INFO", "jobId": "cc12e090-f507-467f-83c4-f9a7e9dd394a", "keyword": "khai trương", "step": "capture", "message": "Capturing posinset=19 (19/∞)…", "data": {"w": 0}, "seq": 16733}
{"ts": "2026-05-01T11:13:25.504425+00:00", "level": "INFO", "jobId": "cc12e090-f507-467f-83c4-f9a7e9dd394a", "keyword": "khai trương", "step": "capture", "message": "Saved post_019.png (posinset=19)", "data": {"w": 0}, "seq": 16734}
{"ts": "2026-05-01T11:13:25.504425+00:00", "level": "INFO", "jobId": "cc12e090-f507-467f-83c4-f9a7e9dd394a", "keyword": "khai trương", "step": "cooldown", "message": "Cooldown 1.0s (after capture)", "data": {"w": 0}, "seq": 16735}
{"ts": "2026-05-01T11:13:26.541852+00:00", "level": "INFO", "jobId": "cc12e090-f507-467f-83c4-f9a7e9dd394a", "keyword": "khai trương", "step": "capture", "message": "Capturing posinset=20 (20/∞)…", "data": {"w": 0}, "seq": 16736}
{"ts": "2026-05-01T11:13:27.616514+00:00", "level": "INFO", "jobId": "cc12e090-f507-467f-83c4-f9a7e9dd394a", "keyword": "khai trương", "step": "capture", "message": "Saved post_020.png (posinset=20)", "data": {"w": 0}, "seq": 16737}
{"ts": "2026-05-01T11:13:27.616514+00:00", "level": "INFO", "jobId": "cc12e090-f507-467f-83c4-f9a7e9dd394a", "keyword": "khai trương", "step": "cooldown", "message": "Cooldown 1.0s (after capture)", "data": {"w": 0}, "seq": 16738}
{"ts": "2026-05-01T11:13:28.866041+00:00", "level": "INFO", "jobId": "cc12e090-f507-467f-83c4-f9a7e9dd394a", "keyword": "khai trương", "step": "capture", "message": "Capturing posinset=21 (21/∞)…", "data": {"w": 0}, "seq": 16739}
{"ts": "2026-05-01T11:13:30.087723+00:00", "level": "INFO", "jobId": "cc12e090-f507-467f-83c4-f9a7e9dd394a", "keyword": "khai trương", "step": "capture", "message": "Saved post_021.png (posinset=21)", "data": {"w": 0}, "seq": 16740}
{"ts": "2026-05-01T11:13:30.087723+00:00", "level": "INFO", "jobId": "cc12e090-f507-467f-83c4-f9a7e9dd394a", "keyword": "khai trương", "step": "cooldown", "message": "Cooldown 1.0s (after capture)", "data": {"w": 0}, "seq": 16741}
{"ts": "2026-05-01T11:13:31.101078+00:00", "level": "INFO", "jobId": "cc12e090-f507-467f-83c4-f9a7e9dd394a", "keyword": "khai trương", "step": "heartbeat", "message": "Worker alive", "data": {"w": 0, "elapsed_s": 60}, "seq": 16742}
{"ts": "2026-05-01T11:13:31.101078+00:00", "level": "INFO", "jobId": "cc12e090-f507-467f-83c4-f9a7e9dd394a", "keyword": "khai trương", "step": "capture", "message": "Capturing posinset=22 (22/∞)…", "data": {"w": 0}, "seq": 16743}
{"ts": "2026-05-01T11:13:31.939371+00:00", "level": "WARN", "jobId": "cc12e090-f507-467f-83c4-f9a7e9dd394a", "keyword": "khai trương", "step": "relaunch", "message": "Browser/page closed unexpectedly. Will relaunch + retry. (Locator.screenshot: Target page, context or browser has been closed)", "data": {"w": 0}, "seq": 16744}
{"ts": "2026-05-01T11:13:34.203272+00:00", "level": "WARN", "jobId": "cc12e090-f507-467f-83c4-f9a7e9dd394a", "keyword": "khai trương", "step": "retry", "message": "Reset job to pending for retry (closed target).", "data": {"w": 0}, "seq": 16745}
{"ts": "2026-05-01T11:13:34.204782+00:00", "level": "INFO", "jobId": "cc12e090-f507-467f-83c4-f9a7e9dd394a", "keyword": "khai trương", "step": "start", "message": "Job started (attempt 2/2)", "data": {"w": 0}, "seq": 16746}
{"ts": "2026-05-01T11:13:36.679185+00:00", "level": "INFO", "jobId": "cc12e090-f507-467f-83c4-f9a7e9dd394a", "keyword": "khai trương", "step": "login", "message": "Already logged in (home).", "data": {"w": 0}, "seq": 16747}
{"ts": "2026-05-01T11:13:36.681197+00:00", "level": "INFO", "jobId": "cc12e090-f507-467f-83c4-f9a7e9dd394a", "keyword": "khai trương", "step": "search", "message": "Searching keyword: \"khai trương\"", "data": {"w": 0}, "seq": 16748}
