{"ts": "2026-05-01T15:51:32.203629+00:00", "level": "INFO", "jobId": "cc504559-1316-4ead-9fd6-19ce5f6bd1c4", "keyword": "khai trương rộn ràng", "step": "created", "message": "Job created", "data": {"maxPosts": "unlimited"}, "seq": 25540}
{"ts": "2026-05-01T16:32:52.320665+00:00", "level": "INFO", "jobId": "cc504559-1316-4ead-9fd6-19ce5f6bd1c4", "keyword": "khai trương rộn ràng", "step": "start", "message": "Job started (attempt 1/1)", "data": {"w": 1}, "seq": 29980}
{"ts": "2026-05-01T16:33:07.951846+00:00", "level": "INFO", "jobId": "cc504559-1316-4ead-9fd6-19ce5f6bd1c4", "keyword": "khai trương rộn ràng", "step": "login", "message": "Already logged in (home).", "data": {"w": 1}, "seq": 29995}
{"ts": "2026-05-01T16:33:07.955845+00:00", "level": "INFO", "jobId": "cc504559-1316-4ead-9fd6-19ce5f6bd1c4", "keyword": "khai trương rộn ràng", "step": "search", "message": "Searching keyword: \"khai trương rộn ràng\"", "data": {"w": 1}, "seq": 29996}
{"ts": "2026-05-01T16:33:16.663420+00:00", "level": "INFO", "jobId": "cc504559-1316-4ead-9fd6-19ce5f6bd1c4", "keyword": "khai trương rộn ràng", "step": "capture", "message": "Start capturing all posts until end of results.", "data": {"w": 1}, "seq": 30000}
{"ts": "2026-05-01T16:33:16.670199+00:00", "level": "INFO", "jobId": "cc504559-1316-4ead-9fd6-19ce5f6bd1c4", "keyword": "khai trương rộn ràng", "step": "capture", "message": "Output folder: Lan 1 - 2333", "data": {"w": 1}, "seq": 30001}
{"ts": "2026-05-01T16:33:25.132764+00:00", "level": "INFO", "jobId": "cc504559-1316-4ead-9fd6-19ce5f6bd1c4", "keyword": "khai trương rộn ràng", "step": "capture", "message": "Capturing posinset=1 (1/∞)…", "data": {"w": 1}, "seq": 30009}
{"ts": "2026-05-01T16:33:27.678958+00:00", "level": "INFO", "jobId": "cc504559-1316-4ead-9fd6-19ce5f6bd1c4", "keyword": "khai trương rộn ràng", "step": "capture", "message": "Saved post_001.png (posinset=1)", "data": {"w": 1}, "seq": 30013}
{"ts": "2026-05-01T16:33:27.679957+00:00", "level": "INFO", "jobId": "cc504559-1316-4ead-9fd6-19ce5f6bd1c4", "keyword": "khai trương rộn ràng", "step": "cooldown", "message": "Cooldown 1.0s (after capture)", "data": {"w": 1}, "seq": 30014}
{"ts": "2026-05-01T16:33:28.705998+00:00", "level": "INFO", "jobId": "cc504559-1316-4ead-9fd6-19ce5f6bd1c4", "keyword": "khai trương rộn ràng", "step": "capture", "message": "Capturing posinset=2 (2/∞)…", "data": {"w": 1}, "seq": 30015}
{"ts": "2026-05-01T16:33:30.057460+00:00", "level": "INFO", "jobId": "cc504559-1316-4ead-9fd6-19ce5f6bd1c4", "keyword": "khai trương rộn ràng", "step": "capture", "message": "Saved post_002.png (posinset=2)", "data": {"w": 1}, "seq": 30018}
{"ts": "2026-05-01T16:33:30.059789+00:00", "level": "INFO", "jobId": "cc504559-1316-4ead-9fd6-19ce5f6bd1c4", "keyword": "khai trương rộn ràng", "step": "cooldown", "message": "Cooldown 1.0s (after capture)", "data": {"w": 1}, "seq": 30019}
{"ts": "2026-05-01T16:33:31.081637+00:00", "level": "INFO", "jobId": "cc504559-1316-4ead-9fd6-19ce5f6bd1c4", "keyword": "khai trương rộn ràng", "step": "capture", "message": "Capturing posinset=3 (3/∞)…", "data": {"w": 1}, "seq": 30021}
{"ts": "2026-05-01T16:33:32.706352+00:00", "level": "INFO", "jobId": "cc504559-1316-4ead-9fd6-19ce5f6bd1c4", "keyword": "khai trương rộn ràng", "step": "capture", "message": "Saved post_003.png (posinset=3)", "data": {"w": 1}, "seq": 30022}
{"ts": "2026-05-01T16:33:32.708350+00:00", "level": "INFO", "jobId": "cc504559-1316-4ead-9fd6-19ce5f6bd1c4", "keyword": "khai trương rộn ràng", "step": "cooldown", "message": "Cooldown 1.0s (after capture)", "data": {"w": 1}, "seq": 30023}
{"ts": "2026-05-01T16:33:33.724213+00:00", "level": "INFO", "jobId": "cc504559-1316-4ead-9fd6-19ce5f6bd1c4", "keyword": "khai trương rộn ràng", "step": "capture", "message": "Capturing posinset=4 (4/∞)…", "data": {"w": 1}, "seq": 30026}
{"ts": "2026-05-01T16:33:35.140738+00:00", "level": "INFO", "jobId": "cc504559-1316-4ead-9fd6-19ce5f6bd1c4", "keyword": "khai trương rộn ràng", "step": "capture", "message": "Saved post_004.png (posinset=4)", "data": {"w": 1}, "seq": 30031}
{"ts": "2026-05-01T16:33:35.146580+00:00", "level": "INFO", "jobId": "cc504559-1316-4ead-9fd6-19ce5f6bd1c4", "keyword": "khai trương rộn ràng", "step": "cooldown", "message": "Cooldown 1.0s (after capture)", "data": {"w": 1}, "seq": 30032}
{"ts": "2026-05-01T16:33:36.161808+00:00", "level": "INFO", "jobId": "cc504559-1316-4ead-9fd6-19ce5f6bd1c4", "keyword": "khai trương rộn ràng", "step": "capture", "message": "Capturing posinset=5 (5/∞)…", "data": {"w": 1}, "seq": 30033}
{"ts": "2026-05-01T16:33:38.062116+00:00", "level": "INFO", "jobId": "cc504559-1316-4ead-9fd6-19ce5f6bd1c4", "keyword": "khai trương rộn ràng", "step": "capture", "message": "Saved post_005.png (posinset=5)", "data": {"w": 1}, "seq": 30036}
{"ts": "2026-05-01T16:33:38.062116+00:00", "level": "INFO", "jobId": "cc504559-1316-4ead-9fd6-19ce5f6bd1c4", "keyword": "khai trương rộn ràng", "step": "cooldown", "message": "Cooldown 1.0s (after capture)", "data": {"w": 1}, "seq": 30037}
{"ts": "2026-05-01T16:33:39.096251+00:00", "level": "INFO", "jobId": "cc504559-1316-4ead-9fd6-19ce5f6bd1c4", "keyword": "khai trương rộn ràng", "step": "heartbeat", "message": "Worker alive", "data": {"w": 1, "elapsed_s": 46}, "seq": 30040}
{"ts": "2026-05-01T16:33:39.098259+00:00", "level": "INFO", "jobId": "cc504559-1316-4ead-9fd6-19ce5f6bd1c4", "keyword": "khai trương rộn ràng", "step": "capture", "message": "Capturing posinset=6 (6/∞)…", "data": {"w": 1}, "seq": 30041}
{"ts": "2026-05-01T16:33:41.894647+00:00", "level": "INFO", "jobId": "cc504559-1316-4ead-9fd6-19ce5f6bd1c4", "keyword": "khai trương rộn ràng", "step": "capture", "message": "Saved post_006.png (posinset=6)", "data": {"w": 1}, "seq": 30043}
{"ts": "2026-05-01T16:33:41.896122+00:00", "level": "INFO", "jobId": "cc504559-1316-4ead-9fd6-19ce5f6bd1c4", "keyword": "khai trương rộn ràng", "step": "cooldown", "message": "Cooldown 1.0s (after capture)", "data": {"w": 1}, "seq": 30044}
{"ts": "2026-05-01T16:33:42.917820+00:00", "level": "INFO", "jobId": "cc504559-1316-4ead-9fd6-19ce5f6bd1c4", "keyword": "khai trương rộn ràng", "step": "capture", "message": "Capturing posinset=7 (7/∞)…", "data": {"w": 1}, "seq": 30047}
{"ts": "2026-05-01T16:33:44.415843+00:00", "level": "INFO", "jobId": "cc504559-1316-4ead-9fd6-19ce5f6bd1c4", "keyword": "khai trương rộn ràng", "step": "capture", "message": "Saved post_007.png (posinset=7)", "data": {"w": 1}, "seq": 30049}
{"ts": "2026-05-01T16:33:44.417349+00:00", "level": "INFO", "jobId": "cc504559-1316-4ead-9fd6-19ce5f6bd1c4", "keyword": "khai trương rộn ràng", "step": "cooldown", "message": "Cooldown 1.0s (after capture)", "data": {"w": 1}, "seq": 30050}
{"ts": "2026-05-01T16:33:45.447662+00:00", "level": "INFO", "jobId": "cc504559-1316-4ead-9fd6-19ce5f6bd1c4", "keyword": "khai trương rộn ràng", "step": "capture", "message": "Capturing posinset=8 (8/∞)…", "data": {"w": 1}, "seq": 30051}
{"ts": "2026-05-01T16:33:46.884865+00:00", "level": "INFO", "jobId": "cc504559-1316-4ead-9fd6-19ce5f6bd1c4", "keyword": "khai trương rộn ràng", "step": "capture", "message": "Saved post_008.png (posinset=8)", "data": {"w": 1}, "seq": 30052}
{"ts": "2026-05-01T16:33:46.884865+00:00", "level": "INFO", "jobId": "cc504559-1316-4ead-9fd6-19ce5f6bd1c4", "keyword": "khai trương rộn ràng", "step": "cooldown", "message": "Cooldown 1.0s (after capture)", "data": {"w": 1}, "seq": 30053}
{"ts": "2026-05-01T16:33:47.913999+00:00", "level": "INFO", "jobId": "cc504559-1316-4ead-9fd6-19ce5f6bd1c4", "keyword": "khai trương rộn ràng", "step": "capture", "message": "Capturing posinset=9 (9/∞)…", "data": {"w": 1}, "seq": 30054}
{"ts": "2026-05-01T16:33:49.145585+00:00", "level": "INFO", "jobId": "cc504559-1316-4ead-9fd6-19ce5f6bd1c4", "keyword": "khai trương rộn ràng", "step": "capture", "message": "Saved post_009.png (posinset=9)", "data": {"w": 1}, "seq": 30057}
{"ts": "2026-05-01T16:33:49.147764+00:00", "level": "INFO", "jobId": "cc504559-1316-4ead-9fd6-19ce5f6bd1c4", "keyword": "khai trương rộn ràng", "step": "cooldown", "message": "Cooldown 1.0s (after capture)", "data": {"w": 1}, "seq": 30058}
{"ts": "2026-05-01T16:33:50.160744+00:00", "level": "INFO", "jobId": "cc504559-1316-4ead-9fd6-19ce5f6bd1c4", "keyword": "khai trương rộn ràng", "step": "capture", "message": "Capturing posinset=10 (10/∞)…", "data": {"w": 1}, "seq": 30061}
{"ts": "2026-05-01T16:33:51.581141+00:00", "level": "INFO", "jobId": "cc504559-1316-4ead-9fd6-19ce5f6bd1c4", "keyword": "khai trương rộn ràng", "step": "capture", "message": "Saved post_010.png (posinset=10)", "data": {"w": 1}, "seq": 30064}
{"ts": "2026-05-01T16:33:51.581141+00:00", "level": "INFO", "jobId": "cc504559-1316-4ead-9fd6-19ce5f6bd1c4", "keyword": "khai trương rộn ràng", "step": "cooldown", "message": "Cooldown 1.0s (after capture)", "data": {"w": 1}, "seq": 30065}
{"ts": "2026-05-01T16:33:53.033265+00:00", "level": "INFO", "jobId": "cc504559-1316-4ead-9fd6-19ce5f6bd1c4", "keyword": "khai trương rộn ràng", "step": "capture", "message": "Capturing posinset=11 (11/∞)…", "data": {"w": 1}, "seq": 30067}
{"ts": "2026-05-01T16:33:55.156531+00:00", "level": "INFO", "jobId": "cc504559-1316-4ead-9fd6-19ce5f6bd1c4", "keyword": "khai trương rộn ràng", "step": "capture", "message": "Saved post_011.png (posinset=11)", "data": {"w": 1}, "seq": 30070}
{"ts": "2026-05-01T16:33:55.162060+00:00", "level": "INFO", "jobId": "cc504559-1316-4ead-9fd6-19ce5f6bd1c4", "keyword": "khai trương rộn ràng", "step": "cooldown", "message": "Cooldown 1.0s (after capture)", "data": {"w": 1}, "seq": 30071}
{"ts": "2026-05-01T16:33:56.177083+00:00", "level": "INFO", "jobId": "cc504559-1316-4ead-9fd6-19ce5f6bd1c4", "keyword": "khai trương rộn ràng", "step": "heartbeat", "message": "Worker alive", "data": {"w": 1, "elapsed_s": 63}, "seq": 30074}
{"ts": "2026-05-01T16:33:56.178084+00:00", "level": "INFO", "jobId": "cc504559-1316-4ead-9fd6-19ce5f6bd1c4", "keyword": "khai trương rộn ràng", "step": "capture", "message": "Capturing posinset=12 (12/∞)…", "data": {"w": 1}, "seq": 30075}
{"ts": "2026-05-01T16:33:58.137748+00:00", "level": "INFO", "jobId": "cc504559-1316-4ead-9fd6-19ce5f6bd1c4", "keyword": "khai trương rộn ràng", "step": "capture", "message": "Saved post_012.png (posinset=12)", "data": {"w": 1}, "seq": 30079}
{"ts": "2026-05-01T16:33:58.150068+00:00", "level": "INFO", "jobId": "cc504559-1316-4ead-9fd6-19ce5f6bd1c4", "keyword": "khai trương rộn ràng", "step": "cooldown", "message": "Cooldown 1.0s (after capture)", "data": {"w": 1}, "seq": 30080}
{"ts": "2026-05-01T16:33:59.180248+00:00", "level": "INFO", "jobId": "cc504559-1316-4ead-9fd6-19ce5f6bd1c4", "keyword": "khai trương rộn ràng", "step": "capture", "message": "Capturing posinset=13 (13/∞)…", "data": {"w": 1}, "seq": 30081}
{"ts": "2026-05-01T16:34:01.235126+00:00", "level": "INFO", "jobId": "cc504559-1316-4ead-9fd6-19ce5f6bd1c4", "keyword": "khai trương rộn ràng", "step": "capture", "message": "Saved post_013.png (posinset=13)", "data": {"w": 1}, "seq": 30082}
{"ts": "2026-05-01T16:34:01.238498+00:00", "level": "INFO", "jobId": "cc504559-1316-4ead-9fd6-19ce5f6bd1c4", "keyword": "khai trương rộn ràng", "step": "cooldown", "message": "Cooldown 1.0s (after capture)", "data": {"w": 1}, "seq": 30083}
{"ts": "2026-05-01T16:34:02.270340+00:00", "level": "INFO", "jobId": "cc504559-1316-4ead-9fd6-19ce5f6bd1c4", "keyword": "khai trương rộn ràng", "step": "capture", "message": "Capturing posinset=14 (14/∞)…", "data": {"w": 1}, "seq": 30084}
{"ts": "2026-05-01T16:34:03.797748+00:00", "level": "INFO", "jobId": "cc504559-1316-4ead-9fd6-19ce5f6bd1c4", "keyword": "khai trương rộn ràng", "step": "capture", "message": "Saved post_014.png (posinset=14)", "data": {"w": 1}, "seq": 30088}
{"ts": "2026-05-01T16:34:03.802431+00:00", "level": "INFO", "jobId": "cc504559-1316-4ead-9fd6-19ce5f6bd1c4", "keyword": "khai trương rộn ràng", "step": "cooldown", "message": "Cooldown 1.0s (after capture)", "data": {"w": 1}, "seq": 30089}
{"ts": "2026-05-01T16:34:04.829528+00:00", "level": "INFO", "jobId": "cc504559-1316-4ead-9fd6-19ce5f6bd1c4", "keyword": "khai trương rộn ràng", "step": "capture", "message": "Capturing posinset=15 (15/∞)…", "data": {"w": 1}, "seq": 30090}
{"ts": "2026-05-01T16:34:06.726448+00:00", "level": "INFO", "jobId": "cc504559-1316-4ead-9fd6-19ce5f6bd1c4", "keyword": "khai trương rộn ràng", "step": "capture", "message": "Saved post_015.png (posinset=15)", "data": {"w": 1}, "seq": 30095}
{"ts": "2026-05-01T16:34:06.737428+00:00", "level": "INFO", "jobId": "cc504559-1316-4ead-9fd6-19ce5f6bd1c4", "keyword": "khai trương rộn ràng", "step": "cooldown", "message": "Cooldown 1.0s (after capture)", "data": {"w": 1}, "seq": 30096}
{"ts": "2026-05-01T16:34:08.339921+00:00", "level": "INFO", "jobId": "cc504559-1316-4ead-9fd6-19ce5f6bd1c4", "keyword": "khai trương rộn ràng", "step": "capture", "message": "Capturing posinset=16 (16/∞)…", "data": {"w": 1}, "seq": 30097}
{"ts": "2026-05-01T16:34:10.712406+00:00", "level": "INFO", "jobId": "cc504559-1316-4ead-9fd6-19ce5f6bd1c4", "keyword": "khai trương rộn ràng", "step": "capture", "message": "Saved post_016.png (posinset=16)", "data": {"w": 1}, "seq": 30101}
{"ts": "2026-05-01T16:34:10.713406+00:00", "level": "INFO", "jobId": "cc504559-1316-4ead-9fd6-19ce5f6bd1c4", "keyword": "khai trương rộn ràng", "step": "cooldown", "message": "Cooldown 1.0s (after capture)", "data": {"w": 1}, "seq": 30102}
{"ts": "2026-05-01T16:34:11.750666+00:00", "level": "INFO", "jobId": "cc504559-1316-4ead-9fd6-19ce5f6bd1c4", "keyword": "khai trương rộn ràng", "step": "heartbeat", "message": "Worker alive", "data": {"w": 1, "elapsed_s": 79}, "seq": 30103}
{"ts": "2026-05-01T16:34:11.754620+00:00", "level": "INFO", "jobId": "cc504559-1316-4ead-9fd6-19ce5f6bd1c4", "keyword": "khai trương rộn ràng", "step": "capture", "message": "Capturing posinset=17 (17/∞)…", "data": {"w": 1}, "seq": 30104}
{"ts": "2026-05-01T16:34:13.506279+00:00", "level": "INFO", "jobId": "cc504559-1316-4ead-9fd6-19ce5f6bd1c4", "keyword": "khai trương rộn ràng", "step": "capture", "message": "Saved post_017.png (posinset=17)", "data": {"w": 1}, "seq": 30105}
{"ts": "2026-05-01T16:34:13.509275+00:00", "level": "INFO", "jobId": "cc504559-1316-4ead-9fd6-19ce5f6bd1c4", "keyword": "khai trương rộn ràng", "step": "cooldown", "message": "Cooldown 1.0s (after capture)", "data": {"w": 1}, "seq": 30106}
{"ts": "2026-05-01T16:34:14.540887+00:00", "level": "INFO", "jobId": "cc504559-1316-4ead-9fd6-19ce5f6bd1c4", "keyword": "khai trương rộn ràng", "step": "capture", "message": "Capturing posinset=18 (18/∞)…", "data": {"w": 1}, "seq": 30107}
{"ts": "2026-05-01T16:34:17.148819+00:00", "level": "INFO", "jobId": "cc504559-1316-4ead-9fd6-19ce5f6bd1c4", "keyword": "khai trương rộn ràng", "step": "capture", "message": "Saved post_018.png (posinset=18)", "data": {"w": 1}, "seq": 30111}
{"ts": "2026-05-01T16:34:17.150934+00:00", "level": "INFO", "jobId": "cc504559-1316-4ead-9fd6-19ce5f6bd1c4", "keyword": "khai trương rộn ràng", "step": "cooldown", "message": "Cooldown 1.0s (after capture)", "data": {"w": 1}, "seq": 30112}
{"ts": "2026-05-01T16:34:18.179428+00:00", "level": "INFO", "jobId": "cc504559-1316-4ead-9fd6-19ce5f6bd1c4", "keyword": "khai trương rộn ràng", "step": "capture", "message": "Capturing posinset=19 (19/∞)…", "data": {"w": 1}, "seq": 30115}
{"ts": "2026-05-01T16:34:20.257442+00:00", "level": "INFO", "jobId": "cc504559-1316-4ead-9fd6-19ce5f6bd1c4", "keyword": "khai trương rộn ràng", "step": "capture", "message": "Saved post_019.png (posinset=19)", "data": {"w": 1}, "seq": 30117}
{"ts": "2026-05-01T16:34:20.261810+00:00", "level": "INFO", "jobId": "cc504559-1316-4ead-9fd6-19ce5f6bd1c4", "keyword": "khai trương rộn ràng", "step": "cooldown", "message": "Cooldown 1.0s (after capture)", "data": {"w": 1}, "seq": 30118}
{"ts": "2026-05-01T16:34:21.303889+00:00", "level": "INFO", "jobId": "cc504559-1316-4ead-9fd6-19ce5f6bd1c4", "keyword": "khai trương rộn ràng", "step": "capture", "message": "Capturing posinset=20 (20/∞)…", "data": {"w": 1}, "seq": 30119}
{"ts": "2026-05-01T16:34:23.006058+00:00", "level": "INFO", "jobId": "cc504559-1316-4ead-9fd6-19ce5f6bd1c4", "keyword": "khai trương rộn ràng", "step": "capture", "message": "Saved post_020.png (posinset=20)", "data": {"w": 1}, "seq": 30124}
{"ts": "2026-05-01T16:34:23.007289+00:00", "level": "INFO", "jobId": "cc504559-1316-4ead-9fd6-19ce5f6bd1c4", "keyword": "khai trương rộn ràng", "step": "cooldown", "message": "Cooldown 1.0s (after capture)", "data": {"w": 1}, "seq": 30125}
{"ts": "2026-05-01T16:34:26.576793+00:00", "level": "INFO", "jobId": "cc504559-1316-4ead-9fd6-19ce5f6bd1c4", "keyword": "khai trương rộn ràng", "step": "capture", "message": "Capturing posinset=21 (21/∞)…", "data": {"w": 1}, "seq": 30130}
{"ts": "2026-05-01T16:34:29.357184+00:00", "level": "INFO", "jobId": "cc504559-1316-4ead-9fd6-19ce5f6bd1c4", "keyword": "khai trương rộn ràng", "step": "capture", "message": "Saved post_021.png (posinset=21)", "data": {"w": 1}, "seq": 30134}
{"ts": "2026-05-01T16:34:29.359184+00:00", "level": "INFO", "jobId": "cc504559-1316-4ead-9fd6-19ce5f6bd1c4", "keyword": "khai trương rộn ràng", "step": "cooldown", "message": "Cooldown 1.0s (after capture)", "data": {"w": 1}, "seq": 30135}
{"ts": "2026-05-01T16:34:30.391430+00:00", "level": "INFO", "jobId": "cc504559-1316-4ead-9fd6-19ce5f6bd1c4", "keyword": "khai trương rộn ràng", "step": "heartbeat", "message": "Worker alive", "data": {"w": 1, "elapsed_s": 98}, "seq": 30137}
{"ts": "2026-05-01T16:34:30.392430+00:00", "level": "INFO", "jobId": "cc504559-1316-4ead-9fd6-19ce5f6bd1c4", "keyword": "khai trương rộn ràng", "step": "capture", "message": "Capturing posinset=22 (22/∞)…", "data": {"w": 1}, "seq": 30138}
{"ts": "2026-05-01T16:34:32.243243+00:00", "level": "INFO", "jobId": "cc504559-1316-4ead-9fd6-19ce5f6bd1c4", "keyword": "khai trương rộn ràng", "step": "capture", "message": "Saved post_022.png (posinset=22)", "data": {"w": 1}, "seq": 30139}
{"ts": "2026-05-01T16:34:32.244445+00:00", "level": "INFO", "jobId": "cc504559-1316-4ead-9fd6-19ce5f6bd1c4", "keyword": "khai trương rộn ràng", "step": "cooldown", "message": "Cooldown 1.0s (after capture)", "data": {"w": 1}, "seq": 30140}
{"ts": "2026-05-01T16:34:33.261368+00:00", "level": "INFO", "jobId": "cc504559-1316-4ead-9fd6-19ce5f6bd1c4", "keyword": "khai trương rộn ràng", "step": "capture", "message": "Capturing posinset=23 (23/∞)…", "data": {"w": 1}, "seq": 30141}
{"ts": "2026-05-01T16:34:35.259926+00:00", "level": "INFO", "jobId": "cc504559-1316-4ead-9fd6-19ce5f6bd1c4", "keyword": "khai trương rộn ràng", "step": "capture", "message": "Saved post_023.png (posinset=23)", "data": {"w": 1}, "seq": 30144}
{"ts": "2026-05-01T16:34:35.262000+00:00", "level": "INFO", "jobId": "cc504559-1316-4ead-9fd6-19ce5f6bd1c4", "keyword": "khai trương rộn ràng", "step": "cooldown", "message": "Cooldown 1.0s (after capture)", "data": {"w": 1}, "seq": 30145}
{"ts": "2026-05-01T16:34:36.291072+00:00", "level": "INFO", "jobId": "cc504559-1316-4ead-9fd6-19ce5f6bd1c4", "keyword": "khai trương rộn ràng", "step": "capture", "message": "Capturing posinset=24 (24/∞)…", "data": {"w": 1}, "seq": 30147}
{"ts": "2026-05-01T16:34:38.319338+00:00", "level": "INFO", "jobId": "cc504559-1316-4ead-9fd6-19ce5f6bd1c4", "keyword": "khai trương rộn ràng", "step": "capture", "message": "Saved post_024.png (posinset=24)", "data": {"w": 1}, "seq": 30148}
{"ts": "2026-05-01T16:34:38.319338+00:00", "level": "INFO", "jobId": "cc504559-1316-4ead-9fd6-19ce5f6bd1c4", "keyword": "khai trương rộn ràng", "step": "cooldown", "message": "Cooldown 1.0s (after capture)", "data": {"w": 1}, "seq": 30149}
{"ts": "2026-05-01T16:34:39.344016+00:00", "level": "INFO", "jobId": "cc504559-1316-4ead-9fd6-19ce5f6bd1c4", "keyword": "khai trương rộn ràng", "step": "capture", "message": "Capturing posinset=25 (25/∞)…", "data": {"w": 1}, "seq": 30152}
{"ts": "2026-05-01T16:34:41.056769+00:00", "level": "INFO", "jobId": "cc504559-1316-4ead-9fd6-19ce5f6bd1c4", "keyword": "khai trương rộn ràng", "step": "capture", "message": "Saved post_025.png (posinset=25)", "data": {"w": 1}, "seq": 30155}
{"ts": "2026-05-01T16:34:41.056769+00:00", "level": "INFO", "jobId": "cc504559-1316-4ead-9fd6-19ce5f6bd1c4", "keyword": "khai trương rộn ràng", "step": "cooldown", "message": "Cooldown 1.0s (after capture)", "data": {"w": 1}, "seq": 30156}
{"ts": "2026-05-01T16:34:42.609436+00:00", "level": "INFO", "jobId": "cc504559-1316-4ead-9fd6-19ce5f6bd1c4", "keyword": "khai trương rộn ràng", "step": "capture", "message": "Capturing posinset=26 (26/∞)…", "data": {"w": 1}, "seq": 30159}
{"ts": "2026-05-01T16:34:44.681957+00:00", "level": "INFO", "jobId": "cc504559-1316-4ead-9fd6-19ce5f6bd1c4", "keyword": "khai trương rộn ràng", "step": "capture", "message": "Saved post_026.png (posinset=26)", "data": {"w": 1}, "seq": 30161}
{"ts": "2026-05-01T16:34:44.683957+00:00", "level": "INFO", "jobId": "cc504559-1316-4ead-9fd6-19ce5f6bd1c4", "keyword": "khai trương rộn ràng", "step": "cooldown", "message": "Cooldown 1.0s (after capture)", "data": {"w": 1}, "seq": 30162}
{"ts": "2026-05-01T16:34:45.718277+00:00", "level": "INFO", "jobId": "cc504559-1316-4ead-9fd6-19ce5f6bd1c4", "keyword": "khai trương rộn ràng", "step": "heartbeat", "message": "Worker alive", "data": {"w": 1, "elapsed_s": 113}, "seq": 30163}
{"ts": "2026-05-01T16:34:45.719402+00:00", "level": "INFO", "jobId": "cc504559-1316-4ead-9fd6-19ce5f6bd1c4", "keyword": "khai trương rộn ràng", "step": "capture", "message": "Capturing posinset=27 (27/∞)…", "data": {"w": 1}, "seq": 30164}
{"ts": "2026-05-01T16:34:47.855909+00:00", "level": "INFO", "jobId": "cc504559-1316-4ead-9fd6-19ce5f6bd1c4", "keyword": "khai trương rộn ràng", "step": "capture", "message": "Saved post_027.png (posinset=27)", "data": {"w": 1}, "seq": 30165}
{"ts": "2026-05-01T16:34:47.857909+00:00", "level": "INFO", "jobId": "cc504559-1316-4ead-9fd6-19ce5f6bd1c4", "keyword": "khai trương rộn ràng", "step": "cooldown", "message": "Cooldown 1.0s (after capture)", "data": {"w": 1}, "seq": 30166}
{"ts": "2026-05-01T16:34:48.875821+00:00", "level": "INFO", "jobId": "cc504559-1316-4ead-9fd6-19ce5f6bd1c4", "keyword": "khai trương rộn ràng", "step": "capture", "message": "Capturing posinset=28 (28/∞)…", "data": {"w": 1}, "seq": 30168}
{"ts": "2026-05-01T16:34:52.552789+00:00", "level": "INFO", "jobId": "cc504559-1316-4ead-9fd6-19ce5f6bd1c4", "keyword": "khai trương rộn ràng", "step": "capture", "message": "Saved post_028.png (posinset=28)", "data": {"w": 1}, "seq": 30169}
{"ts": "2026-05-01T16:34:52.553790+00:00", "level": "INFO", "jobId": "cc504559-1316-4ead-9fd6-19ce5f6bd1c4", "keyword": "khai trương rộn ràng", "step": "cooldown", "message": "Cooldown 1.0s (after capture)", "data": {"w": 1}, "seq": 30170}
{"ts": "2026-05-01T16:34:53.572040+00:00", "level": "INFO", "jobId": "cc504559-1316-4ead-9fd6-19ce5f6bd1c4", "keyword": "khai trương rộn ràng", "step": "capture", "message": "Capturing posinset=29 (29/∞)…", "data": {"w": 1}, "seq": 30173}
{"ts": "2026-05-01T16:34:55.085076+00:00", "level": "INFO", "jobId": "cc504559-1316-4ead-9fd6-19ce5f6bd1c4", "keyword": "khai trương rộn ràng", "step": "capture", "message": "Saved post_029.png (posinset=29)", "data": {"w": 1}, "seq": 30175}
{"ts": "2026-05-01T16:34:55.087085+00:00", "level": "INFO", "jobId": "cc504559-1316-4ead-9fd6-19ce5f6bd1c4", "keyword": "khai trương rộn ràng", "step": "cooldown", "message": "Cooldown 1.0s (after capture)", "data": {"w": 1}, "seq": 30176}
{"ts": "2026-05-01T16:34:56.267412+00:00", "level": "INFO", "jobId": "cc504559-1316-4ead-9fd6-19ce5f6bd1c4", "keyword": "khai trương rộn ràng", "step": "capture", "message": "Capturing posinset=30 (30/∞)…", "data": {"w": 1}, "seq": 30177}
{"ts": "2026-05-01T16:34:58.946876+00:00", "level": "INFO", "jobId": "cc504559-1316-4ead-9fd6-19ce5f6bd1c4", "keyword": "khai trương rộn ràng", "step": "capture", "message": "Saved post_030.png (posinset=30)", "data": {"w": 1}, "seq": 30180}
{"ts": "2026-05-01T16:34:58.947875+00:00", "level": "INFO", "jobId": "cc504559-1316-4ead-9fd6-19ce5f6bd1c4", "keyword": "khai trương rộn ràng", "step": "cooldown", "message": "Cooldown 1.0s (after capture)", "data": {"w": 1}, "seq": 30181}
{"ts": "2026-05-01T16:35:00.798510+00:00", "level": "INFO", "jobId": "cc504559-1316-4ead-9fd6-19ce5f6bd1c4", "keyword": "khai trương rộn ràng", "step": "heartbeat", "message": "Worker alive", "data": {"w": 1, "elapsed_s": 128}, "seq": 30184}
{"ts": "2026-05-01T16:35:00.817200+00:00", "level": "INFO", "jobId": "cc504559-1316-4ead-9fd6-19ce5f6bd1c4", "keyword": "khai trương rộn ràng", "step": "capture", "message": "Capturing posinset=31 (31/∞)…", "data": {"w": 1}, "seq": 30185}
{"ts": "2026-05-01T16:35:03.610708+00:00", "level": "INFO", "jobId": "cc504559-1316-4ead-9fd6-19ce5f6bd1c4", "keyword": "khai trương rộn ràng", "step": "capture", "message": "Saved post_031.png (posinset=31)", "data": {"w": 1}, "seq": 30188}
{"ts": "2026-05-01T16:35:03.616745+00:00", "level": "INFO", "jobId": "cc504559-1316-4ead-9fd6-19ce5f6bd1c4", "keyword": "khai trương rộn ràng", "step": "cooldown", "message": "Cooldown 1.0s (after capture)", "data": {"w": 1}, "seq": 30189}
{"ts": "2026-05-01T16:35:04.640947+00:00", "level": "INFO", "jobId": "cc504559-1316-4ead-9fd6-19ce5f6bd1c4", "keyword": "khai trương rộn ràng", "step": "capture", "message": "Capturing posinset=32 (32/∞)…", "data": {"w": 1}, "seq": 30193}
{"ts": "2026-05-01T16:35:06.248601+00:00", "level": "INFO", "jobId": "cc504559-1316-4ead-9fd6-19ce5f6bd1c4", "keyword": "khai trương rộn ràng", "step": "capture", "message": "Saved post_032.png (posinset=32)", "data": {"w": 1}, "seq": 30196}
{"ts": "2026-05-01T16:35:06.249782+00:00", "level": "INFO", "jobId": "cc504559-1316-4ead-9fd6-19ce5f6bd1c4", "keyword": "khai trương rộn ràng", "step": "cooldown", "message": "Cooldown 1.0s (after capture)", "data": {"w": 1}, "seq": 30197}
{"ts": "2026-05-01T16:35:07.272363+00:00", "level": "INFO", "jobId": "cc504559-1316-4ead-9fd6-19ce5f6bd1c4", "keyword": "khai trương rộn ràng", "step": "capture", "message": "Capturing posinset=33 (33/∞)…", "data": {"w": 1}, "seq": 30201}
{"ts": "2026-05-01T16:35:09.286493+00:00", "level": "INFO", "jobId": "cc504559-1316-4ead-9fd6-19ce5f6bd1c4", "keyword": "khai trương rộn ràng", "step": "capture", "message": "Saved post_033.png (posinset=33)", "data": {"w": 1}, "seq": 30204}
{"ts": "2026-05-01T16:35:09.287496+00:00", "level": "INFO", "jobId": "cc504559-1316-4ead-9fd6-19ce5f6bd1c4", "keyword": "khai trương rộn ràng", "step": "cooldown", "message": "Cooldown 1.0s (after capture)", "data": {"w": 1}, "seq": 30205}
{"ts": "2026-05-01T16:35:10.311720+00:00", "level": "INFO", "jobId": "cc504559-1316-4ead-9fd6-19ce5f6bd1c4", "keyword": "khai trương rộn ràng", "step": "capture", "message": "Capturing posinset=34 (34/∞)…", "data": {"w": 1}, "seq": 30207}
{"ts": "2026-05-01T16:35:12.265770+00:00", "level": "INFO", "jobId": "cc504559-1316-4ead-9fd6-19ce5f6bd1c4", "keyword": "khai trương rộn ràng", "step": "capture", "message": "Saved post_034.png (posinset=34)", "data": {"w": 1}, "seq": 30210}
{"ts": "2026-05-01T16:35:12.266785+00:00", "level": "INFO", "jobId": "cc504559-1316-4ead-9fd6-19ce5f6bd1c4", "keyword": "khai trương rộn ràng", "step": "cooldown", "message": "Cooldown 1.0s (after capture)", "data": {"w": 1}, "seq": 30211}
{"ts": "2026-05-01T16:35:13.289383+00:00", "level": "INFO", "jobId": "cc504559-1316-4ead-9fd6-19ce5f6bd1c4", "keyword": "khai trương rộn ràng", "step": "capture", "message": "Capturing posinset=35 (35/∞)…", "data": {"w": 1}, "seq": 30213}
{"ts": "2026-05-01T16:35:14.934662+00:00", "level": "INFO", "jobId": "cc504559-1316-4ead-9fd6-19ce5f6bd1c4", "keyword": "khai trương rộn ràng", "step": "capture", "message": "Saved post_035.png (posinset=35)", "data": {"w": 1}, "seq": 30214}
{"ts": "2026-05-01T16:35:14.935982+00:00", "level": "INFO", "jobId": "cc504559-1316-4ead-9fd6-19ce5f6bd1c4", "keyword": "khai trương rộn ràng", "step": "cooldown", "message": "Cooldown 1.0s (after capture)", "data": {"w": 1}, "seq": 30215}
{"ts": "2026-05-01T16:35:15.957045+00:00", "level": "INFO", "jobId": "cc504559-1316-4ead-9fd6-19ce5f6bd1c4", "keyword": "khai trương rộn ràng", "step": "heartbeat", "message": "Worker alive", "data": {"w": 1, "elapsed_s": 143}, "seq": 30218}
{"ts": "2026-05-01T16:35:15.959161+00:00", "level": "INFO", "jobId": "cc504559-1316-4ead-9fd6-19ce5f6bd1c4", "keyword": "khai trương rộn ràng", "step": "capture", "message": "Capturing posinset=36 (36/∞)…", "data": {"w": 1}, "seq": 30219}
{"ts": "2026-05-01T16:35:18.215296+00:00", "level": "INFO", "jobId": "cc504559-1316-4ead-9fd6-19ce5f6bd1c4", "keyword": "khai trương rộn ràng", "step": "capture", "message": "Capturing posinset=36 (36/∞)…", "data": {"w": 1}, "seq": 30222}
{"ts": "2026-05-01T16:35:20.101278+00:00", "level": "INFO", "jobId": "cc504559-1316-4ead-9fd6-19ce5f6bd1c4", "keyword": "khai trương rộn ràng", "step": "capture", "message": "Saved post_036.png (posinset=36)", "data": {"w": 1}, "seq": 30225}
{"ts": "2026-05-01T16:35:20.102492+00:00", "level": "INFO", "jobId": "cc504559-1316-4ead-9fd6-19ce5f6bd1c4", "keyword": "khai trương rộn ràng", "step": "cooldown", "message": "Cooldown 1.0s (after capture)", "data": {"w": 1}, "seq": 30226}
{"ts": "2026-05-01T16:35:21.149462+00:00", "level": "INFO", "jobId": "cc504559-1316-4ead-9fd6-19ce5f6bd1c4", "keyword": "khai trương rộn ràng", "step": "capture", "message": "Capturing posinset=37 (37/∞)…", "data": {"w": 1}, "seq": 30228}
{"ts": "2026-05-01T16:35:23.154685+00:00", "level": "INFO", "jobId": "cc504559-1316-4ead-9fd6-19ce5f6bd1c4", "keyword": "khai trương rộn ràng", "step": "capture", "message": "Saved post_037.png (posinset=37)", "data": {"w": 1}, "seq": 30232}
{"ts": "2026-05-01T16:35:23.156897+00:00", "level": "INFO", "jobId": "cc504559-1316-4ead-9fd6-19ce5f6bd1c4", "keyword": "khai trương rộn ràng", "step": "cooldown", "message": "Cooldown 1.0s (after capture)", "data": {"w": 1}, "seq": 30233}
{"ts": "2026-05-01T16:35:24.192678+00:00", "level": "INFO", "jobId": "cc504559-1316-4ead-9fd6-19ce5f6bd1c4", "keyword": "khai trương rộn ràng", "step": "capture", "message": "Capturing posinset=38 (38/∞)…", "data": {"w": 1}, "seq": 30234}
{"ts": "2026-05-01T16:35:25.946501+00:00", "level": "INFO", "jobId": "cc504559-1316-4ead-9fd6-19ce5f6bd1c4", "keyword": "khai trương rộn ràng", "step": "capture", "message": "Saved post_038.png (posinset=38)", "data": {"w": 1}, "seq": 30237}
{"ts": "2026-05-01T16:35:25.947802+00:00", "level": "INFO", "jobId": "cc504559-1316-4ead-9fd6-19ce5f6bd1c4", "keyword": "khai trương rộn ràng", "step": "cooldown", "message": "Cooldown 1.0s (after capture)", "data": {"w": 1}, "seq": 30238}
{"ts": "2026-05-01T16:35:26.972551+00:00", "level": "INFO", "jobId": "cc504559-1316-4ead-9fd6-19ce5f6bd1c4", "keyword": "khai trương rộn ràng", "step": "capture", "message": "Capturing posinset=39 (39/∞)…", "data": {"w": 1}, "seq": 30240}
{"ts": "2026-05-01T16:35:28.921644+00:00", "level": "INFO", "jobId": "cc504559-1316-4ead-9fd6-19ce5f6bd1c4", "keyword": "khai trương rộn ràng", "step": "capture", "message": "Saved post_039.png (posinset=39)", "data": {"w": 1}, "seq": 30245}
{"ts": "2026-05-01T16:35:28.925227+00:00", "level": "INFO", "jobId": "cc504559-1316-4ead-9fd6-19ce5f6bd1c4", "keyword": "khai trương rộn ràng", "step": "cooldown", "message": "Cooldown 1.0s (after capture)", "data": {"w": 1}, "seq": 30246}
{"ts": "2026-05-01T16:35:30.564966+00:00", "level": "INFO", "jobId": "cc504559-1316-4ead-9fd6-19ce5f6bd1c4", "keyword": "khai trương rộn ràng", "step": "capture", "message": "Capturing posinset=40 (40/∞)…", "data": {"w": 1}, "seq": 30250}
{"ts": "2026-05-01T16:35:33.343233+00:00", "level": "INFO", "jobId": "cc504559-1316-4ead-9fd6-19ce5f6bd1c4", "keyword": "khai trương rộn ràng", "step": "capture", "message": "Saved post_040.png (posinset=40)", "data": {"w": 1}, "seq": 30253}
{"ts": "2026-05-01T16:35:33.345240+00:00", "level": "INFO", "jobId": "cc504559-1316-4ead-9fd6-19ce5f6bd1c4", "keyword": "khai trương rộn ràng", "step": "cooldown", "message": "Cooldown 1.0s (after capture)", "data": {"w": 1}, "seq": 30254}
{"ts": "2026-05-01T16:35:34.368397+00:00", "level": "INFO", "jobId": "cc504559-1316-4ead-9fd6-19ce5f6bd1c4", "keyword": "khai trương rộn ràng", "step": "heartbeat", "message": "Worker alive", "data": {"w": 1, "elapsed_s": 162}, "seq": 30257}
{"ts": "2026-05-01T16:35:34.369397+00:00", "level": "INFO", "jobId": "cc504559-1316-4ead-9fd6-19ce5f6bd1c4", "keyword": "khai trương rộn ràng", "step": "capture", "message": "Capturing posinset=41 (41/∞)…", "data": {"w": 1}, "seq": 30258}
{"ts": "2026-05-01T16:35:36.203764+00:00", "level": "INFO", "jobId": "cc504559-1316-4ead-9fd6-19ce5f6bd1c4", "keyword": "khai trương rộn ràng", "step": "capture", "message": "Saved post_041.png (posinset=41)", "data": {"w": 1}, "seq": 30261}
{"ts": "2026-05-01T16:35:36.206551+00:00", "level": "INFO", "jobId": "cc504559-1316-4ead-9fd6-19ce5f6bd1c4", "keyword": "khai trương rộn ràng", "step": "cooldown", "message": "Cooldown 1.0s (after capture)", "data": {"w": 1}, "seq": 30262}
{"ts": "2026-05-01T16:35:37.237704+00:00", "level": "INFO", "jobId": "cc504559-1316-4ead-9fd6-19ce5f6bd1c4", "keyword": "khai trương rộn ràng", "step": "capture", "message": "Capturing posinset=42 (42/∞)…", "data": {"w": 1}, "seq": 30266}
{"ts": "2026-05-01T16:35:38.760929+00:00", "level": "INFO", "jobId": "cc504559-1316-4ead-9fd6-19ce5f6bd1c4", "keyword": "khai trương rộn ràng", "step": "capture", "message": "Saved post_042.png (posinset=42)", "data": {"w": 1}, "seq": 30270}
{"ts": "2026-05-01T16:35:38.761956+00:00", "level": "INFO", "jobId": "cc504559-1316-4ead-9fd6-19ce5f6bd1c4", "keyword": "khai trương rộn ràng", "step": "cooldown", "message": "Cooldown 1.0s (after capture)", "data": {"w": 1}, "seq": 30271}
{"ts": "2026-05-01T16:35:39.779667+00:00", "level": "INFO", "jobId": "cc504559-1316-4ead-9fd6-19ce5f6bd1c4", "keyword": "khai trương rộn ràng", "step": "capture", "message": "Capturing posinset=43 (43/∞)…", "data": {"w": 1}, "seq": 30273}
{"ts": "2026-05-01T16:35:42.131683+00:00", "level": "INFO", "jobId": "cc504559-1316-4ead-9fd6-19ce5f6bd1c4", "keyword": "khai trương rộn ràng", "step": "capture", "message": "Saved post_043.png (posinset=43)", "data": {"w": 1}, "seq": 30274}
{"ts": "2026-05-01T16:35:42.133694+00:00", "level": "INFO", "jobId": "cc504559-1316-4ead-9fd6-19ce5f6bd1c4", "keyword": "khai trương rộn ràng", "step": "cooldown", "message": "Cooldown 1.0s (after capture)", "data": {"w": 1}, "seq": 30275}
{"ts": "2026-05-01T16:35:43.164254+00:00", "level": "INFO", "jobId": "cc504559-1316-4ead-9fd6-19ce5f6bd1c4", "keyword": "khai trương rộn ràng", "step": "capture", "message": "Capturing posinset=44 (44/∞)…", "data": {"w": 1}, "seq": 30276}
{"ts": "2026-05-01T16:35:45.320255+00:00", "level": "INFO", "jobId": "cc504559-1316-4ead-9fd6-19ce5f6bd1c4", "keyword": "khai trương rộn ràng", "step": "capture", "message": "Saved post_044.png (posinset=44)", "data": {"w": 1}, "seq": 30277}
{"ts": "2026-05-01T16:35:45.323134+00:00", "level": "INFO", "jobId": "cc504559-1316-4ead-9fd6-19ce5f6bd1c4", "keyword": "khai trương rộn ràng", "step": "cooldown", "message": "Cooldown 1.0s (after capture)", "data": {"w": 1}, "seq": 30278}
{"ts": "2026-05-01T16:35:46.362832+00:00", "level": "INFO", "jobId": "cc504559-1316-4ead-9fd6-19ce5f6bd1c4", "keyword": "khai trương rộn ràng", "step": "capture", "message": "Capturing posinset=45 (45/∞)…", "data": {"w": 1}, "seq": 30281}
{"ts": "2026-05-01T16:35:48.028502+00:00", "level": "INFO", "jobId": "cc504559-1316-4ead-9fd6-19ce5f6bd1c4", "keyword": "khai trương rộn ràng", "step": "capture", "message": "Saved post_045.png (posinset=45)", "data": {"w": 1}, "seq": 30283}
{"ts": "2026-05-01T16:35:48.029525+00:00", "level": "INFO", "jobId": "cc504559-1316-4ead-9fd6-19ce5f6bd1c4", "keyword": "khai trương rộn ràng", "step": "cooldown", "message": "Cooldown 1.0s (after capture)", "data": {"w": 1}, "seq": 30284}
{"ts": "2026-05-01T16:35:49.446881+00:00", "level": "INFO", "jobId": "cc504559-1316-4ead-9fd6-19ce5f6bd1c4", "keyword": "khai trương rộn ràng", "step": "heartbeat", "message": "Worker alive", "data": {"w": 1, "elapsed_s": 177}, "seq": 30289}
{"ts": "2026-05-01T16:35:49.448919+00:00", "level": "INFO", "jobId": "cc504559-1316-4ead-9fd6-19ce5f6bd1c4", "keyword": "khai trương rộn ràng", "step": "capture", "message": "Capturing posinset=46 (46/∞)…", "data": {"w": 1}, "seq": 30290}
{"ts": "2026-05-01T16:35:51.616829+00:00", "level": "INFO", "jobId": "cc504559-1316-4ead-9fd6-19ce5f6bd1c4", "keyword": "khai trương rộn ràng", "step": "capture", "message": "Saved post_046.png (posinset=46)", "data": {"w": 1}, "seq": 30295}
{"ts": "2026-05-01T16:35:51.620601+00:00", "level": "INFO", "jobId": "cc504559-1316-4ead-9fd6-19ce5f6bd1c4", "keyword": "khai trương rộn ràng", "step": "cooldown", "message": "Cooldown 1.0s (after capture)", "data": {"w": 1}, "seq": 30296}
{"ts": "2026-05-01T16:35:52.660628+00:00", "level": "INFO", "jobId": "cc504559-1316-4ead-9fd6-19ce5f6bd1c4", "keyword": "khai trương rộn ràng", "step": "capture", "message": "Capturing posinset=47 (47/∞)…", "data": {"w": 1}, "seq": 30297}
{"ts": "2026-05-01T16:35:56.818856+00:00", "level": "INFO", "jobId": "cc504559-1316-4ead-9fd6-19ce5f6bd1c4", "keyword": "khai trương rộn ràng", "step": "capture", "message": "Saved post_047.png (posinset=47)", "data": {"w": 1}, "seq": 30301}
{"ts": "2026-05-01T16:35:56.822525+00:00", "level": "INFO", "jobId": "cc504559-1316-4ead-9fd6-19ce5f6bd1c4", "keyword": "khai trương rộn ràng", "step": "cooldown", "message": "Cooldown 1.0s (after capture)", "data": {"w": 1}, "seq": 30302}
{"ts": "2026-05-01T16:35:57.860964+00:00", "level": "INFO", "jobId": "cc504559-1316-4ead-9fd6-19ce5f6bd1c4", "keyword": "khai trương rộn ràng", "step": "capture", "message": "Capturing posinset=48 (48/∞)…", "data": {"w": 1}, "seq": 30303}
{"ts": "2026-05-01T16:35:59.588877+00:00", "level": "INFO", "jobId": "cc504559-1316-4ead-9fd6-19ce5f6bd1c4", "keyword": "khai trương rộn ràng", "step": "capture", "message": "Saved post_048.png (posinset=48)", "data": {"w": 1}, "seq": 30306}
{"ts": "2026-05-01T16:35:59.589949+00:00", "level": "INFO", "jobId": "cc504559-1316-4ead-9fd6-19ce5f6bd1c4", "keyword": "khai trương rộn ràng", "step": "cooldown", "message": "Cooldown 1.0s (after capture)", "data": {"w": 1}, "seq": 30307}
{"ts": "2026-05-01T16:36:00.629626+00:00", "level": "INFO", "jobId": "cc504559-1316-4ead-9fd6-19ce5f6bd1c4", "keyword": "khai trương rộn ràng", "step": "capture", "message": "Capturing posinset=49 (49/∞)…", "data": {"w": 1}, "seq": 30309}
{"ts": "2026-05-01T16:36:02.123658+00:00", "level": "INFO", "jobId": "cc504559-1316-4ead-9fd6-19ce5f6bd1c4", "keyword": "khai trương rộn ràng", "step": "capture", "message": "Saved post_049.png (posinset=49)", "data": {"w": 1}, "seq": 30310}
{"ts": "2026-05-01T16:36:02.124676+00:00", "level": "INFO", "jobId": "cc504559-1316-4ead-9fd6-19ce5f6bd1c4", "keyword": "khai trương rộn ràng", "step": "cooldown", "message": "Cooldown 1.0s (after capture)", "data": {"w": 1}, "seq": 30311}
{"ts": "2026-05-01T16:36:03.153166+00:00", "level": "INFO", "jobId": "cc504559-1316-4ead-9fd6-19ce5f6bd1c4", "keyword": "khai trương rộn ràng", "step": "capture", "message": "Capturing posinset=50 (50/∞)…", "data": {"w": 1}, "seq": 30312}
{"ts": "2026-05-01T16:36:05.265816+00:00", "level": "INFO", "jobId": "cc504559-1316-4ead-9fd6-19ce5f6bd1c4", "keyword": "khai trương rộn ràng", "step": "capture", "message": "Saved post_050.png (posinset=50)", "data": {"w": 1}, "seq": 30317}
{"ts": "2026-05-01T16:36:05.273490+00:00", "level": "INFO", "jobId": "cc504559-1316-4ead-9fd6-19ce5f6bd1c4", "keyword": "khai trương rộn ràng", "step": "cooldown", "message": "Cooldown 1.0s (after capture)", "data": {"w": 1}, "seq": 30318}
{"ts": "2026-05-01T16:36:07.016507+00:00", "level": "INFO", "jobId": "cc504559-1316-4ead-9fd6-19ce5f6bd1c4", "keyword": "khai trương rộn ràng", "step": "heartbeat", "message": "Worker alive", "data": {"w": 1, "elapsed_s": 194}, "seq": 30323}
{"ts": "2026-05-01T16:36:07.022432+00:00", "level": "INFO", "jobId": "cc504559-1316-4ead-9fd6-19ce5f6bd1c4", "keyword": "khai trương rộn ràng", "step": "capture", "message": "Capturing posinset=51 (51/∞)…", "data": {"w": 1}, "seq": 30324}
{"ts": "2026-05-01T16:36:10.335362+00:00", "level": "INFO", "jobId": "cc504559-1316-4ead-9fd6-19ce5f6bd1c4", "keyword": "khai trương rộn ràng", "step": "capture", "message": "Saved post_051.png (posinset=51)", "data": {"w": 1}, "seq": 30325}
{"ts": "2026-05-01T16:36:10.336363+00:00", "level": "INFO", "jobId": "cc504559-1316-4ead-9fd6-19ce5f6bd1c4", "keyword": "khai trương rộn ràng", "step": "cooldown", "message": "Cooldown 1.0s (after capture)", "data": {"w": 1}, "seq": 30326}
{"ts": "2026-05-01T16:36:11.368229+00:00", "level": "INFO", "jobId": "cc504559-1316-4ead-9fd6-19ce5f6bd1c4", "keyword": "khai trương rộn ràng", "step": "capture", "message": "Capturing posinset=52 (52/∞)…", "data": {"w": 1}, "seq": 30329}
{"ts": "2026-05-01T16:36:13.643954+00:00", "level": "INFO", "jobId": "cc504559-1316-4ead-9fd6-19ce5f6bd1c4", "keyword": "khai trương rộn ràng", "step": "capture", "message": "Saved post_052.png (posinset=52)", "data": {"w": 1}, "seq": 30333}
{"ts": "2026-05-01T16:36:13.646954+00:00", "level": "INFO", "jobId": "cc504559-1316-4ead-9fd6-19ce5f6bd1c4", "keyword": "khai trương rộn ràng", "step": "cooldown", "message": "Cooldown 1.0s (after capture)", "data": {"w": 1}, "seq": 30334}
{"ts": "2026-05-01T16:36:14.671251+00:00", "level": "INFO", "jobId": "cc504559-1316-4ead-9fd6-19ce5f6bd1c4", "keyword": "khai trương rộn ràng", "step": "capture", "message": "Capturing posinset=53 (53/∞)…", "data": {"w": 1}, "seq": 30338}
{"ts": "2026-05-01T16:36:20.000801+00:00", "level": "INFO", "jobId": "cc504559-1316-4ead-9fd6-19ce5f6bd1c4", "keyword": "khai trương rộn ràng", "step": "capture", "message": "Saved post_053.png (posinset=53)", "data": {"w": 1}, "seq": 30341}
{"ts": "2026-05-01T16:36:20.003802+00:00", "level": "INFO", "jobId": "cc504559-1316-4ead-9fd6-19ce5f6bd1c4", "keyword": "khai trương rộn ràng", "step": "cooldown", "message": "Cooldown 1.0s (after capture)", "data": {"w": 1}, "seq": 30342}
{"ts": "2026-05-01T16:36:21.041739+00:00", "level": "INFO", "jobId": "cc504559-1316-4ead-9fd6-19ce5f6bd1c4", "keyword": "khai trương rộn ràng", "step": "capture", "message": "Capturing posinset=54 (54/∞)…", "data": {"w": 1}, "seq": 30345}
{"ts": "2026-05-01T16:36:23.407480+00:00", "level": "INFO", "jobId": "cc504559-1316-4ead-9fd6-19ce5f6bd1c4", "keyword": "khai trương rộn ràng", "step": "capture", "message": "Saved post_054.png (posinset=54)", "data": {"w": 1}, "seq": 30348}
{"ts": "2026-05-01T16:36:23.407987+00:00", "level": "INFO", "jobId": "cc504559-1316-4ead-9fd6-19ce5f6bd1c4", "keyword": "khai trương rộn ràng", "step": "cooldown", "message": "Cooldown 1.0s (after capture)", "data": {"w": 1}, "seq": 30349}
{"ts": "2026-05-01T16:36:24.445016+00:00", "level": "INFO", "jobId": "cc504559-1316-4ead-9fd6-19ce5f6bd1c4", "keyword": "khai trương rộn ràng", "step": "heartbeat", "message": "Worker alive", "data": {"w": 1, "elapsed_s": 212}, "seq": 30350}
{"ts": "2026-05-01T16:36:24.447022+00:00", "level": "INFO", "jobId": "cc504559-1316-4ead-9fd6-19ce5f6bd1c4", "keyword": "khai trương rộn ràng", "step": "capture", "message": "Capturing posinset=55 (55/∞)…", "data": {"w": 1}, "seq": 30351}
{"ts": "2026-05-01T16:36:28.972791+00:00", "level": "INFO", "jobId": "cc504559-1316-4ead-9fd6-19ce5f6bd1c4", "keyword": "khai trương rộn ràng", "step": "capture", "message": "Saved post_055.png (posinset=55)", "data": {"w": 1}, "seq": 30359}
{"ts": "2026-05-01T16:36:28.973792+00:00", "level": "INFO", "jobId": "cc504559-1316-4ead-9fd6-19ce5f6bd1c4", "keyword": "khai trương rộn ràng", "step": "cooldown", "message": "Cooldown 1.0s (after capture)", "data": {"w": 1}, "seq": 30360}
{"ts": "2026-05-01T16:36:30.010791+00:00", "level": "INFO", "jobId": "cc504559-1316-4ead-9fd6-19ce5f6bd1c4", "keyword": "khai trương rộn ràng", "step": "capture", "message": "Capturing posinset=56 (56/∞)…", "data": {"w": 1}, "seq": 30361}
{"ts": "2026-05-01T16:36:31.418115+00:00", "level": "INFO", "jobId": "cc504559-1316-4ead-9fd6-19ce5f6bd1c4", "keyword": "khai trương rộn ràng", "step": "capture", "message": "Capturing posinset=56 (56/∞)…", "data": {"w": 1}, "seq": 30366}
{"ts": "2026-05-01T16:36:32.795073+00:00", "level": "INFO", "jobId": "cc504559-1316-4ead-9fd6-19ce5f6bd1c4", "keyword": "khai trương rộn ràng", "step": "capture", "message": "Capturing posinset=56 (56/∞)…", "data": {"w": 1}, "seq": 30368}
{"ts": "2026-05-01T16:36:36.511824+00:00", "level": "INFO", "jobId": "cc504559-1316-4ead-9fd6-19ce5f6bd1c4", "keyword": "khai trương rộn ràng", "step": "capture", "message": "Capturing posinset=56 (56/∞)…", "data": {"w": 1}, "seq": 30371}
{"ts": "2026-05-01T16:36:39.130737+00:00", "level": "INFO", "jobId": "cc504559-1316-4ead-9fd6-19ce5f6bd1c4", "keyword": "khai trương rộn ràng", "step": "capture", "message": "Saved post_056.png (posinset=56)", "data": {"w": 1}, "seq": 30377}
{"ts": "2026-05-01T16:36:39.132739+00:00", "level": "INFO", "jobId": "cc504559-1316-4ead-9fd6-19ce5f6bd1c4", "keyword": "khai trương rộn ràng", "step": "cooldown", "message": "Cooldown 1.0s (after capture)", "data": {"w": 1}, "seq": 30378}
{"ts": "2026-05-01T16:36:40.165233+00:00", "level": "INFO", "jobId": "cc504559-1316-4ead-9fd6-19ce5f6bd1c4", "keyword": "khai trương rộn ràng", "step": "heartbeat", "message": "Worker alive", "data": {"w": 1, "elapsed_s": 227}, "seq": 30379}
{"ts": "2026-05-01T16:36:40.165233+00:00", "level": "INFO", "jobId": "cc504559-1316-4ead-9fd6-19ce5f6bd1c4", "keyword": "khai trương rộn ràng", "step": "capture", "message": "Capturing posinset=57 (57/∞)…", "data": {"w": 1}, "seq": 30380}
{"ts": "2026-05-01T16:36:42.025174+00:00", "level": "INFO", "jobId": "cc504559-1316-4ead-9fd6-19ce5f6bd1c4", "keyword": "khai trương rộn ràng", "step": "capture", "message": "Saved post_057.png (posinset=57)", "data": {"w": 1}, "seq": 30381}
{"ts": "2026-05-01T16:36:42.026174+00:00", "level": "INFO", "jobId": "cc504559-1316-4ead-9fd6-19ce5f6bd1c4", "keyword": "khai trương rộn ràng", "step": "cooldown", "message": "Cooldown 1.0s (after capture)", "data": {"w": 1}, "seq": 30382}
{"ts": "2026-05-01T16:36:43.057307+00:00", "level": "INFO", "jobId": "cc504559-1316-4ead-9fd6-19ce5f6bd1c4", "keyword": "khai trương rộn ràng", "step": "capture", "message": "Capturing posinset=58 (58/∞)…", "data": {"w": 1}, "seq": 30383}
{"ts": "2026-05-01T16:36:45.670652+00:00", "level": "INFO", "jobId": "cc504559-1316-4ead-9fd6-19ce5f6bd1c4", "keyword": "khai trương rộn ràng", "step": "capture", "message": "Saved post_058.png (posinset=58)", "data": {"w": 1}, "seq": 30384}
{"ts": "2026-05-01T16:36:45.670652+00:00", "level": "INFO", "jobId": "cc504559-1316-4ead-9fd6-19ce5f6bd1c4", "keyword": "khai trương rộn ràng", "step": "cooldown", "message": "Cooldown 1.0s (after capture)", "data": {"w": 1}, "seq": 30385}
{"ts": "2026-05-01T16:36:46.704237+00:00", "level": "INFO", "jobId": "cc504559-1316-4ead-9fd6-19ce5f6bd1c4", "keyword": "khai trương rộn ràng", "step": "capture", "message": "Capturing posinset=59 (59/∞)…", "data": {"w": 1}, "seq": 30386}
{"ts": "2026-05-01T16:36:49.272864+00:00", "level": "INFO", "jobId": "cc504559-1316-4ead-9fd6-19ce5f6bd1c4", "keyword": "khai trương rộn ràng", "step": "capture", "message": "Saved post_059.png (posinset=59)", "data": {"w": 1}, "seq": 30387}
{"ts": "2026-05-01T16:36:49.272864+00:00", "level": "INFO", "jobId": "cc504559-1316-4ead-9fd6-19ce5f6bd1c4", "keyword": "khai trương rộn ràng", "step": "cooldown", "message": "Cooldown 1.0s (after capture)", "data": {"w": 1}, "seq": 30388}
{"ts": "2026-05-01T16:36:50.307092+00:00", "level": "INFO", "jobId": "cc504559-1316-4ead-9fd6-19ce5f6bd1c4", "keyword": "khai trương rộn ràng", "step": "capture", "message": "Capturing posinset=60 (60/∞)…", "data": {"w": 1}, "seq": 30389}
{"ts": "2026-05-01T16:36:52.587114+00:00", "level": "INFO", "jobId": "cc504559-1316-4ead-9fd6-19ce5f6bd1c4", "keyword": "khai trương rộn ràng", "step": "capture", "message": "Saved post_060.png (posinset=60)", "data": {"w": 1}, "seq": 30392}
{"ts": "2026-05-01T16:36:52.588458+00:00", "level": "INFO", "jobId": "cc504559-1316-4ead-9fd6-19ce5f6bd1c4", "keyword": "khai trương rộn ràng", "step": "cooldown", "message": "Cooldown 1.0s (after capture)", "data": {"w": 1}, "seq": 30393}
{"ts": "2026-05-01T16:36:54.415072+00:00", "level": "INFO", "jobId": "cc504559-1316-4ead-9fd6-19ce5f6bd1c4", "keyword": "khai trương rộn ràng", "step": "capture", "message": "Capturing posinset=61 (61/∞)…", "data": {"w": 1}, "seq": 30394}
{"ts": "2026-05-01T16:37:00.432053+00:00", "level": "INFO", "jobId": "cc504559-1316-4ead-9fd6-19ce5f6bd1c4", "keyword": "khai trương rộn ràng", "step": "capture", "message": "Saved post_061.png (posinset=61)", "data": {"w": 1}, "seq": 30397}
{"ts": "2026-05-01T16:37:00.434388+00:00", "level": "INFO", "jobId": "cc504559-1316-4ead-9fd6-19ce5f6bd1c4", "keyword": "khai trương rộn ràng", "step": "cooldown", "message": "Cooldown 1.0s (after capture)", "data": {"w": 1}, "seq": 30398}
{"ts": "2026-05-01T16:37:01.469412+00:00", "level": "INFO", "jobId": "cc504559-1316-4ead-9fd6-19ce5f6bd1c4", "keyword": "khai trương rộn ràng", "step": "heartbeat", "message": "Worker alive", "data": {"w": 1, "elapsed_s": 249}, "seq": 30399}
{"ts": "2026-05-01T16:37:01.470988+00:00", "level": "INFO", "jobId": "cc504559-1316-4ead-9fd6-19ce5f6bd1c4", "keyword": "khai trương rộn ràng", "step": "capture", "message": "Capturing posinset=62 (62/∞)…", "data": {"w": 1}, "seq": 30400}
{"ts": "2026-05-01T16:37:03.668016+00:00", "level": "INFO", "jobId": "cc504559-1316-4ead-9fd6-19ce5f6bd1c4", "keyword": "khai trương rộn ràng", "step": "capture", "message": "Saved post_062.png (posinset=62)", "data": {"w": 1}, "seq": 30402}
{"ts": "2026-05-01T16:37:03.671015+00:00", "level": "INFO", "jobId": "cc504559-1316-4ead-9fd6-19ce5f6bd1c4", "keyword": "khai trương rộn ràng", "step": "cooldown", "message": "Cooldown 1.0s (after capture)", "data": {"w": 1}, "seq": 30403}
{"ts": "2026-05-01T16:37:04.718176+00:00", "level": "INFO", "jobId": "cc504559-1316-4ead-9fd6-19ce5f6bd1c4", "keyword": "khai trương rộn ràng", "step": "capture", "message": "Capturing posinset=63 (63/∞)…", "data": {"w": 1}, "seq": 30408}
{"ts": "2026-05-01T16:37:07.607254+00:00", "level": "INFO", "jobId": "cc504559-1316-4ead-9fd6-19ce5f6bd1c4", "keyword": "khai trương rộn ràng", "step": "capture", "message": "Saved post_063.png (posinset=63)", "data": {"w": 1}, "seq": 30409}
{"ts": "2026-05-01T16:37:07.607254+00:00", "level": "INFO", "jobId": "cc504559-1316-4ead-9fd6-19ce5f6bd1c4", "keyword": "khai trương rộn ràng", "step": "cooldown", "message": "Cooldown 1.0s (after capture)", "data": {"w": 1}, "seq": 30410}
{"ts": "2026-05-01T16:37:08.657844+00:00", "level": "INFO", "jobId": "cc504559-1316-4ead-9fd6-19ce5f6bd1c4", "keyword": "khai trương rộn ràng", "step": "capture", "message": "Capturing posinset=64 (64/∞)…", "data": {"w": 1}, "seq": 30411}
{"ts": "2026-05-01T16:37:11.958847+00:00", "level": "INFO", "jobId": "cc504559-1316-4ead-9fd6-19ce5f6bd1c4", "keyword": "khai trương rộn ràng", "step": "capture", "message": "Saved post_064.png (posinset=64)", "data": {"w": 1}, "seq": 30412}
{"ts": "2026-05-01T16:37:11.960853+00:00", "level": "INFO", "jobId": "cc504559-1316-4ead-9fd6-19ce5f6bd1c4", "keyword": "khai trương rộn ràng", "step": "cooldown", "message": "Cooldown 1.0s (after capture)", "data": {"w": 1}, "seq": 30413}
{"ts": "2026-05-01T16:37:13.057818+00:00", "level": "INFO", "jobId": "cc504559-1316-4ead-9fd6-19ce5f6bd1c4", "keyword": "khai trương rộn ràng", "step": "capture", "message": "Capturing posinset=65 (65/∞)…", "data": {"w": 1}, "seq": 30414}
{"ts": "2026-05-01T16:37:19.246853+00:00", "level": "INFO", "jobId": "cc504559-1316-4ead-9fd6-19ce5f6bd1c4", "keyword": "khai trương rộn ràng", "step": "capture", "message": "Saved post_065.png (posinset=65)", "data": {"w": 1}, "seq": 30417}
{"ts": "2026-05-01T16:37:19.249851+00:00", "level": "INFO", "jobId": "cc504559-1316-4ead-9fd6-19ce5f6bd1c4", "keyword": "khai trương rộn ràng", "step": "cooldown", "message": "Cooldown 1.0s (after capture)", "data": {"w": 1}, "seq": 30418}
{"ts": "2026-05-01T16:37:21.026383+00:00", "level": "INFO", "jobId": "cc504559-1316-4ead-9fd6-19ce5f6bd1c4", "keyword": "khai trương rộn ràng", "step": "heartbeat", "message": "Worker alive", "data": {"w": 1, "elapsed_s": 268}, "seq": 30419}
{"ts": "2026-05-01T16:37:21.030384+00:00", "level": "INFO", "jobId": "cc504559-1316-4ead-9fd6-19ce5f6bd1c4", "keyword": "khai trương rộn ràng", "step": "capture", "message": "Capturing posinset=66 (66/∞)…", "data": {"w": 1}, "seq": 30420}
{"ts": "2026-05-01T16:37:30.104093+00:00", "level": "INFO", "jobId": "cc504559-1316-4ead-9fd6-19ce5f6bd1c4", "keyword": "khai trương rộn ràng", "step": "capture", "message": "Saved post_066.png (posinset=66)", "data": {"w": 1}, "seq": 30427}
{"ts": "2026-05-01T16:37:30.106101+00:00", "level": "INFO", "jobId": "cc504559-1316-4ead-9fd6-19ce5f6bd1c4", "keyword": "khai trương rộn ràng", "step": "cooldown", "message": "Cooldown 1.0s (after capture)", "data": {"w": 1}, "seq": 30428}
{"ts": "2026-05-01T16:37:31.398312+00:00", "level": "INFO", "jobId": "cc504559-1316-4ead-9fd6-19ce5f6bd1c4", "keyword": "khai trương rộn ràng", "step": "capture", "message": "Capturing posinset=67 (67/∞)…", "data": {"w": 1}, "seq": 30429}
{"ts": "2026-05-01T16:37:35.447568+00:00", "level": "INFO", "jobId": "cc504559-1316-4ead-9fd6-19ce5f6bd1c4", "keyword": "khai trương rộn ràng", "step": "capture", "message": "Saved post_067.png (posinset=67)", "data": {"w": 1}, "seq": 30432}
{"ts": "2026-05-01T16:37:35.449582+00:00", "level": "INFO", "jobId": "cc504559-1316-4ead-9fd6-19ce5f6bd1c4", "keyword": "khai trương rộn ràng", "step": "cooldown", "message": "Cooldown 1.0s (after capture)", "data": {"w": 1}, "seq": 30433}
{"ts": "2026-05-01T16:37:36.518243+00:00", "level": "INFO", "jobId": "cc504559-1316-4ead-9fd6-19ce5f6bd1c4", "keyword": "khai trương rộn ràng", "step": "heartbeat", "message": "Worker alive", "data": {"w": 1, "elapsed_s": 284}, "seq": 30434}
{"ts": "2026-05-01T16:37:36.520252+00:00", "level": "INFO", "jobId": "cc504559-1316-4ead-9fd6-19ce5f6bd1c4", "keyword": "khai trương rộn ràng", "step": "capture", "message": "Capturing posinset=68 (68/∞)…", "data": {"w": 1}, "seq": 30435}
{"ts": "2026-05-01T16:37:39.336874+00:00", "level": "INFO", "jobId": "cc504559-1316-4ead-9fd6-19ce5f6bd1c4", "keyword": "khai trương rộn ràng", "step": "capture", "message": "Saved post_068.png (posinset=68)", "data": {"w": 1}, "seq": 30438}
{"ts": "2026-05-01T16:37:39.338816+00:00", "level": "INFO", "jobId": "cc504559-1316-4ead-9fd6-19ce5f6bd1c4", "keyword": "khai trương rộn ràng", "step": "cooldown", "message": "Cooldown 1.0s (after capture)", "data": {"w": 1}, "seq": 30439}
{"ts": "2026-05-01T16:37:40.379576+00:00", "level": "INFO", "jobId": "cc504559-1316-4ead-9fd6-19ce5f6bd1c4", "keyword": "khai trương rộn ràng", "step": "capture", "message": "Capturing posinset=69 (69/∞)…", "data": {"w": 1}, "seq": 30441}
{"ts": "2026-05-01T16:37:42.431163+00:00", "level": "INFO", "jobId": "cc504559-1316-4ead-9fd6-19ce5f6bd1c4", "keyword": "khai trương rộn ràng", "step": "capture", "message": "Saved post_069.png (posinset=69)", "data": {"w": 1}, "seq": 30445}
{"ts": "2026-05-01T16:37:42.431163+00:00", "level": "INFO", "jobId": "cc504559-1316-4ead-9fd6-19ce5f6bd1c4", "keyword": "khai trương rộn ràng", "step": "cooldown", "message": "Cooldown 1.0s (after capture)", "data": {"w": 1}, "seq": 30446}
{"ts": "2026-05-01T16:37:43.480614+00:00", "level": "INFO", "jobId": "cc504559-1316-4ead-9fd6-19ce5f6bd1c4", "keyword": "khai trương rộn ràng", "step": "capture", "message": "Capturing posinset=70 (70/∞)…", "data": {"w": 1}, "seq": 30447}
{"ts": "2026-05-01T16:37:47.334048+00:00", "level": "INFO", "jobId": "cc504559-1316-4ead-9fd6-19ce5f6bd1c4", "keyword": "khai trương rộn ràng", "step": "capture", "message": "Saved post_070.png (posinset=70)", "data": {"w": 1}, "seq": 30453}
{"ts": "2026-05-01T16:37:47.335048+00:00", "level": "INFO", "jobId": "cc504559-1316-4ead-9fd6-19ce5f6bd1c4", "keyword": "khai trương rộn ràng", "step": "cooldown", "message": "Cooldown 1.0s (after capture)", "data": {"w": 1}, "seq": 30454}
{"ts": "2026-05-01T16:37:49.667278+00:00", "level": "INFO", "jobId": "cc504559-1316-4ead-9fd6-19ce5f6bd1c4", "keyword": "khai trương rộn ràng", "step": "capture", "message": "Capturing posinset=71 (71/∞)…", "data": {"w": 1}, "seq": 30456}
{"ts": "2026-05-01T16:37:53.079373+00:00", "level": "INFO", "jobId": "cc504559-1316-4ead-9fd6-19ce5f6bd1c4", "keyword": "khai trương rộn ràng", "step": "capture", "message": "Saved post_071.png (posinset=71)", "data": {"w": 1}, "seq": 30463}
{"ts": "2026-05-01T16:37:53.084374+00:00", "level": "INFO", "jobId": "cc504559-1316-4ead-9fd6-19ce5f6bd1c4", "keyword": "khai trương rộn ràng", "step": "cooldown", "message": "Cooldown 1.0s (after capture)", "data": {"w": 1}, "seq": 30464}
{"ts": "2026-05-01T16:37:54.141197+00:00", "level": "INFO", "jobId": "cc504559-1316-4ead-9fd6-19ce5f6bd1c4", "keyword": "khai trương rộn ràng", "step": "heartbeat", "message": "Worker alive", "data": {"w": 1, "elapsed_s": 301}, "seq": 30466}
{"ts": "2026-05-01T16:37:54.142716+00:00", "level": "INFO", "jobId": "cc504559-1316-4ead-9fd6-19ce5f6bd1c4", "keyword": "khai trương rộn ràng", "step": "capture", "message": "Capturing posinset=72 (72/∞)…", "data": {"w": 1}, "seq": 30467}
{"ts": "2026-05-01T16:37:56.643114+00:00", "level": "INFO", "jobId": "cc504559-1316-4ead-9fd6-19ce5f6bd1c4", "keyword": "khai trương rộn ràng", "step": "capture", "message": "Saved post_072.png (posinset=72)", "data": {"w": 1}, "seq": 30475}
{"ts": "2026-05-01T16:37:56.652269+00:00", "level": "INFO", "jobId": "cc504559-1316-4ead-9fd6-19ce5f6bd1c4", "keyword": "khai trương rộn ràng", "step": "cooldown", "message": "Cooldown 1.0s (after capture)", "data": {"w": 1}, "seq": 30476}
{"ts": "2026-05-01T16:37:57.686487+00:00", "level": "INFO", "jobId": "cc504559-1316-4ead-9fd6-19ce5f6bd1c4", "keyword": "khai trương rộn ràng", "step": "capture", "message": "Capturing posinset=73 (73/∞)…", "data": {"w": 1}, "seq": 30479}
{"ts": "2026-05-01T16:38:00.060453+00:00", "level": "INFO", "jobId": "cc504559-1316-4ead-9fd6-19ce5f6bd1c4", "keyword": "khai trương rộn ràng", "step": "capture", "message": "Saved post_073.png (posinset=73)", "data": {"w": 1}, "seq": 30481}
{"ts": "2026-05-01T16:38:00.065082+00:00", "level": "INFO", "jobId": "cc504559-1316-4ead-9fd6-19ce5f6bd1c4", "keyword": "khai trương rộn ràng", "step": "cooldown", "message": "Cooldown 1.0s (after capture)", "data": {"w": 1}, "seq": 30482}
{"ts": "2026-05-01T16:38:01.104818+00:00", "level": "INFO", "jobId": "cc504559-1316-4ead-9fd6-19ce5f6bd1c4", "keyword": "khai trương rộn ràng", "step": "capture", "message": "Capturing posinset=74 (74/∞)…", "data": {"w": 1}, "seq": 30485}
{"ts": "2026-05-01T16:38:03.381359+00:00", "level": "INFO", "jobId": "cc504559-1316-4ead-9fd6-19ce5f6bd1c4", "keyword": "khai trương rộn ràng", "step": "capture", "message": "Saved post_074.png (posinset=74)", "data": {"w": 1}, "seq": 30489}
{"ts": "2026-05-01T16:38:03.382359+00:00", "level": "INFO", "jobId": "cc504559-1316-4ead-9fd6-19ce5f6bd1c4", "keyword": "khai trương rộn ràng", "step": "cooldown", "message": "Cooldown 1.0s (after capture)", "data": {"w": 1}, "seq": 30490}
{"ts": "2026-05-01T16:38:05.249091+00:00", "level": "INFO", "jobId": "cc504559-1316-4ead-9fd6-19ce5f6bd1c4", "keyword": "khai trương rộn ràng", "step": "capture", "message": "Capturing posinset=75 (75/∞)…", "data": {"w": 1}, "seq": 30492}
{"ts": "2026-05-01T16:38:10.780406+00:00", "level": "INFO", "jobId": "cc504559-1316-4ead-9fd6-19ce5f6bd1c4", "keyword": "khai trương rộn ràng", "step": "capture", "message": "Saved post_075.png (posinset=75)", "data": {"w": 1}, "seq": 30497}
{"ts": "2026-05-01T16:38:10.780406+00:00", "level": "INFO", "jobId": "cc504559-1316-4ead-9fd6-19ce5f6bd1c4", "keyword": "khai trương rộn ràng", "step": "cooldown", "message": "Cooldown 1.0s (after capture)", "data": {"w": 1}, "seq": 30498}
{"ts": "2026-05-01T16:38:11.821802+00:00", "level": "INFO", "jobId": "cc504559-1316-4ead-9fd6-19ce5f6bd1c4", "keyword": "khai trương rộn ràng", "step": "heartbeat", "message": "Worker alive", "data": {"w": 1, "elapsed_s": 319}, "seq": 30501}
{"ts": "2026-05-01T16:38:11.823803+00:00", "level": "INFO", "jobId": "cc504559-1316-4ead-9fd6-19ce5f6bd1c4", "keyword": "khai trương rộn ràng", "step": "capture", "message": "Capturing posinset=76 (76/∞)…", "data": {"w": 1}, "seq": 30502}
{"ts": "2026-05-01T16:38:14.293420+00:00", "level": "INFO", "jobId": "cc504559-1316-4ead-9fd6-19ce5f6bd1c4", "keyword": "khai trương rộn ràng", "step": "capture", "message": "Saved post_076.png (posinset=76)", "data": {"w": 1}, "seq": 30510}
{"ts": "2026-05-01T16:38:14.294612+00:00", "level": "INFO", "jobId": "cc504559-1316-4ead-9fd6-19ce5f6bd1c4", "keyword": "khai trương rộn ràng", "step": "cooldown", "message": "Cooldown 1.0s (after capture)", "data": {"w": 1}, "seq": 30511}
{"ts": "2026-05-01T16:38:15.328024+00:00", "level": "INFO", "jobId": "cc504559-1316-4ead-9fd6-19ce5f6bd1c4", "keyword": "khai trương rộn ràng", "step": "capture", "message": "Capturing posinset=77 (77/∞)…", "data": {"w": 1}, "seq": 30513}
{"ts": "2026-05-01T16:38:17.479114+00:00", "level": "INFO", "jobId": "cc504559-1316-4ead-9fd6-19ce5f6bd1c4", "keyword": "khai trương rộn ràng", "step": "capture", "message": "Saved post_077.png (posinset=77)", "data": {"w": 1}, "seq": 30517}
{"ts": "2026-05-01T16:38:17.485023+00:00", "level": "INFO", "jobId": "cc504559-1316-4ead-9fd6-19ce5f6bd1c4", "keyword": "khai trương rộn ràng", "step": "cooldown", "message": "Cooldown 1.0s (after capture)", "data": {"w": 1}, "seq": 30518}
{"ts": "2026-05-01T16:38:18.539754+00:00", "level": "INFO", "jobId": "cc504559-1316-4ead-9fd6-19ce5f6bd1c4", "keyword": "khai trương rộn ràng", "step": "capture", "message": "Capturing posinset=78 (78/∞)…", "data": {"w": 1}, "seq": 30519}
{"ts": "2026-05-01T16:38:21.511647+00:00", "level": "INFO", "jobId": "cc504559-1316-4ead-9fd6-19ce5f6bd1c4", "keyword": "khai trương rộn ràng", "step": "capture", "message": "Saved post_078.png (posinset=78)", "data": {"w": 1}, "seq": 30523}
{"ts": "2026-05-01T16:38:21.514647+00:00", "level": "INFO", "jobId": "cc504559-1316-4ead-9fd6-19ce5f6bd1c4", "keyword": "khai trương rộn ràng", "step": "cooldown", "message": "Cooldown 1.0s (after capture)", "data": {"w": 1}, "seq": 30524}
{"ts": "2026-05-01T16:38:22.581916+00:00", "level": "INFO", "jobId": "cc504559-1316-4ead-9fd6-19ce5f6bd1c4", "keyword": "khai trương rộn ràng", "step": "capture", "message": "Capturing posinset=79 (79/∞)…", "data": {"w": 1}, "seq": 30527}
{"ts": "2026-05-01T16:38:26.997010+00:00", "level": "INFO", "jobId": "cc504559-1316-4ead-9fd6-19ce5f6bd1c4", "keyword": "khai trương rộn ràng", "step": "capture", "message": "Saved post_079.png (posinset=79)", "data": {"w": 1}, "seq": 30533}
{"ts": "2026-05-01T16:38:27.000507+00:00", "level": "INFO", "jobId": "cc504559-1316-4ead-9fd6-19ce5f6bd1c4", "keyword": "khai trương rộn ràng", "step": "cooldown", "message": "Cooldown 1.0s (after capture)", "data": {"w": 1}, "seq": 30534}
{"ts": "2026-05-01T16:38:28.057308+00:00", "level": "INFO", "jobId": "cc504559-1316-4ead-9fd6-19ce5f6bd1c4", "keyword": "khai trương rộn ràng", "step": "heartbeat", "message": "Worker alive", "data": {"w": 1, "elapsed_s": 335}, "seq": 30537}
{"ts": "2026-05-01T16:38:28.058307+00:00", "level": "INFO", "jobId": "cc504559-1316-4ead-9fd6-19ce5f6bd1c4", "keyword": "khai trương rộn ràng", "step": "capture", "message": "Capturing posinset=80 (80/∞)…", "data": {"w": 1}, "seq": 30538}
{"ts": "2026-05-01T16:38:30.891640+00:00", "level": "INFO", "jobId": "cc504559-1316-4ead-9fd6-19ce5f6bd1c4", "keyword": "khai trương rộn ràng", "step": "capture", "message": "Saved post_080.png (posinset=80)", "data": {"w": 1}, "seq": 30542}
{"ts": "2026-05-01T16:38:30.893696+00:00", "level": "INFO", "jobId": "cc504559-1316-4ead-9fd6-19ce5f6bd1c4", "keyword": "khai trương rộn ràng", "step": "cooldown", "message": "Cooldown 1.0s (after capture)", "data": {"w": 1}, "seq": 30543}
{"ts": "2026-05-01T16:38:34.076702+00:00", "level": "INFO", "jobId": "cc504559-1316-4ead-9fd6-19ce5f6bd1c4", "keyword": "khai trương rộn ràng", "step": "capture", "message": "Capturing posinset=81 (81/∞)…", "data": {"w": 1}, "seq": 30548}
{"ts": "2026-05-01T16:38:41.616274+00:00", "level": "INFO", "jobId": "cc504559-1316-4ead-9fd6-19ce5f6bd1c4", "keyword": "khai trương rộn ràng", "step": "capture", "message": "Saved post_081.png (posinset=81)", "data": {"w": 1}, "seq": 30562}
{"ts": "2026-05-01T16:38:41.618575+00:00", "level": "INFO", "jobId": "cc504559-1316-4ead-9fd6-19ce5f6bd1c4", "keyword": "khai trương rộn ràng", "step": "cooldown", "message": "Cooldown 1.0s (after capture)", "data": {"w": 1}, "seq": 30563}
{"ts": "2026-05-01T16:38:42.671203+00:00", "level": "INFO", "jobId": "cc504559-1316-4ead-9fd6-19ce5f6bd1c4", "keyword": "khai trương rộn ràng", "step": "capture", "message": "Capturing posinset=82 (82/∞)…", "data": {"w": 1}, "seq": 30566}
{"ts": "2026-05-01T16:38:44.925691+00:00", "level": "INFO", "jobId": "cc504559-1316-4ead-9fd6-19ce5f6bd1c4", "keyword": "khai trương rộn ràng", "step": "capture", "message": "Saved post_082.png (posinset=82)", "data": {"w": 1}, "seq": 30570}
{"ts": "2026-05-01T16:38:44.927770+00:00", "level": "INFO", "jobId": "cc504559-1316-4ead-9fd6-19ce5f6bd1c4", "keyword": "khai trương rộn ràng", "step": "cooldown", "message": "Cooldown 1.0s (after capture)", "data": {"w": 1}, "seq": 30571}
{"ts": "2026-05-01T16:38:45.975417+00:00", "level": "INFO", "jobId": "cc504559-1316-4ead-9fd6-19ce5f6bd1c4", "keyword": "khai trương rộn ràng", "step": "heartbeat", "message": "Worker alive", "data": {"w": 1, "elapsed_s": 353}, "seq": 30574}
{"ts": "2026-05-01T16:38:45.989159+00:00", "level": "INFO", "jobId": "cc504559-1316-4ead-9fd6-19ce5f6bd1c4", "keyword": "khai trương rộn ràng", "step": "capture", "message": "Capturing posinset=83 (83/∞)…", "data": {"w": 1}, "seq": 30575}
{"ts": "2026-05-01T16:38:48.727533+00:00", "level": "INFO", "jobId": "cc504559-1316-4ead-9fd6-19ce5f6bd1c4", "keyword": "khai trương rộn ràng", "step": "capture", "message": "Saved post_083.png (posinset=83)", "data": {"w": 1}, "seq": 30579}
{"ts": "2026-05-01T16:38:48.732398+00:00", "level": "INFO", "jobId": "cc504559-1316-4ead-9fd6-19ce5f6bd1c4", "keyword": "khai trương rộn ràng", "step": "cooldown", "message": "Cooldown 1.0s (after capture)", "data": {"w": 1}, "seq": 30580}
{"ts": "2026-05-01T16:38:49.783963+00:00", "level": "INFO", "jobId": "cc504559-1316-4ead-9fd6-19ce5f6bd1c4", "keyword": "khai trương rộn ràng", "step": "capture", "message": "Capturing posinset=84 (84/∞)…", "data": {"w": 1}, "seq": 30582}
{"ts": "2026-05-01T16:38:53.105707+00:00", "level": "INFO", "jobId": "cc504559-1316-4ead-9fd6-19ce5f6bd1c4", "keyword": "khai trương rộn ràng", "step": "capture", "message": "Saved post_084.png (posinset=84)", "data": {"w": 1}, "seq": 30588}
{"ts": "2026-05-01T16:38:53.106723+00:00", "level": "INFO", "jobId": "cc504559-1316-4ead-9fd6-19ce5f6bd1c4", "keyword": "khai trương rộn ràng", "step": "cooldown", "message": "Cooldown 1.0s (after capture)", "data": {"w": 1}, "seq": 30589}
{"ts": "2026-05-01T16:38:54.153038+00:00", "level": "INFO", "jobId": "cc504559-1316-4ead-9fd6-19ce5f6bd1c4", "keyword": "khai trương rộn ràng", "step": "capture", "message": "Capturing posinset=85 (85/∞)…", "data": {"w": 1}, "seq": 30592}
{"ts": "2026-05-01T16:38:59.355760+00:00", "level": "INFO", "jobId": "cc504559-1316-4ead-9fd6-19ce5f6bd1c4", "keyword": "khai trương rộn ràng", "step": "capture", "message": "Saved post_085.png (posinset=85)", "data": {"w": 1}, "seq": 30600}
{"ts": "2026-05-01T16:38:59.357926+00:00", "level": "INFO", "jobId": "cc504559-1316-4ead-9fd6-19ce5f6bd1c4", "keyword": "khai trương rộn ràng", "step": "cooldown", "message": "Cooldown 1.0s (after capture)", "data": {"w": 1}, "seq": 30601}
{"ts": "2026-05-01T16:39:00.394042+00:00", "level": "INFO", "jobId": "cc504559-1316-4ead-9fd6-19ce5f6bd1c4", "keyword": "khai trương rộn ràng", "step": "capture", "message": "Capturing posinset=86 (86/∞)…", "data": {"w": 1}, "seq": 30604}
{"ts": "2026-05-01T16:39:03.485273+00:00", "level": "INFO", "jobId": "cc504559-1316-4ead-9fd6-19ce5f6bd1c4", "keyword": "khai trương rộn ràng", "step": "capture", "message": "Saved post_086.png (posinset=86)", "data": {"w": 1}, "seq": 30615}
{"ts": "2026-05-01T16:39:03.487454+00:00", "level": "INFO", "jobId": "cc504559-1316-4ead-9fd6-19ce5f6bd1c4", "keyword": "khai trương rộn ràng", "step": "cooldown", "message": "Cooldown 1.0s (after capture)", "data": {"w": 1}, "seq": 30616}
{"ts": "2026-05-01T16:39:04.546979+00:00", "level": "INFO", "jobId": "cc504559-1316-4ead-9fd6-19ce5f6bd1c4", "keyword": "khai trương rộn ràng", "step": "heartbeat", "message": "Worker alive", "data": {"w": 1, "elapsed_s": 372}, "seq": 30617}
{"ts": "2026-05-01T16:39:04.549251+00:00", "level": "INFO", "jobId": "cc504559-1316-4ead-9fd6-19ce5f6bd1c4", "keyword": "khai trương rộn ràng", "step": "capture", "message": "Capturing posinset=87 (87/∞)…", "data": {"w": 1}, "seq": 30618}
{"ts": "2026-05-01T16:39:07.406381+00:00", "level": "INFO", "jobId": "cc504559-1316-4ead-9fd6-19ce5f6bd1c4", "keyword": "khai trương rộn ràng", "step": "capture", "message": "Saved post_087.png (posinset=87)", "data": {"w": 1}, "seq": 30622}
{"ts": "2026-05-01T16:39:07.407381+00:00", "level": "INFO", "jobId": "cc504559-1316-4ead-9fd6-19ce5f6bd1c4", "keyword": "khai trương rộn ràng", "step": "cooldown", "message": "Cooldown 1.0s (after capture)", "data": {"w": 1}, "seq": 30623}
{"ts": "2026-05-01T16:39:08.441603+00:00", "level": "INFO", "jobId": "cc504559-1316-4ead-9fd6-19ce5f6bd1c4", "keyword": "khai trương rộn ràng", "step": "capture", "message": "Capturing posinset=88 (88/∞)…", "data": {"w": 1}, "seq": 30626}
{"ts": "2026-05-01T16:39:10.120554+00:00", "level": "INFO", "jobId": "cc504559-1316-4ead-9fd6-19ce5f6bd1c4", "keyword": "khai trương rộn ràng", "step": "capture", "message": "Capturing posinset=88 (88/∞)…", "data": {"w": 1}, "seq": 30628}
{"ts": "2026-05-01T16:39:11.616107+00:00", "level": "INFO", "jobId": "cc504559-1316-4ead-9fd6-19ce5f6bd1c4", "keyword": "khai trương rộn ràng", "step": "capture", "message": "Capturing posinset=88 (88/∞)…", "data": {"w": 1}, "seq": 30631}
{"ts": "2026-05-01T16:39:13.104062+00:00", "level": "INFO", "jobId": "cc504559-1316-4ead-9fd6-19ce5f6bd1c4", "keyword": "khai trương rộn ràng", "step": "capture", "message": "Capturing posinset=88 (88/∞)…", "data": {"w": 1}, "seq": 30633}
{"ts": "2026-05-01T16:39:14.809814+00:00", "level": "INFO", "jobId": "cc504559-1316-4ead-9fd6-19ce5f6bd1c4", "keyword": "khai trương rộn ràng", "step": "capture", "message": "Capturing posinset=88 (88/∞)…", "data": {"w": 1}, "seq": 30638}
{"ts": "2026-05-01T16:39:16.208707+00:00", "level": "INFO", "jobId": "cc504559-1316-4ead-9fd6-19ce5f6bd1c4", "keyword": "khai trương rộn ràng", "step": "capture", "message": "Capturing posinset=88 (88/∞)…", "data": {"w": 1}, "seq": 30644}
{"ts": "2026-05-01T16:39:17.663830+00:00", "level": "INFO", "jobId": "cc504559-1316-4ead-9fd6-19ce5f6bd1c4", "keyword": "khai trương rộn ràng", "step": "capture", "message": "Capturing posinset=88 (88/∞)…", "data": {"w": 1}, "seq": 30646}
{"ts": "2026-05-01T16:39:29.440792+00:00", "level": "INFO", "jobId": "cc504559-1316-4ead-9fd6-19ce5f6bd1c4", "keyword": "khai trương rộn ràng", "step": "heartbeat", "message": "Worker alive", "data": {"w": 1, "elapsed_s": 397}, "seq": 30661}
{"ts": "2026-05-01T16:39:29.441631+00:00", "level": "INFO", "jobId": "cc504559-1316-4ead-9fd6-19ce5f6bd1c4", "keyword": "khai trương rộn ràng", "step": "capture", "message": "Capturing posinset=88 (88/∞)…", "data": {"w": 1}, "seq": 30662}
{"ts": "2026-05-01T16:39:42.083078+00:00", "level": "INFO", "jobId": "cc504559-1316-4ead-9fd6-19ce5f6bd1c4", "keyword": "khai trương rộn ràng", "step": "capture", "message": "Capturing posinset=88 (88/∞)…", "data": {"w": 1}, "seq": 30677}
{"ts": "2026-05-01T16:39:43.705399+00:00", "level": "INFO", "jobId": "cc504559-1316-4ead-9fd6-19ce5f6bd1c4", "keyword": "khai trương rộn ràng", "step": "capture", "message": "Reached end of results (maxPos=87). Stopping capture loop.", "data": {"w": 1}, "seq": 30682}
{"ts": "2026-05-01T16:39:43.739848+00:00", "level": "INFO", "jobId": "cc504559-1316-4ead-9fd6-19ce5f6bd1c4", "keyword": "khai trương rộn ràng", "step": "capture", "message": "Capture loop finished (unlimited). Saved=87", "data": {"w": 1}, "seq": 30683}
{"ts": "2026-05-01T16:39:43.742024+00:00", "level": "INFO", "jobId": "cc504559-1316-4ead-9fd6-19ce5f6bd1c4", "keyword": "khai trương rộn ràng", "step": "done", "message": "Completed. Saved=87", "data": {"w": 1}, "seq": 30684}
