{"ts": "2026-05-01T15:51:32.203629+00:00", "level": "INFO", "jobId": "d06b3dad-ac1e-40ba-aff4-a21335a77903", "keyword": "khai trương bùng nổ", "step": "created", "message": "Job created", "data": {"maxPosts": "unlimited"}, "seq": 25539}
{"ts": "2026-05-01T16:29:30.371170+00:00", "level": "INFO", "jobId": "d06b3dad-ac1e-40ba-aff4-a21335a77903", "keyword": "khai trương bùng nổ", "step": "start", "message": "Job started (attempt 1/1)", "data": {"w": 0}, "seq": 29731}
{"ts": "2026-05-01T16:29:41.031520+00:00", "level": "INFO", "jobId": "d06b3dad-ac1e-40ba-aff4-a21335a77903", "keyword": "khai trương bùng nổ", "step": "login", "message": "Already logged in (home).", "data": {"w": 0}, "seq": 29736}
{"ts": "2026-05-01T16:29:41.043364+00:00", "level": "INFO", "jobId": "d06b3dad-ac1e-40ba-aff4-a21335a77903", "keyword": "khai trương bùng nổ", "step": "search", "message": "Searching keyword: \"khai trương bùng nổ\"", "data": {"w": 0}, "seq": 29737}
{"ts": "2026-05-01T16:29:52.912123+00:00", "level": "INFO", "jobId": "d06b3dad-ac1e-40ba-aff4-a21335a77903", "keyword": "khai trương bùng nổ", "step": "capture", "message": "Start capturing all posts until end of results.", "data": {"w": 0}, "seq": 29746}
{"ts": "2026-05-01T16:29:52.914131+00:00", "level": "INFO", "jobId": "d06b3dad-ac1e-40ba-aff4-a21335a77903", "keyword": "khai trương bùng nổ", "step": "capture", "message": "Output folder: Lan 1 - 2329", "data": {"w": 0}, "seq": 29747}
{"ts": "2026-05-01T16:29:59.900420+00:00", "level": "INFO", "jobId": "d06b3dad-ac1e-40ba-aff4-a21335a77903", "keyword": "khai trương bùng nổ", "step": "capture", "message": "Capturing posinset=1 (1/∞)…", "data": {"w": 0}, "seq": 29750}
{"ts": "2026-05-01T16:30:03.507209+00:00", "level": "INFO", "jobId": "d06b3dad-ac1e-40ba-aff4-a21335a77903", "keyword": "khai trương bùng nổ", "step": "capture", "message": "Saved post_001.png (posinset=1)", "data": {"w": 0}, "seq": 29754}
{"ts": "2026-05-01T16:30:03.509209+00:00", "level": "INFO", "jobId": "d06b3dad-ac1e-40ba-aff4-a21335a77903", "keyword": "khai trương bùng nổ", "step": "cooldown", "message": "Cooldown 1.0s (after capture)", "data": {"w": 0}, "seq": 29755}
{"ts": "2026-05-01T16:30:04.565420+00:00", "level": "INFO", "jobId": "d06b3dad-ac1e-40ba-aff4-a21335a77903", "keyword": "khai trương bùng nổ", "step": "capture", "message": "Capturing posinset=2 (2/∞)…", "data": {"w": 0}, "seq": 29756}
{"ts": "2026-05-01T16:30:05.935679+00:00", "level": "INFO", "jobId": "d06b3dad-ac1e-40ba-aff4-a21335a77903", "keyword": "khai trương bùng nổ", "step": "capture", "message": "Saved post_002.png (posinset=2)", "data": {"w": 0}, "seq": 29759}
{"ts": "2026-05-01T16:30:05.938573+00:00", "level": "INFO", "jobId": "d06b3dad-ac1e-40ba-aff4-a21335a77903", "keyword": "khai trương bùng nổ", "step": "cooldown", "message": "Cooldown 1.0s (after capture)", "data": {"w": 0}, "seq": 29760}
{"ts": "2026-05-01T16:30:06.962951+00:00", "level": "INFO", "jobId": "d06b3dad-ac1e-40ba-aff4-a21335a77903", "keyword": "khai trương bùng nổ", "step": "capture", "message": "Capturing posinset=3 (3/∞)…", "data": {"w": 0}, "seq": 29763}
{"ts": "2026-05-01T16:30:08.355795+00:00", "level": "INFO", "jobId": "d06b3dad-ac1e-40ba-aff4-a21335a77903", "keyword": "khai trương bùng nổ", "step": "capture", "message": "Saved post_003.png (posinset=3)", "data": {"w": 0}, "seq": 29764}
{"ts": "2026-05-01T16:30:08.355795+00:00", "level": "INFO", "jobId": "d06b3dad-ac1e-40ba-aff4-a21335a77903", "keyword": "khai trương bùng nổ", "step": "cooldown", "message": "Cooldown 1.0s (after capture)", "data": {"w": 0}, "seq": 29765}
{"ts": "2026-05-01T16:30:09.369702+00:00", "level": "INFO", "jobId": "d06b3dad-ac1e-40ba-aff4-a21335a77903", "keyword": "khai trương bùng nổ", "step": "capture", "message": "Capturing posinset=4 (4/∞)…", "data": {"w": 0}, "seq": 29766}
{"ts": "2026-05-01T16:30:11.009977+00:00", "level": "INFO", "jobId": "d06b3dad-ac1e-40ba-aff4-a21335a77903", "keyword": "khai trương bùng nổ", "step": "capture", "message": "Saved post_004.png (posinset=4)", "data": {"w": 0}, "seq": 29771}
{"ts": "2026-05-01T16:30:11.010977+00:00", "level": "INFO", "jobId": "d06b3dad-ac1e-40ba-aff4-a21335a77903", "keyword": "khai trương bùng nổ", "step": "cooldown", "message": "Cooldown 1.0s (after capture)", "data": {"w": 0}, "seq": 29772}
{"ts": "2026-05-01T16:30:12.020774+00:00", "level": "INFO", "jobId": "d06b3dad-ac1e-40ba-aff4-a21335a77903", "keyword": "khai trương bùng nổ", "step": "capture", "message": "Capturing posinset=5 (5/∞)…", "data": {"w": 0}, "seq": 29775}
{"ts": "2026-05-01T16:30:13.215521+00:00", "level": "INFO", "jobId": "d06b3dad-ac1e-40ba-aff4-a21335a77903", "keyword": "khai trương bùng nổ", "step": "capture", "message": "Saved post_005.png (posinset=5)", "data": {"w": 0}, "seq": 29777}
{"ts": "2026-05-01T16:30:13.217446+00:00", "level": "INFO", "jobId": "d06b3dad-ac1e-40ba-aff4-a21335a77903", "keyword": "khai trương bùng nổ", "step": "cooldown", "message": "Cooldown 1.0s (after capture)", "data": {"w": 0}, "seq": 29778}
{"ts": "2026-05-01T16:30:14.245476+00:00", "level": "INFO", "jobId": "d06b3dad-ac1e-40ba-aff4-a21335a77903", "keyword": "khai trương bùng nổ", "step": "heartbeat", "message": "Worker alive", "data": {"w": 0, "elapsed_s": 43}, "seq": 29779}
{"ts": "2026-05-01T16:30:14.257116+00:00", "level": "INFO", "jobId": "d06b3dad-ac1e-40ba-aff4-a21335a77903", "keyword": "khai trương bùng nổ", "step": "capture", "message": "Capturing posinset=6 (6/∞)…", "data": {"w": 0}, "seq": 29780}
{"ts": "2026-05-01T16:30:16.151984+00:00", "level": "INFO", "jobId": "d06b3dad-ac1e-40ba-aff4-a21335a77903", "keyword": "khai trương bùng nổ", "step": "capture", "message": "Saved post_006.png (posinset=6)", "data": {"w": 0}, "seq": 29781}
{"ts": "2026-05-01T16:30:16.153979+00:00", "level": "INFO", "jobId": "d06b3dad-ac1e-40ba-aff4-a21335a77903", "keyword": "khai trương bùng nổ", "step": "cooldown", "message": "Cooldown 1.0s (after capture)", "data": {"w": 0}, "seq": 29782}
{"ts": "2026-05-01T16:30:17.183288+00:00", "level": "INFO", "jobId": "d06b3dad-ac1e-40ba-aff4-a21335a77903", "keyword": "khai trương bùng nổ", "step": "capture", "message": "Capturing posinset=7 (7/∞)…", "data": {"w": 0}, "seq": 29783}
{"ts": "2026-05-01T16:30:19.138356+00:00", "level": "INFO", "jobId": "d06b3dad-ac1e-40ba-aff4-a21335a77903", "keyword": "khai trương bùng nổ", "step": "capture", "message": "Saved post_007.png (posinset=7)", "data": {"w": 0}, "seq": 29784}
{"ts": "2026-05-01T16:30:19.140364+00:00", "level": "INFO", "jobId": "d06b3dad-ac1e-40ba-aff4-a21335a77903", "keyword": "khai trương bùng nổ", "step": "cooldown", "message": "Cooldown 1.0s (after capture)", "data": {"w": 0}, "seq": 29785}
{"ts": "2026-05-01T16:30:20.158330+00:00", "level": "INFO", "jobId": "d06b3dad-ac1e-40ba-aff4-a21335a77903", "keyword": "khai trương bùng nổ", "step": "capture", "message": "Capturing posinset=8 (8/∞)…", "data": {"w": 0}, "seq": 29786}
{"ts": "2026-05-01T16:30:21.712775+00:00", "level": "INFO", "jobId": "d06b3dad-ac1e-40ba-aff4-a21335a77903", "keyword": "khai trương bùng nổ", "step": "capture", "message": "Saved post_008.png (posinset=8)", "data": {"w": 0}, "seq": 29787}
{"ts": "2026-05-01T16:30:21.714855+00:00", "level": "INFO", "jobId": "d06b3dad-ac1e-40ba-aff4-a21335a77903", "keyword": "khai trương bùng nổ", "step": "cooldown", "message": "Cooldown 1.0s (after capture)", "data": {"w": 0}, "seq": 29788}
{"ts": "2026-05-01T16:30:22.743146+00:00", "level": "INFO", "jobId": "d06b3dad-ac1e-40ba-aff4-a21335a77903", "keyword": "khai trương bùng nổ", "step": "capture", "message": "Capturing posinset=9 (9/∞)…", "data": {"w": 0}, "seq": 29789}
{"ts": "2026-05-01T16:30:24.054363+00:00", "level": "INFO", "jobId": "d06b3dad-ac1e-40ba-aff4-a21335a77903", "keyword": "khai trương bùng nổ", "step": "capture", "message": "Saved post_009.png (posinset=9)", "data": {"w": 0}, "seq": 29792}
{"ts": "2026-05-01T16:30:24.064694+00:00", "level": "INFO", "jobId": "d06b3dad-ac1e-40ba-aff4-a21335a77903", "keyword": "khai trương bùng nổ", "step": "cooldown", "message": "Cooldown 1.0s (after capture)", "data": {"w": 0}, "seq": 29793}
{"ts": "2026-05-01T16:30:25.575500+00:00", "level": "INFO", "jobId": "d06b3dad-ac1e-40ba-aff4-a21335a77903", "keyword": "khai trương bùng nổ", "step": "capture", "message": "Capturing posinset=10 (10/∞)…", "data": {"w": 0}, "seq": 29796}
{"ts": "2026-05-01T16:30:29.381469+00:00", "level": "INFO", "jobId": "d06b3dad-ac1e-40ba-aff4-a21335a77903", "keyword": "khai trương bùng nổ", "step": "capture", "message": "Saved post_010.png (posinset=10)", "data": {"w": 0}, "seq": 29801}
{"ts": "2026-05-01T16:30:29.383480+00:00", "level": "INFO", "jobId": "d06b3dad-ac1e-40ba-aff4-a21335a77903", "keyword": "khai trương bùng nổ", "step": "cooldown", "message": "Cooldown 1.0s (after capture)", "data": {"w": 0}, "seq": 29802}
{"ts": "2026-05-01T16:30:30.422924+00:00", "level": "INFO", "jobId": "d06b3dad-ac1e-40ba-aff4-a21335a77903", "keyword": "khai trương bùng nổ", "step": "heartbeat", "message": "Worker alive", "data": {"w": 0, "elapsed_s": 60}, "seq": 29803}
{"ts": "2026-05-01T16:30:30.424931+00:00", "level": "INFO", "jobId": "d06b3dad-ac1e-40ba-aff4-a21335a77903", "keyword": "khai trương bùng nổ", "step": "capture", "message": "Capturing posinset=11 (11/∞)…", "data": {"w": 0}, "seq": 29804}
{"ts": "2026-05-01T16:30:32.684255+00:00", "level": "INFO", "jobId": "d06b3dad-ac1e-40ba-aff4-a21335a77903", "keyword": "khai trương bùng nổ", "step": "capture", "message": "Saved post_011.png (posinset=11)", "data": {"w": 0}, "seq": 29805}
{"ts": "2026-05-01T16:30:32.689252+00:00", "level": "INFO", "jobId": "d06b3dad-ac1e-40ba-aff4-a21335a77903", "keyword": "khai trương bùng nổ", "step": "cooldown", "message": "Cooldown 1.0s (after capture)", "data": {"w": 0}, "seq": 29806}
{"ts": "2026-05-01T16:30:33.719484+00:00", "level": "INFO", "jobId": "d06b3dad-ac1e-40ba-aff4-a21335a77903", "keyword": "khai trương bùng nổ", "step": "capture", "message": "Capturing posinset=12 (12/∞)…", "data": {"w": 0}, "seq": 29807}
{"ts": "2026-05-01T16:30:35.982635+00:00", "level": "INFO", "jobId": "d06b3dad-ac1e-40ba-aff4-a21335a77903", "keyword": "khai trương bùng nổ", "step": "capture", "message": "Saved post_012.png (posinset=12)", "data": {"w": 0}, "seq": 29810}
{"ts": "2026-05-01T16:30:35.983956+00:00", "level": "INFO", "jobId": "d06b3dad-ac1e-40ba-aff4-a21335a77903", "keyword": "khai trương bùng nổ", "step": "cooldown", "message": "Cooldown 1.0s (after capture)", "data": {"w": 0}, "seq": 29811}
{"ts": "2026-05-01T16:30:37.021101+00:00", "level": "INFO", "jobId": "d06b3dad-ac1e-40ba-aff4-a21335a77903", "keyword": "khai trương bùng nổ", "step": "capture", "message": "Capturing posinset=13 (13/∞)…", "data": {"w": 0}, "seq": 29813}
{"ts": "2026-05-01T16:30:38.897161+00:00", "level": "INFO", "jobId": "d06b3dad-ac1e-40ba-aff4-a21335a77903", "keyword": "khai trương bùng nổ", "step": "capture", "message": "Saved post_013.png (posinset=13)", "data": {"w": 0}, "seq": 29814}
{"ts": "2026-05-01T16:30:38.898161+00:00", "level": "INFO", "jobId": "d06b3dad-ac1e-40ba-aff4-a21335a77903", "keyword": "khai trương bùng nổ", "step": "cooldown", "message": "Cooldown 1.0s (after capture)", "data": {"w": 0}, "seq": 29815}
{"ts": "2026-05-01T16:30:40.704857+00:00", "level": "INFO", "jobId": "d06b3dad-ac1e-40ba-aff4-a21335a77903", "keyword": "khai trương bùng nổ", "step": "capture", "message": "Capturing posinset=14 (14/∞)…", "data": {"w": 0}, "seq": 29818}
{"ts": "2026-05-01T16:30:43.633900+00:00", "level": "INFO", "jobId": "d06b3dad-ac1e-40ba-aff4-a21335a77903", "keyword": "khai trương bùng nổ", "step": "capture", "message": "Saved post_014.png (posinset=14)", "data": {"w": 0}, "seq": 29821}
{"ts": "2026-05-01T16:30:43.635088+00:00", "level": "INFO", "jobId": "d06b3dad-ac1e-40ba-aff4-a21335a77903", "keyword": "khai trương bùng nổ", "step": "cooldown", "message": "Cooldown 1.0s (after capture)", "data": {"w": 0}, "seq": 29822}
{"ts": "2026-05-01T16:30:44.655379+00:00", "level": "INFO", "jobId": "d06b3dad-ac1e-40ba-aff4-a21335a77903", "keyword": "khai trương bùng nổ", "step": "capture", "message": "Capturing posinset=15 (15/∞)…", "data": {"w": 0}, "seq": 29823}
{"ts": "2026-05-01T16:30:46.260533+00:00", "level": "INFO", "jobId": "d06b3dad-ac1e-40ba-aff4-a21335a77903", "keyword": "khai trương bùng nổ", "step": "capture", "message": "Saved post_015.png (posinset=15)", "data": {"w": 0}, "seq": 29824}
{"ts": "2026-05-01T16:30:46.272107+00:00", "level": "INFO", "jobId": "d06b3dad-ac1e-40ba-aff4-a21335a77903", "keyword": "khai trương bùng nổ", "step": "cooldown", "message": "Cooldown 1.0s (after capture)", "data": {"w": 0}, "seq": 29825}
{"ts": "2026-05-01T16:30:47.292160+00:00", "level": "INFO", "jobId": "d06b3dad-ac1e-40ba-aff4-a21335a77903", "keyword": "khai trương bùng nổ", "step": "heartbeat", "message": "Worker alive", "data": {"w": 0, "elapsed_s": 76}, "seq": 29828}
{"ts": "2026-05-01T16:30:47.294165+00:00", "level": "INFO", "jobId": "d06b3dad-ac1e-40ba-aff4-a21335a77903", "keyword": "khai trương bùng nổ", "step": "capture", "message": "Capturing posinset=16 (16/∞)…", "data": {"w": 0}, "seq": 29829}
{"ts": "2026-05-01T16:30:48.638859+00:00", "level": "INFO", "jobId": "d06b3dad-ac1e-40ba-aff4-a21335a77903", "keyword": "khai trương bùng nổ", "step": "capture", "message": "Saved post_016.png (posinset=16)", "data": {"w": 0}, "seq": 29832}
{"ts": "2026-05-01T16:30:48.641172+00:00", "level": "INFO", "jobId": "d06b3dad-ac1e-40ba-aff4-a21335a77903", "keyword": "khai trương bùng nổ", "step": "cooldown", "message": "Cooldown 1.0s (after capture)", "data": {"w": 0}, "seq": 29833}
{"ts": "2026-05-01T16:30:49.672539+00:00", "level": "INFO", "jobId": "d06b3dad-ac1e-40ba-aff4-a21335a77903", "keyword": "khai trương bùng nổ", "step": "capture", "message": "Capturing posinset=17 (17/∞)…", "data": {"w": 0}, "seq": 29834}
{"ts": "2026-05-01T16:30:51.342895+00:00", "level": "INFO", "jobId": "d06b3dad-ac1e-40ba-aff4-a21335a77903", "keyword": "khai trương bùng nổ", "step": "capture", "message": "Saved post_017.png (posinset=17)", "data": {"w": 0}, "seq": 29835}
{"ts": "2026-05-01T16:30:51.343896+00:00", "level": "INFO", "jobId": "d06b3dad-ac1e-40ba-aff4-a21335a77903", "keyword": "khai trương bùng nổ", "step": "cooldown", "message": "Cooldown 1.0s (after capture)", "data": {"w": 0}, "seq": 29836}
{"ts": "2026-05-01T16:30:52.368604+00:00", "level": "INFO", "jobId": "d06b3dad-ac1e-40ba-aff4-a21335a77903", "keyword": "khai trương bùng nổ", "step": "capture", "message": "Capturing posinset=18 (18/∞)…", "data": {"w": 0}, "seq": 29837}
{"ts": "2026-05-01T16:30:54.090023+00:00", "level": "INFO", "jobId": "d06b3dad-ac1e-40ba-aff4-a21335a77903", "keyword": "khai trương bùng nổ", "step": "capture", "message": "Saved post_018.png (posinset=18)", "data": {"w": 0}, "seq": 29840}
{"ts": "2026-05-01T16:30:54.092506+00:00", "level": "INFO", "jobId": "d06b3dad-ac1e-40ba-aff4-a21335a77903", "keyword": "khai trương bùng nổ", "step": "cooldown", "message": "Cooldown 1.0s (after capture)", "data": {"w": 0}, "seq": 29841}
{"ts": "2026-05-01T16:30:55.119508+00:00", "level": "INFO", "jobId": "d06b3dad-ac1e-40ba-aff4-a21335a77903", "keyword": "khai trương bùng nổ", "step": "capture", "message": "Capturing posinset=19 (19/∞)…", "data": {"w": 0}, "seq": 29843}
{"ts": "2026-05-01T16:30:56.817592+00:00", "level": "INFO", "jobId": "d06b3dad-ac1e-40ba-aff4-a21335a77903", "keyword": "khai trương bùng nổ", "step": "capture", "message": "Saved post_019.png (posinset=19)", "data": {"w": 0}, "seq": 29847}
{"ts": "2026-05-01T16:30:56.818609+00:00", "level": "INFO", "jobId": "d06b3dad-ac1e-40ba-aff4-a21335a77903", "keyword": "khai trương bùng nổ", "step": "cooldown", "message": "Cooldown 1.0s (after capture)", "data": {"w": 0}, "seq": 29848}
{"ts": "2026-05-01T16:30:57.834948+00:00", "level": "INFO", "jobId": "d06b3dad-ac1e-40ba-aff4-a21335a77903", "keyword": "khai trương bùng nổ", "step": "capture", "message": "Capturing posinset=20 (20/∞)…", "data": {"w": 0}, "seq": 29849}
{"ts": "2026-05-01T16:30:59.303028+00:00", "level": "INFO", "jobId": "d06b3dad-ac1e-40ba-aff4-a21335a77903", "keyword": "khai trương bùng nổ", "step": "capture", "message": "Saved post_020.png (posinset=20)", "data": {"w": 0}, "seq": 29850}
{"ts": "2026-05-01T16:30:59.304294+00:00", "level": "INFO", "jobId": "d06b3dad-ac1e-40ba-aff4-a21335a77903", "keyword": "khai trương bùng nổ", "step": "cooldown", "message": "Cooldown 1.0s (after capture)", "data": {"w": 0}, "seq": 29851}
{"ts": "2026-05-01T16:31:00.615453+00:00", "level": "INFO", "jobId": "d06b3dad-ac1e-40ba-aff4-a21335a77903", "keyword": "khai trương bùng nổ", "step": "capture", "message": "Capturing posinset=21 (21/∞)…", "data": {"w": 0}, "seq": 29852}
{"ts": "2026-05-01T16:31:03.815932+00:00", "level": "INFO", "jobId": "d06b3dad-ac1e-40ba-aff4-a21335a77903", "keyword": "khai trương bùng nổ", "step": "capture", "message": "Saved post_021.png (posinset=21)", "data": {"w": 0}, "seq": 29853}
{"ts": "2026-05-01T16:31:03.818257+00:00", "level": "INFO", "jobId": "d06b3dad-ac1e-40ba-aff4-a21335a77903", "keyword": "khai trương bùng nổ", "step": "cooldown", "message": "Cooldown 1.0s (after capture)", "data": {"w": 0}, "seq": 29854}
{"ts": "2026-05-01T16:31:04.844946+00:00", "level": "INFO", "jobId": "d06b3dad-ac1e-40ba-aff4-a21335a77903", "keyword": "khai trương bùng nổ", "step": "heartbeat", "message": "Worker alive", "data": {"w": 0, "elapsed_s": 94}, "seq": 29855}
{"ts": "2026-05-01T16:31:04.847202+00:00", "level": "INFO", "jobId": "d06b3dad-ac1e-40ba-aff4-a21335a77903", "keyword": "khai trương bùng nổ", "step": "capture", "message": "Capturing posinset=22 (22/∞)…", "data": {"w": 0}, "seq": 29856}
{"ts": "2026-05-01T16:31:06.654332+00:00", "level": "INFO", "jobId": "d06b3dad-ac1e-40ba-aff4-a21335a77903", "keyword": "khai trương bùng nổ", "step": "capture", "message": "Saved post_022.png (posinset=22)", "data": {"w": 0}, "seq": 29857}
{"ts": "2026-05-01T16:31:06.660404+00:00", "level": "INFO", "jobId": "d06b3dad-ac1e-40ba-aff4-a21335a77903", "keyword": "khai trương bùng nổ", "step": "cooldown", "message": "Cooldown 1.0s (after capture)", "data": {"w": 0}, "seq": 29858}
{"ts": "2026-05-01T16:31:07.693961+00:00", "level": "INFO", "jobId": "d06b3dad-ac1e-40ba-aff4-a21335a77903", "keyword": "khai trương bùng nổ", "step": "capture", "message": "Capturing posinset=23 (23/∞)…", "data": {"w": 0}, "seq": 29859}
{"ts": "2026-05-01T16:31:09.537850+00:00", "level": "INFO", "jobId": "d06b3dad-ac1e-40ba-aff4-a21335a77903", "keyword": "khai trương bùng nổ", "step": "capture", "message": "Saved post_023.png (posinset=23)", "data": {"w": 0}, "seq": 29860}
{"ts": "2026-05-01T16:31:09.540263+00:00", "level": "INFO", "jobId": "d06b3dad-ac1e-40ba-aff4-a21335a77903", "keyword": "khai trương bùng nổ", "step": "cooldown", "message": "Cooldown 1.0s (after capture)", "data": {"w": 0}, "seq": 29861}
{"ts": "2026-05-01T16:31:10.578345+00:00", "level": "INFO", "jobId": "d06b3dad-ac1e-40ba-aff4-a21335a77903", "keyword": "khai trương bùng nổ", "step": "capture", "message": "Capturing posinset=24 (24/∞)…", "data": {"w": 0}, "seq": 29862}
{"ts": "2026-05-01T16:31:12.295929+00:00", "level": "INFO", "jobId": "d06b3dad-ac1e-40ba-aff4-a21335a77903", "keyword": "khai trương bùng nổ", "step": "capture", "message": "Saved post_024.png (posinset=24)", "data": {"w": 0}, "seq": 29863}
{"ts": "2026-05-01T16:31:12.296977+00:00", "level": "INFO", "jobId": "d06b3dad-ac1e-40ba-aff4-a21335a77903", "keyword": "khai trương bùng nổ", "step": "cooldown", "message": "Cooldown 1.0s (after capture)", "data": {"w": 0}, "seq": 29864}
{"ts": "2026-05-01T16:31:13.849700+00:00", "level": "INFO", "jobId": "d06b3dad-ac1e-40ba-aff4-a21335a77903", "keyword": "khai trương bùng nổ", "step": "capture", "message": "Capturing posinset=25 (25/∞)…", "data": {"w": 0}, "seq": 29865}
{"ts": "2026-05-01T16:31:20.547047+00:00", "level": "INFO", "jobId": "d06b3dad-ac1e-40ba-aff4-a21335a77903", "keyword": "khai trương bùng nổ", "step": "capture", "message": "Saved post_025.png (posinset=25)", "data": {"w": 0}, "seq": 29870}
{"ts": "2026-05-01T16:31:20.548216+00:00", "level": "INFO", "jobId": "d06b3dad-ac1e-40ba-aff4-a21335a77903", "keyword": "khai trương bùng nổ", "step": "cooldown", "message": "Cooldown 1.0s (after capture)", "data": {"w": 0}, "seq": 29871}
{"ts": "2026-05-01T16:31:21.574344+00:00", "level": "INFO", "jobId": "d06b3dad-ac1e-40ba-aff4-a21335a77903", "keyword": "khai trương bùng nổ", "step": "heartbeat", "message": "Worker alive", "data": {"w": 0, "elapsed_s": 111}, "seq": 29874}
{"ts": "2026-05-01T16:31:21.577771+00:00", "level": "INFO", "jobId": "d06b3dad-ac1e-40ba-aff4-a21335a77903", "keyword": "khai trương bùng nổ", "step": "capture", "message": "Capturing posinset=26 (26/∞)…", "data": {"w": 0}, "seq": 29875}
{"ts": "2026-05-01T16:31:23.777162+00:00", "level": "INFO", "jobId": "d06b3dad-ac1e-40ba-aff4-a21335a77903", "keyword": "khai trương bùng nổ", "step": "capture", "message": "Saved post_026.png (posinset=26)", "data": {"w": 0}, "seq": 29878}
{"ts": "2026-05-01T16:31:23.781325+00:00", "level": "INFO", "jobId": "d06b3dad-ac1e-40ba-aff4-a21335a77903", "keyword": "khai trương bùng nổ", "step": "cooldown", "message": "Cooldown 1.0s (after capture)", "data": {"w": 0}, "seq": 29879}
{"ts": "2026-05-01T16:31:24.803276+00:00", "level": "INFO", "jobId": "d06b3dad-ac1e-40ba-aff4-a21335a77903", "keyword": "khai trương bùng nổ", "step": "capture", "message": "Capturing posinset=27 (27/∞)…", "data": {"w": 0}, "seq": 29880}
{"ts": "2026-05-01T16:31:28.146059+00:00", "level": "INFO", "jobId": "d06b3dad-ac1e-40ba-aff4-a21335a77903", "keyword": "khai trương bùng nổ", "step": "capture", "message": "Saved post_027.png (posinset=27)", "data": {"w": 0}, "seq": 29881}
{"ts": "2026-05-01T16:31:28.146059+00:00", "level": "INFO", "jobId": "d06b3dad-ac1e-40ba-aff4-a21335a77903", "keyword": "khai trương bùng nổ", "step": "cooldown", "message": "Cooldown 1.0s (after capture)", "data": {"w": 0}, "seq": 29882}
{"ts": "2026-05-01T16:31:29.173047+00:00", "level": "INFO", "jobId": "d06b3dad-ac1e-40ba-aff4-a21335a77903", "keyword": "khai trương bùng nổ", "step": "capture", "message": "Capturing posinset=28 (28/∞)…", "data": {"w": 0}, "seq": 29883}
{"ts": "2026-05-01T16:31:30.946047+00:00", "level": "INFO", "jobId": "d06b3dad-ac1e-40ba-aff4-a21335a77903", "keyword": "khai trương bùng nổ", "step": "capture", "message": "Saved post_028.png (posinset=28)", "data": {"w": 0}, "seq": 29884}
{"ts": "2026-05-01T16:31:30.946047+00:00", "level": "INFO", "jobId": "d06b3dad-ac1e-40ba-aff4-a21335a77903", "keyword": "khai trương bùng nổ", "step": "cooldown", "message": "Cooldown 1.0s (after capture)", "data": {"w": 0}, "seq": 29885}
{"ts": "2026-05-01T16:31:31.975411+00:00", "level": "INFO", "jobId": "d06b3dad-ac1e-40ba-aff4-a21335a77903", "keyword": "khai trương bùng nổ", "step": "capture", "message": "Capturing posinset=29 (29/∞)…", "data": {"w": 0}, "seq": 29886}
{"ts": "2026-05-01T16:31:33.568798+00:00", "level": "INFO", "jobId": "d06b3dad-ac1e-40ba-aff4-a21335a77903", "keyword": "khai trương bùng nổ", "step": "capture", "message": "Saved post_029.png (posinset=29)", "data": {"w": 0}, "seq": 29889}
{"ts": "2026-05-01T16:31:33.570828+00:00", "level": "INFO", "jobId": "d06b3dad-ac1e-40ba-aff4-a21335a77903", "keyword": "khai trương bùng nổ", "step": "cooldown", "message": "Cooldown 1.0s (after capture)", "data": {"w": 0}, "seq": 29890}
{"ts": "2026-05-01T16:31:34.583846+00:00", "level": "INFO", "jobId": "d06b3dad-ac1e-40ba-aff4-a21335a77903", "keyword": "khai trương bùng nổ", "step": "capture", "message": "Capturing posinset=30 (30/∞)…", "data": {"w": 0}, "seq": 29892}
{"ts": "2026-05-01T16:31:36.507688+00:00", "level": "INFO", "jobId": "d06b3dad-ac1e-40ba-aff4-a21335a77903", "keyword": "khai trương bùng nổ", "step": "capture", "message": "Saved post_030.png (posinset=30)", "data": {"w": 0}, "seq": 29893}
{"ts": "2026-05-01T16:31:36.511688+00:00", "level": "INFO", "jobId": "d06b3dad-ac1e-40ba-aff4-a21335a77903", "keyword": "khai trương bùng nổ", "step": "cooldown", "message": "Cooldown 1.0s (after capture)", "data": {"w": 0}, "seq": 29894}
{"ts": "2026-05-01T16:31:38.076487+00:00", "level": "INFO", "jobId": "d06b3dad-ac1e-40ba-aff4-a21335a77903", "keyword": "khai trương bùng nổ", "step": "heartbeat", "message": "Worker alive", "data": {"w": 0, "elapsed_s": 127}, "seq": 29895}
{"ts": "2026-05-01T16:31:38.079540+00:00", "level": "INFO", "jobId": "d06b3dad-ac1e-40ba-aff4-a21335a77903", "keyword": "khai trương bùng nổ", "step": "capture", "message": "Capturing posinset=31 (31/∞)…", "data": {"w": 0}, "seq": 29896}
{"ts": "2026-05-01T16:31:42.294473+00:00", "level": "INFO", "jobId": "d06b3dad-ac1e-40ba-aff4-a21335a77903", "keyword": "khai trương bùng nổ", "step": "capture", "message": "Saved post_031.png (posinset=31)", "data": {"w": 0}, "seq": 29897}
{"ts": "2026-05-01T16:31:42.296870+00:00", "level": "INFO", "jobId": "d06b3dad-ac1e-40ba-aff4-a21335a77903", "keyword": "khai trương bùng nổ", "step": "cooldown", "message": "Cooldown 1.0s (after capture)", "data": {"w": 0}, "seq": 29898}
{"ts": "2026-05-01T16:31:43.348231+00:00", "level": "INFO", "jobId": "d06b3dad-ac1e-40ba-aff4-a21335a77903", "keyword": "khai trương bùng nổ", "step": "capture", "message": "Capturing posinset=32 (32/∞)…", "data": {"w": 0}, "seq": 29899}
{"ts": "2026-05-01T16:31:45.927493+00:00", "level": "INFO", "jobId": "d06b3dad-ac1e-40ba-aff4-a21335a77903", "keyword": "khai trương bùng nổ", "step": "capture", "message": "Saved post_032.png (posinset=32)", "data": {"w": 0}, "seq": 29900}
{"ts": "2026-05-01T16:31:45.928770+00:00", "level": "INFO", "jobId": "d06b3dad-ac1e-40ba-aff4-a21335a77903", "keyword": "khai trương bùng nổ", "step": "cooldown", "message": "Cooldown 1.0s (after capture)", "data": {"w": 0}, "seq": 29901}
{"ts": "2026-05-01T16:31:46.967068+00:00", "level": "INFO", "jobId": "d06b3dad-ac1e-40ba-aff4-a21335a77903", "keyword": "khai trương bùng nổ", "step": "capture", "message": "Capturing posinset=33 (33/∞)…", "data": {"w": 0}, "seq": 29902}
{"ts": "2026-05-01T16:31:48.781062+00:00", "level": "INFO", "jobId": "d06b3dad-ac1e-40ba-aff4-a21335a77903", "keyword": "khai trương bùng nổ", "step": "capture", "message": "Saved post_033.png (posinset=33)", "data": {"w": 0}, "seq": 29903}
{"ts": "2026-05-01T16:31:48.783359+00:00", "level": "INFO", "jobId": "d06b3dad-ac1e-40ba-aff4-a21335a77903", "keyword": "khai trương bùng nổ", "step": "cooldown", "message": "Cooldown 1.0s (after capture)", "data": {"w": 0}, "seq": 29904}
{"ts": "2026-05-01T16:31:49.816546+00:00", "level": "INFO", "jobId": "d06b3dad-ac1e-40ba-aff4-a21335a77903", "keyword": "khai trương bùng nổ", "step": "capture", "message": "Capturing posinset=34 (34/∞)…", "data": {"w": 0}, "seq": 29905}
{"ts": "2026-05-01T16:31:53.326082+00:00", "level": "INFO", "jobId": "d06b3dad-ac1e-40ba-aff4-a21335a77903", "keyword": "khai trương bùng nổ", "step": "capture", "message": "Saved post_034.png (posinset=34)", "data": {"w": 0}, "seq": 29908}
{"ts": "2026-05-01T16:31:53.327891+00:00", "level": "INFO", "jobId": "d06b3dad-ac1e-40ba-aff4-a21335a77903", "keyword": "khai trương bùng nổ", "step": "cooldown", "message": "Cooldown 1.0s (after capture)", "data": {"w": 0}, "seq": 29909}
{"ts": "2026-05-01T16:31:54.351795+00:00", "level": "INFO", "jobId": "d06b3dad-ac1e-40ba-aff4-a21335a77903", "keyword": "khai trương bùng nổ", "step": "heartbeat", "message": "Worker alive", "data": {"w": 0, "elapsed_s": 143}, "seq": 29910}
{"ts": "2026-05-01T16:31:54.364633+00:00", "level": "INFO", "jobId": "d06b3dad-ac1e-40ba-aff4-a21335a77903", "keyword": "khai trương bùng nổ", "step": "capture", "message": "Capturing posinset=35 (35/∞)…", "data": {"w": 0}, "seq": 29911}
{"ts": "2026-05-01T16:31:55.706350+00:00", "level": "INFO", "jobId": "d06b3dad-ac1e-40ba-aff4-a21335a77903", "keyword": "khai trương bùng nổ", "step": "capture", "message": "Saved post_035.png (posinset=35)", "data": {"w": 0}, "seq": 29912}
{"ts": "2026-05-01T16:31:55.708410+00:00", "level": "INFO", "jobId": "d06b3dad-ac1e-40ba-aff4-a21335a77903", "keyword": "khai trương bùng nổ", "step": "cooldown", "message": "Cooldown 1.0s (after capture)", "data": {"w": 0}, "seq": 29913}
{"ts": "2026-05-01T16:31:56.732610+00:00", "level": "INFO", "jobId": "d06b3dad-ac1e-40ba-aff4-a21335a77903", "keyword": "khai trương bùng nổ", "step": "capture", "message": "Capturing posinset=36 (36/∞)…", "data": {"w": 0}, "seq": 29916}
{"ts": "2026-05-01T16:32:00.257357+00:00", "level": "INFO", "jobId": "d06b3dad-ac1e-40ba-aff4-a21335a77903", "keyword": "khai trương bùng nổ", "step": "capture", "message": "Capturing posinset=36 (36/∞)…", "data": {"w": 0}, "seq": 29919}
{"ts": "2026-05-01T16:32:02.530407+00:00", "level": "INFO", "jobId": "d06b3dad-ac1e-40ba-aff4-a21335a77903", "keyword": "khai trương bùng nổ", "step": "capture", "message": "Saved post_036.png (posinset=36)", "data": {"w": 0}, "seq": 29922}
{"ts": "2026-05-01T16:32:02.531407+00:00", "level": "INFO", "jobId": "d06b3dad-ac1e-40ba-aff4-a21335a77903", "keyword": "khai trương bùng nổ", "step": "cooldown", "message": "Cooldown 1.0s (after capture)", "data": {"w": 0}, "seq": 29923}
{"ts": "2026-05-01T16:32:03.569390+00:00", "level": "INFO", "jobId": "d06b3dad-ac1e-40ba-aff4-a21335a77903", "keyword": "khai trương bùng nổ", "step": "capture", "message": "Capturing posinset=37 (37/∞)…", "data": {"w": 0}, "seq": 29924}
{"ts": "2026-05-01T16:32:05.604485+00:00", "level": "INFO", "jobId": "d06b3dad-ac1e-40ba-aff4-a21335a77903", "keyword": "khai trương bùng nổ", "step": "capture", "message": "Saved post_037.png (posinset=37)", "data": {"w": 0}, "seq": 29925}
{"ts": "2026-05-01T16:32:05.606485+00:00", "level": "INFO", "jobId": "d06b3dad-ac1e-40ba-aff4-a21335a77903", "keyword": "khai trương bùng nổ", "step": "cooldown", "message": "Cooldown 1.0s (after capture)", "data": {"w": 0}, "seq": 29926}
{"ts": "2026-05-01T16:32:06.648158+00:00", "level": "INFO", "jobId": "d06b3dad-ac1e-40ba-aff4-a21335a77903", "keyword": "khai trương bùng nổ", "step": "capture", "message": "Capturing posinset=38 (38/∞)…", "data": {"w": 0}, "seq": 29927}
{"ts": "2026-05-01T16:32:08.511001+00:00", "level": "INFO", "jobId": "d06b3dad-ac1e-40ba-aff4-a21335a77903", "keyword": "khai trương bùng nổ", "step": "capture", "message": "Saved post_038.png (posinset=38)", "data": {"w": 0}, "seq": 29928}
{"ts": "2026-05-01T16:32:08.513005+00:00", "level": "INFO", "jobId": "d06b3dad-ac1e-40ba-aff4-a21335a77903", "keyword": "khai trương bùng nổ", "step": "cooldown", "message": "Cooldown 1.0s (after capture)", "data": {"w": 0}, "seq": 29929}
{"ts": "2026-05-01T16:32:09.534994+00:00", "level": "INFO", "jobId": "d06b3dad-ac1e-40ba-aff4-a21335a77903", "keyword": "khai trương bùng nổ", "step": "heartbeat", "message": "Worker alive", "data": {"w": 0, "elapsed_s": 159}, "seq": 29930}
{"ts": "2026-05-01T16:32:09.537011+00:00", "level": "INFO", "jobId": "d06b3dad-ac1e-40ba-aff4-a21335a77903", "keyword": "khai trương bùng nổ", "step": "capture", "message": "Capturing posinset=39 (39/∞)…", "data": {"w": 0}, "seq": 29931}
{"ts": "2026-05-01T16:32:11.260050+00:00", "level": "INFO", "jobId": "d06b3dad-ac1e-40ba-aff4-a21335a77903", "keyword": "khai trương bùng nổ", "step": "capture", "message": "Saved post_039.png (posinset=39)", "data": {"w": 0}, "seq": 29933}
{"ts": "2026-05-01T16:32:11.261200+00:00", "level": "INFO", "jobId": "d06b3dad-ac1e-40ba-aff4-a21335a77903", "keyword": "khai trương bùng nổ", "step": "cooldown", "message": "Cooldown 1.0s (after capture)", "data": {"w": 0}, "seq": 29934}
{"ts": "2026-05-01T16:32:12.302316+00:00", "level": "INFO", "jobId": "d06b3dad-ac1e-40ba-aff4-a21335a77903", "keyword": "khai trương bùng nổ", "step": "capture", "message": "Capturing posinset=40 (40/∞)…", "data": {"w": 0}, "seq": 29935}
{"ts": "2026-05-01T16:32:16.142899+00:00", "level": "INFO", "jobId": "d06b3dad-ac1e-40ba-aff4-a21335a77903", "keyword": "khai trương bùng nổ", "step": "capture", "message": "Saved post_040.png (posinset=40)", "data": {"w": 0}, "seq": 29937}
{"ts": "2026-05-01T16:32:16.143917+00:00", "level": "INFO", "jobId": "d06b3dad-ac1e-40ba-aff4-a21335a77903", "keyword": "khai trương bùng nổ", "step": "cooldown", "message": "Cooldown 1.0s (after capture)", "data": {"w": 0}, "seq": 29938}
{"ts": "2026-05-01T16:32:17.166109+00:00", "level": "INFO", "jobId": "d06b3dad-ac1e-40ba-aff4-a21335a77903", "keyword": "khai trương bùng nổ", "step": "capture", "message": "Capturing posinset=41 (41/∞)…", "data": {"w": 0}, "seq": 29939}
{"ts": "2026-05-01T16:32:18.661121+00:00", "level": "INFO", "jobId": "d06b3dad-ac1e-40ba-aff4-a21335a77903", "keyword": "khai trương bùng nổ", "step": "capture", "message": "Capturing posinset=41 (41/∞)…", "data": {"w": 0}, "seq": 29940}
{"ts": "2026-05-01T16:32:20.141917+00:00", "level": "INFO", "jobId": "d06b3dad-ac1e-40ba-aff4-a21335a77903", "keyword": "khai trương bùng nổ", "step": "capture", "message": "Capturing posinset=41 (41/∞)…", "data": {"w": 0}, "seq": 29941}
{"ts": "2026-05-01T16:32:22.696662+00:00", "level": "INFO", "jobId": "d06b3dad-ac1e-40ba-aff4-a21335a77903", "keyword": "khai trương bùng nổ", "step": "capture", "message": "Capturing posinset=41 (41/∞)…", "data": {"w": 0}, "seq": 29942}
{"ts": "2026-05-01T16:32:24.574042+00:00", "level": "INFO", "jobId": "d06b3dad-ac1e-40ba-aff4-a21335a77903", "keyword": "khai trương bùng nổ", "step": "capture", "message": "Saved post_041.png (posinset=41)", "data": {"w": 0}, "seq": 29945}
{"ts": "2026-05-01T16:32:24.576042+00:00", "level": "INFO", "jobId": "d06b3dad-ac1e-40ba-aff4-a21335a77903", "keyword": "khai trương bùng nổ", "step": "cooldown", "message": "Cooldown 1.0s (after capture)", "data": {"w": 0}, "seq": 29946}
{"ts": "2026-05-01T16:32:25.711819+00:00", "level": "INFO", "jobId": "d06b3dad-ac1e-40ba-aff4-a21335a77903", "keyword": "khai trương bùng nổ", "step": "heartbeat", "message": "Worker alive", "data": {"w": 0, "elapsed_s": 175}, "seq": 29947}
{"ts": "2026-05-01T16:32:25.716689+00:00", "level": "INFO", "jobId": "d06b3dad-ac1e-40ba-aff4-a21335a77903", "keyword": "khai trương bùng nổ", "step": "capture", "message": "Capturing posinset=42 (42/∞)…", "data": {"w": 0}, "seq": 29948}
{"ts": "2026-05-01T16:32:27.768176+00:00", "level": "INFO", "jobId": "d06b3dad-ac1e-40ba-aff4-a21335a77903", "keyword": "khai trương bùng nổ", "step": "capture", "message": "Saved post_042.png (posinset=42)", "data": {"w": 0}, "seq": 29949}
{"ts": "2026-05-01T16:32:27.770560+00:00", "level": "INFO", "jobId": "d06b3dad-ac1e-40ba-aff4-a21335a77903", "keyword": "khai trương bùng nổ", "step": "cooldown", "message": "Cooldown 1.0s (after capture)", "data": {"w": 0}, "seq": 29950}
{"ts": "2026-05-01T16:32:28.805634+00:00", "level": "INFO", "jobId": "d06b3dad-ac1e-40ba-aff4-a21335a77903", "keyword": "khai trương bùng nổ", "step": "capture", "message": "Capturing posinset=43 (43/∞)…", "data": {"w": 0}, "seq": 29951}
{"ts": "2026-05-01T16:32:30.604921+00:00", "level": "INFO", "jobId": "d06b3dad-ac1e-40ba-aff4-a21335a77903", "keyword": "khai trương bùng nổ", "step": "capture", "message": "Saved post_043.png (posinset=43)", "data": {"w": 0}, "seq": 29952}
{"ts": "2026-05-01T16:32:30.606920+00:00", "level": "INFO", "jobId": "d06b3dad-ac1e-40ba-aff4-a21335a77903", "keyword": "khai trương bùng nổ", "step": "cooldown", "message": "Cooldown 1.0s (after capture)", "data": {"w": 0}, "seq": 29953}
{"ts": "2026-05-01T16:32:31.642349+00:00", "level": "INFO", "jobId": "d06b3dad-ac1e-40ba-aff4-a21335a77903", "keyword": "khai trương bùng nổ", "step": "capture", "message": "Capturing posinset=44 (44/∞)…", "data": {"w": 0}, "seq": 29957}
{"ts": "2026-05-01T16:32:33.586590+00:00", "level": "INFO", "jobId": "d06b3dad-ac1e-40ba-aff4-a21335a77903", "keyword": "khai trương bùng nổ", "step": "capture", "message": "Saved post_044.png (posinset=44)", "data": {"w": 0}, "seq": 29960}
{"ts": "2026-05-01T16:32:33.588589+00:00", "level": "INFO", "jobId": "d06b3dad-ac1e-40ba-aff4-a21335a77903", "keyword": "khai trương bùng nổ", "step": "cooldown", "message": "Cooldown 1.0s (after capture)", "data": {"w": 0}, "seq": 29961}
{"ts": "2026-05-01T16:32:34.600335+00:00", "level": "INFO", "jobId": "d06b3dad-ac1e-40ba-aff4-a21335a77903", "keyword": "khai trương bùng nổ", "step": "capture", "message": "Capturing posinset=45 (45/∞)…", "data": {"w": 0}, "seq": 29963}
{"ts": "2026-05-01T16:32:38.031135+00:00", "level": "INFO", "jobId": "d06b3dad-ac1e-40ba-aff4-a21335a77903", "keyword": "khai trương bùng nổ", "step": "capture", "message": "Saved post_045.png (posinset=45)", "data": {"w": 0}, "seq": 29965}
{"ts": "2026-05-01T16:32:38.033151+00:00", "level": "INFO", "jobId": "d06b3dad-ac1e-40ba-aff4-a21335a77903", "keyword": "khai trương bùng nổ", "step": "cooldown", "message": "Cooldown 1.0s (after capture)", "data": {"w": 0}, "seq": 29966}
{"ts": "2026-05-01T16:32:39.068716+00:00", "level": "INFO", "jobId": "d06b3dad-ac1e-40ba-aff4-a21335a77903", "keyword": "khai trương bùng nổ", "step": "capture", "message": "Capturing posinset=46 (46/∞)…", "data": {"w": 0}, "seq": 29967}
{"ts": "2026-05-01T16:32:40.874962+00:00", "level": "INFO", "jobId": "d06b3dad-ac1e-40ba-aff4-a21335a77903", "keyword": "khai trương bùng nổ", "step": "heartbeat", "message": "Worker alive", "data": {"w": 0, "elapsed_s": 190}, "seq": 29968}
{"ts": "2026-05-01T16:32:40.878074+00:00", "level": "INFO", "jobId": "d06b3dad-ac1e-40ba-aff4-a21335a77903", "keyword": "khai trương bùng nổ", "step": "capture", "message": "Capturing posinset=46 (46/∞)…", "data": {"w": 0}, "seq": 29969}
{"ts": "2026-05-01T16:32:42.759734+00:00", "level": "INFO", "jobId": "d06b3dad-ac1e-40ba-aff4-a21335a77903", "keyword": "khai trương bùng nổ", "step": "capture", "message": "Capturing posinset=46 (46/∞)…", "data": {"w": 0}, "seq": 29970}
{"ts": "2026-05-01T16:32:46.176280+00:00", "level": "INFO", "jobId": "d06b3dad-ac1e-40ba-aff4-a21335a77903", "keyword": "khai trương bùng nổ", "step": "capture", "message": "Capturing posinset=46 (46/∞)…", "data": {"w": 0}, "seq": 29973}
{"ts": "2026-05-01T16:32:50.360786+00:00", "level": "INFO", "jobId": "d06b3dad-ac1e-40ba-aff4-a21335a77903", "keyword": "khai trương bùng nổ", "step": "capture", "message": "Saved post_046.png (posinset=46)", "data": {"w": 0}, "seq": 29974}
{"ts": "2026-05-01T16:32:50.363109+00:00", "level": "INFO", "jobId": "d06b3dad-ac1e-40ba-aff4-a21335a77903", "keyword": "khai trương bùng nổ", "step": "cooldown", "message": "Cooldown 1.0s (after capture)", "data": {"w": 0}, "seq": 29975}
{"ts": "2026-05-01T16:32:51.397560+00:00", "level": "INFO", "jobId": "d06b3dad-ac1e-40ba-aff4-a21335a77903", "keyword": "khai trương bùng nổ", "step": "capture", "message": "Capturing posinset=47 (47/∞)…", "data": {"w": 0}, "seq": 29976}
{"ts": "2026-05-01T16:32:53.302801+00:00", "level": "INFO", "jobId": "d06b3dad-ac1e-40ba-aff4-a21335a77903", "keyword": "khai trương bùng nổ", "step": "capture", "message": "Saved post_047.png (posinset=47)", "data": {"w": 0}, "seq": 29981}
{"ts": "2026-05-01T16:32:53.319356+00:00", "level": "INFO", "jobId": "d06b3dad-ac1e-40ba-aff4-a21335a77903", "keyword": "khai trương bùng nổ", "step": "cooldown", "message": "Cooldown 1.0s (after capture)", "data": {"w": 0}, "seq": 29982}
{"ts": "2026-05-01T16:32:54.362346+00:00", "level": "INFO", "jobId": "d06b3dad-ac1e-40ba-aff4-a21335a77903", "keyword": "khai trương bùng nổ", "step": "capture", "message": "Capturing posinset=48 (48/∞)…", "data": {"w": 0}, "seq": 29983}
{"ts": "2026-05-01T16:32:56.290735+00:00", "level": "INFO", "jobId": "d06b3dad-ac1e-40ba-aff4-a21335a77903", "keyword": "khai trương bùng nổ", "step": "capture", "message": "Saved post_048.png (posinset=48)", "data": {"w": 0}, "seq": 29984}
{"ts": "2026-05-01T16:32:56.298392+00:00", "level": "INFO", "jobId": "d06b3dad-ac1e-40ba-aff4-a21335a77903", "keyword": "khai trương bùng nổ", "step": "cooldown", "message": "Cooldown 1.0s (after capture)", "data": {"w": 0}, "seq": 29985}
{"ts": "2026-05-01T16:32:57.334243+00:00", "level": "INFO", "jobId": "d06b3dad-ac1e-40ba-aff4-a21335a77903", "keyword": "khai trương bùng nổ", "step": "heartbeat", "message": "Worker alive", "data": {"w": 0, "elapsed_s": 206}, "seq": 29986}
{"ts": "2026-05-01T16:32:57.335247+00:00", "level": "INFO", "jobId": "d06b3dad-ac1e-40ba-aff4-a21335a77903", "keyword": "khai trương bùng nổ", "step": "capture", "message": "Capturing posinset=49 (49/∞)…", "data": {"w": 0}, "seq": 29987}
{"ts": "2026-05-01T16:33:05.979459+00:00", "level": "INFO", "jobId": "d06b3dad-ac1e-40ba-aff4-a21335a77903", "keyword": "khai trương bùng nổ", "step": "capture", "message": "Saved post_049.png (posinset=49)", "data": {"w": 0}, "seq": 29992}
{"ts": "2026-05-01T16:33:05.982454+00:00", "level": "INFO", "jobId": "d06b3dad-ac1e-40ba-aff4-a21335a77903", "keyword": "khai trương bùng nổ", "step": "cooldown", "message": "Cooldown 1.0s (after capture)", "data": {"w": 0}, "seq": 29993}
{"ts": "2026-05-01T16:33:07.052195+00:00", "level": "INFO", "jobId": "d06b3dad-ac1e-40ba-aff4-a21335a77903", "keyword": "khai trương bùng nổ", "step": "capture", "message": "Capturing posinset=50 (50/∞)…", "data": {"w": 0}, "seq": 29994}
{"ts": "2026-05-01T16:33:10.013267+00:00", "level": "INFO", "jobId": "d06b3dad-ac1e-40ba-aff4-a21335a77903", "keyword": "khai trương bùng nổ", "step": "capture", "message": "Saved post_050.png (posinset=50)", "data": {"w": 0}, "seq": 29997}
{"ts": "2026-05-01T16:33:10.015267+00:00", "level": "INFO", "jobId": "d06b3dad-ac1e-40ba-aff4-a21335a77903", "keyword": "khai trương bùng nổ", "step": "cooldown", "message": "Cooldown 1.0s (after capture)", "data": {"w": 0}, "seq": 29998}
{"ts": "2026-05-01T16:33:12.044378+00:00", "level": "INFO", "jobId": "d06b3dad-ac1e-40ba-aff4-a21335a77903", "keyword": "khai trương bùng nổ", "step": "capture", "message": "Capturing posinset=51 (51/∞)…", "data": {"w": 0}, "seq": 29999}
{"ts": "2026-05-01T16:33:17.371029+00:00", "level": "INFO", "jobId": "d06b3dad-ac1e-40ba-aff4-a21335a77903", "keyword": "khai trương bùng nổ", "step": "capture", "message": "Saved post_051.png (posinset=51)", "data": {"w": 0}, "seq": 30002}
{"ts": "2026-05-01T16:33:17.376560+00:00", "level": "INFO", "jobId": "d06b3dad-ac1e-40ba-aff4-a21335a77903", "keyword": "khai trương bùng nổ", "step": "cooldown", "message": "Cooldown 1.0s (after capture)", "data": {"w": 0}, "seq": 30003}
{"ts": "2026-05-01T16:33:18.502904+00:00", "level": "INFO", "jobId": "d06b3dad-ac1e-40ba-aff4-a21335a77903", "keyword": "khai trương bùng nổ", "step": "heartbeat", "message": "Worker alive", "data": {"w": 0, "elapsed_s": 228}, "seq": 30004}
{"ts": "2026-05-01T16:33:18.510186+00:00", "level": "INFO", "jobId": "d06b3dad-ac1e-40ba-aff4-a21335a77903", "keyword": "khai trương bùng nổ", "step": "capture", "message": "Capturing posinset=52 (52/∞)…", "data": {"w": 0}, "seq": 30005}
{"ts": "2026-05-01T16:33:22.267336+00:00", "level": "INFO", "jobId": "d06b3dad-ac1e-40ba-aff4-a21335a77903", "keyword": "khai trương bùng nổ", "step": "capture", "message": "Saved post_052.png (posinset=52)", "data": {"w": 0}, "seq": 30006}
{"ts": "2026-05-01T16:33:22.269335+00:00", "level": "INFO", "jobId": "d06b3dad-ac1e-40ba-aff4-a21335a77903", "keyword": "khai trương bùng nổ", "step": "cooldown", "message": "Cooldown 1.0s (after capture)", "data": {"w": 0}, "seq": 30007}
{"ts": "2026-05-01T16:33:23.335386+00:00", "level": "INFO", "jobId": "d06b3dad-ac1e-40ba-aff4-a21335a77903", "keyword": "khai trương bùng nổ", "step": "capture", "message": "Capturing posinset=53 (53/∞)…", "data": {"w": 0}, "seq": 30008}
{"ts": "2026-05-01T16:33:26.356661+00:00", "level": "INFO", "jobId": "d06b3dad-ac1e-40ba-aff4-a21335a77903", "keyword": "khai trương bùng nổ", "step": "capture", "message": "Saved post_053.png (posinset=53)", "data": {"w": 0}, "seq": 30010}
{"ts": "2026-05-01T16:33:26.358661+00:00", "level": "INFO", "jobId": "d06b3dad-ac1e-40ba-aff4-a21335a77903", "keyword": "khai trương bùng nổ", "step": "cooldown", "message": "Cooldown 1.0s (after capture)", "data": {"w": 0}, "seq": 30011}
{"ts": "2026-05-01T16:33:27.407957+00:00", "level": "INFO", "jobId": "d06b3dad-ac1e-40ba-aff4-a21335a77903", "keyword": "khai trương bùng nổ", "step": "capture", "message": "Capturing posinset=54 (54/∞)…", "data": {"w": 0}, "seq": 30012}
{"ts": "2026-05-01T16:33:29.321323+00:00", "level": "INFO", "jobId": "d06b3dad-ac1e-40ba-aff4-a21335a77903", "keyword": "khai trương bùng nổ", "step": "capture", "message": "Saved post_054.png (posinset=54)", "data": {"w": 0}, "seq": 30016}
{"ts": "2026-05-01T16:33:29.325356+00:00", "level": "INFO", "jobId": "d06b3dad-ac1e-40ba-aff4-a21335a77903", "keyword": "khai trương bùng nổ", "step": "cooldown", "message": "Cooldown 1.0s (after capture)", "data": {"w": 0}, "seq": 30017}
{"ts": "2026-05-01T16:33:31.013837+00:00", "level": "INFO", "jobId": "d06b3dad-ac1e-40ba-aff4-a21335a77903", "keyword": "khai trương bùng nổ", "step": "capture", "message": "Capturing posinset=55 (55/∞)…", "data": {"w": 0}, "seq": 30020}
{"ts": "2026-05-01T16:33:33.057923+00:00", "level": "INFO", "jobId": "d06b3dad-ac1e-40ba-aff4-a21335a77903", "keyword": "khai trương bùng nổ", "step": "capture", "message": "Saved post_055.png (posinset=55)", "data": {"w": 0}, "seq": 30024}
{"ts": "2026-05-01T16:33:33.058920+00:00", "level": "INFO", "jobId": "d06b3dad-ac1e-40ba-aff4-a21335a77903", "keyword": "khai trương bùng nổ", "step": "cooldown", "message": "Cooldown 1.0s (after capture)", "data": {"w": 0}, "seq": 30025}
{"ts": "2026-05-01T16:33:34.097765+00:00", "level": "INFO", "jobId": "d06b3dad-ac1e-40ba-aff4-a21335a77903", "keyword": "khai trương bùng nổ", "step": "heartbeat", "message": "Worker alive", "data": {"w": 0, "elapsed_s": 243}, "seq": 30027}
{"ts": "2026-05-01T16:33:34.097765+00:00", "level": "INFO", "jobId": "d06b3dad-ac1e-40ba-aff4-a21335a77903", "keyword": "khai trương bùng nổ", "step": "capture", "message": "Capturing posinset=56 (56/∞)…", "data": {"w": 0}, "seq": 30028}
{"ts": "2026-05-01T16:33:38.984338+00:00", "level": "INFO", "jobId": "d06b3dad-ac1e-40ba-aff4-a21335a77903", "keyword": "khai trương bùng nổ", "step": "capture", "message": "Saved post_056.png (posinset=56)", "data": {"w": 0}, "seq": 30038}
{"ts": "2026-05-01T16:33:38.988364+00:00", "level": "INFO", "jobId": "d06b3dad-ac1e-40ba-aff4-a21335a77903", "keyword": "khai trương bùng nổ", "step": "cooldown", "message": "Cooldown 1.0s (after capture)", "data": {"w": 0}, "seq": 30039}
{"ts": "2026-05-01T16:33:40.083171+00:00", "level": "INFO", "jobId": "d06b3dad-ac1e-40ba-aff4-a21335a77903", "keyword": "khai trương bùng nổ", "step": "capture", "message": "Capturing posinset=57 (57/∞)…", "data": {"w": 0}, "seq": 30042}
{"ts": "2026-05-01T16:33:42.444800+00:00", "level": "INFO", "jobId": "d06b3dad-ac1e-40ba-aff4-a21335a77903", "keyword": "khai trương bùng nổ", "step": "capture", "message": "Saved post_057.png (posinset=57)", "data": {"w": 0}, "seq": 30045}
{"ts": "2026-05-01T16:33:42.445964+00:00", "level": "INFO", "jobId": "d06b3dad-ac1e-40ba-aff4-a21335a77903", "keyword": "khai trương bùng nổ", "step": "cooldown", "message": "Cooldown 1.0s (after capture)", "data": {"w": 0}, "seq": 30046}
{"ts": "2026-05-01T16:33:43.473818+00:00", "level": "INFO", "jobId": "d06b3dad-ac1e-40ba-aff4-a21335a77903", "keyword": "khai trương bùng nổ", "step": "capture", "message": "Capturing posinset=58 (58/∞)…", "data": {"w": 0}, "seq": 30048}
{"ts": "2026-05-01T16:33:48.249488+00:00", "level": "INFO", "jobId": "d06b3dad-ac1e-40ba-aff4-a21335a77903", "keyword": "khai trương bùng nổ", "step": "capture", "message": "Saved post_058.png (posinset=58)", "data": {"w": 0}, "seq": 30055}
{"ts": "2026-05-01T16:33:48.260415+00:00", "level": "INFO", "jobId": "d06b3dad-ac1e-40ba-aff4-a21335a77903", "keyword": "khai trương bùng nổ", "step": "cooldown", "message": "Cooldown 1.0s (after capture)", "data": {"w": 0}, "seq": 30056}
{"ts": "2026-05-01T16:33:49.287189+00:00", "level": "INFO", "jobId": "d06b3dad-ac1e-40ba-aff4-a21335a77903", "keyword": "khai trương bùng nổ", "step": "heartbeat", "message": "Worker alive", "data": {"w": 0, "elapsed_s": 258}, "seq": 30059}
{"ts": "2026-05-01T16:33:49.288309+00:00", "level": "INFO", "jobId": "d06b3dad-ac1e-40ba-aff4-a21335a77903", "keyword": "khai trương bùng nổ", "step": "capture", "message": "Capturing posinset=59 (59/∞)…", "data": {"w": 0}, "seq": 30060}
{"ts": "2026-05-01T16:33:51.080061+00:00", "level": "INFO", "jobId": "d06b3dad-ac1e-40ba-aff4-a21335a77903", "keyword": "khai trương bùng nổ", "step": "capture", "message": "Saved post_059.png (posinset=59)", "data": {"w": 0}, "seq": 30062}
{"ts": "2026-05-01T16:33:51.082069+00:00", "level": "INFO", "jobId": "d06b3dad-ac1e-40ba-aff4-a21335a77903", "keyword": "khai trương bùng nổ", "step": "cooldown", "message": "Cooldown 1.0s (after capture)", "data": {"w": 0}, "seq": 30063}
{"ts": "2026-05-01T16:33:52.104988+00:00", "level": "INFO", "jobId": "d06b3dad-ac1e-40ba-aff4-a21335a77903", "keyword": "khai trương bùng nổ", "step": "capture", "message": "Capturing posinset=60 (60/∞)…", "data": {"w": 0}, "seq": 30066}
{"ts": "2026-05-01T16:33:54.556702+00:00", "level": "INFO", "jobId": "d06b3dad-ac1e-40ba-aff4-a21335a77903", "keyword": "khai trương bùng nổ", "step": "capture", "message": "Saved post_060.png (posinset=60)", "data": {"w": 0}, "seq": 30068}
{"ts": "2026-05-01T16:33:54.559701+00:00", "level": "INFO", "jobId": "d06b3dad-ac1e-40ba-aff4-a21335a77903", "keyword": "khai trương bùng nổ", "step": "cooldown", "message": "Cooldown 1.0s (after capture)", "data": {"w": 0}, "seq": 30069}
{"ts": "2026-05-01T16:33:56.483174+00:00", "level": "INFO", "jobId": "d06b3dad-ac1e-40ba-aff4-a21335a77903", "keyword": "khai trương bùng nổ", "step": "capture", "message": "Capturing posinset=61 (61/∞)…", "data": {"w": 0}, "seq": 30076}
{"ts": "2026-05-01T16:34:02.286921+00:00", "level": "INFO", "jobId": "d06b3dad-ac1e-40ba-aff4-a21335a77903", "keyword": "khai trương bùng nổ", "step": "capture", "message": "Saved post_061.png (posinset=61)", "data": {"w": 0}, "seq": 30085}
{"ts": "2026-05-01T16:34:02.288919+00:00", "level": "INFO", "jobId": "d06b3dad-ac1e-40ba-aff4-a21335a77903", "keyword": "khai trương bùng nổ", "step": "cooldown", "message": "Cooldown 1.0s (after capture)", "data": {"w": 0}, "seq": 30086}
{"ts": "2026-05-01T16:34:03.331891+00:00", "level": "INFO", "jobId": "d06b3dad-ac1e-40ba-aff4-a21335a77903", "keyword": "khai trương bùng nổ", "step": "capture", "message": "Capturing posinset=62 (62/∞)…", "data": {"w": 0}, "seq": 30087}
{"ts": "2026-05-01T16:34:05.206247+00:00", "level": "INFO", "jobId": "d06b3dad-ac1e-40ba-aff4-a21335a77903", "keyword": "khai trương bùng nổ", "step": "capture", "message": "Saved post_062.png (posinset=62)", "data": {"w": 0}, "seq": 30091}
{"ts": "2026-05-01T16:34:05.210245+00:00", "level": "INFO", "jobId": "d06b3dad-ac1e-40ba-aff4-a21335a77903", "keyword": "khai trương bùng nổ", "step": "cooldown", "message": "Cooldown 1.0s (after capture)", "data": {"w": 0}, "seq": 30092}
{"ts": "2026-05-01T16:34:06.243515+00:00", "level": "INFO", "jobId": "d06b3dad-ac1e-40ba-aff4-a21335a77903", "keyword": "khai trương bùng nổ", "step": "heartbeat", "message": "Worker alive", "data": {"w": 0, "elapsed_s": 275}, "seq": 30093}
{"ts": "2026-05-01T16:34:06.245515+00:00", "level": "INFO", "jobId": "d06b3dad-ac1e-40ba-aff4-a21335a77903", "keyword": "khai trương bùng nổ", "step": "capture", "message": "Capturing posinset=63 (63/∞)…", "data": {"w": 0}, "seq": 30094}
{"ts": "2026-05-01T16:34:08.628913+00:00", "level": "INFO", "jobId": "d06b3dad-ac1e-40ba-aff4-a21335a77903", "keyword": "khai trương bùng nổ", "step": "capture", "message": "Saved post_063.png (posinset=63)", "data": {"w": 0}, "seq": 30098}
{"ts": "2026-05-01T16:34:08.631343+00:00", "level": "INFO", "jobId": "d06b3dad-ac1e-40ba-aff4-a21335a77903", "keyword": "khai trương bùng nổ", "step": "cooldown", "message": "Cooldown 1.0s (after capture)", "data": {"w": 0}, "seq": 30099}
{"ts": "2026-05-01T16:34:09.663704+00:00", "level": "INFO", "jobId": "d06b3dad-ac1e-40ba-aff4-a21335a77903", "keyword": "khai trương bùng nổ", "step": "capture", "message": "Capturing posinset=64 (64/∞)…", "data": {"w": 0}, "seq": 30100}
{"ts": "2026-05-01T16:34:14.890314+00:00", "level": "INFO", "jobId": "d06b3dad-ac1e-40ba-aff4-a21335a77903", "keyword": "khai trương bùng nổ", "step": "capture", "message": "Saved post_064.png (posinset=64)", "data": {"w": 0}, "seq": 30108}
{"ts": "2026-05-01T16:34:14.890314+00:00", "level": "INFO", "jobId": "d06b3dad-ac1e-40ba-aff4-a21335a77903", "keyword": "khai trương bùng nổ", "step": "cooldown", "message": "Cooldown 1.0s (after capture)", "data": {"w": 0}, "seq": 30109}
{"ts": "2026-05-01T16:34:15.924966+00:00", "level": "INFO", "jobId": "d06b3dad-ac1e-40ba-aff4-a21335a77903", "keyword": "khai trương bùng nổ", "step": "capture", "message": "Capturing posinset=65 (65/∞)…", "data": {"w": 0}, "seq": 30110}
{"ts": "2026-05-01T16:34:17.654909+00:00", "level": "INFO", "jobId": "d06b3dad-ac1e-40ba-aff4-a21335a77903", "keyword": "khai trương bùng nổ", "step": "capture", "message": "Saved post_065.png (posinset=65)", "data": {"w": 0}, "seq": 30113}
{"ts": "2026-05-01T16:34:17.656908+00:00", "level": "INFO", "jobId": "d06b3dad-ac1e-40ba-aff4-a21335a77903", "keyword": "khai trương bùng nổ", "step": "cooldown", "message": "Cooldown 1.0s (after capture)", "data": {"w": 0}, "seq": 30114}
{"ts": "2026-05-01T16:34:18.918523+00:00", "level": "INFO", "jobId": "d06b3dad-ac1e-40ba-aff4-a21335a77903", "keyword": "khai trương bùng nổ", "step": "capture", "message": "Capturing posinset=66 (66/∞)…", "data": {"w": 0}, "seq": 30116}
{"ts": "2026-05-01T16:34:22.646396+00:00", "level": "INFO", "jobId": "d06b3dad-ac1e-40ba-aff4-a21335a77903", "keyword": "khai trương bùng nổ", "step": "heartbeat", "message": "Worker alive", "data": {"w": 0, "elapsed_s": 292}, "seq": 30122}
{"ts": "2026-05-01T16:34:22.648186+00:00", "level": "INFO", "jobId": "d06b3dad-ac1e-40ba-aff4-a21335a77903", "keyword": "khai trương bùng nổ", "step": "capture", "message": "Capturing posinset=66 (66/∞)…", "data": {"w": 0}, "seq": 30123}
{"ts": "2026-05-01T16:34:25.751362+00:00", "level": "INFO", "jobId": "d06b3dad-ac1e-40ba-aff4-a21335a77903", "keyword": "khai trương bùng nổ", "step": "capture", "message": "Saved post_066.png (posinset=66)", "data": {"w": 0}, "seq": 30128}
{"ts": "2026-05-01T16:34:25.754664+00:00", "level": "INFO", "jobId": "d06b3dad-ac1e-40ba-aff4-a21335a77903", "keyword": "khai trương bùng nổ", "step": "cooldown", "message": "Cooldown 1.0s (after capture)", "data": {"w": 0}, "seq": 30129}
{"ts": "2026-05-01T16:34:26.813571+00:00", "level": "INFO", "jobId": "d06b3dad-ac1e-40ba-aff4-a21335a77903", "keyword": "khai trương bùng nổ", "step": "capture", "message": "Capturing posinset=67 (67/∞)…", "data": {"w": 0}, "seq": 30131}
{"ts": "2026-05-01T16:34:28.827600+00:00", "level": "INFO", "jobId": "d06b3dad-ac1e-40ba-aff4-a21335a77903", "keyword": "khai trương bùng nổ", "step": "capture", "message": "Saved post_067.png (posinset=67)", "data": {"w": 0}, "seq": 30132}
{"ts": "2026-05-01T16:34:28.829507+00:00", "level": "INFO", "jobId": "d06b3dad-ac1e-40ba-aff4-a21335a77903", "keyword": "khai trương bùng nổ", "step": "cooldown", "message": "Cooldown 1.0s (after capture)", "data": {"w": 0}, "seq": 30133}
{"ts": "2026-05-01T16:34:29.883941+00:00", "level": "INFO", "jobId": "d06b3dad-ac1e-40ba-aff4-a21335a77903", "keyword": "khai trương bùng nổ", "step": "capture", "message": "Capturing posinset=68 (68/∞)…", "data": {"w": 0}, "seq": 30136}
{"ts": "2026-05-01T16:34:35.193739+00:00", "level": "INFO", "jobId": "d06b3dad-ac1e-40ba-aff4-a21335a77903", "keyword": "khai trương bùng nổ", "step": "capture", "message": "Saved post_068.png (posinset=68)", "data": {"w": 0}, "seq": 30142}
{"ts": "2026-05-01T16:34:35.194740+00:00", "level": "INFO", "jobId": "d06b3dad-ac1e-40ba-aff4-a21335a77903", "keyword": "khai trương bùng nổ", "step": "cooldown", "message": "Cooldown 1.0s (after capture)", "data": {"w": 0}, "seq": 30143}
{"ts": "2026-05-01T16:34:36.235329+00:00", "level": "INFO", "jobId": "d06b3dad-ac1e-40ba-aff4-a21335a77903", "keyword": "khai trương bùng nổ", "step": "capture", "message": "Capturing posinset=69 (69/∞)…", "data": {"w": 0}, "seq": 30146}
{"ts": "2026-05-01T16:34:38.755251+00:00", "level": "INFO", "jobId": "d06b3dad-ac1e-40ba-aff4-a21335a77903", "keyword": "khai trương bùng nổ", "step": "capture", "message": "Saved post_069.png (posinset=69)", "data": {"w": 0}, "seq": 30150}
{"ts": "2026-05-01T16:34:38.756251+00:00", "level": "INFO", "jobId": "d06b3dad-ac1e-40ba-aff4-a21335a77903", "keyword": "khai trương bùng nổ", "step": "cooldown", "message": "Cooldown 1.0s (after capture)", "data": {"w": 0}, "seq": 30151}
{"ts": "2026-05-01T16:34:39.790872+00:00", "level": "INFO", "jobId": "d06b3dad-ac1e-40ba-aff4-a21335a77903", "keyword": "khai trương bùng nổ", "step": "heartbeat", "message": "Worker alive", "data": {"w": 0, "elapsed_s": 309}, "seq": 30153}
{"ts": "2026-05-01T16:34:39.792147+00:00", "level": "INFO", "jobId": "d06b3dad-ac1e-40ba-aff4-a21335a77903", "keyword": "khai trương bùng nổ", "step": "capture", "message": "Capturing posinset=70 (70/∞)…", "data": {"w": 0}, "seq": 30154}
{"ts": "2026-05-01T16:34:42.045561+00:00", "level": "INFO", "jobId": "d06b3dad-ac1e-40ba-aff4-a21335a77903", "keyword": "khai trương bùng nổ", "step": "capture", "message": "Saved post_070.png (posinset=70)", "data": {"w": 0}, "seq": 30157}
{"ts": "2026-05-01T16:34:42.046561+00:00", "level": "INFO", "jobId": "d06b3dad-ac1e-40ba-aff4-a21335a77903", "keyword": "khai trương bùng nổ", "step": "cooldown", "message": "Cooldown 1.0s (after capture)", "data": {"w": 0}, "seq": 30158}
{"ts": "2026-05-01T16:34:43.599875+00:00", "level": "INFO", "jobId": "d06b3dad-ac1e-40ba-aff4-a21335a77903", "keyword": "khai trương bùng nổ", "step": "capture", "message": "Capturing posinset=71 (71/∞)…", "data": {"w": 0}, "seq": 30160}
{"ts": "2026-05-01T16:34:48.661334+00:00", "level": "INFO", "jobId": "d06b3dad-ac1e-40ba-aff4-a21335a77903", "keyword": "khai trương bùng nổ", "step": "capture", "message": "Capturing posinset=71 (71/∞)…", "data": {"w": 0}, "seq": 30167}
{"ts": "2026-05-01T16:34:52.821805+00:00", "level": "INFO", "jobId": "d06b3dad-ac1e-40ba-aff4-a21335a77903", "keyword": "khai trương bùng nổ", "step": "capture", "message": "Saved post_071.png (posinset=71)", "data": {"w": 0}, "seq": 30171}
{"ts": "2026-05-01T16:34:52.822852+00:00", "level": "INFO", "jobId": "d06b3dad-ac1e-40ba-aff4-a21335a77903", "keyword": "khai trương bùng nổ", "step": "cooldown", "message": "Cooldown 1.0s (after capture)", "data": {"w": 0}, "seq": 30172}
{"ts": "2026-05-01T16:34:53.852623+00:00", "level": "INFO", "jobId": "d06b3dad-ac1e-40ba-aff4-a21335a77903", "keyword": "khai trương bùng nổ", "step": "capture", "message": "Capturing posinset=72 (72/∞)…", "data": {"w": 0}, "seq": 30174}
{"ts": "2026-05-01T16:34:58.578114+00:00", "level": "INFO", "jobId": "d06b3dad-ac1e-40ba-aff4-a21335a77903", "keyword": "khai trương bùng nổ", "step": "capture", "message": "Saved post_072.png (posinset=72)", "data": {"w": 0}, "seq": 30178}
{"ts": "2026-05-01T16:34:58.582145+00:00", "level": "INFO", "jobId": "d06b3dad-ac1e-40ba-aff4-a21335a77903", "keyword": "khai trương bùng nổ", "step": "cooldown", "message": "Cooldown 1.0s (after capture)", "data": {"w": 0}, "seq": 30179}
{"ts": "2026-05-01T16:34:59.617679+00:00", "level": "INFO", "jobId": "d06b3dad-ac1e-40ba-aff4-a21335a77903", "keyword": "khai trương bùng nổ", "step": "heartbeat", "message": "Worker alive", "data": {"w": 0, "elapsed_s": 329}, "seq": 30182}
{"ts": "2026-05-01T16:34:59.618688+00:00", "level": "INFO", "jobId": "d06b3dad-ac1e-40ba-aff4-a21335a77903", "keyword": "khai trương bùng nổ", "step": "capture", "message": "Capturing posinset=73 (73/∞)…", "data": {"w": 0}, "seq": 30183}
{"ts": "2026-05-01T16:35:02.567466+00:00", "level": "INFO", "jobId": "d06b3dad-ac1e-40ba-aff4-a21335a77903", "keyword": "khai trương bùng nổ", "step": "capture", "message": "Saved post_073.png (posinset=73)", "data": {"w": 0}, "seq": 30186}
{"ts": "2026-05-01T16:35:02.571485+00:00", "level": "INFO", "jobId": "d06b3dad-ac1e-40ba-aff4-a21335a77903", "keyword": "khai trương bùng nổ", "step": "cooldown", "message": "Cooldown 1.0s (after capture)", "data": {"w": 0}, "seq": 30187}
{"ts": "2026-05-01T16:35:03.618754+00:00", "level": "INFO", "jobId": "d06b3dad-ac1e-40ba-aff4-a21335a77903", "keyword": "khai trương bùng nổ", "step": "capture", "message": "Capturing posinset=74 (74/∞)…", "data": {"w": 0}, "seq": 30190}
{"ts": "2026-05-01T16:35:05.653009+00:00", "level": "INFO", "jobId": "d06b3dad-ac1e-40ba-aff4-a21335a77903", "keyword": "khai trương bùng nổ", "step": "capture", "message": "Saved post_074.png (posinset=74)", "data": {"w": 0}, "seq": 30194}
{"ts": "2026-05-01T16:35:05.653009+00:00", "level": "INFO", "jobId": "d06b3dad-ac1e-40ba-aff4-a21335a77903", "keyword": "khai trương bùng nổ", "step": "cooldown", "message": "Cooldown 1.0s (after capture)", "data": {"w": 0}, "seq": 30195}
{"ts": "2026-05-01T16:35:06.708562+00:00", "level": "INFO", "jobId": "d06b3dad-ac1e-40ba-aff4-a21335a77903", "keyword": "khai trương bùng nổ", "step": "capture", "message": "Capturing posinset=75 (75/∞)…", "data": {"w": 0}, "seq": 30200}
{"ts": "2026-05-01T16:35:08.469705+00:00", "level": "INFO", "jobId": "d06b3dad-ac1e-40ba-aff4-a21335a77903", "keyword": "khai trương bùng nổ", "step": "capture", "message": "Saved post_075.png (posinset=75)", "data": {"w": 0}, "seq": 30202}
{"ts": "2026-05-01T16:35:08.471757+00:00", "level": "INFO", "jobId": "d06b3dad-ac1e-40ba-aff4-a21335a77903", "keyword": "khai trương bùng nổ", "step": "cooldown", "message": "Cooldown 1.0s (after capture)", "data": {"w": 0}, "seq": 30203}
{"ts": "2026-05-01T16:35:09.522543+00:00", "level": "INFO", "jobId": "d06b3dad-ac1e-40ba-aff4-a21335a77903", "keyword": "khai trương bùng nổ", "step": "capture", "message": "Capturing posinset=76 (76/∞)…", "data": {"w": 0}, "seq": 30206}
{"ts": "2026-05-01T16:35:12.145281+00:00", "level": "INFO", "jobId": "d06b3dad-ac1e-40ba-aff4-a21335a77903", "keyword": "khai trương bùng nổ", "step": "capture", "message": "Saved post_076.png (posinset=76)", "data": {"w": 0}, "seq": 30208}
{"ts": "2026-05-01T16:35:12.147292+00:00", "level": "INFO", "jobId": "d06b3dad-ac1e-40ba-aff4-a21335a77903", "keyword": "khai trương bùng nổ", "step": "cooldown", "message": "Cooldown 1.0s (after capture)", "data": {"w": 0}, "seq": 30209}
{"ts": "2026-05-01T16:35:13.178739+00:00", "level": "INFO", "jobId": "d06b3dad-ac1e-40ba-aff4-a21335a77903", "keyword": "khai trương bùng nổ", "step": "capture", "message": "Capturing posinset=77 (77/∞)…", "data": {"w": 0}, "seq": 30212}
{"ts": "2026-05-01T16:35:15.589537+00:00", "level": "INFO", "jobId": "d06b3dad-ac1e-40ba-aff4-a21335a77903", "keyword": "khai trương bùng nổ", "step": "capture", "message": "Saved post_077.png (posinset=77)", "data": {"w": 0}, "seq": 30216}
{"ts": "2026-05-01T16:35:15.590400+00:00", "level": "INFO", "jobId": "d06b3dad-ac1e-40ba-aff4-a21335a77903", "keyword": "khai trương bùng nổ", "step": "cooldown", "message": "Cooldown 1.0s (after capture)", "data": {"w": 0}, "seq": 30217}
{"ts": "2026-05-01T16:35:16.657081+00:00", "level": "INFO", "jobId": "d06b3dad-ac1e-40ba-aff4-a21335a77903", "keyword": "khai trương bùng nổ", "step": "heartbeat", "message": "Worker alive", "data": {"w": 0, "elapsed_s": 346}, "seq": 30220}
{"ts": "2026-05-01T16:35:16.659212+00:00", "level": "INFO", "jobId": "d06b3dad-ac1e-40ba-aff4-a21335a77903", "keyword": "khai trương bùng nổ", "step": "capture", "message": "Capturing posinset=78 (78/∞)…", "data": {"w": 0}, "seq": 30221}
{"ts": "2026-05-01T16:35:22.046572+00:00", "level": "INFO", "jobId": "d06b3dad-ac1e-40ba-aff4-a21335a77903", "keyword": "khai trương bùng nổ", "step": "capture", "message": "Saved post_078.png (posinset=78)", "data": {"w": 0}, "seq": 30229}
{"ts": "2026-05-01T16:35:22.048571+00:00", "level": "INFO", "jobId": "d06b3dad-ac1e-40ba-aff4-a21335a77903", "keyword": "khai trương bùng nổ", "step": "cooldown", "message": "Cooldown 1.0s (after capture)", "data": {"w": 0}, "seq": 30230}
{"ts": "2026-05-01T16:35:23.081356+00:00", "level": "INFO", "jobId": "d06b3dad-ac1e-40ba-aff4-a21335a77903", "keyword": "khai trương bùng nổ", "step": "capture", "message": "Capturing posinset=79 (79/∞)…", "data": {"w": 0}, "seq": 30231}
{"ts": "2026-05-01T16:35:25.005885+00:00", "level": "INFO", "jobId": "d06b3dad-ac1e-40ba-aff4-a21335a77903", "keyword": "khai trương bùng nổ", "step": "capture", "message": "Saved post_079.png (posinset=79)", "data": {"w": 0}, "seq": 30235}
{"ts": "2026-05-01T16:35:25.008060+00:00", "level": "INFO", "jobId": "d06b3dad-ac1e-40ba-aff4-a21335a77903", "keyword": "khai trương bùng nổ", "step": "cooldown", "message": "Cooldown 1.0s (after capture)", "data": {"w": 0}, "seq": 30236}
{"ts": "2026-05-01T16:35:26.044374+00:00", "level": "INFO", "jobId": "d06b3dad-ac1e-40ba-aff4-a21335a77903", "keyword": "khai trương bùng nổ", "step": "capture", "message": "Capturing posinset=80 (80/∞)…", "data": {"w": 0}, "seq": 30239}
{"ts": "2026-05-01T16:35:28.076455+00:00", "level": "INFO", "jobId": "d06b3dad-ac1e-40ba-aff4-a21335a77903", "keyword": "khai trương bùng nổ", "step": "capture", "message": "Saved post_080.png (posinset=80)", "data": {"w": 0}, "seq": 30241}
{"ts": "2026-05-01T16:35:28.078954+00:00", "level": "INFO", "jobId": "d06b3dad-ac1e-40ba-aff4-a21335a77903", "keyword": "khai trương bùng nổ", "step": "cooldown", "message": "Cooldown 1.0s (after capture)", "data": {"w": 0}, "seq": 30242}
{"ts": "2026-05-01T16:35:29.669413+00:00", "level": "INFO", "jobId": "d06b3dad-ac1e-40ba-aff4-a21335a77903", "keyword": "khai trương bùng nổ", "step": "capture", "message": "Capturing posinset=81 (81/∞)…", "data": {"w": 0}, "seq": 30249}
{"ts": "2026-05-01T16:35:32.390273+00:00", "level": "INFO", "jobId": "d06b3dad-ac1e-40ba-aff4-a21335a77903", "keyword": "khai trương bùng nổ", "step": "capture", "message": "Saved post_081.png (posinset=81)", "data": {"w": 0}, "seq": 30251}
{"ts": "2026-05-01T16:35:32.391274+00:00", "level": "INFO", "jobId": "d06b3dad-ac1e-40ba-aff4-a21335a77903", "keyword": "khai trương bùng nổ", "step": "cooldown", "message": "Cooldown 1.0s (after capture)", "data": {"w": 0}, "seq": 30252}
{"ts": "2026-05-01T16:35:33.435385+00:00", "level": "INFO", "jobId": "d06b3dad-ac1e-40ba-aff4-a21335a77903", "keyword": "khai trương bùng nổ", "step": "heartbeat", "message": "Worker alive", "data": {"w": 0, "elapsed_s": 363}, "seq": 30255}
{"ts": "2026-05-01T16:35:33.448369+00:00", "level": "INFO", "jobId": "d06b3dad-ac1e-40ba-aff4-a21335a77903", "keyword": "khai trương bùng nổ", "step": "capture", "message": "Capturing posinset=82 (82/∞)…", "data": {"w": 0}, "seq": 30256}
{"ts": "2026-05-01T16:35:35.542588+00:00", "level": "INFO", "jobId": "d06b3dad-ac1e-40ba-aff4-a21335a77903", "keyword": "khai trương bùng nổ", "step": "capture", "message": "Saved post_082.png (posinset=82)", "data": {"w": 0}, "seq": 30259}
{"ts": "2026-05-01T16:35:35.544644+00:00", "level": "INFO", "jobId": "d06b3dad-ac1e-40ba-aff4-a21335a77903", "keyword": "khai trương bùng nổ", "step": "cooldown", "message": "Cooldown 1.0s (after capture)", "data": {"w": 0}, "seq": 30260}
{"ts": "2026-05-01T16:35:36.579969+00:00", "level": "INFO", "jobId": "d06b3dad-ac1e-40ba-aff4-a21335a77903", "keyword": "khai trương bùng nổ", "step": "capture", "message": "Capturing posinset=83 (83/∞)…", "data": {"w": 0}, "seq": 30263}
{"ts": "2026-05-01T16:35:38.097431+00:00", "level": "INFO", "jobId": "d06b3dad-ac1e-40ba-aff4-a21335a77903", "keyword": "khai trương bùng nổ", "step": "capture", "message": "Saved post_083.png (posinset=83)", "data": {"w": 0}, "seq": 30267}
{"ts": "2026-05-01T16:35:38.098430+00:00", "level": "INFO", "jobId": "d06b3dad-ac1e-40ba-aff4-a21335a77903", "keyword": "khai trương bùng nổ", "step": "cooldown", "message": "Cooldown 1.0s (after capture)", "data": {"w": 0}, "seq": 30268}
{"ts": "2026-05-01T16:35:39.130332+00:00", "level": "INFO", "jobId": "d06b3dad-ac1e-40ba-aff4-a21335a77903", "keyword": "khai trương bùng nổ", "step": "capture", "message": "Capturing posinset=84 (84/∞)…", "data": {"w": 0}, "seq": 30272}
{"ts": "2026-05-01T16:35:45.712263+00:00", "level": "INFO", "jobId": "d06b3dad-ac1e-40ba-aff4-a21335a77903", "keyword": "khai trương bùng nổ", "step": "capture", "message": "Saved post_084.png (posinset=84)", "data": {"w": 0}, "seq": 30279}
{"ts": "2026-05-01T16:35:45.714260+00:00", "level": "INFO", "jobId": "d06b3dad-ac1e-40ba-aff4-a21335a77903", "keyword": "khai trương bùng nổ", "step": "cooldown", "message": "Cooldown 1.0s (after capture)", "data": {"w": 0}, "seq": 30280}
{"ts": "2026-05-01T16:35:46.845762+00:00", "level": "INFO", "jobId": "d06b3dad-ac1e-40ba-aff4-a21335a77903", "keyword": "khai trương bùng nổ", "step": "capture", "message": "Capturing posinset=85 (85/∞)…", "data": {"w": 0}, "seq": 30282}
{"ts": "2026-05-01T16:35:48.713985+00:00", "level": "INFO", "jobId": "d06b3dad-ac1e-40ba-aff4-a21335a77903", "keyword": "khai trương bùng nổ", "step": "capture", "message": "Saved post_085.png (posinset=85)", "data": {"w": 0}, "seq": 30287}
{"ts": "2026-05-01T16:35:48.716151+00:00", "level": "INFO", "jobId": "d06b3dad-ac1e-40ba-aff4-a21335a77903", "keyword": "khai trương bùng nổ", "step": "cooldown", "message": "Cooldown 1.0s (after capture)", "data": {"w": 0}, "seq": 30288}
{"ts": "2026-05-01T16:35:49.752878+00:00", "level": "INFO", "jobId": "d06b3dad-ac1e-40ba-aff4-a21335a77903", "keyword": "khai trương bùng nổ", "step": "heartbeat", "message": "Worker alive", "data": {"w": 0, "elapsed_s": 379}, "seq": 30293}
{"ts": "2026-05-01T16:35:49.752878+00:00", "level": "INFO", "jobId": "d06b3dad-ac1e-40ba-aff4-a21335a77903", "keyword": "khai trương bùng nổ", "step": "capture", "message": "Capturing posinset=86 (86/∞)…", "data": {"w": 0}, "seq": 30294}
{"ts": "2026-05-01T16:35:55.323060+00:00", "level": "INFO", "jobId": "d06b3dad-ac1e-40ba-aff4-a21335a77903", "keyword": "khai trương bùng nổ", "step": "capture", "message": "Saved post_086.png (posinset=86)", "data": {"w": 0}, "seq": 30298}
{"ts": "2026-05-01T16:35:55.325066+00:00", "level": "INFO", "jobId": "d06b3dad-ac1e-40ba-aff4-a21335a77903", "keyword": "khai trương bùng nổ", "step": "cooldown", "message": "Cooldown 1.0s (after capture)", "data": {"w": 0}, "seq": 30299}
{"ts": "2026-05-01T16:35:56.373483+00:00", "level": "INFO", "jobId": "d06b3dad-ac1e-40ba-aff4-a21335a77903", "keyword": "khai trương bùng nổ", "step": "capture", "message": "Capturing posinset=87 (87/∞)…", "data": {"w": 0}, "seq": 30300}
{"ts": "2026-05-01T16:35:58.633067+00:00", "level": "INFO", "jobId": "d06b3dad-ac1e-40ba-aff4-a21335a77903", "keyword": "khai trương bùng nổ", "step": "capture", "message": "Saved post_087.png (posinset=87)", "data": {"w": 0}, "seq": 30304}
{"ts": "2026-05-01T16:35:58.634324+00:00", "level": "INFO", "jobId": "d06b3dad-ac1e-40ba-aff4-a21335a77903", "keyword": "khai trương bùng nổ", "step": "cooldown", "message": "Cooldown 1.0s (after capture)", "data": {"w": 0}, "seq": 30305}
{"ts": "2026-05-01T16:35:59.702522+00:00", "level": "INFO", "jobId": "d06b3dad-ac1e-40ba-aff4-a21335a77903", "keyword": "khai trương bùng nổ", "step": "capture", "message": "Capturing posinset=88 (88/∞)…", "data": {"w": 0}, "seq": 30308}
{"ts": "2026-05-01T16:36:05.096362+00:00", "level": "INFO", "jobId": "d06b3dad-ac1e-40ba-aff4-a21335a77903", "keyword": "khai trương bùng nổ", "step": "capture", "message": "Saved post_088.png (posinset=88)", "data": {"w": 0}, "seq": 30315}
{"ts": "2026-05-01T16:36:05.096362+00:00", "level": "INFO", "jobId": "d06b3dad-ac1e-40ba-aff4-a21335a77903", "keyword": "khai trương bùng nổ", "step": "cooldown", "message": "Cooldown 1.0s (after capture)", "data": {"w": 0}, "seq": 30316}
{"ts": "2026-05-01T16:36:06.123428+00:00", "level": "INFO", "jobId": "d06b3dad-ac1e-40ba-aff4-a21335a77903", "keyword": "khai trương bùng nổ", "step": "heartbeat", "message": "Worker alive", "data": {"w": 0, "elapsed_s": 395}, "seq": 30321}
{"ts": "2026-05-01T16:36:06.133953+00:00", "level": "INFO", "jobId": "d06b3dad-ac1e-40ba-aff4-a21335a77903", "keyword": "khai trương bùng nổ", "step": "capture", "message": "Capturing posinset=89 (89/∞)…", "data": {"w": 0}, "seq": 30322}
{"ts": "2026-05-01T16:36:10.358285+00:00", "level": "INFO", "jobId": "d06b3dad-ac1e-40ba-aff4-a21335a77903", "keyword": "khai trương bùng nổ", "step": "capture", "message": "Saved post_089.png (posinset=89)", "data": {"w": 0}, "seq": 30327}
{"ts": "2026-05-01T16:36:10.360284+00:00", "level": "INFO", "jobId": "d06b3dad-ac1e-40ba-aff4-a21335a77903", "keyword": "khai trương bùng nổ", "step": "cooldown", "message": "Cooldown 1.0s (after capture)", "data": {"w": 0}, "seq": 30328}
{"ts": "2026-05-01T16:36:11.387523+00:00", "level": "INFO", "jobId": "d06b3dad-ac1e-40ba-aff4-a21335a77903", "keyword": "khai trương bùng nổ", "step": "capture", "message": "Capturing posinset=90 (90/∞)…", "data": {"w": 0}, "seq": 30330}
{"ts": "2026-05-01T16:36:13.850698+00:00", "level": "INFO", "jobId": "d06b3dad-ac1e-40ba-aff4-a21335a77903", "keyword": "khai trương bùng nổ", "step": "capture", "message": "Saved post_090.png (posinset=90)", "data": {"w": 0}, "seq": 30335}
{"ts": "2026-05-01T16:36:13.853053+00:00", "level": "INFO", "jobId": "d06b3dad-ac1e-40ba-aff4-a21335a77903", "keyword": "khai trương bùng nổ", "step": "cooldown", "message": "Cooldown 1.0s (after capture)", "data": {"w": 0}, "seq": 30336}
{"ts": "2026-05-01T16:36:14.957779+00:00", "level": "INFO", "jobId": "d06b3dad-ac1e-40ba-aff4-a21335a77903", "keyword": "khai trương bùng nổ", "step": "capture", "message": "Capturing posinset=91 (91/∞)…", "data": {"w": 0}, "seq": 30339}
{"ts": "2026-05-01T16:36:18.732293+00:00", "level": "INFO", "jobId": "d06b3dad-ac1e-40ba-aff4-a21335a77903", "keyword": "khai trương bùng nổ", "step": "capture", "message": "Capturing posinset=91 (91/∞)…", "data": {"w": 0}, "seq": 30340}
{"ts": "2026-05-01T16:36:24.810641+00:00", "level": "INFO", "jobId": "d06b3dad-ac1e-40ba-aff4-a21335a77903", "keyword": "khai trương bùng nổ", "step": "capture", "message": "Saved post_091.png (posinset=91)", "data": {"w": 0}, "seq": 30352}
{"ts": "2026-05-01T16:36:24.810641+00:00", "level": "INFO", "jobId": "d06b3dad-ac1e-40ba-aff4-a21335a77903", "keyword": "khai trương bùng nổ", "step": "cooldown", "message": "Cooldown 1.0s (after capture)", "data": {"w": 0}, "seq": 30353}
{"ts": "2026-05-01T16:36:25.837950+00:00", "level": "INFO", "jobId": "d06b3dad-ac1e-40ba-aff4-a21335a77903", "keyword": "khai trương bùng nổ", "step": "heartbeat", "message": "Worker alive", "data": {"w": 0, "elapsed_s": 415}, "seq": 30354}
{"ts": "2026-05-01T16:36:25.846592+00:00", "level": "INFO", "jobId": "d06b3dad-ac1e-40ba-aff4-a21335a77903", "keyword": "khai trương bùng nổ", "step": "capture", "message": "Capturing posinset=92 (92/∞)…", "data": {"w": 0}, "seq": 30355}
{"ts": "2026-05-01T16:36:27.758905+00:00", "level": "INFO", "jobId": "d06b3dad-ac1e-40ba-aff4-a21335a77903", "keyword": "khai trương bùng nổ", "step": "capture", "message": "Saved post_092.png (posinset=92)", "data": {"w": 0}, "seq": 30356}
{"ts": "2026-05-01T16:36:27.760913+00:00", "level": "INFO", "jobId": "d06b3dad-ac1e-40ba-aff4-a21335a77903", "keyword": "khai trương bùng nổ", "step": "cooldown", "message": "Cooldown 1.0s (after capture)", "data": {"w": 0}, "seq": 30357}
{"ts": "2026-05-01T16:36:28.821457+00:00", "level": "INFO", "jobId": "d06b3dad-ac1e-40ba-aff4-a21335a77903", "keyword": "khai trương bùng nổ", "step": "capture", "message": "Capturing posinset=93 (93/∞)…", "data": {"w": 0}, "seq": 30358}
{"ts": "2026-05-01T16:36:30.900059+00:00", "level": "INFO", "jobId": "d06b3dad-ac1e-40ba-aff4-a21335a77903", "keyword": "khai trương bùng nổ", "step": "capture", "message": "Capturing posinset=93 (93/∞)…", "data": {"w": 0}, "seq": 30364}
{"ts": "2026-05-01T16:36:32.361108+00:00", "level": "INFO", "jobId": "d06b3dad-ac1e-40ba-aff4-a21335a77903", "keyword": "khai trương bùng nổ", "step": "capture", "message": "Capturing posinset=93 (93/∞)…", "data": {"w": 0}, "seq": 30367}
{"ts": "2026-05-01T16:36:34.070911+00:00", "level": "INFO", "jobId": "d06b3dad-ac1e-40ba-aff4-a21335a77903", "keyword": "khai trương bùng nổ", "step": "capture", "message": "Capturing posinset=93 (93/∞)…", "data": {"w": 0}, "seq": 30369}
{"ts": "2026-05-01T16:36:36.115804+00:00", "level": "INFO", "jobId": "d06b3dad-ac1e-40ba-aff4-a21335a77903", "keyword": "khai trương bùng nổ", "step": "capture", "message": "Capturing posinset=93 (93/∞)…", "data": {"w": 0}, "seq": 30370}
{"ts": "2026-05-01T16:36:37.872093+00:00", "level": "INFO", "jobId": "d06b3dad-ac1e-40ba-aff4-a21335a77903", "keyword": "khai trương bùng nổ", "step": "capture", "message": "Capturing posinset=93 (93/∞)…", "data": {"w": 0}, "seq": 30372}
{"ts": "2026-05-01T16:36:50.422597+00:00", "level": "INFO", "jobId": "d06b3dad-ac1e-40ba-aff4-a21335a77903", "keyword": "khai trương bùng nổ", "step": "heartbeat", "message": "Worker alive", "data": {"w": 0, "elapsed_s": 440}, "seq": 30390}
{"ts": "2026-05-01T16:36:50.425189+00:00", "level": "INFO", "jobId": "d06b3dad-ac1e-40ba-aff4-a21335a77903", "keyword": "khai trương bùng nổ", "step": "capture", "message": "Capturing posinset=93 (93/∞)…", "data": {"w": 0}, "seq": 30391}
{"ts": "2026-05-01T16:37:02.401531+00:00", "level": "INFO", "jobId": "d06b3dad-ac1e-40ba-aff4-a21335a77903", "keyword": "khai trương bùng nổ", "step": "capture", "message": "Capturing posinset=93 (93/∞)…", "data": {"w": 0}, "seq": 30401}
{"ts": "2026-05-01T16:37:04.249463+00:00", "level": "INFO", "jobId": "d06b3dad-ac1e-40ba-aff4-a21335a77903", "keyword": "khai trương bùng nổ", "step": "capture", "message": "Reached stable end of results (maxPos=92, stable>=35s). Stopping.", "data": {"w": 0}, "seq": 30404}
{"ts": "2026-05-01T16:37:04.313015+00:00", "level": "INFO", "jobId": "d06b3dad-ac1e-40ba-aff4-a21335a77903", "keyword": "khai trương bùng nổ", "step": "capture", "message": "Capture loop finished (unlimited). Saved=92", "data": {"w": 0}, "seq": 30405}
{"ts": "2026-05-01T16:37:04.315009+00:00", "level": "INFO", "jobId": "d06b3dad-ac1e-40ba-aff4-a21335a77903", "keyword": "khai trương bùng nổ", "step": "done", "message": "Completed. Saved=92", "data": {"w": 0}, "seq": 30406}
