{"ts": "2026-05-01T08:12:03.813715+00:00", "level": "INFO", "jobId": "e019e130-51d9-4ba8-83ee-f35a7c414f4b", "keyword": "khai trương hcm", "step": "created", "message": "Job created", "data": {"maxPosts": "unlimited"}, "seq": 14448}
{"ts": "2026-05-01T08:12:04.050386+00:00", "level": "INFO", "jobId": "e019e130-51d9-4ba8-83ee-f35a7c414f4b", "keyword": "khai trương hcm", "step": "start", "message": "Job started (attempt 1/2)", "data": {"w": 1}, "seq": 14452}
{"ts": "2026-05-01T08:12:06.681009+00:00", "level": "INFO", "jobId": "e019e130-51d9-4ba8-83ee-f35a7c414f4b", "keyword": "khai trương hcm", "step": "search", "message": "Searching keyword: \"khai trương hcm\"", "data": {"w": 1}, "seq": 14454}
{"ts": "2026-05-01T08:12:15.168527+00:00", "level": "INFO", "jobId": "e019e130-51d9-4ba8-83ee-f35a7c414f4b", "keyword": "khai trương hcm", "step": "capture", "message": "Start capturing all posts until end of results.", "data": {"w": 1}, "seq": 14455}
{"ts": "2026-05-01T08:12:15.182046+00:00", "level": "INFO", "jobId": "e019e130-51d9-4ba8-83ee-f35a7c414f4b", "keyword": "khai trương hcm", "step": "capture", "message": "Output folder: Lan 7 - 1512", "data": {"w": 1}, "seq": 14456}
{"ts": "2026-05-01T08:12:21.570908+00:00", "level": "INFO", "jobId": "e019e130-51d9-4ba8-83ee-f35a7c414f4b", "keyword": "khai trương hcm", "step": "capture", "message": "Capturing 1/∞ (viewport)…", "data": {"w": 1}, "seq": 14459}
{"ts": "2026-05-01T08:12:22.329487+00:00", "level": "INFO", "jobId": "e019e130-51d9-4ba8-83ee-f35a7c414f4b", "keyword": "khai trương hcm", "step": "capture", "message": "Expanded \"Xem thêm\" (exact-class): +3 (total 3)", "data": {"w": 1}, "seq": 14462}
{"ts": "2026-05-01T08:12:35.689051+00:00", "level": "INFO", "jobId": "e019e130-51d9-4ba8-83ee-f35a7c414f4b", "keyword": "khai trương hcm", "step": "capture", "message": "Saved post_001.png", "data": {"w": 1}, "seq": 14463}
{"ts": "2026-05-01T08:12:35.690242+00:00", "level": "INFO", "jobId": "e019e130-51d9-4ba8-83ee-f35a7c414f4b", "keyword": "khai trương hcm", "step": "cooldown", "message": "Cooldown 2.2s (after capture)", "data": {"w": 1}, "seq": 14464}
{"ts": "2026-05-01T08:12:38.461886+00:00", "level": "INFO", "jobId": "e019e130-51d9-4ba8-83ee-f35a7c414f4b", "keyword": "khai trương hcm", "step": "heartbeat", "message": "Worker alive", "data": {"w": 1, "elapsed_s": 34}, "seq": 14469}
{"ts": "2026-05-01T08:12:38.462886+00:00", "level": "INFO", "jobId": "e019e130-51d9-4ba8-83ee-f35a7c414f4b", "keyword": "khai trương hcm", "step": "capture", "message": "Capturing 2/∞ (viewport)…", "data": {"w": 1}, "seq": 14470}
{"ts": "2026-05-01T08:12:50.912469+00:00", "level": "INFO", "jobId": "e019e130-51d9-4ba8-83ee-f35a7c414f4b", "keyword": "khai trương hcm", "step": "capture", "message": "Saved post_002.png", "data": {"w": 1}, "seq": 14473}
{"ts": "2026-05-01T08:12:50.913977+00:00", "level": "INFO", "jobId": "e019e130-51d9-4ba8-83ee-f35a7c414f4b", "keyword": "khai trương hcm", "step": "cooldown", "message": "Cooldown 1.6s (after capture)", "data": {"w": 1}, "seq": 14474}
{"ts": "2026-05-01T08:12:53.079741+00:00", "level": "INFO", "jobId": "e019e130-51d9-4ba8-83ee-f35a7c414f4b", "keyword": "khai trương hcm", "step": "capture", "message": "Capturing 3/∞ (viewport)…", "data": {"w": 1}, "seq": 14478}
{"ts": "2026-05-01T08:12:53.162793+00:00", "level": "INFO", "jobId": "e019e130-51d9-4ba8-83ee-f35a7c414f4b", "keyword": "khai trương hcm", "step": "capture", "message": "Expanded \"Xem thêm\" (exact-class): +1 (total 1)", "data": {"w": 1}, "seq": 14479}
{"ts": "2026-05-01T08:12:53.561870+00:00", "level": "INFO", "jobId": "e019e130-51d9-4ba8-83ee-f35a7c414f4b", "keyword": "khai trương hcm", "step": "heartbeat", "message": "Worker alive", "data": {"w": 1, "elapsed_s": 49}, "seq": 14480}
{"ts": "2026-05-01T08:13:05.930240+00:00", "level": "INFO", "jobId": "e019e130-51d9-4ba8-83ee-f35a7c414f4b", "keyword": "khai trương hcm", "step": "capture", "message": "Saved post_003.png", "data": {"w": 1}, "seq": 14483}
{"ts": "2026-05-01T08:13:05.932663+00:00", "level": "INFO", "jobId": "e019e130-51d9-4ba8-83ee-f35a7c414f4b", "keyword": "khai trương hcm", "step": "cooldown", "message": "Cooldown 2.5s (after capture)", "data": {"w": 1}, "seq": 14484}
{"ts": "2026-05-01T08:13:08.945971+00:00", "level": "INFO", "jobId": "e019e130-51d9-4ba8-83ee-f35a7c414f4b", "keyword": "khai trương hcm", "step": "heartbeat", "message": "Worker alive", "data": {"w": 1, "elapsed_s": 64}, "seq": 14487}
{"ts": "2026-05-01T08:13:08.948235+00:00", "level": "INFO", "jobId": "e019e130-51d9-4ba8-83ee-f35a7c414f4b", "keyword": "khai trương hcm", "step": "capture", "message": "Capturing 4/∞ (viewport)…", "data": {"w": 1}, "seq": 14488}
{"ts": "2026-05-01T08:13:21.437526+00:00", "level": "INFO", "jobId": "e019e130-51d9-4ba8-83ee-f35a7c414f4b", "keyword": "khai trương hcm", "step": "capture", "message": "Saved post_004.png", "data": {"w": 1}, "seq": 14491}
{"ts": "2026-05-01T08:13:21.438976+00:00", "level": "INFO", "jobId": "e019e130-51d9-4ba8-83ee-f35a7c414f4b", "keyword": "khai trương hcm", "step": "cooldown", "message": "Cooldown 1.5s (after capture)", "data": {"w": 1}, "seq": 14492}
{"ts": "2026-05-01T08:13:23.524932+00:00", "level": "INFO", "jobId": "e019e130-51d9-4ba8-83ee-f35a7c414f4b", "keyword": "khai trương hcm", "step": "capture", "message": "Capturing 5/∞ (viewport)…", "data": {"w": 1}, "seq": 14493}
{"ts": "2026-05-01T08:13:23.660258+00:00", "level": "INFO", "jobId": "e019e130-51d9-4ba8-83ee-f35a7c414f4b", "keyword": "khai trương hcm", "step": "capture", "message": "Expanded \"Xem thêm\" (exact-class): +2 (total 2)", "data": {"w": 1}, "seq": 14494}
{"ts": "2026-05-01T08:13:24.071291+00:00", "level": "INFO", "jobId": "e019e130-51d9-4ba8-83ee-f35a7c414f4b", "keyword": "khai trương hcm", "step": "heartbeat", "message": "Worker alive", "data": {"w": 1, "elapsed_s": 80}, "seq": 14498}
{"ts": "2026-05-01T08:13:36.606795+00:00", "level": "INFO", "jobId": "e019e130-51d9-4ba8-83ee-f35a7c414f4b", "keyword": "khai trương hcm", "step": "capture", "message": "Saved post_005.png", "data": {"w": 1}, "seq": 14499}
{"ts": "2026-05-01T08:13:36.609343+00:00", "level": "INFO", "jobId": "e019e130-51d9-4ba8-83ee-f35a7c414f4b", "keyword": "khai trương hcm", "step": "cooldown", "message": "Cooldown 1.7s (after capture)", "data": {"w": 1}, "seq": 14500}
{"ts": "2026-05-01T08:13:38.956977+00:00", "level": "INFO", "jobId": "e019e130-51d9-4ba8-83ee-f35a7c414f4b", "keyword": "khai trương hcm", "step": "capture", "message": "Capturing 6/∞ (viewport)…", "data": {"w": 1}, "seq": 14503}
{"ts": "2026-05-01T08:13:39.456701+00:00", "level": "INFO", "jobId": "e019e130-51d9-4ba8-83ee-f35a7c414f4b", "keyword": "khai trương hcm", "step": "heartbeat", "message": "Worker alive", "data": {"w": 1, "elapsed_s": 95}, "seq": 14506}
{"ts": "2026-05-01T08:13:51.604890+00:00", "level": "INFO", "jobId": "e019e130-51d9-4ba8-83ee-f35a7c414f4b", "keyword": "khai trương hcm", "step": "capture", "message": "Saved post_006.png", "data": {"w": 1}, "seq": 14507}
{"ts": "2026-05-01T08:13:51.604890+00:00", "level": "INFO", "jobId": "e019e130-51d9-4ba8-83ee-f35a7c414f4b", "keyword": "khai trương hcm", "step": "cooldown", "message": "Cooldown 2.7s (after capture)", "data": {"w": 1}, "seq": 14508}
{"ts": "2026-05-01T08:13:54.872236+00:00", "level": "INFO", "jobId": "e019e130-51d9-4ba8-83ee-f35a7c414f4b", "keyword": "khai trương hcm", "step": "heartbeat", "message": "Worker alive", "data": {"w": 1, "elapsed_s": 110}, "seq": 14511}
{"ts": "2026-05-01T08:13:54.872925+00:00", "level": "INFO", "jobId": "e019e130-51d9-4ba8-83ee-f35a7c414f4b", "keyword": "khai trương hcm", "step": "capture", "message": "Capturing 7/∞ (viewport)…", "data": {"w": 1}, "seq": 14512}
{"ts": "2026-05-01T08:13:54.986831+00:00", "level": "INFO", "jobId": "e019e130-51d9-4ba8-83ee-f35a7c414f4b", "keyword": "khai trương hcm", "step": "capture", "message": "Expanded \"Xem thêm\" (exact-class): +2 (total 2)", "data": {"w": 1}, "seq": 14513}
{"ts": "2026-05-01T08:14:08.193634+00:00", "level": "INFO", "jobId": "e019e130-51d9-4ba8-83ee-f35a7c414f4b", "keyword": "khai trương hcm", "step": "capture", "message": "Saved post_007.png", "data": {"w": 1}, "seq": 14518}
{"ts": "2026-05-01T08:14:08.197186+00:00", "level": "INFO", "jobId": "e019e130-51d9-4ba8-83ee-f35a7c414f4b", "keyword": "khai trương hcm", "step": "cooldown", "message": "Cooldown 2.1s (after capture)", "data": {"w": 1}, "seq": 14519}
{"ts": "2026-05-01T08:14:10.916611+00:00", "level": "INFO", "jobId": "e019e130-51d9-4ba8-83ee-f35a7c414f4b", "keyword": "khai trương hcm", "step": "heartbeat", "message": "Worker alive", "data": {"w": 1, "elapsed_s": 126}, "seq": 14520}
{"ts": "2026-05-01T08:14:10.918036+00:00", "level": "INFO", "jobId": "e019e130-51d9-4ba8-83ee-f35a7c414f4b", "keyword": "khai trương hcm", "step": "capture", "message": "Capturing 8/∞ (viewport)…", "data": {"w": 1}, "seq": 14521}
{"ts": "2026-05-01T08:14:23.699206+00:00", "level": "INFO", "jobId": "e019e130-51d9-4ba8-83ee-f35a7c414f4b", "keyword": "khai trương hcm", "step": "capture", "message": "Saved post_008.png", "data": {"w": 1}, "seq": 14525}
{"ts": "2026-05-01T08:14:23.699206+00:00", "level": "INFO", "jobId": "e019e130-51d9-4ba8-83ee-f35a7c414f4b", "keyword": "khai trương hcm", "step": "cooldown", "message": "Cooldown 2.3s (after capture)", "data": {"w": 1}, "seq": 14526}
{"ts": "2026-05-01T08:14:26.532344+00:00", "level": "INFO", "jobId": "e019e130-51d9-4ba8-83ee-f35a7c414f4b", "keyword": "khai trương hcm", "step": "heartbeat", "message": "Worker alive", "data": {"w": 1, "elapsed_s": 142}, "seq": 14527}
{"ts": "2026-05-01T08:14:26.532344+00:00", "level": "INFO", "jobId": "e019e130-51d9-4ba8-83ee-f35a7c414f4b", "keyword": "khai trương hcm", "step": "capture", "message": "Capturing 9/∞ (viewport)…", "data": {"w": 1}, "seq": 14528}
{"ts": "2026-05-01T08:14:26.643894+00:00", "level": "INFO", "jobId": "e019e130-51d9-4ba8-83ee-f35a7c414f4b", "keyword": "khai trương hcm", "step": "capture", "message": "Expanded \"Xem thêm\" (exact-class): +1 (total 1)", "data": {"w": 1}, "seq": 14529}
{"ts": "2026-05-01T08:14:39.471441+00:00", "level": "INFO", "jobId": "e019e130-51d9-4ba8-83ee-f35a7c414f4b", "keyword": "khai trương hcm", "step": "capture", "message": "Saved post_009.png", "data": {"w": 1}, "seq": 14534}
{"ts": "2026-05-01T08:14:39.472669+00:00", "level": "INFO", "jobId": "e019e130-51d9-4ba8-83ee-f35a7c414f4b", "keyword": "khai trương hcm", "step": "cooldown", "message": "Cooldown 3.0s (after capture)", "data": {"w": 1}, "seq": 14535}
{"ts": "2026-05-01T08:14:43.126139+00:00", "level": "INFO", "jobId": "e019e130-51d9-4ba8-83ee-f35a7c414f4b", "keyword": "khai trương hcm", "step": "heartbeat", "message": "Worker alive", "data": {"w": 1, "elapsed_s": 159}, "seq": 14536}
{"ts": "2026-05-01T08:14:43.126981+00:00", "level": "INFO", "jobId": "e019e130-51d9-4ba8-83ee-f35a7c414f4b", "keyword": "khai trương hcm", "step": "capture", "message": "Capturing 10/∞ (viewport)…", "data": {"w": 1}, "seq": 14537}
{"ts": "2026-05-01T08:14:43.211291+00:00", "level": "INFO", "jobId": "e019e130-51d9-4ba8-83ee-f35a7c414f4b", "keyword": "khai trương hcm", "step": "capture", "message": "Expanded \"Xem thêm\" (exact-class): +1 (total 1)", "data": {"w": 1}, "seq": 14538}
{"ts": "2026-05-01T08:14:56.114613+00:00", "level": "INFO", "jobId": "e019e130-51d9-4ba8-83ee-f35a7c414f4b", "keyword": "khai trương hcm", "step": "capture", "message": "Saved post_010.png", "data": {"w": 1}, "seq": 14544}
{"ts": "2026-05-01T08:14:56.114613+00:00", "level": "INFO", "jobId": "e019e130-51d9-4ba8-83ee-f35a7c414f4b", "keyword": "khai trương hcm", "step": "cooldown", "message": "Cooldown 2.9s (after capture)", "data": {"w": 1}, "seq": 14545}
{"ts": "2026-05-01T08:14:59.617873+00:00", "level": "INFO", "jobId": "e019e130-51d9-4ba8-83ee-f35a7c414f4b", "keyword": "khai trương hcm", "step": "heartbeat", "message": "Worker alive", "data": {"w": 1, "elapsed_s": 175}, "seq": 14546}
{"ts": "2026-05-01T08:14:59.619103+00:00", "level": "INFO", "jobId": "e019e130-51d9-4ba8-83ee-f35a7c414f4b", "keyword": "khai trương hcm", "step": "capture", "message": "Capturing 11/∞ (viewport)…", "data": {"w": 1}, "seq": 14547}
{"ts": "2026-05-01T08:15:12.330477+00:00", "level": "INFO", "jobId": "e019e130-51d9-4ba8-83ee-f35a7c414f4b", "keyword": "khai trương hcm", "step": "capture", "message": "Saved post_011.png", "data": {"w": 1}, "seq": 14553}
{"ts": "2026-05-01T08:15:12.332579+00:00", "level": "INFO", "jobId": "e019e130-51d9-4ba8-83ee-f35a7c414f4b", "keyword": "khai trương hcm", "step": "cooldown", "message": "Cooldown 2.7s (after capture)", "data": {"w": 1}, "seq": 14554}
{"ts": "2026-05-01T08:15:23.504745+00:00", "level": "INFO", "jobId": "e019e130-51d9-4ba8-83ee-f35a7c414f4b", "keyword": "khai trương hcm", "step": "heartbeat", "message": "Worker alive", "data": {"w": 1, "elapsed_s": 199}, "seq": 14560}
{"ts": "2026-05-01T08:15:23.506145+00:00", "level": "INFO", "jobId": "e019e130-51d9-4ba8-83ee-f35a7c414f4b", "keyword": "khai trương hcm", "step": "capture", "message": "Capturing 12/∞ (viewport)…", "data": {"w": 1}, "seq": 14561}
{"ts": "2026-05-01T08:15:23.765698+00:00", "level": "INFO", "jobId": "e019e130-51d9-4ba8-83ee-f35a7c414f4b", "keyword": "khai trương hcm", "step": "capture", "message": "Expanded \"Xem thêm\" (exact-class): +3 (total 3)", "data": {"w": 1}, "seq": 14562}
{"ts": "2026-05-01T08:15:36.748332+00:00", "level": "INFO", "jobId": "e019e130-51d9-4ba8-83ee-f35a7c414f4b", "keyword": "khai trương hcm", "step": "capture", "message": "Saved post_012.png", "data": {"w": 1}, "seq": 14565}
{"ts": "2026-05-01T08:15:36.750843+00:00", "level": "INFO", "jobId": "e019e130-51d9-4ba8-83ee-f35a7c414f4b", "keyword": "khai trương hcm", "step": "cooldown", "message": "Cooldown 1.0s (after capture)", "data": {"w": 1}, "seq": 14567}
{"ts": "2026-05-01T08:15:38.313831+00:00", "level": "INFO", "jobId": "e019e130-51d9-4ba8-83ee-f35a7c414f4b", "keyword": "khai trương hcm", "step": "capture", "message": "Capturing 13/∞ (viewport)…", "data": {"w": 1}, "seq": 14570}
{"ts": "2026-05-01T08:15:38.866419+00:00", "level": "INFO", "jobId": "e019e130-51d9-4ba8-83ee-f35a7c414f4b", "keyword": "khai trương hcm", "step": "heartbeat", "message": "Worker alive", "data": {"w": 1, "elapsed_s": 214}, "seq": 14571}
{"ts": "2026-05-01T08:15:50.834730+00:00", "level": "INFO", "jobId": "e019e130-51d9-4ba8-83ee-f35a7c414f4b", "keyword": "khai trương hcm", "step": "capture", "message": "Saved post_013.png", "data": {"w": 1}, "seq": 14574}
{"ts": "2026-05-01T08:15:50.834730+00:00", "level": "INFO", "jobId": "e019e130-51d9-4ba8-83ee-f35a7c414f4b", "keyword": "khai trương hcm", "step": "cooldown", "message": "Cooldown 1.8s (after capture)", "data": {"w": 1}, "seq": 14575}
{"ts": "2026-05-01T08:15:53.290170+00:00", "level": "INFO", "jobId": "e019e130-51d9-4ba8-83ee-f35a7c414f4b", "keyword": "khai trương hcm", "step": "capture", "message": "Capturing 14/∞ (viewport)…", "data": {"w": 1}, "seq": 14579}
{"ts": "2026-05-01T08:15:53.470167+00:00", "level": "INFO", "jobId": "e019e130-51d9-4ba8-83ee-f35a7c414f4b", "keyword": "khai trương hcm", "step": "capture", "message": "Expanded \"Xem thêm\" (exact-class): +1 (total 1)", "data": {"w": 1}, "seq": 14580}
{"ts": "2026-05-01T08:15:53.873847+00:00", "level": "INFO", "jobId": "e019e130-51d9-4ba8-83ee-f35a7c414f4b", "keyword": "khai trương hcm", "step": "heartbeat", "message": "Worker alive", "data": {"w": 1, "elapsed_s": 229}, "seq": 14581}
{"ts": "2026-05-01T08:16:06.501991+00:00", "level": "INFO", "jobId": "e019e130-51d9-4ba8-83ee-f35a7c414f4b", "keyword": "khai trương hcm", "step": "capture", "message": "Saved post_014.png", "data": {"w": 1}, "seq": 14584}
{"ts": "2026-05-01T08:16:06.501991+00:00", "level": "INFO", "jobId": "e019e130-51d9-4ba8-83ee-f35a7c414f4b", "keyword": "khai trương hcm", "step": "cooldown", "message": "Cooldown 2.7s (after capture)", "data": {"w": 1}, "seq": 14585}
{"ts": "2026-05-01T08:16:09.862360+00:00", "level": "INFO", "jobId": "e019e130-51d9-4ba8-83ee-f35a7c414f4b", "keyword": "khai trương hcm", "step": "heartbeat", "message": "Worker alive", "data": {"w": 1, "elapsed_s": 245}, "seq": 14588}
{"ts": "2026-05-01T08:16:09.865397+00:00", "level": "INFO", "jobId": "e019e130-51d9-4ba8-83ee-f35a7c414f4b", "keyword": "khai trương hcm", "step": "capture", "message": "Capturing 15/∞ (viewport)…", "data": {"w": 1}, "seq": 14589}
{"ts": "2026-05-01T08:16:10.203952+00:00", "level": "INFO", "jobId": "e019e130-51d9-4ba8-83ee-f35a7c414f4b", "keyword": "khai trương hcm", "step": "capture", "message": "Expanded \"Xem thêm\" (exact-class): +1 (total 1)", "data": {"w": 1}, "seq": 14591}
{"ts": "2026-05-01T08:16:23.180669+00:00", "level": "INFO", "jobId": "e019e130-51d9-4ba8-83ee-f35a7c414f4b", "keyword": "khai trương hcm", "step": "capture", "message": "Saved post_015.png", "data": {"w": 1}, "seq": 14594}
{"ts": "2026-05-01T08:16:23.181845+00:00", "level": "INFO", "jobId": "e019e130-51d9-4ba8-83ee-f35a7c414f4b", "keyword": "khai trương hcm", "step": "cooldown", "message": "Cooldown 1.6s (after capture)", "data": {"w": 1}, "seq": 14595}
{"ts": "2026-05-01T08:16:25.387748+00:00", "level": "INFO", "jobId": "e019e130-51d9-4ba8-83ee-f35a7c414f4b", "keyword": "khai trương hcm", "step": "heartbeat", "message": "Worker alive", "data": {"w": 1, "elapsed_s": 261}, "seq": 14596}
{"ts": "2026-05-01T08:16:25.388785+00:00", "level": "INFO", "jobId": "e019e130-51d9-4ba8-83ee-f35a7c414f4b", "keyword": "khai trương hcm", "step": "capture", "message": "Capturing 16/∞ (viewport)…", "data": {"w": 1}, "seq": 14597}
{"ts": "2026-05-01T08:16:25.542106+00:00", "level": "INFO", "jobId": "e019e130-51d9-4ba8-83ee-f35a7c414f4b", "keyword": "khai trương hcm", "step": "capture", "message": "Expanded \"Xem thêm\" (exact-class): +1 (total 1)", "data": {"w": 1}, "seq": 14598}
{"ts": "2026-05-01T08:16:38.701173+00:00", "level": "INFO", "jobId": "e019e130-51d9-4ba8-83ee-f35a7c414f4b", "keyword": "khai trương hcm", "step": "capture", "message": "Saved post_016.png", "data": {"w": 1}, "seq": 14602}
{"ts": "2026-05-01T08:16:38.702211+00:00", "level": "INFO", "jobId": "e019e130-51d9-4ba8-83ee-f35a7c414f4b", "keyword": "khai trương hcm", "step": "cooldown", "message": "Cooldown 1.6s (after capture)", "data": {"w": 1}, "seq": 14603}
{"ts": "2026-05-01T08:16:40.927667+00:00", "level": "INFO", "jobId": "e019e130-51d9-4ba8-83ee-f35a7c414f4b", "keyword": "khai trương hcm", "step": "heartbeat", "message": "Worker alive", "data": {"w": 1, "elapsed_s": 276}, "seq": 14606}
{"ts": "2026-05-01T08:16:40.928728+00:00", "level": "INFO", "jobId": "e019e130-51d9-4ba8-83ee-f35a7c414f4b", "keyword": "khai trương hcm", "step": "capture", "message": "Capturing 17/∞ (viewport)…", "data": {"w": 1}, "seq": 14607}
{"ts": "2026-05-01T08:16:41.071958+00:00", "level": "INFO", "jobId": "e019e130-51d9-4ba8-83ee-f35a7c414f4b", "keyword": "khai trương hcm", "step": "capture", "message": "Expanded \"Xem thêm\" (exact-class): +1 (total 1)", "data": {"w": 1}, "seq": 14610}
{"ts": "2026-05-01T08:17:53.881129+00:00", "level": "INFO", "jobId": "e019e130-51d9-4ba8-83ee-f35a7c414f4b", "keyword": "khai trương hcm", "step": "capture", "message": "Viewport screenshot error (will retry): Page.screenshot: Timeout 60000ms exceeded.\nCall log:\n  - taking page screenshot\n  -   - waiting for fonts to load...\n  -   - fonts loaded\n", "data": {"w": 1}, "seq": 14617}
{"ts": "2026-05-01T08:17:53.921409+00:00", "level": "INFO", "jobId": "e019e130-51d9-4ba8-83ee-f35a7c414f4b", "keyword": "khai trương hcm", "step": "heartbeat", "message": "Worker alive", "data": {"w": 1, "elapsed_s": 349}, "seq": 14618}
{"ts": "2026-05-01T08:17:53.922540+00:00", "level": "INFO", "jobId": "e019e130-51d9-4ba8-83ee-f35a7c414f4b", "keyword": "khai trương hcm", "step": "capture", "message": "Capturing 17/∞ (viewport)…", "data": {"w": 1}, "seq": 14619}
{"ts": "2026-05-01T08:18:38.388432+00:00", "level": "INFO", "jobId": "e019e130-51d9-4ba8-83ee-f35a7c414f4b", "keyword": "khai trương hcm", "step": "capture", "message": "Saved post_017.png", "data": {"w": 1}, "seq": 14625}
{"ts": "2026-05-01T08:18:38.389941+00:00", "level": "INFO", "jobId": "e019e130-51d9-4ba8-83ee-f35a7c414f4b", "keyword": "khai trương hcm", "step": "cooldown", "message": "Cooldown 2.1s (after capture)", "data": {"w": 1}, "seq": 14626}
{"ts": "2026-05-01T08:18:41.054651+00:00", "level": "INFO", "jobId": "e019e130-51d9-4ba8-83ee-f35a7c414f4b", "keyword": "khai trương hcm", "step": "heartbeat", "message": "Worker alive", "data": {"w": 1, "elapsed_s": 397}, "seq": 14627}
{"ts": "2026-05-01T08:18:41.054651+00:00", "level": "INFO", "jobId": "e019e130-51d9-4ba8-83ee-f35a7c414f4b", "keyword": "khai trương hcm", "step": "capture", "message": "Capturing 18/∞ (viewport)…", "data": {"w": 1}, "seq": 14628}
{"ts": "2026-05-01T08:18:41.179557+00:00", "level": "INFO", "jobId": "e019e130-51d9-4ba8-83ee-f35a7c414f4b", "keyword": "khai trương hcm", "step": "capture", "message": "Expanded \"Xem thêm\" (exact-class): +1 (total 1)", "data": {"w": 1}, "seq": 14629}
{"ts": "2026-05-01T08:18:54.136467+00:00", "level": "INFO", "jobId": "e019e130-51d9-4ba8-83ee-f35a7c414f4b", "keyword": "khai trương hcm", "step": "capture", "message": "Saved post_018.png", "data": {"w": 1}, "seq": 14633}
{"ts": "2026-05-01T08:18:54.137468+00:00", "level": "INFO", "jobId": "e019e130-51d9-4ba8-83ee-f35a7c414f4b", "keyword": "khai trương hcm", "step": "cooldown", "message": "Cooldown 2.0s (after capture)", "data": {"w": 1}, "seq": 14634}
{"ts": "2026-05-01T08:18:56.875345+00:00", "level": "INFO", "jobId": "e019e130-51d9-4ba8-83ee-f35a7c414f4b", "keyword": "khai trương hcm", "step": "heartbeat", "message": "Worker alive", "data": {"w": 1, "elapsed_s": 412}, "seq": 14637}
{"ts": "2026-05-01T08:18:56.879372+00:00", "level": "INFO", "jobId": "e019e130-51d9-4ba8-83ee-f35a7c414f4b", "keyword": "khai trương hcm", "step": "capture", "message": "Capturing 19/∞ (viewport)…", "data": {"w": 1}, "seq": 14638}
{"ts": "2026-05-01T08:18:57.114654+00:00", "level": "INFO", "jobId": "e019e130-51d9-4ba8-83ee-f35a7c414f4b", "keyword": "khai trương hcm", "step": "capture", "message": "Expanded \"Xem thêm\" (exact-class): +1 (total 1)", "data": {"w": 1}, "seq": 14641}
{"ts": "2026-05-01T08:19:10.202935+00:00", "level": "INFO", "jobId": "e019e130-51d9-4ba8-83ee-f35a7c414f4b", "keyword": "khai trương hcm", "step": "capture", "message": "Saved post_019.png", "data": {"w": 1}, "seq": 14644}
{"ts": "2026-05-01T08:19:10.202935+00:00", "level": "INFO", "jobId": "e019e130-51d9-4ba8-83ee-f35a7c414f4b", "keyword": "khai trương hcm", "step": "cooldown", "message": "Cooldown 3.0s (after capture)", "data": {"w": 1}, "seq": 14645}
{"ts": "2026-05-01T08:19:13.922317+00:00", "level": "INFO", "jobId": "e019e130-51d9-4ba8-83ee-f35a7c414f4b", "keyword": "khai trương hcm", "step": "heartbeat", "message": "Worker alive", "data": {"w": 1, "elapsed_s": 429}, "seq": 14649}
{"ts": "2026-05-01T08:19:13.923561+00:00", "level": "INFO", "jobId": "e019e130-51d9-4ba8-83ee-f35a7c414f4b", "keyword": "khai trương hcm", "step": "capture", "message": "Capturing 20/∞ (viewport)…", "data": {"w": 1}, "seq": 14650}
{"ts": "2026-05-01T08:19:14.453713+00:00", "level": "INFO", "jobId": "e019e130-51d9-4ba8-83ee-f35a7c414f4b", "keyword": "khai trương hcm", "step": "capture", "message": "Expanded \"Xem thêm\" (exact-class): +1 (total 1)", "data": {"w": 1}, "seq": 14651}
{"ts": "2026-05-01T08:19:27.833959+00:00", "level": "INFO", "jobId": "e019e130-51d9-4ba8-83ee-f35a7c414f4b", "keyword": "khai trương hcm", "step": "capture", "message": "Saved post_020.png", "data": {"w": 1}, "seq": 14656}
{"ts": "2026-05-01T08:19:27.834980+00:00", "level": "INFO", "jobId": "e019e130-51d9-4ba8-83ee-f35a7c414f4b", "keyword": "khai trương hcm", "step": "cooldown", "message": "Cooldown 2.9s (after capture)", "data": {"w": 1}, "seq": 14657}
{"ts": "2026-05-01T08:19:31.357639+00:00", "level": "INFO", "jobId": "e019e130-51d9-4ba8-83ee-f35a7c414f4b", "keyword": "khai trương hcm", "step": "heartbeat", "message": "Worker alive", "data": {"w": 1, "elapsed_s": 447}, "seq": 14659}
{"ts": "2026-05-01T08:19:31.357639+00:00", "level": "INFO", "jobId": "e019e130-51d9-4ba8-83ee-f35a7c414f4b", "keyword": "khai trương hcm", "step": "capture", "message": "Capturing 21/∞ (viewport)…", "data": {"w": 1}, "seq": 14660}
{"ts": "2026-05-01T08:19:31.473453+00:00", "level": "INFO", "jobId": "e019e130-51d9-4ba8-83ee-f35a7c414f4b", "keyword": "khai trương hcm", "step": "capture", "message": "Expanded \"Xem thêm\" (exact-class): +2 (total 2)", "data": {"w": 1}, "seq": 14661}
{"ts": "2026-05-01T08:19:44.214815+00:00", "level": "INFO", "jobId": "e019e130-51d9-4ba8-83ee-f35a7c414f4b", "keyword": "khai trương hcm", "step": "capture", "message": "Saved post_021.png", "data": {"w": 1}, "seq": 14666}
{"ts": "2026-05-01T08:19:44.214815+00:00", "level": "INFO", "jobId": "e019e130-51d9-4ba8-83ee-f35a7c414f4b", "keyword": "khai trương hcm", "step": "cooldown", "message": "Cooldown 1.8s (after capture)", "data": {"w": 1}, "seq": 14667}
{"ts": "2026-05-01T08:19:46.619656+00:00", "level": "INFO", "jobId": "e019e130-51d9-4ba8-83ee-f35a7c414f4b", "keyword": "khai trương hcm", "step": "heartbeat", "message": "Worker alive", "data": {"w": 1, "elapsed_s": 462}, "seq": 14668}
{"ts": "2026-05-01T08:19:46.619656+00:00", "level": "INFO", "jobId": "e019e130-51d9-4ba8-83ee-f35a7c414f4b", "keyword": "khai trương hcm", "step": "capture", "message": "Capturing 22/∞ (viewport)…", "data": {"w": 1}, "seq": 14669}
{"ts": "2026-05-01T08:19:59.320699+00:00", "level": "INFO", "jobId": "e019e130-51d9-4ba8-83ee-f35a7c414f4b", "keyword": "khai trương hcm", "step": "capture", "message": "Saved post_022.png", "data": {"w": 1}, "seq": 14672}
{"ts": "2026-05-01T08:19:59.321826+00:00", "level": "INFO", "jobId": "e019e130-51d9-4ba8-83ee-f35a7c414f4b", "keyword": "khai trương hcm", "step": "cooldown", "message": "Cooldown 1.9s (after capture)", "data": {"w": 1}, "seq": 14673}
{"ts": "2026-05-01T08:20:01.784042+00:00", "level": "INFO", "jobId": "e019e130-51d9-4ba8-83ee-f35a7c414f4b", "keyword": "khai trương hcm", "step": "heartbeat", "message": "Worker alive", "data": {"w": 1, "elapsed_s": 477}, "seq": 14677}
{"ts": "2026-05-01T08:20:01.784042+00:00", "level": "INFO", "jobId": "e019e130-51d9-4ba8-83ee-f35a7c414f4b", "keyword": "khai trương hcm", "step": "capture", "message": "Capturing 23/∞ (viewport)…", "data": {"w": 1}, "seq": 14678}
{"ts": "2026-05-01T08:20:01.854654+00:00", "level": "INFO", "jobId": "e019e130-51d9-4ba8-83ee-f35a7c414f4b", "keyword": "khai trương hcm", "step": "capture", "message": "Expanded \"Xem thêm\" (exact-class): +1 (total 1)", "data": {"w": 1}, "seq": 14679}
{"ts": "2026-05-01T08:20:14.952186+00:00", "level": "INFO", "jobId": "e019e130-51d9-4ba8-83ee-f35a7c414f4b", "keyword": "khai trương hcm", "step": "capture", "message": "Saved post_023.png", "data": {"w": 1}, "seq": 14682}
{"ts": "2026-05-01T08:20:14.953501+00:00", "level": "INFO", "jobId": "e019e130-51d9-4ba8-83ee-f35a7c414f4b", "keyword": "khai trương hcm", "step": "cooldown", "message": "Cooldown 1.5s (after capture)", "data": {"w": 1}, "seq": 14683}
{"ts": "2026-05-01T08:20:17.076930+00:00", "level": "INFO", "jobId": "e019e130-51d9-4ba8-83ee-f35a7c414f4b", "keyword": "khai trương hcm", "step": "heartbeat", "message": "Worker alive", "data": {"w": 1, "elapsed_s": 493}, "seq": 14687}
{"ts": "2026-05-01T08:20:17.078034+00:00", "level": "INFO", "jobId": "e019e130-51d9-4ba8-83ee-f35a7c414f4b", "keyword": "khai trương hcm", "step": "capture", "message": "Capturing 24/∞ (viewport)…", "data": {"w": 1}, "seq": 14688}
{"ts": "2026-05-01T08:20:17.259441+00:00", "level": "INFO", "jobId": "e019e130-51d9-4ba8-83ee-f35a7c414f4b", "keyword": "khai trương hcm", "step": "capture", "message": "Expanded \"Xem thêm\" (exact-class): +1 (total 1)", "data": {"w": 1}, "seq": 14689}
{"ts": "2026-05-01T08:20:30.196218+00:00", "level": "INFO", "jobId": "e019e130-51d9-4ba8-83ee-f35a7c414f4b", "keyword": "khai trương hcm", "step": "capture", "message": "Saved post_024.png", "data": {"w": 1}, "seq": 14692}
{"ts": "2026-05-01T08:20:30.197223+00:00", "level": "INFO", "jobId": "e019e130-51d9-4ba8-83ee-f35a7c414f4b", "keyword": "khai trương hcm", "step": "cooldown", "message": "Cooldown 1.6s (after capture)", "data": {"w": 1}, "seq": 14693}
{"ts": "2026-05-01T08:20:32.593300+00:00", "level": "INFO", "jobId": "e019e130-51d9-4ba8-83ee-f35a7c414f4b", "keyword": "khai trương hcm", "step": "heartbeat", "message": "Worker alive", "data": {"w": 1, "elapsed_s": 508}, "seq": 14696}
{"ts": "2026-05-01T08:20:32.594300+00:00", "level": "INFO", "jobId": "e019e130-51d9-4ba8-83ee-f35a7c414f4b", "keyword": "khai trương hcm", "step": "capture", "message": "Capturing 25/∞ (viewport)…", "data": {"w": 1}, "seq": 14697}
{"ts": "2026-05-01T08:20:32.749386+00:00", "level": "INFO", "jobId": "e019e130-51d9-4ba8-83ee-f35a7c414f4b", "keyword": "khai trương hcm", "step": "capture", "message": "Expanded \"Xem thêm\" (exact-class): +1 (total 1)", "data": {"w": 1}, "seq": 14698}
{"ts": "2026-05-01T08:20:45.865514+00:00", "level": "INFO", "jobId": "e019e130-51d9-4ba8-83ee-f35a7c414f4b", "keyword": "khai trương hcm", "step": "capture", "message": "Saved post_025.png", "data": {"w": 1}, "seq": 14701}
{"ts": "2026-05-01T08:20:45.866846+00:00", "level": "INFO", "jobId": "e019e130-51d9-4ba8-83ee-f35a7c414f4b", "keyword": "khai trương hcm", "step": "cooldown", "message": "Cooldown 2.9s (after capture)", "data": {"w": 1}, "seq": 14702}
{"ts": "2026-05-01T08:20:49.326395+00:00", "level": "INFO", "jobId": "e019e130-51d9-4ba8-83ee-f35a7c414f4b", "keyword": "khai trương hcm", "step": "heartbeat", "message": "Worker alive", "data": {"w": 1, "elapsed_s": 525}, "seq": 14706}
{"ts": "2026-05-01T08:20:49.329415+00:00", "level": "INFO", "jobId": "e019e130-51d9-4ba8-83ee-f35a7c414f4b", "keyword": "khai trương hcm", "step": "capture", "message": "Capturing 26/∞ (viewport)…", "data": {"w": 1}, "seq": 14707}
{"ts": "2026-05-01T08:20:49.507243+00:00", "level": "INFO", "jobId": "e019e130-51d9-4ba8-83ee-f35a7c414f4b", "keyword": "khai trương hcm", "step": "capture", "message": "Expanded \"Xem thêm\" (exact-class): +1 (total 1)", "data": {"w": 1}, "seq": 14708}
{"ts": "2026-05-01T08:21:02.384230+00:00", "level": "INFO", "jobId": "e019e130-51d9-4ba8-83ee-f35a7c414f4b", "keyword": "khai trương hcm", "step": "capture", "message": "Saved post_026.png", "data": {"w": 1}, "seq": 14711}
{"ts": "2026-05-01T08:21:02.384230+00:00", "level": "INFO", "jobId": "e019e130-51d9-4ba8-83ee-f35a7c414f4b", "keyword": "khai trương hcm", "step": "cooldown", "message": "Cooldown 2.9s (after capture)", "data": {"w": 1}, "seq": 14712}
{"ts": "2026-05-01T08:21:06.440492+00:00", "level": "INFO", "jobId": "e019e130-51d9-4ba8-83ee-f35a7c414f4b", "keyword": "khai trương hcm", "step": "heartbeat", "message": "Worker alive", "data": {"w": 1, "elapsed_s": 542}, "seq": 14716}
{"ts": "2026-05-01T08:21:06.442497+00:00", "level": "INFO", "jobId": "e019e130-51d9-4ba8-83ee-f35a7c414f4b", "keyword": "khai trương hcm", "step": "capture", "message": "Capturing 27/∞ (viewport)…", "data": {"w": 1}, "seq": 14717}
{"ts": "2026-05-01T08:21:06.788912+00:00", "level": "INFO", "jobId": "e019e130-51d9-4ba8-83ee-f35a7c414f4b", "keyword": "khai trương hcm", "step": "capture", "message": "Expanded \"Xem thêm\" (exact-class): +1 (total 1)", "data": {"w": 1}, "seq": 14718}
{"ts": "2026-05-01T08:21:20.352931+00:00", "level": "INFO", "jobId": "e019e130-51d9-4ba8-83ee-f35a7c414f4b", "keyword": "khai trương hcm", "step": "capture", "message": "Saved post_027.png", "data": {"w": 1}, "seq": 14723}
{"ts": "2026-05-01T08:21:20.355358+00:00", "level": "INFO", "jobId": "e019e130-51d9-4ba8-83ee-f35a7c414f4b", "keyword": "khai trương hcm", "step": "cooldown", "message": "Cooldown 2.5s (after capture)", "data": {"w": 1}, "seq": 14724}
{"ts": "2026-05-01T08:21:23.537207+00:00", "level": "INFO", "jobId": "e019e130-51d9-4ba8-83ee-f35a7c414f4b", "keyword": "khai trương hcm", "step": "heartbeat", "message": "Worker alive", "data": {"w": 1, "elapsed_s": 559}, "seq": 14725}
{"ts": "2026-05-01T08:21:23.539382+00:00", "level": "INFO", "jobId": "e019e130-51d9-4ba8-83ee-f35a7c414f4b", "keyword": "khai trương hcm", "step": "capture", "message": "Capturing 28/∞ (viewport)…", "data": {"w": 1}, "seq": 14726}
{"ts": "2026-05-01T08:21:36.197344+00:00", "level": "INFO", "jobId": "e019e130-51d9-4ba8-83ee-f35a7c414f4b", "keyword": "khai trương hcm", "step": "capture", "message": "Saved post_028.png", "data": {"w": 1}, "seq": 14732}
{"ts": "2026-05-01T08:21:36.200619+00:00", "level": "INFO", "jobId": "e019e130-51d9-4ba8-83ee-f35a7c414f4b", "keyword": "khai trương hcm", "step": "cooldown", "message": "Cooldown 1.2s (after capture)", "data": {"w": 1}, "seq": 14733}
{"ts": "2026-05-01T08:21:38.184792+00:00", "level": "INFO", "jobId": "e019e130-51d9-4ba8-83ee-f35a7c414f4b", "keyword": "khai trương hcm", "step": "capture", "message": "Capturing 29/∞ (viewport)…", "data": {"w": 1}, "seq": 14734}
{"ts": "2026-05-01T08:21:38.820244+00:00", "level": "INFO", "jobId": "e019e130-51d9-4ba8-83ee-f35a7c414f4b", "keyword": "khai trương hcm", "step": "capture", "message": "Expanded \"Xem thêm\" (exact-class): +1 (total 1)", "data": {"w": 1}, "seq": 14735}
{"ts": "2026-05-01T08:21:41.315832+00:00", "level": "INFO", "jobId": "e019e130-51d9-4ba8-83ee-f35a7c414f4b", "keyword": "khai trương hcm", "step": "heartbeat", "message": "Worker alive", "data": {"w": 1, "elapsed_s": 577}, "seq": 14736}
{"ts": "2026-05-01T08:21:54.021919+00:00", "level": "INFO", "jobId": "e019e130-51d9-4ba8-83ee-f35a7c414f4b", "keyword": "khai trương hcm", "step": "capture", "message": "Saved post_029.png", "data": {"w": 1}, "seq": 14741}
{"ts": "2026-05-01T08:21:54.024932+00:00", "level": "INFO", "jobId": "e019e130-51d9-4ba8-83ee-f35a7c414f4b", "keyword": "khai trương hcm", "step": "cooldown", "message": "Cooldown 2.1s (after capture)", "data": {"w": 1}, "seq": 14742}
{"ts": "2026-05-01T08:21:56.722891+00:00", "level": "INFO", "jobId": "e019e130-51d9-4ba8-83ee-f35a7c414f4b", "keyword": "khai trương hcm", "step": "heartbeat", "message": "Worker alive", "data": {"w": 1, "elapsed_s": 592}, "seq": 14743}
{"ts": "2026-05-01T08:21:56.724180+00:00", "level": "INFO", "jobId": "e019e130-51d9-4ba8-83ee-f35a7c414f4b", "keyword": "khai trương hcm", "step": "capture", "message": "Capturing 30/∞ (viewport)…", "data": {"w": 1}, "seq": 14744}
{"ts": "2026-05-01T08:21:56.839613+00:00", "level": "INFO", "jobId": "e019e130-51d9-4ba8-83ee-f35a7c414f4b", "keyword": "khai trương hcm", "step": "capture", "message": "Expanded \"Xem thêm\" (exact-class): +1 (total 1)", "data": {"w": 1}, "seq": 14745}
{"ts": "2026-05-01T08:22:09.997476+00:00", "level": "INFO", "jobId": "e019e130-51d9-4ba8-83ee-f35a7c414f4b", "keyword": "khai trương hcm", "step": "capture", "message": "Saved post_030.png", "data": {"w": 1}, "seq": 14751}
{"ts": "2026-05-01T08:22:09.999313+00:00", "level": "INFO", "jobId": "e019e130-51d9-4ba8-83ee-f35a7c414f4b", "keyword": "khai trương hcm", "step": "cooldown", "message": "Cooldown 2.4s (after capture)", "data": {"w": 1}, "seq": 14752}
{"ts": "2026-05-01T08:22:12.986362+00:00", "level": "INFO", "jobId": "e019e130-51d9-4ba8-83ee-f35a7c414f4b", "keyword": "khai trương hcm", "step": "heartbeat", "message": "Worker alive", "data": {"w": 1, "elapsed_s": 608}, "seq": 14753}
{"ts": "2026-05-01T08:22:12.998313+00:00", "level": "INFO", "jobId": "e019e130-51d9-4ba8-83ee-f35a7c414f4b", "keyword": "khai trương hcm", "step": "capture", "message": "Capturing 31/∞ (viewport)…", "data": {"w": 1}, "seq": 14754}
{"ts": "2026-05-01T08:22:13.136054+00:00", "level": "INFO", "jobId": "e019e130-51d9-4ba8-83ee-f35a7c414f4b", "keyword": "khai trương hcm", "step": "capture", "message": "Expanded \"Xem thêm\" (exact-class): +1 (total 1)", "data": {"w": 1}, "seq": 14755}
{"ts": "2026-05-01T08:22:25.995724+00:00", "level": "INFO", "jobId": "e019e130-51d9-4ba8-83ee-f35a7c414f4b", "keyword": "khai trương hcm", "step": "capture", "message": "Saved post_031.png", "data": {"w": 1}, "seq": 14761}
{"ts": "2026-05-01T08:22:26.007208+00:00", "level": "INFO", "jobId": "e019e130-51d9-4ba8-83ee-f35a7c414f4b", "keyword": "khai trương hcm", "step": "cooldown", "message": "Cooldown 2.4s (after capture)", "data": {"w": 1}, "seq": 14762}
{"ts": "2026-05-01T08:22:29.071493+00:00", "level": "INFO", "jobId": "e019e130-51d9-4ba8-83ee-f35a7c414f4b", "keyword": "khai trương hcm", "step": "heartbeat", "message": "Worker alive", "data": {"w": 1, "elapsed_s": 625}, "seq": 14763}
{"ts": "2026-05-01T08:22:29.072493+00:00", "level": "INFO", "jobId": "e019e130-51d9-4ba8-83ee-f35a7c414f4b", "keyword": "khai trương hcm", "step": "capture", "message": "Capturing 32/∞ (viewport)…", "data": {"w": 1}, "seq": 14764}
{"ts": "2026-05-01T08:22:29.205326+00:00", "level": "INFO", "jobId": "e019e130-51d9-4ba8-83ee-f35a7c414f4b", "keyword": "khai trương hcm", "step": "capture", "message": "Expanded \"Xem thêm\" (exact-class): +1 (total 1)", "data": {"w": 1}, "seq": 14765}
{"ts": "2026-05-01T08:22:42.582318+00:00", "level": "INFO", "jobId": "e019e130-51d9-4ba8-83ee-f35a7c414f4b", "keyword": "khai trương hcm", "step": "capture", "message": "Saved post_032.png", "data": {"w": 1}, "seq": 14771}
{"ts": "2026-05-01T08:22:42.584373+00:00", "level": "INFO", "jobId": "e019e130-51d9-4ba8-83ee-f35a7c414f4b", "keyword": "khai trương hcm", "step": "cooldown", "message": "Cooldown 2.4s (after capture)", "data": {"w": 1}, "seq": 14772}
{"ts": "2026-05-01T08:22:45.817835+00:00", "level": "INFO", "jobId": "e019e130-51d9-4ba8-83ee-f35a7c414f4b", "keyword": "khai trương hcm", "step": "heartbeat", "message": "Worker alive", "data": {"w": 1, "elapsed_s": 641}, "seq": 14773}
{"ts": "2026-05-01T08:22:45.829621+00:00", "level": "INFO", "jobId": "e019e130-51d9-4ba8-83ee-f35a7c414f4b", "keyword": "khai trương hcm", "step": "capture", "message": "Capturing 33/∞ (viewport)…", "data": {"w": 1}, "seq": 14774}
{"ts": "2026-05-01T08:22:46.312812+00:00", "level": "INFO", "jobId": "e019e130-51d9-4ba8-83ee-f35a7c414f4b", "keyword": "khai trương hcm", "step": "capture", "message": "Expanded \"Xem thêm\" (exact-class): +1 (total 1)", "data": {"w": 1}, "seq": 14775}
{"ts": "2026-05-01T08:22:59.363153+00:00", "level": "INFO", "jobId": "e019e130-51d9-4ba8-83ee-f35a7c414f4b", "keyword": "khai trương hcm", "step": "capture", "message": "Saved post_033.png", "data": {"w": 1}, "seq": 14781}
{"ts": "2026-05-01T08:22:59.363153+00:00", "level": "INFO", "jobId": "e019e130-51d9-4ba8-83ee-f35a7c414f4b", "keyword": "khai trương hcm", "step": "cooldown", "message": "Cooldown 1.1s (after capture)", "data": {"w": 1}, "seq": 14782}
{"ts": "2026-05-01T08:23:01.071003+00:00", "level": "INFO", "jobId": "e019e130-51d9-4ba8-83ee-f35a7c414f4b", "keyword": "khai trương hcm", "step": "heartbeat", "message": "Worker alive", "data": {"w": 1, "elapsed_s": 657}, "seq": 14783}
{"ts": "2026-05-01T08:23:01.083614+00:00", "level": "INFO", "jobId": "e019e130-51d9-4ba8-83ee-f35a7c414f4b", "keyword": "khai trương hcm", "step": "capture", "message": "Capturing 34/∞ (viewport)…", "data": {"w": 1}, "seq": 14784}
{"ts": "2026-05-01T08:23:14.249845+00:00", "level": "INFO", "jobId": "e019e130-51d9-4ba8-83ee-f35a7c414f4b", "keyword": "khai trương hcm", "step": "capture", "message": "Saved post_034.png", "data": {"w": 1}, "seq": 14789}
{"ts": "2026-05-01T08:23:14.250845+00:00", "level": "INFO", "jobId": "e019e130-51d9-4ba8-83ee-f35a7c414f4b", "keyword": "khai trương hcm", "step": "cooldown", "message": "Cooldown 1.2s (after capture)", "data": {"w": 1}, "seq": 14790}
{"ts": "2026-05-01T08:23:16.143420+00:00", "level": "INFO", "jobId": "e019e130-51d9-4ba8-83ee-f35a7c414f4b", "keyword": "khai trương hcm", "step": "heartbeat", "message": "Worker alive", "data": {"w": 1, "elapsed_s": 672}, "seq": 14791}
{"ts": "2026-05-01T08:23:16.144442+00:00", "level": "INFO", "jobId": "e019e130-51d9-4ba8-83ee-f35a7c414f4b", "keyword": "khai trương hcm", "step": "capture", "message": "Capturing 35/∞ (viewport)…", "data": {"w": 1}, "seq": 14792}
{"ts": "2026-05-01T08:23:16.401704+00:00", "level": "INFO", "jobId": "e019e130-51d9-4ba8-83ee-f35a7c414f4b", "keyword": "khai trương hcm", "step": "capture", "message": "Expanded \"Xem thêm\" (exact-class): +2 (total 2)", "data": {"w": 1}, "seq": 14793}
{"ts": "2026-05-01T08:23:29.570046+00:00", "level": "INFO", "jobId": "e019e130-51d9-4ba8-83ee-f35a7c414f4b", "keyword": "khai trương hcm", "step": "capture", "message": "Saved post_035.png", "data": {"w": 1}, "seq": 14799}
{"ts": "2026-05-01T08:23:29.570046+00:00", "level": "INFO", "jobId": "e019e130-51d9-4ba8-83ee-f35a7c414f4b", "keyword": "khai trương hcm", "step": "cooldown", "message": "Cooldown 2.8s (after capture)", "data": {"w": 1}, "seq": 14800}
{"ts": "2026-05-01T08:23:32.961193+00:00", "level": "INFO", "jobId": "e019e130-51d9-4ba8-83ee-f35a7c414f4b", "keyword": "khai trương hcm", "step": "heartbeat", "message": "Worker alive", "data": {"w": 1, "elapsed_s": 688}, "seq": 14801}
{"ts": "2026-05-01T08:23:32.962298+00:00", "level": "INFO", "jobId": "e019e130-51d9-4ba8-83ee-f35a7c414f4b", "keyword": "khai trương hcm", "step": "capture", "message": "Capturing 36/∞ (viewport)…", "data": {"w": 1}, "seq": 14802}
{"ts": "2026-05-01T08:23:45.804048+00:00", "level": "INFO", "jobId": "e019e130-51d9-4ba8-83ee-f35a7c414f4b", "keyword": "khai trương hcm", "step": "capture", "message": "Saved post_036.png", "data": {"w": 1}, "seq": 14808}
{"ts": "2026-05-01T08:23:45.804616+00:00", "level": "INFO", "jobId": "e019e130-51d9-4ba8-83ee-f35a7c414f4b", "keyword": "khai trương hcm", "step": "cooldown", "message": "Cooldown 2.2s (after capture)", "data": {"w": 1}, "seq": 14809}
{"ts": "2026-05-01T08:23:48.660825+00:00", "level": "INFO", "jobId": "e019e130-51d9-4ba8-83ee-f35a7c414f4b", "keyword": "khai trương hcm", "step": "heartbeat", "message": "Worker alive", "data": {"w": 1, "elapsed_s": 704}, "seq": 14810}
{"ts": "2026-05-01T08:23:48.661846+00:00", "level": "INFO", "jobId": "e019e130-51d9-4ba8-83ee-f35a7c414f4b", "keyword": "khai trương hcm", "step": "capture", "message": "Capturing 37/∞ (viewport)…", "data": {"w": 1}, "seq": 14811}
{"ts": "2026-05-01T08:23:48.813275+00:00", "level": "INFO", "jobId": "e019e130-51d9-4ba8-83ee-f35a7c414f4b", "keyword": "khai trương hcm", "step": "capture", "message": "Expanded \"Xem thêm\" (exact-class): +2 (total 2)", "data": {"w": 1}, "seq": 14812}
{"ts": "2026-05-01T08:24:01.923065+00:00", "level": "INFO", "jobId": "e019e130-51d9-4ba8-83ee-f35a7c414f4b", "keyword": "khai trương hcm", "step": "capture", "message": "Saved post_037.png", "data": {"w": 1}, "seq": 14818}
{"ts": "2026-05-01T08:24:01.923065+00:00", "level": "INFO", "jobId": "e019e130-51d9-4ba8-83ee-f35a7c414f4b", "keyword": "khai trương hcm", "step": "cooldown", "message": "Cooldown 1.3s (after capture)", "data": {"w": 1}, "seq": 14819}
{"ts": "2026-05-01T08:24:03.859465+00:00", "level": "INFO", "jobId": "e019e130-51d9-4ba8-83ee-f35a7c414f4b", "keyword": "khai trương hcm", "step": "heartbeat", "message": "Worker alive", "data": {"w": 1, "elapsed_s": 719}, "seq": 14820}
{"ts": "2026-05-01T08:24:03.860022+00:00", "level": "INFO", "jobId": "e019e130-51d9-4ba8-83ee-f35a7c414f4b", "keyword": "khai trương hcm", "step": "capture", "message": "Capturing 38/∞ (viewport)…", "data": {"w": 1}, "seq": 14821}
{"ts": "2026-05-01T08:24:03.967065+00:00", "level": "INFO", "jobId": "e019e130-51d9-4ba8-83ee-f35a7c414f4b", "keyword": "khai trương hcm", "step": "capture", "message": "Expanded \"Xem thêm\" (exact-class): +1 (total 1)", "data": {"w": 1}, "seq": 14822}
{"ts": "2026-05-01T08:24:16.806799+00:00", "level": "INFO", "jobId": "e019e130-51d9-4ba8-83ee-f35a7c414f4b", "keyword": "khai trương hcm", "step": "capture", "message": "Saved post_038.png", "data": {"w": 1}, "seq": 14828}
{"ts": "2026-05-01T08:24:16.817890+00:00", "level": "INFO", "jobId": "e019e130-51d9-4ba8-83ee-f35a7c414f4b", "keyword": "khai trương hcm", "step": "cooldown", "message": "Cooldown 2.7s (after capture)", "data": {"w": 1}, "seq": 14829}
{"ts": "2026-05-01T08:24:20.090863+00:00", "level": "INFO", "jobId": "e019e130-51d9-4ba8-83ee-f35a7c414f4b", "keyword": "khai trương hcm", "step": "heartbeat", "message": "Worker alive", "data": {"w": 1, "elapsed_s": 736}, "seq": 14830}
{"ts": "2026-05-01T08:24:20.093554+00:00", "level": "INFO", "jobId": "e019e130-51d9-4ba8-83ee-f35a7c414f4b", "keyword": "khai trương hcm", "step": "capture", "message": "Capturing 39/∞ (viewport)…", "data": {"w": 1}, "seq": 14831}
{"ts": "2026-05-01T08:24:20.216690+00:00", "level": "INFO", "jobId": "e019e130-51d9-4ba8-83ee-f35a7c414f4b", "keyword": "khai trương hcm", "step": "capture", "message": "Expanded \"Xem thêm\" (exact-class): +1 (total 1)", "data": {"w": 1}, "seq": 14832}
{"ts": "2026-05-01T08:24:33.422607+00:00", "level": "INFO", "jobId": "e019e130-51d9-4ba8-83ee-f35a7c414f4b", "keyword": "khai trương hcm", "step": "capture", "message": "Saved post_039.png", "data": {"w": 1}, "seq": 14838}
{"ts": "2026-05-01T08:24:33.422607+00:00", "level": "INFO", "jobId": "e019e130-51d9-4ba8-83ee-f35a7c414f4b", "keyword": "khai trương hcm", "step": "cooldown", "message": "Cooldown 1.4s (after capture)", "data": {"w": 1}, "seq": 14839}
{"ts": "2026-05-01T08:24:35.541556+00:00", "level": "INFO", "jobId": "e019e130-51d9-4ba8-83ee-f35a7c414f4b", "keyword": "khai trương hcm", "step": "heartbeat", "message": "Worker alive", "data": {"w": 1, "elapsed_s": 751}, "seq": 14840}
{"ts": "2026-05-01T08:24:35.542464+00:00", "level": "INFO", "jobId": "e019e130-51d9-4ba8-83ee-f35a7c414f4b", "keyword": "khai trương hcm", "step": "capture", "message": "Capturing 40/∞ (viewport)…", "data": {"w": 1}, "seq": 14841}
{"ts": "2026-05-01T08:24:49.262535+00:00", "level": "INFO", "jobId": "e019e130-51d9-4ba8-83ee-f35a7c414f4b", "keyword": "khai trương hcm", "step": "capture", "message": "Saved post_040.png", "data": {"w": 1}, "seq": 14847}
{"ts": "2026-05-01T08:24:49.263535+00:00", "level": "INFO", "jobId": "e019e130-51d9-4ba8-83ee-f35a7c414f4b", "keyword": "khai trương hcm", "step": "cooldown", "message": "Cooldown 2.5s (after capture)", "data": {"w": 1}, "seq": 14848}
{"ts": "2026-05-01T08:24:52.856583+00:00", "level": "INFO", "jobId": "e019e130-51d9-4ba8-83ee-f35a7c414f4b", "keyword": "khai trương hcm", "step": "heartbeat", "message": "Worker alive", "data": {"w": 1, "elapsed_s": 768}, "seq": 14849}
{"ts": "2026-05-01T08:24:52.858606+00:00", "level": "INFO", "jobId": "e019e130-51d9-4ba8-83ee-f35a7c414f4b", "keyword": "khai trương hcm", "step": "capture", "message": "Capturing 41/∞ (viewport)…", "data": {"w": 1}, "seq": 14850}
{"ts": "2026-05-01T08:24:53.352042+00:00", "level": "INFO", "jobId": "e019e130-51d9-4ba8-83ee-f35a7c414f4b", "keyword": "khai trương hcm", "step": "capture", "message": "Expanded \"Xem thêm\" (exact-class): +2 (total 2)", "data": {"w": 1}, "seq": 14851}
{"ts": "2026-05-01T08:25:07.176944+00:00", "level": "INFO", "jobId": "e019e130-51d9-4ba8-83ee-f35a7c414f4b", "keyword": "khai trương hcm", "step": "capture", "message": "Saved post_041.png", "data": {"w": 1}, "seq": 14856}
{"ts": "2026-05-01T08:25:07.178688+00:00", "level": "INFO", "jobId": "e019e130-51d9-4ba8-83ee-f35a7c414f4b", "keyword": "khai trương hcm", "step": "cooldown", "message": "Cooldown 1.1s (after capture)", "data": {"w": 1}, "seq": 14857}
{"ts": "2026-05-01T08:25:09.155955+00:00", "level": "INFO", "jobId": "e019e130-51d9-4ba8-83ee-f35a7c414f4b", "keyword": "khai trương hcm", "step": "heartbeat", "message": "Worker alive", "data": {"w": 1, "elapsed_s": 785}, "seq": 14858}
{"ts": "2026-05-01T08:25:09.158470+00:00", "level": "INFO", "jobId": "e019e130-51d9-4ba8-83ee-f35a7c414f4b", "keyword": "khai trương hcm", "step": "capture", "message": "Capturing 42/∞ (viewport)…", "data": {"w": 1}, "seq": 14859}
{"ts": "2026-05-01T08:25:22.789827+00:00", "level": "INFO", "jobId": "e019e130-51d9-4ba8-83ee-f35a7c414f4b", "keyword": "khai trương hcm", "step": "capture", "message": "Saved post_042.png", "data": {"w": 1}, "seq": 14865}
{"ts": "2026-05-01T08:25:22.793846+00:00", "level": "INFO", "jobId": "e019e130-51d9-4ba8-83ee-f35a7c414f4b", "keyword": "khai trương hcm", "step": "cooldown", "message": "Cooldown 1.8s (after capture)", "data": {"w": 1}, "seq": 14866}
{"ts": "2026-05-01T08:25:25.418252+00:00", "level": "INFO", "jobId": "e019e130-51d9-4ba8-83ee-f35a7c414f4b", "keyword": "khai trương hcm", "step": "heartbeat", "message": "Worker alive", "data": {"w": 1, "elapsed_s": 801}, "seq": 14867}
{"ts": "2026-05-01T08:25:25.431507+00:00", "level": "INFO", "jobId": "e019e130-51d9-4ba8-83ee-f35a7c414f4b", "keyword": "khai trương hcm", "step": "capture", "message": "Capturing 43/∞ (viewport)…", "data": {"w": 1}, "seq": 14868}
{"ts": "2026-05-01T08:25:25.783660+00:00", "level": "INFO", "jobId": "e019e130-51d9-4ba8-83ee-f35a7c414f4b", "keyword": "khai trương hcm", "step": "capture", "message": "Expanded \"Xem thêm\" (exact-class): +2 (total 2)", "data": {"w": 1}, "seq": 14869}
{"ts": "2026-05-01T08:25:39.465753+00:00", "level": "INFO", "jobId": "e019e130-51d9-4ba8-83ee-f35a7c414f4b", "keyword": "khai trương hcm", "step": "capture", "message": "Saved post_043.png", "data": {"w": 1}, "seq": 14875}
{"ts": "2026-05-01T08:25:39.467779+00:00", "level": "INFO", "jobId": "e019e130-51d9-4ba8-83ee-f35a7c414f4b", "keyword": "khai trương hcm", "step": "cooldown", "message": "Cooldown 2.3s (after capture)", "data": {"w": 1}, "seq": 14876}
{"ts": "2026-05-01T08:25:42.730082+00:00", "level": "INFO", "jobId": "e019e130-51d9-4ba8-83ee-f35a7c414f4b", "keyword": "khai trương hcm", "step": "heartbeat", "message": "Worker alive", "data": {"w": 1, "elapsed_s": 818}, "seq": 14877}
{"ts": "2026-05-01T08:25:42.733100+00:00", "level": "INFO", "jobId": "e019e130-51d9-4ba8-83ee-f35a7c414f4b", "keyword": "khai trương hcm", "step": "capture", "message": "Capturing 44/∞ (viewport)…", "data": {"w": 1}, "seq": 14878}
{"ts": "2026-05-01T08:25:56.033116+00:00", "level": "INFO", "jobId": "e019e130-51d9-4ba8-83ee-f35a7c414f4b", "keyword": "khai trương hcm", "step": "capture", "message": "Saved post_044.png", "data": {"w": 1}, "seq": 14883}
{"ts": "2026-05-01T08:25:56.034116+00:00", "level": "INFO", "jobId": "e019e130-51d9-4ba8-83ee-f35a7c414f4b", "keyword": "khai trương hcm", "step": "cooldown", "message": "Cooldown 1.6s (after capture)", "data": {"w": 1}, "seq": 14884}
{"ts": "2026-05-01T08:25:58.446065+00:00", "level": "INFO", "jobId": "e019e130-51d9-4ba8-83ee-f35a7c414f4b", "keyword": "khai trương hcm", "step": "heartbeat", "message": "Worker alive", "data": {"w": 1, "elapsed_s": 834}, "seq": 14885}
{"ts": "2026-05-01T08:25:58.452100+00:00", "level": "INFO", "jobId": "e019e130-51d9-4ba8-83ee-f35a7c414f4b", "keyword": "khai trương hcm", "step": "capture", "message": "Capturing 45/∞ (viewport)…", "data": {"w": 1}, "seq": 14886}
{"ts": "2026-05-01T08:25:59.054546+00:00", "level": "INFO", "jobId": "e019e130-51d9-4ba8-83ee-f35a7c414f4b", "keyword": "khai trương hcm", "step": "capture", "message": "Expanded \"Xem thêm\" (exact-class): +2 (total 2)", "data": {"w": 1}, "seq": 14887}
{"ts": "2026-05-01T08:26:12.429354+00:00", "level": "INFO", "jobId": "e019e130-51d9-4ba8-83ee-f35a7c414f4b", "keyword": "khai trương hcm", "step": "capture", "message": "Saved post_045.png", "data": {"w": 1}, "seq": 14893}
{"ts": "2026-05-01T08:26:12.431521+00:00", "level": "INFO", "jobId": "e019e130-51d9-4ba8-83ee-f35a7c414f4b", "keyword": "khai trương hcm", "step": "cooldown", "message": "Cooldown 2.0s (after capture)", "data": {"w": 1}, "seq": 14894}
{"ts": "2026-05-01T08:26:15.195418+00:00", "level": "INFO", "jobId": "e019e130-51d9-4ba8-83ee-f35a7c414f4b", "keyword": "khai trương hcm", "step": "heartbeat", "message": "Worker alive", "data": {"w": 1, "elapsed_s": 851}, "seq": 14895}
{"ts": "2026-05-01T08:26:15.197673+00:00", "level": "INFO", "jobId": "e019e130-51d9-4ba8-83ee-f35a7c414f4b", "keyword": "khai trương hcm", "step": "capture", "message": "Capturing 46/∞ (viewport)…", "data": {"w": 1}, "seq": 14896}
{"ts": "2026-05-01T08:26:28.435759+00:00", "level": "INFO", "jobId": "e019e130-51d9-4ba8-83ee-f35a7c414f4b", "keyword": "khai trương hcm", "step": "capture", "message": "Saved post_046.png", "data": {"w": 1}, "seq": 14902}
{"ts": "2026-05-01T08:26:28.437714+00:00", "level": "INFO", "jobId": "e019e130-51d9-4ba8-83ee-f35a7c414f4b", "keyword": "khai trương hcm", "step": "cooldown", "message": "Cooldown 1.7s (after capture)", "data": {"w": 1}, "seq": 14903}
{"ts": "2026-05-01T08:26:30.787890+00:00", "level": "INFO", "jobId": "e019e130-51d9-4ba8-83ee-f35a7c414f4b", "keyword": "khai trương hcm", "step": "heartbeat", "message": "Worker alive", "data": {"w": 1, "elapsed_s": 866}, "seq": 14904}
{"ts": "2026-05-01T08:26:30.789934+00:00", "level": "INFO", "jobId": "e019e130-51d9-4ba8-83ee-f35a7c414f4b", "keyword": "khai trương hcm", "step": "capture", "message": "Capturing 47/∞ (viewport)…", "data": {"w": 1}, "seq": 14905}
{"ts": "2026-05-01T08:26:30.979424+00:00", "level": "INFO", "jobId": "e019e130-51d9-4ba8-83ee-f35a7c414f4b", "keyword": "khai trương hcm", "step": "capture", "message": "Expanded \"Xem thêm\" (exact-class): +2 (total 2)", "data": {"w": 1}, "seq": 14906}
{"ts": "2026-05-01T08:26:44.094978+00:00", "level": "INFO", "jobId": "e019e130-51d9-4ba8-83ee-f35a7c414f4b", "keyword": "khai trương hcm", "step": "capture", "message": "Saved post_047.png", "data": {"w": 1}, "seq": 14912}
{"ts": "2026-05-01T08:26:44.095978+00:00", "level": "INFO", "jobId": "e019e130-51d9-4ba8-83ee-f35a7c414f4b", "keyword": "khai trương hcm", "step": "cooldown", "message": "Cooldown 2.6s (after capture)", "data": {"w": 1}, "seq": 14913}
{"ts": "2026-05-01T08:26:47.301148+00:00", "level": "INFO", "jobId": "e019e130-51d9-4ba8-83ee-f35a7c414f4b", "keyword": "khai trương hcm", "step": "heartbeat", "message": "Worker alive", "data": {"w": 1, "elapsed_s": 883}, "seq": 14914}
{"ts": "2026-05-01T08:26:47.301148+00:00", "level": "INFO", "jobId": "e019e130-51d9-4ba8-83ee-f35a7c414f4b", "keyword": "khai trương hcm", "step": "capture", "message": "Capturing 48/∞ (viewport)…", "data": {"w": 1}, "seq": 14915}
{"ts": "2026-05-01T08:26:47.430615+00:00", "level": "INFO", "jobId": "e019e130-51d9-4ba8-83ee-f35a7c414f4b", "keyword": "khai trương hcm", "step": "capture", "message": "Expanded \"Xem thêm\" (exact-class): +2 (total 2)", "data": {"w": 1}, "seq": 14916}
{"ts": "2026-05-01T08:27:00.410420+00:00", "level": "INFO", "jobId": "e019e130-51d9-4ba8-83ee-f35a7c414f4b", "keyword": "khai trương hcm", "step": "capture", "message": "Saved post_048.png", "data": {"w": 1}, "seq": 14921}
{"ts": "2026-05-01T08:27:00.410420+00:00", "level": "INFO", "jobId": "e019e130-51d9-4ba8-83ee-f35a7c414f4b", "keyword": "khai trương hcm", "step": "cooldown", "message": "Cooldown 1.7s (after capture)", "data": {"w": 1}, "seq": 14922}
{"ts": "2026-05-01T08:27:02.833084+00:00", "level": "INFO", "jobId": "e019e130-51d9-4ba8-83ee-f35a7c414f4b", "keyword": "khai trương hcm", "step": "heartbeat", "message": "Worker alive", "data": {"w": 1, "elapsed_s": 898}, "seq": 14923}
{"ts": "2026-05-01T08:27:02.833084+00:00", "level": "INFO", "jobId": "e019e130-51d9-4ba8-83ee-f35a7c414f4b", "keyword": "khai trương hcm", "step": "capture", "message": "Capturing 49/∞ (viewport)…", "data": {"w": 1}, "seq": 14924}
{"ts": "2026-05-01T08:27:04.142880+00:00", "level": "ERROR", "jobId": "e019e130-51d9-4ba8-83ee-f35a7c414f4b", "keyword": "khai trương hcm", "step": "watchdog", "message": "Hard-timeout exceeded (900s). Will stop this job to prevent hanging.", "data": {"w": 1, "elapsed_s": 900, "hard_timeout_s": 900}, "seq": 14926}
{"ts": "2026-05-01T08:27:04.486628+00:00", "level": "INFO", "jobId": "e019e130-51d9-4ba8-83ee-f35a7c414f4b", "keyword": "khai trương hcm", "step": "capture", "message": "Saved post_049.png", "data": {"w": 1}, "seq": 14929}
{"ts": "2026-05-01T08:27:04.489347+00:00", "level": "INFO", "jobId": "e019e130-51d9-4ba8-83ee-f35a7c414f4b", "keyword": "khai trương hcm", "step": "cooldown", "message": "Cooldown 2.0s (after capture)", "data": {"w": 1}, "seq": 14930}
{"ts": "2026-05-01T08:27:07.158288+00:00", "level": "ERROR", "jobId": "e019e130-51d9-4ba8-83ee-f35a7c414f4b", "keyword": "khai trương hcm", "step": "watchdog", "message": "Hard-timeout exceeded (900s). Will stop this job to prevent hanging.", "data": {"w": 1, "elapsed_s": 903, "hard_timeout_s": 900}, "seq": 14931}
{"ts": "2026-05-01T08:27:07.158288+00:00", "level": "INFO", "jobId": "e019e130-51d9-4ba8-83ee-f35a7c414f4b", "keyword": "khai trương hcm", "step": "cancel", "message": "Cancel requested.", "data": {"w": 1}, "seq": 14932}
{"ts": "2026-05-01T08:27:07.159288+00:00", "level": "INFO", "jobId": "e019e130-51d9-4ba8-83ee-f35a7c414f4b", "keyword": "khai trương hcm", "step": "capture", "message": "Capture loop finished (unlimited). Saved=49", "data": {"w": 1}, "seq": 14933}
{"ts": "2026-05-01T08:27:07.159288+00:00", "level": "ERROR", "jobId": "e019e130-51d9-4ba8-83ee-f35a7c414f4b", "keyword": "khai trương hcm", "step": "watchdog", "message": "Job marked error due to hard-timeout. Relaunching browser.", "data": {"w": 1}, "seq": 14934}
