{"ts": "2026-05-01T14:52:31.809898+00:00", "level": "INFO", "jobId": "e073a96a-2495-4ac5-8079-d331674e6a44", "keyword": "khai trương ưu đãi", "step": "created", "message": "Job created", "data": {"maxPosts": "unlimited"}, "seq": 19717}
{"ts": "2026-05-01T15:04:26.658411+00:00", "level": "INFO", "jobId": "e073a96a-2495-4ac5-8079-d331674e6a44", "keyword": "khai trương ưu đãi", "step": "start", "message": "Job started (attempt 1/1)", "data": {"w": 1}, "seq": 21666}
{"ts": "2026-05-01T15:04:35.281453+00:00", "level": "INFO", "jobId": "e073a96a-2495-4ac5-8079-d331674e6a44", "keyword": "khai trương ưu đãi", "step": "login", "message": "Already logged in (home).", "data": {"w": 1}, "seq": 21672}
{"ts": "2026-05-01T15:04:35.287452+00:00", "level": "INFO", "jobId": "e073a96a-2495-4ac5-8079-d331674e6a44", "keyword": "khai trương ưu đãi", "step": "search", "message": "Searching keyword: \"khai trương ưu đãi\"", "data": {"w": 1}, "seq": 21673}
{"ts": "2026-05-01T15:04:42.783645+00:00", "level": "INFO", "jobId": "e073a96a-2495-4ac5-8079-d331674e6a44", "keyword": "khai trương ưu đãi", "step": "capture", "message": "Start capturing all posts until end of results.", "data": {"w": 1}, "seq": 21677}
{"ts": "2026-05-01T15:04:42.786647+00:00", "level": "INFO", "jobId": "e073a96a-2495-4ac5-8079-d331674e6a44", "keyword": "khai trương ưu đãi", "step": "capture", "message": "Output folder: Lan 1 - 2204", "data": {"w": 1}, "seq": 21678}
{"ts": "2026-05-01T15:04:47.361832+00:00", "level": "INFO", "jobId": "e073a96a-2495-4ac5-8079-d331674e6a44", "keyword": "khai trương ưu đãi", "step": "capture", "message": "Waiting for posts to appear (avoid blank capture)…", "data": {"w": 1}, "seq": 21681}
{"ts": "2026-05-01T15:04:47.370836+00:00", "level": "INFO", "jobId": "e073a96a-2495-4ac5-8079-d331674e6a44", "keyword": "khai trương ưu đãi", "step": "capture", "message": "Post-detect debug: {'hasMain': True, 'url': 'https://www.facebook.com/search/posts/?q=khai%20tr%C6%B0%C6%A1ng%20%C6%B0u%20%C4%91%C3%A3i&filters=eyJyZWNlbnRfcG9zdHM6MCI6IntcIm5hbWVcIjpcInJlY2VudF9wb3N0c1wiLFwiYXJnc1wiOlwiXCJ9In0%3D', 'title': '(1) khai trương ưu đãi - Kết quả tìm kiếm | Facebook', 'hasLoginInputs': False, 'consentLike': False, 'bodyHead': '\\xa0\\n1 đoạn chat chưa đọc\\n1\\nKết quả tìm kiếm\\nBộ lọc\\nTất cả\\nMọi người\\nThước phim\\nMarketplace\\nTrang\\nNhóm\\nSự kiện', 'roleArticle': 1, 'divRoleArticle': 1, 'articleTag': 0, 'feedUnit': 0, 'anyPagelet': 0, 'adPreview': 0, 'imgs': 0, 'videos': 0, 'progress': 0, 'busy': '', 'firstArticle': {'tag': 'div', 'role': 'article', 'textLen': 0, 'hasImg': False, 'hasVideo': False, 'hasLink': False, 'hasPermalink': False}}", "data": {"w": 1}, "seq": 21682}
{"ts": "2026-05-01T15:04:50.116138+00:00", "level": "INFO", "jobId": "e073a96a-2495-4ac5-8079-d331674e6a44", "keyword": "khai trương ưu đãi", "step": "capture", "message": "Capturing posinset=1 (1/∞)…", "data": {"w": 1}, "seq": 21686}
{"ts": "2026-05-01T15:04:51.478855+00:00", "level": "INFO", "jobId": "e073a96a-2495-4ac5-8079-d331674e6a44", "keyword": "khai trương ưu đãi", "step": "capture", "message": "Saved post_001.png (posinset=1)", "data": {"w": 1}, "seq": 21687}
{"ts": "2026-05-01T15:04:51.479854+00:00", "level": "INFO", "jobId": "e073a96a-2495-4ac5-8079-d331674e6a44", "keyword": "khai trương ưu đãi", "step": "cooldown", "message": "Cooldown 1.0s (after capture)", "data": {"w": 1}, "seq": 21688}
{"ts": "2026-05-01T15:04:52.506662+00:00", "level": "INFO", "jobId": "e073a96a-2495-4ac5-8079-d331674e6a44", "keyword": "khai trương ưu đãi", "step": "capture", "message": "Capturing posinset=2 (2/∞)…", "data": {"w": 1}, "seq": 21689}
{"ts": "2026-05-01T15:04:53.612317+00:00", "level": "INFO", "jobId": "e073a96a-2495-4ac5-8079-d331674e6a44", "keyword": "khai trương ưu đãi", "step": "capture", "message": "Saved post_002.png (posinset=2)", "data": {"w": 1}, "seq": 21693}
{"ts": "2026-05-01T15:04:53.612317+00:00", "level": "INFO", "jobId": "e073a96a-2495-4ac5-8079-d331674e6a44", "keyword": "khai trương ưu đãi", "step": "cooldown", "message": "Cooldown 1.0s (after capture)", "data": {"w": 1}, "seq": 21694}
{"ts": "2026-05-01T15:04:54.632552+00:00", "level": "INFO", "jobId": "e073a96a-2495-4ac5-8079-d331674e6a44", "keyword": "khai trương ưu đãi", "step": "capture", "message": "Capturing posinset=3 (3/∞)…", "data": {"w": 1}, "seq": 21695}
{"ts": "2026-05-01T15:04:55.910002+00:00", "level": "INFO", "jobId": "e073a96a-2495-4ac5-8079-d331674e6a44", "keyword": "khai trương ưu đãi", "step": "capture", "message": "Saved post_003.png (posinset=3)", "data": {"w": 1}, "seq": 21698}
{"ts": "2026-05-01T15:04:55.911533+00:00", "level": "INFO", "jobId": "e073a96a-2495-4ac5-8079-d331674e6a44", "keyword": "khai trương ưu đãi", "step": "cooldown", "message": "Cooldown 1.0s (after capture)", "data": {"w": 1}, "seq": 21699}
{"ts": "2026-05-01T15:04:56.930809+00:00", "level": "INFO", "jobId": "e073a96a-2495-4ac5-8079-d331674e6a44", "keyword": "khai trương ưu đãi", "step": "capture", "message": "Capturing posinset=4 (4/∞)…", "data": {"w": 1}, "seq": 21701}
{"ts": "2026-05-01T15:04:58.233727+00:00", "level": "INFO", "jobId": "e073a96a-2495-4ac5-8079-d331674e6a44", "keyword": "khai trương ưu đãi", "step": "capture", "message": "Saved post_004.png (posinset=4)", "data": {"w": 1}, "seq": 21702}
{"ts": "2026-05-01T15:04:58.233727+00:00", "level": "INFO", "jobId": "e073a96a-2495-4ac5-8079-d331674e6a44", "keyword": "khai trương ưu đãi", "step": "cooldown", "message": "Cooldown 1.0s (after capture)", "data": {"w": 1}, "seq": 21703}
{"ts": "2026-05-01T15:04:59.246136+00:00", "level": "INFO", "jobId": "e073a96a-2495-4ac5-8079-d331674e6a44", "keyword": "khai trương ưu đãi", "step": "capture", "message": "Capturing posinset=5 (5/∞)…", "data": {"w": 1}, "seq": 21704}
{"ts": "2026-05-01T15:05:00.295502+00:00", "level": "INFO", "jobId": "e073a96a-2495-4ac5-8079-d331674e6a44", "keyword": "khai trương ưu đãi", "step": "capture", "message": "Saved post_005.png (posinset=5)", "data": {"w": 1}, "seq": 21707}
{"ts": "2026-05-01T15:05:00.296589+00:00", "level": "INFO", "jobId": "e073a96a-2495-4ac5-8079-d331674e6a44", "keyword": "khai trương ưu đãi", "step": "cooldown", "message": "Cooldown 1.0s (after capture)", "data": {"w": 1}, "seq": 21708}
{"ts": "2026-05-01T15:05:01.769050+00:00", "level": "INFO", "jobId": "e073a96a-2495-4ac5-8079-d331674e6a44", "keyword": "khai trương ưu đãi", "step": "capture", "message": "Capturing posinset=6 (6/∞)…", "data": {"w": 1}, "seq": 21711}
{"ts": "2026-05-01T15:05:03.113276+00:00", "level": "INFO", "jobId": "e073a96a-2495-4ac5-8079-d331674e6a44", "keyword": "khai trương ưu đãi", "step": "capture", "message": "Saved post_006.png (posinset=6)", "data": {"w": 1}, "seq": 21712}
{"ts": "2026-05-01T15:05:03.113276+00:00", "level": "INFO", "jobId": "e073a96a-2495-4ac5-8079-d331674e6a44", "keyword": "khai trương ưu đãi", "step": "cooldown", "message": "Cooldown 1.0s (after capture)", "data": {"w": 1}, "seq": 21713}
{"ts": "2026-05-01T15:05:04.126988+00:00", "level": "INFO", "jobId": "e073a96a-2495-4ac5-8079-d331674e6a44", "keyword": "khai trương ưu đãi", "step": "capture", "message": "Capturing posinset=7 (7/∞)…", "data": {"w": 1}, "seq": 21716}
{"ts": "2026-05-01T15:05:05.427157+00:00", "level": "INFO", "jobId": "e073a96a-2495-4ac5-8079-d331674e6a44", "keyword": "khai trương ưu đãi", "step": "capture", "message": "Saved post_007.png (posinset=7)", "data": {"w": 1}, "seq": 21717}
{"ts": "2026-05-01T15:05:05.428281+00:00", "level": "INFO", "jobId": "e073a96a-2495-4ac5-8079-d331674e6a44", "keyword": "khai trương ưu đãi", "step": "cooldown", "message": "Cooldown 1.0s (after capture)", "data": {"w": 1}, "seq": 21718}
{"ts": "2026-05-01T15:05:06.446356+00:00", "level": "INFO", "jobId": "e073a96a-2495-4ac5-8079-d331674e6a44", "keyword": "khai trương ưu đãi", "step": "heartbeat", "message": "Worker alive", "data": {"w": 1, "elapsed_s": 39}, "seq": 21720}
{"ts": "2026-05-01T15:05:06.447357+00:00", "level": "INFO", "jobId": "e073a96a-2495-4ac5-8079-d331674e6a44", "keyword": "khai trương ưu đãi", "step": "capture", "message": "Capturing posinset=8 (8/∞)…", "data": {"w": 1}, "seq": 21721}
{"ts": "2026-05-01T15:05:07.664527+00:00", "level": "INFO", "jobId": "e073a96a-2495-4ac5-8079-d331674e6a44", "keyword": "khai trương ưu đãi", "step": "capture", "message": "Saved post_008.png (posinset=8)", "data": {"w": 1}, "seq": 21722}
{"ts": "2026-05-01T15:05:07.664527+00:00", "level": "INFO", "jobId": "e073a96a-2495-4ac5-8079-d331674e6a44", "keyword": "khai trương ưu đãi", "step": "cooldown", "message": "Cooldown 1.0s (after capture)", "data": {"w": 1}, "seq": 21723}
{"ts": "2026-05-01T15:05:08.677245+00:00", "level": "INFO", "jobId": "e073a96a-2495-4ac5-8079-d331674e6a44", "keyword": "khai trương ưu đãi", "step": "capture", "message": "Capturing posinset=9 (9/∞)…", "data": {"w": 1}, "seq": 21724}
{"ts": "2026-05-01T15:05:09.757968+00:00", "level": "INFO", "jobId": "e073a96a-2495-4ac5-8079-d331674e6a44", "keyword": "khai trương ưu đãi", "step": "capture", "message": "Saved post_009.png (posinset=9)", "data": {"w": 1}, "seq": 21727}
{"ts": "2026-05-01T15:05:09.757968+00:00", "level": "INFO", "jobId": "e073a96a-2495-4ac5-8079-d331674e6a44", "keyword": "khai trương ưu đãi", "step": "cooldown", "message": "Cooldown 1.0s (after capture)", "data": {"w": 1}, "seq": 21728}
{"ts": "2026-05-01T15:05:11.233852+00:00", "level": "INFO", "jobId": "e073a96a-2495-4ac5-8079-d331674e6a44", "keyword": "khai trương ưu đãi", "step": "capture", "message": "Capturing posinset=10 (10/∞)…", "data": {"w": 1}, "seq": 21730}
{"ts": "2026-05-01T15:05:14.234229+00:00", "level": "INFO", "jobId": "e073a96a-2495-4ac5-8079-d331674e6a44", "keyword": "khai trương ưu đãi", "step": "capture", "message": "Saved post_010.png (posinset=10)", "data": {"w": 1}, "seq": 21731}
{"ts": "2026-05-01T15:05:14.235929+00:00", "level": "INFO", "jobId": "e073a96a-2495-4ac5-8079-d331674e6a44", "keyword": "khai trương ưu đãi", "step": "cooldown", "message": "Cooldown 1.0s (after capture)", "data": {"w": 1}, "seq": 21732}
{"ts": "2026-05-01T15:05:15.249705+00:00", "level": "INFO", "jobId": "e073a96a-2495-4ac5-8079-d331674e6a44", "keyword": "khai trương ưu đãi", "step": "capture", "message": "Capturing posinset=11 (11/∞)…", "data": {"w": 1}, "seq": 21735}
{"ts": "2026-05-01T15:05:16.362875+00:00", "level": "INFO", "jobId": "e073a96a-2495-4ac5-8079-d331674e6a44", "keyword": "khai trương ưu đãi", "step": "capture", "message": "Saved post_011.png (posinset=11)", "data": {"w": 1}, "seq": 21737}
{"ts": "2026-05-01T15:05:16.362875+00:00", "level": "INFO", "jobId": "e073a96a-2495-4ac5-8079-d331674e6a44", "keyword": "khai trương ưu đãi", "step": "cooldown", "message": "Cooldown 1.0s (after capture)", "data": {"w": 1}, "seq": 21738}
{"ts": "2026-05-01T15:05:17.379128+00:00", "level": "INFO", "jobId": "e073a96a-2495-4ac5-8079-d331674e6a44", "keyword": "khai trương ưu đãi", "step": "capture", "message": "Capturing posinset=12 (12/∞)…", "data": {"w": 1}, "seq": 21739}
{"ts": "2026-05-01T15:05:18.438913+00:00", "level": "INFO", "jobId": "e073a96a-2495-4ac5-8079-d331674e6a44", "keyword": "khai trương ưu đãi", "step": "capture", "message": "Saved post_012.png (posinset=12)", "data": {"w": 1}, "seq": 21742}
{"ts": "2026-05-01T15:05:18.438913+00:00", "level": "INFO", "jobId": "e073a96a-2495-4ac5-8079-d331674e6a44", "keyword": "khai trương ưu đãi", "step": "cooldown", "message": "Cooldown 1.0s (after capture)", "data": {"w": 1}, "seq": 21743}
{"ts": "2026-05-01T15:05:19.448394+00:00", "level": "INFO", "jobId": "e073a96a-2495-4ac5-8079-d331674e6a44", "keyword": "khai trương ưu đãi", "step": "capture", "message": "Capturing posinset=13 (13/∞)…", "data": {"w": 1}, "seq": 21746}
{"ts": "2026-05-01T15:05:20.702482+00:00", "level": "INFO", "jobId": "e073a96a-2495-4ac5-8079-d331674e6a44", "keyword": "khai trương ưu đãi", "step": "capture", "message": "Saved post_013.png (posinset=13)", "data": {"w": 1}, "seq": 21749}
{"ts": "2026-05-01T15:05:20.703503+00:00", "level": "INFO", "jobId": "e073a96a-2495-4ac5-8079-d331674e6a44", "keyword": "khai trương ưu đãi", "step": "cooldown", "message": "Cooldown 1.0s (after capture)", "data": {"w": 1}, "seq": 21750}
{"ts": "2026-05-01T15:05:21.714540+00:00", "level": "INFO", "jobId": "e073a96a-2495-4ac5-8079-d331674e6a44", "keyword": "khai trương ưu đãi", "step": "heartbeat", "message": "Worker alive", "data": {"w": 1, "elapsed_s": 55}, "seq": 21752}
{"ts": "2026-05-01T15:05:21.715569+00:00", "level": "INFO", "jobId": "e073a96a-2495-4ac5-8079-d331674e6a44", "keyword": "khai trương ưu đãi", "step": "capture", "message": "Capturing posinset=14 (14/∞)…", "data": {"w": 1}, "seq": 21753}
{"ts": "2026-05-01T15:05:23.064862+00:00", "level": "INFO", "jobId": "e073a96a-2495-4ac5-8079-d331674e6a44", "keyword": "khai trương ưu đãi", "step": "capture", "message": "Saved post_014.png (posinset=14)", "data": {"w": 1}, "seq": 21754}
{"ts": "2026-05-01T15:05:23.066258+00:00", "level": "INFO", "jobId": "e073a96a-2495-4ac5-8079-d331674e6a44", "keyword": "khai trương ưu đãi", "step": "cooldown", "message": "Cooldown 1.0s (after capture)", "data": {"w": 1}, "seq": 21755}
{"ts": "2026-05-01T15:05:24.086388+00:00", "level": "INFO", "jobId": "e073a96a-2495-4ac5-8079-d331674e6a44", "keyword": "khai trương ưu đãi", "step": "capture", "message": "Capturing posinset=15 (15/∞)…", "data": {"w": 1}, "seq": 21756}
{"ts": "2026-05-01T15:05:25.349845+00:00", "level": "INFO", "jobId": "e073a96a-2495-4ac5-8079-d331674e6a44", "keyword": "khai trương ưu đãi", "step": "capture", "message": "Saved post_015.png (posinset=15)", "data": {"w": 1}, "seq": 21759}
{"ts": "2026-05-01T15:05:25.349845+00:00", "level": "INFO", "jobId": "e073a96a-2495-4ac5-8079-d331674e6a44", "keyword": "khai trương ưu đãi", "step": "cooldown", "message": "Cooldown 1.0s (after capture)", "data": {"w": 1}, "seq": 21760}
{"ts": "2026-05-01T15:05:26.558970+00:00", "level": "INFO", "jobId": "e073a96a-2495-4ac5-8079-d331674e6a44", "keyword": "khai trương ưu đãi", "step": "capture", "message": "Capturing posinset=16 (16/∞)…", "data": {"w": 1}, "seq": 21762}
{"ts": "2026-05-01T15:05:29.297837+00:00", "level": "INFO", "jobId": "e073a96a-2495-4ac5-8079-d331674e6a44", "keyword": "khai trương ưu đãi", "step": "capture", "message": "Capturing posinset=16 (16/∞)…", "data": {"w": 1}, "seq": 21763}
{"ts": "2026-05-01T15:05:30.932687+00:00", "level": "INFO", "jobId": "e073a96a-2495-4ac5-8079-d331674e6a44", "keyword": "khai trương ưu đãi", "step": "capture", "message": "Saved post_016.png (posinset=16)", "data": {"w": 1}, "seq": 21765}
{"ts": "2026-05-01T15:05:30.934697+00:00", "level": "INFO", "jobId": "e073a96a-2495-4ac5-8079-d331674e6a44", "keyword": "khai trương ưu đãi", "step": "cooldown", "message": "Cooldown 1.0s (after capture)", "data": {"w": 1}, "seq": 21766}
{"ts": "2026-05-01T15:05:31.963586+00:00", "level": "INFO", "jobId": "e073a96a-2495-4ac5-8079-d331674e6a44", "keyword": "khai trương ưu đãi", "step": "capture", "message": "Capturing posinset=17 (17/∞)…", "data": {"w": 1}, "seq": 21767}
{"ts": "2026-05-01T15:05:33.303692+00:00", "level": "INFO", "jobId": "e073a96a-2495-4ac5-8079-d331674e6a44", "keyword": "khai trương ưu đãi", "step": "capture", "message": "Saved post_017.png (posinset=17)", "data": {"w": 1}, "seq": 21768}
{"ts": "2026-05-01T15:05:33.304774+00:00", "level": "INFO", "jobId": "e073a96a-2495-4ac5-8079-d331674e6a44", "keyword": "khai trương ưu đãi", "step": "cooldown", "message": "Cooldown 1.0s (after capture)", "data": {"w": 1}, "seq": 21769}
{"ts": "2026-05-01T15:05:34.331681+00:00", "level": "INFO", "jobId": "e073a96a-2495-4ac5-8079-d331674e6a44", "keyword": "khai trương ưu đãi", "step": "capture", "message": "Capturing posinset=18 (18/∞)…", "data": {"w": 1}, "seq": 21772}
{"ts": "2026-05-01T15:05:35.845156+00:00", "level": "INFO", "jobId": "e073a96a-2495-4ac5-8079-d331674e6a44", "keyword": "khai trương ưu đãi", "step": "capture", "message": "Saved post_018.png (posinset=18)", "data": {"w": 1}, "seq": 21775}
{"ts": "2026-05-01T15:05:35.847151+00:00", "level": "INFO", "jobId": "e073a96a-2495-4ac5-8079-d331674e6a44", "keyword": "khai trương ưu đãi", "step": "cooldown", "message": "Cooldown 1.0s (after capture)", "data": {"w": 1}, "seq": 21776}
{"ts": "2026-05-01T15:05:37.006370+00:00", "level": "ERROR", "jobId": "e073a96a-2495-4ac5-8079-d331674e6a44", "keyword": "khai trương ưu đãi", "step": "error", "message": "Browser/page closed unexpectedly. Stop job. (Page.evaluate: Target page, context or browser has been closed)", "data": {"w": 1}, "seq": 21777}
