{"ts": "2026-05-01T09:05:40.038395+00:00", "level": "INFO", "jobId": "e2ae27ca-7ca4-4663-ad8f-8e56aed8be27", "keyword": "khai trương", "step": "created", "message": "Job created", "data": {"maxPosts": 5}, "seq": 15108}
{"ts": "2026-05-01T09:05:40.245279+00:00", "level": "INFO", "jobId": "e2ae27ca-7ca4-4663-ad8f-8e56aed8be27", "keyword": "khai trương", "step": "start", "message": "Job started (attempt 1/2)", "data": {"w": 0}, "seq": 15112}
{"ts": "2026-05-01T09:05:41.862800+00:00", "level": "INFO", "jobId": "e2ae27ca-7ca4-4663-ad8f-8e56aed8be27", "keyword": "khai trương", "step": "search", "message": "Searching keyword: \"khai trương\"", "data": {"w": 0}, "seq": 15113}
{"ts": "2026-05-01T09:05:42.747054+00:00", "level": "INFO", "jobId": "e2ae27ca-7ca4-4663-ad8f-8e56aed8be27", "keyword": "khai trương", "step": "capture", "message": "Start capturing up to 5 posts.", "data": {"w": 0}, "seq": 15114}
{"ts": "2026-05-01T09:05:42.748054+00:00", "level": "INFO", "jobId": "e2ae27ca-7ca4-4663-ad8f-8e56aed8be27", "keyword": "khai trương", "step": "capture", "message": "Output folder: Lan 10 - 1605", "data": {"w": 0}, "seq": 15115}
{"ts": "2026-05-01T09:05:42.778795+00:00", "level": "INFO", "jobId": "e2ae27ca-7ca4-4663-ad8f-8e56aed8be27", "keyword": "khai trương", "step": "capture", "message": "Waiting for posts to appear (avoid blank capture)…", "data": {"w": 0}, "seq": 15116}
{"ts": "2026-05-01T09:05:42.788308+00:00", "level": "INFO", "jobId": "e2ae27ca-7ca4-4663-ad8f-8e56aed8be27", "keyword": "khai trương", "step": "capture", "message": "Post-detect debug: {'hasMain': False, 'roleArticle': 0, 'divRoleArticle': 0, 'articleTag': 0, 'feedUnit': 0, 'anyPagelet': 0, 'adPreview': 0, 'imgs': 0, 'videos': 0, 'progress': 0, 'busy': '', 'firstArticle': None}", "data": {"w": 0}, "seq": 15117}
{"ts": "2026-05-01T09:05:46.466705+00:00", "level": "INFO", "jobId": "e2ae27ca-7ca4-4663-ad8f-8e56aed8be27", "keyword": "khai trương", "step": "capture", "message": "Waiting for posts to appear (avoid blank capture)…", "data": {"w": 0}, "seq": 15118}
{"ts": "2026-05-01T09:05:49.786649+00:00", "level": "INFO", "jobId": "e2ae27ca-7ca4-4663-ad8f-8e56aed8be27", "keyword": "khai trương", "step": "capture", "message": "Post-detect debug: {'hasMain': False, 'roleArticle': 0, 'divRoleArticle': 0, 'articleTag': 0, 'feedUnit': 0, 'anyPagelet': 0, 'adPreview': 0, 'imgs': 0, 'videos': 0, 'progress': 0, 'busy': '', 'firstArticle': None}", "data": {"w": 0}, "seq": 15119}
{"ts": "2026-05-01T09:05:50.155211+00:00", "level": "INFO", "jobId": "e2ae27ca-7ca4-4663-ad8f-8e56aed8be27", "keyword": "khai trương", "step": "capture", "message": "Waiting for posts to appear (avoid blank capture)…", "data": {"w": 0}, "seq": 15120}
{"ts": "2026-05-01T09:05:53.922741+00:00", "level": "INFO", "jobId": "e2ae27ca-7ca4-4663-ad8f-8e56aed8be27", "keyword": "khai trương", "step": "capture", "message": "Waiting for posts to appear (avoid blank capture)…", "data": {"w": 0}, "seq": 15121}
{"ts": "2026-05-01T09:05:56.897535+00:00", "level": "INFO", "jobId": "e2ae27ca-7ca4-4663-ad8f-8e56aed8be27", "keyword": "khai trương", "step": "capture", "message": "Post-detect debug: {'hasMain': False, 'roleArticle': 0, 'divRoleArticle': 0, 'articleTag': 0, 'feedUnit': 0, 'anyPagelet': 0, 'adPreview': 0, 'imgs': 0, 'videos': 0, 'progress': 0, 'busy': '', 'firstArticle': None}", "data": {"w": 0}, "seq": 15122}
{"ts": "2026-05-01T09:05:57.631708+00:00", "level": "INFO", "jobId": "e2ae27ca-7ca4-4663-ad8f-8e56aed8be27", "keyword": "khai trương", "step": "capture", "message": "Waiting for posts to appear (avoid blank capture)…", "data": {"w": 0}, "seq": 15123}
{"ts": "2026-05-01T09:06:01.317010+00:00", "level": "INFO", "jobId": "e2ae27ca-7ca4-4663-ad8f-8e56aed8be27", "keyword": "khai trương", "step": "capture", "message": "Waiting for posts to appear (avoid blank capture)…", "data": {"w": 0}, "seq": 15124}
{"ts": "2026-05-01T09:06:04.230997+00:00", "level": "INFO", "jobId": "e2ae27ca-7ca4-4663-ad8f-8e56aed8be27", "keyword": "khai trương", "step": "capture", "message": "Post-detect debug: {'hasMain': False, 'roleArticle': 0, 'divRoleArticle': 0, 'articleTag': 0, 'feedUnit': 0, 'anyPagelet': 0, 'adPreview': 0, 'imgs': 0, 'videos': 0, 'progress': 0, 'busy': '', 'firstArticle': None}", "data": {"w": 0}, "seq": 15125}
{"ts": "2026-05-01T09:06:06.013178+00:00", "level": "INFO", "jobId": "e2ae27ca-7ca4-4663-ad8f-8e56aed8be27", "keyword": "khai trương", "step": "capture", "message": "Waiting for posts to appear (avoid blank capture)…", "data": {"w": 0}, "seq": 15126}
{"ts": "2026-05-01T09:06:06.018884+00:00", "level": "INFO", "jobId": "e2ae27ca-7ca4-4663-ad8f-8e56aed8be27", "keyword": "khai trương", "step": "capture", "message": "Post-detect debug: {'hasMain': False, 'roleArticle': 0, 'divRoleArticle': 0, 'articleTag': 0, 'feedUnit': 0, 'anyPagelet': 0, 'adPreview': 0, 'imgs': 0, 'videos': 0, 'progress': 0, 'busy': '', 'firstArticle': None}", "data": {"w": 0}, "seq": 15127}
{"ts": "2026-05-01T09:06:09.677954+00:00", "level": "INFO", "jobId": "e2ae27ca-7ca4-4663-ad8f-8e56aed8be27", "keyword": "khai trương", "step": "capture", "message": "Waiting for posts to appear (avoid blank capture)…", "data": {"w": 0}, "seq": 15128}
{"ts": "2026-05-01T09:06:13.347873+00:00", "level": "INFO", "jobId": "e2ae27ca-7ca4-4663-ad8f-8e56aed8be27", "keyword": "khai trương", "step": "capture", "message": "Waiting for posts to appear (avoid blank capture)…", "data": {"w": 0}, "seq": 15129}
{"ts": "2026-05-01T09:06:13.352907+00:00", "level": "INFO", "jobId": "e2ae27ca-7ca4-4663-ad8f-8e56aed8be27", "keyword": "khai trương", "step": "capture", "message": "Post-detect debug: {'hasMain': False, 'roleArticle': 0, 'divRoleArticle': 0, 'articleTag': 0, 'feedUnit': 0, 'anyPagelet': 0, 'adPreview': 0, 'imgs': 0, 'videos': 0, 'progress': 0, 'busy': '', 'firstArticle': None}", "data": {"w": 0}, "seq": 15130}
{"ts": "2026-05-01T09:06:16.993633+00:00", "level": "INFO", "jobId": "e2ae27ca-7ca4-4663-ad8f-8e56aed8be27", "keyword": "khai trương", "step": "capture", "message": "Waiting for posts to appear (avoid blank capture)…", "data": {"w": 0}, "seq": 15131}
{"ts": "2026-05-01T09:06:20.660974+00:00", "level": "INFO", "jobId": "e2ae27ca-7ca4-4663-ad8f-8e56aed8be27", "keyword": "khai trương", "step": "capture", "message": "Waiting for posts to appear (avoid blank capture)…", "data": {"w": 0}, "seq": 15132}
{"ts": "2026-05-01T09:06:20.664356+00:00", "level": "INFO", "jobId": "e2ae27ca-7ca4-4663-ad8f-8e56aed8be27", "keyword": "khai trương", "step": "capture", "message": "Post-detect debug: {'hasMain': False, 'roleArticle': 0, 'divRoleArticle': 0, 'articleTag': 0, 'feedUnit': 0, 'anyPagelet': 0, 'adPreview': 0, 'imgs': 0, 'videos': 0, 'progress': 0, 'busy': '', 'firstArticle': None}", "data": {"w": 0}, "seq": 15133}
{"ts": "2026-05-01T09:06:24.305910+00:00", "level": "WARN", "jobId": "e2ae27ca-7ca4-4663-ad8f-8e56aed8be27", "keyword": "khai trương", "step": "retry", "message": "Element timeout: No posts rendered on search results (after wait + reload).", "data": {"w": 0}, "seq": 15134}
{"ts": "2026-05-01T09:06:24.306996+00:00", "level": "WARN", "jobId": "e2ae27ca-7ca4-4663-ad8f-8e56aed8be27", "keyword": "khai trương", "step": "relaunch", "message": "Relaunching browser before retry.", "data": {"w": 0}, "seq": 15135}
{"ts": "2026-05-01T09:06:25.289724+00:00", "level": "WARN", "jobId": "e2ae27ca-7ca4-4663-ad8f-8e56aed8be27", "keyword": "khai trương", "step": "retry", "message": "Reset job to pending for retry.", "data": {"w": 0}, "seq": 15136}
{"ts": "2026-05-01T09:06:25.290816+00:00", "level": "INFO", "jobId": "e2ae27ca-7ca4-4663-ad8f-8e56aed8be27", "keyword": "khai trương", "step": "start", "message": "Job started (attempt 2/2)", "data": {"w": 0}, "seq": 15137}
{"ts": "2026-05-01T09:06:25.529608+00:00", "level": "INFO", "jobId": "e2ae27ca-7ca4-4663-ad8f-8e56aed8be27", "keyword": "khai trương", "step": "search", "message": "Searching keyword: \"khai trương\"", "data": {"w": 0}, "seq": 15138}
{"ts": "2026-05-01T09:06:29.295509+00:00", "level": "WARN", "jobId": "e2ae27ca-7ca4-4663-ad8f-8e56aed8be27", "keyword": "khai trương", "step": "network", "message": "Network slow during capture: rtt=70ms http=3286ms (slow). Increasing timeouts.", "data": {"w": 0}, "seq": 15139}
