{"ts": "2026-05-01T15:06:16.098399+00:00", "level": "INFO", "jobId": "e2e9786d-d7b0-45b9-a1d1-c39877a849ed", "keyword": "khai trương khuyến mãi", "step": "created", "message": "Job created", "data": {"maxPosts": "unlimited"}, "seq": 21790}
{"ts": "2026-05-01T15:11:58.085208+00:00", "level": "INFO", "jobId": "e2e9786d-d7b0-45b9-a1d1-c39877a849ed", "keyword": "khai trương khuyến mãi", "step": "start", "message": "Job started (attempt 1/1)", "data": {"w": 2}, "seq": 22576}
{"ts": "2026-05-01T15:12:05.113176+00:00", "level": "INFO", "jobId": "e2e9786d-d7b0-45b9-a1d1-c39877a849ed", "keyword": "khai trương khuyến mãi", "step": "login", "message": "Already logged in (home).", "data": {"w": 2}, "seq": 22582}
{"ts": "2026-05-01T15:12:05.116614+00:00", "level": "INFO", "jobId": "e2e9786d-d7b0-45b9-a1d1-c39877a849ed", "keyword": "khai trương khuyến mãi", "step": "search", "message": "Searching keyword: \"khai trương khuyến mãi\"", "data": {"w": 2}, "seq": 22583}
{"ts": "2026-05-01T15:12:16.031068+00:00", "level": "INFO", "jobId": "e2e9786d-d7b0-45b9-a1d1-c39877a849ed", "keyword": "khai trương khuyến mãi", "step": "capture", "message": "Start capturing all posts until end of results.", "data": {"w": 2}, "seq": 22590}
{"ts": "2026-05-01T15:12:16.032068+00:00", "level": "INFO", "jobId": "e2e9786d-d7b0-45b9-a1d1-c39877a849ed", "keyword": "khai trương khuyến mãi", "step": "capture", "message": "Output folder: Lan 1 - 2212", "data": {"w": 2}, "seq": 22591}
{"ts": "2026-05-01T15:12:37.376725+00:00", "level": "INFO", "jobId": "e2e9786d-d7b0-45b9-a1d1-c39877a849ed", "keyword": "khai trương khuyến mãi", "step": "capture", "message": "Capturing posinset=1 (1/∞)…", "data": {"w": 2}, "seq": 22605}
{"ts": "2026-05-01T15:12:40.395055+00:00", "level": "INFO", "jobId": "e2e9786d-d7b0-45b9-a1d1-c39877a849ed", "keyword": "khai trương khuyến mãi", "step": "capture", "message": "Saved post_001.png (posinset=1)", "data": {"w": 2}, "seq": 22610}
{"ts": "2026-05-01T15:12:40.399051+00:00", "level": "INFO", "jobId": "e2e9786d-d7b0-45b9-a1d1-c39877a849ed", "keyword": "khai trương khuyến mãi", "step": "cooldown", "message": "Cooldown 1.0s (after capture)", "data": {"w": 2}, "seq": 22611}
{"ts": "2026-05-01T15:12:41.471812+00:00", "level": "INFO", "jobId": "e2e9786d-d7b0-45b9-a1d1-c39877a849ed", "keyword": "khai trương khuyến mãi", "step": "capture", "message": "Capturing posinset=2 (2/∞)…", "data": {"w": 2}, "seq": 22613}
{"ts": "2026-05-01T15:12:44.768006+00:00", "level": "INFO", "jobId": "e2e9786d-d7b0-45b9-a1d1-c39877a849ed", "keyword": "khai trương khuyến mãi", "step": "capture", "message": "Saved post_002.png (posinset=2)", "data": {"w": 2}, "seq": 22616}
{"ts": "2026-05-01T15:12:44.770005+00:00", "level": "INFO", "jobId": "e2e9786d-d7b0-45b9-a1d1-c39877a849ed", "keyword": "khai trương khuyến mãi", "step": "cooldown", "message": "Cooldown 1.0s (after capture)", "data": {"w": 2}, "seq": 22617}
{"ts": "2026-05-01T15:12:45.803335+00:00", "level": "INFO", "jobId": "e2e9786d-d7b0-45b9-a1d1-c39877a849ed", "keyword": "khai trương khuyến mãi", "step": "capture", "message": "Capturing posinset=3 (3/∞)…", "data": {"w": 2}, "seq": 22619}
{"ts": "2026-05-01T15:12:47.354969+00:00", "level": "INFO", "jobId": "e2e9786d-d7b0-45b9-a1d1-c39877a849ed", "keyword": "khai trương khuyến mãi", "step": "capture", "message": "Saved post_003.png (posinset=3)", "data": {"w": 2}, "seq": 22624}
{"ts": "2026-05-01T15:12:47.355977+00:00", "level": "INFO", "jobId": "e2e9786d-d7b0-45b9-a1d1-c39877a849ed", "keyword": "khai trương khuyến mãi", "step": "cooldown", "message": "Cooldown 1.0s (after capture)", "data": {"w": 2}, "seq": 22625}
{"ts": "2026-05-01T15:12:48.400434+00:00", "level": "INFO", "jobId": "e2e9786d-d7b0-45b9-a1d1-c39877a849ed", "keyword": "khai trương khuyến mãi", "step": "capture", "message": "Capturing posinset=4 (4/∞)…", "data": {"w": 2}, "seq": 22626}
{"ts": "2026-05-01T15:12:50.908209+00:00", "level": "INFO", "jobId": "e2e9786d-d7b0-45b9-a1d1-c39877a849ed", "keyword": "khai trương khuyến mãi", "step": "capture", "message": "Saved post_004.png (posinset=4)", "data": {"w": 2}, "seq": 22632}
{"ts": "2026-05-01T15:12:50.910209+00:00", "level": "INFO", "jobId": "e2e9786d-d7b0-45b9-a1d1-c39877a849ed", "keyword": "khai trương khuyến mãi", "step": "cooldown", "message": "Cooldown 1.0s (after capture)", "data": {"w": 2}, "seq": 22633}
{"ts": "2026-05-01T15:12:51.927733+00:00", "level": "INFO", "jobId": "e2e9786d-d7b0-45b9-a1d1-c39877a849ed", "keyword": "khai trương khuyến mãi", "step": "heartbeat", "message": "Worker alive", "data": {"w": 2, "elapsed_s": 53}, "seq": 22635}
{"ts": "2026-05-01T15:12:51.929039+00:00", "level": "INFO", "jobId": "e2e9786d-d7b0-45b9-a1d1-c39877a849ed", "keyword": "khai trương khuyến mãi", "step": "capture", "message": "Capturing posinset=5 (5/∞)…", "data": {"w": 2}, "seq": 22636}
{"ts": "2026-05-01T15:12:54.593694+00:00", "level": "INFO", "jobId": "e2e9786d-d7b0-45b9-a1d1-c39877a849ed", "keyword": "khai trương khuyến mãi", "step": "capture", "message": "Saved post_005.png (posinset=5)", "data": {"w": 2}, "seq": 22639}
{"ts": "2026-05-01T15:12:54.595820+00:00", "level": "INFO", "jobId": "e2e9786d-d7b0-45b9-a1d1-c39877a849ed", "keyword": "khai trương khuyến mãi", "step": "cooldown", "message": "Cooldown 1.0s (after capture)", "data": {"w": 2}, "seq": 22640}
{"ts": "2026-05-01T15:12:55.631176+00:00", "level": "INFO", "jobId": "e2e9786d-d7b0-45b9-a1d1-c39877a849ed", "keyword": "khai trương khuyến mãi", "step": "capture", "message": "Capturing posinset=6 (6/∞)…", "data": {"w": 2}, "seq": 22643}
{"ts": "2026-05-01T15:12:57.694340+00:00", "level": "INFO", "jobId": "e2e9786d-d7b0-45b9-a1d1-c39877a849ed", "keyword": "khai trương khuyến mãi", "step": "capture", "message": "Saved post_006.png (posinset=6)", "data": {"w": 2}, "seq": 22644}
{"ts": "2026-05-01T15:12:57.694340+00:00", "level": "INFO", "jobId": "e2e9786d-d7b0-45b9-a1d1-c39877a849ed", "keyword": "khai trương khuyến mãi", "step": "cooldown", "message": "Cooldown 1.0s (after capture)", "data": {"w": 2}, "seq": 22645}
{"ts": "2026-05-01T15:12:58.721947+00:00", "level": "INFO", "jobId": "e2e9786d-d7b0-45b9-a1d1-c39877a849ed", "keyword": "khai trương khuyến mãi", "step": "capture", "message": "Capturing posinset=7 (7/∞)…", "data": {"w": 2}, "seq": 22648}
{"ts": "2026-05-01T15:13:01.002799+00:00", "level": "INFO", "jobId": "e2e9786d-d7b0-45b9-a1d1-c39877a849ed", "keyword": "khai trương khuyến mãi", "step": "capture", "message": "Saved post_007.png (posinset=7)", "data": {"w": 2}, "seq": 22650}
{"ts": "2026-05-01T15:13:01.006828+00:00", "level": "INFO", "jobId": "e2e9786d-d7b0-45b9-a1d1-c39877a849ed", "keyword": "khai trương khuyến mãi", "step": "cooldown", "message": "Cooldown 1.0s (after capture)", "data": {"w": 2}, "seq": 22651}
{"ts": "2026-05-01T15:13:02.122687+00:00", "level": "INFO", "jobId": "e2e9786d-d7b0-45b9-a1d1-c39877a849ed", "keyword": "khai trương khuyến mãi", "step": "capture", "message": "Capturing posinset=8 (8/∞)…", "data": {"w": 2}, "seq": 22652}
{"ts": "2026-05-01T15:13:03.823039+00:00", "level": "INFO", "jobId": "e2e9786d-d7b0-45b9-a1d1-c39877a849ed", "keyword": "khai trương khuyến mãi", "step": "capture", "message": "Saved post_008.png (posinset=8)", "data": {"w": 2}, "seq": 22658}
{"ts": "2026-05-01T15:13:03.825047+00:00", "level": "INFO", "jobId": "e2e9786d-d7b0-45b9-a1d1-c39877a849ed", "keyword": "khai trương khuyến mãi", "step": "cooldown", "message": "Cooldown 1.0s (after capture)", "data": {"w": 2}, "seq": 22659}
{"ts": "2026-05-01T15:13:04.859577+00:00", "level": "INFO", "jobId": "e2e9786d-d7b0-45b9-a1d1-c39877a849ed", "keyword": "khai trương khuyến mãi", "step": "capture", "message": "Capturing posinset=9 (9/∞)…", "data": {"w": 2}, "seq": 22662}
{"ts": "2026-05-01T15:13:06.556403+00:00", "level": "INFO", "jobId": "e2e9786d-d7b0-45b9-a1d1-c39877a849ed", "keyword": "khai trương khuyến mãi", "step": "capture", "message": "Saved post_009.png (posinset=9)", "data": {"w": 2}, "seq": 22665}
{"ts": "2026-05-01T15:13:06.557476+00:00", "level": "INFO", "jobId": "e2e9786d-d7b0-45b9-a1d1-c39877a849ed", "keyword": "khai trương khuyến mãi", "step": "cooldown", "message": "Cooldown 1.0s (after capture)", "data": {"w": 2}, "seq": 22666}
{"ts": "2026-05-01T15:13:07.576758+00:00", "level": "INFO", "jobId": "e2e9786d-d7b0-45b9-a1d1-c39877a849ed", "keyword": "khai trương khuyến mãi", "step": "heartbeat", "message": "Worker alive", "data": {"w": 2, "elapsed_s": 69}, "seq": 22670}
{"ts": "2026-05-01T15:13:07.578985+00:00", "level": "INFO", "jobId": "e2e9786d-d7b0-45b9-a1d1-c39877a849ed", "keyword": "khai trương khuyến mãi", "step": "capture", "message": "Capturing posinset=10 (10/∞)…", "data": {"w": 2}, "seq": 22671}
{"ts": "2026-05-01T15:13:09.593628+00:00", "level": "INFO", "jobId": "e2e9786d-d7b0-45b9-a1d1-c39877a849ed", "keyword": "khai trương khuyến mãi", "step": "capture", "message": "Saved post_010.png (posinset=10)", "data": {"w": 2}, "seq": 22673}
{"ts": "2026-05-01T15:13:09.596642+00:00", "level": "INFO", "jobId": "e2e9786d-d7b0-45b9-a1d1-c39877a849ed", "keyword": "khai trương khuyến mãi", "step": "cooldown", "message": "Cooldown 1.0s (after capture)", "data": {"w": 2}, "seq": 22674}
{"ts": "2026-05-01T15:13:11.934763+00:00", "level": "INFO", "jobId": "e2e9786d-d7b0-45b9-a1d1-c39877a849ed", "keyword": "khai trương khuyến mãi", "step": "capture", "message": "Capturing posinset=11 (11/∞)…", "data": {"w": 2}, "seq": 22675}
{"ts": "2026-05-01T15:13:14.350588+00:00", "level": "INFO", "jobId": "e2e9786d-d7b0-45b9-a1d1-c39877a849ed", "keyword": "khai trương khuyến mãi", "step": "capture", "message": "Saved post_011.png (posinset=11)", "data": {"w": 2}, "seq": 22680}
{"ts": "2026-05-01T15:13:14.352988+00:00", "level": "INFO", "jobId": "e2e9786d-d7b0-45b9-a1d1-c39877a849ed", "keyword": "khai trương khuyến mãi", "step": "cooldown", "message": "Cooldown 1.0s (after capture)", "data": {"w": 2}, "seq": 22681}
{"ts": "2026-05-01T15:13:15.382299+00:00", "level": "INFO", "jobId": "e2e9786d-d7b0-45b9-a1d1-c39877a849ed", "keyword": "khai trương khuyến mãi", "step": "capture", "message": "Capturing posinset=12 (12/∞)…", "data": {"w": 2}, "seq": 22685}
{"ts": "2026-05-01T15:13:16.808302+00:00", "level": "INFO", "jobId": "e2e9786d-d7b0-45b9-a1d1-c39877a849ed", "keyword": "khai trương khuyến mãi", "step": "capture", "message": "Saved post_012.png (posinset=12)", "data": {"w": 2}, "seq": 22687}
{"ts": "2026-05-01T15:13:16.810303+00:00", "level": "INFO", "jobId": "e2e9786d-d7b0-45b9-a1d1-c39877a849ed", "keyword": "khai trương khuyến mãi", "step": "cooldown", "message": "Cooldown 1.0s (after capture)", "data": {"w": 2}, "seq": 22688}
{"ts": "2026-05-01T15:13:17.855338+00:00", "level": "INFO", "jobId": "e2e9786d-d7b0-45b9-a1d1-c39877a849ed", "keyword": "khai trương khuyến mãi", "step": "capture", "message": "Capturing posinset=13 (13/∞)…", "data": {"w": 2}, "seq": 22689}
{"ts": "2026-05-01T15:13:19.588547+00:00", "level": "INFO", "jobId": "e2e9786d-d7b0-45b9-a1d1-c39877a849ed", "keyword": "khai trương khuyến mãi", "step": "capture", "message": "Saved post_013.png (posinset=13)", "data": {"w": 2}, "seq": 22696}
{"ts": "2026-05-01T15:13:19.591225+00:00", "level": "INFO", "jobId": "e2e9786d-d7b0-45b9-a1d1-c39877a849ed", "keyword": "khai trương khuyến mãi", "step": "cooldown", "message": "Cooldown 1.0s (after capture)", "data": {"w": 2}, "seq": 22697}
{"ts": "2026-05-01T15:13:20.609134+00:00", "level": "INFO", "jobId": "e2e9786d-d7b0-45b9-a1d1-c39877a849ed", "keyword": "khai trương khuyến mãi", "step": "capture", "message": "Capturing posinset=14 (14/∞)…", "data": {"w": 2}, "seq": 22699}
{"ts": "2026-05-01T15:13:22.687464+00:00", "level": "INFO", "jobId": "e2e9786d-d7b0-45b9-a1d1-c39877a849ed", "keyword": "khai trương khuyến mãi", "step": "capture", "message": "Saved post_014.png (posinset=14)", "data": {"w": 2}, "seq": 22700}
{"ts": "2026-05-01T15:13:22.688464+00:00", "level": "INFO", "jobId": "e2e9786d-d7b0-45b9-a1d1-c39877a849ed", "keyword": "khai trương khuyến mãi", "step": "cooldown", "message": "Cooldown 1.0s (after capture)", "data": {"w": 2}, "seq": 22701}
{"ts": "2026-05-01T15:13:24.137116+00:00", "level": "INFO", "jobId": "e2e9786d-d7b0-45b9-a1d1-c39877a849ed", "keyword": "khai trương khuyến mãi", "step": "heartbeat", "message": "Worker alive", "data": {"w": 2, "elapsed_s": 86}, "seq": 22707}
{"ts": "2026-05-01T15:13:24.137116+00:00", "level": "INFO", "jobId": "e2e9786d-d7b0-45b9-a1d1-c39877a849ed", "keyword": "khai trương khuyến mãi", "step": "capture", "message": "Capturing posinset=15 (15/∞)…", "data": {"w": 2}, "seq": 22708}
{"ts": "2026-05-01T15:13:27.255779+00:00", "level": "INFO", "jobId": "e2e9786d-d7b0-45b9-a1d1-c39877a849ed", "keyword": "khai trương khuyến mãi", "step": "capture", "message": "Saved post_015.png (posinset=15)", "data": {"w": 2}, "seq": 22712}
{"ts": "2026-05-01T15:13:27.255779+00:00", "level": "INFO", "jobId": "e2e9786d-d7b0-45b9-a1d1-c39877a849ed", "keyword": "khai trương khuyến mãi", "step": "cooldown", "message": "Cooldown 1.0s (after capture)", "data": {"w": 2}, "seq": 22713}
{"ts": "2026-05-01T15:13:28.270015+00:00", "level": "INFO", "jobId": "e2e9786d-d7b0-45b9-a1d1-c39877a849ed", "keyword": "khai trương khuyến mãi", "step": "capture", "message": "Capturing posinset=16 (16/∞)…", "data": {"w": 2}, "seq": 22718}
{"ts": "2026-05-01T15:13:30.047115+00:00", "level": "INFO", "jobId": "e2e9786d-d7b0-45b9-a1d1-c39877a849ed", "keyword": "khai trương khuyến mãi", "step": "capture", "message": "Saved post_016.png (posinset=16)", "data": {"w": 2}, "seq": 22722}
{"ts": "2026-05-01T15:13:30.050208+00:00", "level": "INFO", "jobId": "e2e9786d-d7b0-45b9-a1d1-c39877a849ed", "keyword": "khai trương khuyến mãi", "step": "cooldown", "message": "Cooldown 1.0s (after capture)", "data": {"w": 2}, "seq": 22723}
{"ts": "2026-05-01T15:13:31.085475+00:00", "level": "INFO", "jobId": "e2e9786d-d7b0-45b9-a1d1-c39877a849ed", "keyword": "khai trương khuyến mãi", "step": "capture", "message": "Capturing posinset=17 (17/∞)…", "data": {"w": 2}, "seq": 22724}
{"ts": "2026-05-01T15:13:32.804875+00:00", "level": "INFO", "jobId": "e2e9786d-d7b0-45b9-a1d1-c39877a849ed", "keyword": "khai trương khuyến mãi", "step": "capture", "message": "Saved post_017.png (posinset=17)", "data": {"w": 2}, "seq": 22729}
{"ts": "2026-05-01T15:13:32.804875+00:00", "level": "INFO", "jobId": "e2e9786d-d7b0-45b9-a1d1-c39877a849ed", "keyword": "khai trương khuyến mãi", "step": "cooldown", "message": "Cooldown 1.0s (after capture)", "data": {"w": 2}, "seq": 22730}
{"ts": "2026-05-01T15:13:33.820404+00:00", "level": "INFO", "jobId": "e2e9786d-d7b0-45b9-a1d1-c39877a849ed", "keyword": "khai trương khuyến mãi", "step": "capture", "message": "Capturing posinset=18 (18/∞)…", "data": {"w": 2}, "seq": 22733}
{"ts": "2026-05-01T15:13:35.819687+00:00", "level": "INFO", "jobId": "e2e9786d-d7b0-45b9-a1d1-c39877a849ed", "keyword": "khai trương khuyến mãi", "step": "capture", "message": "Saved post_018.png (posinset=18)", "data": {"w": 2}, "seq": 22737}
{"ts": "2026-05-01T15:13:35.822225+00:00", "level": "INFO", "jobId": "e2e9786d-d7b0-45b9-a1d1-c39877a849ed", "keyword": "khai trương khuyến mãi", "step": "cooldown", "message": "Cooldown 1.0s (after capture)", "data": {"w": 2}, "seq": 22738}
{"ts": "2026-05-01T15:13:36.839125+00:00", "level": "INFO", "jobId": "e2e9786d-d7b0-45b9-a1d1-c39877a849ed", "keyword": "khai trương khuyến mãi", "step": "capture", "message": "Capturing posinset=19 (19/∞)…", "data": {"w": 2}, "seq": 22741}
{"ts": "2026-05-01T15:13:37.897872+00:00", "level": "INFO", "jobId": "e2e9786d-d7b0-45b9-a1d1-c39877a849ed", "keyword": "khai trương khuyến mãi", "step": "capture", "message": "Saved post_019.png (posinset=19)", "data": {"w": 2}, "seq": 22744}
{"ts": "2026-05-01T15:13:37.898883+00:00", "level": "INFO", "jobId": "e2e9786d-d7b0-45b9-a1d1-c39877a849ed", "keyword": "khai trương khuyến mãi", "step": "cooldown", "message": "Cooldown 1.0s (after capture)", "data": {"w": 2}, "seq": 22745}
{"ts": "2026-05-01T15:13:38.910484+00:00", "level": "INFO", "jobId": "e2e9786d-d7b0-45b9-a1d1-c39877a849ed", "keyword": "khai trương khuyến mãi", "step": "capture", "message": "Capturing posinset=20 (20/∞)…", "data": {"w": 2}, "seq": 22749}
{"ts": "2026-05-01T15:13:43.167977+00:00", "level": "INFO", "jobId": "e2e9786d-d7b0-45b9-a1d1-c39877a849ed", "keyword": "khai trương khuyến mãi", "step": "capture", "message": "Saved post_020.png (posinset=20)", "data": {"w": 2}, "seq": 22753}
{"ts": "2026-05-01T15:13:43.171100+00:00", "level": "INFO", "jobId": "e2e9786d-d7b0-45b9-a1d1-c39877a849ed", "keyword": "khai trương khuyến mãi", "step": "cooldown", "message": "Cooldown 1.0s (after capture)", "data": {"w": 2}, "seq": 22754}
{"ts": "2026-05-01T15:13:44.193931+00:00", "level": "INFO", "jobId": "e2e9786d-d7b0-45b9-a1d1-c39877a849ed", "keyword": "khai trương khuyến mãi", "step": "heartbeat", "message": "Worker alive", "data": {"w": 2, "elapsed_s": 106}, "seq": 22757}
{"ts": "2026-05-01T15:13:44.195943+00:00", "level": "INFO", "jobId": "e2e9786d-d7b0-45b9-a1d1-c39877a849ed", "keyword": "khai trương khuyến mãi", "step": "capture", "message": "Capturing posinset=21 (21/∞)…", "data": {"w": 2}, "seq": 22758}
{"ts": "2026-05-01T15:13:47.493889+00:00", "level": "INFO", "jobId": "e2e9786d-d7b0-45b9-a1d1-c39877a849ed", "keyword": "khai trương khuyến mãi", "step": "capture", "message": "Saved post_021.png (posinset=21)", "data": {"w": 2}, "seq": 22759}
{"ts": "2026-05-01T15:13:47.496068+00:00", "level": "INFO", "jobId": "e2e9786d-d7b0-45b9-a1d1-c39877a849ed", "keyword": "khai trương khuyến mãi", "step": "cooldown", "message": "Cooldown 1.0s (after capture)", "data": {"w": 2}, "seq": 22760}
{"ts": "2026-05-01T15:13:48.581527+00:00", "level": "INFO", "jobId": "e2e9786d-d7b0-45b9-a1d1-c39877a849ed", "keyword": "khai trương khuyến mãi", "step": "capture", "message": "Capturing posinset=22 (22/∞)…", "data": {"w": 2}, "seq": 22761}
{"ts": "2026-05-01T15:13:51.464036+00:00", "level": "INFO", "jobId": "e2e9786d-d7b0-45b9-a1d1-c39877a849ed", "keyword": "khai trương khuyến mãi", "step": "capture", "message": "Saved post_022.png (posinset=22)", "data": {"w": 2}, "seq": 22765}
{"ts": "2026-05-01T15:13:51.466164+00:00", "level": "INFO", "jobId": "e2e9786d-d7b0-45b9-a1d1-c39877a849ed", "keyword": "khai trương khuyến mãi", "step": "cooldown", "message": "Cooldown 1.0s (after capture)", "data": {"w": 2}, "seq": 22766}
{"ts": "2026-05-01T15:13:52.515909+00:00", "level": "INFO", "jobId": "e2e9786d-d7b0-45b9-a1d1-c39877a849ed", "keyword": "khai trương khuyến mãi", "step": "capture", "message": "Capturing posinset=23 (23/∞)…", "data": {"w": 2}, "seq": 22767}
{"ts": "2026-05-01T15:13:54.834083+00:00", "level": "INFO", "jobId": "e2e9786d-d7b0-45b9-a1d1-c39877a849ed", "keyword": "khai trương khuyến mãi", "step": "capture", "message": "Saved post_023.png (posinset=23)", "data": {"w": 2}, "seq": 22772}
{"ts": "2026-05-01T15:13:54.842289+00:00", "level": "INFO", "jobId": "e2e9786d-d7b0-45b9-a1d1-c39877a849ed", "keyword": "khai trương khuyến mãi", "step": "cooldown", "message": "Cooldown 1.0s (after capture)", "data": {"w": 2}, "seq": 22773}
{"ts": "2026-05-01T15:13:55.872485+00:00", "level": "INFO", "jobId": "e2e9786d-d7b0-45b9-a1d1-c39877a849ed", "keyword": "khai trương khuyến mãi", "step": "capture", "message": "Capturing posinset=24 (24/∞)…", "data": {"w": 2}, "seq": 22776}
{"ts": "2026-05-01T15:13:58.982128+00:00", "level": "INFO", "jobId": "e2e9786d-d7b0-45b9-a1d1-c39877a849ed", "keyword": "khai trương khuyến mãi", "step": "capture", "message": "Saved post_024.png (posinset=24)", "data": {"w": 2}, "seq": 22780}
{"ts": "2026-05-01T15:13:58.983262+00:00", "level": "INFO", "jobId": "e2e9786d-d7b0-45b9-a1d1-c39877a849ed", "keyword": "khai trương khuyến mãi", "step": "cooldown", "message": "Cooldown 1.0s (after capture)", "data": {"w": 2}, "seq": 22781}
{"ts": "2026-05-01T15:14:00.228665+00:00", "level": "INFO", "jobId": "e2e9786d-d7b0-45b9-a1d1-c39877a849ed", "keyword": "khai trương khuyến mãi", "step": "heartbeat", "message": "Worker alive", "data": {"w": 2, "elapsed_s": 122}, "seq": 22783}
{"ts": "2026-05-01T15:14:00.230662+00:00", "level": "INFO", "jobId": "e2e9786d-d7b0-45b9-a1d1-c39877a849ed", "keyword": "khai trương khuyến mãi", "step": "capture", "message": "Capturing posinset=25 (25/∞)…", "data": {"w": 2}, "seq": 22784}
{"ts": "2026-05-01T15:14:06.250584+00:00", "level": "INFO", "jobId": "e2e9786d-d7b0-45b9-a1d1-c39877a849ed", "keyword": "khai trương khuyến mãi", "step": "capture", "message": "Saved post_025.png (posinset=25)", "data": {"w": 2}, "seq": 22789}
{"ts": "2026-05-01T15:14:06.265676+00:00", "level": "INFO", "jobId": "e2e9786d-d7b0-45b9-a1d1-c39877a849ed", "keyword": "khai trương khuyến mãi", "step": "cooldown", "message": "Cooldown 1.0s (after capture)", "data": {"w": 2}, "seq": 22790}
{"ts": "2026-05-01T15:14:07.629470+00:00", "level": "INFO", "jobId": "e2e9786d-d7b0-45b9-a1d1-c39877a849ed", "keyword": "khai trương khuyến mãi", "step": "capture", "message": "Capturing posinset=26 (26/∞)…", "data": {"w": 2}, "seq": 22791}
{"ts": "2026-05-01T15:14:10.713926+00:00", "level": "INFO", "jobId": "e2e9786d-d7b0-45b9-a1d1-c39877a849ed", "keyword": "khai trương khuyến mãi", "step": "capture", "message": "Saved post_026.png (posinset=26)", "data": {"w": 2}, "seq": 22798}
{"ts": "2026-05-01T15:14:10.715938+00:00", "level": "INFO", "jobId": "e2e9786d-d7b0-45b9-a1d1-c39877a849ed", "keyword": "khai trương khuyến mãi", "step": "cooldown", "message": "Cooldown 1.0s (after capture)", "data": {"w": 2}, "seq": 22799}
{"ts": "2026-05-01T15:14:11.784434+00:00", "level": "INFO", "jobId": "e2e9786d-d7b0-45b9-a1d1-c39877a849ed", "keyword": "khai trương khuyến mãi", "step": "capture", "message": "Capturing posinset=27 (27/∞)…", "data": {"w": 2}, "seq": 22800}
{"ts": "2026-05-01T15:14:15.808958+00:00", "level": "INFO", "jobId": "e2e9786d-d7b0-45b9-a1d1-c39877a849ed", "keyword": "khai trương khuyến mãi", "step": "capture", "message": "Saved post_027.png (posinset=27)", "data": {"w": 2}, "seq": 22803}
{"ts": "2026-05-01T15:14:15.810952+00:00", "level": "INFO", "jobId": "e2e9786d-d7b0-45b9-a1d1-c39877a849ed", "keyword": "khai trương khuyến mãi", "step": "cooldown", "message": "Cooldown 1.0s (after capture)", "data": {"w": 2}, "seq": 22804}
{"ts": "2026-05-01T15:14:16.853843+00:00", "level": "INFO", "jobId": "e2e9786d-d7b0-45b9-a1d1-c39877a849ed", "keyword": "khai trương khuyến mãi", "step": "heartbeat", "message": "Worker alive", "data": {"w": 2, "elapsed_s": 138}, "seq": 22806}
{"ts": "2026-05-01T15:14:16.867843+00:00", "level": "INFO", "jobId": "e2e9786d-d7b0-45b9-a1d1-c39877a849ed", "keyword": "khai trương khuyến mãi", "step": "capture", "message": "Capturing posinset=28 (28/∞)…", "data": {"w": 2}, "seq": 22807}
{"ts": "2026-05-01T15:14:18.957061+00:00", "level": "INFO", "jobId": "e2e9786d-d7b0-45b9-a1d1-c39877a849ed", "keyword": "khai trương khuyến mãi", "step": "capture", "message": "Saved post_028.png (posinset=28)", "data": {"w": 2}, "seq": 22810}
{"ts": "2026-05-01T15:14:18.960095+00:00", "level": "INFO", "jobId": "e2e9786d-d7b0-45b9-a1d1-c39877a849ed", "keyword": "khai trương khuyến mãi", "step": "cooldown", "message": "Cooldown 1.0s (after capture)", "data": {"w": 2}, "seq": 22811}
{"ts": "2026-05-01T15:14:19.992106+00:00", "level": "INFO", "jobId": "e2e9786d-d7b0-45b9-a1d1-c39877a849ed", "keyword": "khai trương khuyến mãi", "step": "capture", "message": "Capturing posinset=29 (29/∞)…", "data": {"w": 2}, "seq": 22815}
{"ts": "2026-05-01T15:14:21.746493+00:00", "level": "INFO", "jobId": "e2e9786d-d7b0-45b9-a1d1-c39877a849ed", "keyword": "khai trương khuyến mãi", "step": "capture", "message": "Saved post_029.png (posinset=29)", "data": {"w": 2}, "seq": 22817}
{"ts": "2026-05-01T15:14:21.747494+00:00", "level": "INFO", "jobId": "e2e9786d-d7b0-45b9-a1d1-c39877a849ed", "keyword": "khai trương khuyến mãi", "step": "cooldown", "message": "Cooldown 1.0s (after capture)", "data": {"w": 2}, "seq": 22818}
{"ts": "2026-05-01T15:14:22.755045+00:00", "level": "INFO", "jobId": "e2e9786d-d7b0-45b9-a1d1-c39877a849ed", "keyword": "khai trương khuyến mãi", "step": "capture", "message": "Capturing posinset=30 (30/∞)…", "data": {"w": 2}, "seq": 22821}
{"ts": "2026-05-01T15:14:24.299181+00:00", "level": "INFO", "jobId": "e2e9786d-d7b0-45b9-a1d1-c39877a849ed", "keyword": "khai trương khuyến mãi", "step": "capture", "message": "Saved post_030.png (posinset=30)", "data": {"w": 2}, "seq": 22824}
{"ts": "2026-05-01T15:14:24.300280+00:00", "level": "INFO", "jobId": "e2e9786d-d7b0-45b9-a1d1-c39877a849ed", "keyword": "khai trương khuyến mãi", "step": "cooldown", "message": "Cooldown 1.0s (after capture)", "data": {"w": 2}, "seq": 22825}
{"ts": "2026-05-01T15:14:26.288268+00:00", "level": "INFO", "jobId": "e2e9786d-d7b0-45b9-a1d1-c39877a849ed", "keyword": "khai trương khuyến mãi", "step": "capture", "message": "Capturing posinset=31 (31/∞)…", "data": {"w": 2}, "seq": 22829}
{"ts": "2026-05-01T15:14:28.481970+00:00", "level": "INFO", "jobId": "e2e9786d-d7b0-45b9-a1d1-c39877a849ed", "keyword": "khai trương khuyến mãi", "step": "capture", "message": "Saved post_031.png (posinset=31)", "data": {"w": 2}, "seq": 22831}
{"ts": "2026-05-01T15:14:28.491660+00:00", "level": "INFO", "jobId": "e2e9786d-d7b0-45b9-a1d1-c39877a849ed", "keyword": "khai trương khuyến mãi", "step": "cooldown", "message": "Cooldown 1.0s (after capture)", "data": {"w": 2}, "seq": 22832}
{"ts": "2026-05-01T15:14:29.520983+00:00", "level": "INFO", "jobId": "e2e9786d-d7b0-45b9-a1d1-c39877a849ed", "keyword": "khai trương khuyến mãi", "step": "capture", "message": "Capturing posinset=32 (32/∞)…", "data": {"w": 2}, "seq": 22833}
{"ts": "2026-05-01T15:14:31.475996+00:00", "level": "INFO", "jobId": "e2e9786d-d7b0-45b9-a1d1-c39877a849ed", "keyword": "khai trương khuyến mãi", "step": "capture", "message": "Saved post_032.png (posinset=32)", "data": {"w": 2}, "seq": 22837}
{"ts": "2026-05-01T15:14:31.477242+00:00", "level": "INFO", "jobId": "e2e9786d-d7b0-45b9-a1d1-c39877a849ed", "keyword": "khai trương khuyến mãi", "step": "cooldown", "message": "Cooldown 1.0s (after capture)", "data": {"w": 2}, "seq": 22838}
{"ts": "2026-05-01T15:14:32.501799+00:00", "level": "INFO", "jobId": "e2e9786d-d7b0-45b9-a1d1-c39877a849ed", "keyword": "khai trương khuyến mãi", "step": "heartbeat", "message": "Worker alive", "data": {"w": 2, "elapsed_s": 154}, "seq": 22839}
{"ts": "2026-05-01T15:14:32.503919+00:00", "level": "INFO", "jobId": "e2e9786d-d7b0-45b9-a1d1-c39877a849ed", "keyword": "khai trương khuyến mãi", "step": "capture", "message": "Capturing posinset=33 (33/∞)…", "data": {"w": 2}, "seq": 22840}
{"ts": "2026-05-01T15:14:34.759689+00:00", "level": "INFO", "jobId": "e2e9786d-d7b0-45b9-a1d1-c39877a849ed", "keyword": "khai trương khuyến mãi", "step": "capture", "message": "Saved post_033.png (posinset=33)", "data": {"w": 2}, "seq": 22845}
{"ts": "2026-05-01T15:14:34.760723+00:00", "level": "INFO", "jobId": "e2e9786d-d7b0-45b9-a1d1-c39877a849ed", "keyword": "khai trương khuyến mãi", "step": "cooldown", "message": "Cooldown 1.0s (after capture)", "data": {"w": 2}, "seq": 22846}
{"ts": "2026-05-01T15:14:35.783757+00:00", "level": "INFO", "jobId": "e2e9786d-d7b0-45b9-a1d1-c39877a849ed", "keyword": "khai trương khuyến mãi", "step": "capture", "message": "Capturing posinset=34 (34/∞)…", "data": {"w": 2}, "seq": 22847}
{"ts": "2026-05-01T15:14:37.914534+00:00", "level": "INFO", "jobId": "e2e9786d-d7b0-45b9-a1d1-c39877a849ed", "keyword": "khai trương khuyến mãi", "step": "capture", "message": "Saved post_034.png (posinset=34)", "data": {"w": 2}, "seq": 22848}
{"ts": "2026-05-01T15:14:37.915986+00:00", "level": "INFO", "jobId": "e2e9786d-d7b0-45b9-a1d1-c39877a849ed", "keyword": "khai trương khuyến mãi", "step": "cooldown", "message": "Cooldown 1.0s (after capture)", "data": {"w": 2}, "seq": 22849}
{"ts": "2026-05-01T15:14:39.413919+00:00", "level": "INFO", "jobId": "e2e9786d-d7b0-45b9-a1d1-c39877a849ed", "keyword": "khai trương khuyến mãi", "step": "capture", "message": "Capturing posinset=35 (35/∞)…", "data": {"w": 2}, "seq": 22852}
{"ts": "2026-05-01T15:14:43.894269+00:00", "level": "INFO", "jobId": "e2e9786d-d7b0-45b9-a1d1-c39877a849ed", "keyword": "khai trương khuyến mãi", "step": "capture", "message": "Saved post_035.png (posinset=35)", "data": {"w": 2}, "seq": 22856}
{"ts": "2026-05-01T15:14:43.894776+00:00", "level": "INFO", "jobId": "e2e9786d-d7b0-45b9-a1d1-c39877a849ed", "keyword": "khai trương khuyến mãi", "step": "cooldown", "message": "Cooldown 1.0s (after capture)", "data": {"w": 2}, "seq": 22857}
{"ts": "2026-05-01T15:14:44.915920+00:00", "level": "INFO", "jobId": "e2e9786d-d7b0-45b9-a1d1-c39877a849ed", "keyword": "khai trương khuyến mãi", "step": "capture", "message": "Capturing posinset=36 (36/∞)…", "data": {"w": 2}, "seq": 22858}
{"ts": "2026-05-01T15:14:47.227289+00:00", "level": "INFO", "jobId": "e2e9786d-d7b0-45b9-a1d1-c39877a849ed", "keyword": "khai trương khuyến mãi", "step": "capture", "message": "Saved post_036.png (posinset=36)", "data": {"w": 2}, "seq": 22861}
{"ts": "2026-05-01T15:14:47.229289+00:00", "level": "INFO", "jobId": "e2e9786d-d7b0-45b9-a1d1-c39877a849ed", "keyword": "khai trương khuyến mãi", "step": "cooldown", "message": "Cooldown 1.0s (after capture)", "data": {"w": 2}, "seq": 22862}
{"ts": "2026-05-01T15:14:48.352771+00:00", "level": "INFO", "jobId": "e2e9786d-d7b0-45b9-a1d1-c39877a849ed", "keyword": "khai trương khuyến mãi", "step": "heartbeat", "message": "Worker alive", "data": {"w": 2, "elapsed_s": 170}, "seq": 22864}
{"ts": "2026-05-01T15:14:48.365411+00:00", "level": "INFO", "jobId": "e2e9786d-d7b0-45b9-a1d1-c39877a849ed", "keyword": "khai trương khuyến mãi", "step": "capture", "message": "Capturing posinset=37 (37/∞)…", "data": {"w": 2}, "seq": 22865}
{"ts": "2026-05-01T15:14:51.258422+00:00", "level": "INFO", "jobId": "e2e9786d-d7b0-45b9-a1d1-c39877a849ed", "keyword": "khai trương khuyến mãi", "step": "capture", "message": "Saved post_037.png (posinset=37)", "data": {"w": 2}, "seq": 22866}
{"ts": "2026-05-01T15:14:51.263420+00:00", "level": "INFO", "jobId": "e2e9786d-d7b0-45b9-a1d1-c39877a849ed", "keyword": "khai trương khuyến mãi", "step": "cooldown", "message": "Cooldown 1.0s (after capture)", "data": {"w": 2}, "seq": 22867}
{"ts": "2026-05-01T15:14:52.311823+00:00", "level": "INFO", "jobId": "e2e9786d-d7b0-45b9-a1d1-c39877a849ed", "keyword": "khai trương khuyến mãi", "step": "capture", "message": "Capturing posinset=38 (38/∞)…", "data": {"w": 2}, "seq": 22871}
{"ts": "2026-05-01T15:14:57.094348+00:00", "level": "INFO", "jobId": "e2e9786d-d7b0-45b9-a1d1-c39877a849ed", "keyword": "khai trương khuyến mãi", "step": "capture", "message": "Saved post_038.png (posinset=38)", "data": {"w": 2}, "seq": 22880}
{"ts": "2026-05-01T15:14:57.095380+00:00", "level": "INFO", "jobId": "e2e9786d-d7b0-45b9-a1d1-c39877a849ed", "keyword": "khai trương khuyến mãi", "step": "cooldown", "message": "Cooldown 1.0s (after capture)", "data": {"w": 2}, "seq": 22881}
{"ts": "2026-05-01T15:14:58.171704+00:00", "level": "INFO", "jobId": "e2e9786d-d7b0-45b9-a1d1-c39877a849ed", "keyword": "khai trương khuyến mãi", "step": "capture", "message": "Capturing posinset=39 (39/∞)…", "data": {"w": 2}, "seq": 22882}
{"ts": "2026-05-01T15:15:02.759066+00:00", "level": "INFO", "jobId": "e2e9786d-d7b0-45b9-a1d1-c39877a849ed", "keyword": "khai trương khuyến mãi", "step": "capture", "message": "Saved post_039.png (posinset=39)", "data": {"w": 2}, "seq": 22884}
{"ts": "2026-05-01T15:15:02.774630+00:00", "level": "INFO", "jobId": "e2e9786d-d7b0-45b9-a1d1-c39877a849ed", "keyword": "khai trương khuyến mãi", "step": "cooldown", "message": "Cooldown 1.0s (after capture)", "data": {"w": 2}, "seq": 22885}
{"ts": "2026-05-01T15:15:03.834455+00:00", "level": "INFO", "jobId": "e2e9786d-d7b0-45b9-a1d1-c39877a849ed", "keyword": "khai trương khuyến mãi", "step": "heartbeat", "message": "Worker alive", "data": {"w": 2, "elapsed_s": 185}, "seq": 22888}
{"ts": "2026-05-01T15:15:03.836456+00:00", "level": "INFO", "jobId": "e2e9786d-d7b0-45b9-a1d1-c39877a849ed", "keyword": "khai trương khuyến mãi", "step": "capture", "message": "Capturing posinset=40 (40/∞)…", "data": {"w": 2}, "seq": 22889}
{"ts": "2026-05-01T15:15:07.052101+00:00", "level": "INFO", "jobId": "e2e9786d-d7b0-45b9-a1d1-c39877a849ed", "keyword": "khai trương khuyến mãi", "step": "capture", "message": "Saved post_040.png (posinset=40)", "data": {"w": 2}, "seq": 22892}
{"ts": "2026-05-01T15:15:07.069428+00:00", "level": "INFO", "jobId": "e2e9786d-d7b0-45b9-a1d1-c39877a849ed", "keyword": "khai trương khuyến mãi", "step": "cooldown", "message": "Cooldown 1.0s (after capture)", "data": {"w": 2}, "seq": 22893}
{"ts": "2026-05-01T15:15:08.188943+00:00", "level": "INFO", "jobId": "e2e9786d-d7b0-45b9-a1d1-c39877a849ed", "keyword": "khai trương khuyến mãi", "step": "capture", "message": "Capturing posinset=41 (41/∞)…", "data": {"w": 2}, "seq": 22894}
{"ts": "2026-05-01T15:15:10.706708+00:00", "level": "INFO", "jobId": "e2e9786d-d7b0-45b9-a1d1-c39877a849ed", "keyword": "khai trương khuyến mãi", "step": "capture", "message": "Capturing posinset=41 (41/∞)…", "data": {"w": 2}, "seq": 22897}
{"ts": "2026-05-01T15:15:17.931444+00:00", "level": "INFO", "jobId": "e2e9786d-d7b0-45b9-a1d1-c39877a849ed", "keyword": "khai trương khuyến mãi", "step": "capture", "message": "Capturing posinset=41 (41/∞)…", "data": {"w": 2}, "seq": 22903}
{"ts": "2026-05-01T15:15:21.703699+00:00", "level": "INFO", "jobId": "e2e9786d-d7b0-45b9-a1d1-c39877a849ed", "keyword": "khai trương khuyến mãi", "step": "capture", "message": "Saved post_041.png (posinset=41)", "data": {"w": 2}, "seq": 22904}
{"ts": "2026-05-01T15:15:21.708749+00:00", "level": "INFO", "jobId": "e2e9786d-d7b0-45b9-a1d1-c39877a849ed", "keyword": "khai trương khuyến mãi", "step": "cooldown", "message": "Cooldown 1.0s (after capture)", "data": {"w": 2}, "seq": 22905}
{"ts": "2026-05-01T15:15:22.784021+00:00", "level": "INFO", "jobId": "e2e9786d-d7b0-45b9-a1d1-c39877a849ed", "keyword": "khai trương khuyến mãi", "step": "heartbeat", "message": "Worker alive", "data": {"w": 2, "elapsed_s": 204}, "seq": 22908}
{"ts": "2026-05-01T15:15:22.786029+00:00", "level": "INFO", "jobId": "e2e9786d-d7b0-45b9-a1d1-c39877a849ed", "keyword": "khai trương khuyến mãi", "step": "capture", "message": "Capturing posinset=42 (42/∞)…", "data": {"w": 2}, "seq": 22909}
{"ts": "2026-05-01T15:15:28.841392+00:00", "level": "INFO", "jobId": "e2e9786d-d7b0-45b9-a1d1-c39877a849ed", "keyword": "khai trương khuyến mãi", "step": "capture", "message": "Saved post_042.png (posinset=42)", "data": {"w": 2}, "seq": 22918}
{"ts": "2026-05-01T15:15:28.858650+00:00", "level": "INFO", "jobId": "e2e9786d-d7b0-45b9-a1d1-c39877a849ed", "keyword": "khai trương khuyến mãi", "step": "cooldown", "message": "Cooldown 1.0s (after capture)", "data": {"w": 2}, "seq": 22919}
{"ts": "2026-05-01T15:15:29.898464+00:00", "level": "INFO", "jobId": "e2e9786d-d7b0-45b9-a1d1-c39877a849ed", "keyword": "khai trương khuyến mãi", "step": "capture", "message": "Capturing posinset=43 (43/∞)…", "data": {"w": 2}, "seq": 22922}
{"ts": "2026-05-01T15:15:32.823883+00:00", "level": "INFO", "jobId": "e2e9786d-d7b0-45b9-a1d1-c39877a849ed", "keyword": "khai trương khuyến mãi", "step": "capture", "message": "Saved post_043.png (posinset=43)", "data": {"w": 2}, "seq": 22924}
{"ts": "2026-05-01T15:15:32.825852+00:00", "level": "INFO", "jobId": "e2e9786d-d7b0-45b9-a1d1-c39877a849ed", "keyword": "khai trương khuyến mãi", "step": "cooldown", "message": "Cooldown 1.0s (after capture)", "data": {"w": 2}, "seq": 22925}
{"ts": "2026-05-01T15:15:33.873934+00:00", "level": "INFO", "jobId": "e2e9786d-d7b0-45b9-a1d1-c39877a849ed", "keyword": "khai trương khuyến mãi", "step": "capture", "message": "Capturing posinset=44 (44/∞)…", "data": {"w": 2}, "seq": 22930}
{"ts": "2026-05-01T15:15:36.307501+00:00", "level": "INFO", "jobId": "e2e9786d-d7b0-45b9-a1d1-c39877a849ed", "keyword": "khai trương khuyến mãi", "step": "capture", "message": "Saved post_044.png (posinset=44)", "data": {"w": 2}, "seq": 22935}
{"ts": "2026-05-01T15:15:36.309296+00:00", "level": "INFO", "jobId": "e2e9786d-d7b0-45b9-a1d1-c39877a849ed", "keyword": "khai trương khuyến mãi", "step": "cooldown", "message": "Cooldown 1.0s (after capture)", "data": {"w": 2}, "seq": 22936}
{"ts": "2026-05-01T15:15:37.352025+00:00", "level": "INFO", "jobId": "e2e9786d-d7b0-45b9-a1d1-c39877a849ed", "keyword": "khai trương khuyến mãi", "step": "capture", "message": "Capturing posinset=45 (45/∞)…", "data": {"w": 2}, "seq": 22940}
{"ts": "2026-05-01T15:15:39.531748+00:00", "level": "INFO", "jobId": "e2e9786d-d7b0-45b9-a1d1-c39877a849ed", "keyword": "khai trương khuyến mãi", "step": "capture", "message": "Saved post_045.png (posinset=45)", "data": {"w": 2}, "seq": 22944}
{"ts": "2026-05-01T15:15:39.544299+00:00", "level": "INFO", "jobId": "e2e9786d-d7b0-45b9-a1d1-c39877a849ed", "keyword": "khai trương khuyến mãi", "step": "cooldown", "message": "Cooldown 1.0s (after capture)", "data": {"w": 2}, "seq": 22945}
{"ts": "2026-05-01T15:15:40.628509+00:00", "level": "INFO", "jobId": "e2e9786d-d7b0-45b9-a1d1-c39877a849ed", "keyword": "khai trương khuyến mãi", "step": "heartbeat", "message": "Worker alive", "data": {"w": 2, "elapsed_s": 222}, "seq": 22948}
{"ts": "2026-05-01T15:15:40.629509+00:00", "level": "INFO", "jobId": "e2e9786d-d7b0-45b9-a1d1-c39877a849ed", "keyword": "khai trương khuyến mãi", "step": "capture", "message": "Capturing posinset=46 (46/∞)…", "data": {"w": 2}, "seq": 22949}
{"ts": "2026-05-01T15:15:47.211389+00:00", "level": "INFO", "jobId": "e2e9786d-d7b0-45b9-a1d1-c39877a849ed", "keyword": "khai trương khuyến mãi", "step": "capture", "message": "Saved post_046.png (posinset=46)", "data": {"w": 2}, "seq": 22960}
{"ts": "2026-05-01T15:15:47.213397+00:00", "level": "INFO", "jobId": "e2e9786d-d7b0-45b9-a1d1-c39877a849ed", "keyword": "khai trương khuyến mãi", "step": "cooldown", "message": "Cooldown 1.0s (after capture)", "data": {"w": 2}, "seq": 22961}
{"ts": "2026-05-01T15:15:48.248087+00:00", "level": "INFO", "jobId": "e2e9786d-d7b0-45b9-a1d1-c39877a849ed", "keyword": "khai trương khuyến mãi", "step": "capture", "message": "Capturing posinset=47 (47/∞)…", "data": {"w": 2}, "seq": 22964}
{"ts": "2026-05-01T15:15:52.267544+00:00", "level": "INFO", "jobId": "e2e9786d-d7b0-45b9-a1d1-c39877a849ed", "keyword": "khai trương khuyến mãi", "step": "capture", "message": "Saved post_047.png (posinset=47)", "data": {"w": 2}, "seq": 22966}
{"ts": "2026-05-01T15:15:52.268839+00:00", "level": "INFO", "jobId": "e2e9786d-d7b0-45b9-a1d1-c39877a849ed", "keyword": "khai trương khuyến mãi", "step": "cooldown", "message": "Cooldown 1.0s (after capture)", "data": {"w": 2}, "seq": 22967}
{"ts": "2026-05-01T15:15:53.367195+00:00", "level": "INFO", "jobId": "e2e9786d-d7b0-45b9-a1d1-c39877a849ed", "keyword": "khai trương khuyến mãi", "step": "capture", "message": "Capturing posinset=48 (48/∞)…", "data": {"w": 2}, "seq": 22970}
{"ts": "2026-05-01T15:15:58.014443+00:00", "level": "INFO", "jobId": "e2e9786d-d7b0-45b9-a1d1-c39877a849ed", "keyword": "khai trương khuyến mãi", "step": "capture", "message": "Saved post_048.png (posinset=48)", "data": {"w": 2}, "seq": 22976}
{"ts": "2026-05-01T15:15:58.015453+00:00", "level": "INFO", "jobId": "e2e9786d-d7b0-45b9-a1d1-c39877a849ed", "keyword": "khai trương khuyến mãi", "step": "cooldown", "message": "Cooldown 1.0s (after capture)", "data": {"w": 2}, "seq": 22977}
{"ts": "2026-05-01T15:16:01.693537+00:00", "level": "INFO", "jobId": "e2e9786d-d7b0-45b9-a1d1-c39877a849ed", "keyword": "khai trương khuyến mãi", "step": "heartbeat", "message": "Worker alive", "data": {"w": 2, "elapsed_s": 243}, "seq": 22981}
{"ts": "2026-05-01T15:16:01.697537+00:00", "level": "INFO", "jobId": "e2e9786d-d7b0-45b9-a1d1-c39877a849ed", "keyword": "khai trương khuyến mãi", "step": "capture", "message": "Capturing posinset=49 (49/∞)…", "data": {"w": 2}, "seq": 22982}
{"ts": "2026-05-01T15:16:04.714893+00:00", "level": "INFO", "jobId": "e2e9786d-d7b0-45b9-a1d1-c39877a849ed", "keyword": "khai trương khuyến mãi", "step": "capture", "message": "Saved post_049.png (posinset=49)", "data": {"w": 2}, "seq": 22988}
{"ts": "2026-05-01T15:16:04.717018+00:00", "level": "INFO", "jobId": "e2e9786d-d7b0-45b9-a1d1-c39877a849ed", "keyword": "khai trương khuyến mãi", "step": "cooldown", "message": "Cooldown 1.0s (after capture)", "data": {"w": 2}, "seq": 22989}
{"ts": "2026-05-01T15:16:05.749366+00:00", "level": "INFO", "jobId": "e2e9786d-d7b0-45b9-a1d1-c39877a849ed", "keyword": "khai trương khuyến mãi", "step": "capture", "message": "Capturing posinset=50 (50/∞)…", "data": {"w": 2}, "seq": 22992}
{"ts": "2026-05-01T15:16:07.833206+00:00", "level": "INFO", "jobId": "e2e9786d-d7b0-45b9-a1d1-c39877a849ed", "keyword": "khai trương khuyến mãi", "step": "capture", "message": "Saved post_050.png (posinset=50)", "data": {"w": 2}, "seq": 22996}
{"ts": "2026-05-01T15:16:07.833206+00:00", "level": "INFO", "jobId": "e2e9786d-d7b0-45b9-a1d1-c39877a849ed", "keyword": "khai trương khuyến mãi", "step": "cooldown", "message": "Cooldown 1.0s (after capture)", "data": {"w": 2}, "seq": 22997}
{"ts": "2026-05-01T15:16:08.879217+00:00", "level": "INFO", "jobId": "e2e9786d-d7b0-45b9-a1d1-c39877a849ed", "keyword": "khai trương khuyến mãi", "step": "capture", "message": "Capturing posinset=51 (51/∞)…", "data": {"w": 2}, "seq": 23002}
{"ts": "2026-05-01T15:16:13.152272+00:00", "level": "INFO", "jobId": "e2e9786d-d7b0-45b9-a1d1-c39877a849ed", "keyword": "khai trương khuyến mãi", "step": "capture", "message": "Saved post_051.png (posinset=51)", "data": {"w": 2}, "seq": 23008}
{"ts": "2026-05-01T15:16:13.153427+00:00", "level": "INFO", "jobId": "e2e9786d-d7b0-45b9-a1d1-c39877a849ed", "keyword": "khai trương khuyến mãi", "step": "cooldown", "message": "Cooldown 1.0s (after capture)", "data": {"w": 2}, "seq": 23009}
{"ts": "2026-05-01T15:16:14.214831+00:00", "level": "INFO", "jobId": "e2e9786d-d7b0-45b9-a1d1-c39877a849ed", "keyword": "khai trương khuyến mãi", "step": "capture", "message": "Capturing posinset=52 (52/∞)…", "data": {"w": 2}, "seq": 23014}
{"ts": "2026-05-01T15:16:16.300919+00:00", "level": "INFO", "jobId": "e2e9786d-d7b0-45b9-a1d1-c39877a849ed", "keyword": "khai trương khuyến mãi", "step": "capture", "message": "Saved post_052.png (posinset=52)", "data": {"w": 2}, "seq": 23018}
{"ts": "2026-05-01T15:16:16.300919+00:00", "level": "INFO", "jobId": "e2e9786d-d7b0-45b9-a1d1-c39877a849ed", "keyword": "khai trương khuyến mãi", "step": "cooldown", "message": "Cooldown 1.0s (after capture)", "data": {"w": 2}, "seq": 23019}
{"ts": "2026-05-01T15:16:17.436404+00:00", "level": "INFO", "jobId": "e2e9786d-d7b0-45b9-a1d1-c39877a849ed", "keyword": "khai trương khuyến mãi", "step": "heartbeat", "message": "Worker alive", "data": {"w": 2, "elapsed_s": 259}, "seq": 23022}
{"ts": "2026-05-01T15:16:17.448704+00:00", "level": "INFO", "jobId": "e2e9786d-d7b0-45b9-a1d1-c39877a849ed", "keyword": "khai trương khuyến mãi", "step": "capture", "message": "Capturing posinset=53 (53/∞)…", "data": {"w": 2}, "seq": 23023}
{"ts": "2026-05-01T15:16:19.515557+00:00", "level": "INFO", "jobId": "e2e9786d-d7b0-45b9-a1d1-c39877a849ed", "keyword": "khai trương khuyến mãi", "step": "capture", "message": "Saved post_053.png (posinset=53)", "data": {"w": 2}, "seq": 23027}
{"ts": "2026-05-01T15:16:19.517563+00:00", "level": "INFO", "jobId": "e2e9786d-d7b0-45b9-a1d1-c39877a849ed", "keyword": "khai trương khuyến mãi", "step": "cooldown", "message": "Cooldown 1.0s (after capture)", "data": {"w": 2}, "seq": 23028}
{"ts": "2026-05-01T15:16:20.552512+00:00", "level": "INFO", "jobId": "e2e9786d-d7b0-45b9-a1d1-c39877a849ed", "keyword": "khai trương khuyến mãi", "step": "capture", "message": "Capturing posinset=54 (54/∞)…", "data": {"w": 2}, "seq": 23030}
{"ts": "2026-05-01T15:16:23.306395+00:00", "level": "INFO", "jobId": "e2e9786d-d7b0-45b9-a1d1-c39877a849ed", "keyword": "khai trương khuyến mãi", "step": "capture", "message": "Saved post_054.png (posinset=54)", "data": {"w": 2}, "seq": 23034}
{"ts": "2026-05-01T15:16:23.308393+00:00", "level": "INFO", "jobId": "e2e9786d-d7b0-45b9-a1d1-c39877a849ed", "keyword": "khai trương khuyến mãi", "step": "cooldown", "message": "Cooldown 1.0s (after capture)", "data": {"w": 2}, "seq": 23035}
{"ts": "2026-05-01T15:16:24.596326+00:00", "level": "INFO", "jobId": "e2e9786d-d7b0-45b9-a1d1-c39877a849ed", "keyword": "khai trương khuyến mãi", "step": "capture", "message": "Capturing posinset=55 (55/∞)…", "data": {"w": 2}, "seq": 23040}
{"ts": "2026-05-01T15:16:27.900042+00:00", "level": "INFO", "jobId": "e2e9786d-d7b0-45b9-a1d1-c39877a849ed", "keyword": "khai trương khuyến mãi", "step": "capture", "message": "Saved post_055.png (posinset=55)", "data": {"w": 2}, "seq": 23047}
{"ts": "2026-05-01T15:16:27.901252+00:00", "level": "INFO", "jobId": "e2e9786d-d7b0-45b9-a1d1-c39877a849ed", "keyword": "khai trương khuyến mãi", "step": "cooldown", "message": "Cooldown 1.0s (after capture)", "data": {"w": 2}, "seq": 23048}
{"ts": "2026-05-01T15:16:28.947518+00:00", "level": "INFO", "jobId": "e2e9786d-d7b0-45b9-a1d1-c39877a849ed", "keyword": "khai trương khuyến mãi", "step": "capture", "message": "Capturing posinset=56 (56/∞)…", "data": {"w": 2}, "seq": 23051}
{"ts": "2026-05-01T15:16:30.548969+00:00", "level": "INFO", "jobId": "e2e9786d-d7b0-45b9-a1d1-c39877a849ed", "keyword": "khai trương khuyến mãi", "step": "capture", "message": "Saved post_056.png (posinset=56)", "data": {"w": 2}, "seq": 23055}
{"ts": "2026-05-01T15:16:30.562969+00:00", "level": "INFO", "jobId": "e2e9786d-d7b0-45b9-a1d1-c39877a849ed", "keyword": "khai trương khuyến mãi", "step": "cooldown", "message": "Cooldown 1.0s (after capture)", "data": {"w": 2}, "seq": 23056}
{"ts": "2026-05-01T15:16:31.598494+00:00", "level": "INFO", "jobId": "e2e9786d-d7b0-45b9-a1d1-c39877a849ed", "keyword": "khai trương khuyến mãi", "step": "capture", "message": "Capturing posinset=57 (57/∞)…", "data": {"w": 2}, "seq": 23059}
{"ts": "2026-05-01T15:16:33.464440+00:00", "level": "INFO", "jobId": "e2e9786d-d7b0-45b9-a1d1-c39877a849ed", "keyword": "khai trương khuyến mãi", "step": "capture", "message": "Saved post_057.png (posinset=57)", "data": {"w": 2}, "seq": 23064}
{"ts": "2026-05-01T15:16:33.465454+00:00", "level": "INFO", "jobId": "e2e9786d-d7b0-45b9-a1d1-c39877a849ed", "keyword": "khai trương khuyến mãi", "step": "cooldown", "message": "Cooldown 1.0s (after capture)", "data": {"w": 2}, "seq": 23065}
{"ts": "2026-05-01T15:16:34.515402+00:00", "level": "INFO", "jobId": "e2e9786d-d7b0-45b9-a1d1-c39877a849ed", "keyword": "khai trương khuyến mãi", "step": "heartbeat", "message": "Worker alive", "data": {"w": 2, "elapsed_s": 276}, "seq": 23068}
{"ts": "2026-05-01T15:16:34.515402+00:00", "level": "INFO", "jobId": "e2e9786d-d7b0-45b9-a1d1-c39877a849ed", "keyword": "khai trương khuyến mãi", "step": "capture", "message": "Capturing posinset=58 (58/∞)…", "data": {"w": 2}, "seq": 23069}
{"ts": "2026-05-01T15:16:36.798053+00:00", "level": "INFO", "jobId": "e2e9786d-d7b0-45b9-a1d1-c39877a849ed", "keyword": "khai trương khuyến mãi", "step": "capture", "message": "Saved post_058.png (posinset=58)", "data": {"w": 2}, "seq": 23073}
{"ts": "2026-05-01T15:16:36.799529+00:00", "level": "INFO", "jobId": "e2e9786d-d7b0-45b9-a1d1-c39877a849ed", "keyword": "khai trương khuyến mãi", "step": "cooldown", "message": "Cooldown 1.0s (after capture)", "data": {"w": 2}, "seq": 23074}
{"ts": "2026-05-01T15:16:37.847270+00:00", "level": "INFO", "jobId": "e2e9786d-d7b0-45b9-a1d1-c39877a849ed", "keyword": "khai trương khuyến mãi", "step": "capture", "message": "Capturing posinset=59 (59/∞)…", "data": {"w": 2}, "seq": 23075}
{"ts": "2026-05-01T15:16:42.558711+00:00", "level": "INFO", "jobId": "e2e9786d-d7b0-45b9-a1d1-c39877a849ed", "keyword": "khai trương khuyến mãi", "step": "capture", "message": "Saved post_059.png (posinset=59)", "data": {"w": 2}, "seq": 23083}
{"ts": "2026-05-01T15:16:42.560775+00:00", "level": "INFO", "jobId": "e2e9786d-d7b0-45b9-a1d1-c39877a849ed", "keyword": "khai trương khuyến mãi", "step": "cooldown", "message": "Cooldown 1.0s (after capture)", "data": {"w": 2}, "seq": 23084}
{"ts": "2026-05-01T15:16:43.600762+00:00", "level": "INFO", "jobId": "e2e9786d-d7b0-45b9-a1d1-c39877a849ed", "keyword": "khai trương khuyến mãi", "step": "capture", "message": "Capturing posinset=60 (60/∞)…", "data": {"w": 2}, "seq": 23088}
{"ts": "2026-05-01T15:16:46.543803+00:00", "level": "INFO", "jobId": "e2e9786d-d7b0-45b9-a1d1-c39877a849ed", "keyword": "khai trương khuyến mãi", "step": "capture", "message": "Saved post_060.png (posinset=60)", "data": {"w": 2}, "seq": 23093}
{"ts": "2026-05-01T15:16:46.547900+00:00", "level": "INFO", "jobId": "e2e9786d-d7b0-45b9-a1d1-c39877a849ed", "keyword": "khai trương khuyến mãi", "step": "cooldown", "message": "Cooldown 1.0s (after capture)", "data": {"w": 2}, "seq": 23094}
{"ts": "2026-05-01T15:16:47.611172+00:00", "level": "INFO", "jobId": "e2e9786d-d7b0-45b9-a1d1-c39877a849ed", "keyword": "khai trương khuyến mãi", "step": "capture", "message": "Capturing posinset=61 (61/∞)…", "data": {"w": 2}, "seq": 23095}
{"ts": "2026-05-01T15:16:51.845019+00:00", "level": "INFO", "jobId": "e2e9786d-d7b0-45b9-a1d1-c39877a849ed", "keyword": "khai trương khuyến mãi", "step": "capture", "message": "Saved post_061.png (posinset=61)", "data": {"w": 2}, "seq": 23102}
{"ts": "2026-05-01T15:16:51.847028+00:00", "level": "INFO", "jobId": "e2e9786d-d7b0-45b9-a1d1-c39877a849ed", "keyword": "khai trương khuyến mãi", "step": "cooldown", "message": "Cooldown 1.0s (after capture)", "data": {"w": 2}, "seq": 23103}
{"ts": "2026-05-01T15:16:52.919333+00:00", "level": "INFO", "jobId": "e2e9786d-d7b0-45b9-a1d1-c39877a849ed", "keyword": "khai trương khuyến mãi", "step": "heartbeat", "message": "Worker alive", "data": {"w": 2, "elapsed_s": 294}, "seq": 23104}
{"ts": "2026-05-01T15:16:52.922333+00:00", "level": "INFO", "jobId": "e2e9786d-d7b0-45b9-a1d1-c39877a849ed", "keyword": "khai trương khuyến mãi", "step": "capture", "message": "Capturing posinset=62 (62/∞)…", "data": {"w": 2}, "seq": 23105}
{"ts": "2026-05-01T15:17:02.347432+00:00", "level": "INFO", "jobId": "e2e9786d-d7b0-45b9-a1d1-c39877a849ed", "keyword": "khai trương khuyến mãi", "step": "capture", "message": "Saved post_062.png (posinset=62)", "data": {"w": 2}, "seq": 23111}
{"ts": "2026-05-01T15:17:02.360918+00:00", "level": "INFO", "jobId": "e2e9786d-d7b0-45b9-a1d1-c39877a849ed", "keyword": "khai trương khuyến mãi", "step": "cooldown", "message": "Cooldown 1.0s (after capture)", "data": {"w": 2}, "seq": 23112}
{"ts": "2026-05-01T15:17:03.464730+00:00", "level": "INFO", "jobId": "e2e9786d-d7b0-45b9-a1d1-c39877a849ed", "keyword": "khai trương khuyến mãi", "step": "capture", "message": "Capturing posinset=63 (63/∞)…", "data": {"w": 2}, "seq": 23115}
{"ts": "2026-05-01T15:17:06.754965+00:00", "level": "INFO", "jobId": "e2e9786d-d7b0-45b9-a1d1-c39877a849ed", "keyword": "khai trương khuyến mãi", "step": "capture", "message": "Saved post_063.png (posinset=63)", "data": {"w": 2}, "seq": 23118}
{"ts": "2026-05-01T15:17:06.756955+00:00", "level": "INFO", "jobId": "e2e9786d-d7b0-45b9-a1d1-c39877a849ed", "keyword": "khai trương khuyến mãi", "step": "cooldown", "message": "Cooldown 1.0s (after capture)", "data": {"w": 2}, "seq": 23119}
{"ts": "2026-05-01T15:17:08.737979+00:00", "level": "INFO", "jobId": "e2e9786d-d7b0-45b9-a1d1-c39877a849ed", "keyword": "khai trương khuyến mãi", "step": "heartbeat", "message": "Worker alive", "data": {"w": 2, "elapsed_s": 310}, "seq": 23122}
{"ts": "2026-05-01T15:17:08.740984+00:00", "level": "INFO", "jobId": "e2e9786d-d7b0-45b9-a1d1-c39877a849ed", "keyword": "khai trương khuyến mãi", "step": "capture", "message": "Capturing posinset=64 (64/∞)…", "data": {"w": 2}, "seq": 23123}
{"ts": "2026-05-01T15:17:15.178659+00:00", "level": "INFO", "jobId": "e2e9786d-d7b0-45b9-a1d1-c39877a849ed", "keyword": "khai trương khuyến mãi", "step": "capture", "message": "Saved post_064.png (posinset=64)", "data": {"w": 2}, "seq": 23130}
{"ts": "2026-05-01T15:17:15.189659+00:00", "level": "INFO", "jobId": "e2e9786d-d7b0-45b9-a1d1-c39877a849ed", "keyword": "khai trương khuyến mãi", "step": "cooldown", "message": "Cooldown 1.0s (after capture)", "data": {"w": 2}, "seq": 23131}
{"ts": "2026-05-01T15:17:16.379660+00:00", "level": "INFO", "jobId": "e2e9786d-d7b0-45b9-a1d1-c39877a849ed", "keyword": "khai trương khuyến mãi", "step": "capture", "message": "Capturing posinset=65 (65/∞)…", "data": {"w": 2}, "seq": 23132}
{"ts": "2026-05-01T15:17:21.935298+00:00", "level": "INFO", "jobId": "e2e9786d-d7b0-45b9-a1d1-c39877a849ed", "keyword": "khai trương khuyến mãi", "step": "capture", "message": "Saved post_065.png (posinset=65)", "data": {"w": 2}, "seq": 23140}
{"ts": "2026-05-01T15:17:21.937298+00:00", "level": "INFO", "jobId": "e2e9786d-d7b0-45b9-a1d1-c39877a849ed", "keyword": "khai trương khuyến mãi", "step": "cooldown", "message": "Cooldown 1.0s (after capture)", "data": {"w": 2}, "seq": 23141}
{"ts": "2026-05-01T15:17:23.018650+00:00", "level": "INFO", "jobId": "e2e9786d-d7b0-45b9-a1d1-c39877a849ed", "keyword": "khai trương khuyến mãi", "step": "capture", "message": "Capturing posinset=66 (66/∞)…", "data": {"w": 2}, "seq": 23144}
{"ts": "2026-05-01T15:17:27.161792+00:00", "level": "INFO", "jobId": "e2e9786d-d7b0-45b9-a1d1-c39877a849ed", "keyword": "khai trương khuyến mãi", "step": "capture", "message": "Saved post_066.png (posinset=66)", "data": {"w": 2}, "seq": 23149}
{"ts": "2026-05-01T15:17:27.163799+00:00", "level": "INFO", "jobId": "e2e9786d-d7b0-45b9-a1d1-c39877a849ed", "keyword": "khai trương khuyến mãi", "step": "cooldown", "message": "Cooldown 1.0s (after capture)", "data": {"w": 2}, "seq": 23150}
{"ts": "2026-05-01T15:17:28.218671+00:00", "level": "INFO", "jobId": "e2e9786d-d7b0-45b9-a1d1-c39877a849ed", "keyword": "khai trương khuyến mãi", "step": "heartbeat", "message": "Worker alive", "data": {"w": 2, "elapsed_s": 330}, "seq": 23152}
{"ts": "2026-05-01T15:17:28.220679+00:00", "level": "INFO", "jobId": "e2e9786d-d7b0-45b9-a1d1-c39877a849ed", "keyword": "khai trương khuyến mãi", "step": "capture", "message": "Capturing posinset=67 (67/∞)…", "data": {"w": 2}, "seq": 23153}
{"ts": "2026-05-01T15:17:31.289712+00:00", "level": "INFO", "jobId": "e2e9786d-d7b0-45b9-a1d1-c39877a849ed", "keyword": "khai trương khuyến mãi", "step": "capture", "message": "Saved post_067.png (posinset=67)", "data": {"w": 2}, "seq": 23159}
{"ts": "2026-05-01T15:17:31.291717+00:00", "level": "INFO", "jobId": "e2e9786d-d7b0-45b9-a1d1-c39877a849ed", "keyword": "khai trương khuyến mãi", "step": "cooldown", "message": "Cooldown 1.0s (after capture)", "data": {"w": 2}, "seq": 23160}
{"ts": "2026-05-01T15:17:32.332075+00:00", "level": "INFO", "jobId": "e2e9786d-d7b0-45b9-a1d1-c39877a849ed", "keyword": "khai trương khuyến mãi", "step": "capture", "message": "Capturing posinset=68 (68/∞)…", "data": {"w": 2}, "seq": 23164}
{"ts": "2026-05-01T15:17:35.142014+00:00", "level": "INFO", "jobId": "e2e9786d-d7b0-45b9-a1d1-c39877a849ed", "keyword": "khai trương khuyến mãi", "step": "capture", "message": "Saved post_068.png (posinset=68)", "data": {"w": 2}, "seq": 23168}
{"ts": "2026-05-01T15:17:35.145014+00:00", "level": "INFO", "jobId": "e2e9786d-d7b0-45b9-a1d1-c39877a849ed", "keyword": "khai trương khuyến mãi", "step": "cooldown", "message": "Cooldown 1.0s (after capture)", "data": {"w": 2}, "seq": 23169}
{"ts": "2026-05-01T15:17:36.195557+00:00", "level": "INFO", "jobId": "e2e9786d-d7b0-45b9-a1d1-c39877a849ed", "keyword": "khai trương khuyến mãi", "step": "capture", "message": "Capturing posinset=69 (69/∞)…", "data": {"w": 2}, "seq": 23174}
{"ts": "2026-05-01T15:17:41.542812+00:00", "level": "INFO", "jobId": "e2e9786d-d7b0-45b9-a1d1-c39877a849ed", "keyword": "khai trương khuyến mãi", "step": "capture", "message": "Saved post_069.png (posinset=69)", "data": {"w": 2}, "seq": 23180}
{"ts": "2026-05-01T15:17:41.545813+00:00", "level": "INFO", "jobId": "e2e9786d-d7b0-45b9-a1d1-c39877a849ed", "keyword": "khai trương khuyến mãi", "step": "cooldown", "message": "Cooldown 1.0s (after capture)", "data": {"w": 2}, "seq": 23181}
{"ts": "2026-05-01T15:17:42.606128+00:00", "level": "INFO", "jobId": "e2e9786d-d7b0-45b9-a1d1-c39877a849ed", "keyword": "khai trương khuyến mãi", "step": "capture", "message": "Capturing posinset=70 (70/∞)…", "data": {"w": 2}, "seq": 23184}
{"ts": "2026-05-01T15:17:44.255861+00:00", "level": "INFO", "jobId": "e2e9786d-d7b0-45b9-a1d1-c39877a849ed", "keyword": "khai trương khuyến mãi", "step": "heartbeat", "message": "Worker alive", "data": {"w": 2, "elapsed_s": 346}, "seq": 23187}
{"ts": "2026-05-01T15:17:44.257862+00:00", "level": "INFO", "jobId": "e2e9786d-d7b0-45b9-a1d1-c39877a849ed", "keyword": "khai trương khuyến mãi", "step": "capture", "message": "Capturing posinset=70 (70/∞)…", "data": {"w": 2}, "seq": 23188}
{"ts": "2026-05-01T15:17:46.109210+00:00", "level": "INFO", "jobId": "e2e9786d-d7b0-45b9-a1d1-c39877a849ed", "keyword": "khai trương khuyến mãi", "step": "capture", "message": "Capturing posinset=70 (70/∞)…", "data": {"w": 2}, "seq": 23191}
{"ts": "2026-05-01T15:17:49.446177+00:00", "level": "INFO", "jobId": "e2e9786d-d7b0-45b9-a1d1-c39877a849ed", "keyword": "khai trương khuyến mãi", "step": "capture", "message": "Capturing posinset=70 (70/∞)…", "data": {"w": 2}, "seq": 23197}
{"ts": "2026-05-01T15:17:50.771437+00:00", "level": "INFO", "jobId": "e2e9786d-d7b0-45b9-a1d1-c39877a849ed", "keyword": "khai trương khuyến mãi", "step": "capture", "message": "Saved post_070.png (posinset=70)", "data": {"w": 2}, "seq": 23200}
{"ts": "2026-05-01T15:17:50.773436+00:00", "level": "INFO", "jobId": "e2e9786d-d7b0-45b9-a1d1-c39877a849ed", "keyword": "khai trương khuyến mãi", "step": "cooldown", "message": "Cooldown 1.0s (after capture)", "data": {"w": 2}, "seq": 23201}
{"ts": "2026-05-01T15:17:51.803006+00:00", "level": "INFO", "jobId": "e2e9786d-d7b0-45b9-a1d1-c39877a849ed", "keyword": "khai trương khuyến mãi", "step": "capture", "message": "Capturing posinset=71 (71/∞)…", "data": {"w": 2}, "seq": 23204}
{"ts": "2026-05-01T15:17:54.777083+00:00", "level": "INFO", "jobId": "e2e9786d-d7b0-45b9-a1d1-c39877a849ed", "keyword": "khai trương khuyến mãi", "step": "capture", "message": "Saved post_071.png (posinset=71)", "data": {"w": 2}, "seq": 23213}
{"ts": "2026-05-01T15:17:54.777083+00:00", "level": "INFO", "jobId": "e2e9786d-d7b0-45b9-a1d1-c39877a849ed", "keyword": "khai trương khuyến mãi", "step": "cooldown", "message": "Cooldown 1.0s (after capture)", "data": {"w": 2}, "seq": 23214}
{"ts": "2026-05-01T15:17:55.808508+00:00", "level": "INFO", "jobId": "e2e9786d-d7b0-45b9-a1d1-c39877a849ed", "keyword": "khai trương khuyến mãi", "step": "capture", "message": "Capturing posinset=72 (72/∞)…", "data": {"w": 2}, "seq": 23215}
{"ts": "2026-05-01T15:17:57.406779+00:00", "level": "INFO", "jobId": "e2e9786d-d7b0-45b9-a1d1-c39877a849ed", "keyword": "khai trương khuyến mãi", "step": "capture", "message": "Saved post_072.png (posinset=72)", "data": {"w": 2}, "seq": 23221}
{"ts": "2026-05-01T15:17:57.406779+00:00", "level": "INFO", "jobId": "e2e9786d-d7b0-45b9-a1d1-c39877a849ed", "keyword": "khai trương khuyến mãi", "step": "cooldown", "message": "Cooldown 1.0s (after capture)", "data": {"w": 2}, "seq": 23222}
{"ts": "2026-05-01T15:17:58.437254+00:00", "level": "INFO", "jobId": "e2e9786d-d7b0-45b9-a1d1-c39877a849ed", "keyword": "khai trương khuyến mãi", "step": "capture", "message": "Capturing posinset=73 (73/∞)…", "data": {"w": 2}, "seq": 23225}
{"ts": "2026-05-01T15:18:00.142928+00:00", "level": "INFO", "jobId": "e2e9786d-d7b0-45b9-a1d1-c39877a849ed", "keyword": "khai trương khuyến mãi", "step": "capture", "message": "Saved post_073.png (posinset=73)", "data": {"w": 2}, "seq": 23231}
{"ts": "2026-05-01T15:18:00.143939+00:00", "level": "INFO", "jobId": "e2e9786d-d7b0-45b9-a1d1-c39877a849ed", "keyword": "khai trương khuyến mãi", "step": "cooldown", "message": "Cooldown 1.0s (after capture)", "data": {"w": 2}, "seq": 23232}
{"ts": "2026-05-01T15:18:01.174222+00:00", "level": "INFO", "jobId": "e2e9786d-d7b0-45b9-a1d1-c39877a849ed", "keyword": "khai trương khuyến mãi", "step": "heartbeat", "message": "Worker alive", "data": {"w": 2, "elapsed_s": 363}, "seq": 23234}
{"ts": "2026-05-01T15:18:01.174222+00:00", "level": "INFO", "jobId": "e2e9786d-d7b0-45b9-a1d1-c39877a849ed", "keyword": "khai trương khuyến mãi", "step": "capture", "message": "Capturing posinset=74 (74/∞)…", "data": {"w": 2}, "seq": 23235}
{"ts": "2026-05-01T15:18:03.169579+00:00", "level": "INFO", "jobId": "e2e9786d-d7b0-45b9-a1d1-c39877a849ed", "keyword": "khai trương khuyến mãi", "step": "capture", "message": "Saved post_074.png (posinset=74)", "data": {"w": 2}, "seq": 23240}
{"ts": "2026-05-01T15:18:03.170589+00:00", "level": "INFO", "jobId": "e2e9786d-d7b0-45b9-a1d1-c39877a849ed", "keyword": "khai trương khuyến mãi", "step": "cooldown", "message": "Cooldown 1.0s (after capture)", "data": {"w": 2}, "seq": 23241}
{"ts": "2026-05-01T15:18:04.963074+00:00", "level": "INFO", "jobId": "e2e9786d-d7b0-45b9-a1d1-c39877a849ed", "keyword": "khai trương khuyến mãi", "step": "capture", "message": "Capturing posinset=75 (75/∞)…", "data": {"w": 2}, "seq": 23244}
{"ts": "2026-05-01T15:18:07.175934+00:00", "level": "INFO", "jobId": "e2e9786d-d7b0-45b9-a1d1-c39877a849ed", "keyword": "khai trương khuyến mãi", "step": "capture", "message": "Saved post_075.png (posinset=75)", "data": {"w": 2}, "seq": 23251}
{"ts": "2026-05-01T15:18:07.176957+00:00", "level": "INFO", "jobId": "e2e9786d-d7b0-45b9-a1d1-c39877a849ed", "keyword": "khai trương khuyến mãi", "step": "cooldown", "message": "Cooldown 1.0s (after capture)", "data": {"w": 2}, "seq": 23252}
{"ts": "2026-05-01T15:18:08.223725+00:00", "level": "INFO", "jobId": "e2e9786d-d7b0-45b9-a1d1-c39877a849ed", "keyword": "khai trương khuyến mãi", "step": "capture", "message": "Capturing posinset=76 (76/∞)…", "data": {"w": 2}, "seq": 23255}
{"ts": "2026-05-01T15:18:10.233815+00:00", "level": "INFO", "jobId": "e2e9786d-d7b0-45b9-a1d1-c39877a849ed", "keyword": "khai trương khuyến mãi", "step": "capture", "message": "Saved post_076.png (posinset=76)", "data": {"w": 2}, "seq": 23259}
{"ts": "2026-05-01T15:18:10.235723+00:00", "level": "INFO", "jobId": "e2e9786d-d7b0-45b9-a1d1-c39877a849ed", "keyword": "khai trương khuyến mãi", "step": "cooldown", "message": "Cooldown 1.0s (after capture)", "data": {"w": 2}, "seq": 23260}
{"ts": "2026-05-01T15:18:11.275646+00:00", "level": "INFO", "jobId": "e2e9786d-d7b0-45b9-a1d1-c39877a849ed", "keyword": "khai trương khuyến mãi", "step": "capture", "message": "Capturing posinset=77 (77/∞)…", "data": {"w": 2}, "seq": 23265}
{"ts": "2026-05-01T15:18:13.492466+00:00", "level": "INFO", "jobId": "e2e9786d-d7b0-45b9-a1d1-c39877a849ed", "keyword": "khai trương khuyến mãi", "step": "capture", "message": "Saved post_077.png (posinset=77)", "data": {"w": 2}, "seq": 23267}
{"ts": "2026-05-01T15:18:13.493474+00:00", "level": "INFO", "jobId": "e2e9786d-d7b0-45b9-a1d1-c39877a849ed", "keyword": "khai trương khuyến mãi", "step": "cooldown", "message": "Cooldown 1.0s (after capture)", "data": {"w": 2}, "seq": 23268}
{"ts": "2026-05-01T15:18:14.526481+00:00", "level": "INFO", "jobId": "e2e9786d-d7b0-45b9-a1d1-c39877a849ed", "keyword": "khai trương khuyến mãi", "step": "capture", "message": "Capturing posinset=78 (78/∞)…", "data": {"w": 2}, "seq": 23273}
{"ts": "2026-05-01T15:18:17.422375+00:00", "level": "INFO", "jobId": "e2e9786d-d7b0-45b9-a1d1-c39877a849ed", "keyword": "khai trương khuyến mãi", "step": "capture", "message": "Saved post_078.png (posinset=78)", "data": {"w": 2}, "seq": 23279}
{"ts": "2026-05-01T15:18:17.424915+00:00", "level": "INFO", "jobId": "e2e9786d-d7b0-45b9-a1d1-c39877a849ed", "keyword": "khai trương khuyến mãi", "step": "cooldown", "message": "Cooldown 1.0s (after capture)", "data": {"w": 2}, "seq": 23280}
{"ts": "2026-05-01T15:18:18.446345+00:00", "level": "INFO", "jobId": "e2e9786d-d7b0-45b9-a1d1-c39877a849ed", "keyword": "khai trương khuyến mãi", "step": "heartbeat", "message": "Worker alive", "data": {"w": 2, "elapsed_s": 380}, "seq": 23284}
{"ts": "2026-05-01T15:18:18.447600+00:00", "level": "INFO", "jobId": "e2e9786d-d7b0-45b9-a1d1-c39877a849ed", "keyword": "khai trương khuyến mãi", "step": "capture", "message": "Capturing posinset=79 (79/∞)…", "data": {"w": 2}, "seq": 23285}
{"ts": "2026-05-01T15:18:23.885897+00:00", "level": "INFO", "jobId": "e2e9786d-d7b0-45b9-a1d1-c39877a849ed", "keyword": "khai trương khuyến mãi", "step": "capture", "message": "Saved post_079.png (posinset=79)", "data": {"w": 2}, "seq": 23295}
{"ts": "2026-05-01T15:18:23.886896+00:00", "level": "INFO", "jobId": "e2e9786d-d7b0-45b9-a1d1-c39877a849ed", "keyword": "khai trương khuyến mãi", "step": "cooldown", "message": "Cooldown 1.0s (after capture)", "data": {"w": 2}, "seq": 23296}
{"ts": "2026-05-01T15:18:24.928471+00:00", "level": "INFO", "jobId": "e2e9786d-d7b0-45b9-a1d1-c39877a849ed", "keyword": "khai trương khuyến mãi", "step": "capture", "message": "Capturing posinset=80 (80/∞)…", "data": {"w": 2}, "seq": 23298}
{"ts": "2026-05-01T15:18:26.544424+00:00", "level": "INFO", "jobId": "e2e9786d-d7b0-45b9-a1d1-c39877a849ed", "keyword": "khai trương khuyến mãi", "step": "capture", "message": "Capturing posinset=80 (80/∞)…", "data": {"w": 2}, "seq": 23305}
{"ts": "2026-05-01T15:18:28.088977+00:00", "level": "INFO", "jobId": "e2e9786d-d7b0-45b9-a1d1-c39877a849ed", "keyword": "khai trương khuyến mãi", "step": "capture", "message": "Capturing posinset=80 (80/∞)…", "data": {"w": 2}, "seq": 23307}
{"ts": "2026-05-01T15:18:31.575923+00:00", "level": "INFO", "jobId": "e2e9786d-d7b0-45b9-a1d1-c39877a849ed", "keyword": "khai trương khuyến mãi", "step": "capture", "message": "Capturing posinset=80 (80/∞)…", "data": {"w": 2}, "seq": 23313}
{"ts": "2026-05-01T15:18:32.907974+00:00", "level": "INFO", "jobId": "e2e9786d-d7b0-45b9-a1d1-c39877a849ed", "keyword": "khai trương khuyến mãi", "step": "capture", "message": "Saved post_080.png (posinset=80)", "data": {"w": 2}, "seq": 23318}
{"ts": "2026-05-01T15:18:32.909125+00:00", "level": "INFO", "jobId": "e2e9786d-d7b0-45b9-a1d1-c39877a849ed", "keyword": "khai trương khuyến mãi", "step": "cooldown", "message": "Cooldown 1.0s (after capture)", "data": {"w": 2}, "seq": 23319}
{"ts": "2026-05-01T15:18:33.943536+00:00", "level": "INFO", "jobId": "e2e9786d-d7b0-45b9-a1d1-c39877a849ed", "keyword": "khai trương khuyến mãi", "step": "heartbeat", "message": "Worker alive", "data": {"w": 2, "elapsed_s": 395}, "seq": 23323}
{"ts": "2026-05-01T15:18:33.953412+00:00", "level": "INFO", "jobId": "e2e9786d-d7b0-45b9-a1d1-c39877a849ed", "keyword": "khai trương khuyến mãi", "step": "capture", "message": "Capturing posinset=81 (81/∞)…", "data": {"w": 2}, "seq": 23324}
{"ts": "2026-05-01T15:18:35.635959+00:00", "level": "INFO", "jobId": "e2e9786d-d7b0-45b9-a1d1-c39877a849ed", "keyword": "khai trương khuyến mãi", "step": "capture", "message": "Saved post_081.png (posinset=81)", "data": {"w": 2}, "seq": 23326}
{"ts": "2026-05-01T15:18:35.636473+00:00", "level": "INFO", "jobId": "e2e9786d-d7b0-45b9-a1d1-c39877a849ed", "keyword": "khai trương khuyến mãi", "step": "cooldown", "message": "Cooldown 1.0s (after capture)", "data": {"w": 2}, "seq": 23327}
{"ts": "2026-05-01T15:18:36.675737+00:00", "level": "INFO", "jobId": "e2e9786d-d7b0-45b9-a1d1-c39877a849ed", "keyword": "khai trương khuyến mãi", "step": "capture", "message": "Capturing posinset=82 (82/∞)…", "data": {"w": 2}, "seq": 23330}
{"ts": "2026-05-01T15:18:38.893059+00:00", "level": "INFO", "jobId": "e2e9786d-d7b0-45b9-a1d1-c39877a849ed", "keyword": "khai trương khuyến mãi", "step": "capture", "message": "Saved post_082.png (posinset=82)", "data": {"w": 2}, "seq": 23335}
{"ts": "2026-05-01T15:18:38.894430+00:00", "level": "INFO", "jobId": "e2e9786d-d7b0-45b9-a1d1-c39877a849ed", "keyword": "khai trương khuyến mãi", "step": "cooldown", "message": "Cooldown 1.0s (after capture)", "data": {"w": 2}, "seq": 23336}
{"ts": "2026-05-01T15:18:39.904446+00:00", "level": "INFO", "jobId": "e2e9786d-d7b0-45b9-a1d1-c39877a849ed", "keyword": "khai trương khuyến mãi", "step": "capture", "message": "Capturing posinset=83 (83/∞)…", "data": {"w": 2}, "seq": 23339}
{"ts": "2026-05-01T15:18:45.111798+00:00", "level": "INFO", "jobId": "e2e9786d-d7b0-45b9-a1d1-c39877a849ed", "keyword": "khai trương khuyến mãi", "step": "capture", "message": "Saved post_083.png (posinset=83)", "data": {"w": 2}, "seq": 23348}
{"ts": "2026-05-01T15:18:45.111798+00:00", "level": "INFO", "jobId": "e2e9786d-d7b0-45b9-a1d1-c39877a849ed", "keyword": "khai trương khuyến mãi", "step": "cooldown", "message": "Cooldown 1.0s (after capture)", "data": {"w": 2}, "seq": 23349}
{"ts": "2026-05-01T15:18:46.135499+00:00", "level": "INFO", "jobId": "e2e9786d-d7b0-45b9-a1d1-c39877a849ed", "keyword": "khai trương khuyến mãi", "step": "capture", "message": "Capturing posinset=84 (84/∞)…", "data": {"w": 2}, "seq": 23353}
{"ts": "2026-05-01T15:18:47.593634+00:00", "level": "INFO", "jobId": "e2e9786d-d7b0-45b9-a1d1-c39877a849ed", "keyword": "khai trương khuyến mãi", "step": "capture", "message": "Saved post_084.png (posinset=84)", "data": {"w": 2}, "seq": 23355}
{"ts": "2026-05-01T15:18:47.596701+00:00", "level": "INFO", "jobId": "e2e9786d-d7b0-45b9-a1d1-c39877a849ed", "keyword": "khai trương khuyến mãi", "step": "cooldown", "message": "Cooldown 1.0s (after capture)", "data": {"w": 2}, "seq": 23356}
{"ts": "2026-05-01T15:18:49.361628+00:00", "level": "INFO", "jobId": "e2e9786d-d7b0-45b9-a1d1-c39877a849ed", "keyword": "khai trương khuyến mãi", "step": "heartbeat", "message": "Worker alive", "data": {"w": 2, "elapsed_s": 411}, "seq": 23361}
{"ts": "2026-05-01T15:18:49.363043+00:00", "level": "INFO", "jobId": "e2e9786d-d7b0-45b9-a1d1-c39877a849ed", "keyword": "khai trương khuyến mãi", "step": "capture", "message": "Capturing posinset=85 (85/∞)…", "data": {"w": 2}, "seq": 23362}
{"ts": "2026-05-01T15:18:51.094263+00:00", "level": "INFO", "jobId": "e2e9786d-d7b0-45b9-a1d1-c39877a849ed", "keyword": "khai trương khuyến mãi", "step": "capture", "message": "Saved post_085.png (posinset=85)", "data": {"w": 2}, "seq": 23366}
{"ts": "2026-05-01T15:18:51.095268+00:00", "level": "INFO", "jobId": "e2e9786d-d7b0-45b9-a1d1-c39877a849ed", "keyword": "khai trương khuyến mãi", "step": "cooldown", "message": "Cooldown 1.0s (after capture)", "data": {"w": 2}, "seq": 23367}
{"ts": "2026-05-01T15:18:52.135908+00:00", "level": "INFO", "jobId": "e2e9786d-d7b0-45b9-a1d1-c39877a849ed", "keyword": "khai trương khuyến mãi", "step": "capture", "message": "Capturing posinset=86 (86/∞)…", "data": {"w": 2}, "seq": 23370}
{"ts": "2026-05-01T15:18:53.512309+00:00", "level": "INFO", "jobId": "e2e9786d-d7b0-45b9-a1d1-c39877a849ed", "keyword": "khai trương khuyến mãi", "step": "capture", "message": "Capturing posinset=86 (86/∞)…", "data": {"w": 2}, "seq": 23374}
{"ts": "2026-05-01T15:18:54.903246+00:00", "level": "INFO", "jobId": "e2e9786d-d7b0-45b9-a1d1-c39877a849ed", "keyword": "khai trương khuyến mãi", "step": "capture", "message": "Capturing posinset=86 (86/∞)…", "data": {"w": 2}, "seq": 23376}
{"ts": "2026-05-01T15:18:56.383952+00:00", "level": "INFO", "jobId": "e2e9786d-d7b0-45b9-a1d1-c39877a849ed", "keyword": "khai trương khuyến mãi", "step": "capture", "message": "Capturing posinset=86 (86/∞)…", "data": {"w": 2}, "seq": 23379}
{"ts": "2026-05-01T15:18:57.931221+00:00", "level": "INFO", "jobId": "e2e9786d-d7b0-45b9-a1d1-c39877a849ed", "keyword": "khai trương khuyến mãi", "step": "capture", "message": "Capturing posinset=86 (86/∞)…", "data": {"w": 2}, "seq": 23381}
{"ts": "2026-05-01T15:18:59.316871+00:00", "level": "INFO", "jobId": "e2e9786d-d7b0-45b9-a1d1-c39877a849ed", "keyword": "khai trương khuyến mãi", "step": "capture", "message": "Capturing posinset=86 (86/∞)…", "data": {"w": 2}, "seq": 23388}
{"ts": "2026-05-01T15:18:59.366885+00:00", "level": "INFO", "jobId": "e2e9786d-d7b0-45b9-a1d1-c39877a849ed", "keyword": "khai trương khuyến mãi", "step": "capture", "message": "Stuck at posinset=86 for 5 rounds near end marker/bottom. Treat as end of results. Stopping.", "data": {"w": 2}, "seq": 23389}
{"ts": "2026-05-01T15:18:59.397662+00:00", "level": "INFO", "jobId": "e2e9786d-d7b0-45b9-a1d1-c39877a849ed", "keyword": "khai trương khuyến mãi", "step": "capture", "message": "Capture loop finished (unlimited). Saved=85", "data": {"w": 2}, "seq": 23390}
{"ts": "2026-05-01T15:18:59.397662+00:00", "level": "INFO", "jobId": "e2e9786d-d7b0-45b9-a1d1-c39877a849ed", "keyword": "khai trương khuyến mãi", "step": "done", "message": "Completed. Saved=85", "data": {"w": 2}, "seq": 23391}
