{"ts": "2026-05-01T12:54:41.739210+00:00", "level": "INFO", "jobId": "e429c5ce-01aa-4f6d-8d01-d0c4a035cf44", "keyword": "khai trương", "step": "created", "message": "Job created", "data": {"maxPosts": "unlimited"}, "seq": 16820}
{"ts": "2026-05-01T12:54:42.348224+00:00", "level": "INFO", "jobId": "e429c5ce-01aa-4f6d-8d01-d0c4a035cf44", "keyword": "khai trương", "step": "start", "message": "Job started (attempt 1/2)", "data": {"w": 0}, "seq": 16827}
{"ts": "2026-05-01T12:54:48.582097+00:00", "level": "INFO", "jobId": "e429c5ce-01aa-4f6d-8d01-d0c4a035cf44", "keyword": "khai trương", "step": "login", "message": "Already logged in (home).", "data": {"w": 0}, "seq": 16828}
{"ts": "2026-05-01T12:54:48.583115+00:00", "level": "INFO", "jobId": "e429c5ce-01aa-4f6d-8d01-d0c4a035cf44", "keyword": "khai trương", "step": "search", "message": "Searching keyword: \"khai trương\"", "data": {"w": 0}, "seq": 16829}
{"ts": "2026-05-01T12:54:52.400365+00:00", "level": "INFO", "jobId": "e429c5ce-01aa-4f6d-8d01-d0c4a035cf44", "keyword": "khai trương", "step": "capture", "message": "Start capturing all posts until end of results.", "data": {"w": 0}, "seq": 16830}
{"ts": "2026-05-01T12:54:52.401538+00:00", "level": "INFO", "jobId": "e429c5ce-01aa-4f6d-8d01-d0c4a035cf44", "keyword": "khai trương", "step": "capture", "message": "Output folder: Lan 17 - 1954", "data": {"w": 0}, "seq": 16831}
{"ts": "2026-05-01T12:54:55.727127+00:00", "level": "INFO", "jobId": "e429c5ce-01aa-4f6d-8d01-d0c4a035cf44", "keyword": "khai trương", "step": "capture", "message": "Waiting for posts to appear (avoid blank capture)…", "data": {"w": 0}, "seq": 16832}
{"ts": "2026-05-01T12:54:55.749644+00:00", "level": "INFO", "jobId": "e429c5ce-01aa-4f6d-8d01-d0c4a035cf44", "keyword": "khai trương", "step": "capture", "message": "Post-detect debug: {'hasMain': True, 'url': 'https://www.facebook.com/search/posts/?q=khai%20tr%C6%B0%C6%A1ng&filters=eyJyZWNlbnRfcG9zdHM6MCI6IntcIm5hbWVcIjpcInJlY2VudF9wb3N0c1wiLFwiYXJnc1wiOlwiXCJ9In0%3D', 'title': '(4) khai trương - Kết quả tìm kiếm | Facebook', 'hasLoginInputs': False, 'consentLike': False, 'bodyHead': '\\xa0\\n1 đoạn chat chưa đọc\\n1\\nSố thông báo chưa đọc\\n3\\nKết quả tìm kiếm\\nBộ lọc\\nTất cả\\nMọi người\\nThước phim\\nMarketplace\\nTrang\\nNhóm\\nSự kiện', 'roleArticle': 1, 'divRoleArticle': 1, 'articleTag': 0, 'feedUnit': 0, 'anyPagelet': 0, 'adPreview': 0, 'imgs': 0, 'videos': 0, 'progress': 0, 'busy': '', 'firstArticle': {'tag': 'div', 'role': 'article', 'textLen': 0, 'hasImg': False, 'hasVideo': False, 'hasLink': False, 'hasPermalink': False}}", "data": {"w": 0}, "seq": 16833}
{"ts": "2026-05-01T12:54:57.420975+00:00", "level": "INFO", "jobId": "e429c5ce-01aa-4f6d-8d01-d0c4a035cf44", "keyword": "khai trương", "step": "capture", "message": "Guard: forcing top before first capture (y=2268, primary=0)", "data": {"w": 0}, "seq": 16834}
{"ts": "2026-05-01T12:54:57.443950+00:00", "level": "INFO", "jobId": "e429c5ce-01aa-4f6d-8d01-d0c4a035cf44", "keyword": "khai trương", "step": "capture", "message": "Capturing posinset=1 (1/∞)…", "data": {"w": 0}, "seq": 16835}
{"ts": "2026-05-01T12:54:59.343542+00:00", "level": "INFO", "jobId": "e429c5ce-01aa-4f6d-8d01-d0c4a035cf44", "keyword": "khai trương", "step": "capture", "message": "Saved post_001.png (posinset=1)", "data": {"w": 0}, "seq": 16836}
{"ts": "2026-05-01T12:54:59.343542+00:00", "level": "INFO", "jobId": "e429c5ce-01aa-4f6d-8d01-d0c4a035cf44", "keyword": "khai trương", "step": "cooldown", "message": "Cooldown 1.0s (after capture)", "data": {"w": 0}, "seq": 16837}
{"ts": "2026-05-01T12:55:00.366860+00:00", "level": "INFO", "jobId": "e429c5ce-01aa-4f6d-8d01-d0c4a035cf44", "keyword": "khai trương", "step": "capture", "message": "Capturing posinset=2 (2/∞)…", "data": {"w": 0}, "seq": 16838}
{"ts": "2026-05-01T12:55:01.377237+00:00", "level": "INFO", "jobId": "e429c5ce-01aa-4f6d-8d01-d0c4a035cf44", "keyword": "khai trương", "step": "capture", "message": "Saved post_002.png (posinset=2)", "data": {"w": 0}, "seq": 16839}
{"ts": "2026-05-01T12:55:01.378472+00:00", "level": "INFO", "jobId": "e429c5ce-01aa-4f6d-8d01-d0c4a035cf44", "keyword": "khai trương", "step": "cooldown", "message": "Cooldown 1.0s (after capture)", "data": {"w": 0}, "seq": 16840}
{"ts": "2026-05-01T12:55:02.406465+00:00", "level": "INFO", "jobId": "e429c5ce-01aa-4f6d-8d01-d0c4a035cf44", "keyword": "khai trương", "step": "capture", "message": "Capturing posinset=3 (3/∞)…", "data": {"w": 0}, "seq": 16841}
{"ts": "2026-05-01T12:55:03.437178+00:00", "level": "INFO", "jobId": "e429c5ce-01aa-4f6d-8d01-d0c4a035cf44", "keyword": "khai trương", "step": "capture", "message": "Saved post_003.png (posinset=3)", "data": {"w": 0}, "seq": 16842}
{"ts": "2026-05-01T12:55:03.437178+00:00", "level": "INFO", "jobId": "e429c5ce-01aa-4f6d-8d01-d0c4a035cf44", "keyword": "khai trương", "step": "cooldown", "message": "Cooldown 1.0s (after capture)", "data": {"w": 0}, "seq": 16843}
{"ts": "2026-05-01T12:55:04.461195+00:00", "level": "INFO", "jobId": "e429c5ce-01aa-4f6d-8d01-d0c4a035cf44", "keyword": "khai trương", "step": "capture", "message": "Capturing posinset=4 (4/∞)…", "data": {"w": 0}, "seq": 16844}
{"ts": "2026-05-01T12:55:05.524596+00:00", "level": "INFO", "jobId": "e429c5ce-01aa-4f6d-8d01-d0c4a035cf44", "keyword": "khai trương", "step": "capture", "message": "Saved post_004.png (posinset=4)", "data": {"w": 0}, "seq": 16845}
{"ts": "2026-05-01T12:55:05.525239+00:00", "level": "INFO", "jobId": "e429c5ce-01aa-4f6d-8d01-d0c4a035cf44", "keyword": "khai trương", "step": "cooldown", "message": "Cooldown 1.0s (after capture)", "data": {"w": 0}, "seq": 16846}
{"ts": "2026-05-01T12:55:06.556642+00:00", "level": "INFO", "jobId": "e429c5ce-01aa-4f6d-8d01-d0c4a035cf44", "keyword": "khai trương", "step": "capture", "message": "Capturing posinset=5 (5/∞)…", "data": {"w": 0}, "seq": 16847}
{"ts": "2026-05-01T12:55:07.723067+00:00", "level": "INFO", "jobId": "e429c5ce-01aa-4f6d-8d01-d0c4a035cf44", "keyword": "khai trương", "step": "capture", "message": "Saved post_005.png (posinset=5)", "data": {"w": 0}, "seq": 16848}
{"ts": "2026-05-01T12:55:07.724394+00:00", "level": "INFO", "jobId": "e429c5ce-01aa-4f6d-8d01-d0c4a035cf44", "keyword": "khai trương", "step": "cooldown", "message": "Cooldown 1.0s (after capture)", "data": {"w": 0}, "seq": 16849}
{"ts": "2026-05-01T12:55:08.735733+00:00", "level": "INFO", "jobId": "e429c5ce-01aa-4f6d-8d01-d0c4a035cf44", "keyword": "khai trương", "step": "capture", "message": "Capturing posinset=6 (6/∞)…", "data": {"w": 0}, "seq": 16850}
{"ts": "2026-05-01T12:55:09.784617+00:00", "level": "INFO", "jobId": "e429c5ce-01aa-4f6d-8d01-d0c4a035cf44", "keyword": "khai trương", "step": "capture", "message": "Saved post_006.png (posinset=6)", "data": {"w": 0}, "seq": 16851}
{"ts": "2026-05-01T12:55:09.785867+00:00", "level": "INFO", "jobId": "e429c5ce-01aa-4f6d-8d01-d0c4a035cf44", "keyword": "khai trương", "step": "cooldown", "message": "Cooldown 1.0s (after capture)", "data": {"w": 0}, "seq": 16852}
{"ts": "2026-05-01T12:55:10.812583+00:00", "level": "INFO", "jobId": "e429c5ce-01aa-4f6d-8d01-d0c4a035cf44", "keyword": "khai trương", "step": "capture", "message": "Capturing posinset=7 (7/∞)…", "data": {"w": 0}, "seq": 16853}
{"ts": "2026-05-01T12:55:11.956203+00:00", "level": "INFO", "jobId": "e429c5ce-01aa-4f6d-8d01-d0c4a035cf44", "keyword": "khai trương", "step": "capture", "message": "Saved post_007.png (posinset=7)", "data": {"w": 0}, "seq": 16854}
{"ts": "2026-05-01T12:55:11.956203+00:00", "level": "INFO", "jobId": "e429c5ce-01aa-4f6d-8d01-d0c4a035cf44", "keyword": "khai trương", "step": "cooldown", "message": "Cooldown 1.0s (after capture)", "data": {"w": 0}, "seq": 16855}
{"ts": "2026-05-01T12:55:12.987021+00:00", "level": "INFO", "jobId": "e429c5ce-01aa-4f6d-8d01-d0c4a035cf44", "keyword": "khai trương", "step": "heartbeat", "message": "Worker alive", "data": {"w": 0, "elapsed_s": 30}, "seq": 16856}
{"ts": "2026-05-01T12:55:12.987021+00:00", "level": "INFO", "jobId": "e429c5ce-01aa-4f6d-8d01-d0c4a035cf44", "keyword": "khai trương", "step": "capture", "message": "Capturing posinset=8 (8/∞)…", "data": {"w": 0}, "seq": 16857}
{"ts": "2026-05-01T12:55:14.082270+00:00", "level": "INFO", "jobId": "e429c5ce-01aa-4f6d-8d01-d0c4a035cf44", "keyword": "khai trương", "step": "capture", "message": "Saved post_008.png (posinset=8)", "data": {"w": 0}, "seq": 16858}
{"ts": "2026-05-01T12:55:14.082270+00:00", "level": "INFO", "jobId": "e429c5ce-01aa-4f6d-8d01-d0c4a035cf44", "keyword": "khai trương", "step": "cooldown", "message": "Cooldown 1.0s (after capture)", "data": {"w": 0}, "seq": 16859}
{"ts": "2026-05-01T12:55:15.111881+00:00", "level": "INFO", "jobId": "e429c5ce-01aa-4f6d-8d01-d0c4a035cf44", "keyword": "khai trương", "step": "capture", "message": "Capturing posinset=9 (9/∞)…", "data": {"w": 0}, "seq": 16860}
{"ts": "2026-05-01T12:55:16.227884+00:00", "level": "INFO", "jobId": "e429c5ce-01aa-4f6d-8d01-d0c4a035cf44", "keyword": "khai trương", "step": "capture", "message": "Saved post_009.png (posinset=9)", "data": {"w": 0}, "seq": 16861}
{"ts": "2026-05-01T12:55:16.228741+00:00", "level": "INFO", "jobId": "e429c5ce-01aa-4f6d-8d01-d0c4a035cf44", "keyword": "khai trương", "step": "cooldown", "message": "Cooldown 1.0s (after capture)", "data": {"w": 0}, "seq": 16862}
{"ts": "2026-05-01T12:55:17.254833+00:00", "level": "INFO", "jobId": "e429c5ce-01aa-4f6d-8d01-d0c4a035cf44", "keyword": "khai trương", "step": "capture", "message": "Capturing posinset=10 (10/∞)…", "data": {"w": 0}, "seq": 16863}
{"ts": "2026-05-01T12:55:19.105112+00:00", "level": "INFO", "jobId": "e429c5ce-01aa-4f6d-8d01-d0c4a035cf44", "keyword": "khai trương", "step": "capture", "message": "Saved post_010.png (posinset=10)", "data": {"w": 0}, "seq": 16864}
{"ts": "2026-05-01T12:55:19.106769+00:00", "level": "INFO", "jobId": "e429c5ce-01aa-4f6d-8d01-d0c4a035cf44", "keyword": "khai trương", "step": "cooldown", "message": "Cooldown 1.0s (after capture)", "data": {"w": 0}, "seq": 16865}
{"ts": "2026-05-01T12:55:20.129827+00:00", "level": "INFO", "jobId": "e429c5ce-01aa-4f6d-8d01-d0c4a035cf44", "keyword": "khai trương", "step": "capture", "message": "Capturing posinset=11 (11/∞)…", "data": {"w": 0}, "seq": 16866}
{"ts": "2026-05-01T12:55:21.290874+00:00", "level": "INFO", "jobId": "e429c5ce-01aa-4f6d-8d01-d0c4a035cf44", "keyword": "khai trương", "step": "capture", "message": "Saved post_011.png (posinset=11)", "data": {"w": 0}, "seq": 16867}
{"ts": "2026-05-01T12:55:21.290874+00:00", "level": "INFO", "jobId": "e429c5ce-01aa-4f6d-8d01-d0c4a035cf44", "keyword": "khai trương", "step": "cooldown", "message": "Cooldown 1.0s (after capture)", "data": {"w": 0}, "seq": 16868}
{"ts": "2026-05-01T12:55:22.321683+00:00", "level": "INFO", "jobId": "e429c5ce-01aa-4f6d-8d01-d0c4a035cf44", "keyword": "khai trương", "step": "capture", "message": "Capturing posinset=12 (12/∞)…", "data": {"w": 0}, "seq": 16869}
{"ts": "2026-05-01T12:55:23.447814+00:00", "level": "INFO", "jobId": "e429c5ce-01aa-4f6d-8d01-d0c4a035cf44", "keyword": "khai trương", "step": "capture", "message": "Saved post_012.png (posinset=12)", "data": {"w": 0}, "seq": 16870}
{"ts": "2026-05-01T12:55:23.447814+00:00", "level": "INFO", "jobId": "e429c5ce-01aa-4f6d-8d01-d0c4a035cf44", "keyword": "khai trương", "step": "cooldown", "message": "Cooldown 1.0s (after capture)", "data": {"w": 0}, "seq": 16871}
{"ts": "2026-05-01T12:55:24.466008+00:00", "level": "INFO", "jobId": "e429c5ce-01aa-4f6d-8d01-d0c4a035cf44", "keyword": "khai trương", "step": "capture", "message": "Capturing posinset=13 (13/∞)…", "data": {"w": 0}, "seq": 16872}
{"ts": "2026-05-01T12:55:25.495465+00:00", "level": "INFO", "jobId": "e429c5ce-01aa-4f6d-8d01-d0c4a035cf44", "keyword": "khai trương", "step": "capture", "message": "Saved post_013.png (posinset=13)", "data": {"w": 0}, "seq": 16873}
{"ts": "2026-05-01T12:55:25.496466+00:00", "level": "INFO", "jobId": "e429c5ce-01aa-4f6d-8d01-d0c4a035cf44", "keyword": "khai trương", "step": "cooldown", "message": "Cooldown 1.0s (after capture)", "data": {"w": 0}, "seq": 16874}
{"ts": "2026-05-01T12:55:26.509214+00:00", "level": "INFO", "jobId": "e429c5ce-01aa-4f6d-8d01-d0c4a035cf44", "keyword": "khai trương", "step": "capture", "message": "Capturing posinset=14 (14/∞)…", "data": {"w": 0}, "seq": 16875}
{"ts": "2026-05-01T12:55:27.805184+00:00", "level": "INFO", "jobId": "e429c5ce-01aa-4f6d-8d01-d0c4a035cf44", "keyword": "khai trương", "step": "capture", "message": "Saved post_014.png (posinset=14)", "data": {"w": 0}, "seq": 16876}
{"ts": "2026-05-01T12:55:27.806187+00:00", "level": "INFO", "jobId": "e429c5ce-01aa-4f6d-8d01-d0c4a035cf44", "keyword": "khai trương", "step": "cooldown", "message": "Cooldown 1.0s (after capture)", "data": {"w": 0}, "seq": 16877}
{"ts": "2026-05-01T12:55:28.835117+00:00", "level": "INFO", "jobId": "e429c5ce-01aa-4f6d-8d01-d0c4a035cf44", "keyword": "khai trương", "step": "heartbeat", "message": "Worker alive", "data": {"w": 0, "elapsed_s": 46}, "seq": 16878}
{"ts": "2026-05-01T12:55:28.835117+00:00", "level": "INFO", "jobId": "e429c5ce-01aa-4f6d-8d01-d0c4a035cf44", "keyword": "khai trương", "step": "capture", "message": "Capturing posinset=15 (15/∞)…", "data": {"w": 0}, "seq": 16879}
{"ts": "2026-05-01T12:55:29.999497+00:00", "level": "INFO", "jobId": "e429c5ce-01aa-4f6d-8d01-d0c4a035cf44", "keyword": "khai trương", "step": "capture", "message": "Saved post_015.png (posinset=15)", "data": {"w": 0}, "seq": 16880}
{"ts": "2026-05-01T12:55:29.999828+00:00", "level": "INFO", "jobId": "e429c5ce-01aa-4f6d-8d01-d0c4a035cf44", "keyword": "khai trương", "step": "cooldown", "message": "Cooldown 1.0s (after capture)", "data": {"w": 0}, "seq": 16881}
{"ts": "2026-05-01T12:55:31.024123+00:00", "level": "INFO", "jobId": "e429c5ce-01aa-4f6d-8d01-d0c4a035cf44", "keyword": "khai trương", "step": "capture", "message": "Capturing posinset=16 (16/∞)…", "data": {"w": 0}, "seq": 16882}
{"ts": "2026-05-01T12:55:32.146176+00:00", "level": "INFO", "jobId": "e429c5ce-01aa-4f6d-8d01-d0c4a035cf44", "keyword": "khai trương", "step": "capture", "message": "Saved post_016.png (posinset=16)", "data": {"w": 0}, "seq": 16883}
{"ts": "2026-05-01T12:55:32.147680+00:00", "level": "INFO", "jobId": "e429c5ce-01aa-4f6d-8d01-d0c4a035cf44", "keyword": "khai trương", "step": "cooldown", "message": "Cooldown 1.0s (after capture)", "data": {"w": 0}, "seq": 16884}
{"ts": "2026-05-01T12:55:33.187901+00:00", "level": "INFO", "jobId": "e429c5ce-01aa-4f6d-8d01-d0c4a035cf44", "keyword": "khai trương", "step": "capture", "message": "Capturing posinset=17 (17/∞)…", "data": {"w": 0}, "seq": 16885}
{"ts": "2026-05-01T12:55:34.202953+00:00", "level": "INFO", "jobId": "e429c5ce-01aa-4f6d-8d01-d0c4a035cf44", "keyword": "khai trương", "step": "capture", "message": "Saved post_017.png (posinset=17)", "data": {"w": 0}, "seq": 16886}
{"ts": "2026-05-01T12:55:34.203979+00:00", "level": "INFO", "jobId": "e429c5ce-01aa-4f6d-8d01-d0c4a035cf44", "keyword": "khai trương", "step": "cooldown", "message": "Cooldown 1.0s (after capture)", "data": {"w": 0}, "seq": 16887}
{"ts": "2026-05-01T12:55:35.233014+00:00", "level": "INFO", "jobId": "e429c5ce-01aa-4f6d-8d01-d0c4a035cf44", "keyword": "khai trương", "step": "capture", "message": "Capturing posinset=18 (18/∞)…", "data": {"w": 0}, "seq": 16888}
{"ts": "2026-05-01T12:55:36.462564+00:00", "level": "INFO", "jobId": "e429c5ce-01aa-4f6d-8d01-d0c4a035cf44", "keyword": "khai trương", "step": "capture", "message": "Saved post_018.png (posinset=18)", "data": {"w": 0}, "seq": 16889}
{"ts": "2026-05-01T12:55:36.463564+00:00", "level": "INFO", "jobId": "e429c5ce-01aa-4f6d-8d01-d0c4a035cf44", "keyword": "khai trương", "step": "cooldown", "message": "Cooldown 1.0s (after capture)", "data": {"w": 0}, "seq": 16890}
{"ts": "2026-05-01T12:55:37.590659+00:00", "level": "INFO", "jobId": "e429c5ce-01aa-4f6d-8d01-d0c4a035cf44", "keyword": "khai trương", "step": "capture", "message": "Capturing posinset=19 (19/∞)…", "data": {"w": 0}, "seq": 16891}
{"ts": "2026-05-01T12:55:38.906681+00:00", "level": "INFO", "jobId": "e429c5ce-01aa-4f6d-8d01-d0c4a035cf44", "keyword": "khai trương", "step": "capture", "message": "Saved post_019.png (posinset=19)", "data": {"w": 0}, "seq": 16892}
{"ts": "2026-05-01T12:55:38.908132+00:00", "level": "INFO", "jobId": "e429c5ce-01aa-4f6d-8d01-d0c4a035cf44", "keyword": "khai trương", "step": "cooldown", "message": "Cooldown 1.0s (after capture)", "data": {"w": 0}, "seq": 16893}
{"ts": "2026-05-01T12:55:40.029716+00:00", "level": "INFO", "jobId": "e429c5ce-01aa-4f6d-8d01-d0c4a035cf44", "keyword": "khai trương", "step": "capture", "message": "Capturing posinset=20 (20/∞)…", "data": {"w": 0}, "seq": 16894}
{"ts": "2026-05-01T12:55:41.049943+00:00", "level": "INFO", "jobId": "e429c5ce-01aa-4f6d-8d01-d0c4a035cf44", "keyword": "khai trương", "step": "capture", "message": "Saved post_020.png (posinset=20)", "data": {"w": 0}, "seq": 16895}
{"ts": "2026-05-01T12:55:41.051196+00:00", "level": "INFO", "jobId": "e429c5ce-01aa-4f6d-8d01-d0c4a035cf44", "keyword": "khai trương", "step": "cooldown", "message": "Cooldown 1.0s (after capture)", "data": {"w": 0}, "seq": 16896}
{"ts": "2026-05-01T12:55:42.082799+00:00", "level": "INFO", "jobId": "e429c5ce-01aa-4f6d-8d01-d0c4a035cf44", "keyword": "khai trương", "step": "capture", "message": "Capturing posinset=21 (21/∞)…", "data": {"w": 0}, "seq": 16897}
{"ts": "2026-05-01T12:55:43.307127+00:00", "level": "INFO", "jobId": "e429c5ce-01aa-4f6d-8d01-d0c4a035cf44", "keyword": "khai trương", "step": "capture", "message": "Saved post_021.png (posinset=21)", "data": {"w": 0}, "seq": 16898}
{"ts": "2026-05-01T12:55:43.308480+00:00", "level": "INFO", "jobId": "e429c5ce-01aa-4f6d-8d01-d0c4a035cf44", "keyword": "khai trương", "step": "cooldown", "message": "Cooldown 1.0s (after capture)", "data": {"w": 0}, "seq": 16899}
{"ts": "2026-05-01T12:55:44.356600+00:00", "level": "INFO", "jobId": "e429c5ce-01aa-4f6d-8d01-d0c4a035cf44", "keyword": "khai trương", "step": "heartbeat", "message": "Worker alive", "data": {"w": 0, "elapsed_s": 62}, "seq": 16900}
{"ts": "2026-05-01T12:55:44.358602+00:00", "level": "INFO", "jobId": "e429c5ce-01aa-4f6d-8d01-d0c4a035cf44", "keyword": "khai trương", "step": "capture", "message": "Capturing posinset=22 (22/∞)…", "data": {"w": 0}, "seq": 16901}
{"ts": "2026-05-01T12:55:45.573343+00:00", "level": "INFO", "jobId": "e429c5ce-01aa-4f6d-8d01-d0c4a035cf44", "keyword": "khai trương", "step": "capture", "message": "Saved post_022.png (posinset=22)", "data": {"w": 0}, "seq": 16902}
{"ts": "2026-05-01T12:55:45.573343+00:00", "level": "INFO", "jobId": "e429c5ce-01aa-4f6d-8d01-d0c4a035cf44", "keyword": "khai trương", "step": "cooldown", "message": "Cooldown 1.0s (after capture)", "data": {"w": 0}, "seq": 16903}
{"ts": "2026-05-01T12:55:46.616661+00:00", "level": "INFO", "jobId": "e429c5ce-01aa-4f6d-8d01-d0c4a035cf44", "keyword": "khai trương", "step": "capture", "message": "Capturing posinset=23 (23/∞)…", "data": {"w": 0}, "seq": 16904}
{"ts": "2026-05-01T12:55:47.796633+00:00", "level": "INFO", "jobId": "e429c5ce-01aa-4f6d-8d01-d0c4a035cf44", "keyword": "khai trương", "step": "capture", "message": "Saved post_023.png (posinset=23)", "data": {"w": 0}, "seq": 16905}
{"ts": "2026-05-01T12:55:47.796633+00:00", "level": "INFO", "jobId": "e429c5ce-01aa-4f6d-8d01-d0c4a035cf44", "keyword": "khai trương", "step": "cooldown", "message": "Cooldown 1.0s (after capture)", "data": {"w": 0}, "seq": 16906}
{"ts": "2026-05-01T12:55:48.834242+00:00", "level": "INFO", "jobId": "e429c5ce-01aa-4f6d-8d01-d0c4a035cf44", "keyword": "khai trương", "step": "capture", "message": "Capturing posinset=24 (24/∞)…", "data": {"w": 0}, "seq": 16907}
{"ts": "2026-05-01T12:55:50.073954+00:00", "level": "INFO", "jobId": "e429c5ce-01aa-4f6d-8d01-d0c4a035cf44", "keyword": "khai trương", "step": "capture", "message": "Saved post_024.png (posinset=24)", "data": {"w": 0}, "seq": 16908}
{"ts": "2026-05-01T12:55:50.074961+00:00", "level": "INFO", "jobId": "e429c5ce-01aa-4f6d-8d01-d0c4a035cf44", "keyword": "khai trương", "step": "cooldown", "message": "Cooldown 1.0s (after capture)", "data": {"w": 0}, "seq": 16909}
{"ts": "2026-05-01T12:55:51.115738+00:00", "level": "INFO", "jobId": "e429c5ce-01aa-4f6d-8d01-d0c4a035cf44", "keyword": "khai trương", "step": "capture", "message": "Capturing posinset=25 (25/∞)…", "data": {"w": 0}, "seq": 16910}
{"ts": "2026-05-01T12:55:52.240014+00:00", "level": "INFO", "jobId": "e429c5ce-01aa-4f6d-8d01-d0c4a035cf44", "keyword": "khai trương", "step": "capture", "message": "Saved post_025.png (posinset=25)", "data": {"w": 0}, "seq": 16911}
{"ts": "2026-05-01T12:55:52.241040+00:00", "level": "INFO", "jobId": "e429c5ce-01aa-4f6d-8d01-d0c4a035cf44", "keyword": "khai trương", "step": "cooldown", "message": "Cooldown 1.0s (after capture)", "data": {"w": 0}, "seq": 16912}
{"ts": "2026-05-01T12:55:53.258192+00:00", "level": "INFO", "jobId": "e429c5ce-01aa-4f6d-8d01-d0c4a035cf44", "keyword": "khai trương", "step": "capture", "message": "Capturing posinset=26 (26/∞)…", "data": {"w": 0}, "seq": 16913}
{"ts": "2026-05-01T12:55:54.287830+00:00", "level": "INFO", "jobId": "e429c5ce-01aa-4f6d-8d01-d0c4a035cf44", "keyword": "khai trương", "step": "capture", "message": "Saved post_026.png (posinset=26)", "data": {"w": 0}, "seq": 16914}
{"ts": "2026-05-01T12:55:54.288836+00:00", "level": "INFO", "jobId": "e429c5ce-01aa-4f6d-8d01-d0c4a035cf44", "keyword": "khai trương", "step": "cooldown", "message": "Cooldown 1.0s (after capture)", "data": {"w": 0}, "seq": 16915}
{"ts": "2026-05-01T12:55:55.311509+00:00", "level": "INFO", "jobId": "e429c5ce-01aa-4f6d-8d01-d0c4a035cf44", "keyword": "khai trương", "step": "capture", "message": "Capturing posinset=27 (27/∞)…", "data": {"w": 0}, "seq": 16916}
{"ts": "2026-05-01T12:55:56.481181+00:00", "level": "INFO", "jobId": "e429c5ce-01aa-4f6d-8d01-d0c4a035cf44", "keyword": "khai trương", "step": "capture", "message": "Saved post_027.png (posinset=27)", "data": {"w": 0}, "seq": 16917}
{"ts": "2026-05-01T12:55:56.482188+00:00", "level": "INFO", "jobId": "e429c5ce-01aa-4f6d-8d01-d0c4a035cf44", "keyword": "khai trương", "step": "cooldown", "message": "Cooldown 1.0s (after capture)", "data": {"w": 0}, "seq": 16918}
{"ts": "2026-05-01T12:55:57.516772+00:00", "level": "INFO", "jobId": "e429c5ce-01aa-4f6d-8d01-d0c4a035cf44", "keyword": "khai trương", "step": "capture", "message": "Capturing posinset=28 (28/∞)…", "data": {"w": 0}, "seq": 16919}
{"ts": "2026-05-01T12:55:58.685676+00:00", "level": "INFO", "jobId": "e429c5ce-01aa-4f6d-8d01-d0c4a035cf44", "keyword": "khai trương", "step": "capture", "message": "Saved post_028.png (posinset=28)", "data": {"w": 0}, "seq": 16920}
{"ts": "2026-05-01T12:55:58.686367+00:00", "level": "INFO", "jobId": "e429c5ce-01aa-4f6d-8d01-d0c4a035cf44", "keyword": "khai trương", "step": "cooldown", "message": "Cooldown 1.0s (after capture)", "data": {"w": 0}, "seq": 16921}
{"ts": "2026-05-01T12:55:59.940084+00:00", "level": "INFO", "jobId": "e429c5ce-01aa-4f6d-8d01-d0c4a035cf44", "keyword": "khai trương", "step": "heartbeat", "message": "Worker alive", "data": {"w": 0, "elapsed_s": 77}, "seq": 16922}
{"ts": "2026-05-01T12:55:59.941197+00:00", "level": "INFO", "jobId": "e429c5ce-01aa-4f6d-8d01-d0c4a035cf44", "keyword": "khai trương", "step": "capture", "message": "Capturing posinset=29 (29/∞)…", "data": {"w": 0}, "seq": 16923}
{"ts": "2026-05-01T12:56:01.185178+00:00", "level": "INFO", "jobId": "e429c5ce-01aa-4f6d-8d01-d0c4a035cf44", "keyword": "khai trương", "step": "capture", "message": "Saved post_029.png (posinset=29)", "data": {"w": 0}, "seq": 16924}
{"ts": "2026-05-01T12:56:01.185178+00:00", "level": "INFO", "jobId": "e429c5ce-01aa-4f6d-8d01-d0c4a035cf44", "keyword": "khai trương", "step": "cooldown", "message": "Cooldown 1.0s (after capture)", "data": {"w": 0}, "seq": 16925}
{"ts": "2026-05-01T12:56:02.229685+00:00", "level": "INFO", "jobId": "e429c5ce-01aa-4f6d-8d01-d0c4a035cf44", "keyword": "khai trương", "step": "capture", "message": "Capturing posinset=30 (30/∞)…", "data": {"w": 0}, "seq": 16926}
{"ts": "2026-05-01T12:56:03.486253+00:00", "level": "INFO", "jobId": "e429c5ce-01aa-4f6d-8d01-d0c4a035cf44", "keyword": "khai trương", "step": "capture", "message": "Saved post_030.png (posinset=30)", "data": {"w": 0}, "seq": 16927}
{"ts": "2026-05-01T12:56:03.486253+00:00", "level": "INFO", "jobId": "e429c5ce-01aa-4f6d-8d01-d0c4a035cf44", "keyword": "khai trương", "step": "cooldown", "message": "Cooldown 1.0s (after capture)", "data": {"w": 0}, "seq": 16928}
{"ts": "2026-05-01T12:56:04.511317+00:00", "level": "INFO", "jobId": "e429c5ce-01aa-4f6d-8d01-d0c4a035cf44", "keyword": "khai trương", "step": "capture", "message": "Capturing posinset=31 (31/∞)…", "data": {"w": 0}, "seq": 16929}
{"ts": "2026-05-01T12:56:05.642339+00:00", "level": "INFO", "jobId": "e429c5ce-01aa-4f6d-8d01-d0c4a035cf44", "keyword": "khai trương", "step": "capture", "message": "Saved post_031.png (posinset=31)", "data": {"w": 0}, "seq": 16930}
{"ts": "2026-05-01T12:56:05.642339+00:00", "level": "INFO", "jobId": "e429c5ce-01aa-4f6d-8d01-d0c4a035cf44", "keyword": "khai trương", "step": "cooldown", "message": "Cooldown 1.0s (after capture)", "data": {"w": 0}, "seq": 16931}
{"ts": "2026-05-01T12:56:06.675631+00:00", "level": "INFO", "jobId": "e429c5ce-01aa-4f6d-8d01-d0c4a035cf44", "keyword": "khai trương", "step": "capture", "message": "Capturing posinset=32 (32/∞)…", "data": {"w": 0}, "seq": 16932}
{"ts": "2026-05-01T12:56:07.815853+00:00", "level": "INFO", "jobId": "e429c5ce-01aa-4f6d-8d01-d0c4a035cf44", "keyword": "khai trương", "step": "capture", "message": "Saved post_032.png (posinset=32)", "data": {"w": 0}, "seq": 16933}
{"ts": "2026-05-01T12:56:07.815853+00:00", "level": "INFO", "jobId": "e429c5ce-01aa-4f6d-8d01-d0c4a035cf44", "keyword": "khai trương", "step": "cooldown", "message": "Cooldown 1.0s (after capture)", "data": {"w": 0}, "seq": 16934}
{"ts": "2026-05-01T12:56:08.853583+00:00", "level": "INFO", "jobId": "e429c5ce-01aa-4f6d-8d01-d0c4a035cf44", "keyword": "khai trương", "step": "capture", "message": "Capturing posinset=33 (33/∞)…", "data": {"w": 0}, "seq": 16935}
{"ts": "2026-05-01T12:56:10.128950+00:00", "level": "INFO", "jobId": "e429c5ce-01aa-4f6d-8d01-d0c4a035cf44", "keyword": "khai trương", "step": "capture", "message": "Saved post_033.png (posinset=33)", "data": {"w": 0}, "seq": 16936}
{"ts": "2026-05-01T12:56:10.129961+00:00", "level": "INFO", "jobId": "e429c5ce-01aa-4f6d-8d01-d0c4a035cf44", "keyword": "khai trương", "step": "cooldown", "message": "Cooldown 1.0s (after capture)", "data": {"w": 0}, "seq": 16937}
{"ts": "2026-05-01T12:56:11.162522+00:00", "level": "INFO", "jobId": "e429c5ce-01aa-4f6d-8d01-d0c4a035cf44", "keyword": "khai trương", "step": "capture", "message": "Capturing posinset=34 (34/∞)…", "data": {"w": 0}, "seq": 16938}
{"ts": "2026-05-01T12:56:12.337176+00:00", "level": "INFO", "jobId": "e429c5ce-01aa-4f6d-8d01-d0c4a035cf44", "keyword": "khai trương", "step": "capture", "message": "Saved post_034.png (posinset=34)", "data": {"w": 0}, "seq": 16939}
{"ts": "2026-05-01T12:56:12.337176+00:00", "level": "INFO", "jobId": "e429c5ce-01aa-4f6d-8d01-d0c4a035cf44", "keyword": "khai trương", "step": "cooldown", "message": "Cooldown 1.0s (after capture)", "data": {"w": 0}, "seq": 16940}
{"ts": "2026-05-01T12:56:13.476314+00:00", "level": "INFO", "jobId": "e429c5ce-01aa-4f6d-8d01-d0c4a035cf44", "keyword": "khai trương", "step": "capture", "message": "Capturing posinset=35 (35/∞)…", "data": {"w": 0}, "seq": 16941}
{"ts": "2026-05-01T12:56:14.952318+00:00", "level": "INFO", "jobId": "e429c5ce-01aa-4f6d-8d01-d0c4a035cf44", "keyword": "khai trương", "step": "heartbeat", "message": "Worker alive", "data": {"w": 0, "elapsed_s": 92}, "seq": 16942}
{"ts": "2026-05-01T12:56:14.952318+00:00", "level": "INFO", "jobId": "e429c5ce-01aa-4f6d-8d01-d0c4a035cf44", "keyword": "khai trương", "step": "capture", "message": "Capturing posinset=35 (35/∞)…", "data": {"w": 0}, "seq": 16943}
{"ts": "2026-05-01T12:56:16.125473+00:00", "level": "INFO", "jobId": "e429c5ce-01aa-4f6d-8d01-d0c4a035cf44", "keyword": "khai trương", "step": "capture", "message": "Saved post_035.png (posinset=35)", "data": {"w": 0}, "seq": 16944}
{"ts": "2026-05-01T12:56:16.126888+00:00", "level": "INFO", "jobId": "e429c5ce-01aa-4f6d-8d01-d0c4a035cf44", "keyword": "khai trương", "step": "cooldown", "message": "Cooldown 1.0s (after capture)", "data": {"w": 0}, "seq": 16945}
{"ts": "2026-05-01T12:56:17.176178+00:00", "level": "INFO", "jobId": "e429c5ce-01aa-4f6d-8d01-d0c4a035cf44", "keyword": "khai trương", "step": "capture", "message": "Capturing posinset=36 (36/∞)…", "data": {"w": 0}, "seq": 16946}
{"ts": "2026-05-01T12:56:18.291655+00:00", "level": "INFO", "jobId": "e429c5ce-01aa-4f6d-8d01-d0c4a035cf44", "keyword": "khai trương", "step": "capture", "message": "Saved post_036.png (posinset=36)", "data": {"w": 0}, "seq": 16947}
{"ts": "2026-05-01T12:56:18.291655+00:00", "level": "INFO", "jobId": "e429c5ce-01aa-4f6d-8d01-d0c4a035cf44", "keyword": "khai trương", "step": "cooldown", "message": "Cooldown 1.0s (after capture)", "data": {"w": 0}, "seq": 16948}
{"ts": "2026-05-01T12:56:19.341410+00:00", "level": "INFO", "jobId": "e429c5ce-01aa-4f6d-8d01-d0c4a035cf44", "keyword": "khai trương", "step": "capture", "message": "Capturing posinset=37 (37/∞)…", "data": {"w": 0}, "seq": 16949}
{"ts": "2026-05-01T12:56:20.696686+00:00", "level": "INFO", "jobId": "e429c5ce-01aa-4f6d-8d01-d0c4a035cf44", "keyword": "khai trương", "step": "capture", "message": "Saved post_037.png (posinset=37)", "data": {"w": 0}, "seq": 16950}
{"ts": "2026-05-01T12:56:20.697787+00:00", "level": "INFO", "jobId": "e429c5ce-01aa-4f6d-8d01-d0c4a035cf44", "keyword": "khai trương", "step": "cooldown", "message": "Cooldown 1.0s (after capture)", "data": {"w": 0}, "seq": 16951}
{"ts": "2026-05-01T12:56:21.734626+00:00", "level": "INFO", "jobId": "e429c5ce-01aa-4f6d-8d01-d0c4a035cf44", "keyword": "khai trương", "step": "capture", "message": "Capturing posinset=38 (38/∞)…", "data": {"w": 0}, "seq": 16952}
{"ts": "2026-05-01T12:56:22.806021+00:00", "level": "INFO", "jobId": "e429c5ce-01aa-4f6d-8d01-d0c4a035cf44", "keyword": "khai trương", "step": "capture", "message": "Saved post_038.png (posinset=38)", "data": {"w": 0}, "seq": 16953}
{"ts": "2026-05-01T12:56:22.806021+00:00", "level": "INFO", "jobId": "e429c5ce-01aa-4f6d-8d01-d0c4a035cf44", "keyword": "khai trương", "step": "cooldown", "message": "Cooldown 1.0s (after capture)", "data": {"w": 0}, "seq": 16954}
{"ts": "2026-05-01T12:56:23.899054+00:00", "level": "INFO", "jobId": "e429c5ce-01aa-4f6d-8d01-d0c4a035cf44", "keyword": "khai trương", "step": "capture", "message": "Capturing posinset=39 (39/∞)…", "data": {"w": 0}, "seq": 16955}
{"ts": "2026-05-01T12:56:25.494030+00:00", "level": "INFO", "jobId": "e429c5ce-01aa-4f6d-8d01-d0c4a035cf44", "keyword": "khai trương", "step": "capture", "message": "Saved post_039.png (posinset=39)", "data": {"w": 0}, "seq": 16956}
{"ts": "2026-05-01T12:56:25.495047+00:00", "level": "INFO", "jobId": "e429c5ce-01aa-4f6d-8d01-d0c4a035cf44", "keyword": "khai trương", "step": "cooldown", "message": "Cooldown 1.0s (after capture)", "data": {"w": 0}, "seq": 16957}
{"ts": "2026-05-01T12:56:26.536901+00:00", "level": "INFO", "jobId": "e429c5ce-01aa-4f6d-8d01-d0c4a035cf44", "keyword": "khai trương", "step": "capture", "message": "Capturing posinset=40 (40/∞)…", "data": {"w": 0}, "seq": 16958}
{"ts": "2026-05-01T12:56:27.734795+00:00", "level": "INFO", "jobId": "e429c5ce-01aa-4f6d-8d01-d0c4a035cf44", "keyword": "khai trương", "step": "capture", "message": "Saved post_040.png (posinset=40)", "data": {"w": 0}, "seq": 16959}
{"ts": "2026-05-01T12:56:27.734795+00:00", "level": "INFO", "jobId": "e429c5ce-01aa-4f6d-8d01-d0c4a035cf44", "keyword": "khai trương", "step": "cooldown", "message": "Cooldown 1.0s (after capture)", "data": {"w": 0}, "seq": 16960}
{"ts": "2026-05-01T12:56:28.752435+00:00", "level": "INFO", "jobId": "e429c5ce-01aa-4f6d-8d01-d0c4a035cf44", "keyword": "khai trương", "step": "capture", "message": "Capturing posinset=41 (41/∞)…", "data": {"w": 0}, "seq": 16961}
{"ts": "2026-05-01T12:56:29.938166+00:00", "level": "INFO", "jobId": "e429c5ce-01aa-4f6d-8d01-d0c4a035cf44", "keyword": "khai trương", "step": "capture", "message": "Saved post_041.png (posinset=41)", "data": {"w": 0}, "seq": 16962}
{"ts": "2026-05-01T12:56:29.939373+00:00", "level": "INFO", "jobId": "e429c5ce-01aa-4f6d-8d01-d0c4a035cf44", "keyword": "khai trương", "step": "cooldown", "message": "Cooldown 1.0s (after capture)", "data": {"w": 0}, "seq": 16963}
{"ts": "2026-05-01T12:56:30.983832+00:00", "level": "INFO", "jobId": "e429c5ce-01aa-4f6d-8d01-d0c4a035cf44", "keyword": "khai trương", "step": "heartbeat", "message": "Worker alive", "data": {"w": 0, "elapsed_s": 108}, "seq": 16964}
{"ts": "2026-05-01T12:56:30.983832+00:00", "level": "INFO", "jobId": "e429c5ce-01aa-4f6d-8d01-d0c4a035cf44", "keyword": "khai trương", "step": "capture", "message": "Capturing posinset=42 (42/∞)…", "data": {"w": 0}, "seq": 16965}
{"ts": "2026-05-01T12:56:32.400012+00:00", "level": "INFO", "jobId": "e429c5ce-01aa-4f6d-8d01-d0c4a035cf44", "keyword": "khai trương", "step": "capture", "message": "Saved post_042.png (posinset=42)", "data": {"w": 0}, "seq": 16966}
{"ts": "2026-05-01T12:56:32.401132+00:00", "level": "INFO", "jobId": "e429c5ce-01aa-4f6d-8d01-d0c4a035cf44", "keyword": "khai trương", "step": "cooldown", "message": "Cooldown 1.0s (after capture)", "data": {"w": 0}, "seq": 16967}
{"ts": "2026-05-01T12:56:33.455152+00:00", "level": "INFO", "jobId": "e429c5ce-01aa-4f6d-8d01-d0c4a035cf44", "keyword": "khai trương", "step": "capture", "message": "Capturing posinset=43 (43/∞)…", "data": {"w": 0}, "seq": 16968}
{"ts": "2026-05-01T12:56:34.649235+00:00", "level": "INFO", "jobId": "e429c5ce-01aa-4f6d-8d01-d0c4a035cf44", "keyword": "khai trương", "step": "capture", "message": "Saved post_043.png (posinset=43)", "data": {"w": 0}, "seq": 16969}
{"ts": "2026-05-01T12:56:34.649235+00:00", "level": "INFO", "jobId": "e429c5ce-01aa-4f6d-8d01-d0c4a035cf44", "keyword": "khai trương", "step": "cooldown", "message": "Cooldown 1.0s (after capture)", "data": {"w": 0}, "seq": 16970}
{"ts": "2026-05-01T12:56:35.688985+00:00", "level": "INFO", "jobId": "e429c5ce-01aa-4f6d-8d01-d0c4a035cf44", "keyword": "khai trương", "step": "capture", "message": "Capturing posinset=44 (44/∞)…", "data": {"w": 0}, "seq": 16971}
{"ts": "2026-05-01T12:56:37.496592+00:00", "level": "INFO", "jobId": "e429c5ce-01aa-4f6d-8d01-d0c4a035cf44", "keyword": "khai trương", "step": "capture", "message": "Saved post_044.png (posinset=44)", "data": {"w": 0}, "seq": 16972}
{"ts": "2026-05-01T12:56:37.497604+00:00", "level": "INFO", "jobId": "e429c5ce-01aa-4f6d-8d01-d0c4a035cf44", "keyword": "khai trương", "step": "cooldown", "message": "Cooldown 1.0s (after capture)", "data": {"w": 0}, "seq": 16973}
{"ts": "2026-05-01T12:56:38.544556+00:00", "level": "INFO", "jobId": "e429c5ce-01aa-4f6d-8d01-d0c4a035cf44", "keyword": "khai trương", "step": "capture", "message": "Capturing posinset=45 (45/∞)…", "data": {"w": 0}, "seq": 16974}
{"ts": "2026-05-01T12:56:39.802353+00:00", "level": "INFO", "jobId": "e429c5ce-01aa-4f6d-8d01-d0c4a035cf44", "keyword": "khai trương", "step": "capture", "message": "Saved post_045.png (posinset=45)", "data": {"w": 0}, "seq": 16975}
{"ts": "2026-05-01T12:56:39.803660+00:00", "level": "INFO", "jobId": "e429c5ce-01aa-4f6d-8d01-d0c4a035cf44", "keyword": "khai trương", "step": "cooldown", "message": "Cooldown 1.0s (after capture)", "data": {"w": 0}, "seq": 16976}
{"ts": "2026-05-01T12:56:40.837646+00:00", "level": "INFO", "jobId": "e429c5ce-01aa-4f6d-8d01-d0c4a035cf44", "keyword": "khai trương", "step": "capture", "message": "Capturing posinset=46 (46/∞)…", "data": {"w": 0}, "seq": 16977}
{"ts": "2026-05-01T12:56:41.974622+00:00", "level": "INFO", "jobId": "e429c5ce-01aa-4f6d-8d01-d0c4a035cf44", "keyword": "khai trương", "step": "capture", "message": "Saved post_046.png (posinset=46)", "data": {"w": 0}, "seq": 16978}
{"ts": "2026-05-01T12:56:41.976114+00:00", "level": "INFO", "jobId": "e429c5ce-01aa-4f6d-8d01-d0c4a035cf44", "keyword": "khai trương", "step": "cooldown", "message": "Cooldown 1.0s (after capture)", "data": {"w": 0}, "seq": 16979}
{"ts": "2026-05-01T12:56:43.025634+00:00", "level": "INFO", "jobId": "e429c5ce-01aa-4f6d-8d01-d0c4a035cf44", "keyword": "khai trương", "step": "capture", "message": "Capturing posinset=47 (47/∞)…", "data": {"w": 0}, "seq": 16980}
{"ts": "2026-05-01T12:56:44.313791+00:00", "level": "INFO", "jobId": "e429c5ce-01aa-4f6d-8d01-d0c4a035cf44", "keyword": "khai trương", "step": "capture", "message": "Saved post_047.png (posinset=47)", "data": {"w": 0}, "seq": 16981}
{"ts": "2026-05-01T12:56:44.314789+00:00", "level": "INFO", "jobId": "e429c5ce-01aa-4f6d-8d01-d0c4a035cf44", "keyword": "khai trương", "step": "cooldown", "message": "Cooldown 1.0s (after capture)", "data": {"w": 0}, "seq": 16982}
{"ts": "2026-05-01T12:56:45.361010+00:00", "level": "INFO", "jobId": "e429c5ce-01aa-4f6d-8d01-d0c4a035cf44", "keyword": "khai trương", "step": "capture", "message": "Capturing posinset=48 (48/∞)…", "data": {"w": 0}, "seq": 16983}
{"ts": "2026-05-01T12:56:46.520667+00:00", "level": "INFO", "jobId": "e429c5ce-01aa-4f6d-8d01-d0c4a035cf44", "keyword": "khai trương", "step": "capture", "message": "Saved post_048.png (posinset=48)", "data": {"w": 0}, "seq": 16984}
{"ts": "2026-05-01T12:56:46.521677+00:00", "level": "INFO", "jobId": "e429c5ce-01aa-4f6d-8d01-d0c4a035cf44", "keyword": "khai trương", "step": "cooldown", "message": "Cooldown 1.0s (after capture)", "data": {"w": 0}, "seq": 16985}
{"ts": "2026-05-01T12:56:47.561966+00:00", "level": "INFO", "jobId": "e429c5ce-01aa-4f6d-8d01-d0c4a035cf44", "keyword": "khai trương", "step": "heartbeat", "message": "Worker alive", "data": {"w": 0, "elapsed_s": 125}, "seq": 16986}
{"ts": "2026-05-01T12:56:47.561966+00:00", "level": "INFO", "jobId": "e429c5ce-01aa-4f6d-8d01-d0c4a035cf44", "keyword": "khai trương", "step": "capture", "message": "Capturing posinset=49 (49/∞)…", "data": {"w": 0}, "seq": 16987}
{"ts": "2026-05-01T12:56:48.728874+00:00", "level": "INFO", "jobId": "e429c5ce-01aa-4f6d-8d01-d0c4a035cf44", "keyword": "khai trương", "step": "capture", "message": "Saved post_049.png (posinset=49)", "data": {"w": 0}, "seq": 16988}
{"ts": "2026-05-01T12:56:48.728874+00:00", "level": "INFO", "jobId": "e429c5ce-01aa-4f6d-8d01-d0c4a035cf44", "keyword": "khai trương", "step": "cooldown", "message": "Cooldown 1.0s (after capture)", "data": {"w": 0}, "seq": 16989}
{"ts": "2026-05-01T12:56:49.857106+00:00", "level": "INFO", "jobId": "e429c5ce-01aa-4f6d-8d01-d0c4a035cf44", "keyword": "khai trương", "step": "capture", "message": "Capturing posinset=50 (50/∞)…", "data": {"w": 0}, "seq": 16990}
{"ts": "2026-05-01T12:56:51.300719+00:00", "level": "INFO", "jobId": "e429c5ce-01aa-4f6d-8d01-d0c4a035cf44", "keyword": "khai trương", "step": "capture", "message": "Saved post_050.png (posinset=50)", "data": {"w": 0}, "seq": 16991}
{"ts": "2026-05-01T12:56:51.302165+00:00", "level": "INFO", "jobId": "e429c5ce-01aa-4f6d-8d01-d0c4a035cf44", "keyword": "khai trương", "step": "cooldown", "message": "Cooldown 1.0s (after capture)", "data": {"w": 0}, "seq": 16992}
{"ts": "2026-05-01T12:56:52.362649+00:00", "level": "INFO", "jobId": "e429c5ce-01aa-4f6d-8d01-d0c4a035cf44", "keyword": "khai trương", "step": "capture", "message": "Capturing posinset=51 (51/∞)…", "data": {"w": 0}, "seq": 16993}
{"ts": "2026-05-01T12:56:53.662498+00:00", "level": "INFO", "jobId": "e429c5ce-01aa-4f6d-8d01-d0c4a035cf44", "keyword": "khai trương", "step": "capture", "message": "Saved post_051.png (posinset=51)", "data": {"w": 0}, "seq": 16994}
{"ts": "2026-05-01T12:56:53.663551+00:00", "level": "INFO", "jobId": "e429c5ce-01aa-4f6d-8d01-d0c4a035cf44", "keyword": "khai trương", "step": "cooldown", "message": "Cooldown 1.0s (after capture)", "data": {"w": 0}, "seq": 16995}
{"ts": "2026-05-01T12:56:54.713855+00:00", "level": "INFO", "jobId": "e429c5ce-01aa-4f6d-8d01-d0c4a035cf44", "keyword": "khai trương", "step": "capture", "message": "Capturing posinset=52 (52/∞)…", "data": {"w": 0}, "seq": 16996}
{"ts": "2026-05-01T12:56:56.024886+00:00", "level": "INFO", "jobId": "e429c5ce-01aa-4f6d-8d01-d0c4a035cf44", "keyword": "khai trương", "step": "capture", "message": "Saved post_052.png (posinset=52)", "data": {"w": 0}, "seq": 16997}
{"ts": "2026-05-01T12:56:56.026052+00:00", "level": "INFO", "jobId": "e429c5ce-01aa-4f6d-8d01-d0c4a035cf44", "keyword": "khai trương", "step": "cooldown", "message": "Cooldown 1.0s (after capture)", "data": {"w": 0}, "seq": 16998}
{"ts": "2026-05-01T12:56:57.092247+00:00", "level": "INFO", "jobId": "e429c5ce-01aa-4f6d-8d01-d0c4a035cf44", "keyword": "khai trương", "step": "capture", "message": "Capturing posinset=53 (53/∞)…", "data": {"w": 0}, "seq": 16999}
{"ts": "2026-05-01T12:56:58.219439+00:00", "level": "INFO", "jobId": "e429c5ce-01aa-4f6d-8d01-d0c4a035cf44", "keyword": "khai trương", "step": "capture", "message": "Saved post_053.png (posinset=53)", "data": {"w": 0}, "seq": 17000}
{"ts": "2026-05-01T12:56:58.219439+00:00", "level": "INFO", "jobId": "e429c5ce-01aa-4f6d-8d01-d0c4a035cf44", "keyword": "khai trương", "step": "cooldown", "message": "Cooldown 1.0s (after capture)", "data": {"w": 0}, "seq": 17001}
{"ts": "2026-05-01T12:56:59.276561+00:00", "level": "INFO", "jobId": "e429c5ce-01aa-4f6d-8d01-d0c4a035cf44", "keyword": "khai trương", "step": "capture", "message": "Capturing posinset=54 (54/∞)…", "data": {"w": 0}, "seq": 17002}
{"ts": "2026-05-01T12:57:01.356606+00:00", "level": "INFO", "jobId": "e429c5ce-01aa-4f6d-8d01-d0c4a035cf44", "keyword": "khai trương", "step": "capture", "message": "Saved post_054.png (posinset=54)", "data": {"w": 0}, "seq": 17003}
{"ts": "2026-05-01T12:57:01.356606+00:00", "level": "INFO", "jobId": "e429c5ce-01aa-4f6d-8d01-d0c4a035cf44", "keyword": "khai trương", "step": "cooldown", "message": "Cooldown 1.0s (after capture)", "data": {"w": 0}, "seq": 17004}
{"ts": "2026-05-01T12:57:02.378853+00:00", "level": "INFO", "jobId": "e429c5ce-01aa-4f6d-8d01-d0c4a035cf44", "keyword": "khai trương", "step": "capture", "message": "Capturing posinset=55 (55/∞)…", "data": {"w": 0}, "seq": 17005}
{"ts": "2026-05-01T12:57:03.729285+00:00", "level": "INFO", "jobId": "e429c5ce-01aa-4f6d-8d01-d0c4a035cf44", "keyword": "khai trương", "step": "capture", "message": "Saved post_055.png (posinset=55)", "data": {"w": 0}, "seq": 17006}
{"ts": "2026-05-01T12:57:03.729285+00:00", "level": "INFO", "jobId": "e429c5ce-01aa-4f6d-8d01-d0c4a035cf44", "keyword": "khai trương", "step": "cooldown", "message": "Cooldown 1.0s (after capture)", "data": {"w": 0}, "seq": 17007}
{"ts": "2026-05-01T12:57:04.752160+00:00", "level": "INFO", "jobId": "e429c5ce-01aa-4f6d-8d01-d0c4a035cf44", "keyword": "khai trương", "step": "heartbeat", "message": "Worker alive", "data": {"w": 0, "elapsed_s": 142}, "seq": 17008}
{"ts": "2026-05-01T12:57:04.752160+00:00", "level": "INFO", "jobId": "e429c5ce-01aa-4f6d-8d01-d0c4a035cf44", "keyword": "khai trương", "step": "capture", "message": "Capturing posinset=56 (56/∞)…", "data": {"w": 0}, "seq": 17009}
{"ts": "2026-05-01T12:57:06.107475+00:00", "level": "INFO", "jobId": "e429c5ce-01aa-4f6d-8d01-d0c4a035cf44", "keyword": "khai trương", "step": "capture", "message": "Saved post_056.png (posinset=56)", "data": {"w": 0}, "seq": 17010}
{"ts": "2026-05-01T12:57:06.108476+00:00", "level": "INFO", "jobId": "e429c5ce-01aa-4f6d-8d01-d0c4a035cf44", "keyword": "khai trương", "step": "cooldown", "message": "Cooldown 1.0s (after capture)", "data": {"w": 0}, "seq": 17011}
{"ts": "2026-05-01T12:57:07.143132+00:00", "level": "INFO", "jobId": "e429c5ce-01aa-4f6d-8d01-d0c4a035cf44", "keyword": "khai trương", "step": "capture", "message": "Capturing posinset=57 (57/∞)…", "data": {"w": 0}, "seq": 17012}
{"ts": "2026-05-01T12:57:08.302051+00:00", "level": "INFO", "jobId": "e429c5ce-01aa-4f6d-8d01-d0c4a035cf44", "keyword": "khai trương", "step": "capture", "message": "Saved post_057.png (posinset=57)", "data": {"w": 0}, "seq": 17013}
{"ts": "2026-05-01T12:57:08.303340+00:00", "level": "INFO", "jobId": "e429c5ce-01aa-4f6d-8d01-d0c4a035cf44", "keyword": "khai trương", "step": "cooldown", "message": "Cooldown 1.0s (after capture)", "data": {"w": 0}, "seq": 17014}
{"ts": "2026-05-01T12:57:09.349186+00:00", "level": "INFO", "jobId": "e429c5ce-01aa-4f6d-8d01-d0c4a035cf44", "keyword": "khai trương", "step": "capture", "message": "Capturing posinset=58 (58/∞)…", "data": {"w": 0}, "seq": 17015}
{"ts": "2026-05-01T12:57:10.601166+00:00", "level": "INFO", "jobId": "e429c5ce-01aa-4f6d-8d01-d0c4a035cf44", "keyword": "khai trương", "step": "capture", "message": "Saved post_058.png (posinset=58)", "data": {"w": 0}, "seq": 17016}
{"ts": "2026-05-01T12:57:10.602568+00:00", "level": "INFO", "jobId": "e429c5ce-01aa-4f6d-8d01-d0c4a035cf44", "keyword": "khai trương", "step": "cooldown", "message": "Cooldown 1.0s (after capture)", "data": {"w": 0}, "seq": 17017}
{"ts": "2026-05-01T12:57:11.669593+00:00", "level": "INFO", "jobId": "e429c5ce-01aa-4f6d-8d01-d0c4a035cf44", "keyword": "khai trương", "step": "capture", "message": "Capturing posinset=59 (59/∞)…", "data": {"w": 0}, "seq": 17018}
{"ts": "2026-05-01T12:57:13.669231+00:00", "level": "INFO", "jobId": "e429c5ce-01aa-4f6d-8d01-d0c4a035cf44", "keyword": "khai trương", "step": "capture", "message": "Saved post_059.png (posinset=59)", "data": {"w": 0}, "seq": 17019}
{"ts": "2026-05-01T12:57:13.670245+00:00", "level": "INFO", "jobId": "e429c5ce-01aa-4f6d-8d01-d0c4a035cf44", "keyword": "khai trương", "step": "cooldown", "message": "Cooldown 1.0s (after capture)", "data": {"w": 0}, "seq": 17020}
{"ts": "2026-05-01T12:57:14.733606+00:00", "level": "INFO", "jobId": "e429c5ce-01aa-4f6d-8d01-d0c4a035cf44", "keyword": "khai trương", "step": "capture", "message": "Capturing posinset=60 (60/∞)…", "data": {"w": 0}, "seq": 17021}
{"ts": "2026-05-01T12:57:16.107607+00:00", "level": "INFO", "jobId": "e429c5ce-01aa-4f6d-8d01-d0c4a035cf44", "keyword": "khai trương", "step": "capture", "message": "Saved post_060.png (posinset=60)", "data": {"w": 0}, "seq": 17022}
{"ts": "2026-05-01T12:57:16.107607+00:00", "level": "INFO", "jobId": "e429c5ce-01aa-4f6d-8d01-d0c4a035cf44", "keyword": "khai trương", "step": "cooldown", "message": "Cooldown 1.0s (after capture)", "data": {"w": 0}, "seq": 17023}
{"ts": "2026-05-01T12:57:17.168182+00:00", "level": "INFO", "jobId": "e429c5ce-01aa-4f6d-8d01-d0c4a035cf44", "keyword": "khai trương", "step": "capture", "message": "Capturing posinset=61 (61/∞)…", "data": {"w": 0}, "seq": 17024}
{"ts": "2026-05-01T12:57:18.468648+00:00", "level": "INFO", "jobId": "e429c5ce-01aa-4f6d-8d01-d0c4a035cf44", "keyword": "khai trương", "step": "capture", "message": "Saved post_061.png (posinset=61)", "data": {"w": 0}, "seq": 17025}
{"ts": "2026-05-01T12:57:18.468648+00:00", "level": "INFO", "jobId": "e429c5ce-01aa-4f6d-8d01-d0c4a035cf44", "keyword": "khai trương", "step": "cooldown", "message": "Cooldown 1.0s (after capture)", "data": {"w": 0}, "seq": 17026}
{"ts": "2026-05-01T12:57:19.517970+00:00", "level": "INFO", "jobId": "e429c5ce-01aa-4f6d-8d01-d0c4a035cf44", "keyword": "khai trương", "step": "capture", "message": "Capturing posinset=62 (62/∞)…", "data": {"w": 0}, "seq": 17027}
{"ts": "2026-05-01T12:57:20.755617+00:00", "level": "INFO", "jobId": "e429c5ce-01aa-4f6d-8d01-d0c4a035cf44", "keyword": "khai trương", "step": "capture", "message": "Saved post_062.png (posinset=62)", "data": {"w": 0}, "seq": 17028}
{"ts": "2026-05-01T12:57:20.756648+00:00", "level": "INFO", "jobId": "e429c5ce-01aa-4f6d-8d01-d0c4a035cf44", "keyword": "khai trương", "step": "cooldown", "message": "Cooldown 1.0s (after capture)", "data": {"w": 0}, "seq": 17029}
{"ts": "2026-05-01T12:57:21.811485+00:00", "level": "INFO", "jobId": "e429c5ce-01aa-4f6d-8d01-d0c4a035cf44", "keyword": "khai trương", "step": "heartbeat", "message": "Worker alive", "data": {"w": 0, "elapsed_s": 159}, "seq": 17030}
{"ts": "2026-05-01T12:57:21.811485+00:00", "level": "INFO", "jobId": "e429c5ce-01aa-4f6d-8d01-d0c4a035cf44", "keyword": "khai trương", "step": "capture", "message": "Capturing posinset=63 (63/∞)…", "data": {"w": 0}, "seq": 17031}
{"ts": "2026-05-01T12:57:23.412578+00:00", "level": "INFO", "jobId": "e429c5ce-01aa-4f6d-8d01-d0c4a035cf44", "keyword": "khai trương", "step": "capture", "message": "Saved post_063.png (posinset=63)", "data": {"w": 0}, "seq": 17032}
{"ts": "2026-05-01T12:57:23.413548+00:00", "level": "INFO", "jobId": "e429c5ce-01aa-4f6d-8d01-d0c4a035cf44", "keyword": "khai trương", "step": "cooldown", "message": "Cooldown 1.0s (after capture)", "data": {"w": 0}, "seq": 17033}
{"ts": "2026-05-01T12:57:24.454753+00:00", "level": "INFO", "jobId": "e429c5ce-01aa-4f6d-8d01-d0c4a035cf44", "keyword": "khai trương", "step": "capture", "message": "Capturing posinset=64 (64/∞)…", "data": {"w": 0}, "seq": 17034}
{"ts": "2026-05-01T12:57:25.638145+00:00", "level": "INFO", "jobId": "e429c5ce-01aa-4f6d-8d01-d0c4a035cf44", "keyword": "khai trương", "step": "capture", "message": "Saved post_064.png (posinset=64)", "data": {"w": 0}, "seq": 17035}
{"ts": "2026-05-01T12:57:25.639218+00:00", "level": "INFO", "jobId": "e429c5ce-01aa-4f6d-8d01-d0c4a035cf44", "keyword": "khai trương", "step": "cooldown", "message": "Cooldown 1.0s (after capture)", "data": {"w": 0}, "seq": 17036}
{"ts": "2026-05-01T12:57:26.685616+00:00", "level": "INFO", "jobId": "e429c5ce-01aa-4f6d-8d01-d0c4a035cf44", "keyword": "khai trương", "step": "capture", "message": "Capturing posinset=65 (65/∞)…", "data": {"w": 0}, "seq": 17037}
{"ts": "2026-05-01T12:57:27.916771+00:00", "level": "INFO", "jobId": "e429c5ce-01aa-4f6d-8d01-d0c4a035cf44", "keyword": "khai trương", "step": "capture", "message": "Saved post_065.png (posinset=65)", "data": {"w": 0}, "seq": 17038}
{"ts": "2026-05-01T12:57:27.917788+00:00", "level": "INFO", "jobId": "e429c5ce-01aa-4f6d-8d01-d0c4a035cf44", "keyword": "khai trương", "step": "cooldown", "message": "Cooldown 1.0s (after capture)", "data": {"w": 0}, "seq": 17039}
{"ts": "2026-05-01T12:57:28.949081+00:00", "level": "INFO", "jobId": "e429c5ce-01aa-4f6d-8d01-d0c4a035cf44", "keyword": "khai trương", "step": "capture", "message": "Capturing posinset=66 (66/∞)…", "data": {"w": 0}, "seq": 17040}
{"ts": "2026-05-01T12:57:30.135352+00:00", "level": "INFO", "jobId": "e429c5ce-01aa-4f6d-8d01-d0c4a035cf44", "keyword": "khai trương", "step": "capture", "message": "Saved post_066.png (posinset=66)", "data": {"w": 0}, "seq": 17041}
{"ts": "2026-05-01T12:57:30.135352+00:00", "level": "INFO", "jobId": "e429c5ce-01aa-4f6d-8d01-d0c4a035cf44", "keyword": "khai trương", "step": "cooldown", "message": "Cooldown 1.0s (after capture)", "data": {"w": 0}, "seq": 17042}
{"ts": "2026-05-01T12:57:31.187192+00:00", "level": "INFO", "jobId": "e429c5ce-01aa-4f6d-8d01-d0c4a035cf44", "keyword": "khai trương", "step": "capture", "message": "Capturing posinset=67 (67/∞)…", "data": {"w": 0}, "seq": 17043}
{"ts": "2026-05-01T12:57:32.455041+00:00", "level": "INFO", "jobId": "e429c5ce-01aa-4f6d-8d01-d0c4a035cf44", "keyword": "khai trương", "step": "capture", "message": "Saved post_067.png (posinset=67)", "data": {"w": 0}, "seq": 17044}
{"ts": "2026-05-01T12:57:32.455041+00:00", "level": "INFO", "jobId": "e429c5ce-01aa-4f6d-8d01-d0c4a035cf44", "keyword": "khai trương", "step": "cooldown", "message": "Cooldown 1.0s (after capture)", "data": {"w": 0}, "seq": 17045}
{"ts": "2026-05-01T12:57:33.538689+00:00", "level": "INFO", "jobId": "e429c5ce-01aa-4f6d-8d01-d0c4a035cf44", "keyword": "khai trương", "step": "capture", "message": "Capturing posinset=68 (68/∞)…", "data": {"w": 0}, "seq": 17046}
{"ts": "2026-05-01T12:57:35.104005+00:00", "level": "INFO", "jobId": "e429c5ce-01aa-4f6d-8d01-d0c4a035cf44", "keyword": "khai trương", "step": "capture", "message": "Saved post_068.png (posinset=68)", "data": {"w": 0}, "seq": 17047}
{"ts": "2026-05-01T12:57:35.105027+00:00", "level": "INFO", "jobId": "e429c5ce-01aa-4f6d-8d01-d0c4a035cf44", "keyword": "khai trương", "step": "cooldown", "message": "Cooldown 1.0s (after capture)", "data": {"w": 0}, "seq": 17048}
{"ts": "2026-05-01T12:57:36.174831+00:00", "level": "INFO", "jobId": "e429c5ce-01aa-4f6d-8d01-d0c4a035cf44", "keyword": "khai trương", "step": "capture", "message": "Capturing posinset=69 (69/∞)…", "data": {"w": 0}, "seq": 17049}
{"ts": "2026-05-01T12:57:37.574078+00:00", "level": "INFO", "jobId": "e429c5ce-01aa-4f6d-8d01-d0c4a035cf44", "keyword": "khai trương", "step": "capture", "message": "Saved post_069.png (posinset=69)", "data": {"w": 0}, "seq": 17050}
{"ts": "2026-05-01T12:57:37.574078+00:00", "level": "INFO", "jobId": "e429c5ce-01aa-4f6d-8d01-d0c4a035cf44", "keyword": "khai trương", "step": "cooldown", "message": "Cooldown 1.0s (after capture)", "data": {"w": 0}, "seq": 17051}
{"ts": "2026-05-01T12:57:38.627466+00:00", "level": "INFO", "jobId": "e429c5ce-01aa-4f6d-8d01-d0c4a035cf44", "keyword": "khai trương", "step": "heartbeat", "message": "Worker alive", "data": {"w": 0, "elapsed_s": 176}, "seq": 17052}
{"ts": "2026-05-01T12:57:38.627466+00:00", "level": "INFO", "jobId": "e429c5ce-01aa-4f6d-8d01-d0c4a035cf44", "keyword": "khai trương", "step": "capture", "message": "Capturing posinset=70 (70/∞)…", "data": {"w": 0}, "seq": 17053}
{"ts": "2026-05-01T12:57:40.036218+00:00", "level": "INFO", "jobId": "e429c5ce-01aa-4f6d-8d01-d0c4a035cf44", "keyword": "khai trương", "step": "capture", "message": "Saved post_070.png (posinset=70)", "data": {"w": 0}, "seq": 17054}
{"ts": "2026-05-01T12:57:40.036218+00:00", "level": "INFO", "jobId": "e429c5ce-01aa-4f6d-8d01-d0c4a035cf44", "keyword": "khai trương", "step": "cooldown", "message": "Cooldown 1.0s (after capture)", "data": {"w": 0}, "seq": 17055}
{"ts": "2026-05-01T12:57:41.078499+00:00", "level": "INFO", "jobId": "e429c5ce-01aa-4f6d-8d01-d0c4a035cf44", "keyword": "khai trương", "step": "capture", "message": "Capturing posinset=71 (71/∞)…", "data": {"w": 0}, "seq": 17056}
{"ts": "2026-05-01T12:57:42.486264+00:00", "level": "INFO", "jobId": "e429c5ce-01aa-4f6d-8d01-d0c4a035cf44", "keyword": "khai trương", "step": "capture", "message": "Saved post_071.png (posinset=71)", "data": {"w": 0}, "seq": 17057}
{"ts": "2026-05-01T12:57:42.487396+00:00", "level": "INFO", "jobId": "e429c5ce-01aa-4f6d-8d01-d0c4a035cf44", "keyword": "khai trương", "step": "cooldown", "message": "Cooldown 1.0s (after capture)", "data": {"w": 0}, "seq": 17058}
{"ts": "2026-05-01T12:57:43.517218+00:00", "level": "INFO", "jobId": "e429c5ce-01aa-4f6d-8d01-d0c4a035cf44", "keyword": "khai trương", "step": "capture", "message": "Capturing posinset=72 (72/∞)…", "data": {"w": 0}, "seq": 17059}
{"ts": "2026-05-01T12:57:44.701327+00:00", "level": "INFO", "jobId": "e429c5ce-01aa-4f6d-8d01-d0c4a035cf44", "keyword": "khai trương", "step": "capture", "message": "Saved post_072.png (posinset=72)", "data": {"w": 0}, "seq": 17060}
{"ts": "2026-05-01T12:57:44.702334+00:00", "level": "INFO", "jobId": "e429c5ce-01aa-4f6d-8d01-d0c4a035cf44", "keyword": "khai trương", "step": "cooldown", "message": "Cooldown 1.0s (after capture)", "data": {"w": 0}, "seq": 17061}
{"ts": "2026-05-01T12:57:45.755252+00:00", "level": "INFO", "jobId": "e429c5ce-01aa-4f6d-8d01-d0c4a035cf44", "keyword": "khai trương", "step": "capture", "message": "Capturing posinset=73 (73/∞)…", "data": {"w": 0}, "seq": 17062}
{"ts": "2026-05-01T12:57:47.037811+00:00", "level": "INFO", "jobId": "e429c5ce-01aa-4f6d-8d01-d0c4a035cf44", "keyword": "khai trương", "step": "capture", "message": "Saved post_073.png (posinset=73)", "data": {"w": 0}, "seq": 17063}
{"ts": "2026-05-01T12:57:47.037811+00:00", "level": "INFO", "jobId": "e429c5ce-01aa-4f6d-8d01-d0c4a035cf44", "keyword": "khai trương", "step": "cooldown", "message": "Cooldown 1.0s (after capture)", "data": {"w": 0}, "seq": 17064}
{"ts": "2026-05-01T12:57:48.152308+00:00", "level": "INFO", "jobId": "e429c5ce-01aa-4f6d-8d01-d0c4a035cf44", "keyword": "khai trương", "step": "capture", "message": "Capturing posinset=74 (74/∞)…", "data": {"w": 0}, "seq": 17065}
{"ts": "2026-05-01T12:57:49.905823+00:00", "level": "INFO", "jobId": "e429c5ce-01aa-4f6d-8d01-d0c4a035cf44", "keyword": "khai trương", "step": "capture", "message": "Saved post_074.png (posinset=74)", "data": {"w": 0}, "seq": 17066}
{"ts": "2026-05-01T12:57:49.905823+00:00", "level": "INFO", "jobId": "e429c5ce-01aa-4f6d-8d01-d0c4a035cf44", "keyword": "khai trương", "step": "cooldown", "message": "Cooldown 1.0s (after capture)", "data": {"w": 0}, "seq": 17067}
{"ts": "2026-05-01T12:57:50.958441+00:00", "level": "INFO", "jobId": "e429c5ce-01aa-4f6d-8d01-d0c4a035cf44", "keyword": "khai trương", "step": "capture", "message": "Capturing posinset=75 (75/∞)…", "data": {"w": 0}, "seq": 17068}
{"ts": "2026-05-01T12:57:52.153407+00:00", "level": "ERROR", "jobId": "e429c5ce-01aa-4f6d-8d01-d0c4a035cf44", "keyword": "khai trương", "step": "error", "message": "Unhandled error: main.<locals>.<lambda>() takes 2 positional arguments but 3 were given", "data": {"w": 0, "trace": "Traceback (most recent call last):\n  File \"C:\\Users\\nguyenkhanhduyit\\Desktop\\Posts\\app\\worker\\fb_automation\\automation.py\", line 2535, in capture_posts\n    _expand_see_more(post, page)\n  File \"C:\\Users\\nguyenkhanhduyit\\Desktop\\Posts\\app\\worker\\fb_automation\\automation.py\", line 749, in _expand_see_more\n    raise ElementTimeout(f\"See-more still present in post after expansion attempts (left={left}).\")\napp.worker.fb_automation.automation.ElementTimeout: See-more still present in post after expansion attempts (left=1).\n\nDuring handling of the above exception, another exception occurred:\n\nTraceback (most recent call last):\n  File \"C:\\Users\\nguyenkhanhduyit\\Desktop\\Posts\\app\\worker\\fb_automation\\automation.py\", line 2569, in capture_posts\n    _expand_see_more(post, page)\n  File \"C:\\Users\\nguyenkhanhduyit\\Desktop\\Posts\\app\\worker\\fb_automation\\automation.py\", line 749, in _expand_see_more\n    raise ElementTimeout(f\"See-more still present in post after expansion attempts (left={left}).\")\napp.worker.fb_automation.automation.ElementTimeout: See-more still present in post after expansion attempts (left=1).\n\nDuring handling of the above exception, another exception occurred:\n\nTraceback (most recent call last):\n  File \"C:\\Users\\nguyenkhanhduyit\\Desktop\\Posts\\app\\worker\\runner.py\", line 702, in main\n    saved = capture_posts(\n  File \"C:\\Users\\nguyenkhanhduyit\\Desktop\\Posts\\app\\worker\\fb_automation\\automation.py\", line 2571, in capture_posts\n    log(\nTypeError: main.<locals>.<lambda>() takes 2 positional arguments but 3 were given\n"}, "seq": 17069}
