{"ts": "2026-05-01T07:17:21.142477+00:00", "level": "INFO", "jobId": "ec445f9d-1698-4625-b3cf-670b0abe8cf2", "keyword": "khai trương tdm", "step": "created", "message": "Job created", "data": {"maxPosts": "unlimited"}, "seq": 13605}
{"ts": "2026-05-01T07:32:50.192967+00:00", "level": "INFO", "jobId": "ec445f9d-1698-4625-b3cf-670b0abe8cf2", "keyword": "khai trương tdm", "step": "start", "message": "Job started (attempt 1/2)", "data": {"w": 0}, "seq": 14141}
{"ts": "2026-05-01T07:32:57.378105+00:00", "level": "INFO", "jobId": "ec445f9d-1698-4625-b3cf-670b0abe8cf2", "keyword": "khai trương tdm", "step": "login", "message": "Already logged in (profile session).", "data": {"w": 0}, "seq": 14147}
{"ts": "2026-05-01T07:32:58.250462+00:00", "level": "INFO", "jobId": "ec445f9d-1698-4625-b3cf-670b0abe8cf2", "keyword": "khai trương tdm", "step": "search", "message": "Searching keyword: \"khai trương tdm\"", "data": {"w": 0}, "seq": 14148}
{"ts": "2026-05-01T07:33:08.193483+00:00", "level": "INFO", "jobId": "ec445f9d-1698-4625-b3cf-670b0abe8cf2", "keyword": "khai trương tdm", "step": "capture", "message": "Start capturing all posts until end of results.", "data": {"w": 0}, "seq": 14151}
{"ts": "2026-05-01T07:33:08.228014+00:00", "level": "INFO", "jobId": "ec445f9d-1698-4625-b3cf-670b0abe8cf2", "keyword": "khai trương tdm", "step": "capture", "message": "Output folder: Lan 1 - 1433", "data": {"w": 0}, "seq": 14152}
{"ts": "2026-05-01T07:33:17.424699+00:00", "level": "INFO", "jobId": "ec445f9d-1698-4625-b3cf-670b0abe8cf2", "keyword": "khai trương tdm", "step": "capture", "message": "Capturing 1/∞ (viewport)…", "data": {"w": 0}, "seq": 14155}
{"ts": "2026-05-01T07:33:18.145568+00:00", "level": "INFO", "jobId": "ec445f9d-1698-4625-b3cf-670b0abe8cf2", "keyword": "khai trương tdm", "step": "capture", "message": "Expanded \"Xem thêm\" (exact-class): +3 (total 3)", "data": {"w": 0}, "seq": 14156}
{"ts": "2026-05-01T07:33:25.232192+00:00", "level": "INFO", "jobId": "ec445f9d-1698-4625-b3cf-670b0abe8cf2", "keyword": "khai trương tdm", "step": "heartbeat", "message": "Worker alive", "data": {"w": 0, "elapsed_s": 35}, "seq": 14159}
{"ts": "2026-05-01T07:33:31.675026+00:00", "level": "INFO", "jobId": "ec445f9d-1698-4625-b3cf-670b0abe8cf2", "keyword": "khai trương tdm", "step": "capture", "message": "Saved post_001.png", "data": {"w": 0}, "seq": 14160}
{"ts": "2026-05-01T07:33:31.676041+00:00", "level": "INFO", "jobId": "ec445f9d-1698-4625-b3cf-670b0abe8cf2", "keyword": "khai trương tdm", "step": "cooldown", "message": "Cooldown 1.3s (after capture)", "data": {"w": 0}, "seq": 14161}
{"ts": "2026-05-01T07:33:33.538456+00:00", "level": "INFO", "jobId": "ec445f9d-1698-4625-b3cf-670b0abe8cf2", "keyword": "khai trương tdm", "step": "capture", "message": "Capturing 2/∞ (viewport)…", "data": {"w": 0}, "seq": 14162}
{"ts": "2026-05-01T07:33:40.283060+00:00", "level": "INFO", "jobId": "ec445f9d-1698-4625-b3cf-670b0abe8cf2", "keyword": "khai trương tdm", "step": "heartbeat", "message": "Worker alive", "data": {"w": 0, "elapsed_s": 50}, "seq": 14167}
{"ts": "2026-05-01T07:33:46.258271+00:00", "level": "INFO", "jobId": "ec445f9d-1698-4625-b3cf-670b0abe8cf2", "keyword": "khai trương tdm", "step": "capture", "message": "Saved post_002.png", "data": {"w": 0}, "seq": 14168}
{"ts": "2026-05-01T07:33:46.259270+00:00", "level": "INFO", "jobId": "ec445f9d-1698-4625-b3cf-670b0abe8cf2", "keyword": "khai trương tdm", "step": "cooldown", "message": "Cooldown 1.2s (after capture)", "data": {"w": 0}, "seq": 14169}
{"ts": "2026-05-01T07:33:47.956173+00:00", "level": "INFO", "jobId": "ec445f9d-1698-4625-b3cf-670b0abe8cf2", "keyword": "khai trương tdm", "step": "capture", "message": "Capturing 3/∞ (viewport)…", "data": {"w": 0}, "seq": 14170}
{"ts": "2026-05-01T07:33:48.016831+00:00", "level": "INFO", "jobId": "ec445f9d-1698-4625-b3cf-670b0abe8cf2", "keyword": "khai trương tdm", "step": "capture", "message": "Expanded \"Xem thêm\" (exact-class): +1 (total 1)", "data": {"w": 0}, "seq": 14171}
{"ts": "2026-05-01T07:33:55.310266+00:00", "level": "INFO", "jobId": "ec445f9d-1698-4625-b3cf-670b0abe8cf2", "keyword": "khai trương tdm", "step": "heartbeat", "message": "Worker alive", "data": {"w": 0, "elapsed_s": 65}, "seq": 14177}
{"ts": "2026-05-01T07:34:00.845645+00:00", "level": "INFO", "jobId": "ec445f9d-1698-4625-b3cf-670b0abe8cf2", "keyword": "khai trương tdm", "step": "capture", "message": "Saved post_003.png", "data": {"w": 0}, "seq": 14178}
{"ts": "2026-05-01T07:34:00.846655+00:00", "level": "INFO", "jobId": "ec445f9d-1698-4625-b3cf-670b0abe8cf2", "keyword": "khai trương tdm", "step": "cooldown", "message": "Cooldown 1.7s (after capture)", "data": {"w": 0}, "seq": 14179}
{"ts": "2026-05-01T07:34:03.136985+00:00", "level": "INFO", "jobId": "ec445f9d-1698-4625-b3cf-670b0abe8cf2", "keyword": "khai trương tdm", "step": "capture", "message": "Capturing 4/∞ (viewport)…", "data": {"w": 0}, "seq": 14180}
{"ts": "2026-05-01T07:34:03.213212+00:00", "level": "INFO", "jobId": "ec445f9d-1698-4625-b3cf-670b0abe8cf2", "keyword": "khai trương tdm", "step": "capture", "message": "Expanded \"Xem thêm\" (exact-class): +2 (total 2)", "data": {"w": 0}, "seq": 14181}
{"ts": "2026-05-01T07:34:08.868848+00:00", "level": "WARN", "jobId": "ec445f9d-1698-4625-b3cf-670b0abe8cf2", "keyword": "khai trương tdm", "step": "relaunch", "message": "Browser/page closed unexpectedly. Will relaunch + retry. (Page.screenshot: Target page, context or browser has been closed)", "data": {"w": 0}, "seq": 14185}
