{"ts": "2026-05-01T15:51:32.203629+00:00", "level": "INFO", "jobId": "eeb07648-ceaa-4ef9-9cc8-ac1118f43150", "keyword": "khai trương hcm", "step": "created", "message": "Job created", "data": {"maxPosts": "unlimited"}, "seq": 25532}
{"ts": "2026-05-01T15:51:32.935460+00:00", "level": "INFO", "jobId": "eeb07648-ceaa-4ef9-9cc8-ac1118f43150", "keyword": "khai trương hcm", "step": "start", "message": "Job started (attempt 1/1)", "data": {"w": 1}, "seq": 25584}
{"ts": "2026-05-01T15:51:51.570207+00:00", "level": "INFO", "jobId": "eeb07648-ceaa-4ef9-9cc8-ac1118f43150", "keyword": "khai trương hcm", "step": "login", "message": "Already logged in (home).", "data": {"w": 1}, "seq": 25588}
{"ts": "2026-05-01T15:51:51.572954+00:00", "level": "INFO", "jobId": "eeb07648-ceaa-4ef9-9cc8-ac1118f43150", "keyword": "khai trương hcm", "step": "search", "message": "Searching keyword: \"khai trương hcm\"", "data": {"w": 1}, "seq": 25589}
{"ts": "2026-05-01T15:52:04.193660+00:00", "level": "INFO", "jobId": "eeb07648-ceaa-4ef9-9cc8-ac1118f43150", "keyword": "khai trương hcm", "step": "capture", "message": "Start capturing all posts until end of results.", "data": {"w": 1}, "seq": 25594}
{"ts": "2026-05-01T15:52:04.194661+00:00", "level": "INFO", "jobId": "eeb07648-ceaa-4ef9-9cc8-ac1118f43150", "keyword": "khai trương hcm", "step": "capture", "message": "Output folder: Lan 1 - 2252", "data": {"w": 1}, "seq": 25595}
{"ts": "2026-05-01T15:52:16.360769+00:00", "level": "INFO", "jobId": "eeb07648-ceaa-4ef9-9cc8-ac1118f43150", "keyword": "khai trương hcm", "step": "capture", "message": "Capturing posinset=1 (1/∞)…", "data": {"w": 1}, "seq": 25599}
{"ts": "2026-05-01T15:52:18.559979+00:00", "level": "INFO", "jobId": "eeb07648-ceaa-4ef9-9cc8-ac1118f43150", "keyword": "khai trương hcm", "step": "capture", "message": "Saved post_001.png (posinset=1)", "data": {"w": 1}, "seq": 25603}
{"ts": "2026-05-01T15:52:18.559979+00:00", "level": "INFO", "jobId": "eeb07648-ceaa-4ef9-9cc8-ac1118f43150", "keyword": "khai trương hcm", "step": "cooldown", "message": "Cooldown 1.0s (after capture)", "data": {"w": 1}, "seq": 25604}
{"ts": "2026-05-01T15:52:19.591692+00:00", "level": "INFO", "jobId": "eeb07648-ceaa-4ef9-9cc8-ac1118f43150", "keyword": "khai trương hcm", "step": "capture", "message": "Capturing posinset=2 (2/∞)…", "data": {"w": 1}, "seq": 25608}
{"ts": "2026-05-01T15:52:21.404431+00:00", "level": "INFO", "jobId": "eeb07648-ceaa-4ef9-9cc8-ac1118f43150", "keyword": "khai trương hcm", "step": "capture", "message": "Saved post_002.png (posinset=2)", "data": {"w": 1}, "seq": 25613}
{"ts": "2026-05-01T15:52:21.406444+00:00", "level": "INFO", "jobId": "eeb07648-ceaa-4ef9-9cc8-ac1118f43150", "keyword": "khai trương hcm", "step": "cooldown", "message": "Cooldown 1.0s (after capture)", "data": {"w": 1}, "seq": 25614}
{"ts": "2026-05-01T15:52:22.422525+00:00", "level": "INFO", "jobId": "eeb07648-ceaa-4ef9-9cc8-ac1118f43150", "keyword": "khai trương hcm", "step": "capture", "message": "Capturing posinset=3 (3/∞)…", "data": {"w": 1}, "seq": 25617}
{"ts": "2026-05-01T15:52:23.422963+00:00", "level": "INFO", "jobId": "eeb07648-ceaa-4ef9-9cc8-ac1118f43150", "keyword": "khai trương hcm", "step": "capture", "message": "Saved post_003.png (posinset=3)", "data": {"w": 1}, "seq": 25621}
{"ts": "2026-05-01T15:52:23.424218+00:00", "level": "INFO", "jobId": "eeb07648-ceaa-4ef9-9cc8-ac1118f43150", "keyword": "khai trương hcm", "step": "cooldown", "message": "Cooldown 1.0s (after capture)", "data": {"w": 1}, "seq": 25622}
{"ts": "2026-05-01T15:52:24.437769+00:00", "level": "INFO", "jobId": "eeb07648-ceaa-4ef9-9cc8-ac1118f43150", "keyword": "khai trương hcm", "step": "capture", "message": "Capturing posinset=4 (4/∞)…", "data": {"w": 1}, "seq": 25628}
{"ts": "2026-05-01T15:52:25.661278+00:00", "level": "INFO", "jobId": "eeb07648-ceaa-4ef9-9cc8-ac1118f43150", "keyword": "khai trương hcm", "step": "capture", "message": "Saved post_004.png (posinset=4)", "data": {"w": 1}, "seq": 25631}
{"ts": "2026-05-01T15:52:25.662961+00:00", "level": "INFO", "jobId": "eeb07648-ceaa-4ef9-9cc8-ac1118f43150", "keyword": "khai trương hcm", "step": "cooldown", "message": "Cooldown 1.0s (after capture)", "data": {"w": 1}, "seq": 25632}
{"ts": "2026-05-01T15:52:26.684838+00:00", "level": "INFO", "jobId": "eeb07648-ceaa-4ef9-9cc8-ac1118f43150", "keyword": "khai trương hcm", "step": "capture", "message": "Capturing posinset=5 (5/∞)…", "data": {"w": 1}, "seq": 25637}
{"ts": "2026-05-01T15:52:28.042262+00:00", "level": "INFO", "jobId": "eeb07648-ceaa-4ef9-9cc8-ac1118f43150", "keyword": "khai trương hcm", "step": "capture", "message": "Saved post_005.png (posinset=5)", "data": {"w": 1}, "seq": 25641}
{"ts": "2026-05-01T15:52:28.043262+00:00", "level": "INFO", "jobId": "eeb07648-ceaa-4ef9-9cc8-ac1118f43150", "keyword": "khai trương hcm", "step": "cooldown", "message": "Cooldown 1.0s (after capture)", "data": {"w": 1}, "seq": 25642}
{"ts": "2026-05-01T15:52:29.053461+00:00", "level": "INFO", "jobId": "eeb07648-ceaa-4ef9-9cc8-ac1118f43150", "keyword": "khai trương hcm", "step": "capture", "message": "Capturing posinset=6 (6/∞)…", "data": {"w": 1}, "seq": 25647}
{"ts": "2026-05-01T15:52:30.214700+00:00", "level": "INFO", "jobId": "eeb07648-ceaa-4ef9-9cc8-ac1118f43150", "keyword": "khai trương hcm", "step": "capture", "message": "Saved post_006.png (posinset=6)", "data": {"w": 1}, "seq": 25650}
{"ts": "2026-05-01T15:52:30.218110+00:00", "level": "INFO", "jobId": "eeb07648-ceaa-4ef9-9cc8-ac1118f43150", "keyword": "khai trương hcm", "step": "cooldown", "message": "Cooldown 1.0s (after capture)", "data": {"w": 1}, "seq": 25651}
{"ts": "2026-05-01T15:52:31.237389+00:00", "level": "INFO", "jobId": "eeb07648-ceaa-4ef9-9cc8-ac1118f43150", "keyword": "khai trương hcm", "step": "heartbeat", "message": "Worker alive", "data": {"w": 1, "elapsed_s": 58}, "seq": 25654}
{"ts": "2026-05-01T15:52:31.237389+00:00", "level": "INFO", "jobId": "eeb07648-ceaa-4ef9-9cc8-ac1118f43150", "keyword": "khai trương hcm", "step": "capture", "message": "Capturing posinset=7 (7/∞)…", "data": {"w": 1}, "seq": 25655}
{"ts": "2026-05-01T15:52:32.237878+00:00", "level": "INFO", "jobId": "eeb07648-ceaa-4ef9-9cc8-ac1118f43150", "keyword": "khai trương hcm", "step": "capture", "message": "Saved post_007.png (posinset=7)", "data": {"w": 1}, "seq": 25659}
{"ts": "2026-05-01T15:52:32.237878+00:00", "level": "INFO", "jobId": "eeb07648-ceaa-4ef9-9cc8-ac1118f43150", "keyword": "khai trương hcm", "step": "cooldown", "message": "Cooldown 1.0s (after capture)", "data": {"w": 1}, "seq": 25660}
{"ts": "2026-05-01T15:52:33.255759+00:00", "level": "INFO", "jobId": "eeb07648-ceaa-4ef9-9cc8-ac1118f43150", "keyword": "khai trương hcm", "step": "capture", "message": "Capturing posinset=8 (8/∞)…", "data": {"w": 1}, "seq": 25665}
{"ts": "2026-05-01T15:52:34.481535+00:00", "level": "INFO", "jobId": "eeb07648-ceaa-4ef9-9cc8-ac1118f43150", "keyword": "khai trương hcm", "step": "capture", "message": "Saved post_008.png (posinset=8)", "data": {"w": 1}, "seq": 25669}
{"ts": "2026-05-01T15:52:34.482653+00:00", "level": "INFO", "jobId": "eeb07648-ceaa-4ef9-9cc8-ac1118f43150", "keyword": "khai trương hcm", "step": "cooldown", "message": "Cooldown 1.0s (after capture)", "data": {"w": 1}, "seq": 25670}
{"ts": "2026-05-01T15:52:35.508049+00:00", "level": "INFO", "jobId": "eeb07648-ceaa-4ef9-9cc8-ac1118f43150", "keyword": "khai trương hcm", "step": "capture", "message": "Capturing posinset=9 (9/∞)…", "data": {"w": 1}, "seq": 25674}
{"ts": "2026-05-01T15:52:36.700630+00:00", "level": "INFO", "jobId": "eeb07648-ceaa-4ef9-9cc8-ac1118f43150", "keyword": "khai trương hcm", "step": "capture", "message": "Saved post_009.png (posinset=9)", "data": {"w": 1}, "seq": 25678}
{"ts": "2026-05-01T15:52:36.700630+00:00", "level": "INFO", "jobId": "eeb07648-ceaa-4ef9-9cc8-ac1118f43150", "keyword": "khai trương hcm", "step": "cooldown", "message": "Cooldown 1.0s (after capture)", "data": {"w": 1}, "seq": 25679}
{"ts": "2026-05-01T15:52:37.717946+00:00", "level": "INFO", "jobId": "eeb07648-ceaa-4ef9-9cc8-ac1118f43150", "keyword": "khai trương hcm", "step": "capture", "message": "Capturing posinset=10 (10/∞)…", "data": {"w": 1}, "seq": 25683}
{"ts": "2026-05-01T15:52:38.920668+00:00", "level": "INFO", "jobId": "eeb07648-ceaa-4ef9-9cc8-ac1118f43150", "keyword": "khai trương hcm", "step": "capture", "message": "Saved post_010.png (posinset=10)", "data": {"w": 1}, "seq": 25686}
{"ts": "2026-05-01T15:52:38.922156+00:00", "level": "INFO", "jobId": "eeb07648-ceaa-4ef9-9cc8-ac1118f43150", "keyword": "khai trương hcm", "step": "cooldown", "message": "Cooldown 1.0s (after capture)", "data": {"w": 1}, "seq": 25687}
{"ts": "2026-05-01T15:52:39.948990+00:00", "level": "INFO", "jobId": "eeb07648-ceaa-4ef9-9cc8-ac1118f43150", "keyword": "khai trương hcm", "step": "capture", "message": "Capturing posinset=11 (11/∞)…", "data": {"w": 1}, "seq": 25690}
{"ts": "2026-05-01T15:52:42.420547+00:00", "level": "INFO", "jobId": "eeb07648-ceaa-4ef9-9cc8-ac1118f43150", "keyword": "khai trương hcm", "step": "capture", "message": "Capturing posinset=11 (11/∞)…", "data": {"w": 1}, "seq": 25696}
{"ts": "2026-05-01T15:52:45.327022+00:00", "level": "INFO", "jobId": "eeb07648-ceaa-4ef9-9cc8-ac1118f43150", "keyword": "khai trương hcm", "step": "capture", "message": "Saved post_011.png (posinset=11)", "data": {"w": 1}, "seq": 25700}
{"ts": "2026-05-01T15:52:45.327022+00:00", "level": "INFO", "jobId": "eeb07648-ceaa-4ef9-9cc8-ac1118f43150", "keyword": "khai trương hcm", "step": "cooldown", "message": "Cooldown 1.0s (after capture)", "data": {"w": 1}, "seq": 25701}
{"ts": "2026-05-01T15:52:46.351949+00:00", "level": "INFO", "jobId": "eeb07648-ceaa-4ef9-9cc8-ac1118f43150", "keyword": "khai trương hcm", "step": "heartbeat", "message": "Worker alive", "data": {"w": 1, "elapsed_s": 73}, "seq": 25706}
{"ts": "2026-05-01T15:52:46.354091+00:00", "level": "INFO", "jobId": "eeb07648-ceaa-4ef9-9cc8-ac1118f43150", "keyword": "khai trương hcm", "step": "capture", "message": "Capturing posinset=12 (12/∞)…", "data": {"w": 1}, "seq": 25707}
{"ts": "2026-05-01T15:52:47.760216+00:00", "level": "INFO", "jobId": "eeb07648-ceaa-4ef9-9cc8-ac1118f43150", "keyword": "khai trương hcm", "step": "capture", "message": "Saved post_012.png (posinset=12)", "data": {"w": 1}, "seq": 25712}
{"ts": "2026-05-01T15:52:47.762633+00:00", "level": "INFO", "jobId": "eeb07648-ceaa-4ef9-9cc8-ac1118f43150", "keyword": "khai trương hcm", "step": "cooldown", "message": "Cooldown 1.0s (after capture)", "data": {"w": 1}, "seq": 25713}
{"ts": "2026-05-01T15:52:48.792478+00:00", "level": "INFO", "jobId": "eeb07648-ceaa-4ef9-9cc8-ac1118f43150", "keyword": "khai trương hcm", "step": "capture", "message": "Capturing posinset=13 (13/∞)…", "data": {"w": 1}, "seq": 25716}
{"ts": "2026-05-01T15:52:50.169565+00:00", "level": "INFO", "jobId": "eeb07648-ceaa-4ef9-9cc8-ac1118f43150", "keyword": "khai trương hcm", "step": "capture", "message": "Saved post_013.png (posinset=13)", "data": {"w": 1}, "seq": 25722}
{"ts": "2026-05-01T15:52:50.173581+00:00", "level": "INFO", "jobId": "eeb07648-ceaa-4ef9-9cc8-ac1118f43150", "keyword": "khai trương hcm", "step": "cooldown", "message": "Cooldown 1.0s (after capture)", "data": {"w": 1}, "seq": 25723}
{"ts": "2026-05-01T15:52:51.198984+00:00", "level": "INFO", "jobId": "eeb07648-ceaa-4ef9-9cc8-ac1118f43150", "keyword": "khai trương hcm", "step": "capture", "message": "Capturing posinset=14 (14/∞)…", "data": {"w": 1}, "seq": 25726}
{"ts": "2026-05-01T15:52:52.519302+00:00", "level": "INFO", "jobId": "eeb07648-ceaa-4ef9-9cc8-ac1118f43150", "keyword": "khai trương hcm", "step": "capture", "message": "Saved post_014.png (posinset=14)", "data": {"w": 1}, "seq": 25731}
{"ts": "2026-05-01T15:52:52.520397+00:00", "level": "INFO", "jobId": "eeb07648-ceaa-4ef9-9cc8-ac1118f43150", "keyword": "khai trương hcm", "step": "cooldown", "message": "Cooldown 1.0s (after capture)", "data": {"w": 1}, "seq": 25732}
{"ts": "2026-05-01T15:52:53.593862+00:00", "level": "INFO", "jobId": "eeb07648-ceaa-4ef9-9cc8-ac1118f43150", "keyword": "khai trương hcm", "step": "capture", "message": "Capturing posinset=15 (15/∞)…", "data": {"w": 1}, "seq": 25733}
{"ts": "2026-05-01T15:52:55.791600+00:00", "level": "INFO", "jobId": "eeb07648-ceaa-4ef9-9cc8-ac1118f43150", "keyword": "khai trương hcm", "step": "capture", "message": "Saved post_015.png (posinset=15)", "data": {"w": 1}, "seq": 25738}
{"ts": "2026-05-01T15:52:55.796506+00:00", "level": "INFO", "jobId": "eeb07648-ceaa-4ef9-9cc8-ac1118f43150", "keyword": "khai trương hcm", "step": "cooldown", "message": "Cooldown 1.0s (after capture)", "data": {"w": 1}, "seq": 25739}
{"ts": "2026-05-01T15:52:56.821105+00:00", "level": "INFO", "jobId": "eeb07648-ceaa-4ef9-9cc8-ac1118f43150", "keyword": "khai trương hcm", "step": "capture", "message": "Capturing posinset=16 (16/∞)…", "data": {"w": 1}, "seq": 25744}
{"ts": "2026-05-01T15:52:58.799586+00:00", "level": "INFO", "jobId": "eeb07648-ceaa-4ef9-9cc8-ac1118f43150", "keyword": "khai trương hcm", "step": "capture", "message": "Saved post_016.png (posinset=16)", "data": {"w": 1}, "seq": 25749}
{"ts": "2026-05-01T15:52:58.801614+00:00", "level": "INFO", "jobId": "eeb07648-ceaa-4ef9-9cc8-ac1118f43150", "keyword": "khai trương hcm", "step": "cooldown", "message": "Cooldown 1.0s (after capture)", "data": {"w": 1}, "seq": 25750}
{"ts": "2026-05-01T15:52:59.816635+00:00", "level": "INFO", "jobId": "eeb07648-ceaa-4ef9-9cc8-ac1118f43150", "keyword": "khai trương hcm", "step": "capture", "message": "Capturing posinset=17 (17/∞)…", "data": {"w": 1}, "seq": 25754}
{"ts": "2026-05-01T15:53:01.047567+00:00", "level": "INFO", "jobId": "eeb07648-ceaa-4ef9-9cc8-ac1118f43150", "keyword": "khai trương hcm", "step": "capture", "message": "Saved post_017.png (posinset=17)", "data": {"w": 1}, "seq": 25758}
{"ts": "2026-05-01T15:53:01.049557+00:00", "level": "INFO", "jobId": "eeb07648-ceaa-4ef9-9cc8-ac1118f43150", "keyword": "khai trương hcm", "step": "cooldown", "message": "Cooldown 1.0s (after capture)", "data": {"w": 1}, "seq": 25759}
{"ts": "2026-05-01T15:53:02.065724+00:00", "level": "INFO", "jobId": "eeb07648-ceaa-4ef9-9cc8-ac1118f43150", "keyword": "khai trương hcm", "step": "heartbeat", "message": "Worker alive", "data": {"w": 1, "elapsed_s": 89}, "seq": 25764}
{"ts": "2026-05-01T15:53:02.065724+00:00", "level": "INFO", "jobId": "eeb07648-ceaa-4ef9-9cc8-ac1118f43150", "keyword": "khai trương hcm", "step": "capture", "message": "Capturing posinset=18 (18/∞)…", "data": {"w": 1}, "seq": 25765}
{"ts": "2026-05-01T15:53:03.379414+00:00", "level": "INFO", "jobId": "eeb07648-ceaa-4ef9-9cc8-ac1118f43150", "keyword": "khai trương hcm", "step": "capture", "message": "Saved post_018.png (posinset=18)", "data": {"w": 1}, "seq": 25769}
{"ts": "2026-05-01T15:53:03.380701+00:00", "level": "INFO", "jobId": "eeb07648-ceaa-4ef9-9cc8-ac1118f43150", "keyword": "khai trương hcm", "step": "cooldown", "message": "Cooldown 1.0s (after capture)", "data": {"w": 1}, "seq": 25770}
{"ts": "2026-05-01T15:53:04.401215+00:00", "level": "INFO", "jobId": "eeb07648-ceaa-4ef9-9cc8-ac1118f43150", "keyword": "khai trương hcm", "step": "capture", "message": "Capturing posinset=19 (19/∞)…", "data": {"w": 1}, "seq": 25774}
{"ts": "2026-05-01T15:53:08.704165+00:00", "level": "INFO", "jobId": "eeb07648-ceaa-4ef9-9cc8-ac1118f43150", "keyword": "khai trương hcm", "step": "capture", "message": "Capturing posinset=19 (19/∞)…", "data": {"w": 1}, "seq": 25780}
{"ts": "2026-05-01T15:53:10.996130+00:00", "level": "INFO", "jobId": "eeb07648-ceaa-4ef9-9cc8-ac1118f43150", "keyword": "khai trương hcm", "step": "capture", "message": "Saved post_019.png (posinset=19)", "data": {"w": 1}, "seq": 25784}
{"ts": "2026-05-01T15:53:10.997203+00:00", "level": "INFO", "jobId": "eeb07648-ceaa-4ef9-9cc8-ac1118f43150", "keyword": "khai trương hcm", "step": "cooldown", "message": "Cooldown 1.0s (after capture)", "data": {"w": 1}, "seq": 25785}
{"ts": "2026-05-01T15:53:12.022893+00:00", "level": "INFO", "jobId": "eeb07648-ceaa-4ef9-9cc8-ac1118f43150", "keyword": "khai trương hcm", "step": "capture", "message": "Capturing posinset=20 (20/∞)…", "data": {"w": 1}, "seq": 25789}
{"ts": "2026-05-01T15:53:13.681926+00:00", "level": "INFO", "jobId": "eeb07648-ceaa-4ef9-9cc8-ac1118f43150", "keyword": "khai trương hcm", "step": "capture", "message": "Saved post_020.png (posinset=20)", "data": {"w": 1}, "seq": 25794}
{"ts": "2026-05-01T15:53:13.683964+00:00", "level": "INFO", "jobId": "eeb07648-ceaa-4ef9-9cc8-ac1118f43150", "keyword": "khai trương hcm", "step": "cooldown", "message": "Cooldown 1.0s (after capture)", "data": {"w": 1}, "seq": 25795}
{"ts": "2026-05-01T15:53:14.711192+00:00", "level": "INFO", "jobId": "eeb07648-ceaa-4ef9-9cc8-ac1118f43150", "keyword": "khai trương hcm", "step": "capture", "message": "Capturing posinset=21 (21/∞)…", "data": {"w": 1}, "seq": 25798}
{"ts": "2026-05-01T15:53:16.108744+00:00", "level": "INFO", "jobId": "eeb07648-ceaa-4ef9-9cc8-ac1118f43150", "keyword": "khai trương hcm", "step": "capture", "message": "Saved post_021.png (posinset=21)", "data": {"w": 1}, "seq": 25803}
{"ts": "2026-05-01T15:53:16.111244+00:00", "level": "INFO", "jobId": "eeb07648-ceaa-4ef9-9cc8-ac1118f43150", "keyword": "khai trương hcm", "step": "cooldown", "message": "Cooldown 1.0s (after capture)", "data": {"w": 1}, "seq": 25804}
{"ts": "2026-05-01T15:53:17.138097+00:00", "level": "INFO", "jobId": "eeb07648-ceaa-4ef9-9cc8-ac1118f43150", "keyword": "khai trương hcm", "step": "heartbeat", "message": "Worker alive", "data": {"w": 1, "elapsed_s": 104}, "seq": 25807}
{"ts": "2026-05-01T15:53:17.141777+00:00", "level": "INFO", "jobId": "eeb07648-ceaa-4ef9-9cc8-ac1118f43150", "keyword": "khai trương hcm", "step": "capture", "message": "Capturing posinset=22 (22/∞)…", "data": {"w": 1}, "seq": 25808}
{"ts": "2026-05-01T15:53:18.932678+00:00", "level": "INFO", "jobId": "eeb07648-ceaa-4ef9-9cc8-ac1118f43150", "keyword": "khai trương hcm", "step": "capture", "message": "Saved post_022.png (posinset=22)", "data": {"w": 1}, "seq": 25813}
{"ts": "2026-05-01T15:53:18.934672+00:00", "level": "INFO", "jobId": "eeb07648-ceaa-4ef9-9cc8-ac1118f43150", "keyword": "khai trương hcm", "step": "cooldown", "message": "Cooldown 1.0s (after capture)", "data": {"w": 1}, "seq": 25814}
{"ts": "2026-05-01T15:53:19.982174+00:00", "level": "INFO", "jobId": "eeb07648-ceaa-4ef9-9cc8-ac1118f43150", "keyword": "khai trương hcm", "step": "capture", "message": "Capturing posinset=23 (23/∞)…", "data": {"w": 1}, "seq": 25818}
{"ts": "2026-05-01T15:53:22.135628+00:00", "level": "INFO", "jobId": "eeb07648-ceaa-4ef9-9cc8-ac1118f43150", "keyword": "khai trương hcm", "step": "capture", "message": "Saved post_023.png (posinset=23)", "data": {"w": 1}, "seq": 25822}
{"ts": "2026-05-01T15:53:22.137310+00:00", "level": "INFO", "jobId": "eeb07648-ceaa-4ef9-9cc8-ac1118f43150", "keyword": "khai trương hcm", "step": "cooldown", "message": "Cooldown 1.0s (after capture)", "data": {"w": 1}, "seq": 25823}
{"ts": "2026-05-01T15:53:23.166559+00:00", "level": "INFO", "jobId": "eeb07648-ceaa-4ef9-9cc8-ac1118f43150", "keyword": "khai trương hcm", "step": "capture", "message": "Capturing posinset=24 (24/∞)…", "data": {"w": 1}, "seq": 25828}
{"ts": "2026-05-01T15:53:24.769608+00:00", "level": "INFO", "jobId": "eeb07648-ceaa-4ef9-9cc8-ac1118f43150", "keyword": "khai trương hcm", "step": "capture", "message": "Saved post_024.png (posinset=24)", "data": {"w": 1}, "seq": 25832}
{"ts": "2026-05-01T15:53:24.775300+00:00", "level": "INFO", "jobId": "eeb07648-ceaa-4ef9-9cc8-ac1118f43150", "keyword": "khai trương hcm", "step": "cooldown", "message": "Cooldown 1.0s (after capture)", "data": {"w": 1}, "seq": 25833}
{"ts": "2026-05-01T15:53:25.802980+00:00", "level": "INFO", "jobId": "eeb07648-ceaa-4ef9-9cc8-ac1118f43150", "keyword": "khai trương hcm", "step": "capture", "message": "Capturing posinset=25 (25/∞)…", "data": {"w": 1}, "seq": 25837}
{"ts": "2026-05-01T15:53:27.717282+00:00", "level": "INFO", "jobId": "eeb07648-ceaa-4ef9-9cc8-ac1118f43150", "keyword": "khai trương hcm", "step": "capture", "message": "Saved post_025.png (posinset=25)", "data": {"w": 1}, "seq": 25842}
{"ts": "2026-05-01T15:53:27.718970+00:00", "level": "INFO", "jobId": "eeb07648-ceaa-4ef9-9cc8-ac1118f43150", "keyword": "khai trương hcm", "step": "cooldown", "message": "Cooldown 1.0s (after capture)", "data": {"w": 1}, "seq": 25843}
{"ts": "2026-05-01T15:53:28.783964+00:00", "level": "INFO", "jobId": "eeb07648-ceaa-4ef9-9cc8-ac1118f43150", "keyword": "khai trương hcm", "step": "capture", "message": "Capturing posinset=26 (26/∞)…", "data": {"w": 1}, "seq": 25846}
{"ts": "2026-05-01T15:53:30.695471+00:00", "level": "INFO", "jobId": "eeb07648-ceaa-4ef9-9cc8-ac1118f43150", "keyword": "khai trương hcm", "step": "capture", "message": "Saved post_026.png (posinset=26)", "data": {"w": 1}, "seq": 25850}
{"ts": "2026-05-01T15:53:30.696469+00:00", "level": "INFO", "jobId": "eeb07648-ceaa-4ef9-9cc8-ac1118f43150", "keyword": "khai trương hcm", "step": "cooldown", "message": "Cooldown 1.0s (after capture)", "data": {"w": 1}, "seq": 25851}
{"ts": "2026-05-01T15:53:31.735770+00:00", "level": "INFO", "jobId": "eeb07648-ceaa-4ef9-9cc8-ac1118f43150", "keyword": "khai trương hcm", "step": "capture", "message": "Capturing posinset=27 (27/∞)…", "data": {"w": 1}, "seq": 25853}
{"ts": "2026-05-01T15:53:33.566309+00:00", "level": "INFO", "jobId": "eeb07648-ceaa-4ef9-9cc8-ac1118f43150", "keyword": "khai trương hcm", "step": "capture", "message": "Saved post_027.png (posinset=27)", "data": {"w": 1}, "seq": 25860}
{"ts": "2026-05-01T15:53:33.567429+00:00", "level": "INFO", "jobId": "eeb07648-ceaa-4ef9-9cc8-ac1118f43150", "keyword": "khai trương hcm", "step": "cooldown", "message": "Cooldown 1.0s (after capture)", "data": {"w": 1}, "seq": 25861}
{"ts": "2026-05-01T15:53:35.029824+00:00", "level": "INFO", "jobId": "eeb07648-ceaa-4ef9-9cc8-ac1118f43150", "keyword": "khai trương hcm", "step": "heartbeat", "message": "Worker alive", "data": {"w": 1, "elapsed_s": 122}, "seq": 25865}
{"ts": "2026-05-01T15:53:35.031128+00:00", "level": "INFO", "jobId": "eeb07648-ceaa-4ef9-9cc8-ac1118f43150", "keyword": "khai trương hcm", "step": "capture", "message": "Capturing posinset=28 (28/∞)…", "data": {"w": 1}, "seq": 25866}
{"ts": "2026-05-01T15:53:38.631387+00:00", "level": "INFO", "jobId": "eeb07648-ceaa-4ef9-9cc8-ac1118f43150", "keyword": "khai trương hcm", "step": "capture", "message": "Saved post_028.png (posinset=28)", "data": {"w": 1}, "seq": 25873}
{"ts": "2026-05-01T15:53:38.632532+00:00", "level": "INFO", "jobId": "eeb07648-ceaa-4ef9-9cc8-ac1118f43150", "keyword": "khai trương hcm", "step": "cooldown", "message": "Cooldown 1.0s (after capture)", "data": {"w": 1}, "seq": 25874}
{"ts": "2026-05-01T15:53:39.666070+00:00", "level": "INFO", "jobId": "eeb07648-ceaa-4ef9-9cc8-ac1118f43150", "keyword": "khai trương hcm", "step": "capture", "message": "Capturing posinset=29 (29/∞)…", "data": {"w": 1}, "seq": 25876}
{"ts": "2026-05-01T15:53:41.543383+00:00", "level": "INFO", "jobId": "eeb07648-ceaa-4ef9-9cc8-ac1118f43150", "keyword": "khai trương hcm", "step": "capture", "message": "Saved post_029.png (posinset=29)", "data": {"w": 1}, "seq": 25883}
{"ts": "2026-05-01T15:53:41.544550+00:00", "level": "INFO", "jobId": "eeb07648-ceaa-4ef9-9cc8-ac1118f43150", "keyword": "khai trương hcm", "step": "cooldown", "message": "Cooldown 1.0s (after capture)", "data": {"w": 1}, "seq": 25884}
{"ts": "2026-05-01T15:53:42.561988+00:00", "level": "INFO", "jobId": "eeb07648-ceaa-4ef9-9cc8-ac1118f43150", "keyword": "khai trương hcm", "step": "capture", "message": "Capturing posinset=30 (30/∞)…", "data": {"w": 1}, "seq": 25886}
{"ts": "2026-05-01T15:53:44.416774+00:00", "level": "INFO", "jobId": "eeb07648-ceaa-4ef9-9cc8-ac1118f43150", "keyword": "khai trương hcm", "step": "capture", "message": "Saved post_030.png (posinset=30)", "data": {"w": 1}, "seq": 25892}
{"ts": "2026-05-01T15:53:44.417874+00:00", "level": "INFO", "jobId": "eeb07648-ceaa-4ef9-9cc8-ac1118f43150", "keyword": "khai trương hcm", "step": "cooldown", "message": "Cooldown 1.0s (after capture)", "data": {"w": 1}, "seq": 25893}
{"ts": "2026-05-01T15:53:45.441940+00:00", "level": "INFO", "jobId": "eeb07648-ceaa-4ef9-9cc8-ac1118f43150", "keyword": "khai trương hcm", "step": "capture", "message": "Capturing posinset=31 (31/∞)…", "data": {"w": 1}, "seq": 25895}
{"ts": "2026-05-01T15:53:46.612462+00:00", "level": "INFO", "jobId": "eeb07648-ceaa-4ef9-9cc8-ac1118f43150", "keyword": "khai trương hcm", "step": "capture", "message": "Saved post_031.png (posinset=31)", "data": {"w": 1}, "seq": 25900}
{"ts": "2026-05-01T15:53:46.612462+00:00", "level": "INFO", "jobId": "eeb07648-ceaa-4ef9-9cc8-ac1118f43150", "keyword": "khai trương hcm", "step": "cooldown", "message": "Cooldown 1.0s (after capture)", "data": {"w": 1}, "seq": 25901}
{"ts": "2026-05-01T15:53:47.628807+00:00", "level": "INFO", "jobId": "eeb07648-ceaa-4ef9-9cc8-ac1118f43150", "keyword": "khai trương hcm", "step": "capture", "message": "Capturing posinset=32 (32/∞)…", "data": {"w": 1}, "seq": 25904}
{"ts": "2026-05-01T15:53:49.133679+00:00", "level": "INFO", "jobId": "eeb07648-ceaa-4ef9-9cc8-ac1118f43150", "keyword": "khai trương hcm", "step": "capture", "message": "Saved post_032.png (posinset=32)", "data": {"w": 1}, "seq": 25910}
{"ts": "2026-05-01T15:53:49.136301+00:00", "level": "INFO", "jobId": "eeb07648-ceaa-4ef9-9cc8-ac1118f43150", "keyword": "khai trương hcm", "step": "cooldown", "message": "Cooldown 1.0s (after capture)", "data": {"w": 1}, "seq": 25911}
{"ts": "2026-05-01T15:53:50.496846+00:00", "level": "INFO", "jobId": "eeb07648-ceaa-4ef9-9cc8-ac1118f43150", "keyword": "khai trương hcm", "step": "heartbeat", "message": "Worker alive", "data": {"w": 1, "elapsed_s": 137}, "seq": 25916}
{"ts": "2026-05-01T15:53:50.499279+00:00", "level": "INFO", "jobId": "eeb07648-ceaa-4ef9-9cc8-ac1118f43150", "keyword": "khai trương hcm", "step": "capture", "message": "Capturing posinset=33 (33/∞)…", "data": {"w": 1}, "seq": 25917}
{"ts": "2026-05-01T15:53:53.415119+00:00", "level": "INFO", "jobId": "eeb07648-ceaa-4ef9-9cc8-ac1118f43150", "keyword": "khai trương hcm", "step": "capture", "message": "Saved post_033.png (posinset=33)", "data": {"w": 1}, "seq": 25922}
{"ts": "2026-05-01T15:53:53.420077+00:00", "level": "INFO", "jobId": "eeb07648-ceaa-4ef9-9cc8-ac1118f43150", "keyword": "khai trương hcm", "step": "cooldown", "message": "Cooldown 1.0s (after capture)", "data": {"w": 1}, "seq": 25923}
{"ts": "2026-05-01T15:53:54.467105+00:00", "level": "INFO", "jobId": "eeb07648-ceaa-4ef9-9cc8-ac1118f43150", "keyword": "khai trương hcm", "step": "capture", "message": "Capturing posinset=34 (34/∞)…", "data": {"w": 1}, "seq": 25924}
{"ts": "2026-05-01T15:53:56.657591+00:00", "level": "INFO", "jobId": "eeb07648-ceaa-4ef9-9cc8-ac1118f43150", "keyword": "khai trương hcm", "step": "capture", "message": "Saved post_034.png (posinset=34)", "data": {"w": 1}, "seq": 25929}
{"ts": "2026-05-01T15:53:56.659022+00:00", "level": "INFO", "jobId": "eeb07648-ceaa-4ef9-9cc8-ac1118f43150", "keyword": "khai trương hcm", "step": "cooldown", "message": "Cooldown 1.0s (after capture)", "data": {"w": 1}, "seq": 25930}
{"ts": "2026-05-01T15:53:57.691959+00:00", "level": "INFO", "jobId": "eeb07648-ceaa-4ef9-9cc8-ac1118f43150", "keyword": "khai trương hcm", "step": "capture", "message": "Capturing posinset=35 (35/∞)…", "data": {"w": 1}, "seq": 25934}
{"ts": "2026-05-01T15:53:59.224244+00:00", "level": "INFO", "jobId": "eeb07648-ceaa-4ef9-9cc8-ac1118f43150", "keyword": "khai trương hcm", "step": "capture", "message": "Saved post_035.png (posinset=35)", "data": {"w": 1}, "seq": 25939}
{"ts": "2026-05-01T15:53:59.224244+00:00", "level": "INFO", "jobId": "eeb07648-ceaa-4ef9-9cc8-ac1118f43150", "keyword": "khai trương hcm", "step": "cooldown", "message": "Cooldown 1.0s (after capture)", "data": {"w": 1}, "seq": 25940}
{"ts": "2026-05-01T15:54:00.261105+00:00", "level": "INFO", "jobId": "eeb07648-ceaa-4ef9-9cc8-ac1118f43150", "keyword": "khai trương hcm", "step": "capture", "message": "Capturing posinset=36 (36/∞)…", "data": {"w": 1}, "seq": 25943}
{"ts": "2026-05-01T15:54:01.708613+00:00", "level": "INFO", "jobId": "eeb07648-ceaa-4ef9-9cc8-ac1118f43150", "keyword": "khai trương hcm", "step": "capture", "message": "Saved post_036.png (posinset=36)", "data": {"w": 1}, "seq": 25948}
{"ts": "2026-05-01T15:54:01.709672+00:00", "level": "INFO", "jobId": "eeb07648-ceaa-4ef9-9cc8-ac1118f43150", "keyword": "khai trương hcm", "step": "cooldown", "message": "Cooldown 1.0s (after capture)", "data": {"w": 1}, "seq": 25949}
{"ts": "2026-05-01T15:54:02.733124+00:00", "level": "INFO", "jobId": "eeb07648-ceaa-4ef9-9cc8-ac1118f43150", "keyword": "khai trương hcm", "step": "capture", "message": "Capturing posinset=37 (37/∞)…", "data": {"w": 1}, "seq": 25950}
{"ts": "2026-05-01T15:54:04.174637+00:00", "level": "INFO", "jobId": "eeb07648-ceaa-4ef9-9cc8-ac1118f43150", "keyword": "khai trương hcm", "step": "capture", "message": "Saved post_037.png (posinset=37)", "data": {"w": 1}, "seq": 25957}
{"ts": "2026-05-01T15:54:04.175640+00:00", "level": "INFO", "jobId": "eeb07648-ceaa-4ef9-9cc8-ac1118f43150", "keyword": "khai trương hcm", "step": "cooldown", "message": "Cooldown 1.0s (after capture)", "data": {"w": 1}, "seq": 25958}
{"ts": "2026-05-01T15:54:05.207779+00:00", "level": "INFO", "jobId": "eeb07648-ceaa-4ef9-9cc8-ac1118f43150", "keyword": "khai trương hcm", "step": "capture", "message": "Capturing posinset=38 (38/∞)…", "data": {"w": 1}, "seq": 25959}
{"ts": "2026-05-01T15:54:06.529446+00:00", "level": "INFO", "jobId": "eeb07648-ceaa-4ef9-9cc8-ac1118f43150", "keyword": "khai trương hcm", "step": "heartbeat", "message": "Worker alive", "data": {"w": 1, "elapsed_s": 153}, "seq": 25966}
{"ts": "2026-05-01T15:54:06.529446+00:00", "level": "INFO", "jobId": "eeb07648-ceaa-4ef9-9cc8-ac1118f43150", "keyword": "khai trương hcm", "step": "capture", "message": "Capturing posinset=38 (38/∞)…", "data": {"w": 1}, "seq": 25967}
{"ts": "2026-05-01T15:54:09.774665+00:00", "level": "INFO", "jobId": "eeb07648-ceaa-4ef9-9cc8-ac1118f43150", "keyword": "khai trương hcm", "step": "capture", "message": "Capturing posinset=38 (38/∞)…", "data": {"w": 1}, "seq": 25971}
{"ts": "2026-05-01T15:54:11.496149+00:00", "level": "INFO", "jobId": "eeb07648-ceaa-4ef9-9cc8-ac1118f43150", "keyword": "khai trương hcm", "step": "capture", "message": "Saved post_038.png (posinset=38)", "data": {"w": 1}, "seq": 25976}
{"ts": "2026-05-01T15:54:11.497242+00:00", "level": "INFO", "jobId": "eeb07648-ceaa-4ef9-9cc8-ac1118f43150", "keyword": "khai trương hcm", "step": "cooldown", "message": "Cooldown 1.0s (after capture)", "data": {"w": 1}, "seq": 25977}
{"ts": "2026-05-01T15:54:12.538017+00:00", "level": "INFO", "jobId": "eeb07648-ceaa-4ef9-9cc8-ac1118f43150", "keyword": "khai trương hcm", "step": "capture", "message": "Capturing posinset=39 (39/∞)…", "data": {"w": 1}, "seq": 25980}
{"ts": "2026-05-01T15:54:14.230492+00:00", "level": "INFO", "jobId": "eeb07648-ceaa-4ef9-9cc8-ac1118f43150", "keyword": "khai trương hcm", "step": "capture", "message": "Saved post_039.png (posinset=39)", "data": {"w": 1}, "seq": 25988}
{"ts": "2026-05-01T15:54:14.230492+00:00", "level": "INFO", "jobId": "eeb07648-ceaa-4ef9-9cc8-ac1118f43150", "keyword": "khai trương hcm", "step": "cooldown", "message": "Cooldown 1.0s (after capture)", "data": {"w": 1}, "seq": 25989}
{"ts": "2026-05-01T15:54:15.267015+00:00", "level": "INFO", "jobId": "eeb07648-ceaa-4ef9-9cc8-ac1118f43150", "keyword": "khai trương hcm", "step": "capture", "message": "Capturing posinset=40 (40/∞)…", "data": {"w": 1}, "seq": 25991}
{"ts": "2026-05-01T15:54:17.246965+00:00", "level": "INFO", "jobId": "eeb07648-ceaa-4ef9-9cc8-ac1118f43150", "keyword": "khai trương hcm", "step": "capture", "message": "Saved post_040.png (posinset=40)", "data": {"w": 1}, "seq": 25997}
{"ts": "2026-05-01T15:54:17.248937+00:00", "level": "INFO", "jobId": "eeb07648-ceaa-4ef9-9cc8-ac1118f43150", "keyword": "khai trương hcm", "step": "cooldown", "message": "Cooldown 1.0s (after capture)", "data": {"w": 1}, "seq": 25998}
{"ts": "2026-05-01T15:54:18.292032+00:00", "level": "INFO", "jobId": "eeb07648-ceaa-4ef9-9cc8-ac1118f43150", "keyword": "khai trương hcm", "step": "capture", "message": "Capturing posinset=41 (41/∞)…", "data": {"w": 1}, "seq": 26002}
{"ts": "2026-05-01T15:54:20.545865+00:00", "level": "INFO", "jobId": "eeb07648-ceaa-4ef9-9cc8-ac1118f43150", "keyword": "khai trương hcm", "step": "capture", "message": "Saved post_041.png (posinset=41)", "data": {"w": 1}, "seq": 26007}
{"ts": "2026-05-01T15:54:20.547726+00:00", "level": "INFO", "jobId": "eeb07648-ceaa-4ef9-9cc8-ac1118f43150", "keyword": "khai trương hcm", "step": "cooldown", "message": "Cooldown 1.0s (after capture)", "data": {"w": 1}, "seq": 26008}
{"ts": "2026-05-01T15:54:22.344705+00:00", "level": "INFO", "jobId": "eeb07648-ceaa-4ef9-9cc8-ac1118f43150", "keyword": "khai trương hcm", "step": "heartbeat", "message": "Worker alive", "data": {"w": 1, "elapsed_s": 169}, "seq": 26011}
{"ts": "2026-05-01T15:54:22.347768+00:00", "level": "INFO", "jobId": "eeb07648-ceaa-4ef9-9cc8-ac1118f43150", "keyword": "khai trương hcm", "step": "capture", "message": "Capturing posinset=42 (42/∞)…", "data": {"w": 1}, "seq": 26012}
{"ts": "2026-05-01T15:54:25.783369+00:00", "level": "INFO", "jobId": "eeb07648-ceaa-4ef9-9cc8-ac1118f43150", "keyword": "khai trương hcm", "step": "capture", "message": "Saved post_042.png (posinset=42)", "data": {"w": 1}, "seq": 26018}
{"ts": "2026-05-01T15:54:25.785375+00:00", "level": "INFO", "jobId": "eeb07648-ceaa-4ef9-9cc8-ac1118f43150", "keyword": "khai trương hcm", "step": "cooldown", "message": "Cooldown 1.0s (after capture)", "data": {"w": 1}, "seq": 26019}
{"ts": "2026-05-01T15:54:26.816242+00:00", "level": "INFO", "jobId": "eeb07648-ceaa-4ef9-9cc8-ac1118f43150", "keyword": "khai trương hcm", "step": "capture", "message": "Capturing posinset=43 (43/∞)…", "data": {"w": 1}, "seq": 26024}
{"ts": "2026-05-01T15:54:28.377250+00:00", "level": "INFO", "jobId": "eeb07648-ceaa-4ef9-9cc8-ac1118f43150", "keyword": "khai trương hcm", "step": "capture", "message": "Saved post_043.png (posinset=43)", "data": {"w": 1}, "seq": 26027}
{"ts": "2026-05-01T15:54:28.378507+00:00", "level": "INFO", "jobId": "eeb07648-ceaa-4ef9-9cc8-ac1118f43150", "keyword": "khai trương hcm", "step": "cooldown", "message": "Cooldown 1.0s (after capture)", "data": {"w": 1}, "seq": 26028}
{"ts": "2026-05-01T15:54:29.405976+00:00", "level": "INFO", "jobId": "eeb07648-ceaa-4ef9-9cc8-ac1118f43150", "keyword": "khai trương hcm", "step": "capture", "message": "Capturing posinset=44 (44/∞)…", "data": {"w": 1}, "seq": 26029}
{"ts": "2026-05-01T15:54:31.452070+00:00", "level": "INFO", "jobId": "eeb07648-ceaa-4ef9-9cc8-ac1118f43150", "keyword": "khai trương hcm", "step": "capture", "message": "Saved post_044.png (posinset=44)", "data": {"w": 1}, "seq": 26037}
{"ts": "2026-05-01T15:54:31.452070+00:00", "level": "INFO", "jobId": "eeb07648-ceaa-4ef9-9cc8-ac1118f43150", "keyword": "khai trương hcm", "step": "cooldown", "message": "Cooldown 1.0s (after capture)", "data": {"w": 1}, "seq": 26038}
{"ts": "2026-05-01T15:54:32.489886+00:00", "level": "INFO", "jobId": "eeb07648-ceaa-4ef9-9cc8-ac1118f43150", "keyword": "khai trương hcm", "step": "capture", "message": "Capturing posinset=45 (45/∞)…", "data": {"w": 1}, "seq": 26041}
{"ts": "2026-05-01T15:54:34.306213+00:00", "level": "INFO", "jobId": "eeb07648-ceaa-4ef9-9cc8-ac1118f43150", "keyword": "khai trương hcm", "step": "capture", "message": "Saved post_045.png (posinset=45)", "data": {"w": 1}, "seq": 26046}
{"ts": "2026-05-01T15:54:34.307250+00:00", "level": "INFO", "jobId": "eeb07648-ceaa-4ef9-9cc8-ac1118f43150", "keyword": "khai trương hcm", "step": "cooldown", "message": "Cooldown 1.0s (after capture)", "data": {"w": 1}, "seq": 26047}
{"ts": "2026-05-01T15:54:35.350011+00:00", "level": "INFO", "jobId": "eeb07648-ceaa-4ef9-9cc8-ac1118f43150", "keyword": "khai trương hcm", "step": "capture", "message": "Capturing posinset=46 (46/∞)…", "data": {"w": 1}, "seq": 26050}
{"ts": "2026-05-01T15:54:36.841005+00:00", "level": "INFO", "jobId": "eeb07648-ceaa-4ef9-9cc8-ac1118f43150", "keyword": "khai trương hcm", "step": "capture", "message": "Saved post_046.png (posinset=46)", "data": {"w": 1}, "seq": 26054}
{"ts": "2026-05-01T15:54:36.843750+00:00", "level": "INFO", "jobId": "eeb07648-ceaa-4ef9-9cc8-ac1118f43150", "keyword": "khai trương hcm", "step": "cooldown", "message": "Cooldown 1.0s (after capture)", "data": {"w": 1}, "seq": 26055}
{"ts": "2026-05-01T15:54:37.893716+00:00", "level": "INFO", "jobId": "eeb07648-ceaa-4ef9-9cc8-ac1118f43150", "keyword": "khai trương hcm", "step": "heartbeat", "message": "Worker alive", "data": {"w": 1, "elapsed_s": 184}, "seq": 26057}
{"ts": "2026-05-01T15:54:37.898601+00:00", "level": "INFO", "jobId": "eeb07648-ceaa-4ef9-9cc8-ac1118f43150", "keyword": "khai trương hcm", "step": "capture", "message": "Capturing posinset=47 (47/∞)…", "data": {"w": 1}, "seq": 26058}
{"ts": "2026-05-01T15:54:39.891118+00:00", "level": "INFO", "jobId": "eeb07648-ceaa-4ef9-9cc8-ac1118f43150", "keyword": "khai trương hcm", "step": "capture", "message": "Saved post_047.png (posinset=47)", "data": {"w": 1}, "seq": 26064}
{"ts": "2026-05-01T15:54:39.892208+00:00", "level": "INFO", "jobId": "eeb07648-ceaa-4ef9-9cc8-ac1118f43150", "keyword": "khai trương hcm", "step": "cooldown", "message": "Cooldown 1.0s (after capture)", "data": {"w": 1}, "seq": 26065}
{"ts": "2026-05-01T15:54:41.624881+00:00", "level": "INFO", "jobId": "eeb07648-ceaa-4ef9-9cc8-ac1118f43150", "keyword": "khai trương hcm", "step": "capture", "message": "Capturing posinset=48 (48/∞)…", "data": {"w": 1}, "seq": 26070}
{"ts": "2026-05-01T15:54:47.276428+00:00", "level": "INFO", "jobId": "eeb07648-ceaa-4ef9-9cc8-ac1118f43150", "keyword": "khai trương hcm", "step": "capture", "message": "Saved post_048.png (posinset=48)", "data": {"w": 1}, "seq": 26083}
{"ts": "2026-05-01T15:54:47.280768+00:00", "level": "INFO", "jobId": "eeb07648-ceaa-4ef9-9cc8-ac1118f43150", "keyword": "khai trương hcm", "step": "cooldown", "message": "Cooldown 1.0s (after capture)", "data": {"w": 1}, "seq": 26084}
{"ts": "2026-05-01T15:54:48.325122+00:00", "level": "INFO", "jobId": "eeb07648-ceaa-4ef9-9cc8-ac1118f43150", "keyword": "khai trương hcm", "step": "capture", "message": "Capturing posinset=49 (49/∞)…", "data": {"w": 1}, "seq": 26085}
{"ts": "2026-05-01T15:54:50.852002+00:00", "level": "INFO", "jobId": "eeb07648-ceaa-4ef9-9cc8-ac1118f43150", "keyword": "khai trương hcm", "step": "capture", "message": "Saved post_049.png (posinset=49)", "data": {"w": 1}, "seq": 26091}
{"ts": "2026-05-01T15:54:50.853244+00:00", "level": "INFO", "jobId": "eeb07648-ceaa-4ef9-9cc8-ac1118f43150", "keyword": "khai trương hcm", "step": "cooldown", "message": "Cooldown 1.0s (after capture)", "data": {"w": 1}, "seq": 26092}
{"ts": "2026-05-01T15:54:51.912265+00:00", "level": "INFO", "jobId": "eeb07648-ceaa-4ef9-9cc8-ac1118f43150", "keyword": "khai trương hcm", "step": "capture", "message": "Capturing posinset=50 (50/∞)…", "data": {"w": 1}, "seq": 26095}
{"ts": "2026-05-01T15:54:54.421595+00:00", "level": "INFO", "jobId": "eeb07648-ceaa-4ef9-9cc8-ac1118f43150", "keyword": "khai trương hcm", "step": "capture", "message": "Saved post_050.png (posinset=50)", "data": {"w": 1}, "seq": 26100}
{"ts": "2026-05-01T15:54:54.423170+00:00", "level": "INFO", "jobId": "eeb07648-ceaa-4ef9-9cc8-ac1118f43150", "keyword": "khai trương hcm", "step": "cooldown", "message": "Cooldown 1.0s (after capture)", "data": {"w": 1}, "seq": 26101}
{"ts": "2026-05-01T15:54:55.454348+00:00", "level": "INFO", "jobId": "eeb07648-ceaa-4ef9-9cc8-ac1118f43150", "keyword": "khai trương hcm", "step": "heartbeat", "message": "Worker alive", "data": {"w": 1, "elapsed_s": 202}, "seq": 26106}
{"ts": "2026-05-01T15:54:55.457138+00:00", "level": "INFO", "jobId": "eeb07648-ceaa-4ef9-9cc8-ac1118f43150", "keyword": "khai trương hcm", "step": "capture", "message": "Capturing posinset=51 (51/∞)…", "data": {"w": 1}, "seq": 26107}
{"ts": "2026-05-01T15:54:57.525860+00:00", "level": "INFO", "jobId": "eeb07648-ceaa-4ef9-9cc8-ac1118f43150", "keyword": "khai trương hcm", "step": "capture", "message": "Saved post_051.png (posinset=51)", "data": {"w": 1}, "seq": 26111}
{"ts": "2026-05-01T15:54:57.528796+00:00", "level": "INFO", "jobId": "eeb07648-ceaa-4ef9-9cc8-ac1118f43150", "keyword": "khai trương hcm", "step": "cooldown", "message": "Cooldown 1.0s (after capture)", "data": {"w": 1}, "seq": 26112}
{"ts": "2026-05-01T15:54:58.569188+00:00", "level": "INFO", "jobId": "eeb07648-ceaa-4ef9-9cc8-ac1118f43150", "keyword": "khai trương hcm", "step": "capture", "message": "Capturing posinset=52 (52/∞)…", "data": {"w": 1}, "seq": 26115}
{"ts": "2026-05-01T15:55:00.866775+00:00", "level": "INFO", "jobId": "eeb07648-ceaa-4ef9-9cc8-ac1118f43150", "keyword": "khai trương hcm", "step": "capture", "message": "Saved post_052.png (posinset=52)", "data": {"w": 1}, "seq": 26120}
{"ts": "2026-05-01T15:55:00.869503+00:00", "level": "INFO", "jobId": "eeb07648-ceaa-4ef9-9cc8-ac1118f43150", "keyword": "khai trương hcm", "step": "cooldown", "message": "Cooldown 1.0s (after capture)", "data": {"w": 1}, "seq": 26121}
{"ts": "2026-05-01T15:55:02.809809+00:00", "level": "INFO", "jobId": "eeb07648-ceaa-4ef9-9cc8-ac1118f43150", "keyword": "khai trương hcm", "step": "capture", "message": "Capturing posinset=53 (53/∞)…", "data": {"w": 1}, "seq": 26127}
{"ts": "2026-05-01T15:55:05.820944+00:00", "level": "INFO", "jobId": "eeb07648-ceaa-4ef9-9cc8-ac1118f43150", "keyword": "khai trương hcm", "step": "capture", "message": "Saved post_053.png (posinset=53)", "data": {"w": 1}, "seq": 26133}
{"ts": "2026-05-01T15:55:05.823084+00:00", "level": "INFO", "jobId": "eeb07648-ceaa-4ef9-9cc8-ac1118f43150", "keyword": "khai trương hcm", "step": "cooldown", "message": "Cooldown 1.0s (after capture)", "data": {"w": 1}, "seq": 26134}
{"ts": "2026-05-01T15:55:06.873637+00:00", "level": "INFO", "jobId": "eeb07648-ceaa-4ef9-9cc8-ac1118f43150", "keyword": "khai trương hcm", "step": "capture", "message": "Capturing posinset=54 (54/∞)…", "data": {"w": 1}, "seq": 26138}
{"ts": "2026-05-01T15:55:09.900327+00:00", "level": "INFO", "jobId": "eeb07648-ceaa-4ef9-9cc8-ac1118f43150", "keyword": "khai trương hcm", "step": "capture", "message": "Saved post_054.png (posinset=54)", "data": {"w": 1}, "seq": 26141}
{"ts": "2026-05-01T15:55:09.902337+00:00", "level": "INFO", "jobId": "eeb07648-ceaa-4ef9-9cc8-ac1118f43150", "keyword": "khai trương hcm", "step": "cooldown", "message": "Cooldown 1.0s (after capture)", "data": {"w": 1}, "seq": 26142}
{"ts": "2026-05-01T15:55:10.938086+00:00", "level": "INFO", "jobId": "eeb07648-ceaa-4ef9-9cc8-ac1118f43150", "keyword": "khai trương hcm", "step": "heartbeat", "message": "Worker alive", "data": {"w": 1, "elapsed_s": 218}, "seq": 26146}
{"ts": "2026-05-01T15:55:10.938086+00:00", "level": "INFO", "jobId": "eeb07648-ceaa-4ef9-9cc8-ac1118f43150", "keyword": "khai trương hcm", "step": "capture", "message": "Capturing posinset=55 (55/∞)…", "data": {"w": 1}, "seq": 26147}
{"ts": "2026-05-01T15:55:15.237885+00:00", "level": "INFO", "jobId": "eeb07648-ceaa-4ef9-9cc8-ac1118f43150", "keyword": "khai trương hcm", "step": "capture", "message": "Saved post_055.png (posinset=55)", "data": {"w": 1}, "seq": 26156}
{"ts": "2026-05-01T15:55:15.239629+00:00", "level": "INFO", "jobId": "eeb07648-ceaa-4ef9-9cc8-ac1118f43150", "keyword": "khai trương hcm", "step": "cooldown", "message": "Cooldown 1.0s (after capture)", "data": {"w": 1}, "seq": 26157}
{"ts": "2026-05-01T15:55:16.284129+00:00", "level": "INFO", "jobId": "eeb07648-ceaa-4ef9-9cc8-ac1118f43150", "keyword": "khai trương hcm", "step": "capture", "message": "Capturing posinset=56 (56/∞)…", "data": {"w": 1}, "seq": 26160}
{"ts": "2026-05-01T15:55:18.267692+00:00", "level": "INFO", "jobId": "eeb07648-ceaa-4ef9-9cc8-ac1118f43150", "keyword": "khai trương hcm", "step": "capture", "message": "Saved post_056.png (posinset=56)", "data": {"w": 1}, "seq": 26167}
{"ts": "2026-05-01T15:55:18.268817+00:00", "level": "INFO", "jobId": "eeb07648-ceaa-4ef9-9cc8-ac1118f43150", "keyword": "khai trương hcm", "step": "cooldown", "message": "Cooldown 1.0s (after capture)", "data": {"w": 1}, "seq": 26168}
{"ts": "2026-05-01T15:55:19.305688+00:00", "level": "INFO", "jobId": "eeb07648-ceaa-4ef9-9cc8-ac1118f43150", "keyword": "khai trương hcm", "step": "capture", "message": "Capturing posinset=57 (57/∞)…", "data": {"w": 1}, "seq": 26170}
{"ts": "2026-05-01T15:55:22.522166+00:00", "level": "INFO", "jobId": "eeb07648-ceaa-4ef9-9cc8-ac1118f43150", "keyword": "khai trương hcm", "step": "capture", "message": "Saved post_057.png (posinset=57)", "data": {"w": 1}, "seq": 26177}
{"ts": "2026-05-01T15:55:22.528343+00:00", "level": "INFO", "jobId": "eeb07648-ceaa-4ef9-9cc8-ac1118f43150", "keyword": "khai trương hcm", "step": "cooldown", "message": "Cooldown 1.0s (after capture)", "data": {"w": 1}, "seq": 26178}
{"ts": "2026-05-01T15:55:23.900493+00:00", "level": "INFO", "jobId": "eeb07648-ceaa-4ef9-9cc8-ac1118f43150", "keyword": "khai trương hcm", "step": "capture", "message": "Capturing posinset=58 (58/∞)…", "data": {"w": 1}, "seq": 26179}
{"ts": "2026-05-01T15:55:27.319591+00:00", "level": "INFO", "jobId": "eeb07648-ceaa-4ef9-9cc8-ac1118f43150", "keyword": "khai trương hcm", "step": "capture", "message": "Saved post_058.png (posinset=58)", "data": {"w": 1}, "seq": 26187}
{"ts": "2026-05-01T15:55:27.320728+00:00", "level": "INFO", "jobId": "eeb07648-ceaa-4ef9-9cc8-ac1118f43150", "keyword": "khai trương hcm", "step": "cooldown", "message": "Cooldown 1.0s (after capture)", "data": {"w": 1}, "seq": 26188}
{"ts": "2026-05-01T15:55:28.356850+00:00", "level": "INFO", "jobId": "eeb07648-ceaa-4ef9-9cc8-ac1118f43150", "keyword": "khai trương hcm", "step": "heartbeat", "message": "Worker alive", "data": {"w": 1, "elapsed_s": 235}, "seq": 26193}
{"ts": "2026-05-01T15:55:28.359243+00:00", "level": "INFO", "jobId": "eeb07648-ceaa-4ef9-9cc8-ac1118f43150", "keyword": "khai trương hcm", "step": "capture", "message": "Capturing posinset=59 (59/∞)…", "data": {"w": 1}, "seq": 26194}
{"ts": "2026-05-01T15:55:31.535163+00:00", "level": "INFO", "jobId": "eeb07648-ceaa-4ef9-9cc8-ac1118f43150", "keyword": "khai trương hcm", "step": "capture", "message": "Saved post_059.png (posinset=59)", "data": {"w": 1}, "seq": 26200}
{"ts": "2026-05-01T15:55:31.536186+00:00", "level": "INFO", "jobId": "eeb07648-ceaa-4ef9-9cc8-ac1118f43150", "keyword": "khai trương hcm", "step": "cooldown", "message": "Cooldown 1.0s (after capture)", "data": {"w": 1}, "seq": 26201}
{"ts": "2026-05-01T15:55:32.566095+00:00", "level": "INFO", "jobId": "eeb07648-ceaa-4ef9-9cc8-ac1118f43150", "keyword": "khai trương hcm", "step": "capture", "message": "Capturing posinset=60 (60/∞)…", "data": {"w": 1}, "seq": 26205}
{"ts": "2026-05-01T15:55:35.031351+00:00", "level": "INFO", "jobId": "eeb07648-ceaa-4ef9-9cc8-ac1118f43150", "keyword": "khai trương hcm", "step": "capture", "message": "Saved post_060.png (posinset=60)", "data": {"w": 1}, "seq": 26211}
{"ts": "2026-05-01T15:55:35.033431+00:00", "level": "INFO", "jobId": "eeb07648-ceaa-4ef9-9cc8-ac1118f43150", "keyword": "khai trương hcm", "step": "cooldown", "message": "Cooldown 1.0s (after capture)", "data": {"w": 1}, "seq": 26212}
{"ts": "2026-05-01T15:55:36.062460+00:00", "level": "INFO", "jobId": "eeb07648-ceaa-4ef9-9cc8-ac1118f43150", "keyword": "khai trương hcm", "step": "capture", "message": "Capturing posinset=61 (61/∞)…", "data": {"w": 1}, "seq": 26216}
{"ts": "2026-05-01T15:55:42.079541+00:00", "level": "INFO", "jobId": "eeb07648-ceaa-4ef9-9cc8-ac1118f43150", "keyword": "khai trương hcm", "step": "capture", "message": "Saved post_061.png (posinset=61)", "data": {"w": 1}, "seq": 26224}
{"ts": "2026-05-01T15:55:42.080676+00:00", "level": "INFO", "jobId": "eeb07648-ceaa-4ef9-9cc8-ac1118f43150", "keyword": "khai trương hcm", "step": "cooldown", "message": "Cooldown 1.0s (after capture)", "data": {"w": 1}, "seq": 26225}
{"ts": "2026-05-01T15:55:43.131575+00:00", "level": "INFO", "jobId": "eeb07648-ceaa-4ef9-9cc8-ac1118f43150", "keyword": "khai trương hcm", "step": "capture", "message": "Capturing posinset=62 (62/∞)…", "data": {"w": 1}, "seq": 26230}
{"ts": "2026-05-01T15:55:45.331026+00:00", "level": "INFO", "jobId": "eeb07648-ceaa-4ef9-9cc8-ac1118f43150", "keyword": "khai trương hcm", "step": "capture", "message": "Saved post_062.png (posinset=62)", "data": {"w": 1}, "seq": 26233}
{"ts": "2026-05-01T15:55:45.333034+00:00", "level": "INFO", "jobId": "eeb07648-ceaa-4ef9-9cc8-ac1118f43150", "keyword": "khai trương hcm", "step": "cooldown", "message": "Cooldown 1.0s (after capture)", "data": {"w": 1}, "seq": 26234}
{"ts": "2026-05-01T15:55:46.965253+00:00", "level": "INFO", "jobId": "eeb07648-ceaa-4ef9-9cc8-ac1118f43150", "keyword": "khai trương hcm", "step": "heartbeat", "message": "Worker alive", "data": {"w": 1, "elapsed_s": 254}, "seq": 26237}
{"ts": "2026-05-01T15:55:46.967263+00:00", "level": "INFO", "jobId": "eeb07648-ceaa-4ef9-9cc8-ac1118f43150", "keyword": "khai trương hcm", "step": "capture", "message": "Capturing posinset=63 (63/∞)…", "data": {"w": 1}, "seq": 26238}
{"ts": "2026-05-01T15:55:52.343616+00:00", "level": "INFO", "jobId": "eeb07648-ceaa-4ef9-9cc8-ac1118f43150", "keyword": "khai trương hcm", "step": "capture", "message": "Saved post_063.png (posinset=63)", "data": {"w": 1}, "seq": 26251}
{"ts": "2026-05-01T15:55:52.344616+00:00", "level": "INFO", "jobId": "eeb07648-ceaa-4ef9-9cc8-ac1118f43150", "keyword": "khai trương hcm", "step": "cooldown", "message": "Cooldown 1.0s (after capture)", "data": {"w": 1}, "seq": 26252}
{"ts": "2026-05-01T15:55:53.379707+00:00", "level": "INFO", "jobId": "eeb07648-ceaa-4ef9-9cc8-ac1118f43150", "keyword": "khai trương hcm", "step": "capture", "message": "Capturing posinset=64 (64/∞)…", "data": {"w": 1}, "seq": 26255}
{"ts": "2026-05-01T15:55:55.229405+00:00", "level": "INFO", "jobId": "eeb07648-ceaa-4ef9-9cc8-ac1118f43150", "keyword": "khai trương hcm", "step": "capture", "message": "Saved post_064.png (posinset=64)", "data": {"w": 1}, "seq": 26258}
{"ts": "2026-05-01T15:55:55.231412+00:00", "level": "INFO", "jobId": "eeb07648-ceaa-4ef9-9cc8-ac1118f43150", "keyword": "khai trương hcm", "step": "cooldown", "message": "Cooldown 1.0s (after capture)", "data": {"w": 1}, "seq": 26259}
{"ts": "2026-05-01T15:55:56.277547+00:00", "level": "INFO", "jobId": "eeb07648-ceaa-4ef9-9cc8-ac1118f43150", "keyword": "khai trương hcm", "step": "capture", "message": "Capturing posinset=65 (65/∞)…", "data": {"w": 1}, "seq": 26264}
{"ts": "2026-05-01T15:55:59.773187+00:00", "level": "INFO", "jobId": "eeb07648-ceaa-4ef9-9cc8-ac1118f43150", "keyword": "khai trương hcm", "step": "capture", "message": "Saved post_065.png (posinset=65)", "data": {"w": 1}, "seq": 26272}
{"ts": "2026-05-01T15:55:59.778181+00:00", "level": "INFO", "jobId": "eeb07648-ceaa-4ef9-9cc8-ac1118f43150", "keyword": "khai trương hcm", "step": "cooldown", "message": "Cooldown 1.0s (after capture)", "data": {"w": 1}, "seq": 26273}
{"ts": "2026-05-01T15:56:00.814040+00:00", "level": "INFO", "jobId": "eeb07648-ceaa-4ef9-9cc8-ac1118f43150", "keyword": "khai trương hcm", "step": "capture", "message": "Capturing posinset=66 (66/∞)…", "data": {"w": 1}, "seq": 26275}
{"ts": "2026-05-01T15:56:04.805279+00:00", "level": "WARN", "jobId": "eeb07648-ceaa-4ef9-9cc8-ac1118f43150", "keyword": "khai trương hcm", "step": "capture", "message": "Expand \"Xem thêm\" failed; will still screenshot. posinset=66 see_more_candidates=1 err=See-more still present in post after expansion attempts (left=1).", "data": {"w": 1}, "seq": 26283}
{"ts": "2026-05-01T15:56:05.297832+00:00", "level": "WARN", "jobId": "eeb07648-ceaa-4ef9-9cc8-ac1118f43150", "keyword": "khai trương hcm", "step": "capture", "message": "Expand \"Xem thêm\" still failing; will screenshot anyway. posinset=66 err=See-more still present in post after expansion attempts (left=1).", "data": {"w": 1}, "seq": 26285}
{"ts": "2026-05-01T15:56:05.849159+00:00", "level": "INFO", "jobId": "eeb07648-ceaa-4ef9-9cc8-ac1118f43150", "keyword": "khai trương hcm", "step": "capture", "message": "Saved post_066.png (posinset=66)", "data": {"w": 1}, "seq": 26287}
{"ts": "2026-05-01T15:56:05.851162+00:00", "level": "INFO", "jobId": "eeb07648-ceaa-4ef9-9cc8-ac1118f43150", "keyword": "khai trương hcm", "step": "cooldown", "message": "Cooldown 1.0s (after capture)", "data": {"w": 1}, "seq": 26288}
{"ts": "2026-05-01T15:56:06.928438+00:00", "level": "INFO", "jobId": "eeb07648-ceaa-4ef9-9cc8-ac1118f43150", "keyword": "khai trương hcm", "step": "heartbeat", "message": "Worker alive", "data": {"w": 1, "elapsed_s": 273}, "seq": 26291}
{"ts": "2026-05-01T15:56:06.929795+00:00", "level": "INFO", "jobId": "eeb07648-ceaa-4ef9-9cc8-ac1118f43150", "keyword": "khai trương hcm", "step": "capture", "message": "Capturing posinset=67 (67/∞)…", "data": {"w": 1}, "seq": 26292}
{"ts": "2026-05-01T15:56:08.647799+00:00", "level": "WARN", "jobId": "eeb07648-ceaa-4ef9-9cc8-ac1118f43150", "keyword": "khai trương hcm", "step": "capture", "message": "Expand \"Xem thêm\" failed; will still screenshot. posinset=67 see_more_candidates=1 err=See-more still present in post after expansion attempts (left=1).", "data": {"w": 1}, "seq": 26297}
{"ts": "2026-05-01T15:56:09.325346+00:00", "level": "WARN", "jobId": "eeb07648-ceaa-4ef9-9cc8-ac1118f43150", "keyword": "khai trương hcm", "step": "capture", "message": "Expand \"Xem thêm\" still failing; will screenshot anyway. posinset=67 err=See-more still present in post after expansion attempts (left=1).", "data": {"w": 1}, "seq": 26298}
{"ts": "2026-05-01T15:56:09.827376+00:00", "level": "INFO", "jobId": "eeb07648-ceaa-4ef9-9cc8-ac1118f43150", "keyword": "khai trương hcm", "step": "capture", "message": "Saved post_067.png (posinset=67)", "data": {"w": 1}, "seq": 26301}
{"ts": "2026-05-01T15:56:09.828381+00:00", "level": "INFO", "jobId": "eeb07648-ceaa-4ef9-9cc8-ac1118f43150", "keyword": "khai trương hcm", "step": "cooldown", "message": "Cooldown 1.0s (after capture)", "data": {"w": 1}, "seq": 26302}
{"ts": "2026-05-01T15:56:10.895136+00:00", "level": "INFO", "jobId": "eeb07648-ceaa-4ef9-9cc8-ac1118f43150", "keyword": "khai trương hcm", "step": "capture", "message": "Capturing posinset=68 (68/∞)…", "data": {"w": 1}, "seq": 26304}
{"ts": "2026-05-01T15:56:18.028951+00:00", "level": "INFO", "jobId": "eeb07648-ceaa-4ef9-9cc8-ac1118f43150", "keyword": "khai trương hcm", "step": "capture", "message": "Saved post_068.png (posinset=68)", "data": {"w": 1}, "seq": 26311}
{"ts": "2026-05-01T15:56:18.030270+00:00", "level": "INFO", "jobId": "eeb07648-ceaa-4ef9-9cc8-ac1118f43150", "keyword": "khai trương hcm", "step": "cooldown", "message": "Cooldown 1.0s (after capture)", "data": {"w": 1}, "seq": 26312}
{"ts": "2026-05-01T15:56:19.065311+00:00", "level": "INFO", "jobId": "eeb07648-ceaa-4ef9-9cc8-ac1118f43150", "keyword": "khai trương hcm", "step": "capture", "message": "Capturing posinset=69 (69/∞)…", "data": {"w": 1}, "seq": 26316}
{"ts": "2026-05-01T15:56:21.364806+00:00", "level": "INFO", "jobId": "eeb07648-ceaa-4ef9-9cc8-ac1118f43150", "keyword": "khai trương hcm", "step": "capture", "message": "Saved post_069.png (posinset=69)", "data": {"w": 1}, "seq": 26323}
{"ts": "2026-05-01T15:56:21.364806+00:00", "level": "INFO", "jobId": "eeb07648-ceaa-4ef9-9cc8-ac1118f43150", "keyword": "khai trương hcm", "step": "cooldown", "message": "Cooldown 1.0s (after capture)", "data": {"w": 1}, "seq": 26324}
{"ts": "2026-05-01T15:56:22.402973+00:00", "level": "INFO", "jobId": "eeb07648-ceaa-4ef9-9cc8-ac1118f43150", "keyword": "khai trương hcm", "step": "heartbeat", "message": "Worker alive", "data": {"w": 1, "elapsed_s": 289}, "seq": 26325}
{"ts": "2026-05-01T15:56:22.406898+00:00", "level": "INFO", "jobId": "eeb07648-ceaa-4ef9-9cc8-ac1118f43150", "keyword": "khai trương hcm", "step": "capture", "message": "Capturing posinset=70 (70/∞)…", "data": {"w": 1}, "seq": 26326}
{"ts": "2026-05-01T15:56:25.282928+00:00", "level": "INFO", "jobId": "eeb07648-ceaa-4ef9-9cc8-ac1118f43150", "keyword": "khai trương hcm", "step": "capture", "message": "Saved post_070.png (posinset=70)", "data": {"w": 1}, "seq": 26332}
{"ts": "2026-05-01T15:56:25.283955+00:00", "level": "INFO", "jobId": "eeb07648-ceaa-4ef9-9cc8-ac1118f43150", "keyword": "khai trương hcm", "step": "cooldown", "message": "Cooldown 1.0s (after capture)", "data": {"w": 1}, "seq": 26333}
{"ts": "2026-05-01T15:56:26.325550+00:00", "level": "INFO", "jobId": "eeb07648-ceaa-4ef9-9cc8-ac1118f43150", "keyword": "khai trương hcm", "step": "capture", "message": "Capturing posinset=71 (71/∞)…", "data": {"w": 1}, "seq": 26337}
{"ts": "2026-05-01T15:56:28.915400+00:00", "level": "INFO", "jobId": "eeb07648-ceaa-4ef9-9cc8-ac1118f43150", "keyword": "khai trương hcm", "step": "capture", "message": "Saved post_071.png (posinset=71)", "data": {"w": 1}, "seq": 26341}
{"ts": "2026-05-01T15:56:28.915400+00:00", "level": "INFO", "jobId": "eeb07648-ceaa-4ef9-9cc8-ac1118f43150", "keyword": "khai trương hcm", "step": "cooldown", "message": "Cooldown 1.0s (after capture)", "data": {"w": 1}, "seq": 26342}
{"ts": "2026-05-01T15:56:29.984529+00:00", "level": "INFO", "jobId": "eeb07648-ceaa-4ef9-9cc8-ac1118f43150", "keyword": "khai trương hcm", "step": "capture", "message": "Capturing posinset=72 (72/∞)…", "data": {"w": 1}, "seq": 26344}
{"ts": "2026-05-01T15:56:35.195885+00:00", "level": "INFO", "jobId": "eeb07648-ceaa-4ef9-9cc8-ac1118f43150", "keyword": "khai trương hcm", "step": "capture", "message": "Saved post_072.png (posinset=72)", "data": {"w": 1}, "seq": 26347}
{"ts": "2026-05-01T15:56:35.197882+00:00", "level": "INFO", "jobId": "eeb07648-ceaa-4ef9-9cc8-ac1118f43150", "keyword": "khai trương hcm", "step": "cooldown", "message": "Cooldown 1.0s (after capture)", "data": {"w": 1}, "seq": 26348}
{"ts": "2026-05-01T15:56:36.489612+00:00", "level": "INFO", "jobId": "eeb07648-ceaa-4ef9-9cc8-ac1118f43150", "keyword": "khai trương hcm", "step": "capture", "message": "Capturing posinset=73 (73/∞)…", "data": {"w": 1}, "seq": 26350}
{"ts": "2026-05-01T15:56:38.996333+00:00", "level": "INFO", "jobId": "eeb07648-ceaa-4ef9-9cc8-ac1118f43150", "keyword": "khai trương hcm", "step": "capture", "message": "Saved post_073.png (posinset=73)", "data": {"w": 1}, "seq": 26355}
{"ts": "2026-05-01T15:56:38.997646+00:00", "level": "INFO", "jobId": "eeb07648-ceaa-4ef9-9cc8-ac1118f43150", "keyword": "khai trương hcm", "step": "cooldown", "message": "Cooldown 1.0s (after capture)", "data": {"w": 1}, "seq": 26356}
{"ts": "2026-05-01T15:56:40.032133+00:00", "level": "INFO", "jobId": "eeb07648-ceaa-4ef9-9cc8-ac1118f43150", "keyword": "khai trương hcm", "step": "heartbeat", "message": "Worker alive", "data": {"w": 1, "elapsed_s": 307}, "seq": 26357}
{"ts": "2026-05-01T15:56:40.033619+00:00", "level": "INFO", "jobId": "eeb07648-ceaa-4ef9-9cc8-ac1118f43150", "keyword": "khai trương hcm", "step": "capture", "message": "Capturing posinset=74 (74/∞)…", "data": {"w": 1}, "seq": 26358}
{"ts": "2026-05-01T15:56:42.601809+00:00", "level": "INFO", "jobId": "eeb07648-ceaa-4ef9-9cc8-ac1118f43150", "keyword": "khai trương hcm", "step": "capture", "message": "Saved post_074.png (posinset=74)", "data": {"w": 1}, "seq": 26363}
{"ts": "2026-05-01T15:56:42.605047+00:00", "level": "INFO", "jobId": "eeb07648-ceaa-4ef9-9cc8-ac1118f43150", "keyword": "khai trương hcm", "step": "cooldown", "message": "Cooldown 1.0s (after capture)", "data": {"w": 1}, "seq": 26364}
{"ts": "2026-05-01T15:56:43.658456+00:00", "level": "INFO", "jobId": "eeb07648-ceaa-4ef9-9cc8-ac1118f43150", "keyword": "khai trương hcm", "step": "capture", "message": "Capturing posinset=75 (75/∞)…", "data": {"w": 1}, "seq": 26365}
{"ts": "2026-05-01T15:56:45.695196+00:00", "level": "INFO", "jobId": "eeb07648-ceaa-4ef9-9cc8-ac1118f43150", "keyword": "khai trương hcm", "step": "capture", "message": "Saved post_075.png (posinset=75)", "data": {"w": 1}, "seq": 26369}
{"ts": "2026-05-01T15:56:45.696685+00:00", "level": "INFO", "jobId": "eeb07648-ceaa-4ef9-9cc8-ac1118f43150", "keyword": "khai trương hcm", "step": "cooldown", "message": "Cooldown 1.0s (after capture)", "data": {"w": 1}, "seq": 26370}
{"ts": "2026-05-01T15:56:46.741067+00:00", "level": "INFO", "jobId": "eeb07648-ceaa-4ef9-9cc8-ac1118f43150", "keyword": "khai trương hcm", "step": "capture", "message": "Capturing posinset=76 (76/∞)…", "data": {"w": 1}, "seq": 26371}
{"ts": "2026-05-01T15:56:48.775160+00:00", "level": "INFO", "jobId": "eeb07648-ceaa-4ef9-9cc8-ac1118f43150", "keyword": "khai trương hcm", "step": "capture", "message": "Saved post_076.png (posinset=76)", "data": {"w": 1}, "seq": 26375}
{"ts": "2026-05-01T15:56:48.776684+00:00", "level": "INFO", "jobId": "eeb07648-ceaa-4ef9-9cc8-ac1118f43150", "keyword": "khai trương hcm", "step": "cooldown", "message": "Cooldown 1.0s (after capture)", "data": {"w": 1}, "seq": 26376}
{"ts": "2026-05-01T15:56:49.809310+00:00", "level": "INFO", "jobId": "eeb07648-ceaa-4ef9-9cc8-ac1118f43150", "keyword": "khai trương hcm", "step": "capture", "message": "Capturing posinset=77 (77/∞)…", "data": {"w": 1}, "seq": 26377}
{"ts": "2026-05-01T15:56:52.174632+00:00", "level": "INFO", "jobId": "eeb07648-ceaa-4ef9-9cc8-ac1118f43150", "keyword": "khai trương hcm", "step": "capture", "message": "Saved post_077.png (posinset=77)", "data": {"w": 1}, "seq": 26381}
{"ts": "2026-05-01T15:56:52.175660+00:00", "level": "INFO", "jobId": "eeb07648-ceaa-4ef9-9cc8-ac1118f43150", "keyword": "khai trương hcm", "step": "cooldown", "message": "Cooldown 1.0s (after capture)", "data": {"w": 1}, "seq": 26382}
{"ts": "2026-05-01T15:56:54.559863+00:00", "level": "INFO", "jobId": "eeb07648-ceaa-4ef9-9cc8-ac1118f43150", "keyword": "khai trương hcm", "step": "capture", "message": "Capturing posinset=78 (78/∞)…", "data": {"w": 1}, "seq": 26387}
{"ts": "2026-05-01T15:56:57.231388+00:00", "level": "INFO", "jobId": "eeb07648-ceaa-4ef9-9cc8-ac1118f43150", "keyword": "khai trương hcm", "step": "capture", "message": "Saved post_078.png (posinset=78)", "data": {"w": 1}, "seq": 26394}
{"ts": "2026-05-01T15:56:57.236402+00:00", "level": "INFO", "jobId": "eeb07648-ceaa-4ef9-9cc8-ac1118f43150", "keyword": "khai trương hcm", "step": "cooldown", "message": "Cooldown 1.0s (after capture)", "data": {"w": 1}, "seq": 26395}
{"ts": "2026-05-01T15:56:58.298054+00:00", "level": "INFO", "jobId": "eeb07648-ceaa-4ef9-9cc8-ac1118f43150", "keyword": "khai trương hcm", "step": "heartbeat", "message": "Worker alive", "data": {"w": 1, "elapsed_s": 325}, "seq": 26398}
{"ts": "2026-05-01T15:56:58.303829+00:00", "level": "INFO", "jobId": "eeb07648-ceaa-4ef9-9cc8-ac1118f43150", "keyword": "khai trương hcm", "step": "capture", "message": "Capturing posinset=79 (79/∞)…", "data": {"w": 1}, "seq": 26399}
{"ts": "2026-05-01T15:57:01.653388+00:00", "level": "INFO", "jobId": "eeb07648-ceaa-4ef9-9cc8-ac1118f43150", "keyword": "khai trương hcm", "step": "capture", "message": "Saved post_079.png (posinset=79)", "data": {"w": 1}, "seq": 26403}
{"ts": "2026-05-01T15:57:01.655387+00:00", "level": "INFO", "jobId": "eeb07648-ceaa-4ef9-9cc8-ac1118f43150", "keyword": "khai trương hcm", "step": "cooldown", "message": "Cooldown 1.0s (after capture)", "data": {"w": 1}, "seq": 26404}
{"ts": "2026-05-01T15:57:02.712748+00:00", "level": "INFO", "jobId": "eeb07648-ceaa-4ef9-9cc8-ac1118f43150", "keyword": "khai trương hcm", "step": "capture", "message": "Capturing posinset=80 (80/∞)…", "data": {"w": 1}, "seq": 26407}
{"ts": "2026-05-01T15:57:06.486583+00:00", "level": "INFO", "jobId": "eeb07648-ceaa-4ef9-9cc8-ac1118f43150", "keyword": "khai trương hcm", "step": "capture", "message": "Saved post_080.png (posinset=80)", "data": {"w": 1}, "seq": 26411}
{"ts": "2026-05-01T15:57:06.574572+00:00", "level": "INFO", "jobId": "eeb07648-ceaa-4ef9-9cc8-ac1118f43150", "keyword": "khai trương hcm", "step": "cooldown", "message": "Cooldown 1.0s (after capture)", "data": {"w": 1}, "seq": 26412}
{"ts": "2026-05-01T15:57:07.676558+00:00", "level": "INFO", "jobId": "eeb07648-ceaa-4ef9-9cc8-ac1118f43150", "keyword": "khai trương hcm", "step": "capture", "message": "Capturing posinset=81 (81/∞)…", "data": {"w": 1}, "seq": 26413}
{"ts": "2026-05-01T15:57:12.628579+00:00", "level": "INFO", "jobId": "eeb07648-ceaa-4ef9-9cc8-ac1118f43150", "keyword": "khai trương hcm", "step": "capture", "message": "Saved post_081.png (posinset=81)", "data": {"w": 1}, "seq": 26415}
{"ts": "2026-05-01T15:57:12.631580+00:00", "level": "INFO", "jobId": "eeb07648-ceaa-4ef9-9cc8-ac1118f43150", "keyword": "khai trương hcm", "step": "cooldown", "message": "Cooldown 1.0s (after capture)", "data": {"w": 1}, "seq": 26416}
{"ts": "2026-05-01T15:57:13.675988+00:00", "level": "INFO", "jobId": "eeb07648-ceaa-4ef9-9cc8-ac1118f43150", "keyword": "khai trương hcm", "step": "heartbeat", "message": "Worker alive", "data": {"w": 1, "elapsed_s": 340}, "seq": 26419}
{"ts": "2026-05-01T15:57:13.677129+00:00", "level": "INFO", "jobId": "eeb07648-ceaa-4ef9-9cc8-ac1118f43150", "keyword": "khai trương hcm", "step": "capture", "message": "Capturing posinset=82 (82/∞)…", "data": {"w": 1}, "seq": 26420}
{"ts": "2026-05-01T15:57:26.092513+00:00", "level": "INFO", "jobId": "eeb07648-ceaa-4ef9-9cc8-ac1118f43150", "keyword": "khai trương hcm", "step": "capture", "message": "Saved post_082.png (posinset=82)", "data": {"w": 1}, "seq": 26427}
{"ts": "2026-05-01T15:57:26.098214+00:00", "level": "INFO", "jobId": "eeb07648-ceaa-4ef9-9cc8-ac1118f43150", "keyword": "khai trương hcm", "step": "cooldown", "message": "Cooldown 1.0s (after capture)", "data": {"w": 1}, "seq": 26428}
{"ts": "2026-05-01T15:57:27.161607+00:00", "level": "INFO", "jobId": "eeb07648-ceaa-4ef9-9cc8-ac1118f43150", "keyword": "khai trương hcm", "step": "capture", "message": "Capturing posinset=83 (83/∞)…", "data": {"w": 1}, "seq": 26433}
{"ts": "2026-05-01T15:57:30.154875+00:00", "level": "INFO", "jobId": "eeb07648-ceaa-4ef9-9cc8-ac1118f43150", "keyword": "khai trương hcm", "step": "capture", "message": "Saved post_083.png (posinset=83)", "data": {"w": 1}, "seq": 26440}
{"ts": "2026-05-01T15:57:30.154875+00:00", "level": "INFO", "jobId": "eeb07648-ceaa-4ef9-9cc8-ac1118f43150", "keyword": "khai trương hcm", "step": "cooldown", "message": "Cooldown 1.0s (after capture)", "data": {"w": 1}, "seq": 26441}
{"ts": "2026-05-01T15:57:31.217586+00:00", "level": "INFO", "jobId": "eeb07648-ceaa-4ef9-9cc8-ac1118f43150", "keyword": "khai trương hcm", "step": "heartbeat", "message": "Worker alive", "data": {"w": 1, "elapsed_s": 358}, "seq": 26445}
{"ts": "2026-05-01T15:57:31.221586+00:00", "level": "INFO", "jobId": "eeb07648-ceaa-4ef9-9cc8-ac1118f43150", "keyword": "khai trương hcm", "step": "capture", "message": "Capturing posinset=84 (84/∞)…", "data": {"w": 1}, "seq": 26446}
{"ts": "2026-05-01T15:57:34.906308+00:00", "level": "INFO", "jobId": "eeb07648-ceaa-4ef9-9cc8-ac1118f43150", "keyword": "khai trương hcm", "step": "capture", "message": "Saved post_084.png (posinset=84)", "data": {"w": 1}, "seq": 26450}
{"ts": "2026-05-01T15:57:34.917818+00:00", "level": "INFO", "jobId": "eeb07648-ceaa-4ef9-9cc8-ac1118f43150", "keyword": "khai trương hcm", "step": "cooldown", "message": "Cooldown 1.0s (after capture)", "data": {"w": 1}, "seq": 26451}
{"ts": "2026-05-01T15:57:36.135450+00:00", "level": "INFO", "jobId": "eeb07648-ceaa-4ef9-9cc8-ac1118f43150", "keyword": "khai trương hcm", "step": "capture", "message": "Capturing posinset=85 (85/∞)…", "data": {"w": 1}, "seq": 26452}
{"ts": "2026-05-01T15:57:38.841701+00:00", "level": "INFO", "jobId": "eeb07648-ceaa-4ef9-9cc8-ac1118f43150", "keyword": "khai trương hcm", "step": "capture", "message": "Saved post_085.png (posinset=85)", "data": {"w": 1}, "seq": 26460}
{"ts": "2026-05-01T15:57:38.843563+00:00", "level": "INFO", "jobId": "eeb07648-ceaa-4ef9-9cc8-ac1118f43150", "keyword": "khai trương hcm", "step": "cooldown", "message": "Cooldown 1.0s (after capture)", "data": {"w": 1}, "seq": 26461}
{"ts": "2026-05-01T15:57:39.892614+00:00", "level": "INFO", "jobId": "eeb07648-ceaa-4ef9-9cc8-ac1118f43150", "keyword": "khai trương hcm", "step": "capture", "message": "Capturing posinset=86 (86/∞)…", "data": {"w": 1}, "seq": 26464}
{"ts": "2026-05-01T15:57:42.150018+00:00", "level": "INFO", "jobId": "eeb07648-ceaa-4ef9-9cc8-ac1118f43150", "keyword": "khai trương hcm", "step": "capture", "message": "Saved post_086.png (posinset=86)", "data": {"w": 1}, "seq": 26471}
{"ts": "2026-05-01T15:57:42.152035+00:00", "level": "INFO", "jobId": "eeb07648-ceaa-4ef9-9cc8-ac1118f43150", "keyword": "khai trương hcm", "step": "cooldown", "message": "Cooldown 1.0s (after capture)", "data": {"w": 1}, "seq": 26472}
{"ts": "2026-05-01T15:57:43.217574+00:00", "level": "INFO", "jobId": "eeb07648-ceaa-4ef9-9cc8-ac1118f43150", "keyword": "khai trương hcm", "step": "capture", "message": "Capturing posinset=87 (87/∞)…", "data": {"w": 1}, "seq": 26474}
{"ts": "2026-05-01T15:57:45.463757+00:00", "level": "INFO", "jobId": "eeb07648-ceaa-4ef9-9cc8-ac1118f43150", "keyword": "khai trương hcm", "step": "capture", "message": "Saved post_087.png (posinset=87)", "data": {"w": 1}, "seq": 26481}
{"ts": "2026-05-01T15:57:45.463757+00:00", "level": "INFO", "jobId": "eeb07648-ceaa-4ef9-9cc8-ac1118f43150", "keyword": "khai trương hcm", "step": "cooldown", "message": "Cooldown 1.0s (after capture)", "data": {"w": 1}, "seq": 26482}
{"ts": "2026-05-01T15:57:47.772626+00:00", "level": "INFO", "jobId": "eeb07648-ceaa-4ef9-9cc8-ac1118f43150", "keyword": "khai trương hcm", "step": "heartbeat", "message": "Worker alive", "data": {"w": 1, "elapsed_s": 374}, "seq": 26487}
{"ts": "2026-05-01T15:57:47.773625+00:00", "level": "INFO", "jobId": "eeb07648-ceaa-4ef9-9cc8-ac1118f43150", "keyword": "khai trương hcm", "step": "capture", "message": "Capturing posinset=88 (88/∞)…", "data": {"w": 1}, "seq": 26488}
{"ts": "2026-05-01T15:57:49.786751+00:00", "level": "INFO", "jobId": "eeb07648-ceaa-4ef9-9cc8-ac1118f43150", "keyword": "khai trương hcm", "step": "capture", "message": "Saved post_088.png (posinset=88)", "data": {"w": 1}, "seq": 26492}
{"ts": "2026-05-01T15:57:49.787752+00:00", "level": "INFO", "jobId": "eeb07648-ceaa-4ef9-9cc8-ac1118f43150", "keyword": "khai trương hcm", "step": "cooldown", "message": "Cooldown 1.0s (after capture)", "data": {"w": 1}, "seq": 26493}
{"ts": "2026-05-01T15:57:50.814317+00:00", "level": "INFO", "jobId": "eeb07648-ceaa-4ef9-9cc8-ac1118f43150", "keyword": "khai trương hcm", "step": "capture", "message": "Capturing posinset=89 (89/∞)…", "data": {"w": 1}, "seq": 26498}
{"ts": "2026-05-01T15:57:53.192723+00:00", "level": "INFO", "jobId": "eeb07648-ceaa-4ef9-9cc8-ac1118f43150", "keyword": "khai trương hcm", "step": "capture", "message": "Saved post_089.png (posinset=89)", "data": {"w": 1}, "seq": 26503}
{"ts": "2026-05-01T15:57:53.194753+00:00", "level": "INFO", "jobId": "eeb07648-ceaa-4ef9-9cc8-ac1118f43150", "keyword": "khai trương hcm", "step": "cooldown", "message": "Cooldown 1.0s (after capture)", "data": {"w": 1}, "seq": 26504}
{"ts": "2026-05-01T15:57:54.248732+00:00", "level": "INFO", "jobId": "eeb07648-ceaa-4ef9-9cc8-ac1118f43150", "keyword": "khai trương hcm", "step": "capture", "message": "Capturing posinset=90 (90/∞)…", "data": {"w": 1}, "seq": 26509}
{"ts": "2026-05-01T15:57:56.388203+00:00", "level": "INFO", "jobId": "eeb07648-ceaa-4ef9-9cc8-ac1118f43150", "keyword": "khai trương hcm", "step": "capture", "message": "Capturing posinset=90 (90/∞)…", "data": {"w": 1}, "seq": 26511}
{"ts": "2026-05-01T15:57:58.235882+00:00", "level": "INFO", "jobId": "eeb07648-ceaa-4ef9-9cc8-ac1118f43150", "keyword": "khai trương hcm", "step": "capture", "message": "Capturing posinset=90 (90/∞)…", "data": {"w": 1}, "seq": 26515}
{"ts": "2026-05-01T15:57:59.772983+00:00", "level": "INFO", "jobId": "eeb07648-ceaa-4ef9-9cc8-ac1118f43150", "keyword": "khai trương hcm", "step": "capture", "message": "Capturing posinset=90 (90/∞)…", "data": {"w": 1}, "seq": 26520}
{"ts": "2026-05-01T15:58:01.555580+00:00", "level": "INFO", "jobId": "eeb07648-ceaa-4ef9-9cc8-ac1118f43150", "keyword": "khai trương hcm", "step": "capture", "message": "Capturing posinset=90 (90/∞)…", "data": {"w": 1}, "seq": 26525}
{"ts": "2026-05-01T15:58:03.148353+00:00", "level": "INFO", "jobId": "eeb07648-ceaa-4ef9-9cc8-ac1118f43150", "keyword": "khai trương hcm", "step": "heartbeat", "message": "Worker alive", "data": {"w": 1, "elapsed_s": 390}, "seq": 26528}
{"ts": "2026-05-01T15:58:03.151634+00:00", "level": "INFO", "jobId": "eeb07648-ceaa-4ef9-9cc8-ac1118f43150", "keyword": "khai trương hcm", "step": "capture", "message": "Capturing posinset=90 (90/∞)…", "data": {"w": 1}, "seq": 26529}
{"ts": "2026-05-01T15:58:04.783430+00:00", "level": "INFO", "jobId": "eeb07648-ceaa-4ef9-9cc8-ac1118f43150", "keyword": "khai trương hcm", "step": "capture", "message": "Capturing posinset=90 (90/∞)…", "data": {"w": 1}, "seq": 26533}
{"ts": "2026-05-01T15:58:16.416672+00:00", "level": "INFO", "jobId": "eeb07648-ceaa-4ef9-9cc8-ac1118f43150", "keyword": "khai trương hcm", "step": "capture", "message": "Capturing posinset=90 (90/∞)…", "data": {"w": 1}, "seq": 26565}
{"ts": "2026-05-01T15:58:28.665291+00:00", "level": "INFO", "jobId": "eeb07648-ceaa-4ef9-9cc8-ac1118f43150", "keyword": "khai trương hcm", "step": "heartbeat", "message": "Worker alive", "data": {"w": 1, "elapsed_s": 415}, "seq": 26588}
{"ts": "2026-05-01T15:58:28.665291+00:00", "level": "INFO", "jobId": "eeb07648-ceaa-4ef9-9cc8-ac1118f43150", "keyword": "khai trương hcm", "step": "capture", "message": "Capturing posinset=90 (90/∞)…", "data": {"w": 1}, "seq": 26589}
{"ts": "2026-05-01T15:58:30.397108+00:00", "level": "INFO", "jobId": "eeb07648-ceaa-4ef9-9cc8-ac1118f43150", "keyword": "khai trương hcm", "step": "capture", "message": "Reached end of results (maxPos=89). Stopping capture loop.", "data": {"w": 1}, "seq": 26594}
{"ts": "2026-05-01T15:58:30.468394+00:00", "level": "INFO", "jobId": "eeb07648-ceaa-4ef9-9cc8-ac1118f43150", "keyword": "khai trương hcm", "step": "capture", "message": "Capture loop finished (unlimited). Saved=89", "data": {"w": 1}, "seq": 26595}
{"ts": "2026-05-01T15:58:30.470634+00:00", "level": "INFO", "jobId": "eeb07648-ceaa-4ef9-9cc8-ac1118f43150", "keyword": "khai trương hcm", "step": "done", "message": "Completed. Saved=89", "data": {"w": 1}, "seq": 26596}
