{"ts": "2026-05-01T09:52:16.215686+00:00", "level": "INFO", "jobId": "f174a5f7-d6a4-441b-8a46-8933e133c29c", "keyword": "khai trương hcm", "step": "created", "message": "Job created", "data": {"maxPosts": 8}, "seq": 15469}
{"ts": "2026-05-01T09:53:18.957501+00:00", "level": "INFO", "jobId": "f174a5f7-d6a4-441b-8a46-8933e133c29c", "keyword": "khai trương hcm", "step": "start", "message": "Job started (attempt 1/2)", "data": {"w": 0}, "seq": 15521}
{"ts": "2026-05-01T09:53:25.361256+00:00", "level": "INFO", "jobId": "f174a5f7-d6a4-441b-8a46-8933e133c29c", "keyword": "khai trương hcm", "step": "login", "message": "Already logged in (home).", "data": {"w": 0}, "seq": 15522}
{"ts": "2026-05-01T09:53:25.378758+00:00", "level": "INFO", "jobId": "f174a5f7-d6a4-441b-8a46-8933e133c29c", "keyword": "khai trương hcm", "step": "search", "message": "Searching keyword: \"khai trương hcm\"", "data": {"w": 0}, "seq": 15523}
{"ts": "2026-05-01T09:53:33.494562+00:00", "level": "INFO", "jobId": "f174a5f7-d6a4-441b-8a46-8933e133c29c", "keyword": "khai trương hcm", "step": "capture", "message": "Start capturing up to 8 posts.", "data": {"w": 0}, "seq": 15524}
{"ts": "2026-05-01T09:53:33.495564+00:00", "level": "INFO", "jobId": "f174a5f7-d6a4-441b-8a46-8933e133c29c", "keyword": "khai trương hcm", "step": "capture", "message": "Output folder: Lan 12 - 1653", "data": {"w": 0}, "seq": 15525}
{"ts": "2026-05-01T09:53:36.827903+00:00", "level": "INFO", "jobId": "f174a5f7-d6a4-441b-8a46-8933e133c29c", "keyword": "khai trương hcm", "step": "capture", "message": "Guard: forcing top before first capture (y=980, primary=0)", "data": {"w": 0}, "seq": 15526}
{"ts": "2026-05-01T09:53:38.710838+00:00", "level": "INFO", "jobId": "f174a5f7-d6a4-441b-8a46-8933e133c29c", "keyword": "khai trương hcm", "step": "capture", "message": "Capturing posinset=1 (1/8)…", "data": {"w": 0}, "seq": 15527}
{"ts": "2026-05-01T09:53:39.810711+00:00", "level": "INFO", "jobId": "f174a5f7-d6a4-441b-8a46-8933e133c29c", "keyword": "khai trương hcm", "step": "capture", "message": "Saved post_001.png (posinset=1)", "data": {"w": 0}, "seq": 15528}
{"ts": "2026-05-01T09:53:39.812979+00:00", "level": "INFO", "jobId": "f174a5f7-d6a4-441b-8a46-8933e133c29c", "keyword": "khai trương hcm", "step": "cooldown", "message": "Cooldown 1.0s (after capture)", "data": {"w": 0}, "seq": 15529}
{"ts": "2026-05-01T09:53:40.854009+00:00", "level": "INFO", "jobId": "f174a5f7-d6a4-441b-8a46-8933e133c29c", "keyword": "khai trương hcm", "step": "capture", "message": "Capturing posinset=2 (2/8)…", "data": {"w": 0}, "seq": 15530}
{"ts": "2026-05-01T09:53:41.537675+00:00", "level": "INFO", "jobId": "f174a5f7-d6a4-441b-8a46-8933e133c29c", "keyword": "khai trương hcm", "step": "capture", "message": "Saved post_002.png (posinset=2)", "data": {"w": 0}, "seq": 15531}
{"ts": "2026-05-01T09:53:41.538858+00:00", "level": "INFO", "jobId": "f174a5f7-d6a4-441b-8a46-8933e133c29c", "keyword": "khai trương hcm", "step": "cooldown", "message": "Cooldown 1.0s (after capture)", "data": {"w": 0}, "seq": 15532}
{"ts": "2026-05-01T09:53:42.553655+00:00", "level": "INFO", "jobId": "f174a5f7-d6a4-441b-8a46-8933e133c29c", "keyword": "khai trương hcm", "step": "capture", "message": "Capturing posinset=3 (3/8)…", "data": {"w": 0}, "seq": 15533}
{"ts": "2026-05-01T09:53:43.185204+00:00", "level": "INFO", "jobId": "f174a5f7-d6a4-441b-8a46-8933e133c29c", "keyword": "khai trương hcm", "step": "capture", "message": "Saved post_003.png (posinset=3)", "data": {"w": 0}, "seq": 15534}
{"ts": "2026-05-01T09:53:43.186249+00:00", "level": "INFO", "jobId": "f174a5f7-d6a4-441b-8a46-8933e133c29c", "keyword": "khai trương hcm", "step": "cooldown", "message": "Cooldown 1.0s (after capture)", "data": {"w": 0}, "seq": 15535}
{"ts": "2026-05-01T09:53:44.219327+00:00", "level": "INFO", "jobId": "f174a5f7-d6a4-441b-8a46-8933e133c29c", "keyword": "khai trương hcm", "step": "capture", "message": "Capturing posinset=4 (4/8)…", "data": {"w": 0}, "seq": 15536}
{"ts": "2026-05-01T09:53:44.985078+00:00", "level": "INFO", "jobId": "f174a5f7-d6a4-441b-8a46-8933e133c29c", "keyword": "khai trương hcm", "step": "capture", "message": "Saved post_004.png (posinset=4)", "data": {"w": 0}, "seq": 15537}
{"ts": "2026-05-01T09:53:44.986396+00:00", "level": "INFO", "jobId": "f174a5f7-d6a4-441b-8a46-8933e133c29c", "keyword": "khai trương hcm", "step": "cooldown", "message": "Cooldown 1.0s (after capture)", "data": {"w": 0}, "seq": 15538}
{"ts": "2026-05-01T09:53:46.032764+00:00", "level": "INFO", "jobId": "f174a5f7-d6a4-441b-8a46-8933e133c29c", "keyword": "khai trương hcm", "step": "capture", "message": "Capturing posinset=5 (5/8)…", "data": {"w": 0}, "seq": 15539}
{"ts": "2026-05-01T09:53:46.927547+00:00", "level": "INFO", "jobId": "f174a5f7-d6a4-441b-8a46-8933e133c29c", "keyword": "khai trương hcm", "step": "capture", "message": "Saved post_005.png (posinset=5)", "data": {"w": 0}, "seq": 15540}
{"ts": "2026-05-01T09:53:46.928546+00:00", "level": "INFO", "jobId": "f174a5f7-d6a4-441b-8a46-8933e133c29c", "keyword": "khai trương hcm", "step": "cooldown", "message": "Cooldown 1.0s (after capture)", "data": {"w": 0}, "seq": 15541}
{"ts": "2026-05-01T09:53:47.967598+00:00", "level": "INFO", "jobId": "f174a5f7-d6a4-441b-8a46-8933e133c29c", "keyword": "khai trương hcm", "step": "capture", "message": "Capturing posinset=6 (6/8)…", "data": {"w": 0}, "seq": 15542}
{"ts": "2026-05-01T09:53:48.711945+00:00", "level": "INFO", "jobId": "f174a5f7-d6a4-441b-8a46-8933e133c29c", "keyword": "khai trương hcm", "step": "capture", "message": "Saved post_006.png (posinset=6)", "data": {"w": 0}, "seq": 15543}
{"ts": "2026-05-01T09:53:48.713439+00:00", "level": "INFO", "jobId": "f174a5f7-d6a4-441b-8a46-8933e133c29c", "keyword": "khai trương hcm", "step": "cooldown", "message": "Cooldown 1.0s (after capture)", "data": {"w": 0}, "seq": 15544}
{"ts": "2026-05-01T09:53:49.735209+00:00", "level": "INFO", "jobId": "f174a5f7-d6a4-441b-8a46-8933e133c29c", "keyword": "khai trương hcm", "step": "heartbeat", "message": "Worker alive", "data": {"w": 0, "elapsed_s": 30}, "seq": 15545}
{"ts": "2026-05-01T09:53:49.736302+00:00", "level": "INFO", "jobId": "f174a5f7-d6a4-441b-8a46-8933e133c29c", "keyword": "khai trương hcm", "step": "capture", "message": "Capturing posinset=7 (7/8)…", "data": {"w": 0}, "seq": 15546}
{"ts": "2026-05-01T09:53:50.513121+00:00", "level": "INFO", "jobId": "f174a5f7-d6a4-441b-8a46-8933e133c29c", "keyword": "khai trương hcm", "step": "capture", "message": "Saved post_007.png (posinset=7)", "data": {"w": 0}, "seq": 15547}
{"ts": "2026-05-01T09:53:50.514439+00:00", "level": "INFO", "jobId": "f174a5f7-d6a4-441b-8a46-8933e133c29c", "keyword": "khai trương hcm", "step": "cooldown", "message": "Cooldown 1.0s (after capture)", "data": {"w": 0}, "seq": 15548}
{"ts": "2026-05-01T09:53:51.534455+00:00", "level": "INFO", "jobId": "f174a5f7-d6a4-441b-8a46-8933e133c29c", "keyword": "khai trương hcm", "step": "capture", "message": "Capturing posinset=8 (8/8)…", "data": {"w": 0}, "seq": 15549}
{"ts": "2026-05-01T09:53:52.507766+00:00", "level": "INFO", "jobId": "f174a5f7-d6a4-441b-8a46-8933e133c29c", "keyword": "khai trương hcm", "step": "capture", "message": "Saved post_008.png (posinset=8)", "data": {"w": 0}, "seq": 15550}
{"ts": "2026-05-01T09:53:52.509903+00:00", "level": "INFO", "jobId": "f174a5f7-d6a4-441b-8a46-8933e133c29c", "keyword": "khai trương hcm", "step": "cooldown", "message": "Cooldown 1.0s (after capture)", "data": {"w": 0}, "seq": 15551}
{"ts": "2026-05-01T09:53:53.641598+00:00", "level": "INFO", "jobId": "f174a5f7-d6a4-441b-8a46-8933e133c29c", "keyword": "khai trương hcm", "step": "done", "message": "Completed. Saved=8", "data": {"w": 0}, "seq": 15552}
