{"ts": "2026-05-01T14:10:54.944937+00:00", "level": "INFO", "jobId": "f3fe5edc-8661-4e81-baf7-52a47a198fab", "keyword": "khai trương hcm", "step": "created", "message": "Job created", "data": {"maxPosts": "unlimited"}, "seq": 18481}
{"ts": "2026-05-01T14:21:17.393492+00:00", "level": "INFO", "jobId": "f3fe5edc-8661-4e81-baf7-52a47a198fab", "keyword": "khai trương hcm", "step": "start", "message": "Job started (attempt 1/2)", "data": {"w": 0}, "seq": 19104}
{"ts": "2026-05-01T14:21:20.209949+00:00", "level": "INFO", "jobId": "f3fe5edc-8661-4e81-baf7-52a47a198fab", "keyword": "khai trương hcm", "step": "login", "message": "Already logged in (home).", "data": {"w": 0}, "seq": 19105}
{"ts": "2026-05-01T14:21:20.211351+00:00", "level": "INFO", "jobId": "f3fe5edc-8661-4e81-baf7-52a47a198fab", "keyword": "khai trương hcm", "step": "search", "message": "Searching keyword: \"khai trương hcm\"", "data": {"w": 0}, "seq": 19106}
{"ts": "2026-05-01T14:21:23.889390+00:00", "level": "INFO", "jobId": "f3fe5edc-8661-4e81-baf7-52a47a198fab", "keyword": "khai trương hcm", "step": "capture", "message": "Start capturing all posts until end of results.", "data": {"w": 0}, "seq": 19107}
{"ts": "2026-05-01T14:21:23.890434+00:00", "level": "INFO", "jobId": "f3fe5edc-8661-4e81-baf7-52a47a198fab", "keyword": "khai trương hcm", "step": "capture", "message": "Output folder: Lan 1 - 2121", "data": {"w": 0}, "seq": 19108}
{"ts": "2026-05-01T14:21:29.101675+00:00", "level": "INFO", "jobId": "f3fe5edc-8661-4e81-baf7-52a47a198fab", "keyword": "khai trương hcm", "step": "capture", "message": "Guard: forcing top before first capture (y=2286, primary=0)", "data": {"w": 0}, "seq": 19109}
{"ts": "2026-05-01T14:21:29.286173+00:00", "level": "INFO", "jobId": "f3fe5edc-8661-4e81-baf7-52a47a198fab", "keyword": "khai trương hcm", "step": "capture", "message": "Capturing posinset=1 (1/∞)…", "data": {"w": 0}, "seq": 19110}
{"ts": "2026-05-01T14:21:32.182434+00:00", "level": "INFO", "jobId": "f3fe5edc-8661-4e81-baf7-52a47a198fab", "keyword": "khai trương hcm", "step": "capture", "message": "Saved post_001.png (posinset=1)", "data": {"w": 0}, "seq": 19111}
{"ts": "2026-05-01T14:21:32.182434+00:00", "level": "INFO", "jobId": "f3fe5edc-8661-4e81-baf7-52a47a198fab", "keyword": "khai trương hcm", "step": "cooldown", "message": "Cooldown 1.0s (after capture)", "data": {"w": 0}, "seq": 19112}
{"ts": "2026-05-01T14:21:33.197083+00:00", "level": "INFO", "jobId": "f3fe5edc-8661-4e81-baf7-52a47a198fab", "keyword": "khai trương hcm", "step": "capture", "message": "Capturing posinset=2 (2/∞)…", "data": {"w": 0}, "seq": 19113}
{"ts": "2026-05-01T14:21:34.303115+00:00", "level": "INFO", "jobId": "f3fe5edc-8661-4e81-baf7-52a47a198fab", "keyword": "khai trương hcm", "step": "capture", "message": "Saved post_002.png (posinset=2)", "data": {"w": 0}, "seq": 19114}
{"ts": "2026-05-01T14:21:34.305455+00:00", "level": "INFO", "jobId": "f3fe5edc-8661-4e81-baf7-52a47a198fab", "keyword": "khai trương hcm", "step": "cooldown", "message": "Cooldown 1.0s (after capture)", "data": {"w": 0}, "seq": 19115}
{"ts": "2026-05-01T14:21:35.511740+00:00", "level": "INFO", "jobId": "f3fe5edc-8661-4e81-baf7-52a47a198fab", "keyword": "khai trương hcm", "step": "capture", "message": "Capturing posinset=3 (3/∞)…", "data": {"w": 0}, "seq": 19116}
{"ts": "2026-05-01T14:21:36.869329+00:00", "level": "INFO", "jobId": "f3fe5edc-8661-4e81-baf7-52a47a198fab", "keyword": "khai trương hcm", "step": "capture", "message": "Saved post_003.png (posinset=3)", "data": {"w": 0}, "seq": 19117}
{"ts": "2026-05-01T14:21:36.869329+00:00", "level": "INFO", "jobId": "f3fe5edc-8661-4e81-baf7-52a47a198fab", "keyword": "khai trương hcm", "step": "cooldown", "message": "Cooldown 1.0s (after capture)", "data": {"w": 0}, "seq": 19118}
{"ts": "2026-05-01T14:21:37.880204+00:00", "level": "INFO", "jobId": "f3fe5edc-8661-4e81-baf7-52a47a198fab", "keyword": "khai trương hcm", "step": "capture", "message": "Capturing posinset=4 (4/∞)…", "data": {"w": 0}, "seq": 19119}
{"ts": "2026-05-01T14:21:39.204794+00:00", "level": "INFO", "jobId": "f3fe5edc-8661-4e81-baf7-52a47a198fab", "keyword": "khai trương hcm", "step": "capture", "message": "Saved post_004.png (posinset=4)", "data": {"w": 0}, "seq": 19120}
{"ts": "2026-05-01T14:21:39.204794+00:00", "level": "INFO", "jobId": "f3fe5edc-8661-4e81-baf7-52a47a198fab", "keyword": "khai trương hcm", "step": "cooldown", "message": "Cooldown 1.0s (after capture)", "data": {"w": 0}, "seq": 19121}
{"ts": "2026-05-01T14:21:40.219310+00:00", "level": "INFO", "jobId": "f3fe5edc-8661-4e81-baf7-52a47a198fab", "keyword": "khai trương hcm", "step": "capture", "message": "Capturing posinset=5 (5/∞)…", "data": {"w": 0}, "seq": 19122}
{"ts": "2026-05-01T14:21:41.612245+00:00", "level": "INFO", "jobId": "f3fe5edc-8661-4e81-baf7-52a47a198fab", "keyword": "khai trương hcm", "step": "capture", "message": "Saved post_005.png (posinset=5)", "data": {"w": 0}, "seq": 19123}
{"ts": "2026-05-01T14:21:41.612245+00:00", "level": "INFO", "jobId": "f3fe5edc-8661-4e81-baf7-52a47a198fab", "keyword": "khai trương hcm", "step": "cooldown", "message": "Cooldown 1.0s (after capture)", "data": {"w": 0}, "seq": 19124}
{"ts": "2026-05-01T14:21:42.729795+00:00", "level": "WARN", "jobId": "f3fe5edc-8661-4e81-baf7-52a47a198fab", "keyword": "khai trương hcm", "step": "relaunch", "message": "Browser/page closed unexpectedly. Will relaunch + retry. (Page.evaluate: Target page, context or browser has been closed)", "data": {"w": 0}, "seq": 19125}
{"ts": "2026-05-01T14:21:45.169942+00:00", "level": "WARN", "jobId": "f3fe5edc-8661-4e81-baf7-52a47a198fab", "keyword": "khai trương hcm", "step": "retry", "message": "Reset job to pending for retry (closed target).", "data": {"w": 0}, "seq": 19126}
{"ts": "2026-05-01T14:21:45.172228+00:00", "level": "INFO", "jobId": "f3fe5edc-8661-4e81-baf7-52a47a198fab", "keyword": "khai trương hcm", "step": "start", "message": "Job started (attempt 2/2)", "data": {"w": 0}, "seq": 19127}
{"ts": "2026-05-01T14:21:47.061480+00:00", "level": "WARN", "jobId": "f3fe5edc-8661-4e81-baf7-52a47a198fab", "keyword": "khai trương hcm", "step": "relaunch", "message": "Closed target detected. Will relaunch + retry. (BrowserContext.new_page: Connection closed while reading from the driver)", "data": {"w": 0}, "seq": 19128}
